#
# A fatal error has been detected by the Java Runtime Environment:
#
#  EXCEPTION_ACCESS_VIOLATION (0xc0000005) at pc=0x00007ffb69da63b0, pid=9320, tid=8260
#
# JRE version: OpenJDK Runtime Environment (11.0.15) (build 11.0.15+0-b2043.56-9505619)
# Java VM: OpenJDK 64-Bit Server VM (11.0.15+0-b2043.56-9505619, mixed mode, tiered, compressed oops, g1 gc, windows-amd64)
# Problematic frame:
# C  [native-platform-file-events.dll+0x463b0]
#
# No core dump will be written. Minidumps are not enabled by default on client versions of Windows
#
# If you would like to submit a bug report, please visit:
#   https://bugreport.java.com/bugreport/crash.jsp
# The crash happened outside the Java Virtual Machine in native code.
# See problematic frame for where to report the bug.
#

---------------  S U M M A R Y ------------

Command Line: --add-opens=java.base/java.util=ALL-UNNAMED --add-opens=java.base/java.lang=ALL-UNNAMED --add-opens=java.base/java.lang.invoke=ALL-UNNAMED --add-opens=java.base/java.util=ALL-UNNAMED --add-opens=java.prefs/java.util.prefs=ALL-UNNAMED --add-opens=java.prefs/java.util.prefs=ALL-UNNAMED --add-opens=java.base/java.nio.charset=ALL-UNNAMED --add-opens=java.base/java.net=ALL-UNNAMED --add-opens=java.base/java.util.concurrent.atomic=ALL-UNNAMED -Xmx2048m -Dfile.encoding=UTF-8 -Duser.country=US -Duser.language=en -Duser.variant org.gradle.launcher.daemon.bootstrap.GradleDaemon 7.5

Host: Intel(R) Pentium(R) Gold G6400 CPU @ 4.00GHz, 4 cores, 15G,  Windows 10 , 64 bit Build 19041 (10.0.19041.804)
Time: Mon Mar 27 08:26:52 2023 SE Asia Standard Time elapsed time: 20.030264 seconds (0d 0h 0m 20s)

---------------  T H R E A D  ---------------

Current thread (0x0000023463d42000):  JavaThread "File watcher server" daemon [_thread_in_native, id=8260, stack(0x0000005e40000000,0x0000005e40100000)]

Stack: [0x0000005e40000000,0x0000005e40100000],  sp=0x0000005e400fe540,  free space=1017k
Native frames: (J=compiled Java code, j=interpreted, Vv=VM code, C=native code)
C  [native-platform-file-events.dll+0x463b0]

Java frames: (J=compiled Java code, j=interpreted, Vv=VM code)
j  net.rubygrapefruit.platform.internal.jni.AbstractFileEventFunctions$NativeFileWatcher.executeRunLoop0(Ljava/lang/Object;)V+0
j  net.rubygrapefruit.platform.internal.jni.AbstractFileEventFunctions$NativeFileWatcher.access$100(Lnet/rubygrapefruit/platform/internal/jni/AbstractFileEventFunctions$NativeFileWatcher;Ljava/lang/Object;)V+2
j  net.rubygrapefruit.platform.internal.jni.AbstractFileEventFunctions$NativeFileWatcher$1.run()V+26
v  ~StubRoutines::call_stub

siginfo: EXCEPTION_ACCESS_VIOLATION (0xc0000005), reading address 0x000000016e6fab18


Register to memory mapping:

RIP=0x00007ffb69da63b0 native-platform-file-events.dll
RAX=0x000000016e6fab18 is an unknown value
RBX=0x0 is NULL
RCX=0x0000005e43dfa598 is pointing into the stack for thread: 0x000002346b662800
RDX=0x0 is NULL
RSP=0x0000005e400fe540 is pointing into the stack for thread: 0x0000023463d42000
RBP=0x0000005e400fef08 is pointing into the stack for thread: 0x0000023463d42000
RSI=0x0000005e43dfa590 is pointing into the stack for thread: 0x000002346b662800
RDI=0x0000005e43dfa550 is pointing into the stack for thread: 0x000002346b662800
R8 =0x00000234457c6780 points into unknown readable memory: 0x00000234457c0d20 | 20 0d 7c 45 34 02 00 00
R9 =0x0000000000000001 is an unknown value
R10=0x0000000000008000 is an unknown value
R11=0x0000005e400fe1f0 is pointing into the stack for thread: 0x0000023463d42000
R12=0x0 is NULL
R13={method} {0x0000023467021288} 'executeRunLoop0' '(Ljava/lang/Object;)V' in 'net/rubygrapefruit/platform/internal/jni/AbstractFileEventFunctions$NativeFileWatcher'
R14=0x0 is NULL
R15=0x0000023463d42000 is a thread


Registers:
RAX=0x000000016e6fab18, RBX=0x0000000000000000, RCX=0x0000005e43dfa598, RDX=0x0000000000000000
RSP=0x0000005e400fe540, RBP=0x0000005e400fef08, RSI=0x0000005e43dfa590, RDI=0x0000005e43dfa550
R8 =0x00000234457c6780, R9 =0x0000000000000001, R10=0x0000000000008000, R11=0x0000005e400fe1f0
R12=0x0000000000000000, R13=0x0000023467021280, R14=0x0000000000000000, R15=0x0000023463d42000
RIP=0x00007ffb69da63b0, EFLAGS=0x0000000000010212

Top of Stack: (sp=0x0000005e400fe540)
0x0000005e400fe540:   0000000000000000 000002344b34fa7a
0x0000005e400fe550:   00000234618e5990 00007ffb69d83133
0x0000005e400fe560:   000002346b6e7338 000000008e180970
0x0000005e400fe570:   0000aebfe7662838 00007ffb69d8da83
0x0000005e400fe580:   0000005e400fef30 0000005e43dfa550
0x0000005e400fe590:   00007ffb69d7f150 00007ffb69d9709b
0x0000005e400fe5a0:   0000005e43dfa590 0000000080322988
0x0000005e400fe5b0:   0000000000000000 00007ffb69d8bfae
0x0000005e400fe5c0:   000002346b6e7330 00007ffb69d892a6
0x0000005e400fe5d0:   0000005e43dfa590 0000000000000000
0x0000005e400fe5e0:   000002346b6e7330 00007ffb69d657b3
0x0000005e400fe5f0:   0000000000000000 00007ffb69d964c2
0x0000005e400fe600:   0000005e400fe640 0000005e43dfa590
0x0000005e400fe610:   0000023461574a20 0000000000000000
0x0000005e400fe620:   0000000080800f01 000002346148fd50
0x0000005e400fe630:   0000000000000000 0000005e400fe678 

Instructions: (pc=0x00007ffb69da63b0)
0x00007ffb69da62b0:   7d 0b 00 48 89 01 48 83 c1 08 48 83 c4 28 48 ff
0x00007ffb69da62c0:   25 b3 7d 0f 00 48 8d 05 54 7d 0b 00 45 33 c0 48
0x00007ffb69da62d0:   89 01 ba a0 0f 00 00 48 83 c1 08 48 83 c4 28 48
0x00007ffb69da62e0:   ff 25 ba 7d 0f 00 e8 40 c3 fb ff cc cc cc cc cc
0x00007ffb69da62f0:   cc cc cc cc cc cc cc cc cc cc cc cc cc cc cc cc
0x00007ffb69da6300:   cc cc cc cc cc cc cc cc 48 83 c1 08 48 ff 25 9d
0x00007ffb69da6310:   7d 0f 00 cc cc cc cc cc c2 00 00 cc 48 83 c1 08
0x00007ffb69da6320:   48 ff 25 69 7d 0f 00 cc cc cc cc cc 48 83 c1 08
0x00007ffb69da6330:   48 ff 25 51 7d 0f 00 cc cc cc cc cc 48 89 5c 24
0x00007ffb69da6340:   18 56 57 41 56 48 83 ec 40 48 8b 05 f8 3e 0e 00
0x00007ffb69da6350:   48 33 c4 48 89 44 24 30 8b 01 4c 8b f2 0f ba f0
0x00007ffb69da6360:   08 48 8b f1 83 f8 01 75 2c ff 15 d1 7c 0f 00 39
0x00007ffb69da6370:   46 48 74 19 48 8d 4e 08 48 8b 01 48 8b 00 ff 15
0x00007ffb69da6380:   9c 9c 0f 00 ff 15 b6 7c 0f 00 89 46 48 ff 46 4c
0x00007ffb69da6390:   e9 f3 00 00 00 4d 85 f6 75 24 ff 15 a0 7c 0f 00
0x00007ffb69da63a0:   39 46 48 0f 84 9d 00 00 00 48 8d 4e 08 48 8b 01
0x00007ffb69da63b0:   48 8b 00 ff 15 67 9c 0f 00 e9 88 00 00 00 48 83
0x00007ffb69da63c0:   3a 00 7c 62 75 06 83 7a 08 00 7e 5a ba 01 00 00
0x00007ffb69da63d0:   00 48 8d 4c 24 20 e8 e0 e1 fb ff 48 8b 44 24 20
0x00007ffb69da63e0:   49 3b 06 7c 0c 75 7d 41 8b 46 08 39 44 24 28 7d
0x00007ffb69da63f0:   73 ff 15 49 7c 0f 00 39 46 48 74 4a 48 8b 46 08
0x00007ffb69da6400:   48 8d 54 24 20 49 8b ce 48 8b 58 10 e8 ef ec fb
0x00007ffb69da6410:   ff 8b d0 48 8d 4e 08 48 8b c3 ff 15 00 9c 0f 00
0x00007ffb69da6420:   84 c0 75 22 eb a6 ff 15 14 7c 0f 00 39 46 48 74
0x00007ffb69da6430:   15 48 8d 4e 08 48 8b 01 48 8b 40 08 ff 15 de 9b
0x00007ffb69da6440:   0f 00 84 c0 74 1e 8b 4e 4c 8d 41 01 89 46 4c 83
0x00007ffb69da6450:   f8 01 7e 2b f7 06 00 01 00 00 75 2c 89 4e 4c 4d
0x00007ffb69da6460:   85 f6 74 14 49 83 3e 00 75 07 41 83 7e 08 00 74
0x00007ffb69da6470:   07 b8 02 00 00 00 eb 12 b8 03 00 00 00 eb 0b ff
0x00007ffb69da6480:   15 bb 7b 0f 00 89 46 48 33 c0 48 8b 4c 24 30 48
0x00007ffb69da6490:   33 cc e8 47 d7 fb ff 48 8b 5c 24 70 48 83 c4 40
0x00007ffb69da64a0:   41 5e 5f 5e c3 cc cc cc cc cc cc cc cc cc cc cc 


Stack slot to memory mapping:
stack at sp + 0 slots: 0x0 is NULL
stack at sp + 1 slots: 0x000002344b34fa7a is at code_begin+2458 in an Interpreter codelet
method entry point (kind = native)  [0x000002344b34f0e0, 0x000002344b34fb60]  2688 bytes
stack at sp + 2 slots: {method} {0x00000234618e5998} 'findEntry' '(Ljava/lang/String;)J' in 'java/lang/ClassLoader$NativeLibrary'
stack at sp + 3 slots: 0x00007ffb69d83133 native-platform-file-events.dll
stack at sp + 4 slots: 0x000002346b6e7338 points into unknown readable memory: 0x000002346b65cc40 | 40 cc 65 6b 34 02 00 00
stack at sp + 5 slots: 0x000000008e180970 is pointing into object: java.util.HashMap 
{0x000000008e180960} - klass: 'java/util/HashMap'
stack at sp + 6 slots: 0x0000aebfe7662838 is an unknown value
stack at sp + 7 slots: 0x00007ffb69d8da83 native-platform-file-events.dll


---------------  P R O C E S S  ---------------

Threads class SMR info:
_java_thread_list=0x0000023468d361d0, length=85, elements={
0x0000023447826800, 0x0000023461ccb800, 0x0000023461cd9000, 0x0000023461d26800,
0x0000023461d27000, 0x0000023461d28000, 0x0000023461d2f800, 0x0000023461d38800,
0x0000023461d42000, 0x0000023461e9f000, 0x0000023463d79000, 0x0000023462fbe000,
0x000002346343d000, 0x0000023463e4e800, 0x0000023463dd5000, 0x00000234641ed800,
0x0000023463623800, 0x0000023464109000, 0x00000234642a7800, 0x00000234630e0800,
0x0000023463d43800, 0x0000023463d40000, 0x0000023463d41000, 0x0000023463d42000,
0x0000023463d44000, 0x0000023463d3e800, 0x0000023463d45000, 0x0000023463d3f800,
0x000002346766e800, 0x0000023467670000, 0x000002346766f000, 0x0000023467675000,
0x0000023467671000, 0x0000023467677800, 0x0000023467671800, 0x0000023467675800,
0x0000023467672800, 0x000002346767a000, 0x0000023467679000, 0x0000023467674000,
0x000002346767a800, 0x000002346767b800, 0x000002346767c800, 0x0000023467678000,
0x000002346767d000, 0x0000023467435000, 0x0000023467431800, 0x0000023467432800,
0x0000023467431000, 0x000002346742f000, 0x0000023467433800, 0x0000023467436000,
0x0000023467434000, 0x0000023467430000, 0x000002346743c800, 0x000002346743a000,
0x0000023467439000, 0x0000023467438000, 0x000002346743a800, 0x000002346743b800,
0x0000023467436800, 0x000002346743d000, 0x0000023467437800, 0x000002346743e000,
0x000002346595c800, 0x000002346595e000, 0x000002346595f000, 0x0000023465960000,
0x0000023465961800, 0x000002346595d800, 0x000002346595c000, 0x0000023465965800,
0x0000023465960800, 0x0000023465968000, 0x0000023465965000, 0x0000023465966800,
0x0000023465967000, 0x0000023465962800, 0x0000023465969000, 0x0000023465963000,
0x0000023465969800, 0x0000023465964000, 0x000002346596a800, 0x000002346b662800,
0x000002346b65d800
}

Java Threads: ( => current thread )
  0x0000023447826800 JavaThread "main" [_thread_blocked, id=11564, stack(0x0000005e3db00000,0x0000005e3dc00000)]
  0x0000023461ccb800 JavaThread "Reference Handler" daemon [_thread_blocked, id=11428, stack(0x0000005e3e500000,0x0000005e3e600000)]
  0x0000023461cd9000 JavaThread "Finalizer" daemon [_thread_blocked, id=2344, stack(0x0000005e3e600000,0x0000005e3e700000)]
  0x0000023461d26800 JavaThread "Signal Dispatcher" daemon [_thread_blocked, id=9900, stack(0x0000005e3e700000,0x0000005e3e800000)]
  0x0000023461d27000 JavaThread "Attach Listener" daemon [_thread_blocked, id=9028, stack(0x0000005e3e800000,0x0000005e3e900000)]
  0x0000023461d28000 JavaThread "Service Thread" daemon [_thread_blocked, id=9504, stack(0x0000005e3e900000,0x0000005e3ea00000)]
  0x0000023461d2f800 JavaThread "C2 CompilerThread0" daemon [_thread_blocked, id=9208, stack(0x0000005e3ea00000,0x0000005e3eb00000)]
  0x0000023461d38800 JavaThread "C1 CompilerThread0" daemon [_thread_blocked, id=6836, stack(0x0000005e3eb00000,0x0000005e3ec00000)]
  0x0000023461d42000 JavaThread "Sweeper thread" daemon [_thread_blocked, id=5220, stack(0x0000005e3ec00000,0x0000005e3ed00000)]
  0x0000023461e9f000 JavaThread "Common-Cleaner" daemon [_thread_blocked, id=10176, stack(0x0000005e3ed00000,0x0000005e3ee00000)]
  0x0000023463d79000 JavaThread "Daemon health stats" [_thread_blocked, id=9108, stack(0x0000005e3f300000,0x0000005e3f400000)]
  0x0000023462fbe000 JavaThread "Incoming local TCP Connector on port 59650" [_thread_in_native, id=284, stack(0x0000005e3f400000,0x0000005e3f500000)]
  0x000002346343d000 JavaThread "Daemon periodic checks" [_thread_blocked, id=6568, stack(0x0000005e3f500000,0x0000005e3f600000)]
  0x0000023463e4e800 JavaThread "Daemon" [_thread_blocked, id=6824, stack(0x0000005e3f600000,0x0000005e3f700000)]
  0x0000023463dd5000 JavaThread "Handler for socket connection from /127.0.0.1:59650 to /127.0.0.1:59651" [_thread_in_native, id=2016, stack(0x0000005e3f700000,0x0000005e3f800000)]
  0x00000234641ed800 JavaThread "Cancel handler" [_thread_blocked, id=10444, stack(0x0000005e3f800000,0x0000005e3f900000)]
  0x0000023463623800 JavaThread "Daemon worker" [_thread_blocked, id=6988, stack(0x0000005e3f900000,0x0000005e3fa00000)]
  0x0000023464109000 JavaThread "Asynchronous log dispatcher for DefaultDaemonConnection: socket connection from /127.0.0.1:59650 to /127.0.0.1:59651" [_thread_blocked, id=9180, stack(0x0000005e3fa00000,0x0000005e3fb00000)]
  0x00000234642a7800 JavaThread "Stdin handler" [_thread_blocked, id=9636, stack(0x0000005e3fb00000,0x0000005e3fc00000)]
  0x00000234630e0800 JavaThread "Daemon client event forwarder" [_thread_blocked, id=10388, stack(0x0000005e3fc00000,0x0000005e3fd00000)]
  0x0000023463d43800 JavaThread "Cache worker for journal cache (C:\Users\it_04\.gradle\caches\journal-1)" [_thread_blocked, id=10964, stack(0x0000005e3fd00000,0x0000005e3fe00000)]
  0x0000023463d40000 JavaThread "File lock request listener" [_thread_in_native, id=12284, stack(0x0000005e3fe00000,0x0000005e3ff00000)]
  0x0000023463d41000 JavaThread "Cache worker for file hash cache (C:\Users\it_04\.gradle\caches\7.5\fileHashes)" [_thread_blocked, id=8804, stack(0x0000005e3ff00000,0x0000005e40000000)]
=>0x0000023463d42000 JavaThread "File watcher server" daemon [_thread_in_native, id=8260, stack(0x0000005e40000000,0x0000005e40100000)]
  0x0000023463d44000 JavaThread "Cache worker for checksums cache (D:\SourceAndroid\KyThuat\.gradle\7.5\checksums)" [_thread_blocked, id=1404, stack(0x0000005e40200000,0x0000005e40300000)]
  0x0000023463d3e800 JavaThread "Cache worker for cache directory md-rule (C:\Users\it_04\.gradle\caches\7.5\md-rule)" [_thread_blocked, id=9284, stack(0x0000005e40300000,0x0000005e40400000)]
  0x0000023463d45000 JavaThread "Cache worker for file content cache (C:\Users\it_04\.gradle\caches\7.5\fileContent)" [_thread_blocked, id=9856, stack(0x0000005e40400000,0x0000005e40500000)]
  0x0000023463d3f800 JavaThread "Cache worker for file hash cache (D:\SourceAndroid\KyThuat\.gradle\7.5\fileHashes)" [_thread_blocked, id=8960, stack(0x0000005e40500000,0x0000005e40600000)]
  0x000002346766e800 JavaThread "Cache worker for cache directory md-supplier (C:\Users\it_04\.gradle\caches\7.5\md-supplier)" [_thread_blocked, id=4000, stack(0x0000005e40600000,0x0000005e40700000)]
  0x0000023467670000 JavaThread "Cache worker for execution history cache (C:\Users\it_04\.gradle\caches\7.5\executionHistory)" [_thread_blocked, id=10308, stack(0x0000005e40700000,0x0000005e40800000)]
  0x000002346766f000 JavaThread "jar transforms" [_thread_blocked, id=2624, stack(0x0000005e40800000,0x0000005e40900000)]
  0x0000023467675000 JavaThread "jar transforms Thread 2" [_thread_blocked, id=2000, stack(0x0000005e40900000,0x0000005e40a00000)]
  0x0000023467671000 JavaThread "jar transforms Thread 3" [_thread_blocked, id=4788, stack(0x0000005e40a00000,0x0000005e40b00000)]
  0x0000023467677800 JavaThread "jar transforms Thread 4" [_thread_blocked, id=2764, stack(0x0000005e40b00000,0x0000005e40c00000)]
  0x0000023467671800 JavaThread "Cache worker for dependencies-accessors (D:\SourceAndroid\KyThuat\.gradle\7.5\dependencies-accessors)" [_thread_blocked, id=8812, stack(0x0000005e40c00000,0x0000005e40d00000)]
  0x0000023467675800 JavaThread "Cache worker for Build Output Cleanup Cache (D:\SourceAndroid\KyThuat\.gradle\buildOutputCleanup)" [_thread_blocked, id=224, stack(0x0000005e40d00000,0x0000005e40e00000)]
  0x0000023467672800 JavaThread "Unconstrained build operations" [_thread_blocked, id=9648, stack(0x0000005e40e00000,0x0000005e40f00000)]
  0x000002346767a000 JavaThread "Unconstrained build operations Thread 2" [_thread_blocked, id=6148, stack(0x0000005e40f00000,0x0000005e41000000)]
  0x0000023467679000 JavaThread "Unconstrained build operations Thread 3" [_thread_blocked, id=8136, stack(0x0000005e41000000,0x0000005e41100000)]
  0x0000023467674000 JavaThread "Unconstrained build operations Thread 4" [_thread_blocked, id=10560, stack(0x0000005e41100000,0x0000005e41200000)]
  0x000002346767a800 JavaThread "Unconstrained build operations Thread 5" [_thread_blocked, id=10104, stack(0x0000005e41200000,0x0000005e41300000)]
  0x000002346767b800 JavaThread "Unconstrained build operations Thread 6" [_thread_blocked, id=1120, stack(0x0000005e41300000,0x0000005e41400000)]
  0x000002346767c800 JavaThread "Unconstrained build operations Thread 7" [_thread_blocked, id=1544, stack(0x0000005e41400000,0x0000005e41500000)]
  0x0000023467678000 JavaThread "Unconstrained build operations Thread 8" [_thread_blocked, id=10436, stack(0x0000005e41500000,0x0000005e41600000)]
  0x000002346767d000 JavaThread "Unconstrained build operations Thread 9" [_thread_blocked, id=8036, stack(0x0000005e41600000,0x0000005e41700000)]
  0x0000023467435000 JavaThread "Unconstrained build operations Thread 10" [_thread_blocked, id=6984, stack(0x0000005e41700000,0x0000005e41800000)]
  0x0000023467431800 JavaThread "Unconstrained build operations Thread 11" [_thread_blocked, id=11908, stack(0x0000005e41800000,0x0000005e41900000)]
  0x0000023467432800 JavaThread "Unconstrained build operations Thread 12" [_thread_blocked, id=8468, stack(0x0000005e41900000,0x0000005e41a00000)]
  0x0000023467431000 JavaThread "Unconstrained build operations Thread 13" [_thread_blocked, id=2304, stack(0x0000005e41a00000,0x0000005e41b00000)]
  0x000002346742f000 JavaThread "Unconstrained build operations Thread 14" [_thread_blocked, id=7124, stack(0x0000005e41b00000,0x0000005e41c00000)]
  0x0000023467433800 JavaThread "Unconstrained build operations Thread 15" [_thread_blocked, id=9704, stack(0x0000005e41c00000,0x0000005e41d00000)]
  0x0000023467436000 JavaThread "Unconstrained build operations Thread 16" [_thread_blocked, id=2608, stack(0x0000005e41d00000,0x0000005e41e00000)]
  0x0000023467434000 JavaThread "Unconstrained build operations Thread 17" [_thread_blocked, id=12088, stack(0x0000005e41e00000,0x0000005e41f00000)]
  0x0000023467430000 JavaThread "Unconstrained build operations Thread 18" [_thread_blocked, id=8896, stack(0x0000005e41f00000,0x0000005e42000000)]
  0x000002346743c800 JavaThread "Unconstrained build operations Thread 19" [_thread_blocked, id=7556, stack(0x0000005e42000000,0x0000005e42100000)]
  0x000002346743a000 JavaThread "Unconstrained build operations Thread 20" [_thread_blocked, id=10652, stack(0x0000005e42100000,0x0000005e42200000)]
  0x0000023467439000 JavaThread "Unconstrained build operations Thread 21" [_thread_blocked, id=7820, stack(0x0000005e42200000,0x0000005e42300000)]
  0x0000023467438000 JavaThread "Unconstrained build operations Thread 22" [_thread_blocked, id=3412, stack(0x0000005e42300000,0x0000005e42400000)]
  0x000002346743a800 JavaThread "Unconstrained build operations Thread 23" [_thread_blocked, id=5992, stack(0x0000005e42400000,0x0000005e42500000)]
  0x000002346743b800 JavaThread "Unconstrained build operations Thread 24" [_thread_blocked, id=1184, stack(0x0000005e42500000,0x0000005e42600000)]
  0x0000023467436800 JavaThread "Unconstrained build operations Thread 25" [_thread_blocked, id=9088, stack(0x0000005e42600000,0x0000005e42700000)]
  0x000002346743d000 JavaThread "Unconstrained build operations Thread 26" [_thread_blocked, id=5028, stack(0x0000005e42700000,0x0000005e42800000)]
  0x0000023467437800 JavaThread "Unconstrained build operations Thread 27" [_thread_blocked, id=11924, stack(0x0000005e42800000,0x0000005e42900000)]
  0x000002346743e000 JavaThread "Unconstrained build operations Thread 28" [_thread_blocked, id=7064, stack(0x0000005e42900000,0x0000005e42a00000)]
  0x000002346595c800 JavaThread "Unconstrained build operations Thread 29" [_thread_blocked, id=3012, stack(0x0000005e42a00000,0x0000005e42b00000)]
  0x000002346595e000 JavaThread "Unconstrained build operations Thread 30" [_thread_blocked, id=9092, stack(0x0000005e42b00000,0x0000005e42c00000)]
  0x000002346595f000 JavaThread "Unconstrained build operations Thread 31" [_thread_blocked, id=5180, stack(0x0000005e42c00000,0x0000005e42d00000)]
  0x0000023465960000 JavaThread "Unconstrained build operations Thread 32" [_thread_blocked, id=8844, stack(0x0000005e42d00000,0x0000005e42e00000)]
  0x0000023465961800 JavaThread "Unconstrained build operations Thread 33" [_thread_blocked, id=11192, stack(0x0000005e42e00000,0x0000005e42f00000)]
  0x000002346595d800 JavaThread "Unconstrained build operations Thread 34" [_thread_blocked, id=9844, stack(0x0000005e42f00000,0x0000005e43000000)]
  0x000002346595c000 JavaThread "Unconstrained build operations Thread 35" [_thread_blocked, id=11148, stack(0x0000005e43000000,0x0000005e43100000)]
  0x0000023465965800 JavaThread "Unconstrained build operations Thread 36" [_thread_blocked, id=10860, stack(0x0000005e43100000,0x0000005e43200000)]
  0x0000023465960800 JavaThread "Unconstrained build operations Thread 37" [_thread_blocked, id=1844, stack(0x0000005e43200000,0x0000005e43300000)]
  0x0000023465968000 JavaThread "Unconstrained build operations Thread 38" [_thread_blocked, id=8084, stack(0x0000005e43300000,0x0000005e43400000)]
  0x0000023465965000 JavaThread "Unconstrained build operations Thread 39" [_thread_blocked, id=10972, stack(0x0000005e43400000,0x0000005e43500000)]
  0x0000023465966800 JavaThread "Unconstrained build operations Thread 40" [_thread_blocked, id=9824, stack(0x0000005e43500000,0x0000005e43600000)]
  0x0000023465967000 JavaThread "Memory manager" [_thread_blocked, id=6436, stack(0x0000005e43600000,0x0000005e43700000)]
  0x0000023465962800 JavaThread "build event listener" [_thread_blocked, id=11780, stack(0x0000005e43700000,0x0000005e43800000)]
  0x0000023465969000 JavaThread "pool-3-thread-1" [_thread_blocked, id=2568, stack(0x0000005e43800000,0x0000005e43900000)]
  0x0000023465963000 JavaThread "build event listener" [_thread_blocked, id=4064, stack(0x0000005e43900000,0x0000005e43a00000)]
  0x0000023465969800 JavaThread "included builds" [_thread_blocked, id=2428, stack(0x0000005e43a00000,0x0000005e43b00000)]
  0x0000023465964000 JavaThread "Execution worker" [_thread_blocked, id=7036, stack(0x0000005e43b00000,0x0000005e43c00000)]
  0x000002346596a800 JavaThread "Execution worker Thread 2" [_thread_blocked, id=9980, stack(0x0000005e43c00000,0x0000005e43d00000)]
  0x000002346b662800 JavaThread "Execution worker Thread 3" [_thread_in_vm, id=8004, stack(0x0000005e43d00000,0x0000005e43e00000)]
  0x000002346b65d800 JavaThread "Cache worker for execution history cache (D:\SourceAndroid\KyThuat\.gradle\7.5\executionHistory)" [_thread_blocked, id=6792, stack(0x0000005e43e00000,0x0000005e43f00000)]

Other Threads:
  0x0000023461cca000 VMThread "VM Thread" [stack: 0x0000005e3e400000,0x0000005e3e500000] [id=9292]
  0x0000023461ed1800 WatcherThread [stack: 0x0000005e3ee00000,0x0000005e3ef00000] [id=8580]
  0x000002344787c000 GCTaskThread "GC Thread#0" [stack: 0x0000005e3df00000,0x0000005e3e000000] [id=5916]
  0x00000234629b3000 GCTaskThread "GC Thread#1" [stack: 0x0000005e3f000000,0x0000005e3f100000] [id=5712]
  0x000002346223a800 GCTaskThread "GC Thread#2" [stack: 0x0000005e3f100000,0x0000005e3f200000] [id=8508]
  0x00000234629a0800 GCTaskThread "GC Thread#3" [stack: 0x0000005e3f200000,0x0000005e3f300000] [id=6884]
  0x000002344789d800 ConcurrentGCThread "G1 Main Marker" [stack: 0x0000005e3e000000,0x0000005e3e100000] [id=9068]
  0x000002344789f800 ConcurrentGCThread "G1 Conc#0" [stack: 0x0000005e3e100000,0x0000005e3e200000] [id=9004]
  0x000002346130a000 ConcurrentGCThread "G1 Refine#0" [stack: 0x0000005e3e200000,0x0000005e3e300000] [id=9744]
  0x000002346130b000 ConcurrentGCThread "G1 Young RemSet Sampling" [stack: 0x0000005e3e300000,0x0000005e3e400000] [id=11680]

Threads with active compile tasks:

VM state:not at safepoint (normal execution)

VM Mutex/Monitor currently owned by a thread: None

Heap address: 0x0000000080000000, size: 2048 MB, Compressed Oops mode: 32-bit
Narrow klass base: 0x0000000000000000, Narrow klass shift: 3
Compressed class space size: 1073741824 Address: 0x0000000100000000

Heap:
 garbage-first heap   total 312320K, used 211456K [0x0000000080000000, 0x0000000100000000)
  region size 1024K, 154 young (157696K), 8 survivors (8192K)
 Metaspace       used 85677K, capacity 87923K, committed 88308K, reserved 1126400K
  class space    used 11092K, capacity 11874K, committed 12004K, reserved 1048576K
Heap Regions: E=young(eden), S=young(survivor), O=old, HS=humongous(starts), HC=humongous(continues), CS=collection set, F=free, A=archive, TAMS=top-at-mark-start (previous, next)
|   0|0x0000000080000000, 0x0000000080100000, 0x0000000080100000|100%|HS|  |TAMS 0x0000000080100000, 0x0000000080000000| Complete 
|   1|0x0000000080100000, 0x0000000080200000, 0x0000000080200000|100%|HC|  |TAMS 0x0000000080200000, 0x0000000080100000| Complete 
|   2|0x0000000080200000, 0x0000000080300000, 0x0000000080300000|100%|HC|  |TAMS 0x0000000080300000, 0x0000000080200000| Complete 
|   3|0x0000000080300000, 0x0000000080400000, 0x0000000080400000|100%| O|  |TAMS 0x0000000080400000, 0x0000000080300000| Untracked 
|   4|0x0000000080400000, 0x0000000080500000, 0x0000000080500000|100%| O|  |TAMS 0x0000000080500000, 0x0000000080400000| Untracked 
|   5|0x0000000080500000, 0x0000000080600000, 0x0000000080600000|100%| O|  |TAMS 0x0000000080600000, 0x0000000080500000| Untracked 
|   6|0x0000000080600000, 0x0000000080700000, 0x0000000080700000|100%| O|  |TAMS 0x0000000080700000, 0x0000000080600000| Untracked 
|   7|0x0000000080700000, 0x0000000080800000, 0x0000000080800000|100%| O|  |TAMS 0x0000000080800000, 0x0000000080700000| Untracked 
|   8|0x0000000080800000, 0x0000000080900000, 0x0000000080900000|100%| O|  |TAMS 0x0000000080900000, 0x0000000080800000| Untracked 
|   9|0x0000000080900000, 0x0000000080a00000, 0x0000000080a00000|100%| O|  |TAMS 0x0000000080a00000, 0x0000000080900000| Untracked 
|  10|0x0000000080a00000, 0x0000000080b00000, 0x0000000080b00000|100%| O|  |TAMS 0x0000000080b00000, 0x0000000080a00000| Untracked 
|  11|0x0000000080b00000, 0x0000000080c00000, 0x0000000080c00000|100%| O|  |TAMS 0x0000000080c00000, 0x0000000080b00000| Untracked 
|  12|0x0000000080c00000, 0x0000000080d00000, 0x0000000080d00000|100%| O|  |TAMS 0x0000000080d00000, 0x0000000080c00000| Untracked 
|  13|0x0000000080d00000, 0x0000000080e00000, 0x0000000080e00000|100%| O|  |TAMS 0x0000000080e00000, 0x0000000080d00000| Untracked 
|  14|0x0000000080e00000, 0x0000000080f00000, 0x0000000080f00000|100%| O|  |TAMS 0x0000000080f00000, 0x0000000080e00000| Untracked 
|  15|0x0000000080f00000, 0x0000000081000000, 0x0000000081000000|100%| O|  |TAMS 0x0000000081000000, 0x0000000080f00000| Untracked 
|  16|0x0000000081000000, 0x0000000081100000, 0x0000000081100000|100%| O|  |TAMS 0x0000000081100000, 0x0000000081000000| Untracked 
|  17|0x0000000081100000, 0x0000000081200000, 0x0000000081200000|100%|HS|  |TAMS 0x0000000081200000, 0x0000000081100000| Complete 
|  18|0x0000000081200000, 0x0000000081300000, 0x0000000081300000|100%|HS|  |TAMS 0x0000000081300000, 0x0000000081200000| Complete 
|  19|0x0000000081300000, 0x0000000081400000, 0x0000000081400000|100%| O|  |TAMS 0x0000000081400000, 0x0000000081300000| Untracked 
|  20|0x0000000081400000, 0x0000000081500000, 0x0000000081500000|100%|HS|  |TAMS 0x0000000081500000, 0x0000000081400000| Complete 
|  21|0x0000000081500000, 0x0000000081600000, 0x0000000081600000|100%|HC|  |TAMS 0x0000000081600000, 0x0000000081500000| Complete 
|  22|0x0000000081600000, 0x0000000081700000, 0x0000000081700000|100%| O|  |TAMS 0x0000000081700000, 0x0000000081600000| Untracked 
|  23|0x0000000081700000, 0x0000000081800000, 0x0000000081800000|100%| O|  |TAMS 0x0000000081800000, 0x0000000081700000| Untracked 
|  24|0x0000000081800000, 0x0000000081900000, 0x0000000081900000|100%| O|  |TAMS 0x0000000081900000, 0x0000000081800000| Untracked 
|  25|0x0000000081900000, 0x0000000081a00000, 0x0000000081a00000|100%| O|  |TAMS 0x0000000081a00000, 0x0000000081900000| Untracked 
|  26|0x0000000081a00000, 0x0000000081b00000, 0x0000000081b00000|100%| O|  |TAMS 0x0000000081b00000, 0x0000000081a00000| Untracked 
|  27|0x0000000081b00000, 0x0000000081c00000, 0x0000000081c00000|100%| O|  |TAMS 0x0000000081c00000, 0x0000000081b00000| Untracked 
|  28|0x0000000081c00000, 0x0000000081d00000, 0x0000000081d00000|100%| O|  |TAMS 0x0000000081d00000, 0x0000000081c00000| Untracked 
|  29|0x0000000081d00000, 0x0000000081e00000, 0x0000000081e00000|100%| O|  |TAMS 0x0000000081e00000, 0x0000000081d00000| Untracked 
|  30|0x0000000081e00000, 0x0000000081f00000, 0x0000000081f00000|100%| O|  |TAMS 0x0000000081f00000, 0x0000000081e00000| Untracked 
|  31|0x0000000081f00000, 0x0000000082000000, 0x0000000082000000|100%| O|  |TAMS 0x0000000082000000, 0x0000000081f00000| Untracked 
|  32|0x0000000082000000, 0x0000000082100000, 0x0000000082100000|100%| O|  |TAMS 0x0000000082100000, 0x0000000082000000| Untracked 
|  33|0x0000000082100000, 0x0000000082200000, 0x0000000082200000|100%| O|  |TAMS 0x0000000082200000, 0x0000000082100000| Untracked 
|  34|0x0000000082200000, 0x0000000082300000, 0x0000000082300000|100%| O|  |TAMS 0x0000000082300000, 0x0000000082200000| Untracked 
|  35|0x0000000082300000, 0x0000000082400000, 0x0000000082400000|100%| O|  |TAMS 0x0000000082400000, 0x0000000082300000| Untracked 
|  36|0x0000000082400000, 0x0000000082500000, 0x0000000082500000|100%| O|  |TAMS 0x0000000082500000, 0x0000000082400000| Untracked 
|  37|0x0000000082500000, 0x0000000082600000, 0x0000000082600000|100%| O|  |TAMS 0x0000000082600000, 0x0000000082500000| Untracked 
|  38|0x0000000082600000, 0x0000000082700000, 0x0000000082700000|100%| O|  |TAMS 0x0000000082700000, 0x0000000082600000| Untracked 
|  39|0x0000000082700000, 0x0000000082800000, 0x0000000082800000|100%| O|  |TAMS 0x0000000082800000, 0x0000000082700000| Untracked 
|  40|0x0000000082800000, 0x0000000082900000, 0x0000000082900000|100%| O|  |TAMS 0x0000000082900000, 0x0000000082800000| Untracked 
|  41|0x0000000082900000, 0x0000000082a00000, 0x0000000082a00000|100%| O|  |TAMS 0x0000000082a00000, 0x0000000082900000| Untracked 
|  42|0x0000000082a00000, 0x0000000082b00000, 0x0000000082b00000|100%| O|  |TAMS 0x0000000082b00000, 0x0000000082a00000| Untracked 
|  43|0x0000000082b00000, 0x0000000082c00000, 0x0000000082c00000|100%| O|  |TAMS 0x0000000082c00000, 0x0000000082b00000| Untracked 
|  44|0x0000000082c00000, 0x0000000082d00000, 0x0000000082d00000|100%| O|  |TAMS 0x0000000082d00000, 0x0000000082c00000| Untracked 
|  45|0x0000000082d00000, 0x0000000082e00000, 0x0000000082e00000|100%| O|  |TAMS 0x0000000082e00000, 0x0000000082d00000| Untracked 
|  46|0x0000000082e00000, 0x0000000082f00000, 0x0000000082f00000|100%| O|  |TAMS 0x0000000082f00000, 0x0000000082e00000| Untracked 
|  47|0x0000000082f00000, 0x0000000083000000, 0x0000000083000000|100%| O|  |TAMS 0x0000000083000000, 0x0000000082f00000| Untracked 
|  48|0x0000000083000000, 0x0000000083100000, 0x0000000083100000|100%| O|  |TAMS 0x0000000083100000, 0x0000000083000000| Untracked 
|  49|0x0000000083100000, 0x0000000083200000, 0x0000000083200000|100%| O|  |TAMS 0x0000000083200000, 0x0000000083100000| Untracked 
|  50|0x0000000083200000, 0x0000000083300000, 0x0000000083300000|100%| O|  |TAMS 0x0000000083300000, 0x0000000083200000| Untracked 
|  51|0x0000000083300000, 0x0000000083400000, 0x0000000083400000|100%| O|  |TAMS 0x0000000083400000, 0x0000000083300000| Untracked 
|  52|0x0000000083400000, 0x0000000083500000, 0x0000000083500000|100%| O|  |TAMS 0x0000000083500000, 0x0000000083400000| Untracked 
|  53|0x0000000083500000, 0x0000000083600000, 0x0000000083600000|100%| O|  |TAMS 0x0000000083600000, 0x0000000083500000| Untracked 
|  54|0x0000000083600000, 0x0000000083700000, 0x0000000083700000|100%| O|  |TAMS 0x0000000083700000, 0x0000000083600000| Untracked 
|  55|0x0000000083700000, 0x0000000083700000, 0x0000000083800000|  0%| F|  |TAMS 0x0000000083700000, 0x0000000083700000| Untracked 
|  56|0x0000000083800000, 0x0000000083800000, 0x0000000083900000|  0%| F|  |TAMS 0x0000000083800000, 0x0000000083800000| Untracked 
|  57|0x0000000083900000, 0x0000000083900000, 0x0000000083a00000|  0%| F|  |TAMS 0x0000000083900000, 0x0000000083900000| Untracked 
|  58|0x0000000083a00000, 0x0000000083a00000, 0x0000000083b00000|  0%| F|  |TAMS 0x0000000083a00000, 0x0000000083a00000| Untracked 
|  59|0x0000000083b00000, 0x0000000083b00000, 0x0000000083c00000|  0%| F|  |TAMS 0x0000000083b00000, 0x0000000083b00000| Untracked 
|  60|0x0000000083c00000, 0x0000000083c00000, 0x0000000083d00000|  0%| F|  |TAMS 0x0000000083c00000, 0x0000000083c00000| Untracked 
|  61|0x0000000083d00000, 0x0000000083d00000, 0x0000000083e00000|  0%| F|  |TAMS 0x0000000083d00000, 0x0000000083d00000| Untracked 
|  62|0x0000000083e00000, 0x0000000083e00000, 0x0000000083f00000|  0%| F|  |TAMS 0x0000000083e00000, 0x0000000083e00000| Untracked 
|  63|0x0000000083f00000, 0x0000000083f00000, 0x0000000084000000|  0%| F|  |TAMS 0x0000000083f00000, 0x0000000083f00000| Untracked 
|  64|0x0000000084000000, 0x0000000084000000, 0x0000000084100000|  0%| F|  |TAMS 0x0000000084000000, 0x0000000084000000| Untracked 
|  65|0x0000000084100000, 0x0000000084100000, 0x0000000084200000|  0%| F|  |TAMS 0x0000000084100000, 0x0000000084100000| Untracked 
|  66|0x0000000084200000, 0x0000000084200000, 0x0000000084300000|  0%| F|  |TAMS 0x0000000084200000, 0x0000000084200000| Untracked 
|  67|0x0000000084300000, 0x0000000084300000, 0x0000000084400000|  0%| F|  |TAMS 0x0000000084300000, 0x0000000084300000| Untracked 
|  68|0x0000000084400000, 0x0000000084400000, 0x0000000084500000|  0%| F|  |TAMS 0x0000000084400000, 0x0000000084400000| Untracked 
|  69|0x0000000084500000, 0x0000000084500000, 0x0000000084600000|  0%| F|  |TAMS 0x0000000084500000, 0x0000000084500000| Untracked 
|  70|0x0000000084600000, 0x0000000084600000, 0x0000000084700000|  0%| F|  |TAMS 0x0000000084600000, 0x0000000084600000| Untracked 
|  71|0x0000000084700000, 0x0000000084700000, 0x0000000084800000|  0%| F|  |TAMS 0x0000000084700000, 0x0000000084700000| Untracked 
|  72|0x0000000084800000, 0x0000000084800000, 0x0000000084900000|  0%| F|  |TAMS 0x0000000084800000, 0x0000000084800000| Untracked 
|  73|0x0000000084900000, 0x0000000084900000, 0x0000000084a00000|  0%| F|  |TAMS 0x0000000084900000, 0x0000000084900000| Untracked 
|  74|0x0000000084a00000, 0x0000000084a00000, 0x0000000084b00000|  0%| F|  |TAMS 0x0000000084a00000, 0x0000000084a00000| Untracked 
|  75|0x0000000084b00000, 0x0000000084b00000, 0x0000000084c00000|  0%| F|  |TAMS 0x0000000084b00000, 0x0000000084b00000| Untracked 
|  76|0x0000000084c00000, 0x0000000084c00000, 0x0000000084d00000|  0%| F|  |TAMS 0x0000000084c00000, 0x0000000084c00000| Untracked 
|  77|0x0000000084d00000, 0x0000000084d00000, 0x0000000084e00000|  0%| F|  |TAMS 0x0000000084d00000, 0x0000000084d00000| Untracked 
|  78|0x0000000084e00000, 0x0000000084e00000, 0x0000000084f00000|  0%| F|  |TAMS 0x0000000084e00000, 0x0000000084e00000| Untracked 
|  79|0x0000000084f00000, 0x0000000084f00000, 0x0000000085000000|  0%| F|  |TAMS 0x0000000084f00000, 0x0000000084f00000| Untracked 
|  80|0x0000000085000000, 0x0000000085000000, 0x0000000085100000|  0%| F|  |TAMS 0x0000000085000000, 0x0000000085000000| Untracked 
|  81|0x0000000085100000, 0x0000000085100000, 0x0000000085200000|  0%| F|  |TAMS 0x0000000085100000, 0x0000000085100000| Untracked 
|  82|0x0000000085200000, 0x0000000085200000, 0x0000000085300000|  0%| F|  |TAMS 0x0000000085200000, 0x0000000085200000| Untracked 
|  83|0x0000000085300000, 0x0000000085300000, 0x0000000085400000|  0%| F|  |TAMS 0x0000000085300000, 0x0000000085300000| Untracked 
|  84|0x0000000085400000, 0x0000000085400000, 0x0000000085500000|  0%| F|  |TAMS 0x0000000085400000, 0x0000000085400000| Untracked 
|  85|0x0000000085500000, 0x0000000085500000, 0x0000000085600000|  0%| F|  |TAMS 0x0000000085500000, 0x0000000085500000| Untracked 
|  86|0x0000000085600000, 0x0000000085600000, 0x0000000085700000|  0%| F|  |TAMS 0x0000000085600000, 0x0000000085600000| Untracked 
|  87|0x0000000085700000, 0x0000000085700000, 0x0000000085800000|  0%| F|  |TAMS 0x0000000085700000, 0x0000000085700000| Untracked 
|  88|0x0000000085800000, 0x0000000085800000, 0x0000000085900000|  0%| F|  |TAMS 0x0000000085800000, 0x0000000085800000| Untracked 
|  89|0x0000000085900000, 0x0000000085900000, 0x0000000085a00000|  0%| F|  |TAMS 0x0000000085900000, 0x0000000085900000| Untracked 
|  90|0x0000000085a00000, 0x0000000085a00000, 0x0000000085b00000|  0%| F|  |TAMS 0x0000000085a00000, 0x0000000085a00000| Untracked 
|  91|0x0000000085b00000, 0x0000000085b00000, 0x0000000085c00000|  0%| F|  |TAMS 0x0000000085b00000, 0x0000000085b00000| Untracked 
|  92|0x0000000085c00000, 0x0000000085c00000, 0x0000000085d00000|  0%| F|  |TAMS 0x0000000085c00000, 0x0000000085c00000| Untracked 
|  93|0x0000000085d00000, 0x0000000085d00000, 0x0000000085e00000|  0%| F|  |TAMS 0x0000000085d00000, 0x0000000085d00000| Untracked 
|  94|0x0000000085e00000, 0x0000000085e00000, 0x0000000085f00000|  0%| F|  |TAMS 0x0000000085e00000, 0x0000000085e00000| Untracked 
|  95|0x0000000085f00000, 0x0000000085f00000, 0x0000000086000000|  0%| F|  |TAMS 0x0000000085f00000, 0x0000000085f00000| Untracked 
|  96|0x0000000086000000, 0x0000000086000000, 0x0000000086100000|  0%| F|  |TAMS 0x0000000086000000, 0x0000000086000000| Untracked 
|  97|0x0000000086100000, 0x0000000086100000, 0x0000000086200000|  0%| F|  |TAMS 0x0000000086100000, 0x0000000086100000| Untracked 
|  98|0x0000000086200000, 0x0000000086200000, 0x0000000086300000|  0%| F|  |TAMS 0x0000000086200000, 0x0000000086200000| Untracked 
|  99|0x0000000086300000, 0x0000000086300000, 0x0000000086400000|  0%| F|  |TAMS 0x0000000086300000, 0x0000000086300000| Untracked 
| 100|0x0000000086400000, 0x0000000086400000, 0x0000000086500000|  0%| F|  |TAMS 0x0000000086400000, 0x0000000086400000| Untracked 
| 101|0x0000000086500000, 0x0000000086500000, 0x0000000086600000|  0%| F|  |TAMS 0x0000000086500000, 0x0000000086500000| Untracked 
| 102|0x0000000086600000, 0x0000000086600000, 0x0000000086700000|  0%| F|  |TAMS 0x0000000086600000, 0x0000000086600000| Untracked 
| 103|0x0000000086700000, 0x0000000086700000, 0x0000000086800000|  0%| F|  |TAMS 0x0000000086700000, 0x0000000086700000| Untracked 
| 104|0x0000000086800000, 0x0000000086800000, 0x0000000086900000|  0%| F|  |TAMS 0x0000000086800000, 0x0000000086800000| Untracked 
| 105|0x0000000086900000, 0x0000000086900000, 0x0000000086a00000|  0%| F|  |TAMS 0x0000000086900000, 0x0000000086900000| Untracked 
| 106|0x0000000086a00000, 0x0000000086a00000, 0x0000000086b00000|  0%| F|  |TAMS 0x0000000086a00000, 0x0000000086a00000| Untracked 
| 107|0x0000000086b00000, 0x0000000086b00000, 0x0000000086c00000|  0%| F|  |TAMS 0x0000000086b00000, 0x0000000086b00000| Untracked 
| 108|0x0000000086c00000, 0x0000000086c00000, 0x0000000086d00000|  0%| F|  |TAMS 0x0000000086c00000, 0x0000000086c00000| Untracked 
| 109|0x0000000086d00000, 0x0000000086d00000, 0x0000000086e00000|  0%| F|  |TAMS 0x0000000086d00000, 0x0000000086d00000| Untracked 
| 110|0x0000000086e00000, 0x0000000086e00000, 0x0000000086f00000|  0%| F|  |TAMS 0x0000000086e00000, 0x0000000086e00000| Untracked 
| 111|0x0000000086f00000, 0x0000000086f00000, 0x0000000087000000|  0%| F|  |TAMS 0x0000000086f00000, 0x0000000086f00000| Untracked 
| 112|0x0000000087000000, 0x0000000087000000, 0x0000000087100000|  0%| F|  |TAMS 0x0000000087000000, 0x0000000087000000| Untracked 
| 113|0x0000000087100000, 0x0000000087100000, 0x0000000087200000|  0%| F|  |TAMS 0x0000000087100000, 0x0000000087100000| Untracked 
| 114|0x0000000087200000, 0x0000000087200000, 0x0000000087300000|  0%| F|  |TAMS 0x0000000087200000, 0x0000000087200000| Untracked 
| 115|0x0000000087300000, 0x0000000087300000, 0x0000000087400000|  0%| F|  |TAMS 0x0000000087300000, 0x0000000087300000| Untracked 
| 116|0x0000000087400000, 0x0000000087400000, 0x0000000087500000|  0%| F|  |TAMS 0x0000000087400000, 0x0000000087400000| Untracked 
| 117|0x0000000087500000, 0x0000000087500000, 0x0000000087600000|  0%| F|  |TAMS 0x0000000087500000, 0x0000000087500000| Untracked 
| 118|0x0000000087600000, 0x0000000087600000, 0x0000000087700000|  0%| F|  |TAMS 0x0000000087600000, 0x0000000087600000| Untracked 
| 119|0x0000000087700000, 0x0000000087700000, 0x0000000087800000|  0%| F|  |TAMS 0x0000000087700000, 0x0000000087700000| Untracked 
| 120|0x0000000087800000, 0x0000000087800000, 0x0000000087900000|  0%| F|  |TAMS 0x0000000087800000, 0x0000000087800000| Untracked 
| 121|0x0000000087900000, 0x0000000087900000, 0x0000000087a00000|  0%| F|  |TAMS 0x0000000087900000, 0x0000000087900000| Untracked 
| 122|0x0000000087a00000, 0x0000000087a00000, 0x0000000087b00000|  0%| F|  |TAMS 0x0000000087a00000, 0x0000000087a00000| Untracked 
| 123|0x0000000087b00000, 0x0000000087b00000, 0x0000000087c00000|  0%| F|  |TAMS 0x0000000087b00000, 0x0000000087b00000| Untracked 
| 124|0x0000000087c00000, 0x0000000087c00000, 0x0000000087d00000|  0%| F|  |TAMS 0x0000000087c00000, 0x0000000087c00000| Untracked 
| 125|0x0000000087d00000, 0x0000000087d00000, 0x0000000087e00000|  0%| F|  |TAMS 0x0000000087d00000, 0x0000000087d00000| Untracked 
| 126|0x0000000087e00000, 0x0000000087e00000, 0x0000000087f00000|  0%| F|  |TAMS 0x0000000087e00000, 0x0000000087e00000| Untracked 
| 127|0x0000000087f00000, 0x0000000087f00000, 0x0000000088000000|  0%| F|  |TAMS 0x0000000087f00000, 0x0000000087f00000| Untracked 
| 128|0x0000000088000000, 0x0000000088000000, 0x0000000088100000|  0%| F|  |TAMS 0x0000000088000000, 0x0000000088000000| Untracked 
| 129|0x0000000088100000, 0x0000000088100000, 0x0000000088200000|  0%| F|  |TAMS 0x0000000088100000, 0x0000000088100000| Untracked 
| 130|0x0000000088200000, 0x0000000088200000, 0x0000000088300000|  0%| F|  |TAMS 0x0000000088200000, 0x0000000088200000| Untracked 
| 131|0x0000000088300000, 0x0000000088300000, 0x0000000088400000|  0%| F|  |TAMS 0x0000000088300000, 0x0000000088300000| Untracked 
| 132|0x0000000088400000, 0x0000000088400000, 0x0000000088500000|  0%| F|  |TAMS 0x0000000088400000, 0x0000000088400000| Untracked 
| 133|0x0000000088500000, 0x0000000088500000, 0x0000000088600000|  0%| F|  |TAMS 0x0000000088500000, 0x0000000088500000| Untracked 
| 134|0x0000000088600000, 0x0000000088600000, 0x0000000088700000|  0%| F|  |TAMS 0x0000000088600000, 0x0000000088600000| Untracked 
| 135|0x0000000088700000, 0x0000000088700000, 0x0000000088800000|  0%| F|  |TAMS 0x0000000088700000, 0x0000000088700000| Untracked 
| 136|0x0000000088800000, 0x0000000088800000, 0x0000000088900000|  0%| F|  |TAMS 0x0000000088800000, 0x0000000088800000| Untracked 
| 137|0x0000000088900000, 0x0000000088900000, 0x0000000088a00000|  0%| F|  |TAMS 0x0000000088900000, 0x0000000088900000| Untracked 
| 138|0x0000000088a00000, 0x0000000088a00000, 0x0000000088b00000|  0%| F|  |TAMS 0x0000000088a00000, 0x0000000088a00000| Untracked 
| 139|0x0000000088b00000, 0x0000000088b00000, 0x0000000088c00000|  0%| F|  |TAMS 0x0000000088b00000, 0x0000000088b00000| Untracked 
| 140|0x0000000088c00000, 0x0000000088c00000, 0x0000000088d00000|  0%| F|  |TAMS 0x0000000088c00000, 0x0000000088c00000| Untracked 
| 141|0x0000000088d00000, 0x0000000088d00000, 0x0000000088e00000|  0%| F|  |TAMS 0x0000000088d00000, 0x0000000088d00000| Untracked 
| 142|0x0000000088e00000, 0x0000000088e00000, 0x0000000088f00000|  0%| F|  |TAMS 0x0000000088e00000, 0x0000000088e00000| Untracked 
| 143|0x0000000088f00000, 0x0000000088f00000, 0x0000000089000000|  0%| F|  |TAMS 0x0000000088f00000, 0x0000000088f00000| Untracked 
| 144|0x0000000089000000, 0x0000000089000000, 0x0000000089100000|  0%| F|  |TAMS 0x0000000089000000, 0x0000000089000000| Untracked 
| 145|0x0000000089100000, 0x0000000089180000, 0x0000000089200000| 50%| S|CS|TAMS 0x0000000089100000, 0x0000000089100000| Complete 
| 146|0x0000000089200000, 0x0000000089300000, 0x0000000089300000|100%| S|CS|TAMS 0x0000000089200000, 0x0000000089200000| Complete 
| 147|0x0000000089300000, 0x0000000089400000, 0x0000000089400000|100%| S|CS|TAMS 0x0000000089300000, 0x0000000089300000| Complete 
| 148|0x0000000089400000, 0x0000000089500000, 0x0000000089500000|100%| S|CS|TAMS 0x0000000089400000, 0x0000000089400000| Complete 
| 149|0x0000000089500000, 0x0000000089600000, 0x0000000089600000|100%| S|CS|TAMS 0x0000000089500000, 0x0000000089500000| Complete 
| 150|0x0000000089600000, 0x0000000089700000, 0x0000000089700000|100%| S|CS|TAMS 0x0000000089600000, 0x0000000089600000| Complete 
| 151|0x0000000089700000, 0x0000000089800000, 0x0000000089800000|100%| S|CS|TAMS 0x0000000089700000, 0x0000000089700000| Complete 
| 152|0x0000000089800000, 0x0000000089900000, 0x0000000089900000|100%| S|CS|TAMS 0x0000000089800000, 0x0000000089800000| Complete 
| 153|0x0000000089900000, 0x0000000089900000, 0x0000000089a00000|  0%| F|  |TAMS 0x0000000089900000, 0x0000000089900000| Untracked 
| 154|0x0000000089a00000, 0x0000000089a00000, 0x0000000089b00000|  0%| F|  |TAMS 0x0000000089a00000, 0x0000000089a00000| Untracked 
| 155|0x0000000089b00000, 0x0000000089b00000, 0x0000000089c00000|  0%| F|  |TAMS 0x0000000089b00000, 0x0000000089b00000| Untracked 
| 156|0x0000000089c00000, 0x0000000089c00000, 0x0000000089d00000|  0%| F|  |TAMS 0x0000000089c00000, 0x0000000089c00000| Untracked 
| 157|0x0000000089d00000, 0x0000000089d00000, 0x0000000089e00000|  0%| F|  |TAMS 0x0000000089d00000, 0x0000000089d00000| Untracked 
| 158|0x0000000089e00000, 0x0000000089e00000, 0x0000000089f00000|  0%| F|  |TAMS 0x0000000089e00000, 0x0000000089e00000| Untracked 
| 159|0x0000000089f00000, 0x0000000089fcd5c0, 0x000000008a000000| 80%| E|  |TAMS 0x0000000089f00000, 0x0000000089f00000| Complete 
| 160|0x000000008a000000, 0x000000008a100000, 0x000000008a100000|100%| E|CS|TAMS 0x000000008a000000, 0x000000008a000000| Complete 
| 161|0x000000008a100000, 0x000000008a200000, 0x000000008a200000|100%| E|CS|TAMS 0x000000008a100000, 0x000000008a100000| Complete 
| 162|0x000000008a200000, 0x000000008a300000, 0x000000008a300000|100%| E|CS|TAMS 0x000000008a200000, 0x000000008a200000| Complete 
| 163|0x000000008a300000, 0x000000008a400000, 0x000000008a400000|100%| E|CS|TAMS 0x000000008a300000, 0x000000008a300000| Complete 
| 164|0x000000008a400000, 0x000000008a500000, 0x000000008a500000|100%| E|CS|TAMS 0x000000008a400000, 0x000000008a400000| Complete 
| 165|0x000000008a500000, 0x000000008a600000, 0x000000008a600000|100%| E|CS|TAMS 0x000000008a500000, 0x000000008a500000| Complete 
| 166|0x000000008a600000, 0x000000008a700000, 0x000000008a700000|100%| E|CS|TAMS 0x000000008a600000, 0x000000008a600000| Complete 
| 167|0x000000008a700000, 0x000000008a800000, 0x000000008a800000|100%| E|CS|TAMS 0x000000008a700000, 0x000000008a700000| Complete 
| 168|0x000000008a800000, 0x000000008a900000, 0x000000008a900000|100%| E|CS|TAMS 0x000000008a800000, 0x000000008a800000| Complete 
| 169|0x000000008a900000, 0x000000008aa00000, 0x000000008aa00000|100%| E|CS|TAMS 0x000000008a900000, 0x000000008a900000| Complete 
| 170|0x000000008aa00000, 0x000000008ab00000, 0x000000008ab00000|100%| E|CS|TAMS 0x000000008aa00000, 0x000000008aa00000| Complete 
| 171|0x000000008ab00000, 0x000000008ac00000, 0x000000008ac00000|100%| E|CS|TAMS 0x000000008ab00000, 0x000000008ab00000| Complete 
| 172|0x000000008ac00000, 0x000000008ad00000, 0x000000008ad00000|100%| E|CS|TAMS 0x000000008ac00000, 0x000000008ac00000| Complete 
| 173|0x000000008ad00000, 0x000000008ae00000, 0x000000008ae00000|100%| E|CS|TAMS 0x000000008ad00000, 0x000000008ad00000| Complete 
| 174|0x000000008ae00000, 0x000000008af00000, 0x000000008af00000|100%| E|CS|TAMS 0x000000008ae00000, 0x000000008ae00000| Complete 
| 175|0x000000008af00000, 0x000000008b000000, 0x000000008b000000|100%| E|CS|TAMS 0x000000008af00000, 0x000000008af00000| Complete 
| 176|0x000000008b000000, 0x000000008b100000, 0x000000008b100000|100%| E|CS|TAMS 0x000000008b000000, 0x000000008b000000| Complete 
| 177|0x000000008b100000, 0x000000008b200000, 0x000000008b200000|100%| E|CS|TAMS 0x000000008b100000, 0x000000008b100000| Complete 
| 178|0x000000008b200000, 0x000000008b300000, 0x000000008b300000|100%| E|CS|TAMS 0x000000008b200000, 0x000000008b200000| Complete 
| 179|0x000000008b300000, 0x000000008b400000, 0x000000008b400000|100%| E|CS|TAMS 0x000000008b300000, 0x000000008b300000| Complete 
| 180|0x000000008b400000, 0x000000008b500000, 0x000000008b500000|100%| E|CS|TAMS 0x000000008b400000, 0x000000008b400000| Complete 
| 181|0x000000008b500000, 0x000000008b600000, 0x000000008b600000|100%| E|  |TAMS 0x000000008b500000, 0x000000008b500000| Complete 
| 182|0x000000008b600000, 0x000000008b700000, 0x000000008b700000|100%| E|CS|TAMS 0x000000008b600000, 0x000000008b600000| Complete 
| 183|0x000000008b700000, 0x000000008b800000, 0x000000008b800000|100%| E|CS|TAMS 0x000000008b700000, 0x000000008b700000| Complete 
| 184|0x000000008b800000, 0x000000008b900000, 0x000000008b900000|100%| E|CS|TAMS 0x000000008b800000, 0x000000008b800000| Complete 
| 185|0x000000008b900000, 0x000000008ba00000, 0x000000008ba00000|100%| E|CS|TAMS 0x000000008b900000, 0x000000008b900000| Complete 
| 186|0x000000008ba00000, 0x000000008bb00000, 0x000000008bb00000|100%| E|CS|TAMS 0x000000008ba00000, 0x000000008ba00000| Complete 
| 187|0x000000008bb00000, 0x000000008bc00000, 0x000000008bc00000|100%| E|CS|TAMS 0x000000008bb00000, 0x000000008bb00000| Complete 
| 188|0x000000008bc00000, 0x000000008bd00000, 0x000000008bd00000|100%| E|CS|TAMS 0x000000008bc00000, 0x000000008bc00000| Complete 
| 189|0x000000008bd00000, 0x000000008be00000, 0x000000008be00000|100%| E|CS|TAMS 0x000000008bd00000, 0x000000008bd00000| Complete 
| 190|0x000000008be00000, 0x000000008bf00000, 0x000000008bf00000|100%| E|CS|TAMS 0x000000008be00000, 0x000000008be00000| Complete 
| 191|0x000000008bf00000, 0x000000008c000000, 0x000000008c000000|100%| E|CS|TAMS 0x000000008bf00000, 0x000000008bf00000| Complete 
| 192|0x000000008c000000, 0x000000008c100000, 0x000000008c100000|100%| E|CS|TAMS 0x000000008c000000, 0x000000008c000000| Complete 
| 193|0x000000008c100000, 0x000000008c200000, 0x000000008c200000|100%| E|CS|TAMS 0x000000008c100000, 0x000000008c100000| Complete 
| 194|0x000000008c200000, 0x000000008c300000, 0x000000008c300000|100%| E|CS|TAMS 0x000000008c200000, 0x000000008c200000| Complete 
| 195|0x000000008c300000, 0x000000008c400000, 0x000000008c400000|100%| E|CS|TAMS 0x000000008c300000, 0x000000008c300000| Complete 
| 196|0x000000008c400000, 0x000000008c500000, 0x000000008c500000|100%| E|CS|TAMS 0x000000008c400000, 0x000000008c400000| Complete 
| 197|0x000000008c500000, 0x000000008c600000, 0x000000008c600000|100%| E|CS|TAMS 0x000000008c500000, 0x000000008c500000| Complete 
| 198|0x000000008c600000, 0x000000008c700000, 0x000000008c700000|100%| E|CS|TAMS 0x000000008c600000, 0x000000008c600000| Complete 
| 199|0x000000008c700000, 0x000000008c800000, 0x000000008c800000|100%| E|CS|TAMS 0x000000008c700000, 0x000000008c700000| Complete 
| 200|0x000000008c800000, 0x000000008c900000, 0x000000008c900000|100%| E|CS|TAMS 0x000000008c800000, 0x000000008c800000| Complete 
| 201|0x000000008c900000, 0x000000008ca00000, 0x000000008ca00000|100%| E|CS|TAMS 0x000000008c900000, 0x000000008c900000| Complete 
| 202|0x000000008ca00000, 0x000000008cb00000, 0x000000008cb00000|100%| E|CS|TAMS 0x000000008ca00000, 0x000000008ca00000| Complete 
| 203|0x000000008cb00000, 0x000000008cc00000, 0x000000008cc00000|100%| E|CS|TAMS 0x000000008cb00000, 0x000000008cb00000| Complete 
| 204|0x000000008cc00000, 0x000000008cd00000, 0x000000008cd00000|100%| E|CS|TAMS 0x000000008cc00000, 0x000000008cc00000| Complete 
| 205|0x000000008cd00000, 0x000000008ce00000, 0x000000008ce00000|100%| E|CS|TAMS 0x000000008cd00000, 0x000000008cd00000| Complete 
| 206|0x000000008ce00000, 0x000000008cf00000, 0x000000008cf00000|100%| E|CS|TAMS 0x000000008ce00000, 0x000000008ce00000| Complete 
| 207|0x000000008cf00000, 0x000000008d000000, 0x000000008d000000|100%| E|CS|TAMS 0x000000008cf00000, 0x000000008cf00000| Complete 
| 208|0x000000008d000000, 0x000000008d100000, 0x000000008d100000|100%| E|CS|TAMS 0x000000008d000000, 0x000000008d000000| Complete 
| 209|0x000000008d100000, 0x000000008d200000, 0x000000008d200000|100%| E|CS|TAMS 0x000000008d100000, 0x000000008d100000| Complete 
| 210|0x000000008d200000, 0x000000008d300000, 0x000000008d300000|100%| E|CS|TAMS 0x000000008d200000, 0x000000008d200000| Complete 
| 211|0x000000008d300000, 0x000000008d400000, 0x000000008d400000|100%| E|CS|TAMS 0x000000008d300000, 0x000000008d300000| Complete 
| 212|0x000000008d400000, 0x000000008d500000, 0x000000008d500000|100%| E|CS|TAMS 0x000000008d400000, 0x000000008d400000| Complete 
| 213|0x000000008d500000, 0x000000008d600000, 0x000000008d600000|100%| E|CS|TAMS 0x000000008d500000, 0x000000008d500000| Complete 
| 214|0x000000008d600000, 0x000000008d700000, 0x000000008d700000|100%| E|CS|TAMS 0x000000008d600000, 0x000000008d600000| Complete 
| 215|0x000000008d700000, 0x000000008d800000, 0x000000008d800000|100%| E|CS|TAMS 0x000000008d700000, 0x000000008d700000| Complete 
| 216|0x000000008d800000, 0x000000008d900000, 0x000000008d900000|100%| E|CS|TAMS 0x000000008d800000, 0x000000008d800000| Complete 
| 217|0x000000008d900000, 0x000000008da00000, 0x000000008da00000|100%| E|CS|TAMS 0x000000008d900000, 0x000000008d900000| Complete 
| 218|0x000000008da00000, 0x000000008db00000, 0x000000008db00000|100%| E|CS|TAMS 0x000000008da00000, 0x000000008da00000| Complete 
| 219|0x000000008db00000, 0x000000008dc00000, 0x000000008dc00000|100%| E|CS|TAMS 0x000000008db00000, 0x000000008db00000| Complete 
| 220|0x000000008dc00000, 0x000000008dd00000, 0x000000008dd00000|100%| E|CS|TAMS 0x000000008dc00000, 0x000000008dc00000| Complete 
| 221|0x000000008dd00000, 0x000000008de00000, 0x000000008de00000|100%| E|CS|TAMS 0x000000008dd00000, 0x000000008dd00000| Complete 
| 222|0x000000008de00000, 0x000000008df00000, 0x000000008df00000|100%| E|CS|TAMS 0x000000008de00000, 0x000000008de00000| Complete 
| 223|0x000000008df00000, 0x000000008e000000, 0x000000008e000000|100%| E|CS|TAMS 0x000000008df00000, 0x000000008df00000| Complete 
| 224|0x000000008e000000, 0x000000008e100000, 0x000000008e100000|100%| E|CS|TAMS 0x000000008e000000, 0x000000008e000000| Complete 
| 225|0x000000008e100000, 0x000000008e200000, 0x000000008e200000|100%| E|CS|TAMS 0x000000008e100000, 0x000000008e100000| Complete 
| 226|0x000000008e200000, 0x000000008e300000, 0x000000008e300000|100%| E|CS|TAMS 0x000000008e200000, 0x000000008e200000| Complete 
| 227|0x000000008e300000, 0x000000008e400000, 0x000000008e400000|100%| E|CS|TAMS 0x000000008e300000, 0x000000008e300000| Complete 
| 228|0x000000008e400000, 0x000000008e500000, 0x000000008e500000|100%| E|CS|TAMS 0x000000008e400000, 0x000000008e400000| Complete 
| 229|0x000000008e500000, 0x000000008e600000, 0x000000008e600000|100%| E|CS|TAMS 0x000000008e500000, 0x000000008e500000| Complete 
| 230|0x000000008e600000, 0x000000008e700000, 0x000000008e700000|100%| E|CS|TAMS 0x000000008e600000, 0x000000008e600000| Complete 
| 231|0x000000008e700000, 0x000000008e800000, 0x000000008e800000|100%| E|CS|TAMS 0x000000008e700000, 0x000000008e700000| Complete 
| 232|0x000000008e800000, 0x000000008e900000, 0x000000008e900000|100%| E|CS|TAMS 0x000000008e800000, 0x000000008e800000| Complete 
| 233|0x000000008e900000, 0x000000008ea00000, 0x000000008ea00000|100%| E|CS|TAMS 0x000000008e900000, 0x000000008e900000| Complete 
| 234|0x000000008ea00000, 0x000000008eb00000, 0x000000008eb00000|100%| E|CS|TAMS 0x000000008ea00000, 0x000000008ea00000| Complete 
| 235|0x000000008eb00000, 0x000000008ec00000, 0x000000008ec00000|100%| E|CS|TAMS 0x000000008eb00000, 0x000000008eb00000| Complete 
| 236|0x000000008ec00000, 0x000000008ed00000, 0x000000008ed00000|100%| E|CS|TAMS 0x000000008ec00000, 0x000000008ec00000| Complete 
| 237|0x000000008ed00000, 0x000000008ee00000, 0x000000008ee00000|100%| E|CS|TAMS 0x000000008ed00000, 0x000000008ed00000| Complete 
| 238|0x000000008ee00000, 0x000000008ef00000, 0x000000008ef00000|100%| E|CS|TAMS 0x000000008ee00000, 0x000000008ee00000| Complete 
| 239|0x000000008ef00000, 0x000000008f000000, 0x000000008f000000|100%| E|CS|TAMS 0x000000008ef00000, 0x000000008ef00000| Complete 
| 240|0x000000008f000000, 0x000000008f100000, 0x000000008f100000|100%| E|CS|TAMS 0x000000008f000000, 0x000000008f000000| Complete 
| 241|0x000000008f100000, 0x000000008f200000, 0x000000008f200000|100%| E|CS|TAMS 0x000000008f100000, 0x000000008f100000| Complete 
| 242|0x000000008f200000, 0x000000008f300000, 0x000000008f300000|100%| E|CS|TAMS 0x000000008f200000, 0x000000008f200000| Complete 
| 243|0x000000008f300000, 0x000000008f400000, 0x000000008f400000|100%| E|CS|TAMS 0x000000008f300000, 0x000000008f300000| Complete 
| 244|0x000000008f400000, 0x000000008f500000, 0x000000008f500000|100%| E|CS|TAMS 0x000000008f400000, 0x000000008f400000| Complete 
| 245|0x000000008f500000, 0x000000008f600000, 0x000000008f600000|100%| E|CS|TAMS 0x000000008f500000, 0x000000008f500000| Complete 
| 246|0x000000008f600000, 0x000000008f700000, 0x000000008f700000|100%| E|CS|TAMS 0x000000008f600000, 0x000000008f600000| Complete 
| 247|0x000000008f700000, 0x000000008f800000, 0x000000008f800000|100%| E|CS|TAMS 0x000000008f700000, 0x000000008f700000| Complete 
| 248|0x000000008f800000, 0x000000008f900000, 0x000000008f900000|100%| E|CS|TAMS 0x000000008f800000, 0x000000008f800000| Complete 
| 249|0x000000008f900000, 0x000000008fa00000, 0x000000008fa00000|100%| E|CS|TAMS 0x000000008f900000, 0x000000008f900000| Complete 
| 250|0x000000008fa00000, 0x000000008fb00000, 0x000000008fb00000|100%| E|CS|TAMS 0x000000008fa00000, 0x000000008fa00000| Complete 
| 251|0x000000008fb00000, 0x000000008fc00000, 0x000000008fc00000|100%| E|CS|TAMS 0x000000008fb00000, 0x000000008fb00000| Complete 
| 252|0x000000008fc00000, 0x000000008fd00000, 0x000000008fd00000|100%| E|CS|TAMS 0x000000008fc00000, 0x000000008fc00000| Complete 
| 253|0x000000008fd00000, 0x000000008fe00000, 0x000000008fe00000|100%| E|CS|TAMS 0x000000008fd00000, 0x000000008fd00000| Complete 
| 254|0x000000008fe00000, 0x000000008ff00000, 0x000000008ff00000|100%| E|CS|TAMS 0x000000008fe00000, 0x000000008fe00000| Complete 
| 255|0x000000008ff00000, 0x0000000090000000, 0x0000000090000000|100%| E|CS|TAMS 0x000000008ff00000, 0x000000008ff00000| Complete 
| 256|0x0000000090000000, 0x0000000090100000, 0x0000000090100000|100%| E|CS|TAMS 0x0000000090000000, 0x0000000090000000| Complete 
| 257|0x0000000090100000, 0x0000000090200000, 0x0000000090200000|100%| E|CS|TAMS 0x0000000090100000, 0x0000000090100000| Complete 
| 258|0x0000000090200000, 0x0000000090300000, 0x0000000090300000|100%| E|CS|TAMS 0x0000000090200000, 0x0000000090200000| Complete 
| 259|0x0000000090300000, 0x0000000090400000, 0x0000000090400000|100%| E|CS|TAMS 0x0000000090300000, 0x0000000090300000| Complete 
| 260|0x0000000090400000, 0x0000000090500000, 0x0000000090500000|100%| E|CS|TAMS 0x0000000090400000, 0x0000000090400000| Complete 
| 261|0x0000000090500000, 0x0000000090600000, 0x0000000090600000|100%| E|CS|TAMS 0x0000000090500000, 0x0000000090500000| Complete 
| 262|0x0000000090600000, 0x0000000090700000, 0x0000000090700000|100%| E|CS|TAMS 0x0000000090600000, 0x0000000090600000| Complete 
| 263|0x0000000090700000, 0x0000000090800000, 0x0000000090800000|100%| E|CS|TAMS 0x0000000090700000, 0x0000000090700000| Complete 
| 264|0x0000000090800000, 0x0000000090900000, 0x0000000090900000|100%| E|CS|TAMS 0x0000000090800000, 0x0000000090800000| Complete 
| 265|0x0000000090900000, 0x0000000090a00000, 0x0000000090a00000|100%| E|CS|TAMS 0x0000000090900000, 0x0000000090900000| Complete 
| 266|0x0000000090a00000, 0x0000000090b00000, 0x0000000090b00000|100%| E|CS|TAMS 0x0000000090a00000, 0x0000000090a00000| Complete 
| 267|0x0000000090b00000, 0x0000000090c00000, 0x0000000090c00000|100%| E|CS|TAMS 0x0000000090b00000, 0x0000000090b00000| Complete 
| 268|0x0000000090c00000, 0x0000000090d00000, 0x0000000090d00000|100%| E|CS|TAMS 0x0000000090c00000, 0x0000000090c00000| Complete 
| 269|0x0000000090d00000, 0x0000000090e00000, 0x0000000090e00000|100%| E|CS|TAMS 0x0000000090d00000, 0x0000000090d00000| Complete 
| 270|0x0000000090e00000, 0x0000000090f00000, 0x0000000090f00000|100%| E|CS|TAMS 0x0000000090e00000, 0x0000000090e00000| Complete 
| 271|0x0000000090f00000, 0x0000000091000000, 0x0000000091000000|100%| E|CS|TAMS 0x0000000090f00000, 0x0000000090f00000| Complete 
| 272|0x0000000091000000, 0x0000000091100000, 0x0000000091100000|100%| E|CS|TAMS 0x0000000091000000, 0x0000000091000000| Complete 
| 273|0x0000000091100000, 0x0000000091200000, 0x0000000091200000|100%| E|CS|TAMS 0x0000000091100000, 0x0000000091100000| Complete 
| 274|0x0000000091200000, 0x0000000091300000, 0x0000000091300000|100%| E|CS|TAMS 0x0000000091200000, 0x0000000091200000| Complete 
| 275|0x0000000091300000, 0x0000000091400000, 0x0000000091400000|100%| E|CS|TAMS 0x0000000091300000, 0x0000000091300000| Complete 
| 276|0x0000000091400000, 0x0000000091500000, 0x0000000091500000|100%| E|CS|TAMS 0x0000000091400000, 0x0000000091400000| Complete 
| 277|0x0000000091500000, 0x0000000091600000, 0x0000000091600000|100%| E|CS|TAMS 0x0000000091500000, 0x0000000091500000| Complete 
| 278|0x0000000091600000, 0x0000000091700000, 0x0000000091700000|100%| E|CS|TAMS 0x0000000091600000, 0x0000000091600000| Complete 
| 279|0x0000000091700000, 0x0000000091800000, 0x0000000091800000|100%| E|CS|TAMS 0x0000000091700000, 0x0000000091700000| Complete 
| 280|0x0000000091800000, 0x0000000091900000, 0x0000000091900000|100%| E|CS|TAMS 0x0000000091800000, 0x0000000091800000| Complete 
| 281|0x0000000091900000, 0x0000000091a00000, 0x0000000091a00000|100%| E|CS|TAMS 0x0000000091900000, 0x0000000091900000| Complete 
| 282|0x0000000091a00000, 0x0000000091b00000, 0x0000000091b00000|100%| E|CS|TAMS 0x0000000091a00000, 0x0000000091a00000| Complete 
| 283|0x0000000091b00000, 0x0000000091c00000, 0x0000000091c00000|100%| E|CS|TAMS 0x0000000091b00000, 0x0000000091b00000| Complete 
| 284|0x0000000091c00000, 0x0000000091d00000, 0x0000000091d00000|100%| E|CS|TAMS 0x0000000091c00000, 0x0000000091c00000| Complete 
| 285|0x0000000091d00000, 0x0000000091e00000, 0x0000000091e00000|100%| E|CS|TAMS 0x0000000091d00000, 0x0000000091d00000| Complete 
| 286|0x0000000091e00000, 0x0000000091f00000, 0x0000000091f00000|100%| E|CS|TAMS 0x0000000091e00000, 0x0000000091e00000| Complete 
| 287|0x0000000091f00000, 0x0000000092000000, 0x0000000092000000|100%| E|CS|TAMS 0x0000000091f00000, 0x0000000091f00000| Complete 
| 288|0x0000000092000000, 0x0000000092100000, 0x0000000092100000|100%| E|CS|TAMS 0x0000000092000000, 0x0000000092000000| Complete 
| 289|0x0000000092100000, 0x0000000092200000, 0x0000000092200000|100%| E|CS|TAMS 0x0000000092100000, 0x0000000092100000| Complete 
| 290|0x0000000092200000, 0x0000000092300000, 0x0000000092300000|100%| E|CS|TAMS 0x0000000092200000, 0x0000000092200000| Complete 
| 291|0x0000000092300000, 0x0000000092400000, 0x0000000092400000|100%| E|CS|TAMS 0x0000000092300000, 0x0000000092300000| Complete 
| 292|0x0000000092400000, 0x0000000092500000, 0x0000000092500000|100%| E|CS|TAMS 0x0000000092400000, 0x0000000092400000| Complete 
| 293|0x0000000092500000, 0x0000000092600000, 0x0000000092600000|100%| E|CS|TAMS 0x0000000092500000, 0x0000000092500000| Complete 
| 294|0x0000000092600000, 0x0000000092700000, 0x0000000092700000|100%| E|CS|TAMS 0x0000000092600000, 0x0000000092600000| Complete 
| 295|0x0000000092700000, 0x0000000092800000, 0x0000000092800000|100%| E|CS|TAMS 0x0000000092700000, 0x0000000092700000| Complete 
| 296|0x0000000092800000, 0x0000000092900000, 0x0000000092900000|100%| E|CS|TAMS 0x0000000092800000, 0x0000000092800000| Complete 
| 297|0x0000000092900000, 0x0000000092a00000, 0x0000000092a00000|100%| E|CS|TAMS 0x0000000092900000, 0x0000000092900000| Complete 
| 298|0x0000000092a00000, 0x0000000092b00000, 0x0000000092b00000|100%| E|CS|TAMS 0x0000000092a00000, 0x0000000092a00000| Complete 
| 299|0x0000000092b00000, 0x0000000092c00000, 0x0000000092c00000|100%| E|CS|TAMS 0x0000000092b00000, 0x0000000092b00000| Complete 
| 300|0x0000000092c00000, 0x0000000092d00000, 0x0000000092d00000|100%| E|CS|TAMS 0x0000000092c00000, 0x0000000092c00000| Complete 
| 301|0x0000000092d00000, 0x0000000092e00000, 0x0000000092e00000|100%| E|CS|TAMS 0x0000000092d00000, 0x0000000092d00000| Complete 
| 302|0x0000000092e00000, 0x0000000092f00000, 0x0000000092f00000|100%| E|CS|TAMS 0x0000000092e00000, 0x0000000092e00000| Complete 
| 303|0x0000000092f00000, 0x0000000093000000, 0x0000000093000000|100%| E|CS|TAMS 0x0000000092f00000, 0x0000000092f00000| Complete 
| 304|0x0000000093000000, 0x0000000093100000, 0x0000000093100000|100%| E|CS|TAMS 0x0000000093000000, 0x0000000093000000| Complete 

Card table byte_map: [0x000002345a740000,0x000002345ab40000] _byte_map_base: 0x000002345a340000

Marking Bits (Prev, Next): (CMBitMap*) 0x000002344789c818, (CMBitMap*) 0x000002344789c850
 Prev Bits: [0x000002345af40000, 0x000002345cf40000)
 Next Bits: [0x000002345cf40000, 0x000002345ef40000)

Polling page: 0x0000023446ff0000

Metaspace:

Usage:
  Non-class:     74.33 MB capacity,    72.90 MB ( 98%) used,     1.20 MB (  2%) free+waste,   234.56 KB ( <1%) overhead. 
      Class:     11.60 MB capacity,    10.84 MB ( 93%) used,   666.97 KB (  6%) free+waste,   108.38 KB ( <1%) overhead. 
       Both:     85.92 MB capacity,    83.73 MB ( 97%) used,     1.86 MB (  2%) free+waste,   342.94 KB ( <1%) overhead. 

Virtual space:
  Non-class space:       76.00 MB reserved,      74.52 MB ( 98%) committed 
      Class space:        1.00 GB reserved,      11.72 MB (  1%) committed 
             Both:        1.07 GB reserved,      86.24 MB (  8%) committed 

Chunk freelists:
   Non-Class:  63.00 KB
       Class:  30.00 KB
        Both:  93.00 KB

MaxMetaspaceSize: 17179869184.00 GB
CompressedClassSpaceSize: 1.00 GB
Initial GC threshold: 20.80 MB
Current GC threshold: 129.15 MB
CDS: off

CodeHeap 'non-profiled nmethods': size=120064Kb used=4918Kb max_used=4918Kb free=115145Kb
 bounds [0x0000023452e00000, 0x00000234532d0000, 0x000002345a340000]
CodeHeap 'profiled nmethods': size=120000Kb used=18224Kb max_used=18224Kb free=101775Kb
 bounds [0x000002344b8d0000, 0x000002344caa0000, 0x0000023452e00000]
CodeHeap 'non-nmethods': size=5696Kb used=2365Kb max_used=2401Kb free=3330Kb
 bounds [0x000002344b340000, 0x000002344b5b0000, 0x000002344b8d0000]
 total_blobs=9436 nmethods=8545 adapters=804
 compilation: enabled
              stopped_count=0, restarted_count=0
 full_count=0

Compilation events (20 events):
Event: 20.020 Thread 0x0000023461d38800 8595       1       org.gradle.api.internal.project.DefaultProjectStateRegistry$ProjectStateImpl::getTaskExecutionLock (5 bytes)
Event: 20.020 Thread 0x0000023461d38800 nmethod 8595 0x00000234532ca410 code [0x00000234532ca5c0, 0x00000234532ca678]
Event: 20.020 Thread 0x0000023461d38800 8596       3       java.io.ObjectStreamClass::forClass (52 bytes)
Event: 20.021 Thread 0x0000023461d38800 nmethod 8596 0x000002344ca93c10 code [0x000002344ca93f80, 0x000002344ca957b8]
Event: 20.021 Thread 0x0000023461d38800 8597   !   3       java.io.ObjectStreamClass::lookup (334 bytes)
Event: 20.024 Thread 0x0000023461d38800 nmethod 8597 0x000002344ca95f10 code [0x000002344ca96460, 0x000002344ca99848]
Event: 20.024 Thread 0x0000023461d38800 8603       3       java.io.ObjectOutputStream$BlockDataOutputStream::writeInt (46 bytes)
Event: 20.025 Thread 0x0000023461d38800 nmethod 8603 0x000002344ca9a610 code [0x000002344ca9a7e0, 0x000002344ca9a9d8]
Event: 20.025 Thread 0x0000023461d38800 8594       1       org.gradle.execution.plan.Node::getDependencySuccessors (5 bytes)
Event: 20.025 Thread 0x0000023461d38800 nmethod 8594 0x00000234532ca710 code [0x00000234532ca8c0, 0x00000234532ca978]
Event: 20.025 Thread 0x0000023461d38800 8599       1       java.io.ObjectStreamField::getOffset (5 bytes)
Event: 20.025 Thread 0x0000023461d38800 nmethod 8599 0x00000234532caa10 code [0x00000234532cabc0, 0x00000234532cac78]
Event: 20.025 Thread 0x0000023461d38800 8601       1       org.gradle.internal.fingerprint.impl.DefaultFileCollectionSnapshotter::access$100 (5 bytes)
Event: 20.025 Thread 0x0000023461d38800 nmethod 8601 0x00000234532cad10 code [0x00000234532caec0, 0x00000234532caf58]
Event: 20.025 Thread 0x0000023461d38800 8604       3       java.io.File::getParent (65 bytes)
Event: 20.025 Thread 0x0000023461d2f800 nmethod 8575 0x00000234532cb010 code [0x00000234532cb200, 0x00000234532cb7e8]
Event: 20.025 Thread 0x0000023461d2f800 8600       4       java.io.ObjectOutputStream$BlockDataOutputStream::getUTFLength (124 bytes)
Event: 20.025 Thread 0x0000023461d38800 nmethod 8604 0x000002344ca9ab10 code [0x000002344ca9ad60, 0x000002344ca9b418]
Event: 20.026 Thread 0x0000023461d38800 8606       3       org.gradle.internal.hash.HashCode$HashCode128::equals (57 bytes)
Event: 20.026 Thread 0x0000023461d38800 nmethod 8606 0x000002344ca9b710 code [0x000002344ca9b8e0, 0x000002344ca9bc78]

GC Heap History (18 events):
Event: 0.413 GC heap before
{Heap before GC invocations=0 (full 0):
 garbage-first heap   total 260096K, used 16384K [0x0000000080000000, 0x0000000100000000)
  region size 1024K, 14 young (14336K), 0 survivors (0K)
 Metaspace       used 6748K, capacity 6989K, committed 7168K, reserved 1056768K
  class space    used 571K, capacity 650K, committed 768K, reserved 1048576K
}
Event: 0.420 GC heap after
{Heap after GC invocations=1 (full 0):
 garbage-first heap   total 260096K, used 3953K [0x0000000080000000, 0x0000000100000000)
  region size 1024K, 2 young (2048K), 2 survivors (2048K)
 Metaspace       used 6748K, capacity 6989K, committed 7168K, reserved 1056768K
  class space    used 571K, capacity 650K, committed 768K, reserved 1048576K
}
Event: 2.103 GC heap before
{Heap before GC invocations=1 (full 0):
 garbage-first heap   total 260096K, used 116593K [0x0000000080000000, 0x0000000100000000)
  region size 1024K, 109 young (111616K), 2 survivors (2048K)
 Metaspace       used 20783K, capacity 21187K, committed 21296K, reserved 1069056K
  class space    used 2521K, capacity 2685K, committed 2688K, reserved 1048576K
}
Event: 2.113 GC heap after
{Heap after GC invocations=2 (full 0):
 garbage-first heap   total 260096K, used 16887K [0x0000000080000000, 0x0000000100000000)
  region size 1024K, 12 young (12288K), 12 survivors (12288K)
 Metaspace       used 20783K, capacity 21187K, committed 21296K, reserved 1069056K
  class space    used 2521K, capacity 2685K, committed 2688K, reserved 1048576K
}
Event: 2.309 GC heap before
{Heap before GC invocations=3 (full 0):
 garbage-first heap   total 260096K, used 39415K [0x0000000080000000, 0x0000000100000000)
  region size 1024K, 35 young (35840K), 12 survivors (12288K)
 Metaspace       used 22833K, capacity 23372K, committed 23548K, reserved 1069056K
  class space    used 2882K, capacity 3101K, committed 3148K, reserved 1048576K
}
Event: 2.315 GC heap after
{Heap after GC invocations=4 (full 0):
 garbage-first heap   total 260096K, used 17765K [0x0000000080000000, 0x0000000100000000)
  region size 1024K, 2 young (2048K), 2 survivors (2048K)
 Metaspace       used 22833K, capacity 23372K, committed 23548K, reserved 1069056K
  class space    used 2882K, capacity 3101K, committed 3148K, reserved 1048576K
}
Event: 2.972 GC heap before
{Heap before GC invocations=4 (full 0):
 garbage-first heap   total 260096K, used 78181K [0x0000000080000000, 0x0000000100000000)
  region size 1024K, 61 young (62464K), 2 survivors (2048K)
 Metaspace       used 29167K, capacity 29784K, committed 29948K, reserved 1075200K
  class space    used 3846K, capacity 4099K, committed 4172K, reserved 1048576K
}
Event: 2.977 GC heap after
{Heap after GC invocations=5 (full 0):
 garbage-first heap   total 260096K, used 19579K [0x0000000080000000, 0x0000000100000000)
  region size 1024K, 4 young (4096K), 4 survivors (4096K)
 Metaspace       used 29167K, capacity 29784K, committed 29948K, reserved 1075200K
  class space    used 3846K, capacity 4099K, committed 4172K, reserved 1048576K
}
Event: 3.390 GC heap before
{Heap before GC invocations=5 (full 0):
 garbage-first heap   total 260096K, used 56443K [0x0000000080000000, 0x0000000100000000)
  region size 1024K, 41 young (41984K), 4 survivors (4096K)
 Metaspace       used 35073K, capacity 35954K, committed 36048K, reserved 1081344K
  class space    used 4566K, capacity 4921K, committed 4940K, reserved 1048576K
}
Event: 3.400 GC heap after
{Heap after GC invocations=6 (full 0):
 garbage-first heap   total 260096K, used 21992K [0x0000000080000000, 0x0000000100000000)
  region size 1024K, 6 young (6144K), 6 survivors (6144K)
 Metaspace       used 35073K, capacity 35954K, committed 36048K, reserved 1081344K
  class space    used 4566K, capacity 4921K, committed 4940K, reserved 1048576K
}
Event: 4.459 GC heap before
{Heap before GC invocations=7 (full 0):
 garbage-first heap   total 260096K, used 142824K [0x0000000080000000, 0x0000000100000000)
  region size 1024K, 121 young (123904K), 6 survivors (6144K)
 Metaspace       used 45498K, capacity 46727K, committed 46800K, reserved 1089536K
  class space    used 5775K, capacity 6193K, committed 6220K, reserved 1048576K
}
Event: 4.476 GC heap after
{Heap after GC invocations=8 (full 0):
 garbage-first heap   total 260096K, used 30274K [0x0000000080000000, 0x0000000100000000)
  region size 1024K, 14 young (14336K), 14 survivors (14336K)
 Metaspace       used 45498K, capacity 46727K, committed 46800K, reserved 1089536K
  class space    used 5775K, capacity 6193K, committed 6220K, reserved 1048576K
}
Event: 6.032 GC heap before
{Heap before GC invocations=9 (full 0):
 garbage-first heap   total 260096K, used 168514K [0x0000000080000000, 0x0000000100000000)
  region size 1024K, 145 young (148480K), 14 survivors (14336K)
 Metaspace       used 56261K, capacity 57844K, committed 58064K, reserved 1099776K
  class space    used 7120K, capacity 7670K, committed 7756K, reserved 1048576K
}
Event: 6.049 GC heap after
{Heap after GC invocations=10 (full 0):
 garbage-first heap   total 260096K, used 45216K [0x0000000080000000, 0x0000000100000000)
  region size 1024K, 19 young (19456K), 19 survivors (19456K)
 Metaspace       used 56261K, capacity 57844K, committed 58064K, reserved 1099776K
  class space    used 7120K, capacity 7670K, committed 7756K, reserved 1048576K
}
Event: 7.444 GC heap before
{Heap before GC invocations=10 (full 0):
 garbage-first heap   total 260096K, used 188576K [0x0000000080000000, 0x0000000100000000)
  region size 1024K, 152 young (155648K), 19 survivors (19456K)
 Metaspace       used 67430K, capacity 69155K, committed 69200K, reserved 1110016K
  class space    used 8507K, capacity 9135K, committed 9164K, reserved 1048576K
}
Event: 7.465 GC heap after
{Heap after GC invocations=11 (full 0):
 garbage-first heap   total 260096K, used 56030K [0x0000000080000000, 0x0000000100000000)
  region size 1024K, 11 young (11264K), 11 survivors (11264K)
 Metaspace       used 67430K, capacity 69155K, committed 69200K, reserved 1110016K
  class space    used 8507K, capacity 9135K, committed 9164K, reserved 1048576K
}
Event: 8.654 GC heap before
{Heap before GC invocations=11 (full 0):
 garbage-first heap   total 260096K, used 158430K [0x0000000080000000, 0x0000000100000000)
  region size 1024K, 112 young (114688K), 11 survivors (11264K)
 Metaspace       used 76488K, capacity 78366K, committed 78428K, reserved 1118208K
  class space    used 9869K, capacity 10552K, committed 10572K, reserved 1048576K
}
Event: 8.676 GC heap after
{Heap after GC invocations=12 (full 0):
 garbage-first heap   total 312320K, used 64000K [0x0000000080000000, 0x0000000100000000)
  region size 1024K, 8 young (8192K), 8 survivors (8192K)
 Metaspace       used 76488K, capacity 78366K, committed 78428K, reserved 1118208K
  class space    used 9869K, capacity 10552K, committed 10572K, reserved 1048576K
}

Deoptimization events (20 events):
Event: 9.983 Thread 0x000002346b662800 Uncommon trap: trap_request=0xffffffc6 fr.pc=0x000002345326afd4 relative=0x0000000000000834
Event: 9.983 Thread 0x000002346b662800 Uncommon trap: reason=bimorphic_or_optimized_type_check action=maybe_recompile pc=0x000002345326afd4 method=com.google.common.collect.AbstractMapBasedMultimap$WrappedCollection.refreshIfEmpty()V @ 59 c2
Event: 9.983 Thread 0x000002346b662800 DEOPT PACKING pc=0x000002345326afd4 sp=0x0000005e43dfb620
Event: 9.983 Thread 0x000002346b662800 DEOPT UNPACKING pc=0x000002344b38a1a9 sp=0x0000005e43dfb5d8 mode 2
Event: 9.983 Thread 0x000002346b662800 Uncommon trap: trap_request=0xffffffc6 fr.pc=0x000002345326afd4 relative=0x0000000000000834
Event: 9.983 Thread 0x000002346b662800 Uncommon trap: reason=bimorphic_or_optimized_type_check action=maybe_recompile pc=0x000002345326afd4 method=com.google.common.collect.AbstractMapBasedMultimap$WrappedCollection.refreshIfEmpty()V @ 59 c2
Event: 9.983 Thread 0x000002346b662800 DEOPT PACKING pc=0x000002345326afd4 sp=0x0000005e43dfb5e0
Event: 9.983 Thread 0x000002346b662800 DEOPT UNPACKING pc=0x000002344b38a1a9 sp=0x0000005e43dfb598 mode 2
Event: 9.983 Thread 0x000002346b662800 Uncommon trap: trap_request=0xffffffc6 fr.pc=0x000002345326afd4 relative=0x0000000000000834
Event: 9.983 Thread 0x000002346b662800 Uncommon trap: reason=bimorphic_or_optimized_type_check action=maybe_recompile pc=0x000002345326afd4 method=com.google.common.collect.AbstractMapBasedMultimap$WrappedCollection.refreshIfEmpty()V @ 59 c2
Event: 9.983 Thread 0x000002346b662800 DEOPT PACKING pc=0x000002345326afd4 sp=0x0000005e43dfb610
Event: 9.983 Thread 0x000002346b662800 DEOPT UNPACKING pc=0x000002344b38a1a9 sp=0x0000005e43dfb5c8 mode 2
Event: 9.988 Thread 0x000002346b662800 Uncommon trap: trap_request=0xffffffc6 fr.pc=0x000002345310c03c relative=0x000000000000081c
Event: 9.988 Thread 0x000002346b662800 Uncommon trap: reason=bimorphic_or_optimized_type_check action=maybe_recompile pc=0x000002345310c03c method=java.util.stream.MatchOps$MatchOp.evaluateSequential(Ljava/util/stream/PipelineHelper;Ljava/util/Spliterator;)Ljava/lang/Boolean; @ 14 c2
Event: 9.988 Thread 0x000002346b662800 DEOPT PACKING pc=0x000002345310c03c sp=0x0000005e43dfa360
Event: 9.988 Thread 0x000002346b662800 DEOPT UNPACKING pc=0x000002344b38a1a9 sp=0x0000005e43dfa288 mode 2
Event: 9.989 Thread 0x000002346b662800 Uncommon trap: trap_request=0xffffff4d fr.pc=0x00000234531f62a8 relative=0x00000000000001e8
Event: 9.989 Thread 0x000002346b662800 Uncommon trap: reason=unstable_if action=reinterpret pc=0x00000234531f62a8 method=com.google.common.collect.RegularImmutableSet.contains(Ljava/lang/Object;)Z @ 10 c2
Event: 9.989 Thread 0x000002346b662800 DEOPT PACKING pc=0x00000234531f62a8 sp=0x0000005e43dfa510
Event: 9.989 Thread 0x000002346b662800 DEOPT UNPACKING pc=0x000002344b38a1a9 sp=0x0000005e43dfa4a8 mode 2

Classes redefined (0 events):
No events

Internal exceptions (20 events):
Event: 9.787 Thread 0x0000023463623800 Exception <a 'sun/nio/fs/WindowsException'{0x000000008b4b1de8}> (0x000000008b4b1de8) thrown at [src/hotspot/share/prims/jni.cpp, line 617]
Event: 9.841 Thread 0x00000234630e0800 Exception <a 'java/lang/NoSuchMethodError'{0x000000008af363f0}: <clinit>> (0x000000008af363f0) thrown at [src/hotspot/share/prims/jni.cpp, line 1367]
Event: 9.842 Thread 0x00000234630e0800 Exception <a 'java/lang/NoSuchMethodError'{0x000000008af40708}: <clinit>> (0x000000008af40708) thrown at [src/hotspot/share/prims/jni.cpp, line 1367]
Event: 9.855 Thread 0x00000234630e0800 Exception <a 'java/lang/NoSuchMethodError'{0x000000008afbf868}: <clinit>> (0x000000008afbf868) thrown at [src/hotspot/share/prims/jni.cpp, line 1367]
Event: 9.857 Thread 0x00000234630e0800 Exception <a 'java/lang/NoSuchMethodError'{0x000000008afcfeb0}: <clinit>> (0x000000008afcfeb0) thrown at [src/hotspot/share/prims/jni.cpp, line 1367]
Event: 9.858 Thread 0x00000234630e0800 Exception <a 'java/lang/NoSuchMethodError'{0x000000008afeffa0}: <clinit>> (0x000000008afeffa0) thrown at [src/hotspot/share/prims/jni.cpp, line 1367]
Event: 9.879 Thread 0x0000023465962800 Exception <a 'java/lang/NoSuchMethodError'{0x000000008c088ab8}: <clinit>> (0x000000008c088ab8) thrown at [src/hotspot/share/prims/jni.cpp, line 1367]
Event: 9.884 Thread 0x0000023465962800 Exception <a 'java/lang/NoSuchMethodError'{0x000000008c09d5a0}: <clinit>> (0x000000008c09d5a0) thrown at [src/hotspot/share/prims/jni.cpp, line 1367]
Event: 9.886 Thread 0x0000023465962800 Exception <a 'java/lang/NoSuchMethodError'{0x000000008ac6ad38}: <clinit>> (0x000000008ac6ad38) thrown at [src/hotspot/share/prims/jni.cpp, line 1367]
Event: 9.898 Thread 0x0000023465964000 Exception <a 'java/lang/IncompatibleClassChangeError'{0x000000008acf4848}: Found class java.lang.Object, but interface was expected> (0x000000008acf4848) thrown at [src/hotspot/share/interpreter/linkResolver.cpp, line 839]
Event: 9.919 Thread 0x00000234630e0800 Exception <a 'java/lang/NoSuchMethodError'{0x000000008a9086c0}: <clinit>> (0x000000008a9086c0) thrown at [src/hotspot/share/prims/jni.cpp, line 1367]
Event: 9.940 Thread 0x000002346b662800 Exception <a 'java/lang/IncompatibleClassChangeError'{0x000000008a9d64e8}: Found class java.lang.Object, but interface was expected> (0x000000008a9d64e8) thrown at [src/hotspot/share/interpreter/linkResolver.cpp, line 839]
Event: 9.961 Thread 0x000002346b662800 Exception <a 'java/lang/NoSuchMethodError'{0x000000008a7cc480}: 'int java.lang.invoke.DirectMethodHandle$Holder.invokeStaticInit(java.lang.Object, java.lang.Object, java.lang.Object, java.lang.Object, java.lang.Object)'> (0x000000008a7cc480) thrown at [src/hotspot/share/interpreter/linkResolver.cpp, line 773]
Event: 9.976 Thread 0x000002346b662800 Exception <a 'java/lang/NoSuchMethodError'{0x000000008a506258}: 'void java.lang.invoke.DirectMethodHandle$Holder.invokeVirtual(java.lang.Object, java.lang.Object)'> (0x000000008a506258) thrown at [src/hotspot/share/interpreter/linkResolver.cpp, line 773]
Event: 9.989 Thread 0x000002346b662800 Implicit null exception at 0x00000234531f60f7 to 0x00000234531f6290
Event: 14.997 Thread 0x000002346b662800 Exception <a 'net/rubygrapefruit/platform/NativeException'{0x000000008a469e90}: Execution timed out> (0x000000008a469e90) thrown at [src/hotspot/share/prims/jni.cpp, line 638]
Event: 20.006 Thread 0x000002346b662800 Exception <a 'net/rubygrapefruit/platform/NativeException'{0x000000008a487638}: Execution timed out> (0x000000008a487638) thrown at [src/hotspot/share/prims/jni.cpp, line 638]
Event: 20.016 Thread 0x00000234630e0800 Exception <a 'java/lang/NoSuchMethodError'{0x000000008a271090}: <clinit>> (0x000000008a271090) thrown at [src/hotspot/share/prims/jni.cpp, line 1367]
Event: 20.018 Thread 0x00000234630e0800 Exception <a 'java/lang/NoSuchMethodError'{0x000000008a28aad0}: <clinit>> (0x000000008a28aad0) thrown at [src/hotspot/share/prims/jni.cpp, line 1367]
Event: 20.019 Thread 0x00000234630e0800 Exception <a 'java/lang/NoSuchMethodError'{0x000000008a29a1e8}: <clinit>> (0x000000008a29a1e8) thrown at [src/hotspot/share/prims/jni.cpp, line 1367]

Events (20 events):
Event: 20.019 loading class java/util/function/IntBinaryOperator
Event: 20.019 loading class java/util/function/IntBinaryOperator done
Event: 20.019 loading class java/util/stream/ReduceOps$6
Event: 20.019 loading class java/util/stream/ReduceOps$6 done
Event: 20.019 loading class java/util/stream/ReduceOps$5ReducingSink
Event: 20.019 loading class java/util/stream/ReduceOps$5ReducingSink done
Event: 20.019 loading class java/util/stream/ReferencePipeline$4$1
Event: 20.019 loading class java/util/stream/ReferencePipeline$4$1 done
Event: 20.020 loading class org/gradle/internal/snapshot/SnapshotHierarchy$NodeDiffListener$1
Event: 20.020 loading class org/gradle/internal/snapshot/SnapshotHierarchy$NodeDiffListener$1 done
Event: 20.020 loading class com/android/build/gradle/internal/core/VariantDslInfoImpl$computeApplicationIdSuffix$2
Event: 20.020 loading class com/android/build/gradle/internal/core/VariantDslInfoImpl$computeApplicationIdSuffix$2 done
Event: 20.021 loading class kotlin/sequences/SequencesKt___SequencesKt$filterNotNull$1
Event: 20.021 loading class kotlin/sequences/SequencesKt___SequencesKt$filterNotNull$1 done
Event: 20.021 Executing VM operation: RevokeBias
Event: 20.021 Executing VM operation: RevokeBias done
Event: 20.022 Executing VM operation: RevokeBias
Event: 20.022 Executing VM operation: RevokeBias done
Event: 20.024 loading class com/android/build/gradle/internal/core/VariantDslInfoImpl$computeVersionNameSuffix$2
Event: 20.024 loading class com/android/build/gradle/internal/core/VariantDslInfoImpl$computeVersionNameSuffix$2 done


Dynamic libraries:
0x00007ff67d080000 - 0x00007ff67d08a000 	C:\Program Files\Android\Android Studio\jbr\bin\java.exe
0x00007ffb8b410000 - 0x00007ffb8b606000 	C:\Windows\SYSTEM32\ntdll.dll
0x00007ffb89b50000 - 0x00007ffb89c0d000 	C:\Windows\System32\KERNEL32.DLL
0x00007ffb88e40000 - 0x00007ffb89109000 	C:\Windows\System32\KERNELBASE.dll
0x00007ffb89110000 - 0x00007ffb89210000 	C:\Windows\System32\ucrtbase.dll
0x00007ffb847b0000 - 0x00007ffb847cb000 	C:\Program Files\Android\Android Studio\jbr\bin\VCRUNTIME140.dll
0x00007ffb84890000 - 0x00007ffb848a7000 	C:\Program Files\Android\Android Studio\jbr\bin\jli.dll
0x00007ffb8b230000 - 0x00007ffb8b3d0000 	C:\Windows\System32\USER32.dll
0x00007ffb89390000 - 0x00007ffb893b2000 	C:\Windows\System32\win32u.dll
0x00007ffb89e30000 - 0x00007ffb89e5a000 	C:\Windows\System32\GDI32.dll
0x00007ffb88d30000 - 0x00007ffb88e3b000 	C:\Windows\System32\gdi32full.dll
0x00007ffb892f0000 - 0x00007ffb8938d000 	C:\Windows\System32\msvcp_win.dll
0x00007ffb71c80000 - 0x00007ffb71f1b000 	C:\Windows\WinSxS\amd64_microsoft.windows.common-controls_6595b64144ccf1df_6.0.19041.746_none_ca02b4b61b8320a4\COMCTL32.dll
0x00007ffb89c50000 - 0x00007ffb89cee000 	C:\Windows\System32\msvcrt.dll
0x00007ffb8a500000 - 0x00007ffb8a530000 	C:\Windows\System32\IMM32.DLL
0x00007ffb49960000 - 0x00007ffb499bb000 	C:\ProgramData\Microsoft\DbgCtr\XShellDLL64_6015.dll
0x00007ffb8b030000 - 0x00007ffb8b0dc000 	C:\Windows\System32\ADVAPI32.dll
0x00007ffb8a6b0000 - 0x00007ffb8a74c000 	C:\Windows\System32\sechost.dll
0x00007ffb8a750000 - 0x00007ffb8a87b000 	C:\Windows\System32\RPCRT4.dll
0x00007ffb8a8e0000 - 0x00007ffb8b022000 	C:\Windows\System32\SHELL32.dll
0x00007ffb847d0000 - 0x00007ffb847dc000 	C:\Program Files\Android\Android Studio\jbr\bin\vcruntime140_1.dll
0x00007ffb69eb0000 - 0x00007ffb69f3d000 	C:\Program Files\Android\Android Studio\jbr\bin\msvcp140.dll
0x00007ffb2a990000 - 0x00007ffb2b54c000 	C:\Program Files\Android\Android Studio\jbr\bin\server\jvm.dll
0x00007ffb89c20000 - 0x00007ffb89c28000 	C:\Windows\System32\PSAPI.DLL
0x00007ffb72070000 - 0x00007ffb72079000 	C:\Windows\SYSTEM32\WSOCK32.dll
0x00007ffb61080000 - 0x00007ffb610a7000 	C:\Windows\SYSTEM32\WINMM.dll
0x00007ffb8a490000 - 0x00007ffb8a4fb000 	C:\Windows\System32\WS2_32.dll
0x00007ffb82130000 - 0x00007ffb8213a000 	C:\Windows\SYSTEM32\VERSION.dll
0x00007ffb86ac0000 - 0x00007ffb86ad2000 	C:\Windows\SYSTEM32\kernel.appcore.dll
0x00007ffb82750000 - 0x00007ffb82760000 	C:\Program Files\Android\Android Studio\jbr\bin\verify.dll
0x00007ffb6dcb0000 - 0x00007ffb6de94000 	C:\Windows\SYSTEM32\DBGHELP.DLL
0x00007ffb6dc80000 - 0x00007ffb6dcac000 	C:\Windows\SYSTEM32\dbgcore.DLL
0x00007ffb88cb0000 - 0x00007ffb88d30000 	C:\Windows\System32\bcryptPrimitives.dll
0x00007ffb77990000 - 0x00007ffb779b8000 	C:\Program Files\Android\Android Studio\jbr\bin\java.dll
0x00007ffb82740000 - 0x00007ffb8274a000 	C:\Program Files\Android\Android Studio\jbr\bin\jimage.dll
0x00007ffb7c290000 - 0x00007ffb7c2a8000 	C:\Program Files\Android\Android Studio\jbr\bin\zip.dll
0x00007ffb86cc0000 - 0x00007ffb87450000 	C:\Windows\SYSTEM32\windows.storage.dll
0x00007ffb896d0000 - 0x00007ffb89a26000 	C:\Windows\System32\combase.dll
0x00007ffb885b0000 - 0x00007ffb885dc000 	C:\Windows\SYSTEM32\Wldp.dll
0x00007ffb8a590000 - 0x00007ffb8a63e000 	C:\Windows\System32\SHCORE.dll
0x00007ffb8a530000 - 0x00007ffb8a585000 	C:\Windows\System32\shlwapi.dll
0x00007ffb88a80000 - 0x00007ffb88aa6000 	C:\Windows\SYSTEM32\profapi.dll
0x00007ffb77970000 - 0x00007ffb77989000 	C:\Program Files\Android\Android Studio\jbr\bin\net.dll
0x00007ffb82570000 - 0x00007ffb82670000 	C:\Windows\SYSTEM32\WINHTTP.dll
0x00007ffb882c0000 - 0x00007ffb8832a000 	C:\Windows\system32\mswsock.dll
0x00007ffb77950000 - 0x00007ffb77963000 	C:\Program Files\Android\Android Studio\jbr\bin\nio.dll
0x00007ffb847f0000 - 0x00007ffb84817000 	C:\Users\it_04\.gradle\native\e1d6ef7f7dcc3fd88c89a11ec53ec762bb8ba0a96d01ffa2cd45eb1d1d8dd5c5\windows-amd64\native-platform.dll
0x00007ffb69d60000 - 0x00007ffb69ea4000 	C:\Users\it_04\.gradle\native\0d407fdbe67a94daf76414ababcb853783967236a71b16ec16e742cd7a986fd3\windows-amd64\native-platform-file-events.dll
0x00007ffb77940000 - 0x00007ffb7794a000 	C:\Program Files\Android\Android Studio\jbr\bin\management.dll
0x00007ffb77930000 - 0x00007ffb7793b000 	C:\Program Files\Android\Android Studio\jbr\bin\management_ext.dll
0x00007ffb88490000 - 0x00007ffb884a8000 	C:\Windows\SYSTEM32\CRYPTSP.dll
0x00007ffb87c60000 - 0x00007ffb87c94000 	C:\Windows\system32\rsaenh.dll
0x00007ffb89210000 - 0x00007ffb89237000 	C:\Windows\System32\bcrypt.dll
0x00007ffb88a40000 - 0x00007ffb88a6e000 	C:\Windows\SYSTEM32\USERENV.dll
0x00007ffb884b0000 - 0x00007ffb884bc000 	C:\Windows\SYSTEM32\CRYPTBASE.dll
0x00007ffb87fb0000 - 0x00007ffb87feb000 	C:\Windows\SYSTEM32\IPHLPAPI.DLL
0x00007ffb89c10000 - 0x00007ffb89c18000 	C:\Windows\System32\NSI.dll
0x00007ffb82530000 - 0x00007ffb82547000 	C:\Windows\SYSTEM32\dhcpcsvc6.DLL
0x00007ffb82420000 - 0x00007ffb8243d000 	C:\Windows\SYSTEM32\dhcpcsvc.DLL
0x00007ffb87ff0000 - 0x00007ffb880bb000 	C:\Windows\SYSTEM32\DNSAPI.dll

dbghelp: loaded successfully - version: 4.0.5 - missing functions: none
symbol engine: initialized successfully - sym options: 0x614 - pdb path: .;C:\Program Files\Android\Android Studio\jbr\bin;C:\Windows\SYSTEM32;C:\Windows\WinSxS\amd64_microsoft.windows.common-controls_6595b64144ccf1df_6.0.19041.746_none_ca02b4b61b8320a4;C:\ProgramData\Microsoft\DbgCtr;C:\Program Files\Android\Android Studio\jbr\bin\server;C:\Users\it_04\.gradle\native\e1d6ef7f7dcc3fd88c89a11ec53ec762bb8ba0a96d01ffa2cd45eb1d1d8dd5c5\windows-amd64;C:\Users\it_04\.gradle\native\0d407fdbe67a94daf76414ababcb853783967236a71b16ec16e742cd7a986fd3\windows-amd64

VM Arguments:
jvm_args: --add-opens=java.base/java.util=ALL-UNNAMED --add-opens=java.base/java.lang=ALL-UNNAMED --add-opens=java.base/java.lang.invoke=ALL-UNNAMED --add-opens=java.base/java.util=ALL-UNNAMED --add-opens=java.prefs/java.util.prefs=ALL-UNNAMED --add-opens=java.prefs/java.util.prefs=ALL-UNNAMED --add-opens=java.base/java.nio.charset=ALL-UNNAMED --add-opens=java.base/java.net=ALL-UNNAMED --add-opens=java.base/java.util.concurrent.atomic=ALL-UNNAMED -Xmx2048m -Dfile.encoding=UTF-8 -Duser.country=US -Duser.language=en -Duser.variant 
java_command: org.gradle.launcher.daemon.bootstrap.GradleDaemon 7.5
java_class_path (initial): C:\Users\it_04\.gradle\wrapper\dists\gradle-7.5-bin\f1w0cc9nuo0eivz97x2xlu9sv\gradle-7.5\lib\gradle-launcher-7.5.jar
Launcher Type: SUN_STANDARD

[Global flags]
     intx CICompilerCount                          = 3                                         {product} {ergonomic}
     uint ConcGCThreads                            = 1                                         {product} {ergonomic}
     uint G1ConcRefinementThreads                  = 4                                         {product} {ergonomic}
   size_t G1HeapRegionSize                         = 1048576                                   {product} {ergonomic}
    uintx GCDrainStackTargetSize                   = 64                                        {product} {ergonomic}
   size_t InitialHeapSize                          = 266338304                                 {product} {ergonomic}
   size_t MarkStackSize                            = 4194304                                   {product} {ergonomic}
   size_t MaxHeapSize                              = 2147483648                                {product} {command line}
   size_t MaxNewSize                               = 1287651328                                {product} {ergonomic}
   size_t MinHeapDeltaBytes                        = 1048576                                   {product} {ergonomic}
    uintx NonNMethodCodeHeapSize                   = 5830732                                {pd product} {ergonomic}
    uintx NonProfiledCodeHeapSize                  = 122913754                              {pd product} {ergonomic}
    uintx ProfiledCodeHeapSize                     = 122913754                              {pd product} {ergonomic}
    uintx ReservedCodeCacheSize                    = 251658240                              {pd product} {ergonomic}
     bool SegmentedCodeCache                       = true                                      {product} {ergonomic}
     bool UseCompressedClassPointers               = true                                 {lp64_product} {ergonomic}
     bool UseCompressedOops                        = true                                 {lp64_product} {ergonomic}
     bool UseG1GC                                  = true                                      {product} {ergonomic}
     bool UseLargePagesIndividualAllocation        = false                                  {pd product} {ergonomic}

Logging:
Log output configuration:
 #0: stdout all=warning uptime,level,tags
 #1: stderr all=off uptime,level,tags

Environment Variables:
PATH=D:\app\it_07\product\11.2.0\client_1\bin;C:\Windows\system32;C:\Windows;C:\Windows\System32\Wbem;C:\Windows\System32\WindowsPowerShell\v1.0\;C:\Windows\System32\OpenSSH\;C:\Program Files\dotnet\;C:\Program Files\Git\cmd;C:\Users\it_04\AppData\Local\Microsoft\WindowsApps;C:\Users\it_04\.dotnet\tools
USERNAME=it_04
OS=Windows_NT
PROCESSOR_IDENTIFIER=Intel64 Family 6 Model 165 Stepping 3, GenuineIntel



---------------  S Y S T E M  ---------------

OS: Windows 10 , 64 bit Build 19041 (10.0.19041.804)
OS uptime: 0 days 0:25 hours

CPU:total 4 (initial active 4) (2 cores per cpu, 2 threads per core) family 6 model 165 stepping 3 microcode 0xe0, cmov, cx8, fxsr, mmx, sse, sse2, sse3, ssse3, sse4.1, sse4.2, popcnt, aes, clmul, erms, 3dnowpref, lzcnt, ht, tsc, tscinvbit

Memory: 4k page, system-wide physical 16242M (9405M free)
TotalPageFile size 18674M (AvailPageFile size 12300M)
current process WorkingSet (physical memory assigned to process): 484M, peak: 523M
current process commit charge ("private bytes"): 557M, peak: 589M

vm_info: OpenJDK 64-Bit Server VM (11.0.15+0-b2043.56-9505619) for windows-amd64 JRE (11.0.15+0-b2043.56-9505619), built on Jan 19 2023 02:48:00 by "builduser" with unknown MS VC++:1929

END.
