#
# A fatal error has been detected by the Java Runtime Environment:
#
#  EXCEPTION_ACCESS_VIOLATION (0xc0000005) at pc=0x00007ff8a13563b0, pid=4764, tid=6176
#
# JRE version: OpenJDK Runtime Environment (11.0.15) (build 11.0.15+0-b2043.56-9505619)
# Java VM: OpenJDK 64-Bit Server VM (11.0.15+0-b2043.56-9505619, mixed mode, tiered, compressed oops, g1 gc, windows-amd64)
# Problematic frame:
# C  [native-platform-file-events.dll+0x463b0]
#
# No core dump will be written. Minidumps are not enabled by default on client versions of Windows
#
# If you would like to submit a bug report, please visit:
#   https://bugreport.java.com/bugreport/crash.jsp
# The crash happened outside the Java Virtual Machine in native code.
# See problematic frame for where to report the bug.
#

---------------  S U M M A R Y ------------

Command Line: --add-opens=java.base/java.util=ALL-UNNAMED --add-opens=java.base/java.lang=ALL-UNNAMED --add-opens=java.base/java.lang.invoke=ALL-UNNAMED --add-opens=java.base/java.util=ALL-UNNAMED --add-opens=java.prefs/java.util.prefs=ALL-UNNAMED --add-opens=java.prefs/java.util.prefs=ALL-UNNAMED --add-opens=java.base/java.nio.charset=ALL-UNNAMED --add-opens=java.base/java.net=ALL-UNNAMED --add-opens=java.base/java.util.concurrent.atomic=ALL-UNNAMED -Xmx2048m -Dfile.encoding=UTF-8 -Duser.country=US -Duser.language=en -Duser.variant org.gradle.launcher.daemon.bootstrap.GradleDaemon 7.5

Host: Intel(R) Pentium(R) Gold G6400 CPU @ 4.00GHz, 4 cores, 15G,  Windows 10 , 64 bit Build 19041 (10.0.19041.804)
Time: Mon Apr 24 08:52:49 2023 SE Asia Standard Time elapsed time: 191.700013 seconds (0d 0h 3m 11s)

---------------  T H R E A D  ---------------

Current thread (0x000001bb59ec5800):  JavaThread "File watcher server" daemon [_thread_in_native, id=6176, stack(0x0000002e1b200000,0x0000002e1b300000)]

Stack: [0x0000002e1b200000,0x0000002e1b300000],  sp=0x0000002e1b2fe510,  free space=1017k
Native frames: (J=compiled Java code, j=interpreted, Vv=VM code, C=native code)
C  [native-platform-file-events.dll+0x463b0]

Java frames: (J=compiled Java code, j=interpreted, Vv=VM code)
j  net.rubygrapefruit.platform.internal.jni.AbstractFileEventFunctions$NativeFileWatcher.executeRunLoop0(Ljava/lang/Object;)V+0
j  net.rubygrapefruit.platform.internal.jni.AbstractFileEventFunctions$NativeFileWatcher.access$100(Lnet/rubygrapefruit/platform/internal/jni/AbstractFileEventFunctions$NativeFileWatcher;Ljava/lang/Object;)V+2
j  net.rubygrapefruit.platform.internal.jni.AbstractFileEventFunctions$NativeFileWatcher$1.run()V+26
v  ~StubRoutines::call_stub

siginfo: EXCEPTION_ACCESS_VIOLATION (0xc0000005), reading address 0x0000000000000000


Register to memory mapping:

RIP=0x00007ff8a13563b0 native-platform-file-events.dll
RAX=0x0 is NULL
RBX=0x0 is NULL
RCX=0x0000002e1edf9c08 is pointing into the stack for thread: 0x000001bb5b3e2000
RDX=0x0 is NULL
RSP=0x0000002e1b2fe510 is pointing into the stack for thread: 0x000001bb59ec5800
RBP=0x0000002e1b2feed8 is pointing into the stack for thread: 0x000001bb59ec5800
RSI=0x0000002e1edf9c00 is pointing into the stack for thread: 0x000001bb5b3e2000
RDI=0x0000002e1edf9bc0 is pointing into the stack for thread: 0x000001bb5b3e2000
R8 =0x000001bb3c420fc0 points into unknown readable memory: 0x000001bb3c420cc0 | c0 0c 42 3c bb 01 00 00
R9 =0x0000000000000001 is an unknown value
R10=0x0000000000008000 is an unknown value
R11=0x0000002e1b2fe1c0 is pointing into the stack for thread: 0x000001bb59ec5800
R12=0x0 is NULL
R13={method} {0x000001bb5efc54b8} 'executeRunLoop0' '(Ljava/lang/Object;)V' in 'net/rubygrapefruit/platform/internal/jni/AbstractFileEventFunctions$NativeFileWatcher'
R14=0x0 is NULL
R15=0x000001bb59ec5800 is a thread


Registers:
RAX=0x0000000000000000, RBX=0x0000000000000000, RCX=0x0000002e1edf9c08, RDX=0x0000000000000000
RSP=0x0000002e1b2fe510, RBP=0x0000002e1b2feed8, RSI=0x0000002e1edf9c00, RDI=0x0000002e1edf9bc0
R8 =0x000001bb3c420fc0, R9 =0x0000000000000001, R10=0x0000000000008000, R11=0x0000002e1b2fe1c0
R12=0x0000000000000000, R13=0x000001bb5efc54b0, R14=0x0000000000000000, R15=0x000001bb59ec5800
RIP=0x00007ff8a13563b0, EFLAGS=0x0000000000010206

Top of Stack: (sp=0x0000002e1b2fe510)
0x0000002e1b2fe510:   0000000000000000 000001bb41a1fa7a
0x0000002e1b2fe520:   000001bb58705990 00007ff8a1333133
0x0000002e1b2fe530:   000001bb5a051328 000000008caacce0
0x0000002e1b2fe540:   00008f2a27f31dc3 00007ff8a133da83
0x0000002e1b2fe550:   0000002e1b2fef00 0000002e1edf9bc0
0x0000002e1b2fe560:   00007ff8a132f150 00007ff8a134709b
0x0000002e1b2fe570:   0000002e1edf9c00 0000000080422420
0x0000002e1b2fe580:   0000000000000000 00007ff8a133bfae
0x0000002e1b2fe590:   000001bb5a051320 00007ff8a13392a6
0x0000002e1b2fe5a0:   0000002e1edf9c00 0000000000000000
0x0000002e1b2fe5b0:   000001bb5a051320 00007ff8a13157b3
0x0000002e1b2fe5c0:   0000000000000000 00007ff8a13464c2
0x0000002e1b2fe5d0:   0000002e1b2fe610 0000002e1edf9c00
0x0000002e1b2fe5e0:   000001bb58394a20 0000000000000000
0x0000002e1b2fe5f0:   0000000080414601 000001bb582afd50
0x0000002e1b2fe600:   0000000000000000 0000002e1b2fe648 

Instructions: (pc=0x00007ff8a13563b0)
0x00007ff8a13562b0:   7d 0b 00 48 89 01 48 83 c1 08 48 83 c4 28 48 ff
0x00007ff8a13562c0:   25 b3 7d 0f 00 48 8d 05 54 7d 0b 00 45 33 c0 48
0x00007ff8a13562d0:   89 01 ba a0 0f 00 00 48 83 c1 08 48 83 c4 28 48
0x00007ff8a13562e0:   ff 25 ba 7d 0f 00 e8 40 c3 fb ff cc cc cc cc cc
0x00007ff8a13562f0:   cc cc cc cc cc cc cc cc cc cc cc cc cc cc cc cc
0x00007ff8a1356300:   cc cc cc cc cc cc cc cc 48 83 c1 08 48 ff 25 9d
0x00007ff8a1356310:   7d 0f 00 cc cc cc cc cc c2 00 00 cc 48 83 c1 08
0x00007ff8a1356320:   48 ff 25 69 7d 0f 00 cc cc cc cc cc 48 83 c1 08
0x00007ff8a1356330:   48 ff 25 51 7d 0f 00 cc cc cc cc cc 48 89 5c 24
0x00007ff8a1356340:   18 56 57 41 56 48 83 ec 40 48 8b 05 f8 3e 0e 00
0x00007ff8a1356350:   48 33 c4 48 89 44 24 30 8b 01 4c 8b f2 0f ba f0
0x00007ff8a1356360:   08 48 8b f1 83 f8 01 75 2c ff 15 d1 7c 0f 00 39
0x00007ff8a1356370:   46 48 74 19 48 8d 4e 08 48 8b 01 48 8b 00 ff 15
0x00007ff8a1356380:   9c 9c 0f 00 ff 15 b6 7c 0f 00 89 46 48 ff 46 4c
0x00007ff8a1356390:   e9 f3 00 00 00 4d 85 f6 75 24 ff 15 a0 7c 0f 00
0x00007ff8a13563a0:   39 46 48 0f 84 9d 00 00 00 48 8d 4e 08 48 8b 01
0x00007ff8a13563b0:   48 8b 00 ff 15 67 9c 0f 00 e9 88 00 00 00 48 83
0x00007ff8a13563c0:   3a 00 7c 62 75 06 83 7a 08 00 7e 5a ba 01 00 00
0x00007ff8a13563d0:   00 48 8d 4c 24 20 e8 e0 e1 fb ff 48 8b 44 24 20
0x00007ff8a13563e0:   49 3b 06 7c 0c 75 7d 41 8b 46 08 39 44 24 28 7d
0x00007ff8a13563f0:   73 ff 15 49 7c 0f 00 39 46 48 74 4a 48 8b 46 08
0x00007ff8a1356400:   48 8d 54 24 20 49 8b ce 48 8b 58 10 e8 ef ec fb
0x00007ff8a1356410:   ff 8b d0 48 8d 4e 08 48 8b c3 ff 15 00 9c 0f 00
0x00007ff8a1356420:   84 c0 75 22 eb a6 ff 15 14 7c 0f 00 39 46 48 74
0x00007ff8a1356430:   15 48 8d 4e 08 48 8b 01 48 8b 40 08 ff 15 de 9b
0x00007ff8a1356440:   0f 00 84 c0 74 1e 8b 4e 4c 8d 41 01 89 46 4c 83
0x00007ff8a1356450:   f8 01 7e 2b f7 06 00 01 00 00 75 2c 89 4e 4c 4d
0x00007ff8a1356460:   85 f6 74 14 49 83 3e 00 75 07 41 83 7e 08 00 74
0x00007ff8a1356470:   07 b8 02 00 00 00 eb 12 b8 03 00 00 00 eb 0b ff
0x00007ff8a1356480:   15 bb 7b 0f 00 89 46 48 33 c0 48 8b 4c 24 30 48
0x00007ff8a1356490:   33 cc e8 47 d7 fb ff 48 8b 5c 24 70 48 83 c4 40
0x00007ff8a13564a0:   41 5e 5f 5e c3 cc cc cc cc cc cc cc cc cc cc cc 


Stack slot to memory mapping:
stack at sp + 0 slots: 0x0 is NULL
stack at sp + 1 slots: 0x000001bb41a1fa7a is at code_begin+2458 in an Interpreter codelet
method entry point (kind = native)  [0x000001bb41a1f0e0, 0x000001bb41a1fb60]  2688 bytes
stack at sp + 2 slots: {method} {0x000001bb58705998} 'findEntry' '(Ljava/lang/String;)J' in 'java/lang/ClassLoader$NativeLibrary'
stack at sp + 3 slots: 0x00007ff8a1333133 native-platform-file-events.dll
stack at sp + 4 slots: 0x000001bb5a051328 points into unknown readable memory: 0x00000001000ab640 | 40 b6 0a 00 01 00 00 00
stack at sp + 5 slots: 0x000000008caacce0 is an unallocated location in the heap
stack at sp + 6 slots: 0x00008f2a27f31dc3 is an unknown value
stack at sp + 7 slots: 0x00007ff8a133da83 native-platform-file-events.dll


---------------  P R O C E S S  ---------------

Threads class SMR info:
_java_thread_list=0x000001bb636f8710, length=89, elements={
0x000001bb3c6c3000, 0x000001bb58ac9800, 0x000001bb58ad2800, 0x000001bb58b24800,
0x000001bb58b27000, 0x000001bb58b2a000, 0x000001bb58b2d000, 0x000001bb58b3f000,
0x000001bb58b7a000, 0x000001bb58c9b000, 0x000001bb5b1ee000, 0x000001bb5ad30800,
0x000001bb59a2d800, 0x000001bb59ec6800, 0x000001bb59ec7800, 0x000001bb59ec8000,
0x000001bb59ec5800, 0x000001bb59ec5000, 0x000001bb5b3de000, 0x000001bb5b3d8800,
0x000001bb5b3dd000, 0x000001bb5b3e3800, 0x000001bb5b3e3000, 0x000001bb5bfcc800,
0x000001bb6076a000, 0x000001bb5df5d000, 0x000001bb5df5e800, 0x000001bb5df5d800,
0x000001bb5b3e1800, 0x000001bb5b3dc800, 0x000001bb59ec3000, 0x000001bb59ec4000,
0x000001bb60770800, 0x000001bb6076e000, 0x000001bb6076d000, 0x000001bb6076c800,
0x000001bb6076b800, 0x000001bb6076f800, 0x000001bb6076b000, 0x000001bb6076f000,
0x000001bb60776000, 0x000001bb60774800, 0x000001bb60773000, 0x000001bb60775800,
0x000001bb60777000, 0x000001bb60771800, 0x000001bb60778000, 0x000001bb60772000,
0x000001bb60778800, 0x000001bb5bfc3800, 0x000001bb5bfc3000, 0x000001bb5bfc4800,
0x000001bb5bfc5800, 0x000001bb5bfc6000, 0x000001bb5bfc7000, 0x000001bb5bfc1800,
0x000001bb5bfc8000, 0x000001bb5bfc2000, 0x000001bb5bfcb000, 0x000001bb5bfce800,
0x000001bb5bfc8800, 0x000001bb5bfcc000, 0x000001bb5bfcf000, 0x000001bb5bfc9800,
0x000001bb5bfd0000, 0x000001bb5bfca000, 0x000001bb5df59000, 0x000001bb5df5f800,
0x000001bb5df59800, 0x000001bb5df5c000, 0x000001bb5df60000, 0x000001bb5df5a800,
0x000001bb5df61000, 0x000001bb5df5b000, 0x000001bb5df67800, 0x000001bb5df66000,
0x000001bb5df66800, 0x000001bb5df61800, 0x000001bb5df63800, 0x000001bb5df64000,
0x000001bb5df65000, 0x000001bb5df62800, 0x000001bb5b3e0800, 0x000001bb5b3e5800,
0x000001bb5b3e2000, 0x000001bb5b3e6000, 0x000001bb5b3e7000, 0x000001bb60773800,
0x000001bb59ec9000
}

Java Threads: ( => current thread )
  0x000001bb3c6c3000 JavaThread "main" [_thread_blocked, id=5964, stack(0x0000002e18d00000,0x0000002e18e00000)]
  0x000001bb58ac9800 JavaThread "Reference Handler" daemon [_thread_blocked, id=2500, stack(0x0000002e19700000,0x0000002e19800000)]
  0x000001bb58ad2800 JavaThread "Finalizer" daemon [_thread_blocked, id=7220, stack(0x0000002e19800000,0x0000002e19900000)]
  0x000001bb58b24800 JavaThread "Signal Dispatcher" daemon [_thread_blocked, id=9864, stack(0x0000002e19900000,0x0000002e19a00000)]
  0x000001bb58b27000 JavaThread "Attach Listener" daemon [_thread_blocked, id=4724, stack(0x0000002e19a00000,0x0000002e19b00000)]
  0x000001bb58b2a000 JavaThread "Service Thread" daemon [_thread_blocked, id=1888, stack(0x0000002e19b00000,0x0000002e19c00000)]
  0x000001bb58b2d000 JavaThread "C2 CompilerThread0" daemon [_thread_blocked, id=9284, stack(0x0000002e19c00000,0x0000002e19d00000)]
  0x000001bb58b3f000 JavaThread "C1 CompilerThread0" daemon [_thread_in_native, id=7268, stack(0x0000002e19d00000,0x0000002e19e00000)]
  0x000001bb58b7a000 JavaThread "Sweeper thread" daemon [_thread_blocked, id=3572, stack(0x0000002e19e00000,0x0000002e19f00000)]
  0x000001bb58c9b000 JavaThread "Common-Cleaner" daemon [_thread_blocked, id=9384, stack(0x0000002e19f00000,0x0000002e1a000000)]
  0x000001bb5b1ee000 JavaThread "Daemon health stats" [_thread_blocked, id=9344, stack(0x0000002e1a500000,0x0000002e1a600000)]
  0x000001bb5ad30800 JavaThread "Incoming local TCP Connector on port 50174" [_thread_in_native, id=1840, stack(0x0000002e1a600000,0x0000002e1a700000)]
  0x000001bb59a2d800 JavaThread "Daemon periodic checks" [_thread_blocked, id=8120, stack(0x0000002e1a700000,0x0000002e1a800000)]
  0x000001bb59ec6800 JavaThread "Cache worker for journal cache (C:\Users\it_04\.gradle\caches\journal-1)" [_thread_blocked, id=1200, stack(0x0000002e1af00000,0x0000002e1b000000)]
  0x000001bb59ec7800 JavaThread "File lock request listener" [_thread_in_native, id=3516, stack(0x0000002e1b000000,0x0000002e1b100000)]
  0x000001bb59ec8000 JavaThread "Cache worker for file hash cache (C:\Users\it_04\.gradle\caches\7.5\fileHashes)" [_thread_blocked, id=9176, stack(0x0000002e1b100000,0x0000002e1b200000)]
=>0x000001bb59ec5800 JavaThread "File watcher server" daemon [_thread_in_native, id=6176, stack(0x0000002e1b200000,0x0000002e1b300000)]
  0x000001bb59ec5000 JavaThread "Cache worker for file content cache (C:\Users\it_04\.gradle\caches\7.5\fileContent)" [_thread_blocked, id=8144, stack(0x0000002e1b600000,0x0000002e1b700000)]
  0x000001bb5b3de000 JavaThread "Cache worker for execution history cache (C:\Users\it_04\.gradle\caches\7.5\executionHistory)" [_thread_blocked, id=7556, stack(0x0000002e1b900000,0x0000002e1ba00000)]
  0x000001bb5b3d8800 JavaThread "jar transforms" [_thread_blocked, id=10108, stack(0x0000002e1ba00000,0x0000002e1bb00000)]
  0x000001bb5b3dd000 JavaThread "jar transforms Thread 2" [_thread_blocked, id=2532, stack(0x0000002e1bb00000,0x0000002e1bc00000)]
  0x000001bb5b3e3800 JavaThread "jar transforms Thread 3" [_thread_blocked, id=8504, stack(0x0000002e1bc00000,0x0000002e1bd00000)]
  0x000001bb5b3e3000 JavaThread "jar transforms Thread 4" [_thread_blocked, id=4528, stack(0x0000002e1bd00000,0x0000002e1be00000)]
  0x000001bb5bfcc800 JavaThread "Memory manager" [_thread_blocked, id=5008, stack(0x0000002e1e800000,0x0000002e1e900000)]
  0x000001bb6076a000 JavaThread "pool-3-thread-1" [_thread_blocked, id=6372, stack(0x0000002e1ea00000,0x0000002e1eb00000)]
  0x000001bb5df5d000 JavaThread "pool-6-thread-1" [_thread_blocked, id=5896, stack(0x0000002e1e900000,0x0000002e1ea00000)]
  0x000001bb5df5e800 JavaThread "Daemon Thread 2" [_thread_blocked, id=8140, stack(0x0000002e18e00000,0x0000002e18f00000)]
  0x000001bb5df5d800 JavaThread "Daemon worker Thread 2" [_thread_blocked, id=4020, stack(0x0000002e1a100000,0x0000002e1a200000)]
  0x000001bb5b3e1800 JavaThread "pool-9-thread-1" [_thread_blocked, id=8352, stack(0x0000002e1e600000,0x0000002e1e700000)]
  0x000001bb5b3dc800 JavaThread "included builds" [_thread_blocked, id=3008, stack(0x0000002e1eb00000,0x0000002e1ec00000)]
  0x000001bb59ec3000 JavaThread "Handler for socket connection from /127.0.0.1:50174 to /127.0.0.1:50290" [_thread_in_native, id=1876, stack(0x0000002e18f00000,0x0000002e19000000)]
  0x000001bb59ec4000 JavaThread "Cancel handler" [_thread_blocked, id=5864, stack(0x0000002e19000000,0x0000002e19100000)]
  0x000001bb60770800 JavaThread "Asynchronous log dispatcher for DefaultDaemonConnection: socket connection from /127.0.0.1:50174 to /127.0.0.1:50290" [_thread_blocked, id=6836, stack(0x0000002e1a800000,0x0000002e1a900000)]
  0x000001bb6076e000 JavaThread "Stdin handler" [_thread_blocked, id=10164, stack(0x0000002e1a900000,0x0000002e1aa00000)]
  0x000001bb6076d000 JavaThread "Daemon client event forwarder" [_thread_blocked, id=9036, stack(0x0000002e1aa00000,0x0000002e1ab00000)]
  0x000001bb6076c800 JavaThread "Cache worker for checksums cache (D:\SourceAndroid\KyThuat\.gradle\7.5\checksums)" [_thread_blocked, id=5280, stack(0x0000002e1ac00000,0x0000002e1ad00000)]
  0x000001bb6076b800 JavaThread "Cache worker for cache directory md-rule (C:\Users\it_04\.gradle\caches\7.5\md-rule)" [_thread_blocked, id=2424, stack(0x0000002e1ad00000,0x0000002e1ae00000)]
  0x000001bb6076f800 JavaThread "Cache worker for file hash cache (D:\SourceAndroid\KyThuat\.gradle\7.5\fileHashes)" [_thread_blocked, id=3044, stack(0x0000002e1ae00000,0x0000002e1af00000)]
  0x000001bb6076b000 JavaThread "Cache worker for cache directory md-supplier (C:\Users\it_04\.gradle\caches\7.5\md-supplier)" [_thread_blocked, id=6080, stack(0x0000002e1b400000,0x0000002e1b500000)]
  0x000001bb6076f000 JavaThread "Cache worker for dependencies-accessors (D:\SourceAndroid\KyThuat\.gradle\7.5\dependencies-accessors)" [_thread_blocked, id=5384, stack(0x0000002e1b500000,0x0000002e1b600000)]
  0x000001bb60776000 JavaThread "Cache worker for Build Output Cleanup Cache (D:\SourceAndroid\KyThuat\.gradle\buildOutputCleanup)" [_thread_blocked, id=8952, stack(0x0000002e1b700000,0x0000002e1b800000)]
  0x000001bb60774800 JavaThread "Unconstrained build operations" [_thread_blocked, id=8208, stack(0x0000002e1b800000,0x0000002e1b900000)]
  0x000001bb60773000 JavaThread "Unconstrained build operations Thread 2" [_thread_blocked, id=820, stack(0x0000002e1be00000,0x0000002e1bf00000)]
  0x000001bb60775800 JavaThread "Unconstrained build operations Thread 3" [_thread_blocked, id=6368, stack(0x0000002e1bf00000,0x0000002e1c000000)]
  0x000001bb60777000 JavaThread "Unconstrained build operations Thread 4" [_thread_blocked, id=3928, stack(0x0000002e1c000000,0x0000002e1c100000)]
  0x000001bb60771800 JavaThread "Unconstrained build operations Thread 5" [_thread_blocked, id=9012, stack(0x0000002e1c100000,0x0000002e1c200000)]
  0x000001bb60778000 JavaThread "Unconstrained build operations Thread 6" [_thread_blocked, id=3816, stack(0x0000002e1c200000,0x0000002e1c300000)]
  0x000001bb60772000 JavaThread "Unconstrained build operations Thread 7" [_thread_blocked, id=9788, stack(0x0000002e1c300000,0x0000002e1c400000)]
  0x000001bb60778800 JavaThread "Unconstrained build operations Thread 8" [_thread_blocked, id=6680, stack(0x0000002e1c400000,0x0000002e1c500000)]
  0x000001bb5bfc3800 JavaThread "Unconstrained build operations Thread 9" [_thread_blocked, id=1436, stack(0x0000002e1c500000,0x0000002e1c600000)]
  0x000001bb5bfc3000 JavaThread "Unconstrained build operations Thread 10" [_thread_blocked, id=9304, stack(0x0000002e1c600000,0x0000002e1c700000)]
  0x000001bb5bfc4800 JavaThread "Unconstrained build operations Thread 11" [_thread_blocked, id=9256, stack(0x0000002e1c700000,0x0000002e1c800000)]
  0x000001bb5bfc5800 JavaThread "Unconstrained build operations Thread 12" [_thread_blocked, id=1316, stack(0x0000002e1c800000,0x0000002e1c900000)]
  0x000001bb5bfc6000 JavaThread "Unconstrained build operations Thread 13" [_thread_blocked, id=7900, stack(0x0000002e1c900000,0x0000002e1ca00000)]
  0x000001bb5bfc7000 JavaThread "Unconstrained build operations Thread 14" [_thread_blocked, id=7984, stack(0x0000002e1ca00000,0x0000002e1cb00000)]
  0x000001bb5bfc1800 JavaThread "Unconstrained build operations Thread 15" [_thread_blocked, id=3004, stack(0x0000002e1cb00000,0x0000002e1cc00000)]
  0x000001bb5bfc8000 JavaThread "Unconstrained build operations Thread 16" [_thread_blocked, id=4832, stack(0x0000002e1cc00000,0x0000002e1cd00000)]
  0x000001bb5bfc2000 JavaThread "Unconstrained build operations Thread 17" [_thread_blocked, id=7380, stack(0x0000002e1cd00000,0x0000002e1ce00000)]
  0x000001bb5bfcb000 JavaThread "Unconstrained build operations Thread 18" [_thread_blocked, id=3548, stack(0x0000002e1ce00000,0x0000002e1cf00000)]
  0x000001bb5bfce800 JavaThread "Unconstrained build operations Thread 19" [_thread_blocked, id=6400, stack(0x0000002e1cf00000,0x0000002e1d000000)]
  0x000001bb5bfc8800 JavaThread "Unconstrained build operations Thread 20" [_thread_blocked, id=7996, stack(0x0000002e1d000000,0x0000002e1d100000)]
  0x000001bb5bfcc000 JavaThread "Unconstrained build operations Thread 21" [_thread_blocked, id=4852, stack(0x0000002e1d100000,0x0000002e1d200000)]
  0x000001bb5bfcf000 JavaThread "Unconstrained build operations Thread 22" [_thread_blocked, id=412, stack(0x0000002e1d200000,0x0000002e1d300000)]
  0x000001bb5bfc9800 JavaThread "Unconstrained build operations Thread 23" [_thread_blocked, id=7256, stack(0x0000002e1d300000,0x0000002e1d400000)]
  0x000001bb5bfd0000 JavaThread "Unconstrained build operations Thread 24" [_thread_blocked, id=4552, stack(0x0000002e1d400000,0x0000002e1d500000)]
  0x000001bb5bfca000 JavaThread "Unconstrained build operations Thread 25" [_thread_blocked, id=6340, stack(0x0000002e1d500000,0x0000002e1d600000)]
  0x000001bb5df59000 JavaThread "Unconstrained build operations Thread 26" [_thread_blocked, id=10204, stack(0x0000002e1d600000,0x0000002e1d700000)]
  0x000001bb5df5f800 JavaThread "Unconstrained build operations Thread 27" [_thread_blocked, id=1716, stack(0x0000002e1d700000,0x0000002e1d800000)]
  0x000001bb5df59800 JavaThread "Unconstrained build operations Thread 28" [_thread_blocked, id=9260, stack(0x0000002e1d800000,0x0000002e1d900000)]
  0x000001bb5df5c000 JavaThread "Unconstrained build operations Thread 29" [_thread_blocked, id=6000, stack(0x0000002e1d900000,0x0000002e1da00000)]
  0x000001bb5df60000 JavaThread "Unconstrained build operations Thread 30" [_thread_blocked, id=9552, stack(0x0000002e1da00000,0x0000002e1db00000)]
  0x000001bb5df5a800 JavaThread "Unconstrained build operations Thread 31" [_thread_blocked, id=3240, stack(0x0000002e1db00000,0x0000002e1dc00000)]
  0x000001bb5df61000 JavaThread "Unconstrained build operations Thread 32" [_thread_blocked, id=9180, stack(0x0000002e1dc00000,0x0000002e1dd00000)]
  0x000001bb5df5b000 JavaThread "Unconstrained build operations Thread 33" [_thread_blocked, id=2384, stack(0x0000002e1dd00000,0x0000002e1de00000)]
  0x000001bb5df67800 JavaThread "Unconstrained build operations Thread 34" [_thread_blocked, id=8712, stack(0x0000002e1de00000,0x0000002e1df00000)]
  0x000001bb5df66000 JavaThread "Unconstrained build operations Thread 35" [_thread_blocked, id=8652, stack(0x0000002e1df00000,0x0000002e1e000000)]
  0x000001bb5df66800 JavaThread "Unconstrained build operations Thread 36" [_thread_blocked, id=4188, stack(0x0000002e1e000000,0x0000002e1e100000)]
  0x000001bb5df61800 JavaThread "Unconstrained build operations Thread 37" [_thread_blocked, id=6560, stack(0x0000002e1e100000,0x0000002e1e200000)]
  0x000001bb5df63800 JavaThread "Unconstrained build operations Thread 38" [_thread_blocked, id=6752, stack(0x0000002e1e200000,0x0000002e1e300000)]
  0x000001bb5df64000 JavaThread "Unconstrained build operations Thread 39" [_thread_blocked, id=7424, stack(0x0000002e1e300000,0x0000002e1e400000)]
  0x000001bb5df65000 JavaThread "Unconstrained build operations Thread 40" [_thread_blocked, id=3048, stack(0x0000002e1e400000,0x0000002e1e500000)]
  0x000001bb5df62800 JavaThread "build event listener" [_thread_blocked, id=1432, stack(0x0000002e1e500000,0x0000002e1e600000)]
  0x000001bb5b3e0800 JavaThread "pool-12-thread-1" [_thread_blocked, id=2912, stack(0x0000002e1e700000,0x0000002e1e800000)]
  0x000001bb5b3e5800 JavaThread "build event listener" [_thread_blocked, id=3260, stack(0x0000002e1ec00000,0x0000002e1ed00000)]
  0x000001bb5b3e2000 JavaThread "included builds" [_thread_blocked, id=1292, stack(0x0000002e1ed00000,0x0000002e1ee00000)]
  0x000001bb5b3e6000 JavaThread "Execution worker" [_thread_blocked, id=7776, stack(0x0000002e1ee00000,0x0000002e1ef00000)]
  0x000001bb5b3e7000 JavaThread "Execution worker Thread 2" [_thread_blocked, id=7868, stack(0x0000002e1ef00000,0x0000002e1f000000)]
  0x000001bb60773800 JavaThread "Execution worker Thread 3" [_thread_blocked, id=9844, stack(0x0000002e1f000000,0x0000002e1f100000)]
  0x000001bb59ec9000 JavaThread "Cache worker for execution history cache (D:\SourceAndroid\KyThuat\.gradle\7.5\executionHistory)" [_thread_blocked, id=2064, stack(0x0000002e1f100000,0x0000002e1f200000)]

Other Threads:
  0x000001bb58ac7800 VMThread "VM Thread" [stack: 0x0000002e19600000,0x0000002e19700000] [id=5240]
  0x000001bb58cbe000 WatcherThread [stack: 0x0000002e1a000000,0x0000002e1a100000] [id=1660]
  0x000001bb3c6dc800 GCTaskThread "GC Thread#0" [stack: 0x0000002e19100000,0x0000002e19200000] [id=1820]
  0x000001bb59574800 GCTaskThread "GC Thread#1" [stack: 0x0000002e1a200000,0x0000002e1a300000] [id=2836]
  0x000001bb58de6800 GCTaskThread "GC Thread#2" [stack: 0x0000002e1a300000,0x0000002e1a400000] [id=4828]
  0x000001bb594af000 GCTaskThread "GC Thread#3" [stack: 0x0000002e1a400000,0x0000002e1a500000] [id=1356]
  0x000001bb3c70e000 ConcurrentGCThread "G1 Main Marker" [stack: 0x0000002e19200000,0x0000002e19300000] [id=5580]
  0x000001bb3c710000 ConcurrentGCThread "G1 Conc#0" [stack: 0x0000002e19300000,0x0000002e19400000] [id=9660]
  0x000001bb58108800 ConcurrentGCThread "G1 Refine#0" [stack: 0x0000002e19400000,0x0000002e19500000] [id=8792]
  0x000001bb59466000 ConcurrentGCThread "G1 Refine#1" [stack: 0x0000002e1f200000,0x0000002e1f300000] [id=1248]
  0x000001bb58109000 ConcurrentGCThread "G1 Young RemSet Sampling" [stack: 0x0000002e19500000,0x0000002e19600000] [id=5880]

Threads with active compile tasks:

VM state:not at safepoint (normal execution)

VM Mutex/Monitor currently owned by a thread: None

Heap address: 0x0000000080000000, size: 2048 MB, Compressed Oops mode: 32-bit
Narrow klass base: 0x0000000000000000, Narrow klass shift: 3
Compressed class space size: 1073741824 Address: 0x0000000100000000

Heap:
 garbage-first heap   total 332800K, used 208268K [0x0000000080000000, 0x0000000100000000)
  region size 1024K, 25 young (25600K), 12 survivors (12288K)
 Metaspace       used 107186K, capacity 110335K, committed 110536K, reserved 1144832K
  class space    used 13348K, capacity 14413K, committed 14488K, reserved 1048576K
Heap Regions: E=young(eden), S=young(survivor), O=old, HS=humongous(starts), HC=humongous(continues), CS=collection set, F=free, A=archive, TAMS=top-at-mark-start (previous, next)
|   0|0x0000000080000000, 0x0000000080100000, 0x0000000080100000|100%|HS|  |TAMS 0x0000000080100000, 0x0000000080000000| Complete 
|   1|0x0000000080100000, 0x0000000080200000, 0x0000000080200000|100%|HC|  |TAMS 0x0000000080200000, 0x0000000080100000| Complete 
|   2|0x0000000080200000, 0x0000000080300000, 0x0000000080300000|100%|HC|  |TAMS 0x0000000080300000, 0x0000000080200000| Complete 
|   3|0x0000000080300000, 0x0000000080400000, 0x0000000080400000|100%| O|  |TAMS 0x0000000080400000, 0x0000000080300000| Untracked 
|   4|0x0000000080400000, 0x0000000080500000, 0x0000000080500000|100%| O|  |TAMS 0x0000000080500000, 0x0000000080400000| Untracked 
|   5|0x0000000080500000, 0x0000000080600000, 0x0000000080600000|100%| O|  |TAMS 0x0000000080600000, 0x0000000080500000| Untracked 
|   6|0x0000000080600000, 0x0000000080700000, 0x0000000080700000|100%| O|  |TAMS 0x0000000080700000, 0x0000000080600000| Untracked 
|   7|0x0000000080700000, 0x0000000080800000, 0x0000000080800000|100%| O|  |TAMS 0x0000000080800000, 0x0000000080700000| Untracked 
|   8|0x0000000080800000, 0x0000000080900000, 0x0000000080900000|100%| O|  |TAMS 0x0000000080900000, 0x0000000080800000| Untracked 
|   9|0x0000000080900000, 0x0000000080a00000, 0x0000000080a00000|100%| O|  |TAMS 0x0000000080a00000, 0x0000000080900000| Untracked 
|  10|0x0000000080a00000, 0x0000000080b00000, 0x0000000080b00000|100%| O|  |TAMS 0x0000000080b00000, 0x0000000080a00000| Untracked 
|  11|0x0000000080b00000, 0x0000000080c00000, 0x0000000080c00000|100%| O|  |TAMS 0x0000000080c00000, 0x0000000080b00000| Untracked 
|  12|0x0000000080c00000, 0x0000000080d00000, 0x0000000080d00000|100%| O|  |TAMS 0x0000000080d00000, 0x0000000080c00000| Untracked 
|  13|0x0000000080d00000, 0x0000000080e00000, 0x0000000080e00000|100%| O|  |TAMS 0x0000000080e00000, 0x0000000080d00000| Untracked 
|  14|0x0000000080e00000, 0x0000000080f00000, 0x0000000080f00000|100%| O|  |TAMS 0x0000000080f00000, 0x0000000080e00000| Untracked 
|  15|0x0000000080f00000, 0x0000000081000000, 0x0000000081000000|100%| O|  |TAMS 0x0000000081000000, 0x0000000080f00000| Untracked 
|  16|0x0000000081000000, 0x0000000081100000, 0x0000000081100000|100%|HS|  |TAMS 0x0000000081100000, 0x0000000081000000| Complete 
|  17|0x0000000081100000, 0x0000000081200000, 0x0000000081200000|100%|HS|  |TAMS 0x0000000081200000, 0x0000000081100000| Complete 
|  18|0x0000000081200000, 0x0000000081300000, 0x0000000081300000|100%| O|  |TAMS 0x0000000081300000, 0x0000000081200000| Untracked 
|  19|0x0000000081300000, 0x0000000081400000, 0x0000000081400000|100%|HS|  |TAMS 0x0000000081400000, 0x0000000081300000| Complete 
|  20|0x0000000081400000, 0x0000000081500000, 0x0000000081500000|100%|HC|  |TAMS 0x0000000081500000, 0x0000000081400000| Complete 
|  21|0x0000000081500000, 0x0000000081600000, 0x0000000081600000|100%| O|  |TAMS 0x0000000081600000, 0x0000000081500000| Untracked 
|  22|0x0000000081600000, 0x0000000081700000, 0x0000000081700000|100%| O|  |TAMS 0x0000000081700000, 0x0000000081600000| Untracked 
|  23|0x0000000081700000, 0x0000000081800000, 0x0000000081800000|100%| O|  |TAMS 0x0000000081800000, 0x0000000081700000| Untracked 
|  24|0x0000000081800000, 0x0000000081900000, 0x0000000081900000|100%| O|  |TAMS 0x0000000081900000, 0x0000000081800000| Untracked 
|  25|0x0000000081900000, 0x0000000081a00000, 0x0000000081a00000|100%| O|  |TAMS 0x0000000081a00000, 0x0000000081900000| Untracked 
|  26|0x0000000081a00000, 0x0000000081b00000, 0x0000000081b00000|100%| O|  |TAMS 0x0000000081b00000, 0x0000000081a00000| Untracked 
|  27|0x0000000081b00000, 0x0000000081c00000, 0x0000000081c00000|100%| O|  |TAMS 0x0000000081c00000, 0x0000000081b00000| Untracked 
|  28|0x0000000081c00000, 0x0000000081d00000, 0x0000000081d00000|100%| O|  |TAMS 0x0000000081d00000, 0x0000000081c00000| Untracked 
|  29|0x0000000081d00000, 0x0000000081e00000, 0x0000000081e00000|100%| O|  |TAMS 0x0000000081e00000, 0x0000000081d00000| Untracked 
|  30|0x0000000081e00000, 0x0000000081f00000, 0x0000000081f00000|100%| O|  |TAMS 0x0000000081f00000, 0x0000000081e00000| Untracked 
|  31|0x0000000081f00000, 0x0000000082000000, 0x0000000082000000|100%| O|  |TAMS 0x0000000082000000, 0x0000000081f00000| Untracked 
|  32|0x0000000082000000, 0x0000000082100000, 0x0000000082100000|100%| O|  |TAMS 0x0000000082100000, 0x0000000082000000| Untracked 
|  33|0x0000000082100000, 0x0000000082200000, 0x0000000082200000|100%| O|  |TAMS 0x0000000082200000, 0x0000000082100000| Untracked 
|  34|0x0000000082200000, 0x0000000082300000, 0x0000000082300000|100%| O|  |TAMS 0x0000000082300000, 0x0000000082200000| Untracked 
|  35|0x0000000082300000, 0x0000000082400000, 0x0000000082400000|100%| O|  |TAMS 0x0000000082400000, 0x0000000082300000| Untracked 
|  36|0x0000000082400000, 0x0000000082500000, 0x0000000082500000|100%| O|  |TAMS 0x0000000082500000, 0x0000000082400000| Untracked 
|  37|0x0000000082500000, 0x0000000082600000, 0x0000000082600000|100%| O|  |TAMS 0x0000000082600000, 0x0000000082500000| Untracked 
|  38|0x0000000082600000, 0x0000000082700000, 0x0000000082700000|100%| O|  |TAMS 0x0000000082700000, 0x0000000082600000| Untracked 
|  39|0x0000000082700000, 0x0000000082800000, 0x0000000082800000|100%| O|  |TAMS 0x0000000082800000, 0x0000000082700000| Untracked 
|  40|0x0000000082800000, 0x0000000082900000, 0x0000000082900000|100%| O|  |TAMS 0x0000000082900000, 0x0000000082800000| Untracked 
|  41|0x0000000082900000, 0x0000000082a00000, 0x0000000082a00000|100%| O|  |TAMS 0x0000000082a00000, 0x0000000082900000| Untracked 
|  42|0x0000000082a00000, 0x0000000082b00000, 0x0000000082b00000|100%| O|  |TAMS 0x0000000082b00000, 0x0000000082a00000| Untracked 
|  43|0x0000000082b00000, 0x0000000082c00000, 0x0000000082c00000|100%| O|  |TAMS 0x0000000082c00000, 0x0000000082b00000| Untracked 
|  44|0x0000000082c00000, 0x0000000082d00000, 0x0000000082d00000|100%| O|  |TAMS 0x0000000082d00000, 0x0000000082c00000| Untracked 
|  45|0x0000000082d00000, 0x0000000082e00000, 0x0000000082e00000|100%| O|  |TAMS 0x0000000082e00000, 0x0000000082d00000| Untracked 
|  46|0x0000000082e00000, 0x0000000082f00000, 0x0000000082f00000|100%| O|  |TAMS 0x0000000082f00000, 0x0000000082e00000| Untracked 
|  47|0x0000000082f00000, 0x0000000083000000, 0x0000000083000000|100%| O|  |TAMS 0x0000000083000000, 0x0000000082f00000| Untracked 
|  48|0x0000000083000000, 0x0000000083100000, 0x0000000083100000|100%| O|  |TAMS 0x0000000083100000, 0x0000000083000000| Untracked 
|  49|0x0000000083100000, 0x0000000083200000, 0x0000000083200000|100%| O|  |TAMS 0x0000000083200000, 0x0000000083100000| Untracked 
|  50|0x0000000083200000, 0x0000000083300000, 0x0000000083300000|100%| O|  |TAMS 0x0000000083300000, 0x0000000083200000| Untracked 
|  51|0x0000000083300000, 0x0000000083400000, 0x0000000083400000|100%| O|  |TAMS 0x0000000083400000, 0x0000000083300000| Untracked 
|  52|0x0000000083400000, 0x0000000083500000, 0x0000000083500000|100%| O|  |TAMS 0x0000000083500000, 0x0000000083400000| Untracked 
|  53|0x0000000083500000, 0x0000000083600000, 0x0000000083600000|100%| O|  |TAMS 0x0000000083600000, 0x0000000083500000| Untracked 
|  54|0x0000000083600000, 0x0000000083700000, 0x0000000083700000|100%|HS|  |TAMS 0x0000000083700000, 0x0000000083600000| Complete 
|  55|0x0000000083700000, 0x0000000083800000, 0x0000000083800000|100%|HC|  |TAMS 0x0000000083800000, 0x0000000083700000| Complete 
|  56|0x0000000083800000, 0x0000000083900000, 0x0000000083900000|100%|HS|  |TAMS 0x0000000083900000, 0x0000000083800000| Complete 
|  57|0x0000000083900000, 0x0000000083a00000, 0x0000000083a00000|100%|HC|  |TAMS 0x0000000083a00000, 0x0000000083900000| Complete 
|  58|0x0000000083a00000, 0x0000000083b00000, 0x0000000083b00000|100%|HC|  |TAMS 0x0000000083b00000, 0x0000000083a00000| Complete 
|  59|0x0000000083b00000, 0x0000000083c00000, 0x0000000083c00000|100%|HS|  |TAMS 0x0000000083c00000, 0x0000000083b00000| Complete 
|  60|0x0000000083c00000, 0x0000000083d00000, 0x0000000083d00000|100%|HC|  |TAMS 0x0000000083d00000, 0x0000000083c00000| Complete 
|  61|0x0000000083d00000, 0x0000000083e00000, 0x0000000083e00000|100%|HC|  |TAMS 0x0000000083e00000, 0x0000000083d00000| Complete 
|  62|0x0000000083e00000, 0x0000000083f00000, 0x0000000083f00000|100%|HS|  |TAMS 0x0000000083f00000, 0x0000000083e00000| Complete 
|  63|0x0000000083f00000, 0x0000000084000000, 0x0000000084000000|100%|HC|  |TAMS 0x0000000084000000, 0x0000000083f00000| Complete 
|  64|0x0000000084000000, 0x0000000084100000, 0x0000000084100000|100%|HS|  |TAMS 0x0000000084100000, 0x0000000084000000| Complete 
|  65|0x0000000084100000, 0x0000000084200000, 0x0000000084200000|100%|HC|  |TAMS 0x0000000084200000, 0x0000000084100000| Complete 
|  66|0x0000000084200000, 0x0000000084300000, 0x0000000084300000|100%|HC|  |TAMS 0x0000000084300000, 0x0000000084200000| Complete 
|  67|0x0000000084300000, 0x0000000084400000, 0x0000000084400000|100%|HC|  |TAMS 0x0000000084400000, 0x0000000084300000| Complete 
|  68|0x0000000084400000, 0x0000000084500000, 0x0000000084500000|100%|HC|  |TAMS 0x0000000084500000, 0x0000000084400000| Complete 
|  69|0x0000000084500000, 0x0000000084600000, 0x0000000084600000|100%|HS|  |TAMS 0x0000000084600000, 0x0000000084500000| Complete 
|  70|0x0000000084600000, 0x0000000084700000, 0x0000000084700000|100%|HC|  |TAMS 0x0000000084700000, 0x0000000084600000| Complete 
|  71|0x0000000084700000, 0x0000000084800000, 0x0000000084800000|100%|HC|  |TAMS 0x0000000084800000, 0x0000000084700000| Complete 
|  72|0x0000000084800000, 0x0000000084900000, 0x0000000084900000|100%|HC|  |TAMS 0x0000000084900000, 0x0000000084800000| Complete 
|  73|0x0000000084900000, 0x0000000084a00000, 0x0000000084a00000|100%|HC|  |TAMS 0x0000000084a00000, 0x0000000084900000| Complete 
|  74|0x0000000084a00000, 0x0000000084b00000, 0x0000000084b00000|100%|HC|  |TAMS 0x0000000084b00000, 0x0000000084a00000| Complete 
|  75|0x0000000084b00000, 0x0000000084c00000, 0x0000000084c00000|100%|HC|  |TAMS 0x0000000084c00000, 0x0000000084b00000| Complete 
|  76|0x0000000084c00000, 0x0000000084d00000, 0x0000000084d00000|100%|HC|  |TAMS 0x0000000084d00000, 0x0000000084c00000| Complete 
|  77|0x0000000084d00000, 0x0000000084e00000, 0x0000000084e00000|100%|HC|  |TAMS 0x0000000084e00000, 0x0000000084d00000| Complete 
|  78|0x0000000084e00000, 0x0000000084f00000, 0x0000000084f00000|100%|HC|  |TAMS 0x0000000084f00000, 0x0000000084e00000| Complete 
|  79|0x0000000084f00000, 0x0000000085000000, 0x0000000085000000|100%|HS|  |TAMS 0x0000000085000000, 0x0000000084f00000| Complete 
|  80|0x0000000085000000, 0x0000000085100000, 0x0000000085100000|100%|HC|  |TAMS 0x0000000085100000, 0x0000000085000000| Complete 
|  81|0x0000000085100000, 0x0000000085200000, 0x0000000085200000|100%|HS|  |TAMS 0x0000000085200000, 0x0000000085100000| Complete 
|  82|0x0000000085200000, 0x0000000085300000, 0x0000000085300000|100%|HC|  |TAMS 0x0000000085300000, 0x0000000085200000| Complete 
|  83|0x0000000085300000, 0x0000000085400000, 0x0000000085400000|100%|HC|  |TAMS 0x0000000085400000, 0x0000000085300000| Complete 
|  84|0x0000000085400000, 0x0000000085500000, 0x0000000085500000|100%|HC|  |TAMS 0x0000000085500000, 0x0000000085400000| Complete 
|  85|0x0000000085500000, 0x0000000085600000, 0x0000000085600000|100%|HC|  |TAMS 0x0000000085600000, 0x0000000085500000| Complete 
|  86|0x0000000085600000, 0x0000000085700000, 0x0000000085700000|100%|HC|  |TAMS 0x0000000085700000, 0x0000000085600000| Complete 
|  87|0x0000000085700000, 0x0000000085800000, 0x0000000085800000|100%|HC|  |TAMS 0x0000000085800000, 0x0000000085700000| Complete 
|  88|0x0000000085800000, 0x0000000085900000, 0x0000000085900000|100%|HC|  |TAMS 0x0000000085900000, 0x0000000085800000| Complete 
|  89|0x0000000085900000, 0x0000000085a00000, 0x0000000085a00000|100%|HC|  |TAMS 0x0000000085a00000, 0x0000000085900000| Complete 
|  90|0x0000000085a00000, 0x0000000085b00000, 0x0000000085b00000|100%|HC|  |TAMS 0x0000000085b00000, 0x0000000085a00000| Complete 
|  91|0x0000000085b00000, 0x0000000085c00000, 0x0000000085c00000|100%|HS|  |TAMS 0x0000000085c00000, 0x0000000085b00000| Complete 
|  92|0x0000000085c00000, 0x0000000085d00000, 0x0000000085d00000|100%|HC|  |TAMS 0x0000000085d00000, 0x0000000085c00000| Complete 
|  93|0x0000000085d00000, 0x0000000085e00000, 0x0000000085e00000|100%|HS|  |TAMS 0x0000000085e00000, 0x0000000085d00000| Complete 
|  94|0x0000000085e00000, 0x0000000085f00000, 0x0000000085f00000|100%|HC|  |TAMS 0x0000000085f00000, 0x0000000085e00000| Complete 
|  95|0x0000000085f00000, 0x0000000086000000, 0x0000000086000000|100%|HC|  |TAMS 0x0000000086000000, 0x0000000085f00000| Complete 
|  96|0x0000000086000000, 0x0000000086100000, 0x0000000086100000|100%|HS|  |TAMS 0x0000000086100000, 0x0000000086000000| Complete 
|  97|0x0000000086100000, 0x0000000086200000, 0x0000000086200000|100%|HC|  |TAMS 0x0000000086200000, 0x0000000086100000| Complete 
|  98|0x0000000086200000, 0x0000000086300000, 0x0000000086300000|100%|HS|  |TAMS 0x0000000086300000, 0x0000000086200000| Complete 
|  99|0x0000000086300000, 0x0000000086400000, 0x0000000086400000|100%|HC|  |TAMS 0x0000000086400000, 0x0000000086300000| Complete 
| 100|0x0000000086400000, 0x0000000086500000, 0x0000000086500000|100%|HC|  |TAMS 0x0000000086500000, 0x0000000086400000| Complete 
| 101|0x0000000086500000, 0x0000000086600000, 0x0000000086600000|100%|HS|  |TAMS 0x0000000086600000, 0x0000000086500000| Complete 
| 102|0x0000000086600000, 0x0000000086700000, 0x0000000086700000|100%|HC|  |TAMS 0x0000000086700000, 0x0000000086600000| Complete 
| 103|0x0000000086700000, 0x0000000086800000, 0x0000000086800000|100%|HC|  |TAMS 0x0000000086800000, 0x0000000086700000| Complete 
| 104|0x0000000086800000, 0x0000000086900000, 0x0000000086900000|100%|HC|  |TAMS 0x0000000086900000, 0x0000000086800000| Complete 
| 105|0x0000000086900000, 0x0000000086a00000, 0x0000000086a00000|100%|HC|  |TAMS 0x0000000086a00000, 0x0000000086900000| Complete 
| 106|0x0000000086a00000, 0x0000000086b00000, 0x0000000086b00000|100%|HS|  |TAMS 0x0000000086b00000, 0x0000000086a00000| Complete 
| 107|0x0000000086b00000, 0x0000000086c00000, 0x0000000086c00000|100%|HC|  |TAMS 0x0000000086c00000, 0x0000000086b00000| Complete 
| 108|0x0000000086c00000, 0x0000000086d00000, 0x0000000086d00000|100%|HS|  |TAMS 0x0000000086d00000, 0x0000000086c00000| Complete 
| 109|0x0000000086d00000, 0x0000000086e00000, 0x0000000086e00000|100%|HC|  |TAMS 0x0000000086e00000, 0x0000000086d00000| Complete 
| 110|0x0000000086e00000, 0x0000000086f00000, 0x0000000086f00000|100%|HC|  |TAMS 0x0000000086f00000, 0x0000000086e00000| Complete 
| 111|0x0000000086f00000, 0x0000000087000000, 0x0000000087000000|100%|HS|  |TAMS 0x0000000087000000, 0x0000000086f00000| Complete 
| 112|0x0000000087000000, 0x0000000087100000, 0x0000000087100000|100%|HC|  |TAMS 0x0000000087100000, 0x0000000087000000| Complete 
| 113|0x0000000087100000, 0x0000000087200000, 0x0000000087200000|100%|HC|  |TAMS 0x0000000087200000, 0x0000000087100000| Complete 
| 114|0x0000000087200000, 0x0000000087300000, 0x0000000087300000|100%|HS|  |TAMS 0x0000000087300000, 0x0000000087200000| Complete 
| 115|0x0000000087300000, 0x0000000087400000, 0x0000000087400000|100%|HC|  |TAMS 0x0000000087400000, 0x0000000087300000| Complete 
| 116|0x0000000087400000, 0x0000000087500000, 0x0000000087500000|100%|HS|  |TAMS 0x0000000087500000, 0x0000000087400000| Complete 
| 117|0x0000000087500000, 0x0000000087600000, 0x0000000087600000|100%|HC|  |TAMS 0x0000000087600000, 0x0000000087500000| Complete 
| 118|0x0000000087600000, 0x0000000087700000, 0x0000000087700000|100%|HC|  |TAMS 0x0000000087700000, 0x0000000087600000| Complete 
| 119|0x0000000087700000, 0x0000000087800000, 0x0000000087800000|100%|HC|  |TAMS 0x0000000087800000, 0x0000000087700000| Complete 
| 120|0x0000000087800000, 0x0000000087900000, 0x0000000087900000|100%|HC|  |TAMS 0x0000000087900000, 0x0000000087800000| Complete 
| 121|0x0000000087900000, 0x0000000087a00000, 0x0000000087a00000|100%|HS|  |TAMS 0x0000000087a00000, 0x0000000087900000| Complete 
| 122|0x0000000087a00000, 0x0000000087b00000, 0x0000000087b00000|100%|HC|  |TAMS 0x0000000087b00000, 0x0000000087a00000| Complete 
| 123|0x0000000087b00000, 0x0000000087c00000, 0x0000000087c00000|100%|HC|  |TAMS 0x0000000087c00000, 0x0000000087b00000| Complete 
| 124|0x0000000087c00000, 0x0000000087d00000, 0x0000000087d00000|100%|HC|  |TAMS 0x0000000087d00000, 0x0000000087c00000| Complete 
| 125|0x0000000087d00000, 0x0000000087e00000, 0x0000000087e00000|100%|HC|  |TAMS 0x0000000087e00000, 0x0000000087d00000| Complete 
| 126|0x0000000087e00000, 0x0000000087f00000, 0x0000000087f00000|100%|HC|  |TAMS 0x0000000087f00000, 0x0000000087e00000| Complete 
| 127|0x0000000087f00000, 0x0000000088000000, 0x0000000088000000|100%|HC|  |TAMS 0x0000000088000000, 0x0000000087f00000| Complete 
| 128|0x0000000088000000, 0x0000000088100000, 0x0000000088100000|100%|HC|  |TAMS 0x0000000088100000, 0x0000000088000000| Complete 
| 129|0x0000000088100000, 0x0000000088200000, 0x0000000088200000|100%|HC|  |TAMS 0x0000000088200000, 0x0000000088100000| Complete 
| 130|0x0000000088200000, 0x0000000088300000, 0x0000000088300000|100%|HC|  |TAMS 0x0000000088300000, 0x0000000088200000| Complete 
| 131|0x0000000088300000, 0x0000000088400000, 0x0000000088400000|100%|HS|  |TAMS 0x0000000088400000, 0x0000000088300000| Complete 
| 132|0x0000000088400000, 0x0000000088500000, 0x0000000088500000|100%|HC|  |TAMS 0x0000000088500000, 0x0000000088400000| Complete 
| 133|0x0000000088500000, 0x0000000088600000, 0x0000000088600000|100%| O|  |TAMS 0x0000000088600000, 0x0000000088500000| Untracked 
| 134|0x0000000088600000, 0x0000000088700000, 0x0000000088700000|100%| O|  |TAMS 0x0000000088700000, 0x0000000088600000| Untracked 
| 135|0x0000000088700000, 0x0000000088800000, 0x0000000088800000|100%| O|  |TAMS 0x0000000088800000, 0x0000000088700000| Untracked 
| 136|0x0000000088800000, 0x0000000088900000, 0x0000000088900000|100%| O|  |TAMS 0x0000000088900000, 0x0000000088800000| Untracked 
| 137|0x0000000088900000, 0x0000000088a00000, 0x0000000088a00000|100%| O|  |TAMS 0x0000000088a00000, 0x0000000088900000| Untracked 
| 138|0x0000000088a00000, 0x0000000088b00000, 0x0000000088b00000|100%| O|  |TAMS 0x0000000088b00000, 0x0000000088a00000| Untracked 
| 139|0x0000000088b00000, 0x0000000088c00000, 0x0000000088c00000|100%| O|  |TAMS 0x0000000088c00000, 0x0000000088b00000| Untracked 
| 140|0x0000000088c00000, 0x0000000088d00000, 0x0000000088d00000|100%| O|  |TAMS 0x0000000088d00000, 0x0000000088c00000| Untracked 
| 141|0x0000000088d00000, 0x0000000088e00000, 0x0000000088e00000|100%| O|  |TAMS 0x0000000088e00000, 0x0000000088d00000| Untracked 
| 142|0x0000000088e00000, 0x0000000088f00000, 0x0000000088f00000|100%| O|  |TAMS 0x0000000088f00000, 0x0000000088e00000| Untracked 
| 143|0x0000000088f00000, 0x0000000089000000, 0x0000000089000000|100%| O|  |TAMS 0x0000000089000000, 0x0000000088f00000| Untracked 
| 144|0x0000000089000000, 0x0000000089100000, 0x0000000089100000|100%| O|  |TAMS 0x0000000089100000, 0x0000000089000000| Untracked 
| 145|0x0000000089100000, 0x0000000089200000, 0x0000000089200000|100%| O|  |TAMS 0x0000000089200000, 0x0000000089100000| Untracked 
| 146|0x0000000089200000, 0x0000000089300000, 0x0000000089300000|100%| O|  |TAMS 0x0000000089300000, 0x0000000089200000| Untracked 
| 147|0x0000000089300000, 0x0000000089400000, 0x0000000089400000|100%| O|  |TAMS 0x0000000089400000, 0x0000000089300000| Untracked 
| 148|0x0000000089400000, 0x0000000089500000, 0x0000000089500000|100%| O|  |TAMS 0x0000000089500000, 0x0000000089400000| Untracked 
| 149|0x0000000089500000, 0x0000000089600000, 0x0000000089600000|100%| O|  |TAMS 0x0000000089600000, 0x0000000089500000| Untracked 
| 150|0x0000000089600000, 0x0000000089700000, 0x0000000089700000|100%| O|  |TAMS 0x0000000089700000, 0x0000000089600000| Untracked 
| 151|0x0000000089700000, 0x0000000089800000, 0x0000000089800000|100%| O|  |TAMS 0x0000000089800000, 0x0000000089700000| Untracked 
| 152|0x0000000089800000, 0x0000000089900000, 0x0000000089900000|100%| O|  |TAMS 0x0000000089900000, 0x0000000089800000| Untracked 
| 153|0x0000000089900000, 0x0000000089a00000, 0x0000000089a00000|100%| O|  |TAMS 0x0000000089a00000, 0x0000000089900000| Untracked 
| 154|0x0000000089a00000, 0x0000000089b00000, 0x0000000089b00000|100%| O|  |TAMS 0x0000000089b00000, 0x0000000089a00000| Untracked 
| 155|0x0000000089b00000, 0x0000000089c00000, 0x0000000089c00000|100%| O|  |TAMS 0x0000000089c00000, 0x0000000089b00000| Untracked 
| 156|0x0000000089c00000, 0x0000000089d00000, 0x0000000089d00000|100%| O|  |TAMS 0x0000000089d00000, 0x0000000089c00000| Untracked 
| 157|0x0000000089d00000, 0x0000000089e00000, 0x0000000089e00000|100%| O|  |TAMS 0x0000000089e00000, 0x0000000089d00000| Untracked 
| 158|0x0000000089e00000, 0x0000000089f00000, 0x0000000089f00000|100%| O|  |TAMS 0x0000000089f00000, 0x0000000089e00000| Untracked 
| 159|0x0000000089f00000, 0x000000008a000000, 0x000000008a000000|100%| O|  |TAMS 0x000000008a000000, 0x0000000089f00000| Untracked 
| 160|0x000000008a000000, 0x000000008a100000, 0x000000008a100000|100%| O|  |TAMS 0x000000008a100000, 0x000000008a000000| Untracked 
| 161|0x000000008a100000, 0x000000008a200000, 0x000000008a200000|100%| O|  |TAMS 0x000000008a200000, 0x000000008a100000| Untracked 
| 162|0x000000008a200000, 0x000000008a300000, 0x000000008a300000|100%| O|  |TAMS 0x000000008a300000, 0x000000008a200000| Untracked 
| 163|0x000000008a300000, 0x000000008a400000, 0x000000008a400000|100%| O|  |TAMS 0x000000008a400000, 0x000000008a300000| Untracked 
| 164|0x000000008a400000, 0x000000008a500000, 0x000000008a500000|100%| O|  |TAMS 0x000000008a500000, 0x000000008a400000| Untracked 
| 165|0x000000008a500000, 0x000000008a600000, 0x000000008a600000|100%| O|  |TAMS 0x000000008a600000, 0x000000008a500000| Untracked 
| 166|0x000000008a600000, 0x000000008a700000, 0x000000008a700000|100%| O|  |TAMS 0x000000008a700000, 0x000000008a600000| Untracked 
| 167|0x000000008a700000, 0x000000008a800000, 0x000000008a800000|100%| O|  |TAMS 0x000000008a800000, 0x000000008a700000| Untracked 
| 168|0x000000008a800000, 0x000000008a900000, 0x000000008a900000|100%| O|  |TAMS 0x000000008a900000, 0x000000008a800000| Untracked 
| 169|0x000000008a900000, 0x000000008aa00000, 0x000000008aa00000|100%| O|  |TAMS 0x000000008aa00000, 0x000000008a900000| Untracked 
| 170|0x000000008aa00000, 0x000000008ab00000, 0x000000008ab00000|100%| O|  |TAMS 0x000000008ab00000, 0x000000008aa00000| Untracked 
| 171|0x000000008ab00000, 0x000000008ac00000, 0x000000008ac00000|100%| O|  |TAMS 0x000000008ac00000, 0x000000008ab00000| Untracked 
| 172|0x000000008ac00000, 0x000000008ad00000, 0x000000008ad00000|100%| O|  |TAMS 0x000000008ac6a200, 0x000000008ac00000| Untracked 
| 173|0x000000008ad00000, 0x000000008ad63000, 0x000000008ae00000| 38%| O|  |TAMS 0x000000008ad00000, 0x000000008ad00000| Untracked 
| 174|0x000000008ae00000, 0x000000008ae00000, 0x000000008af00000|  0%| F|  |TAMS 0x000000008ae00000, 0x000000008ae00000| Untracked 
| 175|0x000000008af00000, 0x000000008af00000, 0x000000008b000000|  0%| F|  |TAMS 0x000000008af00000, 0x000000008af00000| Untracked 
| 176|0x000000008b000000, 0x000000008b000000, 0x000000008b100000|  0%| F|  |TAMS 0x000000008b000000, 0x000000008b000000| Untracked 
| 177|0x000000008b100000, 0x000000008b100000, 0x000000008b200000|  0%| F|  |TAMS 0x000000008b100000, 0x000000008b100000| Untracked 
| 178|0x000000008b200000, 0x000000008b200000, 0x000000008b300000|  0%| F|  |TAMS 0x000000008b200000, 0x000000008b200000| Untracked 
| 179|0x000000008b300000, 0x000000008b300000, 0x000000008b400000|  0%| F|  |TAMS 0x000000008b300000, 0x000000008b300000| Untracked 
| 180|0x000000008b400000, 0x000000008b400000, 0x000000008b500000|  0%| F|  |TAMS 0x000000008b400000, 0x000000008b400000| Untracked 
| 181|0x000000008b500000, 0x000000008b500000, 0x000000008b600000|  0%| F|  |TAMS 0x000000008b500000, 0x000000008b500000| Untracked 
| 182|0x000000008b600000, 0x000000008b600000, 0x000000008b700000|  0%| F|  |TAMS 0x000000008b600000, 0x000000008b600000| Untracked 
| 183|0x000000008b700000, 0x000000008b700000, 0x000000008b800000|  0%| F|  |TAMS 0x000000008b700000, 0x000000008b700000| Untracked 
| 184|0x000000008b800000, 0x000000008b800000, 0x000000008b900000|  0%| F|  |TAMS 0x000000008b800000, 0x000000008b800000| Untracked 
| 185|0x000000008b900000, 0x000000008b900000, 0x000000008ba00000|  0%| F|  |TAMS 0x000000008b900000, 0x000000008b900000| Untracked 
| 186|0x000000008ba00000, 0x000000008ba00000, 0x000000008bb00000|  0%| F|  |TAMS 0x000000008ba00000, 0x000000008ba00000| Untracked 
| 187|0x000000008bb00000, 0x000000008bb00000, 0x000000008bc00000|  0%| F|  |TAMS 0x000000008bb00000, 0x000000008bb00000| Untracked 
| 188|0x000000008bc00000, 0x000000008bc00000, 0x000000008bd00000|  0%| F|  |TAMS 0x000000008bc00000, 0x000000008bc00000| Untracked 
| 189|0x000000008bd00000, 0x000000008bd00000, 0x000000008be00000|  0%| F|  |TAMS 0x000000008bd00000, 0x000000008bd00000| Untracked 
| 190|0x000000008be00000, 0x000000008be00000, 0x000000008bf00000|  0%| F|  |TAMS 0x000000008be00000, 0x000000008be00000| Untracked 
| 191|0x000000008bf00000, 0x000000008bf00000, 0x000000008c000000|  0%| F|  |TAMS 0x000000008bf00000, 0x000000008bf00000| Untracked 
| 192|0x000000008c000000, 0x000000008c000000, 0x000000008c100000|  0%| F|  |TAMS 0x000000008c000000, 0x000000008c000000| Untracked 
| 193|0x000000008c100000, 0x000000008c100000, 0x000000008c200000|  0%| F|  |TAMS 0x000000008c100000, 0x000000008c100000| Untracked 
| 194|0x000000008c200000, 0x000000008c200000, 0x000000008c300000|  0%| F|  |TAMS 0x000000008c200000, 0x000000008c200000| Untracked 
| 195|0x000000008c300000, 0x000000008c300000, 0x000000008c400000|  0%| F|  |TAMS 0x000000008c300000, 0x000000008c300000| Untracked 
| 196|0x000000008c400000, 0x000000008c400000, 0x000000008c500000|  0%| F|  |TAMS 0x000000008c400000, 0x000000008c400000| Untracked 
| 197|0x000000008c500000, 0x000000008c500000, 0x000000008c600000|  0%| F|  |TAMS 0x000000008c500000, 0x000000008c500000| Untracked 
| 198|0x000000008c600000, 0x000000008c600000, 0x000000008c700000|  0%| F|  |TAMS 0x000000008c600000, 0x000000008c600000| Untracked 
| 199|0x000000008c700000, 0x000000008c700000, 0x000000008c800000|  0%| F|  |TAMS 0x000000008c700000, 0x000000008c700000| Untracked 
| 200|0x000000008c800000, 0x000000008c800000, 0x000000008c900000|  0%| F|  |TAMS 0x000000008c800000, 0x000000008c800000| Untracked 
| 201|0x000000008c900000, 0x000000008c900000, 0x000000008ca00000|  0%| F|  |TAMS 0x000000008c900000, 0x000000008c900000| Untracked 
| 202|0x000000008ca00000, 0x000000008ca00000, 0x000000008cb00000|  0%| F|  |TAMS 0x000000008ca00000, 0x000000008ca00000| Untracked 
| 203|0x000000008cb00000, 0x000000008cb00000, 0x000000008cc00000|  0%| F|  |TAMS 0x000000008cb00000, 0x000000008cb00000| Untracked 
| 204|0x000000008cc00000, 0x000000008cc00000, 0x000000008cd00000|  0%| F|  |TAMS 0x000000008cc00000, 0x000000008cc00000| Untracked 
| 205|0x000000008cd00000, 0x000000008cd00000, 0x000000008ce00000|  0%| F|  |TAMS 0x000000008cd00000, 0x000000008cd00000| Untracked 
| 206|0x000000008ce00000, 0x000000008ce00000, 0x000000008cf00000|  0%| F|  |TAMS 0x000000008ce00000, 0x000000008ce00000| Untracked 
| 207|0x000000008cf00000, 0x000000008cf00000, 0x000000008d000000|  0%| F|  |TAMS 0x000000008cf00000, 0x000000008cf00000| Untracked 
| 208|0x000000008d000000, 0x000000008d000000, 0x000000008d100000|  0%| F|  |TAMS 0x000000008d000000, 0x000000008d000000| Untracked 
| 209|0x000000008d100000, 0x000000008d100000, 0x000000008d200000|  0%| F|  |TAMS 0x000000008d100000, 0x000000008d100000| Untracked 
| 210|0x000000008d200000, 0x000000008d200000, 0x000000008d300000|  0%| F|  |TAMS 0x000000008d200000, 0x000000008d200000| Untracked 
| 211|0x000000008d300000, 0x000000008d300000, 0x000000008d400000|  0%| F|  |TAMS 0x000000008d300000, 0x000000008d300000| Untracked 
| 212|0x000000008d400000, 0x000000008d400000, 0x000000008d500000|  0%| F|  |TAMS 0x000000008d400000, 0x000000008d400000| Untracked 
| 213|0x000000008d500000, 0x000000008d500000, 0x000000008d600000|  0%| F|  |TAMS 0x000000008d500000, 0x000000008d500000| Untracked 
| 214|0x000000008d600000, 0x000000008d700000, 0x000000008d700000|100%| S|CS|TAMS 0x000000008d600000, 0x000000008d600000| Complete 
| 215|0x000000008d700000, 0x000000008d800000, 0x000000008d800000|100%| S|CS|TAMS 0x000000008d700000, 0x000000008d700000| Complete 
| 216|0x000000008d800000, 0x000000008d900000, 0x000000008d900000|100%| S|CS|TAMS 0x000000008d800000, 0x000000008d800000| Complete 
| 217|0x000000008d900000, 0x000000008da00000, 0x000000008da00000|100%| S|CS|TAMS 0x000000008d900000, 0x000000008d900000| Complete 
| 218|0x000000008da00000, 0x000000008db00000, 0x000000008db00000|100%| S|CS|TAMS 0x000000008da00000, 0x000000008da00000| Complete 
| 219|0x000000008db00000, 0x000000008dc00000, 0x000000008dc00000|100%| S|CS|TAMS 0x000000008db00000, 0x000000008db00000| Complete 
| 220|0x000000008dc00000, 0x000000008dd00000, 0x000000008dd00000|100%| S|CS|TAMS 0x000000008dc00000, 0x000000008dc00000| Complete 
| 221|0x000000008dd00000, 0x000000008de00000, 0x000000008de00000|100%| S|CS|TAMS 0x000000008dd00000, 0x000000008dd00000| Complete 
| 222|0x000000008de00000, 0x000000008df00000, 0x000000008df00000|100%| S|CS|TAMS 0x000000008de00000, 0x000000008de00000| Complete 
| 223|0x000000008df00000, 0x000000008e000000, 0x000000008e000000|100%| S|CS|TAMS 0x000000008df00000, 0x000000008df00000| Complete 
| 224|0x000000008e000000, 0x000000008e100000, 0x000000008e100000|100%| S|CS|TAMS 0x000000008e000000, 0x000000008e000000| Complete 
| 225|0x000000008e100000, 0x000000008e200000, 0x000000008e200000|100%| S|CS|TAMS 0x000000008e100000, 0x000000008e100000| Complete 
| 226|0x000000008e200000, 0x000000008e200000, 0x000000008e300000|  0%| F|  |TAMS 0x000000008e200000, 0x000000008e200000| Untracked 
| 227|0x000000008e300000, 0x000000008e300000, 0x000000008e400000|  0%| F|  |TAMS 0x000000008e300000, 0x000000008e300000| Untracked 
| 228|0x000000008e400000, 0x000000008e400000, 0x000000008e500000|  0%| F|  |TAMS 0x000000008e400000, 0x000000008e400000| Untracked 
| 229|0x000000008e500000, 0x000000008e500000, 0x000000008e600000|  0%| F|  |TAMS 0x000000008e500000, 0x000000008e500000| Untracked 
| 230|0x000000008e600000, 0x000000008e600000, 0x000000008e700000|  0%| F|  |TAMS 0x000000008e600000, 0x000000008e600000| Untracked 
| 231|0x000000008e700000, 0x000000008e700000, 0x000000008e800000|  0%| F|  |TAMS 0x000000008e700000, 0x000000008e700000| Untracked 
| 232|0x000000008e800000, 0x000000008e800000, 0x000000008e900000|  0%| F|  |TAMS 0x000000008e800000, 0x000000008e800000| Untracked 
| 233|0x000000008e900000, 0x000000008e900000, 0x000000008ea00000|  0%| F|  |TAMS 0x000000008e900000, 0x000000008e900000| Untracked 
| 234|0x000000008ea00000, 0x000000008ea00000, 0x000000008eb00000|  0%| F|  |TAMS 0x000000008ea00000, 0x000000008ea00000| Untracked 
| 235|0x000000008eb00000, 0x000000008eb00000, 0x000000008ec00000|  0%| F|  |TAMS 0x000000008eb00000, 0x000000008eb00000| Untracked 
| 236|0x000000008ec00000, 0x000000008ec00000, 0x000000008ed00000|  0%| F|  |TAMS 0x000000008ec00000, 0x000000008ec00000| Untracked 
| 237|0x000000008ed00000, 0x000000008ed00000, 0x000000008ee00000|  0%| F|  |TAMS 0x000000008ed00000, 0x000000008ed00000| Untracked 
| 238|0x000000008ee00000, 0x000000008ee00000, 0x000000008ef00000|  0%| F|  |TAMS 0x000000008ee00000, 0x000000008ee00000| Untracked 
| 239|0x000000008ef00000, 0x000000008ef00000, 0x000000008f000000|  0%| F|  |TAMS 0x000000008ef00000, 0x000000008ef00000| Untracked 
| 240|0x000000008f000000, 0x000000008f000000, 0x000000008f100000|  0%| F|  |TAMS 0x000000008f000000, 0x000000008f000000| Untracked 
| 241|0x000000008f100000, 0x000000008f100000, 0x000000008f200000|  0%| F|  |TAMS 0x000000008f100000, 0x000000008f100000| Untracked 
| 242|0x000000008f200000, 0x000000008f200000, 0x000000008f300000|  0%| F|  |TAMS 0x000000008f200000, 0x000000008f200000| Untracked 
| 243|0x000000008f300000, 0x000000008f300000, 0x000000008f400000|  0%| F|  |TAMS 0x000000008f300000, 0x000000008f300000| Untracked 
| 244|0x000000008f400000, 0x000000008f400000, 0x000000008f500000|  0%| F|  |TAMS 0x000000008f400000, 0x000000008f400000| Untracked 
| 245|0x000000008f500000, 0x000000008f500000, 0x000000008f600000|  0%| F|  |TAMS 0x000000008f500000, 0x000000008f500000| Untracked 
| 246|0x000000008f600000, 0x000000008f600000, 0x000000008f700000|  0%| F|  |TAMS 0x000000008f600000, 0x000000008f600000| Untracked 
| 247|0x000000008f700000, 0x000000008f700000, 0x000000008f800000|  0%| F|  |TAMS 0x000000008f700000, 0x000000008f700000| Untracked 
| 248|0x000000008f800000, 0x000000008f800000, 0x000000008f900000|  0%| F|  |TAMS 0x000000008f800000, 0x000000008f800000| Untracked 
| 249|0x000000008f900000, 0x000000008f900000, 0x000000008fa00000|  0%| F|  |TAMS 0x000000008f900000, 0x000000008f900000| Untracked 
| 250|0x000000008fa00000, 0x000000008fa00000, 0x000000008fb00000|  0%| F|  |TAMS 0x000000008fa00000, 0x000000008fa00000| Untracked 
| 251|0x000000008fb00000, 0x000000008fb00000, 0x000000008fc00000|  0%| F|  |TAMS 0x000000008fb00000, 0x000000008fb00000| Untracked 
| 252|0x000000008fc00000, 0x000000008fc00000, 0x000000008fd00000|  0%| F|  |TAMS 0x000000008fc00000, 0x000000008fc00000| Untracked 
| 253|0x000000008fd00000, 0x000000008fd00000, 0x000000008fe00000|  0%| F|  |TAMS 0x000000008fd00000, 0x000000008fd00000| Untracked 
| 254|0x000000008fe00000, 0x000000008fe00000, 0x000000008ff00000|  0%| F|  |TAMS 0x000000008fe00000, 0x000000008fe00000| Untracked 
| 255|0x000000008ff00000, 0x000000008ff00000, 0x0000000090000000|  0%| F|  |TAMS 0x000000008ff00000, 0x000000008ff00000| Untracked 
| 256|0x0000000090000000, 0x0000000090000000, 0x0000000090100000|  0%| F|  |TAMS 0x0000000090000000, 0x0000000090000000| Untracked 
| 257|0x0000000090100000, 0x0000000090100000, 0x0000000090200000|  0%| F|  |TAMS 0x0000000090100000, 0x0000000090100000| Untracked 
| 258|0x0000000090200000, 0x0000000090200000, 0x0000000090300000|  0%| F|  |TAMS 0x0000000090200000, 0x0000000090200000| Untracked 
| 259|0x0000000090300000, 0x0000000090300000, 0x0000000090400000|  0%| F|  |TAMS 0x0000000090300000, 0x0000000090300000| Untracked 
| 260|0x0000000090400000, 0x0000000090400000, 0x0000000090500000|  0%| F|  |TAMS 0x0000000090400000, 0x0000000090400000| Untracked 
| 261|0x0000000090500000, 0x0000000090500000, 0x0000000090600000|  0%| F|  |TAMS 0x0000000090500000, 0x0000000090500000| Untracked 
| 262|0x0000000090600000, 0x0000000090600000, 0x0000000090700000|  0%| F|  |TAMS 0x0000000090600000, 0x0000000090600000| Untracked 
| 263|0x0000000090700000, 0x0000000090700000, 0x0000000090800000|  0%| F|  |TAMS 0x0000000090700000, 0x0000000090700000| Untracked 
| 264|0x0000000090800000, 0x0000000090800000, 0x0000000090900000|  0%| F|  |TAMS 0x0000000090800000, 0x0000000090800000| Untracked 
| 265|0x0000000090900000, 0x0000000090900000, 0x0000000090a00000|  0%| F|  |TAMS 0x0000000090900000, 0x0000000090900000| Untracked 
| 266|0x0000000090a00000, 0x0000000090a00000, 0x0000000090b00000|  0%| F|  |TAMS 0x0000000090a00000, 0x0000000090a00000| Untracked 
| 267|0x0000000090b00000, 0x0000000090b00000, 0x0000000090c00000|  0%| F|  |TAMS 0x0000000090b00000, 0x0000000090b00000| Untracked 
| 268|0x0000000090c00000, 0x0000000090c00000, 0x0000000090d00000|  0%| F|  |TAMS 0x0000000090c00000, 0x0000000090c00000| Untracked 
| 269|0x0000000090d00000, 0x0000000090d00000, 0x0000000090e00000|  0%| F|  |TAMS 0x0000000090d00000, 0x0000000090d00000| Untracked 
| 270|0x0000000090e00000, 0x0000000090e00000, 0x0000000090f00000|  0%| F|  |TAMS 0x0000000090e00000, 0x0000000090e00000| Untracked 
| 271|0x0000000090f00000, 0x0000000090f00000, 0x0000000091000000|  0%| F|  |TAMS 0x0000000090f00000, 0x0000000090f00000| Untracked 
| 272|0x0000000091000000, 0x0000000091000000, 0x0000000091100000|  0%| F|  |TAMS 0x0000000091000000, 0x0000000091000000| Untracked 
| 273|0x0000000091100000, 0x0000000091100000, 0x0000000091200000|  0%| F|  |TAMS 0x0000000091100000, 0x0000000091100000| Untracked 
| 274|0x0000000091200000, 0x0000000091200000, 0x0000000091300000|  0%| F|  |TAMS 0x0000000091200000, 0x0000000091200000| Untracked 
| 275|0x0000000091300000, 0x0000000091300000, 0x0000000091400000|  0%| F|  |TAMS 0x0000000091300000, 0x0000000091300000| Untracked 
| 276|0x0000000091400000, 0x0000000091400000, 0x0000000091500000|  0%| F|  |TAMS 0x0000000091400000, 0x0000000091400000| Untracked 
| 277|0x0000000091500000, 0x0000000091500000, 0x0000000091600000|  0%| F|  |TAMS 0x0000000091500000, 0x0000000091500000| Untracked 
| 278|0x0000000091600000, 0x0000000091600000, 0x0000000091700000|  0%| F|  |TAMS 0x0000000091600000, 0x0000000091600000| Untracked 
| 279|0x0000000091700000, 0x0000000091700000, 0x0000000091800000|  0%| F|  |TAMS 0x0000000091700000, 0x0000000091700000| Untracked 
| 280|0x0000000091800000, 0x0000000091800000, 0x0000000091900000|  0%| F|  |TAMS 0x0000000091800000, 0x0000000091800000| Untracked 
| 281|0x0000000091900000, 0x0000000091900000, 0x0000000091a00000|  0%| F|  |TAMS 0x0000000091900000, 0x0000000091900000| Untracked 
| 282|0x0000000091a00000, 0x0000000091a00000, 0x0000000091b00000|  0%| F|  |TAMS 0x0000000091a00000, 0x0000000091a00000| Untracked 
| 283|0x0000000091b00000, 0x0000000091b00000, 0x0000000091c00000|  0%| F|  |TAMS 0x0000000091b00000, 0x0000000091b00000| Untracked 
| 284|0x0000000091c00000, 0x0000000091c00000, 0x0000000091d00000|  0%| F|  |TAMS 0x0000000091c00000, 0x0000000091c00000| Untracked 
| 285|0x0000000091d00000, 0x0000000091d00000, 0x0000000091e00000|  0%| F|  |TAMS 0x0000000091d00000, 0x0000000091d00000| Untracked 
| 286|0x0000000091e00000, 0x0000000091e00000, 0x0000000091f00000|  0%| F|  |TAMS 0x0000000091e00000, 0x0000000091e00000| Untracked 
| 287|0x0000000091f00000, 0x0000000091f00000, 0x0000000092000000|  0%| F|  |TAMS 0x0000000091f00000, 0x0000000091f00000| Untracked 
| 288|0x0000000092000000, 0x0000000092000000, 0x0000000092100000|  0%| F|  |TAMS 0x0000000092000000, 0x0000000092000000| Untracked 
| 289|0x0000000092100000, 0x0000000092100000, 0x0000000092200000|  0%| F|  |TAMS 0x0000000092100000, 0x0000000092100000| Untracked 
| 290|0x0000000092200000, 0x0000000092200000, 0x0000000092300000|  0%| F|  |TAMS 0x0000000092200000, 0x0000000092200000| Untracked 
| 291|0x0000000092300000, 0x0000000092300000, 0x0000000092400000|  0%| F|  |TAMS 0x0000000092300000, 0x0000000092300000| Untracked 
| 292|0x0000000092400000, 0x0000000092400000, 0x0000000092500000|  0%| F|  |TAMS 0x0000000092400000, 0x0000000092400000| Untracked 
| 293|0x0000000092500000, 0x0000000092500000, 0x0000000092600000|  0%| F|  |TAMS 0x0000000092500000, 0x0000000092500000| Untracked 
| 294|0x0000000092600000, 0x0000000092600000, 0x0000000092700000|  0%| F|  |TAMS 0x0000000092600000, 0x0000000092600000| Untracked 
| 295|0x0000000092700000, 0x0000000092700000, 0x0000000092800000|  0%| F|  |TAMS 0x0000000092700000, 0x0000000092700000| Untracked 
| 296|0x0000000092800000, 0x0000000092800000, 0x0000000092900000|  0%| F|  |TAMS 0x0000000092800000, 0x0000000092800000| Untracked 
| 297|0x0000000092900000, 0x0000000092900000, 0x0000000092a00000|  0%| F|  |TAMS 0x0000000092900000, 0x0000000092900000| Untracked 
| 298|0x0000000092a00000, 0x0000000092a00000, 0x0000000092b00000|  0%| F|  |TAMS 0x0000000092a00000, 0x0000000092a00000| Untracked 
| 299|0x0000000092b00000, 0x0000000092b00000, 0x0000000092c00000|  0%| F|  |TAMS 0x0000000092b00000, 0x0000000092b00000| Untracked 
| 300|0x0000000092c00000, 0x0000000092c00000, 0x0000000092d00000|  0%| F|  |TAMS 0x0000000092c00000, 0x0000000092c00000| Untracked 
| 301|0x0000000092d00000, 0x0000000092d00000, 0x0000000092e00000|  0%| F|  |TAMS 0x0000000092d00000, 0x0000000092d00000| Untracked 
| 302|0x0000000092e00000, 0x0000000092e00000, 0x0000000092f00000|  0%| F|  |TAMS 0x0000000092e00000, 0x0000000092e00000| Untracked 
| 303|0x0000000092f00000, 0x0000000092f00000, 0x0000000093000000|  0%| F|  |TAMS 0x0000000092f00000, 0x0000000092f00000| Untracked 
| 304|0x0000000093000000, 0x0000000093000000, 0x0000000093100000|  0%| F|  |TAMS 0x0000000093000000, 0x0000000093000000| Untracked 
| 305|0x0000000093100000, 0x0000000093100000, 0x0000000093200000|  0%| F|  |TAMS 0x0000000093100000, 0x0000000093100000| Untracked 
| 306|0x0000000093200000, 0x0000000093257f60, 0x0000000093300000| 34%| E|  |TAMS 0x0000000093200000, 0x0000000093200000| Complete 
| 307|0x0000000093300000, 0x0000000093400000, 0x0000000093400000|100%| E|CS|TAMS 0x0000000093300000, 0x0000000093300000| Complete 
| 308|0x0000000093400000, 0x0000000093500000, 0x0000000093500000|100%| E|CS|TAMS 0x0000000093400000, 0x0000000093400000| Complete 
| 309|0x0000000093500000, 0x0000000093600000, 0x0000000093600000|100%| E|CS|TAMS 0x0000000093500000, 0x0000000093500000| Complete 
| 310|0x0000000093600000, 0x0000000093700000, 0x0000000093700000|100%| E|CS|TAMS 0x0000000093600000, 0x0000000093600000| Complete 
| 311|0x0000000093700000, 0x0000000093800000, 0x0000000093800000|100%| E|CS|TAMS 0x0000000093700000, 0x0000000093700000| Complete 
| 312|0x0000000093800000, 0x0000000093900000, 0x0000000093900000|100%| E|CS|TAMS 0x0000000093800000, 0x0000000093800000| Complete 
| 313|0x0000000093900000, 0x0000000093a00000, 0x0000000093a00000|100%| E|CS|TAMS 0x0000000093900000, 0x0000000093900000| Complete 
| 314|0x0000000093a00000, 0x0000000093b00000, 0x0000000093b00000|100%| E|CS|TAMS 0x0000000093a00000, 0x0000000093a00000| Complete 
| 315|0x0000000093b00000, 0x0000000093c00000, 0x0000000093c00000|100%| E|CS|TAMS 0x0000000093b00000, 0x0000000093b00000| Complete 
| 316|0x0000000093c00000, 0x0000000093d00000, 0x0000000093d00000|100%| E|CS|TAMS 0x0000000093c00000, 0x0000000093c00000| Complete 
| 317|0x0000000093d00000, 0x0000000093e00000, 0x0000000093e00000|100%| E|CS|TAMS 0x0000000093d00000, 0x0000000093d00000| Complete 
| 318|0x0000000093e00000, 0x0000000093f00000, 0x0000000093f00000|100%| E|CS|TAMS 0x0000000093e00000, 0x0000000093e00000| Complete 
| 319|0x0000000093f00000, 0x0000000094000000, 0x0000000094000000|100%| O|  |TAMS 0x0000000094000000, 0x0000000093f00000| Untracked 
| 320|0x0000000094000000, 0x0000000094100000, 0x0000000094100000|100%| O|  |TAMS 0x0000000094100000, 0x0000000094000000| Untracked 
| 321|0x0000000094100000, 0x0000000094200000, 0x0000000094200000|100%| O|  |TAMS 0x0000000094200000, 0x0000000094100000| Untracked 
| 322|0x0000000094200000, 0x0000000094300000, 0x0000000094300000|100%| O|  |TAMS 0x0000000094300000, 0x0000000094200000| Untracked 
| 323|0x0000000094300000, 0x0000000094400000, 0x0000000094400000|100%| O|  |TAMS 0x0000000094400000, 0x0000000094300000| Untracked 
| 324|0x0000000094400000, 0x0000000094500000, 0x0000000094500000|100%| O|  |TAMS 0x0000000094500000, 0x0000000094400000| Untracked 

Card table byte_map: [0x000001bb51440000,0x000001bb51840000] _byte_map_base: 0x000001bb51040000

Marking Bits (Prev, Next): (CMBitMap*) 0x000001bb3c7054f0, (CMBitMap*) 0x000001bb3c7054b8
 Prev Bits: [0x000001bb53c40000, 0x000001bb55c40000)
 Next Bits: [0x000001bb51c40000, 0x000001bb53c40000)

Polling page: 0x000001bb3c4a0000

Metaspace:

Usage:
  Non-class:     93.67 MB capacity,    91.64 MB ( 98%) used,     1.72 MB (  2%) free+waste,   327.19 KB ( <1%) overhead. 
      Class:     14.08 MB capacity,    13.04 MB ( 93%) used,   918.78 KB (  6%) free+waste,   146.00 KB (  1%) overhead. 
       Both:    107.75 MB capacity,   104.67 MB ( 97%) used,     2.61 MB (  2%) free+waste,   473.19 KB ( <1%) overhead. 

Virtual space:
  Non-class space:       94.00 MB reserved,      93.80 MB (>99%) committed 
      Class space:        1.00 GB reserved,      14.15 MB (  1%) committed 
             Both:        1.09 GB reserved,     107.95 MB ( 10%) committed 

Chunk freelists:
   Non-Class:  62.00 KB
       Class:  19.00 KB
        Both:  81.00 KB

MaxMetaspaceSize: 17179869184.00 GB
CompressedClassSpaceSize: 1.00 GB
Initial GC threshold: 20.80 MB
Current GC threshold: 175.95 MB
CDS: off

CodeHeap 'non-profiled nmethods': size=120064Kb used=7742Kb max_used=7742Kb free=112321Kb
 bounds [0x000001bb494d0000, 0x000001bb49c60000, 0x000001bb50a10000]
CodeHeap 'profiled nmethods': size=120000Kb used=29519Kb max_used=29519Kb free=90480Kb
 bounds [0x000001bb41fa0000, 0x000001bb43c80000, 0x000001bb494d0000]
CodeHeap 'non-nmethods': size=5696Kb used=2406Kb max_used=2472Kb free=3289Kb
 bounds [0x000001bb41a10000, 0x000001bb41c80000, 0x000001bb41fa0000]
 total_blobs=14452 nmethods=13518 adapters=846
 compilation: enabled
              stopped_count=0, restarted_count=0
 full_count=0

Compilation events (20 events):
Event: 191.685 Thread 0x000001bb58b3f000 13614       1       org.gradle.execution.plan.LocalTaskNode::getPrepareNode (5 bytes)
Event: 191.685 Thread 0x000001bb58b3f000 nmethod 13614 0x000001bb49c5e390 code [0x000001bb49c5e540, 0x000001bb49c5e5f8]
Event: 191.685 Thread 0x000001bb58b3f000 13612       3       com.google.protobuf.GeneratedMessageV3$Builder::onBuilt (12 bytes)
Event: 191.686 Thread 0x000001bb58b3f000 nmethod 13612 0x000001bb43c6c490 code [0x000001bb43c6c640, 0x000001bb43c6c858]
Event: 191.686 Thread 0x000001bb58b3f000 13615       3       com.google.common.cache.AbstractCache$SimpleStatsCounter::recordHits (12 bytes)
Event: 191.686 Thread 0x000001bb58b3f000 nmethod 13615 0x000001bb43c6c910 code [0x000001bb43c6cae0, 0x000001bb43c6cc68]
Event: 191.687 Thread 0x000001bb58b3f000 13616       3       org.gradle.internal.serialize.BaseSerializerFactory$StringSerializer::write (10 bytes)
Event: 191.687 Thread 0x000001bb58b3f000 nmethod 13616 0x000001bb43c6cd90 code [0x000001bb43c6cf60, 0x000001bb43c6d288]
Event: 191.687 Thread 0x000001bb58b3f000 13618       3       org.gradle.execution.plan.Node::isComplete (43 bytes)
Event: 191.687 Thread 0x000001bb58b2d000 13620       4       java.io.ObjectOutputStream$HandleTable::insert (39 bytes)
Event: 191.687 Thread 0x000001bb58b3f000 nmethod 13618 0x000001bb43c6d390 code [0x000001bb43c6d540, 0x000001bb43c6d778]
Event: 191.687 Thread 0x000001bb58b3f000 13617       3       org.gradle.internal.serialize.BaseSerializerFactory$StringSerializer::write (8 bytes)
Event: 191.688 Thread 0x000001bb58b3f000 nmethod 13617 0x000001bb43c6d810 code [0x000001bb43c6d9c0, 0x000001bb43c6db88]
Event: 191.688 Thread 0x000001bb58b3f000 13619       1       org.gradle.api.internal.project.DefaultProjectStateRegistry$ProjectStateImpl::getTaskExecutionLock (5 bytes)
Event: 191.688 Thread 0x000001bb58b3f000 nmethod 13619 0x000001bb49c5e690 code [0x000001bb49c5e840, 0x000001bb49c5e8f8]
Event: 191.690 Thread 0x000001bb58b2d000 nmethod 13620 0x000001bb49c5e990 code [0x000001bb49c5eb40, 0x000001bb49c5ee28]
Event: 191.690 Thread 0x000001bb58b2d000 13621       4       java.util.ArrayList$ArrayListSpliterator::tryAdvance (79 bytes)
Event: 191.691 Thread 0x000001bb58b3f000 13622       3       org.gradle.util.internal.DeferredUtil::unpackNestableDeferred (37 bytes)
Event: 191.692 Thread 0x000001bb58b3f000 nmethod 13622 0x000001bb43c6dc90 code [0x000001bb43c6dee0, 0x000001bb43c6ea68]
Event: 191.694 Thread 0x000001bb58b2d000 nmethod 13621 0x000001bb49c5f010 code [0x000001bb49c5f1c0, 0x000001bb49c5f418]

GC Heap History (20 events):
Event: 4.033 GC heap before
{Heap before GC invocations=7 (full 0):
 garbage-first heap   total 260096K, used 136304K [0x0000000080000000, 0x0000000100000000)
  region size 1024K, 115 young (117760K), 7 survivors (7168K)
 Metaspace       used 44849K, capacity 46016K, committed 46236K, reserved 1089536K
  class space    used 5675K, capacity 6082K, committed 6168K, reserved 1048576K
}
Event: 4.049 GC heap after
{Heap after GC invocations=8 (full 0):
 garbage-first heap   total 260096K, used 30150K [0x0000000080000000, 0x0000000100000000)
  region size 1024K, 14 young (14336K), 14 survivors (14336K)
 Metaspace       used 44849K, capacity 46016K, committed 46236K, reserved 1089536K
  class space    used 5675K, capacity 6082K, committed 6168K, reserved 1048576K
}
Event: 5.573 GC heap before
{Heap before GC invocations=9 (full 0):
 garbage-first heap   total 260096K, used 175558K [0x0000000080000000, 0x0000000100000000)
  region size 1024K, 152 young (155648K), 14 survivors (14336K)
 Metaspace       used 56105K, capacity 57609K, committed 57756K, reserved 1099776K
  class space    used 7103K, capacity 7633K, committed 7704K, reserved 1048576K
}
Event: 5.591 GC heap after
{Heap after GC invocations=10 (full 0):
 garbage-first heap   total 260096K, used 45570K [0x0000000080000000, 0x0000000100000000)
  region size 1024K, 19 young (19456K), 19 survivors (19456K)
 Metaspace       used 56105K, capacity 57609K, committed 57756K, reserved 1099776K
  class space    used 7103K, capacity 7633K, committed 7704K, reserved 1048576K
}
Event: 6.916 GC heap before
{Heap before GC invocations=10 (full 0):
 garbage-first heap   total 260096K, used 189954K [0x0000000080000000, 0x0000000100000000)
  region size 1024K, 152 young (155648K), 19 survivors (19456K)
 Metaspace       used 67376K, capacity 69146K, committed 69276K, reserved 1110016K
  class space    used 8505K, capacity 9130K, committed 9240K, reserved 1048576K
}
Event: 6.936 GC heap after
{Heap after GC invocations=11 (full 0):
 garbage-first heap   total 260096K, used 55696K [0x0000000080000000, 0x0000000100000000)
  region size 1024K, 11 young (11264K), 11 survivors (11264K)
 Metaspace       used 67376K, capacity 69146K, committed 69276K, reserved 1110016K
  class space    used 8505K, capacity 9130K, committed 9240K, reserved 1048576K
}
Event: 7.919 GC heap before
{Heap before GC invocations=11 (full 0):
 garbage-first heap   total 260096K, used 150928K [0x0000000080000000, 0x0000000100000000)
  region size 1024K, 106 young (108544K), 11 survivors (11264K)
 Metaspace       used 75459K, capacity 77353K, committed 77488K, reserved 1116160K
  class space    used 9694K, capacity 10395K, committed 10520K, reserved 1048576K
}
Event: 7.937 GC heap after
{Heap after GC invocations=12 (full 0):
 garbage-first heap   total 312320K, used 64512K [0x0000000080000000, 0x0000000100000000)
  region size 1024K, 9 young (9216K), 9 survivors (9216K)
 Metaspace       used 75459K, capacity 77353K, committed 77488K, reserved 1116160K
  class space    used 9694K, capacity 10395K, committed 10520K, reserved 1048576K
}
Event: 19.204 GC heap before
{Heap before GC invocations=13 (full 0):
 garbage-first heap   total 312320K, used 304128K [0x0000000080000000, 0x0000000100000000)
  region size 1024K, 165 young (168960K), 9 survivors (9216K)
 Metaspace       used 85938K, capacity 88391K, committed 88648K, reserved 1126400K
  class space    used 10884K, capacity 11756K, committed 11800K, reserved 1048576K
}
Event: 19.232 GC heap after
{Heap after GC invocations=14 (full 0):
 garbage-first heap   total 332800K, used 163840K [0x0000000080000000, 0x0000000100000000)
  region size 1024K, 21 young (21504K), 21 survivors (21504K)
 Metaspace       used 85938K, capacity 88391K, committed 88648K, reserved 1126400K
  class space    used 10884K, capacity 11756K, committed 11800K, reserved 1048576K
}
Event: 20.122 GC heap before
{Heap before GC invocations=15 (full 0):
 garbage-first heap   total 332800K, used 266240K [0x0000000080000000, 0x0000000100000000)
  region size 1024K, 121 young (123904K), 21 survivors (21504K)
 Metaspace       used 92831K, capacity 95618K, committed 95688K, reserved 1132544K
  class space    used 11738K, capacity 12671K, committed 12696K, reserved 1048576K
}
Event: 20.140 GC heap after
{Heap after GC invocations=16 (full 0):
 garbage-first heap   total 332800K, used 168960K [0x0000000080000000, 0x0000000100000000)
  region size 1024K, 5 young (5120K), 5 survivors (5120K)
 Metaspace       used 92831K, capacity 95618K, committed 95688K, reserved 1132544K
  class space    used 11738K, capacity 12671K, committed 12696K, reserved 1048576K
}
Event: 21.402 GC heap before
{Heap before GC invocations=16 (full 0):
 garbage-first heap   total 332800K, used 269312K [0x0000000080000000, 0x0000000100000000)
  region size 1024K, 104 young (106496K), 5 survivors (5120K)
 Metaspace       used 100013K, capacity 102889K, committed 102984K, reserved 1138688K
  class space    used 12590K, capacity 13590K, committed 13592K, reserved 1048576K
}
Event: 21.419 GC heap after
{Heap after GC invocations=17 (full 0):
 garbage-first heap   total 332800K, used 176942K [0x0000000080000000, 0x0000000100000000)
  region size 1024K, 13 young (13312K), 13 survivors (13312K)
 Metaspace       used 100013K, capacity 102889K, committed 102984K, reserved 1138688K
  class space    used 12590K, capacity 13590K, committed 13592K, reserved 1048576K
}
Event: 22.538 GC heap before
{Heap before GC invocations=18 (full 0):
 garbage-first heap   total 332800K, used 273198K [0x0000000080000000, 0x0000000100000000)
  region size 1024K, 107 young (109568K), 13 survivors (13312K)
 Metaspace       used 102818K, capacity 105715K, committed 105928K, reserved 1140736K
  class space    used 12860K, capacity 13845K, committed 13976K, reserved 1048576K
}
Event: 22.555 GC heap after
{Heap after GC invocations=19 (full 0):
 garbage-first heap   total 332800K, used 183851K [0x0000000080000000, 0x0000000100000000)
  region size 1024K, 9 young (9216K), 9 survivors (9216K)
 Metaspace       used 102818K, capacity 105715K, committed 105928K, reserved 1140736K
  class space    used 12860K, capacity 13845K, committed 13976K, reserved 1048576K
}
Event: 180.702 GC heap before
{Heap before GC invocations=19 (full 0):
 garbage-first heap   total 332800K, used 273963K [0x0000000080000000, 0x0000000100000000)
  region size 1024K, 98 young (100352K), 9 survivors (9216K)
 Metaspace       used 104815K, capacity 107886K, committed 108104K, reserved 1142784K
  class space    used 13075K, capacity 14097K, committed 14104K, reserved 1048576K
}
Event: 180.717 GC heap after
{Heap after GC invocations=20 (full 0):
 garbage-first heap   total 332800K, used 185768K [0x0000000080000000, 0x0000000100000000)
  region size 1024K, 3 young (3072K), 3 survivors (3072K)
 Metaspace       used 104815K, capacity 107886K, committed 108104K, reserved 1142784K
  class space    used 13075K, capacity 14097K, committed 14104K, reserved 1048576K
}
Event: 181.505 GC heap before
{Heap before GC invocations=21 (full 0):
 garbage-first heap   total 332800K, used 277928K [0x0000000080000000, 0x0000000100000000)
  region size 1024K, 93 young (95232K), 3 survivors (3072K)
 Metaspace       used 106504K, capacity 109543K, committed 109640K, reserved 1144832K
  class space    used 13246K, capacity 14282K, committed 14360K, reserved 1048576K
}
Event: 181.521 GC heap after
{Heap after GC invocations=22 (full 0):
 garbage-first heap   total 332800K, used 195980K [0x0000000080000000, 0x0000000100000000)
  region size 1024K, 12 young (12288K), 12 survivors (12288K)
 Metaspace       used 106504K, capacity 109543K, committed 109640K, reserved 1144832K
  class space    used 13246K, capacity 14282K, committed 14360K, reserved 1048576K
}

Deoptimization events (20 events):
Event: 191.689 Thread 0x000001bb60773800 Uncommon trap: trap_request=0xffffffc6 fr.pc=0x000001bb49bc4f88 relative=0x00000000000000e8
Event: 191.689 Thread 0x000001bb60773800 Uncommon trap: reason=bimorphic_or_optimized_type_check action=maybe_recompile pc=0x000001bb49bc4f88 method=org.gradle.internal.snapshot.DirectorySnapshot.accept(Lorg/gradle/internal/snapshot/FileSystemSnapshotHierarchyVisitor;)Lorg/gradle/internal/snapsh
Event: 191.689 Thread 0x000001bb60773800 DEOPT PACKING pc=0x000001bb49bc4f88 sp=0x0000002e1f0fcf30
Event: 191.689 Thread 0x000001bb60773800 DEOPT UNPACKING pc=0x000001bb41a5a1a9 sp=0x0000002e1f0fce20 mode 2
Event: 191.689 Thread 0x000001bb60773800 Uncommon trap: trap_request=0xffffffc6 fr.pc=0x000001bb49bc4f88 relative=0x00000000000000e8
Event: 191.689 Thread 0x000001bb60773800 Uncommon trap: reason=bimorphic_or_optimized_type_check action=maybe_recompile pc=0x000001bb49bc4f88 method=org.gradle.internal.snapshot.DirectorySnapshot.accept(Lorg/gradle/internal/snapshot/FileSystemSnapshotHierarchyVisitor;)Lorg/gradle/internal/snapsh
Event: 191.689 Thread 0x000001bb60773800 DEOPT PACKING pc=0x000001bb49bc4f88 sp=0x0000002e1f0fcc10
Event: 191.689 Thread 0x000001bb60773800 DEOPT UNPACKING pc=0x000001bb41a5a1a9 sp=0x0000002e1f0fcb00 mode 2
Event: 191.689 Thread 0x000001bb60773800 Uncommon trap: trap_request=0xffffffc6 fr.pc=0x000001bb49bc4f88 relative=0x00000000000000e8
Event: 191.689 Thread 0x000001bb60773800 Uncommon trap: reason=bimorphic_or_optimized_type_check action=maybe_recompile pc=0x000001bb49bc4f88 method=org.gradle.internal.snapshot.DirectorySnapshot.accept(Lorg/gradle/internal/snapshot/FileSystemSnapshotHierarchyVisitor;)Lorg/gradle/internal/snapsh
Event: 191.689 Thread 0x000001bb60773800 DEOPT PACKING pc=0x000001bb49bc4f88 sp=0x0000002e1f0fc8f0
Event: 191.689 Thread 0x000001bb60773800 DEOPT UNPACKING pc=0x000001bb41a5a1a9 sp=0x0000002e1f0fc7e0 mode 2
Event: 191.690 Thread 0x000001bb60773800 Uncommon trap: trap_request=0xffffffde fr.pc=0x000001bb49bbd6d0 relative=0x0000000000005510
Event: 191.690 Thread 0x000001bb60773800 Uncommon trap: reason=class_check action=maybe_recompile pc=0x000001bb49bbd6d0 method=org.gradle.internal.snapshot.impl.AbstractValueProcessor.processValue(Ljava/lang/Object;Lorg/gradle/internal/snapshot/impl/AbstractValueProcessor$ValueVisitor;)Ljava/lan
Event: 191.690 Thread 0x000001bb60773800 DEOPT PACKING pc=0x000001bb49bbd6d0 sp=0x0000002e1f0fcee0
Event: 191.690 Thread 0x000001bb60773800 DEOPT UNPACKING pc=0x000001bb41a5a1a9 sp=0x0000002e1f0fced8 mode 2
Event: 191.693 Thread 0x000001bb60773800 Uncommon trap: trap_request=0xffffffc6 fr.pc=0x000001bb49bc4f88 relative=0x00000000000000e8
Event: 191.693 Thread 0x000001bb60773800 Uncommon trap: reason=bimorphic_or_optimized_type_check action=maybe_recompile pc=0x000001bb49bc4f88 method=org.gradle.internal.snapshot.DirectorySnapshot.accept(Lorg/gradle/internal/snapshot/FileSystemSnapshotHierarchyVisitor;)Lorg/gradle/internal/snapsh
Event: 191.693 Thread 0x000001bb60773800 DEOPT PACKING pc=0x000001bb49bc4f88 sp=0x0000002e1f0fc880
Event: 191.693 Thread 0x000001bb60773800 DEOPT UNPACKING pc=0x000001bb41a5a1a9 sp=0x0000002e1f0fc770 mode 2

Classes redefined (0 events):
No events

Internal exceptions (20 events):
Event: 181.527 Thread 0x000001bb5df5d800 Exception <a 'java/lang/ClassNotFoundException'{0x0000000093d2aac0}: com/android/build/gradle/tasks/PackageApplication_DecoratedBeanInfo> (0x0000000093d2aac0) thrown at [src/hotspot/share/classfile/systemDictionary.cpp, line 230]
Event: 181.527 Thread 0x000001bb5df5d800 Exception <a 'java/lang/ClassNotFoundException'{0x0000000093d439b8}: com/android/build/gradle/tasks/PackageApplicationBeanInfo> (0x0000000093d439b8) thrown at [src/hotspot/share/classfile/systemDictionary.cpp, line 230]
Event: 181.528 Thread 0x000001bb5df5d800 Exception <a 'java/lang/ClassNotFoundException'{0x0000000093d5d970}: com/android/build/gradle/tasks/PackageAndroidArtifactBeanInfo> (0x0000000093d5d970) thrown at [src/hotspot/share/classfile/systemDictionary.cpp, line 230]
Event: 181.528 Thread 0x000001bb5df5d800 Exception <a 'java/lang/ClassNotFoundException'{0x0000000093d77b68}: com/android/build/gradle/tasks/PackageAndroidArtifactCustomizer> (0x0000000093d77b68) thrown at [src/hotspot/share/classfile/systemDictionary.cpp, line 230]
Event: 181.530 Thread 0x000001bb5df5d800 Exception <a 'java/lang/ClassNotFoundException'{0x0000000093dde718}: com/android/build/gradle/tasks/PackageApplicationCustomizer> (0x0000000093dde718) thrown at [src/hotspot/share/classfile/systemDictionary.cpp, line 230]
Event: 181.530 Thread 0x000001bb5df5d800 Exception <a 'java/lang/ClassNotFoundException'{0x0000000093c164c0}: com/android/build/gradle/tasks/PackageApplication_DecoratedCustomizer> (0x0000000093c164c0) thrown at [src/hotspot/share/classfile/systemDictionary.cpp, line 230]
Event: 181.534 Thread 0x000001bb5df5d800 Exception <a 'java/lang/ClassNotFoundException'{0x0000000093cf9308}: com/android/build/gradle/internal/tasks/ListingFileRedirectTask_DecoratedBeanInfo> (0x0000000093cf9308) thrown at [src/hotspot/share/classfile/systemDictionary.cpp, line 230]
Event: 181.535 Thread 0x000001bb5df5d800 Exception <a 'java/lang/ClassNotFoundException'{0x0000000093b14ed0}: com/android/build/gradle/internal/tasks/ListingFileRedirectTaskBeanInfo> (0x0000000093b14ed0) thrown at [src/hotspot/share/classfile/systemDictionary.cpp, line 230]
Event: 181.535 Thread 0x000001bb5df5d800 Exception <a 'java/lang/ClassNotFoundException'{0x0000000093b30600}: com/android/build/gradle/internal/tasks/ListingFileRedirectTaskCustomizer> (0x0000000093b30600) thrown at [src/hotspot/share/classfile/systemDictionary.cpp, line 230]
Event: 181.536 Thread 0x000001bb5df5d800 Exception <a 'java/lang/ClassNotFoundException'{0x0000000093b5f880}: com/android/build/gradle/internal/tasks/ListingFileRedirectTask_DecoratedCustomizer> (0x0000000093b5f880) thrown at [src/hotspot/share/classfile/systemDictionary.cpp, line 230]
Event: 181.549 Thread 0x000001bb5df5d800 Exception <a 'sun/nio/fs/WindowsException'{0x0000000093a6e5c8}> (0x0000000093a6e5c8) thrown at [src/hotspot/share/prims/jni.cpp, line 617]
Event: 181.592 Thread 0x000001bb5b3e2000 Exception <a 'sun/nio/fs/WindowsException'{0x00000000939b8698}> (0x00000000939b8698) thrown at [src/hotspot/share/prims/jni.cpp, line 617]
Event: 181.592 Thread 0x000001bb5b3e2000 Exception <a 'sun/nio/fs/WindowsException'{0x00000000939bd5d8}> (0x00000000939bd5d8) thrown at [src/hotspot/share/prims/jni.cpp, line 617]
Event: 181.612 Thread 0x000001bb5b3e2000 Implicit null exception at 0x000001bb4991cff7 to 0x000001bb4991d184
Event: 186.622 Thread 0x000001bb5b3e2000 Exception <a 'net/rubygrapefruit/platform/NativeException'{0x00000000938ebeb8}: Execution timed out> (0x00000000938ebeb8) thrown at [src/hotspot/share/prims/jni.cpp, line 638]
Event: 191.632 Thread 0x000001bb5b3e2000 Exception <a 'net/rubygrapefruit/platform/NativeException'{0x000000009370b350}: Execution timed out> (0x000000009370b350) thrown at [src/hotspot/share/prims/jni.cpp, line 638]
Event: 191.653 Thread 0x000001bb6076d000 Exception <a 'java/lang/NoSuchMethodError'{0x00000000935585a8}: <clinit>> (0x00000000935585a8) thrown at [src/hotspot/share/prims/jni.cpp, line 1367]
Event: 191.655 Thread 0x000001bb6076d000 Exception <a 'java/lang/NoSuchMethodError'{0x00000000935711f8}: <clinit>> (0x00000000935711f8) thrown at [src/hotspot/share/prims/jni.cpp, line 1367]
Event: 191.669 Thread 0x000001bb6076d000 Exception <a 'java/lang/NoSuchMethodError'{0x0000000093407368}: <clinit>> (0x0000000093407368) thrown at [src/hotspot/share/prims/jni.cpp, line 1367]
Event: 191.681 Thread 0x000001bb5b3e6000 Exception <a 'java/lang/NoSuchMethodError'{0x0000000093491d80}: 'int java.lang.invoke.DirectMethodHandle$Holder.invokeSpecial(java.lang.Object, java.lang.Object, java.lang.Object, java.lang.Object, java.lang.Object)'> (0x0000000093491d80) thrown at [src/hotspot/share/interpreter/linkResolver.cpp, line 773]

Events (20 events):
Event: 191.683 loading class org/gradle/api/tasks/util/internal/CachingPatternSpecFactory$CachingSpec$1
Event: 191.683 loading class org/gradle/api/tasks/util/internal/CachingPatternSpecFactory$CachingSpec$1 done
Event: 191.683 loading class org/gradle/internal/snapshot/UnknownFileSystemNode
Event: 191.683 loading class org/gradle/internal/snapshot/UnknownFileSystemNode done
Event: 191.683 Executing VM operation: Deoptimize
Event: 191.684 Executing VM operation: Deoptimize done
Event: 191.690 loading class com/android/build/gradle/tasks/GenerateBuildConfigKt
Event: 191.690 loading class com/android/build/gradle/tasks/GenerateBuildConfigKt done
Event: 191.690 loading class com/android/build/gradle/internal/core/VariantDslInfoImpl$computeVersionNameSuffix$2
Event: 191.690 loading class com/android/build/gradle/internal/core/VariantDslInfoImpl$computeVersionNameSuffix$2 done
Event: 191.692 loading class org/gradle/execution/plan/LocalTaskNodeExecutor$1
Event: 191.692 loading class org/gradle/execution/plan/LocalTaskNodeExecutor$1 done
Event: 191.692 Executing VM operation: RevokeBias
Event: 191.693 Executing VM operation: RevokeBias done
Event: 191.693 Executing VM operation: RevokeBias
Event: 191.693 Executing VM operation: RevokeBias done
Event: 191.694 Executing VM operation: RevokeBias
Event: 191.694 Executing VM operation: RevokeBias done
Event: 191.694 Executing VM operation: RevokeBias
Event: 191.694 Executing VM operation: RevokeBias done


Dynamic libraries:
0x00007ff671f30000 - 0x00007ff671f3a000 	C:\Program Files\Android\Android Studio\jbr\bin\java.exe
0x00007ff8bf610000 - 0x00007ff8bf806000 	C:\Windows\SYSTEM32\ntdll.dll
0x00007ff8bd670000 - 0x00007ff8bd72d000 	C:\Windows\System32\KERNEL32.DLL
0x00007ff8bd300000 - 0x00007ff8bd5c9000 	C:\Windows\System32\KERNELBASE.dll
0x00007ff8bce60000 - 0x00007ff8bcf60000 	C:\Windows\System32\ucrtbase.dll
0x00007ff8a4270000 - 0x00007ff8a428b000 	C:\Program Files\Android\Android Studio\jbr\bin\VCRUNTIME140.dll
0x00007ff8a4250000 - 0x00007ff8a4267000 	C:\Program Files\Android\Android Studio\jbr\bin\jli.dll
0x00007ff8beda0000 - 0x00007ff8bef40000 	C:\Windows\System32\USER32.dll
0x00007ff8bd1f0000 - 0x00007ff8bd212000 	C:\Windows\System32\win32u.dll
0x00007ff8beff0000 - 0x00007ff8bf01a000 	C:\Windows\System32\GDI32.dll
0x00007ff8bcd50000 - 0x00007ff8bce5b000 	C:\Windows\System32\gdi32full.dll
0x00007ff8bd5d0000 - 0x00007ff8bd66d000 	C:\Windows\System32\msvcp_win.dll
0x00007ff8921d0000 - 0x00007ff89246b000 	C:\Windows\WinSxS\amd64_microsoft.windows.common-controls_6595b64144ccf1df_6.0.19041.746_none_ca02b4b61b8320a4\COMCTL32.dll
0x00007ff8bed00000 - 0x00007ff8bed9e000 	C:\Windows\System32\msvcrt.dll
0x00007ff8bd860000 - 0x00007ff8bd890000 	C:\Windows\System32\IMM32.DLL
0x00007ff8a2220000 - 0x00007ff8a227b000 	C:\ProgramData\Microsoft\DbgCtr\XShellDLL64_6015.dll
0x00007ff8bef40000 - 0x00007ff8befec000 	C:\Windows\System32\ADVAPI32.dll
0x00007ff8bd7c0000 - 0x00007ff8bd85c000 	C:\Windows\System32\sechost.dll
0x00007ff8bdb50000 - 0x00007ff8bdc7b000 	C:\Windows\System32\RPCRT4.dll
0x00007ff8be4f0000 - 0x00007ff8bec32000 	C:\Windows\System32\SHELL32.dll
0x00007ff8a2170000 - 0x00007ff8a217c000 	C:\Program Files\Android\Android Studio\jbr\bin\vcruntime140_1.dll
0x00007ff8a1460000 - 0x00007ff8a14ed000 	C:\Program Files\Android\Android Studio\jbr\bin\msvcp140.dll
0x00007ff877160000 - 0x00007ff877d1c000 	C:\Program Files\Android\Android Studio\jbr\bin\server\jvm.dll
0x00007ff8be3c0000 - 0x00007ff8be3c8000 	C:\Windows\System32\PSAPI.DLL
0x00007ff8aad90000 - 0x00007ff8aad99000 	C:\Windows\SYSTEM32\WSOCK32.dll
0x00007ff895110000 - 0x00007ff895137000 	C:\Windows\SYSTEM32\WINMM.dll
0x00007ff8b57d0000 - 0x00007ff8b57da000 	C:\Windows\SYSTEM32\VERSION.dll
0x00007ff8bdc90000 - 0x00007ff8bdcfb000 	C:\Windows\System32\WS2_32.dll
0x00007ff8bacc0000 - 0x00007ff8bacd2000 	C:\Windows\SYSTEM32\kernel.appcore.dll
0x00007ff8a1ee0000 - 0x00007ff8a1ef0000 	C:\Program Files\Android\Android Studio\jbr\bin\verify.dll
0x00007ff8a4650000 - 0x00007ff8a4834000 	C:\Windows\SYSTEM32\DBGHELP.DLL
0x00007ff8a4540000 - 0x00007ff8a456c000 	C:\Windows\SYSTEM32\dbgcore.DLL
0x00007ff8bd220000 - 0x00007ff8bd2a0000 	C:\Windows\System32\bcryptPrimitives.dll
0x00007ff8a1560000 - 0x00007ff8a1588000 	C:\Program Files\Android\Android Studio\jbr\bin\java.dll
0x00007ff8a1ac0000 - 0x00007ff8a1aca000 	C:\Program Files\Android\Android Studio\jbr\bin\jimage.dll
0x00007ff8a1660000 - 0x00007ff8a1678000 	C:\Program Files\Android\Android Studio\jbr\bin\zip.dll
0x00007ff8baec0000 - 0x00007ff8bb650000 	C:\Windows\SYSTEM32\windows.storage.dll
0x00007ff8bdd00000 - 0x00007ff8be056000 	C:\Windows\System32\combase.dll
0x00007ff8bc7b0000 - 0x00007ff8bc7dc000 	C:\Windows\SYSTEM32\Wldp.dll
0x00007ff8bd890000 - 0x00007ff8bd93e000 	C:\Windows\System32\SHCORE.dll
0x00007ff8bdaf0000 - 0x00007ff8bdb45000 	C:\Windows\System32\shlwapi.dll
0x00007ff8bcc80000 - 0x00007ff8bcca6000 	C:\Windows\SYSTEM32\profapi.dll
0x00007ff8a15d0000 - 0x00007ff8a15e9000 	C:\Program Files\Android\Android Studio\jbr\bin\net.dll
0x00007ff8b5f20000 - 0x00007ff8b6020000 	C:\Windows\SYSTEM32\WINHTTP.dll
0x00007ff8bc4c0000 - 0x00007ff8bc52a000 	C:\Windows\system32\mswsock.dll
0x00007ff8a0f80000 - 0x00007ff8a0f93000 	C:\Program Files\Android\Android Studio\jbr\bin\nio.dll
0x00007ff8a1c50000 - 0x00007ff8a1c77000 	C:\Users\it_04\.gradle\native\e1d6ef7f7dcc3fd88c89a11ec53ec762bb8ba0a96d01ffa2cd45eb1d1d8dd5c5\windows-amd64\native-platform.dll
0x00007ff8a1310000 - 0x00007ff8a1454000 	C:\Users\it_04\.gradle\native\0d407fdbe67a94daf76414ababcb853783967236a71b16ec16e742cd7a986fd3\windows-amd64\native-platform-file-events.dll
0x00007ff8af710000 - 0x00007ff8af71a000 	C:\Program Files\Android\Android Studio\jbr\bin\management.dll
0x00007ff8a0f70000 - 0x00007ff8a0f7b000 	C:\Program Files\Android\Android Studio\jbr\bin\management_ext.dll
0x00007ff8bc690000 - 0x00007ff8bc6a8000 	C:\Windows\SYSTEM32\CRYPTSP.dll
0x00007ff8bbe60000 - 0x00007ff8bbe94000 	C:\Windows\system32\rsaenh.dll
0x00007ff8bd060000 - 0x00007ff8bd087000 	C:\Windows\System32\bcrypt.dll
0x00007ff8bcc40000 - 0x00007ff8bcc6e000 	C:\Windows\SYSTEM32\USERENV.dll
0x00007ff8bc6b0000 - 0x00007ff8bc6bc000 	C:\Windows\SYSTEM32\CRYPTBASE.dll
0x00007ff8bc1b0000 - 0x00007ff8bc1eb000 	C:\Windows\SYSTEM32\IPHLPAPI.DLL
0x00007ff8bdc80000 - 0x00007ff8bdc88000 	C:\Windows\System32\NSI.dll
0x00007ff8b64d0000 - 0x00007ff8b64e7000 	C:\Windows\SYSTEM32\dhcpcsvc6.DLL
0x00007ff8b64b0000 - 0x00007ff8b64cd000 	C:\Windows\SYSTEM32\dhcpcsvc.DLL
0x00007ff8bc1f0000 - 0x00007ff8bc2bb000 	C:\Windows\SYSTEM32\DNSAPI.dll

dbghelp: loaded successfully - version: 4.0.5 - missing functions: none
symbol engine: initialized successfully - sym options: 0x614 - pdb path: .;C:\Program Files\Android\Android Studio\jbr\bin;C:\Windows\SYSTEM32;C:\Windows\WinSxS\amd64_microsoft.windows.common-controls_6595b64144ccf1df_6.0.19041.746_none_ca02b4b61b8320a4;C:\ProgramData\Microsoft\DbgCtr;C:\Program Files\Android\Android Studio\jbr\bin\server;C:\Users\it_04\.gradle\native\e1d6ef7f7dcc3fd88c89a11ec53ec762bb8ba0a96d01ffa2cd45eb1d1d8dd5c5\windows-amd64;C:\Users\it_04\.gradle\native\0d407fdbe67a94daf76414ababcb853783967236a71b16ec16e742cd7a986fd3\windows-amd64

VM Arguments:
jvm_args: --add-opens=java.base/java.util=ALL-UNNAMED --add-opens=java.base/java.lang=ALL-UNNAMED --add-opens=java.base/java.lang.invoke=ALL-UNNAMED --add-opens=java.base/java.util=ALL-UNNAMED --add-opens=java.prefs/java.util.prefs=ALL-UNNAMED --add-opens=java.prefs/java.util.prefs=ALL-UNNAMED --add-opens=java.base/java.nio.charset=ALL-UNNAMED --add-opens=java.base/java.net=ALL-UNNAMED --add-opens=java.base/java.util.concurrent.atomic=ALL-UNNAMED -Xmx2048m -Dfile.encoding=UTF-8 -Duser.country=US -Duser.language=en -Duser.variant 
java_command: org.gradle.launcher.daemon.bootstrap.GradleDaemon 7.5
java_class_path (initial): C:\Users\it_04\.gradle\wrapper\dists\gradle-7.5-bin\f1w0cc9nuo0eivz97x2xlu9sv\gradle-7.5\lib\gradle-launcher-7.5.jar
Launcher Type: SUN_STANDARD

[Global flags]
     intx CICompilerCount                          = 3                                         {product} {ergonomic}
     uint ConcGCThreads                            = 1                                         {product} {ergonomic}
     uint G1ConcRefinementThreads                  = 4                                         {product} {ergonomic}
   size_t G1HeapRegionSize                         = 1048576                                   {product} {ergonomic}
    uintx GCDrainStackTargetSize                   = 64                                        {product} {ergonomic}
   size_t InitialHeapSize                          = 266338304                                 {product} {ergonomic}
   size_t MarkStackSize                            = 4194304                                   {product} {ergonomic}
   size_t MaxHeapSize                              = 2147483648                                {product} {command line}
   size_t MaxNewSize                               = 1287651328                                {product} {ergonomic}
   size_t MinHeapDeltaBytes                        = 1048576                                   {product} {ergonomic}
    uintx NonNMethodCodeHeapSize                   = 5830732                                {pd product} {ergonomic}
    uintx NonProfiledCodeHeapSize                  = 122913754                              {pd product} {ergonomic}
    uintx ProfiledCodeHeapSize                     = 122913754                              {pd product} {ergonomic}
    uintx ReservedCodeCacheSize                    = 251658240                              {pd product} {ergonomic}
     bool SegmentedCodeCache                       = true                                      {product} {ergonomic}
     bool UseCompressedClassPointers               = true                                 {lp64_product} {ergonomic}
     bool UseCompressedOops                        = true                                 {lp64_product} {ergonomic}
     bool UseG1GC                                  = true                                      {product} {ergonomic}
     bool UseLargePagesIndividualAllocation        = false                                  {pd product} {ergonomic}

Logging:
Log output configuration:
 #0: stdout all=warning uptime,level,tags
 #1: stderr all=off uptime,level,tags

Environment Variables:
PATH=D:\app\it_07\product\11.2.0\client_1\bin;C:\Windows\system32;C:\Windows;C:\Windows\System32\Wbem;C:\Windows\System32\WindowsPowerShell\v1.0\;C:\Windows\System32\OpenSSH\;C:\Program Files\dotnet\;C:\Program Files\Git\cmd;C:\Users\it_04\AppData\Local\Microsoft\WindowsApps;C:\Users\it_04\.dotnet\tools
USERNAME=it_04
OS=Windows_NT
PROCESSOR_IDENTIFIER=Intel64 Family 6 Model 165 Stepping 3, GenuineIntel



---------------  S Y S T E M  ---------------

OS: Windows 10 , 64 bit Build 19041 (10.0.19041.804)
OS uptime: 0 days 0:58 hours

CPU:total 4 (initial active 4) (2 cores per cpu, 2 threads per core) family 6 model 165 stepping 3 microcode 0xe0, cmov, cx8, fxsr, mmx, sse, sse2, sse3, ssse3, sse4.1, sse4.2, popcnt, aes, clmul, erms, 3dnowpref, lzcnt, ht, tsc, tscinvbit

Memory: 4k page, system-wide physical 16242M (8837M free)
TotalPageFile size 18674M (AvailPageFile size 11748M)
current process WorkingSet (physical memory assigned to process): 589M, peak: 627M
current process commit charge ("private bytes"): 632M, peak: 662M

vm_info: OpenJDK 64-Bit Server VM (11.0.15+0-b2043.56-9505619) for windows-amd64 JRE (11.0.15+0-b2043.56-9505619), built on Jan 19 2023 02:48:00 by "builduser" with unknown MS VC++:1929

END.
