#
# A fatal error has been detected by the Java Runtime Environment:
#
#  EXCEPTION_ACCESS_VIOLATION (0xc0000005) at pc=0x00007ffab32b1820, pid=13156, tid=1520
#
# JRE version: OpenJDK Runtime Environment (11.0.15) (build 11.0.15+0-b2043.56-9505619)
# Java VM: OpenJDK 64-Bit Server VM (11.0.15+0-b2043.56-9505619, mixed mode, tiered, compressed oops, g1 gc, windows-amd64)
# Problematic frame:
# C  [native-platform-file-events.dll+0xf1820]
#
# No core dump will be written. Minidumps are not enabled by default on client versions of Windows
#
# If you would like to submit a bug report, please visit:
#   https://bugreport.java.com/bugreport/crash.jsp
# The crash happened outside the Java Virtual Machine in native code.
# See problematic frame for where to report the bug.
#

---------------  S U M M A R Y ------------

Command Line: --add-opens=java.base/java.util=ALL-UNNAMED --add-opens=java.base/java.lang=ALL-UNNAMED --add-opens=java.base/java.lang.invoke=ALL-UNNAMED --add-opens=java.base/java.util=ALL-UNNAMED --add-opens=java.prefs/java.util.prefs=ALL-UNNAMED --add-opens=java.prefs/java.util.prefs=ALL-UNNAMED --add-opens=java.base/java.nio.charset=ALL-UNNAMED --add-opens=java.base/java.net=ALL-UNNAMED --add-opens=java.base/java.util.concurrent.atomic=ALL-UNNAMED -Xmx2048m -Dfile.encoding=UTF-8 -Duser.country=US -Duser.language=en -Duser.variant org.gradle.launcher.daemon.bootstrap.GradleDaemon 7.5

Host: Intel(R) Pentium(R) Gold G6400 CPU @ 4.00GHz, 4 cores, 15G,  Windows 10 , 64 bit Build 19041 (10.0.19041.804)
Time: Thu Mar 30 09:31:59 2023 SE Asia Standard Time elapsed time: 21.116777 seconds (0d 0h 0m 21s)

---------------  T H R E A D  ---------------

Current thread (0x00000201e9e25000):  JavaThread "File watcher server" daemon [_thread_in_native, id=1520, stack(0x0000006b98200000,0x0000006b98300000)]

Stack: [0x0000006b98200000,0x0000006b98300000],  sp=0x0000006b982feaa8,  free space=1018k
Native frames: (J=compiled Java code, j=interpreted, Vv=VM code, C=native code)
C  [native-platform-file-events.dll+0xf1820]

Java frames: (J=compiled Java code, j=interpreted, Vv=VM code)
j  net.rubygrapefruit.platform.internal.jni.AbstractFileEventFunctions$NativeFileWatcher.executeRunLoop0(Ljava/lang/Object;)V+0
j  net.rubygrapefruit.platform.internal.jni.AbstractFileEventFunctions$NativeFileWatcher.access$100(Lnet/rubygrapefruit/platform/internal/jni/AbstractFileEventFunctions$NativeFileWatcher;Ljava/lang/Object;)V+2
j  net.rubygrapefruit.platform.internal.jni.AbstractFileEventFunctions$NativeFileWatcher$1.run()V+26
v  ~StubRoutines::call_stub

siginfo: EXCEPTION_ACCESS_VIOLATION (0xc0000005), reading address 0xffffffffffffffff


Register to memory mapping:

RIP=0x00007ffab32b1820 native-platform-file-events.dll
RAX=0xd38b48000000a7e9 is an unknown value
RBX=0x0 is NULL
RCX=0x0000006b9bcf9de8 is pointing into the stack for thread: 0x00000201e9689800
RDX=0x0 is NULL
RSP=0x0000006b982feaa8 is pointing into the stack for thread: 0x00000201e9e25000
RBP=0x0000006b982ff478 is pointing into the stack for thread: 0x00000201e9e25000
RSI=0x0000006b9bcf9de0 is pointing into the stack for thread: 0x00000201e9689800
RDI=0x0000006b9bcf9da0 is pointing into the stack for thread: 0x00000201e9689800
R8 =0x00000201cb350f00 points into unknown readable memory: 0x00000201cb350cc0 | c0 0c 35 cb 01 02 00 00
R9 =0x0000000000000001 is an unknown value
R10=0x0000000000008000 is an unknown value
R11=0x0000006b982fe760 is pointing into the stack for thread: 0x00000201e9e25000
R12=0x0 is NULL
R13={method} {0x00000201ecd81cf8} 'executeRunLoop0' '(Ljava/lang/Object;)V' in 'net/rubygrapefruit/platform/internal/jni/AbstractFileEventFunctions$NativeFileWatcher'
R14=0x0 is NULL
R15=0x00000201e9e25000 is a thread


Registers:
RAX=0xd38b48000000a7e9, RBX=0x0000000000000000, RCX=0x0000006b9bcf9de8, RDX=0x0000000000000000
RSP=0x0000006b982feaa8, RBP=0x0000006b982ff478, RSI=0x0000006b9bcf9de0, RDI=0x0000006b9bcf9da0
R8 =0x00000201cb350f00, R9 =0x0000000000000001, R10=0x0000000000008000, R11=0x0000006b982fe760
R12=0x0000000000000000, R13=0x00000201ecd81cf0, R14=0x0000000000000000, R15=0x00000201e9e25000
RIP=0x00007ffab32b1820, EFLAGS=0x0000000000010282

Top of Stack: (sp=0x0000006b982feaa8)
0x0000006b982feaa8:   00007ffab32063b9 0000000000000000
0x0000006b982feab8:   00000201d10efa7a 00000201e7685990
0x0000006b982feac8:   00007ffab31e3133 00000201ee8df8c8
0x0000006b982fead8:   000000008c87e4d0 0000336df9adb717
0x0000006b982feae8:   00007ffab31eda83 0000006b982ff4a0
0x0000006b982feaf8:   0000006b9bcf9da0 00007ffab31df150
0x0000006b982feb08:   00007ffab31f709b 0000006b9bcf9de0
0x0000006b982feb18:   0000000080417310 0000000000000000
0x0000006b982feb28:   00007ffab31ebfae 00000201ee8df8c0
0x0000006b982feb38:   00007ffab31e92a6 0000006b9bcf9de0
0x0000006b982feb48:   0000000000000000 00000201ee8df8c0
0x0000006b982feb58:   00007ffab31c57b3 0000000000000000
0x0000006b982feb68:   00007ffab31f64c2 0000006b982febb0
0x0000006b982feb78:   0000006b9bcf9de0 00000201e7314a20
0x0000006b982feb88:   0000000000000000 0000000080409f01
0x0000006b982feb98:   00000201e722fd50 0000000000000000 

Instructions: (pc=0x00007ffab32b1820)
0x00007ffab32b1720:   cc cc cc cc cc cc cc cc cc cc cc cc cc cc cc cc
0x00007ffab32b1730:   cc cc cc cc cc cc cc cc cc cc cc cc cc cc cc cc
0x00007ffab32b1740:   cc cc cc cc cc cc cc cc cc cc cc cc cc cc cc cc
0x00007ffab32b1750:   cc cc cc cc cc cc cc cc cc cc cc cc cc cc cc cc
0x00007ffab32b1760:   cc cc cc cc cc cc cc cc cc cc cc cc cc cc cc cc
0x00007ffab32b1770:   cc cc cc cc cc cc cc cc cc cc cc cc cc cc cc cc
0x00007ffab32b1780:   cc cc cc cc cc cc cc cc cc cc cc cc cc cc cc cc
0x00007ffab32b1790:   cc cc cc cc cc cc cc cc cc cc cc cc cc cc cc cc
0x00007ffab32b17a0:   cc cc cc cc cc cc cc cc cc cc cc cc cc cc cc cc
0x00007ffab32b17b0:   cc cc cc cc cc cc cc cc cc cc cc cc cc cc cc cc
0x00007ffab32b17c0:   cc cc cc cc cc cc cc cc cc cc cc cc cc cc cc cc
0x00007ffab32b17d0:   cc cc cc cc cc cc cc cc cc cc cc cc cc cc cc cc
0x00007ffab32b17e0:   cc cc cc cc cc cc cc cc cc cc cc cc cc cc cc cc
0x00007ffab32b17f0:   cc cc cc cc cc cc cc cc cc cc cc cc cc cc cc cc
0x00007ffab32b1800:   cc cc cc cc cc cc cc cc cc cc cc cc cc cc cc cc
0x00007ffab32b1810:   cc cc cc cc cc cc 66 66 0f 1f 84 00 00 00 00 00
0x00007ffab32b1820:   ff e0 cc cc cc cc cc cc cc cc cc cc cc cc cc cc
0x00007ffab32b1830:   cc cc cc cc cc cc 66 66 0f 1f 84 00 00 00 00 00
0x00007ffab32b1840:   ff 25 da e7 04 00 cc cc cc cc cc cc cc cc cc cc
0x00007ffab32b1850:   cc cc cc cc cc cc cc cc cc cc cc cc cc cc cc cc
0x00007ffab32b1860:   cc cc cc cc cc cc cc cc cc cc cc cc cc cc cc cc
0x00007ffab32b1870:   cc cc cc cc cc cc cc cc cc cc cc cc cc cc cc cc
0x00007ffab32b1880:   cc cc cc cc cc cc cc cc cc cc cc cc cc cc cc cc
0x00007ffab32b1890:   cc cc cc cc cc cc cc cc cc cc cc cc cc cc cc cc
0x00007ffab32b18a0:   cc cc cc cc cc cc cc cc cc cc cc cc cc cc cc cc
0x00007ffab32b18b0:   cc cc cc cc cc cc cc cc cc cc cc cc cc cc cc cc
0x00007ffab32b18c0:   cc cc cc cc cc cc cc cc cc cc cc cc cc cc cc cc
0x00007ffab32b18d0:   cc cc cc cc cc cc cc cc cc cc cc cc cc cc cc cc
0x00007ffab32b18e0:   cc cc cc cc cc cc cc cc cc cc cc cc cc cc cc cc
0x00007ffab32b18f0:   cc cc cc cc cc cc cc cc cc cc cc cc cc cc cc cc
0x00007ffab32b1900:   cc cc cc cc cc cc cc cc cc cc cc cc cc cc cc cc
0x00007ffab32b1910:   cc cc cc cc cc cc cc cc cc cc cc cc cc cc cc cc 


Stack slot to memory mapping:
stack at sp + 0 slots: 0x00007ffab32063b9 native-platform-file-events.dll
stack at sp + 1 slots: 0x0 is NULL
stack at sp + 2 slots: 0x00000201d10efa7a is at code_begin+2458 in an Interpreter codelet
method entry point (kind = native)  [0x00000201d10ef0e0, 0x00000201d10efb60]  2688 bytes
stack at sp + 3 slots: {method} {0x00000201e7685998} 'findEntry' '(Ljava/lang/String;)J' in 'java/lang/ClassLoader$NativeLibrary'
stack at sp + 4 slots: 0x00007ffab31e3133 native-platform-file-events.dll
stack at sp + 5 slots: 0x00000201ee8df8c8 points into unknown readable memory: 0x0000000100380638 | 38 06 38 00 01 00 00 00
stack at sp + 6 slots: 0x000000008c87e4d0 is an unallocated location in the heap
stack at sp + 7 slots: 0x0000336df9adb717 is an unknown value


---------------  P R O C E S S  ---------------

Threads class SMR info:
_java_thread_list=0x00000201f192a430, length=86, elements={
0x00000201cd5c6000, 0x00000201e7a49000, 0x00000201e7a4a000, 0x00000201e7aa3000,
0x00000201e7aa4000, 0x00000201e7aa5000, 0x00000201e7aab800, 0x00000201e7abd000,
0x00000201e7ac8000, 0x00000201e7c24000, 0x00000201ea88a800, 0x00000201ea69e000,
0x00000201ea1e5800, 0x00000201ea4ab000, 0x00000201eaa76800, 0x00000201ea95f800,
0x00000201e9462000, 0x00000201e82ed000, 0x00000201eab12800, 0x00000201eb1a3800,
0x00000201e9e21000, 0x00000201e9e23000, 0x00000201e9e20000, 0x00000201e9e25000,
0x00000201e9e24000, 0x00000201e9e22800, 0x00000201e9e26800, 0x00000201e9e21800,
0x00000201eb5fc000, 0x00000201eb5fd000, 0x00000201eb5f8000, 0x00000201eb5fa800,
0x00000201eb5fe000, 0x00000201eb5fe800, 0x00000201eb5f9000, 0x00000201eb5ff800,
0x00000201eb604800, 0x00000201eb600000, 0x00000201eb602800, 0x00000201eb603800,
0x00000201eb605000, 0x00000201eb601000, 0x00000201eb602000, 0x00000201eb606000,
0x00000201e811d800, 0x00000201e811a800, 0x00000201e811c000, 0x00000201e811b000,
0x00000201e811e800, 0x00000201e811d000, 0x00000201e8118800, 0x00000201e811f000,
0x00000201e8119800, 0x00000201e8122800, 0x00000201e8121000, 0x00000201e8126000,
0x00000201e8120000, 0x00000201e8123800, 0x00000201e8127800, 0x00000201e8125000,
0x00000201e8124000, 0x00000201e8126800, 0x00000201e8121800, 0x00000201e967d000,
0x00000201e967f000, 0x00000201e967f800, 0x00000201e9682000, 0x00000201e9681000,
0x00000201e9683000, 0x00000201e9683800, 0x00000201e967e000, 0x00000201e9684800,
0x00000201e9685800, 0x00000201e9680800, 0x00000201e968b000, 0x00000201e9686000,
0x00000201e968c000, 0x00000201e968a000, 0x00000201e9687800, 0x00000201e9688800,
0x00000201e9689800, 0x00000201f14c2800, 0x00000201f14c4800, 0x00000201f14c5000,
0x00000201f14c6000, 0x00000201e7f41000
}

Java Threads: ( => current thread )
  0x00000201cd5c6000 JavaThread "main" [_thread_blocked, id=2860, stack(0x0000006b95d00000,0x0000006b95e00000)]
  0x00000201e7a49000 JavaThread "Reference Handler" daemon [_thread_blocked, id=12536, stack(0x0000006b96700000,0x0000006b96800000)]
  0x00000201e7a4a000 JavaThread "Finalizer" daemon [_thread_blocked, id=8508, stack(0x0000006b96800000,0x0000006b96900000)]
  0x00000201e7aa3000 JavaThread "Signal Dispatcher" daemon [_thread_blocked, id=2436, stack(0x0000006b96900000,0x0000006b96a00000)]
  0x00000201e7aa4000 JavaThread "Attach Listener" daemon [_thread_blocked, id=4592, stack(0x0000006b96a00000,0x0000006b96b00000)]
  0x00000201e7aa5000 JavaThread "Service Thread" daemon [_thread_blocked, id=10956, stack(0x0000006b96b00000,0x0000006b96c00000)]
  0x00000201e7aab800 JavaThread "C2 CompilerThread0" daemon [_thread_blocked, id=11736, stack(0x0000006b96c00000,0x0000006b96d00000)]
  0x00000201e7abd000 JavaThread "C1 CompilerThread0" daemon [_thread_blocked, id=11596, stack(0x0000006b96d00000,0x0000006b96e00000)]
  0x00000201e7ac8000 JavaThread "Sweeper thread" daemon [_thread_blocked, id=10664, stack(0x0000006b96e00000,0x0000006b96f00000)]
  0x00000201e7c24000 JavaThread "Common-Cleaner" daemon [_thread_blocked, id=10472, stack(0x0000006b96f00000,0x0000006b97000000)]
  0x00000201ea88a800 JavaThread "Daemon health stats" [_thread_blocked, id=11148, stack(0x0000006b97500000,0x0000006b97600000)]
  0x00000201ea69e000 JavaThread "Incoming local TCP Connector on port 53237" [_thread_in_native, id=12704, stack(0x0000006b97600000,0x0000006b97700000)]
  0x00000201ea1e5800 JavaThread "Daemon periodic checks" [_thread_blocked, id=5252, stack(0x0000006b97700000,0x0000006b97800000)]
  0x00000201ea4ab000 JavaThread "Daemon" [_thread_blocked, id=6648, stack(0x0000006b97800000,0x0000006b97900000)]
  0x00000201eaa76800 JavaThread "Handler for socket connection from /127.0.0.1:53237 to /127.0.0.1:53238" [_thread_in_native, id=12912, stack(0x0000006b97900000,0x0000006b97a00000)]
  0x00000201ea95f800 JavaThread "Cancel handler" [_thread_blocked, id=5532, stack(0x0000006b97a00000,0x0000006b97b00000)]
  0x00000201e9462000 JavaThread "Daemon worker" [_thread_blocked, id=6328, stack(0x0000006b97b00000,0x0000006b97c00000)]
  0x00000201e82ed000 JavaThread "Asynchronous log dispatcher for DefaultDaemonConnection: socket connection from /127.0.0.1:53237 to /127.0.0.1:53238" [_thread_blocked, id=11448, stack(0x0000006b97c00000,0x0000006b97d00000)]
  0x00000201eab12800 JavaThread "Stdin handler" [_thread_blocked, id=11128, stack(0x0000006b97d00000,0x0000006b97e00000)]
  0x00000201eb1a3800 JavaThread "Daemon client event forwarder" [_thread_blocked, id=13116, stack(0x0000006b97e00000,0x0000006b97f00000)]
  0x00000201e9e21000 JavaThread "Cache worker for journal cache (C:\Users\it_04\.gradle\caches\journal-1)" [_thread_blocked, id=10280, stack(0x0000006b97f00000,0x0000006b98000000)]
  0x00000201e9e23000 JavaThread "File lock request listener" [_thread_in_native, id=12920, stack(0x0000006b98000000,0x0000006b98100000)]
  0x00000201e9e20000 JavaThread "Cache worker for file hash cache (C:\Users\it_04\.gradle\caches\7.5\fileHashes)" [_thread_blocked, id=4668, stack(0x0000006b98100000,0x0000006b98200000)]
=>0x00000201e9e25000 JavaThread "File watcher server" daemon [_thread_in_native, id=1520, stack(0x0000006b98200000,0x0000006b98300000)]
  0x00000201e9e24000 JavaThread "Cache worker for checksums cache (D:\SourceAndroid\KyThuat\.gradle\7.5\checksums)" [_thread_blocked, id=4936, stack(0x0000006b98400000,0x0000006b98500000)]
  0x00000201e9e22800 JavaThread "Cache worker for cache directory md-rule (C:\Users\it_04\.gradle\caches\7.5\md-rule)" [_thread_blocked, id=6028, stack(0x0000006b98500000,0x0000006b98600000)]
  0x00000201e9e26800 JavaThread "Cache worker for file content cache (C:\Users\it_04\.gradle\caches\7.5\fileContent)" [_thread_blocked, id=6232, stack(0x0000006b98600000,0x0000006b98700000)]
  0x00000201e9e21800 JavaThread "Cache worker for file hash cache (D:\SourceAndroid\KyThuat\.gradle\7.5\fileHashes)" [_thread_blocked, id=7212, stack(0x0000006b98700000,0x0000006b98800000)]
  0x00000201eb5fc000 JavaThread "Cache worker for cache directory md-supplier (C:\Users\it_04\.gradle\caches\7.5\md-supplier)" [_thread_blocked, id=9716, stack(0x0000006b98800000,0x0000006b98900000)]
  0x00000201eb5fd000 JavaThread "Cache worker for execution history cache (C:\Users\it_04\.gradle\caches\7.5\executionHistory)" [_thread_blocked, id=11316, stack(0x0000006b98900000,0x0000006b98a00000)]
  0x00000201eb5f8000 JavaThread "jar transforms" [_thread_blocked, id=10692, stack(0x0000006b98a00000,0x0000006b98b00000)]
  0x00000201eb5fa800 JavaThread "jar transforms Thread 2" [_thread_blocked, id=11752, stack(0x0000006b98b00000,0x0000006b98c00000)]
  0x00000201eb5fe000 JavaThread "jar transforms Thread 3" [_thread_blocked, id=5772, stack(0x0000006b98c00000,0x0000006b98d00000)]
  0x00000201eb5fe800 JavaThread "jar transforms Thread 4" [_thread_blocked, id=2268, stack(0x0000006b98d00000,0x0000006b98e00000)]
  0x00000201eb5f9000 JavaThread "Cache worker for dependencies-accessors (D:\SourceAndroid\KyThuat\.gradle\7.5\dependencies-accessors)" [_thread_blocked, id=12092, stack(0x0000006b98e00000,0x0000006b98f00000)]
  0x00000201eb5ff800 JavaThread "Cache worker for Build Output Cleanup Cache (D:\SourceAndroid\KyThuat\.gradle\buildOutputCleanup)" [_thread_blocked, id=12356, stack(0x0000006b98f00000,0x0000006b99000000)]
  0x00000201eb604800 JavaThread "Unconstrained build operations" [_thread_blocked, id=7256, stack(0x0000006b99000000,0x0000006b99100000)]
  0x00000201eb600000 JavaThread "Unconstrained build operations Thread 2" [_thread_blocked, id=11592, stack(0x0000006b99100000,0x0000006b99200000)]
  0x00000201eb602800 JavaThread "Unconstrained build operations Thread 3" [_thread_blocked, id=12500, stack(0x0000006b99200000,0x0000006b99300000)]
  0x00000201eb603800 JavaThread "Unconstrained build operations Thread 4" [_thread_blocked, id=12736, stack(0x0000006b99300000,0x0000006b99400000)]
  0x00000201eb605000 JavaThread "Unconstrained build operations Thread 5" [_thread_blocked, id=13268, stack(0x0000006b99400000,0x0000006b99500000)]
  0x00000201eb601000 JavaThread "Unconstrained build operations Thread 6" [_thread_blocked, id=11320, stack(0x0000006b99500000,0x0000006b99600000)]
  0x00000201eb602000 JavaThread "Unconstrained build operations Thread 7" [_thread_blocked, id=3040, stack(0x0000006b99600000,0x0000006b99700000)]
  0x00000201eb606000 JavaThread "Unconstrained build operations Thread 8" [_thread_blocked, id=6284, stack(0x0000006b99700000,0x0000006b99800000)]
  0x00000201e811d800 JavaThread "Unconstrained build operations Thread 9" [_thread_blocked, id=5108, stack(0x0000006b99800000,0x0000006b99900000)]
  0x00000201e811a800 JavaThread "Unconstrained build operations Thread 10" [_thread_blocked, id=11332, stack(0x0000006b99900000,0x0000006b99a00000)]
  0x00000201e811c000 JavaThread "Unconstrained build operations Thread 11" [_thread_blocked, id=13164, stack(0x0000006b99a00000,0x0000006b99b00000)]
  0x00000201e811b000 JavaThread "Unconstrained build operations Thread 12" [_thread_blocked, id=7216, stack(0x0000006b99b00000,0x0000006b99c00000)]
  0x00000201e811e800 JavaThread "Unconstrained build operations Thread 13" [_thread_blocked, id=8300, stack(0x0000006b99c00000,0x0000006b99d00000)]
  0x00000201e811d000 JavaThread "Unconstrained build operations Thread 14" [_thread_blocked, id=10740, stack(0x0000006b99d00000,0x0000006b99e00000)]
  0x00000201e8118800 JavaThread "Unconstrained build operations Thread 15" [_thread_blocked, id=13024, stack(0x0000006b99e00000,0x0000006b99f00000)]
  0x00000201e811f000 JavaThread "Unconstrained build operations Thread 16" [_thread_blocked, id=1748, stack(0x0000006b99f00000,0x0000006b9a000000)]
  0x00000201e8119800 JavaThread "Unconstrained build operations Thread 17" [_thread_blocked, id=11500, stack(0x0000006b9a000000,0x0000006b9a100000)]
  0x00000201e8122800 JavaThread "Unconstrained build operations Thread 18" [_thread_blocked, id=7908, stack(0x0000006b9a100000,0x0000006b9a200000)]
  0x00000201e8121000 JavaThread "Unconstrained build operations Thread 19" [_thread_blocked, id=9632, stack(0x0000006b9a200000,0x0000006b9a300000)]
  0x00000201e8126000 JavaThread "Unconstrained build operations Thread 20" [_thread_blocked, id=11796, stack(0x0000006b9a300000,0x0000006b9a400000)]
  0x00000201e8120000 JavaThread "Unconstrained build operations Thread 21" [_thread_blocked, id=4516, stack(0x0000006b9a400000,0x0000006b9a500000)]
  0x00000201e8123800 JavaThread "Unconstrained build operations Thread 22" [_thread_blocked, id=11692, stack(0x0000006b9a500000,0x0000006b9a600000)]
  0x00000201e8127800 JavaThread "Unconstrained build operations Thread 23" [_thread_blocked, id=10612, stack(0x0000006b9a600000,0x0000006b9a700000)]
  0x00000201e8125000 JavaThread "Unconstrained build operations Thread 24" [_thread_blocked, id=8784, stack(0x0000006b9a700000,0x0000006b9a800000)]
  0x00000201e8124000 JavaThread "Unconstrained build operations Thread 25" [_thread_blocked, id=8044, stack(0x0000006b9a800000,0x0000006b9a900000)]
  0x00000201e8126800 JavaThread "Unconstrained build operations Thread 26" [_thread_blocked, id=6748, stack(0x0000006b9a900000,0x0000006b9aa00000)]
  0x00000201e8121800 JavaThread "Unconstrained build operations Thread 27" [_thread_blocked, id=12304, stack(0x0000006b9aa00000,0x0000006b9ab00000)]
  0x00000201e967d000 JavaThread "Unconstrained build operations Thread 28" [_thread_blocked, id=3924, stack(0x0000006b9ab00000,0x0000006b9ac00000)]
  0x00000201e967f000 JavaThread "Unconstrained build operations Thread 29" [_thread_blocked, id=7488, stack(0x0000006b9ac00000,0x0000006b9ad00000)]
  0x00000201e967f800 JavaThread "Unconstrained build operations Thread 30" [_thread_blocked, id=11108, stack(0x0000006b9ad00000,0x0000006b9ae00000)]
  0x00000201e9682000 JavaThread "Unconstrained build operations Thread 31" [_thread_blocked, id=12708, stack(0x0000006b9ae00000,0x0000006b9af00000)]
  0x00000201e9681000 JavaThread "Unconstrained build operations Thread 32" [_thread_blocked, id=9060, stack(0x0000006b9af00000,0x0000006b9b000000)]
  0x00000201e9683000 JavaThread "Unconstrained build operations Thread 33" [_thread_blocked, id=8652, stack(0x0000006b9b000000,0x0000006b9b100000)]
  0x00000201e9683800 JavaThread "Unconstrained build operations Thread 34" [_thread_blocked, id=8388, stack(0x0000006b9b100000,0x0000006b9b200000)]
  0x00000201e967e000 JavaThread "Unconstrained build operations Thread 35" [_thread_blocked, id=11504, stack(0x0000006b9b200000,0x0000006b9b300000)]
  0x00000201e9684800 JavaThread "Unconstrained build operations Thread 36" [_thread_blocked, id=11940, stack(0x0000006b9b300000,0x0000006b9b400000)]
  0x00000201e9685800 JavaThread "Unconstrained build operations Thread 37" [_thread_blocked, id=11476, stack(0x0000006b9b400000,0x0000006b9b500000)]
  0x00000201e9680800 JavaThread "Unconstrained build operations Thread 38" [_thread_blocked, id=12896, stack(0x0000006b9b500000,0x0000006b9b600000)]
  0x00000201e968b000 JavaThread "Unconstrained build operations Thread 39" [_thread_blocked, id=12700, stack(0x0000006b9b600000,0x0000006b9b700000)]
  0x00000201e9686000 JavaThread "Unconstrained build operations Thread 40" [_thread_blocked, id=11992, stack(0x0000006b9b700000,0x0000006b9b800000)]
  0x00000201e968c000 JavaThread "Memory manager" [_thread_blocked, id=5268, stack(0x0000006b9b800000,0x0000006b9b900000)]
  0x00000201e968a000 JavaThread "build event listener" [_thread_blocked, id=12656, stack(0x0000006b9b900000,0x0000006b9ba00000)]
  0x00000201e9687800 JavaThread "pool-3-thread-1" [_thread_blocked, id=12124, stack(0x0000006b9ba00000,0x0000006b9bb00000)]
  0x00000201e9688800 JavaThread "build event listener" [_thread_blocked, id=11124, stack(0x0000006b9bb00000,0x0000006b9bc00000)]
  0x00000201e9689800 JavaThread "included builds" [_thread_blocked, id=12088, stack(0x0000006b9bc00000,0x0000006b9bd00000)]
  0x00000201f14c2800 JavaThread "Execution worker" [_thread_in_vm, id=2952, stack(0x0000006b9bd00000,0x0000006b9be00000)]
  0x00000201f14c4800 JavaThread "Execution worker Thread 2" [_thread_blocked, id=12188, stack(0x0000006b9be00000,0x0000006b9bf00000)]
  0x00000201f14c5000 JavaThread "Execution worker Thread 3" [_thread_blocked, id=1260, stack(0x0000006b9bf00000,0x0000006b9c000000)]
  0x00000201f14c6000 JavaThread "Cache worker for execution history cache (D:\SourceAndroid\KyThuat\.gradle\7.5\executionHistory)" [_thread_blocked, id=5008, stack(0x0000006b9c000000,0x0000006b9c100000)]
  0x00000201e7f41000 JavaThread "C2 CompilerThread1" daemon [_thread_blocked, id=10308, stack(0x0000006b97100000,0x0000006b97200000)]

Other Threads:
  0x00000201e7a45800 VMThread "VM Thread" [stack: 0x0000006b96600000,0x0000006b96700000] [id=12580]
  0x00000201e7c27800 WatcherThread [stack: 0x0000006b97000000,0x0000006b97100000] [id=10256]
  0x00000201cd5db000 GCTaskThread "GC Thread#0" [stack: 0x0000006b96100000,0x0000006b96200000] [id=12644]
  0x00000201e8a2c800 GCTaskThread "GC Thread#1" [stack: 0x0000006b97200000,0x0000006b97300000] [id=10140]
  0x00000201e7cdc000 GCTaskThread "GC Thread#2" [stack: 0x0000006b97300000,0x0000006b97400000] [id=11844]
  0x00000201e879a800 GCTaskThread "GC Thread#3" [stack: 0x0000006b97400000,0x0000006b97500000] [id=12476]
  0x00000201cd60b800 ConcurrentGCThread "G1 Main Marker" [stack: 0x0000006b96200000,0x0000006b96300000] [id=2400]
  0x00000201cd60d000 ConcurrentGCThread "G1 Conc#0" [stack: 0x0000006b96300000,0x0000006b96400000] [id=10876]
  0x00000201e7086800 ConcurrentGCThread "G1 Refine#0" [stack: 0x0000006b96400000,0x0000006b96500000] [id=660]
  0x00000201e7087000 ConcurrentGCThread "G1 Young RemSet Sampling" [stack: 0x0000006b96500000,0x0000006b96600000] [id=8380]

Threads with active compile tasks:

VM state:not at safepoint (normal execution)

VM Mutex/Monitor currently owned by a thread: None

Heap address: 0x0000000080000000, size: 2048 MB, Compressed Oops mode: 32-bit
Narrow klass base: 0x0000000000000000, Narrow klass shift: 3
Compressed class space size: 1073741824 Address: 0x0000000100000000

Heap:
 garbage-first heap   total 312320K, used 80336K [0x0000000080000000, 0x0000000100000000)
  region size 1024K, 25 young (25600K), 22 survivors (22528K)
 Metaspace       used 85924K, capacity 88142K, committed 88476K, reserved 1126400K
  class space    used 11117K, capacity 11920K, committed 12056K, reserved 1048576K
Heap Regions: E=young(eden), S=young(survivor), O=old, HS=humongous(starts), HC=humongous(continues), CS=collection set, F=free, A=archive, TAMS=top-at-mark-start (previous, next)
|   0|0x0000000080000000, 0x0000000080100000, 0x0000000080100000|100%|HS|  |TAMS 0x0000000080100000, 0x0000000080100000| Complete 
|   1|0x0000000080100000, 0x0000000080200000, 0x0000000080200000|100%|HC|  |TAMS 0x0000000080200000, 0x0000000080200000| Complete 
|   2|0x0000000080200000, 0x0000000080300000, 0x0000000080300000|100%|HC|  |TAMS 0x0000000080300000, 0x0000000080300000| Complete 
|   3|0x0000000080300000, 0x0000000080400000, 0x0000000080400000|100%| O|  |TAMS 0x0000000080400000, 0x0000000080400000| Untracked 
|   4|0x0000000080400000, 0x0000000080500000, 0x0000000080500000|100%| O|  |TAMS 0x0000000080500000, 0x0000000080500000| Untracked 
|   5|0x0000000080500000, 0x0000000080600000, 0x0000000080600000|100%| O|  |TAMS 0x0000000080600000, 0x0000000080600000| Untracked 
|   6|0x0000000080600000, 0x0000000080700000, 0x0000000080700000|100%| O|  |TAMS 0x0000000080700000, 0x0000000080700000| Untracked 
|   7|0x0000000080700000, 0x0000000080800000, 0x0000000080800000|100%| O|  |TAMS 0x0000000080800000, 0x0000000080800000| Untracked 
|   8|0x0000000080800000, 0x0000000080900000, 0x0000000080900000|100%| O|  |TAMS 0x0000000080900000, 0x0000000080900000| Untracked 
|   9|0x0000000080900000, 0x0000000080a00000, 0x0000000080a00000|100%| O|  |TAMS 0x0000000080a00000, 0x0000000080a00000| Untracked 
|  10|0x0000000080a00000, 0x0000000080b00000, 0x0000000080b00000|100%| O|  |TAMS 0x0000000080b00000, 0x0000000080b00000| Untracked 
|  11|0x0000000080b00000, 0x0000000080c00000, 0x0000000080c00000|100%| O|  |TAMS 0x0000000080c00000, 0x0000000080c00000| Untracked 
|  12|0x0000000080c00000, 0x0000000080d00000, 0x0000000080d00000|100%| O|  |TAMS 0x0000000080d00000, 0x0000000080d00000| Untracked 
|  13|0x0000000080d00000, 0x0000000080e00000, 0x0000000080e00000|100%|HS|  |TAMS 0x0000000080e00000, 0x0000000080e00000| Complete 
|  14|0x0000000080e00000, 0x0000000080f00000, 0x0000000080f00000|100%|HS|  |TAMS 0x0000000080f00000, 0x0000000080f00000| Complete 
|  15|0x0000000080f00000, 0x0000000081000000, 0x0000000081000000|100%| O|  |TAMS 0x0000000080f00000, 0x0000000081000000| Untracked 
|  16|0x0000000081000000, 0x0000000081100000, 0x0000000081100000|100%| O|  |TAMS 0x0000000081100000, 0x0000000081100000| Untracked 
|  17|0x0000000081100000, 0x0000000081200000, 0x0000000081200000|100%| O|  |TAMS 0x0000000081200000, 0x0000000081200000| Untracked 
|  18|0x0000000081200000, 0x0000000081300000, 0x0000000081300000|100%| O|  |TAMS 0x0000000081300000, 0x0000000081300000| Untracked 
|  19|0x0000000081300000, 0x0000000081400000, 0x0000000081400000|100%| O|  |TAMS 0x0000000081400000, 0x0000000081400000| Untracked 
|  20|0x0000000081400000, 0x0000000081500000, 0x0000000081500000|100%|HS|  |TAMS 0x0000000081500000, 0x0000000081500000| Complete 
|  21|0x0000000081500000, 0x0000000081600000, 0x0000000081600000|100%|HC|  |TAMS 0x0000000081600000, 0x0000000081600000| Complete 
|  22|0x0000000081600000, 0x0000000081700000, 0x0000000081700000|100%| O|  |TAMS 0x0000000081700000, 0x0000000081700000| Untracked 
|  23|0x0000000081700000, 0x0000000081800000, 0x0000000081800000|100%| O|  |TAMS 0x0000000081800000, 0x0000000081800000| Untracked 
|  24|0x0000000081800000, 0x0000000081900000, 0x0000000081900000|100%| O|  |TAMS 0x0000000081900000, 0x0000000081900000| Untracked 
|  25|0x0000000081900000, 0x0000000081a00000, 0x0000000081a00000|100%| O|  |TAMS 0x0000000081a00000, 0x0000000081a00000| Untracked 
|  26|0x0000000081a00000, 0x0000000081b00000, 0x0000000081b00000|100%| O|  |TAMS 0x0000000081b00000, 0x0000000081b00000| Untracked 
|  27|0x0000000081b00000, 0x0000000081c00000, 0x0000000081c00000|100%| O|  |TAMS 0x0000000081b00000, 0x0000000081c00000| Untracked 
|  28|0x0000000081c00000, 0x0000000081d00000, 0x0000000081d00000|100%| O|  |TAMS 0x0000000081c00000, 0x0000000081d00000| Untracked 
|  29|0x0000000081d00000, 0x0000000081e00000, 0x0000000081e00000|100%| O|  |TAMS 0x0000000081d00000, 0x0000000081e00000| Untracked 
|  30|0x0000000081e00000, 0x0000000081f00000, 0x0000000081f00000|100%| O|  |TAMS 0x0000000081e00000, 0x0000000081f00000| Untracked 
|  31|0x0000000081f00000, 0x0000000082000000, 0x0000000082000000|100%| O|  |TAMS 0x0000000081f00000, 0x0000000082000000| Untracked 
|  32|0x0000000082000000, 0x0000000082100000, 0x0000000082100000|100%| O|  |TAMS 0x0000000082000000, 0x0000000082100000| Untracked 
|  33|0x0000000082100000, 0x0000000082200000, 0x0000000082200000|100%| O|  |TAMS 0x0000000082100000, 0x0000000082200000| Untracked 
|  34|0x0000000082200000, 0x0000000082300000, 0x0000000082300000|100%| O|  |TAMS 0x0000000082300000, 0x0000000082300000| Untracked 
|  35|0x0000000082300000, 0x0000000082400000, 0x0000000082400000|100%| O|  |TAMS 0x0000000082400000, 0x0000000082400000| Untracked 
|  36|0x0000000082400000, 0x0000000082500000, 0x0000000082500000|100%| O|  |TAMS 0x0000000082500000, 0x0000000082500000| Untracked 
|  37|0x0000000082500000, 0x0000000082600000, 0x0000000082600000|100%| O|  |TAMS 0x0000000082600000, 0x0000000082600000| Untracked 
|  38|0x0000000082600000, 0x0000000082700000, 0x0000000082700000|100%| O|  |TAMS 0x0000000082700000, 0x0000000082700000| Untracked 
|  39|0x0000000082700000, 0x0000000082800000, 0x0000000082800000|100%| O|  |TAMS 0x0000000082800000, 0x0000000082800000| Untracked 
|  40|0x0000000082800000, 0x0000000082900000, 0x0000000082900000|100%| O|  |TAMS 0x0000000082900000, 0x0000000082900000| Untracked 
|  41|0x0000000082900000, 0x0000000082a00000, 0x0000000082a00000|100%| O|  |TAMS 0x0000000082a00000, 0x0000000082a00000| Untracked 
|  42|0x0000000082a00000, 0x0000000082b00000, 0x0000000082b00000|100%| O|  |TAMS 0x0000000082b00000, 0x0000000082b00000| Untracked 
|  43|0x0000000082b00000, 0x0000000082c00000, 0x0000000082c00000|100%| O|  |TAMS 0x0000000082c00000, 0x0000000082c00000| Untracked 
|  44|0x0000000082c00000, 0x0000000082d00000, 0x0000000082d00000|100%| O|  |TAMS 0x0000000082d00000, 0x0000000082d00000| Untracked 
|  45|0x0000000082d00000, 0x0000000082e00000, 0x0000000082e00000|100%| O|  |TAMS 0x0000000082e00000, 0x0000000082e00000| Untracked 
|  46|0x0000000082e00000, 0x0000000082f00000, 0x0000000082f00000|100%| O|  |TAMS 0x0000000082f00000, 0x0000000082f00000| Untracked 
|  47|0x0000000082f00000, 0x0000000083000000, 0x0000000083000000|100%| O|  |TAMS 0x0000000083000000, 0x0000000083000000| Untracked 
|  48|0x0000000083000000, 0x0000000083100000, 0x0000000083100000|100%| O|  |TAMS 0x0000000083100000, 0x0000000083100000| Untracked 
|  49|0x0000000083100000, 0x0000000083200000, 0x0000000083200000|100%| O|  |TAMS 0x0000000083200000, 0x0000000083200000| Untracked 
|  50|0x0000000083200000, 0x0000000083300000, 0x0000000083300000|100%| O|  |TAMS 0x0000000083300000, 0x0000000083300000| Untracked 
|  51|0x0000000083300000, 0x0000000083400000, 0x0000000083400000|100%| O|  |TAMS 0x0000000083400000, 0x0000000083400000| Untracked 
|  52|0x0000000083400000, 0x0000000083500000, 0x0000000083500000|100%| O|  |TAMS 0x0000000083476a00, 0x0000000083500000| Untracked 
|  53|0x0000000083500000, 0x0000000083600000, 0x0000000083600000|100%| O|  |TAMS 0x0000000083500000, 0x0000000083600000| Untracked 
|  54|0x0000000083600000, 0x0000000083674000, 0x0000000083700000| 45%| O|  |TAMS 0x0000000083600000, 0x0000000083674000| Untracked 
|  55|0x0000000083700000, 0x0000000083700000, 0x0000000083800000|  0%| F|  |TAMS 0x0000000083700000, 0x0000000083700000| Untracked 
|  56|0x0000000083800000, 0x0000000083800000, 0x0000000083900000|  0%| F|  |TAMS 0x0000000083800000, 0x0000000083800000| Untracked 
|  57|0x0000000083900000, 0x0000000083900000, 0x0000000083a00000|  0%| F|  |TAMS 0x0000000083900000, 0x0000000083900000| Untracked 
|  58|0x0000000083a00000, 0x0000000083a00000, 0x0000000083b00000|  0%| F|  |TAMS 0x0000000083a00000, 0x0000000083a00000| Untracked 
|  59|0x0000000083b00000, 0x0000000083b00000, 0x0000000083c00000|  0%| F|  |TAMS 0x0000000083b00000, 0x0000000083b00000| Untracked 
|  60|0x0000000083c00000, 0x0000000083c00000, 0x0000000083d00000|  0%| F|  |TAMS 0x0000000083c00000, 0x0000000083c00000| Untracked 
|  61|0x0000000083d00000, 0x0000000083d00000, 0x0000000083e00000|  0%| F|  |TAMS 0x0000000083d00000, 0x0000000083d00000| Untracked 
|  62|0x0000000083e00000, 0x0000000083e00000, 0x0000000083f00000|  0%| F|  |TAMS 0x0000000083e00000, 0x0000000083e00000| Untracked 
|  63|0x0000000083f00000, 0x0000000083f00000, 0x0000000084000000|  0%| F|  |TAMS 0x0000000083f00000, 0x0000000083f00000| Untracked 
|  64|0x0000000084000000, 0x0000000084000000, 0x0000000084100000|  0%| F|  |TAMS 0x0000000084000000, 0x0000000084000000| Untracked 
|  65|0x0000000084100000, 0x0000000084100000, 0x0000000084200000|  0%| F|  |TAMS 0x0000000084100000, 0x0000000084100000| Untracked 
|  66|0x0000000084200000, 0x0000000084200000, 0x0000000084300000|  0%| F|  |TAMS 0x0000000084200000, 0x0000000084200000| Untracked 
|  67|0x0000000084300000, 0x0000000084300000, 0x0000000084400000|  0%| F|  |TAMS 0x0000000084300000, 0x0000000084300000| Untracked 
|  68|0x0000000084400000, 0x0000000084400000, 0x0000000084500000|  0%| F|  |TAMS 0x0000000084400000, 0x0000000084400000| Untracked 
|  69|0x0000000084500000, 0x0000000084500000, 0x0000000084600000|  0%| F|  |TAMS 0x0000000084500000, 0x0000000084500000| Untracked 
|  70|0x0000000084600000, 0x0000000084600000, 0x0000000084700000|  0%| F|  |TAMS 0x0000000084600000, 0x0000000084600000| Untracked 
|  71|0x0000000084700000, 0x0000000084700000, 0x0000000084800000|  0%| F|  |TAMS 0x0000000084700000, 0x0000000084700000| Untracked 
|  72|0x0000000084800000, 0x0000000084800000, 0x0000000084900000|  0%| F|  |TAMS 0x0000000084800000, 0x0000000084800000| Untracked 
|  73|0x0000000084900000, 0x0000000084900000, 0x0000000084a00000|  0%| F|  |TAMS 0x0000000084900000, 0x0000000084900000| Untracked 
|  74|0x0000000084a00000, 0x0000000084a00000, 0x0000000084b00000|  0%| F|  |TAMS 0x0000000084a00000, 0x0000000084a00000| Untracked 
|  75|0x0000000084b00000, 0x0000000084b00000, 0x0000000084c00000|  0%| F|  |TAMS 0x0000000084b00000, 0x0000000084b00000| Untracked 
|  76|0x0000000084c00000, 0x0000000084c00000, 0x0000000084d00000|  0%| F|  |TAMS 0x0000000084c00000, 0x0000000084c00000| Untracked 
|  77|0x0000000084d00000, 0x0000000084d00000, 0x0000000084e00000|  0%| F|  |TAMS 0x0000000084d00000, 0x0000000084d00000| Untracked 
|  78|0x0000000084e00000, 0x0000000084e00000, 0x0000000084f00000|  0%| F|  |TAMS 0x0000000084e00000, 0x0000000084e00000| Untracked 
|  79|0x0000000084f00000, 0x0000000084f00000, 0x0000000085000000|  0%| F|  |TAMS 0x0000000084f00000, 0x0000000084f00000| Untracked 
|  80|0x0000000085000000, 0x0000000085000000, 0x0000000085100000|  0%| F|  |TAMS 0x0000000085000000, 0x0000000085000000| Untracked 
|  81|0x0000000085100000, 0x0000000085100000, 0x0000000085200000|  0%| F|  |TAMS 0x0000000085100000, 0x0000000085100000| Untracked 
|  82|0x0000000085200000, 0x0000000085200000, 0x0000000085300000|  0%| F|  |TAMS 0x0000000085200000, 0x0000000085200000| Untracked 
|  83|0x0000000085300000, 0x0000000085300000, 0x0000000085400000|  0%| F|  |TAMS 0x0000000085300000, 0x0000000085300000| Untracked 
|  84|0x0000000085400000, 0x0000000085400000, 0x0000000085500000|  0%| F|  |TAMS 0x0000000085400000, 0x0000000085400000| Untracked 
|  85|0x0000000085500000, 0x0000000085500000, 0x0000000085600000|  0%| F|  |TAMS 0x0000000085500000, 0x0000000085500000| Untracked 
|  86|0x0000000085600000, 0x0000000085600000, 0x0000000085700000|  0%| F|  |TAMS 0x0000000085600000, 0x0000000085600000| Untracked 
|  87|0x0000000085700000, 0x0000000085700000, 0x0000000085800000|  0%| F|  |TAMS 0x0000000085700000, 0x0000000085700000| Untracked 
|  88|0x0000000085800000, 0x0000000085800000, 0x0000000085900000|  0%| F|  |TAMS 0x0000000085800000, 0x0000000085800000| Untracked 
|  89|0x0000000085900000, 0x0000000085900000, 0x0000000085a00000|  0%| F|  |TAMS 0x0000000085900000, 0x0000000085900000| Untracked 
|  90|0x0000000085a00000, 0x0000000085a00000, 0x0000000085b00000|  0%| F|  |TAMS 0x0000000085a00000, 0x0000000085a00000| Untracked 
|  91|0x0000000085b00000, 0x0000000085b00000, 0x0000000085c00000|  0%| F|  |TAMS 0x0000000085b00000, 0x0000000085b00000| Untracked 
|  92|0x0000000085c00000, 0x0000000085c00000, 0x0000000085d00000|  0%| F|  |TAMS 0x0000000085c00000, 0x0000000085c00000| Untracked 
|  93|0x0000000085d00000, 0x0000000085d00000, 0x0000000085e00000|  0%| F|  |TAMS 0x0000000085d00000, 0x0000000085d00000| Untracked 
|  94|0x0000000085e00000, 0x0000000085e00000, 0x0000000085f00000|  0%| F|  |TAMS 0x0000000085e00000, 0x0000000085e00000| Untracked 
|  95|0x0000000085f00000, 0x0000000085f00000, 0x0000000086000000|  0%| F|  |TAMS 0x0000000085f00000, 0x0000000085f00000| Untracked 
|  96|0x0000000086000000, 0x0000000086000000, 0x0000000086100000|  0%| F|  |TAMS 0x0000000086000000, 0x0000000086000000| Untracked 
|  97|0x0000000086100000, 0x0000000086100000, 0x0000000086200000|  0%| F|  |TAMS 0x0000000086100000, 0x0000000086100000| Untracked 
|  98|0x0000000086200000, 0x0000000086200000, 0x0000000086300000|  0%| F|  |TAMS 0x0000000086200000, 0x0000000086200000| Untracked 
|  99|0x0000000086300000, 0x0000000086300000, 0x0000000086400000|  0%| F|  |TAMS 0x0000000086300000, 0x0000000086300000| Untracked 
| 100|0x0000000086400000, 0x0000000086400000, 0x0000000086500000|  0%| F|  |TAMS 0x0000000086400000, 0x0000000086400000| Untracked 
| 101|0x0000000086500000, 0x0000000086500000, 0x0000000086600000|  0%| F|  |TAMS 0x0000000086500000, 0x0000000086500000| Untracked 
| 102|0x0000000086600000, 0x0000000086600000, 0x0000000086700000|  0%| F|  |TAMS 0x0000000086600000, 0x0000000086600000| Untracked 
| 103|0x0000000086700000, 0x0000000086700000, 0x0000000086800000|  0%| F|  |TAMS 0x0000000086700000, 0x0000000086700000| Untracked 
| 104|0x0000000086800000, 0x0000000086800000, 0x0000000086900000|  0%| F|  |TAMS 0x0000000086800000, 0x0000000086800000| Untracked 
| 105|0x0000000086900000, 0x0000000086900000, 0x0000000086a00000|  0%| F|  |TAMS 0x0000000086900000, 0x0000000086900000| Untracked 
| 106|0x0000000086a00000, 0x0000000086a00000, 0x0000000086b00000|  0%| F|  |TAMS 0x0000000086a00000, 0x0000000086a00000| Untracked 
| 107|0x0000000086b00000, 0x0000000086c00000, 0x0000000086c00000|100%| S|CS|TAMS 0x0000000086b00000, 0x0000000086b00000| Complete 
| 108|0x0000000086c00000, 0x0000000086d00000, 0x0000000086d00000|100%| S|CS|TAMS 0x0000000086c00000, 0x0000000086c00000| Complete 
| 109|0x0000000086d00000, 0x0000000086e00000, 0x0000000086e00000|100%| S|CS|TAMS 0x0000000086d00000, 0x0000000086d00000| Complete 
| 110|0x0000000086e00000, 0x0000000086f00000, 0x0000000086f00000|100%| S|CS|TAMS 0x0000000086e00000, 0x0000000086e00000| Complete 
| 111|0x0000000086f00000, 0x0000000087000000, 0x0000000087000000|100%| S|CS|TAMS 0x0000000086f00000, 0x0000000086f00000| Complete 
| 112|0x0000000087000000, 0x0000000087100000, 0x0000000087100000|100%| S|CS|TAMS 0x0000000087000000, 0x0000000087000000| Complete 
| 113|0x0000000087100000, 0x0000000087200000, 0x0000000087200000|100%| S|CS|TAMS 0x0000000087100000, 0x0000000087100000| Complete 
| 114|0x0000000087200000, 0x0000000087300000, 0x0000000087300000|100%| S|CS|TAMS 0x0000000087200000, 0x0000000087200000| Complete 
| 115|0x0000000087300000, 0x0000000087400000, 0x0000000087400000|100%| S|CS|TAMS 0x0000000087300000, 0x0000000087300000| Complete 
| 116|0x0000000087400000, 0x0000000087500000, 0x0000000087500000|100%| S|CS|TAMS 0x0000000087400000, 0x0000000087400000| Complete 
| 117|0x0000000087500000, 0x0000000087600000, 0x0000000087600000|100%| S|CS|TAMS 0x0000000087500000, 0x0000000087500000| Complete 
| 118|0x0000000087600000, 0x0000000087700000, 0x0000000087700000|100%| S|CS|TAMS 0x0000000087600000, 0x0000000087600000| Complete 
| 119|0x0000000087700000, 0x0000000087800000, 0x0000000087800000|100%| S|CS|TAMS 0x0000000087700000, 0x0000000087700000| Complete 
| 120|0x0000000087800000, 0x0000000087900000, 0x0000000087900000|100%| S|CS|TAMS 0x0000000087800000, 0x0000000087800000| Complete 
| 121|0x0000000087900000, 0x0000000087a00000, 0x0000000087a00000|100%| S|CS|TAMS 0x0000000087900000, 0x0000000087900000| Complete 
| 122|0x0000000087a00000, 0x0000000087b00000, 0x0000000087b00000|100%| S|CS|TAMS 0x0000000087a00000, 0x0000000087a00000| Complete 
| 123|0x0000000087b00000, 0x0000000087c00000, 0x0000000087c00000|100%| S|CS|TAMS 0x0000000087b00000, 0x0000000087b00000| Complete 
| 124|0x0000000087c00000, 0x0000000087d00000, 0x0000000087d00000|100%| S|CS|TAMS 0x0000000087c00000, 0x0000000087c00000| Complete 
| 125|0x0000000087d00000, 0x0000000087e00000, 0x0000000087e00000|100%| S|CS|TAMS 0x0000000087d00000, 0x0000000087d00000| Complete 
| 126|0x0000000087e00000, 0x0000000087f00000, 0x0000000087f00000|100%| S|CS|TAMS 0x0000000087e00000, 0x0000000087e00000| Complete 
| 127|0x0000000087f00000, 0x0000000088000000, 0x0000000088000000|100%| S|CS|TAMS 0x0000000087f00000, 0x0000000087f00000| Complete 
| 128|0x0000000088000000, 0x0000000088100000, 0x0000000088100000|100%| S|CS|TAMS 0x0000000088000000, 0x0000000088000000| Complete 
| 129|0x0000000088100000, 0x0000000088100000, 0x0000000088200000|  0%| F|  |TAMS 0x0000000088100000, 0x0000000088100000| Untracked 
| 130|0x0000000088200000, 0x0000000088200000, 0x0000000088300000|  0%| F|  |TAMS 0x0000000088200000, 0x0000000088200000| Untracked 
| 131|0x0000000088300000, 0x0000000088300000, 0x0000000088400000|  0%| F|  |TAMS 0x0000000088300000, 0x0000000088300000| Untracked 
| 132|0x0000000088400000, 0x0000000088400000, 0x0000000088500000|  0%| F|  |TAMS 0x0000000088400000, 0x0000000088400000| Untracked 
| 133|0x0000000088500000, 0x0000000088500000, 0x0000000088600000|  0%| F|  |TAMS 0x0000000088500000, 0x0000000088500000| Untracked 
| 134|0x0000000088600000, 0x0000000088600000, 0x0000000088700000|  0%| F|  |TAMS 0x0000000088600000, 0x0000000088600000| Untracked 
| 135|0x0000000088700000, 0x0000000088700000, 0x0000000088800000|  0%| F|  |TAMS 0x0000000088700000, 0x0000000088700000| Untracked 
| 136|0x0000000088800000, 0x0000000088800000, 0x0000000088900000|  0%| F|  |TAMS 0x0000000088800000, 0x0000000088800000| Untracked 
| 137|0x0000000088900000, 0x0000000088900000, 0x0000000088a00000|  0%| F|  |TAMS 0x0000000088900000, 0x0000000088900000| Untracked 
| 138|0x0000000088a00000, 0x0000000088a00000, 0x0000000088b00000|  0%| F|  |TAMS 0x0000000088a00000, 0x0000000088a00000| Untracked 
| 139|0x0000000088b00000, 0x0000000088b00000, 0x0000000088c00000|  0%| F|  |TAMS 0x0000000088b00000, 0x0000000088b00000| Untracked 
| 140|0x0000000088c00000, 0x0000000088c00000, 0x0000000088d00000|  0%| F|  |TAMS 0x0000000088c00000, 0x0000000088c00000| Untracked 
| 141|0x0000000088d00000, 0x0000000088d00000, 0x0000000088e00000|  0%| F|  |TAMS 0x0000000088d00000, 0x0000000088d00000| Untracked 
| 142|0x0000000088e00000, 0x0000000088e00000, 0x0000000088f00000|  0%| F|  |TAMS 0x0000000088e00000, 0x0000000088e00000| Untracked 
| 143|0x0000000088f00000, 0x0000000088f00000, 0x0000000089000000|  0%| F|  |TAMS 0x0000000088f00000, 0x0000000088f00000| Untracked 
| 144|0x0000000089000000, 0x0000000089000000, 0x0000000089100000|  0%| F|  |TAMS 0x0000000089000000, 0x0000000089000000| Untracked 
| 145|0x0000000089100000, 0x0000000089100000, 0x0000000089200000|  0%| F|  |TAMS 0x0000000089100000, 0x0000000089100000| Untracked 
| 146|0x0000000089200000, 0x0000000089200000, 0x0000000089300000|  0%| F|  |TAMS 0x0000000089200000, 0x0000000089200000| Untracked 
| 147|0x0000000089300000, 0x0000000089300000, 0x0000000089400000|  0%| F|  |TAMS 0x0000000089300000, 0x0000000089300000| Untracked 
| 148|0x0000000089400000, 0x0000000089400000, 0x0000000089500000|  0%| F|  |TAMS 0x0000000089400000, 0x0000000089400000| Untracked 
| 149|0x0000000089500000, 0x0000000089500000, 0x0000000089600000|  0%| F|  |TAMS 0x0000000089500000, 0x0000000089500000| Untracked 
| 150|0x0000000089600000, 0x0000000089600000, 0x0000000089700000|  0%| F|  |TAMS 0x0000000089600000, 0x0000000089600000| Untracked 
| 151|0x0000000089700000, 0x0000000089700000, 0x0000000089800000|  0%| F|  |TAMS 0x0000000089700000, 0x0000000089700000| Untracked 
| 152|0x0000000089800000, 0x0000000089800000, 0x0000000089900000|  0%| F|  |TAMS 0x0000000089800000, 0x0000000089800000| Untracked 
| 153|0x0000000089900000, 0x0000000089900000, 0x0000000089a00000|  0%| F|  |TAMS 0x0000000089900000, 0x0000000089900000| Untracked 
| 154|0x0000000089a00000, 0x0000000089a00000, 0x0000000089b00000|  0%| F|  |TAMS 0x0000000089a00000, 0x0000000089a00000| Untracked 
| 155|0x0000000089b00000, 0x0000000089b00000, 0x0000000089c00000|  0%| F|  |TAMS 0x0000000089b00000, 0x0000000089b00000| Untracked 
| 156|0x0000000089c00000, 0x0000000089c00000, 0x0000000089d00000|  0%| F|  |TAMS 0x0000000089c00000, 0x0000000089c00000| Untracked 
| 157|0x0000000089d00000, 0x0000000089d00000, 0x0000000089e00000|  0%| F|  |TAMS 0x0000000089d00000, 0x0000000089d00000| Untracked 
| 158|0x0000000089e00000, 0x0000000089e00000, 0x0000000089f00000|  0%| F|  |TAMS 0x0000000089e00000, 0x0000000089e00000| Untracked 
| 159|0x0000000089f00000, 0x0000000089f00000, 0x000000008a000000|  0%| F|  |TAMS 0x0000000089f00000, 0x0000000089f00000| Untracked 
| 160|0x000000008a000000, 0x000000008a000000, 0x000000008a100000|  0%| F|  |TAMS 0x000000008a000000, 0x000000008a000000| Untracked 
| 161|0x000000008a100000, 0x000000008a100000, 0x000000008a200000|  0%| F|  |TAMS 0x000000008a100000, 0x000000008a100000| Untracked 
| 162|0x000000008a200000, 0x000000008a200000, 0x000000008a300000|  0%| F|  |TAMS 0x000000008a200000, 0x000000008a200000| Untracked 
| 163|0x000000008a300000, 0x000000008a300000, 0x000000008a400000|  0%| F|  |TAMS 0x000000008a300000, 0x000000008a300000| Untracked 
| 164|0x000000008a400000, 0x000000008a400000, 0x000000008a500000|  0%| F|  |TAMS 0x000000008a400000, 0x000000008a400000| Untracked 
| 165|0x000000008a500000, 0x000000008a500000, 0x000000008a600000|  0%| F|  |TAMS 0x000000008a500000, 0x000000008a500000| Untracked 
| 166|0x000000008a600000, 0x000000008a600000, 0x000000008a700000|  0%| F|  |TAMS 0x000000008a600000, 0x000000008a600000| Untracked 
| 167|0x000000008a700000, 0x000000008a700000, 0x000000008a800000|  0%| F|  |TAMS 0x000000008a700000, 0x000000008a700000| Untracked 
| 168|0x000000008a800000, 0x000000008a800000, 0x000000008a900000|  0%| F|  |TAMS 0x000000008a800000, 0x000000008a800000| Untracked 
| 169|0x000000008a900000, 0x000000008a900000, 0x000000008aa00000|  0%| F|  |TAMS 0x000000008a900000, 0x000000008a900000| Untracked 
| 170|0x000000008aa00000, 0x000000008aa00000, 0x000000008ab00000|  0%| F|  |TAMS 0x000000008aa00000, 0x000000008aa00000| Untracked 
| 171|0x000000008ab00000, 0x000000008ab00000, 0x000000008ac00000|  0%| F|  |TAMS 0x000000008ab00000, 0x000000008ab00000| Untracked 
| 172|0x000000008ac00000, 0x000000008ac00000, 0x000000008ad00000|  0%| F|  |TAMS 0x000000008ac00000, 0x000000008ac00000| Untracked 
| 173|0x000000008ad00000, 0x000000008ad00000, 0x000000008ae00000|  0%| F|  |TAMS 0x000000008ad00000, 0x000000008ad00000| Untracked 
| 174|0x000000008ae00000, 0x000000008ae00000, 0x000000008af00000|  0%| F|  |TAMS 0x000000008ae00000, 0x000000008ae00000| Untracked 
| 175|0x000000008af00000, 0x000000008af00000, 0x000000008b000000|  0%| F|  |TAMS 0x000000008af00000, 0x000000008af00000| Untracked 
| 176|0x000000008b000000, 0x000000008b000000, 0x000000008b100000|  0%| F|  |TAMS 0x000000008b000000, 0x000000008b000000| Untracked 
| 177|0x000000008b100000, 0x000000008b100000, 0x000000008b200000|  0%| F|  |TAMS 0x000000008b100000, 0x000000008b100000| Untracked 
| 178|0x000000008b200000, 0x000000008b200000, 0x000000008b300000|  0%| F|  |TAMS 0x000000008b200000, 0x000000008b200000| Untracked 
| 179|0x000000008b300000, 0x000000008b300000, 0x000000008b400000|  0%| F|  |TAMS 0x000000008b300000, 0x000000008b300000| Untracked 
| 180|0x000000008b400000, 0x000000008b400000, 0x000000008b500000|  0%| F|  |TAMS 0x000000008b400000, 0x000000008b400000| Untracked 
| 181|0x000000008b500000, 0x000000008b500000, 0x000000008b600000|  0%| F|  |TAMS 0x000000008b500000, 0x000000008b500000| Untracked 
| 182|0x000000008b600000, 0x000000008b600000, 0x000000008b700000|  0%| F|  |TAMS 0x000000008b600000, 0x000000008b600000| Untracked 
| 183|0x000000008b700000, 0x000000008b700000, 0x000000008b800000|  0%| F|  |TAMS 0x000000008b700000, 0x000000008b700000| Untracked 
| 184|0x000000008b800000, 0x000000008b800000, 0x000000008b900000|  0%| F|  |TAMS 0x000000008b800000, 0x000000008b800000| Untracked 
| 185|0x000000008b900000, 0x000000008b900000, 0x000000008ba00000|  0%| F|  |TAMS 0x000000008b900000, 0x000000008b900000| Untracked 
| 186|0x000000008ba00000, 0x000000008ba00000, 0x000000008bb00000|  0%| F|  |TAMS 0x000000008ba00000, 0x000000008ba00000| Untracked 
| 187|0x000000008bb00000, 0x000000008bb00000, 0x000000008bc00000|  0%| F|  |TAMS 0x000000008bb00000, 0x000000008bb00000| Untracked 
| 188|0x000000008bc00000, 0x000000008bc00000, 0x000000008bd00000|  0%| F|  |TAMS 0x000000008bc00000, 0x000000008bc00000| Untracked 
| 189|0x000000008bd00000, 0x000000008bd00000, 0x000000008be00000|  0%| F|  |TAMS 0x000000008bd00000, 0x000000008bd00000| Untracked 
| 190|0x000000008be00000, 0x000000008be00000, 0x000000008bf00000|  0%| F|  |TAMS 0x000000008be00000, 0x000000008be00000| Untracked 
| 191|0x000000008bf00000, 0x000000008bf00000, 0x000000008c000000|  0%| F|  |TAMS 0x000000008bf00000, 0x000000008bf00000| Untracked 
| 192|0x000000008c000000, 0x000000008c000000, 0x000000008c100000|  0%| F|  |TAMS 0x000000008c000000, 0x000000008c000000| Untracked 
| 193|0x000000008c100000, 0x000000008c100000, 0x000000008c200000|  0%| F|  |TAMS 0x000000008c100000, 0x000000008c100000| Untracked 
| 194|0x000000008c200000, 0x000000008c200000, 0x000000008c300000|  0%| F|  |TAMS 0x000000008c200000, 0x000000008c200000| Untracked 
| 195|0x000000008c300000, 0x000000008c300000, 0x000000008c400000|  0%| F|  |TAMS 0x000000008c300000, 0x000000008c300000| Untracked 
| 196|0x000000008c400000, 0x000000008c400000, 0x000000008c500000|  0%| F|  |TAMS 0x000000008c400000, 0x000000008c400000| Untracked 
| 197|0x000000008c500000, 0x000000008c500000, 0x000000008c600000|  0%| F|  |TAMS 0x000000008c500000, 0x000000008c500000| Untracked 
| 198|0x000000008c600000, 0x000000008c600000, 0x000000008c700000|  0%| F|  |TAMS 0x000000008c600000, 0x000000008c600000| Untracked 
| 199|0x000000008c700000, 0x000000008c700000, 0x000000008c800000|  0%| F|  |TAMS 0x000000008c700000, 0x000000008c700000| Untracked 
| 200|0x000000008c800000, 0x000000008c800000, 0x000000008c900000|  0%| F|  |TAMS 0x000000008c800000, 0x000000008c800000| Untracked 
| 201|0x000000008c900000, 0x000000008c900000, 0x000000008ca00000|  0%| F|  |TAMS 0x000000008c900000, 0x000000008c900000| Untracked 
| 202|0x000000008ca00000, 0x000000008ca00000, 0x000000008cb00000|  0%| F|  |TAMS 0x000000008ca00000, 0x000000008ca00000| Untracked 
| 203|0x000000008cb00000, 0x000000008cb00000, 0x000000008cc00000|  0%| F|  |TAMS 0x000000008cb00000, 0x000000008cb00000| Untracked 
| 204|0x000000008cc00000, 0x000000008cc00000, 0x000000008cd00000|  0%| F|  |TAMS 0x000000008cc00000, 0x000000008cc00000| Untracked 
| 205|0x000000008cd00000, 0x000000008cd00000, 0x000000008ce00000|  0%| F|  |TAMS 0x000000008cd00000, 0x000000008cd00000| Untracked 
| 206|0x000000008ce00000, 0x000000008ce00000, 0x000000008cf00000|  0%| F|  |TAMS 0x000000008ce00000, 0x000000008ce00000| Untracked 
| 207|0x000000008cf00000, 0x000000008cf00000, 0x000000008d000000|  0%| F|  |TAMS 0x000000008cf00000, 0x000000008cf00000| Untracked 
| 208|0x000000008d000000, 0x000000008d000000, 0x000000008d100000|  0%| F|  |TAMS 0x000000008d000000, 0x000000008d000000| Untracked 
| 209|0x000000008d100000, 0x000000008d100000, 0x000000008d200000|  0%| F|  |TAMS 0x000000008d100000, 0x000000008d100000| Untracked 
| 210|0x000000008d200000, 0x000000008d200000, 0x000000008d300000|  0%| F|  |TAMS 0x000000008d200000, 0x000000008d200000| Untracked 
| 211|0x000000008d300000, 0x000000008d300000, 0x000000008d400000|  0%| F|  |TAMS 0x000000008d300000, 0x000000008d300000| Untracked 
| 212|0x000000008d400000, 0x000000008d400000, 0x000000008d500000|  0%| F|  |TAMS 0x000000008d400000, 0x000000008d400000| Untracked 
| 213|0x000000008d500000, 0x000000008d500000, 0x000000008d600000|  0%| F|  |TAMS 0x000000008d500000, 0x000000008d500000| Untracked 
| 214|0x000000008d600000, 0x000000008d600000, 0x000000008d700000|  0%| F|  |TAMS 0x000000008d600000, 0x000000008d600000| Untracked 
| 215|0x000000008d700000, 0x000000008d700000, 0x000000008d800000|  0%| F|  |TAMS 0x000000008d700000, 0x000000008d700000| Untracked 
| 216|0x000000008d800000, 0x000000008d800000, 0x000000008d900000|  0%| F|  |TAMS 0x000000008d800000, 0x000000008d800000| Untracked 
| 217|0x000000008d900000, 0x000000008d900000, 0x000000008da00000|  0%| F|  |TAMS 0x000000008d900000, 0x000000008d900000| Untracked 
| 218|0x000000008da00000, 0x000000008da00000, 0x000000008db00000|  0%| F|  |TAMS 0x000000008da00000, 0x000000008da00000| Untracked 
| 219|0x000000008db00000, 0x000000008db00000, 0x000000008dc00000|  0%| F|  |TAMS 0x000000008db00000, 0x000000008db00000| Untracked 
| 220|0x000000008dc00000, 0x000000008dc00000, 0x000000008dd00000|  0%| F|  |TAMS 0x000000008dc00000, 0x000000008dc00000| Untracked 
| 221|0x000000008dd00000, 0x000000008dd00000, 0x000000008de00000|  0%| F|  |TAMS 0x000000008dd00000, 0x000000008dd00000| Untracked 
| 222|0x000000008de00000, 0x000000008de00000, 0x000000008df00000|  0%| F|  |TAMS 0x000000008de00000, 0x000000008de00000| Untracked 
| 223|0x000000008df00000, 0x000000008df00000, 0x000000008e000000|  0%| F|  |TAMS 0x000000008df00000, 0x000000008df00000| Untracked 
| 224|0x000000008e000000, 0x000000008e000000, 0x000000008e100000|  0%| F|  |TAMS 0x000000008e000000, 0x000000008e000000| Untracked 
| 225|0x000000008e100000, 0x000000008e100000, 0x000000008e200000|  0%| F|  |TAMS 0x000000008e100000, 0x000000008e100000| Untracked 
| 226|0x000000008e200000, 0x000000008e200000, 0x000000008e300000|  0%| F|  |TAMS 0x000000008e200000, 0x000000008e200000| Untracked 
| 227|0x000000008e300000, 0x000000008e300000, 0x000000008e400000|  0%| F|  |TAMS 0x000000008e300000, 0x000000008e300000| Untracked 
| 228|0x000000008e400000, 0x000000008e400000, 0x000000008e500000|  0%| F|  |TAMS 0x000000008e400000, 0x000000008e400000| Untracked 
| 229|0x000000008e500000, 0x000000008e500000, 0x000000008e600000|  0%| F|  |TAMS 0x000000008e500000, 0x000000008e500000| Untracked 
| 230|0x000000008e600000, 0x000000008e600000, 0x000000008e700000|  0%| F|  |TAMS 0x000000008e600000, 0x000000008e600000| Untracked 
| 231|0x000000008e700000, 0x000000008e700000, 0x000000008e800000|  0%| F|  |TAMS 0x000000008e700000, 0x000000008e700000| Untracked 
| 232|0x000000008e800000, 0x000000008e800000, 0x000000008e900000|  0%| F|  |TAMS 0x000000008e800000, 0x000000008e800000| Untracked 
| 233|0x000000008e900000, 0x000000008e900000, 0x000000008ea00000|  0%| F|  |TAMS 0x000000008e900000, 0x000000008e900000| Untracked 
| 234|0x000000008ea00000, 0x000000008ea00000, 0x000000008eb00000|  0%| F|  |TAMS 0x000000008ea00000, 0x000000008ea00000| Untracked 
| 235|0x000000008eb00000, 0x000000008eb00000, 0x000000008ec00000|  0%| F|  |TAMS 0x000000008eb00000, 0x000000008eb00000| Untracked 
| 236|0x000000008ec00000, 0x000000008ec00000, 0x000000008ed00000|  0%| F|  |TAMS 0x000000008ec00000, 0x000000008ec00000| Untracked 
| 237|0x000000008ed00000, 0x000000008ed00000, 0x000000008ee00000|  0%| F|  |TAMS 0x000000008ed00000, 0x000000008ed00000| Untracked 
| 238|0x000000008ee00000, 0x000000008ee00000, 0x000000008ef00000|  0%| F|  |TAMS 0x000000008ee00000, 0x000000008ee00000| Untracked 
| 239|0x000000008ef00000, 0x000000008ef00000, 0x000000008f000000|  0%| F|  |TAMS 0x000000008ef00000, 0x000000008ef00000| Untracked 
| 240|0x000000008f000000, 0x000000008f000000, 0x000000008f100000|  0%| F|  |TAMS 0x000000008f000000, 0x000000008f000000| Untracked 
| 241|0x000000008f100000, 0x000000008f100000, 0x000000008f200000|  0%| F|  |TAMS 0x000000008f100000, 0x000000008f100000| Untracked 
| 242|0x000000008f200000, 0x000000008f200000, 0x000000008f300000|  0%| F|  |TAMS 0x000000008f200000, 0x000000008f200000| Untracked 
| 243|0x000000008f300000, 0x000000008f300000, 0x000000008f400000|  0%| F|  |TAMS 0x000000008f300000, 0x000000008f300000| Untracked 
| 244|0x000000008f400000, 0x000000008f400000, 0x000000008f500000|  0%| F|  |TAMS 0x000000008f400000, 0x000000008f400000| Untracked 
| 245|0x000000008f500000, 0x000000008f500000, 0x000000008f600000|  0%| F|  |TAMS 0x000000008f500000, 0x000000008f500000| Untracked 
| 246|0x000000008f600000, 0x000000008f600000, 0x000000008f700000|  0%| F|  |TAMS 0x000000008f600000, 0x000000008f600000| Untracked 
| 247|0x000000008f700000, 0x000000008f700000, 0x000000008f800000|  0%| F|  |TAMS 0x000000008f700000, 0x000000008f700000| Untracked 
| 248|0x000000008f800000, 0x000000008f800000, 0x000000008f900000|  0%| F|  |TAMS 0x000000008f800000, 0x000000008f800000| Untracked 
| 249|0x000000008f900000, 0x000000008f900000, 0x000000008fa00000|  0%| F|  |TAMS 0x000000008f900000, 0x000000008f900000| Untracked 
| 250|0x000000008fa00000, 0x000000008fa00000, 0x000000008fb00000|  0%| F|  |TAMS 0x000000008fa00000, 0x000000008fa00000| Untracked 
| 251|0x000000008fb00000, 0x000000008fb00000, 0x000000008fc00000|  0%| F|  |TAMS 0x000000008fb00000, 0x000000008fb00000| Untracked 
| 252|0x000000008fc00000, 0x000000008fc00000, 0x000000008fd00000|  0%| F|  |TAMS 0x000000008fc00000, 0x000000008fc00000| Untracked 
| 253|0x000000008fd00000, 0x000000008fd00000, 0x000000008fe00000|  0%| F|  |TAMS 0x000000008fd00000, 0x000000008fd00000| Untracked 
| 254|0x000000008fe00000, 0x000000008fe00000, 0x000000008ff00000|  0%| F|  |TAMS 0x000000008fe00000, 0x000000008fe00000| Untracked 
| 255|0x000000008ff00000, 0x000000008ff00000, 0x0000000090000000|  0%| F|  |TAMS 0x000000008ff00000, 0x000000008ff00000| Untracked 
| 256|0x0000000090000000, 0x0000000090000000, 0x0000000090100000|  0%| F|  |TAMS 0x0000000090000000, 0x0000000090000000| Untracked 
| 257|0x0000000090100000, 0x0000000090100000, 0x0000000090200000|  0%| F|  |TAMS 0x0000000090100000, 0x0000000090100000| Untracked 
| 258|0x0000000090200000, 0x0000000090200000, 0x0000000090300000|  0%| F|  |TAMS 0x0000000090200000, 0x0000000090200000| Untracked 
| 259|0x0000000090300000, 0x0000000090300000, 0x0000000090400000|  0%| F|  |TAMS 0x0000000090300000, 0x0000000090300000| Untracked 
| 260|0x0000000090400000, 0x0000000090400000, 0x0000000090500000|  0%| F|  |TAMS 0x0000000090400000, 0x0000000090400000| Untracked 
| 261|0x0000000090500000, 0x0000000090500000, 0x0000000090600000|  0%| F|  |TAMS 0x0000000090500000, 0x0000000090500000| Untracked 
| 262|0x0000000090600000, 0x0000000090600000, 0x0000000090700000|  0%| F|  |TAMS 0x0000000090600000, 0x0000000090600000| Untracked 
| 263|0x0000000090700000, 0x0000000090700000, 0x0000000090800000|  0%| F|  |TAMS 0x0000000090700000, 0x0000000090700000| Untracked 
| 264|0x0000000090800000, 0x0000000090800000, 0x0000000090900000|  0%| F|  |TAMS 0x0000000090800000, 0x0000000090800000| Untracked 
| 265|0x0000000090900000, 0x0000000090900000, 0x0000000090a00000|  0%| F|  |TAMS 0x0000000090900000, 0x0000000090900000| Untracked 
| 266|0x0000000090a00000, 0x0000000090a00000, 0x0000000090b00000|  0%| F|  |TAMS 0x0000000090a00000, 0x0000000090a00000| Untracked 
| 267|0x0000000090b00000, 0x0000000090b00000, 0x0000000090c00000|  0%| F|  |TAMS 0x0000000090b00000, 0x0000000090b00000| Untracked 
| 268|0x0000000090c00000, 0x0000000090c00000, 0x0000000090d00000|  0%| F|  |TAMS 0x0000000090c00000, 0x0000000090c00000| Untracked 
| 269|0x0000000090d00000, 0x0000000090d00000, 0x0000000090e00000|  0%| F|  |TAMS 0x0000000090d00000, 0x0000000090d00000| Untracked 
| 270|0x0000000090e00000, 0x0000000090e00000, 0x0000000090f00000|  0%| F|  |TAMS 0x0000000090e00000, 0x0000000090e00000| Untracked 
| 271|0x0000000090f00000, 0x0000000090f00000, 0x0000000091000000|  0%| F|  |TAMS 0x0000000090f00000, 0x0000000090f00000| Untracked 
| 272|0x0000000091000000, 0x0000000091000000, 0x0000000091100000|  0%| F|  |TAMS 0x0000000091000000, 0x0000000091000000| Untracked 
| 273|0x0000000091100000, 0x0000000091100000, 0x0000000091200000|  0%| F|  |TAMS 0x0000000091100000, 0x0000000091100000| Untracked 
| 274|0x0000000091200000, 0x0000000091200000, 0x0000000091300000|  0%| F|  |TAMS 0x0000000091200000, 0x0000000091200000| Untracked 
| 275|0x0000000091300000, 0x0000000091300000, 0x0000000091400000|  0%| F|  |TAMS 0x0000000091300000, 0x0000000091300000| Untracked 
| 276|0x0000000091400000, 0x0000000091400000, 0x0000000091500000|  0%| F|  |TAMS 0x0000000091400000, 0x0000000091400000| Untracked 
| 277|0x0000000091500000, 0x0000000091500000, 0x0000000091600000|  0%| F|  |TAMS 0x0000000091500000, 0x0000000091500000| Untracked 
| 278|0x0000000091600000, 0x0000000091600000, 0x0000000091700000|  0%| F|  |TAMS 0x0000000091600000, 0x0000000091600000| Untracked 
| 279|0x0000000091700000, 0x0000000091700000, 0x0000000091800000|  0%| F|  |TAMS 0x0000000091700000, 0x0000000091700000| Untracked 
| 280|0x0000000091800000, 0x0000000091800000, 0x0000000091900000|  0%| F|  |TAMS 0x0000000091800000, 0x0000000091800000| Untracked 
| 281|0x0000000091900000, 0x0000000091900000, 0x0000000091a00000|  0%| F|  |TAMS 0x0000000091900000, 0x0000000091900000| Untracked 
| 282|0x0000000091a00000, 0x0000000091a00000, 0x0000000091b00000|  0%| F|  |TAMS 0x0000000091a00000, 0x0000000091a00000| Untracked 
| 283|0x0000000091b00000, 0x0000000091b00000, 0x0000000091c00000|  0%| F|  |TAMS 0x0000000091b00000, 0x0000000091b00000| Untracked 
| 284|0x0000000091c00000, 0x0000000091c00000, 0x0000000091d00000|  0%| F|  |TAMS 0x0000000091c00000, 0x0000000091c00000| Untracked 
| 285|0x0000000091d00000, 0x0000000091d00000, 0x0000000091e00000|  0%| F|  |TAMS 0x0000000091d00000, 0x0000000091d00000| Untracked 
| 286|0x0000000091e00000, 0x0000000091e00000, 0x0000000091f00000|  0%| F|  |TAMS 0x0000000091e00000, 0x0000000091e00000| Untracked 
| 287|0x0000000091f00000, 0x0000000091f00000, 0x0000000092000000|  0%| F|  |TAMS 0x0000000091f00000, 0x0000000091f00000| Untracked 
| 288|0x0000000092000000, 0x0000000092000000, 0x0000000092100000|  0%| F|  |TAMS 0x0000000092000000, 0x0000000092000000| Untracked 
| 289|0x0000000092100000, 0x0000000092100000, 0x0000000092200000|  0%| F|  |TAMS 0x0000000092100000, 0x0000000092100000| Untracked 
| 290|0x0000000092200000, 0x0000000092200000, 0x0000000092300000|  0%| F|  |TAMS 0x0000000092200000, 0x0000000092200000| Untracked 
| 291|0x0000000092300000, 0x0000000092300000, 0x0000000092400000|  0%| F|  |TAMS 0x0000000092300000, 0x0000000092300000| Untracked 
| 292|0x0000000092400000, 0x0000000092400000, 0x0000000092500000|  0%| F|  |TAMS 0x0000000092400000, 0x0000000092400000| Untracked 
| 293|0x0000000092500000, 0x0000000092500000, 0x0000000092600000|  0%| F|  |TAMS 0x0000000092500000, 0x0000000092500000| Untracked 
| 294|0x0000000092600000, 0x0000000092600000, 0x0000000092700000|  0%| F|  |TAMS 0x0000000092600000, 0x0000000092600000| Untracked 
| 295|0x0000000092700000, 0x0000000092700000, 0x0000000092800000|  0%| F|  |TAMS 0x0000000092700000, 0x0000000092700000| Untracked 
| 296|0x0000000092800000, 0x0000000092800000, 0x0000000092900000|  0%| F|  |TAMS 0x0000000092800000, 0x0000000092800000| Untracked 
| 297|0x0000000092900000, 0x0000000092900000, 0x0000000092a00000|  0%| F|  |TAMS 0x0000000092900000, 0x0000000092900000| Untracked 
| 298|0x0000000092a00000, 0x0000000092a00000, 0x0000000092b00000|  0%| F|  |TAMS 0x0000000092a00000, 0x0000000092a00000| Untracked 
| 299|0x0000000092b00000, 0x0000000092b00000, 0x0000000092c00000|  0%| F|  |TAMS 0x0000000092b00000, 0x0000000092b00000| Untracked 
| 300|0x0000000092c00000, 0x0000000092c00000, 0x0000000092d00000|  0%| F|  |TAMS 0x0000000092c00000, 0x0000000092c00000| Untracked 
| 301|0x0000000092d00000, 0x0000000092d53e80, 0x0000000092e00000| 32%| E|  |TAMS 0x0000000092d00000, 0x0000000092d00000| Complete 
| 302|0x0000000092e00000, 0x0000000092f00000, 0x0000000092f00000|100%| E|CS|TAMS 0x0000000092e00000, 0x0000000092e00000| Complete 
| 303|0x0000000092f00000, 0x0000000093000000, 0x0000000093000000|100%| E|CS|TAMS 0x0000000092f00000, 0x0000000092f00000| Complete 
| 304|0x0000000093000000, 0x0000000093100000, 0x0000000093100000|100%| E|CS|TAMS 0x0000000093000000, 0x0000000093000000| Complete 

Card table byte_map: [0x00000201e04e0000,0x00000201e08e0000] _byte_map_base: 0x00000201e00e0000

Marking Bits (Prev, Next): (CMBitMap*) 0x00000201cd602b88, (CMBitMap*) 0x00000201cd602bc0
 Prev Bits: [0x00000201e0ce0000, 0x00000201e2ce0000)
 Next Bits: [0x00000201e2ce0000, 0x00000201e4ce0000)

Polling page: 0x00000201cb3d0000

Metaspace:

Usage:
  Non-class:     74.50 MB capacity,    73.10 MB ( 98%) used,     1.17 MB (  2%) free+waste,   237.19 KB ( <1%) overhead. 
      Class:     11.64 MB capacity,    10.87 MB ( 93%) used,   681.38 KB (  6%) free+waste,   109.50 KB ( <1%) overhead. 
       Both:     86.15 MB capacity,    83.97 MB ( 97%) used,     1.84 MB (  2%) free+waste,   346.69 KB ( <1%) overhead. 

Virtual space:
  Non-class space:       76.00 MB reserved,      74.63 MB ( 98%) committed 
      Class space:        1.00 GB reserved,      11.77 MB (  1%) committed 
             Both:        1.07 GB reserved,      86.40 MB (  8%) committed 

Chunk freelists:
   Non-Class:  1.00 KB
       Class:  13.00 KB
        Both:  14.00 KB

MaxMetaspaceSize: 17179869184.00 GB
CompressedClassSpaceSize: 1.00 GB
Initial GC threshold: 20.80 MB
Current GC threshold: 126.92 MB
CDS: off

CodeHeap 'non-profiled nmethods': size=120064Kb used=4805Kb max_used=4805Kb free=115258Kb
 bounds [0x00000201d8ba0000, 0x00000201d9060000, 0x00000201e00e0000]
CodeHeap 'profiled nmethods': size=120000Kb used=18391Kb max_used=18391Kb free=101608Kb
 bounds [0x00000201d1670000, 0x00000201d2870000, 0x00000201d8ba0000]
CodeHeap 'non-nmethods': size=5696Kb used=2366Kb max_used=2437Kb free=3329Kb
 bounds [0x00000201d10e0000, 0x00000201d1350000, 0x00000201d1670000]
 total_blobs=9417 nmethods=8527 adapters=803
 compilation: enabled
              stopped_count=0, restarted_count=0
 full_count=0

Compilation events (20 events):
Event: 21.099 Thread 0x00000201e7abd000 8550       3       java.io.ObjectOutputStream::writeTypeString (40 bytes)
Event: 21.099 Thread 0x00000201e7abd000 nmethod 8550 0x00000201d285f390 code [0x00000201d285f5a0, 0x00000201d285f988]
Event: 21.099 Thread 0x00000201e7abd000 8548       3       java.io.ObjectOutputStream$BlockDataOutputStream::writeLong (48 bytes)
Event: 21.099 Thread 0x00000201e7abd000 nmethod 8548 0x00000201d285fb90 code [0x00000201d285fd60, 0x00000201d285ff58]
Event: 21.099 Thread 0x00000201e7abd000 8555       3       java.io.Bits::putInt (36 bytes)
Event: 21.099 Thread 0x00000201e7abd000 nmethod 8555 0x00000201d2860090 code [0x00000201d2860240, 0x00000201d28603d8]
Event: 21.099 Thread 0x00000201e7abd000 8554       1       org.gradle.api.internal.project.DefaultProjectStateRegistry$ProjectStateImpl::getTaskExecutionLock (5 bytes)
Event: 21.099 Thread 0x00000201e7abd000 nmethod 8554 0x00000201d904e710 code [0x00000201d904e8c0, 0x00000201d904e978]
Event: 21.099 Thread 0x00000201e7abd000 8553       1       org.gradle.execution.plan.Node::getDependencySuccessors (5 bytes)
Event: 21.099 Thread 0x00000201e7abd000 nmethod 8553 0x00000201d904ea10 code [0x00000201d904ebc0, 0x00000201d904ec78]
Event: 21.100 Thread 0x00000201e7abd000 8556       1       com.google.common.collect.MapMakerInternalMap$AbstractWeakKeyEntry::getNext (5 bytes)
Event: 21.100 Thread 0x00000201e7abd000 nmethod 8556 0x00000201d904ed10 code [0x00000201d904eec0, 0x00000201d904ef78]
Event: 21.100 Thread 0x00000201e7abd000 8557       3       java.lang.invoke.MethodHandles::constant (87 bytes)
Event: 21.101 Thread 0x00000201e7abd000 nmethod 8557 0x00000201d2860510 code [0x00000201d2860820, 0x00000201d28616f8]
Event: 21.102 Thread 0x00000201e7abd000 8558       3       org.gradle.internal.hash.Hashing::newHasher (9 bytes)
Event: 21.102 Thread 0x00000201e7abd000 nmethod 8558 0x00000201d2861c10 code [0x00000201d2861e80, 0x00000201d28629f8]
Event: 21.103 Thread 0x00000201e7f41000 8559       4       jdk.internal.org.objectweb.asm.ClassWriter::newNameTypeItem (71 bytes)
Event: 21.107 Thread 0x00000201e7aab800 nmethod 8551 0x00000201d904f010 code [0x00000201d904f1c0, 0x00000201d904f6f8]
Event: 21.109 Thread 0x00000201e7abd000 8560       1       com.google.common.collect.ImmutableSortedSet::comparator (5 bytes)
Event: 21.109 Thread 0x00000201e7abd000 nmethod 8560 0x00000201d904fb10 code [0x00000201d904fcc0, 0x00000201d904fd78]

GC Heap History (20 events):
Event: 1.328 GC heap before
{Heap before GC invocations=2 (full 0):
 garbage-first heap   total 260096K, used 40028K [0x0000000080000000, 0x0000000100000000)
  region size 1024K, 31 young (31744K), 2 survivors (2048K)
 Metaspace       used 10945K, capacity 11141K, committed 11264K, reserved 1058816K
  class space    used 1114K, capacity 1207K, committed 1280K, reserved 1048576K
}
Event: 1.332 GC heap after
{Heap after GC invocations=3 (full 0):
 garbage-first heap   total 260096K, used 13097K [0x0000000080000000, 0x0000000100000000)
  region size 1024K, 4 young (4096K), 4 survivors (4096K)
 Metaspace       used 10945K, capacity 11141K, committed 11264K, reserved 1058816K
  class space    used 1114K, capacity 1207K, committed 1280K, reserved 1048576K
}
Event: 2.032 GC heap before
{Heap before GC invocations=3 (full 0):
 garbage-first heap   total 260096K, used 56105K [0x0000000080000000, 0x0000000100000000)
  region size 1024K, 46 young (47104K), 4 survivors (4096K)
 Metaspace       used 18556K, capacity 18930K, committed 19072K, reserved 1067008K
  class space    used 2178K, capacity 2316K, committed 2432K, reserved 1048576K
}
Event: 2.036 GC heap after
{Heap after GC invocations=4 (full 0):
 garbage-first heap   total 260096K, used 16462K [0x0000000080000000, 0x0000000100000000)
  region size 1024K, 6 young (6144K), 6 survivors (6144K)
 Metaspace       used 18556K, capacity 18930K, committed 19072K, reserved 1067008K
  class space    used 2178K, capacity 2316K, committed 2432K, reserved 1048576K
}
Event: 2.193 GC heap before
{Heap before GC invocations=4 (full 0):
 garbage-first heap   total 260096K, used 37966K [0x0000000080000000, 0x0000000100000000)
  region size 1024K, 28 young (28672K), 6 survivors (6144K)
 Metaspace       used 20775K, capacity 21191K, committed 21296K, reserved 1069056K
  class space    used 2519K, capacity 2685K, committed 2688K, reserved 1048576K
}
Event: 2.197 GC heap after
{Heap after GC invocations=5 (full 0):
 garbage-first heap   total 260096K, used 17242K [0x0000000080000000, 0x0000000100000000)
  region size 1024K, 4 young (4096K), 4 survivors (4096K)
 Metaspace       used 20775K, capacity 21191K, committed 21296K, reserved 1069056K
  class space    used 2519K, capacity 2685K, committed 2688K, reserved 1048576K
}
Event: 2.927 GC heap before
{Heap before GC invocations=6 (full 0):
 garbage-first heap   total 260096K, used 80730K [0x0000000080000000, 0x0000000100000000)
  region size 1024K, 67 young (68608K), 4 survivors (4096K)
 Metaspace       used 27357K, capacity 28005K, committed 28156K, reserved 1073152K
  class space    used 3563K, capacity 3800K, committed 3916K, reserved 1048576K
}
Event: 2.934 GC heap after
{Heap after GC invocations=7 (full 0):
 garbage-first heap   total 260096K, used 19471K [0x0000000080000000, 0x0000000100000000)
  region size 1024K, 7 young (7168K), 7 survivors (7168K)
 Metaspace       used 27357K, capacity 28005K, committed 28156K, reserved 1073152K
  class space    used 3563K, capacity 3800K, committed 3916K, reserved 1048576K
}
Event: 3.711 GC heap before
{Heap before GC invocations=7 (full 0):
 garbage-first heap   total 260096K, used 77839K [0x0000000080000000, 0x0000000100000000)
  region size 1024K, 65 young (66560K), 7 survivors (7168K)
 Metaspace       used 35084K, capacity 35957K, committed 36048K, reserved 1081344K
  class space    used 4566K, capacity 4921K, committed 4940K, reserved 1048576K
}
Event: 3.723 GC heap after
{Heap after GC invocations=8 (full 0):
 garbage-first heap   total 260096K, used 22616K [0x0000000080000000, 0x0000000100000000)
  region size 1024K, 10 young (10240K), 10 survivors (10240K)
 Metaspace       used 35084K, capacity 35957K, committed 36048K, reserved 1081344K
  class space    used 4566K, capacity 4921K, committed 4940K, reserved 1048576K
}
Event: 5.055 GC heap before
{Heap before GC invocations=9 (full 0):
 garbage-first heap   total 260096K, used 136280K [0x0000000080000000, 0x0000000100000000)
  region size 1024K, 118 young (120832K), 10 survivors (10240K)
 Metaspace       used 44902K, capacity 46145K, committed 46236K, reserved 1089536K
  class space    used 5675K, capacity 6082K, committed 6168K, reserved 1048576K
}
Event: 5.075 GC heap after
{Heap after GC invocations=10 (full 0):
 garbage-first heap   total 260096K, used 30397K [0x0000000080000000, 0x0000000100000000)
  region size 1024K, 14 young (14336K), 14 survivors (14336K)
 Metaspace       used 44902K, capacity 46145K, committed 46236K, reserved 1089536K
  class space    used 5675K, capacity 6082K, committed 6168K, reserved 1048576K
}
Event: 6.877 GC heap before
{Heap before GC invocations=11 (full 0):
 garbage-first heap   total 260096K, used 175805K [0x0000000080000000, 0x0000000100000000)
  region size 1024K, 152 young (155648K), 14 survivors (14336K)
 Metaspace       used 56275K, capacity 57786K, committed 58012K, reserved 1099776K
  class space    used 7124K, capacity 7670K, committed 7704K, reserved 1048576K
}
Event: 6.895 GC heap after
{Heap after GC invocations=12 (full 0):
 garbage-first heap   total 260096K, used 45689K [0x0000000080000000, 0x0000000100000000)
  region size 1024K, 19 young (19456K), 19 survivors (19456K)
 Metaspace       used 56275K, capacity 57786K, committed 58012K, reserved 1099776K
  class space    used 7124K, capacity 7670K, committed 7704K, reserved 1048576K
}
Event: 8.358 GC heap before
{Heap before GC invocations=12 (full 0):
 garbage-first heap   total 260096K, used 189049K [0x0000000080000000, 0x0000000100000000)
  region size 1024K, 152 young (155648K), 19 survivors (19456K)
 Metaspace       used 67417K, capacity 69101K, committed 69276K, reserved 1110016K
  class space    used 8506K, capacity 9135K, committed 9240K, reserved 1048576K
}
Event: 8.381 GC heap after
{Heap after GC invocations=13 (full 0):
 garbage-first heap   total 312320K, used 56794K [0x0000000080000000, 0x0000000100000000)
  region size 1024K, 11 young (11264K), 11 survivors (11264K)
 Metaspace       used 67417K, capacity 69101K, committed 69276K, reserved 1110016K
  class space    used 8506K, capacity 9135K, committed 9240K, reserved 1048576K
}
Event: 9.437 GC heap before
{Heap before GC invocations=13 (full 0):
 garbage-first heap   total 312320K, used 145882K [0x0000000080000000, 0x0000000100000000)
  region size 1024K, 99 young (101376K), 11 survivors (11264K)
 Metaspace       used 75464K, capacity 77297K, committed 77468K, reserved 1116160K
  class space    used 9734K, capacity 10393K, committed 10520K, reserved 1048576K
}
Event: 9.458 GC heap after
{Heap after GC invocations=14 (full 0):
 garbage-first heap   total 312320K, used 61914K [0x0000000080000000, 0x0000000100000000)
  region size 1024K, 16 young (16384K), 16 survivors (16384K)
 Metaspace       used 75464K, capacity 77297K, committed 77468K, reserved 1116160K
  class space    used 9734K, capacity 10393K, committed 10520K, reserved 1048576K
}
Event: 21.016 GC heap before
{Heap before GC invocations=15 (full 0):
 garbage-first heap   total 312320K, used 224730K [0x0000000080000000, 0x0000000100000000)
  region size 1024K, 176 young (180224K), 16 survivors (16384K)
 Metaspace       used 85628K, capacity 87886K, committed 88092K, reserved 1126400K
  class space    used 11073K, capacity 11838K, committed 11928K, reserved 1048576K
}
Event: 21.061 GC heap after
{Heap after GC invocations=16 (full 0):
 garbage-first heap   total 312320K, used 78288K [0x0000000080000000, 0x0000000100000000)
  region size 1024K, 22 young (22528K), 22 survivors (22528K)
 Metaspace       used 85628K, capacity 87886K, committed 88092K, reserved 1126400K
  class space    used 11073K, capacity 11838K, committed 11928K, reserved 1048576K
}

Deoptimization events (20 events):
Event: 10.902 Thread 0x00000201e9689800 Uncommon trap: trap_request=0xffffffde fr.pc=0x00000201d8c938a8 relative=0x00000000000002e8
Event: 10.902 Thread 0x00000201e9689800 Uncommon trap: reason=class_check action=maybe_recompile pc=0x00000201d8c938a8 method=java.util.Collections$SetFromMap.remove(Ljava/lang/Object;)Z @ 5 c2
Event: 10.902 Thread 0x00000201e9689800 DEOPT PACKING pc=0x00000201d8c938a8 sp=0x0000006b9bcfdad0
Event: 10.902 Thread 0x00000201e9689800 DEOPT UNPACKING pc=0x00000201d112a1a9 sp=0x0000006b9bcfdac8 mode 2
Event: 10.902 Thread 0x00000201e9689800 Uncommon trap: trap_request=0xffffffde fr.pc=0x00000201d8d5fff4 relative=0x00000000000002b4
Event: 10.902 Thread 0x00000201e9689800 Uncommon trap: reason=class_check action=maybe_recompile pc=0x00000201d8d5fff4 method=java.util.stream.StreamOpFlag.fromCharacteristics(Ljava/util/Spliterator;)I @ 14 c2
Event: 10.902 Thread 0x00000201e9689800 DEOPT PACKING pc=0x00000201d8d5fff4 sp=0x0000006b9bcfd3d0
Event: 10.902 Thread 0x00000201e9689800 DEOPT UNPACKING pc=0x00000201d112a1a9 sp=0x0000006b9bcfd2b8 mode 2
Event: 10.946 Thread 0x00000201e9689800 Uncommon trap: trap_request=0xffffff4d fr.pc=0x00000201d8e3db98 relative=0x0000000000000718
Event: 10.946 Thread 0x00000201e9689800 Uncommon trap: reason=unstable_if action=reinterpret pc=0x00000201d8e3db98 method=org.gradle.internal.snapshot.VfsRelativePath.isPrefix(Ljava/lang/String;ILjava/lang/String;ILorg/gradle/internal/snapshot/CaseSensitivity;)Z @ 89 c2
Event: 10.946 Thread 0x00000201e9689800 DEOPT PACKING pc=0x00000201d8e3db98 sp=0x0000006b9bcfa050
Event: 10.946 Thread 0x00000201e9689800 DEOPT UNPACKING pc=0x00000201d112a1a9 sp=0x0000006b9bcf9fd0 mode 2
Event: 10.972 Thread 0x00000201e9689800 Uncommon trap: trap_request=0xffffff4d fr.pc=0x00000201d8f97f1c relative=0x00000000000001dc
Event: 10.972 Thread 0x00000201e9689800 Uncommon trap: reason=unstable_if action=reinterpret pc=0x00000201d8f97f1c method=com.google.common.collect.RegularImmutableSet.contains(Ljava/lang/Object;)Z @ 10 c2
Event: 10.972 Thread 0x00000201e9689800 DEOPT PACKING pc=0x00000201d8f97f1c sp=0x0000006b9bcf9d50
Event: 10.972 Thread 0x00000201e9689800 DEOPT UNPACKING pc=0x00000201d112a1a9 sp=0x0000006b9bcf9ce8 mode 2
Event: 20.998 Thread 0x00000201e9689800 Uncommon trap: trap_request=0xffffffc6 fr.pc=0x00000201d8db7550 relative=0x00000000000008f0
Event: 20.998 Thread 0x00000201e9689800 Uncommon trap: reason=bimorphic_or_optimized_type_check action=maybe_recompile pc=0x00000201d8db7550 method=java.lang.Throwable.<init>(Ljava/lang/String;Ljava/lang/Throwable;)V @ 24 c2
Event: 20.998 Thread 0x00000201e9689800 DEOPT PACKING pc=0x00000201d8db7550 sp=0x0000006b9bcfb0b0
Event: 20.999 Thread 0x00000201e9689800 DEOPT UNPACKING pc=0x00000201d112a1a9 sp=0x0000006b9bcfb078 mode 2

Classes redefined (0 events):
No events

Internal exceptions (20 events):
Event: 10.862 Thread 0x00000201e9689800 Exception <a 'java/lang/IncompatibleClassChangeError'{0x0000000088fb9e78}: Found class java.lang.Object, but interface was expected> (0x0000000088fb9e78) thrown at [src/hotspot/share/interpreter/linkResolver.cpp, line 839]
Event: 10.881 Thread 0x00000201e9689800 Exception <a 'java/lang/NoSuchMethodError'{0x0000000088d551a0}: 'void java.lang.invoke.DirectMethodHandle$Holder.invokeVirtual(java.lang.Object, java.lang.Object)'> (0x0000000088d551a0) thrown at [src/hotspot/share/interpreter/linkResolver.cpp, line 773]
Event: 10.901 Thread 0x00000201eb1a3800 Exception <a 'java/lang/NoSuchMethodError'{0x0000000088f87978}: <clinit>> (0x0000000088f87978) thrown at [src/hotspot/share/prims/jni.cpp, line 1367]
Event: 10.902 Thread 0x00000201eb1a3800 Exception <a 'java/lang/NoSuchMethodError'{0x0000000088cae870}: <clinit>> (0x0000000088cae870) thrown at [src/hotspot/share/prims/jni.cpp, line 1367]
Event: 10.902 Thread 0x00000201eb1a3800 Exception <a 'java/lang/NoSuchMethodError'{0x0000000088cafb48}: <clinit>> (0x0000000088cafb48) thrown at [src/hotspot/share/prims/jni.cpp, line 1367]
Event: 10.904 Thread 0x00000201eb1a3800 Exception <a 'java/lang/NoSuchMethodError'{0x0000000088cfd8b8}: <clinit>> (0x0000000088cfd8b8) thrown at [src/hotspot/share/prims/jni.cpp, line 1367]
Event: 10.914 Thread 0x00000201e968a000 Exception <a 'java/lang/NoSuchMethodError'{0x0000000088988fb0}: <clinit>> (0x0000000088988fb0) thrown at [src/hotspot/share/prims/jni.cpp, line 1367]
Event: 10.917 Thread 0x00000201e968a000 Exception <a 'java/lang/NoSuchMethodError'{0x000000008899da98}: <clinit>> (0x000000008899da98) thrown at [src/hotspot/share/prims/jni.cpp, line 1367]
Event: 10.918 Thread 0x00000201e9689800 Exception <a 'java/lang/IncompatibleClassChangeError'{0x00000000889c2310}: Found class java.lang.Object, but interface was expected> (0x00000000889c2310) thrown at [src/hotspot/share/interpreter/linkResolver.cpp, line 839]
Event: 10.920 Thread 0x00000201e968a000 Exception <a 'java/lang/NoSuchMethodError'{0x000000008881b848}: <clinit>> (0x000000008881b848) thrown at [src/hotspot/share/prims/jni.cpp, line 1367]
Event: 10.938 Thread 0x00000201e9689800 Exception <a 'java/lang/NoSuchMethodError'{0x0000000088657c58}: 'int java.lang.invoke.DirectMethodHandle$Holder.invokeStaticInit(java.lang.Object, java.lang.Object, java.lang.Object, java.lang.Object, java.lang.Object)'> (0x0000000088657c58) thrown at [src/hotspot/share/interpreter/linkResolver.cpp, line 773]
Event: 10.953 Thread 0x00000201e9689800 Exception <a 'sun/nio/fs/WindowsException'{0x00000000885403e0}> (0x00000000885403e0) thrown at [src/hotspot/share/prims/jni.cpp, line 617]
Event: 10.953 Thread 0x00000201e9689800 Exception <a 'sun/nio/fs/WindowsException'{0x00000000885414d0}> (0x00000000885414d0) thrown at [src/hotspot/share/prims/jni.cpp, line 617]
Event: 10.972 Thread 0x00000201e9689800 Implicit null exception at 0x00000201d8f97d77 to 0x00000201d8f97f04
Event: 15.983 Thread 0x00000201e9689800 Exception <a 'net/rubygrapefruit/platform/NativeException'{0x0000000088489890}: Execution timed out> (0x0000000088489890) thrown at [src/hotspot/share/prims/jni.cpp, line 638]
Event: 20.998 Thread 0x00000201e9689800 Exception <a 'net/rubygrapefruit/platform/NativeException'{0x00000000884a7a60}: Execution timed out> (0x00000000884a7a60) thrown at [src/hotspot/share/prims/jni.cpp, line 638]
Event: 21.005 Thread 0x00000201eb1a3800 Exception <a 'java/lang/NoSuchMethodError'{0x000000008833d858}: <clinit>> (0x000000008833d858) thrown at [src/hotspot/share/prims/jni.cpp, line 1367]
Event: 21.007 Thread 0x00000201eb1a3800 Exception <a 'java/lang/NoSuchMethodError'{0x00000000881c08d0}: <clinit>> (0x00000000881c08d0) thrown at [src/hotspot/share/prims/jni.cpp, line 1367]
Event: 21.071 Thread 0x00000201eb1a3800 Exception <a 'java/lang/NoSuchMethodError'{0x00000000930d8b68}: <clinit>> (0x00000000930d8b68) thrown at [src/hotspot/share/prims/jni.cpp, line 1367]
Event: 21.085 Thread 0x00000201e9689800 Exception <a 'java/lang/NoSuchMethodError'{0x0000000092f834e8}: 'int java.lang.invoke.DirectMethodHandle$Holder.invokeSpecial(java.lang.Object, java.lang.Object, java.lang.Object, java.lang.Object, java.lang.Object)'> (0x0000000092f834e8) thrown at [src/hotspot/share/interpreter/linkResolver.cpp, line 773]

Events (20 events):
Event: 21.110 Executing VM operation: RevokeBias
Event: 21.110 Executing VM operation: RevokeBias done
Event: 21.110 loading class org/gradle/internal/snapshot/ChildMap
Event: 21.110 loading class org/gradle/internal/snapshot/ChildMap done
Event: 21.110 loading class org/gradle/internal/snapshot/ChildMap
Event: 21.110 loading class org/gradle/internal/snapshot/ChildMap done
Event: 21.110 loading class org/gradle/internal/snapshot/AbstractInvalidateChildHandler
Event: 21.110 loading class org/gradle/internal/snapshot/AbstractInvalidateChildHandler done
Event: 21.110 loading class org/gradle/internal/snapshot/ChildMap
Event: 21.110 loading class org/gradle/internal/snapshot/ChildMap done
Event: 21.111 loading class org/gradle/internal/snapshot/ChildMap
Event: 21.111 loading class org/gradle/internal/snapshot/ChildMap done
Event: 21.111 loading class org/gradle/internal/snapshot/AbstractInvalidateChildHandler
Event: 21.111 loading class org/gradle/internal/snapshot/AbstractInvalidateChildHandler done
Event: 21.111 Executing VM operation: RevokeBias
Event: 21.111 Executing VM operation: RevokeBias done
Event: 21.111 Executing VM operation: RevokeBias
Event: 21.111 Executing VM operation: RevokeBias done
Event: 21.111 Executing VM operation: RevokeBias
Event: 21.111 Executing VM operation: RevokeBias done


Dynamic libraries:
0x00007ff69d7d0000 - 0x00007ff69d7da000 	C:\Program Files\Android\Android Studio\jbr\bin\java.exe
0x00007ffaf4210000 - 0x00007ffaf4406000 	C:\Windows\SYSTEM32\ntdll.dll
0x00007ffaf3b40000 - 0x00007ffaf3bfd000 	C:\Windows\System32\KERNEL32.DLL
0x00007ffaf1c70000 - 0x00007ffaf1f39000 	C:\Windows\System32\KERNELBASE.dll
0x00007ffaf1a60000 - 0x00007ffaf1b60000 	C:\Windows\System32\ucrtbase.dll
0x00007ffad7990000 - 0x00007ffad79ab000 	C:\Program Files\Android\Android Studio\jbr\bin\VCRUNTIME140.dll
0x00007ffad8e20000 - 0x00007ffad8e37000 	C:\Program Files\Android\Android Studio\jbr\bin\jli.dll
0x00007ffaf39a0000 - 0x00007ffaf3b40000 	C:\Windows\System32\USER32.dll
0x00007ffaf1f40000 - 0x00007ffaf1f62000 	C:\Windows\System32\win32u.dll
0x00007ffaf2d10000 - 0x00007ffaf2d3a000 	C:\Windows\System32\GDI32.dll
0x00007ffaf1950000 - 0x00007ffaf1a5b000 	C:\Windows\System32\gdi32full.dll
0x00007ffaf1fa0000 - 0x00007ffaf203d000 	C:\Windows\System32\msvcp_win.dll
0x00007ffae3810000 - 0x00007ffae3aab000 	C:\Windows\WinSxS\amd64_microsoft.windows.common-controls_6595b64144ccf1df_6.0.19041.746_none_ca02b4b61b8320a4\COMCTL32.dll
0x00007ffaf3900000 - 0x00007ffaf399e000 	C:\Windows\System32\msvcrt.dll
0x00007ffaf3d20000 - 0x00007ffaf3d50000 	C:\Windows\System32\IMM32.DLL
0x00007ffab8970000 - 0x00007ffab89cb000 	C:\ProgramData\Microsoft\DbgCtr\XShellDLL64_6015.dll
0x00007ffaf2d40000 - 0x00007ffaf2dec000 	C:\Windows\System32\ADVAPI32.dll
0x00007ffaf2320000 - 0x00007ffaf23bc000 	C:\Windows\System32\sechost.dll
0x00007ffaf3d50000 - 0x00007ffaf3e7b000 	C:\Windows\System32\RPCRT4.dll
0x00007ffaf2fb0000 - 0x00007ffaf36f2000 	C:\Windows\System32\SHELL32.dll
0x00007ffad99c0000 - 0x00007ffad99cc000 	C:\Program Files\Android\Android Studio\jbr\bin\vcruntime140_1.dll
0x00007ffab8250000 - 0x00007ffab82dd000 	C:\Program Files\Android\Android Studio\jbr\bin\msvcp140.dll
0x00007ffaab3e0000 - 0x00007ffaabf9c000 	C:\Program Files\Android\Android Studio\jbr\bin\server\jvm.dll
0x00007ffaf3e80000 - 0x00007ffaf3e88000 	C:\Windows\System32\PSAPI.DLL
0x00007ffae3410000 - 0x00007ffae3419000 	C:\Windows\SYSTEM32\WSOCK32.dll
0x00007ffaf2e50000 - 0x00007ffaf2ebb000 	C:\Windows\System32\WS2_32.dll
0x00007ffaca860000 - 0x00007ffaca887000 	C:\Windows\SYSTEM32\WINMM.dll
0x00007ffaef490000 - 0x00007ffaef49a000 	C:\Windows\SYSTEM32\VERSION.dll
0x00007ffaef950000 - 0x00007ffaef962000 	C:\Windows\SYSTEM32\kernel.appcore.dll
0x00007ffad99b0000 - 0x00007ffad99c0000 	C:\Program Files\Android\Android Studio\jbr\bin\verify.dll
0x00007ffadc7b0000 - 0x00007ffadc994000 	C:\Windows\SYSTEM32\DBGHELP.DLL
0x00007ffadc780000 - 0x00007ffadc7ac000 	C:\Windows\SYSTEM32\dbgcore.DLL
0x00007ffaf2040000 - 0x00007ffaf20c0000 	C:\Windows\System32\bcryptPrimitives.dll
0x00007ffad7b80000 - 0x00007ffad7ba8000 	C:\Program Files\Android\Android Studio\jbr\bin\java.dll
0x00007ffad7dc0000 - 0x00007ffad7dca000 	C:\Program Files\Android\Android Studio\jbr\bin\jimage.dll
0x00007ffad7b60000 - 0x00007ffad7b78000 	C:\Program Files\Android\Android Studio\jbr\bin\zip.dll
0x00007ffaefac0000 - 0x00007ffaf0250000 	C:\Windows\SYSTEM32\windows.storage.dll
0x00007ffaf2830000 - 0x00007ffaf2b86000 	C:\Windows\System32\combase.dll
0x00007ffaf13b0000 - 0x00007ffaf13dc000 	C:\Windows\SYSTEM32\Wldp.dll
0x00007ffaf3c70000 - 0x00007ffaf3d1e000 	C:\Windows\System32\SHCORE.dll
0x00007ffaf2df0000 - 0x00007ffaf2e45000 	C:\Windows\System32\shlwapi.dll
0x00007ffaf1880000 - 0x00007ffaf18a6000 	C:\Windows\SYSTEM32\profapi.dll
0x00007ffad60e0000 - 0x00007ffad60f9000 	C:\Program Files\Android\Android Studio\jbr\bin\net.dll
0x00007ffae4530000 - 0x00007ffae4630000 	C:\Windows\SYSTEM32\WINHTTP.dll
0x00007ffaf10c0000 - 0x00007ffaf112a000 	C:\Windows\system32\mswsock.dll
0x00007ffad60c0000 - 0x00007ffad60d3000 	C:\Program Files\Android\Android Studio\jbr\bin\nio.dll
0x00007ffad3890000 - 0x00007ffad38b7000 	C:\Users\it_04\.gradle\native\e1d6ef7f7dcc3fd88c89a11ec53ec762bb8ba0a96d01ffa2cd45eb1d1d8dd5c5\windows-amd64\native-platform.dll
0x00007ffab31c0000 - 0x00007ffab3304000 	C:\Users\it_04\.gradle\native\0d407fdbe67a94daf76414ababcb853783967236a71b16ec16e742cd7a986fd3\windows-amd64\native-platform-file-events.dll
0x00007ffad7b50000 - 0x00007ffad7b5a000 	C:\Program Files\Android\Android Studio\jbr\bin\management.dll
0x00007ffad60b0000 - 0x00007ffad60bb000 	C:\Program Files\Android\Android Studio\jbr\bin\management_ext.dll
0x00007ffaf1290000 - 0x00007ffaf12a8000 	C:\Windows\SYSTEM32\CRYPTSP.dll
0x00007ffaf0a60000 - 0x00007ffaf0a94000 	C:\Windows\system32\rsaenh.dll
0x00007ffaf1f70000 - 0x00007ffaf1f97000 	C:\Windows\System32\bcrypt.dll
0x00007ffaf1800000 - 0x00007ffaf182e000 	C:\Windows\SYSTEM32\USERENV.dll
0x00007ffaf12b0000 - 0x00007ffaf12bc000 	C:\Windows\SYSTEM32\CRYPTBASE.dll
0x00007ffaf0db0000 - 0x00007ffaf0deb000 	C:\Windows\SYSTEM32\IPHLPAPI.DLL
0x00007ffaf2ec0000 - 0x00007ffaf2ec8000 	C:\Windows\System32\NSI.dll
0x00007ffaec9c0000 - 0x00007ffaec9d7000 	C:\Windows\SYSTEM32\dhcpcsvc6.DLL
0x00007ffaec9a0000 - 0x00007ffaec9bd000 	C:\Windows\SYSTEM32\dhcpcsvc.DLL
0x00007ffaf0df0000 - 0x00007ffaf0ebb000 	C:\Windows\SYSTEM32\DNSAPI.dll

dbghelp: loaded successfully - version: 4.0.5 - missing functions: none
symbol engine: initialized successfully - sym options: 0x614 - pdb path: .;C:\Program Files\Android\Android Studio\jbr\bin;C:\Windows\SYSTEM32;C:\Windows\WinSxS\amd64_microsoft.windows.common-controls_6595b64144ccf1df_6.0.19041.746_none_ca02b4b61b8320a4;C:\ProgramData\Microsoft\DbgCtr;C:\Program Files\Android\Android Studio\jbr\bin\server;C:\Users\it_04\.gradle\native\e1d6ef7f7dcc3fd88c89a11ec53ec762bb8ba0a96d01ffa2cd45eb1d1d8dd5c5\windows-amd64;C:\Users\it_04\.gradle\native\0d407fdbe67a94daf76414ababcb853783967236a71b16ec16e742cd7a986fd3\windows-amd64

VM Arguments:
jvm_args: --add-opens=java.base/java.util=ALL-UNNAMED --add-opens=java.base/java.lang=ALL-UNNAMED --add-opens=java.base/java.lang.invoke=ALL-UNNAMED --add-opens=java.base/java.util=ALL-UNNAMED --add-opens=java.prefs/java.util.prefs=ALL-UNNAMED --add-opens=java.prefs/java.util.prefs=ALL-UNNAMED --add-opens=java.base/java.nio.charset=ALL-UNNAMED --add-opens=java.base/java.net=ALL-UNNAMED --add-opens=java.base/java.util.concurrent.atomic=ALL-UNNAMED -Xmx2048m -Dfile.encoding=UTF-8 -Duser.country=US -Duser.language=en -Duser.variant 
java_command: org.gradle.launcher.daemon.bootstrap.GradleDaemon 7.5
java_class_path (initial): C:\Users\it_04\.gradle\wrapper\dists\gradle-7.5-bin\f1w0cc9nuo0eivz97x2xlu9sv\gradle-7.5\lib\gradle-launcher-7.5.jar
Launcher Type: SUN_STANDARD

[Global flags]
     intx CICompilerCount                          = 3                                         {product} {ergonomic}
     uint ConcGCThreads                            = 1                                         {product} {ergonomic}
     uint G1ConcRefinementThreads                  = 4                                         {product} {ergonomic}
   size_t G1HeapRegionSize                         = 1048576                                   {product} {ergonomic}
    uintx GCDrainStackTargetSize                   = 64                                        {product} {ergonomic}
   size_t InitialHeapSize                          = 266338304                                 {product} {ergonomic}
   size_t MarkStackSize                            = 4194304                                   {product} {ergonomic}
   size_t MaxHeapSize                              = 2147483648                                {product} {command line}
   size_t MaxNewSize                               = 1287651328                                {product} {ergonomic}
   size_t MinHeapDeltaBytes                        = 1048576                                   {product} {ergonomic}
    uintx NonNMethodCodeHeapSize                   = 5830732                                {pd product} {ergonomic}
    uintx NonProfiledCodeHeapSize                  = 122913754                              {pd product} {ergonomic}
    uintx ProfiledCodeHeapSize                     = 122913754                              {pd product} {ergonomic}
    uintx ReservedCodeCacheSize                    = 251658240                              {pd product} {ergonomic}
     bool SegmentedCodeCache                       = true                                      {product} {ergonomic}
     bool UseCompressedClassPointers               = true                                 {lp64_product} {ergonomic}
     bool UseCompressedOops                        = true                                 {lp64_product} {ergonomic}
     bool UseG1GC                                  = true                                      {product} {ergonomic}
     bool UseLargePagesIndividualAllocation        = false                                  {pd product} {ergonomic}

Logging:
Log output configuration:
 #0: stdout all=warning uptime,level,tags
 #1: stderr all=off uptime,level,tags

Environment Variables:
PATH=D:\app\it_07\product\11.2.0\client_1\bin;C:\Windows\system32;C:\Windows;C:\Windows\System32\Wbem;C:\Windows\System32\WindowsPowerShell\v1.0\;C:\Windows\System32\OpenSSH\;C:\Program Files\dotnet\;C:\Program Files\Git\cmd;C:\Users\it_04\AppData\Local\Microsoft\WindowsApps;C:\Users\it_04\.dotnet\tools
USERNAME=it_04
OS=Windows_NT
PROCESSOR_IDENTIFIER=Intel64 Family 6 Model 165 Stepping 3, GenuineIntel



---------------  S Y S T E M  ---------------

OS: Windows 10 , 64 bit Build 19041 (10.0.19041.804)
OS uptime: 0 days 1:33 hours

CPU:total 4 (initial active 4) (2 cores per cpu, 2 threads per core) family 6 model 165 stepping 3 microcode 0xe0, cmov, cx8, fxsr, mmx, sse, sse2, sse3, ssse3, sse4.1, sse4.2, popcnt, aes, clmul, erms, 3dnowpref, lzcnt, ht, tsc, tscinvbit

Memory: 4k page, system-wide physical 16242M (8164M free)
TotalPageFile size 18674M (AvailPageFile size 10152M)
current process WorkingSet (physical memory assigned to process): 498M, peak: 518M
current process commit charge ("private bytes"): 562M, peak: 582M

vm_info: OpenJDK 64-Bit Server VM (11.0.15+0-b2043.56-9505619) for windows-amd64 JRE (11.0.15+0-b2043.56-9505619), built on Jan 19 2023 02:48:00 by "builduser" with unknown MS VC++:1929

END.
