#
# A fatal error has been detected by the Java Runtime Environment:
#
#  EXCEPTION_ACCESS_VIOLATION (0xc0000005) at pc=0x00007ffe999663b0, pid=5152, tid=10208
#
# JRE version: OpenJDK Runtime Environment (11.0.15) (build 11.0.15+0-b2043.56-9505619)
# Java VM: OpenJDK 64-Bit Server VM (11.0.15+0-b2043.56-9505619, mixed mode, tiered, compressed oops, g1 gc, windows-amd64)
# Problematic frame:
# C  [native-platform-file-events.dll+0x463b0]
#
# No core dump will be written. Minidumps are not enabled by default on client versions of Windows
#
# If you would like to submit a bug report, please visit:
#   https://bugreport.java.com/bugreport/crash.jsp
# The crash happened outside the Java Virtual Machine in native code.
# See problematic frame for where to report the bug.
#

---------------  S U M M A R Y ------------

Command Line: --add-opens=java.base/java.util=ALL-UNNAMED --add-opens=java.base/java.lang=ALL-UNNAMED --add-opens=java.base/java.lang.invoke=ALL-UNNAMED --add-opens=java.base/java.util=ALL-UNNAMED --add-opens=java.prefs/java.util.prefs=ALL-UNNAMED --add-opens=java.prefs/java.util.prefs=ALL-UNNAMED --add-opens=java.base/java.nio.charset=ALL-UNNAMED --add-opens=java.base/java.net=ALL-UNNAMED --add-opens=java.base/java.util.concurrent.atomic=ALL-UNNAMED -Xmx2048m -Dfile.encoding=UTF-8 -Duser.country=US -Duser.language=en -Duser.variant org.gradle.launcher.daemon.bootstrap.GradleDaemon 7.5

Host: Intel(R) Pentium(R) Gold G6400 CPU @ 4.00GHz, 4 cores, 15G,  Windows 10 , 64 bit Build 19041 (10.0.19041.804)
Time: Sat Apr 15 09:23:08 2023 SE Asia Standard Time elapsed time: 19.785586 seconds (0d 0h 0m 19s)

---------------  T H R E A D  ---------------

Current thread (0x0000024271d6e800):  JavaThread "File watcher server" daemon [_thread_in_native, id=10208, stack(0x0000007213700000,0x0000007213800000)]

Stack: [0x0000007213700000,0x0000007213800000],  sp=0x00000072137fe570,  free space=1017k
Native frames: (J=compiled Java code, j=interpreted, Vv=VM code, C=native code)
C  [native-platform-file-events.dll+0x463b0]

Java frames: (J=compiled Java code, j=interpreted, Vv=VM code)
j  net.rubygrapefruit.platform.internal.jni.AbstractFileEventFunctions$NativeFileWatcher.executeRunLoop0(Ljava/lang/Object;)V+0
j  net.rubygrapefruit.platform.internal.jni.AbstractFileEventFunctions$NativeFileWatcher.access$100(Lnet/rubygrapefruit/platform/internal/jni/AbstractFileEventFunctions$NativeFileWatcher;Ljava/lang/Object;)V+2
j  net.rubygrapefruit.platform.internal.jni.AbstractFileEventFunctions$NativeFileWatcher$1.run()V+26
v  ~StubRoutines::call_stub

siginfo: EXCEPTION_ACCESS_VIOLATION (0xc0000005), reading address 0x00007ffe77f78018


Register to memory mapping:

RIP=0x00007ffe999663b0 native-platform-file-events.dll
RAX=0x00007ffe77f78018 is an unknown value
RBX=0x0 is NULL
RCX=0x00000072171fa538 is pointing into the stack for thread: 0x000002426ff09000
RDX=0x0 is NULL
RSP=0x00000072137fe570 is pointing into the stack for thread: 0x0000024271d6e800
RBP=0x00000072137fef38 is pointing into the stack for thread: 0x0000024271d6e800
RSI=0x00000072171fa530 is pointing into the stack for thread: 0x000002426ff09000
RDI=0x00000072171fa4f0 is pointing into the stack for thread: 0x000002426ff09000
R8 =0x00000242534b1080 points into unknown readable memory: 0x00000242534b0cc0 | c0 0c 4b 53 42 02 00 00
R9 =0x0000000000000001 is an unknown value
R10=0x0000000000008000 is an unknown value
R11=0x00000072137fe220 is pointing into the stack for thread: 0x0000024271d6e800
R12=0x0 is NULL
R13={method} {0x0000024274994fc0} 'executeRunLoop0' '(Ljava/lang/Object;)V' in 'net/rubygrapefruit/platform/internal/jni/AbstractFileEventFunctions$NativeFileWatcher'
R14=0x0 is NULL
R15=0x0000024271d6e800 is a thread


Registers:
RAX=0x00007ffe77f78018, RBX=0x0000000000000000, RCX=0x00000072171fa538, RDX=0x0000000000000000
RSP=0x00000072137fe570, RBP=0x00000072137fef38, RSI=0x00000072171fa530, RDI=0x00000072171fa4f0
R8 =0x00000242534b1080, R9 =0x0000000000000001, R10=0x0000000000008000, R11=0x00000072137fe220
R12=0x0000000000000000, R13=0x0000024274994fb8, R14=0x0000000000000000, R15=0x0000024271d6e800
RIP=0x00007ffe999663b0, EFLAGS=0x0000000000010202

Top of Stack: (sp=0x00000072137fe570)
0x00000072137fe570:   0000000000000000 000002425926fa7a
0x00000072137fe580:   000002426f805990 00007ffe99943133
0x00000072137fe590:   0000024279f43508 000000008fa00170
0x00000072137fe5a0:   00007a3cd3a0747d 00007ffe9994da83
0x00000072137fe5b0:   00000072137fef60 00000072171fa4f0
0x00000072137fe5c0:   00007ffe9993f150 00007ffe9995709b
0x00000072137fe5d0:   00000072171fa530 0000000080419a68
0x00000072137fe5e0:   0000000000000000 00007ffe9994bfae
0x00000072137fe5f0:   0000024279f43500 00007ffe999492a6
0x00000072137fe600:   00000072171fa530 0000000000000000
0x00000072137fe610:   0000024279f43500 00007ffe999257b3
0x00000072137fe620:   0000000000000000 00007ffe999564c2
0x00000072137fe630:   00000072137fe670 00000072171fa530
0x00000072137fe640:   000002426f494a20 0000000000000000
0x00000072137fe650:   000000008040be01 000002426f3afd50
0x00000072137fe660:   0000000000000000 00000072137fe6a8 

Instructions: (pc=0x00007ffe999663b0)
0x00007ffe999662b0:   7d 0b 00 48 89 01 48 83 c1 08 48 83 c4 28 48 ff
0x00007ffe999662c0:   25 b3 7d 0f 00 48 8d 05 54 7d 0b 00 45 33 c0 48
0x00007ffe999662d0:   89 01 ba a0 0f 00 00 48 83 c1 08 48 83 c4 28 48
0x00007ffe999662e0:   ff 25 ba 7d 0f 00 e8 40 c3 fb ff cc cc cc cc cc
0x00007ffe999662f0:   cc cc cc cc cc cc cc cc cc cc cc cc cc cc cc cc
0x00007ffe99966300:   cc cc cc cc cc cc cc cc 48 83 c1 08 48 ff 25 9d
0x00007ffe99966310:   7d 0f 00 cc cc cc cc cc c2 00 00 cc 48 83 c1 08
0x00007ffe99966320:   48 ff 25 69 7d 0f 00 cc cc cc cc cc 48 83 c1 08
0x00007ffe99966330:   48 ff 25 51 7d 0f 00 cc cc cc cc cc 48 89 5c 24
0x00007ffe99966340:   18 56 57 41 56 48 83 ec 40 48 8b 05 f8 3e 0e 00
0x00007ffe99966350:   48 33 c4 48 89 44 24 30 8b 01 4c 8b f2 0f ba f0
0x00007ffe99966360:   08 48 8b f1 83 f8 01 75 2c ff 15 d1 7c 0f 00 39
0x00007ffe99966370:   46 48 74 19 48 8d 4e 08 48 8b 01 48 8b 00 ff 15
0x00007ffe99966380:   9c 9c 0f 00 ff 15 b6 7c 0f 00 89 46 48 ff 46 4c
0x00007ffe99966390:   e9 f3 00 00 00 4d 85 f6 75 24 ff 15 a0 7c 0f 00
0x00007ffe999663a0:   39 46 48 0f 84 9d 00 00 00 48 8d 4e 08 48 8b 01
0x00007ffe999663b0:   48 8b 00 ff 15 67 9c 0f 00 e9 88 00 00 00 48 83
0x00007ffe999663c0:   3a 00 7c 62 75 06 83 7a 08 00 7e 5a ba 01 00 00
0x00007ffe999663d0:   00 48 8d 4c 24 20 e8 e0 e1 fb ff 48 8b 44 24 20
0x00007ffe999663e0:   49 3b 06 7c 0c 75 7d 41 8b 46 08 39 44 24 28 7d
0x00007ffe999663f0:   73 ff 15 49 7c 0f 00 39 46 48 74 4a 48 8b 46 08
0x00007ffe99966400:   48 8d 54 24 20 49 8b ce 48 8b 58 10 e8 ef ec fb
0x00007ffe99966410:   ff 8b d0 48 8d 4e 08 48 8b c3 ff 15 00 9c 0f 00
0x00007ffe99966420:   84 c0 75 22 eb a6 ff 15 14 7c 0f 00 39 46 48 74
0x00007ffe99966430:   15 48 8d 4e 08 48 8b 01 48 8b 40 08 ff 15 de 9b
0x00007ffe99966440:   0f 00 84 c0 74 1e 8b 4e 4c 8d 41 01 89 46 4c 83
0x00007ffe99966450:   f8 01 7e 2b f7 06 00 01 00 00 75 2c 89 4e 4c 4d
0x00007ffe99966460:   85 f6 74 14 49 83 3e 00 75 07 41 83 7e 08 00 74
0x00007ffe99966470:   07 b8 02 00 00 00 eb 12 b8 03 00 00 00 eb 0b ff
0x00007ffe99966480:   15 bb 7b 0f 00 89 46 48 33 c0 48 8b 4c 24 30 48
0x00007ffe99966490:   33 cc e8 47 d7 fb ff 48 8b 5c 24 70 48 83 c4 40
0x00007ffe999664a0:   41 5e 5f 5e c3 cc cc cc cc cc cc cc cc cc cc cc 


Stack slot to memory mapping:
stack at sp + 0 slots: 0x0 is NULL
stack at sp + 1 slots: 0x000002425926fa7a is at code_begin+2458 in an Interpreter codelet
method entry point (kind = native)  [0x000002425926f0e0, 0x000002425926fb60]  2688 bytes
stack at sp + 2 slots: {method} {0x000002426f805998} 'findEntry' '(Ljava/lang/String;)J' in 'java/lang/ClassLoader$NativeLibrary'
stack at sp + 3 slots: 0x00007ffe99943133 native-platform-file-events.dll
stack at sp + 4 slots: 0x0000024279f43508 points into unknown readable memory: 0x454c42414e455f54 | 54 5f 45 4e 41 42 4c 45
stack at sp + 5 slots: 0x000000008fa00170 is pointing into object: [B 
{0x000000008fa00150} - klass: {type array byte}
 - length: 27
stack at sp + 6 slots: 0x00007a3cd3a0747d is an unknown value
stack at sp + 7 slots: 0x00007ffe9994da83 native-platform-file-events.dll


---------------  P R O C E S S  ---------------

Threads class SMR info:
_java_thread_list=0x0000024279441e80, length=87, elements={
0x0000024255742000, 0x000002426fbc6000, 0x000002426fbc8000, 0x000002426fc22800,
0x000002426fc24000, 0x000002426fc27800, 0x000002426fc2a800, 0x000002426fc35800,
0x000002426fc39000, 0x000002426fdb1000, 0x0000024272047000, 0x0000024272505000,
0x000002427129b000, 0x0000024271d7a000, 0x0000024271ddd800, 0x0000024271d75000,
0x0000024272351000, 0x0000024271a7a800, 0x000002427253e000, 0x0000024270fc0000,
0x0000024271d6f000, 0x0000024271d70000, 0x0000024271d70800, 0x0000024271d6e800,
0x0000024273a77000, 0x0000024273a76000, 0x0000024273a74000, 0x0000024273a74800,
0x0000024273a79800, 0x0000024273a78800, 0x0000024273a7a800, 0x0000024273a78000,
0x0000024273a7f000, 0x0000024273a81000, 0x0000024273a7d800, 0x0000024273a7b000,
0x0000024273a81800, 0x0000024273a82800, 0x0000024273a7d000, 0x0000024276688800,
0x000002427668e800, 0x000002427668a000, 0x000002427668b000, 0x000002427668c800,
0x000002427668d800, 0x000002427668c000, 0x000002427668f000, 0x0000024276689800,
0x0000024276695000, 0x0000024276695800, 0x0000024276690000, 0x0000024276692800,
0x0000024276694000, 0x0000024276696800, 0x0000024276693000, 0x0000024276691800,
0x0000024276691000, 0x0000024276697800, 0x0000024276812800, 0x0000024276812000,
0x0000024276814800, 0x0000024276811000, 0x0000024276816000, 0x0000024276815000,
0x0000024276810800, 0x0000024276819800, 0x0000024276817000, 0x0000024276817800,
0x0000024276818800, 0x0000024276813800, 0x000002427681a000, 0x000002427681c800,
0x000002427681e000, 0x000002427681d800, 0x000002427681b800, 0x000002427681f000,
0x000002427681b000, 0x000002426ff0f000, 0x000002426ff0c800, 0x000002426ff0b800,
0x000002426ff09000, 0x000002426ff0d800, 0x000002426ff10000, 0x000002426ff10800,
0x000002426ff0e000, 0x0000024272e06800, 0x000002426ff0b000
}

Java Threads: ( => current thread )
  0x0000024255742000 JavaThread "main" [_thread_blocked, id=9816, stack(0x0000007211200000,0x0000007211300000)]
  0x000002426fbc6000 JavaThread "Reference Handler" daemon [_thread_blocked, id=9776, stack(0x0000007211c00000,0x0000007211d00000)]
  0x000002426fbc8000 JavaThread "Finalizer" daemon [_thread_blocked, id=8128, stack(0x0000007211d00000,0x0000007211e00000)]
  0x000002426fc22800 JavaThread "Signal Dispatcher" daemon [_thread_blocked, id=400, stack(0x0000007211e00000,0x0000007211f00000)]
  0x000002426fc24000 JavaThread "Attach Listener" daemon [_thread_blocked, id=5192, stack(0x0000007211f00000,0x0000007212000000)]
  0x000002426fc27800 JavaThread "Service Thread" daemon [_thread_blocked, id=11452, stack(0x0000007212000000,0x0000007212100000)]
  0x000002426fc2a800 JavaThread "C2 CompilerThread0" daemon [_thread_in_native, id=6352, stack(0x0000007212100000,0x0000007212200000)]
  0x000002426fc35800 JavaThread "C1 CompilerThread0" daemon [_thread_blocked, id=10916, stack(0x0000007212200000,0x0000007212300000)]
  0x000002426fc39000 JavaThread "Sweeper thread" daemon [_thread_blocked, id=9748, stack(0x0000007212300000,0x0000007212400000)]
  0x000002426fdb1000 JavaThread "Common-Cleaner" daemon [_thread_blocked, id=11112, stack(0x0000007212400000,0x0000007212500000)]
  0x0000024272047000 JavaThread "Daemon health stats" [_thread_blocked, id=8744, stack(0x0000007212a00000,0x0000007212b00000)]
  0x0000024272505000 JavaThread "Incoming local TCP Connector on port 56650" [_thread_in_native, id=10464, stack(0x0000007212b00000,0x0000007212c00000)]
  0x000002427129b000 JavaThread "Daemon periodic checks" [_thread_blocked, id=6312, stack(0x0000007212c00000,0x0000007212d00000)]
  0x0000024271d7a000 JavaThread "Daemon" [_thread_blocked, id=8844, stack(0x0000007212d00000,0x0000007212e00000)]
  0x0000024271ddd800 JavaThread "Handler for socket connection from /127.0.0.1:56650 to /127.0.0.1:56651" [_thread_in_native, id=1152, stack(0x0000007212e00000,0x0000007212f00000)]
  0x0000024271d75000 JavaThread "Cancel handler" [_thread_blocked, id=5828, stack(0x0000007212f00000,0x0000007213000000)]
  0x0000024272351000 JavaThread "Daemon worker" [_thread_blocked, id=9244, stack(0x0000007213000000,0x0000007213100000)]
  0x0000024271a7a800 JavaThread "Asynchronous log dispatcher for DefaultDaemonConnection: socket connection from /127.0.0.1:56650 to /127.0.0.1:56651" [_thread_blocked, id=6928, stack(0x0000007213100000,0x0000007213200000)]
  0x000002427253e000 JavaThread "Stdin handler" [_thread_blocked, id=9596, stack(0x0000007213200000,0x0000007213300000)]
  0x0000024270fc0000 JavaThread "Daemon client event forwarder" [_thread_blocked, id=11792, stack(0x0000007213300000,0x0000007213400000)]
  0x0000024271d6f000 JavaThread "Cache worker for journal cache (C:\Users\it_04\.gradle\caches\journal-1)" [_thread_blocked, id=1308, stack(0x0000007213400000,0x0000007213500000)]
  0x0000024271d70000 JavaThread "File lock request listener" [_thread_in_native, id=1684, stack(0x0000007213500000,0x0000007213600000)]
  0x0000024271d70800 JavaThread "Cache worker for file hash cache (C:\Users\it_04\.gradle\caches\7.5\fileHashes)" [_thread_blocked, id=3712, stack(0x0000007213600000,0x0000007213700000)]
=>0x0000024271d6e800 JavaThread "File watcher server" daemon [_thread_in_native, id=10208, stack(0x0000007213700000,0x0000007213800000)]
  0x0000024273a77000 JavaThread "Cache worker for checksums cache (D:\SourceAndroid\KyThuat\.gradle\7.5\checksums)" [_thread_blocked, id=9932, stack(0x0000007213900000,0x0000007213a00000)]
  0x0000024273a76000 JavaThread "Cache worker for cache directory md-rule (C:\Users\it_04\.gradle\caches\7.5\md-rule)" [_thread_blocked, id=3404, stack(0x0000007213a00000,0x0000007213b00000)]
  0x0000024273a74000 JavaThread "Cache worker for file content cache (C:\Users\it_04\.gradle\caches\7.5\fileContent)" [_thread_blocked, id=11604, stack(0x0000007213b00000,0x0000007213c00000)]
  0x0000024273a74800 JavaThread "Cache worker for file hash cache (D:\SourceAndroid\KyThuat\.gradle\7.5\fileHashes)" [_thread_blocked, id=2196, stack(0x0000007213c00000,0x0000007213d00000)]
  0x0000024273a79800 JavaThread "Cache worker for cache directory md-supplier (C:\Users\it_04\.gradle\caches\7.5\md-supplier)" [_thread_blocked, id=3200, stack(0x0000007213d00000,0x0000007213e00000)]
  0x0000024273a78800 JavaThread "Cache worker for execution history cache (C:\Users\it_04\.gradle\caches\7.5\executionHistory)" [_thread_blocked, id=1208, stack(0x0000007213e00000,0x0000007213f00000)]
  0x0000024273a7a800 JavaThread "jar transforms" [_thread_blocked, id=11496, stack(0x0000007213f00000,0x0000007214000000)]
  0x0000024273a78000 JavaThread "jar transforms Thread 2" [_thread_blocked, id=6872, stack(0x0000007214000000,0x0000007214100000)]
  0x0000024273a7f000 JavaThread "jar transforms Thread 3" [_thread_blocked, id=10860, stack(0x0000007214100000,0x0000007214200000)]
  0x0000024273a81000 JavaThread "jar transforms Thread 4" [_thread_blocked, id=9040, stack(0x0000007214200000,0x0000007214300000)]
  0x0000024273a7d800 JavaThread "Cache worker for dependencies-accessors (D:\SourceAndroid\KyThuat\.gradle\7.5\dependencies-accessors)" [_thread_blocked, id=6492, stack(0x0000007214300000,0x0000007214400000)]
  0x0000024273a7b000 JavaThread "Cache worker for Build Output Cleanup Cache (D:\SourceAndroid\KyThuat\.gradle\buildOutputCleanup)" [_thread_blocked, id=9720, stack(0x0000007214400000,0x0000007214500000)]
  0x0000024273a81800 JavaThread "Unconstrained build operations" [_thread_blocked, id=11188, stack(0x0000007214500000,0x0000007214600000)]
  0x0000024273a82800 JavaThread "Unconstrained build operations Thread 2" [_thread_blocked, id=4468, stack(0x0000007214600000,0x0000007214700000)]
  0x0000024273a7d000 JavaThread "Unconstrained build operations Thread 3" [_thread_blocked, id=10912, stack(0x0000007214700000,0x0000007214800000)]
  0x0000024276688800 JavaThread "Unconstrained build operations Thread 4" [_thread_blocked, id=4980, stack(0x0000007214800000,0x0000007214900000)]
  0x000002427668e800 JavaThread "Unconstrained build operations Thread 5" [_thread_blocked, id=10848, stack(0x0000007214900000,0x0000007214a00000)]
  0x000002427668a000 JavaThread "Unconstrained build operations Thread 6" [_thread_blocked, id=11836, stack(0x0000007214a00000,0x0000007214b00000)]
  0x000002427668b000 JavaThread "Unconstrained build operations Thread 7" [_thread_blocked, id=3316, stack(0x0000007214b00000,0x0000007214c00000)]
  0x000002427668c800 JavaThread "Unconstrained build operations Thread 8" [_thread_blocked, id=8584, stack(0x0000007214c00000,0x0000007214d00000)]
  0x000002427668d800 JavaThread "Unconstrained build operations Thread 9" [_thread_blocked, id=8088, stack(0x0000007214d00000,0x0000007214e00000)]
  0x000002427668c000 JavaThread "Unconstrained build operations Thread 10" [_thread_blocked, id=10888, stack(0x0000007214e00000,0x0000007214f00000)]
  0x000002427668f000 JavaThread "Unconstrained build operations Thread 11" [_thread_blocked, id=10028, stack(0x0000007214f00000,0x0000007215000000)]
  0x0000024276689800 JavaThread "Unconstrained build operations Thread 12" [_thread_blocked, id=11672, stack(0x0000007215000000,0x0000007215100000)]
  0x0000024276695000 JavaThread "Unconstrained build operations Thread 13" [_thread_blocked, id=3112, stack(0x0000007215100000,0x0000007215200000)]
  0x0000024276695800 JavaThread "Unconstrained build operations Thread 14" [_thread_blocked, id=2140, stack(0x0000007215200000,0x0000007215300000)]
  0x0000024276690000 JavaThread "Unconstrained build operations Thread 15" [_thread_blocked, id=6672, stack(0x0000007215300000,0x0000007215400000)]
  0x0000024276692800 JavaThread "Unconstrained build operations Thread 16" [_thread_blocked, id=12036, stack(0x0000007215400000,0x0000007215500000)]
  0x0000024276694000 JavaThread "Unconstrained build operations Thread 17" [_thread_blocked, id=8460, stack(0x0000007215500000,0x0000007215600000)]
  0x0000024276696800 JavaThread "Unconstrained build operations Thread 18" [_thread_blocked, id=11696, stack(0x0000007215600000,0x0000007215700000)]
  0x0000024276693000 JavaThread "Unconstrained build operations Thread 19" [_thread_blocked, id=12268, stack(0x0000007215700000,0x0000007215800000)]
  0x0000024276691800 JavaThread "Unconstrained build operations Thread 20" [_thread_blocked, id=11276, stack(0x0000007215800000,0x0000007215900000)]
  0x0000024276691000 JavaThread "Unconstrained build operations Thread 21" [_thread_blocked, id=3932, stack(0x0000007215900000,0x0000007215a00000)]
  0x0000024276697800 JavaThread "Unconstrained build operations Thread 22" [_thread_blocked, id=11584, stack(0x0000007215a00000,0x0000007215b00000)]
  0x0000024276812800 JavaThread "Unconstrained build operations Thread 23" [_thread_blocked, id=11756, stack(0x0000007215b00000,0x0000007215c00000)]
  0x0000024276812000 JavaThread "Unconstrained build operations Thread 24" [_thread_blocked, id=12232, stack(0x0000007215c00000,0x0000007215d00000)]
  0x0000024276814800 JavaThread "Unconstrained build operations Thread 25" [_thread_blocked, id=10204, stack(0x0000007215d00000,0x0000007215e00000)]
  0x0000024276811000 JavaThread "Unconstrained build operations Thread 26" [_thread_blocked, id=9928, stack(0x0000007215e00000,0x0000007215f00000)]
  0x0000024276816000 JavaThread "Unconstrained build operations Thread 27" [_thread_blocked, id=8964, stack(0x0000007215f00000,0x0000007216000000)]
  0x0000024276815000 JavaThread "Unconstrained build operations Thread 28" [_thread_blocked, id=11860, stack(0x0000007216000000,0x0000007216100000)]
  0x0000024276810800 JavaThread "Unconstrained build operations Thread 29" [_thread_blocked, id=11592, stack(0x0000007216100000,0x0000007216200000)]
  0x0000024276819800 JavaThread "Unconstrained build operations Thread 30" [_thread_blocked, id=8496, stack(0x0000007216200000,0x0000007216300000)]
  0x0000024276817000 JavaThread "Unconstrained build operations Thread 31" [_thread_blocked, id=7900, stack(0x0000007216300000,0x0000007216400000)]
  0x0000024276817800 JavaThread "Unconstrained build operations Thread 32" [_thread_blocked, id=6164, stack(0x0000007216400000,0x0000007216500000)]
  0x0000024276818800 JavaThread "Unconstrained build operations Thread 33" [_thread_blocked, id=6220, stack(0x0000007216500000,0x0000007216600000)]
  0x0000024276813800 JavaThread "Unconstrained build operations Thread 34" [_thread_blocked, id=9988, stack(0x0000007216600000,0x0000007216700000)]
  0x000002427681a000 JavaThread "Unconstrained build operations Thread 35" [_thread_blocked, id=4368, stack(0x0000007216700000,0x0000007216800000)]
  0x000002427681c800 JavaThread "Unconstrained build operations Thread 36" [_thread_blocked, id=2868, stack(0x0000007216800000,0x0000007216900000)]
  0x000002427681e000 JavaThread "Unconstrained build operations Thread 37" [_thread_blocked, id=4120, stack(0x0000007216900000,0x0000007216a00000)]
  0x000002427681d800 JavaThread "Unconstrained build operations Thread 38" [_thread_blocked, id=5484, stack(0x0000007216a00000,0x0000007216b00000)]
  0x000002427681b800 JavaThread "Unconstrained build operations Thread 39" [_thread_blocked, id=7820, stack(0x0000007216b00000,0x0000007216c00000)]
  0x000002427681f000 JavaThread "Unconstrained build operations Thread 40" [_thread_blocked, id=6476, stack(0x0000007216c00000,0x0000007216d00000)]
  0x000002427681b000 JavaThread "Memory manager" [_thread_blocked, id=9396, stack(0x0000007216d00000,0x0000007216e00000)]
  0x000002426ff0f000 JavaThread "build event listener" [_thread_blocked, id=8452, stack(0x0000007216e00000,0x0000007216f00000)]
  0x000002426ff0c800 JavaThread "pool-3-thread-1" [_thread_blocked, id=4380, stack(0x0000007216f00000,0x0000007217000000)]
  0x000002426ff0b800 JavaThread "build event listener" [_thread_blocked, id=1224, stack(0x0000007217000000,0x0000007217100000)]
  0x000002426ff09000 JavaThread "included builds" [_thread_blocked, id=5224, stack(0x0000007217100000,0x0000007217200000)]
  0x000002426ff0d800 JavaThread "Execution worker" [_thread_blocked, id=11764, stack(0x0000007217200000,0x0000007217300000)]
  0x000002426ff10000 JavaThread "Execution worker Thread 2" [_thread_in_native, id=9956, stack(0x0000007217300000,0x0000007217400000)]
  0x000002426ff10800 JavaThread "Execution worker Thread 3" [_thread_blocked, id=4596, stack(0x0000007217400000,0x0000007217500000)]
  0x000002426ff0e000 JavaThread "Cache worker for execution history cache (D:\SourceAndroid\KyThuat\.gradle\7.5\executionHistory)" [_thread_blocked, id=7800, stack(0x0000007217500000,0x0000007217600000)]
  0x0000024272e06800 JavaThread "C2 CompilerThread1" daemon [_thread_in_native, id=8736, stack(0x0000007212600000,0x0000007212700000)]
  0x000002426ff0b000 JavaThread "WorkerExecutor Queue" [_thread_in_native, id=1272, stack(0x0000007213800000,0x0000007213900000)]

Other Threads:
  0x000002426fbc3800 VMThread "VM Thread" [stack: 0x0000007211b00000,0x0000007211c00000] [id=11436]
  0x000002426fde3000 WatcherThread [stack: 0x0000007212500000,0x0000007212600000] [id=4000]
  0x000002425575b800 GCTaskThread "GC Thread#0" [stack: 0x0000007211600000,0x0000007211700000] [id=1360]
  0x0000024270216800 GCTaskThread "GC Thread#1" [stack: 0x0000007212700000,0x0000007212800000] [id=620]
  0x0000024270a91000 GCTaskThread "GC Thread#2" [stack: 0x0000007212800000,0x0000007212900000] [id=2100]
  0x000002427064c000 GCTaskThread "GC Thread#3" [stack: 0x0000007212900000,0x0000007212a00000] [id=10276]
  0x000002425578c800 ConcurrentGCThread "G1 Main Marker" [stack: 0x0000007211700000,0x0000007211800000] [id=9904]
  0x000002425578e800 ConcurrentGCThread "G1 Conc#0" [stack: 0x0000007211800000,0x0000007211900000] [id=3028]
  0x000002425580e000 ConcurrentGCThread "G1 Refine#0" [stack: 0x0000007211900000,0x0000007211a00000] [id=2136]
  0x000002426f20c800 ConcurrentGCThread "G1 Young RemSet Sampling" [stack: 0x0000007211a00000,0x0000007211b00000] [id=12016]

Threads with active compile tasks:
C2 CompilerThread0    19814 8469       4       java.lang.Class::annotationData (44 bytes)
C2 CompilerThread1    19814 8562       4       org.objectweb.asm.MethodWriter::visitLabel (328 bytes)

VM state:not at safepoint (normal execution)

VM Mutex/Monitor currently owned by a thread: None

Heap address: 0x0000000080000000, size: 2048 MB, Compressed Oops mode: 32-bit
Narrow klass base: 0x0000000000000000, Narrow klass shift: 3
Compressed class space size: 1073741824 Address: 0x0000000100000000

Heap:
 garbage-first heap   total 312320K, used 141648K [0x0000000080000000, 0x0000000100000000)
  region size 1024K, 88 young (90112K), 16 survivors (16384K)
 Metaspace       used 85844K, capacity 88158K, committed 88400K, reserved 1126400K
  class space    used 11133K, capacity 11931K, committed 12032K, reserved 1048576K
Heap Regions: E=young(eden), S=young(survivor), O=old, HS=humongous(starts), HC=humongous(continues), CS=collection set, F=free, A=archive, TAMS=top-at-mark-start (previous, next)
|   0|0x0000000080000000, 0x0000000080100000, 0x0000000080100000|100%|HS|  |TAMS 0x0000000080100000, 0x0000000080000000| Complete 
|   1|0x0000000080100000, 0x0000000080200000, 0x0000000080200000|100%|HC|  |TAMS 0x0000000080200000, 0x0000000080100000| Complete 
|   2|0x0000000080200000, 0x0000000080300000, 0x0000000080300000|100%|HC|  |TAMS 0x0000000080300000, 0x0000000080200000| Complete 
|   3|0x0000000080300000, 0x0000000080400000, 0x0000000080400000|100%| O|  |TAMS 0x0000000080400000, 0x0000000080300000| Untracked 
|   4|0x0000000080400000, 0x0000000080500000, 0x0000000080500000|100%| O|  |TAMS 0x0000000080500000, 0x0000000080400000| Untracked 
|   5|0x0000000080500000, 0x0000000080600000, 0x0000000080600000|100%| O|  |TAMS 0x0000000080600000, 0x0000000080500000| Untracked 
|   6|0x0000000080600000, 0x0000000080700000, 0x0000000080700000|100%| O|  |TAMS 0x0000000080700000, 0x0000000080600000| Untracked 
|   7|0x0000000080700000, 0x0000000080800000, 0x0000000080800000|100%| O|  |TAMS 0x0000000080800000, 0x0000000080700000| Untracked 
|   8|0x0000000080800000, 0x0000000080900000, 0x0000000080900000|100%| O|  |TAMS 0x0000000080900000, 0x0000000080800000| Untracked 
|   9|0x0000000080900000, 0x0000000080a00000, 0x0000000080a00000|100%| O|  |TAMS 0x0000000080a00000, 0x0000000080900000| Untracked 
|  10|0x0000000080a00000, 0x0000000080b00000, 0x0000000080b00000|100%| O|  |TAMS 0x0000000080b00000, 0x0000000080a00000| Untracked 
|  11|0x0000000080b00000, 0x0000000080c00000, 0x0000000080c00000|100%| O|  |TAMS 0x0000000080c00000, 0x0000000080b00000| Untracked 
|  12|0x0000000080c00000, 0x0000000080d00000, 0x0000000080d00000|100%| O|  |TAMS 0x0000000080d00000, 0x0000000080c00000| Untracked 
|  13|0x0000000080d00000, 0x0000000080e00000, 0x0000000080e00000|100%| O|  |TAMS 0x0000000080e00000, 0x0000000080d00000| Untracked 
|  14|0x0000000080e00000, 0x0000000080f00000, 0x0000000080f00000|100%| O|  |TAMS 0x0000000080f00000, 0x0000000080e00000| Untracked 
|  15|0x0000000080f00000, 0x0000000081000000, 0x0000000081000000|100%| O|  |TAMS 0x0000000081000000, 0x0000000080f00000| Untracked 
|  16|0x0000000081000000, 0x0000000081100000, 0x0000000081100000|100%| O|  |TAMS 0x0000000081100000, 0x0000000081000000| Untracked 
|  17|0x0000000081100000, 0x0000000081200000, 0x0000000081200000|100%| O|  |TAMS 0x0000000081200000, 0x0000000081100000| Untracked 
|  18|0x0000000081200000, 0x0000000081300000, 0x0000000081300000|100%|HS|  |TAMS 0x0000000081300000, 0x0000000081200000| Complete 
|  19|0x0000000081300000, 0x0000000081400000, 0x0000000081400000|100%|HS|  |TAMS 0x0000000081400000, 0x0000000081300000| Complete 
|  20|0x0000000081400000, 0x0000000081500000, 0x0000000081500000|100%| O|  |TAMS 0x0000000081500000, 0x0000000081400000| Untracked 
|  21|0x0000000081500000, 0x0000000081600000, 0x0000000081600000|100%|HS|  |TAMS 0x0000000081600000, 0x0000000081500000| Complete 
|  22|0x0000000081600000, 0x0000000081700000, 0x0000000081700000|100%|HC|  |TAMS 0x0000000081700000, 0x0000000081600000| Complete 
|  23|0x0000000081700000, 0x0000000081800000, 0x0000000081800000|100%| O|  |TAMS 0x0000000081800000, 0x0000000081700000| Untracked 
|  24|0x0000000081800000, 0x0000000081900000, 0x0000000081900000|100%| O|  |TAMS 0x0000000081900000, 0x0000000081800000| Untracked 
|  25|0x0000000081900000, 0x0000000081a00000, 0x0000000081a00000|100%| O|  |TAMS 0x0000000081a00000, 0x0000000081900000| Untracked 
|  26|0x0000000081a00000, 0x0000000081b00000, 0x0000000081b00000|100%| O|  |TAMS 0x0000000081b00000, 0x0000000081a00000| Untracked 
|  27|0x0000000081b00000, 0x0000000081c00000, 0x0000000081c00000|100%| O|  |TAMS 0x0000000081c00000, 0x0000000081b00000| Untracked 
|  28|0x0000000081c00000, 0x0000000081d00000, 0x0000000081d00000|100%| O|  |TAMS 0x0000000081d00000, 0x0000000081c00000| Untracked 
|  29|0x0000000081d00000, 0x0000000081e00000, 0x0000000081e00000|100%| O|  |TAMS 0x0000000081e00000, 0x0000000081d00000| Untracked 
|  30|0x0000000081e00000, 0x0000000081f00000, 0x0000000081f00000|100%| O|  |TAMS 0x0000000081f00000, 0x0000000081e00000| Untracked 
|  31|0x0000000081f00000, 0x0000000082000000, 0x0000000082000000|100%| O|  |TAMS 0x0000000082000000, 0x0000000081f00000| Untracked 
|  32|0x0000000082000000, 0x0000000082100000, 0x0000000082100000|100%| O|  |TAMS 0x0000000082100000, 0x0000000082000000| Untracked 
|  33|0x0000000082100000, 0x0000000082200000, 0x0000000082200000|100%| O|  |TAMS 0x0000000082100000, 0x0000000082100000| Untracked 
|  34|0x0000000082200000, 0x0000000082300000, 0x0000000082300000|100%| O|  |TAMS 0x0000000082300000, 0x0000000082200000| Untracked 
|  35|0x0000000082300000, 0x0000000082400000, 0x0000000082400000|100%| O|  |TAMS 0x0000000082400000, 0x0000000082300000| Untracked 
|  36|0x0000000082400000, 0x0000000082500000, 0x0000000082500000|100%| O|  |TAMS 0x0000000082500000, 0x0000000082400000| Untracked 
|  37|0x0000000082500000, 0x0000000082600000, 0x0000000082600000|100%| O|  |TAMS 0x0000000082600000, 0x0000000082500000| Untracked 
|  38|0x0000000082600000, 0x0000000082700000, 0x0000000082700000|100%| O|  |TAMS 0x0000000082700000, 0x0000000082600000| Untracked 
|  39|0x0000000082700000, 0x0000000082800000, 0x0000000082800000|100%| O|  |TAMS 0x0000000082800000, 0x0000000082700000| Untracked 
|  40|0x0000000082800000, 0x0000000082900000, 0x0000000082900000|100%| O|  |TAMS 0x0000000082900000, 0x0000000082800000| Untracked 
|  41|0x0000000082900000, 0x0000000082a00000, 0x0000000082a00000|100%| O|  |TAMS 0x0000000082a00000, 0x0000000082900000| Untracked 
|  42|0x0000000082a00000, 0x0000000082b00000, 0x0000000082b00000|100%| O|  |TAMS 0x0000000082b00000, 0x0000000082a00000| Untracked 
|  43|0x0000000082b00000, 0x0000000082c00000, 0x0000000082c00000|100%| O|  |TAMS 0x0000000082c00000, 0x0000000082b00000| Untracked 
|  44|0x0000000082c00000, 0x0000000082d00000, 0x0000000082d00000|100%| O|  |TAMS 0x0000000082c00000, 0x0000000082c00000| Untracked 
|  45|0x0000000082d00000, 0x0000000082e00000, 0x0000000082e00000|100%| O|  |TAMS 0x0000000082d00000, 0x0000000082d00000| Untracked 
|  46|0x0000000082e00000, 0x0000000082f00000, 0x0000000082f00000|100%| O|  |TAMS 0x0000000082e00000, 0x0000000082e00000| Untracked 
|  47|0x0000000082f00000, 0x0000000083000000, 0x0000000083000000|100%| O|  |TAMS 0x0000000082f00000, 0x0000000082f00000| Untracked 
|  48|0x0000000083000000, 0x0000000083100000, 0x0000000083100000|100%| O|  |TAMS 0x0000000083000000, 0x0000000083000000| Untracked 
|  49|0x0000000083100000, 0x0000000083200000, 0x0000000083200000|100%| O|  |TAMS 0x0000000083100000, 0x0000000083100000| Untracked 
|  50|0x0000000083200000, 0x0000000083300000, 0x0000000083300000|100%| O|  |TAMS 0x0000000083200000, 0x0000000083200000| Untracked 
|  51|0x0000000083300000, 0x0000000083400000, 0x0000000083400000|100%| O|  |TAMS 0x0000000083300000, 0x0000000083300000| Untracked 
|  52|0x0000000083400000, 0x0000000083454000, 0x0000000083500000| 32%| O|  |TAMS 0x0000000083400000, 0x0000000083400000| Untracked 
|  53|0x0000000083500000, 0x0000000083500000, 0x0000000083600000|  0%| F|  |TAMS 0x0000000083500000, 0x0000000083500000| Untracked 
|  54|0x0000000083600000, 0x0000000083600000, 0x0000000083700000|  0%| F|  |TAMS 0x0000000083600000, 0x0000000083600000| Untracked 
|  55|0x0000000083700000, 0x0000000083700000, 0x0000000083800000|  0%| F|  |TAMS 0x0000000083700000, 0x0000000083700000| Untracked 
|  56|0x0000000083800000, 0x0000000083800000, 0x0000000083900000|  0%| F|  |TAMS 0x0000000083800000, 0x0000000083800000| Untracked 
|  57|0x0000000083900000, 0x0000000083900000, 0x0000000083a00000|  0%| F|  |TAMS 0x0000000083900000, 0x0000000083900000| Untracked 
|  58|0x0000000083a00000, 0x0000000083a00000, 0x0000000083b00000|  0%| F|  |TAMS 0x0000000083a00000, 0x0000000083a00000| Untracked 
|  59|0x0000000083b00000, 0x0000000083b00000, 0x0000000083c00000|  0%| F|  |TAMS 0x0000000083b00000, 0x0000000083b00000| Untracked 
|  60|0x0000000083c00000, 0x0000000083c00000, 0x0000000083d00000|  0%| F|  |TAMS 0x0000000083c00000, 0x0000000083c00000| Untracked 
|  61|0x0000000083d00000, 0x0000000083d00000, 0x0000000083e00000|  0%| F|  |TAMS 0x0000000083d00000, 0x0000000083d00000| Untracked 
|  62|0x0000000083e00000, 0x0000000083e00000, 0x0000000083f00000|  0%| F|  |TAMS 0x0000000083e00000, 0x0000000083e00000| Untracked 
|  63|0x0000000083f00000, 0x0000000083f00000, 0x0000000084000000|  0%| F|  |TAMS 0x0000000083f00000, 0x0000000083f00000| Untracked 
|  64|0x0000000084000000, 0x0000000084000000, 0x0000000084100000|  0%| F|  |TAMS 0x0000000084000000, 0x0000000084000000| Untracked 
|  65|0x0000000084100000, 0x0000000084100000, 0x0000000084200000|  0%| F|  |TAMS 0x0000000084100000, 0x0000000084100000| Untracked 
|  66|0x0000000084200000, 0x0000000084200000, 0x0000000084300000|  0%| F|  |TAMS 0x0000000084200000, 0x0000000084200000| Untracked 
|  67|0x0000000084300000, 0x0000000084300000, 0x0000000084400000|  0%| F|  |TAMS 0x0000000084300000, 0x0000000084300000| Untracked 
|  68|0x0000000084400000, 0x0000000084400000, 0x0000000084500000|  0%| F|  |TAMS 0x0000000084400000, 0x0000000084400000| Untracked 
|  69|0x0000000084500000, 0x0000000084500000, 0x0000000084600000|  0%| F|  |TAMS 0x0000000084500000, 0x0000000084500000| Untracked 
|  70|0x0000000084600000, 0x0000000084600000, 0x0000000084700000|  0%| F|  |TAMS 0x0000000084600000, 0x0000000084600000| Untracked 
|  71|0x0000000084700000, 0x0000000084700000, 0x0000000084800000|  0%| F|  |TAMS 0x0000000084700000, 0x0000000084700000| Untracked 
|  72|0x0000000084800000, 0x0000000084800000, 0x0000000084900000|  0%| F|  |TAMS 0x0000000084800000, 0x0000000084800000| Untracked 
|  73|0x0000000084900000, 0x0000000084900000, 0x0000000084a00000|  0%| F|  |TAMS 0x0000000084900000, 0x0000000084900000| Untracked 
|  74|0x0000000084a00000, 0x0000000084a00000, 0x0000000084b00000|  0%| F|  |TAMS 0x0000000084a00000, 0x0000000084a00000| Untracked 
|  75|0x0000000084b00000, 0x0000000084b00000, 0x0000000084c00000|  0%| F|  |TAMS 0x0000000084b00000, 0x0000000084b00000| Untracked 
|  76|0x0000000084c00000, 0x0000000084c00000, 0x0000000084d00000|  0%| F|  |TAMS 0x0000000084c00000, 0x0000000084c00000| Untracked 
|  77|0x0000000084d00000, 0x0000000084d00000, 0x0000000084e00000|  0%| F|  |TAMS 0x0000000084d00000, 0x0000000084d00000| Untracked 
|  78|0x0000000084e00000, 0x0000000084e00000, 0x0000000084f00000|  0%| F|  |TAMS 0x0000000084e00000, 0x0000000084e00000| Untracked 
|  79|0x0000000084f00000, 0x0000000084f00000, 0x0000000085000000|  0%| F|  |TAMS 0x0000000084f00000, 0x0000000084f00000| Untracked 
|  80|0x0000000085000000, 0x0000000085000000, 0x0000000085100000|  0%| F|  |TAMS 0x0000000085000000, 0x0000000085000000| Untracked 
|  81|0x0000000085100000, 0x0000000085100000, 0x0000000085200000|  0%| F|  |TAMS 0x0000000085100000, 0x0000000085100000| Untracked 
|  82|0x0000000085200000, 0x0000000085200000, 0x0000000085300000|  0%| F|  |TAMS 0x0000000085200000, 0x0000000085200000| Untracked 
|  83|0x0000000085300000, 0x0000000085300000, 0x0000000085400000|  0%| F|  |TAMS 0x0000000085300000, 0x0000000085300000| Untracked 
|  84|0x0000000085400000, 0x0000000085400000, 0x0000000085500000|  0%| F|  |TAMS 0x0000000085400000, 0x0000000085400000| Untracked 
|  85|0x0000000085500000, 0x0000000085500000, 0x0000000085600000|  0%| F|  |TAMS 0x0000000085500000, 0x0000000085500000| Untracked 
|  86|0x0000000085600000, 0x0000000085600000, 0x0000000085700000|  0%| F|  |TAMS 0x0000000085600000, 0x0000000085600000| Untracked 
|  87|0x0000000085700000, 0x0000000085700000, 0x0000000085800000|  0%| F|  |TAMS 0x0000000085700000, 0x0000000085700000| Untracked 
|  88|0x0000000085800000, 0x0000000085800000, 0x0000000085900000|  0%| F|  |TAMS 0x0000000085800000, 0x0000000085800000| Untracked 
|  89|0x0000000085900000, 0x0000000085900000, 0x0000000085a00000|  0%| F|  |TAMS 0x0000000085900000, 0x0000000085900000| Untracked 
|  90|0x0000000085a00000, 0x0000000085a00000, 0x0000000085b00000|  0%| F|  |TAMS 0x0000000085a00000, 0x0000000085a00000| Untracked 
|  91|0x0000000085b00000, 0x0000000085b00000, 0x0000000085c00000|  0%| F|  |TAMS 0x0000000085b00000, 0x0000000085b00000| Untracked 
|  92|0x0000000085c00000, 0x0000000085c00000, 0x0000000085d00000|  0%| F|  |TAMS 0x0000000085c00000, 0x0000000085c00000| Untracked 
|  93|0x0000000085d00000, 0x0000000085d00000, 0x0000000085e00000|  0%| F|  |TAMS 0x0000000085d00000, 0x0000000085d00000| Untracked 
|  94|0x0000000085e00000, 0x0000000085e00000, 0x0000000085f00000|  0%| F|  |TAMS 0x0000000085e00000, 0x0000000085e00000| Untracked 
|  95|0x0000000085f00000, 0x0000000085f00000, 0x0000000086000000|  0%| F|  |TAMS 0x0000000085f00000, 0x0000000085f00000| Untracked 
|  96|0x0000000086000000, 0x0000000086000000, 0x0000000086100000|  0%| F|  |TAMS 0x0000000086000000, 0x0000000086000000| Untracked 
|  97|0x0000000086100000, 0x0000000086100000, 0x0000000086200000|  0%| F|  |TAMS 0x0000000086100000, 0x0000000086100000| Untracked 
|  98|0x0000000086200000, 0x0000000086200000, 0x0000000086300000|  0%| F|  |TAMS 0x0000000086200000, 0x0000000086200000| Untracked 
|  99|0x0000000086300000, 0x0000000086300000, 0x0000000086400000|  0%| F|  |TAMS 0x0000000086300000, 0x0000000086300000| Untracked 
| 100|0x0000000086400000, 0x0000000086500000, 0x0000000086500000|100%| S|CS|TAMS 0x0000000086400000, 0x0000000086400000| Complete 
| 101|0x0000000086500000, 0x0000000086600000, 0x0000000086600000|100%| S|CS|TAMS 0x0000000086500000, 0x0000000086500000| Complete 
| 102|0x0000000086600000, 0x0000000086700000, 0x0000000086700000|100%| S|CS|TAMS 0x0000000086600000, 0x0000000086600000| Complete 
| 103|0x0000000086700000, 0x0000000086800000, 0x0000000086800000|100%| S|CS|TAMS 0x0000000086700000, 0x0000000086700000| Complete 
| 104|0x0000000086800000, 0x0000000086900000, 0x0000000086900000|100%| S|CS|TAMS 0x0000000086800000, 0x0000000086800000| Complete 
| 105|0x0000000086900000, 0x0000000086a00000, 0x0000000086a00000|100%| S|CS|TAMS 0x0000000086900000, 0x0000000086900000| Complete 
| 106|0x0000000086a00000, 0x0000000086b00000, 0x0000000086b00000|100%| S|CS|TAMS 0x0000000086a00000, 0x0000000086a00000| Complete 
| 107|0x0000000086b00000, 0x0000000086c00000, 0x0000000086c00000|100%| S|CS|TAMS 0x0000000086b00000, 0x0000000086b00000| Complete 
| 108|0x0000000086c00000, 0x0000000086d00000, 0x0000000086d00000|100%| S|CS|TAMS 0x0000000086c00000, 0x0000000086c00000| Complete 
| 109|0x0000000086d00000, 0x0000000086e00000, 0x0000000086e00000|100%| S|CS|TAMS 0x0000000086d00000, 0x0000000086d00000| Complete 
| 110|0x0000000086e00000, 0x0000000086f00000, 0x0000000086f00000|100%| S|CS|TAMS 0x0000000086e00000, 0x0000000086e00000| Complete 
| 111|0x0000000086f00000, 0x0000000087000000, 0x0000000087000000|100%| S|CS|TAMS 0x0000000086f00000, 0x0000000086f00000| Complete 
| 112|0x0000000087000000, 0x0000000087100000, 0x0000000087100000|100%| S|CS|TAMS 0x0000000087000000, 0x0000000087000000| Complete 
| 113|0x0000000087100000, 0x0000000087200000, 0x0000000087200000|100%| S|CS|TAMS 0x0000000087100000, 0x0000000087100000| Complete 
| 114|0x0000000087200000, 0x0000000087300000, 0x0000000087300000|100%| S|CS|TAMS 0x0000000087200000, 0x0000000087200000| Complete 
| 115|0x0000000087300000, 0x0000000087400000, 0x0000000087400000|100%| S|CS|TAMS 0x0000000087300000, 0x0000000087300000| Complete 
| 116|0x0000000087400000, 0x0000000087400000, 0x0000000087500000|  0%| F|  |TAMS 0x0000000087400000, 0x0000000087400000| Untracked 
| 117|0x0000000087500000, 0x0000000087500000, 0x0000000087600000|  0%| F|  |TAMS 0x0000000087500000, 0x0000000087500000| Untracked 
| 118|0x0000000087600000, 0x0000000087600000, 0x0000000087700000|  0%| F|  |TAMS 0x0000000087600000, 0x0000000087600000| Untracked 
| 119|0x0000000087700000, 0x0000000087700000, 0x0000000087800000|  0%| F|  |TAMS 0x0000000087700000, 0x0000000087700000| Untracked 
| 120|0x0000000087800000, 0x0000000087800000, 0x0000000087900000|  0%| F|  |TAMS 0x0000000087800000, 0x0000000087800000| Untracked 
| 121|0x0000000087900000, 0x0000000087900000, 0x0000000087a00000|  0%| F|  |TAMS 0x0000000087900000, 0x0000000087900000| Untracked 
| 122|0x0000000087a00000, 0x0000000087a00000, 0x0000000087b00000|  0%| F|  |TAMS 0x0000000087a00000, 0x0000000087a00000| Untracked 
| 123|0x0000000087b00000, 0x0000000087b00000, 0x0000000087c00000|  0%| F|  |TAMS 0x0000000087b00000, 0x0000000087b00000| Untracked 
| 124|0x0000000087c00000, 0x0000000087c00000, 0x0000000087d00000|  0%| F|  |TAMS 0x0000000087c00000, 0x0000000087c00000| Untracked 
| 125|0x0000000087d00000, 0x0000000087d00000, 0x0000000087e00000|  0%| F|  |TAMS 0x0000000087d00000, 0x0000000087d00000| Untracked 
| 126|0x0000000087e00000, 0x0000000087e00000, 0x0000000087f00000|  0%| F|  |TAMS 0x0000000087e00000, 0x0000000087e00000| Untracked 
| 127|0x0000000087f00000, 0x0000000087f00000, 0x0000000088000000|  0%| F|  |TAMS 0x0000000087f00000, 0x0000000087f00000| Untracked 
| 128|0x0000000088000000, 0x0000000088000000, 0x0000000088100000|  0%| F|  |TAMS 0x0000000088000000, 0x0000000088000000| Untracked 
| 129|0x0000000088100000, 0x0000000088100000, 0x0000000088200000|  0%| F|  |TAMS 0x0000000088100000, 0x0000000088100000| Untracked 
| 130|0x0000000088200000, 0x0000000088200000, 0x0000000088300000|  0%| F|  |TAMS 0x0000000088200000, 0x0000000088200000| Untracked 
| 131|0x0000000088300000, 0x0000000088300000, 0x0000000088400000|  0%| F|  |TAMS 0x0000000088300000, 0x0000000088300000| Untracked 
| 132|0x0000000088400000, 0x0000000088400000, 0x0000000088500000|  0%| F|  |TAMS 0x0000000088400000, 0x0000000088400000| Untracked 
| 133|0x0000000088500000, 0x0000000088500000, 0x0000000088600000|  0%| F|  |TAMS 0x0000000088500000, 0x0000000088500000| Untracked 
| 134|0x0000000088600000, 0x0000000088600000, 0x0000000088700000|  0%| F|  |TAMS 0x0000000088600000, 0x0000000088600000| Untracked 
| 135|0x0000000088700000, 0x0000000088700000, 0x0000000088800000|  0%| F|  |TAMS 0x0000000088700000, 0x0000000088700000| Untracked 
| 136|0x0000000088800000, 0x0000000088800000, 0x0000000088900000|  0%| F|  |TAMS 0x0000000088800000, 0x0000000088800000| Untracked 
| 137|0x0000000088900000, 0x0000000088900000, 0x0000000088a00000|  0%| F|  |TAMS 0x0000000088900000, 0x0000000088900000| Untracked 
| 138|0x0000000088a00000, 0x0000000088a00000, 0x0000000088b00000|  0%| F|  |TAMS 0x0000000088a00000, 0x0000000088a00000| Untracked 
| 139|0x0000000088b00000, 0x0000000088b00000, 0x0000000088c00000|  0%| F|  |TAMS 0x0000000088b00000, 0x0000000088b00000| Untracked 
| 140|0x0000000088c00000, 0x0000000088c00000, 0x0000000088d00000|  0%| F|  |TAMS 0x0000000088c00000, 0x0000000088c00000| Untracked 
| 141|0x0000000088d00000, 0x0000000088d00000, 0x0000000088e00000|  0%| F|  |TAMS 0x0000000088d00000, 0x0000000088d00000| Untracked 
| 142|0x0000000088e00000, 0x0000000088e00000, 0x0000000088f00000|  0%| F|  |TAMS 0x0000000088e00000, 0x0000000088e00000| Untracked 
| 143|0x0000000088f00000, 0x0000000088f00000, 0x0000000089000000|  0%| F|  |TAMS 0x0000000088f00000, 0x0000000088f00000| Untracked 
| 144|0x0000000089000000, 0x0000000089000000, 0x0000000089100000|  0%| F|  |TAMS 0x0000000089000000, 0x0000000089000000| Untracked 
| 145|0x0000000089100000, 0x0000000089100000, 0x0000000089200000|  0%| F|  |TAMS 0x0000000089100000, 0x0000000089100000| Untracked 
| 146|0x0000000089200000, 0x0000000089200000, 0x0000000089300000|  0%| F|  |TAMS 0x0000000089200000, 0x0000000089200000| Untracked 
| 147|0x0000000089300000, 0x0000000089300000, 0x0000000089400000|  0%| F|  |TAMS 0x0000000089300000, 0x0000000089300000| Untracked 
| 148|0x0000000089400000, 0x0000000089400000, 0x0000000089500000|  0%| F|  |TAMS 0x0000000089400000, 0x0000000089400000| Untracked 
| 149|0x0000000089500000, 0x0000000089500000, 0x0000000089600000|  0%| F|  |TAMS 0x0000000089500000, 0x0000000089500000| Untracked 
| 150|0x0000000089600000, 0x0000000089600000, 0x0000000089700000|  0%| F|  |TAMS 0x0000000089600000, 0x0000000089600000| Untracked 
| 151|0x0000000089700000, 0x0000000089700000, 0x0000000089800000|  0%| F|  |TAMS 0x0000000089700000, 0x0000000089700000| Untracked 
| 152|0x0000000089800000, 0x0000000089800000, 0x0000000089900000|  0%| F|  |TAMS 0x0000000089800000, 0x0000000089800000| Untracked 
| 153|0x0000000089900000, 0x0000000089900000, 0x0000000089a00000|  0%| F|  |TAMS 0x0000000089900000, 0x0000000089900000| Untracked 
| 154|0x0000000089a00000, 0x0000000089a00000, 0x0000000089b00000|  0%| F|  |TAMS 0x0000000089a00000, 0x0000000089a00000| Untracked 
| 155|0x0000000089b00000, 0x0000000089b00000, 0x0000000089c00000|  0%| F|  |TAMS 0x0000000089b00000, 0x0000000089b00000| Untracked 
| 156|0x0000000089c00000, 0x0000000089c00000, 0x0000000089d00000|  0%| F|  |TAMS 0x0000000089c00000, 0x0000000089c00000| Untracked 
| 157|0x0000000089d00000, 0x0000000089d00000, 0x0000000089e00000|  0%| F|  |TAMS 0x0000000089d00000, 0x0000000089d00000| Untracked 
| 158|0x0000000089e00000, 0x0000000089e00000, 0x0000000089f00000|  0%| F|  |TAMS 0x0000000089e00000, 0x0000000089e00000| Untracked 
| 159|0x0000000089f00000, 0x0000000089f00000, 0x000000008a000000|  0%| F|  |TAMS 0x0000000089f00000, 0x0000000089f00000| Untracked 
| 160|0x000000008a000000, 0x000000008a000000, 0x000000008a100000|  0%| F|  |TAMS 0x000000008a000000, 0x000000008a000000| Untracked 
| 161|0x000000008a100000, 0x000000008a100000, 0x000000008a200000|  0%| F|  |TAMS 0x000000008a100000, 0x000000008a100000| Untracked 
| 162|0x000000008a200000, 0x000000008a200000, 0x000000008a300000|  0%| F|  |TAMS 0x000000008a200000, 0x000000008a200000| Untracked 
| 163|0x000000008a300000, 0x000000008a300000, 0x000000008a400000|  0%| F|  |TAMS 0x000000008a300000, 0x000000008a300000| Untracked 
| 164|0x000000008a400000, 0x000000008a400000, 0x000000008a500000|  0%| F|  |TAMS 0x000000008a400000, 0x000000008a400000| Untracked 
| 165|0x000000008a500000, 0x000000008a500000, 0x000000008a600000|  0%| F|  |TAMS 0x000000008a500000, 0x000000008a500000| Untracked 
| 166|0x000000008a600000, 0x000000008a600000, 0x000000008a700000|  0%| F|  |TAMS 0x000000008a600000, 0x000000008a600000| Untracked 
| 167|0x000000008a700000, 0x000000008a700000, 0x000000008a800000|  0%| F|  |TAMS 0x000000008a700000, 0x000000008a700000| Untracked 
| 168|0x000000008a800000, 0x000000008a800000, 0x000000008a900000|  0%| F|  |TAMS 0x000000008a800000, 0x000000008a800000| Untracked 
| 169|0x000000008a900000, 0x000000008a900000, 0x000000008aa00000|  0%| F|  |TAMS 0x000000008a900000, 0x000000008a900000| Untracked 
| 170|0x000000008aa00000, 0x000000008aa00000, 0x000000008ab00000|  0%| F|  |TAMS 0x000000008aa00000, 0x000000008aa00000| Untracked 
| 171|0x000000008ab00000, 0x000000008ab00000, 0x000000008ac00000|  0%| F|  |TAMS 0x000000008ab00000, 0x000000008ab00000| Untracked 
| 172|0x000000008ac00000, 0x000000008ac00000, 0x000000008ad00000|  0%| F|  |TAMS 0x000000008ac00000, 0x000000008ac00000| Untracked 
| 173|0x000000008ad00000, 0x000000008ad00000, 0x000000008ae00000|  0%| F|  |TAMS 0x000000008ad00000, 0x000000008ad00000| Untracked 
| 174|0x000000008ae00000, 0x000000008ae00000, 0x000000008af00000|  0%| F|  |TAMS 0x000000008ae00000, 0x000000008ae00000| Untracked 
| 175|0x000000008af00000, 0x000000008af00000, 0x000000008b000000|  0%| F|  |TAMS 0x000000008af00000, 0x000000008af00000| Untracked 
| 176|0x000000008b000000, 0x000000008b000000, 0x000000008b100000|  0%| F|  |TAMS 0x000000008b000000, 0x000000008b000000| Untracked 
| 177|0x000000008b100000, 0x000000008b100000, 0x000000008b200000|  0%| F|  |TAMS 0x000000008b100000, 0x000000008b100000| Untracked 
| 178|0x000000008b200000, 0x000000008b200000, 0x000000008b300000|  0%| F|  |TAMS 0x000000008b200000, 0x000000008b200000| Untracked 
| 179|0x000000008b300000, 0x000000008b300000, 0x000000008b400000|  0%| F|  |TAMS 0x000000008b300000, 0x000000008b300000| Untracked 
| 180|0x000000008b400000, 0x000000008b400000, 0x000000008b500000|  0%| F|  |TAMS 0x000000008b400000, 0x000000008b400000| Untracked 
| 181|0x000000008b500000, 0x000000008b500000, 0x000000008b600000|  0%| F|  |TAMS 0x000000008b500000, 0x000000008b500000| Untracked 
| 182|0x000000008b600000, 0x000000008b600000, 0x000000008b700000|  0%| F|  |TAMS 0x000000008b600000, 0x000000008b600000| Untracked 
| 183|0x000000008b700000, 0x000000008b700000, 0x000000008b800000|  0%| F|  |TAMS 0x000000008b700000, 0x000000008b700000| Untracked 
| 184|0x000000008b800000, 0x000000008b800000, 0x000000008b900000|  0%| F|  |TAMS 0x000000008b800000, 0x000000008b800000| Untracked 
| 185|0x000000008b900000, 0x000000008b900000, 0x000000008ba00000|  0%| F|  |TAMS 0x000000008b900000, 0x000000008b900000| Untracked 
| 186|0x000000008ba00000, 0x000000008ba00000, 0x000000008bb00000|  0%| F|  |TAMS 0x000000008ba00000, 0x000000008ba00000| Untracked 
| 187|0x000000008bb00000, 0x000000008bb00000, 0x000000008bc00000|  0%| F|  |TAMS 0x000000008bb00000, 0x000000008bb00000| Untracked 
| 188|0x000000008bc00000, 0x000000008bc00000, 0x000000008bd00000|  0%| F|  |TAMS 0x000000008bc00000, 0x000000008bc00000| Untracked 
| 189|0x000000008bd00000, 0x000000008bd00000, 0x000000008be00000|  0%| F|  |TAMS 0x000000008bd00000, 0x000000008bd00000| Untracked 
| 190|0x000000008be00000, 0x000000008be00000, 0x000000008bf00000|  0%| F|  |TAMS 0x000000008be00000, 0x000000008be00000| Untracked 
| 191|0x000000008bf00000, 0x000000008bf00000, 0x000000008c000000|  0%| F|  |TAMS 0x000000008bf00000, 0x000000008bf00000| Untracked 
| 192|0x000000008c000000, 0x000000008c000000, 0x000000008c100000|  0%| F|  |TAMS 0x000000008c000000, 0x000000008c000000| Untracked 
| 193|0x000000008c100000, 0x000000008c100000, 0x000000008c200000|  0%| F|  |TAMS 0x000000008c100000, 0x000000008c100000| Untracked 
| 194|0x000000008c200000, 0x000000008c200000, 0x000000008c300000|  0%| F|  |TAMS 0x000000008c200000, 0x000000008c200000| Untracked 
| 195|0x000000008c300000, 0x000000008c300000, 0x000000008c400000|  0%| F|  |TAMS 0x000000008c300000, 0x000000008c300000| Untracked 
| 196|0x000000008c400000, 0x000000008c400000, 0x000000008c500000|  0%| F|  |TAMS 0x000000008c400000, 0x000000008c400000| Untracked 
| 197|0x000000008c500000, 0x000000008c500000, 0x000000008c600000|  0%| F|  |TAMS 0x000000008c500000, 0x000000008c500000| Untracked 
| 198|0x000000008c600000, 0x000000008c600000, 0x000000008c700000|  0%| F|  |TAMS 0x000000008c600000, 0x000000008c600000| Untracked 
| 199|0x000000008c700000, 0x000000008c700000, 0x000000008c800000|  0%| F|  |TAMS 0x000000008c700000, 0x000000008c700000| Untracked 
| 200|0x000000008c800000, 0x000000008c800000, 0x000000008c900000|  0%| F|  |TAMS 0x000000008c800000, 0x000000008c800000| Untracked 
| 201|0x000000008c900000, 0x000000008c900000, 0x000000008ca00000|  0%| F|  |TAMS 0x000000008c900000, 0x000000008c900000| Untracked 
| 202|0x000000008ca00000, 0x000000008ca00000, 0x000000008cb00000|  0%| F|  |TAMS 0x000000008ca00000, 0x000000008ca00000| Untracked 
| 203|0x000000008cb00000, 0x000000008cb00000, 0x000000008cc00000|  0%| F|  |TAMS 0x000000008cb00000, 0x000000008cb00000| Untracked 
| 204|0x000000008cc00000, 0x000000008cc00000, 0x000000008cd00000|  0%| F|  |TAMS 0x000000008cc00000, 0x000000008cc00000| Untracked 
| 205|0x000000008cd00000, 0x000000008cd00000, 0x000000008ce00000|  0%| F|  |TAMS 0x000000008cd00000, 0x000000008cd00000| Untracked 
| 206|0x000000008ce00000, 0x000000008ce00000, 0x000000008cf00000|  0%| F|  |TAMS 0x000000008ce00000, 0x000000008ce00000| Untracked 
| 207|0x000000008cf00000, 0x000000008cf00000, 0x000000008d000000|  0%| F|  |TAMS 0x000000008cf00000, 0x000000008cf00000| Untracked 
| 208|0x000000008d000000, 0x000000008d000000, 0x000000008d100000|  0%| F|  |TAMS 0x000000008d000000, 0x000000008d000000| Untracked 
| 209|0x000000008d100000, 0x000000008d100000, 0x000000008d200000|  0%| F|  |TAMS 0x000000008d100000, 0x000000008d100000| Untracked 
| 210|0x000000008d200000, 0x000000008d200000, 0x000000008d300000|  0%| F|  |TAMS 0x000000008d200000, 0x000000008d200000| Untracked 
| 211|0x000000008d300000, 0x000000008d300000, 0x000000008d400000|  0%| F|  |TAMS 0x000000008d300000, 0x000000008d300000| Untracked 
| 212|0x000000008d400000, 0x000000008d400000, 0x000000008d500000|  0%| F|  |TAMS 0x000000008d400000, 0x000000008d400000| Untracked 
| 213|0x000000008d500000, 0x000000008d500000, 0x000000008d600000|  0%| F|  |TAMS 0x000000008d500000, 0x000000008d500000| Untracked 
| 214|0x000000008d600000, 0x000000008d600000, 0x000000008d700000|  0%| F|  |TAMS 0x000000008d600000, 0x000000008d600000| Untracked 
| 215|0x000000008d700000, 0x000000008d700000, 0x000000008d800000|  0%| F|  |TAMS 0x000000008d700000, 0x000000008d700000| Untracked 
| 216|0x000000008d800000, 0x000000008d800000, 0x000000008d900000|  0%| F|  |TAMS 0x000000008d800000, 0x000000008d800000| Untracked 
| 217|0x000000008d900000, 0x000000008d900000, 0x000000008da00000|  0%| F|  |TAMS 0x000000008d900000, 0x000000008d900000| Untracked 
| 218|0x000000008da00000, 0x000000008da00000, 0x000000008db00000|  0%| F|  |TAMS 0x000000008da00000, 0x000000008da00000| Untracked 
| 219|0x000000008db00000, 0x000000008db00000, 0x000000008dc00000|  0%| F|  |TAMS 0x000000008db00000, 0x000000008db00000| Untracked 
| 220|0x000000008dc00000, 0x000000008dc00000, 0x000000008dd00000|  0%| F|  |TAMS 0x000000008dc00000, 0x000000008dc00000| Untracked 
| 221|0x000000008dd00000, 0x000000008dd00000, 0x000000008de00000|  0%| F|  |TAMS 0x000000008dd00000, 0x000000008dd00000| Untracked 
| 222|0x000000008de00000, 0x000000008de00000, 0x000000008df00000|  0%| F|  |TAMS 0x000000008de00000, 0x000000008de00000| Untracked 
| 223|0x000000008df00000, 0x000000008df00000, 0x000000008e000000|  0%| F|  |TAMS 0x000000008df00000, 0x000000008df00000| Untracked 
| 224|0x000000008e000000, 0x000000008e000000, 0x000000008e100000|  0%| F|  |TAMS 0x000000008e000000, 0x000000008e000000| Untracked 
| 225|0x000000008e100000, 0x000000008e100000, 0x000000008e200000|  0%| F|  |TAMS 0x000000008e100000, 0x000000008e100000| Untracked 
| 226|0x000000008e200000, 0x000000008e200000, 0x000000008e300000|  0%| F|  |TAMS 0x000000008e200000, 0x000000008e200000| Untracked 
| 227|0x000000008e300000, 0x000000008e300000, 0x000000008e400000|  0%| F|  |TAMS 0x000000008e300000, 0x000000008e300000| Untracked 
| 228|0x000000008e400000, 0x000000008e400000, 0x000000008e500000|  0%| F|  |TAMS 0x000000008e400000, 0x000000008e400000| Untracked 
| 229|0x000000008e500000, 0x000000008e500000, 0x000000008e600000|  0%| F|  |TAMS 0x000000008e500000, 0x000000008e500000| Untracked 
| 230|0x000000008e600000, 0x000000008e600000, 0x000000008e700000|  0%| F|  |TAMS 0x000000008e600000, 0x000000008e600000| Untracked 
| 231|0x000000008e700000, 0x000000008e700000, 0x000000008e800000|  0%| F|  |TAMS 0x000000008e700000, 0x000000008e700000| Untracked 
| 232|0x000000008e800000, 0x000000008e83c3d0, 0x000000008e900000| 23%| E|  |TAMS 0x000000008e800000, 0x000000008e800000| Complete 
| 233|0x000000008e900000, 0x000000008ea00000, 0x000000008ea00000|100%| E|CS|TAMS 0x000000008e900000, 0x000000008e900000| Complete 
| 234|0x000000008ea00000, 0x000000008eb00000, 0x000000008eb00000|100%| E|CS|TAMS 0x000000008ea00000, 0x000000008ea00000| Complete 
| 235|0x000000008eb00000, 0x000000008ec00000, 0x000000008ec00000|100%| E|CS|TAMS 0x000000008eb00000, 0x000000008eb00000| Complete 
| 236|0x000000008ec00000, 0x000000008ed00000, 0x000000008ed00000|100%| E|CS|TAMS 0x000000008ec00000, 0x000000008ec00000| Complete 
| 237|0x000000008ed00000, 0x000000008ee00000, 0x000000008ee00000|100%| E|CS|TAMS 0x000000008ed00000, 0x000000008ed00000| Complete 
| 238|0x000000008ee00000, 0x000000008ef00000, 0x000000008ef00000|100%| E|CS|TAMS 0x000000008ee00000, 0x000000008ee00000| Complete 
| 239|0x000000008ef00000, 0x000000008f000000, 0x000000008f000000|100%| E|CS|TAMS 0x000000008ef00000, 0x000000008ef00000| Complete 
| 240|0x000000008f000000, 0x000000008f100000, 0x000000008f100000|100%| E|CS|TAMS 0x000000008f000000, 0x000000008f000000| Complete 
| 241|0x000000008f100000, 0x000000008f200000, 0x000000008f200000|100%| E|CS|TAMS 0x000000008f100000, 0x000000008f100000| Complete 
| 242|0x000000008f200000, 0x000000008f300000, 0x000000008f300000|100%| E|CS|TAMS 0x000000008f200000, 0x000000008f200000| Complete 
| 243|0x000000008f300000, 0x000000008f400000, 0x000000008f400000|100%| E|CS|TAMS 0x000000008f300000, 0x000000008f300000| Complete 
| 244|0x000000008f400000, 0x000000008f500000, 0x000000008f500000|100%| E|CS|TAMS 0x000000008f400000, 0x000000008f400000| Complete 
| 245|0x000000008f500000, 0x000000008f600000, 0x000000008f600000|100%| E|CS|TAMS 0x000000008f500000, 0x000000008f500000| Complete 
| 246|0x000000008f600000, 0x000000008f700000, 0x000000008f700000|100%| E|CS|TAMS 0x000000008f600000, 0x000000008f600000| Complete 
| 247|0x000000008f700000, 0x000000008f800000, 0x000000008f800000|100%| E|CS|TAMS 0x000000008f700000, 0x000000008f700000| Complete 
| 248|0x000000008f800000, 0x000000008f900000, 0x000000008f900000|100%| E|CS|TAMS 0x000000008f800000, 0x000000008f800000| Complete 
| 249|0x000000008f900000, 0x000000008fa00000, 0x000000008fa00000|100%| E|CS|TAMS 0x000000008f900000, 0x000000008f900000| Complete 
| 250|0x000000008fa00000, 0x000000008fb00000, 0x000000008fb00000|100%| E|CS|TAMS 0x000000008fa00000, 0x000000008fa00000| Complete 
| 251|0x000000008fb00000, 0x000000008fc00000, 0x000000008fc00000|100%| E|CS|TAMS 0x000000008fb00000, 0x000000008fb00000| Complete 
| 252|0x000000008fc00000, 0x000000008fd00000, 0x000000008fd00000|100%| E|CS|TAMS 0x000000008fc00000, 0x000000008fc00000| Complete 
| 253|0x000000008fd00000, 0x000000008fe00000, 0x000000008fe00000|100%| E|CS|TAMS 0x000000008fd00000, 0x000000008fd00000| Complete 
| 254|0x000000008fe00000, 0x000000008ff00000, 0x000000008ff00000|100%| E|CS|TAMS 0x000000008fe00000, 0x000000008fe00000| Complete 
| 255|0x000000008ff00000, 0x0000000090000000, 0x0000000090000000|100%| E|CS|TAMS 0x000000008ff00000, 0x000000008ff00000| Complete 
| 256|0x0000000090000000, 0x0000000090100000, 0x0000000090100000|100%| E|CS|TAMS 0x0000000090000000, 0x0000000090000000| Complete 
| 257|0x0000000090100000, 0x0000000090200000, 0x0000000090200000|100%| E|CS|TAMS 0x0000000090100000, 0x0000000090100000| Complete 
| 258|0x0000000090200000, 0x0000000090300000, 0x0000000090300000|100%| E|CS|TAMS 0x0000000090200000, 0x0000000090200000| Complete 
| 259|0x0000000090300000, 0x0000000090400000, 0x0000000090400000|100%| E|CS|TAMS 0x0000000090300000, 0x0000000090300000| Complete 
| 260|0x0000000090400000, 0x0000000090500000, 0x0000000090500000|100%| E|CS|TAMS 0x0000000090400000, 0x0000000090400000| Complete 
| 261|0x0000000090500000, 0x0000000090600000, 0x0000000090600000|100%| E|CS|TAMS 0x0000000090500000, 0x0000000090500000| Complete 
| 262|0x0000000090600000, 0x0000000090700000, 0x0000000090700000|100%| E|CS|TAMS 0x0000000090600000, 0x0000000090600000| Complete 
| 263|0x0000000090700000, 0x0000000090800000, 0x0000000090800000|100%| E|CS|TAMS 0x0000000090700000, 0x0000000090700000| Complete 
| 264|0x0000000090800000, 0x0000000090900000, 0x0000000090900000|100%| E|CS|TAMS 0x0000000090800000, 0x0000000090800000| Complete 
| 265|0x0000000090900000, 0x0000000090a00000, 0x0000000090a00000|100%| E|CS|TAMS 0x0000000090900000, 0x0000000090900000| Complete 
| 266|0x0000000090a00000, 0x0000000090b00000, 0x0000000090b00000|100%| E|CS|TAMS 0x0000000090a00000, 0x0000000090a00000| Complete 
| 267|0x0000000090b00000, 0x0000000090c00000, 0x0000000090c00000|100%| E|CS|TAMS 0x0000000090b00000, 0x0000000090b00000| Complete 
| 268|0x0000000090c00000, 0x0000000090d00000, 0x0000000090d00000|100%| E|  |TAMS 0x0000000090c00000, 0x0000000090c00000| Complete 
| 269|0x0000000090d00000, 0x0000000090e00000, 0x0000000090e00000|100%| E|CS|TAMS 0x0000000090d00000, 0x0000000090d00000| Complete 
| 270|0x0000000090e00000, 0x0000000090f00000, 0x0000000090f00000|100%| E|CS|TAMS 0x0000000090e00000, 0x0000000090e00000| Complete 
| 271|0x0000000090f00000, 0x0000000091000000, 0x0000000091000000|100%| E|CS|TAMS 0x0000000090f00000, 0x0000000090f00000| Complete 
| 272|0x0000000091000000, 0x0000000091100000, 0x0000000091100000|100%| E|CS|TAMS 0x0000000091000000, 0x0000000091000000| Complete 
| 273|0x0000000091100000, 0x0000000091200000, 0x0000000091200000|100%| E|CS|TAMS 0x0000000091100000, 0x0000000091100000| Complete 
| 274|0x0000000091200000, 0x0000000091300000, 0x0000000091300000|100%| E|CS|TAMS 0x0000000091200000, 0x0000000091200000| Complete 
| 275|0x0000000091300000, 0x0000000091400000, 0x0000000091400000|100%| E|CS|TAMS 0x0000000091300000, 0x0000000091300000| Complete 
| 276|0x0000000091400000, 0x0000000091500000, 0x0000000091500000|100%| E|CS|TAMS 0x0000000091400000, 0x0000000091400000| Complete 
| 277|0x0000000091500000, 0x0000000091600000, 0x0000000091600000|100%| E|CS|TAMS 0x0000000091500000, 0x0000000091500000| Complete 
| 278|0x0000000091600000, 0x0000000091700000, 0x0000000091700000|100%| E|CS|TAMS 0x0000000091600000, 0x0000000091600000| Complete 
| 279|0x0000000091700000, 0x0000000091800000, 0x0000000091800000|100%| E|CS|TAMS 0x0000000091700000, 0x0000000091700000| Complete 
| 280|0x0000000091800000, 0x0000000091900000, 0x0000000091900000|100%| E|CS|TAMS 0x0000000091800000, 0x0000000091800000| Complete 
| 281|0x0000000091900000, 0x0000000091a00000, 0x0000000091a00000|100%| E|CS|TAMS 0x0000000091900000, 0x0000000091900000| Complete 
| 282|0x0000000091a00000, 0x0000000091b00000, 0x0000000091b00000|100%| E|CS|TAMS 0x0000000091a00000, 0x0000000091a00000| Complete 
| 283|0x0000000091b00000, 0x0000000091c00000, 0x0000000091c00000|100%| E|CS|TAMS 0x0000000091b00000, 0x0000000091b00000| Complete 
| 284|0x0000000091c00000, 0x0000000091d00000, 0x0000000091d00000|100%| E|CS|TAMS 0x0000000091c00000, 0x0000000091c00000| Complete 
| 285|0x0000000091d00000, 0x0000000091e00000, 0x0000000091e00000|100%| E|CS|TAMS 0x0000000091d00000, 0x0000000091d00000| Complete 
| 286|0x0000000091e00000, 0x0000000091f00000, 0x0000000091f00000|100%| E|CS|TAMS 0x0000000091e00000, 0x0000000091e00000| Complete 
| 287|0x0000000091f00000, 0x0000000092000000, 0x0000000092000000|100%| E|CS|TAMS 0x0000000091f00000, 0x0000000091f00000| Complete 
| 288|0x0000000092000000, 0x0000000092100000, 0x0000000092100000|100%| E|CS|TAMS 0x0000000092000000, 0x0000000092000000| Complete 
| 289|0x0000000092100000, 0x0000000092200000, 0x0000000092200000|100%| E|CS|TAMS 0x0000000092100000, 0x0000000092100000| Complete 
| 290|0x0000000092200000, 0x0000000092300000, 0x0000000092300000|100%| E|CS|TAMS 0x0000000092200000, 0x0000000092200000| Complete 
| 291|0x0000000092300000, 0x0000000092400000, 0x0000000092400000|100%| E|CS|TAMS 0x0000000092300000, 0x0000000092300000| Complete 
| 292|0x0000000092400000, 0x0000000092500000, 0x0000000092500000|100%| E|CS|TAMS 0x0000000092400000, 0x0000000092400000| Complete 
| 293|0x0000000092500000, 0x0000000092600000, 0x0000000092600000|100%| E|CS|TAMS 0x0000000092500000, 0x0000000092500000| Complete 
| 294|0x0000000092600000, 0x0000000092700000, 0x0000000092700000|100%| E|CS|TAMS 0x0000000092600000, 0x0000000092600000| Complete 
| 295|0x0000000092700000, 0x0000000092800000, 0x0000000092800000|100%| E|CS|TAMS 0x0000000092700000, 0x0000000092700000| Complete 
| 296|0x0000000092800000, 0x0000000092900000, 0x0000000092900000|100%| E|CS|TAMS 0x0000000092800000, 0x0000000092800000| Complete 
| 297|0x0000000092900000, 0x0000000092a00000, 0x0000000092a00000|100%| E|CS|TAMS 0x0000000092900000, 0x0000000092900000| Complete 
| 298|0x0000000092a00000, 0x0000000092b00000, 0x0000000092b00000|100%| E|CS|TAMS 0x0000000092a00000, 0x0000000092a00000| Complete 
| 299|0x0000000092b00000, 0x0000000092c00000, 0x0000000092c00000|100%| E|CS|TAMS 0x0000000092b00000, 0x0000000092b00000| Complete 
| 300|0x0000000092c00000, 0x0000000092d00000, 0x0000000092d00000|100%| E|CS|TAMS 0x0000000092c00000, 0x0000000092c00000| Complete 
| 301|0x0000000092d00000, 0x0000000092e00000, 0x0000000092e00000|100%| E|CS|TAMS 0x0000000092d00000, 0x0000000092d00000| Complete 
| 302|0x0000000092e00000, 0x0000000092f00000, 0x0000000092f00000|100%| E|CS|TAMS 0x0000000092e00000, 0x0000000092e00000| Complete 
| 303|0x0000000092f00000, 0x0000000093000000, 0x0000000093000000|100%| E|CS|TAMS 0x0000000092f00000, 0x0000000092f00000| Complete 
| 304|0x0000000093000000, 0x0000000093100000, 0x0000000093100000|100%| E|CS|TAMS 0x0000000093000000, 0x0000000093000000| Complete 

Card table byte_map: [0x0000024268660000,0x0000024268a60000] _byte_map_base: 0x0000024268260000

Marking Bits (Prev, Next): (CMBitMap*) 0x0000024255783888, (CMBitMap*) 0x00000242557838c0
 Prev Bits: [0x0000024268e60000, 0x000002426ae60000)
 Next Bits: [0x000002426ae60000, 0x000002426ce60000)

Polling page: 0x00000242538b0000

Metaspace:

Usage:
  Non-class:     74.45 MB capacity,    73.01 MB ( 98%) used,     1.21 MB (  2%) free+waste,   238.06 KB ( <1%) overhead. 
      Class:     11.66 MB capacity,    10.88 MB ( 93%) used,   681.73 KB (  6%) free+waste,   110.25 KB ( <1%) overhead. 
       Both:     86.11 MB capacity,    83.89 MB ( 97%) used,     1.87 MB (  2%) free+waste,   348.31 KB ( <1%) overhead. 

Virtual space:
  Non-class space:       76.00 MB reserved,      74.58 MB ( 98%) committed 
      Class space:        1.00 GB reserved,      11.75 MB (  1%) committed 
             Both:        1.07 GB reserved,      86.33 MB (  8%) committed 

Chunk freelists:
   Non-Class:  2.00 KB
       Class:  1.00 KB
        Both:  3.00 KB

MaxMetaspaceSize: 17179869184.00 GB
CompressedClassSpaceSize: 1.00 GB
Initial GC threshold: 20.80 MB
Current GC threshold: 122.01 MB
CDS: off

CodeHeap 'non-profiled nmethods': size=120064Kb used=4658Kb max_used=4658Kb free=115406Kb
 bounds [0x0000024260d20000, 0x00000242611b0000, 0x0000024268260000]
CodeHeap 'profiled nmethods': size=120000Kb used=18038Kb max_used=18038Kb free=101961Kb
 bounds [0x00000242597f0000, 0x000002425a990000, 0x0000024260d20000]
CodeHeap 'non-nmethods': size=5696Kb used=2367Kb max_used=2406Kb free=3329Kb
 bounds [0x0000024259260000, 0x00000242594d0000, 0x00000242597f0000]
 total_blobs=9405 nmethods=8515 adapters=803
 compilation: enabled
              stopped_count=0, restarted_count=0
 full_count=0

Compilation events (20 events):
Event: 19.754 Thread 0x000002426fc35800 nmethod 8543 0x00000242611a2310 code [0x00000242611a24c0, 0x00000242611a2578]
Event: 19.760 Thread 0x000002426fc35800 8545       1       com.google.common.collect.ImmutableSortedSet::comparator (5 bytes)
Event: 19.760 Thread 0x000002426fc35800 nmethod 8545 0x00000242611a2610 code [0x00000242611a27c0, 0x00000242611a2878]
Event: 19.763 Thread 0x000002426fc35800 8546       3       com.esotericsoftware.kryo.io.Output::writeBoolean (44 bytes)
Event: 19.764 Thread 0x000002426fc35800 nmethod 8546 0x000002425a96c290 code [0x000002425a96c460, 0x000002425a96c688]
Event: 19.767 Thread 0x0000024272e06800 nmethod 8470 0x00000242611a2910 code [0x00000242611a2c60, 0x00000242611a5158]
Event: 19.767 Thread 0x0000024272e06800 8503       4       java.nio.MappedByteBuffer::position (8 bytes)
Event: 19.768 Thread 0x0000024272e06800 nmethod 8503 0x00000242611a6b10 code [0x00000242611a6ca0, 0x00000242611a6d78]
Event: 19.768 Thread 0x000002426fc35800 8548       3       java.lang.invoke.MethodHandles::constant (87 bytes)
Event: 19.768 Thread 0x0000024272e06800 8474       4       java.security.CodeSource::<init> (52 bytes)
Event: 19.769 Thread 0x000002426fc35800 nmethod 8548 0x000002425a96c790 code [0x000002425a96caa0, 0x000002425a96d978]
Event: 19.771 Thread 0x0000024272e06800 nmethod 8474 0x00000242611a6e90 code [0x00000242611a7040, 0x00000242611a7528]
Event: 19.771 Thread 0x0000024272e06800 8517       4       java.lang.String::indexOf (65 bytes)
Event: 19.772 Thread 0x0000024272e06800 nmethod 8517 0x00000242611a7690 code [0x00000242611a7820, 0x00000242611a7a38]
Event: 19.772 Thread 0x0000024272e06800 8507       4       jdk.internal.reflect.DelegatingConstructorAccessorImpl::newInstance (9 bytes)
Event: 19.773 Thread 0x0000024272e06800 nmethod 8507 0x00000242611a7b10 code [0x00000242611a7ca0, 0x00000242611a7d38]
Event: 19.773 Thread 0x0000024272e06800 8522       4       org.objectweb.asm.MethodWriter::computeMethodInfoSize (571 bytes)
Event: 19.775 Thread 0x000002426fc35800 8549       3       org.gradle.api.internal.tasks.properties.bean.AbstractNestedRuntimeBeanNode::<init> (10 bytes)
Event: 19.776 Thread 0x000002426fc35800 nmethod 8549 0x000002425a96de90 code [0x000002425a96e0a0, 0x000002425a96e7f8]
Event: 19.776 Thread 0x000002426fc35800 8550       3       org.gradle.api.internal.tasks.properties.bean.AbstractNestedRuntimeBeanNode::visitProperties (138 bytes)

GC Heap History (18 events):
Event: 0.545 GC heap before
{Heap before GC invocations=0 (full 0):
 garbage-first heap   total 260096K, used 16384K [0x0000000080000000, 0x0000000100000000)
  region size 1024K, 14 young (14336K), 0 survivors (0K)
 Metaspace       used 6753K, capacity 6989K, committed 7168K, reserved 1056768K
  class space    used 571K, capacity 650K, committed 768K, reserved 1048576K
}
Event: 0.562 GC heap after
{Heap after GC invocations=1 (full 0):
 garbage-first heap   total 260096K, used 3889K [0x0000000080000000, 0x0000000100000000)
  region size 1024K, 2 young (2048K), 2 survivors (2048K)
 Metaspace       used 6753K, capacity 6989K, committed 7168K, reserved 1056768K
  class space    used 571K, capacity 650K, committed 768K, reserved 1048576K
}
Event: 2.040 GC heap before
{Heap before GC invocations=1 (full 0):
 garbage-first heap   total 260096K, used 115505K [0x0000000080000000, 0x0000000100000000)
  region size 1024K, 108 young (110592K), 2 survivors (2048K)
 Metaspace       used 20847K, capacity 21149K, committed 21296K, reserved 1069056K
  class space    used 2511K, capacity 2651K, committed 2688K, reserved 1048576K
}
Event: 2.047 GC heap after
{Heap after GC invocations=2 (full 0):
 garbage-first heap   total 260096K, used 16815K [0x0000000080000000, 0x0000000100000000)
  region size 1024K, 12 young (12288K), 12 survivors (12288K)
 Metaspace       used 20847K, capacity 21149K, committed 21296K, reserved 1069056K
  class space    used 2511K, capacity 2651K, committed 2688K, reserved 1048576K
}
Event: 2.455 GC heap before
{Heap before GC invocations=3 (full 0):
 garbage-first heap   total 260096K, used 65967K [0x0000000080000000, 0x0000000100000000)
  region size 1024K, 60 young (61440K), 12 survivors (12288K)
 Metaspace       used 26016K, capacity 26593K, committed 26800K, reserved 1073152K
  class space    used 3345K, capacity 3581K, committed 3584K, reserved 1048576K
}
Event: 2.464 GC heap after
{Heap after GC invocations=4 (full 0):
 garbage-first heap   total 260096K, used 18813K [0x0000000080000000, 0x0000000100000000)
  region size 1024K, 3 young (3072K), 3 survivors (3072K)
 Metaspace       used 26016K, capacity 26593K, committed 26800K, reserved 1073152K
  class space    used 3345K, capacity 3581K, committed 3584K, reserved 1048576K
}
Event: 3.267 GC heap before
{Heap before GC invocations=4 (full 0):
 garbage-first heap   total 260096K, used 91517K [0x0000000080000000, 0x0000000100000000)
  region size 1024K, 75 young (76800K), 3 survivors (3072K)
 Metaspace       used 34915K, capacity 35729K, committed 35888K, reserved 1081344K
  class space    used 4558K, capacity 4889K, committed 4992K, reserved 1048576K
}
Event: 3.277 GC heap after
{Heap after GC invocations=5 (full 0):
 garbage-first heap   total 260096K, used 22048K [0x0000000080000000, 0x0000000100000000)
  region size 1024K, 6 young (6144K), 6 survivors (6144K)
 Metaspace       used 34915K, capacity 35729K, committed 35888K, reserved 1081344K
  class space    used 4558K, capacity 4889K, committed 4992K, reserved 1048576K
}
Event: 4.243 GC heap before
{Heap before GC invocations=6 (full 0):
 garbage-first heap   total 260096K, used 121376K [0x0000000080000000, 0x0000000100000000)
  region size 1024K, 101 young (103424K), 6 survivors (6144K)
 Metaspace       used 43218K, capacity 44324K, committed 44520K, reserved 1087488K
  class space    used 5541K, capacity 5929K, committed 6016K, reserved 1048576K
}
Event: 4.257 GC heap after
{Heap after GC invocations=7 (full 0):
 garbage-first heap   total 260096K, used 29764K [0x0000000080000000, 0x0000000100000000)
  region size 1024K, 13 young (13312K), 13 survivors (13312K)
 Metaspace       used 43218K, capacity 44324K, committed 44520K, reserved 1087488K
  class space    used 5541K, capacity 5929K, committed 6016K, reserved 1048576K
}
Event: 5.342 GC heap before
{Heap before GC invocations=8 (full 0):
 garbage-first heap   total 260096K, used 147524K [0x0000000080000000, 0x0000000100000000)
  region size 1024K, 123 young (125952K), 13 survivors (13312K)
 Metaspace       used 50824K, capacity 52330K, committed 52456K, reserved 1095680K
  class space    used 6461K, capacity 7006K, committed 7040K, reserved 1048576K
}
Event: 5.363 GC heap after
{Heap after GC invocations=9 (full 0):
 garbage-first heap   total 260096K, used 42844K [0x0000000080000000, 0x0000000100000000)
  region size 1024K, 16 young (16384K), 16 survivors (16384K)
 Metaspace       used 50824K, capacity 52330K, committed 52456K, reserved 1095680K
  class space    used 6461K, capacity 7006K, committed 7040K, reserved 1048576K
}
Event: 6.983 GC heap before
{Heap before GC invocations=9 (full 0):
 garbage-first heap   total 260096K, used 189276K [0x0000000080000000, 0x0000000100000000)
  region size 1024K, 152 young (155648K), 16 survivors (16384K)
 Metaspace       used 66425K, capacity 68097K, committed 68200K, reserved 1107968K
  class space    used 8365K, capacity 8957K, committed 8960K, reserved 1048576K
}
Event: 7.002 GC heap after
{Heap after GC invocations=10 (full 0):
 garbage-first heap   total 260096K, used 54089K [0x0000000080000000, 0x0000000100000000)
  region size 1024K, 19 young (19456K), 19 survivors (19456K)
 Metaspace       used 66425K, capacity 68097K, committed 68200K, reserved 1107968K
  class space    used 8365K, capacity 8957K, committed 8960K, reserved 1048576K
}
Event: 7.786 GC heap before
{Heap before GC invocations=10 (full 0):
 garbage-first heap   total 260096K, used 147273K [0x0000000080000000, 0x0000000100000000)
  region size 1024K, 111 young (113664K), 19 survivors (19456K)
 Metaspace       used 72731K, capacity 74462K, committed 74600K, reserved 1114112K
  class space    used 9369K, capacity 9979K, committed 9984K, reserved 1048576K
}
Event: 7.810 GC heap after
{Heap after GC invocations=11 (full 0):
 garbage-first heap   total 260096K, used 59392K [0x0000000080000000, 0x0000000100000000)
  region size 1024K, 15 young (15360K), 15 survivors (15360K)
 Metaspace       used 72731K, capacity 74462K, committed 74600K, reserved 1114112K
  class space    used 9369K, capacity 9979K, committed 9984K, reserved 1048576K
}
Event: 9.170 GC heap before
{Heap before GC invocations=12 (full 0):
 garbage-first heap   total 260096K, used 185344K [0x0000000080000000, 0x0000000100000000)
  region size 1024K, 138 young (141312K), 15 survivors (15360K)
 Metaspace       used 82095K, capacity 84160K, committed 84432K, reserved 1122304K
  class space    used 10635K, capacity 11313K, committed 11392K, reserved 1048576K
}
Event: 9.197 GC heap after
{Heap after GC invocations=13 (full 0):
 garbage-first heap   total 312320K, used 69968K [0x0000000080000000, 0x0000000100000000)
  region size 1024K, 16 young (16384K), 16 survivors (16384K)
 Metaspace       used 82095K, capacity 84160K, committed 84432K, reserved 1122304K
  class space    used 10635K, capacity 11313K, committed 11392K, reserved 1048576K
}

Deoptimization events (20 events):
Event: 19.610 Thread 0x000002426ff09000 DEOPT PACKING pc=0x0000024260efa77c sp=0x00000072171fce70
Event: 19.610 Thread 0x000002426ff09000 DEOPT UNPACKING pc=0x00000242592aa1a9 sp=0x00000072171fce00 mode 2
Event: 19.610 Thread 0x000002426ff0d800 Uncommon trap: trap_request=0xffffffde fr.pc=0x0000024260e37d28 relative=0x00000000000002e8
Event: 19.610 Thread 0x000002426ff0d800 Uncommon trap: reason=class_check action=maybe_recompile pc=0x0000024260e37d28 method=java.util.Collections$SetFromMap.remove(Ljava/lang/Object;)Z @ 5 c2
Event: 19.610 Thread 0x000002426ff0d800 DEOPT PACKING pc=0x0000024260e37d28 sp=0x00000072172fe620
Event: 19.610 Thread 0x000002426ff0d800 DEOPT UNPACKING pc=0x00000242592aa1a9 sp=0x00000072172fe618 mode 2
Event: 19.614 Thread 0x0000024270fc0000 DEOPT PACKING pc=0x000002425a684bad sp=0x00000072133fdbc0
Event: 19.614 Thread 0x0000024270fc0000 DEOPT UNPACKING pc=0x00000242592aa93f sp=0x00000072133fd090 mode 0
Event: 19.614 Thread 0x0000024270fc0000 DEOPT PACKING pc=0x000002425a6852e1 sp=0x00000072133fdb20
Event: 19.614 Thread 0x0000024270fc0000 DEOPT UNPACKING pc=0x00000242592aa93f sp=0x00000072133fcfe8 mode 0
Event: 19.614 Thread 0x0000024270fc0000 DEOPT PACKING pc=0x000002425a684bad sp=0x00000072133fdf30
Event: 19.614 Thread 0x0000024270fc0000 DEOPT UNPACKING pc=0x00000242592aa93f sp=0x00000072133fd400 mode 0
Event: 19.614 Thread 0x0000024270fc0000 DEOPT PACKING pc=0x000002425a6852e1 sp=0x00000072133fde90
Event: 19.614 Thread 0x0000024270fc0000 DEOPT UNPACKING pc=0x00000242592aa93f sp=0x00000072133fd358 mode 0
Event: 19.765 Thread 0x000002426ff0d800 Uncommon trap: trap_request=0xffffff4d fr.pc=0x0000024260fab098 relative=0x0000000000000718
Event: 19.765 Thread 0x000002426ff0d800 Uncommon trap: reason=unstable_if action=reinterpret pc=0x0000024260fab098 method=org.gradle.internal.snapshot.VfsRelativePath.isPrefix(Ljava/lang/String;ILjava/lang/String;ILorg/gradle/internal/snapshot/CaseSensitivity;)Z @ 89 c2
Event: 19.765 Thread 0x000002426ff0d800 DEOPT PACKING pc=0x0000024260fab098 sp=0x00000072172fa300
Event: 19.765 Thread 0x000002426ff0d800 DEOPT UNPACKING pc=0x00000242592aa1a9 sp=0x00000072172fa280 mode 2
Event: 19.775 Thread 0x000002426ff0d800 DEOPT PACKING pc=0x000002425a5e6025 sp=0x00000072172fa090
Event: 19.775 Thread 0x000002426ff0d800 DEOPT UNPACKING pc=0x00000242592aa93f sp=0x00000072172f95e8 mode 0

Classes redefined (0 events):
No events

Internal exceptions (20 events):
Event: 9.541 Thread 0x0000024270fc0000 Exception <a 'java/lang/NoSuchMethodError'{0x000000008fcba908}: <clinit>> (0x000000008fcba908) thrown at [src/hotspot/share/prims/jni.cpp, line 1367]
Event: 9.542 Thread 0x0000024270fc0000 Exception <a 'java/lang/NoSuchMethodError'{0x000000008fce89f8}: <clinit>> (0x000000008fce89f8) thrown at [src/hotspot/share/prims/jni.cpp, line 1367]
Event: 9.549 Thread 0x000002426ff09000 Exception <a 'java/lang/IncompatibleClassChangeError'{0x000000008fb12240}: Found class java.lang.Object, but interface was expected> (0x000000008fb12240) thrown at [src/hotspot/share/interpreter/linkResolver.cpp, line 839]
Event: 9.566 Thread 0x000002426ff09000 Implicit null exception at 0x000002426110b3f7 to 0x000002426110b584
Event: 14.589 Thread 0x000002426ff09000 Exception <a 'net/rubygrapefruit/platform/NativeException'{0x000000008f96af58}: Execution timed out> (0x000000008f96af58) thrown at [src/hotspot/share/prims/jni.cpp, line 638]
Event: 19.593 Thread 0x000002426ff09000 Exception <a 'net/rubygrapefruit/platform/NativeException'{0x000000008f9889e8}: Execution timed out> (0x000000008f9889e8) thrown at [src/hotspot/share/prims/jni.cpp, line 638]
Event: 19.610 Thread 0x0000024270fc0000 Exception <a 'java/lang/NoSuchMethodError'{0x000000008f7be6e8}: <clinit>> (0x000000008f7be6e8) thrown at [src/hotspot/share/prims/jni.cpp, line 1367]
Event: 19.611 Thread 0x0000024270fc0000 Exception <a 'java/lang/NoSuchMethodError'{0x000000008f7ced20}: <clinit>> (0x000000008f7ced20) thrown at [src/hotspot/share/prims/jni.cpp, line 1367]
Event: 19.611 Thread 0x0000024270fc0000 Exception <a 'java/lang/NoSuchMethodError'{0x000000008f7d01b0}: <clinit>> (0x000000008f7d01b0) thrown at [src/hotspot/share/prims/jni.cpp, line 1367]
Event: 19.613 Thread 0x0000024270fc0000 Exception <a 'java/lang/NoSuchMethodError'{0x000000008f60cec8}: <clinit>> (0x000000008f60cec8) thrown at [src/hotspot/share/prims/jni.cpp, line 1367]
Event: 19.614 Thread 0x0000024270fc0000 Exception <a 'java/lang/NoSuchMethodError'{0x000000008f658000}: <clinit>> (0x000000008f658000) thrown at [src/hotspot/share/prims/jni.cpp, line 1367]
Event: 19.615 Thread 0x0000024270fc0000 Exception <a 'java/lang/NoSuchMethodError'{0x000000008f69f680}: <clinit>> (0x000000008f69f680) thrown at [src/hotspot/share/prims/jni.cpp, line 1367]
Event: 19.629 Thread 0x000002426ff0f000 Exception <a 'java/lang/NoSuchMethodError'{0x000000008f4218b0}: <clinit>> (0x000000008f4218b0) thrown at [src/hotspot/share/prims/jni.cpp, line 1367]
Event: 19.632 Thread 0x000002426ff0f000 Exception <a 'java/lang/NoSuchMethodError'{0x000000008f436380}: <clinit>> (0x000000008f436380) thrown at [src/hotspot/share/prims/jni.cpp, line 1367]
Event: 19.635 Thread 0x0000024270fc0000 Exception <a 'java/lang/NoSuchMethodError'{0x000000008f4bb7d0}: <clinit>> (0x000000008f4bb7d0) thrown at [src/hotspot/share/prims/jni.cpp, line 1367]
Event: 19.636 Thread 0x000002426ff0f000 Exception <a 'java/lang/NoSuchMethodError'{0x000000008f4947c0}: <clinit>> (0x000000008f4947c0) thrown at [src/hotspot/share/prims/jni.cpp, line 1367]
Event: 19.651 Thread 0x000002426ff09000 Exception <a 'java/lang/NoSuchMethodError'{0x000000008f26b040}: 'int java.lang.invoke.DirectMethodHandle$Holder.invokeSpecial(java.lang.Object, java.lang.Object, java.lang.Object, java.lang.Object, java.lang.Object)'> (0x000000008f26b040) thrown at [src/hotspot/share/interpreter/linkResolver.cpp, line 773]
Event: 19.675 Thread 0x000002426ff0d800 Exception <a 'java/lang/IncompatibleClassChangeError'{0x000000008f2da610}: Found class java.lang.Object, but interface was expected> (0x000000008f2da610) thrown at [src/hotspot/share/interpreter/linkResolver.cpp, line 839]
Event: 19.705 Thread 0x000002426ff0d800 Exception <a 'java/lang/NoSuchMethodError'{0x000000008f0e4eb8}: 'int java.lang.invoke.DirectMethodHandle$Holder.invokeStaticInit(java.lang.Object, java.lang.Object, java.lang.Object, java.lang.Object, java.lang.Object)'> (0x000000008f0e4eb8) thrown at [src/hotspot/share/interpreter/linkResolver.cpp, line 773]
Event: 19.767 Thread 0x000002426ff0d800 Exception <a 'java/lang/NoSuchMethodError'{0x000000008ecf6a38}: 'void java.lang.invoke.DirectMethodHandle$Holder.invokeVirtual(java.lang.Object, java.lang.Object)'> (0x000000008ecf6a38) thrown at [src/hotspot/share/interpreter/linkResolver.cpp, line 773]

Events (20 events):
Event: 19.773 loading class org/gradle/api/internal/tasks/execution/ExecuteTaskActionBuildOperationType$Result
Event: 19.773 loading class org/gradle/api/internal/tasks/execution/ExecuteTaskActionBuildOperationType$Result done
Event: 19.773 loading class org/gradle/api/internal/tasks/execution/ExecuteTaskActionBuildOperationType$1
Event: 19.773 loading class org/gradle/api/internal/tasks/execution/ExecuteTaskActionBuildOperationType$1 done
Event: 19.773 loading class org/gradle/api/internal/tasks/execution/ExecuteTaskActionBuildOperationType$2
Event: 19.773 loading class org/gradle/api/internal/tasks/execution/ExecuteTaskActionBuildOperationType$2 done
Event: 19.774 loading class com/android/build/gradle/internal/tasks/NonIncrementalTask$taskAction$$inlined$recordTaskAction$1
Event: 19.774 loading class com/android/build/gradle/internal/tasks/NonIncrementalTask$taskAction$$inlined$recordTaskAction$1 done
Event: 19.774 loading class com/android/build/gradle/internal/tasks/Blocks$ThrowingBlock
Event: 19.774 loading class com/android/build/gradle/internal/tasks/Blocks$ThrowingBlock done
Event: 19.774 loading class com/android/build/gradle/internal/tasks/Blocks
Event: 19.774 loading class com/android/build/gradle/internal/tasks/Blocks done
Event: 19.774 loading class com/android/build/gradle/internal/tasks/NonIncrementalTaskKt
Event: 19.774 loading class com/android/build/gradle/internal/tasks/NonIncrementalTaskKt done
Event: 19.775 loading class com/android/utils/PathUtils
Event: 19.775 loading class com/android/utils/PathUtils done
Event: 19.776 Executing VM operation: RevokeBias
Event: 19.776 Executing VM operation: RevokeBias done
Event: 19.776 Executing VM operation: RevokeBias
Event: 19.776 Executing VM operation: RevokeBias done


Dynamic libraries:
0x00007ff74a1c0000 - 0x00007ff74a1ca000 	C:\Program Files\Android\Android Studio\jbr\bin\java.exe
0x00007ffecc570000 - 0x00007ffecc766000 	C:\Windows\SYSTEM32\ntdll.dll
0x00007ffecb340000 - 0x00007ffecb3fd000 	C:\Windows\System32\KERNEL32.DLL
0x00007ffec9cb0000 - 0x00007ffec9f79000 	C:\Windows\System32\KERNELBASE.dll
0x00007ffeca0c0000 - 0x00007ffeca1c0000 	C:\Windows\System32\ucrtbase.dll
0x00007ffeb1ff0000 - 0x00007ffeb200b000 	C:\Program Files\Android\Android Studio\jbr\bin\VCRUNTIME140.dll
0x00007ffeb0950000 - 0x00007ffeb0967000 	C:\Program Files\Android\Android Studio\jbr\bin\jli.dll
0x00007ffecb1a0000 - 0x00007ffecb340000 	C:\Windows\System32\USER32.dll
0x00007ffeca520000 - 0x00007ffeca542000 	C:\Windows\System32\win32u.dll
0x00007ffecbb30000 - 0x00007ffecbb5a000 	C:\Windows\System32\GDI32.dll
0x00007ffec9fb0000 - 0x00007ffeca0bb000 	C:\Windows\System32\gdi32full.dll
0x00007ffebb550000 - 0x00007ffebb7eb000 	C:\Windows\WinSxS\amd64_microsoft.windows.common-controls_6595b64144ccf1df_6.0.19041.746_none_ca02b4b61b8320a4\COMCTL32.dll
0x00007ffeca320000 - 0x00007ffeca3bd000 	C:\Windows\System32\msvcp_win.dll
0x00007ffecbc10000 - 0x00007ffecbcae000 	C:\Windows\System32\msvcrt.dll
0x00007ffecb500000 - 0x00007ffecb530000 	C:\Windows\System32\IMM32.DLL
0x00007ffeaa450000 - 0x00007ffeaa4ab000 	C:\ProgramData\Microsoft\DbgCtr\XShellDLL64_6015.dll
0x00007ffecbb60000 - 0x00007ffecbc0c000 	C:\Windows\System32\ADVAPI32.dll
0x00007ffecb400000 - 0x00007ffecb49c000 	C:\Windows\System32\sechost.dll
0x00007ffeca680000 - 0x00007ffeca7ab000 	C:\Windows\System32\RPCRT4.dll
0x00007ffecaa50000 - 0x00007ffecb192000 	C:\Windows\System32\SHELL32.dll
0x00007ffec4bd0000 - 0x00007ffec4bdc000 	C:\Program Files\Android\Android Studio\jbr\bin\vcruntime140_1.dll
0x00007ffea0000000 - 0x00007ffea008d000 	C:\Program Files\Android\Android Studio\jbr\bin\msvcp140.dll
0x00007ffe68bb0000 - 0x00007ffe6976c000 	C:\Program Files\Android\Android Studio\jbr\bin\server\jvm.dll
0x00007ffecb9d0000 - 0x00007ffecb9d8000 	C:\Windows\System32\PSAPI.DLL
0x00007ffeb8b80000 - 0x00007ffeb8b89000 	C:\Windows\SYSTEM32\WSOCK32.dll
0x00007ffecb6d0000 - 0x00007ffecb73b000 	C:\Windows\System32\WS2_32.dll
0x00007ffea4900000 - 0x00007ffea4927000 	C:\Windows\SYSTEM32\WINMM.dll
0x00007ffebe7a0000 - 0x00007ffebe7aa000 	C:\Windows\SYSTEM32\VERSION.dll
0x00007ffec7c20000 - 0x00007ffec7c32000 	C:\Windows\SYSTEM32\kernel.appcore.dll
0x00007ffebe6e0000 - 0x00007ffebe6f0000 	C:\Program Files\Android\Android Studio\jbr\bin\verify.dll
0x00007ffeb37f0000 - 0x00007ffeb39d4000 	C:\Windows\SYSTEM32\DBGHELP.DLL
0x00007ffeb37c0000 - 0x00007ffeb37ec000 	C:\Windows\SYSTEM32\dbgcore.DLL
0x00007ffeca550000 - 0x00007ffeca5d0000 	C:\Windows\System32\bcryptPrimitives.dll
0x00007ffeb1de0000 - 0x00007ffeb1e08000 	C:\Program Files\Android\Android Studio\jbr\bin\java.dll
0x00007ffebd490000 - 0x00007ffebd49a000 	C:\Program Files\Android\Android Studio\jbr\bin\jimage.dll
0x00007ffeb1d00000 - 0x00007ffeb1d18000 	C:\Program Files\Android\Android Studio\jbr\bin\zip.dll
0x00007ffec7e20000 - 0x00007ffec85b0000 	C:\Windows\SYSTEM32\windows.storage.dll
0x00007ffecbd60000 - 0x00007ffecc0b6000 	C:\Windows\System32\combase.dll
0x00007ffec9710000 - 0x00007ffec973c000 	C:\Windows\SYSTEM32\Wldp.dll
0x00007ffeca5d0000 - 0x00007ffeca67e000 	C:\Windows\System32\SHCORE.dll
0x00007ffecb830000 - 0x00007ffecb885000 	C:\Windows\System32\shlwapi.dll
0x00007ffec9be0000 - 0x00007ffec9c06000 	C:\Windows\SYSTEM32\profapi.dll
0x00007ffeb0840000 - 0x00007ffeb0859000 	C:\Program Files\Android\Android Studio\jbr\bin\net.dll
0x00007ffebd670000 - 0x00007ffebd770000 	C:\Windows\SYSTEM32\WINHTTP.dll
0x00007ffec9420000 - 0x00007ffec948a000 	C:\Windows\system32\mswsock.dll
0x00007ffeb06d0000 - 0x00007ffeb06e3000 	C:\Program Files\Android\Android Studio\jbr\bin\nio.dll
0x00007ffea75d0000 - 0x00007ffea75f7000 	C:\Users\it_04\.gradle\native\e1d6ef7f7dcc3fd88c89a11ec53ec762bb8ba0a96d01ffa2cd45eb1d1d8dd5c5\windows-amd64\native-platform.dll
0x00007ffe99920000 - 0x00007ffe99a64000 	C:\Users\it_04\.gradle\native\0d407fdbe67a94daf76414ababcb853783967236a71b16ec16e742cd7a986fd3\windows-amd64\native-platform-file-events.dll
0x00007ffeb4da0000 - 0x00007ffeb4daa000 	C:\Program Files\Android\Android Studio\jbr\bin\management.dll
0x00007ffeb2050000 - 0x00007ffeb205b000 	C:\Program Files\Android\Android Studio\jbr\bin\management_ext.dll
0x00007ffec95f0000 - 0x00007ffec9608000 	C:\Windows\SYSTEM32\CRYPTSP.dll
0x00007ffec8dc0000 - 0x00007ffec8df4000 	C:\Windows\system32\rsaenh.dll
0x00007ffec9f80000 - 0x00007ffec9fa7000 	C:\Windows\System32\bcrypt.dll
0x00007ffec9b60000 - 0x00007ffec9b8e000 	C:\Windows\SYSTEM32\USERENV.dll
0x00007ffec9610000 - 0x00007ffec961c000 	C:\Windows\SYSTEM32\CRYPTBASE.dll
0x00007ffec9110000 - 0x00007ffec914b000 	C:\Windows\SYSTEM32\IPHLPAPI.DLL
0x00007ffecba40000 - 0x00007ffecba48000 	C:\Windows\System32\NSI.dll
0x00007ffec39e0000 - 0x00007ffec39f7000 	C:\Windows\SYSTEM32\dhcpcsvc6.DLL
0x00007ffec39c0000 - 0x00007ffec39dd000 	C:\Windows\SYSTEM32\dhcpcsvc.DLL
0x00007ffec9150000 - 0x00007ffec921b000 	C:\Windows\SYSTEM32\DNSAPI.dll

dbghelp: loaded successfully - version: 4.0.5 - missing functions: none
symbol engine: initialized successfully - sym options: 0x614 - pdb path: .;C:\Program Files\Android\Android Studio\jbr\bin;C:\Windows\SYSTEM32;C:\Windows\WinSxS\amd64_microsoft.windows.common-controls_6595b64144ccf1df_6.0.19041.746_none_ca02b4b61b8320a4;C:\ProgramData\Microsoft\DbgCtr;C:\Program Files\Android\Android Studio\jbr\bin\server;C:\Users\it_04\.gradle\native\e1d6ef7f7dcc3fd88c89a11ec53ec762bb8ba0a96d01ffa2cd45eb1d1d8dd5c5\windows-amd64;C:\Users\it_04\.gradle\native\0d407fdbe67a94daf76414ababcb853783967236a71b16ec16e742cd7a986fd3\windows-amd64

VM Arguments:
jvm_args: --add-opens=java.base/java.util=ALL-UNNAMED --add-opens=java.base/java.lang=ALL-UNNAMED --add-opens=java.base/java.lang.invoke=ALL-UNNAMED --add-opens=java.base/java.util=ALL-UNNAMED --add-opens=java.prefs/java.util.prefs=ALL-UNNAMED --add-opens=java.prefs/java.util.prefs=ALL-UNNAMED --add-opens=java.base/java.nio.charset=ALL-UNNAMED --add-opens=java.base/java.net=ALL-UNNAMED --add-opens=java.base/java.util.concurrent.atomic=ALL-UNNAMED -Xmx2048m -Dfile.encoding=UTF-8 -Duser.country=US -Duser.language=en -Duser.variant 
java_command: org.gradle.launcher.daemon.bootstrap.GradleDaemon 7.5
java_class_path (initial): C:\Users\it_04\.gradle\wrapper\dists\gradle-7.5-bin\f1w0cc9nuo0eivz97x2xlu9sv\gradle-7.5\lib\gradle-launcher-7.5.jar
Launcher Type: SUN_STANDARD

[Global flags]
     intx CICompilerCount                          = 3                                         {product} {ergonomic}
     uint ConcGCThreads                            = 1                                         {product} {ergonomic}
     uint G1ConcRefinementThreads                  = 4                                         {product} {ergonomic}
   size_t G1HeapRegionSize                         = 1048576                                   {product} {ergonomic}
    uintx GCDrainStackTargetSize                   = 64                                        {product} {ergonomic}
   size_t InitialHeapSize                          = 266338304                                 {product} {ergonomic}
   size_t MarkStackSize                            = 4194304                                   {product} {ergonomic}
   size_t MaxHeapSize                              = 2147483648                                {product} {command line}
   size_t MaxNewSize                               = 1287651328                                {product} {ergonomic}
   size_t MinHeapDeltaBytes                        = 1048576                                   {product} {ergonomic}
    uintx NonNMethodCodeHeapSize                   = 5830732                                {pd product} {ergonomic}
    uintx NonProfiledCodeHeapSize                  = 122913754                              {pd product} {ergonomic}
    uintx ProfiledCodeHeapSize                     = 122913754                              {pd product} {ergonomic}
    uintx ReservedCodeCacheSize                    = 251658240                              {pd product} {ergonomic}
     bool SegmentedCodeCache                       = true                                      {product} {ergonomic}
     bool UseCompressedClassPointers               = true                                 {lp64_product} {ergonomic}
     bool UseCompressedOops                        = true                                 {lp64_product} {ergonomic}
     bool UseG1GC                                  = true                                      {product} {ergonomic}
     bool UseLargePagesIndividualAllocation        = false                                  {pd product} {ergonomic}

Logging:
Log output configuration:
 #0: stdout all=warning uptime,level,tags
 #1: stderr all=off uptime,level,tags

Environment Variables:
PATH=D:\app\it_07\product\11.2.0\client_1\bin;C:\Windows\system32;C:\Windows;C:\Windows\System32\Wbem;C:\Windows\System32\WindowsPowerShell\v1.0\;C:\Windows\System32\OpenSSH\;C:\Program Files\dotnet\;C:\Program Files\Git\cmd;C:\Users\it_04\AppData\Local\Microsoft\WindowsApps;C:\Users\it_04\.dotnet\tools
USERNAME=it_04
OS=Windows_NT
PROCESSOR_IDENTIFIER=Intel64 Family 6 Model 165 Stepping 3, GenuineIntel



---------------  S Y S T E M  ---------------

OS: Windows 10 , 64 bit Build 19041 (10.0.19041.804)
OS uptime: 0 days 1:08 hours

CPU:total 4 (initial active 4) (2 cores per cpu, 2 threads per core) family 6 model 165 stepping 3 microcode 0xe0, cmov, cx8, fxsr, mmx, sse, sse2, sse3, ssse3, sse4.1, sse4.2, popcnt, aes, clmul, erms, 3dnowpref, lzcnt, ht, tsc, tscinvbit

Memory: 4k page, system-wide physical 16242M (7820M free)
TotalPageFile size 18674M (AvailPageFile size 10223M)
current process WorkingSet (physical memory assigned to process): 516M, peak: 524M
current process commit charge ("private bytes"): 582M, peak: 587M

vm_info: OpenJDK 64-Bit Server VM (11.0.15+0-b2043.56-9505619) for windows-amd64 JRE (11.0.15+0-b2043.56-9505619), built on Jan 19 2023 02:48:00 by "builduser" with unknown MS VC++:1929

END.
