#
# A fatal error has been detected by the Java Runtime Environment:
#
#  EXCEPTION_ACCESS_VIOLATION (0xc0000005) at pc=0x00007ff8a1421820, pid=7984, tid=2852
#
# JRE version: OpenJDK Runtime Environment (11.0.15) (build 11.0.15+0-b2043.56-9505619)
# Java VM: OpenJDK 64-Bit Server VM (11.0.15+0-b2043.56-9505619, mixed mode, tiered, compressed oops, g1 gc, windows-amd64)
# Problematic frame:
# C  [native-platform-file-events.dll+0xf1820]
#
# No core dump will be written. Minidumps are not enabled by default on client versions of Windows
#
# If you would like to submit a bug report, please visit:
#   https://bugreport.java.com/bugreport/crash.jsp
# The crash happened outside the Java Virtual Machine in native code.
# See problematic frame for where to report the bug.
#

---------------  S U M M A R Y ------------

Command Line: --add-opens=java.base/java.util=ALL-UNNAMED --add-opens=java.base/java.lang=ALL-UNNAMED --add-opens=java.base/java.lang.invoke=ALL-UNNAMED --add-opens=java.base/java.util=ALL-UNNAMED --add-opens=java.prefs/java.util.prefs=ALL-UNNAMED --add-opens=java.prefs/java.util.prefs=ALL-UNNAMED --add-opens=java.base/java.nio.charset=ALL-UNNAMED --add-opens=java.base/java.net=ALL-UNNAMED --add-opens=java.base/java.util.concurrent.atomic=ALL-UNNAMED -Xmx2048m -Dfile.encoding=UTF-8 -Duser.country=US -Duser.language=en -Duser.variant org.gradle.launcher.daemon.bootstrap.GradleDaemon 7.5

Host: Intel(R) Pentium(R) Gold G6400 CPU @ 4.00GHz, 4 cores, 15G,  Windows 10 , 64 bit Build 19041 (10.0.19041.804)
Time: Mon Apr 24 08:21:05 2023 SE Asia Standard Time elapsed time: 83.433957 seconds (0d 0h 1m 23s)

---------------  T H R E A D  ---------------

Current thread (0x0000029704f30000):  JavaThread "File watcher server" daemon [_thread_in_native, id=2852, stack(0x0000009d20400000,0x0000009d20500000)]

Stack: [0x0000009d20400000,0x0000009d20500000],  sp=0x0000009d204fe7b8,  free space=1017k
Native frames: (J=compiled Java code, j=interpreted, Vv=VM code, C=native code)
C  [native-platform-file-events.dll+0xf1820]

Java frames: (J=compiled Java code, j=interpreted, Vv=VM code)
j  net.rubygrapefruit.platform.internal.jni.AbstractFileEventFunctions$NativeFileWatcher.executeRunLoop0(Ljava/lang/Object;)V+0
j  net.rubygrapefruit.platform.internal.jni.AbstractFileEventFunctions$NativeFileWatcher.access$100(Lnet/rubygrapefruit/platform/internal/jni/AbstractFileEventFunctions$NativeFileWatcher;Ljava/lang/Object;)V+2
j  net.rubygrapefruit.platform.internal.jni.AbstractFileEventFunctions$NativeFileWatcher$1.run()V+26
v  ~StubRoutines::call_stub

siginfo: EXCEPTION_ACCESS_VIOLATION (0xc0000005), reading address 0xffffffffffffffff


Register to memory mapping:

RIP=0x00007ff8a1421820 native-platform-file-events.dll
RAX=0x978b4d5d10c48348 is an unknown value
RBX=0x0 is NULL
RCX=0x0000009d23efa0d8 is pointing into the stack for thread: 0x000002970c2f0000
RDX=0x0 is NULL
RSP=0x0000009d204fe7b8 is pointing into the stack for thread: 0x0000029704f30000
RBP=0x0000009d204ff188 is pointing into the stack for thread: 0x0000029704f30000
RSI=0x0000009d23efa0d0 is pointing into the stack for thread: 0x000002970c2f0000
RDI=0x0000009d23efa090 is pointing into the stack for thread: 0x000002970c2f0000
R8 =0x0000029766477ec0 points into unknown readable memory: 0x0000029766470d20 | 20 0d 47 66 97 02 00 00
R9 =0x0000000000000001 is an unknown value
R10=0x0000000000008000 is an unknown value
R11=0x0000009d204fe470 is pointing into the stack for thread: 0x0000029704f30000
R12=0x0 is NULL
R13={method} {0x0000029708ce58f0} 'executeRunLoop0' '(Ljava/lang/Object;)V' in 'net/rubygrapefruit/platform/internal/jni/AbstractFileEventFunctions$NativeFileWatcher'
R14=0x0 is NULL
R15=0x0000029704f30000 is a thread


Registers:
RAX=0x978b4d5d10c48348, RBX=0x0000000000000000, RCX=0x0000009d23efa0d8, RDX=0x0000000000000000
RSP=0x0000009d204fe7b8, RBP=0x0000009d204ff188, RSI=0x0000009d23efa0d0, RDI=0x0000009d23efa090
R8 =0x0000029766477ec0, R9 =0x0000000000000001, R10=0x0000000000008000, R11=0x0000009d204fe470
R12=0x0000000000000000, R13=0x0000029708ce58e8, R14=0x0000000000000000, R15=0x0000029704f30000
RIP=0x00007ff8a1421820, EFLAGS=0x0000000000010206

Top of Stack: (sp=0x0000009d204fe7b8)
0x0000009d204fe7b8:   00007ff8a13763b9 0000000000000000
0x0000009d204fe7c8:   000002976b91fa7a 0000029702675990
0x0000009d204fe7d8:   00007ff8a1353133 0000029704b17af8
0x0000009d204fe7e8:   000000008f980970 0000d310960f5735
0x0000009d204fe7f8:   00007ff8a135da83 0000009d204ff1b0
0x0000009d204fe808:   0000009d23efa090 00007ff8a134f150
0x0000009d204fe818:   00007ff8a136709b 0000009d23efa0d0
0x0000009d204fe828:   0000000080471e68 0000000000000000
0x0000009d204fe838:   00007ff8a135bfae 0000029704b17af0
0x0000009d204fe848:   00007ff8a13592a6 0000009d23efa0d0
0x0000009d204fe858:   0000000000000000 0000029704b17af0
0x0000009d204fe868:   00007ff8a13357b3 0000000000000000
0x0000009d204fe878:   00007ff8a13664c2 0000009d204fe8c0
0x0000009d204fe888:   0000009d23efa0d0 0000029702304a20
0x0000009d204fe898:   0000000000000000 0000000080433701
0x0000009d204fe8a8:   000002970221fd50 0000000000000000 

Instructions: (pc=0x00007ff8a1421820)
0x00007ff8a1421720:   cc cc cc cc cc cc cc cc cc cc cc cc cc cc cc cc
0x00007ff8a1421730:   cc cc cc cc cc cc cc cc cc cc cc cc cc cc cc cc
0x00007ff8a1421740:   cc cc cc cc cc cc cc cc cc cc cc cc cc cc cc cc
0x00007ff8a1421750:   cc cc cc cc cc cc cc cc cc cc cc cc cc cc cc cc
0x00007ff8a1421760:   cc cc cc cc cc cc cc cc cc cc cc cc cc cc cc cc
0x00007ff8a1421770:   cc cc cc cc cc cc cc cc cc cc cc cc cc cc cc cc
0x00007ff8a1421780:   cc cc cc cc cc cc cc cc cc cc cc cc cc cc cc cc
0x00007ff8a1421790:   cc cc cc cc cc cc cc cc cc cc cc cc cc cc cc cc
0x00007ff8a14217a0:   cc cc cc cc cc cc cc cc cc cc cc cc cc cc cc cc
0x00007ff8a14217b0:   cc cc cc cc cc cc cc cc cc cc cc cc cc cc cc cc
0x00007ff8a14217c0:   cc cc cc cc cc cc cc cc cc cc cc cc cc cc cc cc
0x00007ff8a14217d0:   cc cc cc cc cc cc cc cc cc cc cc cc cc cc cc cc
0x00007ff8a14217e0:   cc cc cc cc cc cc cc cc cc cc cc cc cc cc cc cc
0x00007ff8a14217f0:   cc cc cc cc cc cc cc cc cc cc cc cc cc cc cc cc
0x00007ff8a1421800:   cc cc cc cc cc cc cc cc cc cc cc cc cc cc cc cc
0x00007ff8a1421810:   cc cc cc cc cc cc 66 66 0f 1f 84 00 00 00 00 00
0x00007ff8a1421820:   ff e0 cc cc cc cc cc cc cc cc cc cc cc cc cc cc
0x00007ff8a1421830:   cc cc cc cc cc cc 66 66 0f 1f 84 00 00 00 00 00
0x00007ff8a1421840:   ff 25 da e7 04 00 cc cc cc cc cc cc cc cc cc cc
0x00007ff8a1421850:   cc cc cc cc cc cc cc cc cc cc cc cc cc cc cc cc
0x00007ff8a1421860:   cc cc cc cc cc cc cc cc cc cc cc cc cc cc cc cc
0x00007ff8a1421870:   cc cc cc cc cc cc cc cc cc cc cc cc cc cc cc cc
0x00007ff8a1421880:   cc cc cc cc cc cc cc cc cc cc cc cc cc cc cc cc
0x00007ff8a1421890:   cc cc cc cc cc cc cc cc cc cc cc cc cc cc cc cc
0x00007ff8a14218a0:   cc cc cc cc cc cc cc cc cc cc cc cc cc cc cc cc
0x00007ff8a14218b0:   cc cc cc cc cc cc cc cc cc cc cc cc cc cc cc cc
0x00007ff8a14218c0:   cc cc cc cc cc cc cc cc cc cc cc cc cc cc cc cc
0x00007ff8a14218d0:   cc cc cc cc cc cc cc cc cc cc cc cc cc cc cc cc
0x00007ff8a14218e0:   cc cc cc cc cc cc cc cc cc cc cc cc cc cc cc cc
0x00007ff8a14218f0:   cc cc cc cc cc cc cc cc cc cc cc cc cc cc cc cc
0x00007ff8a1421900:   cc cc cc cc cc cc cc cc cc cc cc cc cc cc cc cc
0x00007ff8a1421910:   cc cc cc cc cc cc cc cc cc cc cc cc cc cc cc cc 


Stack slot to memory mapping:
stack at sp + 0 slots: 0x00007ff8a13763b9 native-platform-file-events.dll
stack at sp + 1 slots: 0x0 is NULL
stack at sp + 2 slots: 0x000002976b91fa7a is at code_begin+2458 in an Interpreter codelet
method entry point (kind = native)  [0x000002976b91f0e0, 0x000002976b91fb60]  2688 bytes
stack at sp + 3 slots: {method} {0x0000029702675998} 'findEntry' '(Ljava/lang/String;)J' in 'java/lang/ClassLoader$NativeLibrary'
stack at sp + 4 slots: 0x00007ff8a1353133 native-platform-file-events.dll
stack at sp + 5 slots: 0x0000029704b17af8 points into unknown readable memory: 0x0000000000000000 | 00 00 00 00 00 00 00 00
stack at sp + 6 slots: 0x000000008f980970 is an unallocated location in the heap
stack at sp + 7 slots: 0x0000d310960f5735 is an unknown value


---------------  P R O C E S S  ---------------

Threads class SMR info:
_java_thread_list=0x0000029703d9ab70, length=88, elements={
0x0000029766623000, 0x0000029702a39000, 0x0000029702a3a000, 0x0000029702a94800,
0x0000029702a97000, 0x0000029702a9a800, 0x0000029702a9e000, 0x0000029702aa8000,
0x0000029702aac000, 0x0000029702c12000, 0x0000029704b46000, 0x0000029702d12800,
0x0000029704483800, 0x0000029704fe5000, 0x0000029704e18000, 0x0000029704f2f800,
0x0000029704f2b000, 0x0000029704f2d000, 0x0000029704f30000, 0x0000029704f2c000,
0x000002970648f800, 0x0000029706491000, 0x000002970648d000, 0x0000029706493800,
0x0000029706494800, 0x00000297030eb800, 0x00000297030e8800, 0x0000029702d45800,
0x0000029702d48000, 0x00000297030e3800, 0x00000297030de000, 0x00000297030e2000,
0x00000297030e2800, 0x00000297030df800, 0x00000297030e1000, 0x00000297030e4800,
0x00000297030de800, 0x00000297030e5000, 0x00000297030e6000, 0x00000297030e0800,
0x00000297030eb000, 0x00000297030e9800, 0x00000297030ec800, 0x00000297030e7000,
0x00000297030ea000, 0x0000029702d43800, 0x0000029702d49800, 0x0000029702d4a800,
0x0000029702d44800, 0x0000029702d4b000, 0x0000029702d47000, 0x0000029702d46000,
0x0000029702d4f000, 0x0000029702d50000, 0x0000029702d4e800, 0x0000029702d4d800,
0x0000029702d51000, 0x0000029702d4c000, 0x0000029702d51800, 0x0000029702d52800,
0x0000029702d4c800, 0x000002970648f000, 0x0000029706495800, 0x0000029706496000,
0x0000029706490800, 0x000002970649a000, 0x000002970649b000, 0x000002970649c000,
0x0000029706499800, 0x0000029706497000, 0x0000029706498000, 0x0000029706498800,
0x0000029704f31000, 0x0000029704f32000, 0x0000029704f2e800, 0x000002970c2ed800,
0x000002970c2eb000, 0x000002970c2ec800, 0x000002970c2e9800, 0x000002970c2eb800,
0x000002970c2ee000, 0x000002970c2e8800, 0x000002970c2ea000, 0x000002970c2f0000,
0x000002970c2f2800, 0x000002970c2f1800, 0x000002970c2f5800, 0x000002970c2f0800
}

Java Threads: ( => current thread )
  0x0000029766623000 JavaThread "main" [_thread_blocked, id=2880, stack(0x0000009d1de00000,0x0000009d1df00000)]
  0x0000029702a39000 JavaThread "Reference Handler" daemon [_thread_blocked, id=8432, stack(0x0000009d1e800000,0x0000009d1e900000)]
  0x0000029702a3a000 JavaThread "Finalizer" daemon [_thread_blocked, id=2544, stack(0x0000009d1e900000,0x0000009d1ea00000)]
  0x0000029702a94800 JavaThread "Signal Dispatcher" daemon [_thread_blocked, id=9160, stack(0x0000009d1ea00000,0x0000009d1eb00000)]
  0x0000029702a97000 JavaThread "Attach Listener" daemon [_thread_blocked, id=1344, stack(0x0000009d1eb00000,0x0000009d1ec00000)]
  0x0000029702a9a800 JavaThread "Service Thread" daemon [_thread_blocked, id=7372, stack(0x0000009d1ec00000,0x0000009d1ed00000)]
  0x0000029702a9e000 JavaThread "C2 CompilerThread0" daemon [_thread_blocked, id=4692, stack(0x0000009d1ed00000,0x0000009d1ee00000)]
  0x0000029702aa8000 JavaThread "C1 CompilerThread0" daemon [_thread_blocked, id=10120, stack(0x0000009d1ee00000,0x0000009d1ef00000)]
  0x0000029702aac000 JavaThread "Sweeper thread" daemon [_thread_blocked, id=6648, stack(0x0000009d1ef00000,0x0000009d1f000000)]
  0x0000029702c12000 JavaThread "Common-Cleaner" daemon [_thread_blocked, id=2016, stack(0x0000009d1f000000,0x0000009d1f100000)]
  0x0000029704b46000 JavaThread "Daemon health stats" [_thread_blocked, id=7028, stack(0x0000009d1f600000,0x0000009d1f700000)]
  0x0000029702d12800 JavaThread "Incoming local TCP Connector on port 65307" [_thread_in_native, id=3376, stack(0x0000009d1f200000,0x0000009d1f300000)]
  0x0000029704483800 JavaThread "Daemon periodic checks" [_thread_blocked, id=8552, stack(0x0000009d1f700000,0x0000009d1f800000)]
  0x0000029704fe5000 JavaThread "Daemon" [_thread_blocked, id=196, stack(0x0000009d1f800000,0x0000009d1f900000)]
  0x0000029704e18000 JavaThread "Daemon worker" [_thread_blocked, id=9516, stack(0x0000009d1fb00000,0x0000009d1fc00000)]
  0x0000029704f2f800 JavaThread "Cache worker for journal cache (C:\Users\it_04\.gradle\caches\journal-1)" [_thread_blocked, id=9672, stack(0x0000009d20100000,0x0000009d20200000)]
  0x0000029704f2b000 JavaThread "File lock request listener" [_thread_in_native, id=7776, stack(0x0000009d20200000,0x0000009d20300000)]
  0x0000029704f2d000 JavaThread "Cache worker for file hash cache (C:\Users\it_04\.gradle\caches\7.5\fileHashes)" [_thread_blocked, id=1352, stack(0x0000009d20300000,0x0000009d20400000)]
=>0x0000029704f30000 JavaThread "File watcher server" daemon [_thread_in_native, id=2852, stack(0x0000009d20400000,0x0000009d20500000)]
  0x0000029704f2c000 JavaThread "Cache worker for file content cache (C:\Users\it_04\.gradle\caches\7.5\fileContent)" [_thread_blocked, id=8356, stack(0x0000009d20800000,0x0000009d20900000)]
  0x000002970648f800 JavaThread "Cache worker for execution history cache (C:\Users\it_04\.gradle\caches\7.5\executionHistory)" [_thread_blocked, id=1952, stack(0x0000009d20b00000,0x0000009d20c00000)]
  0x0000029706491000 JavaThread "jar transforms" [_thread_blocked, id=8460, stack(0x0000009d20c00000,0x0000009d20d00000)]
  0x000002970648d000 JavaThread "jar transforms Thread 2" [_thread_blocked, id=3492, stack(0x0000009d20d00000,0x0000009d20e00000)]
  0x0000029706493800 JavaThread "jar transforms Thread 3" [_thread_blocked, id=10148, stack(0x0000009d20e00000,0x0000009d20f00000)]
  0x0000029706494800 JavaThread "jar transforms Thread 4" [_thread_blocked, id=2644, stack(0x0000009d20f00000,0x0000009d21000000)]
  0x00000297030eb800 JavaThread "Memory manager" [_thread_blocked, id=6068, stack(0x0000009d23a00000,0x0000009d23b00000)]
  0x00000297030e8800 JavaThread "pool-3-thread-1" [_thread_blocked, id=7204, stack(0x0000009d23c00000,0x0000009d23d00000)]
  0x0000029702d45800 JavaThread "pool-6-thread-1" [_thread_blocked, id=9464, stack(0x0000009d23b00000,0x0000009d23c00000)]
  0x0000029702d48000 JavaThread "included builds" [_thread_blocked, id=9932, stack(0x0000009d20a00000,0x0000009d20b00000)]
  0x00000297030e3800 JavaThread "Handler for socket connection from /127.0.0.1:65307 to /127.0.0.1:65357" [_thread_in_native, id=8496, stack(0x0000009d1df00000,0x0000009d1e000000)]
  0x00000297030de000 JavaThread "Cancel handler" [_thread_blocked, id=1384, stack(0x0000009d1e000000,0x0000009d1e100000)]
  0x00000297030e2000 JavaThread "Asynchronous log dispatcher for DefaultDaemonConnection: socket connection from /127.0.0.1:65307 to /127.0.0.1:65357" [_thread_blocked, id=6248, stack(0x0000009d1e100000,0x0000009d1e200000)]
  0x00000297030e2800 JavaThread "Stdin handler" [_thread_blocked, id=1144, stack(0x0000009d1f900000,0x0000009d1fa00000)]
  0x00000297030df800 JavaThread "Daemon client event forwarder" [_thread_blocked, id=4744, stack(0x0000009d1fa00000,0x0000009d1fb00000)]
  0x00000297030e1000 JavaThread "Cache worker for checksums cache (D:\SourceAndroid\KyThuat\.gradle\7.5\checksums)" [_thread_blocked, id=8032, stack(0x0000009d1fd00000,0x0000009d1fe00000)]
  0x00000297030e4800 JavaThread "Cache worker for cache directory md-rule (C:\Users\it_04\.gradle\caches\7.5\md-rule)" [_thread_blocked, id=3668, stack(0x0000009d1fe00000,0x0000009d1ff00000)]
  0x00000297030de800 JavaThread "Cache worker for file hash cache (D:\SourceAndroid\KyThuat\.gradle\7.5\fileHashes)" [_thread_blocked, id=3380, stack(0x0000009d1ff00000,0x0000009d20000000)]
  0x00000297030e5000 JavaThread "Cache worker for cache directory md-supplier (C:\Users\it_04\.gradle\caches\7.5\md-supplier)" [_thread_blocked, id=6840, stack(0x0000009d20600000,0x0000009d20700000)]
  0x00000297030e6000 JavaThread "Cache worker for dependencies-accessors (D:\SourceAndroid\KyThuat\.gradle\7.5\dependencies-accessors)" [_thread_blocked, id=6364, stack(0x0000009d20700000,0x0000009d20800000)]
  0x00000297030e0800 JavaThread "Cache worker for Build Output Cleanup Cache (D:\SourceAndroid\KyThuat\.gradle\buildOutputCleanup)" [_thread_blocked, id=2264, stack(0x0000009d20900000,0x0000009d20a00000)]
  0x00000297030eb000 JavaThread "Unconstrained build operations" [_thread_blocked, id=7796, stack(0x0000009d21000000,0x0000009d21100000)]
  0x00000297030e9800 JavaThread "Unconstrained build operations Thread 2" [_thread_blocked, id=2820, stack(0x0000009d21100000,0x0000009d21200000)]
  0x00000297030ec800 JavaThread "Unconstrained build operations Thread 3" [_thread_blocked, id=10084, stack(0x0000009d21200000,0x0000009d21300000)]
  0x00000297030e7000 JavaThread "Unconstrained build operations Thread 4" [_thread_blocked, id=1708, stack(0x0000009d21300000,0x0000009d21400000)]
  0x00000297030ea000 JavaThread "Unconstrained build operations Thread 5" [_thread_blocked, id=9828, stack(0x0000009d21400000,0x0000009d21500000)]
  0x0000029702d43800 JavaThread "Unconstrained build operations Thread 6" [_thread_blocked, id=4728, stack(0x0000009d21500000,0x0000009d21600000)]
  0x0000029702d49800 JavaThread "Unconstrained build operations Thread 7" [_thread_blocked, id=1292, stack(0x0000009d21600000,0x0000009d21700000)]
  0x0000029702d4a800 JavaThread "Unconstrained build operations Thread 8" [_thread_blocked, id=2068, stack(0x0000009d21700000,0x0000009d21800000)]
  0x0000029702d44800 JavaThread "Unconstrained build operations Thread 9" [_thread_blocked, id=6124, stack(0x0000009d21800000,0x0000009d21900000)]
  0x0000029702d4b000 JavaThread "Unconstrained build operations Thread 10" [_thread_blocked, id=2440, stack(0x0000009d21900000,0x0000009d21a00000)]
  0x0000029702d47000 JavaThread "Unconstrained build operations Thread 11" [_thread_blocked, id=5924, stack(0x0000009d21a00000,0x0000009d21b00000)]
  0x0000029702d46000 JavaThread "Unconstrained build operations Thread 12" [_thread_blocked, id=1852, stack(0x0000009d21b00000,0x0000009d21c00000)]
  0x0000029702d4f000 JavaThread "Unconstrained build operations Thread 13" [_thread_blocked, id=8236, stack(0x0000009d21c00000,0x0000009d21d00000)]
  0x0000029702d50000 JavaThread "Unconstrained build operations Thread 14" [_thread_blocked, id=920, stack(0x0000009d21d00000,0x0000009d21e00000)]
  0x0000029702d4e800 JavaThread "Unconstrained build operations Thread 15" [_thread_blocked, id=10168, stack(0x0000009d21e00000,0x0000009d21f00000)]
  0x0000029702d4d800 JavaThread "Unconstrained build operations Thread 16" [_thread_blocked, id=3848, stack(0x0000009d21f00000,0x0000009d22000000)]
  0x0000029702d51000 JavaThread "Unconstrained build operations Thread 17" [_thread_blocked, id=5128, stack(0x0000009d22000000,0x0000009d22100000)]
  0x0000029702d4c000 JavaThread "Unconstrained build operations Thread 18" [_thread_blocked, id=9212, stack(0x0000009d22100000,0x0000009d22200000)]
  0x0000029702d51800 JavaThread "Unconstrained build operations Thread 19" [_thread_blocked, id=6772, stack(0x0000009d22200000,0x0000009d22300000)]
  0x0000029702d52800 JavaThread "Unconstrained build operations Thread 20" [_thread_blocked, id=10088, stack(0x0000009d22300000,0x0000009d22400000)]
  0x0000029702d4c800 JavaThread "Unconstrained build operations Thread 21" [_thread_blocked, id=6568, stack(0x0000009d22400000,0x0000009d22500000)]
  0x000002970648f000 JavaThread "Unconstrained build operations Thread 22" [_thread_blocked, id=10052, stack(0x0000009d22500000,0x0000009d22600000)]
  0x0000029706495800 JavaThread "Unconstrained build operations Thread 23" [_thread_blocked, id=7668, stack(0x0000009d22600000,0x0000009d22700000)]
  0x0000029706496000 JavaThread "Unconstrained build operations Thread 24" [_thread_blocked, id=708, stack(0x0000009d22700000,0x0000009d22800000)]
  0x0000029706490800 JavaThread "Unconstrained build operations Thread 25" [_thread_blocked, id=6116, stack(0x0000009d22800000,0x0000009d22900000)]
  0x000002970649a000 JavaThread "Unconstrained build operations Thread 26" [_thread_blocked, id=6392, stack(0x0000009d22900000,0x0000009d22a00000)]
  0x000002970649b000 JavaThread "Unconstrained build operations Thread 27" [_thread_blocked, id=3108, stack(0x0000009d22a00000,0x0000009d22b00000)]
  0x000002970649c000 JavaThread "Unconstrained build operations Thread 28" [_thread_blocked, id=8580, stack(0x0000009d22b00000,0x0000009d22c00000)]
  0x0000029706499800 JavaThread "Unconstrained build operations Thread 29" [_thread_blocked, id=3344, stack(0x0000009d22c00000,0x0000009d22d00000)]
  0x0000029706497000 JavaThread "Unconstrained build operations Thread 30" [_thread_blocked, id=10172, stack(0x0000009d22d00000,0x0000009d22e00000)]
  0x0000029706498000 JavaThread "Unconstrained build operations Thread 31" [_thread_blocked, id=6992, stack(0x0000009d22e00000,0x0000009d22f00000)]
  0x0000029706498800 JavaThread "Unconstrained build operations Thread 32" [_thread_blocked, id=8224, stack(0x0000009d22f00000,0x0000009d23000000)]
  0x0000029704f31000 JavaThread "Unconstrained build operations Thread 33" [_thread_blocked, id=9800, stack(0x0000009d23000000,0x0000009d23100000)]
  0x0000029704f32000 JavaThread "Unconstrained build operations Thread 34" [_thread_blocked, id=4584, stack(0x0000009d23100000,0x0000009d23200000)]
  0x0000029704f2e800 JavaThread "Unconstrained build operations Thread 35" [_thread_blocked, id=4764, stack(0x0000009d23200000,0x0000009d23300000)]
  0x000002970c2ed800 JavaThread "Unconstrained build operations Thread 36" [_thread_blocked, id=5572, stack(0x0000009d23300000,0x0000009d23400000)]
  0x000002970c2eb000 JavaThread "Unconstrained build operations Thread 37" [_thread_blocked, id=6620, stack(0x0000009d23400000,0x0000009d23500000)]
  0x000002970c2ec800 JavaThread "Unconstrained build operations Thread 38" [_thread_blocked, id=1180, stack(0x0000009d23500000,0x0000009d23600000)]
  0x000002970c2e9800 JavaThread "Unconstrained build operations Thread 39" [_thread_blocked, id=9124, stack(0x0000009d23600000,0x0000009d23700000)]
  0x000002970c2eb800 JavaThread "Unconstrained build operations Thread 40" [_thread_blocked, id=5136, stack(0x0000009d23700000,0x0000009d23800000)]
  0x000002970c2ee000 JavaThread "build event listener" [_thread_blocked, id=7556, stack(0x0000009d23800000,0x0000009d23900000)]
  0x000002970c2e8800 JavaThread "pool-9-thread-1" [_thread_blocked, id=3484, stack(0x0000009d23900000,0x0000009d23a00000)]
  0x000002970c2ea000 JavaThread "build event listener" [_thread_blocked, id=7996, stack(0x0000009d23d00000,0x0000009d23e00000)]
  0x000002970c2f0000 JavaThread "included builds" [_thread_blocked, id=2832, stack(0x0000009d23e00000,0x0000009d23f00000)]
  0x000002970c2f2800 JavaThread "Execution worker" [_thread_in_vm, id=3516, stack(0x0000009d23f00000,0x0000009d24000000)]
  0x000002970c2f1800 JavaThread "Execution worker Thread 2" [_thread_blocked, id=3688, stack(0x0000009d24000000,0x0000009d24100000)]
  0x000002970c2f5800 JavaThread "Execution worker Thread 3" [_thread_blocked, id=8456, stack(0x0000009d24100000,0x0000009d24200000)]
  0x000002970c2f0800 JavaThread "Cache worker for execution history cache (D:\SourceAndroid\KyThuat\.gradle\7.5\executionHistory)" [_thread_blocked, id=8248, stack(0x0000009d24200000,0x0000009d24300000)]

Other Threads:
  0x0000029702a36800 VMThread "VM Thread" [stack: 0x0000009d1e700000,0x0000009d1e800000] [id=5664]
  0x0000029702c2d800 WatcherThread [stack: 0x0000009d1f100000,0x0000009d1f200000] [id=4920]
  0x000002976663c800 GCTaskThread "GC Thread#0" [stack: 0x0000009d1e200000,0x0000009d1e300000] [id=9944]
  0x0000029703849800 GCTaskThread "GC Thread#1" [stack: 0x0000009d1f300000,0x0000009d1f400000] [id=3824]
  0x0000029702c47800 GCTaskThread "GC Thread#2" [stack: 0x0000009d1f400000,0x0000009d1f500000] [id=3836]
  0x00000297034c6000 GCTaskThread "GC Thread#3" [stack: 0x0000009d1f500000,0x0000009d1f600000] [id=4488]
  0x000002976666d000 ConcurrentGCThread "G1 Main Marker" [stack: 0x0000009d1e300000,0x0000009d1e400000] [id=5620]
  0x000002976666f800 ConcurrentGCThread "G1 Conc#0" [stack: 0x0000009d1e400000,0x0000009d1e500000] [id=8492]
  0x00000297666ee000 ConcurrentGCThread "G1 Refine#0" [stack: 0x0000009d1e500000,0x0000009d1e600000] [id=9012]
  0x0000029704f37000 ConcurrentGCThread "G1 Refine#1" [stack: 0x0000009d20000000,0x0000009d20100000] [id=9220]
  0x000002970207a800 ConcurrentGCThread "G1 Young RemSet Sampling" [stack: 0x0000009d1e600000,0x0000009d1e700000] [id=7456]

Threads with active compile tasks:

VM state:not at safepoint (normal execution)

VM Mutex/Monitor currently owned by a thread: None

Heap address: 0x0000000080000000, size: 2048 MB, Compressed Oops mode: 32-bit
Narrow klass base: 0x0000000000000000, Narrow klass shift: 3
Compressed class space size: 1073741824 Address: 0x0000000100000000

Heap:
 garbage-first heap   total 312320K, used 224856K [0x0000000080000000, 0x0000000100000000)
  region size 1024K, 39 young (39936K), 10 survivors (10240K)
 Metaspace       used 106977K, capacity 110085K, committed 110312K, reserved 1144832K
  class space    used 13345K, capacity 14366K, committed 14464K, reserved 1048576K
Heap Regions: E=young(eden), S=young(survivor), O=old, HS=humongous(starts), HC=humongous(continues), CS=collection set, F=free, A=archive, TAMS=top-at-mark-start (previous, next)
|   0|0x0000000080000000, 0x0000000080100000, 0x0000000080100000|100%|HS|  |TAMS 0x0000000080100000, 0x0000000080000000| Complete 
|   1|0x0000000080100000, 0x0000000080200000, 0x0000000080200000|100%|HC|  |TAMS 0x0000000080200000, 0x0000000080100000| Complete 
|   2|0x0000000080200000, 0x0000000080300000, 0x0000000080300000|100%|HC|  |TAMS 0x0000000080300000, 0x0000000080200000| Complete 
|   3|0x0000000080300000, 0x0000000080400000, 0x0000000080400000|100%| O|  |TAMS 0x0000000080400000, 0x0000000080300000| Untracked 
|   4|0x0000000080400000, 0x0000000080500000, 0x0000000080500000|100%| O|  |TAMS 0x0000000080500000, 0x0000000080400000| Untracked 
|   5|0x0000000080500000, 0x0000000080600000, 0x0000000080600000|100%| O|  |TAMS 0x0000000080600000, 0x0000000080500000| Untracked 
|   6|0x0000000080600000, 0x0000000080700000, 0x0000000080700000|100%| O|  |TAMS 0x0000000080700000, 0x0000000080600000| Untracked 
|   7|0x0000000080700000, 0x0000000080800000, 0x0000000080800000|100%| O|  |TAMS 0x0000000080800000, 0x0000000080700000| Untracked 
|   8|0x0000000080800000, 0x0000000080900000, 0x0000000080900000|100%| O|  |TAMS 0x0000000080900000, 0x0000000080800000| Untracked 
|   9|0x0000000080900000, 0x0000000080a00000, 0x0000000080a00000|100%| O|  |TAMS 0x0000000080a00000, 0x0000000080900000| Untracked 
|  10|0x0000000080a00000, 0x0000000080b00000, 0x0000000080b00000|100%| O|  |TAMS 0x0000000080b00000, 0x0000000080a00000| Untracked 
|  11|0x0000000080b00000, 0x0000000080c00000, 0x0000000080c00000|100%| O|  |TAMS 0x0000000080c00000, 0x0000000080b00000| Untracked 
|  12|0x0000000080c00000, 0x0000000080d00000, 0x0000000080d00000|100%| O|  |TAMS 0x0000000080d00000, 0x0000000080c00000| Untracked 
|  13|0x0000000080d00000, 0x0000000080e00000, 0x0000000080e00000|100%| O|  |TAMS 0x0000000080e00000, 0x0000000080d00000| Untracked 
|  14|0x0000000080e00000, 0x0000000080f00000, 0x0000000080f00000|100%| O|  |TAMS 0x0000000080f00000, 0x0000000080e00000| Untracked 
|  15|0x0000000080f00000, 0x0000000081000000, 0x0000000081000000|100%| O|  |TAMS 0x0000000081000000, 0x0000000080f00000| Untracked 
|  16|0x0000000081000000, 0x0000000081100000, 0x0000000081100000|100%| O|  |TAMS 0x0000000081100000, 0x0000000081000000| Untracked 
|  17|0x0000000081100000, 0x0000000081200000, 0x0000000081200000|100%|HS|  |TAMS 0x0000000081200000, 0x0000000081100000| Complete 
|  18|0x0000000081200000, 0x0000000081300000, 0x0000000081300000|100%|HS|  |TAMS 0x0000000081300000, 0x0000000081200000| Complete 
|  19|0x0000000081300000, 0x0000000081400000, 0x0000000081400000|100%| O|  |TAMS 0x0000000081400000, 0x0000000081300000| Untracked 
|  20|0x0000000081400000, 0x0000000081500000, 0x0000000081500000|100%|HS|  |TAMS 0x0000000081500000, 0x0000000081400000| Complete 
|  21|0x0000000081500000, 0x0000000081600000, 0x0000000081600000|100%|HC|  |TAMS 0x0000000081600000, 0x0000000081500000| Complete 
|  22|0x0000000081600000, 0x0000000081700000, 0x0000000081700000|100%| O|  |TAMS 0x0000000081700000, 0x0000000081600000| Untracked 
|  23|0x0000000081700000, 0x0000000081800000, 0x0000000081800000|100%| O|  |TAMS 0x0000000081800000, 0x0000000081700000| Untracked 
|  24|0x0000000081800000, 0x0000000081900000, 0x0000000081900000|100%| O|  |TAMS 0x0000000081900000, 0x0000000081800000| Untracked 
|  25|0x0000000081900000, 0x0000000081a00000, 0x0000000081a00000|100%| O|  |TAMS 0x0000000081a00000, 0x0000000081900000| Untracked 
|  26|0x0000000081a00000, 0x0000000081b00000, 0x0000000081b00000|100%| O|  |TAMS 0x0000000081b00000, 0x0000000081a00000| Untracked 
|  27|0x0000000081b00000, 0x0000000081c00000, 0x0000000081c00000|100%| O|  |TAMS 0x0000000081c00000, 0x0000000081b00000| Untracked 
|  28|0x0000000081c00000, 0x0000000081d00000, 0x0000000081d00000|100%| O|  |TAMS 0x0000000081d00000, 0x0000000081c00000| Untracked 
|  29|0x0000000081d00000, 0x0000000081e00000, 0x0000000081e00000|100%| O|  |TAMS 0x0000000081e00000, 0x0000000081d00000| Untracked 
|  30|0x0000000081e00000, 0x0000000081f00000, 0x0000000081f00000|100%| O|  |TAMS 0x0000000081f00000, 0x0000000081e00000| Untracked 
|  31|0x0000000081f00000, 0x0000000082000000, 0x0000000082000000|100%| O|  |TAMS 0x0000000082000000, 0x0000000081f00000| Untracked 
|  32|0x0000000082000000, 0x0000000082100000, 0x0000000082100000|100%| O|  |TAMS 0x0000000082100000, 0x0000000082000000| Untracked 
|  33|0x0000000082100000, 0x0000000082200000, 0x0000000082200000|100%| O|  |TAMS 0x0000000082200000, 0x0000000082100000| Untracked 
|  34|0x0000000082200000, 0x0000000082300000, 0x0000000082300000|100%| O|  |TAMS 0x0000000082300000, 0x0000000082200000| Untracked 
|  35|0x0000000082300000, 0x0000000082400000, 0x0000000082400000|100%| O|  |TAMS 0x0000000082400000, 0x0000000082300000| Untracked 
|  36|0x0000000082400000, 0x0000000082500000, 0x0000000082500000|100%| O|  |TAMS 0x0000000082500000, 0x0000000082400000| Untracked 
|  37|0x0000000082500000, 0x0000000082600000, 0x0000000082600000|100%| O|  |TAMS 0x0000000082600000, 0x0000000082500000| Untracked 
|  38|0x0000000082600000, 0x0000000082700000, 0x0000000082700000|100%| O|  |TAMS 0x0000000082700000, 0x0000000082600000| Untracked 
|  39|0x0000000082700000, 0x0000000082800000, 0x0000000082800000|100%| O|  |TAMS 0x0000000082800000, 0x0000000082700000| Untracked 
|  40|0x0000000082800000, 0x0000000082900000, 0x0000000082900000|100%| O|  |TAMS 0x0000000082900000, 0x0000000082800000| Untracked 
|  41|0x0000000082900000, 0x0000000082a00000, 0x0000000082a00000|100%| O|  |TAMS 0x0000000082a00000, 0x0000000082900000| Untracked 
|  42|0x0000000082a00000, 0x0000000082b00000, 0x0000000082b00000|100%| O|  |TAMS 0x0000000082b00000, 0x0000000082a00000| Untracked 
|  43|0x0000000082b00000, 0x0000000082c00000, 0x0000000082c00000|100%| O|  |TAMS 0x0000000082c00000, 0x0000000082b00000| Untracked 
|  44|0x0000000082c00000, 0x0000000082d00000, 0x0000000082d00000|100%| O|  |TAMS 0x0000000082d00000, 0x0000000082c00000| Untracked 
|  45|0x0000000082d00000, 0x0000000082e00000, 0x0000000082e00000|100%| O|  |TAMS 0x0000000082e00000, 0x0000000082d00000| Untracked 
|  46|0x0000000082e00000, 0x0000000082f00000, 0x0000000082f00000|100%| O|  |TAMS 0x0000000082f00000, 0x0000000082e00000| Untracked 
|  47|0x0000000082f00000, 0x0000000083000000, 0x0000000083000000|100%| O|  |TAMS 0x0000000083000000, 0x0000000082f00000| Untracked 
|  48|0x0000000083000000, 0x0000000083100000, 0x0000000083100000|100%| O|  |TAMS 0x0000000083100000, 0x0000000083000000| Untracked 
|  49|0x0000000083100000, 0x0000000083200000, 0x0000000083200000|100%| O|  |TAMS 0x0000000083200000, 0x0000000083100000| Untracked 
|  50|0x0000000083200000, 0x0000000083300000, 0x0000000083300000|100%| O|  |TAMS 0x0000000083300000, 0x0000000083200000| Untracked 
|  51|0x0000000083300000, 0x0000000083400000, 0x0000000083400000|100%| O|  |TAMS 0x0000000083400000, 0x0000000083300000| Untracked 
|  52|0x0000000083400000, 0x0000000083500000, 0x0000000083500000|100%| O|  |TAMS 0x0000000083500000, 0x0000000083400000| Untracked 
|  53|0x0000000083500000, 0x0000000083600000, 0x0000000083600000|100%|HS|  |TAMS 0x0000000083600000, 0x0000000083500000| Complete 
|  54|0x0000000083600000, 0x0000000083700000, 0x0000000083700000|100%|HC|  |TAMS 0x0000000083700000, 0x0000000083600000| Complete 
|  55|0x0000000083700000, 0x0000000083800000, 0x0000000083800000|100%|HS|  |TAMS 0x0000000083800000, 0x0000000083700000| Complete 
|  56|0x0000000083800000, 0x0000000083900000, 0x0000000083900000|100%|HC|  |TAMS 0x0000000083900000, 0x0000000083800000| Complete 
|  57|0x0000000083900000, 0x0000000083a00000, 0x0000000083a00000|100%|HC|  |TAMS 0x0000000083a00000, 0x0000000083900000| Complete 
|  58|0x0000000083a00000, 0x0000000083b00000, 0x0000000083b00000|100%|HS|  |TAMS 0x0000000083b00000, 0x0000000083a00000| Complete 
|  59|0x0000000083b00000, 0x0000000083c00000, 0x0000000083c00000|100%|HC|  |TAMS 0x0000000083c00000, 0x0000000083b00000| Complete 
|  60|0x0000000083c00000, 0x0000000083d00000, 0x0000000083d00000|100%|HC|  |TAMS 0x0000000083d00000, 0x0000000083c00000| Complete 
|  61|0x0000000083d00000, 0x0000000083e00000, 0x0000000083e00000|100%|HS|  |TAMS 0x0000000083e00000, 0x0000000083d00000| Complete 
|  62|0x0000000083e00000, 0x0000000083f00000, 0x0000000083f00000|100%|HC|  |TAMS 0x0000000083f00000, 0x0000000083e00000| Complete 
|  63|0x0000000083f00000, 0x0000000084000000, 0x0000000084000000|100%|HC|  |TAMS 0x0000000084000000, 0x0000000083f00000| Complete 
|  64|0x0000000084000000, 0x0000000084100000, 0x0000000084100000|100%|HC|  |TAMS 0x0000000084100000, 0x0000000084000000| Complete 
|  65|0x0000000084100000, 0x0000000084200000, 0x0000000084200000|100%|HC|  |TAMS 0x0000000084200000, 0x0000000084100000| Complete 
|  66|0x0000000084200000, 0x0000000084300000, 0x0000000084300000|100%|HS|  |TAMS 0x0000000084300000, 0x0000000084200000| Complete 
|  67|0x0000000084300000, 0x0000000084400000, 0x0000000084400000|100%|HC|  |TAMS 0x0000000084400000, 0x0000000084300000| Complete 
|  68|0x0000000084400000, 0x0000000084500000, 0x0000000084500000|100%|HS|  |TAMS 0x0000000084500000, 0x0000000084400000| Complete 
|  69|0x0000000084500000, 0x0000000084600000, 0x0000000084600000|100%|HC|  |TAMS 0x0000000084600000, 0x0000000084500000| Complete 
|  70|0x0000000084600000, 0x0000000084700000, 0x0000000084700000|100%|HC|  |TAMS 0x0000000084700000, 0x0000000084600000| Complete 
|  71|0x0000000084700000, 0x0000000084800000, 0x0000000084800000|100%|HC|  |TAMS 0x0000000084800000, 0x0000000084700000| Complete 
|  72|0x0000000084800000, 0x0000000084900000, 0x0000000084900000|100%|HC|  |TAMS 0x0000000084900000, 0x0000000084800000| Complete 
|  73|0x0000000084900000, 0x0000000084a00000, 0x0000000084a00000|100%|HC|  |TAMS 0x0000000084a00000, 0x0000000084900000| Complete 
|  74|0x0000000084a00000, 0x0000000084b00000, 0x0000000084b00000|100%|HC|  |TAMS 0x0000000084b00000, 0x0000000084a00000| Complete 
|  75|0x0000000084b00000, 0x0000000084c00000, 0x0000000084c00000|100%|HC|  |TAMS 0x0000000084c00000, 0x0000000084b00000| Complete 
|  76|0x0000000084c00000, 0x0000000084d00000, 0x0000000084d00000|100%|HC|  |TAMS 0x0000000084d00000, 0x0000000084c00000| Complete 
|  77|0x0000000084d00000, 0x0000000084e00000, 0x0000000084e00000|100%|HC|  |TAMS 0x0000000084e00000, 0x0000000084d00000| Complete 
|  78|0x0000000084e00000, 0x0000000084f00000, 0x0000000084f00000|100%|HS|  |TAMS 0x0000000084f00000, 0x0000000084e00000| Complete 
|  79|0x0000000084f00000, 0x0000000085000000, 0x0000000085000000|100%|HC|  |TAMS 0x0000000085000000, 0x0000000084f00000| Complete 
|  80|0x0000000085000000, 0x0000000085100000, 0x0000000085100000|100%|HS|  |TAMS 0x0000000085100000, 0x0000000085000000| Complete 
|  81|0x0000000085100000, 0x0000000085200000, 0x0000000085200000|100%|HC|  |TAMS 0x0000000085200000, 0x0000000085100000| Complete 
|  82|0x0000000085200000, 0x0000000085300000, 0x0000000085300000|100%|HC|  |TAMS 0x0000000085300000, 0x0000000085200000| Complete 
|  83|0x0000000085300000, 0x0000000085400000, 0x0000000085400000|100%|HC|  |TAMS 0x0000000085400000, 0x0000000085300000| Complete 
|  84|0x0000000085400000, 0x0000000085500000, 0x0000000085500000|100%|HC|  |TAMS 0x0000000085500000, 0x0000000085400000| Complete 
|  85|0x0000000085500000, 0x0000000085600000, 0x0000000085600000|100%|HC|  |TAMS 0x0000000085600000, 0x0000000085500000| Complete 
|  86|0x0000000085600000, 0x0000000085700000, 0x0000000085700000|100%|HC|  |TAMS 0x0000000085700000, 0x0000000085600000| Complete 
|  87|0x0000000085700000, 0x0000000085800000, 0x0000000085800000|100%|HC|  |TAMS 0x0000000085800000, 0x0000000085700000| Complete 
|  88|0x0000000085800000, 0x0000000085900000, 0x0000000085900000|100%|HC|  |TAMS 0x0000000085900000, 0x0000000085800000| Complete 
|  89|0x0000000085900000, 0x0000000085a00000, 0x0000000085a00000|100%|HC|  |TAMS 0x0000000085a00000, 0x0000000085900000| Complete 
|  90|0x0000000085a00000, 0x0000000085b00000, 0x0000000085b00000|100%|HS|  |TAMS 0x0000000085b00000, 0x0000000085a00000| Complete 
|  91|0x0000000085b00000, 0x0000000085c00000, 0x0000000085c00000|100%|HC|  |TAMS 0x0000000085c00000, 0x0000000085b00000| Complete 
|  92|0x0000000085c00000, 0x0000000085d00000, 0x0000000085d00000|100%|HS|  |TAMS 0x0000000085d00000, 0x0000000085c00000| Complete 
|  93|0x0000000085d00000, 0x0000000085e00000, 0x0000000085e00000|100%|HC|  |TAMS 0x0000000085e00000, 0x0000000085d00000| Complete 
|  94|0x0000000085e00000, 0x0000000085f00000, 0x0000000085f00000|100%|HC|  |TAMS 0x0000000085f00000, 0x0000000085e00000| Complete 
|  95|0x0000000085f00000, 0x0000000086000000, 0x0000000086000000|100%|HS|  |TAMS 0x0000000086000000, 0x0000000085f00000| Complete 
|  96|0x0000000086000000, 0x0000000086100000, 0x0000000086100000|100%|HC|  |TAMS 0x0000000086100000, 0x0000000086000000| Complete 
|  97|0x0000000086100000, 0x0000000086200000, 0x0000000086200000|100%|HS|  |TAMS 0x0000000086200000, 0x0000000086100000| Complete 
|  98|0x0000000086200000, 0x0000000086300000, 0x0000000086300000|100%|HC|  |TAMS 0x0000000086300000, 0x0000000086200000| Complete 
|  99|0x0000000086300000, 0x0000000086400000, 0x0000000086400000|100%|HC|  |TAMS 0x0000000086400000, 0x0000000086300000| Complete 
| 100|0x0000000086400000, 0x0000000086500000, 0x0000000086500000|100%|HS|  |TAMS 0x0000000086500000, 0x0000000086400000| Complete 
| 101|0x0000000086500000, 0x0000000086600000, 0x0000000086600000|100%|HC|  |TAMS 0x0000000086600000, 0x0000000086500000| Complete 
| 102|0x0000000086600000, 0x0000000086700000, 0x0000000086700000|100%|HC|  |TAMS 0x0000000086700000, 0x0000000086600000| Complete 
| 103|0x0000000086700000, 0x0000000086800000, 0x0000000086800000|100%|HC|  |TAMS 0x0000000086800000, 0x0000000086700000| Complete 
| 104|0x0000000086800000, 0x0000000086900000, 0x0000000086900000|100%|HC|  |TAMS 0x0000000086900000, 0x0000000086800000| Complete 
| 105|0x0000000086900000, 0x0000000086a00000, 0x0000000086a00000|100%| O|  |TAMS 0x0000000086a00000, 0x0000000086900000| Untracked 
| 106|0x0000000086a00000, 0x0000000086b00000, 0x0000000086b00000|100%| O|  |TAMS 0x0000000086b00000, 0x0000000086a00000| Untracked 
| 107|0x0000000086b00000, 0x0000000086c00000, 0x0000000086c00000|100%| O|  |TAMS 0x0000000086c00000, 0x0000000086b00000| Untracked 
| 108|0x0000000086c00000, 0x0000000086d00000, 0x0000000086d00000|100%| O|  |TAMS 0x0000000086d00000, 0x0000000086c00000| Untracked 
| 109|0x0000000086d00000, 0x0000000086e00000, 0x0000000086e00000|100%| O|  |TAMS 0x0000000086e00000, 0x0000000086d00000| Untracked 
| 110|0x0000000086e00000, 0x0000000086f00000, 0x0000000086f00000|100%|HS|  |TAMS 0x0000000086f00000, 0x0000000086e00000| Complete 
| 111|0x0000000086f00000, 0x0000000087000000, 0x0000000087000000|100%|HC|  |TAMS 0x0000000087000000, 0x0000000086f00000| Complete 
| 112|0x0000000087000000, 0x0000000087100000, 0x0000000087100000|100%|HS|  |TAMS 0x0000000087100000, 0x0000000087000000| Complete 
| 113|0x0000000087100000, 0x0000000087200000, 0x0000000087200000|100%|HC|  |TAMS 0x0000000087200000, 0x0000000087100000| Complete 
| 114|0x0000000087200000, 0x0000000087300000, 0x0000000087300000|100%|HC|  |TAMS 0x0000000087300000, 0x0000000087200000| Complete 
| 115|0x0000000087300000, 0x0000000087400000, 0x0000000087400000|100%|HS|  |TAMS 0x0000000087400000, 0x0000000087300000| Complete 
| 116|0x0000000087400000, 0x0000000087500000, 0x0000000087500000|100%|HC|  |TAMS 0x0000000087500000, 0x0000000087400000| Complete 
| 117|0x0000000087500000, 0x0000000087600000, 0x0000000087600000|100%|HC|  |TAMS 0x0000000087600000, 0x0000000087500000| Complete 
| 118|0x0000000087600000, 0x0000000087700000, 0x0000000087700000|100%|HS|  |TAMS 0x0000000087700000, 0x0000000087600000| Complete 
| 119|0x0000000087700000, 0x0000000087800000, 0x0000000087800000|100%|HC|  |TAMS 0x0000000087800000, 0x0000000087700000| Complete 
| 120|0x0000000087800000, 0x0000000087900000, 0x0000000087900000|100%|HC|  |TAMS 0x0000000087900000, 0x0000000087800000| Complete 
| 121|0x0000000087900000, 0x0000000087a00000, 0x0000000087a00000|100%|HC|  |TAMS 0x0000000087a00000, 0x0000000087900000| Complete 
| 122|0x0000000087a00000, 0x0000000087b00000, 0x0000000087b00000|100%|HC|  |TAMS 0x0000000087b00000, 0x0000000087a00000| Complete 
| 123|0x0000000087b00000, 0x0000000087c00000, 0x0000000087c00000|100%|HS|  |TAMS 0x0000000087c00000, 0x0000000087b00000| Complete 
| 124|0x0000000087c00000, 0x0000000087d00000, 0x0000000087d00000|100%|HC|  |TAMS 0x0000000087d00000, 0x0000000087c00000| Complete 
| 125|0x0000000087d00000, 0x0000000087e00000, 0x0000000087e00000|100%|HS|  |TAMS 0x0000000087e00000, 0x0000000087d00000| Complete 
| 126|0x0000000087e00000, 0x0000000087f00000, 0x0000000087f00000|100%|HC|  |TAMS 0x0000000087f00000, 0x0000000087e00000| Complete 
| 127|0x0000000087f00000, 0x0000000088000000, 0x0000000088000000|100%|HC|  |TAMS 0x0000000088000000, 0x0000000087f00000| Complete 
| 128|0x0000000088000000, 0x0000000088100000, 0x0000000088100000|100%|HC|  |TAMS 0x0000000088100000, 0x0000000088000000| Complete 
| 129|0x0000000088100000, 0x0000000088200000, 0x0000000088200000|100%|HC|  |TAMS 0x0000000088200000, 0x0000000088100000| Complete 
| 130|0x0000000088200000, 0x0000000088300000, 0x0000000088300000|100%|HC|  |TAMS 0x0000000088300000, 0x0000000088200000| Complete 
| 131|0x0000000088300000, 0x0000000088400000, 0x0000000088400000|100%|HC|  |TAMS 0x0000000088400000, 0x0000000088300000| Complete 
| 132|0x0000000088400000, 0x0000000088500000, 0x0000000088500000|100%|HC|  |TAMS 0x0000000088500000, 0x0000000088400000| Complete 
| 133|0x0000000088500000, 0x0000000088600000, 0x0000000088600000|100%|HC|  |TAMS 0x0000000088600000, 0x0000000088500000| Complete 
| 134|0x0000000088600000, 0x0000000088700000, 0x0000000088700000|100%|HC|  |TAMS 0x0000000088700000, 0x0000000088600000| Complete 
| 135|0x0000000088700000, 0x0000000088800000, 0x0000000088800000|100%|HS|  |TAMS 0x0000000088800000, 0x0000000088700000| Complete 
| 136|0x0000000088800000, 0x0000000088900000, 0x0000000088900000|100%|HC|  |TAMS 0x0000000088900000, 0x0000000088800000| Complete 
| 137|0x0000000088900000, 0x0000000088a00000, 0x0000000088a00000|100%| O|  |TAMS 0x0000000088a00000, 0x0000000088900000| Untracked 
| 138|0x0000000088a00000, 0x0000000088b00000, 0x0000000088b00000|100%| O|  |TAMS 0x0000000088b00000, 0x0000000088a00000| Untracked 
| 139|0x0000000088b00000, 0x0000000088c00000, 0x0000000088c00000|100%| O|  |TAMS 0x0000000088c00000, 0x0000000088b00000| Untracked 
| 140|0x0000000088c00000, 0x0000000088d00000, 0x0000000088d00000|100%| O|  |TAMS 0x0000000088d00000, 0x0000000088c00000| Untracked 
| 141|0x0000000088d00000, 0x0000000088e00000, 0x0000000088e00000|100%| O|  |TAMS 0x0000000088e00000, 0x0000000088d00000| Untracked 
| 142|0x0000000088e00000, 0x0000000088f00000, 0x0000000088f00000|100%| O|  |TAMS 0x0000000088f00000, 0x0000000088e00000| Untracked 
| 143|0x0000000088f00000, 0x0000000089000000, 0x0000000089000000|100%| O|  |TAMS 0x0000000089000000, 0x0000000088f00000| Untracked 
| 144|0x0000000089000000, 0x0000000089100000, 0x0000000089100000|100%| O|  |TAMS 0x0000000089100000, 0x0000000089000000| Untracked 
| 145|0x0000000089100000, 0x0000000089200000, 0x0000000089200000|100%| O|  |TAMS 0x0000000089200000, 0x0000000089100000| Untracked 
| 146|0x0000000089200000, 0x0000000089300000, 0x0000000089300000|100%| O|  |TAMS 0x0000000089300000, 0x0000000089200000| Untracked 
| 147|0x0000000089300000, 0x0000000089400000, 0x0000000089400000|100%| O|  |TAMS 0x0000000089400000, 0x0000000089300000| Untracked 
| 148|0x0000000089400000, 0x0000000089500000, 0x0000000089500000|100%| O|  |TAMS 0x0000000089500000, 0x0000000089400000| Untracked 
| 149|0x0000000089500000, 0x0000000089600000, 0x0000000089600000|100%| O|  |TAMS 0x0000000089600000, 0x0000000089500000| Untracked 
| 150|0x0000000089600000, 0x0000000089700000, 0x0000000089700000|100%| O|  |TAMS 0x0000000089700000, 0x0000000089600000| Untracked 
| 151|0x0000000089700000, 0x0000000089800000, 0x0000000089800000|100%| O|  |TAMS 0x0000000089800000, 0x0000000089700000| Untracked 
| 152|0x0000000089800000, 0x0000000089900000, 0x0000000089900000|100%| O|  |TAMS 0x0000000089900000, 0x0000000089800000| Untracked 
| 153|0x0000000089900000, 0x0000000089a00000, 0x0000000089a00000|100%| O|  |TAMS 0x0000000089a00000, 0x0000000089900000| Untracked 
| 154|0x0000000089a00000, 0x0000000089b00000, 0x0000000089b00000|100%| O|  |TAMS 0x0000000089b00000, 0x0000000089a00000| Untracked 
| 155|0x0000000089b00000, 0x0000000089c00000, 0x0000000089c00000|100%| O|  |TAMS 0x0000000089c00000, 0x0000000089b00000| Untracked 
| 156|0x0000000089c00000, 0x0000000089d00000, 0x0000000089d00000|100%| O|  |TAMS 0x0000000089d00000, 0x0000000089c00000| Untracked 
| 157|0x0000000089d00000, 0x0000000089e00000, 0x0000000089e00000|100%| O|  |TAMS 0x0000000089e00000, 0x0000000089d00000| Untracked 
| 158|0x0000000089e00000, 0x0000000089f00000, 0x0000000089f00000|100%| O|  |TAMS 0x0000000089f00000, 0x0000000089e00000| Untracked 
| 159|0x0000000089f00000, 0x000000008a000000, 0x000000008a000000|100%| O|  |TAMS 0x000000008a000000, 0x0000000089f00000| Untracked 
| 160|0x000000008a000000, 0x000000008a100000, 0x000000008a100000|100%| O|  |TAMS 0x000000008a100000, 0x000000008a000000| Untracked 
| 161|0x000000008a100000, 0x000000008a200000, 0x000000008a200000|100%| O|  |TAMS 0x000000008a200000, 0x000000008a100000| Untracked 
| 162|0x000000008a200000, 0x000000008a300000, 0x000000008a300000|100%| O|  |TAMS 0x000000008a300000, 0x000000008a200000| Untracked 
| 163|0x000000008a300000, 0x000000008a400000, 0x000000008a400000|100%| O|  |TAMS 0x000000008a400000, 0x000000008a300000| Untracked 
| 164|0x000000008a400000, 0x000000008a500000, 0x000000008a500000|100%| O|  |TAMS 0x000000008a500000, 0x000000008a400000| Untracked 
| 165|0x000000008a500000, 0x000000008a600000, 0x000000008a600000|100%| O|  |TAMS 0x000000008a600000, 0x000000008a500000| Untracked 
| 166|0x000000008a600000, 0x000000008a700000, 0x000000008a700000|100%| O|  |TAMS 0x000000008a700000, 0x000000008a600000| Untracked 
| 167|0x000000008a700000, 0x000000008a800000, 0x000000008a800000|100%| O|  |TAMS 0x000000008a800000, 0x000000008a700000| Untracked 
| 168|0x000000008a800000, 0x000000008a900000, 0x000000008a900000|100%| O|  |TAMS 0x000000008a900000, 0x000000008a800000| Untracked 
| 169|0x000000008a900000, 0x000000008aa00000, 0x000000008aa00000|100%| O|  |TAMS 0x000000008aa00000, 0x000000008a900000| Untracked 
| 170|0x000000008aa00000, 0x000000008ab00000, 0x000000008ab00000|100%| O|  |TAMS 0x000000008ab00000, 0x000000008aa00000| Untracked 
| 171|0x000000008ab00000, 0x000000008ac00000, 0x000000008ac00000|100%| O|  |TAMS 0x000000008ac00000, 0x000000008ab00000| Untracked 
| 172|0x000000008ac00000, 0x000000008ad00000, 0x000000008ad00000|100%| O|  |TAMS 0x000000008ad00000, 0x000000008ac00000| Untracked 
| 173|0x000000008ad00000, 0x000000008ae00000, 0x000000008ae00000|100%| O|  |TAMS 0x000000008ae00000, 0x000000008ad00000| Untracked 
| 174|0x000000008ae00000, 0x000000008af00000, 0x000000008af00000|100%| O|  |TAMS 0x000000008af00000, 0x000000008ae00000| Untracked 
| 175|0x000000008af00000, 0x000000008b000000, 0x000000008b000000|100%| O|  |TAMS 0x000000008b000000, 0x000000008af00000| Untracked 
| 176|0x000000008b000000, 0x000000008b100000, 0x000000008b100000|100%| O|  |TAMS 0x000000008b100000, 0x000000008b000000| Untracked 
| 177|0x000000008b100000, 0x000000008b200000, 0x000000008b200000|100%| O|  |TAMS 0x000000008b200000, 0x000000008b100000| Untracked 
| 178|0x000000008b200000, 0x000000008b300000, 0x000000008b300000|100%| O|  |TAMS 0x000000008b300000, 0x000000008b200000| Untracked 
| 179|0x000000008b300000, 0x000000008b400000, 0x000000008b400000|100%| O|  |TAMS 0x000000008b400000, 0x000000008b300000| Untracked 
| 180|0x000000008b400000, 0x000000008b500000, 0x000000008b500000|100%| O|  |TAMS 0x000000008b500000, 0x000000008b400000| Untracked 
| 181|0x000000008b500000, 0x000000008b600000, 0x000000008b600000|100%| O|  |TAMS 0x000000008b564a00, 0x000000008b500000| Untracked 
| 182|0x000000008b600000, 0x000000008b696200, 0x000000008b700000| 58%| O|  |TAMS 0x000000008b600000, 0x000000008b600000| Untracked 
| 183|0x000000008b700000, 0x000000008b700000, 0x000000008b800000|  0%| F|  |TAMS 0x000000008b700000, 0x000000008b700000| Untracked 
| 184|0x000000008b800000, 0x000000008b800000, 0x000000008b900000|  0%| F|  |TAMS 0x000000008b800000, 0x000000008b800000| Untracked 
| 185|0x000000008b900000, 0x000000008b900000, 0x000000008ba00000|  0%| F|  |TAMS 0x000000008b900000, 0x000000008b900000| Untracked 
| 186|0x000000008ba00000, 0x000000008ba00000, 0x000000008bb00000|  0%| F|  |TAMS 0x000000008ba00000, 0x000000008ba00000| Untracked 
| 187|0x000000008bb00000, 0x000000008bb00000, 0x000000008bc00000|  0%| F|  |TAMS 0x000000008bb00000, 0x000000008bb00000| Untracked 
| 188|0x000000008bc00000, 0x000000008bc00000, 0x000000008bd00000|  0%| F|  |TAMS 0x000000008bc00000, 0x000000008bc00000| Untracked 
| 189|0x000000008bd00000, 0x000000008bd00000, 0x000000008be00000|  0%| F|  |TAMS 0x000000008bd00000, 0x000000008bd00000| Untracked 
| 190|0x000000008be00000, 0x000000008be00000, 0x000000008bf00000|  0%| F|  |TAMS 0x000000008be00000, 0x000000008be00000| Untracked 
| 191|0x000000008bf00000, 0x000000008bf00000, 0x000000008c000000|  0%| F|  |TAMS 0x000000008bf00000, 0x000000008bf00000| Untracked 
| 192|0x000000008c000000, 0x000000008c000000, 0x000000008c100000|  0%| F|  |TAMS 0x000000008c000000, 0x000000008c000000| Untracked 
| 193|0x000000008c100000, 0x000000008c100000, 0x000000008c200000|  0%| F|  |TAMS 0x000000008c100000, 0x000000008c100000| Untracked 
| 194|0x000000008c200000, 0x000000008c200000, 0x000000008c300000|  0%| F|  |TAMS 0x000000008c200000, 0x000000008c200000| Untracked 
| 195|0x000000008c300000, 0x000000008c300000, 0x000000008c400000|  0%| F|  |TAMS 0x000000008c300000, 0x000000008c300000| Untracked 
| 196|0x000000008c400000, 0x000000008c400000, 0x000000008c500000|  0%| F|  |TAMS 0x000000008c400000, 0x000000008c400000| Untracked 
| 197|0x000000008c500000, 0x000000008c500000, 0x000000008c600000|  0%| F|  |TAMS 0x000000008c500000, 0x000000008c500000| Untracked 
| 198|0x000000008c600000, 0x000000008c600000, 0x000000008c700000|  0%| F|  |TAMS 0x000000008c600000, 0x000000008c600000| Untracked 
| 199|0x000000008c700000, 0x000000008c700000, 0x000000008c800000|  0%| F|  |TAMS 0x000000008c700000, 0x000000008c700000| Untracked 
| 200|0x000000008c800000, 0x000000008c800000, 0x000000008c900000|  0%| F|  |TAMS 0x000000008c800000, 0x000000008c800000| Untracked 
| 201|0x000000008c900000, 0x000000008c900000, 0x000000008ca00000|  0%| F|  |TAMS 0x000000008c900000, 0x000000008c900000| Untracked 
| 202|0x000000008ca00000, 0x000000008ca00000, 0x000000008cb00000|  0%| F|  |TAMS 0x000000008ca00000, 0x000000008ca00000| Untracked 
| 203|0x000000008cb00000, 0x000000008cb00000, 0x000000008cc00000|  0%| F|  |TAMS 0x000000008cb00000, 0x000000008cb00000| Untracked 
| 204|0x000000008cc00000, 0x000000008cc00000, 0x000000008cd00000|  0%| F|  |TAMS 0x000000008cc00000, 0x000000008cc00000| Untracked 
| 205|0x000000008cd00000, 0x000000008cd00000, 0x000000008ce00000|  0%| F|  |TAMS 0x000000008cd00000, 0x000000008cd00000| Untracked 
| 206|0x000000008ce00000, 0x000000008ce00000, 0x000000008cf00000|  0%| F|  |TAMS 0x000000008ce00000, 0x000000008ce00000| Untracked 
| 207|0x000000008cf00000, 0x000000008cf00000, 0x000000008d000000|  0%| F|  |TAMS 0x000000008cf00000, 0x000000008cf00000| Untracked 
| 208|0x000000008d000000, 0x000000008d000000, 0x000000008d100000|  0%| F|  |TAMS 0x000000008d000000, 0x000000008d000000| Untracked 
| 209|0x000000008d100000, 0x000000008d100000, 0x000000008d200000|  0%| F|  |TAMS 0x000000008d100000, 0x000000008d100000| Untracked 
| 210|0x000000008d200000, 0x000000008d200000, 0x000000008d300000|  0%| F|  |TAMS 0x000000008d200000, 0x000000008d200000| Untracked 
| 211|0x000000008d300000, 0x000000008d300000, 0x000000008d400000|  0%| F|  |TAMS 0x000000008d300000, 0x000000008d300000| Untracked 
| 212|0x000000008d400000, 0x000000008d400000, 0x000000008d500000|  0%| F|  |TAMS 0x000000008d400000, 0x000000008d400000| Untracked 
| 213|0x000000008d500000, 0x000000008d500000, 0x000000008d600000|  0%| F|  |TAMS 0x000000008d500000, 0x000000008d500000| Untracked 
| 214|0x000000008d600000, 0x000000008d600000, 0x000000008d700000|  0%| F|  |TAMS 0x000000008d600000, 0x000000008d600000| Untracked 
| 215|0x000000008d700000, 0x000000008d700000, 0x000000008d800000|  0%| F|  |TAMS 0x000000008d700000, 0x000000008d700000| Untracked 
| 216|0x000000008d800000, 0x000000008d800000, 0x000000008d900000|  0%| F|  |TAMS 0x000000008d800000, 0x000000008d800000| Untracked 
| 217|0x000000008d900000, 0x000000008d900000, 0x000000008da00000|  0%| F|  |TAMS 0x000000008d900000, 0x000000008d900000| Untracked 
| 218|0x000000008da00000, 0x000000008da00000, 0x000000008db00000|  0%| F|  |TAMS 0x000000008da00000, 0x000000008da00000| Untracked 
| 219|0x000000008db00000, 0x000000008db00000, 0x000000008dc00000|  0%| F|  |TAMS 0x000000008db00000, 0x000000008db00000| Untracked 
| 220|0x000000008dc00000, 0x000000008dd00000, 0x000000008dd00000|100%| S|CS|TAMS 0x000000008dc00000, 0x000000008dc00000| Complete 
| 221|0x000000008dd00000, 0x000000008de00000, 0x000000008de00000|100%| S|CS|TAMS 0x000000008dd00000, 0x000000008dd00000| Complete 
| 222|0x000000008de00000, 0x000000008df00000, 0x000000008df00000|100%| S|CS|TAMS 0x000000008de00000, 0x000000008de00000| Complete 
| 223|0x000000008df00000, 0x000000008df00000, 0x000000008e000000|  0%| F|  |TAMS 0x000000008df00000, 0x000000008df00000| Untracked 
| 224|0x000000008e000000, 0x000000008e100000, 0x000000008e100000|100%| S|CS|TAMS 0x000000008e000000, 0x000000008e000000| Complete 
| 225|0x000000008e100000, 0x000000008e200000, 0x000000008e200000|100%| S|CS|TAMS 0x000000008e100000, 0x000000008e100000| Complete 
| 226|0x000000008e200000, 0x000000008e300000, 0x000000008e300000|100%| S|CS|TAMS 0x000000008e200000, 0x000000008e200000| Complete 
| 227|0x000000008e300000, 0x000000008e400000, 0x000000008e400000|100%| S|CS|TAMS 0x000000008e300000, 0x000000008e300000| Complete 
| 228|0x000000008e400000, 0x000000008e500000, 0x000000008e500000|100%| S|CS|TAMS 0x000000008e400000, 0x000000008e400000| Complete 
| 229|0x000000008e500000, 0x000000008e600000, 0x000000008e600000|100%| S|CS|TAMS 0x000000008e500000, 0x000000008e500000| Complete 
| 230|0x000000008e600000, 0x000000008e700000, 0x000000008e700000|100%| S|CS|TAMS 0x000000008e600000, 0x000000008e600000| Complete 
| 231|0x000000008e700000, 0x000000008e700000, 0x000000008e800000|  0%| F|  |TAMS 0x000000008e700000, 0x000000008e700000| Untracked 
| 232|0x000000008e800000, 0x000000008e800000, 0x000000008e900000|  0%| F|  |TAMS 0x000000008e800000, 0x000000008e800000| Untracked 
| 233|0x000000008e900000, 0x000000008e900000, 0x000000008ea00000|  0%| F|  |TAMS 0x000000008e900000, 0x000000008e900000| Untracked 
| 234|0x000000008ea00000, 0x000000008ea00000, 0x000000008eb00000|  0%| F|  |TAMS 0x000000008ea00000, 0x000000008ea00000| Untracked 
| 235|0x000000008eb00000, 0x000000008eb00000, 0x000000008ec00000|  0%| F|  |TAMS 0x000000008eb00000, 0x000000008eb00000| Untracked 
| 236|0x000000008ec00000, 0x000000008ec00000, 0x000000008ed00000|  0%| F|  |TAMS 0x000000008ec00000, 0x000000008ec00000| Untracked 
| 237|0x000000008ed00000, 0x000000008ed00000, 0x000000008ee00000|  0%| F|  |TAMS 0x000000008ed00000, 0x000000008ed00000| Untracked 
| 238|0x000000008ee00000, 0x000000008ee00000, 0x000000008ef00000|  0%| F|  |TAMS 0x000000008ee00000, 0x000000008ee00000| Untracked 
| 239|0x000000008ef00000, 0x000000008ef00000, 0x000000008f000000|  0%| F|  |TAMS 0x000000008ef00000, 0x000000008ef00000| Untracked 
| 240|0x000000008f000000, 0x000000008f000000, 0x000000008f100000|  0%| F|  |TAMS 0x000000008f000000, 0x000000008f000000| Untracked 
| 241|0x000000008f100000, 0x000000008f100000, 0x000000008f200000|  0%| F|  |TAMS 0x000000008f100000, 0x000000008f100000| Untracked 
| 242|0x000000008f200000, 0x000000008f200000, 0x000000008f300000|  0%| F|  |TAMS 0x000000008f200000, 0x000000008f200000| Untracked 
| 243|0x000000008f300000, 0x000000008f300000, 0x000000008f400000|  0%| F|  |TAMS 0x000000008f300000, 0x000000008f300000| Untracked 
| 244|0x000000008f400000, 0x000000008f400000, 0x000000008f500000|  0%| F|  |TAMS 0x000000008f400000, 0x000000008f400000| Untracked 
| 245|0x000000008f500000, 0x000000008f500000, 0x000000008f600000|  0%| F|  |TAMS 0x000000008f500000, 0x000000008f500000| Untracked 
| 246|0x000000008f600000, 0x000000008f600000, 0x000000008f700000|  0%| F|  |TAMS 0x000000008f600000, 0x000000008f600000| Untracked 
| 247|0x000000008f700000, 0x000000008f700000, 0x000000008f800000|  0%| F|  |TAMS 0x000000008f700000, 0x000000008f700000| Untracked 
| 248|0x000000008f800000, 0x000000008f800000, 0x000000008f900000|  0%| F|  |TAMS 0x000000008f800000, 0x000000008f800000| Untracked 
| 249|0x000000008f900000, 0x000000008f900000, 0x000000008fa00000|  0%| F|  |TAMS 0x000000008f900000, 0x000000008f900000| Untracked 
| 250|0x000000008fa00000, 0x000000008fa00000, 0x000000008fb00000|  0%| F|  |TAMS 0x000000008fa00000, 0x000000008fa00000| Untracked 
| 251|0x000000008fb00000, 0x000000008fb00000, 0x000000008fc00000|  0%| F|  |TAMS 0x000000008fb00000, 0x000000008fb00000| Untracked 
| 252|0x000000008fc00000, 0x000000008fc00000, 0x000000008fd00000|  0%| F|  |TAMS 0x000000008fc00000, 0x000000008fc00000| Untracked 
| 253|0x000000008fd00000, 0x000000008fd00000, 0x000000008fe00000|  0%| F|  |TAMS 0x000000008fd00000, 0x000000008fd00000| Untracked 
| 254|0x000000008fe00000, 0x000000008fe00000, 0x000000008ff00000|  0%| F|  |TAMS 0x000000008fe00000, 0x000000008fe00000| Untracked 
| 255|0x000000008ff00000, 0x000000008ff00000, 0x0000000090000000|  0%| F|  |TAMS 0x000000008ff00000, 0x000000008ff00000| Untracked 
| 256|0x0000000090000000, 0x0000000090000000, 0x0000000090100000|  0%| F|  |TAMS 0x0000000090000000, 0x0000000090000000| Untracked 
| 257|0x0000000090100000, 0x0000000090100000, 0x0000000090200000|  0%| F|  |TAMS 0x0000000090100000, 0x0000000090100000| Untracked 
| 258|0x0000000090200000, 0x0000000090200000, 0x0000000090300000|  0%| F|  |TAMS 0x0000000090200000, 0x0000000090200000| Untracked 
| 259|0x0000000090300000, 0x0000000090300000, 0x0000000090400000|  0%| F|  |TAMS 0x0000000090300000, 0x0000000090300000| Untracked 
| 260|0x0000000090400000, 0x0000000090400000, 0x0000000090500000|  0%| F|  |TAMS 0x0000000090400000, 0x0000000090400000| Untracked 
| 261|0x0000000090500000, 0x0000000090500000, 0x0000000090600000|  0%| F|  |TAMS 0x0000000090500000, 0x0000000090500000| Untracked 
| 262|0x0000000090600000, 0x0000000090600000, 0x0000000090700000|  0%| F|  |TAMS 0x0000000090600000, 0x0000000090600000| Untracked 
| 263|0x0000000090700000, 0x0000000090700000, 0x0000000090800000|  0%| F|  |TAMS 0x0000000090700000, 0x0000000090700000| Untracked 
| 264|0x0000000090800000, 0x0000000090800000, 0x0000000090900000|  0%| F|  |TAMS 0x0000000090800000, 0x0000000090800000| Untracked 
| 265|0x0000000090900000, 0x0000000090900000, 0x0000000090a00000|  0%| F|  |TAMS 0x0000000090900000, 0x0000000090900000| Untracked 
| 266|0x0000000090a00000, 0x0000000090a00000, 0x0000000090b00000|  0%| F|  |TAMS 0x0000000090a00000, 0x0000000090a00000| Untracked 
| 267|0x0000000090b00000, 0x0000000090b00000, 0x0000000090c00000|  0%| F|  |TAMS 0x0000000090b00000, 0x0000000090b00000| Untracked 
| 268|0x0000000090c00000, 0x0000000090c00000, 0x0000000090d00000|  0%| F|  |TAMS 0x0000000090c00000, 0x0000000090c00000| Untracked 
| 269|0x0000000090d00000, 0x0000000090d00000, 0x0000000090e00000|  0%| F|  |TAMS 0x0000000090d00000, 0x0000000090d00000| Untracked 
| 270|0x0000000090e00000, 0x0000000090e00000, 0x0000000090f00000|  0%| F|  |TAMS 0x0000000090e00000, 0x0000000090e00000| Untracked 
| 271|0x0000000090f00000, 0x0000000090f00000, 0x0000000091000000|  0%| F|  |TAMS 0x0000000090f00000, 0x0000000090f00000| Untracked 
| 272|0x0000000091000000, 0x0000000091000000, 0x0000000091100000|  0%| F|  |TAMS 0x0000000091000000, 0x0000000091000000| Untracked 
| 273|0x0000000091100000, 0x0000000091100000, 0x0000000091200000|  0%| F|  |TAMS 0x0000000091100000, 0x0000000091100000| Untracked 
| 274|0x0000000091200000, 0x0000000091200000, 0x0000000091300000|  0%| F|  |TAMS 0x0000000091200000, 0x0000000091200000| Untracked 
| 275|0x0000000091300000, 0x0000000091300000, 0x0000000091400000|  0%| F|  |TAMS 0x0000000091300000, 0x0000000091300000| Untracked 
| 276|0x0000000091400000, 0x0000000091446e08, 0x0000000091500000| 27%| E|  |TAMS 0x0000000091400000, 0x0000000091400000| Complete 
| 277|0x0000000091500000, 0x0000000091600000, 0x0000000091600000|100%| E|CS|TAMS 0x0000000091500000, 0x0000000091500000| Complete 
| 278|0x0000000091600000, 0x0000000091700000, 0x0000000091700000|100%| E|CS|TAMS 0x0000000091600000, 0x0000000091600000| Complete 
| 279|0x0000000091700000, 0x0000000091800000, 0x0000000091800000|100%| E|CS|TAMS 0x0000000091700000, 0x0000000091700000| Complete 
| 280|0x0000000091800000, 0x0000000091900000, 0x0000000091900000|100%| E|CS|TAMS 0x0000000091800000, 0x0000000091800000| Complete 
| 281|0x0000000091900000, 0x0000000091a00000, 0x0000000091a00000|100%| E|CS|TAMS 0x0000000091900000, 0x0000000091900000| Complete 
| 282|0x0000000091a00000, 0x0000000091b00000, 0x0000000091b00000|100%| E|  |TAMS 0x0000000091a00000, 0x0000000091a00000| Complete 
| 283|0x0000000091b00000, 0x0000000091c00000, 0x0000000091c00000|100%| E|CS|TAMS 0x0000000091b00000, 0x0000000091b00000| Complete 
| 284|0x0000000091c00000, 0x0000000091d00000, 0x0000000091d00000|100%| E|CS|TAMS 0x0000000091c00000, 0x0000000091c00000| Complete 
| 285|0x0000000091d00000, 0x0000000091e00000, 0x0000000091e00000|100%| E|CS|TAMS 0x0000000091d00000, 0x0000000091d00000| Complete 
| 286|0x0000000091e00000, 0x0000000091f00000, 0x0000000091f00000|100%| E|CS|TAMS 0x0000000091e00000, 0x0000000091e00000| Complete 
| 287|0x0000000091f00000, 0x0000000092000000, 0x0000000092000000|100%| E|CS|TAMS 0x0000000091f00000, 0x0000000091f00000| Complete 
| 288|0x0000000092000000, 0x0000000092100000, 0x0000000092100000|100%| E|CS|TAMS 0x0000000092000000, 0x0000000092000000| Complete 
| 289|0x0000000092100000, 0x0000000092200000, 0x0000000092200000|100%| E|CS|TAMS 0x0000000092100000, 0x0000000092100000| Complete 
| 290|0x0000000092200000, 0x0000000092300000, 0x0000000092300000|100%| E|CS|TAMS 0x0000000092200000, 0x0000000092200000| Complete 
| 291|0x0000000092300000, 0x0000000092400000, 0x0000000092400000|100%| E|CS|TAMS 0x0000000092300000, 0x0000000092300000| Complete 
| 292|0x0000000092400000, 0x0000000092500000, 0x0000000092500000|100%| E|CS|TAMS 0x0000000092400000, 0x0000000092400000| Complete 
| 293|0x0000000092500000, 0x0000000092600000, 0x0000000092600000|100%| E|CS|TAMS 0x0000000092500000, 0x0000000092500000| Complete 
| 294|0x0000000092600000, 0x0000000092700000, 0x0000000092700000|100%| E|CS|TAMS 0x0000000092600000, 0x0000000092600000| Complete 
| 295|0x0000000092700000, 0x0000000092800000, 0x0000000092800000|100%| E|CS|TAMS 0x0000000092700000, 0x0000000092700000| Complete 
| 296|0x0000000092800000, 0x0000000092900000, 0x0000000092900000|100%| E|CS|TAMS 0x0000000092800000, 0x0000000092800000| Complete 
| 297|0x0000000092900000, 0x0000000092a00000, 0x0000000092a00000|100%| E|CS|TAMS 0x0000000092900000, 0x0000000092900000| Complete 
| 298|0x0000000092a00000, 0x0000000092b00000, 0x0000000092b00000|100%| E|CS|TAMS 0x0000000092a00000, 0x0000000092a00000| Complete 
| 299|0x0000000092b00000, 0x0000000092c00000, 0x0000000092c00000|100%| E|CS|TAMS 0x0000000092b00000, 0x0000000092b00000| Complete 
| 300|0x0000000092c00000, 0x0000000092d00000, 0x0000000092d00000|100%| E|CS|TAMS 0x0000000092c00000, 0x0000000092c00000| Complete 
| 301|0x0000000092d00000, 0x0000000092e00000, 0x0000000092e00000|100%| E|CS|TAMS 0x0000000092d00000, 0x0000000092d00000| Complete 
| 302|0x0000000092e00000, 0x0000000092f00000, 0x0000000092f00000|100%| E|CS|TAMS 0x0000000092e00000, 0x0000000092e00000| Complete 
| 303|0x0000000092f00000, 0x0000000093000000, 0x0000000093000000|100%| E|CS|TAMS 0x0000000092f00000, 0x0000000092f00000| Complete 
| 304|0x0000000093000000, 0x0000000093100000, 0x0000000093100000|100%| E|CS|TAMS 0x0000000093000000, 0x0000000093000000| Complete 

Card table byte_map: [0x000002977b340000,0x000002977b740000] _byte_map_base: 0x000002977af40000

Marking Bits (Prev, Next): (CMBitMap*) 0x0000029766664660, (CMBitMap*) 0x0000029766664628
 Prev Bits: [0x000002977db40000, 0x000002977fb40000)
 Next Bits: [0x000002977bb40000, 0x000002977db40000)

Polling page: 0x00000297666f0000

Metaspace:

Usage:
  Non-class:     93.48 MB capacity,    91.44 MB ( 98%) used,     1.72 MB (  2%) free+waste,   324.62 KB ( <1%) overhead. 
      Class:     14.03 MB capacity,    13.03 MB ( 93%) used,   875.59 KB (  6%) free+waste,   145.00 KB (  1%) overhead. 
       Both:    107.50 MB capacity,   104.47 MB ( 97%) used,     2.58 MB (  2%) free+waste,   469.62 KB ( <1%) overhead. 

Virtual space:
  Non-class space:       94.00 MB reserved,      93.60 MB (>99%) committed 
      Class space:        1.00 GB reserved,      14.12 MB (  1%) committed 
             Both:        1.09 GB reserved,     107.73 MB ( 10%) committed 

Chunk freelists:
   Non-Class:  1.00 KB
       Class:  2.00 KB
        Both:  3.00 KB

MaxMetaspaceSize: 17179869184.00 GB
CompressedClassSpaceSize: 1.00 GB
Initial GC threshold: 20.80 MB
Current GC threshold: 175.80 MB
CDS: off

CodeHeap 'non-profiled nmethods': size=120064Kb used=7915Kb max_used=7915Kb free=112149Kb
 bounds [0x00000297733d0000, 0x0000029773b90000, 0x000002977a910000]
CodeHeap 'profiled nmethods': size=120000Kb used=29311Kb max_used=29311Kb free=90688Kb
 bounds [0x000002976bea0000, 0x000002976db40000, 0x00000297733d0000]
CodeHeap 'non-nmethods': size=5696Kb used=2406Kb max_used=2465Kb free=3290Kb
 bounds [0x000002976b910000, 0x000002976bb80000, 0x000002976bea0000]
 total_blobs=14076 nmethods=13143 adapters=846
 compilation: enabled
              stopped_count=0, restarted_count=0
 full_count=0

Compilation events (20 events):
Event: 83.414 Thread 0x0000029702aa8000 13181       3       org.gradle.internal.serialize.BaseSerializerFactory$StringSerializer::write (8 bytes)
Event: 83.414 Thread 0x0000029702aa8000 nmethod 13181 0x000002976db38410 code [0x000002976db385c0, 0x000002976db38788]
Event: 83.415 Thread 0x0000029702aa8000 13182       3       org.gradle.internal.resources.ExclusiveAccessResourceLock::acquireLock (37 bytes)
Event: 83.415 Thread 0x0000029702aa8000 nmethod 13182 0x000002976db38890 code [0x000002976db38a60, 0x000002976db38d68]
Event: 83.415 Thread 0x0000029702aa8000 13183       3       org.gradle.api.internal.file.DefaultFileCollectionFactory::resolving (33 bytes)
Event: 83.416 Thread 0x0000029702aa8000 nmethod 13183 0x000002976db38e10 code [0x000002976db39060, 0x000002976db39a38]
Event: 83.416 Thread 0x0000029702aa8000 13186       1       org.gradle.api.internal.project.DefaultProjectStateRegistry$ProjectStateImpl::getTaskExecutionLock (5 bytes)
Event: 83.416 Thread 0x0000029702aa8000 nmethod 13186 0x0000029773b85f90 code [0x0000029773b86140, 0x0000029773b861f8]
Event: 83.416 Thread 0x0000029702aa8000 13185       3       org.gradle.execution.plan.Node::isComplete (43 bytes)
Event: 83.416 Thread 0x0000029702aa8000 nmethod 13185 0x000002976db39d90 code [0x000002976db39f40, 0x000002976db3a178]
Event: 83.416 Thread 0x0000029702aa8000 13187   !   3       org.gradle.internal.remote.internal.inet.SocketConnection::dispatch (134 bytes)
Event: 83.420 Thread 0x0000029702aa8000 nmethod 13187 0x000002976db3a210 code [0x000002976db3a7c0, 0x000002976db3d988]
Event: 83.420 Thread 0x0000029702aa8000 13188       3       org.gradle.internal.serialize.Serializers$StatefulSerializerAdapter$2::write (18 bytes)
Event: 83.420 Thread 0x0000029702aa8000 nmethod 13188 0x000002976db3ea10 code [0x000002976db3ebe0, 0x000002976db3edc8]
Event: 83.420 Thread 0x0000029702aa8000 13184       3       org.gradle.api.internal.file.DefaultFileCollectionFactory$ResolvingFileCollection::<init> (28 bytes)
Event: 83.420 Thread 0x0000029702aa8000 nmethod 13184 0x000002976db3ef10 code [0x000002976db3f0e0, 0x000002976db3f4b8]
Event: 83.426 Thread 0x0000029702aa8000 13190       3       com.google.common.collect.RegularImmutableSet::spliterator (11 bytes)
Event: 83.426 Thread 0x0000029702aa8000 nmethod 13190 0x000002976db3f610 code [0x000002976db3f800, 0x000002976db3fbb8]
Event: 83.428 Thread 0x0000029702a9e000 nmethod 13160 0x0000029773b86290 code [0x0000029773b865a0, 0x0000029773b88a90]
Event: 83.428 Thread 0x0000029702a9e000 13169       4       sun.invoke.util.VerifyAccess::isTypeVisible (118 bytes)

GC Heap History (20 events):
Event: 6.105 GC heap before
{Heap before GC invocations=11 (full 0):
 garbage-first heap   total 260096K, used 155824K [0x0000000080000000, 0x0000000100000000)
  region size 1024K, 132 young (135168K), 14 survivors (14336K)
 Metaspace       used 52389K, capacity 53912K, committed 54248K, reserved 1095680K
  class space    used 6649K, capacity 7191K, committed 7296K, reserved 1048576K
}
Event: 6.122 GC heap after
{Heap after GC invocations=12 (full 0):
 garbage-first heap   total 260096K, used 43710K [0x0000000080000000, 0x0000000100000000)
  region size 1024K, 17 young (17408K), 17 survivors (17408K)
 Metaspace       used 52389K, capacity 53912K, committed 54248K, reserved 1095680K
  class space    used 6649K, capacity 7191K, committed 7296K, reserved 1048576K
}
Event: 7.668 GC heap before
{Heap before GC invocations=12 (full 0):
 garbage-first heap   total 260096K, used 179902K [0x0000000080000000, 0x0000000100000000)
  region size 1024K, 143 young (146432K), 17 survivors (17408K)
 Metaspace       used 66596K, capacity 68319K, committed 68584K, reserved 1110016K
  class space    used 8365K, capacity 8961K, committed 9088K, reserved 1048576K
}
Event: 7.688 GC heap after
{Heap after GC invocations=13 (full 0):
 garbage-first heap   total 260096K, used 54272K [0x0000000080000000, 0x0000000100000000)
  region size 1024K, 10 young (10240K), 10 survivors (10240K)
 Metaspace       used 66596K, capacity 68319K, committed 68584K, reserved 1110016K
  class space    used 8365K, capacity 8961K, committed 9088K, reserved 1048576K
}
Event: 8.767 GC heap before
{Heap before GC invocations=13 (full 0):
 garbage-first heap   total 260096K, used 164864K [0x0000000080000000, 0x0000000100000000)
  region size 1024K, 119 young (121856K), 10 survivors (10240K)
 Metaspace       used 74558K, capacity 76358K, committed 76520K, reserved 1116160K
  class space    used 9610K, capacity 10255K, committed 10368K, reserved 1048576K
}
Event: 8.785 GC heap after
{Heap after GC invocations=14 (full 0):
 garbage-first heap   total 312320K, used 61440K [0x0000000080000000, 0x0000000100000000)
  region size 1024K, 8 young (8192K), 8 survivors (8192K)
 Metaspace       used 74558K, capacity 76358K, committed 76520K, reserved 1116160K
  class space    used 9610K, capacity 10255K, committed 10368K, reserved 1048576K
}
Event: 28.396 GC heap before
{Heap before GC invocations=15 (full 0):
 garbage-first heap   total 312320K, used 254976K [0x0000000080000000, 0x0000000100000000)
  region size 1024K, 146 young (149504K), 8 survivors (8192K)
 Metaspace       used 84544K, capacity 86864K, committed 87016K, reserved 1124352K
  class space    used 10713K, capacity 11570K, committed 11648K, reserved 1048576K
}
Event: 28.414 GC heap after
{Heap after GC invocations=16 (full 0):
 garbage-first heap   total 312320K, used 131982K [0x0000000080000000, 0x0000000100000000)
  region size 1024K, 19 young (19456K), 19 survivors (19456K)
 Metaspace       used 84544K, capacity 86864K, committed 87016K, reserved 1124352K
  class space    used 10713K, capacity 11570K, committed 11648K, reserved 1048576K
}
Event: 29.556 GC heap before
{Heap before GC invocations=16 (full 0):
 garbage-first heap   total 312320K, used 253838K [0x0000000080000000, 0x0000000100000000)
  region size 1024K, 113 young (115712K), 19 survivors (19456K)
 Metaspace       used 88148K, capacity 90838K, committed 91112K, reserved 1128448K
  class space    used 11136K, capacity 12071K, committed 12160K, reserved 1048576K
}
Event: 29.586 GC heap after
{Heap after GC invocations=17 (full 0):
 garbage-first heap   total 312320K, used 168734K [0x0000000080000000, 0x0000000100000000)
  region size 1024K, 9 young (9216K), 9 survivors (9216K)
 Metaspace       used 88148K, capacity 90838K, committed 91112K, reserved 1128448K
  class space    used 11136K, capacity 12071K, committed 12160K, reserved 1048576K
}
Event: 30.738 GC heap before
{Heap before GC invocations=18 (full 0):
 garbage-first heap   total 312320K, used 250654K [0x0000000080000000, 0x0000000100000000)
  region size 1024K, 88 young (90112K), 9 survivors (9216K)
 Metaspace       used 96923K, capacity 99737K, committed 99944K, reserved 1136640K
  class space    used 12249K, capacity 13195K, committed 13312K, reserved 1048576K
}
Event: 30.747 GC heap after
{Heap after GC invocations=19 (full 0):
 garbage-first heap   total 312320K, used 172544K [0x0000000080000000, 0x0000000100000000)
  region size 1024K, 4 young (4096K), 4 survivors (4096K)
 Metaspace       used 96923K, capacity 99737K, committed 99944K, reserved 1136640K
  class space    used 12249K, capacity 13195K, committed 13312K, reserved 1048576K
}
Event: 31.933 GC heap before
{Heap before GC invocations=19 (full 0):
 garbage-first heap   total 312320K, used 253440K [0x0000000080000000, 0x0000000100000000)
  region size 1024K, 84 young (86016K), 4 survivors (4096K)
 Metaspace       used 100494K, capacity 103420K, committed 103656K, reserved 1138688K
  class space    used 12627K, capacity 13631K, committed 13696K, reserved 1048576K
}
Event: 31.952 GC heap after
{Heap after GC invocations=20 (full 0):
 garbage-first heap   total 312320K, used 180789K [0x0000000080000000, 0x0000000100000000)
  region size 1024K, 11 young (11264K), 11 survivors (11264K)
 Metaspace       used 100494K, capacity 103420K, committed 103656K, reserved 1138688K
  class space    used 12627K, capacity 13631K, committed 13696K, reserved 1048576K
}
Event: 32.989 GC heap before
{Heap before GC invocations=21 (full 0):
 garbage-first heap   total 312320K, used 255541K [0x0000000080000000, 0x0000000100000000)
  region size 1024K, 85 young (87040K), 11 survivors (11264K)
 Metaspace       used 102838K, capacity 105795K, committed 105960K, reserved 1140736K
  class space    used 12842K, capacity 13849K, committed 13952K, reserved 1048576K
}
Event: 33.011 GC heap after
{Heap after GC invocations=22 (full 0):
 garbage-first heap   total 312320K, used 186580K [0x0000000080000000, 0x0000000100000000)
  region size 1024K, 7 young (7168K), 7 survivors (7168K)
 Metaspace       used 102838K, capacity 105795K, committed 105960K, reserved 1140736K
  class space    used 12842K, capacity 13849K, committed 13952K, reserved 1048576K
}
Event: 72.146 GC heap before
{Heap before GC invocations=22 (full 0):
 garbage-first heap   total 312320K, used 259284K [0x0000000080000000, 0x0000000100000000)
  region size 1024K, 78 young (79872K), 7 survivors (7168K)
 Metaspace       used 104762K, capacity 107788K, committed 108008K, reserved 1142784K
  class space    used 13095K, capacity 14095K, committed 14208K, reserved 1048576K
}
Event: 72.160 GC heap after
{Heap after GC invocations=23 (full 0):
 garbage-first heap   total 312320K, used 189141K [0x0000000080000000, 0x0000000100000000)
  region size 1024K, 4 young (4096K), 4 survivors (4096K)
 Metaspace       used 104762K, capacity 107788K, committed 108008K, reserved 1142784K
  class space    used 13095K, capacity 14095K, committed 14208K, reserved 1048576K
}
Event: 73.121 GC heap before
{Heap before GC invocations=24 (full 0):
 garbage-first heap   total 312320K, used 261845K [0x0000000080000000, 0x0000000100000000)
  region size 1024K, 75 young (76800K), 4 survivors (4096K)
 Metaspace       used 106313K, capacity 109406K, committed 109672K, reserved 1144832K
  class space    used 13257K, capacity 14299K, committed 14336K, reserved 1048576K
}
Event: 73.133 GC heap after
{Heap after GC invocations=25 (full 0):
 garbage-first heap   total 312320K, used 197208K [0x0000000080000000, 0x0000000100000000)
  region size 1024K, 10 young (10240K), 10 survivors (10240K)
 Metaspace       used 106313K, capacity 109406K, committed 109672K, reserved 1144832K
  class space    used 13257K, capacity 14299K, committed 14336K, reserved 1048576K
}

Deoptimization events (20 events):
Event: 73.276 Thread 0x000002970c2f0000 Uncommon trap: trap_request=0xffffff4d fr.pc=0x0000029773adfcac relative=0x00000000000004ac
Event: 73.276 Thread 0x000002970c2f0000 Uncommon trap: reason=unstable_if action=reinterpret pc=0x0000029773adfcac method=com.google.common.collect.Lists.equalsImpl(Ljava/util/List;Ljava/lang/Object;)Z @ 85 c2
Event: 73.276 Thread 0x000002970c2f0000 DEOPT PACKING pc=0x0000029773adfcac sp=0x0000009d23efbf20
Event: 73.276 Thread 0x000002970c2f0000 DEOPT UNPACKING pc=0x000002976b95a1a9 sp=0x0000009d23efbec8 mode 2
Event: 73.279 Thread 0x000002970c2f0000 Uncommon trap: trap_request=0xffffffde fr.pc=0x0000029773a48658 relative=0x00000000000057d8
Event: 73.279 Thread 0x000002970c2f0000 Uncommon trap: reason=class_check action=maybe_recompile pc=0x0000029773a48658 method=org.gradle.internal.snapshot.impl.AbstractValueProcessor.processValue(Ljava/lang/Object;Lorg/gradle/internal/snapshot/impl/AbstractValueProcessor$ValueVisitor;)Ljava/lan
Event: 73.279 Thread 0x000002970c2f0000 DEOPT PACKING pc=0x0000029773a48658 sp=0x0000009d23efbf80
Event: 73.279 Thread 0x000002970c2f0000 DEOPT UNPACKING pc=0x000002976b95a1a9 sp=0x0000009d23efbf78 mode 2
Event: 73.317 Thread 0x000002970c2f0000 Uncommon trap: trap_request=0xffffff4d fr.pc=0x00000297737b949c relative=0x00000000000001dc
Event: 73.317 Thread 0x000002970c2f0000 Uncommon trap: reason=unstable_if action=reinterpret pc=0x00000297737b949c method=com.google.common.collect.RegularImmutableSet.contains(Ljava/lang/Object;)Z @ 10 c2
Event: 73.318 Thread 0x000002970c2f0000 DEOPT PACKING pc=0x00000297737b949c sp=0x0000009d23efa060
Event: 73.318 Thread 0x000002970c2f0000 DEOPT UNPACKING pc=0x000002976b95a1a9 sp=0x0000009d23ef9ff8 mode 2
Event: 83.351 Thread 0x00000297030e0800 Uncommon trap: trap_request=0xffffff4d fr.pc=0x00000297739f254c relative=0x000000000000104c
Event: 83.351 Thread 0x00000297030e0800 Uncommon trap: reason=unstable_if action=reinterpret pc=0x00000297739f254c method=org.gradle.cache.internal.btree.BlockPointer.isNull()Z @ 6 c2
Event: 83.351 Thread 0x00000297030e0800 DEOPT PACKING pc=0x00000297739f254c sp=0x0000009d209fe550
Event: 83.351 Thread 0x00000297030e0800 DEOPT UNPACKING pc=0x000002976b95a1a9 sp=0x0000009d209fe428 mode 2
Event: 83.425 Thread 0x000002970c2f2800 Uncommon trap: trap_request=0xffffffde fr.pc=0x0000029773a48658 relative=0x00000000000057d8
Event: 83.425 Thread 0x000002970c2f2800 Uncommon trap: reason=class_check action=maybe_recompile pc=0x0000029773a48658 method=org.gradle.internal.snapshot.impl.AbstractValueProcessor.processValue(Ljava/lang/Object;Lorg/gradle/internal/snapshot/impl/AbstractValueProcessor$ValueVisitor;)Ljava/lan
Event: 83.425 Thread 0x000002970c2f2800 DEOPT PACKING pc=0x0000029773a48658 sp=0x0000009d23ffcec0
Event: 83.425 Thread 0x000002970c2f2800 DEOPT UNPACKING pc=0x000002976b95a1a9 sp=0x0000009d23ffceb8 mode 2

Classes redefined (0 events):
No events

Internal exceptions (20 events):
Event: 73.224 Thread 0x0000029704e18000 Exception <a 'java/lang/ClassNotFoundException'{0x0000000091fc30c0}: com/android/build/gradle/tasks/PackageApplication_DecoratedBeanInfo> (0x0000000091fc30c0) thrown at [src/hotspot/share/classfile/systemDictionary.cpp, line 230]
Event: 73.224 Thread 0x0000029704e18000 Exception <a 'java/lang/ClassNotFoundException'{0x0000000091fdbfb8}: com/android/build/gradle/tasks/PackageApplicationBeanInfo> (0x0000000091fdbfb8) thrown at [src/hotspot/share/classfile/systemDictionary.cpp, line 230]
Event: 73.225 Thread 0x0000029704e18000 Exception <a 'java/lang/ClassNotFoundException'{0x0000000091ff5f70}: com/android/build/gradle/tasks/PackageAndroidArtifactBeanInfo> (0x0000000091ff5f70) thrown at [src/hotspot/share/classfile/systemDictionary.cpp, line 230]
Event: 73.226 Thread 0x0000029704e18000 Exception <a 'java/lang/ClassNotFoundException'{0x0000000091e10630}: com/android/build/gradle/tasks/PackageAndroidArtifactCustomizer> (0x0000000091e10630) thrown at [src/hotspot/share/classfile/systemDictionary.cpp, line 230]
Event: 73.227 Thread 0x0000029704e18000 Exception <a 'java/lang/ClassNotFoundException'{0x0000000091e76f68}: com/android/build/gradle/tasks/PackageApplicationCustomizer> (0x0000000091e76f68) thrown at [src/hotspot/share/classfile/systemDictionary.cpp, line 230]
Event: 73.228 Thread 0x0000029704e18000 Exception <a 'java/lang/ClassNotFoundException'{0x0000000091eaeb08}: com/android/build/gradle/tasks/PackageApplication_DecoratedCustomizer> (0x0000000091eaeb08) thrown at [src/hotspot/share/classfile/systemDictionary.cpp, line 230]
Event: 73.233 Thread 0x0000029704e18000 Exception <a 'java/lang/ClassNotFoundException'{0x0000000091d903d0}: com/android/build/gradle/internal/tasks/ListingFileRedirectTask_DecoratedBeanInfo> (0x0000000091d903d0) thrown at [src/hotspot/share/classfile/systemDictionary.cpp, line 230]
Event: 73.234 Thread 0x0000029704e18000 Exception <a 'java/lang/ClassNotFoundException'{0x0000000091dabac8}: com/android/build/gradle/internal/tasks/ListingFileRedirectTaskBeanInfo> (0x0000000091dabac8) thrown at [src/hotspot/share/classfile/systemDictionary.cpp, line 230]
Event: 73.234 Thread 0x0000029704e18000 Exception <a 'java/lang/ClassNotFoundException'{0x0000000091dc71f8}: com/android/build/gradle/internal/tasks/ListingFileRedirectTaskCustomizer> (0x0000000091dc71f8) thrown at [src/hotspot/share/classfile/systemDictionary.cpp, line 230]
Event: 73.235 Thread 0x0000029704e18000 Exception <a 'java/lang/ClassNotFoundException'{0x0000000091df6478}: com/android/build/gradle/internal/tasks/ListingFileRedirectTask_DecoratedCustomizer> (0x0000000091df6478) thrown at [src/hotspot/share/classfile/systemDictionary.cpp, line 230]
Event: 73.257 Thread 0x0000029704e18000 Exception <a 'sun/nio/fs/WindowsException'{0x0000000091b07bb0}> (0x0000000091b07bb0) thrown at [src/hotspot/share/prims/jni.cpp, line 617]
Event: 73.298 Thread 0x000002970c2f0000 Exception <a 'sun/nio/fs/WindowsException'{0x0000000091ab4490}> (0x0000000091ab4490) thrown at [src/hotspot/share/prims/jni.cpp, line 617]
Event: 73.298 Thread 0x000002970c2f0000 Exception <a 'sun/nio/fs/WindowsException'{0x0000000091ab55a0}> (0x0000000091ab55a0) thrown at [src/hotspot/share/prims/jni.cpp, line 617]
Event: 73.317 Thread 0x000002970c2f0000 Implicit null exception at 0x00000297737b92f7 to 0x00000297737b9484
Event: 78.332 Thread 0x000002970c2f0000 Exception <a 'net/rubygrapefruit/platform/NativeException'{0x00000000919ecfe0}: Execution timed out> (0x00000000919ecfe0) thrown at [src/hotspot/share/prims/jni.cpp, line 638]
Event: 83.342 Thread 0x000002970c2f0000 Exception <a 'net/rubygrapefruit/platform/NativeException'{0x000000009180cad8}: Execution timed out> (0x000000009180cad8) thrown at [src/hotspot/share/prims/jni.cpp, line 638]
Event: 83.348 Thread 0x00000297030df800 Exception <a 'java/lang/NoSuchMethodError'{0x000000009165abe0}: <clinit>> (0x000000009165abe0) thrown at [src/hotspot/share/prims/jni.cpp, line 1367]
Event: 83.350 Thread 0x00000297030df800 Exception <a 'java/lang/NoSuchMethodError'{0x000000009167b4a0}: <clinit>> (0x000000009167b4a0) thrown at [src/hotspot/share/prims/jni.cpp, line 1367]
Event: 83.361 Thread 0x00000297030df800 Exception <a 'java/lang/NoSuchMethodError'{0x000000009151dcc8}: <clinit>> (0x000000009151dcc8) thrown at [src/hotspot/share/prims/jni.cpp, line 1367]
Event: 83.378 Thread 0x000002970c2f0000 Exception <a 'java/lang/NoSuchMethodError'{0x00000000915a4498}: 'int java.lang.invoke.DirectMethodHandle$Holder.invokeSpecial(java.lang.Object, java.lang.Object, java.lang.Object, java.lang.Object, java.lang.Object)'> (0x00000000915a4498) thrown at [src/hotspot/share/interpreter/linkResolver.cpp, line 773]

Events (20 events):
Event: 83.415 Executing VM operation: RevokeBias
Event: 83.416 Executing VM operation: RevokeBias done
Event: 83.416 Executing VM operation: RevokeBias
Event: 83.416 Executing VM operation: RevokeBias done
Event: 83.416 Executing VM operation: RevokeBias
Event: 83.416 Executing VM operation: RevokeBias done
Event: 83.416 Executing VM operation: RevokeBias
Event: 83.416 Executing VM operation: RevokeBias done
Event: 83.416 Executing VM operation: RevokeBias
Event: 83.416 Executing VM operation: RevokeBias done
Event: 83.416 Executing VM operation: BulkRevokeBias
Event: 83.418 Executing VM operation: BulkRevokeBias done
Event: 83.425 loading class com/android/build/gradle/tasks/GenerateBuildConfigKt
Event: 83.425 loading class com/android/build/gradle/tasks/GenerateBuildConfigKt done
Event: 83.425 loading class com/android/build/gradle/internal/core/VariantDslInfoImpl$computeVersionNameSuffix$2
Event: 83.425 loading class com/android/build/gradle/internal/core/VariantDslInfoImpl$computeVersionNameSuffix$2 done
Event: 83.426 loading class org/gradle/execution/plan/LocalTaskNodeExecutor$1
Event: 83.427 loading class org/gradle/execution/plan/LocalTaskNodeExecutor$1 done
Event: 83.427 Executing VM operation: RevokeBias
Event: 83.427 Executing VM operation: RevokeBias done


Dynamic libraries:
0x00007ff671f30000 - 0x00007ff671f3a000 	C:\Program Files\Android\Android Studio\jbr\bin\java.exe
0x00007ff8bf610000 - 0x00007ff8bf806000 	C:\Windows\SYSTEM32\ntdll.dll
0x00007ff8bd670000 - 0x00007ff8bd72d000 	C:\Windows\System32\KERNEL32.DLL
0x00007ff8bd300000 - 0x00007ff8bd5c9000 	C:\Windows\System32\KERNELBASE.dll
0x00007ff8bce60000 - 0x00007ff8bcf60000 	C:\Windows\System32\ucrtbase.dll
0x00007ff8a25f0000 - 0x00007ff8a260b000 	C:\Program Files\Android\Android Studio\jbr\bin\VCRUNTIME140.dll
0x00007ff8a1ae0000 - 0x00007ff8a1af7000 	C:\Program Files\Android\Android Studio\jbr\bin\jli.dll
0x00007ff8beda0000 - 0x00007ff8bef40000 	C:\Windows\System32\USER32.dll
0x00007ff8bd1f0000 - 0x00007ff8bd212000 	C:\Windows\System32\win32u.dll
0x00007ff8beff0000 - 0x00007ff8bf01a000 	C:\Windows\System32\GDI32.dll
0x00007ff8bcd50000 - 0x00007ff8bce5b000 	C:\Windows\System32\gdi32full.dll
0x00007ff8bd5d0000 - 0x00007ff8bd66d000 	C:\Windows\System32\msvcp_win.dll
0x00007ff8921d0000 - 0x00007ff89246b000 	C:\Windows\WinSxS\amd64_microsoft.windows.common-controls_6595b64144ccf1df_6.0.19041.746_none_ca02b4b61b8320a4\COMCTL32.dll
0x00007ff8bed00000 - 0x00007ff8bed9e000 	C:\Windows\System32\msvcrt.dll
0x00007ff8bd860000 - 0x00007ff8bd890000 	C:\Windows\System32\IMM32.DLL
0x00007ff8a2220000 - 0x00007ff8a227b000 	C:\ProgramData\Microsoft\DbgCtr\XShellDLL64_6015.dll
0x00007ff8bef40000 - 0x00007ff8befec000 	C:\Windows\System32\ADVAPI32.dll
0x00007ff8bd7c0000 - 0x00007ff8bd85c000 	C:\Windows\System32\sechost.dll
0x00007ff8bdb50000 - 0x00007ff8bdc7b000 	C:\Windows\System32\RPCRT4.dll
0x00007ff8be4f0000 - 0x00007ff8bec32000 	C:\Windows\System32\SHELL32.dll
0x00007ff8a2170000 - 0x00007ff8a217c000 	C:\Program Files\Android\Android Studio\jbr\bin\vcruntime140_1.dll
0x00007ff8a1730000 - 0x00007ff8a17bd000 	C:\Program Files\Android\Android Studio\jbr\bin\msvcp140.dll
0x00007ff877160000 - 0x00007ff877d1c000 	C:\Program Files\Android\Android Studio\jbr\bin\server\jvm.dll
0x00007ff8be3c0000 - 0x00007ff8be3c8000 	C:\Windows\System32\PSAPI.DLL
0x00007ff8aad90000 - 0x00007ff8aad99000 	C:\Windows\SYSTEM32\WSOCK32.dll
0x00007ff8bdc90000 - 0x00007ff8bdcfb000 	C:\Windows\System32\WS2_32.dll
0x00007ff895110000 - 0x00007ff895137000 	C:\Windows\SYSTEM32\WINMM.dll
0x00007ff8b57d0000 - 0x00007ff8b57da000 	C:\Windows\SYSTEM32\VERSION.dll
0x00007ff8bacc0000 - 0x00007ff8bacd2000 	C:\Windows\SYSTEM32\kernel.appcore.dll
0x00007ff8a1ee0000 - 0x00007ff8a1ef0000 	C:\Program Files\Android\Android Studio\jbr\bin\verify.dll
0x00007ff8a4650000 - 0x00007ff8a4834000 	C:\Windows\SYSTEM32\DBGHELP.DLL
0x00007ff8a4540000 - 0x00007ff8a456c000 	C:\Windows\SYSTEM32\dbgcore.DLL
0x00007ff8bd220000 - 0x00007ff8bd2a0000 	C:\Windows\System32\bcryptPrimitives.dll
0x00007ff8a1560000 - 0x00007ff8a1588000 	C:\Program Files\Android\Android Studio\jbr\bin\java.dll
0x00007ff8a1ac0000 - 0x00007ff8a1aca000 	C:\Program Files\Android\Android Studio\jbr\bin\jimage.dll
0x00007ff8a1660000 - 0x00007ff8a1678000 	C:\Program Files\Android\Android Studio\jbr\bin\zip.dll
0x00007ff8baec0000 - 0x00007ff8bb650000 	C:\Windows\SYSTEM32\windows.storage.dll
0x00007ff8bdd00000 - 0x00007ff8be056000 	C:\Windows\System32\combase.dll
0x00007ff8bc7b0000 - 0x00007ff8bc7dc000 	C:\Windows\SYSTEM32\Wldp.dll
0x00007ff8bd890000 - 0x00007ff8bd93e000 	C:\Windows\System32\SHCORE.dll
0x00007ff8bdaf0000 - 0x00007ff8bdb45000 	C:\Windows\System32\shlwapi.dll
0x00007ff8bcc80000 - 0x00007ff8bcca6000 	C:\Windows\SYSTEM32\profapi.dll
0x00007ff8a15d0000 - 0x00007ff8a15e9000 	C:\Program Files\Android\Android Studio\jbr\bin\net.dll
0x00007ff8b5f20000 - 0x00007ff8b6020000 	C:\Windows\SYSTEM32\WINHTTP.dll
0x00007ff8bc4c0000 - 0x00007ff8bc52a000 	C:\Windows\system32\mswsock.dll
0x00007ff8a0f80000 - 0x00007ff8a0f93000 	C:\Program Files\Android\Android Studio\jbr\bin\nio.dll
0x00007ff8a1c50000 - 0x00007ff8a1c77000 	C:\Users\it_04\.gradle\native\e1d6ef7f7dcc3fd88c89a11ec53ec762bb8ba0a96d01ffa2cd45eb1d1d8dd5c5\windows-amd64\native-platform.dll
0x00007ff8a1330000 - 0x00007ff8a1474000 	C:\Users\it_04\.gradle\native\0d407fdbe67a94daf76414ababcb853783967236a71b16ec16e742cd7a986fd3\windows-amd64\native-platform-file-events.dll
0x00007ff8af710000 - 0x00007ff8af71a000 	C:\Program Files\Android\Android Studio\jbr\bin\management.dll
0x00007ff8a0f70000 - 0x00007ff8a0f7b000 	C:\Program Files\Android\Android Studio\jbr\bin\management_ext.dll
0x00007ff8bc690000 - 0x00007ff8bc6a8000 	C:\Windows\SYSTEM32\CRYPTSP.dll
0x00007ff8bbe60000 - 0x00007ff8bbe94000 	C:\Windows\system32\rsaenh.dll
0x00007ff8bd060000 - 0x00007ff8bd087000 	C:\Windows\System32\bcrypt.dll
0x00007ff8bcc40000 - 0x00007ff8bcc6e000 	C:\Windows\SYSTEM32\USERENV.dll
0x00007ff8bc6b0000 - 0x00007ff8bc6bc000 	C:\Windows\SYSTEM32\CRYPTBASE.dll
0x00007ff8bc1b0000 - 0x00007ff8bc1eb000 	C:\Windows\SYSTEM32\IPHLPAPI.DLL
0x00007ff8bdc80000 - 0x00007ff8bdc88000 	C:\Windows\System32\NSI.dll
0x00007ff8b64d0000 - 0x00007ff8b64e7000 	C:\Windows\SYSTEM32\dhcpcsvc6.DLL
0x00007ff8b64b0000 - 0x00007ff8b64cd000 	C:\Windows\SYSTEM32\dhcpcsvc.DLL
0x00007ff8bc1f0000 - 0x00007ff8bc2bb000 	C:\Windows\SYSTEM32\DNSAPI.dll

dbghelp: loaded successfully - version: 4.0.5 - missing functions: none
symbol engine: initialized successfully - sym options: 0x614 - pdb path: .;C:\Program Files\Android\Android Studio\jbr\bin;C:\Windows\SYSTEM32;C:\Windows\WinSxS\amd64_microsoft.windows.common-controls_6595b64144ccf1df_6.0.19041.746_none_ca02b4b61b8320a4;C:\ProgramData\Microsoft\DbgCtr;C:\Program Files\Android\Android Studio\jbr\bin\server;C:\Users\it_04\.gradle\native\e1d6ef7f7dcc3fd88c89a11ec53ec762bb8ba0a96d01ffa2cd45eb1d1d8dd5c5\windows-amd64;C:\Users\it_04\.gradle\native\0d407fdbe67a94daf76414ababcb853783967236a71b16ec16e742cd7a986fd3\windows-amd64

VM Arguments:
jvm_args: --add-opens=java.base/java.util=ALL-UNNAMED --add-opens=java.base/java.lang=ALL-UNNAMED --add-opens=java.base/java.lang.invoke=ALL-UNNAMED --add-opens=java.base/java.util=ALL-UNNAMED --add-opens=java.prefs/java.util.prefs=ALL-UNNAMED --add-opens=java.prefs/java.util.prefs=ALL-UNNAMED --add-opens=java.base/java.nio.charset=ALL-UNNAMED --add-opens=java.base/java.net=ALL-UNNAMED --add-opens=java.base/java.util.concurrent.atomic=ALL-UNNAMED -Xmx2048m -Dfile.encoding=UTF-8 -Duser.country=US -Duser.language=en -Duser.variant 
java_command: org.gradle.launcher.daemon.bootstrap.GradleDaemon 7.5
java_class_path (initial): C:\Users\it_04\.gradle\wrapper\dists\gradle-7.5-bin\f1w0cc9nuo0eivz97x2xlu9sv\gradle-7.5\lib\gradle-launcher-7.5.jar
Launcher Type: SUN_STANDARD

[Global flags]
     intx CICompilerCount                          = 3                                         {product} {ergonomic}
     uint ConcGCThreads                            = 1                                         {product} {ergonomic}
     uint G1ConcRefinementThreads                  = 4                                         {product} {ergonomic}
   size_t G1HeapRegionSize                         = 1048576                                   {product} {ergonomic}
    uintx GCDrainStackTargetSize                   = 64                                        {product} {ergonomic}
   size_t InitialHeapSize                          = 266338304                                 {product} {ergonomic}
   size_t MarkStackSize                            = 4194304                                   {product} {ergonomic}
   size_t MaxHeapSize                              = 2147483648                                {product} {command line}
   size_t MaxNewSize                               = 1287651328                                {product} {ergonomic}
   size_t MinHeapDeltaBytes                        = 1048576                                   {product} {ergonomic}
    uintx NonNMethodCodeHeapSize                   = 5830732                                {pd product} {ergonomic}
    uintx NonProfiledCodeHeapSize                  = 122913754                              {pd product} {ergonomic}
    uintx ProfiledCodeHeapSize                     = 122913754                              {pd product} {ergonomic}
    uintx ReservedCodeCacheSize                    = 251658240                              {pd product} {ergonomic}
     bool SegmentedCodeCache                       = true                                      {product} {ergonomic}
     bool UseCompressedClassPointers               = true                                 {lp64_product} {ergonomic}
     bool UseCompressedOops                        = true                                 {lp64_product} {ergonomic}
     bool UseG1GC                                  = true                                      {product} {ergonomic}
     bool UseLargePagesIndividualAllocation        = false                                  {pd product} {ergonomic}

Logging:
Log output configuration:
 #0: stdout all=warning uptime,level,tags
 #1: stderr all=off uptime,level,tags

Environment Variables:
PATH=D:\app\it_07\product\11.2.0\client_1\bin;C:\Windows\system32;C:\Windows;C:\Windows\System32\Wbem;C:\Windows\System32\WindowsPowerShell\v1.0\;C:\Windows\System32\OpenSSH\;C:\Program Files\dotnet\;C:\Program Files\Git\cmd;C:\Users\it_04\AppData\Local\Microsoft\WindowsApps;C:\Users\it_04\.dotnet\tools
USERNAME=it_04
OS=Windows_NT
PROCESSOR_IDENTIFIER=Intel64 Family 6 Model 165 Stepping 3, GenuineIntel



---------------  S Y S T E M  ---------------

OS: Windows 10 , 64 bit Build 19041 (10.0.19041.804)
OS uptime: 0 days 0:26 hours

CPU:total 4 (initial active 4) (2 cores per cpu, 2 threads per core) family 6 model 165 stepping 3 microcode 0xe0, cmov, cx8, fxsr, mmx, sse, sse2, sse3, ssse3, sse4.1, sse4.2, popcnt, aes, clmul, erms, 3dnowpref, lzcnt, ht, tsc, tscinvbit

Memory: 4k page, system-wide physical 16242M (10346M free)
TotalPageFile size 18674M (AvailPageFile size 13434M)
current process WorkingSet (physical memory assigned to process): 569M, peak: 595M
current process commit charge ("private bytes"): 605M, peak: 631M

vm_info: OpenJDK 64-Bit Server VM (11.0.15+0-b2043.56-9505619) for windows-amd64 JRE (11.0.15+0-b2043.56-9505619), built on Jan 19 2023 02:48:00 by "builduser" with unknown MS VC++:1929

END.
