#
# A fatal error has been detected by the Java Runtime Environment:
#
#  EXCEPTION_ACCESS_VIOLATION (0xc0000005) at pc=0x0000000000000001, pid=9840, tid=1720
#
# JRE version: OpenJDK Runtime Environment (11.0.15) (build 11.0.15+0-b2043.56-9505619)
# Java VM: OpenJDK 64-Bit Server VM (11.0.15+0-b2043.56-9505619, mixed mode, tiered, compressed oops, g1 gc, windows-amd64)
# Problematic frame:
# C  0x0000000000000001
#
# No core dump will be written. Minidumps are not enabled by default on client versions of Windows
#
# If you would like to submit a bug report, please visit:
#   https://bugreport.java.com/bugreport/crash.jsp
# The crash happened outside the Java Virtual Machine in native code.
# See problematic frame for where to report the bug.
#

---------------  S U M M A R Y ------------

Command Line: --add-opens=java.base/java.util=ALL-UNNAMED --add-opens=java.base/java.lang=ALL-UNNAMED --add-opens=java.base/java.lang.invoke=ALL-UNNAMED --add-opens=java.base/java.util=ALL-UNNAMED --add-opens=java.prefs/java.util.prefs=ALL-UNNAMED --add-opens=java.prefs/java.util.prefs=ALL-UNNAMED --add-opens=java.base/java.nio.charset=ALL-UNNAMED --add-opens=java.base/java.net=ALL-UNNAMED --add-opens=java.base/java.util.concurrent.atomic=ALL-UNNAMED -Xmx2048m -Dfile.encoding=UTF-8 -Duser.country=US -Duser.language=en -Duser.variant org.gradle.launcher.daemon.bootstrap.GradleDaemon 7.5

Host: Intel(R) Pentium(R) Gold G6400 CPU @ 4.00GHz, 4 cores, 15G,  Windows 10 , 64 bit Build 19041 (10.0.19041.804)
Time: Wed Apr 26 08:42:52 2023 SE Asia Standard Time elapsed time: 20.476898 seconds (0d 0h 0m 20s)

---------------  T H R E A D  ---------------

Current thread (0x000002c06b942800):  JavaThread "File watcher server" daemon [_thread_in_native, id=1720, stack(0x000000f54e600000,0x000000f54e700000)]

Stack: [0x000000f54e600000,0x000000f54e700000],  sp=0x000000f54e6feb38,  free space=1018k
Native frames: (J=compiled Java code, j=interpreted, Vv=VM code, C=native code)
C  0x0000000000000001

Java frames: (J=compiled Java code, j=interpreted, Vv=VM code)
j  net.rubygrapefruit.platform.internal.jni.AbstractFileEventFunctions$NativeFileWatcher.executeRunLoop0(Ljava/lang/Object;)V+0
j  net.rubygrapefruit.platform.internal.jni.AbstractFileEventFunctions$NativeFileWatcher.access$100(Lnet/rubygrapefruit/platform/internal/jni/AbstractFileEventFunctions$NativeFileWatcher;Ljava/lang/Object;)V+2
j  net.rubygrapefruit.platform.internal.jni.AbstractFileEventFunctions$NativeFileWatcher$1.run()V+26
v  ~StubRoutines::call_stub

siginfo: EXCEPTION_ACCESS_VIOLATION (0xc0000005), data execution prevention violation at address 0x0000000000000001


Register to memory mapping:

RIP=0x0000000000000001 is an unknown value
RAX=0x0000000000000001 is an unknown value
RBX=0x0 is NULL
RCX=0x000000f5523fab28 is pointing into the stack for thread: 0x000002c0730a6800
RDX=0x0 is NULL
RSP=0x000000f54e6feb38 is pointing into the stack for thread: 0x000002c06b942800
RBP=0x000000f54e6ff508 is pointing into the stack for thread: 0x000002c06b942800
RSI=0x000000f5523fab20 is pointing into the stack for thread: 0x000002c0730a6800
RDI=0x000000f5523faae0 is pointing into the stack for thread: 0x000002c0730a6800
R8 =0x000002c04c824b00 points into unknown readable memory: 0x000002c04c820d50 | 50 0d 82 4c c0 02 00 00
R9 =0x0000000000000001 is an unknown value
R10=0x0000000000008000 is an unknown value
R11=0x000000f54e6fe7f0 is pointing into the stack for thread: 0x000002c06b942800
R12=0x0 is NULL
R13={method} {0x000002c06e3e6a90} 'executeRunLoop0' '(Ljava/lang/Object;)V' in 'net/rubygrapefruit/platform/internal/jni/AbstractFileEventFunctions$NativeFileWatcher'
R14=0x0 is NULL
R15=0x000002c06b942800 is a thread


Registers:
RAX=0x0000000000000001, RBX=0x0000000000000000, RCX=0x000000f5523fab28, RDX=0x0000000000000000
RSP=0x000000f54e6feb38, RBP=0x000000f54e6ff508, RSI=0x000000f5523fab20, RDI=0x000000f5523faae0
R8 =0x000002c04c824b00, R9 =0x0000000000000001, R10=0x0000000000008000, R11=0x000000f54e6fe7f0
R12=0x0000000000000000, R13=0x000002c06e3e6a88, R14=0x0000000000000000, R15=0x000002c06b942800
RIP=0x0000000000000001, EFLAGS=0x0000000000010297

Top of Stack: (sp=0x000000f54e6feb38)
0x000000f54e6feb38:   00007fff9ecd63b9 0000000000000000
0x000000f54e6feb48:   000002c05255fa7a 000002c068b052d8
0x000000f54e6feb58:   00007fff9ecb3133 000002c0706d2c08
0x000000f54e6feb68:   000000008c77b1c0 00009089a0096b90
0x000000f54e6feb78:   00007fff9ecbda83 000000f54e6ff530
0x000000f54e6feb88:   000000f5523faae0 00007fff9ecaf150
0x000000f54e6feb98:   00007fff9ecc709b 000000f5523fab20
0x000000f54e6feba8:   0000000080418eb8 0000000000000000
0x000000f54e6febb8:   00007fff9ecbbfae 000002c0706d2c00
0x000000f54e6febc8:   00007fff9ecb92a6 000000f5523fab20
0x000000f54e6febd8:   0000000000000000 000002c0706d2c00
0x000000f54e6febe8:   00007fff9ec957b3 0000000000000000
0x000000f54e6febf8:   00007fff9ecc64c2 000000f54e6fec40
0x000000f54e6fec08:   000000f5523fab20 000002c068794a20
0x000000f54e6fec18:   0000000000000000 00000000803d4b01
0x000000f54e6fec28:   000002c0686afd50 0000000000000000 

Instructions: (pc=0x0000000000000001)
0xffffffffffffff01:   


Stack slot to memory mapping:
stack at sp + 0 slots: 0x00007fff9ecd63b9 native-platform-file-events.dll
stack at sp + 1 slots: 0x0 is NULL
stack at sp + 2 slots: 0x000002c05255fa7a is at code_begin+2458 in an Interpreter codelet
method entry point (kind = native)  [0x000002c05255f0e0, 0x000002c05255fb60]  2688 bytes
stack at sp + 3 slots: {method} {0x000002c068b052e0} 'findEntry' '(Ljava/lang/String;)J' in 'java/lang/ClassLoader$NativeLibrary'
stack at sp + 4 slots: 0x00007fff9ecb3133 native-platform-file-events.dll
stack at sp + 5 slots: 0x000002c0706d2c08 points into unknown readable memory: 0x000002c06f0d1aa0 | a0 1a 0d 6f c0 02 00 00
stack at sp + 6 slots: 0x000000008c77b1c0 is an unallocated location in the heap
stack at sp + 7 slots: 0x00009089a0096b90 is an unknown value


---------------  P R O C E S S  ---------------

Threads class SMR info:
_java_thread_list=0x000002c0706d3500, length=86, elements={
0x000002c04ea32800, 0x000002c068eca800, 0x000002c068ecb800, 0x000002c068f28000,
0x000002c068f29000, 0x000002c068f2c000, 0x000002c068f2f800, 0x000002c06868d800,
0x000002c068f8c800, 0x000002c069086800, 0x000002c06ab25800, 0x000002c06aed6000,
0x000002c06b1d3000, 0x000002c069e9a800, 0x000002c06b8e8000, 0x000002c06b8e9000,
0x000002c06b06a800, 0x000002c06b503800, 0x000002c06b088800, 0x000002c06ab20800,
0x000002c06b945000, 0x000002c06b947800, 0x000002c06b946800, 0x000002c06b942800,
0x000002c06b948000, 0x000002c06b943800, 0x000002c06b946000, 0x000002c06b944000,
0x000002c06d13e000, 0x000002c06d144800, 0x000002c06d141800, 0x000002c06d13f000,
0x000002c06d146800, 0x000002c06d144000, 0x000002c06d140800, 0x000002c06d147000,
0x000002c06d148000, 0x000002c06d149000, 0x000002c06d143000, 0x000002c06d14c000,
0x000002c06d149800, 0x000002c06d14b800, 0x000002c06d14d000, 0x000002c06d14a800,
0x000002c06c6d2000, 0x000002c06c6ce800, 0x000002c06c6cf800, 0x000002c06c6cd000,
0x000002c06c6d1000, 0x000002c06c6ce000, 0x000002c06c6d0800, 0x000002c06c6cc000,
0x000002c06c6d6000, 0x000002c06c6d3800, 0x000002c06c6d3000, 0x000002c06c6d7000,
0x000002c06c6d7800, 0x000002c06c6d8800, 0x000002c06c6d9800, 0x000002c06c6da000,
0x000002c06c6d4800, 0x000002c06c6db000, 0x000002c06c6d5000, 0x000002c06b4ef000,
0x000002c06b4ea000, 0x000002c06b4ee800, 0x000002c06b4e9800, 0x000002c06b4f0000,
0x000002c06b4ec800, 0x000002c06b4eb000, 0x000002c06b4ed800, 0x000002c06b4f1000,
0x000002c06b4f1800, 0x000002c06b4ec000, 0x000002c06b4f8000, 0x000002c06b4f7800,
0x000002c06b4f5800, 0x000002c06b4f5000, 0x000002c06b4f6800, 0x000002c06b4f2800,
0x000002c06b4f4000, 0x000002c0730a9000, 0x000002c0730a7800, 0x000002c0730a6800,
0x000002c0730ab800, 0x000002c072e75800
}

Java Threads: ( => current thread )
  0x000002c04ea32800 JavaThread "main" [_thread_blocked, id=7212, stack(0x000000f54c100000,0x000000f54c200000)]
  0x000002c068eca800 JavaThread "Reference Handler" daemon [_thread_blocked, id=4056, stack(0x000000f54cb00000,0x000000f54cc00000)]
  0x000002c068ecb800 JavaThread "Finalizer" daemon [_thread_blocked, id=7612, stack(0x000000f54cc00000,0x000000f54cd00000)]
  0x000002c068f28000 JavaThread "Signal Dispatcher" daemon [_thread_blocked, id=2564, stack(0x000000f54cd00000,0x000000f54ce00000)]
  0x000002c068f29000 JavaThread "Attach Listener" daemon [_thread_blocked, id=11152, stack(0x000000f54ce00000,0x000000f54cf00000)]
  0x000002c068f2c000 JavaThread "Service Thread" daemon [_thread_blocked, id=5424, stack(0x000000f54cf00000,0x000000f54d000000)]
  0x000002c068f2f800 JavaThread "C2 CompilerThread0" daemon [_thread_blocked, id=5384, stack(0x000000f54d000000,0x000000f54d100000)]
  0x000002c06868d800 JavaThread "C1 CompilerThread0" daemon [_thread_blocked, id=9552, stack(0x000000f54d100000,0x000000f54d200000)]
  0x000002c068f8c800 JavaThread "Sweeper thread" daemon [_thread_blocked, id=8896, stack(0x000000f54d200000,0x000000f54d300000)]
  0x000002c069086800 JavaThread "Common-Cleaner" daemon [_thread_blocked, id=6720, stack(0x000000f54d300000,0x000000f54d400000)]
  0x000002c06ab25800 JavaThread "Daemon health stats" [_thread_blocked, id=5032, stack(0x000000f54d900000,0x000000f54da00000)]
  0x000002c06aed6000 JavaThread "Incoming local TCP Connector on port 57387" [_thread_in_native, id=3376, stack(0x000000f54da00000,0x000000f54db00000)]
  0x000002c06b1d3000 JavaThread "Daemon periodic checks" [_thread_blocked, id=7748, stack(0x000000f54db00000,0x000000f54dc00000)]
  0x000002c069e9a800 JavaThread "Daemon" [_thread_blocked, id=4476, stack(0x000000f54dc00000,0x000000f54dd00000)]
  0x000002c06b8e8000 JavaThread "Handler for socket connection from /127.0.0.1:57387 to /127.0.0.1:57388" [_thread_in_native, id=11192, stack(0x000000f54dd00000,0x000000f54de00000)]
  0x000002c06b8e9000 JavaThread "Cancel handler" [_thread_blocked, id=10648, stack(0x000000f54de00000,0x000000f54df00000)]
  0x000002c06b06a800 JavaThread "Daemon worker" [_thread_blocked, id=3380, stack(0x000000f54df00000,0x000000f54e000000)]
  0x000002c06b503800 JavaThread "Asynchronous log dispatcher for DefaultDaemonConnection: socket connection from /127.0.0.1:57387 to /127.0.0.1:57388" [_thread_blocked, id=10036, stack(0x000000f54e000000,0x000000f54e100000)]
  0x000002c06b088800 JavaThread "Stdin handler" [_thread_blocked, id=716, stack(0x000000f54e100000,0x000000f54e200000)]
  0x000002c06ab20800 JavaThread "Daemon client event forwarder" [_thread_blocked, id=4264, stack(0x000000f54e200000,0x000000f54e300000)]
  0x000002c06b945000 JavaThread "Cache worker for journal cache (C:\Users\it_04\.gradle\caches\journal-1)" [_thread_blocked, id=6976, stack(0x000000f54e300000,0x000000f54e400000)]
  0x000002c06b947800 JavaThread "File lock request listener" [_thread_in_native, id=6928, stack(0x000000f54e400000,0x000000f54e500000)]
  0x000002c06b946800 JavaThread "Cache worker for file hash cache (C:\Users\it_04\.gradle\caches\7.5\fileHashes)" [_thread_blocked, id=7448, stack(0x000000f54e500000,0x000000f54e600000)]
=>0x000002c06b942800 JavaThread "File watcher server" daemon [_thread_in_native, id=1720, stack(0x000000f54e600000,0x000000f54e700000)]
  0x000002c06b948000 JavaThread "Cache worker for checksums cache (D:\SourceAndroid\KyThuat\.gradle\7.5\checksums)" [_thread_blocked, id=1020, stack(0x000000f54e800000,0x000000f54e900000)]
  0x000002c06b943800 JavaThread "Cache worker for cache directory md-rule (C:\Users\it_04\.gradle\caches\7.5\md-rule)" [_thread_blocked, id=1920, stack(0x000000f54e900000,0x000000f54ea00000)]
  0x000002c06b946000 JavaThread "Cache worker for file content cache (C:\Users\it_04\.gradle\caches\7.5\fileContent)" [_thread_blocked, id=7604, stack(0x000000f54ea00000,0x000000f54eb00000)]
  0x000002c06b944000 JavaThread "Cache worker for file hash cache (D:\SourceAndroid\KyThuat\.gradle\7.5\fileHashes)" [_thread_blocked, id=11016, stack(0x000000f54eb00000,0x000000f54ec00000)]
  0x000002c06d13e000 JavaThread "Cache worker for cache directory md-supplier (C:\Users\it_04\.gradle\caches\7.5\md-supplier)" [_thread_blocked, id=6024, stack(0x000000f54ec00000,0x000000f54ed00000)]
  0x000002c06d144800 JavaThread "Cache worker for execution history cache (C:\Users\it_04\.gradle\caches\7.5\executionHistory)" [_thread_blocked, id=11244, stack(0x000000f54ed00000,0x000000f54ee00000)]
  0x000002c06d141800 JavaThread "jar transforms" [_thread_blocked, id=9728, stack(0x000000f54ee00000,0x000000f54ef00000)]
  0x000002c06d13f000 JavaThread "jar transforms Thread 2" [_thread_blocked, id=6648, stack(0x000000f54ef00000,0x000000f54f000000)]
  0x000002c06d146800 JavaThread "jar transforms Thread 3" [_thread_blocked, id=6924, stack(0x000000f54f000000,0x000000f54f100000)]
  0x000002c06d144000 JavaThread "jar transforms Thread 4" [_thread_blocked, id=8748, stack(0x000000f54f100000,0x000000f54f200000)]
  0x000002c06d140800 JavaThread "Cache worker for dependencies-accessors (D:\SourceAndroid\KyThuat\.gradle\7.5\dependencies-accessors)" [_thread_blocked, id=9076, stack(0x000000f54f200000,0x000000f54f300000)]
  0x000002c06d147000 JavaThread "Cache worker for Build Output Cleanup Cache (D:\SourceAndroid\KyThuat\.gradle\buildOutputCleanup)" [_thread_blocked, id=1480, stack(0x000000f54f300000,0x000000f54f400000)]
  0x000002c06d148000 JavaThread "Unconstrained build operations" [_thread_blocked, id=10952, stack(0x000000f54f400000,0x000000f54f500000)]
  0x000002c06d149000 JavaThread "Unconstrained build operations Thread 2" [_thread_blocked, id=3840, stack(0x000000f54f500000,0x000000f54f600000)]
  0x000002c06d143000 JavaThread "Unconstrained build operations Thread 3" [_thread_blocked, id=3280, stack(0x000000f54f600000,0x000000f54f700000)]
  0x000002c06d14c000 JavaThread "Unconstrained build operations Thread 4" [_thread_blocked, id=2748, stack(0x000000f54f700000,0x000000f54f800000)]
  0x000002c06d149800 JavaThread "Unconstrained build operations Thread 5" [_thread_blocked, id=3800, stack(0x000000f54f800000,0x000000f54f900000)]
  0x000002c06d14b800 JavaThread "Unconstrained build operations Thread 6" [_thread_blocked, id=5584, stack(0x000000f54f900000,0x000000f54fa00000)]
  0x000002c06d14d000 JavaThread "Unconstrained build operations Thread 7" [_thread_blocked, id=9472, stack(0x000000f54fa00000,0x000000f54fb00000)]
  0x000002c06d14a800 JavaThread "Unconstrained build operations Thread 8" [_thread_blocked, id=10828, stack(0x000000f54fb00000,0x000000f54fc00000)]
  0x000002c06c6d2000 JavaThread "Unconstrained build operations Thread 9" [_thread_blocked, id=2260, stack(0x000000f54fc00000,0x000000f54fd00000)]
  0x000002c06c6ce800 JavaThread "Unconstrained build operations Thread 10" [_thread_blocked, id=6748, stack(0x000000f54fd00000,0x000000f54fe00000)]
  0x000002c06c6cf800 JavaThread "Unconstrained build operations Thread 11" [_thread_blocked, id=1316, stack(0x000000f54fe00000,0x000000f54ff00000)]
  0x000002c06c6cd000 JavaThread "Unconstrained build operations Thread 12" [_thread_blocked, id=6248, stack(0x000000f54ff00000,0x000000f550000000)]
  0x000002c06c6d1000 JavaThread "Unconstrained build operations Thread 13" [_thread_blocked, id=8372, stack(0x000000f550000000,0x000000f550100000)]
  0x000002c06c6ce000 JavaThread "Unconstrained build operations Thread 14" [_thread_blocked, id=976, stack(0x000000f550100000,0x000000f550200000)]
  0x000002c06c6d0800 JavaThread "Unconstrained build operations Thread 15" [_thread_blocked, id=3064, stack(0x000000f550200000,0x000000f550300000)]
  0x000002c06c6cc000 JavaThread "Unconstrained build operations Thread 16" [_thread_blocked, id=3084, stack(0x000000f550300000,0x000000f550400000)]
  0x000002c06c6d6000 JavaThread "Unconstrained build operations Thread 17" [_thread_blocked, id=5524, stack(0x000000f550400000,0x000000f550500000)]
  0x000002c06c6d3800 JavaThread "Unconstrained build operations Thread 18" [_thread_blocked, id=5564, stack(0x000000f550500000,0x000000f550600000)]
  0x000002c06c6d3000 JavaThread "Unconstrained build operations Thread 19" [_thread_blocked, id=9276, stack(0x000000f550600000,0x000000f550700000)]
  0x000002c06c6d7000 JavaThread "Unconstrained build operations Thread 20" [_thread_blocked, id=5620, stack(0x000000f550700000,0x000000f550800000)]
  0x000002c06c6d7800 JavaThread "Unconstrained build operations Thread 21" [_thread_blocked, id=6080, stack(0x000000f550800000,0x000000f550900000)]
  0x000002c06c6d8800 JavaThread "Unconstrained build operations Thread 22" [_thread_blocked, id=4992, stack(0x000000f550900000,0x000000f550a00000)]
  0x000002c06c6d9800 JavaThread "Unconstrained build operations Thread 23" [_thread_blocked, id=1352, stack(0x000000f550a00000,0x000000f550b00000)]
  0x000002c06c6da000 JavaThread "Unconstrained build operations Thread 24" [_thread_blocked, id=1460, stack(0x000000f550b00000,0x000000f550c00000)]
  0x000002c06c6d4800 JavaThread "Unconstrained build operations Thread 25" [_thread_blocked, id=2156, stack(0x000000f550c00000,0x000000f550d00000)]
  0x000002c06c6db000 JavaThread "Unconstrained build operations Thread 26" [_thread_blocked, id=2388, stack(0x000000f550d00000,0x000000f550e00000)]
  0x000002c06c6d5000 JavaThread "Unconstrained build operations Thread 27" [_thread_blocked, id=7288, stack(0x000000f550e00000,0x000000f550f00000)]
  0x000002c06b4ef000 JavaThread "Unconstrained build operations Thread 28" [_thread_blocked, id=1552, stack(0x000000f550f00000,0x000000f551000000)]
  0x000002c06b4ea000 JavaThread "Unconstrained build operations Thread 29" [_thread_blocked, id=9692, stack(0x000000f551000000,0x000000f551100000)]
  0x000002c06b4ee800 JavaThread "Unconstrained build operations Thread 30" [_thread_blocked, id=6880, stack(0x000000f551100000,0x000000f551200000)]
  0x000002c06b4e9800 JavaThread "Unconstrained build operations Thread 31" [_thread_blocked, id=5900, stack(0x000000f551200000,0x000000f551300000)]
  0x000002c06b4f0000 JavaThread "Unconstrained build operations Thread 32" [_thread_blocked, id=5064, stack(0x000000f551300000,0x000000f551400000)]
  0x000002c06b4ec800 JavaThread "Unconstrained build operations Thread 33" [_thread_blocked, id=2200, stack(0x000000f551400000,0x000000f551500000)]
  0x000002c06b4eb000 JavaThread "Unconstrained build operations Thread 34" [_thread_blocked, id=3500, stack(0x000000f551500000,0x000000f551600000)]
  0x000002c06b4ed800 JavaThread "Unconstrained build operations Thread 35" [_thread_blocked, id=9800, stack(0x000000f551600000,0x000000f551700000)]
  0x000002c06b4f1000 JavaThread "Unconstrained build operations Thread 36" [_thread_blocked, id=11168, stack(0x000000f551700000,0x000000f551800000)]
  0x000002c06b4f1800 JavaThread "Unconstrained build operations Thread 37" [_thread_blocked, id=6368, stack(0x000000f551800000,0x000000f551900000)]
  0x000002c06b4ec000 JavaThread "Unconstrained build operations Thread 38" [_thread_blocked, id=2984, stack(0x000000f551900000,0x000000f551a00000)]
  0x000002c06b4f8000 JavaThread "Unconstrained build operations Thread 39" [_thread_blocked, id=10432, stack(0x000000f551a00000,0x000000f551b00000)]
  0x000002c06b4f7800 JavaThread "Unconstrained build operations Thread 40" [_thread_blocked, id=9540, stack(0x000000f551b00000,0x000000f551c00000)]
  0x000002c06b4f5800 JavaThread "Memory manager" [_thread_blocked, id=8364, stack(0x000000f551c00000,0x000000f551d00000)]
  0x000002c06b4f5000 JavaThread "build event listener" [_thread_blocked, id=5724, stack(0x000000f551d00000,0x000000f551e00000)]
  0x000002c06b4f6800 JavaThread "pool-3-thread-1" [_thread_blocked, id=9660, stack(0x000000f551e00000,0x000000f551f00000)]
  0x000002c06b4f2800 JavaThread "build event listener" [_thread_blocked, id=8408, stack(0x000000f551f00000,0x000000f552000000)]
  0x000002c06b4f4000 JavaThread "included builds" [_thread_blocked, id=9592, stack(0x000000f552000000,0x000000f552100000)]
  0x000002c0730a9000 JavaThread "Execution worker" [_thread_blocked, id=2164, stack(0x000000f552100000,0x000000f552200000)]
  0x000002c0730a7800 JavaThread "Execution worker Thread 2" [_thread_blocked, id=7632, stack(0x000000f552200000,0x000000f552300000)]
  0x000002c0730a6800 JavaThread "Execution worker Thread 3" [_thread_blocked, id=8260, stack(0x000000f552300000,0x000000f552400000)]
  0x000002c0730ab800 JavaThread "Cache worker for execution history cache (D:\SourceAndroid\KyThuat\.gradle\7.5\executionHistory)" [_thread_in_Java, id=2888, stack(0x000000f552400000,0x000000f552500000)]
  0x000002c072e75800 JavaThread "C2 CompilerThread1" daemon [_thread_in_native, id=5868, stack(0x000000f54d500000,0x000000f54d600000)]

Other Threads:
  0x000002c068ec8000 VMThread "VM Thread" [stack: 0x000000f54ca00000,0x000000f54cb00000] [id=9204]
  0x000002c069087800 WatcherThread [stack: 0x000000f54d400000,0x000000f54d500000] [id=8072]
  0x000002c04ea4c000 GCTaskThread "GC Thread#0" [stack: 0x000000f54c500000,0x000000f54c600000] [id=8132]
  0x000002c0693c8800 GCTaskThread "GC Thread#1" [stack: 0x000000f54d600000,0x000000f54d700000] [id=9664]
  0x000002c06928e800 GCTaskThread "GC Thread#2" [stack: 0x000000f54d700000,0x000000f54d800000] [id=1508]
  0x000002c0697db800 GCTaskThread "GC Thread#3" [stack: 0x000000f54d800000,0x000000f54d900000] [id=2484]
  0x000002c04ea7c000 ConcurrentGCThread "G1 Main Marker" [stack: 0x000000f54c600000,0x000000f54c700000] [id=5832]
  0x000002c04ea7d800 ConcurrentGCThread "G1 Conc#0" [stack: 0x000000f54c700000,0x000000f54c800000] [id=10180]
  0x000002c04eafd800 ConcurrentGCThread "G1 Refine#0" [stack: 0x000000f54c800000,0x000000f54c900000] [id=8744]
  0x000002c04eafe800 ConcurrentGCThread "G1 Young RemSet Sampling" [stack: 0x000000f54c900000,0x000000f54ca00000] [id=808]

Threads with active compile tasks:
C1 CompilerThread0    20493 8596       3       org.gradle.cache.internal.btree.BTreePersistentIndexedCache$IndexBlock::find (140 bytes)
C2 CompilerThread1    20493 8595       4       jdk.internal.org.objectweb.asm.ClassWriter::newNameTypeItem (71 bytes)

VM state:not at safepoint (normal execution)

VM Mutex/Monitor currently owned by a thread: None

Heap address: 0x0000000080000000, size: 2048 MB, Compressed Oops mode: 32-bit
Narrow klass base: 0x0000000000000000, Narrow klass shift: 3
Compressed class space size: 1073741824 Address: 0x0000000100000000

Heap:
 garbage-first heap   total 312320K, used 104018K [0x0000000080000000, 0x0000000100000000)
  region size 1024K, 52 young (53248K), 20 survivors (20480K)
 Metaspace       used 85964K, capacity 88204K, committed 88496K, reserved 1126400K
  class space    used 11133K, capacity 11922K, committed 12032K, reserved 1048576K
Heap Regions: E=young(eden), S=young(survivor), O=old, HS=humongous(starts), HC=humongous(continues), CS=collection set, F=free, A=archive, TAMS=top-at-mark-start (previous, next)
|   0|0x0000000080000000, 0x0000000080100000, 0x0000000080100000|100%|HS|  |TAMS 0x0000000080100000, 0x0000000080000000| Complete 
|   1|0x0000000080100000, 0x0000000080200000, 0x0000000080200000|100%|HC|  |TAMS 0x0000000080200000, 0x0000000080100000| Complete 
|   2|0x0000000080200000, 0x0000000080300000, 0x0000000080300000|100%|HC|  |TAMS 0x0000000080300000, 0x0000000080200000| Complete 
|   3|0x0000000080300000, 0x0000000080400000, 0x0000000080400000|100%| O|  |TAMS 0x0000000080400000, 0x0000000080300000| Untracked 
|   4|0x0000000080400000, 0x0000000080500000, 0x0000000080500000|100%| O|  |TAMS 0x0000000080500000, 0x0000000080400000| Untracked 
|   5|0x0000000080500000, 0x0000000080600000, 0x0000000080600000|100%| O|  |TAMS 0x0000000080600000, 0x0000000080500000| Untracked 
|   6|0x0000000080600000, 0x0000000080700000, 0x0000000080700000|100%| O|  |TAMS 0x0000000080700000, 0x0000000080600000| Untracked 
|   7|0x0000000080700000, 0x0000000080800000, 0x0000000080800000|100%| O|  |TAMS 0x0000000080800000, 0x0000000080700000| Untracked 
|   8|0x0000000080800000, 0x0000000080900000, 0x0000000080900000|100%| O|  |TAMS 0x0000000080900000, 0x0000000080800000| Untracked 
|   9|0x0000000080900000, 0x0000000080a00000, 0x0000000080a00000|100%| O|  |TAMS 0x0000000080a00000, 0x0000000080900000| Untracked 
|  10|0x0000000080a00000, 0x0000000080b00000, 0x0000000080b00000|100%| O|  |TAMS 0x0000000080b00000, 0x0000000080a00000| Untracked 
|  11|0x0000000080b00000, 0x0000000080c00000, 0x0000000080c00000|100%| O|  |TAMS 0x0000000080c00000, 0x0000000080b00000| Untracked 
|  12|0x0000000080c00000, 0x0000000080d00000, 0x0000000080d00000|100%| O|  |TAMS 0x0000000080d00000, 0x0000000080c00000| Untracked 
|  13|0x0000000080d00000, 0x0000000080e00000, 0x0000000080e00000|100%| O|  |TAMS 0x0000000080e00000, 0x0000000080d00000| Untracked 
|  14|0x0000000080e00000, 0x0000000080f00000, 0x0000000080f00000|100%|HS|  |TAMS 0x0000000080f00000, 0x0000000080e00000| Complete 
|  15|0x0000000080f00000, 0x0000000081000000, 0x0000000081000000|100%|HS|  |TAMS 0x0000000081000000, 0x0000000080f00000| Complete 
|  16|0x0000000081000000, 0x0000000081100000, 0x0000000081100000|100%| O|  |TAMS 0x0000000081100000, 0x0000000081000000| Untracked 
|  17|0x0000000081100000, 0x0000000081200000, 0x0000000081200000|100%| O|  |TAMS 0x0000000081200000, 0x0000000081100000| Untracked 
|  18|0x0000000081200000, 0x0000000081300000, 0x0000000081300000|100%| O|  |TAMS 0x0000000081300000, 0x0000000081200000| Untracked 
|  19|0x0000000081300000, 0x0000000081400000, 0x0000000081400000|100%| O|  |TAMS 0x0000000081400000, 0x0000000081300000| Untracked 
|  20|0x0000000081400000, 0x0000000081500000, 0x0000000081500000|100%|HS|  |TAMS 0x0000000081500000, 0x0000000081400000| Complete 
|  21|0x0000000081500000, 0x0000000081600000, 0x0000000081600000|100%|HC|  |TAMS 0x0000000081600000, 0x0000000081500000| Complete 
|  22|0x0000000081600000, 0x0000000081700000, 0x0000000081700000|100%| O|  |TAMS 0x0000000081700000, 0x0000000081600000| Untracked 
|  23|0x0000000081700000, 0x0000000081800000, 0x0000000081800000|100%| O|  |TAMS 0x0000000081800000, 0x0000000081700000| Untracked 
|  24|0x0000000081800000, 0x0000000081900000, 0x0000000081900000|100%| O|  |TAMS 0x0000000081900000, 0x0000000081800000| Untracked 
|  25|0x0000000081900000, 0x0000000081a00000, 0x0000000081a00000|100%| O|  |TAMS 0x0000000081a00000, 0x0000000081900000| Untracked 
|  26|0x0000000081a00000, 0x0000000081b00000, 0x0000000081b00000|100%| O|  |TAMS 0x0000000081b00000, 0x0000000081a00000| Untracked 
|  27|0x0000000081b00000, 0x0000000081c00000, 0x0000000081c00000|100%| O|  |TAMS 0x0000000081c00000, 0x0000000081b00000| Untracked 
|  28|0x0000000081c00000, 0x0000000081d00000, 0x0000000081d00000|100%| O|  |TAMS 0x0000000081d00000, 0x0000000081c00000| Untracked 
|  29|0x0000000081d00000, 0x0000000081e00000, 0x0000000081e00000|100%| O|  |TAMS 0x0000000081e00000, 0x0000000081d00000| Untracked 
|  30|0x0000000081e00000, 0x0000000081f00000, 0x0000000081f00000|100%| O|  |TAMS 0x0000000081f00000, 0x0000000081e00000| Untracked 
|  31|0x0000000081f00000, 0x0000000082000000, 0x0000000082000000|100%| O|  |TAMS 0x0000000082000000, 0x0000000081f00000| Untracked 
|  32|0x0000000082000000, 0x0000000082100000, 0x0000000082100000|100%| O|  |TAMS 0x0000000082100000, 0x0000000082000000| Untracked 
|  33|0x0000000082100000, 0x0000000082200000, 0x0000000082200000|100%| O|  |TAMS 0x0000000082200000, 0x0000000082100000| Untracked 
|  34|0x0000000082200000, 0x0000000082300000, 0x0000000082300000|100%| O|  |TAMS 0x0000000082300000, 0x0000000082200000| Untracked 
|  35|0x0000000082300000, 0x0000000082400000, 0x0000000082400000|100%| O|  |TAMS 0x0000000082400000, 0x0000000082300000| Untracked 
|  36|0x0000000082400000, 0x0000000082500000, 0x0000000082500000|100%| O|  |TAMS 0x0000000082500000, 0x0000000082400000| Untracked 
|  37|0x0000000082500000, 0x0000000082600000, 0x0000000082600000|100%| O|  |TAMS 0x0000000082600000, 0x0000000082500000| Untracked 
|  38|0x0000000082600000, 0x0000000082700000, 0x0000000082700000|100%| O|  |TAMS 0x0000000082700000, 0x0000000082600000| Untracked 
|  39|0x0000000082700000, 0x0000000082800000, 0x0000000082800000|100%| O|  |TAMS 0x0000000082800000, 0x0000000082700000| Untracked 
|  40|0x0000000082800000, 0x0000000082900000, 0x0000000082900000|100%| O|  |TAMS 0x0000000082900000, 0x0000000082800000| Untracked 
|  41|0x0000000082900000, 0x0000000082a00000, 0x0000000082a00000|100%| O|  |TAMS 0x0000000082a00000, 0x0000000082900000| Untracked 
|  42|0x0000000082a00000, 0x0000000082b00000, 0x0000000082b00000|100%| O|  |TAMS 0x0000000082b00000, 0x0000000082a00000| Untracked 
|  43|0x0000000082b00000, 0x0000000082c00000, 0x0000000082c00000|100%| O|  |TAMS 0x0000000082c00000, 0x0000000082b00000| Untracked 
|  44|0x0000000082c00000, 0x0000000082d00000, 0x0000000082d00000|100%| O|  |TAMS 0x0000000082d00000, 0x0000000082c00000| Untracked 
|  45|0x0000000082d00000, 0x0000000082e00000, 0x0000000082e00000|100%| O|  |TAMS 0x0000000082e00000, 0x0000000082d00000| Untracked 
|  46|0x0000000082e00000, 0x0000000082f00000, 0x0000000082f00000|100%| O|  |TAMS 0x0000000082f00000, 0x0000000082e00000| Untracked 
|  47|0x0000000082f00000, 0x0000000083000000, 0x0000000083000000|100%| O|  |TAMS 0x0000000083000000, 0x0000000082f00000| Untracked 
|  48|0x0000000083000000, 0x0000000083100000, 0x0000000083100000|100%| O|  |TAMS 0x0000000083100000, 0x0000000083000000| Untracked 
|  49|0x0000000083100000, 0x0000000083200000, 0x0000000083200000|100%| O|  |TAMS 0x0000000083200000, 0x0000000083100000| Untracked 
|  50|0x0000000083200000, 0x0000000083300000, 0x0000000083300000|100%| O|  |TAMS 0x0000000083300000, 0x0000000083200000| Untracked 
|  51|0x0000000083300000, 0x0000000083394800, 0x0000000083400000| 58%| O|  |TAMS 0x0000000083394800, 0x0000000083300000| Untracked 
|  52|0x0000000083400000, 0x0000000083400000, 0x0000000083500000|  0%| F|  |TAMS 0x0000000083400000, 0x0000000083400000| Untracked 
|  53|0x0000000083500000, 0x0000000083500000, 0x0000000083600000|  0%| F|  |TAMS 0x0000000083500000, 0x0000000083500000| Untracked 
|  54|0x0000000083600000, 0x0000000083600000, 0x0000000083700000|  0%| F|  |TAMS 0x0000000083600000, 0x0000000083600000| Untracked 
|  55|0x0000000083700000, 0x0000000083700000, 0x0000000083800000|  0%| F|  |TAMS 0x0000000083700000, 0x0000000083700000| Untracked 
|  56|0x0000000083800000, 0x0000000083800000, 0x0000000083900000|  0%| F|  |TAMS 0x0000000083800000, 0x0000000083800000| Untracked 
|  57|0x0000000083900000, 0x0000000083900000, 0x0000000083a00000|  0%| F|  |TAMS 0x0000000083900000, 0x0000000083900000| Untracked 
|  58|0x0000000083a00000, 0x0000000083a00000, 0x0000000083b00000|  0%| F|  |TAMS 0x0000000083a00000, 0x0000000083a00000| Untracked 
|  59|0x0000000083b00000, 0x0000000083b00000, 0x0000000083c00000|  0%| F|  |TAMS 0x0000000083b00000, 0x0000000083b00000| Untracked 
|  60|0x0000000083c00000, 0x0000000083c00000, 0x0000000083d00000|  0%| F|  |TAMS 0x0000000083c00000, 0x0000000083c00000| Untracked 
|  61|0x0000000083d00000, 0x0000000083d00000, 0x0000000083e00000|  0%| F|  |TAMS 0x0000000083d00000, 0x0000000083d00000| Untracked 
|  62|0x0000000083e00000, 0x0000000083e00000, 0x0000000083f00000|  0%| F|  |TAMS 0x0000000083e00000, 0x0000000083e00000| Untracked 
|  63|0x0000000083f00000, 0x0000000083f00000, 0x0000000084000000|  0%| F|  |TAMS 0x0000000083f00000, 0x0000000083f00000| Untracked 
|  64|0x0000000084000000, 0x0000000084000000, 0x0000000084100000|  0%| F|  |TAMS 0x0000000084000000, 0x0000000084000000| Untracked 
|  65|0x0000000084100000, 0x0000000084100000, 0x0000000084200000|  0%| F|  |TAMS 0x0000000084100000, 0x0000000084100000| Untracked 
|  66|0x0000000084200000, 0x0000000084200000, 0x0000000084300000|  0%| F|  |TAMS 0x0000000084200000, 0x0000000084200000| Untracked 
|  67|0x0000000084300000, 0x0000000084300000, 0x0000000084400000|  0%| F|  |TAMS 0x0000000084300000, 0x0000000084300000| Untracked 
|  68|0x0000000084400000, 0x0000000084400000, 0x0000000084500000|  0%| F|  |TAMS 0x0000000084400000, 0x0000000084400000| Untracked 
|  69|0x0000000084500000, 0x0000000084500000, 0x0000000084600000|  0%| F|  |TAMS 0x0000000084500000, 0x0000000084500000| Untracked 
|  70|0x0000000084600000, 0x0000000084600000, 0x0000000084700000|  0%| F|  |TAMS 0x0000000084600000, 0x0000000084600000| Untracked 
|  71|0x0000000084700000, 0x0000000084700000, 0x0000000084800000|  0%| F|  |TAMS 0x0000000084700000, 0x0000000084700000| Untracked 
|  72|0x0000000084800000, 0x0000000084800000, 0x0000000084900000|  0%| F|  |TAMS 0x0000000084800000, 0x0000000084800000| Untracked 
|  73|0x0000000084900000, 0x0000000084900000, 0x0000000084a00000|  0%| F|  |TAMS 0x0000000084900000, 0x0000000084900000| Untracked 
|  74|0x0000000084a00000, 0x0000000084a00000, 0x0000000084b00000|  0%| F|  |TAMS 0x0000000084a00000, 0x0000000084a00000| Untracked 
|  75|0x0000000084b00000, 0x0000000084b00000, 0x0000000084c00000|  0%| F|  |TAMS 0x0000000084b00000, 0x0000000084b00000| Untracked 
|  76|0x0000000084c00000, 0x0000000084c00000, 0x0000000084d00000|  0%| F|  |TAMS 0x0000000084c00000, 0x0000000084c00000| Untracked 
|  77|0x0000000084d00000, 0x0000000084d00000, 0x0000000084e00000|  0%| F|  |TAMS 0x0000000084d00000, 0x0000000084d00000| Untracked 
|  78|0x0000000084e00000, 0x0000000084e00000, 0x0000000084f00000|  0%| F|  |TAMS 0x0000000084e00000, 0x0000000084e00000| Untracked 
|  79|0x0000000084f00000, 0x0000000084f00000, 0x0000000085000000|  0%| F|  |TAMS 0x0000000084f00000, 0x0000000084f00000| Untracked 
|  80|0x0000000085000000, 0x0000000085000000, 0x0000000085100000|  0%| F|  |TAMS 0x0000000085000000, 0x0000000085000000| Untracked 
|  81|0x0000000085100000, 0x0000000085100000, 0x0000000085200000|  0%| F|  |TAMS 0x0000000085100000, 0x0000000085100000| Untracked 
|  82|0x0000000085200000, 0x0000000085200000, 0x0000000085300000|  0%| F|  |TAMS 0x0000000085200000, 0x0000000085200000| Untracked 
|  83|0x0000000085300000, 0x0000000085300000, 0x0000000085400000|  0%| F|  |TAMS 0x0000000085300000, 0x0000000085300000| Untracked 
|  84|0x0000000085400000, 0x0000000085400000, 0x0000000085500000|  0%| F|  |TAMS 0x0000000085400000, 0x0000000085400000| Untracked 
|  85|0x0000000085500000, 0x0000000085500000, 0x0000000085600000|  0%| F|  |TAMS 0x0000000085500000, 0x0000000085500000| Untracked 
|  86|0x0000000085600000, 0x0000000085600000, 0x0000000085700000|  0%| F|  |TAMS 0x0000000085600000, 0x0000000085600000| Untracked 
|  87|0x0000000085700000, 0x0000000085700000, 0x0000000085800000|  0%| F|  |TAMS 0x0000000085700000, 0x0000000085700000| Untracked 
|  88|0x0000000085800000, 0x0000000085800000, 0x0000000085900000|  0%| F|  |TAMS 0x0000000085800000, 0x0000000085800000| Untracked 
|  89|0x0000000085900000, 0x0000000085900000, 0x0000000085a00000|  0%| F|  |TAMS 0x0000000085900000, 0x0000000085900000| Untracked 
|  90|0x0000000085a00000, 0x0000000085a00000, 0x0000000085b00000|  0%| F|  |TAMS 0x0000000085a00000, 0x0000000085a00000| Untracked 
|  91|0x0000000085b00000, 0x0000000085b00000, 0x0000000085c00000|  0%| F|  |TAMS 0x0000000085b00000, 0x0000000085b00000| Untracked 
|  92|0x0000000085c00000, 0x0000000085c00000, 0x0000000085d00000|  0%| F|  |TAMS 0x0000000085c00000, 0x0000000085c00000| Untracked 
|  93|0x0000000085d00000, 0x0000000085d00000, 0x0000000085e00000|  0%| F|  |TAMS 0x0000000085d00000, 0x0000000085d00000| Untracked 
|  94|0x0000000085e00000, 0x0000000085e00000, 0x0000000085f00000|  0%| F|  |TAMS 0x0000000085e00000, 0x0000000085e00000| Untracked 
|  95|0x0000000085f00000, 0x0000000085f00000, 0x0000000086000000|  0%| F|  |TAMS 0x0000000085f00000, 0x0000000085f00000| Untracked 
|  96|0x0000000086000000, 0x0000000086000000, 0x0000000086100000|  0%| F|  |TAMS 0x0000000086000000, 0x0000000086000000| Untracked 
|  97|0x0000000086100000, 0x0000000086100000, 0x0000000086200000|  0%| F|  |TAMS 0x0000000086100000, 0x0000000086100000| Untracked 
|  98|0x0000000086200000, 0x0000000086200000, 0x0000000086300000|  0%| F|  |TAMS 0x0000000086200000, 0x0000000086200000| Untracked 
|  99|0x0000000086300000, 0x0000000086300000, 0x0000000086400000|  0%| F|  |TAMS 0x0000000086300000, 0x0000000086300000| Untracked 
| 100|0x0000000086400000, 0x0000000086400000, 0x0000000086500000|  0%| F|  |TAMS 0x0000000086400000, 0x0000000086400000| Untracked 
| 101|0x0000000086500000, 0x0000000086500000, 0x0000000086600000|  0%| F|  |TAMS 0x0000000086500000, 0x0000000086500000| Untracked 
| 102|0x0000000086600000, 0x0000000086600000, 0x0000000086700000|  0%| F|  |TAMS 0x0000000086600000, 0x0000000086600000| Untracked 
| 103|0x0000000086700000, 0x0000000086700000, 0x0000000086800000|  0%| F|  |TAMS 0x0000000086700000, 0x0000000086700000| Untracked 
| 104|0x0000000086800000, 0x0000000086800000, 0x0000000086900000|  0%| F|  |TAMS 0x0000000086800000, 0x0000000086800000| Untracked 
| 105|0x0000000086900000, 0x0000000086900000, 0x0000000086a00000|  0%| F|  |TAMS 0x0000000086900000, 0x0000000086900000| Untracked 
| 106|0x0000000086a00000, 0x0000000086a00000, 0x0000000086b00000|  0%| F|  |TAMS 0x0000000086a00000, 0x0000000086a00000| Untracked 
| 107|0x0000000086b00000, 0x0000000086b00000, 0x0000000086c00000|  0%| F|  |TAMS 0x0000000086b00000, 0x0000000086b00000| Untracked 
| 108|0x0000000086c00000, 0x0000000086c00000, 0x0000000086d00000|  0%| F|  |TAMS 0x0000000086c00000, 0x0000000086c00000| Untracked 
| 109|0x0000000086d00000, 0x0000000086d00000, 0x0000000086e00000|  0%| F|  |TAMS 0x0000000086d00000, 0x0000000086d00000| Untracked 
| 110|0x0000000086e00000, 0x0000000086e00000, 0x0000000086f00000|  0%| F|  |TAMS 0x0000000086e00000, 0x0000000086e00000| Untracked 
| 111|0x0000000086f00000, 0x0000000086f00000, 0x0000000087000000|  0%| F|  |TAMS 0x0000000086f00000, 0x0000000086f00000| Untracked 
| 112|0x0000000087000000, 0x0000000087000000, 0x0000000087100000|  0%| F|  |TAMS 0x0000000087000000, 0x0000000087000000| Untracked 
| 113|0x0000000087100000, 0x0000000087100000, 0x0000000087200000|  0%| F|  |TAMS 0x0000000087100000, 0x0000000087100000| Untracked 
| 114|0x0000000087200000, 0x0000000087200000, 0x0000000087300000|  0%| F|  |TAMS 0x0000000087200000, 0x0000000087200000| Untracked 
| 115|0x0000000087300000, 0x0000000087300000, 0x0000000087400000|  0%| F|  |TAMS 0x0000000087300000, 0x0000000087300000| Untracked 
| 116|0x0000000087400000, 0x0000000087400000, 0x0000000087500000|  0%| F|  |TAMS 0x0000000087400000, 0x0000000087400000| Untracked 
| 117|0x0000000087500000, 0x0000000087500000, 0x0000000087600000|  0%| F|  |TAMS 0x0000000087500000, 0x0000000087500000| Untracked 
| 118|0x0000000087600000, 0x0000000087600000, 0x0000000087700000|  0%| F|  |TAMS 0x0000000087600000, 0x0000000087600000| Untracked 
| 119|0x0000000087700000, 0x0000000087800000, 0x0000000087800000|100%| S|CS|TAMS 0x0000000087700000, 0x0000000087700000| Complete 
| 120|0x0000000087800000, 0x0000000087900000, 0x0000000087900000|100%| S|CS|TAMS 0x0000000087800000, 0x0000000087800000| Complete 
| 121|0x0000000087900000, 0x0000000087a00000, 0x0000000087a00000|100%| S|CS|TAMS 0x0000000087900000, 0x0000000087900000| Complete 
| 122|0x0000000087a00000, 0x0000000087b00000, 0x0000000087b00000|100%| S|CS|TAMS 0x0000000087a00000, 0x0000000087a00000| Complete 
| 123|0x0000000087b00000, 0x0000000087c00000, 0x0000000087c00000|100%| S|CS|TAMS 0x0000000087b00000, 0x0000000087b00000| Complete 
| 124|0x0000000087c00000, 0x0000000087d00000, 0x0000000087d00000|100%| S|CS|TAMS 0x0000000087c00000, 0x0000000087c00000| Complete 
| 125|0x0000000087d00000, 0x0000000087e00000, 0x0000000087e00000|100%| S|CS|TAMS 0x0000000087d00000, 0x0000000087d00000| Complete 
| 126|0x0000000087e00000, 0x0000000087f00000, 0x0000000087f00000|100%| S|CS|TAMS 0x0000000087e00000, 0x0000000087e00000| Complete 
| 127|0x0000000087f00000, 0x0000000088000000, 0x0000000088000000|100%| S|CS|TAMS 0x0000000087f00000, 0x0000000087f00000| Complete 
| 128|0x0000000088000000, 0x0000000088100000, 0x0000000088100000|100%| S|CS|TAMS 0x0000000088000000, 0x0000000088000000| Complete 
| 129|0x0000000088100000, 0x0000000088200000, 0x0000000088200000|100%| S|CS|TAMS 0x0000000088100000, 0x0000000088100000| Complete 
| 130|0x0000000088200000, 0x0000000088300000, 0x0000000088300000|100%| S|CS|TAMS 0x0000000088200000, 0x0000000088200000| Complete 
| 131|0x0000000088300000, 0x0000000088400000, 0x0000000088400000|100%| S|CS|TAMS 0x0000000088300000, 0x0000000088300000| Complete 
| 132|0x0000000088400000, 0x0000000088500000, 0x0000000088500000|100%| S|CS|TAMS 0x0000000088400000, 0x0000000088400000| Complete 
| 133|0x0000000088500000, 0x0000000088600000, 0x0000000088600000|100%| S|CS|TAMS 0x0000000088500000, 0x0000000088500000| Complete 
| 134|0x0000000088600000, 0x0000000088700000, 0x0000000088700000|100%| S|CS|TAMS 0x0000000088600000, 0x0000000088600000| Complete 
| 135|0x0000000088700000, 0x0000000088800000, 0x0000000088800000|100%| S|CS|TAMS 0x0000000088700000, 0x0000000088700000| Complete 
| 136|0x0000000088800000, 0x0000000088900000, 0x0000000088900000|100%| S|CS|TAMS 0x0000000088800000, 0x0000000088800000| Complete 
| 137|0x0000000088900000, 0x0000000088a00000, 0x0000000088a00000|100%| S|CS|TAMS 0x0000000088900000, 0x0000000088900000| Complete 
| 138|0x0000000088a00000, 0x0000000088b00000, 0x0000000088b00000|100%| S|CS|TAMS 0x0000000088a00000, 0x0000000088a00000| Complete 
| 139|0x0000000088b00000, 0x0000000088b00000, 0x0000000088c00000|  0%| F|  |TAMS 0x0000000088b00000, 0x0000000088b00000| Untracked 
| 140|0x0000000088c00000, 0x0000000088c00000, 0x0000000088d00000|  0%| F|  |TAMS 0x0000000088c00000, 0x0000000088c00000| Untracked 
| 141|0x0000000088d00000, 0x0000000088d00000, 0x0000000088e00000|  0%| F|  |TAMS 0x0000000088d00000, 0x0000000088d00000| Untracked 
| 142|0x0000000088e00000, 0x0000000088e00000, 0x0000000088f00000|  0%| F|  |TAMS 0x0000000088e00000, 0x0000000088e00000| Untracked 
| 143|0x0000000088f00000, 0x0000000088f00000, 0x0000000089000000|  0%| F|  |TAMS 0x0000000088f00000, 0x0000000088f00000| Untracked 
| 144|0x0000000089000000, 0x0000000089000000, 0x0000000089100000|  0%| F|  |TAMS 0x0000000089000000, 0x0000000089000000| Untracked 
| 145|0x0000000089100000, 0x0000000089100000, 0x0000000089200000|  0%| F|  |TAMS 0x0000000089100000, 0x0000000089100000| Untracked 
| 146|0x0000000089200000, 0x0000000089200000, 0x0000000089300000|  0%| F|  |TAMS 0x0000000089200000, 0x0000000089200000| Untracked 
| 147|0x0000000089300000, 0x0000000089300000, 0x0000000089400000|  0%| F|  |TAMS 0x0000000089300000, 0x0000000089300000| Untracked 
| 148|0x0000000089400000, 0x0000000089400000, 0x0000000089500000|  0%| F|  |TAMS 0x0000000089400000, 0x0000000089400000| Untracked 
| 149|0x0000000089500000, 0x0000000089500000, 0x0000000089600000|  0%| F|  |TAMS 0x0000000089500000, 0x0000000089500000| Untracked 
| 150|0x0000000089600000, 0x0000000089600000, 0x0000000089700000|  0%| F|  |TAMS 0x0000000089600000, 0x0000000089600000| Untracked 
| 151|0x0000000089700000, 0x0000000089700000, 0x0000000089800000|  0%| F|  |TAMS 0x0000000089700000, 0x0000000089700000| Untracked 
| 152|0x0000000089800000, 0x0000000089800000, 0x0000000089900000|  0%| F|  |TAMS 0x0000000089800000, 0x0000000089800000| Untracked 
| 153|0x0000000089900000, 0x0000000089900000, 0x0000000089a00000|  0%| F|  |TAMS 0x0000000089900000, 0x0000000089900000| Untracked 
| 154|0x0000000089a00000, 0x0000000089a00000, 0x0000000089b00000|  0%| F|  |TAMS 0x0000000089a00000, 0x0000000089a00000| Untracked 
| 155|0x0000000089b00000, 0x0000000089b00000, 0x0000000089c00000|  0%| F|  |TAMS 0x0000000089b00000, 0x0000000089b00000| Untracked 
| 156|0x0000000089c00000, 0x0000000089c00000, 0x0000000089d00000|  0%| F|  |TAMS 0x0000000089c00000, 0x0000000089c00000| Untracked 
| 157|0x0000000089d00000, 0x0000000089d00000, 0x0000000089e00000|  0%| F|  |TAMS 0x0000000089d00000, 0x0000000089d00000| Untracked 
| 158|0x0000000089e00000, 0x0000000089e00000, 0x0000000089f00000|  0%| F|  |TAMS 0x0000000089e00000, 0x0000000089e00000| Untracked 
| 159|0x0000000089f00000, 0x0000000089f00000, 0x000000008a000000|  0%| F|  |TAMS 0x0000000089f00000, 0x0000000089f00000| Untracked 
| 160|0x000000008a000000, 0x000000008a000000, 0x000000008a100000|  0%| F|  |TAMS 0x000000008a000000, 0x000000008a000000| Untracked 
| 161|0x000000008a100000, 0x000000008a100000, 0x000000008a200000|  0%| F|  |TAMS 0x000000008a100000, 0x000000008a100000| Untracked 
| 162|0x000000008a200000, 0x000000008a200000, 0x000000008a300000|  0%| F|  |TAMS 0x000000008a200000, 0x000000008a200000| Untracked 
| 163|0x000000008a300000, 0x000000008a300000, 0x000000008a400000|  0%| F|  |TAMS 0x000000008a300000, 0x000000008a300000| Untracked 
| 164|0x000000008a400000, 0x000000008a400000, 0x000000008a500000|  0%| F|  |TAMS 0x000000008a400000, 0x000000008a400000| Untracked 
| 165|0x000000008a500000, 0x000000008a500000, 0x000000008a600000|  0%| F|  |TAMS 0x000000008a500000, 0x000000008a500000| Untracked 
| 166|0x000000008a600000, 0x000000008a600000, 0x000000008a700000|  0%| F|  |TAMS 0x000000008a600000, 0x000000008a600000| Untracked 
| 167|0x000000008a700000, 0x000000008a700000, 0x000000008a800000|  0%| F|  |TAMS 0x000000008a700000, 0x000000008a700000| Untracked 
| 168|0x000000008a800000, 0x000000008a800000, 0x000000008a900000|  0%| F|  |TAMS 0x000000008a800000, 0x000000008a800000| Untracked 
| 169|0x000000008a900000, 0x000000008a900000, 0x000000008aa00000|  0%| F|  |TAMS 0x000000008a900000, 0x000000008a900000| Untracked 
| 170|0x000000008aa00000, 0x000000008aa00000, 0x000000008ab00000|  0%| F|  |TAMS 0x000000008aa00000, 0x000000008aa00000| Untracked 
| 171|0x000000008ab00000, 0x000000008ab00000, 0x000000008ac00000|  0%| F|  |TAMS 0x000000008ab00000, 0x000000008ab00000| Untracked 
| 172|0x000000008ac00000, 0x000000008ac00000, 0x000000008ad00000|  0%| F|  |TAMS 0x000000008ac00000, 0x000000008ac00000| Untracked 
| 173|0x000000008ad00000, 0x000000008ad00000, 0x000000008ae00000|  0%| F|  |TAMS 0x000000008ad00000, 0x000000008ad00000| Untracked 
| 174|0x000000008ae00000, 0x000000008ae00000, 0x000000008af00000|  0%| F|  |TAMS 0x000000008ae00000, 0x000000008ae00000| Untracked 
| 175|0x000000008af00000, 0x000000008af00000, 0x000000008b000000|  0%| F|  |TAMS 0x000000008af00000, 0x000000008af00000| Untracked 
| 176|0x000000008b000000, 0x000000008b000000, 0x000000008b100000|  0%| F|  |TAMS 0x000000008b000000, 0x000000008b000000| Untracked 
| 177|0x000000008b100000, 0x000000008b100000, 0x000000008b200000|  0%| F|  |TAMS 0x000000008b100000, 0x000000008b100000| Untracked 
| 178|0x000000008b200000, 0x000000008b200000, 0x000000008b300000|  0%| F|  |TAMS 0x000000008b200000, 0x000000008b200000| Untracked 
| 179|0x000000008b300000, 0x000000008b300000, 0x000000008b400000|  0%| F|  |TAMS 0x000000008b300000, 0x000000008b300000| Untracked 
| 180|0x000000008b400000, 0x000000008b400000, 0x000000008b500000|  0%| F|  |TAMS 0x000000008b400000, 0x000000008b400000| Untracked 
| 181|0x000000008b500000, 0x000000008b500000, 0x000000008b600000|  0%| F|  |TAMS 0x000000008b500000, 0x000000008b500000| Untracked 
| 182|0x000000008b600000, 0x000000008b600000, 0x000000008b700000|  0%| F|  |TAMS 0x000000008b600000, 0x000000008b600000| Untracked 
| 183|0x000000008b700000, 0x000000008b700000, 0x000000008b800000|  0%| F|  |TAMS 0x000000008b700000, 0x000000008b700000| Untracked 
| 184|0x000000008b800000, 0x000000008b800000, 0x000000008b900000|  0%| F|  |TAMS 0x000000008b800000, 0x000000008b800000| Untracked 
| 185|0x000000008b900000, 0x000000008b900000, 0x000000008ba00000|  0%| F|  |TAMS 0x000000008b900000, 0x000000008b900000| Untracked 
| 186|0x000000008ba00000, 0x000000008ba00000, 0x000000008bb00000|  0%| F|  |TAMS 0x000000008ba00000, 0x000000008ba00000| Untracked 
| 187|0x000000008bb00000, 0x000000008bb00000, 0x000000008bc00000|  0%| F|  |TAMS 0x000000008bb00000, 0x000000008bb00000| Untracked 
| 188|0x000000008bc00000, 0x000000008bc00000, 0x000000008bd00000|  0%| F|  |TAMS 0x000000008bc00000, 0x000000008bc00000| Untracked 
| 189|0x000000008bd00000, 0x000000008bd00000, 0x000000008be00000|  0%| F|  |TAMS 0x000000008bd00000, 0x000000008bd00000| Untracked 
| 190|0x000000008be00000, 0x000000008be00000, 0x000000008bf00000|  0%| F|  |TAMS 0x000000008be00000, 0x000000008be00000| Untracked 
| 191|0x000000008bf00000, 0x000000008bf00000, 0x000000008c000000|  0%| F|  |TAMS 0x000000008bf00000, 0x000000008bf00000| Untracked 
| 192|0x000000008c000000, 0x000000008c000000, 0x000000008c100000|  0%| F|  |TAMS 0x000000008c000000, 0x000000008c000000| Untracked 
| 193|0x000000008c100000, 0x000000008c100000, 0x000000008c200000|  0%| F|  |TAMS 0x000000008c100000, 0x000000008c100000| Untracked 
| 194|0x000000008c200000, 0x000000008c200000, 0x000000008c300000|  0%| F|  |TAMS 0x000000008c200000, 0x000000008c200000| Untracked 
| 195|0x000000008c300000, 0x000000008c300000, 0x000000008c400000|  0%| F|  |TAMS 0x000000008c300000, 0x000000008c300000| Untracked 
| 196|0x000000008c400000, 0x000000008c400000, 0x000000008c500000|  0%| F|  |TAMS 0x000000008c400000, 0x000000008c400000| Untracked 
| 197|0x000000008c500000, 0x000000008c500000, 0x000000008c600000|  0%| F|  |TAMS 0x000000008c500000, 0x000000008c500000| Untracked 
| 198|0x000000008c600000, 0x000000008c600000, 0x000000008c700000|  0%| F|  |TAMS 0x000000008c600000, 0x000000008c600000| Untracked 
| 199|0x000000008c700000, 0x000000008c700000, 0x000000008c800000|  0%| F|  |TAMS 0x000000008c700000, 0x000000008c700000| Untracked 
| 200|0x000000008c800000, 0x000000008c800000, 0x000000008c900000|  0%| F|  |TAMS 0x000000008c800000, 0x000000008c800000| Untracked 
| 201|0x000000008c900000, 0x000000008c900000, 0x000000008ca00000|  0%| F|  |TAMS 0x000000008c900000, 0x000000008c900000| Untracked 
| 202|0x000000008ca00000, 0x000000008ca00000, 0x000000008cb00000|  0%| F|  |TAMS 0x000000008ca00000, 0x000000008ca00000| Untracked 
| 203|0x000000008cb00000, 0x000000008cb00000, 0x000000008cc00000|  0%| F|  |TAMS 0x000000008cb00000, 0x000000008cb00000| Untracked 
| 204|0x000000008cc00000, 0x000000008cc00000, 0x000000008cd00000|  0%| F|  |TAMS 0x000000008cc00000, 0x000000008cc00000| Untracked 
| 205|0x000000008cd00000, 0x000000008cd00000, 0x000000008ce00000|  0%| F|  |TAMS 0x000000008cd00000, 0x000000008cd00000| Untracked 
| 206|0x000000008ce00000, 0x000000008ce00000, 0x000000008cf00000|  0%| F|  |TAMS 0x000000008ce00000, 0x000000008ce00000| Untracked 
| 207|0x000000008cf00000, 0x000000008cf00000, 0x000000008d000000|  0%| F|  |TAMS 0x000000008cf00000, 0x000000008cf00000| Untracked 
| 208|0x000000008d000000, 0x000000008d000000, 0x000000008d100000|  0%| F|  |TAMS 0x000000008d000000, 0x000000008d000000| Untracked 
| 209|0x000000008d100000, 0x000000008d100000, 0x000000008d200000|  0%| F|  |TAMS 0x000000008d100000, 0x000000008d100000| Untracked 
| 210|0x000000008d200000, 0x000000008d200000, 0x000000008d300000|  0%| F|  |TAMS 0x000000008d200000, 0x000000008d200000| Untracked 
| 211|0x000000008d300000, 0x000000008d300000, 0x000000008d400000|  0%| F|  |TAMS 0x000000008d300000, 0x000000008d300000| Untracked 
| 212|0x000000008d400000, 0x000000008d400000, 0x000000008d500000|  0%| F|  |TAMS 0x000000008d400000, 0x000000008d400000| Untracked 
| 213|0x000000008d500000, 0x000000008d500000, 0x000000008d600000|  0%| F|  |TAMS 0x000000008d500000, 0x000000008d500000| Untracked 
| 214|0x000000008d600000, 0x000000008d600000, 0x000000008d700000|  0%| F|  |TAMS 0x000000008d600000, 0x000000008d600000| Untracked 
| 215|0x000000008d700000, 0x000000008d700000, 0x000000008d800000|  0%| F|  |TAMS 0x000000008d700000, 0x000000008d700000| Untracked 
| 216|0x000000008d800000, 0x000000008d800000, 0x000000008d900000|  0%| F|  |TAMS 0x000000008d800000, 0x000000008d800000| Untracked 
| 217|0x000000008d900000, 0x000000008d900000, 0x000000008da00000|  0%| F|  |TAMS 0x000000008d900000, 0x000000008d900000| Untracked 
| 218|0x000000008da00000, 0x000000008da00000, 0x000000008db00000|  0%| F|  |TAMS 0x000000008da00000, 0x000000008da00000| Untracked 
| 219|0x000000008db00000, 0x000000008db00000, 0x000000008dc00000|  0%| F|  |TAMS 0x000000008db00000, 0x000000008db00000| Untracked 
| 220|0x000000008dc00000, 0x000000008dc00000, 0x000000008dd00000|  0%| F|  |TAMS 0x000000008dc00000, 0x000000008dc00000| Untracked 
| 221|0x000000008dd00000, 0x000000008dd00000, 0x000000008de00000|  0%| F|  |TAMS 0x000000008dd00000, 0x000000008dd00000| Untracked 
| 222|0x000000008de00000, 0x000000008de00000, 0x000000008df00000|  0%| F|  |TAMS 0x000000008de00000, 0x000000008de00000| Untracked 
| 223|0x000000008df00000, 0x000000008df00000, 0x000000008e000000|  0%| F|  |TAMS 0x000000008df00000, 0x000000008df00000| Untracked 
| 224|0x000000008e000000, 0x000000008e000000, 0x000000008e100000|  0%| F|  |TAMS 0x000000008e000000, 0x000000008e000000| Untracked 
| 225|0x000000008e100000, 0x000000008e100000, 0x000000008e200000|  0%| F|  |TAMS 0x000000008e100000, 0x000000008e100000| Untracked 
| 226|0x000000008e200000, 0x000000008e200000, 0x000000008e300000|  0%| F|  |TAMS 0x000000008e200000, 0x000000008e200000| Untracked 
| 227|0x000000008e300000, 0x000000008e300000, 0x000000008e400000|  0%| F|  |TAMS 0x000000008e300000, 0x000000008e300000| Untracked 
| 228|0x000000008e400000, 0x000000008e400000, 0x000000008e500000|  0%| F|  |TAMS 0x000000008e400000, 0x000000008e400000| Untracked 
| 229|0x000000008e500000, 0x000000008e500000, 0x000000008e600000|  0%| F|  |TAMS 0x000000008e500000, 0x000000008e500000| Untracked 
| 230|0x000000008e600000, 0x000000008e600000, 0x000000008e700000|  0%| F|  |TAMS 0x000000008e600000, 0x000000008e600000| Untracked 
| 231|0x000000008e700000, 0x000000008e700000, 0x000000008e800000|  0%| F|  |TAMS 0x000000008e700000, 0x000000008e700000| Untracked 
| 232|0x000000008e800000, 0x000000008e800000, 0x000000008e900000|  0%| F|  |TAMS 0x000000008e800000, 0x000000008e800000| Untracked 
| 233|0x000000008e900000, 0x000000008e900000, 0x000000008ea00000|  0%| F|  |TAMS 0x000000008e900000, 0x000000008e900000| Untracked 
| 234|0x000000008ea00000, 0x000000008ea00000, 0x000000008eb00000|  0%| F|  |TAMS 0x000000008ea00000, 0x000000008ea00000| Untracked 
| 235|0x000000008eb00000, 0x000000008eb00000, 0x000000008ec00000|  0%| F|  |TAMS 0x000000008eb00000, 0x000000008eb00000| Untracked 
| 236|0x000000008ec00000, 0x000000008ec00000, 0x000000008ed00000|  0%| F|  |TAMS 0x000000008ec00000, 0x000000008ec00000| Untracked 
| 237|0x000000008ed00000, 0x000000008ed00000, 0x000000008ee00000|  0%| F|  |TAMS 0x000000008ed00000, 0x000000008ed00000| Untracked 
| 238|0x000000008ee00000, 0x000000008ee00000, 0x000000008ef00000|  0%| F|  |TAMS 0x000000008ee00000, 0x000000008ee00000| Untracked 
| 239|0x000000008ef00000, 0x000000008ef00000, 0x000000008f000000|  0%| F|  |TAMS 0x000000008ef00000, 0x000000008ef00000| Untracked 
| 240|0x000000008f000000, 0x000000008f000000, 0x000000008f100000|  0%| F|  |TAMS 0x000000008f000000, 0x000000008f000000| Untracked 
| 241|0x000000008f100000, 0x000000008f100000, 0x000000008f200000|  0%| F|  |TAMS 0x000000008f100000, 0x000000008f100000| Untracked 
| 242|0x000000008f200000, 0x000000008f200000, 0x000000008f300000|  0%| F|  |TAMS 0x000000008f200000, 0x000000008f200000| Untracked 
| 243|0x000000008f300000, 0x000000008f300000, 0x000000008f400000|  0%| F|  |TAMS 0x000000008f300000, 0x000000008f300000| Untracked 
| 244|0x000000008f400000, 0x000000008f400000, 0x000000008f500000|  0%| F|  |TAMS 0x000000008f400000, 0x000000008f400000| Untracked 
| 245|0x000000008f500000, 0x000000008f500000, 0x000000008f600000|  0%| F|  |TAMS 0x000000008f500000, 0x000000008f500000| Untracked 
| 246|0x000000008f600000, 0x000000008f600000, 0x000000008f700000|  0%| F|  |TAMS 0x000000008f600000, 0x000000008f600000| Untracked 
| 247|0x000000008f700000, 0x000000008f700000, 0x000000008f800000|  0%| F|  |TAMS 0x000000008f700000, 0x000000008f700000| Untracked 
| 248|0x000000008f800000, 0x000000008f800000, 0x000000008f900000|  0%| F|  |TAMS 0x000000008f800000, 0x000000008f800000| Untracked 
| 249|0x000000008f900000, 0x000000008f900000, 0x000000008fa00000|  0%| F|  |TAMS 0x000000008f900000, 0x000000008f900000| Untracked 
| 250|0x000000008fa00000, 0x000000008fa00000, 0x000000008fb00000|  0%| F|  |TAMS 0x000000008fa00000, 0x000000008fa00000| Untracked 
| 251|0x000000008fb00000, 0x000000008fb00000, 0x000000008fc00000|  0%| F|  |TAMS 0x000000008fb00000, 0x000000008fb00000| Untracked 
| 252|0x000000008fc00000, 0x000000008fc00000, 0x000000008fd00000|  0%| F|  |TAMS 0x000000008fc00000, 0x000000008fc00000| Untracked 
| 253|0x000000008fd00000, 0x000000008fd00000, 0x000000008fe00000|  0%| F|  |TAMS 0x000000008fd00000, 0x000000008fd00000| Untracked 
| 254|0x000000008fe00000, 0x000000008fe00000, 0x000000008ff00000|  0%| F|  |TAMS 0x000000008fe00000, 0x000000008fe00000| Untracked 
| 255|0x000000008ff00000, 0x000000008ff00000, 0x0000000090000000|  0%| F|  |TAMS 0x000000008ff00000, 0x000000008ff00000| Untracked 
| 256|0x0000000090000000, 0x0000000090000000, 0x0000000090100000|  0%| F|  |TAMS 0x0000000090000000, 0x0000000090000000| Untracked 
| 257|0x0000000090100000, 0x0000000090100000, 0x0000000090200000|  0%| F|  |TAMS 0x0000000090100000, 0x0000000090100000| Untracked 
| 258|0x0000000090200000, 0x0000000090200000, 0x0000000090300000|  0%| F|  |TAMS 0x0000000090200000, 0x0000000090200000| Untracked 
| 259|0x0000000090300000, 0x0000000090300000, 0x0000000090400000|  0%| F|  |TAMS 0x0000000090300000, 0x0000000090300000| Untracked 
| 260|0x0000000090400000, 0x0000000090400000, 0x0000000090500000|  0%| F|  |TAMS 0x0000000090400000, 0x0000000090400000| Untracked 
| 261|0x0000000090500000, 0x0000000090500000, 0x0000000090600000|  0%| F|  |TAMS 0x0000000090500000, 0x0000000090500000| Untracked 
| 262|0x0000000090600000, 0x0000000090600000, 0x0000000090700000|  0%| F|  |TAMS 0x0000000090600000, 0x0000000090600000| Untracked 
| 263|0x0000000090700000, 0x0000000090700000, 0x0000000090800000|  0%| F|  |TAMS 0x0000000090700000, 0x0000000090700000| Untracked 
| 264|0x0000000090800000, 0x0000000090800000, 0x0000000090900000|  0%| F|  |TAMS 0x0000000090800000, 0x0000000090800000| Untracked 
| 265|0x0000000090900000, 0x0000000090900000, 0x0000000090a00000|  0%| F|  |TAMS 0x0000000090900000, 0x0000000090900000| Untracked 
| 266|0x0000000090a00000, 0x0000000090a00000, 0x0000000090b00000|  0%| F|  |TAMS 0x0000000090a00000, 0x0000000090a00000| Untracked 
| 267|0x0000000090b00000, 0x0000000090b00000, 0x0000000090c00000|  0%| F|  |TAMS 0x0000000090b00000, 0x0000000090b00000| Untracked 
| 268|0x0000000090c00000, 0x0000000090c00000, 0x0000000090d00000|  0%| F|  |TAMS 0x0000000090c00000, 0x0000000090c00000| Untracked 
| 269|0x0000000090d00000, 0x0000000090d00000, 0x0000000090e00000|  0%| F|  |TAMS 0x0000000090d00000, 0x0000000090d00000| Untracked 
| 270|0x0000000090e00000, 0x0000000090e00000, 0x0000000090f00000|  0%| F|  |TAMS 0x0000000090e00000, 0x0000000090e00000| Untracked 
| 271|0x0000000090f00000, 0x0000000090f00000, 0x0000000091000000|  0%| F|  |TAMS 0x0000000090f00000, 0x0000000090f00000| Untracked 
| 272|0x0000000091000000, 0x0000000091000800, 0x0000000091100000|  0%| E|  |TAMS 0x0000000091000000, 0x0000000091000000| Complete 
| 273|0x0000000091100000, 0x0000000091200000, 0x0000000091200000|100%| E|CS|TAMS 0x0000000091100000, 0x0000000091100000| Complete 
| 274|0x0000000091200000, 0x0000000091300000, 0x0000000091300000|100%| E|CS|TAMS 0x0000000091200000, 0x0000000091200000| Complete 
| 275|0x0000000091300000, 0x0000000091400000, 0x0000000091400000|100%| E|CS|TAMS 0x0000000091300000, 0x0000000091300000| Complete 
| 276|0x0000000091400000, 0x0000000091500000, 0x0000000091500000|100%| E|CS|TAMS 0x0000000091400000, 0x0000000091400000| Complete 
| 277|0x0000000091500000, 0x0000000091600000, 0x0000000091600000|100%| E|CS|TAMS 0x0000000091500000, 0x0000000091500000| Complete 
| 278|0x0000000091600000, 0x0000000091700000, 0x0000000091700000|100%| E|CS|TAMS 0x0000000091600000, 0x0000000091600000| Complete 
| 279|0x0000000091700000, 0x0000000091800000, 0x0000000091800000|100%| E|CS|TAMS 0x0000000091700000, 0x0000000091700000| Complete 
| 280|0x0000000091800000, 0x0000000091900000, 0x0000000091900000|100%| E|CS|TAMS 0x0000000091800000, 0x0000000091800000| Complete 
| 281|0x0000000091900000, 0x0000000091a00000, 0x0000000091a00000|100%| E|CS|TAMS 0x0000000091900000, 0x0000000091900000| Complete 
| 282|0x0000000091a00000, 0x0000000091b00000, 0x0000000091b00000|100%| E|CS|TAMS 0x0000000091a00000, 0x0000000091a00000| Complete 
| 283|0x0000000091b00000, 0x0000000091c00000, 0x0000000091c00000|100%| E|CS|TAMS 0x0000000091b00000, 0x0000000091b00000| Complete 
| 284|0x0000000091c00000, 0x0000000091d00000, 0x0000000091d00000|100%| E|CS|TAMS 0x0000000091c00000, 0x0000000091c00000| Complete 
| 285|0x0000000091d00000, 0x0000000091e00000, 0x0000000091e00000|100%| E|CS|TAMS 0x0000000091d00000, 0x0000000091d00000| Complete 
| 286|0x0000000091e00000, 0x0000000091f00000, 0x0000000091f00000|100%| E|CS|TAMS 0x0000000091e00000, 0x0000000091e00000| Complete 
| 287|0x0000000091f00000, 0x0000000092000000, 0x0000000092000000|100%| E|  |TAMS 0x0000000091f00000, 0x0000000091f00000| Complete 
| 288|0x0000000092000000, 0x0000000092100000, 0x0000000092100000|100%| E|CS|TAMS 0x0000000092000000, 0x0000000092000000| Complete 
| 289|0x0000000092100000, 0x0000000092200000, 0x0000000092200000|100%| E|CS|TAMS 0x0000000092100000, 0x0000000092100000| Complete 
| 290|0x0000000092200000, 0x0000000092300000, 0x0000000092300000|100%| E|CS|TAMS 0x0000000092200000, 0x0000000092200000| Complete 
| 291|0x0000000092300000, 0x0000000092400000, 0x0000000092400000|100%| E|CS|TAMS 0x0000000092300000, 0x0000000092300000| Complete 
| 292|0x0000000092400000, 0x0000000092500000, 0x0000000092500000|100%| E|CS|TAMS 0x0000000092400000, 0x0000000092400000| Complete 
| 293|0x0000000092500000, 0x0000000092600000, 0x0000000092600000|100%| E|CS|TAMS 0x0000000092500000, 0x0000000092500000| Complete 
| 294|0x0000000092600000, 0x0000000092700000, 0x0000000092700000|100%| E|CS|TAMS 0x0000000092600000, 0x0000000092600000| Complete 
| 295|0x0000000092700000, 0x0000000092800000, 0x0000000092800000|100%| E|CS|TAMS 0x0000000092700000, 0x0000000092700000| Complete 
| 296|0x0000000092800000, 0x0000000092900000, 0x0000000092900000|100%| E|CS|TAMS 0x0000000092800000, 0x0000000092800000| Complete 
| 297|0x0000000092900000, 0x0000000092a00000, 0x0000000092a00000|100%| E|CS|TAMS 0x0000000092900000, 0x0000000092900000| Complete 
| 298|0x0000000092a00000, 0x0000000092b00000, 0x0000000092b00000|100%| E|CS|TAMS 0x0000000092a00000, 0x0000000092a00000| Complete 
| 299|0x0000000092b00000, 0x0000000092c00000, 0x0000000092c00000|100%| E|CS|TAMS 0x0000000092b00000, 0x0000000092b00000| Complete 
| 300|0x0000000092c00000, 0x0000000092d00000, 0x0000000092d00000|100%| E|CS|TAMS 0x0000000092c00000, 0x0000000092c00000| Complete 
| 301|0x0000000092d00000, 0x0000000092e00000, 0x0000000092e00000|100%| E|CS|TAMS 0x0000000092d00000, 0x0000000092d00000| Complete 
| 302|0x0000000092e00000, 0x0000000092f00000, 0x0000000092f00000|100%| E|CS|TAMS 0x0000000092e00000, 0x0000000092e00000| Complete 
| 303|0x0000000092f00000, 0x0000000093000000, 0x0000000093000000|100%| E|CS|TAMS 0x0000000092f00000, 0x0000000092f00000| Complete 
| 304|0x0000000093000000, 0x0000000093100000, 0x0000000093100000|100%| E|CS|TAMS 0x0000000093000000, 0x0000000093000000| Complete 

Card table byte_map: [0x000002c061950000,0x000002c061d50000] _byte_map_base: 0x000002c061550000

Marking Bits (Prev, Next): (CMBitMap*) 0x000002c04ea73670, (CMBitMap*) 0x000002c04ea73638
 Prev Bits: [0x000002c064150000, 0x000002c066150000)
 Next Bits: [0x000002c062150000, 0x000002c064150000)

Polling page: 0x000002c04c9a0000

Metaspace:

Usage:
  Non-class:     74.56 MB capacity,    73.09 MB ( 98%) used,     1.23 MB (  2%) free+waste,   237.00 KB ( <1%) overhead. 
      Class:     11.64 MB capacity,    10.88 MB ( 93%) used,   676.73 KB (  6%) free+waste,   109.50 KB ( <1%) overhead. 
       Both:     86.20 MB capacity,    83.97 MB ( 97%) used,     1.89 MB (  2%) free+waste,   346.50 KB ( <1%) overhead. 

Virtual space:
  Non-class space:       76.00 MB reserved,      74.67 MB ( 98%) committed 
      Class space:        1.00 GB reserved,      11.75 MB (  1%) committed 
             Both:        1.07 GB reserved,      86.42 MB (  8%) committed 

Chunk freelists:
   Non-Class:  52.00 KB
       Class:  13.00 KB
        Both:  65.00 KB

MaxMetaspaceSize: 17179869184.00 GB
CompressedClassSpaceSize: 1.00 GB
Initial GC threshold: 20.80 MB
Current GC threshold: 138.41 MB
CDS: off

CodeHeap 'non-profiled nmethods': size=120064Kb used=4830Kb max_used=4830Kb free=115233Kb
 bounds [0x000002c05a010000, 0x000002c05a4d0000, 0x000002c061550000]
CodeHeap 'profiled nmethods': size=120000Kb used=18199Kb max_used=18199Kb free=101800Kb
 bounds [0x000002c052ae0000, 0x000002c053cb0000, 0x000002c05a010000]
CodeHeap 'non-nmethods': size=5696Kb used=2365Kb max_used=2406Kb free=3330Kb
 bounds [0x000002c052550000, 0x000002c0527c0000, 0x000002c052ae0000]
 total_blobs=9422 nmethods=8531 adapters=803
 compilation: enabled
              stopped_count=0, restarted_count=0
 full_count=0

Compilation events (20 events):
Event: 20.459 Thread 0x000002c06868d800 8580       1       org.gradle.execution.plan.LocalTaskNode::getPrepareNode (5 bytes)
Event: 20.459 Thread 0x000002c06868d800 nmethod 8580 0x000002c05a4c4710 code [0x000002c05a4c48c0, 0x000002c05a4c4978]
Event: 20.459 Thread 0x000002c06868d800 8581       3       java.io.ObjectStreamField::getTypeString (16 bytes)
Event: 20.460 Thread 0x000002c06868d800 nmethod 8581 0x000002c053c9ac90 code [0x000002c053c9aec0, 0x000002c053c9b558]
Event: 20.460 Thread 0x000002c06868d800 8582       3       java.io.ObjectOutputStream::writeTypeString (40 bytes)
Event: 20.460 Thread 0x000002c06868d800 nmethod 8582 0x000002c053c9b790 code [0x000002c053c9b9a0, 0x000002c053c9bd88]
Event: 20.461 Thread 0x000002c068f2f800 nmethod 8562% 0x000002c05a4c4a10 code [0x000002c05a4c4c00, 0x000002c05a4c59b8]
Event: 20.461 Thread 0x000002c06868d800 8583       3       com.google.common.collect.ImmutableMap$Builder::<init> (6 bytes)
Event: 20.461 Thread 0x000002c068f2f800 8584       4       com.google.common.collect.ImmutableMap$Builder::put (35 bytes)
Event: 20.461 Thread 0x000002c06868d800 nmethod 8583 0x000002c053c9bf90 code [0x000002c053c9c160, 0x000002c053c9c418]
Event: 20.463 Thread 0x000002c06868d800 8585       3       java.lang.invoke.MethodHandles::constant (87 bytes)
Event: 20.463 Thread 0x000002c06868d800 nmethod 8585 0x000002c053c9c510 code [0x000002c053c9c820, 0x000002c053c9d6f8]
Event: 20.465 Thread 0x000002c06868d800 8586       3       org.gradle.internal.hash.Hashing::newHasher (9 bytes)
Event: 20.466 Thread 0x000002c06868d800 nmethod 8586 0x000002c053c9dc10 code [0x000002c053c9de80, 0x000002c053c9e9f8]
Event: 20.466 Thread 0x000002c072e75800 nmethod 8579 0x000002c05a4c6090 code [0x000002c05a4c6240, 0x000002c05a4c6868]
Event: 20.468 Thread 0x000002c068f2f800 nmethod 8584 0x000002c05a4c6d10 code [0x000002c05a4c6ec0, 0x000002c05a4c7598]
Event: 20.471 Thread 0x000002c06868d800 8587       1       com.google.common.collect.ImmutableSortedSet::comparator (5 bytes)
Event: 20.471 Thread 0x000002c06868d800 nmethod 8587 0x000002c05a4c7890 code [0x000002c05a4c7a40, 0x000002c05a4c7af8]
Event: 20.471 Thread 0x000002c06868d800 8588       3       org.gradle.internal.hash.HashCode$HashCode128::equals (57 bytes)
Event: 20.471 Thread 0x000002c06868d800 nmethod 8588 0x000002c053c9ee10 code [0x000002c053c9efe0, 0x000002c053c9f378]

GC Heap History (20 events):
Event: 1.546 GC heap before
{Heap before GC invocations=2 (full 0):
 garbage-first heap   total 260096K, used 39113K [0x0000000080000000, 0x0000000100000000)
  region size 1024K, 31 young (31744K), 2 survivors (2048K)
 Metaspace       used 10925K, capacity 11137K, committed 11264K, reserved 1058816K
  class space    used 1114K, capacity 1207K, committed 1280K, reserved 1048576K
}
Event: 1.548 GC heap after
{Heap after GC invocations=3 (full 0):
 garbage-first heap   total 260096K, used 13121K [0x0000000080000000, 0x0000000100000000)
  region size 1024K, 4 young (4096K), 4 survivors (4096K)
 Metaspace       used 10925K, capacity 11137K, committed 11264K, reserved 1058816K
  class space    used 1114K, capacity 1207K, committed 1280K, reserved 1048576K
}
Event: 2.343 GC heap before
{Heap before GC invocations=3 (full 0):
 garbage-first heap   total 260096K, used 56129K [0x0000000080000000, 0x0000000100000000)
  region size 1024K, 46 young (47104K), 4 survivors (4096K)
 Metaspace       used 18337K, capacity 18731K, committed 19072K, reserved 1067008K
  class space    used 2160K, capacity 2315K, committed 2432K, reserved 1048576K
}
Event: 2.348 GC heap after
{Heap after GC invocations=4 (full 0):
 garbage-first heap   total 260096K, used 16451K [0x0000000080000000, 0x0000000100000000)
  region size 1024K, 6 young (6144K), 6 survivors (6144K)
 Metaspace       used 18337K, capacity 18731K, committed 19072K, reserved 1067008K
  class space    used 2160K, capacity 2315K, committed 2432K, reserved 1048576K
}
Event: 2.557 GC heap before
{Heap before GC invocations=4 (full 0):
 garbage-first heap   total 260096K, used 38979K [0x0000000080000000, 0x0000000100000000)
  region size 1024K, 29 young (29696K), 6 survivors (6144K)
 Metaspace       used 20823K, capacity 21149K, committed 21296K, reserved 1069056K
  class space    used 2507K, capacity 2651K, committed 2688K, reserved 1048576K
}
Event: 2.561 GC heap after
{Heap after GC invocations=5 (full 0):
 garbage-first heap   total 260096K, used 17398K [0x0000000080000000, 0x0000000100000000)
  region size 1024K, 4 young (4096K), 4 survivors (4096K)
 Metaspace       used 20823K, capacity 21149K, committed 21296K, reserved 1069056K
  class space    used 2507K, capacity 2651K, committed 2688K, reserved 1048576K
}
Event: 3.241 GC heap before
{Heap before GC invocations=6 (full 0):
 garbage-first heap   total 260096K, used 80886K [0x0000000080000000, 0x0000000100000000)
  region size 1024K, 67 young (68608K), 4 survivors (4096K)
 Metaspace       used 27332K, capacity 27905K, committed 28080K, reserved 1073152K
  class space    used 3565K, capacity 3768K, committed 3840K, reserved 1048576K
}
Event: 3.249 GC heap after
{Heap after GC invocations=7 (full 0):
 garbage-first heap   total 260096K, used 19431K [0x0000000080000000, 0x0000000100000000)
  region size 1024K, 6 young (6144K), 6 survivors (6144K)
 Metaspace       used 27332K, capacity 27905K, committed 28080K, reserved 1073152K
  class space    used 3565K, capacity 3768K, committed 3840K, reserved 1048576K
}
Event: 3.824 GC heap before
{Heap before GC invocations=7 (full 0):
 garbage-first heap   total 260096K, used 76775K [0x0000000080000000, 0x0000000100000000)
  region size 1024K, 63 young (64512K), 6 survivors (6144K)
 Metaspace       used 34923K, capacity 35730K, committed 35888K, reserved 1081344K
  class space    used 4558K, capacity 4889K, committed 4992K, reserved 1048576K
}
Event: 3.834 GC heap after
{Heap after GC invocations=8 (full 0):
 garbage-first heap   total 260096K, used 22518K [0x0000000080000000, 0x0000000100000000)
  region size 1024K, 9 young (9216K), 9 survivors (9216K)
 Metaspace       used 34923K, capacity 35730K, committed 35888K, reserved 1081344K
  class space    used 4558K, capacity 4889K, committed 4992K, reserved 1048576K
}
Event: 4.928 GC heap before
{Heap before GC invocations=9 (full 0):
 garbage-first heap   total 260096K, used 127990K [0x0000000080000000, 0x0000000100000000)
  region size 1024K, 109 young (111616K), 9 survivors (9216K)
 Metaspace       used 43722K, capacity 44868K, committed 45104K, reserved 1089536K
  class space    used 5620K, capacity 6004K, committed 6016K, reserved 1048576K
}
Event: 4.945 GC heap after
{Heap after GC invocations=10 (full 0):
 garbage-first heap   total 260096K, used 30479K [0x0000000080000000, 0x0000000100000000)
  region size 1024K, 14 young (14336K), 14 survivors (14336K)
 Metaspace       used 43722K, capacity 44868K, committed 45104K, reserved 1089536K
  class space    used 5620K, capacity 6004K, committed 6016K, reserved 1048576K
}
Event: 6.228 GC heap before
{Heap before GC invocations=11 (full 0):
 garbage-first heap   total 260096K, used 158479K [0x0000000080000000, 0x0000000100000000)
  region size 1024K, 133 young (136192K), 14 survivors (14336K)
 Metaspace       used 52294K, capacity 53736K, committed 53936K, reserved 1095680K
  class space    used 6643K, capacity 7156K, committed 7168K, reserved 1048576K
}
Event: 6.247 GC heap after
{Heap after GC invocations=12 (full 0):
 garbage-first heap   total 260096K, used 44212K [0x0000000080000000, 0x0000000100000000)
  region size 1024K, 17 young (17408K), 17 survivors (17408K)
 Metaspace       used 52294K, capacity 53736K, committed 53936K, reserved 1095680K
  class space    used 6643K, capacity 7156K, committed 7168K, reserved 1048576K
}
Event: 7.781 GC heap before
{Heap before GC invocations=12 (full 0):
 garbage-first heap   total 260096K, used 189620K [0x0000000080000000, 0x0000000100000000)
  region size 1024K, 152 young (155648K), 17 survivors (17408K)
 Metaspace       used 67210K, capacity 68882K, committed 68912K, reserved 1110016K
  class space    used 8470K, capacity 9063K, committed 9088K, reserved 1048576K
}
Event: 7.800 GC heap after
{Heap after GC invocations=13 (full 0):
 garbage-first heap   total 312320K, used 54014K [0x0000000080000000, 0x0000000100000000)
  region size 1024K, 10 young (10240K), 10 survivors (10240K)
 Metaspace       used 67210K, capacity 68882K, committed 68912K, reserved 1110016K
  class space    used 8470K, capacity 9063K, committed 9088K, reserved 1048576K
}
Event: 8.619 GC heap before
{Heap before GC invocations=13 (full 0):
 garbage-first heap   total 312320K, used 147198K [0x0000000080000000, 0x0000000100000000)
  region size 1024K, 102 young (104448K), 10 survivors (10240K)
 Metaspace       used 73524K, capacity 75239K, committed 75312K, reserved 1114112K
  class space    used 9463K, capacity 10081K, committed 10112K, reserved 1048576K
}
Event: 8.636 GC heap after
{Heap after GC invocations=14 (full 0):
 garbage-first heap   total 312320K, used 59134K [0x0000000080000000, 0x0000000100000000)
  region size 1024K, 15 young (15360K), 15 survivors (15360K)
 Metaspace       used 73524K, capacity 75239K, committed 75312K, reserved 1114112K
  class space    used 9463K, capacity 10081K, committed 10112K, reserved 1048576K
}
Event: 10.017 GC heap before
{Heap before GC invocations=15 (full 0):
 garbage-first heap   total 312320K, used 212734K [0x0000000080000000, 0x0000000100000000)
  region size 1024K, 166 young (169984K), 15 survivors (15360K)
 Metaspace       used 82454K, capacity 84441K, committed 84528K, reserved 1122304K
  class space    used 10656K, capacity 11318K, committed 11392K, reserved 1048576K
}
Event: 10.045 GC heap after
{Heap after GC invocations=16 (full 0):
 garbage-first heap   total 312320K, used 73298K [0x0000000080000000, 0x0000000100000000)
  region size 1024K, 20 young (20480K), 20 survivors (20480K)
 Metaspace       used 82454K, capacity 84441K, committed 84528K, reserved 1122304K
  class space    used 10656K, capacity 11318K, committed 11392K, reserved 1048576K
}

Deoptimization events (20 events):
Event: 10.313 Thread 0x000002c0730a9000 Uncommon trap: trap_request=0xffffff4d fr.pc=0x000002c05a312774 relative=0x0000000000000354
Event: 10.313 Thread 0x000002c0730a9000 Uncommon trap: reason=unstable_if action=reinterpret pc=0x000002c05a312774 method=java.util.HashMap$HashIterator.<init>(Ljava/util/HashMap;)V @ 45 c2
Event: 10.313 Thread 0x000002c0730a9000 DEOPT PACKING pc=0x000002c05a312774 sp=0x000000f5521fed10
Event: 10.313 Thread 0x000002c0730a9000 DEOPT UNPACKING pc=0x000002c05259a1a9 sp=0x000000f5521fecc8 mode 2
Event: 10.315 Thread 0x000002c0730a6800 Uncommon trap: trap_request=0xffffffde fr.pc=0x000002c05a124ea4 relative=0x00000000000002e4
Event: 10.315 Thread 0x000002c0730a6800 Uncommon trap: reason=class_check action=maybe_recompile pc=0x000002c05a124ea4 method=java.util.Collections$SetFromMap.remove(Ljava/lang/Object;)Z @ 5 c2
Event: 10.315 Thread 0x000002c0730a6800 DEOPT PACKING pc=0x000002c05a124ea4 sp=0x000000f5523fe7d0
Event: 10.315 Thread 0x000002c0730a6800 DEOPT UNPACKING pc=0x000002c05259a1a9 sp=0x000000f5523fe7c8 mode 2
Event: 10.316 Thread 0x000002c0730a6800 Uncommon trap: trap_request=0xffffffde fr.pc=0x000002c05a1beff4 relative=0x00000000000002b4
Event: 10.316 Thread 0x000002c0730a6800 Uncommon trap: reason=class_check action=maybe_recompile pc=0x000002c05a1beff4 method=java.util.stream.StreamOpFlag.fromCharacteristics(Ljava/util/Spliterator;)I @ 14 c2
Event: 10.316 Thread 0x000002c0730a6800 DEOPT PACKING pc=0x000002c05a1beff4 sp=0x000000f5523fe0d0
Event: 10.316 Thread 0x000002c0730a6800 DEOPT UNPACKING pc=0x000002c05259a1a9 sp=0x000000f5523fdfb8 mode 2
Event: 10.367 Thread 0x000002c0730a6800 Uncommon trap: trap_request=0xffffff4d fr.pc=0x000002c05a2a0a00 relative=0x0000000000000700
Event: 10.367 Thread 0x000002c0730a6800 Uncommon trap: reason=unstable_if action=reinterpret pc=0x000002c05a2a0a00 method=org.gradle.internal.snapshot.VfsRelativePath.isPrefix(Ljava/lang/String;ILjava/lang/String;ILorg/gradle/internal/snapshot/CaseSensitivity;)Z @ 89 c2
Event: 10.367 Thread 0x000002c0730a6800 DEOPT PACKING pc=0x000002c05a2a0a00 sp=0x000000f5523fad90
Event: 10.367 Thread 0x000002c0730a6800 DEOPT UNPACKING pc=0x000002c05259a1a9 sp=0x000000f5523fad10 mode 2
Event: 10.389 Thread 0x000002c0730a6800 Uncommon trap: trap_request=0xffffff4d fr.pc=0x000002c05a422628 relative=0x00000000000001e8
Event: 10.389 Thread 0x000002c0730a6800 Uncommon trap: reason=unstable_if action=reinterpret pc=0x000002c05a422628 method=com.google.common.collect.RegularImmutableSet.contains(Ljava/lang/Object;)Z @ 10 c2
Event: 10.389 Thread 0x000002c0730a6800 DEOPT PACKING pc=0x000002c05a422628 sp=0x000000f5523faa10
Event: 10.389 Thread 0x000002c0730a6800 DEOPT UNPACKING pc=0x000002c05259a1a9 sp=0x000000f5523fa9a8 mode 2

Classes redefined (0 events):
No events

Internal exceptions (20 events):
Event: 10.278 Thread 0x000002c06b4f4000 Exception <a 'java/lang/IncompatibleClassChangeError'{0x00000000922c3828}: Found class java.lang.Object, but interface was expected> (0x00000000922c3828) thrown at [src/hotspot/share/interpreter/linkResolver.cpp, line 839]
Event: 10.298 Thread 0x000002c06b4f4000 Exception <a 'java/lang/NoSuchMethodError'{0x000000009205e458}: 'void java.lang.invoke.DirectMethodHandle$Holder.invokeVirtual(java.lang.Object, java.lang.Object)'> (0x000000009205e458) thrown at [src/hotspot/share/interpreter/linkResolver.cpp, line 773]
Event: 10.314 Thread 0x000002c06ab20800 Exception <a 'java/lang/NoSuchMethodError'{0x0000000091fe1bd8}: <clinit>> (0x0000000091fe1bd8) thrown at [src/hotspot/share/prims/jni.cpp, line 1367]
Event: 10.315 Thread 0x000002c06ab20800 Exception <a 'java/lang/NoSuchMethodError'{0x0000000091ff1c80}: <clinit>> (0x0000000091ff1c80) thrown at [src/hotspot/share/prims/jni.cpp, line 1367]
Event: 10.315 Thread 0x000002c06ab20800 Exception <a 'java/lang/NoSuchMethodError'{0x0000000091ff2f58}: <clinit>> (0x0000000091ff2f58) thrown at [src/hotspot/share/prims/jni.cpp, line 1367]
Event: 10.319 Thread 0x000002c06ab20800 Exception <a 'java/lang/NoSuchMethodError'{0x0000000091e61260}: <clinit>> (0x0000000091e61260) thrown at [src/hotspot/share/prims/jni.cpp, line 1367]
Event: 10.334 Thread 0x000002c06b4f5000 Exception <a 'java/lang/NoSuchMethodError'{0x0000000091c4b6b8}: <clinit>> (0x0000000091c4b6b8) thrown at [src/hotspot/share/prims/jni.cpp, line 1367]
Event: 10.342 Thread 0x000002c06b4f5000 Exception <a 'java/lang/NoSuchMethodError'{0x0000000091ca24a0}: <clinit>> (0x0000000091ca24a0) thrown at [src/hotspot/share/prims/jni.cpp, line 1367]
Event: 10.344 Thread 0x000002c06b4f5000 Exception <a 'java/lang/NoSuchMethodError'{0x0000000091b08e40}: <clinit>> (0x0000000091b08e40) thrown at [src/hotspot/share/prims/jni.cpp, line 1367]
Event: 10.347 Thread 0x000002c0730a6800 Exception <a 'java/lang/IncompatibleClassChangeError'{0x0000000091b4e760}: Found class java.lang.Object, but interface was expected> (0x0000000091b4e760) thrown at [src/hotspot/share/interpreter/linkResolver.cpp, line 839]
Event: 10.360 Thread 0x000002c0730a6800 Exception <a 'java/lang/NoSuchMethodError'{0x00000000919394f8}: 'int java.lang.invoke.DirectMethodHandle$Holder.invokeStaticInit(java.lang.Object, java.lang.Object, java.lang.Object, java.lang.Object, java.lang.Object)'> (0x00000000919394f8) thrown at [src/hotspot/share/interpreter/linkResolver.cpp, line 773]
Event: 10.374 Thread 0x000002c0730a6800 Exception <a 'sun/nio/fs/WindowsException'{0x0000000091819f20}> (0x0000000091819f20) thrown at [src/hotspot/share/prims/jni.cpp, line 617]
Event: 10.374 Thread 0x000002c0730a6800 Exception <a 'sun/nio/fs/WindowsException'{0x000000009181ad88}> (0x000000009181ad88) thrown at [src/hotspot/share/prims/jni.cpp, line 617]
Event: 10.389 Thread 0x000002c0730a6800 Implicit null exception at 0x000002c05a422477 to 0x000002c05a422610
Event: 15.402 Thread 0x000002c0730a6800 Exception <a 'net/rubygrapefruit/platform/NativeException'{0x0000000091755548}: Execution timed out> (0x0000000091755548) thrown at [src/hotspot/share/prims/jni.cpp, line 638]
Event: 20.407 Thread 0x000002c0730a6800 Exception <a 'net/rubygrapefruit/platform/NativeException'{0x0000000091772c98}: Execution timed out> (0x0000000091772c98) thrown at [src/hotspot/share/prims/jni.cpp, line 638]
Event: 20.413 Thread 0x000002c06ab20800 Exception <a 'java/lang/NoSuchMethodError'{0x0000000091448f88}: <clinit>> (0x0000000091448f88) thrown at [src/hotspot/share/prims/jni.cpp, line 1367]
Event: 20.414 Thread 0x000002c06ab20800 Exception <a 'java/lang/NoSuchMethodError'{0x000000009149fbd8}: <clinit>> (0x000000009149fbd8) thrown at [src/hotspot/share/prims/jni.cpp, line 1367]
Event: 20.431 Thread 0x000002c06ab20800 Exception <a 'java/lang/NoSuchMethodError'{0x0000000091343b00}: <clinit>> (0x0000000091343b00) thrown at [src/hotspot/share/prims/jni.cpp, line 1367]
Event: 20.445 Thread 0x000002c0730a6800 Exception <a 'java/lang/NoSuchMethodError'{0x00000000913c10e0}: 'int java.lang.invoke.DirectMethodHandle$Holder.invokeSpecial(java.lang.Object, java.lang.Object, java.lang.Object, java.lang.Object, java.lang.Object)'> (0x00000000913c10e0) thrown at [src/hotspot/share/interpreter/linkResolver.cpp, line 773]

Events (20 events):
Event: 20.467 loading class org/gradle/internal/snapshot/FileSystemSnapshotHierarchyVisitor
Event: 20.467 loading class org/gradle/internal/snapshot/FileSystemSnapshotHierarchyVisitor done
Event: 20.467 loading class com/android/build/gradle/tasks/GenerateBuildConfigKt
Event: 20.467 loading class com/android/build/gradle/tasks/GenerateBuildConfigKt done
Event: 20.469 loading class com/android/build/gradle/internal/core/VariantDslInfoImpl$computeVersionNameSuffix$2
Event: 20.469 loading class com/android/build/gradle/internal/core/VariantDslInfoImpl$computeVersionNameSuffix$2 done
Event: 20.470 loading class org/gradle/execution/plan/LocalTaskNodeExecutor$1
Event: 20.470 loading class org/gradle/execution/plan/LocalTaskNodeExecutor$1 done
Event: 20.472 loading class org/gradle/internal/snapshot/ChildMap
Event: 20.472 loading class org/gradle/internal/snapshot/ChildMap done
Event: 20.472 loading class org/gradle/internal/snapshot/ChildMap
Event: 20.472 loading class org/gradle/internal/snapshot/ChildMap done
Event: 20.472 loading class org/gradle/internal/snapshot/AbstractInvalidateChildHandler
Event: 20.472 loading class org/gradle/internal/snapshot/AbstractInvalidateChildHandler done
Event: 20.472 loading class org/gradle/internal/snapshot/ChildMap
Event: 20.472 loading class org/gradle/internal/snapshot/ChildMap done
Event: 20.472 loading class org/gradle/internal/snapshot/ChildMap
Event: 20.472 loading class org/gradle/internal/snapshot/ChildMap done
Event: 20.472 loading class org/gradle/internal/snapshot/AbstractInvalidateChildHandler
Event: 20.472 loading class org/gradle/internal/snapshot/AbstractInvalidateChildHandler done


Dynamic libraries:
0x00007ff73af70000 - 0x00007ff73af7a000 	C:\Program Files\Android\Android Studio\jbr\bin\java.exe
0x00007fffc2a30000 - 0x00007fffc2c26000 	C:\Windows\SYSTEM32\ntdll.dll
0x00007fffc2170000 - 0x00007fffc222d000 	C:\Windows\System32\KERNEL32.DLL
0x00007fffc0320000 - 0x00007fffc05e9000 	C:\Windows\System32\KERNELBASE.dll
0x00007fffc0170000 - 0x00007fffc0270000 	C:\Windows\System32\ucrtbase.dll
0x00007fffa4ed0000 - 0x00007fffa4eeb000 	C:\Program Files\Android\Android Studio\jbr\bin\VCRUNTIME140.dll
0x00007fffa4eb0000 - 0x00007fffa4ec7000 	C:\Program Files\Android\Android Studio\jbr\bin\jli.dll
0x00007fffc1d10000 - 0x00007fffc1eb0000 	C:\Windows\System32\USER32.dll
0x00007fffc0810000 - 0x00007fffc0832000 	C:\Windows\System32\win32u.dll
0x00007fffc1310000 - 0x00007fffc133a000 	C:\Windows\System32\GDI32.dll
0x00007fffc0650000 - 0x00007fffc075b000 	C:\Windows\System32\gdi32full.dll
0x00007fffc09f0000 - 0x00007fffc0a8d000 	C:\Windows\System32\msvcp_win.dll
0x00007fffb2240000 - 0x00007fffb24db000 	C:\Windows\WinSxS\amd64_microsoft.windows.common-controls_6595b64144ccf1df_6.0.19041.746_none_ca02b4b61b8320a4\COMCTL32.dll
0x00007fffc1340000 - 0x00007fffc13de000 	C:\Windows\System32\msvcrt.dll
0x00007fffc1eb0000 - 0x00007fffc1ee0000 	C:\Windows\System32\IMM32.DLL
0x00007fffa0840000 - 0x00007fffa089b000 	C:\ProgramData\Microsoft\DbgCtr\XShellDLL64_6015.dll
0x00007fffc20c0000 - 0x00007fffc216c000 	C:\Windows\System32\ADVAPI32.dll
0x00007fffc2790000 - 0x00007fffc282c000 	C:\Windows\System32\sechost.dll
0x00007fffc1f70000 - 0x00007fffc209b000 	C:\Windows\System32\RPCRT4.dll
0x00007fffc15c0000 - 0x00007fffc1d02000 	C:\Windows\System32\SHELL32.dll
0x00007fffb4040000 - 0x00007fffb404c000 	C:\Program Files\Android\Android Studio\jbr\bin\vcruntime140_1.dll
0x00007fffa1960000 - 0x00007fffa19ed000 	C:\Program Files\Android\Android Studio\jbr\bin\msvcp140.dll
0x00007fff7e390000 - 0x00007fff7ef4c000 	C:\Program Files\Android\Android Studio\jbr\bin\server\jvm.dll
0x00007fffc2350000 - 0x00007fffc2358000 	C:\Windows\System32\PSAPI.DLL
0x00007fffb1420000 - 0x00007fffb1429000 	C:\Windows\SYSTEM32\WSOCK32.dll
0x00007fffc26c0000 - 0x00007fffc272b000 	C:\Windows\System32\WS2_32.dll
0x00007fff98d10000 - 0x00007fff98d37000 	C:\Windows\SYSTEM32\WINMM.dll
0x00007fffbdcb0000 - 0x00007fffbdcba000 	C:\Windows\SYSTEM32\VERSION.dll
0x00007fffbe2c0000 - 0x00007fffbe2d2000 	C:\Windows\SYSTEM32\kernel.appcore.dll
0x00007fffb1680000 - 0x00007fffb1690000 	C:\Program Files\Android\Android Studio\jbr\bin\verify.dll
0x00007fffa6a90000 - 0x00007fffa6c74000 	C:\Windows\SYSTEM32\DBGHELP.DLL
0x00007fffa6a60000 - 0x00007fffa6a8c000 	C:\Windows\SYSTEM32\dbgcore.DLL
0x00007fffc02a0000 - 0x00007fffc0320000 	C:\Windows\System32\bcryptPrimitives.dll
0x00007fffad670000 - 0x00007fffad698000 	C:\Program Files\Android\Android Studio\jbr\bin\java.dll
0x00007fffaf3f0000 - 0x00007fffaf3fa000 	C:\Program Files\Android\Android Studio\jbr\bin\jimage.dll
0x00007fffaf390000 - 0x00007fffaf3a8000 	C:\Program Files\Android\Android Studio\jbr\bin\zip.dll
0x00007fffbe2e0000 - 0x00007fffbea70000 	C:\Windows\SYSTEM32\windows.storage.dll
0x00007fffc2360000 - 0x00007fffc26b6000 	C:\Windows\System32\combase.dll
0x00007fffbfbd0000 - 0x00007fffbfbfc000 	C:\Windows\SYSTEM32\Wldp.dll
0x00007fffc14b0000 - 0x00007fffc155e000 	C:\Windows\System32\SHCORE.dll
0x00007fffc22f0000 - 0x00007fffc2345000 	C:\Windows\System32\shlwapi.dll
0x00007fffc00a0000 - 0x00007fffc00c6000 	C:\Windows\SYSTEM32\profapi.dll
0x00007fffaf240000 - 0x00007fffaf259000 	C:\Program Files\Android\Android Studio\jbr\bin\net.dll
0x00007fffb3ee0000 - 0x00007fffb3fe0000 	C:\Windows\SYSTEM32\WINHTTP.dll
0x00007fffbf8e0000 - 0x00007fffbf94a000 	C:\Windows\system32\mswsock.dll
0x00007fffad5d0000 - 0x00007fffad5e3000 	C:\Program Files\Android\Android Studio\jbr\bin\nio.dll
0x00007fffbaad0000 - 0x00007fffbaaf7000 	C:\Users\it_04\.gradle\native\e1d6ef7f7dcc3fd88c89a11ec53ec762bb8ba0a96d01ffa2cd45eb1d1d8dd5c5\windows-amd64\native-platform.dll
0x00007fff9ec90000 - 0x00007fff9edd4000 	C:\Users\it_04\.gradle\native\0d407fdbe67a94daf76414ababcb853783967236a71b16ec16e742cd7a986fd3\windows-amd64\native-platform-file-events.dll
0x00007fffaf3d0000 - 0x00007fffaf3da000 	C:\Program Files\Android\Android Studio\jbr\bin\management.dll
0x00007fffaf220000 - 0x00007fffaf22b000 	C:\Program Files\Android\Android Studio\jbr\bin\management_ext.dll
0x00007fffbfab0000 - 0x00007fffbfac8000 	C:\Windows\SYSTEM32\CRYPTSP.dll
0x00007fffbf280000 - 0x00007fffbf2b4000 	C:\Windows\system32\rsaenh.dll
0x00007fffc0270000 - 0x00007fffc0297000 	C:\Windows\System32\bcrypt.dll
0x00007fffc0060000 - 0x00007fffc008e000 	C:\Windows\SYSTEM32\USERENV.dll
0x00007fffbfad0000 - 0x00007fffbfadc000 	C:\Windows\SYSTEM32\CRYPTBASE.dll
0x00007fffbf5d0000 - 0x00007fffbf60b000 	C:\Windows\SYSTEM32\IPHLPAPI.DLL
0x00007fffc22e0000 - 0x00007fffc22e8000 	C:\Windows\System32\NSI.dll
0x00007fffba910000 - 0x00007fffba927000 	C:\Windows\SYSTEM32\dhcpcsvc6.DLL
0x00007fffba8f0000 - 0x00007fffba90d000 	C:\Windows\SYSTEM32\dhcpcsvc.DLL
0x00007fffbf610000 - 0x00007fffbf6db000 	C:\Windows\SYSTEM32\DNSAPI.dll

dbghelp: loaded successfully - version: 4.0.5 - missing functions: none
symbol engine: initialized successfully - sym options: 0x614 - pdb path: .;C:\Program Files\Android\Android Studio\jbr\bin;C:\Windows\SYSTEM32;C:\Windows\WinSxS\amd64_microsoft.windows.common-controls_6595b64144ccf1df_6.0.19041.746_none_ca02b4b61b8320a4;C:\ProgramData\Microsoft\DbgCtr;C:\Program Files\Android\Android Studio\jbr\bin\server;C:\Users\it_04\.gradle\native\e1d6ef7f7dcc3fd88c89a11ec53ec762bb8ba0a96d01ffa2cd45eb1d1d8dd5c5\windows-amd64;C:\Users\it_04\.gradle\native\0d407fdbe67a94daf76414ababcb853783967236a71b16ec16e742cd7a986fd3\windows-amd64

VM Arguments:
jvm_args: --add-opens=java.base/java.util=ALL-UNNAMED --add-opens=java.base/java.lang=ALL-UNNAMED --add-opens=java.base/java.lang.invoke=ALL-UNNAMED --add-opens=java.base/java.util=ALL-UNNAMED --add-opens=java.prefs/java.util.prefs=ALL-UNNAMED --add-opens=java.prefs/java.util.prefs=ALL-UNNAMED --add-opens=java.base/java.nio.charset=ALL-UNNAMED --add-opens=java.base/java.net=ALL-UNNAMED --add-opens=java.base/java.util.concurrent.atomic=ALL-UNNAMED -Xmx2048m -Dfile.encoding=UTF-8 -Duser.country=US -Duser.language=en -Duser.variant 
java_command: org.gradle.launcher.daemon.bootstrap.GradleDaemon 7.5
java_class_path (initial): C:\Users\it_04\.gradle\wrapper\dists\gradle-7.5-bin\f1w0cc9nuo0eivz97x2xlu9sv\gradle-7.5\lib\gradle-launcher-7.5.jar
Launcher Type: SUN_STANDARD

[Global flags]
     intx CICompilerCount                          = 3                                         {product} {ergonomic}
     uint ConcGCThreads                            = 1                                         {product} {ergonomic}
     uint G1ConcRefinementThreads                  = 4                                         {product} {ergonomic}
   size_t G1HeapRegionSize                         = 1048576                                   {product} {ergonomic}
    uintx GCDrainStackTargetSize                   = 64                                        {product} {ergonomic}
   size_t InitialHeapSize                          = 266338304                                 {product} {ergonomic}
   size_t MarkStackSize                            = 4194304                                   {product} {ergonomic}
   size_t MaxHeapSize                              = 2147483648                                {product} {command line}
   size_t MaxNewSize                               = 1287651328                                {product} {ergonomic}
   size_t MinHeapDeltaBytes                        = 1048576                                   {product} {ergonomic}
    uintx NonNMethodCodeHeapSize                   = 5830732                                {pd product} {ergonomic}
    uintx NonProfiledCodeHeapSize                  = 122913754                              {pd product} {ergonomic}
    uintx ProfiledCodeHeapSize                     = 122913754                              {pd product} {ergonomic}
    uintx ReservedCodeCacheSize                    = 251658240                              {pd product} {ergonomic}
     bool SegmentedCodeCache                       = true                                      {product} {ergonomic}
     bool UseCompressedClassPointers               = true                                 {lp64_product} {ergonomic}
     bool UseCompressedOops                        = true                                 {lp64_product} {ergonomic}
     bool UseG1GC                                  = true                                      {product} {ergonomic}
     bool UseLargePagesIndividualAllocation        = false                                  {pd product} {ergonomic}

Logging:
Log output configuration:
 #0: stdout all=warning uptime,level,tags
 #1: stderr all=off uptime,level,tags

Environment Variables:
PATH=D:\app\it_07\product\11.2.0\client_1\bin;C:\Windows\system32;C:\Windows;C:\Windows\System32\Wbem;C:\Windows\System32\WindowsPowerShell\v1.0\;C:\Windows\System32\OpenSSH\;C:\Program Files\dotnet\;C:\Program Files\Git\cmd;C:\Users\it_04\AppData\Local\Microsoft\WindowsApps;C:\Users\it_04\.dotnet\tools
USERNAME=it_04
OS=Windows_NT
PROCESSOR_IDENTIFIER=Intel64 Family 6 Model 165 Stepping 3, GenuineIntel



---------------  S Y S T E M  ---------------

OS: Windows 10 , 64 bit Build 19041 (10.0.19041.804)
OS uptime: 0 days 0:36 hours

CPU:total 4 (initial active 4) (2 cores per cpu, 2 threads per core) family 6 model 165 stepping 3 microcode 0xe0, cmov, cx8, fxsr, mmx, sse, sse2, sse3, ssse3, sse4.1, sse4.2, popcnt, aes, clmul, erms, 3dnowpref, lzcnt, ht, tsc, tscinvbit

Memory: 4k page, system-wide physical 16242M (9967M free)
TotalPageFile size 18674M (AvailPageFile size 12844M)
current process WorkingSet (physical memory assigned to process): 483M, peak: 513M
current process commit charge ("private bytes"): 557M, peak: 585M

vm_info: OpenJDK 64-Bit Server VM (11.0.15+0-b2043.56-9505619) for windows-amd64 JRE (11.0.15+0-b2043.56-9505619), built on Jan 19 2023 02:48:00 by "builduser" with unknown MS VC++:1929

END.
