#
# A fatal error has been detected by the Java Runtime Environment:
#
#  EXCEPTION_ACCESS_VIOLATION (0xc0000005) at pc=0x00007ffab5382e18, pid=12436, tid=7184
#
# JRE version: OpenJDK Runtime Environment (11.0.15) (build 11.0.15+0-b2043.56-9505619)
# Java VM: OpenJDK 64-Bit Server VM (11.0.15+0-b2043.56-9505619, mixed mode, tiered, compressed oops, g1 gc, windows-amd64)
# Problematic frame:
# V  [jvm.dll+0x942e18]
#
# No core dump will be written. Minidumps are not enabled by default on client versions of Windows
#
# If you would like to submit a bug report, please visit:
#   https://bugreport.java.com/bugreport/crash.jsp
# The crash happened outside the Java Virtual Machine in native code.
# See problematic frame for where to report the bug.
#

---------------  S U M M A R Y ------------

Command Line: --add-opens=java.base/java.util=ALL-UNNAMED --add-opens=java.base/java.lang=ALL-UNNAMED --add-opens=java.base/java.lang.invoke=ALL-UNNAMED --add-opens=java.base/java.util=ALL-UNNAMED --add-opens=java.prefs/java.util.prefs=ALL-UNNAMED --add-opens=java.prefs/java.util.prefs=ALL-UNNAMED --add-opens=java.base/java.nio.charset=ALL-UNNAMED --add-opens=java.base/java.net=ALL-UNNAMED --add-opens=java.base/java.util.concurrent.atomic=ALL-UNNAMED -Xmx2048m -Dfile.encoding=UTF-8 -Duser.country=US -Duser.language=en -Duser.variant org.gradle.launcher.daemon.bootstrap.GradleDaemon 7.5

Host: Intel(R) Pentium(R) Gold G6400 CPU @ 4.00GHz, 4 cores, 15G,  Windows 10 , 64 bit Build 19041 (10.0.19041.804)
Time: Wed Mar 29 15:19:39 2023 SE Asia Standard Time elapsed time: 200.741073 seconds (0d 0h 3m 20s)

---------------  T H R E A D  ---------------

Current thread (0x00000247359a2000):  JavaThread "File watcher server" daemon [_thread_in_native, id=7184, stack(0x000000d5aa900000,0x000000d5aaa00000)]

Stack: [0x000000d5aa900000,0x000000d5aaa00000],  sp=0x000000d5aa9fe5d8,  free space=1017k
Native frames: (J=compiled Java code, j=interpreted, Vv=VM code, C=native code)
V  [jvm.dll+0x942e18]

Java frames: (J=compiled Java code, j=interpreted, Vv=VM code)
j  net.rubygrapefruit.platform.internal.jni.AbstractFileEventFunctions$NativeFileWatcher.executeRunLoop0(Ljava/lang/Object;)V+0
j  net.rubygrapefruit.platform.internal.jni.AbstractFileEventFunctions$NativeFileWatcher.access$100(Lnet/rubygrapefruit/platform/internal/jni/AbstractFileEventFunctions$NativeFileWatcher;Ljava/lang/Object;)V+2
j  net.rubygrapefruit.platform.internal.jni.AbstractFileEventFunctions$NativeFileWatcher$1.run()V+26
v  ~StubRoutines::call_stub

siginfo: EXCEPTION_ACCESS_VIOLATION (0xc0000005), data execution prevention violation at address 0x00007ffab5382e18


Register to memory mapping:

RIP=0x00007ffab5382e18 jvm.dll
RAX=0x00007ffab5382e18 jvm.dll
RBX=0x0 is NULL
RCX=0x000000d5ae2faf78 is pointing into the stack for thread: 0x000002473ddb8000
RDX=0x0 is NULL
RSP=0x000000d5aa9fe5d8 is pointing into the stack for thread: 0x00000247359a2000
RBP=0x000000d5aa9fefa8 is pointing into the stack for thread: 0x00000247359a2000
RSI=0x000000d5ae2faf70 is pointing into the stack for thread: 0x000002473ddb8000
RDI=0x000000d5ae2faf30 is pointing into the stack for thread: 0x000002473ddb8000
R8 =0x0000024717c20fc0 points into unknown readable memory: 0x0000024717c20cc0 | c0 0c c2 17 47 02 00 00
R9 =0x0000000000000001 is an unknown value
R10=0x0000000000008000 is an unknown value
R11=0x000000d5aa9fe290 is pointing into the stack for thread: 0x00000247359a2000
R12=0x0 is NULL
R13={method} {0x000002473a51fa80} 'executeRunLoop0' '(Ljava/lang/Object;)V' in 'net/rubygrapefruit/platform/internal/jni/AbstractFileEventFunctions$NativeFileWatcher'
R14=0x0 is NULL
R15=0x00000247359a2000 is a thread


Registers:
RAX=0x00007ffab5382e18, RBX=0x0000000000000000, RCX=0x000000d5ae2faf78, RDX=0x0000000000000000
RSP=0x000000d5aa9fe5d8, RBP=0x000000d5aa9fefa8, RSI=0x000000d5ae2faf70, RDI=0x000000d5ae2faf30
R8 =0x0000024717c20fc0, R9 =0x0000000000000001, R10=0x0000000000008000, R11=0x000000d5aa9fe290
R12=0x0000000000000000, R13=0x000002473a51fa78, R14=0x0000000000000000, R15=0x00000247359a2000
RIP=0x00007ffab5382e18, EFLAGS=0x0000000000010286

Top of Stack: (sp=0x000000d5aa9fe5d8)
0x000000d5aa9fe5d8:   00007ffaee9663b9 0000000000000000
0x000000d5aa9fe5e8:   000002471d8afa7a 0000024733e65990
0x000000d5aa9fe5f8:   00007ffaee943133 0000024736c9eb18
0x000000d5aa9fe608:   000000008c700170 0000edb4f1aa22ab
0x000000d5aa9fe618:   00007ffaee94da83 000000d5aa9fefd0
0x000000d5aa9fe628:   000000d5ae2faf30 00007ffaee93f150
0x000000d5aa9fe638:   00007ffaee95709b 000000d5ae2faf70
0x000000d5aa9fe648:   000000008038dc00 0000000000000000
0x000000d5aa9fe658:   00007ffaee94bfae 0000024736c9eb10
0x000000d5aa9fe668:   00007ffaee9492a6 000000d5ae2faf70
0x000000d5aa9fe678:   0000000000000000 0000024736c9eb10
0x000000d5aa9fe688:   00007ffaee9257b3 0000000000000000
0x000000d5aa9fe698:   00007ffaee9564c2 000000d5aa9fe6e0
0x000000d5aa9fe6a8:   000000d5ae2faf70 0000024733af4a20
0x000000d5aa9fe6b8:   0000000000000000 0000000080378601
0x000000d5aa9fe6c8:   0000024733a0fd50 0000000000000000 

Instructions: (pc=0x00007ffab5382e18)
0x00007ffab5382d18:   f0 25 1d b5 fa 7f 00 00 90 2c 1d b5 fa 7f 00 00
0x00007ffab5382d28:   40 18 1d b5 fa 7f 00 00 10 35 1d b5 fa 7f 00 00
0x00007ffab5382d38:   f0 3b 1d b5 fa 7f 00 00 57 61 74 63 68 65 72 54
0x00007ffab5382d48:   68 72 65 61 64 20 64 65 6c 65 74 69 6f 6e 20 6d
0x00007ffab5382d58:   75 73 74 20 66 69 78 20 74 68 65 20 72 61 63 65
0x00007ffab5382d68:   20 77 69 74 68 20 56 4d 20 74 65 72 6d 69 6e 61
0x00007ffab5382d78:   74 69 6f 6e 00 00 00 00 43 3a 5c 62 75 69 6c 64
0x00007ffab5382d88:   62 6f 74 5c 73 72 63 5c 67 6f 6f 67 6c 65 70 6c
0x00007ffab5382d98:   65 78 2d 61 6e 64 72 6f 69 64 5c 6f 70 65 6e 6a
0x00007ffab5382da8:   64 6b 5c 65 78 74 65 72 6e 61 6c 5c 6a 65 74 62
0x00007ffab5382db8:   72 61 69 6e 73 5c 4a 65 74 42 72 61 69 6e 73 52
0x00007ffab5382dc8:   75 6e 74 69 6d 65 5c 73 72 63 5c 68 6f 74 73 70
0x00007ffab5382dd8:   6f 74 5c 73 68 61 72 65 5c 72 75 6e 74 69 6d 65
0x00007ffab5382de8:   2f 74 68 72 65 61 64 2e 68 70 70 00 00 00 00 00
0x00007ffab5382df8:   56 4d 20 50 65 72 69 6f 64 69 63 20 54 61 73 6b
0x00007ffab5382e08:   20 54 68 72 65 61 64 00 b0 dc 41 b5 fa 7f 00 00
0x00007ffab5382e18:   30 89 a4 b4 fa 7f 00 00 70 d2 1c b5 fa 7f 00 00
0x00007ffab5382e28:   90 4c 1d b5 fa 7f 00 00 30 99 a4 b4 fa 7f 00 00
0x00007ffab5382e38:   80 0a a5 b4 fa 7f 00 00 30 99 a4 b4 fa 7f 00 00
0x00007ffab5382e48:   30 99 a4 b4 fa 7f 00 00 30 99 a4 b4 fa 7f 00 00
0x00007ffab5382e58:   30 99 a4 b4 fa 7f 00 00 30 99 a4 b4 fa 7f 00 00
0x00007ffab5382e68:   30 99 a4 b4 fa 7f 00 00 30 99 a4 b4 fa 7f 00 00
0x00007ffab5382e78:   30 99 a4 b4 fa 7f 00 00 30 99 a4 b4 fa 7f 00 00
0x00007ffab5382e88:   30 99 a4 b4 fa 7f 00 00 80 0a a5 b4 fa 7f 00 00
0x00007ffab5382e98:   a0 9f a4 b4 fa 7f 00 00 90 cc f3 b4 fa 7f 00 00
0x00007ffab5382ea8:   90 29 1d b5 fa 7f 00 00 f0 17 1d b5 fa 7f 00 00
0x00007ffab5382eb8:   50 cf f3 b4 fa 7f 00 00 f0 39 1d b5 fa 7f 00 00
0x00007ffab5382ec8:   20 27 1d b5 fa 7f 00 00 c0 dd 41 b5 fa 7f 00 00
0x00007ffab5382ed8:   30 89 a4 b4 fa 7f 00 00 60 d1 1c b5 fa 7f 00 00
0x00007ffab5382ee8:   90 4c 1d b5 fa 7f 00 00 30 99 a4 b4 fa 7f 00 00
0x00007ffab5382ef8:   80 0a a5 b4 fa 7f 00 00 30 99 a4 b4 fa 7f 00 00
0x00007ffab5382f08:   80 0a a5 b4 fa 7f 00 00 30 99 a4 b4 fa 7f 00 00 


Stack slot to memory mapping:
stack at sp + 0 slots: 0x00007ffaee9663b9 native-platform-file-events.dll
stack at sp + 1 slots: 0x0 is NULL
stack at sp + 2 slots: 0x000002471d8afa7a is at code_begin+2458 in an Interpreter codelet
method entry point (kind = native)  [0x000002471d8af0e0, 0x000002471d8afb60]  2688 bytes
stack at sp + 3 slots: {method} {0x0000024733e65998} 'findEntry' '(Ljava/lang/String;)J' in 'java/lang/ClassLoader$NativeLibrary'
stack at sp + 4 slots: 0x00007ffaee943133 native-platform-file-events.dll
stack at sp + 5 slots: 0x0000024736c9eb18 points into unknown readable memory: 0x696146746c756166 | 66 61 75 6c 74 46 61 69
stack at sp + 6 slots: 0x000000008c700170 is an unallocated location in the heap
stack at sp + 7 slots: 0x0000edb4f1aa22ab is an unknown value


---------------  P R O C E S S  ---------------

Threads class SMR info:
_java_thread_list=0x0000024735c61ae0, length=87, elements={
0x0000024719d75800, 0x00000247339ec000, 0x00000247339ee000, 0x0000024734276800,
0x0000024734277000, 0x000002473427a800, 0x000002473427b800, 0x00000247342a9800,
0x00000247342af000, 0x000002473440d000, 0x000002473679d800, 0x0000024736799800,
0x000002473679a000, 0x00000247359a6000, 0x00000247359a2800, 0x00000247359a3800,
0x00000247359a2000, 0x00000247359a7000, 0x00000247395f2000, 0x00000247395f2800,
0x00000247395f7800, 0x00000247395f3800, 0x00000247395fa000, 0x0000024736f0c800,
0x0000024736f0e000, 0x0000024736f02000, 0x0000024736f02800, 0x0000024736f06000,
0x0000024736f03800, 0x0000024736f00000, 0x0000024736f05000, 0x0000024736f04800,
0x0000024736f01000, 0x0000024736f06800, 0x0000024736f09000, 0x0000024736f08800,
0x0000024736f0d800, 0x0000024736f07800, 0x0000024736f0f000, 0x0000024736f0b800,
0x0000024736f0a000, 0x0000024736f0b000, 0x00000247395f6800, 0x00000247395f4000,
0x00000247395fb000, 0x00000247395f5000, 0x00000247395ff800, 0x00000247395fe000,
0x0000024739600800, 0x00000247395fb800, 0x00000247395fd000, 0x00000247395ff000,
0x000002473679e000, 0x000002473679b000, 0x0000024736798800, 0x000002473679b800,
0x000002473679f000, 0x000002473679c800, 0x00000247359a5000, 0x00000247359a0800,
0x00000247359a1000, 0x000002473bdbe000, 0x000002473bdbb800, 0x000002473bdb9000,
0x000002473bdba000, 0x000002473bdbb000, 0x000002473bdbc800, 0x000002473bdbd000,
0x000002473bdb8800, 0x000002473bdbf000, 0x000002473d9d6800, 0x000002473d9d3800,
0x000002473d9d4800, 0x000002473d9d5000, 0x000002473d9d2800, 0x000002473d9d1000,
0x000002473d9d7800, 0x000002473d9d6000, 0x000002473ddb6800, 0x000002473ddb3800,
0x000002473ddb7800, 0x000002473ddb5000, 0x000002473ddb8000, 0x000002473ddb5800,
0x000002473ddb2800, 0x000002473ddba000, 0x000002473707d000
}

Java Threads: ( => current thread )
  0x0000024719d75800 JavaThread "main" [_thread_blocked, id=10928, stack(0x000000d5a8800000,0x000000d5a8900000)]
  0x00000247339ec000 JavaThread "Reference Handler" daemon [_thread_blocked, id=10176, stack(0x000000d5a8e00000,0x000000d5a8f00000)]
  0x00000247339ee000 JavaThread "Finalizer" daemon [_thread_blocked, id=11692, stack(0x000000d5a8f00000,0x000000d5a9000000)]
  0x0000024734276800 JavaThread "Signal Dispatcher" daemon [_thread_blocked, id=9696, stack(0x000000d5a9000000,0x000000d5a9100000)]
  0x0000024734277000 JavaThread "Attach Listener" daemon [_thread_blocked, id=11628, stack(0x000000d5a9100000,0x000000d5a9200000)]
  0x000002473427a800 JavaThread "Service Thread" daemon [_thread_blocked, id=9832, stack(0x000000d5a9200000,0x000000d5a9300000)]
  0x000002473427b800 JavaThread "C2 CompilerThread0" daemon [_thread_in_native, id=1888, stack(0x000000d5a9300000,0x000000d5a9400000)]
  0x00000247342a9800 JavaThread "C1 CompilerThread0" daemon [_thread_in_native, id=9852, stack(0x000000d5a9400000,0x000000d5a9500000)]
  0x00000247342af000 JavaThread "Sweeper thread" daemon [_thread_blocked, id=9436, stack(0x000000d5a9500000,0x000000d5a9600000)]
  0x000002473440d000 JavaThread "Common-Cleaner" daemon [_thread_blocked, id=9664, stack(0x000000d5a9600000,0x000000d5a9700000)]
  0x000002473679d800 JavaThread "Daemon health stats" [_thread_blocked, id=5056, stack(0x000000d5a9c00000,0x000000d5a9d00000)]
  0x0000024736799800 JavaThread "Incoming local TCP Connector on port 63204" [_thread_in_native, id=3568, stack(0x000000d5a9d00000,0x000000d5a9e00000)]
  0x000002473679a000 JavaThread "Daemon periodic checks" [_thread_blocked, id=10196, stack(0x000000d5a9e00000,0x000000d5a9f00000)]
  0x00000247359a6000 JavaThread "Cache worker for journal cache (C:\Users\it_04\.gradle\caches\journal-1)" [_thread_blocked, id=3776, stack(0x000000d5aa600000,0x000000d5aa700000)]
  0x00000247359a2800 JavaThread "File lock request listener" [_thread_in_native, id=11068, stack(0x000000d5aa700000,0x000000d5aa800000)]
  0x00000247359a3800 JavaThread "Cache worker for file hash cache (C:\Users\it_04\.gradle\caches\7.5\fileHashes)" [_thread_blocked, id=12620, stack(0x000000d5aa800000,0x000000d5aa900000)]
=>0x00000247359a2000 JavaThread "File watcher server" daemon [_thread_in_native, id=7184, stack(0x000000d5aa900000,0x000000d5aaa00000)]
  0x00000247359a7000 JavaThread "Cache worker for file content cache (C:\Users\it_04\.gradle\caches\7.5\fileContent)" [_thread_blocked, id=6792, stack(0x000000d5aad00000,0x000000d5aae00000)]
  0x00000247395f2000 JavaThread "Cache worker for execution history cache (C:\Users\it_04\.gradle\caches\7.5\executionHistory)" [_thread_blocked, id=6952, stack(0x000000d5ab000000,0x000000d5ab100000)]
  0x00000247395f2800 JavaThread "jar transforms" [_thread_blocked, id=11024, stack(0x000000d5ab100000,0x000000d5ab200000)]
  0x00000247395f7800 JavaThread "jar transforms Thread 2" [_thread_blocked, id=6976, stack(0x000000d5ab200000,0x000000d5ab300000)]
  0x00000247395f3800 JavaThread "jar transforms Thread 3" [_thread_blocked, id=8840, stack(0x000000d5ab300000,0x000000d5ab400000)]
  0x00000247395fa000 JavaThread "jar transforms Thread 4" [_thread_blocked, id=6096, stack(0x000000d5ab400000,0x000000d5ab500000)]
  0x0000024736f0c800 JavaThread "Memory manager" [_thread_blocked, id=2088, stack(0x000000d5adf00000,0x000000d5ae000000)]
  0x0000024736f0e000 JavaThread "pool-3-thread-1" [_thread_blocked, id=5484, stack(0x000000d5ae100000,0x000000d5ae200000)]
  0x0000024736f02000 JavaThread "Daemon Thread 2" [_thread_blocked, id=1364, stack(0x000000d5a8500000,0x000000d5a8600000)]
  0x0000024736f02800 JavaThread "Handler for socket connection from /127.0.0.1:63204 to /127.0.0.1:63402" [_thread_in_native, id=8040, stack(0x000000d5a8600000,0x000000d5a8700000)]
  0x0000024736f06000 JavaThread "Cancel handler" [_thread_blocked, id=7760, stack(0x000000d5a8700000,0x000000d5a8800000)]
  0x0000024736f03800 JavaThread "Daemon worker Thread 2" [_thread_blocked, id=10052, stack(0x000000d5a9800000,0x000000d5a9900000)]
  0x0000024736f00000 JavaThread "Asynchronous log dispatcher for DefaultDaemonConnection: socket connection from /127.0.0.1:63204 to /127.0.0.1:63402" [_thread_blocked, id=11356, stack(0x000000d5a9f00000,0x000000d5aa000000)]
  0x0000024736f05000 JavaThread "Stdin handler" [_thread_blocked, id=10660, stack(0x000000d5aa000000,0x000000d5aa100000)]
  0x0000024736f04800 JavaThread "Daemon client event forwarder" [_thread_blocked, id=1600, stack(0x000000d5aa100000,0x000000d5aa200000)]
  0x0000024736f01000 JavaThread "Cache worker for checksums cache (D:\SourceAndroid\KyThuat\.gradle\7.5\checksums)" [_thread_blocked, id=1928, stack(0x000000d5aa200000,0x000000d5aa300000)]
  0x0000024736f06800 JavaThread "Cache worker for cache directory md-rule (C:\Users\it_04\.gradle\caches\7.5\md-rule)" [_thread_blocked, id=9904, stack(0x000000d5aa300000,0x000000d5aa400000)]
  0x0000024736f09000 JavaThread "Cache worker for file hash cache (D:\SourceAndroid\KyThuat\.gradle\7.5\fileHashes)" [_thread_blocked, id=8248, stack(0x000000d5aa400000,0x000000d5aa500000)]
  0x0000024736f08800 JavaThread "Cache worker for cache directory md-supplier (C:\Users\it_04\.gradle\caches\7.5\md-supplier)" [_thread_blocked, id=8184, stack(0x000000d5aa500000,0x000000d5aa600000)]
  0x0000024736f0d800 JavaThread "Cache worker for dependencies-accessors (D:\SourceAndroid\KyThuat\.gradle\7.5\dependencies-accessors)" [_thread_blocked, id=7720, stack(0x000000d5aab00000,0x000000d5aac00000)]
  0x0000024736f07800 JavaThread "Cache worker for Build Output Cleanup Cache (D:\SourceAndroid\KyThuat\.gradle\buildOutputCleanup)" [_thread_in_vm, id=7412, stack(0x000000d5aac00000,0x000000d5aad00000)]
  0x0000024736f0f000 JavaThread "Unconstrained build operations" [_thread_blocked, id=7880, stack(0x000000d5aaf00000,0x000000d5ab000000)]
  0x0000024736f0b800 JavaThread "Unconstrained build operations Thread 2" [_thread_blocked, id=3524, stack(0x000000d5ab500000,0x000000d5ab600000)]
  0x0000024736f0a000 JavaThread "Unconstrained build operations Thread 3" [_thread_blocked, id=11308, stack(0x000000d5ab600000,0x000000d5ab700000)]
  0x0000024736f0b000 JavaThread "Unconstrained build operations Thread 4" [_thread_blocked, id=8756, stack(0x000000d5ab700000,0x000000d5ab800000)]
  0x00000247395f6800 JavaThread "Unconstrained build operations Thread 5" [_thread_blocked, id=9644, stack(0x000000d5ab800000,0x000000d5ab900000)]
  0x00000247395f4000 JavaThread "Unconstrained build operations Thread 6" [_thread_blocked, id=1248, stack(0x000000d5ab900000,0x000000d5aba00000)]
  0x00000247395fb000 JavaThread "Unconstrained build operations Thread 7" [_thread_blocked, id=8672, stack(0x000000d5aba00000,0x000000d5abb00000)]
  0x00000247395f5000 JavaThread "Unconstrained build operations Thread 8" [_thread_blocked, id=7100, stack(0x000000d5abb00000,0x000000d5abc00000)]
  0x00000247395ff800 JavaThread "Unconstrained build operations Thread 9" [_thread_blocked, id=7080, stack(0x000000d5abc00000,0x000000d5abd00000)]
  0x00000247395fe000 JavaThread "Unconstrained build operations Thread 10" [_thread_blocked, id=7800, stack(0x000000d5abd00000,0x000000d5abe00000)]
  0x0000024739600800 JavaThread "Unconstrained build operations Thread 11" [_thread_blocked, id=8504, stack(0x000000d5abe00000,0x000000d5abf00000)]
  0x00000247395fb800 JavaThread "Unconstrained build operations Thread 12" [_thread_blocked, id=12024, stack(0x000000d5abf00000,0x000000d5ac000000)]
  0x00000247395fd000 JavaThread "Unconstrained build operations Thread 13" [_thread_blocked, id=11776, stack(0x000000d5ac000000,0x000000d5ac100000)]
  0x00000247395ff000 JavaThread "Unconstrained build operations Thread 14" [_thread_blocked, id=10152, stack(0x000000d5ac100000,0x000000d5ac200000)]
  0x000002473679e000 JavaThread "Unconstrained build operations Thread 15" [_thread_blocked, id=4608, stack(0x000000d5ac200000,0x000000d5ac300000)]
  0x000002473679b000 JavaThread "Unconstrained build operations Thread 16" [_thread_blocked, id=2740, stack(0x000000d5ac300000,0x000000d5ac400000)]
  0x0000024736798800 JavaThread "Unconstrained build operations Thread 17" [_thread_blocked, id=12332, stack(0x000000d5ac400000,0x000000d5ac500000)]
  0x000002473679b800 JavaThread "Unconstrained build operations Thread 18" [_thread_blocked, id=9652, stack(0x000000d5ac500000,0x000000d5ac600000)]
  0x000002473679f000 JavaThread "Unconstrained build operations Thread 19" [_thread_blocked, id=8716, stack(0x000000d5ac600000,0x000000d5ac700000)]
  0x000002473679c800 JavaThread "Unconstrained build operations Thread 20" [_thread_blocked, id=11580, stack(0x000000d5ac700000,0x000000d5ac800000)]
  0x00000247359a5000 JavaThread "Unconstrained build operations Thread 21" [_thread_blocked, id=11528, stack(0x000000d5ac800000,0x000000d5ac900000)]
  0x00000247359a0800 JavaThread "Unconstrained build operations Thread 22" [_thread_blocked, id=12588, stack(0x000000d5ac900000,0x000000d5aca00000)]
  0x00000247359a1000 JavaThread "Unconstrained build operations Thread 23" [_thread_blocked, id=2944, stack(0x000000d5aca00000,0x000000d5acb00000)]
  0x000002473bdbe000 JavaThread "Unconstrained build operations Thread 24" [_thread_blocked, id=3240, stack(0x000000d5acb00000,0x000000d5acc00000)]
  0x000002473bdbb800 JavaThread "Unconstrained build operations Thread 25" [_thread_blocked, id=248, stack(0x000000d5acc00000,0x000000d5acd00000)]
  0x000002473bdb9000 JavaThread "Unconstrained build operations Thread 26" [_thread_blocked, id=7112, stack(0x000000d5acd00000,0x000000d5ace00000)]
  0x000002473bdba000 JavaThread "Unconstrained build operations Thread 27" [_thread_blocked, id=8640, stack(0x000000d5ace00000,0x000000d5acf00000)]
  0x000002473bdbb000 JavaThread "Unconstrained build operations Thread 28" [_thread_blocked, id=9272, stack(0x000000d5acf00000,0x000000d5ad000000)]
  0x000002473bdbc800 JavaThread "Unconstrained build operations Thread 29" [_thread_blocked, id=9960, stack(0x000000d5ad000000,0x000000d5ad100000)]
  0x000002473bdbd000 JavaThread "Unconstrained build operations Thread 30" [_thread_blocked, id=10036, stack(0x000000d5ad100000,0x000000d5ad200000)]
  0x000002473bdb8800 JavaThread "Unconstrained build operations Thread 31" [_thread_blocked, id=6516, stack(0x000000d5ad200000,0x000000d5ad300000)]
  0x000002473bdbf000 JavaThread "Unconstrained build operations Thread 32" [_thread_blocked, id=12144, stack(0x000000d5ad300000,0x000000d5ad400000)]
  0x000002473d9d6800 JavaThread "Unconstrained build operations Thread 33" [_thread_blocked, id=1656, stack(0x000000d5ad400000,0x000000d5ad500000)]
  0x000002473d9d3800 JavaThread "Unconstrained build operations Thread 34" [_thread_blocked, id=6892, stack(0x000000d5ad500000,0x000000d5ad600000)]
  0x000002473d9d4800 JavaThread "Unconstrained build operations Thread 35" [_thread_blocked, id=12544, stack(0x000000d5ad600000,0x000000d5ad700000)]
  0x000002473d9d5000 JavaThread "Unconstrained build operations Thread 36" [_thread_blocked, id=12948, stack(0x000000d5ad700000,0x000000d5ad800000)]
  0x000002473d9d2800 JavaThread "Unconstrained build operations Thread 37" [_thread_blocked, id=3744, stack(0x000000d5ad800000,0x000000d5ad900000)]
  0x000002473d9d1000 JavaThread "Unconstrained build operations Thread 38" [_thread_blocked, id=10564, stack(0x000000d5ad900000,0x000000d5ada00000)]
  0x000002473d9d7800 JavaThread "Unconstrained build operations Thread 39" [_thread_blocked, id=7272, stack(0x000000d5ada00000,0x000000d5adb00000)]
  0x000002473d9d6000 JavaThread "Unconstrained build operations Thread 40" [_thread_blocked, id=8428, stack(0x000000d5adb00000,0x000000d5adc00000)]
  0x000002473ddb6800 JavaThread "build event listener" [_thread_blocked, id=8940, stack(0x000000d5adc00000,0x000000d5add00000)]
  0x000002473ddb3800 JavaThread "pool-6-thread-1" [_thread_blocked, id=9792, stack(0x000000d5add00000,0x000000d5ade00000)]
  0x000002473ddb7800 JavaThread "build event listener" [_thread_blocked, id=4604, stack(0x000000d5ade00000,0x000000d5adf00000)]
  0x000002473ddb5000 JavaThread "included builds" [_thread_blocked, id=8136, stack(0x000000d5ae000000,0x000000d5ae100000)]
  0x000002473ddb8000 JavaThread "Execution worker" [_thread_blocked, id=1428, stack(0x000000d5ae200000,0x000000d5ae300000)]
  0x000002473ddb5800 JavaThread "Execution worker Thread 2" [_thread_blocked, id=5588, stack(0x000000d5ae300000,0x000000d5ae400000)]
  0x000002473ddb2800 JavaThread "Execution worker Thread 3" [_thread_blocked, id=8936, stack(0x000000d5ae400000,0x000000d5ae500000)]
  0x000002473ddba000 JavaThread "Cache worker for execution history cache (D:\SourceAndroid\KyThuat\.gradle\7.5\executionHistory)" [_thread_blocked, id=9276, stack(0x000000d5ae500000,0x000000d5ae600000)]
  0x000002473707d000 JavaThread "C2 CompilerThread1" daemon [_thread_in_native, id=6604, stack(0x000000d5aaa00000,0x000000d5aab00000)]

Other Threads:
  0x000002473421d000 VMThread "VM Thread" [stack: 0x000000d5a8d00000,0x000000d5a8e00000] [id=13232]
  0x0000024734424800 WatcherThread [stack: 0x000000d5a9700000,0x000000d5a9800000] [id=9620]
  0x0000024719d8f000 GCTaskThread "GC Thread#0" [stack: 0x000000d5a8400000,0x000000d5a8500000] [id=6200]
  0x0000024734f71800 GCTaskThread "GC Thread#1" [stack: 0x000000d5a9900000,0x000000d5a9a00000] [id=5500]
  0x000002473480a000 GCTaskThread "GC Thread#2" [stack: 0x000000d5a9a00000,0x000000d5a9b00000] [id=7212]
  0x0000024734968000 GCTaskThread "GC Thread#3" [stack: 0x000000d5a9b00000,0x000000d5a9c00000] [id=11272]
  0x0000024719dbf000 ConcurrentGCThread "G1 Main Marker" [stack: 0x000000d5a8900000,0x000000d5a8a00000] [id=9100]
  0x0000024719dc1800 ConcurrentGCThread "G1 Conc#0" [stack: 0x000000d5a8a00000,0x000000d5a8b00000] [id=9720]
  0x0000024719e4e000 ConcurrentGCThread "G1 Refine#0" [stack: 0x000000d5a8b00000,0x000000d5a8c00000] [id=11028]
  0x0000024733860800 ConcurrentGCThread "G1 Young RemSet Sampling" [stack: 0x000000d5a8c00000,0x000000d5a8d00000] [id=12784]

Threads with active compile tasks:
C2 CompilerThread0   200765 9762       4       java.lang.reflect.AccessibleObject::checkCanSetAccessible (386 bytes)
C2 CompilerThread1   200765 9795       4       java.util.stream.ReduceOps$3ReducingSink::begin (14 bytes)

VM state:not at safepoint (normal execution)

VM Mutex/Monitor currently owned by a thread: None

Heap address: 0x0000000080000000, size: 2048 MB, Compressed Oops mode: 32-bit
Narrow klass base: 0x0000000000000000, Narrow klass shift: 3
Compressed class space size: 1073741824 Address: 0x0000000100000000

Heap:
 garbage-first heap   total 312320K, used 118623K [0x0000000080000000, 0x0000000100000000)
  region size 1024K, 62 young (63488K), 19 survivors (19456K)
 Metaspace       used 90580K, capacity 92932K, committed 93184K, reserved 1130496K
  class space    used 11473K, capacity 12250K, committed 12312K, reserved 1048576K
Heap Regions: E=young(eden), S=young(survivor), O=old, HS=humongous(starts), HC=humongous(continues), CS=collection set, F=free, A=archive, TAMS=top-at-mark-start (previous, next)
|   0|0x0000000080000000, 0x0000000080100000, 0x0000000080100000|100%|HS|  |TAMS 0x0000000080100000, 0x0000000080000000| Complete 
|   1|0x0000000080100000, 0x0000000080200000, 0x0000000080200000|100%|HC|  |TAMS 0x0000000080200000, 0x0000000080100000| Complete 
|   2|0x0000000080200000, 0x0000000080300000, 0x0000000080300000|100%|HC|  |TAMS 0x0000000080300000, 0x0000000080200000| Complete 
|   3|0x0000000080300000, 0x0000000080400000, 0x0000000080400000|100%| O|  |TAMS 0x0000000080400000, 0x0000000080300000| Untracked 
|   4|0x0000000080400000, 0x0000000080500000, 0x0000000080500000|100%| O|  |TAMS 0x0000000080500000, 0x0000000080400000| Untracked 
|   5|0x0000000080500000, 0x0000000080600000, 0x0000000080600000|100%| O|  |TAMS 0x0000000080600000, 0x0000000080500000| Untracked 
|   6|0x0000000080600000, 0x0000000080700000, 0x0000000080700000|100%| O|  |TAMS 0x0000000080700000, 0x0000000080600000| Untracked 
|   7|0x0000000080700000, 0x0000000080800000, 0x0000000080800000|100%| O|  |TAMS 0x0000000080800000, 0x0000000080700000| Untracked 
|   8|0x0000000080800000, 0x0000000080900000, 0x0000000080900000|100%| O|  |TAMS 0x0000000080900000, 0x0000000080800000| Untracked 
|   9|0x0000000080900000, 0x0000000080a00000, 0x0000000080a00000|100%| O|  |TAMS 0x0000000080a00000, 0x0000000080900000| Untracked 
|  10|0x0000000080a00000, 0x0000000080b00000, 0x0000000080b00000|100%| O|  |TAMS 0x0000000080b00000, 0x0000000080a00000| Untracked 
|  11|0x0000000080b00000, 0x0000000080c00000, 0x0000000080c00000|100%| O|  |TAMS 0x0000000080c00000, 0x0000000080b00000| Untracked 
|  12|0x0000000080c00000, 0x0000000080d00000, 0x0000000080d00000|100%| O|  |TAMS 0x0000000080d00000, 0x0000000080c00000| Untracked 
|  13|0x0000000080d00000, 0x0000000080e00000, 0x0000000080e00000|100%| O|  |TAMS 0x0000000080e00000, 0x0000000080d00000| Untracked 
|  14|0x0000000080e00000, 0x0000000080f00000, 0x0000000080f00000|100%|HS|  |TAMS 0x0000000080f00000, 0x0000000080e00000| Complete 
|  15|0x0000000080f00000, 0x0000000081000000, 0x0000000081000000|100%|HS|  |TAMS 0x0000000081000000, 0x0000000080f00000| Complete 
|  16|0x0000000081000000, 0x0000000081100000, 0x0000000081100000|100%| O|  |TAMS 0x0000000081100000, 0x0000000081000000| Untracked 
|  17|0x0000000081100000, 0x0000000081200000, 0x0000000081200000|100%|HS|  |TAMS 0x0000000081200000, 0x0000000081100000| Complete 
|  18|0x0000000081200000, 0x0000000081300000, 0x0000000081300000|100%|HC|  |TAMS 0x0000000081300000, 0x0000000081200000| Complete 
|  19|0x0000000081300000, 0x0000000081400000, 0x0000000081400000|100%| O|  |TAMS 0x0000000081400000, 0x0000000081300000| Untracked 
|  20|0x0000000081400000, 0x0000000081500000, 0x0000000081500000|100%| O|  |TAMS 0x0000000081500000, 0x0000000081400000| Untracked 
|  21|0x0000000081500000, 0x0000000081600000, 0x0000000081600000|100%| O|  |TAMS 0x0000000081600000, 0x0000000081500000| Untracked 
|  22|0x0000000081600000, 0x0000000081700000, 0x0000000081700000|100%| O|  |TAMS 0x0000000081700000, 0x0000000081600000| Untracked 
|  23|0x0000000081700000, 0x0000000081800000, 0x0000000081800000|100%| O|  |TAMS 0x0000000081800000, 0x0000000081700000| Untracked 
|  24|0x0000000081800000, 0x0000000081900000, 0x0000000081900000|100%| O|  |TAMS 0x0000000081900000, 0x0000000081800000| Untracked 
|  25|0x0000000081900000, 0x0000000081a00000, 0x0000000081a00000|100%| O|  |TAMS 0x0000000081a00000, 0x0000000081900000| Untracked 
|  26|0x0000000081a00000, 0x0000000081b00000, 0x0000000081b00000|100%| O|  |TAMS 0x0000000081b00000, 0x0000000081a00000| Untracked 
|  27|0x0000000081b00000, 0x0000000081c00000, 0x0000000081c00000|100%| O|  |TAMS 0x0000000081c00000, 0x0000000081b00000| Untracked 
|  28|0x0000000081c00000, 0x0000000081d00000, 0x0000000081d00000|100%| O|  |TAMS 0x0000000081d00000, 0x0000000081c00000| Untracked 
|  29|0x0000000081d00000, 0x0000000081e00000, 0x0000000081e00000|100%| O|  |TAMS 0x0000000081e00000, 0x0000000081d00000| Untracked 
|  30|0x0000000081e00000, 0x0000000081f00000, 0x0000000081f00000|100%| O|  |TAMS 0x0000000081f00000, 0x0000000081e00000| Untracked 
|  31|0x0000000081f00000, 0x0000000082000000, 0x0000000082000000|100%| O|  |TAMS 0x0000000082000000, 0x0000000081f00000| Untracked 
|  32|0x0000000082000000, 0x0000000082100000, 0x0000000082100000|100%| O|  |TAMS 0x0000000082100000, 0x0000000082000000| Untracked 
|  33|0x0000000082100000, 0x0000000082200000, 0x0000000082200000|100%| O|  |TAMS 0x0000000082200000, 0x0000000082100000| Untracked 
|  34|0x0000000082200000, 0x0000000082300000, 0x0000000082300000|100%| O|  |TAMS 0x0000000082300000, 0x0000000082200000| Untracked 
|  35|0x0000000082300000, 0x0000000082400000, 0x0000000082400000|100%| O|  |TAMS 0x0000000082400000, 0x0000000082300000| Untracked 
|  36|0x0000000082400000, 0x0000000082500000, 0x0000000082500000|100%| O|  |TAMS 0x0000000082500000, 0x0000000082400000| Untracked 
|  37|0x0000000082500000, 0x0000000082600000, 0x0000000082600000|100%| O|  |TAMS 0x0000000082600000, 0x0000000082500000| Untracked 
|  38|0x0000000082600000, 0x0000000082700000, 0x0000000082700000|100%| O|  |TAMS 0x0000000082700000, 0x0000000082600000| Untracked 
|  39|0x0000000082700000, 0x0000000082800000, 0x0000000082800000|100%| O|  |TAMS 0x0000000082800000, 0x0000000082700000| Untracked 
|  40|0x0000000082800000, 0x0000000082900000, 0x0000000082900000|100%| O|  |TAMS 0x0000000082900000, 0x0000000082800000| Untracked 
|  41|0x0000000082900000, 0x0000000082a00000, 0x0000000082a00000|100%| O|  |TAMS 0x0000000082a00000, 0x0000000082900000| Untracked 
|  42|0x0000000082a00000, 0x0000000082b00000, 0x0000000082b00000|100%| O|  |TAMS 0x0000000082b00000, 0x0000000082a00000| Untracked 
|  43|0x0000000082b00000, 0x0000000082c00000, 0x0000000082c00000|100%| O|  |TAMS 0x0000000082c00000, 0x0000000082b00000| Untracked 
|  44|0x0000000082c00000, 0x0000000082d00000, 0x0000000082d00000|100%| O|  |TAMS 0x0000000082d00000, 0x0000000082c00000| Untracked 
|  45|0x0000000082d00000, 0x0000000082e00000, 0x0000000082e00000|100%| O|  |TAMS 0x0000000082e00000, 0x0000000082d00000| Untracked 
|  46|0x0000000082e00000, 0x0000000082f00000, 0x0000000082f00000|100%| O|  |TAMS 0x0000000082f00000, 0x0000000082e00000| Untracked 
|  47|0x0000000082f00000, 0x0000000083000000, 0x0000000083000000|100%| O|  |TAMS 0x0000000083000000, 0x0000000082f00000| Untracked 
|  48|0x0000000083000000, 0x0000000083100000, 0x0000000083100000|100%| O|  |TAMS 0x0000000083100000, 0x0000000083000000| Untracked 
|  49|0x0000000083100000, 0x0000000083200000, 0x0000000083200000|100%| O|  |TAMS 0x0000000083200000, 0x0000000083100000| Untracked 
|  50|0x0000000083200000, 0x0000000083300000, 0x0000000083300000|100%| O|  |TAMS 0x0000000083300000, 0x0000000083200000| Untracked 
|  51|0x0000000083300000, 0x0000000083400000, 0x0000000083400000|100%| O|  |TAMS 0x0000000083400000, 0x0000000083300000| Untracked 
|  52|0x0000000083400000, 0x0000000083500000, 0x0000000083500000|100%| O|  |TAMS 0x0000000083500000, 0x0000000083400000| Untracked 
|  53|0x0000000083500000, 0x0000000083600000, 0x0000000083600000|100%| O|  |TAMS 0x0000000083600000, 0x0000000083500000| Untracked 
|  54|0x0000000083600000, 0x0000000083700000, 0x0000000083700000|100%| O|  |TAMS 0x0000000083700000, 0x0000000083600000| Untracked 
|  55|0x0000000083700000, 0x0000000083800000, 0x0000000083800000|100%| O|  |TAMS 0x0000000083800000, 0x0000000083700000| Untracked 
|  56|0x0000000083800000, 0x0000000083800000, 0x0000000083900000|  0%| F|  |TAMS 0x0000000083800000, 0x0000000083800000| Untracked 
|  57|0x0000000083900000, 0x0000000083900000, 0x0000000083a00000|  0%| F|  |TAMS 0x0000000083900000, 0x0000000083900000| Untracked 
|  58|0x0000000083a00000, 0x0000000083a00000, 0x0000000083b00000|  0%| F|  |TAMS 0x0000000083a00000, 0x0000000083a00000| Untracked 
|  59|0x0000000083b00000, 0x0000000083b00000, 0x0000000083c00000|  0%| F|  |TAMS 0x0000000083b00000, 0x0000000083b00000| Untracked 
|  60|0x0000000083c00000, 0x0000000083c00000, 0x0000000083d00000|  0%| F|  |TAMS 0x0000000083c00000, 0x0000000083c00000| Untracked 
|  61|0x0000000083d00000, 0x0000000083d00000, 0x0000000083e00000|  0%| F|  |TAMS 0x0000000083d00000, 0x0000000083d00000| Untracked 
|  62|0x0000000083e00000, 0x0000000083e00000, 0x0000000083f00000|  0%| F|  |TAMS 0x0000000083e00000, 0x0000000083e00000| Untracked 
|  63|0x0000000083f00000, 0x0000000083f00000, 0x0000000084000000|  0%| F|  |TAMS 0x0000000083f00000, 0x0000000083f00000| Untracked 
|  64|0x0000000084000000, 0x0000000084000000, 0x0000000084100000|  0%| F|  |TAMS 0x0000000084000000, 0x0000000084000000| Untracked 
|  65|0x0000000084100000, 0x0000000084100000, 0x0000000084200000|  0%| F|  |TAMS 0x0000000084100000, 0x0000000084100000| Untracked 
|  66|0x0000000084200000, 0x0000000084200000, 0x0000000084300000|  0%| F|  |TAMS 0x0000000084200000, 0x0000000084200000| Untracked 
|  67|0x0000000084300000, 0x0000000084300000, 0x0000000084400000|  0%| F|  |TAMS 0x0000000084300000, 0x0000000084300000| Untracked 
|  68|0x0000000084400000, 0x0000000084400000, 0x0000000084500000|  0%| F|  |TAMS 0x0000000084400000, 0x0000000084400000| Untracked 
|  69|0x0000000084500000, 0x0000000084500000, 0x0000000084600000|  0%| F|  |TAMS 0x0000000084500000, 0x0000000084500000| Untracked 
|  70|0x0000000084600000, 0x0000000084600000, 0x0000000084700000|  0%| F|  |TAMS 0x0000000084600000, 0x0000000084600000| Untracked 
|  71|0x0000000084700000, 0x0000000084700000, 0x0000000084800000|  0%| F|  |TAMS 0x0000000084700000, 0x0000000084700000| Untracked 
|  72|0x0000000084800000, 0x0000000084800000, 0x0000000084900000|  0%| F|  |TAMS 0x0000000084800000, 0x0000000084800000| Untracked 
|  73|0x0000000084900000, 0x0000000084900000, 0x0000000084a00000|  0%| F|  |TAMS 0x0000000084900000, 0x0000000084900000| Untracked 
|  74|0x0000000084a00000, 0x0000000084a00000, 0x0000000084b00000|  0%| F|  |TAMS 0x0000000084a00000, 0x0000000084a00000| Untracked 
|  75|0x0000000084b00000, 0x0000000084b00000, 0x0000000084c00000|  0%| F|  |TAMS 0x0000000084b00000, 0x0000000084b00000| Untracked 
|  76|0x0000000084c00000, 0x0000000084c00000, 0x0000000084d00000|  0%| F|  |TAMS 0x0000000084c00000, 0x0000000084c00000| Untracked 
|  77|0x0000000084d00000, 0x0000000084d00000, 0x0000000084e00000|  0%| F|  |TAMS 0x0000000084d00000, 0x0000000084d00000| Untracked 
|  78|0x0000000084e00000, 0x0000000084e00000, 0x0000000084f00000|  0%| F|  |TAMS 0x0000000084e00000, 0x0000000084e00000| Untracked 
|  79|0x0000000084f00000, 0x0000000084f00000, 0x0000000085000000|  0%| F|  |TAMS 0x0000000084f00000, 0x0000000084f00000| Untracked 
|  80|0x0000000085000000, 0x0000000085000000, 0x0000000085100000|  0%| F|  |TAMS 0x0000000085000000, 0x0000000085000000| Untracked 
|  81|0x0000000085100000, 0x0000000085100000, 0x0000000085200000|  0%| F|  |TAMS 0x0000000085100000, 0x0000000085100000| Untracked 
|  82|0x0000000085200000, 0x0000000085200000, 0x0000000085300000|  0%| F|  |TAMS 0x0000000085200000, 0x0000000085200000| Untracked 
|  83|0x0000000085300000, 0x0000000085300000, 0x0000000085400000|  0%| F|  |TAMS 0x0000000085300000, 0x0000000085300000| Untracked 
|  84|0x0000000085400000, 0x0000000085400000, 0x0000000085500000|  0%| F|  |TAMS 0x0000000085400000, 0x0000000085400000| Untracked 
|  85|0x0000000085500000, 0x0000000085500000, 0x0000000085600000|  0%| F|  |TAMS 0x0000000085500000, 0x0000000085500000| Untracked 
|  86|0x0000000085600000, 0x0000000085600000, 0x0000000085700000|  0%| F|  |TAMS 0x0000000085600000, 0x0000000085600000| Untracked 
|  87|0x0000000085700000, 0x0000000085700000, 0x0000000085800000|  0%| F|  |TAMS 0x0000000085700000, 0x0000000085700000| Untracked 
|  88|0x0000000085800000, 0x0000000085800000, 0x0000000085900000|  0%| F|  |TAMS 0x0000000085800000, 0x0000000085800000| Untracked 
|  89|0x0000000085900000, 0x0000000085900000, 0x0000000085a00000|  0%| F|  |TAMS 0x0000000085900000, 0x0000000085900000| Untracked 
|  90|0x0000000085a00000, 0x0000000085a00000, 0x0000000085b00000|  0%| F|  |TAMS 0x0000000085a00000, 0x0000000085a00000| Untracked 
|  91|0x0000000085b00000, 0x0000000085b00000, 0x0000000085c00000|  0%| F|  |TAMS 0x0000000085b00000, 0x0000000085b00000| Untracked 
|  92|0x0000000085c00000, 0x0000000085c00000, 0x0000000085d00000|  0%| F|  |TAMS 0x0000000085c00000, 0x0000000085c00000| Untracked 
|  93|0x0000000085d00000, 0x0000000085d00000, 0x0000000085e00000|  0%| F|  |TAMS 0x0000000085d00000, 0x0000000085d00000| Untracked 
|  94|0x0000000085e00000, 0x0000000085e00000, 0x0000000085f00000|  0%| F|  |TAMS 0x0000000085e00000, 0x0000000085e00000| Untracked 
|  95|0x0000000085f00000, 0x0000000085f00000, 0x0000000086000000|  0%| F|  |TAMS 0x0000000085f00000, 0x0000000085f00000| Untracked 
|  96|0x0000000086000000, 0x0000000086000000, 0x0000000086100000|  0%| F|  |TAMS 0x0000000086000000, 0x0000000086000000| Untracked 
|  97|0x0000000086100000, 0x0000000086100000, 0x0000000086200000|  0%| F|  |TAMS 0x0000000086100000, 0x0000000086100000| Untracked 
|  98|0x0000000086200000, 0x0000000086200000, 0x0000000086300000|  0%| F|  |TAMS 0x0000000086200000, 0x0000000086200000| Untracked 
|  99|0x0000000086300000, 0x0000000086300000, 0x0000000086400000|  0%| F|  |TAMS 0x0000000086300000, 0x0000000086300000| Untracked 
| 100|0x0000000086400000, 0x0000000086400000, 0x0000000086500000|  0%| F|  |TAMS 0x0000000086400000, 0x0000000086400000| Untracked 
| 101|0x0000000086500000, 0x0000000086500000, 0x0000000086600000|  0%| F|  |TAMS 0x0000000086500000, 0x0000000086500000| Untracked 
| 102|0x0000000086600000, 0x0000000086600000, 0x0000000086700000|  0%| F|  |TAMS 0x0000000086600000, 0x0000000086600000| Untracked 
| 103|0x0000000086700000, 0x0000000086700000, 0x0000000086800000|  0%| F|  |TAMS 0x0000000086700000, 0x0000000086700000| Untracked 
| 104|0x0000000086800000, 0x0000000086800000, 0x0000000086900000|  0%| F|  |TAMS 0x0000000086800000, 0x0000000086800000| Untracked 
| 105|0x0000000086900000, 0x0000000086900000, 0x0000000086a00000|  0%| F|  |TAMS 0x0000000086900000, 0x0000000086900000| Untracked 
| 106|0x0000000086a00000, 0x0000000086a00000, 0x0000000086b00000|  0%| F|  |TAMS 0x0000000086a00000, 0x0000000086a00000| Untracked 
| 107|0x0000000086b00000, 0x0000000086b00000, 0x0000000086c00000|  0%| F|  |TAMS 0x0000000086b00000, 0x0000000086b00000| Untracked 
| 108|0x0000000086c00000, 0x0000000086c00000, 0x0000000086d00000|  0%| F|  |TAMS 0x0000000086c00000, 0x0000000086c00000| Untracked 
| 109|0x0000000086d00000, 0x0000000086d00000, 0x0000000086e00000|  0%| F|  |TAMS 0x0000000086d00000, 0x0000000086d00000| Untracked 
| 110|0x0000000086e00000, 0x0000000086e00000, 0x0000000086f00000|  0%| F|  |TAMS 0x0000000086e00000, 0x0000000086e00000| Untracked 
| 111|0x0000000086f00000, 0x0000000086f00000, 0x0000000087000000|  0%| F|  |TAMS 0x0000000086f00000, 0x0000000086f00000| Untracked 
| 112|0x0000000087000000, 0x00000000870d7c80, 0x0000000087100000| 84%| S|CS|TAMS 0x0000000087000000, 0x0000000087000000| Complete 
| 113|0x0000000087100000, 0x0000000087200000, 0x0000000087200000|100%| S|CS|TAMS 0x0000000087100000, 0x0000000087100000| Complete 
| 114|0x0000000087200000, 0x0000000087300000, 0x0000000087300000|100%| S|CS|TAMS 0x0000000087200000, 0x0000000087200000| Complete 
| 115|0x0000000087300000, 0x0000000087400000, 0x0000000087400000|100%| S|CS|TAMS 0x0000000087300000, 0x0000000087300000| Complete 
| 116|0x0000000087400000, 0x0000000087500000, 0x0000000087500000|100%| S|CS|TAMS 0x0000000087400000, 0x0000000087400000| Complete 
| 117|0x0000000087500000, 0x0000000087600000, 0x0000000087600000|100%| S|CS|TAMS 0x0000000087500000, 0x0000000087500000| Complete 
| 118|0x0000000087600000, 0x0000000087700000, 0x0000000087700000|100%| S|CS|TAMS 0x0000000087600000, 0x0000000087600000| Complete 
| 119|0x0000000087700000, 0x0000000087800000, 0x0000000087800000|100%| S|CS|TAMS 0x0000000087700000, 0x0000000087700000| Complete 
| 120|0x0000000087800000, 0x0000000087900000, 0x0000000087900000|100%| S|CS|TAMS 0x0000000087800000, 0x0000000087800000| Complete 
| 121|0x0000000087900000, 0x0000000087a00000, 0x0000000087a00000|100%| S|CS|TAMS 0x0000000087900000, 0x0000000087900000| Complete 
| 122|0x0000000087a00000, 0x0000000087b00000, 0x0000000087b00000|100%| S|CS|TAMS 0x0000000087a00000, 0x0000000087a00000| Complete 
| 123|0x0000000087b00000, 0x0000000087c00000, 0x0000000087c00000|100%| S|CS|TAMS 0x0000000087b00000, 0x0000000087b00000| Complete 
| 124|0x0000000087c00000, 0x0000000087d00000, 0x0000000087d00000|100%| S|CS|TAMS 0x0000000087c00000, 0x0000000087c00000| Complete 
| 125|0x0000000087d00000, 0x0000000087e00000, 0x0000000087e00000|100%| S|CS|TAMS 0x0000000087d00000, 0x0000000087d00000| Complete 
| 126|0x0000000087e00000, 0x0000000087f00000, 0x0000000087f00000|100%| S|CS|TAMS 0x0000000087e00000, 0x0000000087e00000| Complete 
| 127|0x0000000087f00000, 0x0000000088000000, 0x0000000088000000|100%| S|CS|TAMS 0x0000000087f00000, 0x0000000087f00000| Complete 
| 128|0x0000000088000000, 0x0000000088100000, 0x0000000088100000|100%| S|CS|TAMS 0x0000000088000000, 0x0000000088000000| Complete 
| 129|0x0000000088100000, 0x0000000088200000, 0x0000000088200000|100%| S|CS|TAMS 0x0000000088100000, 0x0000000088100000| Complete 
| 130|0x0000000088200000, 0x0000000088300000, 0x0000000088300000|100%| S|CS|TAMS 0x0000000088200000, 0x0000000088200000| Complete 
| 131|0x0000000088300000, 0x0000000088300000, 0x0000000088400000|  0%| F|  |TAMS 0x0000000088300000, 0x0000000088300000| Untracked 
| 132|0x0000000088400000, 0x0000000088400000, 0x0000000088500000|  0%| F|  |TAMS 0x0000000088400000, 0x0000000088400000| Untracked 
| 133|0x0000000088500000, 0x0000000088500000, 0x0000000088600000|  0%| F|  |TAMS 0x0000000088500000, 0x0000000088500000| Untracked 
| 134|0x0000000088600000, 0x0000000088600000, 0x0000000088700000|  0%| F|  |TAMS 0x0000000088600000, 0x0000000088600000| Untracked 
| 135|0x0000000088700000, 0x0000000088700000, 0x0000000088800000|  0%| F|  |TAMS 0x0000000088700000, 0x0000000088700000| Untracked 
| 136|0x0000000088800000, 0x0000000088800000, 0x0000000088900000|  0%| F|  |TAMS 0x0000000088800000, 0x0000000088800000| Untracked 
| 137|0x0000000088900000, 0x0000000088900000, 0x0000000088a00000|  0%| F|  |TAMS 0x0000000088900000, 0x0000000088900000| Untracked 
| 138|0x0000000088a00000, 0x0000000088a00000, 0x0000000088b00000|  0%| F|  |TAMS 0x0000000088a00000, 0x0000000088a00000| Untracked 
| 139|0x0000000088b00000, 0x0000000088b00000, 0x0000000088c00000|  0%| F|  |TAMS 0x0000000088b00000, 0x0000000088b00000| Untracked 
| 140|0x0000000088c00000, 0x0000000088c00000, 0x0000000088d00000|  0%| F|  |TAMS 0x0000000088c00000, 0x0000000088c00000| Untracked 
| 141|0x0000000088d00000, 0x0000000088d00000, 0x0000000088e00000|  0%| F|  |TAMS 0x0000000088d00000, 0x0000000088d00000| Untracked 
| 142|0x0000000088e00000, 0x0000000088e00000, 0x0000000088f00000|  0%| F|  |TAMS 0x0000000088e00000, 0x0000000088e00000| Untracked 
| 143|0x0000000088f00000, 0x0000000088f00000, 0x0000000089000000|  0%| F|  |TAMS 0x0000000088f00000, 0x0000000088f00000| Untracked 
| 144|0x0000000089000000, 0x0000000089000000, 0x0000000089100000|  0%| F|  |TAMS 0x0000000089000000, 0x0000000089000000| Untracked 
| 145|0x0000000089100000, 0x0000000089100000, 0x0000000089200000|  0%| F|  |TAMS 0x0000000089100000, 0x0000000089100000| Untracked 
| 146|0x0000000089200000, 0x0000000089200000, 0x0000000089300000|  0%| F|  |TAMS 0x0000000089200000, 0x0000000089200000| Untracked 
| 147|0x0000000089300000, 0x0000000089300000, 0x0000000089400000|  0%| F|  |TAMS 0x0000000089300000, 0x0000000089300000| Untracked 
| 148|0x0000000089400000, 0x0000000089400000, 0x0000000089500000|  0%| F|  |TAMS 0x0000000089400000, 0x0000000089400000| Untracked 
| 149|0x0000000089500000, 0x0000000089500000, 0x0000000089600000|  0%| F|  |TAMS 0x0000000089500000, 0x0000000089500000| Untracked 
| 150|0x0000000089600000, 0x0000000089600000, 0x0000000089700000|  0%| F|  |TAMS 0x0000000089600000, 0x0000000089600000| Untracked 
| 151|0x0000000089700000, 0x0000000089700000, 0x0000000089800000|  0%| F|  |TAMS 0x0000000089700000, 0x0000000089700000| Untracked 
| 152|0x0000000089800000, 0x0000000089800000, 0x0000000089900000|  0%| F|  |TAMS 0x0000000089800000, 0x0000000089800000| Untracked 
| 153|0x0000000089900000, 0x0000000089900000, 0x0000000089a00000|  0%| F|  |TAMS 0x0000000089900000, 0x0000000089900000| Untracked 
| 154|0x0000000089a00000, 0x0000000089a00000, 0x0000000089b00000|  0%| F|  |TAMS 0x0000000089a00000, 0x0000000089a00000| Untracked 
| 155|0x0000000089b00000, 0x0000000089b00000, 0x0000000089c00000|  0%| F|  |TAMS 0x0000000089b00000, 0x0000000089b00000| Untracked 
| 156|0x0000000089c00000, 0x0000000089c00000, 0x0000000089d00000|  0%| F|  |TAMS 0x0000000089c00000, 0x0000000089c00000| Untracked 
| 157|0x0000000089d00000, 0x0000000089d00000, 0x0000000089e00000|  0%| F|  |TAMS 0x0000000089d00000, 0x0000000089d00000| Untracked 
| 158|0x0000000089e00000, 0x0000000089e00000, 0x0000000089f00000|  0%| F|  |TAMS 0x0000000089e00000, 0x0000000089e00000| Untracked 
| 159|0x0000000089f00000, 0x0000000089f00000, 0x000000008a000000|  0%| F|  |TAMS 0x0000000089f00000, 0x0000000089f00000| Untracked 
| 160|0x000000008a000000, 0x000000008a000000, 0x000000008a100000|  0%| F|  |TAMS 0x000000008a000000, 0x000000008a000000| Untracked 
| 161|0x000000008a100000, 0x000000008a100000, 0x000000008a200000|  0%| F|  |TAMS 0x000000008a100000, 0x000000008a100000| Untracked 
| 162|0x000000008a200000, 0x000000008a200000, 0x000000008a300000|  0%| F|  |TAMS 0x000000008a200000, 0x000000008a200000| Untracked 
| 163|0x000000008a300000, 0x000000008a300000, 0x000000008a400000|  0%| F|  |TAMS 0x000000008a300000, 0x000000008a300000| Untracked 
| 164|0x000000008a400000, 0x000000008a400000, 0x000000008a500000|  0%| F|  |TAMS 0x000000008a400000, 0x000000008a400000| Untracked 
| 165|0x000000008a500000, 0x000000008a500000, 0x000000008a600000|  0%| F|  |TAMS 0x000000008a500000, 0x000000008a500000| Untracked 
| 166|0x000000008a600000, 0x000000008a600000, 0x000000008a700000|  0%| F|  |TAMS 0x000000008a600000, 0x000000008a600000| Untracked 
| 167|0x000000008a700000, 0x000000008a700000, 0x000000008a800000|  0%| F|  |TAMS 0x000000008a700000, 0x000000008a700000| Untracked 
| 168|0x000000008a800000, 0x000000008a800000, 0x000000008a900000|  0%| F|  |TAMS 0x000000008a800000, 0x000000008a800000| Untracked 
| 169|0x000000008a900000, 0x000000008a900000, 0x000000008aa00000|  0%| F|  |TAMS 0x000000008a900000, 0x000000008a900000| Untracked 
| 170|0x000000008aa00000, 0x000000008aa00000, 0x000000008ab00000|  0%| F|  |TAMS 0x000000008aa00000, 0x000000008aa00000| Untracked 
| 171|0x000000008ab00000, 0x000000008ab00000, 0x000000008ac00000|  0%| F|  |TAMS 0x000000008ab00000, 0x000000008ab00000| Untracked 
| 172|0x000000008ac00000, 0x000000008ac00000, 0x000000008ad00000|  0%| F|  |TAMS 0x000000008ac00000, 0x000000008ac00000| Untracked 
| 173|0x000000008ad00000, 0x000000008ad00000, 0x000000008ae00000|  0%| F|  |TAMS 0x000000008ad00000, 0x000000008ad00000| Untracked 
| 174|0x000000008ae00000, 0x000000008ae00000, 0x000000008af00000|  0%| F|  |TAMS 0x000000008ae00000, 0x000000008ae00000| Untracked 
| 175|0x000000008af00000, 0x000000008af00000, 0x000000008b000000|  0%| F|  |TAMS 0x000000008af00000, 0x000000008af00000| Untracked 
| 176|0x000000008b000000, 0x000000008b000000, 0x000000008b100000|  0%| F|  |TAMS 0x000000008b000000, 0x000000008b000000| Untracked 
| 177|0x000000008b100000, 0x000000008b100000, 0x000000008b200000|  0%| F|  |TAMS 0x000000008b100000, 0x000000008b100000| Untracked 
| 178|0x000000008b200000, 0x000000008b200000, 0x000000008b300000|  0%| F|  |TAMS 0x000000008b200000, 0x000000008b200000| Untracked 
| 179|0x000000008b300000, 0x000000008b300000, 0x000000008b400000|  0%| F|  |TAMS 0x000000008b300000, 0x000000008b300000| Untracked 
| 180|0x000000008b400000, 0x000000008b400000, 0x000000008b500000|  0%| F|  |TAMS 0x000000008b400000, 0x000000008b400000| Untracked 
| 181|0x000000008b500000, 0x000000008b500000, 0x000000008b600000|  0%| F|  |TAMS 0x000000008b500000, 0x000000008b500000| Untracked 
| 182|0x000000008b600000, 0x000000008b600000, 0x000000008b700000|  0%| F|  |TAMS 0x000000008b600000, 0x000000008b600000| Untracked 
| 183|0x000000008b700000, 0x000000008b700000, 0x000000008b800000|  0%| F|  |TAMS 0x000000008b700000, 0x000000008b700000| Untracked 
| 184|0x000000008b800000, 0x000000008b800000, 0x000000008b900000|  0%| F|  |TAMS 0x000000008b800000, 0x000000008b800000| Untracked 
| 185|0x000000008b900000, 0x000000008b900000, 0x000000008ba00000|  0%| F|  |TAMS 0x000000008b900000, 0x000000008b900000| Untracked 
| 186|0x000000008ba00000, 0x000000008ba00000, 0x000000008bb00000|  0%| F|  |TAMS 0x000000008ba00000, 0x000000008ba00000| Untracked 
| 187|0x000000008bb00000, 0x000000008bb00000, 0x000000008bc00000|  0%| F|  |TAMS 0x000000008bb00000, 0x000000008bb00000| Untracked 
| 188|0x000000008bc00000, 0x000000008bc00000, 0x000000008bd00000|  0%| F|  |TAMS 0x000000008bc00000, 0x000000008bc00000| Untracked 
| 189|0x000000008bd00000, 0x000000008bd00000, 0x000000008be00000|  0%| F|  |TAMS 0x000000008bd00000, 0x000000008bd00000| Untracked 
| 190|0x000000008be00000, 0x000000008be00000, 0x000000008bf00000|  0%| F|  |TAMS 0x000000008be00000, 0x000000008be00000| Untracked 
| 191|0x000000008bf00000, 0x000000008bf00000, 0x000000008c000000|  0%| F|  |TAMS 0x000000008bf00000, 0x000000008bf00000| Untracked 
| 192|0x000000008c000000, 0x000000008c000000, 0x000000008c100000|  0%| F|  |TAMS 0x000000008c000000, 0x000000008c000000| Untracked 
| 193|0x000000008c100000, 0x000000008c100000, 0x000000008c200000|  0%| F|  |TAMS 0x000000008c100000, 0x000000008c100000| Untracked 
| 194|0x000000008c200000, 0x000000008c200000, 0x000000008c300000|  0%| F|  |TAMS 0x000000008c200000, 0x000000008c200000| Untracked 
| 195|0x000000008c300000, 0x000000008c300000, 0x000000008c400000|  0%| F|  |TAMS 0x000000008c300000, 0x000000008c300000| Untracked 
| 196|0x000000008c400000, 0x000000008c400000, 0x000000008c500000|  0%| F|  |TAMS 0x000000008c400000, 0x000000008c400000| Untracked 
| 197|0x000000008c500000, 0x000000008c500000, 0x000000008c600000|  0%| F|  |TAMS 0x000000008c500000, 0x000000008c500000| Untracked 
| 198|0x000000008c600000, 0x000000008c600000, 0x000000008c700000|  0%| F|  |TAMS 0x000000008c600000, 0x000000008c600000| Untracked 
| 199|0x000000008c700000, 0x000000008c700000, 0x000000008c800000|  0%| F|  |TAMS 0x000000008c700000, 0x000000008c700000| Untracked 
| 200|0x000000008c800000, 0x000000008c800000, 0x000000008c900000|  0%| F|  |TAMS 0x000000008c800000, 0x000000008c800000| Untracked 
| 201|0x000000008c900000, 0x000000008c900000, 0x000000008ca00000|  0%| F|  |TAMS 0x000000008c900000, 0x000000008c900000| Untracked 
| 202|0x000000008ca00000, 0x000000008ca00000, 0x000000008cb00000|  0%| F|  |TAMS 0x000000008ca00000, 0x000000008ca00000| Untracked 
| 203|0x000000008cb00000, 0x000000008cb00000, 0x000000008cc00000|  0%| F|  |TAMS 0x000000008cb00000, 0x000000008cb00000| Untracked 
| 204|0x000000008cc00000, 0x000000008cc00000, 0x000000008cd00000|  0%| F|  |TAMS 0x000000008cc00000, 0x000000008cc00000| Untracked 
| 205|0x000000008cd00000, 0x000000008cd00000, 0x000000008ce00000|  0%| F|  |TAMS 0x000000008cd00000, 0x000000008cd00000| Untracked 
| 206|0x000000008ce00000, 0x000000008ce00000, 0x000000008cf00000|  0%| F|  |TAMS 0x000000008ce00000, 0x000000008ce00000| Untracked 
| 207|0x000000008cf00000, 0x000000008cf00000, 0x000000008d000000|  0%| F|  |TAMS 0x000000008cf00000, 0x000000008cf00000| Untracked 
| 208|0x000000008d000000, 0x000000008d000000, 0x000000008d100000|  0%| F|  |TAMS 0x000000008d000000, 0x000000008d000000| Untracked 
| 209|0x000000008d100000, 0x000000008d100000, 0x000000008d200000|  0%| F|  |TAMS 0x000000008d100000, 0x000000008d100000| Untracked 
| 210|0x000000008d200000, 0x000000008d200000, 0x000000008d300000|  0%| F|  |TAMS 0x000000008d200000, 0x000000008d200000| Untracked 
| 211|0x000000008d300000, 0x000000008d300000, 0x000000008d400000|  0%| F|  |TAMS 0x000000008d300000, 0x000000008d300000| Untracked 
| 212|0x000000008d400000, 0x000000008d400000, 0x000000008d500000|  0%| F|  |TAMS 0x000000008d400000, 0x000000008d400000| Untracked 
| 213|0x000000008d500000, 0x000000008d500000, 0x000000008d600000|  0%| F|  |TAMS 0x000000008d500000, 0x000000008d500000| Untracked 
| 214|0x000000008d600000, 0x000000008d600000, 0x000000008d700000|  0%| F|  |TAMS 0x000000008d600000, 0x000000008d600000| Untracked 
| 215|0x000000008d700000, 0x000000008d700000, 0x000000008d800000|  0%| F|  |TAMS 0x000000008d700000, 0x000000008d700000| Untracked 
| 216|0x000000008d800000, 0x000000008d800000, 0x000000008d900000|  0%| F|  |TAMS 0x000000008d800000, 0x000000008d800000| Untracked 
| 217|0x000000008d900000, 0x000000008d900000, 0x000000008da00000|  0%| F|  |TAMS 0x000000008d900000, 0x000000008d900000| Untracked 
| 218|0x000000008da00000, 0x000000008da00000, 0x000000008db00000|  0%| F|  |TAMS 0x000000008da00000, 0x000000008da00000| Untracked 
| 219|0x000000008db00000, 0x000000008db00000, 0x000000008dc00000|  0%| F|  |TAMS 0x000000008db00000, 0x000000008db00000| Untracked 
| 220|0x000000008dc00000, 0x000000008dc00000, 0x000000008dd00000|  0%| F|  |TAMS 0x000000008dc00000, 0x000000008dc00000| Untracked 
| 221|0x000000008dd00000, 0x000000008dd00000, 0x000000008de00000|  0%| F|  |TAMS 0x000000008dd00000, 0x000000008dd00000| Untracked 
| 222|0x000000008de00000, 0x000000008de00000, 0x000000008df00000|  0%| F|  |TAMS 0x000000008de00000, 0x000000008de00000| Untracked 
| 223|0x000000008df00000, 0x000000008df00000, 0x000000008e000000|  0%| F|  |TAMS 0x000000008df00000, 0x000000008df00000| Untracked 
| 224|0x000000008e000000, 0x000000008e000000, 0x000000008e100000|  0%| F|  |TAMS 0x000000008e000000, 0x000000008e000000| Untracked 
| 225|0x000000008e100000, 0x000000008e100000, 0x000000008e200000|  0%| F|  |TAMS 0x000000008e100000, 0x000000008e100000| Untracked 
| 226|0x000000008e200000, 0x000000008e200000, 0x000000008e300000|  0%| F|  |TAMS 0x000000008e200000, 0x000000008e200000| Untracked 
| 227|0x000000008e300000, 0x000000008e300000, 0x000000008e400000|  0%| F|  |TAMS 0x000000008e300000, 0x000000008e300000| Untracked 
| 228|0x000000008e400000, 0x000000008e400000, 0x000000008e500000|  0%| F|  |TAMS 0x000000008e400000, 0x000000008e400000| Untracked 
| 229|0x000000008e500000, 0x000000008e500000, 0x000000008e600000|  0%| F|  |TAMS 0x000000008e500000, 0x000000008e500000| Untracked 
| 230|0x000000008e600000, 0x000000008e600000, 0x000000008e700000|  0%| F|  |TAMS 0x000000008e600000, 0x000000008e600000| Untracked 
| 231|0x000000008e700000, 0x000000008e700000, 0x000000008e800000|  0%| F|  |TAMS 0x000000008e700000, 0x000000008e700000| Untracked 
| 232|0x000000008e800000, 0x000000008e800000, 0x000000008e900000|  0%| F|  |TAMS 0x000000008e800000, 0x000000008e800000| Untracked 
| 233|0x000000008e900000, 0x000000008e900000, 0x000000008ea00000|  0%| F|  |TAMS 0x000000008e900000, 0x000000008e900000| Untracked 
| 234|0x000000008ea00000, 0x000000008ea00000, 0x000000008eb00000|  0%| F|  |TAMS 0x000000008ea00000, 0x000000008ea00000| Untracked 
| 235|0x000000008eb00000, 0x000000008eb00000, 0x000000008ec00000|  0%| F|  |TAMS 0x000000008eb00000, 0x000000008eb00000| Untracked 
| 236|0x000000008ec00000, 0x000000008ec00000, 0x000000008ed00000|  0%| F|  |TAMS 0x000000008ec00000, 0x000000008ec00000| Untracked 
| 237|0x000000008ed00000, 0x000000008ed00000, 0x000000008ee00000|  0%| F|  |TAMS 0x000000008ed00000, 0x000000008ed00000| Untracked 
| 238|0x000000008ee00000, 0x000000008ee00000, 0x000000008ef00000|  0%| F|  |TAMS 0x000000008ee00000, 0x000000008ee00000| Untracked 
| 239|0x000000008ef00000, 0x000000008ef00000, 0x000000008f000000|  0%| F|  |TAMS 0x000000008ef00000, 0x000000008ef00000| Untracked 
| 240|0x000000008f000000, 0x000000008f000000, 0x000000008f100000|  0%| F|  |TAMS 0x000000008f000000, 0x000000008f000000| Untracked 
| 241|0x000000008f100000, 0x000000008f100000, 0x000000008f200000|  0%| F|  |TAMS 0x000000008f100000, 0x000000008f100000| Untracked 
| 242|0x000000008f200000, 0x000000008f200000, 0x000000008f300000|  0%| F|  |TAMS 0x000000008f200000, 0x000000008f200000| Untracked 
| 243|0x000000008f300000, 0x000000008f300000, 0x000000008f400000|  0%| F|  |TAMS 0x000000008f300000, 0x000000008f300000| Untracked 
| 244|0x000000008f400000, 0x000000008f400000, 0x000000008f500000|  0%| F|  |TAMS 0x000000008f400000, 0x000000008f400000| Untracked 
| 245|0x000000008f500000, 0x000000008f500000, 0x000000008f600000|  0%| F|  |TAMS 0x000000008f500000, 0x000000008f500000| Untracked 
| 246|0x000000008f600000, 0x000000008f600000, 0x000000008f700000|  0%| F|  |TAMS 0x000000008f600000, 0x000000008f600000| Untracked 
| 247|0x000000008f700000, 0x000000008f700000, 0x000000008f800000|  0%| F|  |TAMS 0x000000008f700000, 0x000000008f700000| Untracked 
| 248|0x000000008f800000, 0x000000008f800000, 0x000000008f900000|  0%| F|  |TAMS 0x000000008f800000, 0x000000008f800000| Untracked 
| 249|0x000000008f900000, 0x000000008f900000, 0x000000008fa00000|  0%| F|  |TAMS 0x000000008f900000, 0x000000008f900000| Untracked 
| 250|0x000000008fa00000, 0x000000008fa00000, 0x000000008fb00000|  0%| F|  |TAMS 0x000000008fa00000, 0x000000008fa00000| Untracked 
| 251|0x000000008fb00000, 0x000000008fb00000, 0x000000008fc00000|  0%| F|  |TAMS 0x000000008fb00000, 0x000000008fb00000| Untracked 
| 252|0x000000008fc00000, 0x000000008fc00000, 0x000000008fd00000|  0%| F|  |TAMS 0x000000008fc00000, 0x000000008fc00000| Untracked 
| 253|0x000000008fd00000, 0x000000008fd00000, 0x000000008fe00000|  0%| F|  |TAMS 0x000000008fd00000, 0x000000008fd00000| Untracked 
| 254|0x000000008fe00000, 0x000000008fe00000, 0x000000008ff00000|  0%| F|  |TAMS 0x000000008fe00000, 0x000000008fe00000| Untracked 
| 255|0x000000008ff00000, 0x000000008ff00000, 0x0000000090000000|  0%| F|  |TAMS 0x000000008ff00000, 0x000000008ff00000| Untracked 
| 256|0x0000000090000000, 0x0000000090000000, 0x0000000090100000|  0%| F|  |TAMS 0x0000000090000000, 0x0000000090000000| Untracked 
| 257|0x0000000090100000, 0x0000000090100000, 0x0000000090200000|  0%| F|  |TAMS 0x0000000090100000, 0x0000000090100000| Untracked 
| 258|0x0000000090200000, 0x0000000090200000, 0x0000000090300000|  0%| F|  |TAMS 0x0000000090200000, 0x0000000090200000| Untracked 
| 259|0x0000000090300000, 0x0000000090300000, 0x0000000090400000|  0%| F|  |TAMS 0x0000000090300000, 0x0000000090300000| Untracked 
| 260|0x0000000090400000, 0x0000000090400000, 0x0000000090500000|  0%| F|  |TAMS 0x0000000090400000, 0x0000000090400000| Untracked 
| 261|0x0000000090500000, 0x0000000090500000, 0x0000000090600000|  0%| F|  |TAMS 0x0000000090500000, 0x0000000090500000| Untracked 
| 262|0x0000000090600000, 0x000000009064bc28, 0x0000000090700000| 29%| E|  |TAMS 0x0000000090600000, 0x0000000090600000| Complete 
| 263|0x0000000090700000, 0x0000000090800000, 0x0000000090800000|100%| E|CS|TAMS 0x0000000090700000, 0x0000000090700000| Complete 
| 264|0x0000000090800000, 0x0000000090900000, 0x0000000090900000|100%| E|  |TAMS 0x0000000090800000, 0x0000000090800000| Complete 
| 265|0x0000000090900000, 0x0000000090a00000, 0x0000000090a00000|100%| E|CS|TAMS 0x0000000090900000, 0x0000000090900000| Complete 
| 266|0x0000000090a00000, 0x0000000090b00000, 0x0000000090b00000|100%| E|CS|TAMS 0x0000000090a00000, 0x0000000090a00000| Complete 
| 267|0x0000000090b00000, 0x0000000090c00000, 0x0000000090c00000|100%| E|CS|TAMS 0x0000000090b00000, 0x0000000090b00000| Complete 
| 268|0x0000000090c00000, 0x0000000090d00000, 0x0000000090d00000|100%| E|CS|TAMS 0x0000000090c00000, 0x0000000090c00000| Complete 
| 269|0x0000000090d00000, 0x0000000090e00000, 0x0000000090e00000|100%| E|CS|TAMS 0x0000000090d00000, 0x0000000090d00000| Complete 
| 270|0x0000000090e00000, 0x0000000090f00000, 0x0000000090f00000|100%| E|CS|TAMS 0x0000000090e00000, 0x0000000090e00000| Complete 
| 271|0x0000000090f00000, 0x0000000091000000, 0x0000000091000000|100%| E|CS|TAMS 0x0000000090f00000, 0x0000000090f00000| Complete 
| 272|0x0000000091000000, 0x0000000091100000, 0x0000000091100000|100%| E|CS|TAMS 0x0000000091000000, 0x0000000091000000| Complete 
| 273|0x0000000091100000, 0x0000000091200000, 0x0000000091200000|100%| E|CS|TAMS 0x0000000091100000, 0x0000000091100000| Complete 
| 274|0x0000000091200000, 0x0000000091300000, 0x0000000091300000|100%| E|CS|TAMS 0x0000000091200000, 0x0000000091200000| Complete 
| 275|0x0000000091300000, 0x0000000091400000, 0x0000000091400000|100%| E|CS|TAMS 0x0000000091300000, 0x0000000091300000| Complete 
| 276|0x0000000091400000, 0x0000000091500000, 0x0000000091500000|100%| E|CS|TAMS 0x0000000091400000, 0x0000000091400000| Complete 
| 277|0x0000000091500000, 0x0000000091600000, 0x0000000091600000|100%| E|CS|TAMS 0x0000000091500000, 0x0000000091500000| Complete 
| 278|0x0000000091600000, 0x0000000091700000, 0x0000000091700000|100%| E|CS|TAMS 0x0000000091600000, 0x0000000091600000| Complete 
| 279|0x0000000091700000, 0x0000000091800000, 0x0000000091800000|100%| E|CS|TAMS 0x0000000091700000, 0x0000000091700000| Complete 
| 280|0x0000000091800000, 0x0000000091900000, 0x0000000091900000|100%| E|CS|TAMS 0x0000000091800000, 0x0000000091800000| Complete 
| 281|0x0000000091900000, 0x0000000091a00000, 0x0000000091a00000|100%| E|CS|TAMS 0x0000000091900000, 0x0000000091900000| Complete 
| 282|0x0000000091a00000, 0x0000000091b00000, 0x0000000091b00000|100%| E|CS|TAMS 0x0000000091a00000, 0x0000000091a00000| Complete 
| 283|0x0000000091b00000, 0x0000000091c00000, 0x0000000091c00000|100%| E|CS|TAMS 0x0000000091b00000, 0x0000000091b00000| Complete 
| 284|0x0000000091c00000, 0x0000000091d00000, 0x0000000091d00000|100%| E|CS|TAMS 0x0000000091c00000, 0x0000000091c00000| Complete 
| 285|0x0000000091d00000, 0x0000000091e00000, 0x0000000091e00000|100%| E|CS|TAMS 0x0000000091d00000, 0x0000000091d00000| Complete 
| 286|0x0000000091e00000, 0x0000000091f00000, 0x0000000091f00000|100%| E|CS|TAMS 0x0000000091e00000, 0x0000000091e00000| Complete 
| 287|0x0000000091f00000, 0x0000000092000000, 0x0000000092000000|100%| E|CS|TAMS 0x0000000091f00000, 0x0000000091f00000| Complete 
| 288|0x0000000092000000, 0x0000000092100000, 0x0000000092100000|100%| E|CS|TAMS 0x0000000092000000, 0x0000000092000000| Complete 
| 289|0x0000000092100000, 0x0000000092200000, 0x0000000092200000|100%| E|CS|TAMS 0x0000000092100000, 0x0000000092100000| Complete 
| 290|0x0000000092200000, 0x0000000092300000, 0x0000000092300000|100%| E|CS|TAMS 0x0000000092200000, 0x0000000092200000| Complete 
| 291|0x0000000092300000, 0x0000000092400000, 0x0000000092400000|100%| E|CS|TAMS 0x0000000092300000, 0x0000000092300000| Complete 
| 292|0x0000000092400000, 0x0000000092500000, 0x0000000092500000|100%| E|CS|TAMS 0x0000000092400000, 0x0000000092400000| Complete 
| 293|0x0000000092500000, 0x0000000092600000, 0x0000000092600000|100%| E|CS|TAMS 0x0000000092500000, 0x0000000092500000| Complete 
| 294|0x0000000092600000, 0x0000000092700000, 0x0000000092700000|100%| E|CS|TAMS 0x0000000092600000, 0x0000000092600000| Complete 
| 295|0x0000000092700000, 0x0000000092800000, 0x0000000092800000|100%| E|CS|TAMS 0x0000000092700000, 0x0000000092700000| Complete 
| 296|0x0000000092800000, 0x0000000092900000, 0x0000000092900000|100%| E|CS|TAMS 0x0000000092800000, 0x0000000092800000| Complete 
| 297|0x0000000092900000, 0x0000000092a00000, 0x0000000092a00000|100%| E|CS|TAMS 0x0000000092900000, 0x0000000092900000| Complete 
| 298|0x0000000092a00000, 0x0000000092b00000, 0x0000000092b00000|100%| E|CS|TAMS 0x0000000092a00000, 0x0000000092a00000| Complete 
| 299|0x0000000092b00000, 0x0000000092c00000, 0x0000000092c00000|100%| E|CS|TAMS 0x0000000092b00000, 0x0000000092b00000| Complete 
| 300|0x0000000092c00000, 0x0000000092d00000, 0x0000000092d00000|100%| E|CS|TAMS 0x0000000092c00000, 0x0000000092c00000| Complete 
| 301|0x0000000092d00000, 0x0000000092e00000, 0x0000000092e00000|100%| E|CS|TAMS 0x0000000092d00000, 0x0000000092d00000| Complete 
| 302|0x0000000092e00000, 0x0000000092f00000, 0x0000000092f00000|100%| E|CS|TAMS 0x0000000092e00000, 0x0000000092e00000| Complete 
| 303|0x0000000092f00000, 0x0000000093000000, 0x0000000093000000|100%| E|CS|TAMS 0x0000000092f00000, 0x0000000092f00000| Complete 
| 304|0x0000000093000000, 0x0000000093100000, 0x0000000093100000|100%| E|CS|TAMS 0x0000000093000000, 0x0000000093000000| Complete 

Card table byte_map: [0x000002472cca0000,0x000002472d0a0000] _byte_map_base: 0x000002472c8a0000

Marking Bits (Prev, Next): (CMBitMap*) 0x0000024719db66a0, (CMBitMap*) 0x0000024719db6668
 Prev Bits: [0x000002472f4a0000, 0x00000247314a0000)
 Next Bits: [0x000002472d4a0000, 0x000002472f4a0000)

Polling page: 0x0000024719550000

Metaspace:

Usage:
  Non-class:     78.79 MB capacity,    77.27 MB ( 98%) used,     1.28 MB (  2%) free+waste,   252.12 KB ( <1%) overhead. 
      Class:     11.96 MB capacity,    11.21 MB ( 94%) used,   660.80 KB (  5%) free+waste,   114.50 KB ( <1%) overhead. 
       Both:     90.76 MB capacity,    88.48 MB ( 97%) used,     1.92 MB (  2%) free+waste,   366.62 KB ( <1%) overhead. 

Virtual space:
  Non-class space:       80.00 MB reserved,      78.98 MB ( 99%) committed 
      Class space:        1.00 GB reserved,      12.02 MB (  1%) committed 
             Both:        1.08 GB reserved,      91.00 MB (  8%) committed 

Chunk freelists:
   Non-Class:  0 bytes
       Class:  5.00 KB
        Both:  5.00 KB

MaxMetaspaceSize: 17179869184.00 GB
CompressedClassSpaceSize: 1.00 GB
Initial GC threshold: 20.80 MB
Current GC threshold: 149.79 MB
CDS: off

CodeHeap 'non-profiled nmethods': size=120064Kb used=5596Kb max_used=5596Kb free=114467Kb
 bounds [0x0000024725360000, 0x00000247258e0000, 0x000002472c8a0000]
CodeHeap 'profiled nmethods': size=120000Kb used=21044Kb max_used=21044Kb free=98956Kb
 bounds [0x000002471de30000, 0x000002471f2c0000, 0x0000024725360000]
CodeHeap 'non-nmethods': size=5696Kb used=2364Kb max_used=2428Kb free=3331Kb
 bounds [0x000002471d8a0000, 0x000002471db10000, 0x000002471de30000]
 total_blobs=10664 nmethods=9773 adapters=804
 compilation: enabled
              stopped_count=0, restarted_count=0
 full_count=0

Compilation events (20 events):
Event: 200.714 Thread 0x00000247342a9800 9782       3       java.io.ObjectStreamClass::checkDefaultSerialize (20 bytes)
Event: 200.715 Thread 0x00000247342a9800 nmethod 9782 0x000002471f2a7a10 code [0x000002471f2a7c00, 0x000002471f2a7fb8]
Event: 200.715 Thread 0x00000247342a9800 9783       3       java.io.ObjectStreamClass::getObjFieldValues (10 bytes)
Event: 200.715 Thread 0x00000247342a9800 nmethod 9783 0x000002471f2a8190 code [0x000002471f2a8340, 0x000002471f2a8488]
Event: 200.715 Thread 0x00000247342a9800 9784       3       org.gradle.api.internal.file.AbstractFileCollection::getFiles (23 bytes)
Event: 200.715 Thread 0x00000247342a9800 nmethod 9784 0x000002471f2a8590 code [0x000002471f2a87e0, 0x000002471f2a8f38]
Event: 200.715 Thread 0x00000247342a9800 9785       3       org.gradle.api.internal.file.AbstractFileCollection$2::<init> (15 bytes)
Event: 200.715 Thread 0x00000247342a9800 nmethod 9785 0x000002471f2a9210 code [0x000002471f2a93c0, 0x000002471f2a95d8]
Event: 200.715 Thread 0x00000247342a9800 9786       1       org.gradle.execution.plan.LocalTaskNode::getPrepareNode (5 bytes)
Event: 200.715 Thread 0x00000247342a9800 nmethod 9786 0x00000247258d5390 code [0x00000247258d5540, 0x00000247258d55f8]
Event: 200.715 Thread 0x00000247342a9800 9787       1       org.gradle.execution.plan.Node::getDependencySuccessors (5 bytes)
Event: 200.715 Thread 0x00000247342a9800 nmethod 9787 0x00000247258d5690 code [0x00000247258d5840, 0x00000247258d58f8]
Event: 200.716 Thread 0x00000247342a9800 9788   !   3       java.io.ObjectOutputStream::writeOrdinaryObject (175 bytes)
Event: 200.716 Thread 0x00000247342a9800 nmethod 9788 0x000002471f2a9690 code [0x000002471f2a9980, 0x000002471f2aa628]
Event: 200.718 Thread 0x00000247342a9800 9789       1       com.google.common.collect.MapMakerInternalMap$AbstractWeakKeyEntry::getNext (5 bytes)
Event: 200.718 Thread 0x00000247342a9800 nmethod 9789 0x00000247258d5990 code [0x00000247258d5b40, 0x00000247258d5bf8]
Event: 200.722 Thread 0x00000247342a9800 9790       3       java.io.File::getParentFile (41 bytes)
Event: 200.722 Thread 0x00000247342a9800 nmethod 9790 0x000002471f2aae90 code [0x000002471f2ab080, 0x000002471f2ab458]
Event: 200.724 Thread 0x00000247342a9800 9791       1       com.google.common.collect.ImmutableSortedSet::comparator (5 bytes)
Event: 200.724 Thread 0x00000247342a9800 nmethod 9791 0x00000247258d5c90 code [0x00000247258d5e40, 0x00000247258d5ef8]

GC Heap History (20 events):
Event: 1.698 GC heap before
{Heap before GC invocations=2 (full 0):
 garbage-first heap   total 260096K, used 46084K [0x0000000080000000, 0x0000000100000000)
  region size 1024K, 38 young (38912K), 2 survivors (2048K)
 Metaspace       used 11057K, capacity 11385K, committed 11520K, reserved 1058816K
  class space    used 1139K, capacity 1247K, committed 1280K, reserved 1048576K
}
Event: 1.701 GC heap after
{Heap after GC invocations=3 (full 0):
 garbage-first heap   total 260096K, used 13675K [0x0000000080000000, 0x0000000100000000)
  region size 1024K, 5 young (5120K), 5 survivors (5120K)
 Metaspace       used 11057K, capacity 11385K, committed 11520K, reserved 1058816K
  class space    used 1139K, capacity 1247K, committed 1280K, reserved 1048576K
}
Event: 2.593 GC heap before
{Heap before GC invocations=3 (full 0):
 garbage-first heap   total 260096K, used 62827K [0x0000000080000000, 0x0000000100000000)
  region size 1024K, 54 young (55296K), 5 survivors (5120K)
 Metaspace       used 20057K, capacity 20462K, committed 20480K, reserved 1067008K
  class space    used 2398K, capacity 2551K, committed 2560K, reserved 1048576K
}
Event: 2.599 GC heap after
{Heap after GC invocations=4 (full 0):
 garbage-first heap   total 260096K, used 16721K [0x0000000080000000, 0x0000000100000000)
  region size 1024K, 7 young (7168K), 7 survivors (7168K)
 Metaspace       used 20057K, capacity 20462K, committed 20480K, reserved 1067008K
  class space    used 2398K, capacity 2551K, committed 2560K, reserved 1048576K
}
Event: 2.667 GC heap before
{Heap before GC invocations=4 (full 0):
 garbage-first heap   total 260096K, used 25937K [0x0000000080000000, 0x0000000100000000)
  region size 1024K, 17 young (17408K), 7 survivors (7168K)
 Metaspace       used 20768K, capacity 21187K, committed 21296K, reserved 1069056K
  class space    used 2521K, capacity 2685K, committed 2688K, reserved 1048576K
}
Event: 2.671 GC heap after
{Heap after GC invocations=5 (full 0):
 garbage-first heap   total 260096K, used 18015K [0x0000000080000000, 0x0000000100000000)
  region size 1024K, 4 young (4096K), 4 survivors (4096K)
 Metaspace       used 20768K, capacity 21187K, committed 21296K, reserved 1069056K
  class space    used 2521K, capacity 2685K, committed 2688K, reserved 1048576K
}
Event: 3.418 GC heap before
{Heap before GC invocations=6 (full 0):
 garbage-first heap   total 260096K, used 84575K [0x0000000080000000, 0x0000000100000000)
  region size 1024K, 69 young (70656K), 4 survivors (4096K)
 Metaspace       used 27469K, capacity 28097K, committed 28412K, reserved 1073152K
  class space    used 3588K, capacity 3832K, committed 3916K, reserved 1048576K
}
Event: 3.426 GC heap after
{Heap after GC invocations=7 (full 0):
 garbage-first heap   total 260096K, used 19851K [0x0000000080000000, 0x0000000100000000)
  region size 1024K, 6 young (6144K), 6 survivors (6144K)
 Metaspace       used 27469K, capacity 28097K, committed 28412K, reserved 1073152K
  class space    used 3588K, capacity 3832K, committed 3916K, reserved 1048576K
}
Event: 4.128 GC heap before
{Heap before GC invocations=7 (full 0):
 garbage-first heap   total 260096K, used 76171K [0x0000000080000000, 0x0000000100000000)
  region size 1024K, 62 young (63488K), 6 survivors (6144K)
 Metaspace       used 35095K, capacity 35953K, committed 36048K, reserved 1081344K
  class space    used 4572K, capacity 4921K, committed 4940K, reserved 1048576K
}
Event: 4.139 GC heap after
{Heap after GC invocations=8 (full 0):
 garbage-first heap   total 260096K, used 23397K [0x0000000080000000, 0x0000000100000000)
  region size 1024K, 9 young (9216K), 9 survivors (9216K)
 Metaspace       used 35095K, capacity 35953K, committed 36048K, reserved 1081344K
  class space    used 4572K, capacity 4921K, committed 4940K, reserved 1048576K
}
Event: 5.573 GC heap before
{Heap before GC invocations=9 (full 0):
 garbage-first heap   total 260096K, used 156517K [0x0000000080000000, 0x0000000100000000)
  region size 1024K, 136 young (139264K), 9 survivors (9216K)
 Metaspace       used 46168K, capacity 47371K, committed 47516K, reserved 1091584K
  class space    used 5897K, capacity 6303K, committed 6424K, reserved 1048576K
}
Event: 5.590 GC heap after
{Heap after GC invocations=10 (full 0):
 garbage-first heap   total 260096K, used 31464K [0x0000000080000000, 0x0000000100000000)
  region size 1024K, 17 young (17408K), 17 survivors (17408K)
 Metaspace       used 46168K, capacity 47371K, committed 47516K, reserved 1091584K
  class space    used 5897K, capacity 6303K, committed 6424K, reserved 1048576K
}
Event: 7.405 GC heap before
{Heap before GC invocations=11 (full 0):
 garbage-first heap   total 260096K, used 174824K [0x0000000080000000, 0x0000000100000000)
  region size 1024K, 152 young (155648K), 17 survivors (17408K)
 Metaspace       used 58455K, capacity 60051K, committed 60316K, reserved 1101824K
  class space    used 7337K, capacity 7872K, committed 7960K, reserved 1048576K
}
Event: 7.426 GC heap after
{Heap after GC invocations=12 (full 0):
 garbage-first heap   total 260096K, used 46363K [0x0000000080000000, 0x0000000100000000)
  region size 1024K, 19 young (19456K), 19 survivors (19456K)
 Metaspace       used 58455K, capacity 60051K, committed 60316K, reserved 1101824K
  class space    used 7337K, capacity 7872K, committed 7960K, reserved 1048576K
}
Event: 8.863 GC heap before
{Heap before GC invocations=12 (full 0):
 garbage-first heap   total 260096K, used 190747K [0x0000000080000000, 0x0000000100000000)
  region size 1024K, 152 young (155648K), 19 survivors (19456K)
 Metaspace       used 67466K, capacity 69237K, committed 69532K, reserved 1110016K
  class space    used 8514K, capacity 9138K, committed 9240K, reserved 1048576K
}
Event: 8.884 GC heap after
{Heap after GC invocations=13 (full 0):
 garbage-first heap   total 260096K, used 57719K [0x0000000080000000, 0x0000000100000000)
  region size 1024K, 12 young (12288K), 12 survivors (12288K)
 Metaspace       used 67466K, capacity 69237K, committed 69532K, reserved 1110016K
  class space    used 8514K, capacity 9138K, committed 9240K, reserved 1048576K
}
Event: 10.183 GC heap before
{Heap before GC invocations=13 (full 0):
 garbage-first heap   total 260096K, used 149879K [0x0000000080000000, 0x0000000100000000)
  region size 1024K, 104 young (106496K), 12 survivors (12288K)
 Metaspace       used 77353K, capacity 79392K, committed 79516K, reserved 1118208K
  class space    used 9948K, capacity 10652K, committed 10776K, reserved 1048576K
}
Event: 10.202 GC heap after
{Heap after GC invocations=14 (full 0):
 garbage-first heap   total 312320K, used 66048K [0x0000000080000000, 0x0000000100000000)
  region size 1024K, 9 young (9216K), 9 survivors (9216K)
 Metaspace       used 77353K, capacity 79392K, committed 79516K, reserved 1118208K
  class space    used 9948K, capacity 10652K, committed 10776K, reserved 1048576K
}
Event: 190.219 GC heap before
{Heap before GC invocations=15 (full 0):
 garbage-first heap   total 312320K, used 233984K [0x0000000080000000, 0x0000000100000000)
  region size 1024K, 174 young (178176K), 9 survivors (9216K)
 Metaspace       used 89443K, capacity 91723K, committed 92032K, reserved 1130496K
  class space    used 11293K, capacity 12050K, committed 12184K, reserved 1048576K
}
Event: 190.253 GC heap after
{Heap after GC invocations=16 (full 0):
 garbage-first heap   total 312320K, used 76639K [0x0000000080000000, 0x0000000100000000)
  region size 1024K, 19 young (19456K), 19 survivors (19456K)
 Metaspace       used 89443K, capacity 91723K, committed 92032K, reserved 1130496K
  class space    used 11293K, capacity 12050K, committed 12184K, reserved 1048576K
}

Deoptimization events (20 events):
Event: 190.512 Thread 0x000002473ddb5000 Uncommon trap: trap_request=0xffffffde fr.pc=0x0000024725480460 relative=0x0000000000000320
Event: 190.512 Thread 0x000002473ddb5000 Uncommon trap: reason=class_check action=maybe_recompile pc=0x0000024725480460 method=java.util.Collections$SetFromMap.remove(Ljava/lang/Object;)Z @ 5 c2
Event: 190.512 Thread 0x000002473ddb5000 DEOPT PACKING pc=0x0000024725480460 sp=0x000000d5ae0fd4a0
Event: 190.512 Thread 0x000002473ddb5000 DEOPT UNPACKING pc=0x000002471d8ea1a9 sp=0x000000d5ae0fd488 mode 2
Event: 190.515 Thread 0x000002473ddb8000 Uncommon trap: trap_request=0xffffffde fr.pc=0x000002472566a460 relative=0x0000000000000220
Event: 190.515 Thread 0x000002473ddb8000 Uncommon trap: reason=class_check action=maybe_recompile pc=0x000002472566a460 method=java.util.stream.StreamOpFlag.fromCharacteristics(Ljava/util/Spliterator;)I @ 14 c2
Event: 190.515 Thread 0x000002473ddb8000 DEOPT PACKING pc=0x000002472566a460 sp=0x000000d5ae2fe380
Event: 190.515 Thread 0x000002473ddb8000 DEOPT UNPACKING pc=0x000002471d8ea1a9 sp=0x000000d5ae2fe268 mode 2
Event: 190.515 Thread 0x000002473ddb8000 Uncommon trap: trap_request=0xffffffde fr.pc=0x00000247255feacc relative=0x000000000000020c
Event: 190.515 Thread 0x000002473ddb8000 Uncommon trap: reason=class_check action=maybe_recompile pc=0x00000247255feacc method=java.util.stream.StreamOpFlag.fromCharacteristics(Ljava/util/Spliterator;)I @ 14 c2
Event: 190.515 Thread 0x000002473ddb8000 DEOPT PACKING pc=0x00000247255feacc sp=0x000000d5ae2fe320
Event: 190.515 Thread 0x000002473ddb8000 DEOPT UNPACKING pc=0x000002471d8ea1a9 sp=0x000000d5ae2fe270 mode 2
Event: 190.515 Thread 0x000002473ddb8000 Uncommon trap: trap_request=0xffffffde fr.pc=0x000002472556d1fc relative=0x000000000000005c
Event: 190.515 Thread 0x000002473ddb8000 Uncommon trap: reason=class_check action=maybe_recompile pc=0x000002472556d1fc method=java.util.stream.StreamOpFlag.fromCharacteristics(Ljava/util/Spliterator;)I @ 14 c2
Event: 190.515 Thread 0x000002473ddb8000 DEOPT PACKING pc=0x000002472556d1fc sp=0x000000d5ae2fe2d0
Event: 190.516 Thread 0x000002473ddb8000 DEOPT UNPACKING pc=0x000002471d8ea1a9 sp=0x000000d5ae2fe268 mode 2
Event: 190.595 Thread 0x000002473ddb8000 Uncommon trap: trap_request=0xffffff4d fr.pc=0x000002472573c3a8 relative=0x00000000000001e8
Event: 190.595 Thread 0x000002473ddb8000 Uncommon trap: reason=unstable_if action=reinterpret pc=0x000002472573c3a8 method=com.google.common.collect.RegularImmutableSet.contains(Ljava/lang/Object;)Z @ 10 c2
Event: 190.595 Thread 0x000002473ddb8000 DEOPT PACKING pc=0x000002472573c3a8 sp=0x000000d5ae2faef0
Event: 190.595 Thread 0x000002473ddb8000 DEOPT UNPACKING pc=0x000002471d8ea1a9 sp=0x000000d5ae2fae88 mode 2

Classes redefined (0 events):
No events

Internal exceptions (20 events):
Event: 190.481 Thread 0x0000024736f03800 Exception <a 'java/lang/ClassNotFoundException'{0x00000000913839d8}: com/android/build/gradle/internal/tasks/ListingFileRedirectTask_DecoratedBeanInfo> (0x00000000913839d8) thrown at [src/hotspot/share/classfile/systemDictionary.cpp, line 230]
Event: 190.481 Thread 0x0000024736f03800 Exception <a 'java/lang/ClassNotFoundException'{0x000000009139f200}: com/android/build/gradle/internal/tasks/ListingFileRedirectTaskBeanInfo> (0x000000009139f200) thrown at [src/hotspot/share/classfile/systemDictionary.cpp, line 230]
Event: 190.482 Thread 0x0000024736f03800 Exception <a 'java/lang/ClassNotFoundException'{0x00000000913baa70}: com/android/build/gradle/internal/tasks/ListingFileRedirectTaskCustomizer> (0x00000000913baa70) thrown at [src/hotspot/share/classfile/systemDictionary.cpp, line 230]
Event: 190.483 Thread 0x0000024736f03800 Exception <a 'java/lang/ClassNotFoundException'{0x00000000913e9e48}: com/android/build/gradle/internal/tasks/ListingFileRedirectTask_DecoratedCustomizer> (0x00000000913e9e48) thrown at [src/hotspot/share/classfile/systemDictionary.cpp, line 230]
Event: 190.494 Thread 0x0000024736f03800 Implicit null exception at 0x0000024725805766 to 0x00000247258061b4
Event: 190.494 Thread 0x0000024736f03800 Implicit null exception at 0x0000024725805766 to 0x00000247258061b4
Event: 190.494 Thread 0x0000024736f03800 Implicit null exception at 0x0000024725805766 to 0x00000247258061b4
Event: 190.494 Thread 0x0000024736f03800 Implicit null exception at 0x0000024725805766 to 0x00000247258061b4
Event: 190.505 Thread 0x0000024736f03800 Exception <a 'sun/nio/fs/WindowsException'{0x0000000091113178}> (0x0000000091113178) thrown at [src/hotspot/share/prims/jni.cpp, line 617]
Event: 190.537 Thread 0x000002473ddb8000 Exception <a 'java/lang/IncompatibleClassChangeError'{0x0000000090f1a8d0}: Found class java.lang.Object, but interface was expected> (0x0000000090f1a8d0) thrown at [src/hotspot/share/interpreter/linkResolver.cpp, line 839]
Event: 190.554 Thread 0x000002473ddb8000 Exception <a 'java/lang/NoSuchMethodError'{0x0000000090e9c798}: 'int java.lang.invoke.DirectMethodHandle$Holder.invokeStaticInit(java.lang.Object, java.lang.Object, java.lang.Object, java.lang.Object, java.lang.Object)'> (0x0000000090e9c798) thrown at [src/hotspot/share/interpreter/linkResolver.cpp, line 773]
Event: 190.574 Thread 0x000002473ddb8000 Exception <a 'sun/nio/fs/WindowsException'{0x0000000090d7bcc8}> (0x0000000090d7bcc8) thrown at [src/hotspot/share/prims/jni.cpp, line 617]
Event: 190.574 Thread 0x000002473ddb8000 Exception <a 'sun/nio/fs/WindowsException'{0x0000000090d7ece8}> (0x0000000090d7ece8) thrown at [src/hotspot/share/prims/jni.cpp, line 617]
Event: 190.595 Thread 0x000002473ddb8000 Implicit null exception at 0x000002472573c1f7 to 0x000002472573c390
Event: 195.616 Thread 0x000002473ddb8000 Exception <a 'net/rubygrapefruit/platform/NativeException'{0x0000000090c8a248}: Execution timed out> (0x0000000090c8a248) thrown at [src/hotspot/share/prims/jni.cpp, line 638]
Event: 200.621 Thread 0x000002473ddb8000 Exception <a 'net/rubygrapefruit/platform/NativeException'{0x0000000090b1f198}: Execution timed out> (0x0000000090b1f198) thrown at [src/hotspot/share/prims/jni.cpp, line 638]
Event: 200.650 Thread 0x0000024736f04800 Exception <a 'java/lang/NoSuchMethodError'{0x000000009300ecf0}: <clinit>> (0x000000009300ecf0) thrown at [src/hotspot/share/prims/jni.cpp, line 1367]
Event: 200.655 Thread 0x0000024736f04800 Exception <a 'java/lang/NoSuchMethodError'{0x0000000090924160}: <clinit>> (0x0000000090924160) thrown at [src/hotspot/share/prims/jni.cpp, line 1367]
Event: 200.687 Thread 0x0000024736f04800 Exception <a 'java/lang/NoSuchMethodError'{0x00000000909d0e88}: <clinit>> (0x00000000909d0e88) thrown at [src/hotspot/share/prims/jni.cpp, line 1367]
Event: 200.702 Thread 0x000002473ddb8000 Exception <a 'java/lang/NoSuchMethodError'{0x000000009085a6d0}: 'int java.lang.invoke.DirectMethodHandle$Holder.invokeSpecial(java.lang.Object, java.lang.Object, java.lang.Object, java.lang.Object, java.lang.Object)'> (0x000000009085a6d0) thrown at [src/hotspot/share/interpreter/linkResolver.cpp, line 773]

Events (20 events):
Event: 200.720 loading class java/util/stream/ReduceOps$5ReducingSink
Event: 200.720 loading class java/util/stream/ReduceOps$5ReducingSink done
Event: 200.720 loading class java/util/stream/ReferencePipeline$4$1
Event: 200.720 loading class java/util/stream/ReferencePipeline$4$1 done
Event: 200.721 loading class com/android/build/gradle/tasks/GenerateBuildConfigKt
Event: 200.721 loading class com/android/build/gradle/tasks/GenerateBuildConfigKt done
Event: 200.722 loading class org/gradle/execution/plan/LocalTaskNodeExecutor$1
Event: 200.722 loading class org/gradle/execution/plan/LocalTaskNodeExecutor$1 done
Event: 200.725 loading class org/gradle/internal/snapshot/ChildMap
Event: 200.725 loading class org/gradle/internal/snapshot/ChildMap done
Event: 200.725 loading class org/gradle/internal/snapshot/ChildMap
Event: 200.725 loading class org/gradle/internal/snapshot/ChildMap done
Event: 200.725 loading class org/gradle/internal/snapshot/AbstractInvalidateChildHandler
Event: 200.725 loading class org/gradle/internal/snapshot/AbstractInvalidateChildHandler done
Event: 200.725 loading class org/gradle/internal/snapshot/ChildMap
Event: 200.725 loading class org/gradle/internal/snapshot/ChildMap done
Event: 200.725 loading class org/gradle/internal/snapshot/ChildMap
Event: 200.725 loading class org/gradle/internal/snapshot/ChildMap done
Event: 200.725 loading class org/gradle/internal/snapshot/AbstractInvalidateChildHandler
Event: 200.725 loading class org/gradle/internal/snapshot/AbstractInvalidateChildHandler done


Dynamic libraries:
0x00007ff7462d0000 - 0x00007ff7462da000 	C:\Program Files\Android\Android Studio\jbr\bin\java.exe
0x00007ffb13930000 - 0x00007ffb13b26000 	C:\Windows\SYSTEM32\ntdll.dll
0x00007ffb12d90000 - 0x00007ffb12e4d000 	C:\Windows\System32\KERNEL32.DLL
0x00007ffb113b0000 - 0x00007ffb11679000 	C:\Windows\System32\KERNELBASE.dll
0x00007ffb117f0000 - 0x00007ffb118f0000 	C:\Windows\System32\ucrtbase.dll
0x00007ffaffdb0000 - 0x00007ffaffdc7000 	C:\Program Files\Android\Android Studio\jbr\bin\jli.dll
0x00007ffaff7a0000 - 0x00007ffaff7bb000 	C:\Program Files\Android\Android Studio\jbr\bin\VCRUNTIME140.dll
0x00007ffb13070000 - 0x00007ffb13210000 	C:\Windows\System32\USER32.dll
0x00007ffb11380000 - 0x00007ffb113a2000 	C:\Windows\System32\win32u.dll
0x00007ffb11b40000 - 0x00007ffb11b6a000 	C:\Windows\System32\GDI32.dll
0x00007ffb11680000 - 0x00007ffb1178b000 	C:\Windows\System32\gdi32full.dll
0x00007ffb118f0000 - 0x00007ffb1198d000 	C:\Windows\System32\msvcp_win.dll
0x00007ffaf5450000 - 0x00007ffaf56eb000 	C:\Windows\WinSxS\amd64_microsoft.windows.common-controls_6595b64144ccf1df_6.0.19041.746_none_ca02b4b61b8320a4\COMCTL32.dll
0x00007ffb11f30000 - 0x00007ffb11fce000 	C:\Windows\System32\msvcrt.dll
0x00007ffb127f0000 - 0x00007ffb12820000 	C:\Windows\System32\IMM32.DLL
0x00007ffb0f020000 - 0x00007ffb0f02c000 	C:\Program Files\Android\Android Studio\jbr\bin\vcruntime140_1.dll
0x00007ffaf0f80000 - 0x00007ffaf100d000 	C:\Program Files\Android\Android Studio\jbr\bin\msvcp140.dll
0x00007ffab4a40000 - 0x00007ffab55fc000 	C:\Program Files\Android\Android Studio\jbr\bin\server\jvm.dll
0x00007ffb128d0000 - 0x00007ffb1297c000 	C:\Windows\System32\ADVAPI32.dll
0x00007ffb13210000 - 0x00007ffb132ac000 	C:\Windows\System32\sechost.dll
0x00007ffb12980000 - 0x00007ffb12aab000 	C:\Windows\System32\RPCRT4.dll
0x00007ffb12f30000 - 0x00007ffb12f38000 	C:\Windows\System32\PSAPI.DLL
0x00007ffafa1f0000 - 0x00007ffafa1f9000 	C:\Windows\SYSTEM32\WSOCK32.dll
0x00007ffb13000000 - 0x00007ffb1306b000 	C:\Windows\System32\WS2_32.dll
0x00007ffaea7b0000 - 0x00007ffaea7d7000 	C:\Windows\SYSTEM32\WINMM.dll
0x00007ffb0ef30000 - 0x00007ffb0ef3a000 	C:\Windows\SYSTEM32\VERSION.dll
0x00007ffb0f070000 - 0x00007ffb0f082000 	C:\Windows\SYSTEM32\kernel.appcore.dll
0x00007ffb0f010000 - 0x00007ffb0f020000 	C:\Program Files\Android\Android Studio\jbr\bin\verify.dll
0x00007ffaf8b20000 - 0x00007ffaf8d04000 	C:\Windows\SYSTEM32\DBGHELP.DLL
0x00007ffaf8a80000 - 0x00007ffaf8aac000 	C:\Windows\SYSTEM32\dbgcore.DLL
0x00007ffb11300000 - 0x00007ffb11380000 	C:\Windows\System32\bcryptPrimitives.dll
0x00007ffab6e80000 - 0x00007ffab6edb000 	C:\ProgramData\Microsoft\DbgCtr\XShellDLL64_6015.dll
0x00007ffb120a0000 - 0x00007ffb127e2000 	C:\Windows\System32\SHELL32.dll
0x00007ffb0efe0000 - 0x00007ffb0f008000 	C:\Program Files\Android\Android Studio\jbr\bin\java.dll
0x00007ffb0efd0000 - 0x00007ffb0efda000 	C:\Program Files\Android\Android Studio\jbr\bin\jimage.dll
0x00007ffb0e810000 - 0x00007ffb0e828000 	C:\Program Files\Android\Android Studio\jbr\bin\zip.dll
0x00007ffb0f1e0000 - 0x00007ffb0f970000 	C:\Windows\SYSTEM32\windows.storage.dll
0x00007ffb11bd0000 - 0x00007ffb11f26000 	C:\Windows\System32\combase.dll
0x00007ffb10ad0000 - 0x00007ffb10afc000 	C:\Windows\SYSTEM32\Wldp.dll
0x00007ffb13780000 - 0x00007ffb1382e000 	C:\Windows\System32\SHCORE.dll
0x00007ffb12f40000 - 0x00007ffb12f95000 	C:\Windows\System32\shlwapi.dll
0x00007ffb10fa0000 - 0x00007ffb10fc6000 	C:\Windows\SYSTEM32\profapi.dll
0x00007ffb0e470000 - 0x00007ffb0e489000 	C:\Program Files\Android\Android Studio\jbr\bin\net.dll
0x00007ffb03ff0000 - 0x00007ffb040f0000 	C:\Windows\SYSTEM32\WINHTTP.dll
0x00007ffb10850000 - 0x00007ffb108ba000 	C:\Windows\system32\mswsock.dll
0x00007ffb0e420000 - 0x00007ffb0e433000 	C:\Program Files\Android\Android Studio\jbr\bin\nio.dll
0x00007ffaf49b0000 - 0x00007ffaf49d7000 	C:\Users\it_04\.gradle\native\e1d6ef7f7dcc3fd88c89a11ec53ec762bb8ba0a96d01ffa2cd45eb1d1d8dd5c5\windows-amd64\native-platform.dll
0x00007ffaee920000 - 0x00007ffaeea64000 	C:\Users\it_04\.gradle\native\0d407fdbe67a94daf76414ababcb853783967236a71b16ec16e742cd7a986fd3\windows-amd64\native-platform-file-events.dll
0x00007ffb0efc0000 - 0x00007ffb0efca000 	C:\Program Files\Android\Android Studio\jbr\bin\management.dll
0x00007ffb0ef60000 - 0x00007ffb0ef6b000 	C:\Program Files\Android\Android Studio\jbr\bin\management_ext.dll
0x00007ffb10a20000 - 0x00007ffb10a38000 	C:\Windows\SYSTEM32\CRYPTSP.dll
0x00007ffb10180000 - 0x00007ffb101b4000 	C:\Windows\system32\rsaenh.dll
0x00007ffb11070000 - 0x00007ffb11097000 	C:\Windows\System32\bcrypt.dll
0x00007ffb10f20000 - 0x00007ffb10f4e000 	C:\Windows\SYSTEM32\USERENV.dll
0x00007ffb10a40000 - 0x00007ffb10a4c000 	C:\Windows\SYSTEM32\CRYPTBASE.dll
0x00007ffb104f0000 - 0x00007ffb1052b000 	C:\Windows\SYSTEM32\IPHLPAPI.DLL
0x00007ffb13830000 - 0x00007ffb13838000 	C:\Windows\System32\NSI.dll
0x00007ffb0ae50000 - 0x00007ffb0ae67000 	C:\Windows\SYSTEM32\dhcpcsvc6.DLL
0x00007ffb0ae30000 - 0x00007ffb0ae4d000 	C:\Windows\SYSTEM32\dhcpcsvc.DLL
0x00007ffb10540000 - 0x00007ffb1060b000 	C:\Windows\SYSTEM32\DNSAPI.dll

dbghelp: loaded successfully - version: 4.0.5 - missing functions: none
symbol engine: initialized successfully - sym options: 0x614 - pdb path: .;C:\Program Files\Android\Android Studio\jbr\bin;C:\Windows\SYSTEM32;C:\Windows\WinSxS\amd64_microsoft.windows.common-controls_6595b64144ccf1df_6.0.19041.746_none_ca02b4b61b8320a4;C:\Program Files\Android\Android Studio\jbr\bin\server;C:\ProgramData\Microsoft\DbgCtr;C:\Users\it_04\.gradle\native\e1d6ef7f7dcc3fd88c89a11ec53ec762bb8ba0a96d01ffa2cd45eb1d1d8dd5c5\windows-amd64;C:\Users\it_04\.gradle\native\0d407fdbe67a94daf76414ababcb853783967236a71b16ec16e742cd7a986fd3\windows-amd64

VM Arguments:
jvm_args: --add-opens=java.base/java.util=ALL-UNNAMED --add-opens=java.base/java.lang=ALL-UNNAMED --add-opens=java.base/java.lang.invoke=ALL-UNNAMED --add-opens=java.base/java.util=ALL-UNNAMED --add-opens=java.prefs/java.util.prefs=ALL-UNNAMED --add-opens=java.prefs/java.util.prefs=ALL-UNNAMED --add-opens=java.base/java.nio.charset=ALL-UNNAMED --add-opens=java.base/java.net=ALL-UNNAMED --add-opens=java.base/java.util.concurrent.atomic=ALL-UNNAMED -Xmx2048m -Dfile.encoding=UTF-8 -Duser.country=US -Duser.language=en -Duser.variant 
java_command: org.gradle.launcher.daemon.bootstrap.GradleDaemon 7.5
java_class_path (initial): C:\Users\it_04\.gradle\wrapper\dists\gradle-7.5-bin\f1w0cc9nuo0eivz97x2xlu9sv\gradle-7.5\lib\gradle-launcher-7.5.jar
Launcher Type: SUN_STANDARD

[Global flags]
     intx CICompilerCount                          = 3                                         {product} {ergonomic}
     uint ConcGCThreads                            = 1                                         {product} {ergonomic}
     uint G1ConcRefinementThreads                  = 4                                         {product} {ergonomic}
   size_t G1HeapRegionSize                         = 1048576                                   {product} {ergonomic}
    uintx GCDrainStackTargetSize                   = 64                                        {product} {ergonomic}
   size_t InitialHeapSize                          = 266338304                                 {product} {ergonomic}
   size_t MarkStackSize                            = 4194304                                   {product} {ergonomic}
   size_t MaxHeapSize                              = 2147483648                                {product} {command line}
   size_t MaxNewSize                               = 1287651328                                {product} {ergonomic}
   size_t MinHeapDeltaBytes                        = 1048576                                   {product} {ergonomic}
    uintx NonNMethodCodeHeapSize                   = 5830732                                {pd product} {ergonomic}
    uintx NonProfiledCodeHeapSize                  = 122913754                              {pd product} {ergonomic}
    uintx ProfiledCodeHeapSize                     = 122913754                              {pd product} {ergonomic}
    uintx ReservedCodeCacheSize                    = 251658240                              {pd product} {ergonomic}
     bool SegmentedCodeCache                       = true                                      {product} {ergonomic}
     bool UseCompressedClassPointers               = true                                 {lp64_product} {ergonomic}
     bool UseCompressedOops                        = true                                 {lp64_product} {ergonomic}
     bool UseG1GC                                  = true                                      {product} {ergonomic}
     bool UseLargePagesIndividualAllocation        = false                                  {pd product} {ergonomic}

Logging:
Log output configuration:
 #0: stdout all=warning uptime,level,tags
 #1: stderr all=off uptime,level,tags

Environment Variables:
PATH=D:\app\it_07\product\11.2.0\client_1\bin;C:\Windows\system32;C:\Windows;C:\Windows\System32\Wbem;C:\Windows\System32\WindowsPowerShell\v1.0\;C:\Windows\System32\OpenSSH\;C:\Program Files\dotnet\;C:\Program Files\Git\cmd;C:\Users\it_04\AppData\Local\Microsoft\WindowsApps;C:\Users\it_04\.dotnet\tools
USERNAME=it_04
OS=Windows_NT
PROCESSOR_IDENTIFIER=Intel64 Family 6 Model 165 Stepping 3, GenuineIntel



---------------  S Y S T E M  ---------------

OS: Windows 10 , 64 bit Build 19041 (10.0.19041.804)
OS uptime: 0 days 6:52 hours

CPU:total 4 (initial active 4) (2 cores per cpu, 2 threads per core) family 6 model 165 stepping 3 microcode 0xe0, cmov, cx8, fxsr, mmx, sse, sse2, sse3, ssse3, sse4.1, sse4.2, popcnt, aes, clmul, erms, 3dnowpref, lzcnt, ht, tsc, tscinvbit

Memory: 4k page, system-wide physical 16242M (7907M free)
TotalPageFile size 18674M (AvailPageFile size 7673M)
current process WorkingSet (physical memory assigned to process): 508M, peak: 562M
current process commit charge ("private bytes"): 576M, peak: 626M

vm_info: OpenJDK 64-Bit Server VM (11.0.15+0-b2043.56-9505619) for windows-amd64 JRE (11.0.15+0-b2043.56-9505619), built on Jan 19 2023 02:48:00 by "builduser" with unknown MS VC++:1929

END.
