#
# A fatal error has been detected by the Java Runtime Environment:
#
#  EXCEPTION_ACCESS_VIOLATION (0xc0000005) at pc=0x00007ffeb1c463b0, pid=696, tid=13340
#
# JRE version: OpenJDK Runtime Environment (11.0.15) (build 11.0.15+0-b2043.56-9505619)
# Java VM: OpenJDK 64-Bit Server VM (11.0.15+0-b2043.56-9505619, mixed mode, tiered, compressed oops, g1 gc, windows-amd64)
# Problematic frame:
# C  [native-platform-file-events.dll+0x463b0]
#
# No core dump will be written. Minidumps are not enabled by default on client versions of Windows
#
# If you would like to submit a bug report, please visit:
#   https://bugreport.java.com/bugreport/crash.jsp
# The crash happened outside the Java Virtual Machine in native code.
# See problematic frame for where to report the bug.
#

---------------  S U M M A R Y ------------

Command Line: --add-opens=java.base/java.util=ALL-UNNAMED --add-opens=java.base/java.lang=ALL-UNNAMED --add-opens=java.base/java.lang.invoke=ALL-UNNAMED --add-opens=java.base/java.util=ALL-UNNAMED --add-opens=java.prefs/java.util.prefs=ALL-UNNAMED --add-opens=java.prefs/java.util.prefs=ALL-UNNAMED --add-opens=java.base/java.nio.charset=ALL-UNNAMED --add-opens=java.base/java.net=ALL-UNNAMED --add-opens=java.base/java.util.concurrent.atomic=ALL-UNNAMED -Xmx2048m -Dfile.encoding=UTF-8 -Duser.country=US -Duser.language=en -Duser.variant org.gradle.launcher.daemon.bootstrap.GradleDaemon 7.5

Host: Intel(R) Pentium(R) Gold G6400 CPU @ 4.00GHz, 4 cores, 15G,  Windows 10 , 64 bit Build 19041 (10.0.19041.804)
Time: Tue Apr 11 09:58:54 2023 SE Asia Standard Time elapsed time: 27.145346 seconds (0d 0h 0m 27s)

---------------  T H R E A D  ---------------

Current thread (0x0000019146f1e800):  JavaThread "File watcher server" daemon [_thread_in_native, id=13340, stack(0x0000006145a00000,0x0000006145b00000)]

Stack: [0x0000006145a00000,0x0000006145b00000],  sp=0x0000006145afe7b0,  free space=1017k
Native frames: (J=compiled Java code, j=interpreted, Vv=VM code, C=native code)
C  [native-platform-file-events.dll+0x463b0]

Java frames: (J=compiled Java code, j=interpreted, Vv=VM code)
j  net.rubygrapefruit.platform.internal.jni.AbstractFileEventFunctions$NativeFileWatcher.executeRunLoop0(Ljava/lang/Object;)V+0
j  net.rubygrapefruit.platform.internal.jni.AbstractFileEventFunctions$NativeFileWatcher.access$100(Lnet/rubygrapefruit/platform/internal/jni/AbstractFileEventFunctions$NativeFileWatcher;Ljava/lang/Object;)V+2
j  net.rubygrapefruit.platform.internal.jni.AbstractFileEventFunctions$NativeFileWatcher$1.run()V+26
v  ~StubRoutines::call_stub

siginfo: EXCEPTION_ACCESS_VIOLATION (0xc0000005), reading address 0x00007fff4eaef578


Register to memory mapping:

RIP=0x00007ffeb1c463b0 native-platform-file-events.dll
RAX=0x00007fff4eaef578 is an unknown value
RBX=0x0 is NULL
RCX=0x00000061498f9e68 is pointing into the stack for thread: 0x00000191446ee800
RDX=0x0 is NULL
RSP=0x0000006145afe7b0 is pointing into the stack for thread: 0x0000019146f1e800
RBP=0x0000006145aff178 is pointing into the stack for thread: 0x0000019146f1e800
RSI=0x00000061498f9e60 is pointing into the stack for thread: 0x00000191446ee800
RDI=0x00000061498f9e20 is pointing into the stack for thread: 0x00000191446ee800
R8 =0x0000019126b65100 points into unknown readable memory: 0x0000019126b60d20 | 20 0d b6 26 91 01 00 00
R9 =0x0000000000000001 is an unknown value
R10=0x0000000000008000 is an unknown value
R11=0x0000006145afe460 is pointing into the stack for thread: 0x0000019146f1e800
R12=0x0 is NULL
R13={method} {0x0000019147f94fc0} 'executeRunLoop0' '(Ljava/lang/Object;)V' in 'net/rubygrapefruit/platform/internal/jni/AbstractFileEventFunctions$NativeFileWatcher'
R14=0x0 is NULL
R15=0x0000019146f1e800 is a thread


Registers:
RAX=0x00007fff4eaef578, RBX=0x0000000000000000, RCX=0x00000061498f9e68, RDX=0x0000000000000000
RSP=0x0000006145afe7b0, RBP=0x0000006145aff178, RSI=0x00000061498f9e60, RDI=0x00000061498f9e20
R8 =0x0000019126b65100, R9 =0x0000000000000001, R10=0x0000000000008000, R11=0x0000006145afe460
R12=0x0000000000000000, R13=0x0000019147f94fb8, R14=0x0000000000000000, R15=0x0000019146f1e800
RIP=0x00007ffeb1c463b0, EFLAGS=0x0000000000010293

Top of Stack: (sp=0x0000006145afe7b0)
0x0000006145afe7b0:   0000000000000000 000001912c07fa7a
0x0000006145afe7c0:   0000019142da5990 00007ffeb1c23133
0x0000006145afe7d0:   000001914a64ca68 000000008e180970
0x0000006145afe7e0:   0000c2aa5a386b47 00007ffeb1c2da83
0x0000006145afe7f0:   0000006145aff1a0 00000061498f9e20
0x0000006145afe800:   00007ffeb1c1f150 00007ffeb1c3709b
0x0000006145afe810:   00000061498f9e60 0000000080fc66c0
0x0000006145afe820:   0000000000000000 00007ffeb1c2bfae
0x0000006145afe830:   000001914a64ca60 00007ffeb1c292a6
0x0000006145afe840:   00000061498f9e60 0000000000000000
0x0000006145afe850:   000001914a64ca60 00007ffeb1c057b3
0x0000006145afe860:   0000000000000000 00007ffeb1c364c2
0x0000006145afe870:   0000006145afe8b0 00000061498f9e60
0x0000006145afe880:   0000019142a34a20 0000000000000000
0x0000006145afe890:   0000000080928c01 000001914294fd50
0x0000006145afe8a0:   0000000000000000 0000006145afe8e8 

Instructions: (pc=0x00007ffeb1c463b0)
0x00007ffeb1c462b0:   7d 0b 00 48 89 01 48 83 c1 08 48 83 c4 28 48 ff
0x00007ffeb1c462c0:   25 b3 7d 0f 00 48 8d 05 54 7d 0b 00 45 33 c0 48
0x00007ffeb1c462d0:   89 01 ba a0 0f 00 00 48 83 c1 08 48 83 c4 28 48
0x00007ffeb1c462e0:   ff 25 ba 7d 0f 00 e8 40 c3 fb ff cc cc cc cc cc
0x00007ffeb1c462f0:   cc cc cc cc cc cc cc cc cc cc cc cc cc cc cc cc
0x00007ffeb1c46300:   cc cc cc cc cc cc cc cc 48 83 c1 08 48 ff 25 9d
0x00007ffeb1c46310:   7d 0f 00 cc cc cc cc cc c2 00 00 cc 48 83 c1 08
0x00007ffeb1c46320:   48 ff 25 69 7d 0f 00 cc cc cc cc cc 48 83 c1 08
0x00007ffeb1c46330:   48 ff 25 51 7d 0f 00 cc cc cc cc cc 48 89 5c 24
0x00007ffeb1c46340:   18 56 57 41 56 48 83 ec 40 48 8b 05 f8 3e 0e 00
0x00007ffeb1c46350:   48 33 c4 48 89 44 24 30 8b 01 4c 8b f2 0f ba f0
0x00007ffeb1c46360:   08 48 8b f1 83 f8 01 75 2c ff 15 d1 7c 0f 00 39
0x00007ffeb1c46370:   46 48 74 19 48 8d 4e 08 48 8b 01 48 8b 00 ff 15
0x00007ffeb1c46380:   9c 9c 0f 00 ff 15 b6 7c 0f 00 89 46 48 ff 46 4c
0x00007ffeb1c46390:   e9 f3 00 00 00 4d 85 f6 75 24 ff 15 a0 7c 0f 00
0x00007ffeb1c463a0:   39 46 48 0f 84 9d 00 00 00 48 8d 4e 08 48 8b 01
0x00007ffeb1c463b0:   48 8b 00 ff 15 67 9c 0f 00 e9 88 00 00 00 48 83
0x00007ffeb1c463c0:   3a 00 7c 62 75 06 83 7a 08 00 7e 5a ba 01 00 00
0x00007ffeb1c463d0:   00 48 8d 4c 24 20 e8 e0 e1 fb ff 48 8b 44 24 20
0x00007ffeb1c463e0:   49 3b 06 7c 0c 75 7d 41 8b 46 08 39 44 24 28 7d
0x00007ffeb1c463f0:   73 ff 15 49 7c 0f 00 39 46 48 74 4a 48 8b 46 08
0x00007ffeb1c46400:   48 8d 54 24 20 49 8b ce 48 8b 58 10 e8 ef ec fb
0x00007ffeb1c46410:   ff 8b d0 48 8d 4e 08 48 8b c3 ff 15 00 9c 0f 00
0x00007ffeb1c46420:   84 c0 75 22 eb a6 ff 15 14 7c 0f 00 39 46 48 74
0x00007ffeb1c46430:   15 48 8d 4e 08 48 8b 01 48 8b 40 08 ff 15 de 9b
0x00007ffeb1c46440:   0f 00 84 c0 74 1e 8b 4e 4c 8d 41 01 89 46 4c 83
0x00007ffeb1c46450:   f8 01 7e 2b f7 06 00 01 00 00 75 2c 89 4e 4c 4d
0x00007ffeb1c46460:   85 f6 74 14 49 83 3e 00 75 07 41 83 7e 08 00 74
0x00007ffeb1c46470:   07 b8 02 00 00 00 eb 12 b8 03 00 00 00 eb 0b ff
0x00007ffeb1c46480:   15 bb 7b 0f 00 89 46 48 33 c0 48 8b 4c 24 30 48
0x00007ffeb1c46490:   33 cc e8 47 d7 fb ff 48 8b 5c 24 70 48 83 c4 40
0x00007ffeb1c464a0:   41 5e 5f 5e c3 cc cc cc cc cc cc cc cc cc cc cc 


Stack slot to memory mapping:
stack at sp + 0 slots: 0x0 is NULL
stack at sp + 1 slots: 0x000001912c07fa7a is at code_begin+2458 in an Interpreter codelet
method entry point (kind = native)  [0x000001912c07f0e0, 0x000001912c07fb60]  2688 bytes
stack at sp + 2 slots: {method} {0x0000019142da5998} 'findEntry' '(Ljava/lang/String;)J' in 'java/lang/ClassLoader$NativeLibrary'
stack at sp + 3 slots: 0x00007ffeb1c23133 native-platform-file-events.dll
stack at sp + 4 slots: 0x000001914a64ca68 points into unknown readable memory: 0x000001914a4ac770 | 70 c7 4a 4a 91 01 00 00
stack at sp + 5 slots: 0x000000008e180970 is pointing into object: [Lorg.codehaus.groovy.runtime.metaclass.MetaMethodIndex$Entry; 
{0x000000008e180800} - klass: 'org/codehaus/groovy/runtime/metaclass/MetaMethodIndex$Entry'[]
 - length: 512
stack at sp + 6 slots: 0x0000c2aa5a386b47 is an unknown value
stack at sp + 7 slots: 0x00007ffeb1c2da83 native-platform-file-events.dll


---------------  P R O C E S S  ---------------

Threads class SMR info:
_java_thread_list=0x0000019143d3c5a0, length=87, elements={
0x0000019126d85800, 0x0000019143171800, 0x000001914317f800, 0x00000191431cb800,
0x00000191431cc800, 0x00000191431cf800, 0x00000191431d3000, 0x00000191431e2800,
0x00000191431e5800, 0x0000019143345000, 0x0000019144da9000, 0x00000191449ca800,
0x000001914556e000, 0x0000019146bf1000, 0x000001914566b000, 0x0000019146f21000,
0x0000019146f1d800, 0x0000019146f1c000, 0x0000019146f1e800, 0x0000019146f1b000,
0x0000019145701800, 0x0000019145705000, 0x0000019145701000, 0x0000019145704000,
0x0000019145705800, 0x0000019143727800, 0x0000019143728000, 0x0000019143725000,
0x000001914371d800, 0x000001914371f000, 0x0000019143720000, 0x000001914371b000,
0x000001914371a000, 0x0000019143721000, 0x0000019143721800, 0x000001914371e800,
0x000001914371c000, 0x000001914371c800, 0x0000019143726800, 0x0000019143722800,
0x0000019143729000, 0x0000019143723000, 0x0000019143725800, 0x0000019145702800,
0x000001914570a000, 0x000001914570a800, 0x000001914570b800, 0x0000019145708000,
0x000001914570c800, 0x0000019145706800, 0x000001914570d000, 0x0000019145707800,
0x000001914570e800, 0x000001914570f800, 0x000001914570e000, 0x0000019146f22000,
0x0000019146f20000, 0x0000019146f1d000, 0x0000019146a89000, 0x0000019146a85000,
0x0000019146a86800, 0x0000019146a87800, 0x0000019146a88000, 0x0000019146a8a000,
0x0000019146a8a800, 0x0000019146a8b800, 0x0000019146a85800, 0x0000019146a90800,
0x0000019146a8c800, 0x0000019146a93000, 0x0000019146a8f800, 0x0000019146a91000,
0x0000019146a92000, 0x0000019146a8e000, 0x0000019146a8d000, 0x0000019146a93800,
0x0000019146a8e800, 0x00000191446eb000, 0x00000191446ea800, 0x00000191446f0000,
0x00000191446ef000, 0x00000191446ed800, 0x00000191446ee800, 0x00000191446f1800,
0x00000191446f1000, 0x00000191446ec000, 0x00000191446f2800
}

Java Threads: ( => current thread )
  0x0000019126d85800 JavaThread "main" [_thread_blocked, id=13512, stack(0x0000006143500000,0x0000006143600000)]
  0x0000019143171800 JavaThread "Reference Handler" daemon [_thread_blocked, id=13496, stack(0x0000006143f00000,0x0000006144000000)]
  0x000001914317f800 JavaThread "Finalizer" daemon [_thread_blocked, id=13508, stack(0x0000006144000000,0x0000006144100000)]
  0x00000191431cb800 JavaThread "Signal Dispatcher" daemon [_thread_blocked, id=13528, stack(0x0000006144100000,0x0000006144200000)]
  0x00000191431cc800 JavaThread "Attach Listener" daemon [_thread_blocked, id=13500, stack(0x0000006144200000,0x0000006144300000)]
  0x00000191431cf800 JavaThread "Service Thread" daemon [_thread_blocked, id=13536, stack(0x0000006144300000,0x0000006144400000)]
  0x00000191431d3000 JavaThread "C2 CompilerThread0" daemon [_thread_blocked, id=13472, stack(0x0000006144400000,0x0000006144500000)]
  0x00000191431e2800 JavaThread "C1 CompilerThread0" daemon [_thread_blocked, id=13532, stack(0x0000006144500000,0x0000006144600000)]
  0x00000191431e5800 JavaThread "Sweeper thread" daemon [_thread_blocked, id=13468, stack(0x0000006144600000,0x0000006144700000)]
  0x0000019143345000 JavaThread "Common-Cleaner" daemon [_thread_blocked, id=13524, stack(0x0000006144700000,0x0000006144800000)]
  0x0000019144da9000 JavaThread "Daemon health stats" [_thread_blocked, id=13564, stack(0x0000006144d00000,0x0000006144e00000)]
  0x00000191449ca800 JavaThread "Incoming local TCP Connector on port 60493" [_thread_in_native, id=13636, stack(0x0000006144e00000,0x0000006144f00000)]
  0x000001914556e000 JavaThread "Daemon periodic checks" [_thread_blocked, id=13632, stack(0x0000006144f00000,0x0000006145000000)]
  0x0000019146bf1000 JavaThread "Daemon" [_thread_blocked, id=12940, stack(0x0000006145000000,0x0000006145100000)]
  0x000001914566b000 JavaThread "Daemon worker" [_thread_blocked, id=13920, stack(0x0000006145300000,0x0000006145400000)]
  0x0000019146f21000 JavaThread "Cache worker for journal cache (C:\Users\it_04\.gradle\caches\journal-1)" [_thread_blocked, id=9984, stack(0x0000006145700000,0x0000006145800000)]
  0x0000019146f1d800 JavaThread "File lock request listener" [_thread_in_native, id=12664, stack(0x0000006145800000,0x0000006145900000)]
  0x0000019146f1c000 JavaThread "Cache worker for file hash cache (C:\Users\it_04\.gradle\caches\7.5\fileHashes)" [_thread_blocked, id=12668, stack(0x0000006145900000,0x0000006145a00000)]
=>0x0000019146f1e800 JavaThread "File watcher server" daemon [_thread_in_native, id=13340, stack(0x0000006145a00000,0x0000006145b00000)]
  0x0000019146f1b000 JavaThread "Cache worker for file content cache (C:\Users\it_04\.gradle\caches\7.5\fileContent)" [_thread_blocked, id=13316, stack(0x0000006145e00000,0x0000006145f00000)]
  0x0000019145701800 JavaThread "Cache worker for execution history cache (C:\Users\it_04\.gradle\caches\7.5\executionHistory)" [_thread_blocked, id=13332, stack(0x0000006146100000,0x0000006146200000)]
  0x0000019145705000 JavaThread "jar transforms" [_thread_blocked, id=13352, stack(0x0000006146200000,0x0000006146300000)]
  0x0000019145701000 JavaThread "jar transforms Thread 2" [_thread_blocked, id=13356, stack(0x0000006146300000,0x0000006146400000)]
  0x0000019145704000 JavaThread "jar transforms Thread 3" [_thread_blocked, id=14324, stack(0x0000006146400000,0x0000006146500000)]
  0x0000019145705800 JavaThread "jar transforms Thread 4" [_thread_blocked, id=5500, stack(0x0000006146500000,0x0000006146600000)]
  0x0000019143727800 JavaThread "Memory manager" [_thread_blocked, id=9568, stack(0x0000006149100000,0x0000006149200000)]
  0x0000019143728000 JavaThread "pool-3-thread-1" [_thread_blocked, id=10196, stack(0x0000006149300000,0x0000006149400000)]
  0x0000019143725000 JavaThread "included builds" [_thread_blocked, id=7336, stack(0x0000006149500000,0x0000006149600000)]
  0x000001914371d800 JavaThread "Handler for socket connection from /127.0.0.1:60493 to /127.0.0.1:60508" [_thread_in_native, id=12716, stack(0x0000006144900000,0x0000006144a00000)]
  0x000001914371f000 JavaThread "Cancel handler" [_thread_blocked, id=12912, stack(0x0000006145200000,0x0000006145300000)]
  0x0000019143720000 JavaThread "Asynchronous log dispatcher for DefaultDaemonConnection: socket connection from /127.0.0.1:60493 to /127.0.0.1:60508" [_thread_blocked, id=12760, stack(0x0000006145400000,0x0000006145500000)]
  0x000001914371b000 JavaThread "Stdin handler" [_thread_blocked, id=12216, stack(0x0000006145500000,0x0000006145600000)]
  0x000001914371a000 JavaThread "Daemon client event forwarder" [_thread_blocked, id=9148, stack(0x0000006145600000,0x0000006145700000)]
  0x0000019143721000 JavaThread "Cache worker for checksums cache (D:\SourceAndroid\KyThuat\.gradle\7.5\checksums)" [_thread_blocked, id=12552, stack(0x0000006145d00000,0x0000006145e00000)]
  0x0000019143721800 JavaThread "Cache worker for cache directory md-rule (C:\Users\it_04\.gradle\caches\7.5\md-rule)" [_thread_blocked, id=12560, stack(0x0000006145f00000,0x0000006146000000)]
  0x000001914371e800 JavaThread "Cache worker for file hash cache (D:\SourceAndroid\KyThuat\.gradle\7.5\fileHashes)" [_thread_blocked, id=12424, stack(0x0000006146000000,0x0000006146100000)]
  0x000001914371c000 JavaThread "Cache worker for cache directory md-supplier (C:\Users\it_04\.gradle\caches\7.5\md-supplier)" [_thread_blocked, id=13244, stack(0x0000006146600000,0x0000006146700000)]
  0x000001914371c800 JavaThread "Cache worker for dependencies-accessors (D:\SourceAndroid\KyThuat\.gradle\7.5\dependencies-accessors)" [_thread_blocked, id=13600, stack(0x0000006146700000,0x0000006146800000)]
  0x0000019143726800 JavaThread "Cache worker for Build Output Cleanup Cache (D:\SourceAndroid\KyThuat\.gradle\buildOutputCleanup)" [_thread_blocked, id=13720, stack(0x0000006146900000,0x0000006146a00000)]
  0x0000019143722800 JavaThread "Unconstrained build operations" [_thread_blocked, id=14128, stack(0x0000006146a00000,0x0000006146b00000)]
  0x0000019143729000 JavaThread "Unconstrained build operations Thread 2" [_thread_blocked, id=14136, stack(0x0000006146b00000,0x0000006146c00000)]
  0x0000019143723000 JavaThread "Unconstrained build operations Thread 3" [_thread_blocked, id=14132, stack(0x0000006146c00000,0x0000006146d00000)]
  0x0000019143725800 JavaThread "Unconstrained build operations Thread 4" [_thread_blocked, id=11676, stack(0x0000006146d00000,0x0000006146e00000)]
  0x0000019145702800 JavaThread "Unconstrained build operations Thread 5" [_thread_blocked, id=72, stack(0x0000006146e00000,0x0000006146f00000)]
  0x000001914570a000 JavaThread "Unconstrained build operations Thread 6" [_thread_blocked, id=7048, stack(0x0000006146f00000,0x0000006147000000)]
  0x000001914570a800 JavaThread "Unconstrained build operations Thread 7" [_thread_blocked, id=13476, stack(0x0000006147000000,0x0000006147100000)]
  0x000001914570b800 JavaThread "Unconstrained build operations Thread 8" [_thread_blocked, id=13040, stack(0x0000006147100000,0x0000006147200000)]
  0x0000019145708000 JavaThread "Unconstrained build operations Thread 9" [_thread_blocked, id=12924, stack(0x0000006147200000,0x0000006147300000)]
  0x000001914570c800 JavaThread "Unconstrained build operations Thread 10" [_thread_blocked, id=12992, stack(0x0000006147300000,0x0000006147400000)]
  0x0000019145706800 JavaThread "Unconstrained build operations Thread 11" [_thread_blocked, id=8288, stack(0x0000006147400000,0x0000006147500000)]
  0x000001914570d000 JavaThread "Unconstrained build operations Thread 12" [_thread_blocked, id=13084, stack(0x0000006147500000,0x0000006147600000)]
  0x0000019145707800 JavaThread "Unconstrained build operations Thread 13" [_thread_blocked, id=13064, stack(0x0000006147600000,0x0000006147700000)]
  0x000001914570e800 JavaThread "Unconstrained build operations Thread 14" [_thread_blocked, id=13304, stack(0x0000006147700000,0x0000006147800000)]
  0x000001914570f800 JavaThread "Unconstrained build operations Thread 15" [_thread_blocked, id=13300, stack(0x0000006147800000,0x0000006147900000)]
  0x000001914570e000 JavaThread "Unconstrained build operations Thread 16" [_thread_blocked, id=13288, stack(0x0000006147900000,0x0000006147a00000)]
  0x0000019146f22000 JavaThread "Unconstrained build operations Thread 17" [_thread_blocked, id=13280, stack(0x0000006147a00000,0x0000006147b00000)]
  0x0000019146f20000 JavaThread "Unconstrained build operations Thread 18" [_thread_blocked, id=13272, stack(0x0000006147b00000,0x0000006147c00000)]
  0x0000019146f1d000 JavaThread "Unconstrained build operations Thread 19" [_thread_blocked, id=13232, stack(0x0000006147c00000,0x0000006147d00000)]
  0x0000019146a89000 JavaThread "Unconstrained build operations Thread 20" [_thread_blocked, id=12588, stack(0x0000006147d00000,0x0000006147e00000)]
  0x0000019146a85000 JavaThread "Unconstrained build operations Thread 21" [_thread_blocked, id=12572, stack(0x0000006147e00000,0x0000006147f00000)]
  0x0000019146a86800 JavaThread "Unconstrained build operations Thread 22" [_thread_blocked, id=13048, stack(0x0000006147f00000,0x0000006148000000)]
  0x0000019146a87800 JavaThread "Unconstrained build operations Thread 23" [_thread_blocked, id=12820, stack(0x0000006148000000,0x0000006148100000)]
  0x0000019146a88000 JavaThread "Unconstrained build operations Thread 24" [_thread_blocked, id=12304, stack(0x0000006148100000,0x0000006148200000)]
  0x0000019146a8a000 JavaThread "Unconstrained build operations Thread 25" [_thread_blocked, id=12800, stack(0x0000006148200000,0x0000006148300000)]
  0x0000019146a8a800 JavaThread "Unconstrained build operations Thread 26" [_thread_blocked, id=12608, stack(0x0000006148300000,0x0000006148400000)]
  0x0000019146a8b800 JavaThread "Unconstrained build operations Thread 27" [_thread_blocked, id=12604, stack(0x0000006148400000,0x0000006148500000)]
  0x0000019146a85800 JavaThread "Unconstrained build operations Thread 28" [_thread_blocked, id=12624, stack(0x0000006148500000,0x0000006148600000)]
  0x0000019146a90800 JavaThread "Unconstrained build operations Thread 29" [_thread_blocked, id=12656, stack(0x0000006148600000,0x0000006148700000)]
  0x0000019146a8c800 JavaThread "Unconstrained build operations Thread 30" [_thread_blocked, id=12804, stack(0x0000006148700000,0x0000006148800000)]
  0x0000019146a93000 JavaThread "Unconstrained build operations Thread 31" [_thread_blocked, id=12660, stack(0x0000006148800000,0x0000006148900000)]
  0x0000019146a8f800 JavaThread "Unconstrained build operations Thread 32" [_thread_blocked, id=12612, stack(0x0000006148900000,0x0000006148a00000)]
  0x0000019146a91000 JavaThread "Unconstrained build operations Thread 33" [_thread_blocked, id=12808, stack(0x0000006148a00000,0x0000006148b00000)]
  0x0000019146a92000 JavaThread "Unconstrained build operations Thread 34" [_thread_blocked, id=13144, stack(0x0000006148b00000,0x0000006148c00000)]
  0x0000019146a8e000 JavaThread "Unconstrained build operations Thread 35" [_thread_blocked, id=12824, stack(0x0000006148c00000,0x0000006148d00000)]
  0x0000019146a8d000 JavaThread "Unconstrained build operations Thread 36" [_thread_blocked, id=12568, stack(0x0000006148d00000,0x0000006148e00000)]
  0x0000019146a93800 JavaThread "Unconstrained build operations Thread 37" [_thread_blocked, id=13072, stack(0x0000006148e00000,0x0000006148f00000)]
  0x0000019146a8e800 JavaThread "Unconstrained build operations Thread 38" [_thread_blocked, id=13076, stack(0x0000006148f00000,0x0000006149000000)]
  0x00000191446eb000 JavaThread "Unconstrained build operations Thread 39" [_thread_blocked, id=13080, stack(0x0000006149000000,0x0000006149100000)]
  0x00000191446ea800 JavaThread "Unconstrained build operations Thread 40" [_thread_blocked, id=13152, stack(0x0000006149200000,0x0000006149300000)]
  0x00000191446f0000 JavaThread "build event listener" [_thread_blocked, id=9996, stack(0x0000006149400000,0x0000006149500000)]
  0x00000191446ef000 JavaThread "pool-6-thread-1" [_thread_blocked, id=3124, stack(0x0000006149600000,0x0000006149700000)]
  0x00000191446ed800 JavaThread "build event listener" [_thread_blocked, id=12056, stack(0x0000006149700000,0x0000006149800000)]
  0x00000191446ee800 JavaThread "included builds" [_thread_blocked, id=13740, stack(0x0000006149800000,0x0000006149900000)]
  0x00000191446f1800 JavaThread "Execution worker" [_thread_in_native, id=12532, stack(0x0000006149900000,0x0000006149a00000)]
  0x00000191446f1000 JavaThread "Execution worker Thread 2" [_thread_blocked, id=12536, stack(0x0000006149a00000,0x0000006149b00000)]
  0x00000191446ec000 JavaThread "Execution worker Thread 3" [_thread_blocked, id=12308, stack(0x0000006149b00000,0x0000006149c00000)]
  0x00000191446f2800 JavaThread "Cache worker for execution history cache (D:\SourceAndroid\KyThuat\.gradle\7.5\executionHistory)" [_thread_blocked, id=12412, stack(0x0000006149c00000,0x0000006149d00000)]

Other Threads:
  0x0000019143170000 VMThread "VM Thread" [stack: 0x0000006143e00000,0x0000006143f00000] [id=13492]
  0x0000019143366800 WatcherThread [stack: 0x0000006144800000,0x0000006144900000] [id=13504]
  0x0000019126d9e800 GCTaskThread "GC Thread#0" [stack: 0x0000006143900000,0x0000006143a00000] [id=13520]
  0x0000019143f32000 GCTaskThread "GC Thread#1" [stack: 0x0000006144a00000,0x0000006144b00000] [id=13556]
  0x0000019143400000 GCTaskThread "GC Thread#2" [stack: 0x0000006144b00000,0x0000006144c00000] [id=13612]
  0x00000191439cc800 GCTaskThread "GC Thread#3" [stack: 0x0000006144c00000,0x0000006144d00000] [id=13560]
  0x0000019126dce800 ConcurrentGCThread "G1 Main Marker" [stack: 0x0000006143a00000,0x0000006143b00000] [id=13448]
  0x0000019126dd0800 ConcurrentGCThread "G1 Conc#0" [stack: 0x0000006143b00000,0x0000006143c00000] [id=13516]
  0x00000191427b2800 ConcurrentGCThread "G1 Refine#0" [stack: 0x0000006143c00000,0x0000006143d00000] [id=9992]
  0x000001914a48a800 ConcurrentGCThread "G1 Refine#1" [stack: 0x0000006145c00000,0x0000006145d00000] [id=12340]
  0x00000191427b3000 ConcurrentGCThread "G1 Young RemSet Sampling" [stack: 0x0000006143d00000,0x0000006143e00000] [id=13488]

Threads with active compile tasks:

VM state:not at safepoint (normal execution)

VM Mutex/Monitor currently owned by a thread: None

Heap address: 0x0000000080000000, size: 2048 MB, Compressed Oops mode: 32-bit
Narrow klass base: 0x0000000000000000, Narrow klass shift: 3
Compressed class space size: 1073741824 Address: 0x0000000100000000

Heap:
 garbage-first heap   total 312320K, used 176809K [0x0000000080000000, 0x0000000100000000)
  region size 1024K, 121 young (123904K), 17 survivors (17408K)
 Metaspace       used 95535K, capacity 97917K, committed 98044K, reserved 1134592K
  class space    used 12113K, capacity 12966K, committed 13056K, reserved 1048576K
Heap Regions: E=young(eden), S=young(survivor), O=old, HS=humongous(starts), HC=humongous(continues), CS=collection set, F=free, A=archive, TAMS=top-at-mark-start (previous, next)
|   0|0x0000000080000000, 0x0000000080100000, 0x0000000080100000|100%|HS|  |TAMS 0x0000000080100000, 0x0000000080000000| Complete 
|   1|0x0000000080100000, 0x0000000080200000, 0x0000000080200000|100%|HC|  |TAMS 0x0000000080200000, 0x0000000080100000| Complete 
|   2|0x0000000080200000, 0x0000000080300000, 0x0000000080300000|100%|HC|  |TAMS 0x0000000080300000, 0x0000000080200000| Complete 
|   3|0x0000000080300000, 0x0000000080400000, 0x0000000080400000|100%| O|  |TAMS 0x0000000080400000, 0x0000000080300000| Untracked 
|   4|0x0000000080400000, 0x0000000080500000, 0x0000000080500000|100%| O|  |TAMS 0x0000000080500000, 0x0000000080400000| Untracked 
|   5|0x0000000080500000, 0x0000000080600000, 0x0000000080600000|100%| O|  |TAMS 0x0000000080600000, 0x0000000080500000| Untracked 
|   6|0x0000000080600000, 0x0000000080700000, 0x0000000080700000|100%| O|  |TAMS 0x0000000080700000, 0x0000000080600000| Untracked 
|   7|0x0000000080700000, 0x0000000080800000, 0x0000000080800000|100%| O|  |TAMS 0x0000000080800000, 0x0000000080700000| Untracked 
|   8|0x0000000080800000, 0x0000000080900000, 0x0000000080900000|100%| O|  |TAMS 0x0000000080900000, 0x0000000080800000| Untracked 
|   9|0x0000000080900000, 0x0000000080a00000, 0x0000000080a00000|100%| O|  |TAMS 0x0000000080a00000, 0x0000000080900000| Untracked 
|  10|0x0000000080a00000, 0x0000000080b00000, 0x0000000080b00000|100%| O|  |TAMS 0x0000000080b00000, 0x0000000080a00000| Untracked 
|  11|0x0000000080b00000, 0x0000000080c00000, 0x0000000080c00000|100%| O|  |TAMS 0x0000000080c00000, 0x0000000080b00000| Untracked 
|  12|0x0000000080c00000, 0x0000000080d00000, 0x0000000080d00000|100%| O|  |TAMS 0x0000000080d00000, 0x0000000080c00000| Untracked 
|  13|0x0000000080d00000, 0x0000000080e00000, 0x0000000080e00000|100%| O|  |TAMS 0x0000000080e00000, 0x0000000080d00000| Untracked 
|  14|0x0000000080e00000, 0x0000000080f00000, 0x0000000080f00000|100%| O|  |TAMS 0x0000000080f00000, 0x0000000080e00000| Untracked 
|  15|0x0000000080f00000, 0x0000000081000000, 0x0000000081000000|100%| O|  |TAMS 0x0000000081000000, 0x0000000080f00000| Untracked 
|  16|0x0000000081000000, 0x0000000081100000, 0x0000000081100000|100%| O|  |TAMS 0x0000000081100000, 0x0000000081000000| Untracked 
|  17|0x0000000081100000, 0x0000000081200000, 0x0000000081200000|100%|HS|  |TAMS 0x0000000081200000, 0x0000000081100000| Complete 
|  18|0x0000000081200000, 0x0000000081300000, 0x0000000081300000|100%|HS|  |TAMS 0x0000000081300000, 0x0000000081200000| Complete 
|  19|0x0000000081300000, 0x0000000081400000, 0x0000000081400000|100%| O|  |TAMS 0x0000000081400000, 0x0000000081300000| Untracked 
|  20|0x0000000081400000, 0x0000000081500000, 0x0000000081500000|100%|HS|  |TAMS 0x0000000081500000, 0x0000000081400000| Complete 
|  21|0x0000000081500000, 0x0000000081600000, 0x0000000081600000|100%|HC|  |TAMS 0x0000000081600000, 0x0000000081500000| Complete 
|  22|0x0000000081600000, 0x0000000081700000, 0x0000000081700000|100%| O|  |TAMS 0x0000000081700000, 0x0000000081600000| Untracked 
|  23|0x0000000081700000, 0x0000000081800000, 0x0000000081800000|100%| O|  |TAMS 0x0000000081800000, 0x0000000081700000| Untracked 
|  24|0x0000000081800000, 0x0000000081900000, 0x0000000081900000|100%| O|  |TAMS 0x0000000081900000, 0x0000000081800000| Untracked 
|  25|0x0000000081900000, 0x0000000081a00000, 0x0000000081a00000|100%| O|  |TAMS 0x0000000081a00000, 0x0000000081900000| Untracked 
|  26|0x0000000081a00000, 0x0000000081b00000, 0x0000000081b00000|100%| O|  |TAMS 0x0000000081b00000, 0x0000000081a00000| Untracked 
|  27|0x0000000081b00000, 0x0000000081c00000, 0x0000000081c00000|100%| O|  |TAMS 0x0000000081c00000, 0x0000000081b00000| Untracked 
|  28|0x0000000081c00000, 0x0000000081d00000, 0x0000000081d00000|100%| O|  |TAMS 0x0000000081d00000, 0x0000000081c00000| Untracked 
|  29|0x0000000081d00000, 0x0000000081e00000, 0x0000000081e00000|100%| O|  |TAMS 0x0000000081e00000, 0x0000000081d00000| Untracked 
|  30|0x0000000081e00000, 0x0000000081f00000, 0x0000000081f00000|100%| O|  |TAMS 0x0000000081f00000, 0x0000000081e00000| Untracked 
|  31|0x0000000081f00000, 0x0000000082000000, 0x0000000082000000|100%| O|  |TAMS 0x0000000082000000, 0x0000000081f00000| Untracked 
|  32|0x0000000082000000, 0x0000000082100000, 0x0000000082100000|100%| O|  |TAMS 0x0000000082100000, 0x0000000082000000| Untracked 
|  33|0x0000000082100000, 0x0000000082200000, 0x0000000082200000|100%| O|  |TAMS 0x0000000082200000, 0x0000000082100000| Untracked 
|  34|0x0000000082200000, 0x0000000082300000, 0x0000000082300000|100%| O|  |TAMS 0x0000000082300000, 0x0000000082200000| Untracked 
|  35|0x0000000082300000, 0x0000000082400000, 0x0000000082400000|100%| O|  |TAMS 0x0000000082400000, 0x0000000082300000| Untracked 
|  36|0x0000000082400000, 0x0000000082500000, 0x0000000082500000|100%| O|  |TAMS 0x0000000082500000, 0x0000000082400000| Untracked 
|  37|0x0000000082500000, 0x0000000082600000, 0x0000000082600000|100%| O|  |TAMS 0x0000000082600000, 0x0000000082500000| Untracked 
|  38|0x0000000082600000, 0x0000000082700000, 0x0000000082700000|100%| O|  |TAMS 0x0000000082700000, 0x0000000082600000| Untracked 
|  39|0x0000000082700000, 0x0000000082800000, 0x0000000082800000|100%| O|  |TAMS 0x0000000082800000, 0x0000000082700000| Untracked 
|  40|0x0000000082800000, 0x0000000082900000, 0x0000000082900000|100%| O|  |TAMS 0x0000000082900000, 0x0000000082800000| Untracked 
|  41|0x0000000082900000, 0x0000000082a00000, 0x0000000082a00000|100%| O|  |TAMS 0x0000000082a00000, 0x0000000082900000| Untracked 
|  42|0x0000000082a00000, 0x0000000082b00000, 0x0000000082b00000|100%| O|  |TAMS 0x0000000082b00000, 0x0000000082a00000| Untracked 
|  43|0x0000000082b00000, 0x0000000082c00000, 0x0000000082c00000|100%| O|  |TAMS 0x0000000082c00000, 0x0000000082b00000| Untracked 
|  44|0x0000000082c00000, 0x0000000082d00000, 0x0000000082d00000|100%| O|  |TAMS 0x0000000082d00000, 0x0000000082c00000| Untracked 
|  45|0x0000000082d00000, 0x0000000082e00000, 0x0000000082e00000|100%| O|  |TAMS 0x0000000082e00000, 0x0000000082d00000| Untracked 
|  46|0x0000000082e00000, 0x0000000082f00000, 0x0000000082f00000|100%| O|  |TAMS 0x0000000082f00000, 0x0000000082e00000| Untracked 
|  47|0x0000000082f00000, 0x0000000083000000, 0x0000000083000000|100%| O|  |TAMS 0x0000000083000000, 0x0000000082f00000| Untracked 
|  48|0x0000000083000000, 0x0000000083100000, 0x0000000083100000|100%| O|  |TAMS 0x0000000083100000, 0x0000000083000000| Untracked 
|  49|0x0000000083100000, 0x0000000083200000, 0x0000000083200000|100%| O|  |TAMS 0x0000000083200000, 0x0000000083100000| Untracked 
|  50|0x0000000083200000, 0x0000000083300000, 0x0000000083300000|100%| O|  |TAMS 0x0000000083300000, 0x0000000083200000| Untracked 
|  51|0x0000000083300000, 0x0000000083400000, 0x0000000083400000|100%| O|  |TAMS 0x0000000083400000, 0x0000000083300000| Untracked 
|  52|0x0000000083400000, 0x0000000083500000, 0x0000000083500000|100%| O|  |TAMS 0x0000000083500000, 0x0000000083400000| Untracked 
|  53|0x0000000083500000, 0x0000000083600000, 0x0000000083600000|100%| O|  |TAMS 0x0000000083600000, 0x0000000083500000| Untracked 
|  54|0x0000000083600000, 0x000000008362a600, 0x0000000083700000| 16%| O|  |TAMS 0x000000008362a600, 0x0000000083600000| Untracked 
|  55|0x0000000083700000, 0x0000000083700000, 0x0000000083800000|  0%| F|  |TAMS 0x0000000083700000, 0x0000000083700000| Untracked 
|  56|0x0000000083800000, 0x0000000083800000, 0x0000000083900000|  0%| F|  |TAMS 0x0000000083800000, 0x0000000083800000| Untracked 
|  57|0x0000000083900000, 0x0000000083900000, 0x0000000083a00000|  0%| F|  |TAMS 0x0000000083900000, 0x0000000083900000| Untracked 
|  58|0x0000000083a00000, 0x0000000083a00000, 0x0000000083b00000|  0%| F|  |TAMS 0x0000000083a00000, 0x0000000083a00000| Untracked 
|  59|0x0000000083b00000, 0x0000000083b00000, 0x0000000083c00000|  0%| F|  |TAMS 0x0000000083b00000, 0x0000000083b00000| Untracked 
|  60|0x0000000083c00000, 0x0000000083c00000, 0x0000000083d00000|  0%| F|  |TAMS 0x0000000083c00000, 0x0000000083c00000| Untracked 
|  61|0x0000000083d00000, 0x0000000083d00000, 0x0000000083e00000|  0%| F|  |TAMS 0x0000000083d00000, 0x0000000083d00000| Untracked 
|  62|0x0000000083e00000, 0x0000000083e00000, 0x0000000083f00000|  0%| F|  |TAMS 0x0000000083e00000, 0x0000000083e00000| Untracked 
|  63|0x0000000083f00000, 0x0000000083f00000, 0x0000000084000000|  0%| F|  |TAMS 0x0000000083f00000, 0x0000000083f00000| Untracked 
|  64|0x0000000084000000, 0x0000000084000000, 0x0000000084100000|  0%| F|  |TAMS 0x0000000084000000, 0x0000000084000000| Untracked 
|  65|0x0000000084100000, 0x0000000084100000, 0x0000000084200000|  0%| F|  |TAMS 0x0000000084100000, 0x0000000084100000| Untracked 
|  66|0x0000000084200000, 0x0000000084200000, 0x0000000084300000|  0%| F|  |TAMS 0x0000000084200000, 0x0000000084200000| Untracked 
|  67|0x0000000084300000, 0x0000000084300000, 0x0000000084400000|  0%| F|  |TAMS 0x0000000084300000, 0x0000000084300000| Untracked 
|  68|0x0000000084400000, 0x0000000084400000, 0x0000000084500000|  0%| F|  |TAMS 0x0000000084400000, 0x0000000084400000| Untracked 
|  69|0x0000000084500000, 0x0000000084500000, 0x0000000084600000|  0%| F|  |TAMS 0x0000000084500000, 0x0000000084500000| Untracked 
|  70|0x0000000084600000, 0x0000000084600000, 0x0000000084700000|  0%| F|  |TAMS 0x0000000084600000, 0x0000000084600000| Untracked 
|  71|0x0000000084700000, 0x0000000084700000, 0x0000000084800000|  0%| F|  |TAMS 0x0000000084700000, 0x0000000084700000| Untracked 
|  72|0x0000000084800000, 0x0000000084800000, 0x0000000084900000|  0%| F|  |TAMS 0x0000000084800000, 0x0000000084800000| Untracked 
|  73|0x0000000084900000, 0x0000000084900000, 0x0000000084a00000|  0%| F|  |TAMS 0x0000000084900000, 0x0000000084900000| Untracked 
|  74|0x0000000084a00000, 0x0000000084a00000, 0x0000000084b00000|  0%| F|  |TAMS 0x0000000084a00000, 0x0000000084a00000| Untracked 
|  75|0x0000000084b00000, 0x0000000084b00000, 0x0000000084c00000|  0%| F|  |TAMS 0x0000000084b00000, 0x0000000084b00000| Untracked 
|  76|0x0000000084c00000, 0x0000000084c00000, 0x0000000084d00000|  0%| F|  |TAMS 0x0000000084c00000, 0x0000000084c00000| Untracked 
|  77|0x0000000084d00000, 0x0000000084d00000, 0x0000000084e00000|  0%| F|  |TAMS 0x0000000084d00000, 0x0000000084d00000| Untracked 
|  78|0x0000000084e00000, 0x0000000084e00000, 0x0000000084f00000|  0%| F|  |TAMS 0x0000000084e00000, 0x0000000084e00000| Untracked 
|  79|0x0000000084f00000, 0x0000000084f00000, 0x0000000085000000|  0%| F|  |TAMS 0x0000000084f00000, 0x0000000084f00000| Untracked 
|  80|0x0000000085000000, 0x0000000085000000, 0x0000000085100000|  0%| F|  |TAMS 0x0000000085000000, 0x0000000085000000| Untracked 
|  81|0x0000000085100000, 0x0000000085100000, 0x0000000085200000|  0%| F|  |TAMS 0x0000000085100000, 0x0000000085100000| Untracked 
|  82|0x0000000085200000, 0x0000000085200000, 0x0000000085300000|  0%| F|  |TAMS 0x0000000085200000, 0x0000000085200000| Untracked 
|  83|0x0000000085300000, 0x0000000085300000, 0x0000000085400000|  0%| F|  |TAMS 0x0000000085300000, 0x0000000085300000| Untracked 
|  84|0x0000000085400000, 0x0000000085400000, 0x0000000085500000|  0%| F|  |TAMS 0x0000000085400000, 0x0000000085400000| Untracked 
|  85|0x0000000085500000, 0x0000000085500000, 0x0000000085600000|  0%| F|  |TAMS 0x0000000085500000, 0x0000000085500000| Untracked 
|  86|0x0000000085600000, 0x0000000085600000, 0x0000000085700000|  0%| F|  |TAMS 0x0000000085600000, 0x0000000085600000| Untracked 
|  87|0x0000000085700000, 0x0000000085700000, 0x0000000085800000|  0%| F|  |TAMS 0x0000000085700000, 0x0000000085700000| Untracked 
|  88|0x0000000085800000, 0x0000000085800000, 0x0000000085900000|  0%| F|  |TAMS 0x0000000085800000, 0x0000000085800000| Untracked 
|  89|0x0000000085900000, 0x0000000085900000, 0x0000000085a00000|  0%| F|  |TAMS 0x0000000085900000, 0x0000000085900000| Untracked 
|  90|0x0000000085a00000, 0x0000000085a00000, 0x0000000085b00000|  0%| F|  |TAMS 0x0000000085a00000, 0x0000000085a00000| Untracked 
|  91|0x0000000085b00000, 0x0000000085b00000, 0x0000000085c00000|  0%| F|  |TAMS 0x0000000085b00000, 0x0000000085b00000| Untracked 
|  92|0x0000000085c00000, 0x0000000085c00000, 0x0000000085d00000|  0%| F|  |TAMS 0x0000000085c00000, 0x0000000085c00000| Untracked 
|  93|0x0000000085d00000, 0x0000000085d00000, 0x0000000085e00000|  0%| F|  |TAMS 0x0000000085d00000, 0x0000000085d00000| Untracked 
|  94|0x0000000085e00000, 0x0000000085e00000, 0x0000000085f00000|  0%| F|  |TAMS 0x0000000085e00000, 0x0000000085e00000| Untracked 
|  95|0x0000000085f00000, 0x0000000085f00000, 0x0000000086000000|  0%| F|  |TAMS 0x0000000085f00000, 0x0000000085f00000| Untracked 
|  96|0x0000000086000000, 0x0000000086000000, 0x0000000086100000|  0%| F|  |TAMS 0x0000000086000000, 0x0000000086000000| Untracked 
|  97|0x0000000086100000, 0x0000000086100000, 0x0000000086200000|  0%| F|  |TAMS 0x0000000086100000, 0x0000000086100000| Untracked 
|  98|0x0000000086200000, 0x0000000086200000, 0x0000000086300000|  0%| F|  |TAMS 0x0000000086200000, 0x0000000086200000| Untracked 
|  99|0x0000000086300000, 0x0000000086300000, 0x0000000086400000|  0%| F|  |TAMS 0x0000000086300000, 0x0000000086300000| Untracked 
| 100|0x0000000086400000, 0x0000000086400000, 0x0000000086500000|  0%| F|  |TAMS 0x0000000086400000, 0x0000000086400000| Untracked 
| 101|0x0000000086500000, 0x0000000086500000, 0x0000000086600000|  0%| F|  |TAMS 0x0000000086500000, 0x0000000086500000| Untracked 
| 102|0x0000000086600000, 0x0000000086600000, 0x0000000086700000|  0%| F|  |TAMS 0x0000000086600000, 0x0000000086600000| Untracked 
| 103|0x0000000086700000, 0x0000000086700000, 0x0000000086800000|  0%| F|  |TAMS 0x0000000086700000, 0x0000000086700000| Untracked 
| 104|0x0000000086800000, 0x0000000086800000, 0x0000000086900000|  0%| F|  |TAMS 0x0000000086800000, 0x0000000086800000| Untracked 
| 105|0x0000000086900000, 0x0000000086900000, 0x0000000086a00000|  0%| F|  |TAMS 0x0000000086900000, 0x0000000086900000| Untracked 
| 106|0x0000000086a00000, 0x0000000086a00000, 0x0000000086b00000|  0%| F|  |TAMS 0x0000000086a00000, 0x0000000086a00000| Untracked 
| 107|0x0000000086b00000, 0x0000000086b00000, 0x0000000086c00000|  0%| F|  |TAMS 0x0000000086b00000, 0x0000000086b00000| Untracked 
| 108|0x0000000086c00000, 0x0000000086c00000, 0x0000000086d00000|  0%| F|  |TAMS 0x0000000086c00000, 0x0000000086c00000| Untracked 
| 109|0x0000000086d00000, 0x0000000086d00000, 0x0000000086e00000|  0%| F|  |TAMS 0x0000000086d00000, 0x0000000086d00000| Untracked 
| 110|0x0000000086e00000, 0x0000000086e00000, 0x0000000086f00000|  0%| F|  |TAMS 0x0000000086e00000, 0x0000000086e00000| Untracked 
| 111|0x0000000086f00000, 0x0000000086f00000, 0x0000000087000000|  0%| F|  |TAMS 0x0000000086f00000, 0x0000000086f00000| Untracked 
| 112|0x0000000087000000, 0x0000000087000000, 0x0000000087100000|  0%| F|  |TAMS 0x0000000087000000, 0x0000000087000000| Untracked 
| 113|0x0000000087100000, 0x0000000087100000, 0x0000000087200000|  0%| F|  |TAMS 0x0000000087100000, 0x0000000087100000| Untracked 
| 114|0x0000000087200000, 0x0000000087200000, 0x0000000087300000|  0%| F|  |TAMS 0x0000000087200000, 0x0000000087200000| Untracked 
| 115|0x0000000087300000, 0x0000000087380000, 0x0000000087400000| 50%| S|CS|TAMS 0x0000000087300000, 0x0000000087300000| Complete 
| 116|0x0000000087400000, 0x0000000087500000, 0x0000000087500000|100%| S|CS|TAMS 0x0000000087400000, 0x0000000087400000| Complete 
| 117|0x0000000087500000, 0x0000000087600000, 0x0000000087600000|100%| S|CS|TAMS 0x0000000087500000, 0x0000000087500000| Complete 
| 118|0x0000000087600000, 0x0000000087700000, 0x0000000087700000|100%| S|CS|TAMS 0x0000000087600000, 0x0000000087600000| Complete 
| 119|0x0000000087700000, 0x0000000087800000, 0x0000000087800000|100%| S|CS|TAMS 0x0000000087700000, 0x0000000087700000| Complete 
| 120|0x0000000087800000, 0x0000000087900000, 0x0000000087900000|100%| S|CS|TAMS 0x0000000087800000, 0x0000000087800000| Complete 
| 121|0x0000000087900000, 0x0000000087a00000, 0x0000000087a00000|100%| S|CS|TAMS 0x0000000087900000, 0x0000000087900000| Complete 
| 122|0x0000000087a00000, 0x0000000087b00000, 0x0000000087b00000|100%| S|CS|TAMS 0x0000000087a00000, 0x0000000087a00000| Complete 
| 123|0x0000000087b00000, 0x0000000087c00000, 0x0000000087c00000|100%| S|CS|TAMS 0x0000000087b00000, 0x0000000087b00000| Complete 
| 124|0x0000000087c00000, 0x0000000087d00000, 0x0000000087d00000|100%| S|CS|TAMS 0x0000000087c00000, 0x0000000087c00000| Complete 
| 125|0x0000000087d00000, 0x0000000087e00000, 0x0000000087e00000|100%| S|CS|TAMS 0x0000000087d00000, 0x0000000087d00000| Complete 
| 126|0x0000000087e00000, 0x0000000087f00000, 0x0000000087f00000|100%| S|CS|TAMS 0x0000000087e00000, 0x0000000087e00000| Complete 
| 127|0x0000000087f00000, 0x0000000088000000, 0x0000000088000000|100%| S|CS|TAMS 0x0000000087f00000, 0x0000000087f00000| Complete 
| 128|0x0000000088000000, 0x0000000088100000, 0x0000000088100000|100%| S|CS|TAMS 0x0000000088000000, 0x0000000088000000| Complete 
| 129|0x0000000088100000, 0x0000000088200000, 0x0000000088200000|100%| S|CS|TAMS 0x0000000088100000, 0x0000000088100000| Complete 
| 130|0x0000000088200000, 0x0000000088300000, 0x0000000088300000|100%| S|CS|TAMS 0x0000000088200000, 0x0000000088200000| Complete 
| 131|0x0000000088300000, 0x0000000088400000, 0x0000000088400000|100%| S|CS|TAMS 0x0000000088300000, 0x0000000088300000| Complete 
| 132|0x0000000088400000, 0x0000000088400000, 0x0000000088500000|  0%| F|  |TAMS 0x0000000088400000, 0x0000000088400000| Untracked 
| 133|0x0000000088500000, 0x0000000088500000, 0x0000000088600000|  0%| F|  |TAMS 0x0000000088500000, 0x0000000088500000| Untracked 
| 134|0x0000000088600000, 0x0000000088600000, 0x0000000088700000|  0%| F|  |TAMS 0x0000000088600000, 0x0000000088600000| Untracked 
| 135|0x0000000088700000, 0x0000000088700000, 0x0000000088800000|  0%| F|  |TAMS 0x0000000088700000, 0x0000000088700000| Untracked 
| 136|0x0000000088800000, 0x0000000088800000, 0x0000000088900000|  0%| F|  |TAMS 0x0000000088800000, 0x0000000088800000| Untracked 
| 137|0x0000000088900000, 0x0000000088900000, 0x0000000088a00000|  0%| F|  |TAMS 0x0000000088900000, 0x0000000088900000| Untracked 
| 138|0x0000000088a00000, 0x0000000088a00000, 0x0000000088b00000|  0%| F|  |TAMS 0x0000000088a00000, 0x0000000088a00000| Untracked 
| 139|0x0000000088b00000, 0x0000000088b00000, 0x0000000088c00000|  0%| F|  |TAMS 0x0000000088b00000, 0x0000000088b00000| Untracked 
| 140|0x0000000088c00000, 0x0000000088c00000, 0x0000000088d00000|  0%| F|  |TAMS 0x0000000088c00000, 0x0000000088c00000| Untracked 
| 141|0x0000000088d00000, 0x0000000088d00000, 0x0000000088e00000|  0%| F|  |TAMS 0x0000000088d00000, 0x0000000088d00000| Untracked 
| 142|0x0000000088e00000, 0x0000000088e00000, 0x0000000088f00000|  0%| F|  |TAMS 0x0000000088e00000, 0x0000000088e00000| Untracked 
| 143|0x0000000088f00000, 0x0000000088f00000, 0x0000000089000000|  0%| F|  |TAMS 0x0000000088f00000, 0x0000000088f00000| Untracked 
| 144|0x0000000089000000, 0x0000000089000000, 0x0000000089100000|  0%| F|  |TAMS 0x0000000089000000, 0x0000000089000000| Untracked 
| 145|0x0000000089100000, 0x0000000089100000, 0x0000000089200000|  0%| F|  |TAMS 0x0000000089100000, 0x0000000089100000| Untracked 
| 146|0x0000000089200000, 0x0000000089200000, 0x0000000089300000|  0%| F|  |TAMS 0x0000000089200000, 0x0000000089200000| Untracked 
| 147|0x0000000089300000, 0x0000000089300000, 0x0000000089400000|  0%| F|  |TAMS 0x0000000089300000, 0x0000000089300000| Untracked 
| 148|0x0000000089400000, 0x0000000089400000, 0x0000000089500000|  0%| F|  |TAMS 0x0000000089400000, 0x0000000089400000| Untracked 
| 149|0x0000000089500000, 0x0000000089500000, 0x0000000089600000|  0%| F|  |TAMS 0x0000000089500000, 0x0000000089500000| Untracked 
| 150|0x0000000089600000, 0x0000000089600000, 0x0000000089700000|  0%| F|  |TAMS 0x0000000089600000, 0x0000000089600000| Untracked 
| 151|0x0000000089700000, 0x0000000089700000, 0x0000000089800000|  0%| F|  |TAMS 0x0000000089700000, 0x0000000089700000| Untracked 
| 152|0x0000000089800000, 0x0000000089800000, 0x0000000089900000|  0%| F|  |TAMS 0x0000000089800000, 0x0000000089800000| Untracked 
| 153|0x0000000089900000, 0x0000000089900000, 0x0000000089a00000|  0%| F|  |TAMS 0x0000000089900000, 0x0000000089900000| Untracked 
| 154|0x0000000089a00000, 0x0000000089a00000, 0x0000000089b00000|  0%| F|  |TAMS 0x0000000089a00000, 0x0000000089a00000| Untracked 
| 155|0x0000000089b00000, 0x0000000089b00000, 0x0000000089c00000|  0%| F|  |TAMS 0x0000000089b00000, 0x0000000089b00000| Untracked 
| 156|0x0000000089c00000, 0x0000000089c00000, 0x0000000089d00000|  0%| F|  |TAMS 0x0000000089c00000, 0x0000000089c00000| Untracked 
| 157|0x0000000089d00000, 0x0000000089d00000, 0x0000000089e00000|  0%| F|  |TAMS 0x0000000089d00000, 0x0000000089d00000| Untracked 
| 158|0x0000000089e00000, 0x0000000089e00000, 0x0000000089f00000|  0%| F|  |TAMS 0x0000000089e00000, 0x0000000089e00000| Untracked 
| 159|0x0000000089f00000, 0x0000000089f00000, 0x000000008a000000|  0%| F|  |TAMS 0x0000000089f00000, 0x0000000089f00000| Untracked 
| 160|0x000000008a000000, 0x000000008a000000, 0x000000008a100000|  0%| F|  |TAMS 0x000000008a000000, 0x000000008a000000| Untracked 
| 161|0x000000008a100000, 0x000000008a100000, 0x000000008a200000|  0%| F|  |TAMS 0x000000008a100000, 0x000000008a100000| Untracked 
| 162|0x000000008a200000, 0x000000008a200000, 0x000000008a300000|  0%| F|  |TAMS 0x000000008a200000, 0x000000008a200000| Untracked 
| 163|0x000000008a300000, 0x000000008a300000, 0x000000008a400000|  0%| F|  |TAMS 0x000000008a300000, 0x000000008a300000| Untracked 
| 164|0x000000008a400000, 0x000000008a400000, 0x000000008a500000|  0%| F|  |TAMS 0x000000008a400000, 0x000000008a400000| Untracked 
| 165|0x000000008a500000, 0x000000008a500000, 0x000000008a600000|  0%| F|  |TAMS 0x000000008a500000, 0x000000008a500000| Untracked 
| 166|0x000000008a600000, 0x000000008a600000, 0x000000008a700000|  0%| F|  |TAMS 0x000000008a600000, 0x000000008a600000| Untracked 
| 167|0x000000008a700000, 0x000000008a700000, 0x000000008a800000|  0%| F|  |TAMS 0x000000008a700000, 0x000000008a700000| Untracked 
| 168|0x000000008a800000, 0x000000008a800000, 0x000000008a900000|  0%| F|  |TAMS 0x000000008a800000, 0x000000008a800000| Untracked 
| 169|0x000000008a900000, 0x000000008a900000, 0x000000008aa00000|  0%| F|  |TAMS 0x000000008a900000, 0x000000008a900000| Untracked 
| 170|0x000000008aa00000, 0x000000008aa00000, 0x000000008ab00000|  0%| F|  |TAMS 0x000000008aa00000, 0x000000008aa00000| Untracked 
| 171|0x000000008ab00000, 0x000000008ab00000, 0x000000008ac00000|  0%| F|  |TAMS 0x000000008ab00000, 0x000000008ab00000| Untracked 
| 172|0x000000008ac00000, 0x000000008ac00000, 0x000000008ad00000|  0%| F|  |TAMS 0x000000008ac00000, 0x000000008ac00000| Untracked 
| 173|0x000000008ad00000, 0x000000008ad00000, 0x000000008ae00000|  0%| F|  |TAMS 0x000000008ad00000, 0x000000008ad00000| Untracked 
| 174|0x000000008ae00000, 0x000000008ae00000, 0x000000008af00000|  0%| F|  |TAMS 0x000000008ae00000, 0x000000008ae00000| Untracked 
| 175|0x000000008af00000, 0x000000008af00000, 0x000000008b000000|  0%| F|  |TAMS 0x000000008af00000, 0x000000008af00000| Untracked 
| 176|0x000000008b000000, 0x000000008b000000, 0x000000008b100000|  0%| F|  |TAMS 0x000000008b000000, 0x000000008b000000| Untracked 
| 177|0x000000008b100000, 0x000000008b100000, 0x000000008b200000|  0%| F|  |TAMS 0x000000008b100000, 0x000000008b100000| Untracked 
| 178|0x000000008b200000, 0x000000008b200000, 0x000000008b300000|  0%| F|  |TAMS 0x000000008b200000, 0x000000008b200000| Untracked 
| 179|0x000000008b300000, 0x000000008b300000, 0x000000008b400000|  0%| F|  |TAMS 0x000000008b300000, 0x000000008b300000| Untracked 
| 180|0x000000008b400000, 0x000000008b400000, 0x000000008b500000|  0%| F|  |TAMS 0x000000008b400000, 0x000000008b400000| Untracked 
| 181|0x000000008b500000, 0x000000008b500000, 0x000000008b600000|  0%| F|  |TAMS 0x000000008b500000, 0x000000008b500000| Untracked 
| 182|0x000000008b600000, 0x000000008b600000, 0x000000008b700000|  0%| F|  |TAMS 0x000000008b600000, 0x000000008b600000| Untracked 
| 183|0x000000008b700000, 0x000000008b700000, 0x000000008b800000|  0%| F|  |TAMS 0x000000008b700000, 0x000000008b700000| Untracked 
| 184|0x000000008b800000, 0x000000008b800000, 0x000000008b900000|  0%| F|  |TAMS 0x000000008b800000, 0x000000008b800000| Untracked 
| 185|0x000000008b900000, 0x000000008b900000, 0x000000008ba00000|  0%| F|  |TAMS 0x000000008b900000, 0x000000008b900000| Untracked 
| 186|0x000000008ba00000, 0x000000008ba00000, 0x000000008bb00000|  0%| F|  |TAMS 0x000000008ba00000, 0x000000008ba00000| Untracked 
| 187|0x000000008bb00000, 0x000000008bb00000, 0x000000008bc00000|  0%| F|  |TAMS 0x000000008bb00000, 0x000000008bb00000| Untracked 
| 188|0x000000008bc00000, 0x000000008bc00000, 0x000000008bd00000|  0%| F|  |TAMS 0x000000008bc00000, 0x000000008bc00000| Untracked 
| 189|0x000000008bd00000, 0x000000008bd00000, 0x000000008be00000|  0%| F|  |TAMS 0x000000008bd00000, 0x000000008bd00000| Untracked 
| 190|0x000000008be00000, 0x000000008be00000, 0x000000008bf00000|  0%| F|  |TAMS 0x000000008be00000, 0x000000008be00000| Untracked 
| 191|0x000000008bf00000, 0x000000008bf00000, 0x000000008c000000|  0%| F|  |TAMS 0x000000008bf00000, 0x000000008bf00000| Untracked 
| 192|0x000000008c000000, 0x000000008c000000, 0x000000008c100000|  0%| F|  |TAMS 0x000000008c000000, 0x000000008c000000| Untracked 
| 193|0x000000008c100000, 0x000000008c100000, 0x000000008c200000|  0%| F|  |TAMS 0x000000008c100000, 0x000000008c100000| Untracked 
| 194|0x000000008c200000, 0x000000008c200000, 0x000000008c300000|  0%| F|  |TAMS 0x000000008c200000, 0x000000008c200000| Untracked 
| 195|0x000000008c300000, 0x000000008c300000, 0x000000008c400000|  0%| F|  |TAMS 0x000000008c300000, 0x000000008c300000| Untracked 
| 196|0x000000008c400000, 0x000000008c400000, 0x000000008c500000|  0%| F|  |TAMS 0x000000008c400000, 0x000000008c400000| Untracked 
| 197|0x000000008c500000, 0x000000008c500000, 0x000000008c600000|  0%| F|  |TAMS 0x000000008c500000, 0x000000008c500000| Untracked 
| 198|0x000000008c600000, 0x000000008c600000, 0x000000008c700000|  0%| F|  |TAMS 0x000000008c600000, 0x000000008c600000| Untracked 
| 199|0x000000008c700000, 0x000000008c700000, 0x000000008c800000|  0%| F|  |TAMS 0x000000008c700000, 0x000000008c700000| Untracked 
| 200|0x000000008c800000, 0x000000008c800000, 0x000000008c900000|  0%| F|  |TAMS 0x000000008c800000, 0x000000008c800000| Untracked 
| 201|0x000000008c900000, 0x000000008c9af1f8, 0x000000008ca00000| 68%| E|  |TAMS 0x000000008c900000, 0x000000008c900000| Complete 
| 202|0x000000008ca00000, 0x000000008cb00000, 0x000000008cb00000|100%| E|CS|TAMS 0x000000008ca00000, 0x000000008ca00000| Complete 
| 203|0x000000008cb00000, 0x000000008cc00000, 0x000000008cc00000|100%| E|CS|TAMS 0x000000008cb00000, 0x000000008cb00000| Complete 
| 204|0x000000008cc00000, 0x000000008cd00000, 0x000000008cd00000|100%| E|CS|TAMS 0x000000008cc00000, 0x000000008cc00000| Complete 
| 205|0x000000008cd00000, 0x000000008ce00000, 0x000000008ce00000|100%| E|CS|TAMS 0x000000008cd00000, 0x000000008cd00000| Complete 
| 206|0x000000008ce00000, 0x000000008cf00000, 0x000000008cf00000|100%| E|CS|TAMS 0x000000008ce00000, 0x000000008ce00000| Complete 
| 207|0x000000008cf00000, 0x000000008d000000, 0x000000008d000000|100%| E|CS|TAMS 0x000000008cf00000, 0x000000008cf00000| Complete 
| 208|0x000000008d000000, 0x000000008d100000, 0x000000008d100000|100%| E|  |TAMS 0x000000008d000000, 0x000000008d000000| Complete 
| 209|0x000000008d100000, 0x000000008d200000, 0x000000008d200000|100%| E|CS|TAMS 0x000000008d100000, 0x000000008d100000| Complete 
| 210|0x000000008d200000, 0x000000008d300000, 0x000000008d300000|100%| E|CS|TAMS 0x000000008d200000, 0x000000008d200000| Complete 
| 211|0x000000008d300000, 0x000000008d400000, 0x000000008d400000|100%| E|CS|TAMS 0x000000008d300000, 0x000000008d300000| Complete 
| 212|0x000000008d400000, 0x000000008d500000, 0x000000008d500000|100%| E|CS|TAMS 0x000000008d400000, 0x000000008d400000| Complete 
| 213|0x000000008d500000, 0x000000008d600000, 0x000000008d600000|100%| E|CS|TAMS 0x000000008d500000, 0x000000008d500000| Complete 
| 214|0x000000008d600000, 0x000000008d700000, 0x000000008d700000|100%| E|CS|TAMS 0x000000008d600000, 0x000000008d600000| Complete 
| 215|0x000000008d700000, 0x000000008d800000, 0x000000008d800000|100%| E|CS|TAMS 0x000000008d700000, 0x000000008d700000| Complete 
| 216|0x000000008d800000, 0x000000008d900000, 0x000000008d900000|100%| E|CS|TAMS 0x000000008d800000, 0x000000008d800000| Complete 
| 217|0x000000008d900000, 0x000000008da00000, 0x000000008da00000|100%| E|CS|TAMS 0x000000008d900000, 0x000000008d900000| Complete 
| 218|0x000000008da00000, 0x000000008db00000, 0x000000008db00000|100%| E|CS|TAMS 0x000000008da00000, 0x000000008da00000| Complete 
| 219|0x000000008db00000, 0x000000008dc00000, 0x000000008dc00000|100%| E|CS|TAMS 0x000000008db00000, 0x000000008db00000| Complete 
| 220|0x000000008dc00000, 0x000000008dd00000, 0x000000008dd00000|100%| E|CS|TAMS 0x000000008dc00000, 0x000000008dc00000| Complete 
| 221|0x000000008dd00000, 0x000000008de00000, 0x000000008de00000|100%| E|CS|TAMS 0x000000008dd00000, 0x000000008dd00000| Complete 
| 222|0x000000008de00000, 0x000000008df00000, 0x000000008df00000|100%| E|CS|TAMS 0x000000008de00000, 0x000000008de00000| Complete 
| 223|0x000000008df00000, 0x000000008e000000, 0x000000008e000000|100%| E|CS|TAMS 0x000000008df00000, 0x000000008df00000| Complete 
| 224|0x000000008e000000, 0x000000008e100000, 0x000000008e100000|100%| E|CS|TAMS 0x000000008e000000, 0x000000008e000000| Complete 
| 225|0x000000008e100000, 0x000000008e200000, 0x000000008e200000|100%| E|CS|TAMS 0x000000008e100000, 0x000000008e100000| Complete 
| 226|0x000000008e200000, 0x000000008e300000, 0x000000008e300000|100%| E|CS|TAMS 0x000000008e200000, 0x000000008e200000| Complete 
| 227|0x000000008e300000, 0x000000008e400000, 0x000000008e400000|100%| E|CS|TAMS 0x000000008e300000, 0x000000008e300000| Complete 
| 228|0x000000008e400000, 0x000000008e500000, 0x000000008e500000|100%| E|CS|TAMS 0x000000008e400000, 0x000000008e400000| Complete 
| 229|0x000000008e500000, 0x000000008e600000, 0x000000008e600000|100%| E|CS|TAMS 0x000000008e500000, 0x000000008e500000| Complete 
| 230|0x000000008e600000, 0x000000008e700000, 0x000000008e700000|100%| E|CS|TAMS 0x000000008e600000, 0x000000008e600000| Complete 
| 231|0x000000008e700000, 0x000000008e800000, 0x000000008e800000|100%| E|CS|TAMS 0x000000008e700000, 0x000000008e700000| Complete 
| 232|0x000000008e800000, 0x000000008e900000, 0x000000008e900000|100%| E|CS|TAMS 0x000000008e800000, 0x000000008e800000| Complete 
| 233|0x000000008e900000, 0x000000008ea00000, 0x000000008ea00000|100%| E|CS|TAMS 0x000000008e900000, 0x000000008e900000| Complete 
| 234|0x000000008ea00000, 0x000000008eb00000, 0x000000008eb00000|100%| E|CS|TAMS 0x000000008ea00000, 0x000000008ea00000| Complete 
| 235|0x000000008eb00000, 0x000000008ec00000, 0x000000008ec00000|100%| E|CS|TAMS 0x000000008eb00000, 0x000000008eb00000| Complete 
| 236|0x000000008ec00000, 0x000000008ed00000, 0x000000008ed00000|100%| E|CS|TAMS 0x000000008ec00000, 0x000000008ec00000| Complete 
| 237|0x000000008ed00000, 0x000000008ee00000, 0x000000008ee00000|100%| E|CS|TAMS 0x000000008ed00000, 0x000000008ed00000| Complete 
| 238|0x000000008ee00000, 0x000000008ef00000, 0x000000008ef00000|100%| E|CS|TAMS 0x000000008ee00000, 0x000000008ee00000| Complete 
| 239|0x000000008ef00000, 0x000000008f000000, 0x000000008f000000|100%| E|CS|TAMS 0x000000008ef00000, 0x000000008ef00000| Complete 
| 240|0x000000008f000000, 0x000000008f100000, 0x000000008f100000|100%| E|CS|TAMS 0x000000008f000000, 0x000000008f000000| Complete 
| 241|0x000000008f100000, 0x000000008f200000, 0x000000008f200000|100%| E|CS|TAMS 0x000000008f100000, 0x000000008f100000| Complete 
| 242|0x000000008f200000, 0x000000008f300000, 0x000000008f300000|100%| E|CS|TAMS 0x000000008f200000, 0x000000008f200000| Complete 
| 243|0x000000008f300000, 0x000000008f400000, 0x000000008f400000|100%| E|CS|TAMS 0x000000008f300000, 0x000000008f300000| Complete 
| 244|0x000000008f400000, 0x000000008f500000, 0x000000008f500000|100%| E|CS|TAMS 0x000000008f400000, 0x000000008f400000| Complete 
| 245|0x000000008f500000, 0x000000008f600000, 0x000000008f600000|100%| E|CS|TAMS 0x000000008f500000, 0x000000008f500000| Complete 
| 246|0x000000008f600000, 0x000000008f700000, 0x000000008f700000|100%| E|CS|TAMS 0x000000008f600000, 0x000000008f600000| Complete 
| 247|0x000000008f700000, 0x000000008f800000, 0x000000008f800000|100%| E|CS|TAMS 0x000000008f700000, 0x000000008f700000| Complete 
| 248|0x000000008f800000, 0x000000008f900000, 0x000000008f900000|100%| E|CS|TAMS 0x000000008f800000, 0x000000008f800000| Complete 
| 249|0x000000008f900000, 0x000000008fa00000, 0x000000008fa00000|100%| E|CS|TAMS 0x000000008f900000, 0x000000008f900000| Complete 
| 250|0x000000008fa00000, 0x000000008fb00000, 0x000000008fb00000|100%| E|CS|TAMS 0x000000008fa00000, 0x000000008fa00000| Complete 
| 251|0x000000008fb00000, 0x000000008fc00000, 0x000000008fc00000|100%| E|CS|TAMS 0x000000008fb00000, 0x000000008fb00000| Complete 
| 252|0x000000008fc00000, 0x000000008fd00000, 0x000000008fd00000|100%| E|CS|TAMS 0x000000008fc00000, 0x000000008fc00000| Complete 
| 253|0x000000008fd00000, 0x000000008fe00000, 0x000000008fe00000|100%| E|CS|TAMS 0x000000008fd00000, 0x000000008fd00000| Complete 
| 254|0x000000008fe00000, 0x000000008ff00000, 0x000000008ff00000|100%| E|CS|TAMS 0x000000008fe00000, 0x000000008fe00000| Complete 
| 255|0x000000008ff00000, 0x0000000090000000, 0x0000000090000000|100%| E|CS|TAMS 0x000000008ff00000, 0x000000008ff00000| Complete 
| 256|0x0000000090000000, 0x0000000090100000, 0x0000000090100000|100%| E|CS|TAMS 0x0000000090000000, 0x0000000090000000| Complete 
| 257|0x0000000090100000, 0x0000000090200000, 0x0000000090200000|100%| E|CS|TAMS 0x0000000090100000, 0x0000000090100000| Complete 
| 258|0x0000000090200000, 0x0000000090300000, 0x0000000090300000|100%| E|CS|TAMS 0x0000000090200000, 0x0000000090200000| Complete 
| 259|0x0000000090300000, 0x0000000090400000, 0x0000000090400000|100%| E|CS|TAMS 0x0000000090300000, 0x0000000090300000| Complete 
| 260|0x0000000090400000, 0x0000000090500000, 0x0000000090500000|100%| E|CS|TAMS 0x0000000090400000, 0x0000000090400000| Complete 
| 261|0x0000000090500000, 0x0000000090600000, 0x0000000090600000|100%| E|CS|TAMS 0x0000000090500000, 0x0000000090500000| Complete 
| 262|0x0000000090600000, 0x0000000090700000, 0x0000000090700000|100%| E|CS|TAMS 0x0000000090600000, 0x0000000090600000| Complete 
| 263|0x0000000090700000, 0x0000000090800000, 0x0000000090800000|100%| E|CS|TAMS 0x0000000090700000, 0x0000000090700000| Complete 
| 264|0x0000000090800000, 0x0000000090900000, 0x0000000090900000|100%| E|CS|TAMS 0x0000000090800000, 0x0000000090800000| Complete 
| 265|0x0000000090900000, 0x0000000090a00000, 0x0000000090a00000|100%| E|CS|TAMS 0x0000000090900000, 0x0000000090900000| Complete 
| 266|0x0000000090a00000, 0x0000000090b00000, 0x0000000090b00000|100%| E|CS|TAMS 0x0000000090a00000, 0x0000000090a00000| Complete 
| 267|0x0000000090b00000, 0x0000000090c00000, 0x0000000090c00000|100%| E|CS|TAMS 0x0000000090b00000, 0x0000000090b00000| Complete 
| 268|0x0000000090c00000, 0x0000000090d00000, 0x0000000090d00000|100%| E|CS|TAMS 0x0000000090c00000, 0x0000000090c00000| Complete 
| 269|0x0000000090d00000, 0x0000000090e00000, 0x0000000090e00000|100%| E|CS|TAMS 0x0000000090d00000, 0x0000000090d00000| Complete 
| 270|0x0000000090e00000, 0x0000000090f00000, 0x0000000090f00000|100%| E|CS|TAMS 0x0000000090e00000, 0x0000000090e00000| Complete 
| 271|0x0000000090f00000, 0x0000000091000000, 0x0000000091000000|100%| E|CS|TAMS 0x0000000090f00000, 0x0000000090f00000| Complete 
| 272|0x0000000091000000, 0x0000000091100000, 0x0000000091100000|100%| E|CS|TAMS 0x0000000091000000, 0x0000000091000000| Complete 
| 273|0x0000000091100000, 0x0000000091200000, 0x0000000091200000|100%| E|CS|TAMS 0x0000000091100000, 0x0000000091100000| Complete 
| 274|0x0000000091200000, 0x0000000091300000, 0x0000000091300000|100%| E|CS|TAMS 0x0000000091200000, 0x0000000091200000| Complete 
| 275|0x0000000091300000, 0x0000000091400000, 0x0000000091400000|100%| E|CS|TAMS 0x0000000091300000, 0x0000000091300000| Complete 
| 276|0x0000000091400000, 0x0000000091500000, 0x0000000091500000|100%| E|CS|TAMS 0x0000000091400000, 0x0000000091400000| Complete 
| 277|0x0000000091500000, 0x0000000091600000, 0x0000000091600000|100%| E|CS|TAMS 0x0000000091500000, 0x0000000091500000| Complete 
| 278|0x0000000091600000, 0x0000000091700000, 0x0000000091700000|100%| E|CS|TAMS 0x0000000091600000, 0x0000000091600000| Complete 
| 279|0x0000000091700000, 0x0000000091800000, 0x0000000091800000|100%| E|CS|TAMS 0x0000000091700000, 0x0000000091700000| Complete 
| 280|0x0000000091800000, 0x0000000091900000, 0x0000000091900000|100%| E|CS|TAMS 0x0000000091800000, 0x0000000091800000| Complete 
| 281|0x0000000091900000, 0x0000000091a00000, 0x0000000091a00000|100%| E|CS|TAMS 0x0000000091900000, 0x0000000091900000| Complete 
| 282|0x0000000091a00000, 0x0000000091b00000, 0x0000000091b00000|100%| E|CS|TAMS 0x0000000091a00000, 0x0000000091a00000| Complete 
| 283|0x0000000091b00000, 0x0000000091c00000, 0x0000000091c00000|100%| E|CS|TAMS 0x0000000091b00000, 0x0000000091b00000| Complete 
| 284|0x0000000091c00000, 0x0000000091d00000, 0x0000000091d00000|100%| E|CS|TAMS 0x0000000091c00000, 0x0000000091c00000| Complete 
| 285|0x0000000091d00000, 0x0000000091e00000, 0x0000000091e00000|100%| E|CS|TAMS 0x0000000091d00000, 0x0000000091d00000| Complete 
| 286|0x0000000091e00000, 0x0000000091f00000, 0x0000000091f00000|100%| E|CS|TAMS 0x0000000091e00000, 0x0000000091e00000| Complete 
| 287|0x0000000091f00000, 0x0000000092000000, 0x0000000092000000|100%| E|CS|TAMS 0x0000000091f00000, 0x0000000091f00000| Complete 
| 288|0x0000000092000000, 0x0000000092100000, 0x0000000092100000|100%| E|CS|TAMS 0x0000000092000000, 0x0000000092000000| Complete 
| 289|0x0000000092100000, 0x0000000092200000, 0x0000000092200000|100%| E|CS|TAMS 0x0000000092100000, 0x0000000092100000| Complete 
| 290|0x0000000092200000, 0x0000000092300000, 0x0000000092300000|100%| E|CS|TAMS 0x0000000092200000, 0x0000000092200000| Complete 
| 291|0x0000000092300000, 0x0000000092400000, 0x0000000092400000|100%| E|CS|TAMS 0x0000000092300000, 0x0000000092300000| Complete 
| 292|0x0000000092400000, 0x0000000092500000, 0x0000000092500000|100%| E|CS|TAMS 0x0000000092400000, 0x0000000092400000| Complete 
| 293|0x0000000092500000, 0x0000000092600000, 0x0000000092600000|100%| E|CS|TAMS 0x0000000092500000, 0x0000000092500000| Complete 
| 294|0x0000000092600000, 0x0000000092700000, 0x0000000092700000|100%| E|CS|TAMS 0x0000000092600000, 0x0000000092600000| Complete 
| 295|0x0000000092700000, 0x0000000092800000, 0x0000000092800000|100%| E|CS|TAMS 0x0000000092700000, 0x0000000092700000| Complete 
| 296|0x0000000092800000, 0x0000000092900000, 0x0000000092900000|100%| E|CS|TAMS 0x0000000092800000, 0x0000000092800000| Complete 
| 297|0x0000000092900000, 0x0000000092a00000, 0x0000000092a00000|100%| E|CS|TAMS 0x0000000092900000, 0x0000000092900000| Complete 
| 298|0x0000000092a00000, 0x0000000092b00000, 0x0000000092b00000|100%| E|CS|TAMS 0x0000000092a00000, 0x0000000092a00000| Complete 
| 299|0x0000000092b00000, 0x0000000092c00000, 0x0000000092c00000|100%| E|CS|TAMS 0x0000000092b00000, 0x0000000092b00000| Complete 
| 300|0x0000000092c00000, 0x0000000092d00000, 0x0000000092d00000|100%| E|CS|TAMS 0x0000000092c00000, 0x0000000092c00000| Complete 
| 301|0x0000000092d00000, 0x0000000092e00000, 0x0000000092e00000|100%| E|CS|TAMS 0x0000000092d00000, 0x0000000092d00000| Complete 
| 302|0x0000000092e00000, 0x0000000092f00000, 0x0000000092f00000|100%| E|CS|TAMS 0x0000000092e00000, 0x0000000092e00000| Complete 
| 303|0x0000000092f00000, 0x0000000093000000, 0x0000000093000000|100%| E|CS|TAMS 0x0000000092f00000, 0x0000000092f00000| Complete 
| 304|0x0000000093000000, 0x0000000093100000, 0x0000000093100000|100%| E|CS|TAMS 0x0000000093000000, 0x0000000093000000| Complete 

Card table byte_map: [0x000001913baa0000,0x000001913bea0000] _byte_map_base: 0x000001913b6a0000

Marking Bits (Prev, Next): (CMBitMap*) 0x0000019126dc59e0, (CMBitMap*) 0x0000019126dc59a8
 Prev Bits: [0x000001913e2a0000, 0x00000191402a0000)
 Next Bits: [0x000001913c2a0000, 0x000001913e2a0000)

Polling page: 0x0000019126be0000

Metaspace:

Usage:
  Non-class:     82.96 MB capacity,    81.47 MB ( 98%) used,     1.24 MB (  1%) free+waste,   257.81 KB ( <1%) overhead. 
      Class:     12.66 MB capacity,    11.83 MB ( 93%) used,   735.52 KB (  6%) free+waste,   116.56 KB ( <1%) overhead. 
       Both:     95.62 MB capacity,    93.30 MB ( 98%) used,     1.96 MB (  2%) free+waste,   374.38 KB ( <1%) overhead. 

Virtual space:
  Non-class space:       84.00 MB reserved,      83.00 MB ( 99%) committed 
      Class space:        1.00 GB reserved,      12.75 MB (  1%) committed 
             Both:        1.08 GB reserved,      95.75 MB (  9%) committed 

Chunk freelists:
   Non-Class:  37.00 KB
       Class:  0 bytes
        Both:  37.00 KB

MaxMetaspaceSize: 17179869184.00 GB
CompressedClassSpaceSize: 1.00 GB
Initial GC threshold: 20.80 MB
Current GC threshold: 152.70 MB
CDS: off

CodeHeap 'non-profiled nmethods': size=120064Kb used=5688Kb max_used=5688Kb free=114375Kb
 bounds [0x0000019133b30000, 0x00000191340c0000, 0x000001913b070000]
CodeHeap 'profiled nmethods': size=120000Kb used=21023Kb max_used=21023Kb free=98976Kb
 bounds [0x000001912c600000, 0x000001912da90000, 0x0000019133b30000]
CodeHeap 'non-nmethods': size=5696Kb used=2389Kb max_used=2451Kb free=3306Kb
 bounds [0x000001912c070000, 0x000001912c2f0000, 0x000001912c600000]
 total_blobs=10729 nmethods=9813 adapters=829
 compilation: enabled
              stopped_count=0, restarted_count=0
 full_count=0

Compilation events (20 events):
Event: 27.129 Thread 0x00000191431d3000 nmethod 9866 0x00000191340bcd10 code [0x00000191340bcec0, 0x00000191340bd278]
Event: 27.130 Thread 0x00000191431e2800 nmethod 9869 0x000001912da7d610 code [0x000001912da7dda0, 0x000001912da820e8]
Event: 27.130 Thread 0x00000191431e2800 9872       3       java.io.ObjectOutputStream$BlockDataOutputStream::writeLong (48 bytes)
Event: 27.130 Thread 0x00000191431e2800 nmethod 9872 0x000001912da84510 code [0x000001912da846e0, 0x000001912da848d8]
Event: 27.130 Thread 0x00000191431e2800 9871       3       java.io.ObjectOutputStream::writeNonProxyDesc (109 bytes)
Event: 27.132 Thread 0x00000191431e2800 nmethod 9871 0x000001912da84a10 code [0x000001912da84d60, 0x000001912da85ec8]
Event: 27.132 Thread 0x00000191431e2800 9868       3       com.google.common.base.Stopwatch::elapsedNanos (32 bytes)
Event: 27.132 Thread 0x00000191431e2800 nmethod 9868 0x000001912da86610 code [0x000001912da867e0, 0x000001912da86a28]
Event: 27.132 Thread 0x00000191431e2800 9870       3       org.gradle.execution.plan.Node::isComplete (43 bytes)
Event: 27.132 Thread 0x00000191431e2800 nmethod 9870 0x000001912da86b10 code [0x000001912da86cc0, 0x000001912da86ef8]
Event: 27.132 Thread 0x00000191431e2800 9873       1       org.gradle.internal.logging.events.ProgressStartEvent::isBuildOperationStart (5 bytes)
Event: 27.132 Thread 0x00000191431e2800 nmethod 9873 0x00000191340bd490 code [0x00000191340bd640, 0x00000191340bd6f8]
Event: 27.135 Thread 0x00000191431e2800 9874       3       java.util.ArrayList::set (24 bytes)
Event: 27.135 Thread 0x00000191431e2800 nmethod 9874 0x000001912da86f90 code [0x000001912da871c0, 0x000001912da87b28]
Event: 27.136 Thread 0x00000191431d3000 9875       4       com.google.common.collect.ImmutableMap$Builder::ensureCapacity (38 bytes)
Event: 27.139 Thread 0x00000191431d3000 nmethod 9875 0x00000191340bd790 code [0x00000191340bd920, 0x00000191340bdc58]
Event: 27.139 Thread 0x00000191431e2800 9876       1       com.google.common.collect.ImmutableSortedSet::comparator (5 bytes)
Event: 27.139 Thread 0x00000191431d3000 9877       4       java.util.LinkedHashMap$LinkedEntrySet::size (8 bytes)
Event: 27.139 Thread 0x00000191431e2800 nmethod 9876 0x00000191340bdd90 code [0x00000191340bdf40, 0x00000191340bdff8]
Event: 27.139 Thread 0x00000191431d3000 nmethod 9877 0x00000191340be090 code [0x00000191340be220, 0x00000191340be298]

GC Heap History (20 events):
Event: 0.598 GC heap before
{Heap before GC invocations=0 (full 0):
 garbage-first heap   total 260096K, used 16384K [0x0000000080000000, 0x0000000100000000)
  region size 1024K, 14 young (14336K), 0 survivors (0K)
 Metaspace       used 6742K, capacity 6929K, committed 7168K, reserved 1056768K
  class space    used 571K, capacity 650K, committed 768K, reserved 1048576K
}
Event: 0.604 GC heap after
{Heap after GC invocations=1 (full 0):
 garbage-first heap   total 260096K, used 4161K [0x0000000080000000, 0x0000000100000000)
  region size 1024K, 2 young (2048K), 2 survivors (2048K)
 Metaspace       used 6742K, capacity 6929K, committed 7168K, reserved 1056768K
  class space    used 571K, capacity 650K, committed 768K, reserved 1048576K
}
Event: 2.199 GC heap before
{Heap before GC invocations=1 (full 0):
 garbage-first heap   total 260096K, used 115777K [0x0000000080000000, 0x0000000100000000)
  region size 1024K, 108 young (110592K), 2 survivors (2048K)
 Metaspace       used 20822K, capacity 21153K, committed 21296K, reserved 1069056K
  class space    used 2504K, capacity 2651K, committed 2688K, reserved 1048576K
}
Event: 2.208 GC heap after
{Heap after GC invocations=2 (full 0):
 garbage-first heap   total 260096K, used 16921K [0x0000000080000000, 0x0000000100000000)
  region size 1024K, 12 young (12288K), 12 survivors (12288K)
 Metaspace       used 20822K, capacity 21153K, committed 21296K, reserved 1069056K
  class space    used 2504K, capacity 2651K, committed 2688K, reserved 1048576K
}
Event: 2.401 GC heap before
{Heap before GC invocations=3 (full 0):
 garbage-first heap   total 260096K, used 40473K [0x0000000080000000, 0x0000000100000000)
  region size 1024K, 36 young (36864K), 12 survivors (12288K)
 Metaspace       used 23055K, capacity 23568K, committed 23856K, reserved 1071104K
  class space    used 2887K, capacity 3101K, committed 3200K, reserved 1048576K
}
Event: 2.407 GC heap after
{Heap after GC invocations=4 (full 0):
 garbage-first heap   total 260096K, used 18055K [0x0000000080000000, 0x0000000100000000)
  region size 1024K, 2 young (2048K), 2 survivors (2048K)
 Metaspace       used 23055K, capacity 23568K, committed 23856K, reserved 1071104K
  class space    used 2887K, capacity 3101K, committed 3200K, reserved 1048576K
}
Event: 3.148 GC heap before
{Heap before GC invocations=4 (full 0):
 garbage-first heap   total 260096K, used 87687K [0x0000000080000000, 0x0000000100000000)
  region size 1024K, 70 young (71680K), 2 survivors (2048K)
 Metaspace       used 29962K, capacity 30655K, committed 30896K, reserved 1075200K
  class space    used 3988K, capacity 4280K, committed 4352K, reserved 1048576K
}
Event: 3.152 GC heap after
{Heap after GC invocations=5 (full 0):
 garbage-first heap   total 260096K, used 19967K [0x0000000080000000, 0x0000000100000000)
  region size 1024K, 4 young (4096K), 4 survivors (4096K)
 Metaspace       used 29962K, capacity 30655K, committed 30896K, reserved 1075200K
  class space    used 3988K, capacity 4280K, committed 4352K, reserved 1048576K
}
Event: 3.528 GC heap before
{Heap before GC invocations=5 (full 0):
 garbage-first heap   total 260096K, used 47615K [0x0000000080000000, 0x0000000100000000)
  region size 1024K, 32 young (32768K), 4 survivors (4096K)
 Metaspace       used 34922K, capacity 35733K, committed 35888K, reserved 1081344K
  class space    used 4554K, capacity 4889K, committed 4992K, reserved 1048576K
}
Event: 3.535 GC heap after
{Heap after GC invocations=6 (full 0):
 garbage-first heap   total 260096K, used 22143K [0x0000000080000000, 0x0000000100000000)
  region size 1024K, 6 young (6144K), 6 survivors (6144K)
 Metaspace       used 34922K, capacity 35733K, committed 35888K, reserved 1081344K
  class space    used 4554K, capacity 4889K, committed 4992K, reserved 1048576K
}
Event: 4.747 GC heap before
{Heap before GC invocations=7 (full 0):
 garbage-first heap   total 260096K, used 147071K [0x0000000080000000, 0x0000000100000000)
  region size 1024K, 125 young (128000K), 6 survivors (6144K)
 Metaspace       used 45726K, capacity 46997K, committed 47080K, reserved 1089536K
  class space    used 5810K, capacity 6261K, committed 6272K, reserved 1048576K
}
Event: 4.765 GC heap after
{Heap after GC invocations=8 (full 0):
 garbage-first heap   total 260096K, used 30602K [0x0000000080000000, 0x0000000100000000)
  region size 1024K, 14 young (14336K), 14 survivors (14336K)
 Metaspace       used 45726K, capacity 46997K, committed 47080K, reserved 1089536K
  class space    used 5810K, capacity 6261K, committed 6272K, reserved 1048576K
}
Event: 6.895 GC heap before
{Heap before GC invocations=9 (full 0):
 garbage-first heap   total 260096K, used 172938K [0x0000000080000000, 0x0000000100000000)
  region size 1024K, 149 young (152576K), 14 survivors (14336K)
 Metaspace       used 58867K, capacity 60387K, committed 60648K, reserved 1101824K
  class space    used 7456K, capacity 7997K, committed 8064K, reserved 1048576K
}
Event: 6.919 GC heap after
{Heap after GC invocations=10 (full 0):
 garbage-first heap   total 260096K, used 46311K [0x0000000080000000, 0x0000000100000000)
  region size 1024K, 19 young (19456K), 19 survivors (19456K)
 Metaspace       used 58867K, capacity 60387K, committed 60648K, reserved 1101824K
  class space    used 7456K, capacity 7997K, committed 8064K, reserved 1048576K
}
Event: 8.385 GC heap before
{Heap before GC invocations=10 (full 0):
 garbage-first heap   total 260096K, used 190695K [0x0000000080000000, 0x0000000100000000)
  region size 1024K, 152 young (155648K), 19 survivors (19456K)
 Metaspace       used 72293K, capacity 73995K, committed 74216K, reserved 1114112K
  class space    used 9119K, capacity 9734K, committed 9856K, reserved 1048576K
}
Event: 8.405 GC heap after
{Heap after GC invocations=11 (full 0):
 garbage-first heap   total 260096K, used 56242K [0x0000000080000000, 0x0000000100000000)
  region size 1024K, 10 young (10240K), 10 survivors (10240K)
 Metaspace       used 72293K, capacity 73995K, committed 74216K, reserved 1114112K
  class space    used 9119K, capacity 9734K, committed 9856K, reserved 1048576K
}
Event: 9.009 GC heap before
{Heap before GC invocations=11 (full 0):
 garbage-first heap   total 260096K, used 129970K [0x0000000080000000, 0x0000000100000000)
  region size 1024K, 83 young (84992K), 10 survivors (10240K)
 Metaspace       used 76879K, capacity 78651K, committed 78824K, reserved 1118208K
  class space    used 9874K, capacity 10514K, committed 10624K, reserved 1048576K
}
Event: 9.032 GC heap after
{Heap after GC invocations=12 (full 0):
 garbage-first heap   total 312320K, used 60338K [0x0000000080000000, 0x0000000100000000)
  region size 1024K, 14 young (14336K), 14 survivors (14336K)
 Metaspace       used 76879K, capacity 78651K, committed 78824K, reserved 1118208K
  class space    used 9874K, capacity 10514K, committed 10624K, reserved 1048576K
}
Event: 15.818 GC heap before
{Heap before GC invocations=13 (full 0):
 garbage-first heap   total 312320K, used 222130K [0x0000000080000000, 0x0000000100000000)
  region size 1024K, 173 young (177152K), 14 survivors (14336K)
 Metaspace       used 90513K, capacity 92759K, committed 92924K, reserved 1130496K
  class space    used 11434K, capacity 12236K, committed 12288K, reserved 1048576K
}
Event: 15.882 GC heap after
{Heap after GC invocations=14 (full 0):
 garbage-first heap   total 312320K, used 72361K [0x0000000080000000, 0x0000000100000000)
  region size 1024K, 17 young (17408K), 17 survivors (17408K)
 Metaspace       used 90513K, capacity 92759K, committed 92924K, reserved 1130496K
  class space    used 11434K, capacity 12236K, committed 12288K, reserved 1048576K
}

Deoptimization events (20 events):
Event: 16.845 Thread 0x000001914566b000 Uncommon trap: trap_request=0xffffffbe fr.pc=0x000001913400fdcc relative=0x0000000000000cac
Event: 16.845 Thread 0x000001914566b000 Uncommon trap: reason=profile_predicate action=maybe_recompile pc=0x000001913400fdcc method=org.gradle.tooling.internal.provider.runner.ClientBuildEventGenerator.started(Lorg/gradle/internal/operations/BuildOperationDescriptor;Lorg/gradle/internal/operati
Event: 16.845 Thread 0x000001914566b000 DEOPT PACKING pc=0x000001913400fdcc sp=0x00000061453f91a0
Event: 16.845 Thread 0x000001914566b000 DEOPT UNPACKING pc=0x000001912c0ba1a9 sp=0x00000061453f9158 mode 2
Event: 16.858 Thread 0x00000191446ee800 Uncommon trap: trap_request=0xffffffde fr.pc=0x0000019133c4dea8 relative=0x00000000000002e8
Event: 16.858 Thread 0x00000191446ee800 Uncommon trap: reason=class_check action=maybe_recompile pc=0x0000019133c4dea8 method=java.util.Collections$SetFromMap.remove(Ljava/lang/Object;)Z @ 5 c2
Event: 16.858 Thread 0x00000191446ee800 DEOPT PACKING pc=0x0000019133c4dea8 sp=0x00000061498fd9c0
Event: 16.858 Thread 0x00000191446ee800 DEOPT UNPACKING pc=0x000001912c0ba1a9 sp=0x00000061498fd9b8 mode 2
Event: 16.862 Thread 0x00000191446ee800 Uncommon trap: trap_request=0xffffffde fr.pc=0x0000019133ce74f4 relative=0x00000000000002b4
Event: 16.862 Thread 0x00000191446ee800 Uncommon trap: reason=class_check action=maybe_recompile pc=0x0000019133ce74f4 method=java.util.stream.StreamOpFlag.fromCharacteristics(Ljava/util/Spliterator;)I @ 14 c2
Event: 16.862 Thread 0x00000191446ee800 DEOPT PACKING pc=0x0000019133ce74f4 sp=0x00000061498fd300
Event: 16.862 Thread 0x00000191446ee800 DEOPT UNPACKING pc=0x000001912c0ba1a9 sp=0x00000061498fd1e8 mode 2
Event: 17.047 Thread 0x00000191446ee800 Uncommon trap: trap_request=0xffffff4d fr.pc=0x0000019133fcec1c relative=0x00000000000001dc
Event: 17.047 Thread 0x00000191446ee800 Uncommon trap: reason=unstable_if action=reinterpret pc=0x0000019133fcec1c method=com.google.common.collect.RegularImmutableSet.contains(Ljava/lang/Object;)Z @ 10 c2
Event: 17.047 Thread 0x00000191446ee800 DEOPT PACKING pc=0x0000019133fcec1c sp=0x00000061498f9dc0
Event: 17.047 Thread 0x00000191446ee800 DEOPT UNPACKING pc=0x000001912c0ba1a9 sp=0x00000061498f9d58 mode 2
Event: 27.066 Thread 0x00000191446ee800 Uncommon trap: trap_request=0xffffffc6 fr.pc=0x0000019133ce2dd0 relative=0x00000000000008f0
Event: 27.066 Thread 0x00000191446ee800 Uncommon trap: reason=bimorphic_or_optimized_type_check action=maybe_recompile pc=0x0000019133ce2dd0 method=java.lang.Throwable.<init>(Ljava/lang/String;Ljava/lang/Throwable;)V @ 24 c2
Event: 27.066 Thread 0x00000191446ee800 DEOPT PACKING pc=0x0000019133ce2dd0 sp=0x00000061498fb030
Event: 27.066 Thread 0x00000191446ee800 DEOPT UNPACKING pc=0x000001912c0ba1a9 sp=0x00000061498faff8 mode 2

Classes redefined (0 events):
No events

Internal exceptions (20 events):
Event: 16.832 Thread 0x000001914566b000 Exception <a 'java/lang/ClassNotFoundException'{0x000000008d696788}: com/android/build/gradle/tasks/PackageApplication_DecoratedCustomizer> (0x000000008d696788) thrown at [src/hotspot/share/classfile/systemDictionary.cpp, line 230]
Event: 16.835 Thread 0x000001914566b000 Exception <a 'java/lang/ClassNotFoundException'{0x000000008d58b038}: com/android/build/gradle/internal/tasks/ListingFileRedirectTask_DecoratedBeanInfo> (0x000000008d58b038) thrown at [src/hotspot/share/classfile/systemDictionary.cpp, line 230]
Event: 16.835 Thread 0x000001914566b000 Exception <a 'java/lang/ClassNotFoundException'{0x000000008d5a8648}: com/android/build/gradle/internal/tasks/ListingFileRedirectTaskBeanInfo> (0x000000008d5a8648) thrown at [src/hotspot/share/classfile/systemDictionary.cpp, line 230]
Event: 16.836 Thread 0x000001914566b000 Exception <a 'java/lang/ClassNotFoundException'{0x000000008d5c5ca0}: com/android/build/gradle/internal/tasks/ListingFileRedirectTaskCustomizer> (0x000000008d5c5ca0) thrown at [src/hotspot/share/classfile/systemDictionary.cpp, line 230]
Event: 16.836 Thread 0x000001914566b000 Exception <a 'java/lang/ClassNotFoundException'{0x000000008d5f6f68}: com/android/build/gradle/internal/tasks/ListingFileRedirectTask_DecoratedCustomizer> (0x000000008d5f6f68) thrown at [src/hotspot/share/classfile/systemDictionary.cpp, line 230]
Event: 16.845 Thread 0x000001914566b000 Implicit null exception at 0x000001913400f366 to 0x000001913400fdb4
Event: 16.845 Thread 0x000001914566b000 Implicit null exception at 0x000001913400f366 to 0x000001913400fdb4
Event: 16.845 Thread 0x000001914566b000 Implicit null exception at 0x000001913400f366 to 0x000001913400fdb4
Event: 16.854 Thread 0x000001914566b000 Exception <a 'sun/nio/fs/WindowsException'{0x000000008d322868}> (0x000000008d322868) thrown at [src/hotspot/share/prims/jni.cpp, line 617]
Event: 16.910 Thread 0x00000191446ee800 Exception <a 'java/lang/IncompatibleClassChangeError'{0x000000008d16b200}: Found class java.lang.Object, but interface was expected> (0x000000008d16b200) thrown at [src/hotspot/share/interpreter/linkResolver.cpp, line 839]
Event: 16.931 Thread 0x00000191446ee800 Exception <a 'java/lang/NoSuchMethodError'{0x000000008d0fe8c8}: 'int java.lang.invoke.DirectMethodHandle$Holder.invokeStaticInit(java.lang.Object, java.lang.Object, java.lang.Object, java.lang.Object, java.lang.Object)'> (0x000000008d0fe8c8) thrown at [src/hotspot/share/interpreter/linkResolver.cpp, line 773]
Event: 16.956 Thread 0x00000191446ee800 Exception <a 'sun/nio/fs/WindowsException'{0x000000008cfeb120}> (0x000000008cfeb120) thrown at [src/hotspot/share/prims/jni.cpp, line 617]
Event: 16.956 Thread 0x00000191446ee800 Exception <a 'sun/nio/fs/WindowsException'{0x000000008cfec230}> (0x000000008cfec230) thrown at [src/hotspot/share/prims/jni.cpp, line 617]
Event: 17.047 Thread 0x00000191446ee800 Implicit null exception at 0x0000019133fcea77 to 0x0000019133fcec04
Event: 22.055 Thread 0x00000191446ee800 Exception <a 'net/rubygrapefruit/platform/NativeException'{0x000000008cd0a4b0}: Execution timed out> (0x000000008cd0a4b0) thrown at [src/hotspot/share/prims/jni.cpp, line 638]
Event: 27.066 Thread 0x00000191446ee800 Exception <a 'net/rubygrapefruit/platform/NativeException'{0x000000008cd6ae28}: Execution timed out> (0x000000008cd6ae28) thrown at [src/hotspot/share/prims/jni.cpp, line 638]
Event: 27.075 Thread 0x000001914371a000 Exception <a 'java/lang/NoSuchMethodError'{0x0000000093016738}: <clinit>> (0x0000000093016738) thrown at [src/hotspot/share/prims/jni.cpp, line 1367]
Event: 27.078 Thread 0x000001914371a000 Exception <a 'java/lang/NoSuchMethodError'{0x000000008cbb81e8}: <clinit>> (0x000000008cbb81e8) thrown at [src/hotspot/share/prims/jni.cpp, line 1367]
Event: 27.102 Thread 0x000001914371a000 Exception <a 'java/lang/NoSuchMethodError'{0x000000008ca6a410}: <clinit>> (0x000000008ca6a410) thrown at [src/hotspot/share/prims/jni.cpp, line 1367]
Event: 27.115 Thread 0x00000191446f1800 Exception <a 'java/lang/NoSuchMethodError'{0x000000008caffd08}: 'int java.lang.invoke.DirectMethodHandle$Holder.invokeSpecial(java.lang.Object, java.lang.Object, java.lang.Object, java.lang.Object, java.lang.Object)'> (0x000000008caffd08) thrown at [src/hotspot/share/interpreter/linkResolver.cpp, line 773]

Events (20 events):
Event: 27.138 Executing VM operation: RevokeBias
Event: 27.138 Executing VM operation: RevokeBias done
Event: 27.139 loading class org/gradle/internal/snapshot/ChildMap
Event: 27.139 loading class org/gradle/internal/snapshot/ChildMap done
Event: 27.139 loading class org/gradle/internal/snapshot/ChildMap
Event: 27.139 loading class org/gradle/internal/snapshot/ChildMap done
Event: 27.139 loading class org/gradle/internal/snapshot/AbstractInvalidateChildHandler
Event: 27.139 loading class org/gradle/internal/snapshot/AbstractInvalidateChildHandler done
Event: 27.140 loading class org/gradle/internal/snapshot/ChildMap
Event: 27.140 loading class org/gradle/internal/snapshot/ChildMap done
Event: 27.140 loading class org/gradle/internal/snapshot/ChildMap
Event: 27.140 loading class org/gradle/internal/snapshot/ChildMap done
Event: 27.140 loading class org/gradle/internal/snapshot/AbstractInvalidateChildHandler
Event: 27.140 loading class org/gradle/internal/snapshot/AbstractInvalidateChildHandler done
Event: 27.140 Executing VM operation: RevokeBias
Event: 27.140 Executing VM operation: RevokeBias done
Event: 27.140 Executing VM operation: RevokeBias
Event: 27.140 Executing VM operation: RevokeBias done
Event: 27.140 Executing VM operation: RevokeBias
Event: 27.140 Executing VM operation: RevokeBias done


Dynamic libraries:
0x00007ff7d2210000 - 0x00007ff7d221a000 	C:\Program Files\Android\Android Studio\jbr\bin\java.exe
0x00007fff257b0000 - 0x00007fff259a6000 	C:\Windows\SYSTEM32\ntdll.dll
0x00007fff25600000 - 0x00007fff256bd000 	C:\Windows\System32\KERNEL32.DLL
0x00007fff23040000 - 0x00007fff23309000 	C:\Windows\System32\KERNELBASE.dll
0x00007fff22ef0000 - 0x00007fff22ff0000 	C:\Windows\System32\ucrtbase.dll
0x00007fff10030000 - 0x00007fff1004b000 	C:\Program Files\Android\Android Studio\jbr\bin\VCRUNTIME140.dll
0x00007fff10460000 - 0x00007fff10477000 	C:\Program Files\Android\Android Studio\jbr\bin\jli.dll
0x00007fff249f0000 - 0x00007fff24b90000 	C:\Windows\System32\USER32.dll
0x00007fff23370000 - 0x00007fff23392000 	C:\Windows\System32\win32u.dll
0x00007fff251d0000 - 0x00007fff251fa000 	C:\Windows\System32\GDI32.dll
0x00007fff235a0000 - 0x00007fff236ab000 	C:\Windows\System32\gdi32full.dll
0x00007fff233a0000 - 0x00007fff2343d000 	C:\Windows\System32\msvcp_win.dll
0x00007fff152b0000 - 0x00007fff1554b000 	C:\Windows\WinSxS\amd64_microsoft.windows.common-controls_6595b64144ccf1df_6.0.19041.746_none_ca02b4b61b8320a4\COMCTL32.dll
0x00007fff24580000 - 0x00007fff2461e000 	C:\Windows\System32\msvcrt.dll
0x00007fff24550000 - 0x00007fff24580000 	C:\Windows\System32\IMM32.DLL
0x00007ffef4d60000 - 0x00007ffef4dbb000 	C:\ProgramData\Microsoft\DbgCtr\XShellDLL64_6015.dll
0x00007fff24100000 - 0x00007fff241ac000 	C:\Windows\System32\ADVAPI32.dll
0x00007fff25560000 - 0x00007fff255fc000 	C:\Windows\System32\sechost.dll
0x00007fff24390000 - 0x00007fff244bb000 	C:\Windows\System32\RPCRT4.dll
0x00007fff239b0000 - 0x00007fff240f2000 	C:\Windows\System32\SHELL32.dll
0x00007fff1eaf0000 - 0x00007fff1eafc000 	C:\Program Files\Android\Android Studio\jbr\bin\vcruntime140_1.dll
0x00007fff0ffa0000 - 0x00007fff1002d000 	C:\Program Files\Android\Android Studio\jbr\bin\msvcp140.dll
0x00007ffeb8ff0000 - 0x00007ffeb9bac000 	C:\Program Files\Android\Android Studio\jbr\bin\server\jvm.dll
0x00007fff24620000 - 0x00007fff24628000 	C:\Windows\System32\PSAPI.DLL
0x00007fff0cba0000 - 0x00007fff0cba9000 	C:\Windows\SYSTEM32\WSOCK32.dll
0x00007fff244e0000 - 0x00007fff2454b000 	C:\Windows\System32\WS2_32.dll
0x00007ffefdea0000 - 0x00007ffefdec7000 	C:\Windows\SYSTEM32\WINMM.dll
0x00007fff216e0000 - 0x00007fff216ea000 	C:\Windows\SYSTEM32\VERSION.dll
0x00007fff217e0000 - 0x00007fff217f2000 	C:\Windows\SYSTEM32\kernel.appcore.dll
0x00007fff1eae0000 - 0x00007fff1eaf0000 	C:\Program Files\Android\Android Studio\jbr\bin\verify.dll
0x00007fff073a0000 - 0x00007fff07584000 	C:\Windows\SYSTEM32\DBGHELP.DLL
0x00007fff07370000 - 0x00007fff0739c000 	C:\Windows\SYSTEM32\dbgcore.DLL
0x00007fff23470000 - 0x00007fff234f0000 	C:\Windows\System32\bcryptPrimitives.dll
0x00007fff04d50000 - 0x00007fff04d78000 	C:\Program Files\Android\Android Studio\jbr\bin\java.dll
0x00007fff111f0000 - 0x00007fff111fa000 	C:\Program Files\Android\Android Studio\jbr\bin\jimage.dll
0x00007fff0fa90000 - 0x00007fff0faa8000 	C:\Program Files\Android\Android Studio\jbr\bin\zip.dll
0x00007fff20ea0000 - 0x00007fff21630000 	C:\Windows\SYSTEM32\windows.storage.dll
0x00007fff25200000 - 0x00007fff25556000 	C:\Windows\System32\combase.dll
0x00007fff22950000 - 0x00007fff2297c000 	C:\Windows\SYSTEM32\Wldp.dll
0x00007fff24c50000 - 0x00007fff24cfe000 	C:\Windows\System32\SHCORE.dll
0x00007fff25170000 - 0x00007fff251c5000 	C:\Windows\System32\shlwapi.dll
0x00007fff22e20000 - 0x00007fff22e46000 	C:\Windows\SYSTEM32\profapi.dll
0x00007fff04d30000 - 0x00007fff04d49000 	C:\Program Files\Android\Android Studio\jbr\bin\net.dll
0x00007fff16b60000 - 0x00007fff16c60000 	C:\Windows\SYSTEM32\WINHTTP.dll
0x00007fff22660000 - 0x00007fff226ca000 	C:\Windows\system32\mswsock.dll
0x00007fff04d10000 - 0x00007fff04d23000 	C:\Program Files\Android\Android Studio\jbr\bin\nio.dll
0x00007ffeeb260000 - 0x00007ffeeb287000 	C:\Users\it_04\.gradle\native\e1d6ef7f7dcc3fd88c89a11ec53ec762bb8ba0a96d01ffa2cd45eb1d1d8dd5c5\windows-amd64\native-platform.dll
0x00007ffeb1c00000 - 0x00007ffeb1d44000 	C:\Users\it_04\.gradle\native\0d407fdbe67a94daf76414ababcb853783967236a71b16ec16e742cd7a986fd3\windows-amd64\native-platform-file-events.dll
0x00007fff10980000 - 0x00007fff1098a000 	C:\Program Files\Android\Android Studio\jbr\bin\management.dll
0x00007fff10840000 - 0x00007fff1084b000 	C:\Program Files\Android\Android Studio\jbr\bin\management_ext.dll
0x00007fff22830000 - 0x00007fff22848000 	C:\Windows\SYSTEM32\CRYPTSP.dll
0x00007fff22000000 - 0x00007fff22034000 	C:\Windows\system32\rsaenh.dll
0x00007fff23440000 - 0x00007fff23467000 	C:\Windows\System32\bcrypt.dll
0x00007fff22da0000 - 0x00007fff22dce000 	C:\Windows\SYSTEM32\USERENV.dll
0x00007fff22850000 - 0x00007fff2285c000 	C:\Windows\SYSTEM32\CRYPTBASE.dll
0x00007fff22350000 - 0x00007fff2238b000 	C:\Windows\SYSTEM32\IPHLPAPI.DLL
0x00007fff241b0000 - 0x00007fff241b8000 	C:\Windows\System32\NSI.dll
0x00007fff1d9c0000 - 0x00007fff1d9d7000 	C:\Windows\SYSTEM32\dhcpcsvc6.DLL
0x00007fff1d9a0000 - 0x00007fff1d9bd000 	C:\Windows\SYSTEM32\dhcpcsvc.DLL
0x00007fff22390000 - 0x00007fff2245b000 	C:\Windows\SYSTEM32\DNSAPI.dll
0x00007fff03540000 - 0x00007fff03567000 	C:\Program Files\Android\Android Studio\jbr\bin\sunec.dll
0x00007fff16710000 - 0x00007fff1671a000 	C:\Windows\System32\rasadhlp.dll
0x00007fff1d7f0000 - 0x00007fff1d86f000 	C:\Windows\System32\fwpuclnt.dll

dbghelp: loaded successfully - version: 4.0.5 - missing functions: none
symbol engine: initialized successfully - sym options: 0x614 - pdb path: .;C:\Program Files\Android\Android Studio\jbr\bin;C:\Windows\SYSTEM32;C:\Windows\WinSxS\amd64_microsoft.windows.common-controls_6595b64144ccf1df_6.0.19041.746_none_ca02b4b61b8320a4;C:\ProgramData\Microsoft\DbgCtr;C:\Program Files\Android\Android Studio\jbr\bin\server;C:\Users\it_04\.gradle\native\e1d6ef7f7dcc3fd88c89a11ec53ec762bb8ba0a96d01ffa2cd45eb1d1d8dd5c5\windows-amd64;C:\Users\it_04\.gradle\native\0d407fdbe67a94daf76414ababcb853783967236a71b16ec16e742cd7a986fd3\windows-amd64

VM Arguments:
jvm_args: --add-opens=java.base/java.util=ALL-UNNAMED --add-opens=java.base/java.lang=ALL-UNNAMED --add-opens=java.base/java.lang.invoke=ALL-UNNAMED --add-opens=java.base/java.util=ALL-UNNAMED --add-opens=java.prefs/java.util.prefs=ALL-UNNAMED --add-opens=java.prefs/java.util.prefs=ALL-UNNAMED --add-opens=java.base/java.nio.charset=ALL-UNNAMED --add-opens=java.base/java.net=ALL-UNNAMED --add-opens=java.base/java.util.concurrent.atomic=ALL-UNNAMED -Xmx2048m -Dfile.encoding=UTF-8 -Duser.country=US -Duser.language=en -Duser.variant 
java_command: org.gradle.launcher.daemon.bootstrap.GradleDaemon 7.5
java_class_path (initial): C:\Users\it_04\.gradle\wrapper\dists\gradle-7.5-bin\f1w0cc9nuo0eivz97x2xlu9sv\gradle-7.5\lib\gradle-launcher-7.5.jar
Launcher Type: SUN_STANDARD

[Global flags]
     intx CICompilerCount                          = 3                                         {product} {ergonomic}
     uint ConcGCThreads                            = 1                                         {product} {ergonomic}
     uint G1ConcRefinementThreads                  = 4                                         {product} {ergonomic}
   size_t G1HeapRegionSize                         = 1048576                                   {product} {ergonomic}
    uintx GCDrainStackTargetSize                   = 64                                        {product} {ergonomic}
   size_t InitialHeapSize                          = 266338304                                 {product} {ergonomic}
   size_t MarkStackSize                            = 4194304                                   {product} {ergonomic}
   size_t MaxHeapSize                              = 2147483648                                {product} {command line}
   size_t MaxNewSize                               = 1287651328                                {product} {ergonomic}
   size_t MinHeapDeltaBytes                        = 1048576                                   {product} {ergonomic}
    uintx NonNMethodCodeHeapSize                   = 5830732                                {pd product} {ergonomic}
    uintx NonProfiledCodeHeapSize                  = 122913754                              {pd product} {ergonomic}
    uintx ProfiledCodeHeapSize                     = 122913754                              {pd product} {ergonomic}
    uintx ReservedCodeCacheSize                    = 251658240                              {pd product} {ergonomic}
     bool SegmentedCodeCache                       = true                                      {product} {ergonomic}
     bool UseCompressedClassPointers               = true                                 {lp64_product} {ergonomic}
     bool UseCompressedOops                        = true                                 {lp64_product} {ergonomic}
     bool UseG1GC                                  = true                                      {product} {ergonomic}
     bool UseLargePagesIndividualAllocation        = false                                  {pd product} {ergonomic}

Logging:
Log output configuration:
 #0: stdout all=warning uptime,level,tags
 #1: stderr all=off uptime,level,tags

Environment Variables:
PATH=D:\app\it_07\product\11.2.0\client_1\bin;C:\Windows\system32;C:\Windows;C:\Windows\System32\Wbem;C:\Windows\System32\WindowsPowerShell\v1.0\;C:\Windows\System32\OpenSSH\;C:\Program Files\dotnet\;C:\Program Files\Git\cmd;C:\Users\it_04\AppData\Local\Microsoft\WindowsApps;C:\Users\it_04\.dotnet\tools
USERNAME=it_04
OS=Windows_NT
PROCESSOR_IDENTIFIER=Intel64 Family 6 Model 165 Stepping 3, GenuineIntel



---------------  S Y S T E M  ---------------

OS: Windows 10 , 64 bit Build 19041 (10.0.19041.804)
OS uptime: 0 days 1:56 hours

CPU:total 4 (initial active 4) (2 cores per cpu, 2 threads per core) family 6 model 165 stepping 3 microcode 0xe0, cmov, cx8, fxsr, mmx, sse, sse2, sse3, ssse3, sse4.1, sse4.2, popcnt, aes, clmul, erms, 3dnowpref, lzcnt, ht, tsc, tscinvbit

Memory: 4k page, system-wide physical 16242M (7697M free)
TotalPageFile size 18674M (AvailPageFile size 9722M)
current process WorkingSet (physical memory assigned to process): 513M, peak: 551M
current process commit charge ("private bytes"): 580M, peak: 609M

vm_info: OpenJDK 64-Bit Server VM (11.0.15+0-b2043.56-9505619) for windows-amd64 JRE (11.0.15+0-b2043.56-9505619), built on Jan 19 2023 02:48:00 by "builduser" with unknown MS VC++:1929

END.
