#
# A fatal error has been detected by the Java Runtime Environment:
#
#  EXCEPTION_ACCESS_VIOLATION (0xc0000005) at pc=0x00007ffe1d881820, pid=12228, tid=5240
#
# JRE version: OpenJDK Runtime Environment Corretto-11.0.18.10.1 (11.0.18+10) (build 11.0.18+10-LTS)
# Java VM: OpenJDK 64-Bit Server VM Corretto-11.0.18.10.1 (11.0.18+10-LTS, mixed mode, tiered, compressed oops, g1 gc, windows-amd64)
# Problematic frame:
# C  [native-platform-file-events.dll+0xf1820]
#
# No core dump will be written. Minidumps are not enabled by default on client versions of Windows
#
# If you would like to submit a bug report, please visit:
#   https://github.com/corretto/corretto-11/issues/
# The crash happened outside the Java Virtual Machine in native code.
# See problematic frame for where to report the bug.
#

---------------  S U M M A R Y ------------

Command Line: --add-opens=java.base/java.util=ALL-UNNAMED --add-opens=java.base/java.lang=ALL-UNNAMED --add-opens=java.base/java.lang.invoke=ALL-UNNAMED --add-opens=java.base/java.util=ALL-UNNAMED --add-opens=java.prefs/java.util.prefs=ALL-UNNAMED --add-opens=java.prefs/java.util.prefs=ALL-UNNAMED --add-opens=java.base/java.nio.charset=ALL-UNNAMED --add-opens=java.base/java.net=ALL-UNNAMED --add-opens=java.base/java.util.concurrent.atomic=ALL-UNNAMED -Xmx2048m -Dfile.encoding=UTF-8 -Duser.country=US -Duser.language=en -Duser.variant org.gradle.launcher.daemon.bootstrap.GradleDaemon 7.5

Host: Intel(R) Pentium(R) Gold G6400 CPU @ 4.00GHz, 4 cores, 15G,  Windows 10 , 64 bit Build 19041 (10.0.19041.804)
Time: Fri Mar 24 08:28:31 2023 SE Asia Standard Time elapsed time: 106.423697 seconds (0d 0h 1m 46s)

---------------  T H R E A D  ---------------

Current thread (0x0000016240dfe800):  JavaThread "File watcher server" daemon [_thread_in_native, id=5240, stack(0x0000002fc8c00000,0x0000002fc8d00000)]

Stack: [0x0000002fc8c00000,0x0000002fc8d00000],  sp=0x0000002fc8cfe818,  free space=1018k
Native frames: (J=compiled Java code, j=interpreted, Vv=VM code, C=native code)
C  [native-platform-file-events.dll+0xf1820]

Java frames: (J=compiled Java code, j=interpreted, Vv=VM code)
j  net.rubygrapefruit.platform.internal.jni.AbstractFileEventFunctions$NativeFileWatcher.executeRunLoop0(Ljava/lang/Object;)V+0
j  net.rubygrapefruit.platform.internal.jni.AbstractFileEventFunctions$NativeFileWatcher.access$100(Lnet/rubygrapefruit/platform/internal/jni/AbstractFileEventFunctions$NativeFileWatcher;Ljava/lang/Object;)V+2
j  net.rubygrapefruit.platform.internal.jni.AbstractFileEventFunctions$NativeFileWatcher$1.run()V+26
v  ~StubRoutines::call_stub

siginfo: EXCEPTION_ACCESS_VIOLATION (0xc0000005), reading address 0xffffffffffffffff


Register to memory mapping:

RIP=0x00007ffe1d881820 native-platform-file-events.dll
RAX=0xf045c748f0658b48 is an unknown value
RBX=0x0 is NULL
RCX=0x0000002fcc7fa938 is pointing into the stack for thread: 0x0000016244b17000
RDX=0x0 is NULL
RSP=0x0000002fc8cfe818 is pointing into the stack for thread: 0x0000016240dfe800
RBP=0x0000002fc8cff1e8 is pointing into the stack for thread: 0x0000016240dfe800
RSI=0x0000002fcc7fa930 is pointing into the stack for thread: 0x0000016244b17000
RDI=0x0000002fcc7fa8f0 is pointing into the stack for thread: 0x0000016244b17000
R8 =0x000001621da27ec0 points into unknown readable memory: 0x000001621da20d50 | 50 0d a2 1d 62 01 00 00
R9 =0x0000000000000001 is an unknown value
R10=0x0000000000008000 is an unknown value
R11=0x0000002fc8cfe4d0 is pointing into the stack for thread: 0x0000016240dfe800
R12=0x0 is NULL
R13={method} {0x00000162441d3270} 'executeRunLoop0' '(Ljava/lang/Object;)V' in 'net/rubygrapefruit/platform/internal/jni/AbstractFileEventFunctions$NativeFileWatcher'
R14=0x0 is NULL
R15=0x0000016240dfe800 is a thread


Registers:
RAX=0xf045c748f0658b48, RBX=0x0000000000000000, RCX=0x0000002fcc7fa938, RDX=0x0000000000000000
RSP=0x0000002fc8cfe818, RBP=0x0000002fc8cff1e8, RSI=0x0000002fcc7fa930, RDI=0x0000002fcc7fa8f0
R8 =0x000001621da27ec0, R9 =0x0000000000000001, R10=0x0000000000008000, R11=0x0000002fc8cfe4d0
R12=0x0000000000000000, R13=0x00000162441d3268, R14=0x0000000000000000, R15=0x0000016240dfe800
RIP=0x00007ffe1d881820, EFLAGS=0x0000000000010206

Top of Stack: (sp=0x0000002fc8cfe818)
0x0000002fc8cfe818:   00007ffe1d7d63b9 0000002fc8cfe820
0x0000002fc8cfe828:   0000000000000000 0000002fc8cfe890
0x0000002fc8cfe838:   00007ffe1d7b3133 0000016244c65c28
0x0000002fc8cfe848:   00000000803215e0 00007a8cc47aae92
0x0000002fc8cfe858:   00007ffe1d7bda83 0000002fc8cff210
0x0000002fc8cfe868:   0000002fcc7fa8f0 00007ffe1d7af150
0x0000002fc8cfe878:   00007ffe1d7c709b 0000002fcc7fa930
0x0000002fc8cfe888:   00007ffe1d7957b3 0000000000000000
0x0000002fc8cfe898:   00007ffe1d7bbfae 0000016244c65c20
0x0000002fc8cfe8a8:   00007ffe1d7b92a6 0000002fcc7fa930
0x0000002fc8cfe8b8:   0000000000000000 0000016244c65c20
0x0000002fc8cfe8c8:   000001623e50fd50 0000000000000000
0x0000002fc8cfe8d8:   00007ffe1d7c64c2 0000002fc8cfe920
0x0000002fc8cfe8e8:   0000002fcc7fa930 00007ffe1d7957b3
0x0000002fc8cfe8f8:   0000000000000000 00000000806a7e01
0x0000002fc8cfe908:   000000008c4772f0 00000000806a7dc0 

Instructions: (pc=0x00007ffe1d881820)
0x00007ffe1d881720:   cc cc cc cc cc cc cc cc cc cc cc cc cc cc cc cc
0x00007ffe1d881730:   cc cc cc cc cc cc cc cc cc cc cc cc cc cc cc cc
0x00007ffe1d881740:   cc cc cc cc cc cc cc cc cc cc cc cc cc cc cc cc
0x00007ffe1d881750:   cc cc cc cc cc cc cc cc cc cc cc cc cc cc cc cc
0x00007ffe1d881760:   cc cc cc cc cc cc cc cc cc cc cc cc cc cc cc cc
0x00007ffe1d881770:   cc cc cc cc cc cc cc cc cc cc cc cc cc cc cc cc
0x00007ffe1d881780:   cc cc cc cc cc cc cc cc cc cc cc cc cc cc cc cc
0x00007ffe1d881790:   cc cc cc cc cc cc cc cc cc cc cc cc cc cc cc cc
0x00007ffe1d8817a0:   cc cc cc cc cc cc cc cc cc cc cc cc cc cc cc cc
0x00007ffe1d8817b0:   cc cc cc cc cc cc cc cc cc cc cc cc cc cc cc cc
0x00007ffe1d8817c0:   cc cc cc cc cc cc cc cc cc cc cc cc cc cc cc cc
0x00007ffe1d8817d0:   cc cc cc cc cc cc cc cc cc cc cc cc cc cc cc cc
0x00007ffe1d8817e0:   cc cc cc cc cc cc cc cc cc cc cc cc cc cc cc cc
0x00007ffe1d8817f0:   cc cc cc cc cc cc cc cc cc cc cc cc cc cc cc cc
0x00007ffe1d881800:   cc cc cc cc cc cc cc cc cc cc cc cc cc cc cc cc
0x00007ffe1d881810:   cc cc cc cc cc cc 66 66 0f 1f 84 00 00 00 00 00
0x00007ffe1d881820:   ff e0 cc cc cc cc cc cc cc cc cc cc cc cc cc cc
0x00007ffe1d881830:   cc cc cc cc cc cc 66 66 0f 1f 84 00 00 00 00 00
0x00007ffe1d881840:   ff 25 da e7 04 00 cc cc cc cc cc cc cc cc cc cc
0x00007ffe1d881850:   cc cc cc cc cc cc cc cc cc cc cc cc cc cc cc cc
0x00007ffe1d881860:   cc cc cc cc cc cc cc cc cc cc cc cc cc cc cc cc
0x00007ffe1d881870:   cc cc cc cc cc cc cc cc cc cc cc cc cc cc cc cc
0x00007ffe1d881880:   cc cc cc cc cc cc cc cc cc cc cc cc cc cc cc cc
0x00007ffe1d881890:   cc cc cc cc cc cc cc cc cc cc cc cc cc cc cc cc
0x00007ffe1d8818a0:   cc cc cc cc cc cc cc cc cc cc cc cc cc cc cc cc
0x00007ffe1d8818b0:   cc cc cc cc cc cc cc cc cc cc cc cc cc cc cc cc
0x00007ffe1d8818c0:   cc cc cc cc cc cc cc cc cc cc cc cc cc cc cc cc
0x00007ffe1d8818d0:   cc cc cc cc cc cc cc cc cc cc cc cc cc cc cc cc
0x00007ffe1d8818e0:   cc cc cc cc cc cc cc cc cc cc cc cc cc cc cc cc
0x00007ffe1d8818f0:   cc cc cc cc cc cc cc cc cc cc cc cc cc cc cc cc
0x00007ffe1d881900:   cc cc cc cc cc cc cc cc cc cc cc cc cc cc cc cc
0x00007ffe1d881910:   cc cc cc cc cc cc cc cc cc cc cc cc cc cc cc cc 


Stack slot to memory mapping:
stack at sp + 0 slots: 0x00007ffe1d7d63b9 native-platform-file-events.dll
stack at sp + 1 slots: 0x0000002fc8cfe820 is pointing into the stack for thread: 0x0000016240dfe800
stack at sp + 2 slots: 0x0 is NULL
stack at sp + 3 slots: 0x0000002fc8cfe890 is pointing into the stack for thread: 0x0000016240dfe800
stack at sp + 4 slots: 0x00007ffe1d7b3133 native-platform-file-events.dll
stack at sp + 5 slots: 0x0000016244c65c28 points into unknown readable memory: 0x617265704f646c69 | 69 6c 64 4f 70 65 72 61
stack at sp + 6 slots: 0x00000000803215e0 is an oop: java.lang.Class 
{0x00000000803215e0} - klass: 'java/lang/Class'
 - ---- fields (total size 15 words):
 - private volatile transient strict 'cachedConstructor' 'Ljava/lang/reflect/Constructor;' @12  NULL (0)
 - private volatile transient strict 'newInstanceCallerCache' 'Ljava/lang/Class;' @16  NULL (0)
 - private transient 'name' 'Ljava/lang/String;' @20  NULL (0)
 - private transient 'module' 'Ljava/lang/Module;' @24  a 'java/lang/Module'{0x00000000804dd798} (804dd798)
 - private final 'classLoader' 'Ljava/lang/ClassLoader;' @28  NULL (0)
 - private transient 'packageName' 'Ljava/lang/String;' @32  NULL (0)
 - private final strict 'componentType' 'Ljava/lang/Class;' @36  NULL (0)
 - private volatile transient strict 'reflectionData' 'Ljava/lang/ref/SoftReference;' @40  NULL (0)
 - private volatile transient 'genericInfo' 'Lsun/reflect/generics/repository/ClassRepository;' @44  NULL (0)
 - private volatile transient strict 'enumConstants' '[Ljava/lang/Object;' @48  NULL (0)
 - private volatile transient strict 'enumConstantDirectory' 'Ljava/util/Map;' @52  NULL (0)
 - private volatile transient 'annotationData' 'Ljava/lang/Class$AnnotationData;' @56  NULL (0)
 - private volatile transient 'annotationType' 'Lsun/reflect/annotation/AnnotationType;' @60  NULL (0)
 - transient 'classValueMap' 'Ljava/lang/ClassValue$ClassValueMap;' @64  NULL (0)
 - private volatile transient 'classRedefinedCount' 'I' @96  0
 - signature: Ljava/lang/ClassLoader$NativeLibrary;
 - fake entry for mirror: 'java/lang/ClassLoader$NativeLibrary'
 - fake entry for array: NULL
 - fake entry for oop_size: 15
 - fake entry for static_oop_field_count: 1
 - private static final 'loadLibraryOnlyIfPresent' 'Z' @116  true
 - static strict 'nativeLibraryContext' 'Ljava/util/Deque;' @112  a 'java/util/ArrayDeque'{0x0000000080322d98} (80322d98)
stack at sp + 7 slots: 0x00007a8cc47aae92 is an unknown value


---------------  P R O C E S S  ---------------

Threads class SMR info:
_java_thread_list=0x0000016244c68d10, length=90, elements={
0x000001621fc3b800, 0x000001623ed32800, 0x000001623ed34000, 0x000001623ed81000,
0x000001623ed82000, 0x000001623ed83000, 0x000001623ed8a000, 0x000001623ed99800,
0x000001623ed9b000, 0x000001623eeff000, 0x00000162407e6800, 0x0000016241523800,
0x00000162409be800, 0x0000016240480000, 0x0000016241293800, 0x0000016240e00000,
0x0000016240e04000, 0x0000016240e03000, 0x0000016240dfe800, 0x0000016240dff000,
0x0000016240e02800, 0x0000016240e05000, 0x0000016240e01000, 0x0000016240e01800,
0x00000162445f8800, 0x00000162445fa800, 0x000001624454f000, 0x0000016244551800,
0x000001623f3eb000, 0x000001623f3e6800, 0x000001623f3e0800, 0x000001623f3e3000,
0x000001623f3df000, 0x000001623f3e4000, 0x000001623f3e4800, 0x000001623f3e2800,
0x000001623f3e0000, 0x000001623f3e7000, 0x000001623f3e5800, 0x000001623f3e1800,
0x000001623f3e8000, 0x000001623f3e9000, 0x000001623f3ed800, 0x000001623f3e9800,
0x000001623f3ea800, 0x000001623f3ec000, 0x000001623f3ed000, 0x000001624454e800,
0x000001624454b000, 0x0000016244550000, 0x000001624454c000, 0x0000016244551000,
0x0000016244552800, 0x000001624454c800, 0x0000016244553000, 0x000001624454d800,
0x0000016244559000, 0x0000016244556800, 0x0000016244559800, 0x0000016244558000,
0x0000016244555800, 0x0000016244557800, 0x0000016244554000, 0x0000016244555000,
0x00000162445f9800, 0x00000162445f5800, 0x00000162445f4800, 0x00000162445f6000,
0x00000162445fc000, 0x00000162445fc800, 0x00000162445f8000, 0x00000162445f7000,
0x0000016244601000, 0x0000016244600000, 0x00000162445fe800, 0x0000016244601800,
0x0000016244602800, 0x00000162445ff000, 0x0000016244603800, 0x00000162445fd800,
0x0000016244b1b000, 0x0000016244b18800, 0x0000016244b16800, 0x0000016244b1d000,
0x0000016244b17000, 0x0000016244b18000, 0x0000016244b19800, 0x0000016244b1a800,
0x000001624519c800, 0x000001624520e800
}

Java Threads: ( => current thread )
  0x000001621fc3b800 JavaThread "main" [_thread_blocked, id=11604, stack(0x0000002fc6700000,0x0000002fc6800000)]
  0x000001623ed32800 JavaThread "Reference Handler" daemon [_thread_blocked, id=10840, stack(0x0000002fc7100000,0x0000002fc7200000)]
  0x000001623ed34000 JavaThread "Finalizer" daemon [_thread_blocked, id=8852, stack(0x0000002fc7200000,0x0000002fc7300000)]
  0x000001623ed81000 JavaThread "Signal Dispatcher" daemon [_thread_blocked, id=9692, stack(0x0000002fc7300000,0x0000002fc7400000)]
  0x000001623ed82000 JavaThread "Attach Listener" daemon [_thread_blocked, id=7568, stack(0x0000002fc7400000,0x0000002fc7500000)]
  0x000001623ed83000 JavaThread "Service Thread" daemon [_thread_blocked, id=7356, stack(0x0000002fc7500000,0x0000002fc7600000)]
  0x000001623ed8a000 JavaThread "C2 CompilerThread0" daemon [_thread_blocked, id=11732, stack(0x0000002fc7600000,0x0000002fc7700000)]
  0x000001623ed99800 JavaThread "C1 CompilerThread0" daemon [_thread_blocked, id=9492, stack(0x0000002fc7700000,0x0000002fc7800000)]
  0x000001623ed9b000 JavaThread "Sweeper thread" daemon [_thread_blocked, id=9624, stack(0x0000002fc7800000,0x0000002fc7900000)]
  0x000001623eeff000 JavaThread "Common-Cleaner" daemon [_thread_blocked, id=3288, stack(0x0000002fc7900000,0x0000002fc7a00000)]
  0x00000162407e6800 JavaThread "Daemon health stats" [_thread_blocked, id=7704, stack(0x0000002fc7f00000,0x0000002fc8000000)]
  0x0000016241523800 JavaThread "Incoming local TCP Connector on port 49768" [_thread_in_native, id=10712, stack(0x0000002fc8000000,0x0000002fc8100000)]
  0x00000162409be800 JavaThread "Daemon periodic checks" [_thread_blocked, id=9116, stack(0x0000002fc8100000,0x0000002fc8200000)]
  0x0000016240480000 JavaThread "Daemon" [_thread_blocked, id=6248, stack(0x0000002fc8200000,0x0000002fc8300000)]
  0x0000016241293800 JavaThread "Daemon worker" [_thread_blocked, id=2200, stack(0x0000002fc8500000,0x0000002fc8600000)]
  0x0000016240e00000 JavaThread "Cache worker for journal cache (C:\Users\it_04\.gradle\caches\journal-1)" [_thread_blocked, id=9728, stack(0x0000002fc8900000,0x0000002fc8a00000)]
  0x0000016240e04000 JavaThread "File lock request listener" [_thread_in_native, id=8436, stack(0x0000002fc8a00000,0x0000002fc8b00000)]
  0x0000016240e03000 JavaThread "Cache worker for file hash cache (C:\Users\it_04\.gradle\caches\7.5\fileHashes)" [_thread_blocked, id=5940, stack(0x0000002fc8b00000,0x0000002fc8c00000)]
=>0x0000016240dfe800 JavaThread "File watcher server" daemon [_thread_in_native, id=5240, stack(0x0000002fc8c00000,0x0000002fc8d00000)]
  0x0000016240dff000 JavaThread "File watcher consumer" daemon [_thread_blocked, id=9996, stack(0x0000002fc8d00000,0x0000002fc8e00000)]
  0x0000016240e02800 JavaThread "jar transforms" [_thread_blocked, id=8644, stack(0x0000002fc8e00000,0x0000002fc8f00000)]
  0x0000016240e05000 JavaThread "jar transforms Thread 2" [_thread_blocked, id=1000, stack(0x0000002fc8f00000,0x0000002fc9000000)]
  0x0000016240e01000 JavaThread "jar transforms Thread 3" [_thread_blocked, id=3736, stack(0x0000002fc9000000,0x0000002fc9100000)]
  0x0000016240e01800 JavaThread "jar transforms Thread 4" [_thread_blocked, id=3544, stack(0x0000002fc9100000,0x0000002fc9200000)]
  0x00000162445f8800 JavaThread "Cache worker for file content cache (C:\Users\it_04\.gradle\caches\7.5\fileContent)" [_thread_blocked, id=9076, stack(0x0000002fc9300000,0x0000002fc9400000)]
  0x00000162445fa800 JavaThread "Cache worker for execution history cache (C:\Users\it_04\.gradle\caches\7.5\executionHistory)" [_thread_blocked, id=4884, stack(0x0000002fc9600000,0x0000002fc9700000)]
  0x000001624454f000 JavaThread "Memory manager" [_thread_blocked, id=6092, stack(0x0000002fcc200000,0x0000002fcc300000)]
  0x0000016244551800 JavaThread "pool-3-thread-1" [_thread_blocked, id=6816, stack(0x0000002fcc300000,0x0000002fcc400000)]
  0x000001623f3eb000 JavaThread "pool-6-thread-1" [_thread_blocked, id=10464, stack(0x0000002fcc100000,0x0000002fcc200000)]
  0x000001623f3e6800 JavaThread "included builds" [_thread_blocked, id=5176, stack(0x0000002fcc400000,0x0000002fcc500000)]
  0x000001623f3e0800 JavaThread "Handler for socket connection from /127.0.0.1:49768 to /127.0.0.1:49889" [_thread_in_native, id=7180, stack(0x0000002fc6800000,0x0000002fc6900000)]
  0x000001623f3e3000 JavaThread "Cancel handler" [_thread_blocked, id=9588, stack(0x0000002fc6900000,0x0000002fc6a00000)]
  0x000001623f3df000 JavaThread "Asynchronous log dispatcher for DefaultDaemonConnection: socket connection from /127.0.0.1:49768 to /127.0.0.1:49889" [_thread_blocked, id=5688, stack(0x0000002fc6a00000,0x0000002fc6b00000)]
  0x000001623f3e4000 JavaThread "Stdin handler" [_thread_blocked, id=10440, stack(0x0000002fc7b00000,0x0000002fc7c00000)]
  0x000001623f3e4800 JavaThread "Daemon client event forwarder" [_thread_blocked, id=8808, stack(0x0000002fc8300000,0x0000002fc8400000)]
  0x000001623f3e2800 JavaThread "Cache worker for checksums cache (D:\SourceAndroid\KyThuat\.gradle\7.5\checksums)" [_thread_blocked, id=8272, stack(0x0000002fc8600000,0x0000002fc8700000)]
  0x000001623f3e0000 JavaThread "Cache worker for cache directory md-rule (C:\Users\it_04\.gradle\caches\7.5\md-rule)" [_thread_blocked, id=6628, stack(0x0000002fc8700000,0x0000002fc8800000)]
  0x000001623f3e7000 JavaThread "Cache worker for file hash cache (D:\SourceAndroid\KyThuat\.gradle\7.5\fileHashes)" [_thread_blocked, id=2272, stack(0x0000002fc8800000,0x0000002fc8900000)]
  0x000001623f3e5800 JavaThread "Cache worker for cache directory md-supplier (C:\Users\it_04\.gradle\caches\7.5\md-supplier)" [_thread_blocked, id=6820, stack(0x0000002fc9200000,0x0000002fc9300000)]
  0x000001623f3e1800 JavaThread "Cache worker for dependencies-accessors (D:\SourceAndroid\KyThuat\.gradle\7.5\dependencies-accessors)" [_thread_blocked, id=8412, stack(0x0000002fc9400000,0x0000002fc9500000)]
  0x000001623f3e8000 JavaThread "Cache worker for Build Output Cleanup Cache (D:\SourceAndroid\KyThuat\.gradle\buildOutputCleanup)" [_thread_blocked, id=4232, stack(0x0000002fc9500000,0x0000002fc9600000)]
  0x000001623f3e9000 JavaThread "Unconstrained build operations" [_thread_blocked, id=10736, stack(0x0000002fc9800000,0x0000002fc9900000)]
  0x000001623f3ed800 JavaThread "Unconstrained build operations Thread 2" [_thread_blocked, id=12284, stack(0x0000002fc9900000,0x0000002fc9a00000)]
  0x000001623f3e9800 JavaThread "Unconstrained build operations Thread 3" [_thread_blocked, id=7192, stack(0x0000002fc9a00000,0x0000002fc9b00000)]
  0x000001623f3ea800 JavaThread "Unconstrained build operations Thread 4" [_thread_blocked, id=7500, stack(0x0000002fc9b00000,0x0000002fc9c00000)]
  0x000001623f3ec000 JavaThread "Unconstrained build operations Thread 5" [_thread_blocked, id=9056, stack(0x0000002fc9c00000,0x0000002fc9d00000)]
  0x000001623f3ed000 JavaThread "Unconstrained build operations Thread 6" [_thread_blocked, id=1540, stack(0x0000002fc9d00000,0x0000002fc9e00000)]
  0x000001624454e800 JavaThread "Unconstrained build operations Thread 7" [_thread_blocked, id=10256, stack(0x0000002fc9e00000,0x0000002fc9f00000)]
  0x000001624454b000 JavaThread "Unconstrained build operations Thread 8" [_thread_blocked, id=1944, stack(0x0000002fc9f00000,0x0000002fca000000)]
  0x0000016244550000 JavaThread "Unconstrained build operations Thread 9" [_thread_blocked, id=1300, stack(0x0000002fca000000,0x0000002fca100000)]
  0x000001624454c000 JavaThread "Unconstrained build operations Thread 10" [_thread_blocked, id=6740, stack(0x0000002fca100000,0x0000002fca200000)]
  0x0000016244551000 JavaThread "Unconstrained build operations Thread 11" [_thread_blocked, id=5300, stack(0x0000002fca200000,0x0000002fca300000)]
  0x0000016244552800 JavaThread "Unconstrained build operations Thread 12" [_thread_blocked, id=9336, stack(0x0000002fca300000,0x0000002fca400000)]
  0x000001624454c800 JavaThread "Unconstrained build operations Thread 13" [_thread_blocked, id=11520, stack(0x0000002fca400000,0x0000002fca500000)]
  0x0000016244553000 JavaThread "Unconstrained build operations Thread 14" [_thread_blocked, id=7564, stack(0x0000002fca500000,0x0000002fca600000)]
  0x000001624454d800 JavaThread "Unconstrained build operations Thread 15" [_thread_blocked, id=9240, stack(0x0000002fca600000,0x0000002fca700000)]
  0x0000016244559000 JavaThread "Unconstrained build operations Thread 16" [_thread_blocked, id=1956, stack(0x0000002fca700000,0x0000002fca800000)]
  0x0000016244556800 JavaThread "Unconstrained build operations Thread 17" [_thread_blocked, id=2484, stack(0x0000002fca800000,0x0000002fca900000)]
  0x0000016244559800 JavaThread "Unconstrained build operations Thread 18" [_thread_blocked, id=8472, stack(0x0000002fca900000,0x0000002fcaa00000)]
  0x0000016244558000 JavaThread "Unconstrained build operations Thread 19" [_thread_blocked, id=5576, stack(0x0000002fcaa00000,0x0000002fcab00000)]
  0x0000016244555800 JavaThread "Unconstrained build operations Thread 20" [_thread_blocked, id=2988, stack(0x0000002fcab00000,0x0000002fcac00000)]
  0x0000016244557800 JavaThread "Unconstrained build operations Thread 21" [_thread_blocked, id=9784, stack(0x0000002fcac00000,0x0000002fcad00000)]
  0x0000016244554000 JavaThread "Unconstrained build operations Thread 22" [_thread_blocked, id=4256, stack(0x0000002fcad00000,0x0000002fcae00000)]
  0x0000016244555000 JavaThread "Unconstrained build operations Thread 23" [_thread_blocked, id=2356, stack(0x0000002fcae00000,0x0000002fcaf00000)]
  0x00000162445f9800 JavaThread "Unconstrained build operations Thread 24" [_thread_blocked, id=7448, stack(0x0000002fcaf00000,0x0000002fcb000000)]
  0x00000162445f5800 JavaThread "Unconstrained build operations Thread 25" [_thread_blocked, id=1088, stack(0x0000002fcb000000,0x0000002fcb100000)]
  0x00000162445f4800 JavaThread "Unconstrained build operations Thread 26" [_thread_blocked, id=7728, stack(0x0000002fcb100000,0x0000002fcb200000)]
  0x00000162445f6000 JavaThread "Unconstrained build operations Thread 27" [_thread_blocked, id=8540, stack(0x0000002fcb200000,0x0000002fcb300000)]
  0x00000162445fc000 JavaThread "Unconstrained build operations Thread 28" [_thread_blocked, id=8804, stack(0x0000002fcb300000,0x0000002fcb400000)]
  0x00000162445fc800 JavaThread "Unconstrained build operations Thread 29" [_thread_blocked, id=6748, stack(0x0000002fcb400000,0x0000002fcb500000)]
  0x00000162445f8000 JavaThread "Unconstrained build operations Thread 30" [_thread_blocked, id=7868, stack(0x0000002fcb500000,0x0000002fcb600000)]
  0x00000162445f7000 JavaThread "Unconstrained build operations Thread 31" [_thread_blocked, id=5712, stack(0x0000002fcb600000,0x0000002fcb700000)]
  0x0000016244601000 JavaThread "Unconstrained build operations Thread 32" [_thread_blocked, id=10728, stack(0x0000002fcb700000,0x0000002fcb800000)]
  0x0000016244600000 JavaThread "Unconstrained build operations Thread 33" [_thread_blocked, id=9848, stack(0x0000002fcb800000,0x0000002fcb900000)]
  0x00000162445fe800 JavaThread "Unconstrained build operations Thread 34" [_thread_blocked, id=1836, stack(0x0000002fcb900000,0x0000002fcba00000)]
  0x0000016244601800 JavaThread "Unconstrained build operations Thread 35" [_thread_blocked, id=11800, stack(0x0000002fcba00000,0x0000002fcbb00000)]
  0x0000016244602800 JavaThread "Unconstrained build operations Thread 36" [_thread_blocked, id=8596, stack(0x0000002fcbb00000,0x0000002fcbc00000)]
  0x00000162445ff000 JavaThread "Unconstrained build operations Thread 37" [_thread_blocked, id=1180, stack(0x0000002fcbc00000,0x0000002fcbd00000)]
  0x0000016244603800 JavaThread "Unconstrained build operations Thread 38" [_thread_blocked, id=5572, stack(0x0000002fcbd00000,0x0000002fcbe00000)]
  0x00000162445fd800 JavaThread "Unconstrained build operations Thread 39" [_thread_blocked, id=9860, stack(0x0000002fcbe00000,0x0000002fcbf00000)]
  0x0000016244b1b000 JavaThread "Unconstrained build operations Thread 40" [_thread_blocked, id=7948, stack(0x0000002fcbf00000,0x0000002fcc000000)]
  0x0000016244b18800 JavaThread "build event listener" [_thread_blocked, id=10332, stack(0x0000002fcc000000,0x0000002fcc100000)]
  0x0000016244b16800 JavaThread "pool-9-thread-1" [_thread_blocked, id=1280, stack(0x0000002fcc500000,0x0000002fcc600000)]
  0x0000016244b1d000 JavaThread "build event listener" [_thread_blocked, id=11372, stack(0x0000002fcc600000,0x0000002fcc700000)]
  0x0000016244b17000 JavaThread "included builds" [_thread_blocked, id=1980, stack(0x0000002fcc700000,0x0000002fcc800000)]
  0x0000016244b18000 JavaThread "Execution worker" [_thread_blocked, id=10216, stack(0x0000002fcc800000,0x0000002fcc900000)]
  0x0000016244b19800 JavaThread "Execution worker Thread 2" [_thread_in_vm, id=5360, stack(0x0000002fcc900000,0x0000002fcca00000)]
  0x0000016244b1a800 JavaThread "Execution worker Thread 3" [_thread_blocked, id=9708, stack(0x0000002fccc00000,0x0000002fccd00000)]
  0x000001624519c800 JavaThread "Cache worker for execution history cache (D:\SourceAndroid\KyThuat\.gradle\7.5\executionHistory)" [_thread_blocked, id=10468, stack(0x0000002fccd00000,0x0000002fcce00000)]
  0x000001624520e800 JavaThread "C2 CompilerThread1" daemon [_thread_in_native, id=6784, stack(0x0000002fc8400000,0x0000002fc8500000)]

Other Threads:
  0x000001623ed20000 VMThread "VM Thread" [stack: 0x0000002fc7000000,0x0000002fc7100000] [id=12256]
  0x000001623ef2b800 WatcherThread [stack: 0x0000002fc7a00000,0x0000002fc7b00000] [id=4940]
  0x000001621fc55000 GCTaskThread "GC Thread#0" [stack: 0x0000002fc6b00000,0x0000002fc6c00000] [id=10828]
  0x000001623f715800 GCTaskThread "GC Thread#1" [stack: 0x0000002fc7c00000,0x0000002fc7d00000] [id=12076]
  0x000001623f662000 GCTaskThread "GC Thread#2" [stack: 0x0000002fc7d00000,0x0000002fc7e00000] [id=3524]
  0x000001623f64f800 GCTaskThread "GC Thread#3" [stack: 0x0000002fc7e00000,0x0000002fc7f00000] [id=2180]
  0x000001621fc85800 ConcurrentGCThread "G1 Main Marker" [stack: 0x0000002fc6c00000,0x0000002fc6d00000] [id=2304]
  0x000001621fc86800 ConcurrentGCThread "G1 Conc#0" [stack: 0x0000002fc6d00000,0x0000002fc6e00000] [id=9208]
  0x000001621fd0e000 ConcurrentGCThread "G1 Refine#0" [stack: 0x0000002fc6e00000,0x0000002fc6f00000] [id=11096]
  0x000001623e364800 ConcurrentGCThread "G1 Young RemSet Sampling" [stack: 0x0000002fc6f00000,0x0000002fc7000000] [id=10084]

Threads with active compile tasks:
C2 CompilerThread1   106483 14586       4       java.util.concurrent.locks.AbstractQueuedSynchronizer::transferForSignal (45 bytes)

VM state:not at safepoint (normal execution)

VM Mutex/Monitor currently owned by a thread: None

Heap address: 0x0000000080000000, size: 2048 MB, Compressed Oops mode: 32-bit
Narrow klass base: 0x0000000000000000, Narrow klass shift: 3
Compressed class space size: 1073741824 Address: 0x0000000100000000

Heap:
 garbage-first heap   total 260096K, used 213201K [0x0000000080000000, 0x0000000100000000)
  region size 1024K, 19 young (19456K), 4 survivors (4096K)
 Metaspace       used 114593K, capacity 117844K, committed 118180K, reserved 1153024K
  class space    used 14193K, capacity 15329K, committed 15436K, reserved 1048576K
Heap Regions: E=young(eden), S=young(survivor), O=old, HS=humongous(starts), HC=humongous(continues), CS=collection set, F=free, A=archive, TAMS=top-at-mark-start (previous, next)
|   0|0x0000000080000000, 0x0000000080100000, 0x0000000080100000|100%|HS|  |TAMS 0x0000000080100000, 0x0000000080000000| Complete 
|   1|0x0000000080100000, 0x0000000080200000, 0x0000000080200000|100%|HC|  |TAMS 0x0000000080200000, 0x0000000080100000| Complete 
|   2|0x0000000080200000, 0x0000000080300000, 0x0000000080300000|100%|HC|  |TAMS 0x0000000080300000, 0x0000000080200000| Complete 
|   3|0x0000000080300000, 0x0000000080400000, 0x0000000080400000|100%| O|  |TAMS 0x0000000080400000, 0x0000000080300000| Untracked 
|   4|0x0000000080400000, 0x0000000080500000, 0x0000000080500000|100%| O|  |TAMS 0x0000000080500000, 0x0000000080400000| Untracked 
|   5|0x0000000080500000, 0x0000000080600000, 0x0000000080600000|100%| O|  |TAMS 0x0000000080600000, 0x0000000080500000| Untracked 
|   6|0x0000000080600000, 0x0000000080700000, 0x0000000080700000|100%| O|  |TAMS 0x0000000080700000, 0x0000000080600000| Untracked 
|   7|0x0000000080700000, 0x0000000080800000, 0x0000000080800000|100%| O|  |TAMS 0x0000000080800000, 0x0000000080700000| Untracked 
|   8|0x0000000080800000, 0x0000000080900000, 0x0000000080900000|100%| O|  |TAMS 0x0000000080900000, 0x0000000080800000| Untracked 
|   9|0x0000000080900000, 0x0000000080a00000, 0x0000000080a00000|100%| O|  |TAMS 0x0000000080a00000, 0x0000000080900000| Untracked 
|  10|0x0000000080a00000, 0x0000000080b00000, 0x0000000080b00000|100%| O|  |TAMS 0x0000000080b00000, 0x0000000080a00000| Untracked 
|  11|0x0000000080b00000, 0x0000000080c00000, 0x0000000080c00000|100%| O|  |TAMS 0x0000000080c00000, 0x0000000080b00000| Untracked 
|  12|0x0000000080c00000, 0x0000000080d00000, 0x0000000080d00000|100%| O|  |TAMS 0x0000000080d00000, 0x0000000080c00000| Untracked 
|  13|0x0000000080d00000, 0x0000000080e00000, 0x0000000080e00000|100%| O|  |TAMS 0x0000000080e00000, 0x0000000080d00000| Untracked 
|  14|0x0000000080e00000, 0x0000000080f00000, 0x0000000080f00000|100%|HS|  |TAMS 0x0000000080f00000, 0x0000000080e00000| Complete 
|  15|0x0000000080f00000, 0x0000000081000000, 0x0000000081000000|100%|HC|  |TAMS 0x0000000081000000, 0x0000000080f00000| Complete 
|  16|0x0000000081000000, 0x0000000081100000, 0x0000000081100000|100%|HS|  |TAMS 0x0000000081100000, 0x0000000081000000| Complete 
|  17|0x0000000081100000, 0x0000000081200000, 0x0000000081200000|100%|HC|  |TAMS 0x0000000081200000, 0x0000000081100000| Complete 
|  18|0x0000000081200000, 0x0000000081300000, 0x0000000081300000|100%|HC|  |TAMS 0x0000000081300000, 0x0000000081200000| Complete 
|  19|0x0000000081300000, 0x0000000081400000, 0x0000000081400000|100%|HS|  |TAMS 0x0000000081400000, 0x0000000081300000| Complete 
|  20|0x0000000081400000, 0x0000000081500000, 0x0000000081500000|100%|HC|  |TAMS 0x0000000081500000, 0x0000000081400000| Complete 
|  21|0x0000000081500000, 0x0000000081600000, 0x0000000081600000|100%|HC|  |TAMS 0x0000000081600000, 0x0000000081500000| Complete 
|  22|0x0000000081600000, 0x0000000081700000, 0x0000000081700000|100%|HS|  |TAMS 0x0000000081700000, 0x0000000081600000| Complete 
|  23|0x0000000081700000, 0x0000000081800000, 0x0000000081800000|100%|HC|  |TAMS 0x0000000081800000, 0x0000000081700000| Complete 
|  24|0x0000000081800000, 0x0000000081900000, 0x0000000081900000|100%|HS|  |TAMS 0x0000000081900000, 0x0000000081800000| Complete 
|  25|0x0000000081900000, 0x0000000081a00000, 0x0000000081a00000|100%|HC|  |TAMS 0x0000000081a00000, 0x0000000081900000| Complete 
|  26|0x0000000081a00000, 0x0000000081b00000, 0x0000000081b00000|100%|HC|  |TAMS 0x0000000081b00000, 0x0000000081a00000| Complete 
|  27|0x0000000081b00000, 0x0000000081c00000, 0x0000000081c00000|100%|HC|  |TAMS 0x0000000081c00000, 0x0000000081b00000| Complete 
|  28|0x0000000081c00000, 0x0000000081d00000, 0x0000000081d00000|100%|HC|  |TAMS 0x0000000081d00000, 0x0000000081c00000| Complete 
|  29|0x0000000081d00000, 0x0000000081e00000, 0x0000000081e00000|100%|HS|  |TAMS 0x0000000081e00000, 0x0000000081d00000| Complete 
|  30|0x0000000081e00000, 0x0000000081f00000, 0x0000000081f00000|100%|HC|  |TAMS 0x0000000081f00000, 0x0000000081e00000| Complete 
|  31|0x0000000081f00000, 0x0000000082000000, 0x0000000082000000|100%|HC|  |TAMS 0x0000000082000000, 0x0000000081f00000| Complete 
|  32|0x0000000082000000, 0x0000000082100000, 0x0000000082100000|100%|HC|  |TAMS 0x0000000082100000, 0x0000000082000000| Complete 
|  33|0x0000000082100000, 0x0000000082200000, 0x0000000082200000|100%|HC|  |TAMS 0x0000000082200000, 0x0000000082100000| Complete 
|  34|0x0000000082200000, 0x0000000082300000, 0x0000000082300000|100%|HC|  |TAMS 0x0000000082300000, 0x0000000082200000| Complete 
|  35|0x0000000082300000, 0x0000000082400000, 0x0000000082400000|100%|HC|  |TAMS 0x0000000082400000, 0x0000000082300000| Complete 
|  36|0x0000000082400000, 0x0000000082500000, 0x0000000082500000|100%|HC|  |TAMS 0x0000000082500000, 0x0000000082400000| Complete 
|  37|0x0000000082500000, 0x0000000082600000, 0x0000000082600000|100%|HC|  |TAMS 0x0000000082600000, 0x0000000082500000| Complete 
|  38|0x0000000082600000, 0x0000000082700000, 0x0000000082700000|100%|HC|  |TAMS 0x0000000082700000, 0x0000000082600000| Complete 
|  39|0x0000000082700000, 0x0000000082800000, 0x0000000082800000|100%|HS|  |TAMS 0x0000000082800000, 0x0000000082700000| Complete 
|  40|0x0000000082800000, 0x0000000082900000, 0x0000000082900000|100%|HC|  |TAMS 0x0000000082900000, 0x0000000082800000| Complete 
|  41|0x0000000082900000, 0x0000000082a00000, 0x0000000082a00000|100%| O|  |TAMS 0x0000000082a00000, 0x0000000082900000| Untracked 
|  42|0x0000000082a00000, 0x0000000082b00000, 0x0000000082b00000|100%| O|  |TAMS 0x0000000082b00000, 0x0000000082a00000| Untracked 
|  43|0x0000000082b00000, 0x0000000082c00000, 0x0000000082c00000|100%| O|  |TAMS 0x0000000082c00000, 0x0000000082b00000| Untracked 
|  44|0x0000000082c00000, 0x0000000082d00000, 0x0000000082d00000|100%| O|  |TAMS 0x0000000082d00000, 0x0000000082c00000| Untracked 
|  45|0x0000000082d00000, 0x0000000082e00000, 0x0000000082e00000|100%|HS|  |TAMS 0x0000000082e00000, 0x0000000082d00000| Complete 
|  46|0x0000000082e00000, 0x0000000082f00000, 0x0000000082f00000|100%|HC|  |TAMS 0x0000000082f00000, 0x0000000082e00000| Complete 
|  47|0x0000000082f00000, 0x0000000083000000, 0x0000000083000000|100%|HC|  |TAMS 0x0000000083000000, 0x0000000082f00000| Complete 
|  48|0x0000000083000000, 0x0000000083100000, 0x0000000083100000|100%|HC|  |TAMS 0x0000000083100000, 0x0000000083000000| Complete 
|  49|0x0000000083100000, 0x0000000083200000, 0x0000000083200000|100%|HC|  |TAMS 0x0000000083200000, 0x0000000083100000| Complete 
|  50|0x0000000083200000, 0x0000000083300000, 0x0000000083300000|100%|HC|  |TAMS 0x0000000083300000, 0x0000000083200000| Complete 
|  51|0x0000000083300000, 0x0000000083400000, 0x0000000083400000|100%|HC|  |TAMS 0x0000000083400000, 0x0000000083300000| Complete 
|  52|0x0000000083400000, 0x0000000083500000, 0x0000000083500000|100%|HC|  |TAMS 0x0000000083500000, 0x0000000083400000| Complete 
|  53|0x0000000083500000, 0x0000000083600000, 0x0000000083600000|100%|HC|  |TAMS 0x0000000083600000, 0x0000000083500000| Complete 
|  54|0x0000000083600000, 0x0000000083700000, 0x0000000083700000|100%|HC|  |TAMS 0x0000000083700000, 0x0000000083600000| Complete 
|  55|0x0000000083700000, 0x0000000083800000, 0x0000000083800000|100%|HS|  |TAMS 0x0000000083800000, 0x0000000083700000| Complete 
|  56|0x0000000083800000, 0x0000000083900000, 0x0000000083900000|100%|HC|  |TAMS 0x0000000083900000, 0x0000000083800000| Complete 
|  57|0x0000000083900000, 0x0000000083a00000, 0x0000000083a00000|100%|HS|  |TAMS 0x0000000083a00000, 0x0000000083900000| Complete 
|  58|0x0000000083a00000, 0x0000000083b00000, 0x0000000083b00000|100%|HC|  |TAMS 0x0000000083b00000, 0x0000000083a00000| Complete 
|  59|0x0000000083b00000, 0x0000000083c00000, 0x0000000083c00000|100%|HC|  |TAMS 0x0000000083c00000, 0x0000000083b00000| Complete 
|  60|0x0000000083c00000, 0x0000000083d00000, 0x0000000083d00000|100%|HS|  |TAMS 0x0000000083d00000, 0x0000000083c00000| Complete 
|  61|0x0000000083d00000, 0x0000000083e00000, 0x0000000083e00000|100%|HC|  |TAMS 0x0000000083e00000, 0x0000000083d00000| Complete 
|  62|0x0000000083e00000, 0x0000000083f00000, 0x0000000083f00000|100%|HS|  |TAMS 0x0000000083f00000, 0x0000000083e00000| Complete 
|  63|0x0000000083f00000, 0x0000000084000000, 0x0000000084000000|100%|HC|  |TAMS 0x0000000084000000, 0x0000000083f00000| Complete 
|  64|0x0000000084000000, 0x0000000084100000, 0x0000000084100000|100%|HC|  |TAMS 0x0000000084100000, 0x0000000084000000| Complete 
|  65|0x0000000084100000, 0x0000000084200000, 0x0000000084200000|100%| O|  |TAMS 0x0000000084200000, 0x0000000084100000| Untracked 
|  66|0x0000000084200000, 0x0000000084300000, 0x0000000084300000|100%| O|  |TAMS 0x0000000084300000, 0x0000000084200000| Untracked 
|  67|0x0000000084300000, 0x0000000084400000, 0x0000000084400000|100%| O|  |TAMS 0x0000000084400000, 0x0000000084300000| Untracked 
|  68|0x0000000084400000, 0x0000000084500000, 0x0000000084500000|100%| O|  |TAMS 0x0000000084500000, 0x0000000084400000| Untracked 
|  69|0x0000000084500000, 0x0000000084600000, 0x0000000084600000|100%| O|  |TAMS 0x0000000084600000, 0x0000000084500000| Untracked 
|  70|0x0000000084600000, 0x0000000084700000, 0x0000000084700000|100%| O|  |TAMS 0x0000000084700000, 0x0000000084600000| Untracked 
|  71|0x0000000084700000, 0x0000000084800000, 0x0000000084800000|100%| O|  |TAMS 0x0000000084800000, 0x0000000084700000| Untracked 
|  72|0x0000000084800000, 0x0000000084900000, 0x0000000084900000|100%| O|  |TAMS 0x0000000084900000, 0x0000000084800000| Untracked 
|  73|0x0000000084900000, 0x0000000084a00000, 0x0000000084a00000|100%| O|  |TAMS 0x0000000084a00000, 0x0000000084900000| Untracked 
|  74|0x0000000084a00000, 0x0000000084b00000, 0x0000000084b00000|100%| O|  |TAMS 0x0000000084b00000, 0x0000000084a00000| Untracked 
|  75|0x0000000084b00000, 0x0000000084c00000, 0x0000000084c00000|100%| O|  |TAMS 0x0000000084c00000, 0x0000000084b00000| Untracked 
|  76|0x0000000084c00000, 0x0000000084d00000, 0x0000000084d00000|100%| O|  |TAMS 0x0000000084d00000, 0x0000000084c00000| Untracked 
|  77|0x0000000084d00000, 0x0000000084e00000, 0x0000000084e00000|100%| O|  |TAMS 0x0000000084e00000, 0x0000000084d00000| Untracked 
|  78|0x0000000084e00000, 0x0000000084f00000, 0x0000000084f00000|100%|HS|  |TAMS 0x0000000084f00000, 0x0000000084e00000| Complete 
|  79|0x0000000084f00000, 0x0000000085000000, 0x0000000085000000|100%|HC|  |TAMS 0x0000000085000000, 0x0000000084f00000| Complete 
|  80|0x0000000085000000, 0x0000000085100000, 0x0000000085100000|100%|HC|  |TAMS 0x0000000085100000, 0x0000000085000000| Complete 
|  81|0x0000000085100000, 0x0000000085200000, 0x0000000085200000|100%|HC|  |TAMS 0x0000000085200000, 0x0000000085100000| Complete 
|  82|0x0000000085200000, 0x0000000085300000, 0x0000000085300000|100%|HC|  |TAMS 0x0000000085300000, 0x0000000085200000| Complete 
|  83|0x0000000085300000, 0x0000000085400000, 0x0000000085400000|100%| O|  |TAMS 0x0000000085400000, 0x0000000085300000| Untracked 
|  84|0x0000000085400000, 0x0000000085500000, 0x0000000085500000|100%| O|  |TAMS 0x0000000085500000, 0x0000000085400000| Untracked 
|  85|0x0000000085500000, 0x0000000085600000, 0x0000000085600000|100%| O|  |TAMS 0x0000000085600000, 0x0000000085500000| Untracked 
|  86|0x0000000085600000, 0x0000000085700000, 0x0000000085700000|100%| O|  |TAMS 0x0000000085700000, 0x0000000085600000| Untracked 
|  87|0x0000000085700000, 0x0000000085800000, 0x0000000085800000|100%| O|  |TAMS 0x0000000085800000, 0x0000000085700000| Untracked 
|  88|0x0000000085800000, 0x0000000085900000, 0x0000000085900000|100%| O|  |TAMS 0x0000000085900000, 0x0000000085800000| Untracked 
|  89|0x0000000085900000, 0x0000000085a00000, 0x0000000085a00000|100%|HS|  |TAMS 0x0000000085a00000, 0x0000000085900000| Complete 
|  90|0x0000000085a00000, 0x0000000085b00000, 0x0000000085b00000|100%|HS|  |TAMS 0x0000000085b00000, 0x0000000085a00000| Complete 
|  91|0x0000000085b00000, 0x0000000085c00000, 0x0000000085c00000|100%| O|  |TAMS 0x0000000085c00000, 0x0000000085b00000| Untracked 
|  92|0x0000000085c00000, 0x0000000085d00000, 0x0000000085d00000|100%|HS|  |TAMS 0x0000000085d00000, 0x0000000085c00000| Complete 
|  93|0x0000000085d00000, 0x0000000085e00000, 0x0000000085e00000|100%|HC|  |TAMS 0x0000000085e00000, 0x0000000085d00000| Complete 
|  94|0x0000000085e00000, 0x0000000085f00000, 0x0000000085f00000|100%| O|  |TAMS 0x0000000085f00000, 0x0000000085e00000| Untracked 
|  95|0x0000000085f00000, 0x0000000086000000, 0x0000000086000000|100%| O|  |TAMS 0x0000000086000000, 0x0000000085f00000| Untracked 
|  96|0x0000000086000000, 0x0000000086100000, 0x0000000086100000|100%| O|  |TAMS 0x0000000086100000, 0x0000000086000000| Untracked 
|  97|0x0000000086100000, 0x0000000086200000, 0x0000000086200000|100%| O|  |TAMS 0x0000000086200000, 0x0000000086100000| Untracked 
|  98|0x0000000086200000, 0x0000000086300000, 0x0000000086300000|100%| O|  |TAMS 0x0000000086300000, 0x0000000086200000| Untracked 
|  99|0x0000000086300000, 0x0000000086400000, 0x0000000086400000|100%| O|  |TAMS 0x0000000086400000, 0x0000000086300000| Untracked 
| 100|0x0000000086400000, 0x0000000086500000, 0x0000000086500000|100%| O|  |TAMS 0x0000000086500000, 0x0000000086400000| Untracked 
| 101|0x0000000086500000, 0x0000000086600000, 0x0000000086600000|100%| O|  |TAMS 0x0000000086600000, 0x0000000086500000| Untracked 
| 102|0x0000000086600000, 0x0000000086700000, 0x0000000086700000|100%| O|  |TAMS 0x0000000086700000, 0x0000000086600000| Untracked 
| 103|0x0000000086700000, 0x0000000086800000, 0x0000000086800000|100%| O|  |TAMS 0x0000000086800000, 0x0000000086700000| Untracked 
| 104|0x0000000086800000, 0x0000000086900000, 0x0000000086900000|100%| O|  |TAMS 0x0000000086900000, 0x0000000086800000| Untracked 
| 105|0x0000000086900000, 0x0000000086a00000, 0x0000000086a00000|100%| O|  |TAMS 0x0000000086a00000, 0x0000000086900000| Untracked 
| 106|0x0000000086a00000, 0x0000000086b00000, 0x0000000086b00000|100%| O|  |TAMS 0x0000000086b00000, 0x0000000086a00000| Untracked 
| 107|0x0000000086b00000, 0x0000000086c00000, 0x0000000086c00000|100%| O|  |TAMS 0x0000000086c00000, 0x0000000086b00000| Untracked 
| 108|0x0000000086c00000, 0x0000000086d00000, 0x0000000086d00000|100%| O|  |TAMS 0x0000000086d00000, 0x0000000086c00000| Untracked 
| 109|0x0000000086d00000, 0x0000000086e00000, 0x0000000086e00000|100%| O|  |TAMS 0x0000000086e00000, 0x0000000086d00000| Untracked 
| 110|0x0000000086e00000, 0x0000000086f00000, 0x0000000086f00000|100%| O|  |TAMS 0x0000000086f00000, 0x0000000086e00000| Untracked 
| 111|0x0000000086f00000, 0x0000000087000000, 0x0000000087000000|100%| O|  |TAMS 0x0000000087000000, 0x0000000086f00000| Untracked 
| 112|0x0000000087000000, 0x0000000087100000, 0x0000000087100000|100%| O|  |TAMS 0x0000000087100000, 0x0000000087000000| Untracked 
| 113|0x0000000087100000, 0x0000000087200000, 0x0000000087200000|100%| O|  |TAMS 0x0000000087200000, 0x0000000087100000| Untracked 
| 114|0x0000000087200000, 0x0000000087300000, 0x0000000087300000|100%| O|  |TAMS 0x0000000087300000, 0x0000000087200000| Untracked 
| 115|0x0000000087300000, 0x0000000087400000, 0x0000000087400000|100%| O|  |TAMS 0x0000000087400000, 0x0000000087300000| Untracked 
| 116|0x0000000087400000, 0x0000000087500000, 0x0000000087500000|100%| O|  |TAMS 0x0000000087500000, 0x0000000087400000| Untracked 
| 117|0x0000000087500000, 0x0000000087600000, 0x0000000087600000|100%| O|  |TAMS 0x0000000087600000, 0x0000000087500000| Untracked 
| 118|0x0000000087600000, 0x0000000087700000, 0x0000000087700000|100%| O|  |TAMS 0x0000000087700000, 0x0000000087600000| Untracked 
| 119|0x0000000087700000, 0x0000000087800000, 0x0000000087800000|100%| O|  |TAMS 0x0000000087800000, 0x0000000087700000| Untracked 
| 120|0x0000000087800000, 0x0000000087900000, 0x0000000087900000|100%| O|  |TAMS 0x0000000087900000, 0x0000000087800000| Untracked 
| 121|0x0000000087900000, 0x0000000087a00000, 0x0000000087a00000|100%|HS|  |TAMS 0x0000000087a00000, 0x0000000087900000| Complete 
| 122|0x0000000087a00000, 0x0000000087b00000, 0x0000000087b00000|100%|HC|  |TAMS 0x0000000087b00000, 0x0000000087a00000| Complete 
| 123|0x0000000087b00000, 0x0000000087c00000, 0x0000000087c00000|100%|HS|  |TAMS 0x0000000087c00000, 0x0000000087b00000| Complete 
| 124|0x0000000087c00000, 0x0000000087d00000, 0x0000000087d00000|100%|HC|  |TAMS 0x0000000087d00000, 0x0000000087c00000| Complete 
| 125|0x0000000087d00000, 0x0000000087e00000, 0x0000000087e00000|100%|HC|  |TAMS 0x0000000087e00000, 0x0000000087d00000| Complete 
| 126|0x0000000087e00000, 0x0000000087f00000, 0x0000000087f00000|100%|HS|  |TAMS 0x0000000087f00000, 0x0000000087e00000| Complete 
| 127|0x0000000087f00000, 0x0000000088000000, 0x0000000088000000|100%|HC|  |TAMS 0x0000000088000000, 0x0000000087f00000| Complete 
| 128|0x0000000088000000, 0x0000000088100000, 0x0000000088100000|100%|HC|  |TAMS 0x0000000088100000, 0x0000000088000000| Complete 
| 129|0x0000000088100000, 0x0000000088200000, 0x0000000088200000|100%|HS|  |TAMS 0x0000000088200000, 0x0000000088100000| Complete 
| 130|0x0000000088200000, 0x0000000088300000, 0x0000000088300000|100%|HC|  |TAMS 0x0000000088300000, 0x0000000088200000| Complete 
| 131|0x0000000088300000, 0x0000000088400000, 0x0000000088400000|100%|HS|  |TAMS 0x0000000088400000, 0x0000000088300000| Complete 
| 132|0x0000000088400000, 0x0000000088500000, 0x0000000088500000|100%|HC|  |TAMS 0x0000000088500000, 0x0000000088400000| Complete 
| 133|0x0000000088500000, 0x0000000088600000, 0x0000000088600000|100%|HC|  |TAMS 0x0000000088600000, 0x0000000088500000| Complete 
| 134|0x0000000088600000, 0x0000000088700000, 0x0000000088700000|100%|HC|  |TAMS 0x0000000088700000, 0x0000000088600000| Complete 
| 135|0x0000000088700000, 0x0000000088800000, 0x0000000088800000|100%|HC|  |TAMS 0x0000000088800000, 0x0000000088700000| Complete 
| 136|0x0000000088800000, 0x0000000088900000, 0x0000000088900000|100%| O|  |TAMS 0x0000000088900000, 0x0000000088800000| Untracked 
| 137|0x0000000088900000, 0x0000000088a00000, 0x0000000088a00000|100%| O|  |TAMS 0x0000000088a00000, 0x0000000088900000| Untracked 
| 138|0x0000000088a00000, 0x0000000088b00000, 0x0000000088b00000|100%| O|  |TAMS 0x0000000088b00000, 0x0000000088a00000| Untracked 
| 139|0x0000000088b00000, 0x0000000088c00000, 0x0000000088c00000|100%| O|  |TAMS 0x0000000088c00000, 0x0000000088b00000| Untracked 
| 140|0x0000000088c00000, 0x0000000088d00000, 0x0000000088d00000|100%|HS|  |TAMS 0x0000000088d00000, 0x0000000088c00000| Complete 
| 141|0x0000000088d00000, 0x0000000088e00000, 0x0000000088e00000|100%|HC|  |TAMS 0x0000000088e00000, 0x0000000088d00000| Complete 
| 142|0x0000000088e00000, 0x0000000088f00000, 0x0000000088f00000|100%|HC|  |TAMS 0x0000000088f00000, 0x0000000088e00000| Complete 
| 143|0x0000000088f00000, 0x0000000089000000, 0x0000000089000000|100%|HC|  |TAMS 0x0000000089000000, 0x0000000088f00000| Complete 
| 144|0x0000000089000000, 0x0000000089100000, 0x0000000089100000|100%|HC|  |TAMS 0x0000000089100000, 0x0000000089000000| Complete 
| 145|0x0000000089100000, 0x0000000089200000, 0x0000000089200000|100%|HC|  |TAMS 0x0000000089200000, 0x0000000089100000| Complete 
| 146|0x0000000089200000, 0x0000000089300000, 0x0000000089300000|100%|HC|  |TAMS 0x0000000089300000, 0x0000000089200000| Complete 
| 147|0x0000000089300000, 0x0000000089400000, 0x0000000089400000|100%|HC|  |TAMS 0x0000000089400000, 0x0000000089300000| Complete 
| 148|0x0000000089400000, 0x0000000089500000, 0x0000000089500000|100%|HC|  |TAMS 0x0000000089500000, 0x0000000089400000| Complete 
| 149|0x0000000089500000, 0x0000000089600000, 0x0000000089600000|100%|HC|  |TAMS 0x0000000089600000, 0x0000000089500000| Complete 
| 150|0x0000000089600000, 0x0000000089700000, 0x0000000089700000|100%|HS|  |TAMS 0x0000000089700000, 0x0000000089600000| Complete 
| 151|0x0000000089700000, 0x0000000089800000, 0x0000000089800000|100%|HC|  |TAMS 0x0000000089800000, 0x0000000089700000| Complete 
| 152|0x0000000089800000, 0x0000000089900000, 0x0000000089900000|100%| O|  |TAMS 0x0000000089900000, 0x0000000089800000| Untracked 
| 153|0x0000000089900000, 0x0000000089a00000, 0x0000000089a00000|100%| O|  |TAMS 0x0000000089a00000, 0x0000000089900000| Untracked 
| 154|0x0000000089a00000, 0x0000000089b00000, 0x0000000089b00000|100%| O|  |TAMS 0x0000000089b00000, 0x0000000089a00000| Untracked 
| 155|0x0000000089b00000, 0x0000000089c00000, 0x0000000089c00000|100%| O|  |TAMS 0x0000000089c00000, 0x0000000089b00000| Untracked 
| 156|0x0000000089c00000, 0x0000000089d00000, 0x0000000089d00000|100%| O|  |TAMS 0x0000000089d00000, 0x0000000089c00000| Untracked 
| 157|0x0000000089d00000, 0x0000000089e00000, 0x0000000089e00000|100%| O|  |TAMS 0x0000000089e00000, 0x0000000089d00000| Untracked 
| 158|0x0000000089e00000, 0x0000000089f00000, 0x0000000089f00000|100%| O|  |TAMS 0x0000000089f00000, 0x0000000089e00000| Untracked 
| 159|0x0000000089f00000, 0x000000008a000000, 0x000000008a000000|100%| O|  |TAMS 0x000000008a000000, 0x0000000089f00000| Untracked 
| 160|0x000000008a000000, 0x000000008a100000, 0x000000008a100000|100%| O|  |TAMS 0x000000008a100000, 0x000000008a000000| Untracked 
| 161|0x000000008a100000, 0x000000008a200000, 0x000000008a200000|100%| O|  |TAMS 0x000000008a200000, 0x000000008a100000| Untracked 
| 162|0x000000008a200000, 0x000000008a300000, 0x000000008a300000|100%| O|  |TAMS 0x000000008a300000, 0x000000008a200000| Untracked 
| 163|0x000000008a300000, 0x000000008a400000, 0x000000008a400000|100%| O|  |TAMS 0x000000008a400000, 0x000000008a300000| Untracked 
| 164|0x000000008a400000, 0x000000008a500000, 0x000000008a500000|100%| O|  |TAMS 0x000000008a500000, 0x000000008a400000| Untracked 
| 165|0x000000008a500000, 0x000000008a600000, 0x000000008a600000|100%| O|  |TAMS 0x000000008a600000, 0x000000008a500000| Untracked 
| 166|0x000000008a600000, 0x000000008a700000, 0x000000008a700000|100%| O|  |TAMS 0x000000008a700000, 0x000000008a600000| Untracked 
| 167|0x000000008a700000, 0x000000008a800000, 0x000000008a800000|100%| O|  |TAMS 0x000000008a800000, 0x000000008a700000| Untracked 
| 168|0x000000008a800000, 0x000000008a900000, 0x000000008a900000|100%| O|  |TAMS 0x000000008a900000, 0x000000008a800000| Untracked 
| 169|0x000000008a900000, 0x000000008aa00000, 0x000000008aa00000|100%| O|  |TAMS 0x000000008aa00000, 0x000000008a900000| Untracked 
| 170|0x000000008aa00000, 0x000000008ab00000, 0x000000008ab00000|100%| O|  |TAMS 0x000000008ab00000, 0x000000008aa00000| Untracked 
| 171|0x000000008ab00000, 0x000000008ac00000, 0x000000008ac00000|100%| O|  |TAMS 0x000000008ac00000, 0x000000008ab00000| Untracked 
| 172|0x000000008ac00000, 0x000000008ad00000, 0x000000008ad00000|100%| O|  |TAMS 0x000000008ad00000, 0x000000008ac00000| Untracked 
| 173|0x000000008ad00000, 0x000000008ae00000, 0x000000008ae00000|100%| O|  |TAMS 0x000000008ae00000, 0x000000008ad00000| Untracked 
| 174|0x000000008ae00000, 0x000000008af00000, 0x000000008af00000|100%| O|  |TAMS 0x000000008af00000, 0x000000008ae00000| Untracked 
| 175|0x000000008af00000, 0x000000008b000000, 0x000000008b000000|100%| O|  |TAMS 0x000000008b000000, 0x000000008af00000| Untracked 
| 176|0x000000008b000000, 0x000000008b100000, 0x000000008b100000|100%| O|  |TAMS 0x000000008b100000, 0x000000008b000000| Untracked 
| 177|0x000000008b100000, 0x000000008b200000, 0x000000008b200000|100%| O|  |TAMS 0x000000008b200000, 0x000000008b100000| Untracked 
| 178|0x000000008b200000, 0x000000008b300000, 0x000000008b300000|100%| O|  |TAMS 0x000000008b300000, 0x000000008b200000| Untracked 
| 179|0x000000008b300000, 0x000000008b400000, 0x000000008b400000|100%| O|  |TAMS 0x000000008b400000, 0x000000008b300000| Untracked 
| 180|0x000000008b400000, 0x000000008b500000, 0x000000008b500000|100%| O|  |TAMS 0x000000008b500000, 0x000000008b400000| Untracked 
| 181|0x000000008b500000, 0x000000008b600000, 0x000000008b600000|100%| O|  |TAMS 0x000000008b600000, 0x000000008b500000| Untracked 
| 182|0x000000008b600000, 0x000000008b700000, 0x000000008b700000|100%| O|  |TAMS 0x000000008b700000, 0x000000008b600000| Untracked 
| 183|0x000000008b700000, 0x000000008b800000, 0x000000008b800000|100%| O|  |TAMS 0x000000008b800000, 0x000000008b700000| Untracked 
| 184|0x000000008b800000, 0x000000008b900000, 0x000000008b900000|100%| O|  |TAMS 0x000000008b900000, 0x000000008b800000| Untracked 
| 185|0x000000008b900000, 0x000000008ba00000, 0x000000008ba00000|100%| O|  |TAMS 0x000000008ba00000, 0x000000008b900000| Untracked 
| 186|0x000000008ba00000, 0x000000008ba34600, 0x000000008bb00000| 20%| O|  |TAMS 0x000000008ba34600, 0x000000008ba00000| Untracked 
| 187|0x000000008bb00000, 0x000000008bb00000, 0x000000008bc00000|  0%| F|  |TAMS 0x000000008bb00000, 0x000000008bb00000| Untracked 
| 188|0x000000008bc00000, 0x000000008bd00000, 0x000000008bd00000|100%| O|  |TAMS 0x000000008bd00000, 0x000000008bc00000| Untracked 
| 189|0x000000008bd00000, 0x000000008bd00000, 0x000000008be00000|  0%| F|  |TAMS 0x000000008bd00000, 0x000000008bd00000| Untracked 
| 190|0x000000008be00000, 0x000000008be00000, 0x000000008bf00000|  0%| F|  |TAMS 0x000000008be00000, 0x000000008be00000| Untracked 
| 191|0x000000008bf00000, 0x000000008bf00000, 0x000000008c000000|  0%| F|  |TAMS 0x000000008bf00000, 0x000000008bf00000| Untracked 
| 192|0x000000008c000000, 0x000000008c000000, 0x000000008c100000|  0%| F|  |TAMS 0x000000008c000000, 0x000000008c000000| Untracked 
| 193|0x000000008c100000, 0x000000008c100000, 0x000000008c200000|  0%| F|  |TAMS 0x000000008c100000, 0x000000008c100000| Untracked 
| 194|0x000000008c200000, 0x000000008c200000, 0x000000008c300000|  0%| F|  |TAMS 0x000000008c200000, 0x000000008c200000| Untracked 
| 195|0x000000008c300000, 0x000000008c300000, 0x000000008c400000|  0%| F|  |TAMS 0x000000008c300000, 0x000000008c300000| Untracked 
| 196|0x000000008c400000, 0x000000008c500000, 0x000000008c500000|100%| O|  |TAMS 0x000000008c500000, 0x000000008c400000| Untracked 
| 197|0x000000008c500000, 0x000000008c600000, 0x000000008c600000|100%| O|  |TAMS 0x000000008c600000, 0x000000008c500000| Untracked 
| 198|0x000000008c600000, 0x000000008c600000, 0x000000008c700000|  0%| F|  |TAMS 0x000000008c600000, 0x000000008c600000| Untracked 
| 199|0x000000008c700000, 0x000000008c800000, 0x000000008c800000|100%| O|  |TAMS 0x000000008c800000, 0x000000008c700000| Untracked 
| 200|0x000000008c800000, 0x000000008c800000, 0x000000008c900000|  0%| F|  |TAMS 0x000000008c800000, 0x000000008c800000| Untracked 
| 201|0x000000008c900000, 0x000000008c900000, 0x000000008ca00000|  0%| F|  |TAMS 0x000000008c900000, 0x000000008c900000| Untracked 
| 202|0x000000008ca00000, 0x000000008ca00000, 0x000000008cb00000|  0%| F|  |TAMS 0x000000008ca00000, 0x000000008ca00000| Untracked 
| 203|0x000000008cb00000, 0x000000008cb00000, 0x000000008cc00000|  0%| F|  |TAMS 0x000000008cb00000, 0x000000008cb00000| Untracked 
| 204|0x000000008cc00000, 0x000000008cc00000, 0x000000008cd00000|  0%| F|  |TAMS 0x000000008cc00000, 0x000000008cc00000| Untracked 
| 205|0x000000008cd00000, 0x000000008cd00000, 0x000000008ce00000|  0%| F|  |TAMS 0x000000008cd00000, 0x000000008cd00000| Untracked 
| 206|0x000000008ce00000, 0x000000008ce00000, 0x000000008cf00000|  0%| F|  |TAMS 0x000000008ce00000, 0x000000008ce00000| Untracked 
| 207|0x000000008cf00000, 0x000000008cf00000, 0x000000008d000000|  0%| F|  |TAMS 0x000000008cf00000, 0x000000008cf00000| Untracked 
| 208|0x000000008d000000, 0x000000008d000000, 0x000000008d100000|  0%| F|  |TAMS 0x000000008d000000, 0x000000008d000000| Untracked 
| 209|0x000000008d100000, 0x000000008d100000, 0x000000008d200000|  0%| F|  |TAMS 0x000000008d100000, 0x000000008d100000| Untracked 
| 210|0x000000008d200000, 0x000000008d200000, 0x000000008d300000|  0%| F|  |TAMS 0x000000008d200000, 0x000000008d200000| Untracked 
| 211|0x000000008d300000, 0x000000008d300000, 0x000000008d400000|  0%| F|  |TAMS 0x000000008d300000, 0x000000008d300000| Untracked 
| 212|0x000000008d400000, 0x000000008d400000, 0x000000008d500000|  0%| F|  |TAMS 0x000000008d400000, 0x000000008d400000| Untracked 
| 213|0x000000008d500000, 0x000000008d500000, 0x000000008d600000|  0%| F|  |TAMS 0x000000008d500000, 0x000000008d500000| Untracked 
| 214|0x000000008d600000, 0x000000008d600000, 0x000000008d700000|  0%| F|  |TAMS 0x000000008d600000, 0x000000008d600000| Untracked 
| 215|0x000000008d700000, 0x000000008d700000, 0x000000008d800000|  0%| F|  |TAMS 0x000000008d700000, 0x000000008d700000| Untracked 
| 216|0x000000008d800000, 0x000000008d800000, 0x000000008d900000|  0%| F|  |TAMS 0x000000008d800000, 0x000000008d800000| Untracked 
| 217|0x000000008d900000, 0x000000008d900000, 0x000000008da00000|  0%| F|  |TAMS 0x000000008d900000, 0x000000008d900000| Untracked 
| 218|0x000000008da00000, 0x000000008da00000, 0x000000008db00000|  0%| F|  |TAMS 0x000000008da00000, 0x000000008da00000| Untracked 
| 219|0x000000008db00000, 0x000000008db00000, 0x000000008dc00000|  0%| F|  |TAMS 0x000000008db00000, 0x000000008db00000| Untracked 
| 220|0x000000008dc00000, 0x000000008dc00000, 0x000000008dd00000|  0%| F|  |TAMS 0x000000008dc00000, 0x000000008dc00000| Untracked 
| 221|0x000000008dd00000, 0x000000008de00000, 0x000000008de00000|100%| S|CS|TAMS 0x000000008dd00000, 0x000000008dd00000| Complete 
| 222|0x000000008de00000, 0x000000008df00000, 0x000000008df00000|100%| S|CS|TAMS 0x000000008de00000, 0x000000008de00000| Complete 
| 223|0x000000008df00000, 0x000000008e000000, 0x000000008e000000|100%| S|CS|TAMS 0x000000008df00000, 0x000000008df00000| Complete 
| 224|0x000000008e000000, 0x000000008e100000, 0x000000008e100000|100%| S|CS|TAMS 0x000000008e000000, 0x000000008e000000| Complete 
| 225|0x000000008e100000, 0x000000008e100000, 0x000000008e200000|  0%| F|  |TAMS 0x000000008e100000, 0x000000008e100000| Untracked 
| 226|0x000000008e200000, 0x000000008e200000, 0x000000008e300000|  0%| F|  |TAMS 0x000000008e200000, 0x000000008e200000| Untracked 
| 227|0x000000008e300000, 0x000000008e300000, 0x000000008e400000|  0%| F|  |TAMS 0x000000008e300000, 0x000000008e300000| Untracked 
| 228|0x000000008e400000, 0x000000008e400000, 0x000000008e500000|  0%| F|  |TAMS 0x000000008e400000, 0x000000008e400000| Untracked 
| 229|0x000000008e500000, 0x000000008e500000, 0x000000008e600000|  0%| F|  |TAMS 0x000000008e500000, 0x000000008e500000| Untracked 
| 230|0x000000008e600000, 0x000000008e600000, 0x000000008e700000|  0%| F|  |TAMS 0x000000008e600000, 0x000000008e600000| Untracked 
| 231|0x000000008e700000, 0x000000008e700000, 0x000000008e800000|  0%| F|  |TAMS 0x000000008e700000, 0x000000008e700000| Untracked 
| 232|0x000000008e800000, 0x000000008e800000, 0x000000008e900000|  0%| F|  |TAMS 0x000000008e800000, 0x000000008e800000| Untracked 
| 233|0x000000008e900000, 0x000000008e900000, 0x000000008ea00000|  0%| F|  |TAMS 0x000000008e900000, 0x000000008e900000| Untracked 
| 234|0x000000008ea00000, 0x000000008ea00000, 0x000000008eb00000|  0%| F|  |TAMS 0x000000008ea00000, 0x000000008ea00000| Untracked 
| 235|0x000000008eb00000, 0x000000008eb00000, 0x000000008ec00000|  0%| F|  |TAMS 0x000000008eb00000, 0x000000008eb00000| Untracked 
| 236|0x000000008ec00000, 0x000000008ec00000, 0x000000008ed00000|  0%| F|  |TAMS 0x000000008ec00000, 0x000000008ec00000| Untracked 
| 237|0x000000008ed00000, 0x000000008ed00000, 0x000000008ee00000|  0%| F|  |TAMS 0x000000008ed00000, 0x000000008ed00000| Untracked 
| 238|0x000000008ee00000, 0x000000008ee153c8, 0x000000008ef00000|  8%| E|  |TAMS 0x000000008ee00000, 0x000000008ee00000| Complete 
| 239|0x000000008ef00000, 0x000000008f000000, 0x000000008f000000|100%| E|CS|TAMS 0x000000008ef00000, 0x000000008ef00000| Complete 
| 240|0x000000008f000000, 0x000000008f100000, 0x000000008f100000|100%| E|CS|TAMS 0x000000008f000000, 0x000000008f000000| Complete 
| 241|0x000000008f100000, 0x000000008f200000, 0x000000008f200000|100%| E|CS|TAMS 0x000000008f100000, 0x000000008f100000| Complete 
| 242|0x000000008f200000, 0x000000008f300000, 0x000000008f300000|100%| E|CS|TAMS 0x000000008f200000, 0x000000008f200000| Complete 
| 243|0x000000008f300000, 0x000000008f400000, 0x000000008f400000|100%| E|CS|TAMS 0x000000008f300000, 0x000000008f300000| Complete 
| 244|0x000000008f400000, 0x000000008f500000, 0x000000008f500000|100%| E|CS|TAMS 0x000000008f400000, 0x000000008f400000| Complete 
| 245|0x000000008f500000, 0x000000008f600000, 0x000000008f600000|100%| E|CS|TAMS 0x000000008f500000, 0x000000008f500000| Complete 
| 246|0x000000008f600000, 0x000000008f700000, 0x000000008f700000|100%| E|CS|TAMS 0x000000008f600000, 0x000000008f600000| Complete 
| 247|0x000000008f700000, 0x000000008f800000, 0x000000008f800000|100%| E|CS|TAMS 0x000000008f700000, 0x000000008f700000| Complete 
| 248|0x000000008f800000, 0x000000008f900000, 0x000000008f900000|100%| E|CS|TAMS 0x000000008f800000, 0x000000008f800000| Complete 
| 249|0x000000008f900000, 0x000000008fa00000, 0x000000008fa00000|100%| E|CS|TAMS 0x000000008f900000, 0x000000008f900000| Complete 
| 250|0x000000008fa00000, 0x000000008fb00000, 0x000000008fb00000|100%| E|CS|TAMS 0x000000008fa00000, 0x000000008fa00000| Complete 
| 251|0x000000008fb00000, 0x000000008fc00000, 0x000000008fc00000|100%| E|CS|TAMS 0x000000008fb00000, 0x000000008fb00000| Complete 
| 252|0x000000008fc00000, 0x000000008fd00000, 0x000000008fd00000|100%| E|CS|TAMS 0x000000008fc00000, 0x000000008fc00000| Complete 
| 253|0x000000008fd00000, 0x000000008fe00000, 0x000000008fe00000|100%| E|CS|TAMS 0x000000008fd00000, 0x000000008fd00000| Complete 

Card table byte_map: [0x00000162377b0000,0x0000016237bb0000] _byte_map_base: 0x00000162373b0000

Marking Bits (Prev, Next): (CMBitMap*) 0x000001621fc7c7c0, (CMBitMap*) 0x000001621fc7c788
 Prev Bits: [0x0000016239fb0000, 0x000001623bfb0000)
 Next Bits: [0x0000016237fb0000, 0x0000016239fb0000)

Polling page: 0x000001621daa0000

Metaspace:

Usage:
  Non-class:    100.11 MB capacity,    98.06 MB ( 98%) used,     1.72 MB (  2%) free+waste,   345.63 KB ( <1%) overhead. 
      Class:     14.97 MB capacity,    13.86 MB ( 93%) used,   981.45 KB (  6%) free+waste,   152.69 KB ( <1%) overhead. 
       Both:    115.08 MB capacity,   111.92 MB ( 97%) used,     2.68 MB (  2%) free+waste,   498.31 KB ( <1%) overhead. 

Virtual space:
  Non-class space:      102.00 MB reserved,     100.34 MB ( 98%) committed 
      Class space:        1.00 GB reserved,      15.07 MB (  1%) committed 
             Both:        1.10 GB reserved,     115.41 MB ( 10%) committed 

Chunk freelists:
   Non-Class:  35.00 KB
       Class:  30.00 KB
        Both:  65.00 KB

MaxMetaspaceSize: 17179869184.00 GB
CompressedClassSpaceSize: 1.00 GB
Initial GC threshold: 20.80 MB
Current GC threshold: 191.31 MB
CDS: off

CodeHeap 'non-profiled nmethods': size=120064Kb used=9498Kb max_used=9498Kb free=110565Kb
 bounds [0x000001622fe70000, 0x00000162307c0000, 0x00000162373b0000]
CodeHeap 'profiled nmethods': size=120000Kb used=32667Kb max_used=32667Kb free=87332Kb
 bounds [0x0000016228940000, 0x000001622a930000, 0x000001622fe70000]
CodeHeap 'non-nmethods': size=5696Kb used=2434Kb max_used=2494Kb free=3261Kb
 bounds [0x00000162283b0000, 0x0000016228630000, 0x0000016228940000]
 total_blobs=15487 nmethods=14516 adapters=884
 compilation: enabled
              stopped_count=0, restarted_count=0
 full_count=0

Compilation events (20 events):
Event: 101.655 Thread 0x000001623ed99800 14551       3       org.gradle.internal.serialize.InputStreamBackedDecoder::readByte (13 bytes)
Event: 101.655 Thread 0x000001623ed99800 nmethod 14551 0x000001622a917f10 code [0x000001622a9180e0, 0x000001622a918418]
Event: 101.655 Thread 0x000001623ed99800 14553       3       com.google.common.collect.TransformedIterator::next (14 bytes)
Event: 101.655 Thread 0x000001623ed99800 nmethod 14553 0x000001622a918590 code [0x000001622a918760, 0x000001622a9189d8]
Event: 102.331 Thread 0x000001623ed99800 14554       1       java.lang.management.DefaultPlatformMBeanProvider$3::mbeanInterfaceNames (5 bytes)
Event: 102.331 Thread 0x000001623ed8a000 14556       4       java.util.stream.StreamSupport::stream (19 bytes)
Event: 102.331 Thread 0x000001623ed99800 nmethod 14554 0x00000162307aca90 code [0x00000162307acc40, 0x00000162307accf8]
Event: 102.331 Thread 0x000001623ed99800 14555       1       java.lang.management.DefaultPlatformMBeanProvider$1::mbeanInterfaceNames (5 bytes)
Event: 102.332 Thread 0x000001623ed99800 nmethod 14555 0x00000162307acd90 code [0x00000162307acf40, 0x00000162307acff8]
Event: 102.346 Thread 0x000001623ed8a000 nmethod 14556 0x00000162307ad090 code [0x00000162307ad240, 0x00000162307ad5c8]
Event: 103.335 Thread 0x000001623ed99800 14557       1       java.lang.management.DefaultPlatformMBeanProvider$2::mbeanInterfaceNames (5 bytes)
Event: 103.335 Thread 0x000001623ed99800 nmethod 14557 0x00000162307ad790 code [0x00000162307ad940, 0x00000162307ad9f8]
Event: 103.335 Thread 0x000001623ed99800 14558       1       java.lang.management.DefaultPlatformMBeanProvider$9::mbeanInterfaceNames (5 bytes)
Event: 103.335 Thread 0x000001623ed99800 nmethod 14558 0x00000162307ada90 code [0x00000162307adc40, 0x00000162307adcf8]
Event: 103.335 Thread 0x000001623ed99800 14559       1       com.sun.management.internal.PlatformMBeanProviderImpl$5::mbeanInterfaceNames (5 bytes)
Event: 103.335 Thread 0x000001623ed99800 nmethod 14559 0x00000162307add90 code [0x00000162307adf40, 0x00000162307adff8]
Event: 103.335 Thread 0x000001623ed99800 14560       1       com.sun.management.internal.PlatformMBeanProviderImpl$1::mbeanInterfaceNames (5 bytes)
Event: 103.336 Thread 0x000001623ed99800 nmethod 14560 0x00000162307ae090 code [0x00000162307ae240, 0x00000162307ae2f8]
Event: 105.995 Thread 0x000001623ed8a000 14561       4       java.util.concurrent.locks.AbstractQueuedSynchronizer$ConditionObject::awaitNanos (181 bytes)
Event: 106.067 Thread 0x000001623ed8a000 nmethod 14561 0x00000162307ae390 code [0x00000162307ae5e0, 0x00000162307aff40]

GC Heap History (20 events):
Event: 80.047 GC heap before
{Heap before GC invocations=41 (full 0):
 garbage-first heap   total 260096K, used 221184K [0x0000000080000000, 0x0000000100000000)
  region size 1024K, 34 young (34816K), 2 survivors (2048K)
 Metaspace       used 111141K, capacity 114072K, committed 114340K, reserved 1148928K
  class space    used 13857K, capacity 14887K, committed 14924K, reserved 1048576K
}
Event: 80.052 GC heap after
{Heap after GC invocations=42 (full 0):
 garbage-first heap   total 260096K, used 191231K [0x0000000080000000, 0x0000000100000000)
  region size 1024K, 4 young (4096K), 4 survivors (4096K)
 Metaspace       used 111141K, capacity 114072K, committed 114340K, reserved 1148928K
  class space    used 13857K, capacity 14887K, committed 14924K, reserved 1048576K
}
Event: 80.756 GC heap before
{Heap before GC invocations=42 (full 0):
 garbage-first heap   total 260096K, used 222975K [0x0000000080000000, 0x0000000100000000)
  region size 1024K, 35 young (35840K), 4 survivors (4096K)
 Metaspace       used 111566K, capacity 114623K, committed 114980K, reserved 1148928K
  class space    used 13881K, capacity 14931K, committed 15052K, reserved 1048576K
}
Event: 80.769 GC heap after
{Heap after GC invocations=43 (full 0):
 garbage-first heap   total 260096K, used 194510K [0x0000000080000000, 0x0000000100000000)
  region size 1024K, 5 young (5120K), 5 survivors (5120K)
 Metaspace       used 111566K, capacity 114623K, committed 114980K, reserved 1148928K
  class space    used 13881K, capacity 14931K, committed 15052K, reserved 1048576K
}
Event: 81.296 GC heap before
{Heap before GC invocations=44 (full 0):
 garbage-first heap   total 260096K, used 223182K [0x0000000080000000, 0x0000000100000000)
  region size 1024K, 34 young (34816K), 5 survivors (5120K)
 Metaspace       used 111884K, capacity 115046K, committed 115236K, reserved 1148928K
  class space    used 13891K, capacity 14981K, committed 15052K, reserved 1048576K
}
Event: 81.306 GC heap after
{Heap after GC invocations=45 (full 0):
 garbage-first heap   total 260096K, used 197591K [0x0000000080000000, 0x0000000100000000)
  region size 1024K, 4 young (4096K), 4 survivors (4096K)
 Metaspace       used 111884K, capacity 115046K, committed 115236K, reserved 1148928K
  class space    used 13891K, capacity 14981K, committed 15052K, reserved 1048576K
}
Event: 81.501 GC heap before
{Heap before GC invocations=45 (full 0):
 garbage-first heap   total 260096K, used 224215K [0x0000000080000000, 0x0000000100000000)
  region size 1024K, 30 young (30720K), 4 survivors (4096K)
 Metaspace       used 112014K, capacity 115127K, committed 115236K, reserved 1148928K
  class space    used 13893K, capacity 14983K, committed 15052K, reserved 1048576K
}
Event: 81.510 GC heap after
{Heap after GC invocations=46 (full 0):
 garbage-first heap   total 260096K, used 199625K [0x0000000080000000, 0x0000000100000000)
  region size 1024K, 3 young (3072K), 3 survivors (3072K)
 Metaspace       used 112014K, capacity 115127K, committed 115236K, reserved 1148928K
  class space    used 13893K, capacity 14983K, committed 15052K, reserved 1048576K
}
Event: 99.638 GC heap before
{Heap before GC invocations=47 (full 0):
 garbage-first heap   total 260096K, used 225225K [0x0000000080000000, 0x0000000100000000)
  region size 1024K, 28 young (28672K), 3 survivors (3072K)
 Metaspace       used 112128K, capacity 115262K, committed 115492K, reserved 1150976K
  class space    used 13895K, capacity 14982K, committed 15052K, reserved 1048576K
}
Event: 99.642 GC heap after
{Heap after GC invocations=48 (full 0):
 garbage-first heap   total 260096K, used 201126K [0x0000000080000000, 0x0000000100000000)
  region size 1024K, 4 young (4096K), 4 survivors (4096K)
 Metaspace       used 112128K, capacity 115262K, committed 115492K, reserved 1150976K
  class space    used 13895K, capacity 14982K, committed 15052K, reserved 1048576K
}
Event: 99.852 GC heap before
{Heap before GC invocations=48 (full 0):
 garbage-first heap   total 260096K, used 209318K [0x0000000080000000, 0x0000000100000000)
  region size 1024K, 12 young (12288K), 4 survivors (4096K)
 Metaspace       used 112188K, capacity 115352K, committed 115492K, reserved 1150976K
  class space    used 13901K, capacity 14989K, committed 15052K, reserved 1048576K
}
Event: 99.865 GC heap after
{Heap after GC invocations=49 (full 0):
 garbage-first heap   total 260096K, used 198884K [0x0000000080000000, 0x0000000100000000)
  region size 1024K, 2 young (2048K), 2 survivors (2048K)
 Metaspace       used 112188K, capacity 115352K, committed 115492K, reserved 1150976K
  class space    used 13901K, capacity 14989K, committed 15052K, reserved 1048576K
}
Event: 100.507 GC heap before
{Heap before GC invocations=49 (full 0):
 garbage-first heap   total 260096K, used 224484K [0x0000000080000000, 0x0000000100000000)
  region size 1024K, 27 young (27648K), 2 survivors (2048K)
 Metaspace       used 112898K, capacity 116074K, committed 116388K, reserved 1150976K
  class space    used 13981K, capacity 15083K, committed 15180K, reserved 1048576K
}
Event: 100.523 GC heap after
{Heap after GC invocations=50 (full 0):
 garbage-first heap   total 260096K, used 200824K [0x0000000080000000, 0x0000000100000000)
  region size 1024K, 4 young (4096K), 4 survivors (4096K)
 Metaspace       used 112898K, capacity 116074K, committed 116388K, reserved 1150976K
  class space    used 13981K, capacity 15083K, committed 15180K, reserved 1048576K
}
Event: 101.082 GC heap before
{Heap before GC invocations=51 (full 0):
 garbage-first heap   total 260096K, used 224147K [0x0000000080000000, 0x0000000100000000)
  region size 1024K, 28 young (28672K), 4 survivors (4096K)
 Metaspace       used 113903K, capacity 117105K, committed 117284K, reserved 1150976K
  class space    used 14083K, capacity 15181K, committed 15308K, reserved 1048576K
}
Event: 101.091 GC heap after
{Heap after GC invocations=52 (full 0):
 garbage-first heap   total 260096K, used 202020K [0x0000000080000000, 0x0000000100000000)
  region size 1024K, 3 young (3072K), 3 survivors (3072K)
 Metaspace       used 113903K, capacity 117105K, committed 117284K, reserved 1150976K
  class space    used 14083K, capacity 15181K, committed 15308K, reserved 1048576K
}
Event: 101.135 GC heap before
{Heap before GC invocations=52 (full 0):
 garbage-first heap   total 260096K, used 211236K [0x0000000080000000, 0x0000000100000000)
  region size 1024K, 12 young (12288K), 3 survivors (3072K)
 Metaspace       used 113919K, capacity 117114K, committed 117284K, reserved 1150976K
  class space    used 14085K, capacity 15183K, committed 15308K, reserved 1048576K
}
Event: 101.144 GC heap after
{Heap after GC invocations=53 (full 0):
 garbage-first heap   total 260096K, used 194510K [0x0000000080000000, 0x0000000100000000)
  region size 1024K, 2 young (2048K), 2 survivors (2048K)
 Metaspace       used 113919K, capacity 117114K, committed 117284K, reserved 1150976K
  class space    used 14085K, capacity 15183K, committed 15308K, reserved 1048576K
}
Event: 101.270 GC heap before
{Heap before GC invocations=53 (full 0):
 garbage-first heap   total 260096K, used 222158K [0x0000000080000000, 0x0000000100000000)
  region size 1024K, 29 young (29696K), 2 survivors (2048K)
 Metaspace       used 113968K, capacity 117193K, committed 117540K, reserved 1150976K
  class space    used 14088K, capacity 15186K, committed 15308K, reserved 1048576K
}
Event: 101.279 GC heap after
{Heap after GC invocations=54 (full 0):
 garbage-first heap   total 260096K, used 198865K [0x0000000080000000, 0x0000000100000000)
  region size 1024K, 4 young (4096K), 4 survivors (4096K)
 Metaspace       used 113968K, capacity 117193K, committed 117540K, reserved 1150976K
  class space    used 14088K, capacity 15186K, committed 15308K, reserved 1048576K
}

Deoptimization events (20 events):
Event: 101.375 Thread 0x0000016244b17000 Uncommon trap: trap_request=0xffffffde fr.pc=0x000001623004ed74 relative=0x00000000000002b4
Event: 101.375 Thread 0x0000016244b17000 Uncommon trap: reason=class_check action=maybe_recompile pc=0x000001623004ed74 method=java.util.stream.StreamOpFlag.fromCharacteristics(Ljava/util/Spliterator;)I @ 14 c2
Event: 101.375 Thread 0x0000016244b17000 DEOPT PACKING pc=0x000001623004ed74 sp=0x0000002fcc7fd0d0
Event: 101.375 Thread 0x0000016244b17000 DEOPT UNPACKING pc=0x00000162283fa1a9 sp=0x0000002fcc7fcfb8 mode 2
Event: 101.375 Thread 0x0000016244b17000 Uncommon trap: trap_request=0xffffffde fr.pc=0x000001623004e7fc relative=0x000000000000005c
Event: 101.375 Thread 0x0000016244b17000 Uncommon trap: reason=class_check action=maybe_recompile pc=0x000001623004e7fc method=java.util.stream.StreamOpFlag.fromCharacteristics(Ljava/util/Spliterator;)I @ 14 c2
Event: 101.375 Thread 0x0000016244b17000 DEOPT PACKING pc=0x000001623004e7fc sp=0x0000002fcc7fcfe0
Event: 101.375 Thread 0x0000016244b17000 DEOPT UNPACKING pc=0x00000162283fa1a9 sp=0x0000002fcc7fcf70 mode 2
Event: 101.411 Thread 0x0000016244b17000 Uncommon trap: trap_request=0xffffff4d fr.pc=0x00000162305319f8 relative=0x00000000000003d8
Event: 101.411 Thread 0x0000016244b17000 Uncommon trap: reason=unstable_if action=reinterpret pc=0x00000162305319f8 method=org.gradle.internal.snapshot.ChildMap$Entry.handleAncestorDescendantOrExactMatch(Lorg/gradle/internal/snapshot/VfsRelativePath;Lorg/gradle/internal/snapshot/CaseSensitivity;
Event: 101.411 Thread 0x0000016244b17000 DEOPT PACKING pc=0x00000162305319f8 sp=0x0000002fcc7fa7c0
Event: 101.411 Thread 0x0000016244b17000 DEOPT UNPACKING pc=0x00000162283fa1a9 sp=0x0000002fcc7fa7b0 mode 2
Event: 101.413 Thread 0x0000016244b17000 Uncommon trap: trap_request=0xffffff4d fr.pc=0x00000162301a2ea4 relative=0x00000000000001e4
Event: 101.413 Thread 0x0000016244b17000 Uncommon trap: reason=unstable_if action=reinterpret pc=0x00000162301a2ea4 method=com.google.common.collect.RegularImmutableSet.contains(Ljava/lang/Object;)Z @ 10 c2
Event: 101.413 Thread 0x0000016244b17000 DEOPT PACKING pc=0x00000162301a2ea4 sp=0x0000002fcc7fa8f0
Event: 101.413 Thread 0x0000016244b17000 DEOPT UNPACKING pc=0x00000162283fa1a9 sp=0x0000002fcc7fa888 mode 2
Event: 106.413 Thread 0x0000016244b17000 Uncommon trap: trap_request=0xffffff4d fr.pc=0x00000162305e9af8 relative=0x0000000000000d38
Event: 106.414 Thread 0x0000016244b17000 Uncommon trap: reason=unstable_if action=reinterpret pc=0x00000162305e9af8 method=org.gradle.internal.file.FileHierarchySet$Node.isChildOfOrThis(Ljava/lang/String;I)Z @ 89 c2
Event: 106.414 Thread 0x0000016244b17000 DEOPT PACKING pc=0x00000162305e9af8 sp=0x0000002fcc7fa950
Event: 106.414 Thread 0x0000016244b17000 DEOPT UNPACKING pc=0x00000162283fa1a9 sp=0x0000002fcc7fa888 mode 2

Classes redefined (0 events):
No events

Internal exceptions (20 events):
Event: 101.295 Thread 0x0000016241293800 Exception <a 'java/lang/ClassNotFoundException'{0x000000008fb61868}: com/android/build/gradle/internal/tasks/AppMetadataTaskBeanInfo> (0x000000008fb61868) thrown at [./src/hotspot/share/classfile/systemDictionary.cpp, line 230]
Event: 101.298 Thread 0x0000016241293800 Exception <a 'java/lang/ClassNotFoundException'{0x000000008fb7be20}: com/android/build/gradle/internal/tasks/AppMetadataTaskCustomizer> (0x000000008fb7be20) thrown at [./src/hotspot/share/classfile/systemDictionary.cpp, line 230]
Event: 101.299 Thread 0x0000016241293800 Exception <a 'java/lang/ClassNotFoundException'{0x000000008fbaea38}: com/android/build/gradle/internal/tasks/AppMetadataTask_DecoratedCustomizer> (0x000000008fbaea38) thrown at [./src/hotspot/share/classfile/systemDictionary.cpp, line 230]
Event: 101.301 Thread 0x0000016241293800 Exception <a 'java/lang/ClassNotFoundException'{0x000000008fa4b220}: com/android/build/gradle/internal/tasks/SigningConfigVersionsWriterTask_DecoratedBeanInfo> (0x000000008fa4b220) thrown at [./src/hotspot/share/classfile/systemDictionary.cpp, line 230]
Event: 101.302 Thread 0x0000016241293800 Exception <a 'java/lang/ClassNotFoundException'{0x000000008fa67cd0}: com/android/build/gradle/internal/tasks/SigningConfigVersionsWriterTaskBeanInfo> (0x000000008fa67cd0) thrown at [./src/hotspot/share/classfile/systemDictionary.cpp, line 230]
Event: 101.302 Thread 0x0000016241293800 Exception <a 'java/lang/ClassNotFoundException'{0x000000008fa84a38}: com/android/build/gradle/internal/tasks/SigningConfigVersionsWriterTaskCustomizer> (0x000000008fa84a38) thrown at [./src/hotspot/share/classfile/systemDictionary.cpp, line 230]
Event: 101.303 Thread 0x0000016241293800 Exception <a 'java/lang/ClassNotFoundException'{0x000000008fabf318}: com/android/build/gradle/internal/tasks/SigningConfigVersionsWriterTask_DecoratedCustomizer> (0x000000008fabf318) thrown at [./src/hotspot/share/classfile/systemDictionary.cpp, line 230]
Event: 101.309 Thread 0x0000016241293800 Exception <a 'java/lang/ClassNotFoundException'{0x000000008f9985d0}: com/android/build/gradle/tasks/PackageApplication_DecoratedBeanInfo> (0x000000008f9985d0) thrown at [./src/hotspot/share/classfile/systemDictionary.cpp, line 230]
Event: 101.309 Thread 0x0000016241293800 Exception <a 'java/lang/ClassNotFoundException'{0x000000008f9b14c8}: com/android/build/gradle/tasks/PackageApplicationBeanInfo> (0x000000008f9b14c8) thrown at [./src/hotspot/share/classfile/systemDictionary.cpp, line 230]
Event: 101.310 Thread 0x0000016241293800 Exception <a 'java/lang/ClassNotFoundException'{0x000000008f9cb480}: com/android/build/gradle/tasks/PackageAndroidArtifactBeanInfo> (0x000000008f9cb480) thrown at [./src/hotspot/share/classfile/systemDictionary.cpp, line 230]
Event: 101.311 Thread 0x0000016241293800 Exception <a 'java/lang/ClassNotFoundException'{0x000000008f9e5678}: com/android/build/gradle/tasks/PackageAndroidArtifactCustomizer> (0x000000008f9e5678) thrown at [./src/hotspot/share/classfile/systemDictionary.cpp, line 230]
Event: 101.315 Thread 0x0000016241293800 Exception <a 'java/lang/ClassNotFoundException'{0x000000008f84c3a8}: com/android/build/gradle/tasks/PackageApplicationCustomizer> (0x000000008f84c3a8) thrown at [./src/hotspot/share/classfile/systemDictionary.cpp, line 230]
Event: 101.317 Thread 0x0000016241293800 Exception <a 'java/lang/ClassNotFoundException'{0x000000008f883ec8}: com/android/build/gradle/tasks/PackageApplication_DecoratedCustomizer> (0x000000008f883ec8) thrown at [./src/hotspot/share/classfile/systemDictionary.cpp, line 230]
Event: 101.326 Thread 0x0000016241293800 Exception <a 'java/lang/ClassNotFoundException'{0x000000008f765608}: com/android/build/gradle/internal/tasks/ListingFileRedirectTask_DecoratedBeanInfo> (0x000000008f765608) thrown at [./src/hotspot/share/classfile/systemDictionary.cpp, line 230]
Event: 101.327 Thread 0x0000016241293800 Exception <a 'java/lang/ClassNotFoundException'{0x000000008f780f68}: com/android/build/gradle/internal/tasks/ListingFileRedirectTaskBeanInfo> (0x000000008f780f68) thrown at [./src/hotspot/share/classfile/systemDictionary.cpp, line 230]
Event: 101.327 Thread 0x0000016241293800 Exception <a 'java/lang/ClassNotFoundException'{0x000000008f79c698}: com/android/build/gradle/internal/tasks/ListingFileRedirectTaskCustomizer> (0x000000008f79c698) thrown at [./src/hotspot/share/classfile/systemDictionary.cpp, line 230]
Event: 101.330 Thread 0x0000016241293800 Exception <a 'java/lang/ClassNotFoundException'{0x000000008f7cb918}: com/android/build/gradle/internal/tasks/ListingFileRedirectTask_DecoratedCustomizer> (0x000000008f7cb918) thrown at [./src/hotspot/share/classfile/systemDictionary.cpp, line 230]
Event: 101.356 Thread 0x0000016241293800 Exception <a 'java/lang/NoSuchMethodError'{0x000000008f6b4890}: <clinit>> (0x000000008f6b4890) thrown at [./src/hotspot/share/prims/jni.cpp, line 1367]
Event: 101.365 Thread 0x0000016241293800 Exception <a 'sun/nio/fs/WindowsException'{0x000000008f530810}> (0x000000008f530810) thrown at [./src/hotspot/share/prims/jni.cpp, line 617]
Event: 101.413 Thread 0x0000016244b17000 Implicit null exception at 0x00000162301a2cf7 to 0x00000162301a2e8c

Events (20 events):
Event: 101.413 loading class org/gradle/internal/watch/registry/impl/HierarchicalFileWatcherUpdater$FileSystemLocationToWatchValidator done
Event: 101.454 Executing VM operation: CGC_Operation
Event: 101.472 Executing VM operation: CGC_Operation done
Event: 101.549 Executing VM operation: CGC_Operation
Event: 101.549 Executing VM operation: CGC_Operation done
Event: 101.653 Thread 0x000001624520a800 Thread exited: 0x000001624520a800
Event: 106.414 loading class org/gradle/internal/watch/registry/impl/AbstractFileWatcherUpdater
Event: 106.414 loading class org/gradle/internal/watch/registry/impl/AbstractFileWatcherUpdater done
Event: 106.414 loading class org/gradle/internal/watch/registry/impl/AbstractFileWatcherUpdater
Event: 106.414 loading class org/gradle/internal/watch/registry/impl/AbstractFileWatcherUpdater done
Event: 106.414 loading class com/google/common/collect/ImmutableSet
Event: 106.414 loading class com/google/common/collect/ImmutableSet done
Event: 106.414 loading class com/google/common/collect/ImmutableSet
Event: 106.414 loading class com/google/common/collect/ImmutableSet done
Event: 106.415 loading class org/gradle/internal/watch/registry/impl/AbstractFileWatcherUpdater
Event: 106.415 loading class org/gradle/internal/watch/registry/impl/AbstractFileWatcherUpdater done
Event: 106.415 Executing VM operation: RevokeBias
Event: 106.415 Executing VM operation: RevokeBias done
Event: 106.416 loading class org/gradle/internal/watch/registry/impl/DefaultFileWatcherProbeRegistry$1
Event: 106.416 loading class org/gradle/internal/watch/registry/impl/DefaultFileWatcherProbeRegistry$1 done


Dynamic libraries:
0x00007ff794f40000 - 0x00007ff794f4d000 	C:\Users\it_04\.jdks\corretto-11.0.18\bin\java.exe
0x00007ffe41b70000 - 0x00007ffe41d66000 	C:\Windows\SYSTEM32\ntdll.dll
0x00007ffe411e0000 - 0x00007ffe4129d000 	C:\Windows\System32\KERNEL32.DLL
0x00007ffe3f460000 - 0x00007ffe3f729000 	C:\Windows\System32\KERNELBASE.dll
0x00007ffe3f730000 - 0x00007ffe3f830000 	C:\Windows\System32\ucrtbase.dll
0x00007ffe25c20000 - 0x00007ffe25c39000 	C:\Users\it_04\.jdks\corretto-11.0.18\bin\VCRUNTIME140.dll
0x00007ffe25a30000 - 0x00007ffe25a47000 	C:\Users\it_04\.jdks\corretto-11.0.18\bin\jli.dll
0x00007ffe3fdc0000 - 0x00007ffe3ff60000 	C:\Windows\System32\USER32.dll
0x00007ffe3f970000 - 0x00007ffe3f992000 	C:\Windows\System32\win32u.dll
0x00007ffe414a0000 - 0x00007ffe414ca000 	C:\Windows\System32\GDI32.dll
0x00007ffe3f860000 - 0x00007ffe3f96b000 	C:\Windows\System32\gdi32full.dll
0x00007ffe3fb30000 - 0x00007ffe3fbcd000 	C:\Windows\System32\msvcp_win.dll
0x00007ffe31db0000 - 0x00007ffe3204b000 	C:\Windows\WinSxS\amd64_microsoft.windows.common-controls_6595b64144ccf1df_6.0.19041.746_none_ca02b4b61b8320a4\COMCTL32.dll
0x00007ffe410e0000 - 0x00007ffe4117e000 	C:\Windows\System32\msvcrt.dll
0x00007ffe40840000 - 0x00007ffe40870000 	C:\Windows\System32\IMM32.DLL
0x00007ffe0d1f0000 - 0x00007ffe0d24b000 	C:\ProgramData\Microsoft\DbgCtr\XShellDLL64_6015.dll
0x00007ffe40fc0000 - 0x00007ffe4106c000 	C:\Windows\System32\ADVAPI32.dll
0x00007ffe3ff60000 - 0x00007ffe3fffc000 	C:\Windows\System32\sechost.dll
0x00007ffe3fc90000 - 0x00007ffe3fdbb000 	C:\Windows\System32\RPCRT4.dll
0x00007ffe40870000 - 0x00007ffe40fb2000 	C:\Windows\System32\SHELL32.dll
0x00007ffe1e130000 - 0x00007ffe1e1cb000 	C:\Users\it_04\.jdks\corretto-11.0.18\bin\msvcp140.dll
0x00007ffdde230000 - 0x00007ffddedba000 	C:\Users\it_04\.jdks\corretto-11.0.18\bin\server\jvm.dll
0x00007ffe40000000 - 0x00007ffe40008000 	C:\Windows\System32\PSAPI.DLL
0x00007ffe2cd60000 - 0x00007ffe2cd69000 	C:\Windows\SYSTEM32\WSOCK32.dll
0x00007ffe241d0000 - 0x00007ffe241f7000 	C:\Windows\SYSTEM32\WINMM.dll
0x00007ffe41070000 - 0x00007ffe410db000 	C:\Windows\System32\WS2_32.dll
0x00007ffe33540000 - 0x00007ffe3354a000 	C:\Windows\SYSTEM32\VERSION.dll
0x00007ffe3d220000 - 0x00007ffe3d232000 	C:\Windows\SYSTEM32\kernel.appcore.dll
0x00007ffe395f0000 - 0x00007ffe39600000 	C:\Users\it_04\.jdks\corretto-11.0.18\bin\verify.dll
0x00007ffe23110000 - 0x00007ffe232f4000 	C:\Windows\SYSTEM32\DBGHELP.DLL
0x00007ffe230e0000 - 0x00007ffe2310c000 	C:\Windows\SYSTEM32\dbgcore.DLL
0x00007ffe3f9a0000 - 0x00007ffe3fa20000 	C:\Windows\System32\bcryptPrimitives.dll
0x00007ffe25810000 - 0x00007ffe25838000 	C:\Users\it_04\.jdks\corretto-11.0.18\bin\java.dll
0x00007ffe26050000 - 0x00007ffe2605a000 	C:\Users\it_04\.jdks\corretto-11.0.18\bin\jimage.dll
0x00007ffe24060000 - 0x00007ffe24078000 	C:\Users\it_04\.jdks\corretto-11.0.18\bin\zip.dll
0x00007ffe3d420000 - 0x00007ffe3dbb0000 	C:\Windows\SYSTEM32\windows.storage.dll
0x00007ffe415d0000 - 0x00007ffe41926000 	C:\Windows\System32\combase.dll
0x00007ffe3ed10000 - 0x00007ffe3ed3c000 	C:\Windows\SYSTEM32\Wldp.dll
0x00007ffe405e0000 - 0x00007ffe4068e000 	C:\Windows\System32\SHCORE.dll
0x00007ffe41180000 - 0x00007ffe411d5000 	C:\Windows\System32\shlwapi.dll
0x00007ffe3f1e0000 - 0x00007ffe3f206000 	C:\Windows\SYSTEM32\profapi.dll
0x00007ffe1e770000 - 0x00007ffe1e789000 	C:\Users\it_04\.jdks\corretto-11.0.18\bin\net.dll
0x00007ffe32520000 - 0x00007ffe32620000 	C:\Windows\SYSTEM32\WINHTTP.dll
0x00007ffe3ea20000 - 0x00007ffe3ea8a000 	C:\Windows\system32\mswsock.dll
0x00007ffe1e750000 - 0x00007ffe1e763000 	C:\Users\it_04\.jdks\corretto-11.0.18\bin\nio.dll
0x00007ffe25c40000 - 0x00007ffe25c67000 	C:\Users\it_04\.gradle\native\e1d6ef7f7dcc3fd88c89a11ec53ec762bb8ba0a96d01ffa2cd45eb1d1d8dd5c5\windows-amd64\native-platform.dll
0x00007ffe1d790000 - 0x00007ffe1d8d4000 	C:\Users\it_04\.gradle\native\0d407fdbe67a94daf76414ababcb853783967236a71b16ec16e742cd7a986fd3\windows-amd64\native-platform-file-events.dll
0x00007ffe25c70000 - 0x00007ffe25c79000 	C:\Users\it_04\.jdks\corretto-11.0.18\bin\management.dll
0x00007ffe25c10000 - 0x00007ffe25c1b000 	C:\Users\it_04\.jdks\corretto-11.0.18\bin\management_ext.dll
0x00007ffe3ebf0000 - 0x00007ffe3ec08000 	C:\Windows\SYSTEM32\CRYPTSP.dll
0x00007ffe3e3c0000 - 0x00007ffe3e3f4000 	C:\Windows\system32\rsaenh.dll
0x00007ffe3f830000 - 0x00007ffe3f857000 	C:\Windows\System32\bcrypt.dll
0x00007ffe3f160000 - 0x00007ffe3f18e000 	C:\Windows\SYSTEM32\USERENV.dll
0x00007ffe3ec10000 - 0x00007ffe3ec1c000 	C:\Windows\SYSTEM32\CRYPTBASE.dll
0x00007ffe3e710000 - 0x00007ffe3e74b000 	C:\Windows\SYSTEM32\IPHLPAPI.DLL
0x00007ffe3fbd0000 - 0x00007ffe3fbd8000 	C:\Windows\System32\NSI.dll
0x00007ffe394f0000 - 0x00007ffe39507000 	C:\Windows\SYSTEM32\dhcpcsvc6.DLL
0x00007ffe392b0000 - 0x00007ffe392cd000 	C:\Windows\SYSTEM32\dhcpcsvc.DLL
0x00007ffe3e750000 - 0x00007ffe3e81b000 	C:\Windows\SYSTEM32\DNSAPI.dll
0x00007ffe1e720000 - 0x00007ffe1e745000 	C:\Users\it_04\.jdks\corretto-11.0.18\bin\sunec.dll
0x00007ffe32e00000 - 0x00007ffe32e0a000 	C:\Windows\System32\rasadhlp.dll
0x00007ffe39710000 - 0x00007ffe3978f000 	C:\Windows\System32\fwpuclnt.dll
0x00007ffe25a20000 - 0x00007ffe25a2e000 	C:\Users\it_04\.jdks\corretto-11.0.18\bin\sunmscapi.dll
0x00007ffe3f2b0000 - 0x00007ffe3f406000 	C:\Windows\System32\CRYPT32.dll
0x00007ffe3ed80000 - 0x00007ffe3eda7000 	C:\Windows\SYSTEM32\ncrypt.dll
0x00007ffe3ed40000 - 0x00007ffe3ed7b000 	C:\Windows\SYSTEM32\NTASN1.dll
0x00007ffe3dc90000 - 0x00007ffe3dcc3000 	C:\Windows\SYSTEM32\ntmarta.dll

dbghelp: loaded successfully - version: 4.0.5 - missing functions: none
symbol engine: initialized successfully - sym options: 0x614 - pdb path: .;C:\Users\it_04\.jdks\corretto-11.0.18\bin;C:\Windows\SYSTEM32;C:\Windows\WinSxS\amd64_microsoft.windows.common-controls_6595b64144ccf1df_6.0.19041.746_none_ca02b4b61b8320a4;C:\ProgramData\Microsoft\DbgCtr;C:\Users\it_04\.jdks\corretto-11.0.18\bin\server;C:\Users\it_04\.gradle\native\e1d6ef7f7dcc3fd88c89a11ec53ec762bb8ba0a96d01ffa2cd45eb1d1d8dd5c5\windows-amd64;C:\Users\it_04\.gradle\native\0d407fdbe67a94daf76414ababcb853783967236a71b16ec16e742cd7a986fd3\windows-amd64

VM Arguments:
jvm_args: --add-opens=java.base/java.util=ALL-UNNAMED --add-opens=java.base/java.lang=ALL-UNNAMED --add-opens=java.base/java.lang.invoke=ALL-UNNAMED --add-opens=java.base/java.util=ALL-UNNAMED --add-opens=java.prefs/java.util.prefs=ALL-UNNAMED --add-opens=java.prefs/java.util.prefs=ALL-UNNAMED --add-opens=java.base/java.nio.charset=ALL-UNNAMED --add-opens=java.base/java.net=ALL-UNNAMED --add-opens=java.base/java.util.concurrent.atomic=ALL-UNNAMED -Xmx2048m -Dfile.encoding=UTF-8 -Duser.country=US -Duser.language=en -Duser.variant 
java_command: org.gradle.launcher.daemon.bootstrap.GradleDaemon 7.5
java_class_path (initial): C:\Users\it_04\.gradle\wrapper\dists\gradle-7.5-bin\f1w0cc9nuo0eivz97x2xlu9sv\gradle-7.5\lib\gradle-launcher-7.5.jar
Launcher Type: SUN_STANDARD

[Global flags]
     intx CICompilerCount                          = 3                                         {product} {ergonomic}
     uint ConcGCThreads                            = 1                                         {product} {ergonomic}
     uint G1ConcRefinementThreads                  = 4                                         {product} {ergonomic}
   size_t G1HeapRegionSize                         = 1048576                                   {product} {ergonomic}
    uintx GCDrainStackTargetSize                   = 64                                        {product} {ergonomic}
   size_t InitialHeapSize                          = 266338304                                 {product} {ergonomic}
   size_t MarkStackSize                            = 4194304                                   {product} {ergonomic}
   size_t MaxHeapSize                              = 2147483648                                {product} {command line}
   size_t MaxNewSize                               = 1287651328                                {product} {ergonomic}
   size_t MinHeapDeltaBytes                        = 1048576                                   {product} {ergonomic}
    uintx NonNMethodCodeHeapSize                   = 5830732                                {pd product} {ergonomic}
    uintx NonProfiledCodeHeapSize                  = 122913754                              {pd product} {ergonomic}
    uintx ProfiledCodeHeapSize                     = 122913754                              {pd product} {ergonomic}
    uintx ReservedCodeCacheSize                    = 251658240                              {pd product} {ergonomic}
     bool SegmentedCodeCache                       = true                                      {product} {ergonomic}
     bool UseCompressedClassPointers               = true                                 {lp64_product} {ergonomic}
     bool UseCompressedOops                        = true                                 {lp64_product} {ergonomic}
     bool UseG1GC                                  = true                                      {product} {ergonomic}
     bool UseLargePagesIndividualAllocation        = false                                  {pd product} {ergonomic}

Logging:
Log output configuration:
 #0: stdout all=warning uptime,level,tags
 #1: stderr all=off uptime,level,tags

Environment Variables:
PATH=D:\app\it_07\product\11.2.0\client_1\bin;C:\Windows\system32;C:\Windows;C:\Windows\System32\Wbem;C:\Windows\System32\WindowsPowerShell\v1.0\;C:\Windows\System32\OpenSSH\;C:\Program Files\dotnet\;C:\Program Files\Git\cmd;C:\Users\it_04\AppData\Local\Microsoft\WindowsApps;C:\Users\it_04\.dotnet\tools
USERNAME=it_04
OS=Windows_NT
PROCESSOR_IDENTIFIER=Intel64 Family 6 Model 165 Stepping 3, GenuineIntel
TMP=C:\Users\it_04\AppData\Local\Temp
TEMP=C:\Users\it_04\AppData\Local\Temp



---------------  S Y S T E M  ---------------

OS: Windows 10 , 64 bit Build 19041 (10.0.19041.804)
OS uptime: 0 days 0:30 hours

CPU:total 4 (initial active 4) (2 cores per cpu, 2 threads per core) family 6 model 165 stepping 3 microcode 0xe0, cmov, cx8, fxsr, mmx, sse, sse2, sse3, ssse3, sse4.1, sse4.2, popcnt, aes, clmul, erms, 3dnowpref, lzcnt, ht, tsc, tscinvbit

Memory: 4k page, system-wide physical 16242M (7030M free)
TotalPageFile size 18674M (AvailPageFile size 9578M)
current process WorkingSet (physical memory assigned to process): 517M, peak: 577M
current process commit charge ("private bytes"): 575M, peak: 626M

vm_info: OpenJDK 64-Bit Server VM (11.0.18+10-LTS) for windows-amd64 JRE (11.0.18+10-LTS), built on Jan 10 2023 20:17:52 by "Administrator" with MS VC++ 15.9 (VS2017)

END.
