#
# A fatal error has been detected by the Java Runtime Environment:
#
#  EXCEPTION_ACCESS_VIOLATION (0xc0000005) at pc=0x0000000000000000, pid=6172, tid=8016
#
# JRE version: OpenJDK Runtime Environment (11.0.15) (build 11.0.15+0-b2043.56-9505619)
# Java VM: OpenJDK 64-Bit Server VM (11.0.15+0-b2043.56-9505619, mixed mode, tiered, compressed oops, g1 gc, windows-amd64)
# Problematic frame:
# C  0x0000000000000000
#
# No core dump will be written. Minidumps are not enabled by default on client versions of Windows
#
# If you would like to submit a bug report, please visit:
#   https://bugreport.java.com/bugreport/crash.jsp
# The crash happened outside the Java Virtual Machine in native code.
# See problematic frame for where to report the bug.
#

---------------  S U M M A R Y ------------

Command Line: --add-opens=java.base/java.util=ALL-UNNAMED --add-opens=java.base/java.lang=ALL-UNNAMED --add-opens=java.base/java.lang.invoke=ALL-UNNAMED --add-opens=java.base/java.util=ALL-UNNAMED --add-opens=java.prefs/java.util.prefs=ALL-UNNAMED --add-opens=java.prefs/java.util.prefs=ALL-UNNAMED --add-opens=java.base/java.nio.charset=ALL-UNNAMED --add-opens=java.base/java.net=ALL-UNNAMED --add-opens=java.base/java.util.concurrent.atomic=ALL-UNNAMED -Xmx2048m -Dfile.encoding=UTF-8 -Duser.country=US -Duser.language=en -Duser.variant org.gradle.launcher.daemon.bootstrap.GradleDaemon 7.5

Host: Intel(R) Pentium(R) Gold G6400 CPU @ 4.00GHz, 4 cores, 15G,  Windows 10 , 64 bit Build 19041 (10.0.19041.804)
Time: Sat Apr 15 09:24:01 2023 SE Asia Standard Time elapsed time: 20.379870 seconds (0d 0h 0m 20s)

---------------  T H R E A D  ---------------

Current thread (0x00000220e7b8e800):  JavaThread "File watcher server" daemon [_thread_in_native, id=8016, stack(0x00000073ae800000,0x00000073ae900000)]

Stack: [0x00000073ae800000,0x00000073ae900000],  sp=0x00000073ae8fe7f8,  free space=1017k
Native frames: (J=compiled Java code, j=interpreted, Vv=VM code, C=native code)

Java frames: (J=compiled Java code, j=interpreted, Vv=VM code)
j  net.rubygrapefruit.platform.internal.jni.AbstractFileEventFunctions$NativeFileWatcher.executeRunLoop0(Ljava/lang/Object;)V+0
j  net.rubygrapefruit.platform.internal.jni.AbstractFileEventFunctions$NativeFileWatcher.access$100(Lnet/rubygrapefruit/platform/internal/jni/AbstractFileEventFunctions$NativeFileWatcher;Ljava/lang/Object;)V+2
j  net.rubygrapefruit.platform.internal.jni.AbstractFileEventFunctions$NativeFileWatcher$1.run()V+26
v  ~StubRoutines::call_stub

siginfo: EXCEPTION_ACCESS_VIOLATION (0xc0000005), data execution prevention violation at address 0x0000000000000000


Register to memory mapping:

RIP=0x0 is NULL
RAX=0x0 is NULL
RBX=0x0 is NULL
RCX=0x00000073b23fb7b8 is pointing into the stack for thread: 0x00000220ebf9b000
RDX=0x0 is NULL
RSP=0x00000073ae8fe7f8 is pointing into the stack for thread: 0x00000220e7b8e800
RBP=0x00000073ae8ff1c8 is pointing into the stack for thread: 0x00000220e7b8e800
RSI=0x00000073b23fb7b0 is pointing into the stack for thread: 0x00000220ebf9b000
RDI=0x00000073b23fb770 is pointing into the stack for thread: 0x00000220ebf9b000
R8 =0x00000220c80d0f00 points into unknown readable memory: 0x00000220c80d0cc0 | c0 0c 0d c8 20 02 00 00
R9 =0x0000000000000001 is an unknown value
R10=0x0000000000008000 is an unknown value
R11=0x00000073ae8fe4b0 is pointing into the stack for thread: 0x00000220e7b8e800
R12=0x0 is NULL
R13={method} {0x00000220e9ab5960} 'executeRunLoop0' '(Ljava/lang/Object;)V' in 'net/rubygrapefruit/platform/internal/jni/AbstractFileEventFunctions$NativeFileWatcher'
R14=0x0 is NULL
R15=0x00000220e7b8e800 is a thread


Registers:
RAX=0x0000000000000000, RBX=0x0000000000000000, RCX=0x00000073b23fb7b8, RDX=0x0000000000000000
RSP=0x00000073ae8fe7f8, RBP=0x00000073ae8ff1c8, RSI=0x00000073b23fb7b0, RDI=0x00000073b23fb770
R8 =0x00000220c80d0f00, R9 =0x0000000000000001, R10=0x0000000000008000, R11=0x00000073ae8fe4b0
R12=0x0000000000000000, R13=0x00000220e9ab5958, R14=0x0000000000000000, R15=0x00000220e7b8e800
RIP=0x0000000000000000, EFLAGS=0x0000000000010206

Top of Stack: (sp=0x00000073ae8fe7f8)
0x00000073ae8fe7f8:   00007ffe999663b9 0000000000000000
0x00000073ae8fe808:   00000220cd57fa7a 00000220e42d5990
0x00000073ae8fe818:   00007ffe99943133 00000220edfa3c48
0x00000073ae8fe828:   000000008c780970 0000b9c349815730
0x00000073ae8fe838:   00007ffe9994da83 00000073ae8ff1f0
0x00000073ae8fe848:   00000073b23fb770 00007ffe9993f150
0x00000073ae8fe858:   00007ffe9995709b 00000073b23fb7b0
0x00000073ae8fe868:   00000000804171a8 0000000000000000
0x00000073ae8fe878:   00007ffe9994bfae 00000220edfa3c40
0x00000073ae8fe888:   00007ffe999492a6 00000073b23fb7b0
0x00000073ae8fe898:   0000000000000000 00000220edfa3c40
0x00000073ae8fe8a8:   00007ffe999257b3 0000000000000000
0x00000073ae8fe8b8:   00007ffe999564c2 00000073ae8fe900
0x00000073ae8fe8c8:   00000073b23fb7b0 00000220e3f64a20
0x00000073ae8fe8d8:   0000000000000000 0000000080409d01
0x00000073ae8fe8e8:   00000220e3e7fd50 0000000000000000 

Instructions: (pc=0x0000000000000000)
0xffffffffffffff00:   


Stack slot to memory mapping:
stack at sp + 0 slots: 0x00007ffe999663b9 native-platform-file-events.dll
stack at sp + 1 slots: 0x0 is NULL
stack at sp + 2 slots: 0x00000220cd57fa7a is at code_begin+2458 in an Interpreter codelet
method entry point (kind = native)  [0x00000220cd57f0e0, 0x00000220cd57fb60]  2688 bytes
stack at sp + 3 slots: {method} {0x00000220e42d5998} 'findEntry' '(Ljava/lang/String;)J' in 'java/lang/ClassLoader$NativeLibrary'
stack at sp + 4 slots: 0x00007ffe99943133 native-platform-file-events.dll
stack at sp + 5 slots: 0x00000220edfa3c48 points into unknown readable memory: 0x00000220e3e32c80 | 80 2c e3 e3 20 02 00 00
stack at sp + 6 slots: 0x000000008c780970 is an unallocated location in the heap
stack at sp + 7 slots: 0x0000b9c349815730 is an unknown value


---------------  P R O C E S S  ---------------

Threads class SMR info:
_java_thread_list=0x00000220edfa4300, length=86, elements={
0x00000220c8283000, 0x00000220e4695000, 0x00000220e4696800, 0x00000220e46f2000,
0x00000220e46f3000, 0x00000220e46f6000, 0x00000220e46fc000, 0x00000220e46ff800,
0x00000220e4707000, 0x00000220e486c800, 0x00000220e6840000, 0x00000220e67d2000,
0x00000220e5f96800, 0x00000220e679b000, 0x00000220e68dd800, 0x00000220e7507000,
0x00000220e5efb000, 0x00000220e65de000, 0x00000220e5f1c800, 0x00000220e5f1d800,
0x00000220e7b8d000, 0x00000220e7b8e000, 0x00000220e7b8f800, 0x00000220e7b8e800,
0x00000220e7b8c000, 0x00000220e7b90800, 0x00000220e7b91000, 0x00000220e7b93000,
0x00000220e7141800, 0x00000220e7141000, 0x00000220e7140000, 0x00000220e7142800,
0x00000220e713d800, 0x00000220e713e800, 0x00000220e7147800, 0x00000220e7149000,
0x00000220e7145800, 0x00000220e7144000, 0x00000220e7145000, 0x00000220e714a800,
0x00000220e714b800, 0x00000220e7146800, 0x00000220e714c000, 0x00000220ea95b000,
0x00000220ea959800, 0x00000220ea95a800, 0x00000220ea95c000, 0x00000220ea95d000,
0x00000220ea95d800, 0x00000220ea958800, 0x00000220ea95e800, 0x00000220ea965000,
0x00000220ea964000, 0x00000220ea961800, 0x00000220ea963800, 0x00000220ea962800,
0x00000220ea960000, 0x00000220ea95f800, 0x00000220ea966000, 0x00000220ea966800,
0x00000220ea961000, 0x00000220ea967800, 0x00000220ea796800, 0x00000220ea793800,
0x00000220ea795800, 0x00000220ea795000, 0x00000220ea798000, 0x00000220ea79a000,
0x00000220ea797800, 0x00000220ea799000, 0x00000220ea794000, 0x00000220ea7a0800,
0x00000220ea79b800, 0x00000220ea79d000, 0x00000220ea79c800, 0x00000220ea79a800,
0x00000220ea79e000, 0x00000220ea79f800, 0x00000220ea79e800, 0x00000220ea7a2000,
0x00000220ebf97800, 0x00000220ebf9b000, 0x00000220ebf95800, 0x00000220ebf9c000,
0x00000220ebf98800, 0x00000220ec007800
}

Java Threads: ( => current thread )
  0x00000220c8283000 JavaThread "main" [_thread_blocked, id=10976, stack(0x00000073ac200000,0x00000073ac300000)]
  0x00000220e4695000 JavaThread "Reference Handler" daemon [_thread_blocked, id=4816, stack(0x00000073acc00000,0x00000073acd00000)]
  0x00000220e4696800 JavaThread "Finalizer" daemon [_thread_blocked, id=6168, stack(0x00000073acd00000,0x00000073ace00000)]
  0x00000220e46f2000 JavaThread "Signal Dispatcher" daemon [_thread_blocked, id=6388, stack(0x00000073ace00000,0x00000073acf00000)]
  0x00000220e46f3000 JavaThread "Attach Listener" daemon [_thread_blocked, id=11708, stack(0x00000073acf00000,0x00000073ad000000)]
  0x00000220e46f6000 JavaThread "Service Thread" daemon [_thread_blocked, id=4988, stack(0x00000073ad000000,0x00000073ad100000)]
  0x00000220e46fc000 JavaThread "C2 CompilerThread0" daemon [_thread_in_native, id=3176, stack(0x00000073ad100000,0x00000073ad200000)]
  0x00000220e46ff800 JavaThread "C1 CompilerThread0" daemon [_thread_blocked, id=5556, stack(0x00000073ad200000,0x00000073ad300000)]
  0x00000220e4707000 JavaThread "Sweeper thread" daemon [_thread_blocked, id=248, stack(0x00000073ad300000,0x00000073ad400000)]
  0x00000220e486c800 JavaThread "Common-Cleaner" daemon [_thread_blocked, id=9884, stack(0x00000073ad400000,0x00000073ad500000)]
  0x00000220e6840000 JavaThread "Daemon health stats" [_thread_blocked, id=7244, stack(0x00000073adb00000,0x00000073adc00000)]
  0x00000220e67d2000 JavaThread "Incoming local TCP Connector on port 56697" [_thread_in_native, id=5696, stack(0x00000073adc00000,0x00000073add00000)]
  0x00000220e5f96800 JavaThread "Daemon periodic checks" [_thread_blocked, id=9580, stack(0x00000073add00000,0x00000073ade00000)]
  0x00000220e679b000 JavaThread "Daemon" [_thread_blocked, id=11424, stack(0x00000073ade00000,0x00000073adf00000)]
  0x00000220e68dd800 JavaThread "Handler for socket connection from /127.0.0.1:56697 to /127.0.0.1:56698" [_thread_in_native, id=9064, stack(0x00000073adf00000,0x00000073ae000000)]
  0x00000220e7507000 JavaThread "Cancel handler" [_thread_blocked, id=3720, stack(0x00000073ae000000,0x00000073ae100000)]
  0x00000220e5efb000 JavaThread "Daemon worker" [_thread_blocked, id=3936, stack(0x00000073ae100000,0x00000073ae200000)]
  0x00000220e65de000 JavaThread "Asynchronous log dispatcher for DefaultDaemonConnection: socket connection from /127.0.0.1:56697 to /127.0.0.1:56698" [_thread_blocked, id=12212, stack(0x00000073ae200000,0x00000073ae300000)]
  0x00000220e5f1c800 JavaThread "Stdin handler" [_thread_blocked, id=5600, stack(0x00000073ae300000,0x00000073ae400000)]
  0x00000220e5f1d800 JavaThread "Daemon client event forwarder" [_thread_blocked, id=11972, stack(0x00000073ae400000,0x00000073ae500000)]
  0x00000220e7b8d000 JavaThread "Cache worker for journal cache (C:\Users\it_04\.gradle\caches\journal-1)" [_thread_blocked, id=9996, stack(0x00000073ae500000,0x00000073ae600000)]
  0x00000220e7b8e000 JavaThread "File lock request listener" [_thread_in_native, id=1584, stack(0x00000073ae600000,0x00000073ae700000)]
  0x00000220e7b8f800 JavaThread "Cache worker for file hash cache (C:\Users\it_04\.gradle\caches\7.5\fileHashes)" [_thread_blocked, id=3716, stack(0x00000073ae700000,0x00000073ae800000)]
=>0x00000220e7b8e800 JavaThread "File watcher server" daemon [_thread_in_native, id=8016, stack(0x00000073ae800000,0x00000073ae900000)]
  0x00000220e7b8c000 JavaThread "Cache worker for checksums cache (D:\SourceAndroid\KyThuat\.gradle\7.5\checksums)" [_thread_blocked, id=1976, stack(0x00000073aea00000,0x00000073aeb00000)]
  0x00000220e7b90800 JavaThread "Cache worker for cache directory md-rule (C:\Users\it_04\.gradle\caches\7.5\md-rule)" [_thread_blocked, id=6468, stack(0x00000073aeb00000,0x00000073aec00000)]
  0x00000220e7b91000 JavaThread "Cache worker for file content cache (C:\Users\it_04\.gradle\caches\7.5\fileContent)" [_thread_blocked, id=1808, stack(0x00000073aec00000,0x00000073aed00000)]
  0x00000220e7b93000 JavaThread "Cache worker for file hash cache (D:\SourceAndroid\KyThuat\.gradle\7.5\fileHashes)" [_thread_blocked, id=3500, stack(0x00000073aed00000,0x00000073aee00000)]
  0x00000220e7141800 JavaThread "Cache worker for cache directory md-supplier (C:\Users\it_04\.gradle\caches\7.5\md-supplier)" [_thread_blocked, id=9168, stack(0x00000073aee00000,0x00000073aef00000)]
  0x00000220e7141000 JavaThread "Cache worker for execution history cache (C:\Users\it_04\.gradle\caches\7.5\executionHistory)" [_thread_blocked, id=2920, stack(0x00000073aef00000,0x00000073af000000)]
  0x00000220e7140000 JavaThread "jar transforms" [_thread_blocked, id=10260, stack(0x00000073af000000,0x00000073af100000)]
  0x00000220e7142800 JavaThread "jar transforms Thread 2" [_thread_blocked, id=12140, stack(0x00000073af100000,0x00000073af200000)]
  0x00000220e713d800 JavaThread "jar transforms Thread 3" [_thread_blocked, id=6536, stack(0x00000073af200000,0x00000073af300000)]
  0x00000220e713e800 JavaThread "jar transforms Thread 4" [_thread_blocked, id=12072, stack(0x00000073af300000,0x00000073af400000)]
  0x00000220e7147800 JavaThread "Cache worker for dependencies-accessors (D:\SourceAndroid\KyThuat\.gradle\7.5\dependencies-accessors)" [_thread_blocked, id=10716, stack(0x00000073af400000,0x00000073af500000)]
  0x00000220e7149000 JavaThread "Cache worker for Build Output Cleanup Cache (D:\SourceAndroid\KyThuat\.gradle\buildOutputCleanup)" [_thread_blocked, id=6620, stack(0x00000073af500000,0x00000073af600000)]
  0x00000220e7145800 JavaThread "Unconstrained build operations" [_thread_blocked, id=11660, stack(0x00000073af600000,0x00000073af700000)]
  0x00000220e7144000 JavaThread "Unconstrained build operations Thread 2" [_thread_blocked, id=1612, stack(0x00000073af700000,0x00000073af800000)]
  0x00000220e7145000 JavaThread "Unconstrained build operations Thread 3" [_thread_blocked, id=9800, stack(0x00000073af800000,0x00000073af900000)]
  0x00000220e714a800 JavaThread "Unconstrained build operations Thread 4" [_thread_blocked, id=6664, stack(0x00000073af900000,0x00000073afa00000)]
  0x00000220e714b800 JavaThread "Unconstrained build operations Thread 5" [_thread_blocked, id=11456, stack(0x00000073afa00000,0x00000073afb00000)]
  0x00000220e7146800 JavaThread "Unconstrained build operations Thread 6" [_thread_blocked, id=10712, stack(0x00000073afb00000,0x00000073afc00000)]
  0x00000220e714c000 JavaThread "Unconstrained build operations Thread 7" [_thread_blocked, id=6356, stack(0x00000073afc00000,0x00000073afd00000)]
  0x00000220ea95b000 JavaThread "Unconstrained build operations Thread 8" [_thread_blocked, id=11992, stack(0x00000073afd00000,0x00000073afe00000)]
  0x00000220ea959800 JavaThread "Unconstrained build operations Thread 9" [_thread_blocked, id=4956, stack(0x00000073afe00000,0x00000073aff00000)]
  0x00000220ea95a800 JavaThread "Unconstrained build operations Thread 10" [_thread_blocked, id=6320, stack(0x00000073aff00000,0x00000073b0000000)]
  0x00000220ea95c000 JavaThread "Unconstrained build operations Thread 11" [_thread_blocked, id=12184, stack(0x00000073b0000000,0x00000073b0100000)]
  0x00000220ea95d000 JavaThread "Unconstrained build operations Thread 12" [_thread_blocked, id=3124, stack(0x00000073b0100000,0x00000073b0200000)]
  0x00000220ea95d800 JavaThread "Unconstrained build operations Thread 13" [_thread_blocked, id=1996, stack(0x00000073b0200000,0x00000073b0300000)]
  0x00000220ea958800 JavaThread "Unconstrained build operations Thread 14" [_thread_blocked, id=3172, stack(0x00000073b0300000,0x00000073b0400000)]
  0x00000220ea95e800 JavaThread "Unconstrained build operations Thread 15" [_thread_blocked, id=700, stack(0x00000073b0400000,0x00000073b0500000)]
  0x00000220ea965000 JavaThread "Unconstrained build operations Thread 16" [_thread_blocked, id=11260, stack(0x00000073b0500000,0x00000073b0600000)]
  0x00000220ea964000 JavaThread "Unconstrained build operations Thread 17" [_thread_blocked, id=11100, stack(0x00000073b0600000,0x00000073b0700000)]
  0x00000220ea961800 JavaThread "Unconstrained build operations Thread 18" [_thread_blocked, id=4652, stack(0x00000073b0700000,0x00000073b0800000)]
  0x00000220ea963800 JavaThread "Unconstrained build operations Thread 19" [_thread_blocked, id=11092, stack(0x00000073b0800000,0x00000073b0900000)]
  0x00000220ea962800 JavaThread "Unconstrained build operations Thread 20" [_thread_blocked, id=3384, stack(0x00000073b0900000,0x00000073b0a00000)]
  0x00000220ea960000 JavaThread "Unconstrained build operations Thread 21" [_thread_blocked, id=8096, stack(0x00000073b0a00000,0x00000073b0b00000)]
  0x00000220ea95f800 JavaThread "Unconstrained build operations Thread 22" [_thread_blocked, id=11068, stack(0x00000073b0b00000,0x00000073b0c00000)]
  0x00000220ea966000 JavaThread "Unconstrained build operations Thread 23" [_thread_blocked, id=8212, stack(0x00000073b0c00000,0x00000073b0d00000)]
  0x00000220ea966800 JavaThread "Unconstrained build operations Thread 24" [_thread_blocked, id=10012, stack(0x00000073b0d00000,0x00000073b0e00000)]
  0x00000220ea961000 JavaThread "Unconstrained build operations Thread 25" [_thread_blocked, id=7976, stack(0x00000073b0e00000,0x00000073b0f00000)]
  0x00000220ea967800 JavaThread "Unconstrained build operations Thread 26" [_thread_blocked, id=1328, stack(0x00000073b0f00000,0x00000073b1000000)]
  0x00000220ea796800 JavaThread "Unconstrained build operations Thread 27" [_thread_blocked, id=11900, stack(0x00000073b1000000,0x00000073b1100000)]
  0x00000220ea793800 JavaThread "Unconstrained build operations Thread 28" [_thread_blocked, id=11164, stack(0x00000073b1100000,0x00000073b1200000)]
  0x00000220ea795800 JavaThread "Unconstrained build operations Thread 29" [_thread_blocked, id=4268, stack(0x00000073b1200000,0x00000073b1300000)]
  0x00000220ea795000 JavaThread "Unconstrained build operations Thread 30" [_thread_blocked, id=10364, stack(0x00000073b1300000,0x00000073b1400000)]
  0x00000220ea798000 JavaThread "Unconstrained build operations Thread 31" [_thread_blocked, id=9376, stack(0x00000073b1400000,0x00000073b1500000)]
  0x00000220ea79a000 JavaThread "Unconstrained build operations Thread 32" [_thread_blocked, id=1456, stack(0x00000073b1500000,0x00000073b1600000)]
  0x00000220ea797800 JavaThread "Unconstrained build operations Thread 33" [_thread_blocked, id=11984, stack(0x00000073b1600000,0x00000073b1700000)]
  0x00000220ea799000 JavaThread "Unconstrained build operations Thread 34" [_thread_blocked, id=3196, stack(0x00000073b1700000,0x00000073b1800000)]
  0x00000220ea794000 JavaThread "Unconstrained build operations Thread 35" [_thread_blocked, id=3896, stack(0x00000073b1800000,0x00000073b1900000)]
  0x00000220ea7a0800 JavaThread "Unconstrained build operations Thread 36" [_thread_blocked, id=2844, stack(0x00000073b1900000,0x00000073b1a00000)]
  0x00000220ea79b800 JavaThread "Unconstrained build operations Thread 37" [_thread_blocked, id=1196, stack(0x00000073b1a00000,0x00000073b1b00000)]
  0x00000220ea79d000 JavaThread "Unconstrained build operations Thread 38" [_thread_blocked, id=2112, stack(0x00000073b1b00000,0x00000073b1c00000)]
  0x00000220ea79c800 JavaThread "Unconstrained build operations Thread 39" [_thread_blocked, id=8808, stack(0x00000073b1c00000,0x00000073b1d00000)]
  0x00000220ea79a800 JavaThread "Unconstrained build operations Thread 40" [_thread_blocked, id=7316, stack(0x00000073b1d00000,0x00000073b1e00000)]
  0x00000220ea79e000 JavaThread "Memory manager" [_thread_blocked, id=7920, stack(0x00000073b1e00000,0x00000073b1f00000)]
  0x00000220ea79f800 JavaThread "build event listener" [_thread_blocked, id=9264, stack(0x00000073b1f00000,0x00000073b2000000)]
  0x00000220ea79e800 JavaThread "pool-3-thread-1" [_thread_blocked, id=1188, stack(0x00000073b2000000,0x00000073b2100000)]
  0x00000220ea7a2000 JavaThread "build event listener" [_thread_blocked, id=5100, stack(0x00000073b2100000,0x00000073b2200000)]
  0x00000220ebf97800 JavaThread "included builds" [_thread_in_vm, id=612, stack(0x00000073b2200000,0x00000073b2300000)]
  0x00000220ebf9b000 JavaThread "Execution worker" [_thread_blocked, id=10812, stack(0x00000073b2300000,0x00000073b2400000)]
  0x00000220ebf95800 JavaThread "Execution worker Thread 2" [_thread_blocked, id=664, stack(0x00000073b2400000,0x00000073b2500000)]
  0x00000220ebf9c000 JavaThread "Execution worker Thread 3" [_thread_blocked, id=2736, stack(0x00000073b2500000,0x00000073b2600000)]
  0x00000220ebf98800 JavaThread "Cache worker for execution history cache (D:\SourceAndroid\KyThuat\.gradle\7.5\executionHistory)" [_thread_blocked, id=336, stack(0x00000073b2600000,0x00000073b2700000)]
  0x00000220ec007800 JavaThread "C2 CompilerThread1" daemon [_thread_blocked, id=6000, stack(0x00000073ad600000,0x00000073ad700000)]

Other Threads:
  0x00000220e4692800 VMThread "VM Thread" [stack: 0x00000073acb00000,0x00000073acc00000] [id=640]
  0x00000220e4880000 WatcherThread [stack: 0x00000073ad500000,0x00000073ad600000] [id=6724]
  0x00000220c829c000 GCTaskThread "GC Thread#0" [stack: 0x00000073ac600000,0x00000073ac700000] [id=1732]
  0x00000220e54e3000 GCTaskThread "GC Thread#1" [stack: 0x00000073ad700000,0x00000073ad800000] [id=11528]
  0x00000220e5479800 GCTaskThread "GC Thread#2" [stack: 0x00000073ad800000,0x00000073ad900000] [id=11692]
  0x00000220e547a000 GCTaskThread "GC Thread#3" [stack: 0x00000073ad900000,0x00000073ada00000] [id=11888]
  0x00000220c82cc000 ConcurrentGCThread "G1 Main Marker" [stack: 0x00000073ac700000,0x00000073ac800000] [id=6656]
  0x00000220c82ce000 ConcurrentGCThread "G1 Conc#0" [stack: 0x00000073ac800000,0x00000073ac900000] [id=7672]
  0x00000220e3cda800 ConcurrentGCThread "G1 Refine#0" [stack: 0x00000073ac900000,0x00000073aca00000] [id=12032]
  0x00000220e66f4800 ConcurrentGCThread "G1 Refine#1" [stack: 0x00000073ada00000,0x00000073adb00000] [id=8816]
  0x00000220c834d800 ConcurrentGCThread "G1 Young RemSet Sampling" [stack: 0x00000073aca00000,0x00000073acb00000] [id=11796]

Threads with active compile tasks:
C2 CompilerThread0    20396 9640   !   4       org.gradle.internal.event.DefaultListenerManager$EventBroadcast$ListenerDispatch::dispatch (55 bytes)

VM state:not at safepoint (normal execution)

VM Mutex/Monitor currently owned by a thread: None

Heap address: 0x0000000080000000, size: 2048 MB, Compressed Oops mode: 32-bit
Narrow klass base: 0x0000000000000000, Narrow klass shift: 3
Compressed class space size: 1073741824 Address: 0x0000000100000000

Heap:
 garbage-first heap   total 312320K, used 173568K [0x0000000080000000, 0x0000000100000000)
  region size 1024K, 119 young (121856K), 19 survivors (19456K)
 Metaspace       used 86768K, capacity 89184K, committed 89500K, reserved 1126400K
  class space    used 11202K, capacity 12042K, committed 12108K, reserved 1048576K
Heap Regions: E=young(eden), S=young(survivor), O=old, HS=humongous(starts), HC=humongous(continues), CS=collection set, F=free, A=archive, TAMS=top-at-mark-start (previous, next)
|   0|0x0000000080000000, 0x0000000080100000, 0x0000000080100000|100%|HS|  |TAMS 0x0000000080100000, 0x0000000080000000| Complete 
|   1|0x0000000080100000, 0x0000000080200000, 0x0000000080200000|100%|HC|  |TAMS 0x0000000080200000, 0x0000000080100000| Complete 
|   2|0x0000000080200000, 0x0000000080300000, 0x0000000080300000|100%|HC|  |TAMS 0x0000000080300000, 0x0000000080200000| Complete 
|   3|0x0000000080300000, 0x0000000080400000, 0x0000000080400000|100%| O|  |TAMS 0x0000000080400000, 0x0000000080300000| Untracked 
|   4|0x0000000080400000, 0x0000000080500000, 0x0000000080500000|100%| O|  |TAMS 0x0000000080500000, 0x0000000080400000| Untracked 
|   5|0x0000000080500000, 0x0000000080600000, 0x0000000080600000|100%| O|  |TAMS 0x0000000080600000, 0x0000000080500000| Untracked 
|   6|0x0000000080600000, 0x0000000080700000, 0x0000000080700000|100%| O|  |TAMS 0x0000000080700000, 0x0000000080600000| Untracked 
|   7|0x0000000080700000, 0x0000000080800000, 0x0000000080800000|100%| O|  |TAMS 0x0000000080800000, 0x0000000080700000| Untracked 
|   8|0x0000000080800000, 0x0000000080900000, 0x0000000080900000|100%| O|  |TAMS 0x0000000080900000, 0x0000000080800000| Untracked 
|   9|0x0000000080900000, 0x0000000080a00000, 0x0000000080a00000|100%| O|  |TAMS 0x0000000080a00000, 0x0000000080900000| Untracked 
|  10|0x0000000080a00000, 0x0000000080b00000, 0x0000000080b00000|100%| O|  |TAMS 0x0000000080b00000, 0x0000000080a00000| Untracked 
|  11|0x0000000080b00000, 0x0000000080c00000, 0x0000000080c00000|100%| O|  |TAMS 0x0000000080c00000, 0x0000000080b00000| Untracked 
|  12|0x0000000080c00000, 0x0000000080d00000, 0x0000000080d00000|100%| O|  |TAMS 0x0000000080d00000, 0x0000000080c00000| Untracked 
|  13|0x0000000080d00000, 0x0000000080e00000, 0x0000000080e00000|100%| O|  |TAMS 0x0000000080e00000, 0x0000000080d00000| Untracked 
|  14|0x0000000080e00000, 0x0000000080f00000, 0x0000000080f00000|100%| O|  |TAMS 0x0000000080f00000, 0x0000000080e00000| Untracked 
|  15|0x0000000080f00000, 0x0000000081000000, 0x0000000081000000|100%|HS|  |TAMS 0x0000000081000000, 0x0000000080f00000| Complete 
|  16|0x0000000081000000, 0x0000000081100000, 0x0000000081100000|100%|HS|  |TAMS 0x0000000081100000, 0x0000000081000000| Complete 
|  17|0x0000000081100000, 0x0000000081200000, 0x0000000081200000|100%| O|  |TAMS 0x0000000081200000, 0x0000000081100000| Untracked 
|  18|0x0000000081200000, 0x0000000081300000, 0x0000000081300000|100%| O|  |TAMS 0x0000000081300000, 0x0000000081200000| Untracked 
|  19|0x0000000081300000, 0x0000000081400000, 0x0000000081400000|100%| O|  |TAMS 0x0000000081400000, 0x0000000081300000| Untracked 
|  20|0x0000000081400000, 0x0000000081500000, 0x0000000081500000|100%| O|  |TAMS 0x0000000081500000, 0x0000000081400000| Untracked 
|  21|0x0000000081500000, 0x0000000081600000, 0x0000000081600000|100%|HS|  |TAMS 0x0000000081600000, 0x0000000081500000| Complete 
|  22|0x0000000081600000, 0x0000000081700000, 0x0000000081700000|100%|HC|  |TAMS 0x0000000081700000, 0x0000000081600000| Complete 
|  23|0x0000000081700000, 0x0000000081800000, 0x0000000081800000|100%| O|  |TAMS 0x0000000081800000, 0x0000000081700000| Untracked 
|  24|0x0000000081800000, 0x0000000081900000, 0x0000000081900000|100%| O|  |TAMS 0x0000000081900000, 0x0000000081800000| Untracked 
|  25|0x0000000081900000, 0x0000000081a00000, 0x0000000081a00000|100%| O|  |TAMS 0x0000000081a00000, 0x0000000081900000| Untracked 
|  26|0x0000000081a00000, 0x0000000081b00000, 0x0000000081b00000|100%| O|  |TAMS 0x0000000081b00000, 0x0000000081a00000| Untracked 
|  27|0x0000000081b00000, 0x0000000081c00000, 0x0000000081c00000|100%| O|  |TAMS 0x0000000081c00000, 0x0000000081b00000| Untracked 
|  28|0x0000000081c00000, 0x0000000081d00000, 0x0000000081d00000|100%| O|  |TAMS 0x0000000081d00000, 0x0000000081c00000| Untracked 
|  29|0x0000000081d00000, 0x0000000081e00000, 0x0000000081e00000|100%| O|  |TAMS 0x0000000081e00000, 0x0000000081d00000| Untracked 
|  30|0x0000000081e00000, 0x0000000081f00000, 0x0000000081f00000|100%| O|  |TAMS 0x0000000081f00000, 0x0000000081e00000| Untracked 
|  31|0x0000000081f00000, 0x0000000082000000, 0x0000000082000000|100%| O|  |TAMS 0x0000000082000000, 0x0000000081f00000| Untracked 
|  32|0x0000000082000000, 0x0000000082100000, 0x0000000082100000|100%| O|  |TAMS 0x0000000082100000, 0x0000000082000000| Untracked 
|  33|0x0000000082100000, 0x0000000082200000, 0x0000000082200000|100%| O|  |TAMS 0x0000000082200000, 0x0000000082100000| Untracked 
|  34|0x0000000082200000, 0x0000000082300000, 0x0000000082300000|100%| O|  |TAMS 0x0000000082300000, 0x0000000082200000| Untracked 
|  35|0x0000000082300000, 0x0000000082400000, 0x0000000082400000|100%| O|  |TAMS 0x0000000082400000, 0x0000000082300000| Untracked 
|  36|0x0000000082400000, 0x0000000082500000, 0x0000000082500000|100%| O|  |TAMS 0x0000000082500000, 0x0000000082400000| Untracked 
|  37|0x0000000082500000, 0x0000000082600000, 0x0000000082600000|100%| O|  |TAMS 0x0000000082600000, 0x0000000082500000| Untracked 
|  38|0x0000000082600000, 0x0000000082700000, 0x0000000082700000|100%| O|  |TAMS 0x0000000082700000, 0x0000000082600000| Untracked 
|  39|0x0000000082700000, 0x0000000082800000, 0x0000000082800000|100%| O|  |TAMS 0x0000000082800000, 0x0000000082700000| Untracked 
|  40|0x0000000082800000, 0x0000000082900000, 0x0000000082900000|100%| O|  |TAMS 0x0000000082900000, 0x0000000082800000| Untracked 
|  41|0x0000000082900000, 0x0000000082a00000, 0x0000000082a00000|100%| O|  |TAMS 0x0000000082a00000, 0x0000000082900000| Untracked 
|  42|0x0000000082a00000, 0x0000000082b00000, 0x0000000082b00000|100%| O|  |TAMS 0x0000000082b00000, 0x0000000082a00000| Untracked 
|  43|0x0000000082b00000, 0x0000000082c00000, 0x0000000082c00000|100%| O|  |TAMS 0x0000000082c00000, 0x0000000082b00000| Untracked 
|  44|0x0000000082c00000, 0x0000000082d00000, 0x0000000082d00000|100%| O|  |TAMS 0x0000000082d00000, 0x0000000082c00000| Untracked 
|  45|0x0000000082d00000, 0x0000000082e00000, 0x0000000082e00000|100%| O|  |TAMS 0x0000000082e00000, 0x0000000082d00000| Untracked 
|  46|0x0000000082e00000, 0x0000000082f00000, 0x0000000082f00000|100%| O|  |TAMS 0x0000000082f00000, 0x0000000082e00000| Untracked 
|  47|0x0000000082f00000, 0x0000000083000000, 0x0000000083000000|100%| O|  |TAMS 0x0000000083000000, 0x0000000082f00000| Untracked 
|  48|0x0000000083000000, 0x0000000083100000, 0x0000000083100000|100%| O|  |TAMS 0x0000000083100000, 0x0000000083000000| Untracked 
|  49|0x0000000083100000, 0x0000000083200000, 0x0000000083200000|100%| O|  |TAMS 0x0000000083200000, 0x0000000083100000| Untracked 
|  50|0x0000000083200000, 0x0000000083300000, 0x0000000083300000|100%| O|  |TAMS 0x0000000083300000, 0x0000000083200000| Untracked 
|  51|0x0000000083300000, 0x0000000083400000, 0x0000000083400000|100%| O|  |TAMS 0x0000000083400000, 0x0000000083300000| Untracked 
|  52|0x0000000083400000, 0x0000000083500000, 0x0000000083500000|100%| O|  |TAMS 0x0000000083500000, 0x0000000083400000| Untracked 
|  53|0x0000000083500000, 0x0000000083500000, 0x0000000083600000|  0%| F|  |TAMS 0x0000000083500000, 0x0000000083500000| Untracked 
|  54|0x0000000083600000, 0x0000000083600000, 0x0000000083700000|  0%| F|  |TAMS 0x0000000083600000, 0x0000000083600000| Untracked 
|  55|0x0000000083700000, 0x0000000083700000, 0x0000000083800000|  0%| F|  |TAMS 0x0000000083700000, 0x0000000083700000| Untracked 
|  56|0x0000000083800000, 0x0000000083800000, 0x0000000083900000|  0%| F|  |TAMS 0x0000000083800000, 0x0000000083800000| Untracked 
|  57|0x0000000083900000, 0x0000000083900000, 0x0000000083a00000|  0%| F|  |TAMS 0x0000000083900000, 0x0000000083900000| Untracked 
|  58|0x0000000083a00000, 0x0000000083a00000, 0x0000000083b00000|  0%| F|  |TAMS 0x0000000083a00000, 0x0000000083a00000| Untracked 
|  59|0x0000000083b00000, 0x0000000083b00000, 0x0000000083c00000|  0%| F|  |TAMS 0x0000000083b00000, 0x0000000083b00000| Untracked 
|  60|0x0000000083c00000, 0x0000000083c00000, 0x0000000083d00000|  0%| F|  |TAMS 0x0000000083c00000, 0x0000000083c00000| Untracked 
|  61|0x0000000083d00000, 0x0000000083d00000, 0x0000000083e00000|  0%| F|  |TAMS 0x0000000083d00000, 0x0000000083d00000| Untracked 
|  62|0x0000000083e00000, 0x0000000083e00000, 0x0000000083f00000|  0%| F|  |TAMS 0x0000000083e00000, 0x0000000083e00000| Untracked 
|  63|0x0000000083f00000, 0x0000000083f00000, 0x0000000084000000|  0%| F|  |TAMS 0x0000000083f00000, 0x0000000083f00000| Untracked 
|  64|0x0000000084000000, 0x0000000084000000, 0x0000000084100000|  0%| F|  |TAMS 0x0000000084000000, 0x0000000084000000| Untracked 
|  65|0x0000000084100000, 0x0000000084100000, 0x0000000084200000|  0%| F|  |TAMS 0x0000000084100000, 0x0000000084100000| Untracked 
|  66|0x0000000084200000, 0x0000000084200000, 0x0000000084300000|  0%| F|  |TAMS 0x0000000084200000, 0x0000000084200000| Untracked 
|  67|0x0000000084300000, 0x0000000084300000, 0x0000000084400000|  0%| F|  |TAMS 0x0000000084300000, 0x0000000084300000| Untracked 
|  68|0x0000000084400000, 0x0000000084400000, 0x0000000084500000|  0%| F|  |TAMS 0x0000000084400000, 0x0000000084400000| Untracked 
|  69|0x0000000084500000, 0x0000000084500000, 0x0000000084600000|  0%| F|  |TAMS 0x0000000084500000, 0x0000000084500000| Untracked 
|  70|0x0000000084600000, 0x0000000084600000, 0x0000000084700000|  0%| F|  |TAMS 0x0000000084600000, 0x0000000084600000| Untracked 
|  71|0x0000000084700000, 0x0000000084700000, 0x0000000084800000|  0%| F|  |TAMS 0x0000000084700000, 0x0000000084700000| Untracked 
|  72|0x0000000084800000, 0x0000000084800000, 0x0000000084900000|  0%| F|  |TAMS 0x0000000084800000, 0x0000000084800000| Untracked 
|  73|0x0000000084900000, 0x0000000084900000, 0x0000000084a00000|  0%| F|  |TAMS 0x0000000084900000, 0x0000000084900000| Untracked 
|  74|0x0000000084a00000, 0x0000000084a00000, 0x0000000084b00000|  0%| F|  |TAMS 0x0000000084a00000, 0x0000000084a00000| Untracked 
|  75|0x0000000084b00000, 0x0000000084b00000, 0x0000000084c00000|  0%| F|  |TAMS 0x0000000084b00000, 0x0000000084b00000| Untracked 
|  76|0x0000000084c00000, 0x0000000084c00000, 0x0000000084d00000|  0%| F|  |TAMS 0x0000000084c00000, 0x0000000084c00000| Untracked 
|  77|0x0000000084d00000, 0x0000000084d00000, 0x0000000084e00000|  0%| F|  |TAMS 0x0000000084d00000, 0x0000000084d00000| Untracked 
|  78|0x0000000084e00000, 0x0000000084e00000, 0x0000000084f00000|  0%| F|  |TAMS 0x0000000084e00000, 0x0000000084e00000| Untracked 
|  79|0x0000000084f00000, 0x0000000084f00000, 0x0000000085000000|  0%| F|  |TAMS 0x0000000084f00000, 0x0000000084f00000| Untracked 
|  80|0x0000000085000000, 0x0000000085000000, 0x0000000085100000|  0%| F|  |TAMS 0x0000000085000000, 0x0000000085000000| Untracked 
|  81|0x0000000085100000, 0x0000000085100000, 0x0000000085200000|  0%| F|  |TAMS 0x0000000085100000, 0x0000000085100000| Untracked 
|  82|0x0000000085200000, 0x0000000085200000, 0x0000000085300000|  0%| F|  |TAMS 0x0000000085200000, 0x0000000085200000| Untracked 
|  83|0x0000000085300000, 0x0000000085300000, 0x0000000085400000|  0%| F|  |TAMS 0x0000000085300000, 0x0000000085300000| Untracked 
|  84|0x0000000085400000, 0x0000000085400000, 0x0000000085500000|  0%| F|  |TAMS 0x0000000085400000, 0x0000000085400000| Untracked 
|  85|0x0000000085500000, 0x0000000085500000, 0x0000000085600000|  0%| F|  |TAMS 0x0000000085500000, 0x0000000085500000| Untracked 
|  86|0x0000000085600000, 0x0000000085600000, 0x0000000085700000|  0%| F|  |TAMS 0x0000000085600000, 0x0000000085600000| Untracked 
|  87|0x0000000085700000, 0x0000000085700000, 0x0000000085800000|  0%| F|  |TAMS 0x0000000085700000, 0x0000000085700000| Untracked 
|  88|0x0000000085800000, 0x0000000085800000, 0x0000000085900000|  0%| F|  |TAMS 0x0000000085800000, 0x0000000085800000| Untracked 
|  89|0x0000000085900000, 0x0000000085900000, 0x0000000085a00000|  0%| F|  |TAMS 0x0000000085900000, 0x0000000085900000| Untracked 
|  90|0x0000000085a00000, 0x0000000085a00000, 0x0000000085b00000|  0%| F|  |TAMS 0x0000000085a00000, 0x0000000085a00000| Untracked 
|  91|0x0000000085b00000, 0x0000000085b00000, 0x0000000085c00000|  0%| F|  |TAMS 0x0000000085b00000, 0x0000000085b00000| Untracked 
|  92|0x0000000085c00000, 0x0000000085c00000, 0x0000000085d00000|  0%| F|  |TAMS 0x0000000085c00000, 0x0000000085c00000| Untracked 
|  93|0x0000000085d00000, 0x0000000085d00000, 0x0000000085e00000|  0%| F|  |TAMS 0x0000000085d00000, 0x0000000085d00000| Untracked 
|  94|0x0000000085e00000, 0x0000000085e00000, 0x0000000085f00000|  0%| F|  |TAMS 0x0000000085e00000, 0x0000000085e00000| Untracked 
|  95|0x0000000085f00000, 0x0000000085f00000, 0x0000000086000000|  0%| F|  |TAMS 0x0000000085f00000, 0x0000000085f00000| Untracked 
|  96|0x0000000086000000, 0x0000000086000000, 0x0000000086100000|  0%| F|  |TAMS 0x0000000086000000, 0x0000000086000000| Untracked 
|  97|0x0000000086100000, 0x0000000086100000, 0x0000000086200000|  0%| F|  |TAMS 0x0000000086100000, 0x0000000086100000| Untracked 
|  98|0x0000000086200000, 0x0000000086200000, 0x0000000086300000|  0%| F|  |TAMS 0x0000000086200000, 0x0000000086200000| Untracked 
|  99|0x0000000086300000, 0x0000000086300000, 0x0000000086400000|  0%| F|  |TAMS 0x0000000086300000, 0x0000000086300000| Untracked 
| 100|0x0000000086400000, 0x0000000086400000, 0x0000000086500000|  0%| F|  |TAMS 0x0000000086400000, 0x0000000086400000| Untracked 
| 101|0x0000000086500000, 0x0000000086500000, 0x0000000086600000|  0%| F|  |TAMS 0x0000000086500000, 0x0000000086500000| Untracked 
| 102|0x0000000086600000, 0x0000000086600000, 0x0000000086700000|  0%| F|  |TAMS 0x0000000086600000, 0x0000000086600000| Untracked 
| 103|0x0000000086700000, 0x0000000086700000, 0x0000000086800000|  0%| F|  |TAMS 0x0000000086700000, 0x0000000086700000| Untracked 
| 104|0x0000000086800000, 0x0000000086800000, 0x0000000086900000|  0%| F|  |TAMS 0x0000000086800000, 0x0000000086800000| Untracked 
| 105|0x0000000086900000, 0x0000000086900000, 0x0000000086a00000|  0%| F|  |TAMS 0x0000000086900000, 0x0000000086900000| Untracked 
| 106|0x0000000086a00000, 0x0000000086a00000, 0x0000000086b00000|  0%| F|  |TAMS 0x0000000086a00000, 0x0000000086a00000| Untracked 
| 107|0x0000000086b00000, 0x0000000086b00000, 0x0000000086c00000|  0%| F|  |TAMS 0x0000000086b00000, 0x0000000086b00000| Untracked 
| 108|0x0000000086c00000, 0x0000000086c00000, 0x0000000086d00000|  0%| F|  |TAMS 0x0000000086c00000, 0x0000000086c00000| Untracked 
| 109|0x0000000086d00000, 0x0000000086d00000, 0x0000000086e00000|  0%| F|  |TAMS 0x0000000086d00000, 0x0000000086d00000| Untracked 
| 110|0x0000000086e00000, 0x0000000086e00000, 0x0000000086f00000|  0%| F|  |TAMS 0x0000000086e00000, 0x0000000086e00000| Untracked 
| 111|0x0000000086f00000, 0x0000000086f00000, 0x0000000087000000|  0%| F|  |TAMS 0x0000000086f00000, 0x0000000086f00000| Untracked 
| 112|0x0000000087000000, 0x0000000087000000, 0x0000000087100000|  0%| F|  |TAMS 0x0000000087000000, 0x0000000087000000| Untracked 
| 113|0x0000000087100000, 0x0000000087100000, 0x0000000087200000|  0%| F|  |TAMS 0x0000000087100000, 0x0000000087100000| Untracked 
| 114|0x0000000087200000, 0x0000000087200000, 0x0000000087300000|  0%| F|  |TAMS 0x0000000087200000, 0x0000000087200000| Untracked 
| 115|0x0000000087300000, 0x0000000087300000, 0x0000000087400000|  0%| F|  |TAMS 0x0000000087300000, 0x0000000087300000| Untracked 
| 116|0x0000000087400000, 0x0000000087480000, 0x0000000087500000| 50%| S|CS|TAMS 0x0000000087400000, 0x0000000087400000| Complete 
| 117|0x0000000087500000, 0x0000000087600000, 0x0000000087600000|100%| S|CS|TAMS 0x0000000087500000, 0x0000000087500000| Complete 
| 118|0x0000000087600000, 0x0000000087700000, 0x0000000087700000|100%| S|CS|TAMS 0x0000000087600000, 0x0000000087600000| Complete 
| 119|0x0000000087700000, 0x0000000087800000, 0x0000000087800000|100%| S|CS|TAMS 0x0000000087700000, 0x0000000087700000| Complete 
| 120|0x0000000087800000, 0x0000000087900000, 0x0000000087900000|100%| S|CS|TAMS 0x0000000087800000, 0x0000000087800000| Complete 
| 121|0x0000000087900000, 0x0000000087a00000, 0x0000000087a00000|100%| S|CS|TAMS 0x0000000087900000, 0x0000000087900000| Complete 
| 122|0x0000000087a00000, 0x0000000087b00000, 0x0000000087b00000|100%| S|CS|TAMS 0x0000000087a00000, 0x0000000087a00000| Complete 
| 123|0x0000000087b00000, 0x0000000087c00000, 0x0000000087c00000|100%| S|CS|TAMS 0x0000000087b00000, 0x0000000087b00000| Complete 
| 124|0x0000000087c00000, 0x0000000087d00000, 0x0000000087d00000|100%| S|CS|TAMS 0x0000000087c00000, 0x0000000087c00000| Complete 
| 125|0x0000000087d00000, 0x0000000087e00000, 0x0000000087e00000|100%| S|CS|TAMS 0x0000000087d00000, 0x0000000087d00000| Complete 
| 126|0x0000000087e00000, 0x0000000087f00000, 0x0000000087f00000|100%| S|CS|TAMS 0x0000000087e00000, 0x0000000087e00000| Complete 
| 127|0x0000000087f00000, 0x0000000088000000, 0x0000000088000000|100%| S|CS|TAMS 0x0000000087f00000, 0x0000000087f00000| Complete 
| 128|0x0000000088000000, 0x0000000088100000, 0x0000000088100000|100%| S|CS|TAMS 0x0000000088000000, 0x0000000088000000| Complete 
| 129|0x0000000088100000, 0x0000000088200000, 0x0000000088200000|100%| S|CS|TAMS 0x0000000088100000, 0x0000000088100000| Complete 
| 130|0x0000000088200000, 0x0000000088300000, 0x0000000088300000|100%| S|CS|TAMS 0x0000000088200000, 0x0000000088200000| Complete 
| 131|0x0000000088300000, 0x0000000088400000, 0x0000000088400000|100%| S|CS|TAMS 0x0000000088300000, 0x0000000088300000| Complete 
| 132|0x0000000088400000, 0x0000000088500000, 0x0000000088500000|100%| S|CS|TAMS 0x0000000088400000, 0x0000000088400000| Complete 
| 133|0x0000000088500000, 0x0000000088600000, 0x0000000088600000|100%| S|CS|TAMS 0x0000000088500000, 0x0000000088500000| Complete 
| 134|0x0000000088600000, 0x0000000088700000, 0x0000000088700000|100%| S|CS|TAMS 0x0000000088600000, 0x0000000088600000| Complete 
| 135|0x0000000088700000, 0x0000000088700000, 0x0000000088800000|  0%| F|  |TAMS 0x0000000088700000, 0x0000000088700000| Untracked 
| 136|0x0000000088800000, 0x0000000088800000, 0x0000000088900000|  0%| F|  |TAMS 0x0000000088800000, 0x0000000088800000| Untracked 
| 137|0x0000000088900000, 0x0000000088900000, 0x0000000088a00000|  0%| F|  |TAMS 0x0000000088900000, 0x0000000088900000| Untracked 
| 138|0x0000000088a00000, 0x0000000088a00000, 0x0000000088b00000|  0%| F|  |TAMS 0x0000000088a00000, 0x0000000088a00000| Untracked 
| 139|0x0000000088b00000, 0x0000000088b00000, 0x0000000088c00000|  0%| F|  |TAMS 0x0000000088b00000, 0x0000000088b00000| Untracked 
| 140|0x0000000088c00000, 0x0000000088c00000, 0x0000000088d00000|  0%| F|  |TAMS 0x0000000088c00000, 0x0000000088c00000| Untracked 
| 141|0x0000000088d00000, 0x0000000088d00000, 0x0000000088e00000|  0%| F|  |TAMS 0x0000000088d00000, 0x0000000088d00000| Untracked 
| 142|0x0000000088e00000, 0x0000000088e00000, 0x0000000088f00000|  0%| F|  |TAMS 0x0000000088e00000, 0x0000000088e00000| Untracked 
| 143|0x0000000088f00000, 0x0000000088f00000, 0x0000000089000000|  0%| F|  |TAMS 0x0000000088f00000, 0x0000000088f00000| Untracked 
| 144|0x0000000089000000, 0x0000000089000000, 0x0000000089100000|  0%| F|  |TAMS 0x0000000089000000, 0x0000000089000000| Untracked 
| 145|0x0000000089100000, 0x0000000089100000, 0x0000000089200000|  0%| F|  |TAMS 0x0000000089100000, 0x0000000089100000| Untracked 
| 146|0x0000000089200000, 0x0000000089200000, 0x0000000089300000|  0%| F|  |TAMS 0x0000000089200000, 0x0000000089200000| Untracked 
| 147|0x0000000089300000, 0x0000000089300000, 0x0000000089400000|  0%| F|  |TAMS 0x0000000089300000, 0x0000000089300000| Untracked 
| 148|0x0000000089400000, 0x0000000089400000, 0x0000000089500000|  0%| F|  |TAMS 0x0000000089400000, 0x0000000089400000| Untracked 
| 149|0x0000000089500000, 0x0000000089500000, 0x0000000089600000|  0%| F|  |TAMS 0x0000000089500000, 0x0000000089500000| Untracked 
| 150|0x0000000089600000, 0x0000000089600000, 0x0000000089700000|  0%| F|  |TAMS 0x0000000089600000, 0x0000000089600000| Untracked 
| 151|0x0000000089700000, 0x0000000089700000, 0x0000000089800000|  0%| F|  |TAMS 0x0000000089700000, 0x0000000089700000| Untracked 
| 152|0x0000000089800000, 0x0000000089800000, 0x0000000089900000|  0%| F|  |TAMS 0x0000000089800000, 0x0000000089800000| Untracked 
| 153|0x0000000089900000, 0x0000000089900000, 0x0000000089a00000|  0%| F|  |TAMS 0x0000000089900000, 0x0000000089900000| Untracked 
| 154|0x0000000089a00000, 0x0000000089a00000, 0x0000000089b00000|  0%| F|  |TAMS 0x0000000089a00000, 0x0000000089a00000| Untracked 
| 155|0x0000000089b00000, 0x0000000089b00000, 0x0000000089c00000|  0%| F|  |TAMS 0x0000000089b00000, 0x0000000089b00000| Untracked 
| 156|0x0000000089c00000, 0x0000000089c00000, 0x0000000089d00000|  0%| F|  |TAMS 0x0000000089c00000, 0x0000000089c00000| Untracked 
| 157|0x0000000089d00000, 0x0000000089d00000, 0x0000000089e00000|  0%| F|  |TAMS 0x0000000089d00000, 0x0000000089d00000| Untracked 
| 158|0x0000000089e00000, 0x0000000089e00000, 0x0000000089f00000|  0%| F|  |TAMS 0x0000000089e00000, 0x0000000089e00000| Untracked 
| 159|0x0000000089f00000, 0x0000000089f00000, 0x000000008a000000|  0%| F|  |TAMS 0x0000000089f00000, 0x0000000089f00000| Untracked 
| 160|0x000000008a000000, 0x000000008a000000, 0x000000008a100000|  0%| F|  |TAMS 0x000000008a000000, 0x000000008a000000| Untracked 
| 161|0x000000008a100000, 0x000000008a100000, 0x000000008a200000|  0%| F|  |TAMS 0x000000008a100000, 0x000000008a100000| Untracked 
| 162|0x000000008a200000, 0x000000008a200000, 0x000000008a300000|  0%| F|  |TAMS 0x000000008a200000, 0x000000008a200000| Untracked 
| 163|0x000000008a300000, 0x000000008a300000, 0x000000008a400000|  0%| F|  |TAMS 0x000000008a300000, 0x000000008a300000| Untracked 
| 164|0x000000008a400000, 0x000000008a400000, 0x000000008a500000|  0%| F|  |TAMS 0x000000008a400000, 0x000000008a400000| Untracked 
| 165|0x000000008a500000, 0x000000008a500000, 0x000000008a600000|  0%| F|  |TAMS 0x000000008a500000, 0x000000008a500000| Untracked 
| 166|0x000000008a600000, 0x000000008a600000, 0x000000008a700000|  0%| F|  |TAMS 0x000000008a600000, 0x000000008a600000| Untracked 
| 167|0x000000008a700000, 0x000000008a700000, 0x000000008a800000|  0%| F|  |TAMS 0x000000008a700000, 0x000000008a700000| Untracked 
| 168|0x000000008a800000, 0x000000008a800000, 0x000000008a900000|  0%| F|  |TAMS 0x000000008a800000, 0x000000008a800000| Untracked 
| 169|0x000000008a900000, 0x000000008a900000, 0x000000008aa00000|  0%| F|  |TAMS 0x000000008a900000, 0x000000008a900000| Untracked 
| 170|0x000000008aa00000, 0x000000008aa00000, 0x000000008ab00000|  0%| F|  |TAMS 0x000000008aa00000, 0x000000008aa00000| Untracked 
| 171|0x000000008ab00000, 0x000000008ab00000, 0x000000008ac00000|  0%| F|  |TAMS 0x000000008ab00000, 0x000000008ab00000| Untracked 
| 172|0x000000008ac00000, 0x000000008ac00000, 0x000000008ad00000|  0%| F|  |TAMS 0x000000008ac00000, 0x000000008ac00000| Untracked 
| 173|0x000000008ad00000, 0x000000008ad00000, 0x000000008ae00000|  0%| F|  |TAMS 0x000000008ad00000, 0x000000008ad00000| Untracked 
| 174|0x000000008ae00000, 0x000000008ae00000, 0x000000008af00000|  0%| F|  |TAMS 0x000000008ae00000, 0x000000008ae00000| Untracked 
| 175|0x000000008af00000, 0x000000008af00000, 0x000000008b000000|  0%| F|  |TAMS 0x000000008af00000, 0x000000008af00000| Untracked 
| 176|0x000000008b000000, 0x000000008b000000, 0x000000008b100000|  0%| F|  |TAMS 0x000000008b000000, 0x000000008b000000| Untracked 
| 177|0x000000008b100000, 0x000000008b100000, 0x000000008b200000|  0%| F|  |TAMS 0x000000008b100000, 0x000000008b100000| Untracked 
| 178|0x000000008b200000, 0x000000008b200000, 0x000000008b300000|  0%| F|  |TAMS 0x000000008b200000, 0x000000008b200000| Untracked 
| 179|0x000000008b300000, 0x000000008b300000, 0x000000008b400000|  0%| F|  |TAMS 0x000000008b300000, 0x000000008b300000| Untracked 
| 180|0x000000008b400000, 0x000000008b400000, 0x000000008b500000|  0%| F|  |TAMS 0x000000008b400000, 0x000000008b400000| Untracked 
| 181|0x000000008b500000, 0x000000008b500000, 0x000000008b600000|  0%| F|  |TAMS 0x000000008b500000, 0x000000008b500000| Untracked 
| 182|0x000000008b600000, 0x000000008b600000, 0x000000008b700000|  0%| F|  |TAMS 0x000000008b600000, 0x000000008b600000| Untracked 
| 183|0x000000008b700000, 0x000000008b700000, 0x000000008b800000|  0%| F|  |TAMS 0x000000008b700000, 0x000000008b700000| Untracked 
| 184|0x000000008b800000, 0x000000008b800000, 0x000000008b900000|  0%| F|  |TAMS 0x000000008b800000, 0x000000008b800000| Untracked 
| 185|0x000000008b900000, 0x000000008b900000, 0x000000008ba00000|  0%| F|  |TAMS 0x000000008b900000, 0x000000008b900000| Untracked 
| 186|0x000000008ba00000, 0x000000008ba00000, 0x000000008bb00000|  0%| F|  |TAMS 0x000000008ba00000, 0x000000008ba00000| Untracked 
| 187|0x000000008bb00000, 0x000000008bb00000, 0x000000008bc00000|  0%| F|  |TAMS 0x000000008bb00000, 0x000000008bb00000| Untracked 
| 188|0x000000008bc00000, 0x000000008bc00000, 0x000000008bd00000|  0%| F|  |TAMS 0x000000008bc00000, 0x000000008bc00000| Untracked 
| 189|0x000000008bd00000, 0x000000008bd00000, 0x000000008be00000|  0%| F|  |TAMS 0x000000008bd00000, 0x000000008bd00000| Untracked 
| 190|0x000000008be00000, 0x000000008be00000, 0x000000008bf00000|  0%| F|  |TAMS 0x000000008be00000, 0x000000008be00000| Untracked 
| 191|0x000000008bf00000, 0x000000008bf00000, 0x000000008c000000|  0%| F|  |TAMS 0x000000008bf00000, 0x000000008bf00000| Untracked 
| 192|0x000000008c000000, 0x000000008c000000, 0x000000008c100000|  0%| F|  |TAMS 0x000000008c000000, 0x000000008c000000| Untracked 
| 193|0x000000008c100000, 0x000000008c100000, 0x000000008c200000|  0%| F|  |TAMS 0x000000008c100000, 0x000000008c100000| Untracked 
| 194|0x000000008c200000, 0x000000008c200000, 0x000000008c300000|  0%| F|  |TAMS 0x000000008c200000, 0x000000008c200000| Untracked 
| 195|0x000000008c300000, 0x000000008c300000, 0x000000008c400000|  0%| F|  |TAMS 0x000000008c300000, 0x000000008c300000| Untracked 
| 196|0x000000008c400000, 0x000000008c400000, 0x000000008c500000|  0%| F|  |TAMS 0x000000008c400000, 0x000000008c400000| Untracked 
| 197|0x000000008c500000, 0x000000008c500000, 0x000000008c600000|  0%| F|  |TAMS 0x000000008c500000, 0x000000008c500000| Untracked 
| 198|0x000000008c600000, 0x000000008c600000, 0x000000008c700000|  0%| F|  |TAMS 0x000000008c600000, 0x000000008c600000| Untracked 
| 199|0x000000008c700000, 0x000000008c700000, 0x000000008c800000|  0%| F|  |TAMS 0x000000008c700000, 0x000000008c700000| Untracked 
| 200|0x000000008c800000, 0x000000008c800000, 0x000000008c900000|  0%| F|  |TAMS 0x000000008c800000, 0x000000008c800000| Untracked 
| 201|0x000000008c900000, 0x000000008c900000, 0x000000008ca00000|  0%| F|  |TAMS 0x000000008c900000, 0x000000008c900000| Untracked 
| 202|0x000000008ca00000, 0x000000008ca00000, 0x000000008cb00000|  0%| F|  |TAMS 0x000000008ca00000, 0x000000008ca00000| Untracked 
| 203|0x000000008cb00000, 0x000000008cb00000, 0x000000008cc00000|  0%| F|  |TAMS 0x000000008cb00000, 0x000000008cb00000| Untracked 
| 204|0x000000008cc00000, 0x000000008cc00000, 0x000000008cd00000|  0%| F|  |TAMS 0x000000008cc00000, 0x000000008cc00000| Untracked 
| 205|0x000000008cd00000, 0x000000008cd850e0, 0x000000008ce00000| 51%| E|  |TAMS 0x000000008cd00000, 0x000000008cd00000| Complete 
| 206|0x000000008ce00000, 0x000000008cf00000, 0x000000008cf00000|100%| E|CS|TAMS 0x000000008ce00000, 0x000000008ce00000| Complete 
| 207|0x000000008cf00000, 0x000000008d000000, 0x000000008d000000|100%| E|CS|TAMS 0x000000008cf00000, 0x000000008cf00000| Complete 
| 208|0x000000008d000000, 0x000000008d100000, 0x000000008d100000|100%| E|CS|TAMS 0x000000008d000000, 0x000000008d000000| Complete 
| 209|0x000000008d100000, 0x000000008d200000, 0x000000008d200000|100%| E|CS|TAMS 0x000000008d100000, 0x000000008d100000| Complete 
| 210|0x000000008d200000, 0x000000008d300000, 0x000000008d300000|100%| E|CS|TAMS 0x000000008d200000, 0x000000008d200000| Complete 
| 211|0x000000008d300000, 0x000000008d400000, 0x000000008d400000|100%| E|CS|TAMS 0x000000008d300000, 0x000000008d300000| Complete 
| 212|0x000000008d400000, 0x000000008d500000, 0x000000008d500000|100%| E|CS|TAMS 0x000000008d400000, 0x000000008d400000| Complete 
| 213|0x000000008d500000, 0x000000008d600000, 0x000000008d600000|100%| E|CS|TAMS 0x000000008d500000, 0x000000008d500000| Complete 
| 214|0x000000008d600000, 0x000000008d700000, 0x000000008d700000|100%| E|CS|TAMS 0x000000008d600000, 0x000000008d600000| Complete 
| 215|0x000000008d700000, 0x000000008d800000, 0x000000008d800000|100%| E|CS|TAMS 0x000000008d700000, 0x000000008d700000| Complete 
| 216|0x000000008d800000, 0x000000008d900000, 0x000000008d900000|100%| E|CS|TAMS 0x000000008d800000, 0x000000008d800000| Complete 
| 217|0x000000008d900000, 0x000000008da00000, 0x000000008da00000|100%| E|CS|TAMS 0x000000008d900000, 0x000000008d900000| Complete 
| 218|0x000000008da00000, 0x000000008db00000, 0x000000008db00000|100%| E|CS|TAMS 0x000000008da00000, 0x000000008da00000| Complete 
| 219|0x000000008db00000, 0x000000008dc00000, 0x000000008dc00000|100%| E|CS|TAMS 0x000000008db00000, 0x000000008db00000| Complete 
| 220|0x000000008dc00000, 0x000000008dd00000, 0x000000008dd00000|100%| E|CS|TAMS 0x000000008dc00000, 0x000000008dc00000| Complete 
| 221|0x000000008dd00000, 0x000000008de00000, 0x000000008de00000|100%| E|CS|TAMS 0x000000008dd00000, 0x000000008dd00000| Complete 
| 222|0x000000008de00000, 0x000000008df00000, 0x000000008df00000|100%| E|CS|TAMS 0x000000008de00000, 0x000000008de00000| Complete 
| 223|0x000000008df00000, 0x000000008e000000, 0x000000008e000000|100%| E|CS|TAMS 0x000000008df00000, 0x000000008df00000| Complete 
| 224|0x000000008e000000, 0x000000008e100000, 0x000000008e100000|100%| E|CS|TAMS 0x000000008e000000, 0x000000008e000000| Complete 
| 225|0x000000008e100000, 0x000000008e200000, 0x000000008e200000|100%| E|CS|TAMS 0x000000008e100000, 0x000000008e100000| Complete 
| 226|0x000000008e200000, 0x000000008e300000, 0x000000008e300000|100%| E|CS|TAMS 0x000000008e200000, 0x000000008e200000| Complete 
| 227|0x000000008e300000, 0x000000008e400000, 0x000000008e400000|100%| E|CS|TAMS 0x000000008e300000, 0x000000008e300000| Complete 
| 228|0x000000008e400000, 0x000000008e500000, 0x000000008e500000|100%| E|CS|TAMS 0x000000008e400000, 0x000000008e400000| Complete 
| 229|0x000000008e500000, 0x000000008e600000, 0x000000008e600000|100%| E|CS|TAMS 0x000000008e500000, 0x000000008e500000| Complete 
| 230|0x000000008e600000, 0x000000008e700000, 0x000000008e700000|100%| E|CS|TAMS 0x000000008e600000, 0x000000008e600000| Complete 
| 231|0x000000008e700000, 0x000000008e800000, 0x000000008e800000|100%| E|CS|TAMS 0x000000008e700000, 0x000000008e700000| Complete 
| 232|0x000000008e800000, 0x000000008e900000, 0x000000008e900000|100%| E|CS|TAMS 0x000000008e800000, 0x000000008e800000| Complete 
| 233|0x000000008e900000, 0x000000008ea00000, 0x000000008ea00000|100%| E|CS|TAMS 0x000000008e900000, 0x000000008e900000| Complete 
| 234|0x000000008ea00000, 0x000000008eb00000, 0x000000008eb00000|100%| E|CS|TAMS 0x000000008ea00000, 0x000000008ea00000| Complete 
| 235|0x000000008eb00000, 0x000000008ec00000, 0x000000008ec00000|100%| E|CS|TAMS 0x000000008eb00000, 0x000000008eb00000| Complete 
| 236|0x000000008ec00000, 0x000000008ed00000, 0x000000008ed00000|100%| E|CS|TAMS 0x000000008ec00000, 0x000000008ec00000| Complete 
| 237|0x000000008ed00000, 0x000000008ee00000, 0x000000008ee00000|100%| E|CS|TAMS 0x000000008ed00000, 0x000000008ed00000| Complete 
| 238|0x000000008ee00000, 0x000000008ef00000, 0x000000008ef00000|100%| E|CS|TAMS 0x000000008ee00000, 0x000000008ee00000| Complete 
| 239|0x000000008ef00000, 0x000000008f000000, 0x000000008f000000|100%| E|CS|TAMS 0x000000008ef00000, 0x000000008ef00000| Complete 
| 240|0x000000008f000000, 0x000000008f100000, 0x000000008f100000|100%| E|CS|TAMS 0x000000008f000000, 0x000000008f000000| Complete 
| 241|0x000000008f100000, 0x000000008f200000, 0x000000008f200000|100%| E|CS|TAMS 0x000000008f100000, 0x000000008f100000| Complete 
| 242|0x000000008f200000, 0x000000008f300000, 0x000000008f300000|100%| E|CS|TAMS 0x000000008f200000, 0x000000008f200000| Complete 
| 243|0x000000008f300000, 0x000000008f400000, 0x000000008f400000|100%| E|CS|TAMS 0x000000008f300000, 0x000000008f300000| Complete 
| 244|0x000000008f400000, 0x000000008f500000, 0x000000008f500000|100%| E|CS|TAMS 0x000000008f400000, 0x000000008f400000| Complete 
| 245|0x000000008f500000, 0x000000008f600000, 0x000000008f600000|100%| E|CS|TAMS 0x000000008f500000, 0x000000008f500000| Complete 
| 246|0x000000008f600000, 0x000000008f700000, 0x000000008f700000|100%| E|CS|TAMS 0x000000008f600000, 0x000000008f600000| Complete 
| 247|0x000000008f700000, 0x000000008f800000, 0x000000008f800000|100%| E|CS|TAMS 0x000000008f700000, 0x000000008f700000| Complete 
| 248|0x000000008f800000, 0x000000008f900000, 0x000000008f900000|100%| E|CS|TAMS 0x000000008f800000, 0x000000008f800000| Complete 
| 249|0x000000008f900000, 0x000000008fa00000, 0x000000008fa00000|100%| E|CS|TAMS 0x000000008f900000, 0x000000008f900000| Complete 
| 250|0x000000008fa00000, 0x000000008fb00000, 0x000000008fb00000|100%| E|CS|TAMS 0x000000008fa00000, 0x000000008fa00000| Complete 
| 251|0x000000008fb00000, 0x000000008fc00000, 0x000000008fc00000|100%| E|CS|TAMS 0x000000008fb00000, 0x000000008fb00000| Complete 
| 252|0x000000008fc00000, 0x000000008fd00000, 0x000000008fd00000|100%| E|CS|TAMS 0x000000008fc00000, 0x000000008fc00000| Complete 
| 253|0x000000008fd00000, 0x000000008fe00000, 0x000000008fe00000|100%| E|CS|TAMS 0x000000008fd00000, 0x000000008fd00000| Complete 
| 254|0x000000008fe00000, 0x000000008ff00000, 0x000000008ff00000|100%| E|CS|TAMS 0x000000008fe00000, 0x000000008fe00000| Complete 
| 255|0x000000008ff00000, 0x0000000090000000, 0x0000000090000000|100%| E|CS|TAMS 0x000000008ff00000, 0x000000008ff00000| Complete 
| 256|0x0000000090000000, 0x0000000090100000, 0x0000000090100000|100%| E|CS|TAMS 0x0000000090000000, 0x0000000090000000| Complete 
| 257|0x0000000090100000, 0x0000000090200000, 0x0000000090200000|100%| E|CS|TAMS 0x0000000090100000, 0x0000000090100000| Complete 
| 258|0x0000000090200000, 0x0000000090300000, 0x0000000090300000|100%| E|CS|TAMS 0x0000000090200000, 0x0000000090200000| Complete 
| 259|0x0000000090300000, 0x0000000090400000, 0x0000000090400000|100%| E|CS|TAMS 0x0000000090300000, 0x0000000090300000| Complete 
| 260|0x0000000090400000, 0x0000000090500000, 0x0000000090500000|100%| E|CS|TAMS 0x0000000090400000, 0x0000000090400000| Complete 
| 261|0x0000000090500000, 0x0000000090600000, 0x0000000090600000|100%| E|CS|TAMS 0x0000000090500000, 0x0000000090500000| Complete 
| 262|0x0000000090600000, 0x0000000090700000, 0x0000000090700000|100%| E|CS|TAMS 0x0000000090600000, 0x0000000090600000| Complete 
| 263|0x0000000090700000, 0x0000000090800000, 0x0000000090800000|100%| E|CS|TAMS 0x0000000090700000, 0x0000000090700000| Complete 
| 264|0x0000000090800000, 0x0000000090900000, 0x0000000090900000|100%| E|CS|TAMS 0x0000000090800000, 0x0000000090800000| Complete 
| 265|0x0000000090900000, 0x0000000090a00000, 0x0000000090a00000|100%| E|CS|TAMS 0x0000000090900000, 0x0000000090900000| Complete 
| 266|0x0000000090a00000, 0x0000000090b00000, 0x0000000090b00000|100%| E|CS|TAMS 0x0000000090a00000, 0x0000000090a00000| Complete 
| 267|0x0000000090b00000, 0x0000000090c00000, 0x0000000090c00000|100%| E|  |TAMS 0x0000000090b00000, 0x0000000090b00000| Complete 
| 268|0x0000000090c00000, 0x0000000090d00000, 0x0000000090d00000|100%| E|CS|TAMS 0x0000000090c00000, 0x0000000090c00000| Complete 
| 269|0x0000000090d00000, 0x0000000090e00000, 0x0000000090e00000|100%| E|CS|TAMS 0x0000000090d00000, 0x0000000090d00000| Complete 
| 270|0x0000000090e00000, 0x0000000090f00000, 0x0000000090f00000|100%| E|CS|TAMS 0x0000000090e00000, 0x0000000090e00000| Complete 
| 271|0x0000000090f00000, 0x0000000091000000, 0x0000000091000000|100%| E|CS|TAMS 0x0000000090f00000, 0x0000000090f00000| Complete 
| 272|0x0000000091000000, 0x0000000091100000, 0x0000000091100000|100%| E|CS|TAMS 0x0000000091000000, 0x0000000091000000| Complete 
| 273|0x0000000091100000, 0x0000000091200000, 0x0000000091200000|100%| E|CS|TAMS 0x0000000091100000, 0x0000000091100000| Complete 
| 274|0x0000000091200000, 0x0000000091300000, 0x0000000091300000|100%| E|CS|TAMS 0x0000000091200000, 0x0000000091200000| Complete 
| 275|0x0000000091300000, 0x0000000091400000, 0x0000000091400000|100%| E|CS|TAMS 0x0000000091300000, 0x0000000091300000| Complete 
| 276|0x0000000091400000, 0x0000000091500000, 0x0000000091500000|100%| E|CS|TAMS 0x0000000091400000, 0x0000000091400000| Complete 
| 277|0x0000000091500000, 0x0000000091600000, 0x0000000091600000|100%| E|CS|TAMS 0x0000000091500000, 0x0000000091500000| Complete 
| 278|0x0000000091600000, 0x0000000091700000, 0x0000000091700000|100%| E|CS|TAMS 0x0000000091600000, 0x0000000091600000| Complete 
| 279|0x0000000091700000, 0x0000000091800000, 0x0000000091800000|100%| E|CS|TAMS 0x0000000091700000, 0x0000000091700000| Complete 
| 280|0x0000000091800000, 0x0000000091900000, 0x0000000091900000|100%| E|CS|TAMS 0x0000000091800000, 0x0000000091800000| Complete 
| 281|0x0000000091900000, 0x0000000091a00000, 0x0000000091a00000|100%| E|CS|TAMS 0x0000000091900000, 0x0000000091900000| Complete 
| 282|0x0000000091a00000, 0x0000000091b00000, 0x0000000091b00000|100%| E|CS|TAMS 0x0000000091a00000, 0x0000000091a00000| Complete 
| 283|0x0000000091b00000, 0x0000000091c00000, 0x0000000091c00000|100%| E|CS|TAMS 0x0000000091b00000, 0x0000000091b00000| Complete 
| 284|0x0000000091c00000, 0x0000000091d00000, 0x0000000091d00000|100%| E|CS|TAMS 0x0000000091c00000, 0x0000000091c00000| Complete 
| 285|0x0000000091d00000, 0x0000000091e00000, 0x0000000091e00000|100%| E|CS|TAMS 0x0000000091d00000, 0x0000000091d00000| Complete 
| 286|0x0000000091e00000, 0x0000000091f00000, 0x0000000091f00000|100%| E|CS|TAMS 0x0000000091e00000, 0x0000000091e00000| Complete 
| 287|0x0000000091f00000, 0x0000000092000000, 0x0000000092000000|100%| E|CS|TAMS 0x0000000091f00000, 0x0000000091f00000| Complete 
| 288|0x0000000092000000, 0x0000000092100000, 0x0000000092100000|100%| E|CS|TAMS 0x0000000092000000, 0x0000000092000000| Complete 
| 289|0x0000000092100000, 0x0000000092200000, 0x0000000092200000|100%| E|CS|TAMS 0x0000000092100000, 0x0000000092100000| Complete 
| 290|0x0000000092200000, 0x0000000092300000, 0x0000000092300000|100%| E|CS|TAMS 0x0000000092200000, 0x0000000092200000| Complete 
| 291|0x0000000092300000, 0x0000000092400000, 0x0000000092400000|100%| E|CS|TAMS 0x0000000092300000, 0x0000000092300000| Complete 
| 292|0x0000000092400000, 0x0000000092500000, 0x0000000092500000|100%| E|CS|TAMS 0x0000000092400000, 0x0000000092400000| Complete 
| 293|0x0000000092500000, 0x0000000092600000, 0x0000000092600000|100%| E|CS|TAMS 0x0000000092500000, 0x0000000092500000| Complete 
| 294|0x0000000092600000, 0x0000000092700000, 0x0000000092700000|100%| E|CS|TAMS 0x0000000092600000, 0x0000000092600000| Complete 
| 295|0x0000000092700000, 0x0000000092800000, 0x0000000092800000|100%| E|CS|TAMS 0x0000000092700000, 0x0000000092700000| Complete 
| 296|0x0000000092800000, 0x0000000092900000, 0x0000000092900000|100%| E|CS|TAMS 0x0000000092800000, 0x0000000092800000| Complete 
| 297|0x0000000092900000, 0x0000000092a00000, 0x0000000092a00000|100%| E|CS|TAMS 0x0000000092900000, 0x0000000092900000| Complete 
| 298|0x0000000092a00000, 0x0000000092b00000, 0x0000000092b00000|100%| E|CS|TAMS 0x0000000092a00000, 0x0000000092a00000| Complete 
| 299|0x0000000092b00000, 0x0000000092c00000, 0x0000000092c00000|100%| E|CS|TAMS 0x0000000092b00000, 0x0000000092b00000| Complete 
| 300|0x0000000092c00000, 0x0000000092d00000, 0x0000000092d00000|100%| E|CS|TAMS 0x0000000092c00000, 0x0000000092c00000| Complete 
| 301|0x0000000092d00000, 0x0000000092e00000, 0x0000000092e00000|100%| E|CS|TAMS 0x0000000092d00000, 0x0000000092d00000| Complete 
| 302|0x0000000092e00000, 0x0000000092f00000, 0x0000000092f00000|100%| E|CS|TAMS 0x0000000092e00000, 0x0000000092e00000| Complete 
| 303|0x0000000092f00000, 0x0000000093000000, 0x0000000093000000|100%| E|CS|TAMS 0x0000000092f00000, 0x0000000092f00000| Complete 
| 304|0x0000000093000000, 0x0000000093100000, 0x0000000093100000|100%| E|CS|TAMS 0x0000000093000000, 0x0000000093000000| Complete 

Card table byte_map: [0x00000220dcfb0000,0x00000220dd3b0000] _byte_map_base: 0x00000220dcbb0000

Marking Bits (Prev, Next): (CMBitMap*) 0x00000220c82c3010, (CMBitMap*) 0x00000220c82c2fd8
 Prev Bits: [0x00000220df7b0000, 0x00000220e17b0000)
 Next Bits: [0x00000220dd7b0000, 0x00000220df7b0000)

Polling page: 0x00000220c8350000

Metaspace:

Usage:
  Non-class:     75.35 MB capacity,    73.83 MB ( 98%) used,     1.27 MB (  2%) free+waste,   251.06 KB ( <1%) overhead. 
      Class:     11.76 MB capacity,    10.95 MB ( 93%) used,   719.77 KB (  6%) free+waste,   115.31 KB ( <1%) overhead. 
       Both:     87.11 MB capacity,    84.78 MB ( 97%) used,     1.97 MB (  2%) free+waste,   366.38 KB ( <1%) overhead. 

Virtual space:
  Non-class space:       76.00 MB reserved,      75.58 MB (>99%) committed 
      Class space:        1.00 GB reserved,      11.82 MB (  1%) committed 
             Both:        1.07 GB reserved,      87.40 MB (  8%) committed 

Chunk freelists:
   Non-Class:  46.00 KB
       Class:  17.00 KB
        Both:  63.00 KB

MaxMetaspaceSize: 17179869184.00 GB
CompressedClassSpaceSize: 1.00 GB
Initial GC threshold: 20.80 MB
Current GC threshold: 137.96 MB
CDS: off

CodeHeap 'non-profiled nmethods': size=120064Kb used=5372Kb max_used=5372Kb free=114691Kb
 bounds [0x00000220d5030000, 0x00000220d5570000, 0x00000220dc570000]
CodeHeap 'profiled nmethods': size=120000Kb used=20609Kb max_used=20609Kb free=99391Kb
 bounds [0x00000220cdb00000, 0x00000220cef30000, 0x00000220d5030000]
CodeHeap 'non-nmethods': size=5696Kb used=2365Kb max_used=2407Kb free=3330Kb
 bounds [0x00000220cd570000, 0x00000220cd7e0000, 0x00000220cdb00000]
 total_blobs=10513 nmethods=9623 adapters=803
 compilation: enabled
              stopped_count=0, restarted_count=0
 full_count=0

Compilation events (20 events):
Event: 20.355 Thread 0x00000220e46ff800 9656       3       java.util.LinkedHashMap::clear (15 bytes)
Event: 20.355 Thread 0x00000220e46ff800 nmethod 9656 0x00000220cef1a490 code [0x00000220cef1a640, 0x00000220cef1a7c8]
Event: 20.355 Thread 0x00000220e46ff800 9657       3       org.gradle.internal.snapshot.DirectorySnapshot$$Lambda$1018/0x0000000100bb3040::get$Lambda (9 bytes)
Event: 20.356 Thread 0x00000220e46ff800 nmethod 9657 0x00000220cef1a890 code [0x00000220cef1aa60, 0x00000220cef1acb8]
Event: 20.356 Thread 0x00000220e46ff800 9658       3       org.gradle.internal.snapshot.DirectorySnapshot$$Lambda$1018/0x0000000100bb3040::<init> (10 bytes)
Event: 20.356 Thread 0x00000220e46ff800 nmethod 9658 0x00000220cef1ad90 code [0x00000220cef1af40, 0x00000220cef1b0f8]
Event: 20.356 Thread 0x00000220e46ff800 9659       1       org.gradle.internal.logging.events.ProgressCompleteEvent::getProgressOperationId (5 bytes)
Event: 20.356 Thread 0x00000220e46ff800 nmethod 9659 0x00000220d556cb90 code [0x00000220d556cd40, 0x00000220d556cdf8]
Event: 20.356 Thread 0x00000220e46ff800 9660       3       com.google.common.collect.RegularImmutableSet::spliterator (11 bytes)
Event: 20.356 Thread 0x00000220e46ff800 nmethod 9660 0x00000220cef1b190 code [0x00000220cef1b380, 0x00000220cef1b738]
Event: 20.356 Thread 0x00000220e46ff800 9661       3       java.lang.Enum::valueOf (73 bytes)
Event: 20.357 Thread 0x00000220e46ff800 nmethod 9661 0x00000220cef1b910 code [0x00000220cef1bbe0, 0x00000220cef1c878]
Event: 20.357 Thread 0x00000220e46ff800 9662       3       java.io.ObjectOutputStream::writeNonProxyDesc (109 bytes)
Event: 20.358 Thread 0x00000220e46ff800 nmethod 9662 0x00000220cef1cd10 code [0x00000220cef1d060, 0x00000220cef1e1c8]
Event: 20.358 Thread 0x00000220e46ff800 9663       3       java.io.ObjectOutputStream::writeClassDescriptor (6 bytes)
Event: 20.359 Thread 0x00000220e46ff800 nmethod 9663 0x00000220cef1e910 code [0x00000220cef1eac0, 0x00000220cef1ec08]
Event: 20.359 Thread 0x00000220e46ff800 9664       3       java.io.ObjectOutputStream::writeShort (9 bytes)
Event: 20.359 Thread 0x00000220e46ff800 nmethod 9664 0x00000220cef1ed10 code [0x00000220cef1eec0, 0x00000220cef1f008]
Event: 20.370 Thread 0x00000220ec007800 nmethod 9651 0x00000220d556ce90 code [0x00000220d556d040, 0x00000220d556d7f8]
Event: 20.370 Thread 0x00000220ec007800 9650   !   4       org.gradle.internal.event.DefaultListenerManager$EventBroadcast::endNotification (145 bytes)

GC Heap History (20 events):
Event: 1.106 GC heap before
{Heap before GC invocations=1 (full 0):
 garbage-first heap   total 260096K, used 58159K [0x0000000080000000, 0x0000000100000000)
  region size 1024K, 51 young (52224K), 2 survivors (2048K)
 Metaspace       used 11084K, capacity 11325K, committed 11520K, reserved 1058816K
  class space    used 1150K, capacity 1247K, committed 1280K, reserved 1048576K
}
Event: 1.110 GC heap after
{Heap after GC invocations=2 (full 0):
 garbage-first heap   total 260096K, used 13869K [0x0000000080000000, 0x0000000100000000)
  region size 1024K, 7 young (7168K), 7 survivors (7168K)
 Metaspace       used 11084K, capacity 11325K, committed 11520K, reserved 1058816K
  class space    used 1150K, capacity 1247K, committed 1280K, reserved 1048576K
}
Event: 1.820 GC heap before
{Heap before GC invocations=2 (full 0):
 garbage-first heap   total 260096K, used 60973K [0x0000000080000000, 0x0000000100000000)
  region size 1024K, 53 young (54272K), 7 survivors (7168K)
 Metaspace       used 20005K, capacity 20466K, committed 20480K, reserved 1067008K
  class space    used 2391K, capacity 2551K, committed 2560K, reserved 1048576K
}
Event: 1.826 GC heap after
{Heap after GC invocations=3 (full 0):
 garbage-first heap   total 260096K, used 16855K [0x0000000080000000, 0x0000000100000000)
  region size 1024K, 3 young (3072K), 3 survivors (3072K)
 Metaspace       used 20005K, capacity 20466K, committed 20480K, reserved 1067008K
  class space    used 2391K, capacity 2551K, committed 2560K, reserved 1048576K
}
Event: 1.888 GC heap before
{Heap before GC invocations=3 (full 0):
 garbage-first heap   total 260096K, used 27095K [0x0000000080000000, 0x0000000100000000)
  region size 1024K, 14 young (14336K), 3 survivors (3072K)
 Metaspace       used 20833K, capacity 21153K, committed 21296K, reserved 1069056K
  class space    used 2510K, capacity 2651K, committed 2688K, reserved 1048576K
}
Event: 1.892 GC heap after
{Heap after GC invocations=4 (full 0):
 garbage-first heap   total 260096K, used 17308K [0x0000000080000000, 0x0000000100000000)
  region size 1024K, 4 young (4096K), 4 survivors (4096K)
 Metaspace       used 20833K, capacity 21153K, committed 21296K, reserved 1069056K
  class space    used 2510K, capacity 2651K, committed 2688K, reserved 1048576K
}
Event: 2.351 GC heap before
{Heap before GC invocations=5 (full 0):
 garbage-first heap   total 260096K, used 69532K [0x0000000080000000, 0x0000000100000000)
  region size 1024K, 55 young (56320K), 4 survivors (4096K)
 Metaspace       used 26406K, capacity 27032K, committed 27184K, reserved 1073152K
  class space    used 3409K, capacity 3620K, committed 3712K, reserved 1048576K
}
Event: 2.357 GC heap after
{Heap after GC invocations=6 (full 0):
 garbage-first heap   total 260096K, used 18974K [0x0000000080000000, 0x0000000100000000)
  region size 1024K, 5 young (5120K), 5 survivors (5120K)
 Metaspace       used 26406K, capacity 27032K, committed 27184K, reserved 1073152K
  class space    used 3409K, capacity 3620K, committed 3712K, reserved 1048576K
}
Event: 3.057 GC heap before
{Heap before GC invocations=6 (full 0):
 garbage-first heap   total 260096K, used 88606K [0x0000000080000000, 0x0000000100000000)
  region size 1024K, 74 young (75776K), 5 survivors (5120K)
 Metaspace       used 34905K, capacity 35731K, committed 35888K, reserved 1081344K
  class space    used 4553K, capacity 4887K, committed 4992K, reserved 1048576K
}
Event: 3.067 GC heap after
{Heap after GC invocations=7 (full 0):
 garbage-first heap   total 260096K, used 22718K [0x0000000080000000, 0x0000000100000000)
  region size 1024K, 9 young (9216K), 9 survivors (9216K)
 Metaspace       used 34905K, capacity 35731K, committed 35888K, reserved 1081344K
  class space    used 4553K, capacity 4887K, committed 4992K, reserved 1048576K
}
Event: 4.032 GC heap before
{Heap before GC invocations=8 (full 0):
 garbage-first heap   total 260096K, used 118974K [0x0000000080000000, 0x0000000100000000)
  region size 1024K, 100 young (102400K), 9 survivors (9216K)
 Metaspace       used 42872K, capacity 44023K, committed 44336K, reserved 1087488K
  class space    used 5471K, capacity 5891K, committed 6016K, reserved 1048576K
}
Event: 4.047 GC heap after
{Heap after GC invocations=9 (full 0):
 garbage-first heap   total 260096K, used 30313K [0x0000000080000000, 0x0000000100000000)
  region size 1024K, 13 young (13312K), 13 survivors (13312K)
 Metaspace       used 42872K, capacity 44023K, committed 44336K, reserved 1087488K
  class space    used 5471K, capacity 5891K, committed 6016K, reserved 1048576K
}
Event: 5.479 GC heap before
{Heap before GC invocations=10 (full 0):
 garbage-first heap   total 260096K, used 173673K [0x0000000080000000, 0x0000000100000000)
  region size 1024K, 148 young (151552K), 13 survivors (13312K)
 Metaspace       used 53270K, capacity 54757K, committed 54960K, reserved 1097728K
  class space    used 6763K, capacity 7321K, committed 7424K, reserved 1048576K
}
Event: 5.505 GC heap after
{Heap after GC invocations=11 (full 0):
 garbage-first heap   total 260096K, used 46080K [0x0000000080000000, 0x0000000100000000)
  region size 1024K, 19 young (19456K), 19 survivors (19456K)
 Metaspace       used 53270K, capacity 54757K, committed 54960K, reserved 1097728K
  class space    used 6763K, capacity 7321K, committed 7424K, reserved 1048576K
}
Event: 6.980 GC heap before
{Heap before GC invocations=11 (full 0):
 garbage-first heap   total 260096K, used 190464K [0x0000000080000000, 0x0000000100000000)
  region size 1024K, 152 young (155648K), 19 survivors (19456K)
 Metaspace       used 67425K, capacity 69054K, committed 69296K, reserved 1110016K
  class space    used 8507K, capacity 9098K, committed 9216K, reserved 1048576K
}
Event: 6.999 GC heap after
{Heap after GC invocations=12 (full 0):
 garbage-first heap   total 312320K, used 55167K [0x0000000080000000, 0x0000000100000000)
  region size 1024K, 10 young (10240K), 10 survivors (10240K)
 Metaspace       used 67425K, capacity 69054K, committed 69296K, reserved 1110016K
  class space    used 8507K, capacity 9098K, committed 9216K, reserved 1048576K
}
Event: 7.612 GC heap before
{Heap before GC invocations=12 (full 0):
 garbage-first heap   total 312320K, used 129919K [0x0000000080000000, 0x0000000100000000)
  region size 1024K, 84 young (86016K), 10 survivors (10240K)
 Metaspace       used 72539K, capacity 74266K, committed 74320K, reserved 1114112K
  class space    used 9339K, capacity 9977K, committed 9984K, reserved 1048576K
}
Event: 7.627 GC heap after
{Heap after GC invocations=13 (full 0):
 garbage-first heap   total 312320K, used 59775K [0x0000000080000000, 0x0000000100000000)
  region size 1024K, 15 young (15360K), 15 survivors (15360K)
 Metaspace       used 72539K, capacity 74266K, committed 74320K, reserved 1114112K
  class space    used 9339K, capacity 9977K, committed 9984K, reserved 1048576K
}
Event: 9.036 GC heap before
{Heap before GC invocations=14 (full 0):
 garbage-first heap   total 312320K, used 218495K [0x0000000080000000, 0x0000000100000000)
  region size 1024K, 170 young (174080K), 15 survivors (15360K)
 Metaspace       used 82192K, capacity 84175K, committed 84380K, reserved 1122304K
  class space    used 10637K, capacity 11314K, committed 11340K, reserved 1048576K
}
Event: 9.080 GC heap after
{Heap after GC invocations=15 (full 0):
 garbage-first heap   total 312320K, used 73216K [0x0000000080000000, 0x0000000100000000)
  region size 1024K, 19 young (19456K), 19 survivors (19456K)
 Metaspace       used 82192K, capacity 84175K, committed 84380K, reserved 1122304K
  class space    used 10637K, capacity 11314K, committed 11340K, reserved 1048576K
}

Deoptimization events (20 events):
Event: 20.355 Thread 0x00000220ebf97800 Uncommon trap: trap_request=0xffffff4d fr.pc=0x00000220d55312e4 relative=0x0000000000000204
Event: 20.355 Thread 0x00000220ebf97800 Uncommon trap: reason=unstable_if action=reinterpret pc=0x00000220d55312e4 method=org.gradle.internal.file.FileHierarchySet$Node.isChildOfOrThis(Ljava/lang/String;I)Z @ 72 c2
Event: 20.355 Thread 0x00000220ebf97800 DEOPT PACKING pc=0x00000220d55312e4 sp=0x00000073b22fc3a0
Event: 20.355 Thread 0x00000220ebf97800 DEOPT UNPACKING pc=0x00000220cd5ba1a9 sp=0x00000073b22fc328 mode 2
Event: 20.371 Thread 0x00000220ebf97800 Uncommon trap: trap_request=0xffffffde fr.pc=0x00000220d554e334 relative=0x00000000000006d4
Event: 20.371 Thread 0x00000220ebf97800 Uncommon trap: reason=class_check action=maybe_recompile pc=0x00000220d554e334 method=org.gradle.internal.snapshot.ChildMap$Entry.handleAncestorDescendantOrExactMatch(Lorg/gradle/internal/snapshot/VfsRelativePath;Lorg/gradle/internal/snapshot/CaseSensitiv
Event: 20.371 Thread 0x00000220ebf97800 DEOPT PACKING pc=0x00000220d554e334 sp=0x00000073b22fa400
Event: 20.371 Thread 0x00000220ebf97800 DEOPT UNPACKING pc=0x00000220cd5ba1a9 sp=0x00000073b22fa3b0 mode 2
Event: 20.371 Thread 0x00000220ebf97800 Uncommon trap: trap_request=0xffffffde fr.pc=0x00000220d554e334 relative=0x00000000000006d4
Event: 20.371 Thread 0x00000220ebf97800 Uncommon trap: reason=class_check action=maybe_recompile pc=0x00000220d554e334 method=org.gradle.internal.snapshot.ChildMap$Entry.handleAncestorDescendantOrExactMatch(Lorg/gradle/internal/snapshot/VfsRelativePath;Lorg/gradle/internal/snapshot/CaseSensitiv
Event: 20.371 Thread 0x00000220ebf97800 DEOPT PACKING pc=0x00000220d554e334 sp=0x00000073b22f9fb0
Event: 20.371 Thread 0x00000220ebf97800 DEOPT UNPACKING pc=0x00000220cd5ba1a9 sp=0x00000073b22f9f60 mode 2
Event: 20.371 Thread 0x00000220ebf97800 Uncommon trap: trap_request=0xffffffde fr.pc=0x00000220d554e334 relative=0x00000000000006d4
Event: 20.371 Thread 0x00000220ebf97800 Uncommon trap: reason=class_check action=maybe_recompile pc=0x00000220d554e334 method=org.gradle.internal.snapshot.ChildMap$Entry.handleAncestorDescendantOrExactMatch(Lorg/gradle/internal/snapshot/VfsRelativePath;Lorg/gradle/internal/snapshot/CaseSensitiv
Event: 20.371 Thread 0x00000220ebf97800 DEOPT PACKING pc=0x00000220d554e334 sp=0x00000073b22f9b60
Event: 20.371 Thread 0x00000220ebf97800 DEOPT UNPACKING pc=0x00000220cd5ba1a9 sp=0x00000073b22f9b10 mode 2
Event: 20.371 Thread 0x00000220ebf97800 Uncommon trap: trap_request=0xffffffde fr.pc=0x00000220d554e368 relative=0x0000000000000708
Event: 20.371 Thread 0x00000220ebf97800 Uncommon trap: reason=class_check action=maybe_recompile pc=0x00000220d554e368 method=org.gradle.internal.snapshot.ChildMap$Entry.handleAncestorDescendantOrExactMatch(Lorg/gradle/internal/snapshot/VfsRelativePath;Lorg/gradle/internal/snapshot/CaseSensitiv
Event: 20.371 Thread 0x00000220ebf97800 DEOPT PACKING pc=0x00000220d554e368 sp=0x00000073b22f9710
Event: 20.371 Thread 0x00000220ebf97800 DEOPT UNPACKING pc=0x00000220cd5ba1a9 sp=0x00000073b22f96c8 mode 2

Classes redefined (0 events):
No events

Internal exceptions (20 events):
Event: 19.421 Thread 0x00000220e5f1d800 Exception <a 'java/lang/NoSuchMethodError'{0x0000000091356f38}: <clinit>> (0x0000000091356f38) thrown at [src/hotspot/share/prims/jni.cpp, line 1367]
Event: 19.422 Thread 0x00000220e5f1d800 Exception <a 'java/lang/NoSuchMethodError'{0x0000000091365ba8}: <clinit>> (0x0000000091365ba8) thrown at [src/hotspot/share/prims/jni.cpp, line 1367]
Event: 19.424 Thread 0x00000220e5f1d800 Exception <a 'java/lang/NoSuchMethodError'{0x0000000091370eb8}: <clinit>> (0x0000000091370eb8) thrown at [src/hotspot/share/prims/jni.cpp, line 1367]
Event: 19.435 Thread 0x00000220ea79f800 Exception <a 'java/lang/NoSuchMethodError'{0x00000000927b28d8}: <clinit>> (0x00000000927b28d8) thrown at [src/hotspot/share/prims/jni.cpp, line 1367]
Event: 19.438 Thread 0x00000220ea79f800 Exception <a 'java/lang/NoSuchMethodError'{0x00000000927c73a8}: <clinit>> (0x00000000927c73a8) thrown at [src/hotspot/share/prims/jni.cpp, line 1367]
Event: 19.443 Thread 0x00000220ea79f800 Exception <a 'java/lang/NoSuchMethodError'{0x00000000927e9570}: <clinit>> (0x00000000927e9570) thrown at [src/hotspot/share/prims/jni.cpp, line 1367]
Event: 19.451 Thread 0x00000220e5f1d800 Exception <a 'java/lang/NoSuchMethodError'{0x00000000911c9aa0}: <clinit>> (0x00000000911c9aa0) thrown at [src/hotspot/share/prims/jni.cpp, line 1367]
Event: 19.463 Thread 0x00000220ebf9b000 Exception <a 'java/lang/NoSuchMethodError'{0x00000000910fba90}: 'int java.lang.invoke.DirectMethodHandle$Holder.invokeSpecial(java.lang.Object, java.lang.Object, java.lang.Object, java.lang.Object, java.lang.Object)'> (0x00000000910fba90) thrown at [src/hotspot/share/interpreter/linkResolver.cpp, line 773]
Event: 19.488 Thread 0x00000220ebf97800 Exception <a 'java/lang/IncompatibleClassChangeError'{0x0000000090fbff60}: Found class java.lang.Object, but interface was expected> (0x0000000090fbff60) thrown at [src/hotspot/share/interpreter/linkResolver.cpp, line 839]
Event: 19.507 Thread 0x00000220ebf97800 Exception <a 'java/lang/NoSuchMethodError'{0x0000000090c0fa90}: 'int java.lang.invoke.DirectMethodHandle$Holder.invokeStaticInit(java.lang.Object, java.lang.Object, java.lang.Object, java.lang.Object, java.lang.Object)'> (0x0000000090c0fa90) thrown at [src/hotspot/share/interpreter/linkResolver.cpp, line 773]
Event: 19.788 Thread 0x00000220ebf97800 Exception <a 'java/lang/NoSuchMethodError'{0x00000000902de848}: 'void java.lang.invoke.DirectMethodHandle$Holder.invokeStatic(java.lang.Object, java.lang.Object, java.lang.Object, java.lang.Object, int, java.lang.Object, java.lang.Object)'> (0x00000000902de848) thrown at [src/hotspot/share/interpreter/linkResolver.cpp, line 773]
Event: 19.817 Thread 0x00000220ea95a800 Exception <a 'java/lang/NoSuchMethodError'{0x000000008faa37e8}: 'java.lang.Object java.lang.invoke.DirectMethodHandle$Holder.invokeSpecialIFC(java.lang.Object, java.lang.Object, java.lang.Object)'> (0x000000008faa37e8) thrown at [src/hotspot/share/interpreter/linkResolver.cpp, line 773]
Event: 19.817 Thread 0x00000220e7145800 Exception <a 'java/lang/NoSuchMethodError'{0x000000008fa0f9a0}: 'java.lang.Object java.lang.invoke.DirectMethodHandle$Holder.invokeSpecialIFC(java.lang.Object, java.lang.Object, java.lang.Object)'> (0x000000008fa0f9a0) thrown at [src/hotspot/share/interpreter/linkResolver.cpp, line 773]
Event: 19.817 Thread 0x00000220ebf97800 Exception <a 'java/lang/NoSuchMethodError'{0x000000008fa60090}: 'java.lang.Object java.lang.invoke.DirectMethodHandle$Holder.invokeSpecialIFC(java.lang.Object, java.lang.Object, java.lang.Object)'> (0x000000008fa60090) thrown at [src/hotspot/share/interpreter/linkResolver.cpp, line 773]
Event: 19.818 Thread 0x00000220ea79d000 Exception <a 'java/lang/NoSuchMethodError'{0x000000008fa39478}: 'java.lang.Object java.lang.invoke.DirectMethodHandle$Holder.invokeSpecialIFC(java.lang.Object, java.lang.Object, java.lang.Object)'> (0x000000008fa39478) thrown at [src/hotspot/share/interpreter/linkResolver.cpp, line 773]
Event: 20.150 Thread 0x00000220ea967800 Implicit null exception at 0x00000220d5548924 to 0x00000220d5548ac4
Event: 20.283 Thread 0x00000220ea79b800 Implicit null exception at 0x00000220d555ca42 to 0x00000220d555d440
Event: 20.283 Thread 0x00000220ea79b800 Implicit null exception at 0x00000220d555ca42 to 0x00000220d555d440
Event: 20.283 Thread 0x00000220ea79b800 Implicit null exception at 0x00000220d555ca42 to 0x00000220d555d440
Event: 20.295 Thread 0x00000220ea965000 Implicit null exception at 0x00000220d555ca42 to 0x00000220d555d440

Events (20 events):
Event: 20.372 loading class org/gradle/internal/snapshot/FileSystemNode
Event: 20.372 loading class org/gradle/internal/snapshot/FileSystemNode done
Event: 20.372 loading class org/gradle/internal/snapshot/FileSystemNode
Event: 20.372 loading class org/gradle/internal/snapshot/FileSystemNode done
Event: 20.372 loading class org/gradle/internal/vfs/impl/DefaultSnapshotHierarchy
Event: 20.372 loading class org/gradle/internal/vfs/impl/DefaultSnapshotHierarchy done
Event: 20.372 loading class org/gradle/internal/snapshot/SnapshotHierarchy
Event: 20.372 loading class org/gradle/internal/snapshot/SnapshotHierarchy done
Event: 20.372 loading class org/gradle/internal/snapshot/SnapshotHierarchy
Event: 20.372 loading class org/gradle/internal/snapshot/SnapshotHierarchy done
Event: 20.372 loading class org/gradle/internal/vfs/impl/DefaultSnapshotHierarchy
Event: 20.372 loading class org/gradle/internal/vfs/impl/DefaultSnapshotHierarchy done
Event: 20.372 loading class org/gradle/internal/vfs/impl/VersionHierarchy$2
Event: 20.372 loading class org/gradle/internal/vfs/impl/VersionHierarchy$2 done
Event: 20.373 loading class org/gradle/internal/execution/steps/CaptureStateAfterExecutionStep$3
Event: 20.373 loading class org/gradle/internal/execution/steps/CaptureStateAfterExecutionStep$3 done
Event: 20.373 loading class org/gradle/internal/execution/steps/CreateOutputsStep$1
Event: 20.373 loading class org/gradle/internal/execution/steps/CreateOutputsStep$1 done
Event: 20.373 loading class org/gradle/internal/execution/steps/CreateOutputsStep$2
Event: 20.373 loading class org/gradle/internal/execution/steps/CreateOutputsStep$2 done


Dynamic libraries:
0x00007ff74a1c0000 - 0x00007ff74a1ca000 	C:\Program Files\Android\Android Studio\jbr\bin\java.exe
0x00007ffecc570000 - 0x00007ffecc766000 	C:\Windows\SYSTEM32\ntdll.dll
0x00007ffecb340000 - 0x00007ffecb3fd000 	C:\Windows\System32\KERNEL32.DLL
0x00007ffec9cb0000 - 0x00007ffec9f79000 	C:\Windows\System32\KERNELBASE.dll
0x00007ffeca0c0000 - 0x00007ffeca1c0000 	C:\Windows\System32\ucrtbase.dll
0x00007ffeb1ff0000 - 0x00007ffeb2007000 	C:\Program Files\Android\Android Studio\jbr\bin\jli.dll
0x00007ffeb0950000 - 0x00007ffeb096b000 	C:\Program Files\Android\Android Studio\jbr\bin\VCRUNTIME140.dll
0x00007ffecb1a0000 - 0x00007ffecb340000 	C:\Windows\System32\USER32.dll
0x00007ffeca520000 - 0x00007ffeca542000 	C:\Windows\System32\win32u.dll
0x00007ffecbb30000 - 0x00007ffecbb5a000 	C:\Windows\System32\GDI32.dll
0x00007ffec9fb0000 - 0x00007ffeca0bb000 	C:\Windows\System32\gdi32full.dll
0x00007ffebb550000 - 0x00007ffebb7eb000 	C:\Windows\WinSxS\amd64_microsoft.windows.common-controls_6595b64144ccf1df_6.0.19041.746_none_ca02b4b61b8320a4\COMCTL32.dll
0x00007ffeca320000 - 0x00007ffeca3bd000 	C:\Windows\System32\msvcp_win.dll
0x00007ffecbc10000 - 0x00007ffecbcae000 	C:\Windows\System32\msvcrt.dll
0x00007ffecb500000 - 0x00007ffecb530000 	C:\Windows\System32\IMM32.DLL
0x00007ffeaa450000 - 0x00007ffeaa4ab000 	C:\ProgramData\Microsoft\DbgCtr\XShellDLL64_6015.dll
0x00007ffecbb60000 - 0x00007ffecbc0c000 	C:\Windows\System32\ADVAPI32.dll
0x00007ffecb400000 - 0x00007ffecb49c000 	C:\Windows\System32\sechost.dll
0x00007ffeca680000 - 0x00007ffeca7ab000 	C:\Windows\System32\RPCRT4.dll
0x00007ffecaa50000 - 0x00007ffecb192000 	C:\Windows\System32\SHELL32.dll
0x00007ffec4bd0000 - 0x00007ffec4bdc000 	C:\Program Files\Android\Android Studio\jbr\bin\vcruntime140_1.dll
0x00007ffea0000000 - 0x00007ffea008d000 	C:\Program Files\Android\Android Studio\jbr\bin\msvcp140.dll
0x00007ffe68bb0000 - 0x00007ffe6976c000 	C:\Program Files\Android\Android Studio\jbr\bin\server\jvm.dll
0x00007ffecb9d0000 - 0x00007ffecb9d8000 	C:\Windows\System32\PSAPI.DLL
0x00007ffeb8b80000 - 0x00007ffeb8b89000 	C:\Windows\SYSTEM32\WSOCK32.dll
0x00007ffea4900000 - 0x00007ffea4927000 	C:\Windows\SYSTEM32\WINMM.dll
0x00007ffecb6d0000 - 0x00007ffecb73b000 	C:\Windows\System32\WS2_32.dll
0x00007ffebe7a0000 - 0x00007ffebe7aa000 	C:\Windows\SYSTEM32\VERSION.dll
0x00007ffec7c20000 - 0x00007ffec7c32000 	C:\Windows\SYSTEM32\kernel.appcore.dll
0x00007ffebe6e0000 - 0x00007ffebe6f0000 	C:\Program Files\Android\Android Studio\jbr\bin\verify.dll
0x00007ffeb37f0000 - 0x00007ffeb39d4000 	C:\Windows\SYSTEM32\DBGHELP.DLL
0x00007ffeb37c0000 - 0x00007ffeb37ec000 	C:\Windows\SYSTEM32\dbgcore.DLL
0x00007ffeca550000 - 0x00007ffeca5d0000 	C:\Windows\System32\bcryptPrimitives.dll
0x00007ffeb1de0000 - 0x00007ffeb1e08000 	C:\Program Files\Android\Android Studio\jbr\bin\java.dll
0x00007ffebd490000 - 0x00007ffebd49a000 	C:\Program Files\Android\Android Studio\jbr\bin\jimage.dll
0x00007ffeb1d00000 - 0x00007ffeb1d18000 	C:\Program Files\Android\Android Studio\jbr\bin\zip.dll
0x00007ffec7e20000 - 0x00007ffec85b0000 	C:\Windows\SYSTEM32\windows.storage.dll
0x00007ffecbd60000 - 0x00007ffecc0b6000 	C:\Windows\System32\combase.dll
0x00007ffec9710000 - 0x00007ffec973c000 	C:\Windows\SYSTEM32\Wldp.dll
0x00007ffeca5d0000 - 0x00007ffeca67e000 	C:\Windows\System32\SHCORE.dll
0x00007ffecb830000 - 0x00007ffecb885000 	C:\Windows\System32\shlwapi.dll
0x00007ffec9be0000 - 0x00007ffec9c06000 	C:\Windows\SYSTEM32\profapi.dll
0x00007ffeb0840000 - 0x00007ffeb0859000 	C:\Program Files\Android\Android Studio\jbr\bin\net.dll
0x00007ffebd670000 - 0x00007ffebd770000 	C:\Windows\SYSTEM32\WINHTTP.dll
0x00007ffec9420000 - 0x00007ffec948a000 	C:\Windows\system32\mswsock.dll
0x00007ffeb06d0000 - 0x00007ffeb06e3000 	C:\Program Files\Android\Android Studio\jbr\bin\nio.dll
0x00007ffea75d0000 - 0x00007ffea75f7000 	C:\Users\it_04\.gradle\native\e1d6ef7f7dcc3fd88c89a11ec53ec762bb8ba0a96d01ffa2cd45eb1d1d8dd5c5\windows-amd64\native-platform.dll
0x00007ffe99920000 - 0x00007ffe99a64000 	C:\Users\it_04\.gradle\native\0d407fdbe67a94daf76414ababcb853783967236a71b16ec16e742cd7a986fd3\windows-amd64\native-platform-file-events.dll
0x00007ffeb4da0000 - 0x00007ffeb4daa000 	C:\Program Files\Android\Android Studio\jbr\bin\management.dll
0x00007ffeb2050000 - 0x00007ffeb205b000 	C:\Program Files\Android\Android Studio\jbr\bin\management_ext.dll
0x00007ffec95f0000 - 0x00007ffec9608000 	C:\Windows\SYSTEM32\CRYPTSP.dll
0x00007ffec8dc0000 - 0x00007ffec8df4000 	C:\Windows\system32\rsaenh.dll
0x00007ffec9f80000 - 0x00007ffec9fa7000 	C:\Windows\System32\bcrypt.dll
0x00007ffec9b60000 - 0x00007ffec9b8e000 	C:\Windows\SYSTEM32\USERENV.dll
0x00007ffec9610000 - 0x00007ffec961c000 	C:\Windows\SYSTEM32\CRYPTBASE.dll
0x00007ffec9110000 - 0x00007ffec914b000 	C:\Windows\SYSTEM32\IPHLPAPI.DLL
0x00007ffecba40000 - 0x00007ffecba48000 	C:\Windows\System32\NSI.dll
0x00007ffec39e0000 - 0x00007ffec39f7000 	C:\Windows\SYSTEM32\dhcpcsvc6.DLL
0x00007ffec39c0000 - 0x00007ffec39dd000 	C:\Windows\SYSTEM32\dhcpcsvc.DLL
0x00007ffec9150000 - 0x00007ffec921b000 	C:\Windows\SYSTEM32\DNSAPI.dll

dbghelp: loaded successfully - version: 4.0.5 - missing functions: none
symbol engine: initialized successfully - sym options: 0x614 - pdb path: .;C:\Program Files\Android\Android Studio\jbr\bin;C:\Windows\SYSTEM32;C:\Windows\WinSxS\amd64_microsoft.windows.common-controls_6595b64144ccf1df_6.0.19041.746_none_ca02b4b61b8320a4;C:\ProgramData\Microsoft\DbgCtr;C:\Program Files\Android\Android Studio\jbr\bin\server;C:\Users\it_04\.gradle\native\e1d6ef7f7dcc3fd88c89a11ec53ec762bb8ba0a96d01ffa2cd45eb1d1d8dd5c5\windows-amd64;C:\Users\it_04\.gradle\native\0d407fdbe67a94daf76414ababcb853783967236a71b16ec16e742cd7a986fd3\windows-amd64

VM Arguments:
jvm_args: --add-opens=java.base/java.util=ALL-UNNAMED --add-opens=java.base/java.lang=ALL-UNNAMED --add-opens=java.base/java.lang.invoke=ALL-UNNAMED --add-opens=java.base/java.util=ALL-UNNAMED --add-opens=java.prefs/java.util.prefs=ALL-UNNAMED --add-opens=java.prefs/java.util.prefs=ALL-UNNAMED --add-opens=java.base/java.nio.charset=ALL-UNNAMED --add-opens=java.base/java.net=ALL-UNNAMED --add-opens=java.base/java.util.concurrent.atomic=ALL-UNNAMED -Xmx2048m -Dfile.encoding=UTF-8 -Duser.country=US -Duser.language=en -Duser.variant 
java_command: org.gradle.launcher.daemon.bootstrap.GradleDaemon 7.5
java_class_path (initial): C:\Users\it_04\.gradle\wrapper\dists\gradle-7.5-bin\f1w0cc9nuo0eivz97x2xlu9sv\gradle-7.5\lib\gradle-launcher-7.5.jar
Launcher Type: SUN_STANDARD

[Global flags]
     intx CICompilerCount                          = 3                                         {product} {ergonomic}
     uint ConcGCThreads                            = 1                                         {product} {ergonomic}
     uint G1ConcRefinementThreads                  = 4                                         {product} {ergonomic}
   size_t G1HeapRegionSize                         = 1048576                                   {product} {ergonomic}
    uintx GCDrainStackTargetSize                   = 64                                        {product} {ergonomic}
   size_t InitialHeapSize                          = 266338304                                 {product} {ergonomic}
   size_t MarkStackSize                            = 4194304                                   {product} {ergonomic}
   size_t MaxHeapSize                              = 2147483648                                {product} {command line}
   size_t MaxNewSize                               = 1287651328                                {product} {ergonomic}
   size_t MinHeapDeltaBytes                        = 1048576                                   {product} {ergonomic}
    uintx NonNMethodCodeHeapSize                   = 5830732                                {pd product} {ergonomic}
    uintx NonProfiledCodeHeapSize                  = 122913754                              {pd product} {ergonomic}
    uintx ProfiledCodeHeapSize                     = 122913754                              {pd product} {ergonomic}
    uintx ReservedCodeCacheSize                    = 251658240                              {pd product} {ergonomic}
     bool SegmentedCodeCache                       = true                                      {product} {ergonomic}
     bool UseCompressedClassPointers               = true                                 {lp64_product} {ergonomic}
     bool UseCompressedOops                        = true                                 {lp64_product} {ergonomic}
     bool UseG1GC                                  = true                                      {product} {ergonomic}
     bool UseLargePagesIndividualAllocation        = false                                  {pd product} {ergonomic}

Logging:
Log output configuration:
 #0: stdout all=warning uptime,level,tags
 #1: stderr all=off uptime,level,tags

Environment Variables:
PATH=D:\app\it_07\product\11.2.0\client_1\bin;C:\Windows\system32;C:\Windows;C:\Windows\System32\Wbem;C:\Windows\System32\WindowsPowerShell\v1.0\;C:\Windows\System32\OpenSSH\;C:\Program Files\dotnet\;C:\Program Files\Git\cmd;C:\Users\it_04\AppData\Local\Microsoft\WindowsApps;C:\Users\it_04\.dotnet\tools
USERNAME=it_04
OS=Windows_NT
PROCESSOR_IDENTIFIER=Intel64 Family 6 Model 165 Stepping 3, GenuineIntel



---------------  S Y S T E M  ---------------

OS: Windows 10 , 64 bit Build 19041 (10.0.19041.804)
OS uptime: 0 days 1:08 hours

CPU:total 4 (initial active 4) (2 cores per cpu, 2 threads per core) family 6 model 165 stepping 3 microcode 0xe0, cmov, cx8, fxsr, mmx, sse, sse2, sse3, ssse3, sse4.1, sse4.2, popcnt, aes, clmul, erms, 3dnowpref, lzcnt, ht, tsc, tscinvbit

Memory: 4k page, system-wide physical 16242M (7833M free)
TotalPageFile size 18674M (AvailPageFile size 10238M)
current process WorkingSet (physical memory assigned to process): 504M, peak: 518M
current process commit charge ("private bytes"): 571M, peak: 584M

vm_info: OpenJDK 64-Bit Server VM (11.0.15+0-b2043.56-9505619) for windows-amd64 JRE (11.0.15+0-b2043.56-9505619), built on Jan 19 2023 02:48:00 by "builduser" with unknown MS VC++:1929

END.
