#
# A fatal error has been detected by the Java Runtime Environment:
#
#  EXCEPTION_ACCESS_VIOLATION (0xc0000005) at pc=0x00000184482094a0, pid=4952, tid=6496
#
# JRE version: OpenJDK Runtime Environment (11.0.15) (build 11.0.15+0-b2043.56-9505619)
# Java VM: OpenJDK 64-Bit Server VM (11.0.15+0-b2043.56-9505619, mixed mode, tiered, compressed oops, g1 gc, windows-amd64)
# Problematic frame:
# C  0x00000184482094a0
#
# No core dump will be written. Minidumps are not enabled by default on client versions of Windows
#
# If you would like to submit a bug report, please visit:
#   https://bugreport.java.com/bugreport/crash.jsp
# The crash happened outside the Java Virtual Machine in native code.
# See problematic frame for where to report the bug.
#

---------------  S U M M A R Y ------------

Command Line: --add-opens=java.base/java.util=ALL-UNNAMED --add-opens=java.base/java.lang=ALL-UNNAMED --add-opens=java.base/java.lang.invoke=ALL-UNNAMED --add-opens=java.base/java.util=ALL-UNNAMED --add-opens=java.prefs/java.util.prefs=ALL-UNNAMED --add-opens=java.prefs/java.util.prefs=ALL-UNNAMED --add-opens=java.base/java.nio.charset=ALL-UNNAMED --add-opens=java.base/java.net=ALL-UNNAMED --add-opens=java.base/java.util.concurrent.atomic=ALL-UNNAMED -Xmx2048m -Dfile.encoding=UTF-8 -Duser.country=US -Duser.language=en -Duser.variant org.gradle.launcher.daemon.bootstrap.GradleDaemon 7.5

Host: Intel(R) Pentium(R) Gold G6400 CPU @ 4.00GHz, 4 cores, 15G,  Windows 10 , 64 bit Build 19041 (10.0.19041.804)
Time: Fri Apr 28 08:41:17 2023 SE Asia Standard Time elapsed time: 46.917005 seconds (0d 0h 0m 46s)

---------------  T H R E A D  ---------------

Current thread (0x000001844a630800):  JavaThread "File watcher server" daemon [_thread_in_native, id=6496, stack(0x0000001d54d00000,0x0000001d54e00000)]

Stack: [0x0000001d54d00000,0x0000001d54e00000],  sp=0x0000001d54dfe9c8,  free space=1018k
Native frames: (J=compiled Java code, j=interpreted, Vv=VM code, C=native code)
C  0x00000184482094a0

Java frames: (J=compiled Java code, j=interpreted, Vv=VM code)
j  net.rubygrapefruit.platform.internal.jni.AbstractFileEventFunctions$NativeFileWatcher.executeRunLoop0(Ljava/lang/Object;)V+0
j  net.rubygrapefruit.platform.internal.jni.AbstractFileEventFunctions$NativeFileWatcher.access$100(Lnet/rubygrapefruit/platform/internal/jni/AbstractFileEventFunctions$NativeFileWatcher;Ljava/lang/Object;)V+2
j  net.rubygrapefruit.platform.internal.jni.AbstractFileEventFunctions$NativeFileWatcher$1.run()V+26
v  ~StubRoutines::call_stub

siginfo: EXCEPTION_ACCESS_VIOLATION (0xc0000005), data execution prevention violation at address 0x00000184482094a0


Register to memory mapping:

RIP=0x00000184482094a0 points into unknown readable memory: 0x00007ffe7d2d12e8 | e8 12 2d 7d fe 7f 00 00
RAX=0x00000184482094a0 points into unknown readable memory: 0x00007ffe7d2d12e8 | e8 12 2d 7d fe 7f 00 00
RBX=0x0 is NULL
RCX=0x0000001d58bfa018 is pointing into the stack for thread: 0x000001844f270000
RDX=0x0 is NULL
RSP=0x0000001d54dfe9c8 is pointing into the stack for thread: 0x000001844a630800
RBP=0x0000001d54dff398 is pointing into the stack for thread: 0x000001844a630800
RSI=0x0000001d58bfa010 is pointing into the stack for thread: 0x000001844f270000
RDI=0x0000001d58bf9fd0 is pointing into the stack for thread: 0x000001844f270000
R8 =0x000001842bcc7ec0 points into unknown readable memory: 0x000001842bcc0cf0 | f0 0c cc 2b 84 01 00 00
R9 =0x0000000000000001 is an unknown value
R10=0x0000000000008000 is an unknown value
R11=0x0000001d54dfe680 is pointing into the stack for thread: 0x000001844a630800
R12=0x0 is NULL
R13={method} {0x000001844e647df0} 'executeRunLoop0' '(Ljava/lang/Object;)V' in 'net/rubygrapefruit/platform/internal/jni/AbstractFileEventFunctions$NativeFileWatcher'
R14=0x0 is NULL
R15=0x000001844a630800 is a thread


Registers:
RAX=0x00000184482094a0, RBX=0x0000000000000000, RCX=0x0000001d58bfa018, RDX=0x0000000000000000
RSP=0x0000001d54dfe9c8, RBP=0x0000001d54dff398, RSI=0x0000001d58bfa010, RDI=0x0000001d58bf9fd0
R8 =0x000001842bcc7ec0, R9 =0x0000000000000001, R10=0x0000000000008000, R11=0x0000001d54dfe680
R12=0x0000000000000000, R13=0x000001844e647de8, R14=0x0000000000000000, R15=0x000001844a630800
RIP=0x00000184482094a0, EFLAGS=0x0000000000010206

Top of Stack: (sp=0x0000001d54dfe9c8)
0x0000001d54dfe9c8:   00007ffe9bae63b9 0000000000000000
0x0000001d54dfe9d8:   000001843108fa7a 0000018447dd5990
0x0000001d54dfe9e8:   00007ffe9bac3133 000001844bd19118
0x0000001d54dfe9f8:   000000008fa00170 00007c42380f9f2d
0x0000001d54dfea08:   00007ffe9bacda83 0000001d54dff3c0
0x0000001d54dfea18:   0000001d58bf9fd0 00007ffe9babf150
0x0000001d54dfea28:   00007ffe9bad709b 0000001d58bfa010
0x0000001d54dfea38:   000000008041f970 0000000000000000
0x0000001d54dfea48:   00007ffe9bacbfae 000001844bd19110
0x0000001d54dfea58:   00007ffe9bac92a6 0000001d58bfa010
0x0000001d54dfea68:   0000000000000000 000001844bd19110
0x0000001d54dfea78:   00007ffe9baa57b3 0000000000000000
0x0000001d54dfea88:   00007ffe9bad64c2 0000001d54dfead0
0x0000001d54dfea98:   0000001d58bfa010 0000018447a64a20
0x0000001d54dfeaa8:   0000000000000000 0000000080409501
0x0000001d54dfeab8:   000001844797fd50 0000000000000000 

Instructions: (pc=0x00000184482094a0)
0x00000184482093a0:   00 09 00 87 00 13 00 00 00 16 00 02 00 00 00 0a
0x00000184482093b0:   00 14 00 0c 00 00 00 00 00 0a 00 15 00 06 00 01
0x00000184482093c0:   00 16 00 00 00 16 00 02 00 00 00 0a 00 14 00 0d
0x00000184482093d0:   00 00 00 00 00 0a 00 15 00 08 00 01 00 07 00 00
0x00000184482093e0:   00 02 00 17 00 04 00 07 00 00 00 02 00 18 00 19
0x00000184482093f0:   00 00 00 02 00 1a 00 1b 00 00 00 02 00 1c 00 0b
0x0000018448209400:   00 00 00 0a 00 01 00 03 00 1c 00 0a 00 18 00 00
0x0000018448209410:   70 c3 26 7d fe 7f 00 00 00 91 20 48 84 01 00 00
0x0000018448209420:   0e 94 20 48 84 01 00 00 0e 94 20 48 84 01 00 00
0x0000018448209430:   70 1f d8 2b 84 01 00 00 00 00 00 00 00 00 00 00
0x0000018448209440:   6a 61 76 61 2f 75 74 69 6c 2f 63 6f 6e 63 75 72
0x0000018448209450:   72 65 6e 74 00 00 00 00 a0 91 20 48 84 01 00 00
0x0000018448209460:   00 00 00 00 00 00 00 00 58 3b 6f 42 00 03 00 88
0x0000018448209470:   00 00 00 00 00 00 00 00 d8 03 00 00 00 00 00 00
0x0000018448209480:   a0 94 20 48 84 01 00 00 00 00 00 00 00 00 00 00
0x0000018448209490:   01 00 00 00 73 6e 61 70 10 07 69 31 84 01 00 00
0x00000184482094a0:   e8 12 2d 7d fe 7f 00 00 df 0f 69 31 84 01 00 00
0x00000184482094b0:   44 56 be 2b 84 01 00 00 c2 00 00 00 00 00 00 00
0x00000184482094c0:   00 00 00 00 00 00 00 00 00 00 00 00 00 00 00 00
0x00000184482094d0:   00 00 00 00 00 00 00 00 00 00 00 00 00 00 00 00
0x00000184482094e0:   00 00 00 00 00 00 00 00 00 00 00 00 00 00 00 00
0x00000184482094f0:   5b 4c 6a 61 76 61 2f 6c 61 6e 67 2f 4f 62 6a 65
0x0000018448209500:   63 74 00 00 00 00 00 00 00 00 00 00 00 00 00 00
0x0000018448209510:   00 00 00 00 00 00 00 00 00 00 00 00 00 00 00 00
0x0000018448209520:   00 00 00 00 00 00 00 00 00 00 00 00 00 00 00 00
0x0000018448209530:   00 00 00 00 00 00 00 00 00 00 00 00 00 00 00 00
0x0000018448209540:   00 00 00 00 00 00 00 00 00 00 00 00 00 00 00 00
0x0000018448209550:   00 00 00 00 00 00 00 00 00 00 00 00 00 00 00 00
0x0000018448209560:   00 00 00 00 00 00 00 00 00 00 00 00 00 00 00 00
0x0000018448209570:   01 00 00 00 02 00 00 00 03 00 00 00 05 00 00 00
0x0000018448209580:   06 00 00 00 08 00 00 00 09 00 00 00 00 00 00 00
0x0000018448209590:   00 00 00 00 00 00 00 00 00 00 00 00 00 00 00 00 


Stack slot to memory mapping:
stack at sp + 0 slots: 0x00007ffe9bae63b9 native-platform-file-events.dll
stack at sp + 1 slots: 0x0 is NULL
stack at sp + 2 slots: 0x000001843108fa7a is at code_begin+2458 in an Interpreter codelet
method entry point (kind = native)  [0x000001843108f0e0, 0x000001843108fb60]  2688 bytes
stack at sp + 3 slots: {method} {0x0000018447dd5998} 'findEntry' '(Ljava/lang/String;)J' in 'java/lang/ClassLoader$NativeLibrary'
stack at sp + 4 slots: 0x00007ffe9bac3133 native-platform-file-events.dll
stack at sp + 5 slots: 0x000001844bd19118 points into unknown readable memory: 0x000001844d666fd0 | d0 6f 66 4d 84 01 00 00
stack at sp + 6 slots: 0x000000008fa00170 is an unallocated location in the heap
stack at sp + 7 slots: 0x00007c42380f9f2d is an unknown value


---------------  P R O C E S S  ---------------

Threads class SMR info:
_java_thread_list=0x000001844bd19140, length=87, elements={
0x000001842bd95800, 0x000001844819e000, 0x000001844819f000, 0x00000184481f9800,
0x00000184481fc000, 0x00000184481fd000, 0x0000018448200000, 0x0000018448205800,
0x000001844820b000, 0x0000018448375000, 0x0000018449dc0800, 0x0000018449941000,
0x000001844a90f000, 0x0000018449435800, 0x000001844a441800, 0x000001844a62e800,
0x000001844a62f000, 0x000001844a630000, 0x000001844a630800, 0x000001844aff9000,
0x000001844aff9800, 0x000001844aff6800, 0x000001844aff4800, 0x000001844affe800,
0x000001844b001000, 0x000001844ee70000, 0x000001844ee71000, 0x000001844ee72800,
0x000001844f0c3000, 0x000001844f0c2000, 0x000001844f0c0000, 0x000001844f0c4000,
0x000001844f0c4800, 0x000001844f0c5800, 0x000001844f0c6800, 0x000001844f0c0800,
0x000001844f0cd000, 0x000001844f0c9800, 0x000001844f0cb000, 0x000001844f0ca800,
0x000001844f0cc000, 0x000001844f0c8000, 0x000001844f0c7000, 0x000001844f0cd800,
0x000001844f0ce800, 0x000001844f0c9000, 0x000001844ee6c800, 0x000001844ee6b000,
0x000001844ee6d800, 0x000001844ee6e800, 0x000001844ee6a800, 0x000001844ee75000,
0x000001844ee71800, 0x000001844ee73800, 0x000001844ee6f000, 0x000001844ee76800,
0x000001844ee77800, 0x000001844ee78000, 0x000001844ee79000, 0x000001844ee74000,
0x000001844ee75800, 0x000001844aff2800, 0x000001844aff3000, 0x000001844aff4000,
0x000001844aff5800, 0x000001844afff800, 0x000001844b000000, 0x000001844f269000,
0x000001844f26a800, 0x000001844f266800, 0x000001844f269800, 0x000001844f26b000,
0x000001844f26c000, 0x000001844f26d000, 0x000001844f267000, 0x000001844f26d800,
0x000001844f268000, 0x000001844f274000, 0x000001844f26e800, 0x000001844f275000,
0x000001844f26f800, 0x000001844f271800, 0x000001844f270000, 0x000001844f271000,
0x000001844f273800, 0x000001844ab1f800, 0x000001844ab21000
}

Java Threads: ( => current thread )
  0x000001842bd95800 JavaThread "main" [_thread_blocked, id=2460, stack(0x0000001d52800000,0x0000001d52900000)]
  0x000001844819e000 JavaThread "Reference Handler" daemon [_thread_blocked, id=9756, stack(0x0000001d53200000,0x0000001d53300000)]
  0x000001844819f000 JavaThread "Finalizer" daemon [_thread_blocked, id=9176, stack(0x0000001d53300000,0x0000001d53400000)]
  0x00000184481f9800 JavaThread "Signal Dispatcher" daemon [_thread_blocked, id=7840, stack(0x0000001d53400000,0x0000001d53500000)]
  0x00000184481fc000 JavaThread "Attach Listener" daemon [_thread_blocked, id=4496, stack(0x0000001d53500000,0x0000001d53600000)]
  0x00000184481fd000 JavaThread "Service Thread" daemon [_thread_blocked, id=9620, stack(0x0000001d53600000,0x0000001d53700000)]
  0x0000018448200000 JavaThread "C2 CompilerThread0" daemon [_thread_blocked, id=2952, stack(0x0000001d53700000,0x0000001d53800000)]
  0x0000018448205800 JavaThread "C1 CompilerThread0" daemon [_thread_blocked, id=10536, stack(0x0000001d53800000,0x0000001d53900000)]
  0x000001844820b000 JavaThread "Sweeper thread" daemon [_thread_blocked, id=3828, stack(0x0000001d53900000,0x0000001d53a00000)]
  0x0000018448375000 JavaThread "Common-Cleaner" daemon [_thread_blocked, id=9852, stack(0x0000001d53a00000,0x0000001d53b00000)]
  0x0000018449dc0800 JavaThread "Daemon health stats" [_thread_blocked, id=8512, stack(0x0000001d54000000,0x0000001d54100000)]
  0x0000018449941000 JavaThread "Incoming local TCP Connector on port 49269" [_thread_in_native, id=1284, stack(0x0000001d54100000,0x0000001d54200000)]
  0x000001844a90f000 JavaThread "Daemon periodic checks" [_thread_blocked, id=10904, stack(0x0000001d54200000,0x0000001d54300000)]
  0x0000018449435800 JavaThread "Daemon" [_thread_blocked, id=248, stack(0x0000001d54300000,0x0000001d54400000)]
  0x000001844a441800 JavaThread "Daemon worker" [_thread_blocked, id=672, stack(0x0000001d54600000,0x0000001d54700000)]
  0x000001844a62e800 JavaThread "Cache worker for journal cache (C:\Users\it_04\.gradle\caches\journal-1)" [_thread_blocked, id=6852, stack(0x0000001d54a00000,0x0000001d54b00000)]
  0x000001844a62f000 JavaThread "File lock request listener" [_thread_in_native, id=9128, stack(0x0000001d54b00000,0x0000001d54c00000)]
  0x000001844a630000 JavaThread "Cache worker for file hash cache (C:\Users\it_04\.gradle\caches\7.5\fileHashes)" [_thread_blocked, id=7516, stack(0x0000001d54c00000,0x0000001d54d00000)]
=>0x000001844a630800 JavaThread "File watcher server" daemon [_thread_in_native, id=6496, stack(0x0000001d54d00000,0x0000001d54e00000)]
  0x000001844aff9000 JavaThread "Cache worker for file content cache (C:\Users\it_04\.gradle\caches\7.5\fileContent)" [_thread_blocked, id=7860, stack(0x0000001d55100000,0x0000001d55200000)]
  0x000001844aff9800 JavaThread "Cache worker for execution history cache (C:\Users\it_04\.gradle\caches\7.5\executionHistory)" [_thread_blocked, id=2756, stack(0x0000001d55400000,0x0000001d55500000)]
  0x000001844aff6800 JavaThread "jar transforms" [_thread_blocked, id=8668, stack(0x0000001d55500000,0x0000001d55600000)]
  0x000001844aff4800 JavaThread "jar transforms Thread 2" [_thread_blocked, id=8108, stack(0x0000001d55600000,0x0000001d55700000)]
  0x000001844affe800 JavaThread "jar transforms Thread 3" [_thread_blocked, id=4304, stack(0x0000001d55700000,0x0000001d55800000)]
  0x000001844b001000 JavaThread "jar transforms Thread 4" [_thread_blocked, id=9348, stack(0x0000001d55800000,0x0000001d55900000)]
  0x000001844ee70000 JavaThread "Memory manager" [_thread_blocked, id=3860, stack(0x0000001d58300000,0x0000001d58400000)]
  0x000001844ee71000 JavaThread "pool-3-thread-1" [_thread_blocked, id=7828, stack(0x0000001d58500000,0x0000001d58600000)]
  0x000001844ee72800 JavaThread "included builds" [_thread_blocked, id=4104, stack(0x0000001d58700000,0x0000001d58800000)]
  0x000001844f0c3000 JavaThread "Handler for socket connection from /127.0.0.1:49269 to /127.0.0.1:49291" [_thread_in_native, id=4252, stack(0x0000001d54500000,0x0000001d54600000)]
  0x000001844f0c2000 JavaThread "Cancel handler" [_thread_blocked, id=5272, stack(0x0000001d54700000,0x0000001d54800000)]
  0x000001844f0c0000 JavaThread "Asynchronous log dispatcher for DefaultDaemonConnection: socket connection from /127.0.0.1:49269 to /127.0.0.1:49291" [_thread_blocked, id=2864, stack(0x0000001d54800000,0x0000001d54900000)]
  0x000001844f0c4000 JavaThread "Stdin handler" [_thread_blocked, id=5508, stack(0x0000001d54900000,0x0000001d54a00000)]
  0x000001844f0c4800 JavaThread "Daemon client event forwarder" [_thread_blocked, id=9772, stack(0x0000001d54f00000,0x0000001d55000000)]
  0x000001844f0c5800 JavaThread "Cache worker for checksums cache (D:\SourceAndroid\KyThuat\.gradle\7.5\checksums)" [_thread_blocked, id=4708, stack(0x0000001d55000000,0x0000001d55100000)]
  0x000001844f0c6800 JavaThread "Cache worker for cache directory md-rule (C:\Users\it_04\.gradle\caches\7.5\md-rule)" [_thread_blocked, id=9488, stack(0x0000001d55200000,0x0000001d55300000)]
  0x000001844f0c0800 JavaThread "Cache worker for file hash cache (D:\SourceAndroid\KyThuat\.gradle\7.5\fileHashes)" [_thread_blocked, id=8864, stack(0x0000001d55300000,0x0000001d55400000)]
  0x000001844f0cd000 JavaThread "Cache worker for cache directory md-supplier (C:\Users\it_04\.gradle\caches\7.5\md-supplier)" [_thread_blocked, id=8752, stack(0x0000001d55900000,0x0000001d55a00000)]
  0x000001844f0c9800 JavaThread "Cache worker for dependencies-accessors (D:\SourceAndroid\KyThuat\.gradle\7.5\dependencies-accessors)" [_thread_blocked, id=8572, stack(0x0000001d55a00000,0x0000001d55b00000)]
  0x000001844f0cb000 JavaThread "Cache worker for Build Output Cleanup Cache (D:\SourceAndroid\KyThuat\.gradle\buildOutputCleanup)" [_thread_blocked, id=6620, stack(0x0000001d55b00000,0x0000001d55c00000)]
  0x000001844f0ca800 JavaThread "Unconstrained build operations" [_thread_blocked, id=2968, stack(0x0000001d55d00000,0x0000001d55e00000)]
  0x000001844f0cc000 JavaThread "Unconstrained build operations Thread 2" [_thread_blocked, id=10532, stack(0x0000001d55e00000,0x0000001d55f00000)]
  0x000001844f0c8000 JavaThread "Unconstrained build operations Thread 3" [_thread_blocked, id=9024, stack(0x0000001d55f00000,0x0000001d56000000)]
  0x000001844f0c7000 JavaThread "Unconstrained build operations Thread 4" [_thread_blocked, id=2088, stack(0x0000001d56000000,0x0000001d56100000)]
  0x000001844f0cd800 JavaThread "Unconstrained build operations Thread 5" [_thread_blocked, id=6212, stack(0x0000001d56100000,0x0000001d56200000)]
  0x000001844f0ce800 JavaThread "Unconstrained build operations Thread 6" [_thread_blocked, id=5532, stack(0x0000001d56200000,0x0000001d56300000)]
  0x000001844f0c9000 JavaThread "Unconstrained build operations Thread 7" [_thread_blocked, id=9668, stack(0x0000001d56300000,0x0000001d56400000)]
  0x000001844ee6c800 JavaThread "Unconstrained build operations Thread 8" [_thread_blocked, id=4168, stack(0x0000001d56400000,0x0000001d56500000)]
  0x000001844ee6b000 JavaThread "Unconstrained build operations Thread 9" [_thread_blocked, id=1824, stack(0x0000001d56500000,0x0000001d56600000)]
  0x000001844ee6d800 JavaThread "Unconstrained build operations Thread 10" [_thread_blocked, id=10420, stack(0x0000001d56600000,0x0000001d56700000)]
  0x000001844ee6e800 JavaThread "Unconstrained build operations Thread 11" [_thread_blocked, id=8356, stack(0x0000001d56700000,0x0000001d56800000)]
  0x000001844ee6a800 JavaThread "Unconstrained build operations Thread 12" [_thread_blocked, id=9596, stack(0x0000001d56800000,0x0000001d56900000)]
  0x000001844ee75000 JavaThread "Unconstrained build operations Thread 13" [_thread_blocked, id=8772, stack(0x0000001d56900000,0x0000001d56a00000)]
  0x000001844ee71800 JavaThread "Unconstrained build operations Thread 14" [_thread_blocked, id=3608, stack(0x0000001d56a00000,0x0000001d56b00000)]
  0x000001844ee73800 JavaThread "Unconstrained build operations Thread 15" [_thread_blocked, id=9932, stack(0x0000001d56b00000,0x0000001d56c00000)]
  0x000001844ee6f000 JavaThread "Unconstrained build operations Thread 16" [_thread_blocked, id=10916, stack(0x0000001d56c00000,0x0000001d56d00000)]
  0x000001844ee76800 JavaThread "Unconstrained build operations Thread 17" [_thread_blocked, id=10044, stack(0x0000001d56d00000,0x0000001d56e00000)]
  0x000001844ee77800 JavaThread "Unconstrained build operations Thread 18" [_thread_blocked, id=9828, stack(0x0000001d56e00000,0x0000001d56f00000)]
  0x000001844ee78000 JavaThread "Unconstrained build operations Thread 19" [_thread_blocked, id=10392, stack(0x0000001d56f00000,0x0000001d57000000)]
  0x000001844ee79000 JavaThread "Unconstrained build operations Thread 20" [_thread_blocked, id=9336, stack(0x0000001d57000000,0x0000001d57100000)]
  0x000001844ee74000 JavaThread "Unconstrained build operations Thread 21" [_thread_blocked, id=3884, stack(0x0000001d57100000,0x0000001d57200000)]
  0x000001844ee75800 JavaThread "Unconstrained build operations Thread 22" [_thread_blocked, id=10340, stack(0x0000001d57200000,0x0000001d57300000)]
  0x000001844aff2800 JavaThread "Unconstrained build operations Thread 23" [_thread_blocked, id=7276, stack(0x0000001d57300000,0x0000001d57400000)]
  0x000001844aff3000 JavaThread "Unconstrained build operations Thread 24" [_thread_blocked, id=8640, stack(0x0000001d57400000,0x0000001d57500000)]
  0x000001844aff4000 JavaThread "Unconstrained build operations Thread 25" [_thread_blocked, id=6392, stack(0x0000001d57500000,0x0000001d57600000)]
  0x000001844aff5800 JavaThread "Unconstrained build operations Thread 26" [_thread_blocked, id=5900, stack(0x0000001d57600000,0x0000001d57700000)]
  0x000001844afff800 JavaThread "Unconstrained build operations Thread 27" [_thread_blocked, id=7880, stack(0x0000001d57700000,0x0000001d57800000)]
  0x000001844b000000 JavaThread "Unconstrained build operations Thread 28" [_thread_blocked, id=10920, stack(0x0000001d57800000,0x0000001d57900000)]
  0x000001844f269000 JavaThread "Unconstrained build operations Thread 29" [_thread_blocked, id=8780, stack(0x0000001d57900000,0x0000001d57a00000)]
  0x000001844f26a800 JavaThread "Unconstrained build operations Thread 30" [_thread_blocked, id=9344, stack(0x0000001d57a00000,0x0000001d57b00000)]
  0x000001844f266800 JavaThread "Unconstrained build operations Thread 31" [_thread_blocked, id=10336, stack(0x0000001d57b00000,0x0000001d57c00000)]
  0x000001844f269800 JavaThread "Unconstrained build operations Thread 32" [_thread_blocked, id=8984, stack(0x0000001d57c00000,0x0000001d57d00000)]
  0x000001844f26b000 JavaThread "Unconstrained build operations Thread 33" [_thread_blocked, id=1040, stack(0x0000001d57d00000,0x0000001d57e00000)]
  0x000001844f26c000 JavaThread "Unconstrained build operations Thread 34" [_thread_blocked, id=8928, stack(0x0000001d57e00000,0x0000001d57f00000)]
  0x000001844f26d000 JavaThread "Unconstrained build operations Thread 35" [_thread_blocked, id=3292, stack(0x0000001d57f00000,0x0000001d58000000)]
  0x000001844f267000 JavaThread "Unconstrained build operations Thread 36" [_thread_blocked, id=11196, stack(0x0000001d58000000,0x0000001d58100000)]
  0x000001844f26d800 JavaThread "Unconstrained build operations Thread 37" [_thread_blocked, id=1748, stack(0x0000001d58100000,0x0000001d58200000)]
  0x000001844f268000 JavaThread "Unconstrained build operations Thread 38" [_thread_blocked, id=10924, stack(0x0000001d58200000,0x0000001d58300000)]
  0x000001844f274000 JavaThread "Unconstrained build operations Thread 39" [_thread_blocked, id=10628, stack(0x0000001d58400000,0x0000001d58500000)]
  0x000001844f26e800 JavaThread "Unconstrained build operations Thread 40" [_thread_blocked, id=5252, stack(0x0000001d58600000,0x0000001d58700000)]
  0x000001844f275000 JavaThread "build event listener" [_thread_blocked, id=10832, stack(0x0000001d58800000,0x0000001d58900000)]
  0x000001844f26f800 JavaThread "pool-6-thread-1" [_thread_blocked, id=8276, stack(0x0000001d58900000,0x0000001d58a00000)]
  0x000001844f271800 JavaThread "build event listener" [_thread_blocked, id=5808, stack(0x0000001d58a00000,0x0000001d58b00000)]
  0x000001844f270000 JavaThread "included builds" [_thread_blocked, id=7832, stack(0x0000001d58b00000,0x0000001d58c00000)]
  0x000001844f271000 JavaThread "Execution worker" [_thread_in_Java, id=11048, stack(0x0000001d58c00000,0x0000001d58d00000)]
  0x000001844f273800 JavaThread "Execution worker Thread 2" [_thread_blocked, id=10284, stack(0x0000001d58d00000,0x0000001d58e00000)]
  0x000001844ab1f800 JavaThread "Execution worker Thread 3" [_thread_blocked, id=5164, stack(0x0000001d58e00000,0x0000001d58f00000)]
  0x000001844ab21000 JavaThread "Cache worker for execution history cache (D:\SourceAndroid\KyThuat\.gradle\7.5\executionHistory)" [_thread_blocked, id=5728, stack(0x0000001d58f00000,0x0000001d59000000)]

Other Threads:
  0x000001844819c800 VMThread "VM Thread" [stack: 0x0000001d53100000,0x0000001d53200000] [id=7612]
  0x000001844838e000 WatcherThread [stack: 0x0000001d53b00000,0x0000001d53c00000] [id=7468]
  0x000001842bdae800 GCTaskThread "GC Thread#0" [stack: 0x0000001d52c00000,0x0000001d52d00000] [id=6340]
  0x000001844846b000 GCTaskThread "GC Thread#1" [stack: 0x0000001d53d00000,0x0000001d53e00000] [id=7524]
  0x0000018448c66800 GCTaskThread "GC Thread#2" [stack: 0x0000001d53e00000,0x0000001d53f00000] [id=10404]
  0x0000018448c67000 GCTaskThread "GC Thread#3" [stack: 0x0000001d53f00000,0x0000001d54000000] [id=4604]
  0x000001842bddf000 ConcurrentGCThread "G1 Main Marker" [stack: 0x0000001d52d00000,0x0000001d52e00000] [id=3960]
  0x000001842bde0800 ConcurrentGCThread "G1 Conc#0" [stack: 0x0000001d52e00000,0x0000001d52f00000] [id=10996]
  0x00000184477e0800 ConcurrentGCThread "G1 Refine#0" [stack: 0x0000001d52f00000,0x0000001d53000000] [id=10796]
  0x00000184477e1000 ConcurrentGCThread "G1 Young RemSet Sampling" [stack: 0x0000001d53000000,0x0000001d53100000] [id=1176]

Threads with active compile tasks:

VM state:not at safepoint (normal execution)

VM Mutex/Monitor currently owned by a thread: None

Heap address: 0x0000000080000000, size: 2048 MB, Compressed Oops mode: 32-bit
Narrow klass base: 0x0000000000000000, Narrow klass shift: 3
Compressed class space size: 1073741824 Address: 0x0000000100000000

Heap:
 garbage-first heap   total 312320K, used 98304K [0x0000000080000000, 0x0000000100000000)
  region size 1024K, 40 young (40960K), 20 survivors (20480K)
 Metaspace       used 90348K, capacity 92643K, committed 92700K, reserved 1130496K
  class space    used 11452K, capacity 12241K, committed 12288K, reserved 1048576K
Heap Regions: E=young(eden), S=young(survivor), O=old, HS=humongous(starts), HC=humongous(continues), CS=collection set, F=free, A=archive, TAMS=top-at-mark-start (previous, next)
|   0|0x0000000080000000, 0x0000000080100000, 0x0000000080100000|100%|HS|  |TAMS 0x0000000080100000, 0x0000000080000000| Complete 
|   1|0x0000000080100000, 0x0000000080200000, 0x0000000080200000|100%|HC|  |TAMS 0x0000000080200000, 0x0000000080100000| Complete 
|   2|0x0000000080200000, 0x0000000080300000, 0x0000000080300000|100%|HC|  |TAMS 0x0000000080300000, 0x0000000080200000| Complete 
|   3|0x0000000080300000, 0x0000000080400000, 0x0000000080400000|100%| O|  |TAMS 0x0000000080400000, 0x0000000080300000| Untracked 
|   4|0x0000000080400000, 0x0000000080500000, 0x0000000080500000|100%| O|  |TAMS 0x0000000080500000, 0x0000000080400000| Untracked 
|   5|0x0000000080500000, 0x0000000080600000, 0x0000000080600000|100%| O|  |TAMS 0x0000000080600000, 0x0000000080500000| Untracked 
|   6|0x0000000080600000, 0x0000000080700000, 0x0000000080700000|100%| O|  |TAMS 0x0000000080700000, 0x0000000080600000| Untracked 
|   7|0x0000000080700000, 0x0000000080800000, 0x0000000080800000|100%| O|  |TAMS 0x0000000080800000, 0x0000000080700000| Untracked 
|   8|0x0000000080800000, 0x0000000080900000, 0x0000000080900000|100%| O|  |TAMS 0x0000000080900000, 0x0000000080800000| Untracked 
|   9|0x0000000080900000, 0x0000000080a00000, 0x0000000080a00000|100%| O|  |TAMS 0x0000000080a00000, 0x0000000080900000| Untracked 
|  10|0x0000000080a00000, 0x0000000080b00000, 0x0000000080b00000|100%| O|  |TAMS 0x0000000080b00000, 0x0000000080a00000| Untracked 
|  11|0x0000000080b00000, 0x0000000080c00000, 0x0000000080c00000|100%| O|  |TAMS 0x0000000080c00000, 0x0000000080b00000| Untracked 
|  12|0x0000000080c00000, 0x0000000080d00000, 0x0000000080d00000|100%| O|  |TAMS 0x0000000080d00000, 0x0000000080c00000| Untracked 
|  13|0x0000000080d00000, 0x0000000080e00000, 0x0000000080e00000|100%| O|  |TAMS 0x0000000080e00000, 0x0000000080d00000| Untracked 
|  14|0x0000000080e00000, 0x0000000080f00000, 0x0000000080f00000|100%| O|  |TAMS 0x0000000080f00000, 0x0000000080e00000| Untracked 
|  15|0x0000000080f00000, 0x0000000081000000, 0x0000000081000000|100%| O|  |TAMS 0x0000000081000000, 0x0000000080f00000| Untracked 
|  16|0x0000000081000000, 0x0000000081100000, 0x0000000081100000|100%|HS|  |TAMS 0x0000000081100000, 0x0000000081000000| Complete 
|  17|0x0000000081100000, 0x0000000081200000, 0x0000000081200000|100%| O|  |TAMS 0x0000000081200000, 0x0000000081100000| Untracked 
|  18|0x0000000081200000, 0x0000000081300000, 0x0000000081300000|100%| O|  |TAMS 0x0000000081300000, 0x0000000081200000| Untracked 
|  19|0x0000000081300000, 0x0000000081400000, 0x0000000081400000|100%| O|  |TAMS 0x0000000081400000, 0x0000000081300000| Untracked 
|  20|0x0000000081400000, 0x0000000081500000, 0x0000000081500000|100%| O|  |TAMS 0x0000000081500000, 0x0000000081400000| Untracked 
|  21|0x0000000081500000, 0x0000000081600000, 0x0000000081600000|100%| O|  |TAMS 0x0000000081600000, 0x0000000081500000| Untracked 
|  22|0x0000000081600000, 0x0000000081700000, 0x0000000081700000|100%|HS|  |TAMS 0x0000000081700000, 0x0000000081600000| Complete 
|  23|0x0000000081700000, 0x0000000081800000, 0x0000000081800000|100%| O|  |TAMS 0x0000000081800000, 0x0000000081700000| Untracked 
|  24|0x0000000081800000, 0x0000000081900000, 0x0000000081900000|100%|HS|  |TAMS 0x0000000081900000, 0x0000000081800000| Complete 
|  25|0x0000000081900000, 0x0000000081a00000, 0x0000000081a00000|100%|HC|  |TAMS 0x0000000081a00000, 0x0000000081900000| Complete 
|  26|0x0000000081a00000, 0x0000000081b00000, 0x0000000081b00000|100%| O|  |TAMS 0x0000000081b00000, 0x0000000081a00000| Untracked 
|  27|0x0000000081b00000, 0x0000000081c00000, 0x0000000081c00000|100%| O|  |TAMS 0x0000000081c00000, 0x0000000081b00000| Untracked 
|  28|0x0000000081c00000, 0x0000000081d00000, 0x0000000081d00000|100%| O|  |TAMS 0x0000000081d00000, 0x0000000081c00000| Untracked 
|  29|0x0000000081d00000, 0x0000000081e00000, 0x0000000081e00000|100%| O|  |TAMS 0x0000000081e00000, 0x0000000081d00000| Untracked 
|  30|0x0000000081e00000, 0x0000000081f00000, 0x0000000081f00000|100%| O|  |TAMS 0x0000000081f00000, 0x0000000081e00000| Untracked 
|  31|0x0000000081f00000, 0x0000000082000000, 0x0000000082000000|100%| O|  |TAMS 0x0000000082000000, 0x0000000081f00000| Untracked 
|  32|0x0000000082000000, 0x0000000082100000, 0x0000000082100000|100%| O|  |TAMS 0x0000000082100000, 0x0000000082000000| Untracked 
|  33|0x0000000082100000, 0x0000000082200000, 0x0000000082200000|100%| O|  |TAMS 0x0000000082200000, 0x0000000082100000| Untracked 
|  34|0x0000000082200000, 0x0000000082300000, 0x0000000082300000|100%| O|  |TAMS 0x0000000082300000, 0x0000000082200000| Untracked 
|  35|0x0000000082300000, 0x0000000082400000, 0x0000000082400000|100%| O|  |TAMS 0x0000000082400000, 0x0000000082300000| Untracked 
|  36|0x0000000082400000, 0x0000000082500000, 0x0000000082500000|100%| O|  |TAMS 0x0000000082500000, 0x0000000082400000| Untracked 
|  37|0x0000000082500000, 0x0000000082600000, 0x0000000082600000|100%| O|  |TAMS 0x0000000082600000, 0x0000000082500000| Untracked 
|  38|0x0000000082600000, 0x0000000082700000, 0x0000000082700000|100%| O|  |TAMS 0x0000000082700000, 0x0000000082600000| Untracked 
|  39|0x0000000082700000, 0x0000000082800000, 0x0000000082800000|100%| O|  |TAMS 0x0000000082800000, 0x0000000082700000| Untracked 
|  40|0x0000000082800000, 0x0000000082900000, 0x0000000082900000|100%| O|  |TAMS 0x0000000082900000, 0x0000000082800000| Untracked 
|  41|0x0000000082900000, 0x0000000082a00000, 0x0000000082a00000|100%| O|  |TAMS 0x0000000082a00000, 0x0000000082900000| Untracked 
|  42|0x0000000082a00000, 0x0000000082b00000, 0x0000000082b00000|100%| O|  |TAMS 0x0000000082b00000, 0x0000000082a00000| Untracked 
|  43|0x0000000082b00000, 0x0000000082c00000, 0x0000000082c00000|100%| O|  |TAMS 0x0000000082c00000, 0x0000000082b00000| Untracked 
|  44|0x0000000082c00000, 0x0000000082d00000, 0x0000000082d00000|100%| O|  |TAMS 0x0000000082d00000, 0x0000000082c00000| Untracked 
|  45|0x0000000082d00000, 0x0000000082e00000, 0x0000000082e00000|100%| O|  |TAMS 0x0000000082e00000, 0x0000000082d00000| Untracked 
|  46|0x0000000082e00000, 0x0000000082f00000, 0x0000000082f00000|100%| O|  |TAMS 0x0000000082f00000, 0x0000000082e00000| Untracked 
|  47|0x0000000082f00000, 0x0000000083000000, 0x0000000083000000|100%| O|  |TAMS 0x0000000083000000, 0x0000000082f00000| Untracked 
|  48|0x0000000083000000, 0x0000000083100000, 0x0000000083100000|100%| O|  |TAMS 0x0000000083100000, 0x0000000083000000| Untracked 
|  49|0x0000000083100000, 0x0000000083200000, 0x0000000083200000|100%| O|  |TAMS 0x0000000083200000, 0x0000000083100000| Untracked 
|  50|0x0000000083200000, 0x0000000083300000, 0x0000000083300000|100%| O|  |TAMS 0x0000000083300000, 0x0000000083200000| Untracked 
|  51|0x0000000083300000, 0x0000000083400000, 0x0000000083400000|100%| O|  |TAMS 0x0000000083400000, 0x0000000083300000| Untracked 
|  52|0x0000000083400000, 0x0000000083500000, 0x0000000083500000|100%| O|  |TAMS 0x0000000083500000, 0x0000000083400000| Untracked 
|  53|0x0000000083500000, 0x0000000083600000, 0x0000000083600000|100%| O|  |TAMS 0x0000000083500000, 0x0000000083500000| Untracked 
|  54|0x0000000083600000, 0x0000000083700000, 0x0000000083700000|100%| O|  |TAMS 0x0000000083600000, 0x0000000083600000| Untracked 
|  55|0x0000000083700000, 0x0000000083800000, 0x0000000083800000|100%| O|  |TAMS 0x0000000083700000, 0x0000000083700000| Untracked 
|  56|0x0000000083800000, 0x0000000083900000, 0x0000000083900000|100%| O|  |TAMS 0x0000000083800000, 0x0000000083800000| Untracked 
|  57|0x0000000083900000, 0x0000000083900000, 0x0000000083a00000|  0%| F|  |TAMS 0x0000000083900000, 0x0000000083900000| Untracked 
|  58|0x0000000083a00000, 0x0000000083a00000, 0x0000000083b00000|  0%| F|  |TAMS 0x0000000083a00000, 0x0000000083a00000| Untracked 
|  59|0x0000000083b00000, 0x0000000083b00000, 0x0000000083c00000|  0%| F|  |TAMS 0x0000000083b00000, 0x0000000083b00000| Untracked 
|  60|0x0000000083c00000, 0x0000000083c00000, 0x0000000083d00000|  0%| F|  |TAMS 0x0000000083c00000, 0x0000000083c00000| Untracked 
|  61|0x0000000083d00000, 0x0000000083d00000, 0x0000000083e00000|  0%| F|  |TAMS 0x0000000083d00000, 0x0000000083d00000| Untracked 
|  62|0x0000000083e00000, 0x0000000083e00000, 0x0000000083f00000|  0%| F|  |TAMS 0x0000000083e00000, 0x0000000083e00000| Untracked 
|  63|0x0000000083f00000, 0x0000000083f00000, 0x0000000084000000|  0%| F|  |TAMS 0x0000000083f00000, 0x0000000083f00000| Untracked 
|  64|0x0000000084000000, 0x0000000084000000, 0x0000000084100000|  0%| F|  |TAMS 0x0000000084000000, 0x0000000084000000| Untracked 
|  65|0x0000000084100000, 0x0000000084100000, 0x0000000084200000|  0%| F|  |TAMS 0x0000000084100000, 0x0000000084100000| Untracked 
|  66|0x0000000084200000, 0x0000000084200000, 0x0000000084300000|  0%| F|  |TAMS 0x0000000084200000, 0x0000000084200000| Untracked 
|  67|0x0000000084300000, 0x0000000084300000, 0x0000000084400000|  0%| F|  |TAMS 0x0000000084300000, 0x0000000084300000| Untracked 
|  68|0x0000000084400000, 0x0000000084400000, 0x0000000084500000|  0%| F|  |TAMS 0x0000000084400000, 0x0000000084400000| Untracked 
|  69|0x0000000084500000, 0x0000000084500000, 0x0000000084600000|  0%| F|  |TAMS 0x0000000084500000, 0x0000000084500000| Untracked 
|  70|0x0000000084600000, 0x0000000084600000, 0x0000000084700000|  0%| F|  |TAMS 0x0000000084600000, 0x0000000084600000| Untracked 
|  71|0x0000000084700000, 0x0000000084700000, 0x0000000084800000|  0%| F|  |TAMS 0x0000000084700000, 0x0000000084700000| Untracked 
|  72|0x0000000084800000, 0x0000000084800000, 0x0000000084900000|  0%| F|  |TAMS 0x0000000084800000, 0x0000000084800000| Untracked 
|  73|0x0000000084900000, 0x0000000084900000, 0x0000000084a00000|  0%| F|  |TAMS 0x0000000084900000, 0x0000000084900000| Untracked 
|  74|0x0000000084a00000, 0x0000000084a00000, 0x0000000084b00000|  0%| F|  |TAMS 0x0000000084a00000, 0x0000000084a00000| Untracked 
|  75|0x0000000084b00000, 0x0000000084b00000, 0x0000000084c00000|  0%| F|  |TAMS 0x0000000084b00000, 0x0000000084b00000| Untracked 
|  76|0x0000000084c00000, 0x0000000084c00000, 0x0000000084d00000|  0%| F|  |TAMS 0x0000000084c00000, 0x0000000084c00000| Untracked 
|  77|0x0000000084d00000, 0x0000000084d00000, 0x0000000084e00000|  0%| F|  |TAMS 0x0000000084d00000, 0x0000000084d00000| Untracked 
|  78|0x0000000084e00000, 0x0000000084e00000, 0x0000000084f00000|  0%| F|  |TAMS 0x0000000084e00000, 0x0000000084e00000| Untracked 
|  79|0x0000000084f00000, 0x0000000084f00000, 0x0000000085000000|  0%| F|  |TAMS 0x0000000084f00000, 0x0000000084f00000| Untracked 
|  80|0x0000000085000000, 0x0000000085000000, 0x0000000085100000|  0%| F|  |TAMS 0x0000000085000000, 0x0000000085000000| Untracked 
|  81|0x0000000085100000, 0x0000000085100000, 0x0000000085200000|  0%| F|  |TAMS 0x0000000085100000, 0x0000000085100000| Untracked 
|  82|0x0000000085200000, 0x0000000085200000, 0x0000000085300000|  0%| F|  |TAMS 0x0000000085200000, 0x0000000085200000| Untracked 
|  83|0x0000000085300000, 0x0000000085300000, 0x0000000085400000|  0%| F|  |TAMS 0x0000000085300000, 0x0000000085300000| Untracked 
|  84|0x0000000085400000, 0x0000000085400000, 0x0000000085500000|  0%| F|  |TAMS 0x0000000085400000, 0x0000000085400000| Untracked 
|  85|0x0000000085500000, 0x0000000085500000, 0x0000000085600000|  0%| F|  |TAMS 0x0000000085500000, 0x0000000085500000| Untracked 
|  86|0x0000000085600000, 0x0000000085600000, 0x0000000085700000|  0%| F|  |TAMS 0x0000000085600000, 0x0000000085600000| Untracked 
|  87|0x0000000085700000, 0x0000000085700000, 0x0000000085800000|  0%| F|  |TAMS 0x0000000085700000, 0x0000000085700000| Untracked 
|  88|0x0000000085800000, 0x0000000085800000, 0x0000000085900000|  0%| F|  |TAMS 0x0000000085800000, 0x0000000085800000| Untracked 
|  89|0x0000000085900000, 0x0000000085900000, 0x0000000085a00000|  0%| F|  |TAMS 0x0000000085900000, 0x0000000085900000| Untracked 
|  90|0x0000000085a00000, 0x0000000085a00000, 0x0000000085b00000|  0%| F|  |TAMS 0x0000000085a00000, 0x0000000085a00000| Untracked 
|  91|0x0000000085b00000, 0x0000000085b00000, 0x0000000085c00000|  0%| F|  |TAMS 0x0000000085b00000, 0x0000000085b00000| Untracked 
|  92|0x0000000085c00000, 0x0000000085c00000, 0x0000000085d00000|  0%| F|  |TAMS 0x0000000085c00000, 0x0000000085c00000| Untracked 
|  93|0x0000000085d00000, 0x0000000085d00000, 0x0000000085e00000|  0%| F|  |TAMS 0x0000000085d00000, 0x0000000085d00000| Untracked 
|  94|0x0000000085e00000, 0x0000000085e00000, 0x0000000085f00000|  0%| F|  |TAMS 0x0000000085e00000, 0x0000000085e00000| Untracked 
|  95|0x0000000085f00000, 0x0000000085f00000, 0x0000000086000000|  0%| F|  |TAMS 0x0000000085f00000, 0x0000000085f00000| Untracked 
|  96|0x0000000086000000, 0x0000000086000000, 0x0000000086100000|  0%| F|  |TAMS 0x0000000086000000, 0x0000000086000000| Untracked 
|  97|0x0000000086100000, 0x0000000086100000, 0x0000000086200000|  0%| F|  |TAMS 0x0000000086100000, 0x0000000086100000| Untracked 
|  98|0x0000000086200000, 0x0000000086200000, 0x0000000086300000|  0%| F|  |TAMS 0x0000000086200000, 0x0000000086200000| Untracked 
|  99|0x0000000086300000, 0x0000000086300000, 0x0000000086400000|  0%| F|  |TAMS 0x0000000086300000, 0x0000000086300000| Untracked 
| 100|0x0000000086400000, 0x0000000086400000, 0x0000000086500000|  0%| F|  |TAMS 0x0000000086400000, 0x0000000086400000| Untracked 
| 101|0x0000000086500000, 0x0000000086500000, 0x0000000086600000|  0%| F|  |TAMS 0x0000000086500000, 0x0000000086500000| Untracked 
| 102|0x0000000086600000, 0x0000000086600000, 0x0000000086700000|  0%| F|  |TAMS 0x0000000086600000, 0x0000000086600000| Untracked 
| 103|0x0000000086700000, 0x0000000086700000, 0x0000000086800000|  0%| F|  |TAMS 0x0000000086700000, 0x0000000086700000| Untracked 
| 104|0x0000000086800000, 0x0000000086800000, 0x0000000086900000|  0%| F|  |TAMS 0x0000000086800000, 0x0000000086800000| Untracked 
| 105|0x0000000086900000, 0x0000000086900000, 0x0000000086a00000|  0%| F|  |TAMS 0x0000000086900000, 0x0000000086900000| Untracked 
| 106|0x0000000086a00000, 0x0000000086a00000, 0x0000000086b00000|  0%| F|  |TAMS 0x0000000086a00000, 0x0000000086a00000| Untracked 
| 107|0x0000000086b00000, 0x0000000086b00000, 0x0000000086c00000|  0%| F|  |TAMS 0x0000000086b00000, 0x0000000086b00000| Untracked 
| 108|0x0000000086c00000, 0x0000000086c00000, 0x0000000086d00000|  0%| F|  |TAMS 0x0000000086c00000, 0x0000000086c00000| Untracked 
| 109|0x0000000086d00000, 0x0000000086d00000, 0x0000000086e00000|  0%| F|  |TAMS 0x0000000086d00000, 0x0000000086d00000| Untracked 
| 110|0x0000000086e00000, 0x0000000086e00000, 0x0000000086f00000|  0%| F|  |TAMS 0x0000000086e00000, 0x0000000086e00000| Untracked 
| 111|0x0000000086f00000, 0x0000000086f00000, 0x0000000087000000|  0%| F|  |TAMS 0x0000000086f00000, 0x0000000086f00000| Untracked 
| 112|0x0000000087000000, 0x0000000087000000, 0x0000000087100000|  0%| F|  |TAMS 0x0000000087000000, 0x0000000087000000| Untracked 
| 113|0x0000000087100000, 0x0000000087100000, 0x0000000087200000|  0%| F|  |TAMS 0x0000000087100000, 0x0000000087100000| Untracked 
| 114|0x0000000087200000, 0x0000000087200000, 0x0000000087300000|  0%| F|  |TAMS 0x0000000087200000, 0x0000000087200000| Untracked 
| 115|0x0000000087300000, 0x0000000087300000, 0x0000000087400000|  0%| F|  |TAMS 0x0000000087300000, 0x0000000087300000| Untracked 
| 116|0x0000000087400000, 0x0000000087400000, 0x0000000087500000|  0%| F|  |TAMS 0x0000000087400000, 0x0000000087400000| Untracked 
| 117|0x0000000087500000, 0x0000000087500000, 0x0000000087600000|  0%| F|  |TAMS 0x0000000087500000, 0x0000000087500000| Untracked 
| 118|0x0000000087600000, 0x0000000087600000, 0x0000000087700000|  0%| F|  |TAMS 0x0000000087600000, 0x0000000087600000| Untracked 
| 119|0x0000000087700000, 0x0000000087700000, 0x0000000087800000|  0%| F|  |TAMS 0x0000000087700000, 0x0000000087700000| Untracked 
| 120|0x0000000087800000, 0x0000000087800000, 0x0000000087900000|  0%| F|  |TAMS 0x0000000087800000, 0x0000000087800000| Untracked 
| 121|0x0000000087900000, 0x0000000087900000, 0x0000000087a00000|  0%| F|  |TAMS 0x0000000087900000, 0x0000000087900000| Untracked 
| 122|0x0000000087a00000, 0x0000000087a00000, 0x0000000087b00000|  0%| F|  |TAMS 0x0000000087a00000, 0x0000000087a00000| Untracked 
| 123|0x0000000087b00000, 0x0000000087b00000, 0x0000000087c00000|  0%| F|  |TAMS 0x0000000087b00000, 0x0000000087b00000| Untracked 
| 124|0x0000000087c00000, 0x0000000087c00000, 0x0000000087d00000|  0%| F|  |TAMS 0x0000000087c00000, 0x0000000087c00000| Untracked 
| 125|0x0000000087d00000, 0x0000000087d00000, 0x0000000087e00000|  0%| F|  |TAMS 0x0000000087d00000, 0x0000000087d00000| Untracked 
| 126|0x0000000087e00000, 0x0000000087e00000, 0x0000000087f00000|  0%| F|  |TAMS 0x0000000087e00000, 0x0000000087e00000| Untracked 
| 127|0x0000000087f00000, 0x0000000087f00000, 0x0000000088000000|  0%| F|  |TAMS 0x0000000087f00000, 0x0000000087f00000| Untracked 
| 128|0x0000000088000000, 0x0000000088000000, 0x0000000088100000|  0%| F|  |TAMS 0x0000000088000000, 0x0000000088000000| Untracked 
| 129|0x0000000088100000, 0x0000000088100000, 0x0000000088200000|  0%| F|  |TAMS 0x0000000088100000, 0x0000000088100000| Untracked 
| 130|0x0000000088200000, 0x0000000088200000, 0x0000000088300000|  0%| F|  |TAMS 0x0000000088200000, 0x0000000088200000| Untracked 
| 131|0x0000000088300000, 0x0000000088300000, 0x0000000088400000|  0%| F|  |TAMS 0x0000000088300000, 0x0000000088300000| Untracked 
| 132|0x0000000088400000, 0x0000000088500000, 0x0000000088500000|100%| S|CS|TAMS 0x0000000088400000, 0x0000000088400000| Complete 
| 133|0x0000000088500000, 0x0000000088600000, 0x0000000088600000|100%| S|CS|TAMS 0x0000000088500000, 0x0000000088500000| Complete 
| 134|0x0000000088600000, 0x0000000088700000, 0x0000000088700000|100%| S|CS|TAMS 0x0000000088600000, 0x0000000088600000| Complete 
| 135|0x0000000088700000, 0x0000000088800000, 0x0000000088800000|100%| S|CS|TAMS 0x0000000088700000, 0x0000000088700000| Complete 
| 136|0x0000000088800000, 0x0000000088900000, 0x0000000088900000|100%| S|CS|TAMS 0x0000000088800000, 0x0000000088800000| Complete 
| 137|0x0000000088900000, 0x0000000088a00000, 0x0000000088a00000|100%| S|CS|TAMS 0x0000000088900000, 0x0000000088900000| Complete 
| 138|0x0000000088a00000, 0x0000000088b00000, 0x0000000088b00000|100%| S|CS|TAMS 0x0000000088a00000, 0x0000000088a00000| Complete 
| 139|0x0000000088b00000, 0x0000000088c00000, 0x0000000088c00000|100%| S|CS|TAMS 0x0000000088b00000, 0x0000000088b00000| Complete 
| 140|0x0000000088c00000, 0x0000000088d00000, 0x0000000088d00000|100%| S|CS|TAMS 0x0000000088c00000, 0x0000000088c00000| Complete 
| 141|0x0000000088d00000, 0x0000000088e00000, 0x0000000088e00000|100%| S|CS|TAMS 0x0000000088d00000, 0x0000000088d00000| Complete 
| 142|0x0000000088e00000, 0x0000000088f00000, 0x0000000088f00000|100%| S|CS|TAMS 0x0000000088e00000, 0x0000000088e00000| Complete 
| 143|0x0000000088f00000, 0x0000000089000000, 0x0000000089000000|100%| S|CS|TAMS 0x0000000088f00000, 0x0000000088f00000| Complete 
| 144|0x0000000089000000, 0x0000000089100000, 0x0000000089100000|100%| S|CS|TAMS 0x0000000089000000, 0x0000000089000000| Complete 
| 145|0x0000000089100000, 0x0000000089200000, 0x0000000089200000|100%| S|CS|TAMS 0x0000000089100000, 0x0000000089100000| Complete 
| 146|0x0000000089200000, 0x0000000089300000, 0x0000000089300000|100%| S|CS|TAMS 0x0000000089200000, 0x0000000089200000| Complete 
| 147|0x0000000089300000, 0x0000000089400000, 0x0000000089400000|100%| S|CS|TAMS 0x0000000089300000, 0x0000000089300000| Complete 
| 148|0x0000000089400000, 0x0000000089500000, 0x0000000089500000|100%| S|CS|TAMS 0x0000000089400000, 0x0000000089400000| Complete 
| 149|0x0000000089500000, 0x0000000089600000, 0x0000000089600000|100%| S|CS|TAMS 0x0000000089500000, 0x0000000089500000| Complete 
| 150|0x0000000089600000, 0x0000000089700000, 0x0000000089700000|100%| S|CS|TAMS 0x0000000089600000, 0x0000000089600000| Complete 
| 151|0x0000000089700000, 0x0000000089800000, 0x0000000089800000|100%| S|CS|TAMS 0x0000000089700000, 0x0000000089700000| Complete 
| 152|0x0000000089800000, 0x0000000089800000, 0x0000000089900000|  0%| F|  |TAMS 0x0000000089800000, 0x0000000089800000| Untracked 
| 153|0x0000000089900000, 0x0000000089900000, 0x0000000089a00000|  0%| F|  |TAMS 0x0000000089900000, 0x0000000089900000| Untracked 
| 154|0x0000000089a00000, 0x0000000089a00000, 0x0000000089b00000|  0%| F|  |TAMS 0x0000000089a00000, 0x0000000089a00000| Untracked 
| 155|0x0000000089b00000, 0x0000000089b00000, 0x0000000089c00000|  0%| F|  |TAMS 0x0000000089b00000, 0x0000000089b00000| Untracked 
| 156|0x0000000089c00000, 0x0000000089c00000, 0x0000000089d00000|  0%| F|  |TAMS 0x0000000089c00000, 0x0000000089c00000| Untracked 
| 157|0x0000000089d00000, 0x0000000089d00000, 0x0000000089e00000|  0%| F|  |TAMS 0x0000000089d00000, 0x0000000089d00000| Untracked 
| 158|0x0000000089e00000, 0x0000000089e00000, 0x0000000089f00000|  0%| F|  |TAMS 0x0000000089e00000, 0x0000000089e00000| Untracked 
| 159|0x0000000089f00000, 0x0000000089f00000, 0x000000008a000000|  0%| F|  |TAMS 0x0000000089f00000, 0x0000000089f00000| Untracked 
| 160|0x000000008a000000, 0x000000008a000000, 0x000000008a100000|  0%| F|  |TAMS 0x000000008a000000, 0x000000008a000000| Untracked 
| 161|0x000000008a100000, 0x000000008a100000, 0x000000008a200000|  0%| F|  |TAMS 0x000000008a100000, 0x000000008a100000| Untracked 
| 162|0x000000008a200000, 0x000000008a200000, 0x000000008a300000|  0%| F|  |TAMS 0x000000008a200000, 0x000000008a200000| Untracked 
| 163|0x000000008a300000, 0x000000008a300000, 0x000000008a400000|  0%| F|  |TAMS 0x000000008a300000, 0x000000008a300000| Untracked 
| 164|0x000000008a400000, 0x000000008a400000, 0x000000008a500000|  0%| F|  |TAMS 0x000000008a400000, 0x000000008a400000| Untracked 
| 165|0x000000008a500000, 0x000000008a500000, 0x000000008a600000|  0%| F|  |TAMS 0x000000008a500000, 0x000000008a500000| Untracked 
| 166|0x000000008a600000, 0x000000008a600000, 0x000000008a700000|  0%| F|  |TAMS 0x000000008a600000, 0x000000008a600000| Untracked 
| 167|0x000000008a700000, 0x000000008a700000, 0x000000008a800000|  0%| F|  |TAMS 0x000000008a700000, 0x000000008a700000| Untracked 
| 168|0x000000008a800000, 0x000000008a800000, 0x000000008a900000|  0%| F|  |TAMS 0x000000008a800000, 0x000000008a800000| Untracked 
| 169|0x000000008a900000, 0x000000008a900000, 0x000000008aa00000|  0%| F|  |TAMS 0x000000008a900000, 0x000000008a900000| Untracked 
| 170|0x000000008aa00000, 0x000000008aa00000, 0x000000008ab00000|  0%| F|  |TAMS 0x000000008aa00000, 0x000000008aa00000| Untracked 
| 171|0x000000008ab00000, 0x000000008ab00000, 0x000000008ac00000|  0%| F|  |TAMS 0x000000008ab00000, 0x000000008ab00000| Untracked 
| 172|0x000000008ac00000, 0x000000008ac00000, 0x000000008ad00000|  0%| F|  |TAMS 0x000000008ac00000, 0x000000008ac00000| Untracked 
| 173|0x000000008ad00000, 0x000000008ad00000, 0x000000008ae00000|  0%| F|  |TAMS 0x000000008ad00000, 0x000000008ad00000| Untracked 
| 174|0x000000008ae00000, 0x000000008ae00000, 0x000000008af00000|  0%| F|  |TAMS 0x000000008ae00000, 0x000000008ae00000| Untracked 
| 175|0x000000008af00000, 0x000000008af00000, 0x000000008b000000|  0%| F|  |TAMS 0x000000008af00000, 0x000000008af00000| Untracked 
| 176|0x000000008b000000, 0x000000008b000000, 0x000000008b100000|  0%| F|  |TAMS 0x000000008b000000, 0x000000008b000000| Untracked 
| 177|0x000000008b100000, 0x000000008b100000, 0x000000008b200000|  0%| F|  |TAMS 0x000000008b100000, 0x000000008b100000| Untracked 
| 178|0x000000008b200000, 0x000000008b200000, 0x000000008b300000|  0%| F|  |TAMS 0x000000008b200000, 0x000000008b200000| Untracked 
| 179|0x000000008b300000, 0x000000008b300000, 0x000000008b400000|  0%| F|  |TAMS 0x000000008b300000, 0x000000008b300000| Untracked 
| 180|0x000000008b400000, 0x000000008b400000, 0x000000008b500000|  0%| F|  |TAMS 0x000000008b400000, 0x000000008b400000| Untracked 
| 181|0x000000008b500000, 0x000000008b500000, 0x000000008b600000|  0%| F|  |TAMS 0x000000008b500000, 0x000000008b500000| Untracked 
| 182|0x000000008b600000, 0x000000008b600000, 0x000000008b700000|  0%| F|  |TAMS 0x000000008b600000, 0x000000008b600000| Untracked 
| 183|0x000000008b700000, 0x000000008b700000, 0x000000008b800000|  0%| F|  |TAMS 0x000000008b700000, 0x000000008b700000| Untracked 
| 184|0x000000008b800000, 0x000000008b800000, 0x000000008b900000|  0%| F|  |TAMS 0x000000008b800000, 0x000000008b800000| Untracked 
| 185|0x000000008b900000, 0x000000008b900000, 0x000000008ba00000|  0%| F|  |TAMS 0x000000008b900000, 0x000000008b900000| Untracked 
| 186|0x000000008ba00000, 0x000000008ba00000, 0x000000008bb00000|  0%| F|  |TAMS 0x000000008ba00000, 0x000000008ba00000| Untracked 
| 187|0x000000008bb00000, 0x000000008bb00000, 0x000000008bc00000|  0%| F|  |TAMS 0x000000008bb00000, 0x000000008bb00000| Untracked 
| 188|0x000000008bc00000, 0x000000008bc00000, 0x000000008bd00000|  0%| F|  |TAMS 0x000000008bc00000, 0x000000008bc00000| Untracked 
| 189|0x000000008bd00000, 0x000000008bd00000, 0x000000008be00000|  0%| F|  |TAMS 0x000000008bd00000, 0x000000008bd00000| Untracked 
| 190|0x000000008be00000, 0x000000008be00000, 0x000000008bf00000|  0%| F|  |TAMS 0x000000008be00000, 0x000000008be00000| Untracked 
| 191|0x000000008bf00000, 0x000000008bf00000, 0x000000008c000000|  0%| F|  |TAMS 0x000000008bf00000, 0x000000008bf00000| Untracked 
| 192|0x000000008c000000, 0x000000008c000000, 0x000000008c100000|  0%| F|  |TAMS 0x000000008c000000, 0x000000008c000000| Untracked 
| 193|0x000000008c100000, 0x000000008c100000, 0x000000008c200000|  0%| F|  |TAMS 0x000000008c100000, 0x000000008c100000| Untracked 
| 194|0x000000008c200000, 0x000000008c200000, 0x000000008c300000|  0%| F|  |TAMS 0x000000008c200000, 0x000000008c200000| Untracked 
| 195|0x000000008c300000, 0x000000008c300000, 0x000000008c400000|  0%| F|  |TAMS 0x000000008c300000, 0x000000008c300000| Untracked 
| 196|0x000000008c400000, 0x000000008c400000, 0x000000008c500000|  0%| F|  |TAMS 0x000000008c400000, 0x000000008c400000| Untracked 
| 197|0x000000008c500000, 0x000000008c500000, 0x000000008c600000|  0%| F|  |TAMS 0x000000008c500000, 0x000000008c500000| Untracked 
| 198|0x000000008c600000, 0x000000008c600000, 0x000000008c700000|  0%| F|  |TAMS 0x000000008c600000, 0x000000008c600000| Untracked 
| 199|0x000000008c700000, 0x000000008c700000, 0x000000008c800000|  0%| F|  |TAMS 0x000000008c700000, 0x000000008c700000| Untracked 
| 200|0x000000008c800000, 0x000000008c800000, 0x000000008c900000|  0%| F|  |TAMS 0x000000008c800000, 0x000000008c800000| Untracked 
| 201|0x000000008c900000, 0x000000008c900000, 0x000000008ca00000|  0%| F|  |TAMS 0x000000008c900000, 0x000000008c900000| Untracked 
| 202|0x000000008ca00000, 0x000000008ca00000, 0x000000008cb00000|  0%| F|  |TAMS 0x000000008ca00000, 0x000000008ca00000| Untracked 
| 203|0x000000008cb00000, 0x000000008cb00000, 0x000000008cc00000|  0%| F|  |TAMS 0x000000008cb00000, 0x000000008cb00000| Untracked 
| 204|0x000000008cc00000, 0x000000008cc00000, 0x000000008cd00000|  0%| F|  |TAMS 0x000000008cc00000, 0x000000008cc00000| Untracked 
| 205|0x000000008cd00000, 0x000000008cd00000, 0x000000008ce00000|  0%| F|  |TAMS 0x000000008cd00000, 0x000000008cd00000| Untracked 
| 206|0x000000008ce00000, 0x000000008ce00000, 0x000000008cf00000|  0%| F|  |TAMS 0x000000008ce00000, 0x000000008ce00000| Untracked 
| 207|0x000000008cf00000, 0x000000008cf00000, 0x000000008d000000|  0%| F|  |TAMS 0x000000008cf00000, 0x000000008cf00000| Untracked 
| 208|0x000000008d000000, 0x000000008d000000, 0x000000008d100000|  0%| F|  |TAMS 0x000000008d000000, 0x000000008d000000| Untracked 
| 209|0x000000008d100000, 0x000000008d100000, 0x000000008d200000|  0%| F|  |TAMS 0x000000008d100000, 0x000000008d100000| Untracked 
| 210|0x000000008d200000, 0x000000008d200000, 0x000000008d300000|  0%| F|  |TAMS 0x000000008d200000, 0x000000008d200000| Untracked 
| 211|0x000000008d300000, 0x000000008d300000, 0x000000008d400000|  0%| F|  |TAMS 0x000000008d300000, 0x000000008d300000| Untracked 
| 212|0x000000008d400000, 0x000000008d400000, 0x000000008d500000|  0%| F|  |TAMS 0x000000008d400000, 0x000000008d400000| Untracked 
| 213|0x000000008d500000, 0x000000008d500000, 0x000000008d600000|  0%| F|  |TAMS 0x000000008d500000, 0x000000008d500000| Untracked 
| 214|0x000000008d600000, 0x000000008d600000, 0x000000008d700000|  0%| F|  |TAMS 0x000000008d600000, 0x000000008d600000| Untracked 
| 215|0x000000008d700000, 0x000000008d700000, 0x000000008d800000|  0%| F|  |TAMS 0x000000008d700000, 0x000000008d700000| Untracked 
| 216|0x000000008d800000, 0x000000008d800000, 0x000000008d900000|  0%| F|  |TAMS 0x000000008d800000, 0x000000008d800000| Untracked 
| 217|0x000000008d900000, 0x000000008d900000, 0x000000008da00000|  0%| F|  |TAMS 0x000000008d900000, 0x000000008d900000| Untracked 
| 218|0x000000008da00000, 0x000000008da00000, 0x000000008db00000|  0%| F|  |TAMS 0x000000008da00000, 0x000000008da00000| Untracked 
| 219|0x000000008db00000, 0x000000008db00000, 0x000000008dc00000|  0%| F|  |TAMS 0x000000008db00000, 0x000000008db00000| Untracked 
| 220|0x000000008dc00000, 0x000000008dc00000, 0x000000008dd00000|  0%| F|  |TAMS 0x000000008dc00000, 0x000000008dc00000| Untracked 
| 221|0x000000008dd00000, 0x000000008dd00000, 0x000000008de00000|  0%| F|  |TAMS 0x000000008dd00000, 0x000000008dd00000| Untracked 
| 222|0x000000008de00000, 0x000000008de00000, 0x000000008df00000|  0%| F|  |TAMS 0x000000008de00000, 0x000000008de00000| Untracked 
| 223|0x000000008df00000, 0x000000008df00000, 0x000000008e000000|  0%| F|  |TAMS 0x000000008df00000, 0x000000008df00000| Untracked 
| 224|0x000000008e000000, 0x000000008e000000, 0x000000008e100000|  0%| F|  |TAMS 0x000000008e000000, 0x000000008e000000| Untracked 
| 225|0x000000008e100000, 0x000000008e100000, 0x000000008e200000|  0%| F|  |TAMS 0x000000008e100000, 0x000000008e100000| Untracked 
| 226|0x000000008e200000, 0x000000008e200000, 0x000000008e300000|  0%| F|  |TAMS 0x000000008e200000, 0x000000008e200000| Untracked 
| 227|0x000000008e300000, 0x000000008e300000, 0x000000008e400000|  0%| F|  |TAMS 0x000000008e300000, 0x000000008e300000| Untracked 
| 228|0x000000008e400000, 0x000000008e400000, 0x000000008e500000|  0%| F|  |TAMS 0x000000008e400000, 0x000000008e400000| Untracked 
| 229|0x000000008e500000, 0x000000008e500000, 0x000000008e600000|  0%| F|  |TAMS 0x000000008e500000, 0x000000008e500000| Untracked 
| 230|0x000000008e600000, 0x000000008e600000, 0x000000008e700000|  0%| F|  |TAMS 0x000000008e600000, 0x000000008e600000| Untracked 
| 231|0x000000008e700000, 0x000000008e700000, 0x000000008e800000|  0%| F|  |TAMS 0x000000008e700000, 0x000000008e700000| Untracked 
| 232|0x000000008e800000, 0x000000008e800000, 0x000000008e900000|  0%| F|  |TAMS 0x000000008e800000, 0x000000008e800000| Untracked 
| 233|0x000000008e900000, 0x000000008e900000, 0x000000008ea00000|  0%| F|  |TAMS 0x000000008e900000, 0x000000008e900000| Untracked 
| 234|0x000000008ea00000, 0x000000008ea00000, 0x000000008eb00000|  0%| F|  |TAMS 0x000000008ea00000, 0x000000008ea00000| Untracked 
| 235|0x000000008eb00000, 0x000000008eb00000, 0x000000008ec00000|  0%| F|  |TAMS 0x000000008eb00000, 0x000000008eb00000| Untracked 
| 236|0x000000008ec00000, 0x000000008ec00000, 0x000000008ed00000|  0%| F|  |TAMS 0x000000008ec00000, 0x000000008ec00000| Untracked 
| 237|0x000000008ed00000, 0x000000008ed00000, 0x000000008ee00000|  0%| F|  |TAMS 0x000000008ed00000, 0x000000008ed00000| Untracked 
| 238|0x000000008ee00000, 0x000000008ee00000, 0x000000008ef00000|  0%| F|  |TAMS 0x000000008ee00000, 0x000000008ee00000| Untracked 
| 239|0x000000008ef00000, 0x000000008ef00000, 0x000000008f000000|  0%| F|  |TAMS 0x000000008ef00000, 0x000000008ef00000| Untracked 
| 240|0x000000008f000000, 0x000000008f000000, 0x000000008f100000|  0%| F|  |TAMS 0x000000008f000000, 0x000000008f000000| Untracked 
| 241|0x000000008f100000, 0x000000008f100000, 0x000000008f200000|  0%| F|  |TAMS 0x000000008f100000, 0x000000008f100000| Untracked 
| 242|0x000000008f200000, 0x000000008f200000, 0x000000008f300000|  0%| F|  |TAMS 0x000000008f200000, 0x000000008f200000| Untracked 
| 243|0x000000008f300000, 0x000000008f300000, 0x000000008f400000|  0%| F|  |TAMS 0x000000008f300000, 0x000000008f300000| Untracked 
| 244|0x000000008f400000, 0x000000008f400000, 0x000000008f500000|  0%| F|  |TAMS 0x000000008f400000, 0x000000008f400000| Untracked 
| 245|0x000000008f500000, 0x000000008f500000, 0x000000008f600000|  0%| F|  |TAMS 0x000000008f500000, 0x000000008f500000| Untracked 
| 246|0x000000008f600000, 0x000000008f600000, 0x000000008f700000|  0%| F|  |TAMS 0x000000008f600000, 0x000000008f600000| Untracked 
| 247|0x000000008f700000, 0x000000008f700000, 0x000000008f800000|  0%| F|  |TAMS 0x000000008f700000, 0x000000008f700000| Untracked 
| 248|0x000000008f800000, 0x000000008f800000, 0x000000008f900000|  0%| F|  |TAMS 0x000000008f800000, 0x000000008f800000| Untracked 
| 249|0x000000008f900000, 0x000000008f900000, 0x000000008fa00000|  0%| F|  |TAMS 0x000000008f900000, 0x000000008f900000| Untracked 
| 250|0x000000008fa00000, 0x000000008fa00000, 0x000000008fb00000|  0%| F|  |TAMS 0x000000008fa00000, 0x000000008fa00000| Untracked 
| 251|0x000000008fb00000, 0x000000008fb00000, 0x000000008fc00000|  0%| F|  |TAMS 0x000000008fb00000, 0x000000008fb00000| Untracked 
| 252|0x000000008fc00000, 0x000000008fc00000, 0x000000008fd00000|  0%| F|  |TAMS 0x000000008fc00000, 0x000000008fc00000| Untracked 
| 253|0x000000008fd00000, 0x000000008fd00000, 0x000000008fe00000|  0%| F|  |TAMS 0x000000008fd00000, 0x000000008fd00000| Untracked 
| 254|0x000000008fe00000, 0x000000008fe00000, 0x000000008ff00000|  0%| F|  |TAMS 0x000000008fe00000, 0x000000008fe00000| Untracked 
| 255|0x000000008ff00000, 0x000000008ff00000, 0x0000000090000000|  0%| F|  |TAMS 0x000000008ff00000, 0x000000008ff00000| Untracked 
| 256|0x0000000090000000, 0x0000000090000000, 0x0000000090100000|  0%| F|  |TAMS 0x0000000090000000, 0x0000000090000000| Untracked 
| 257|0x0000000090100000, 0x0000000090100000, 0x0000000090200000|  0%| F|  |TAMS 0x0000000090100000, 0x0000000090100000| Untracked 
| 258|0x0000000090200000, 0x0000000090200000, 0x0000000090300000|  0%| F|  |TAMS 0x0000000090200000, 0x0000000090200000| Untracked 
| 259|0x0000000090300000, 0x0000000090300000, 0x0000000090400000|  0%| F|  |TAMS 0x0000000090300000, 0x0000000090300000| Untracked 
| 260|0x0000000090400000, 0x0000000090400000, 0x0000000090500000|  0%| F|  |TAMS 0x0000000090400000, 0x0000000090400000| Untracked 
| 261|0x0000000090500000, 0x0000000090500000, 0x0000000090600000|  0%| F|  |TAMS 0x0000000090500000, 0x0000000090500000| Untracked 
| 262|0x0000000090600000, 0x0000000090600000, 0x0000000090700000|  0%| F|  |TAMS 0x0000000090600000, 0x0000000090600000| Untracked 
| 263|0x0000000090700000, 0x0000000090700000, 0x0000000090800000|  0%| F|  |TAMS 0x0000000090700000, 0x0000000090700000| Untracked 
| 264|0x0000000090800000, 0x0000000090800000, 0x0000000090900000|  0%| F|  |TAMS 0x0000000090800000, 0x0000000090800000| Untracked 
| 265|0x0000000090900000, 0x0000000090900000, 0x0000000090a00000|  0%| F|  |TAMS 0x0000000090900000, 0x0000000090900000| Untracked 
| 266|0x0000000090a00000, 0x0000000090a00000, 0x0000000090b00000|  0%| F|  |TAMS 0x0000000090a00000, 0x0000000090a00000| Untracked 
| 267|0x0000000090b00000, 0x0000000090b00000, 0x0000000090c00000|  0%| F|  |TAMS 0x0000000090b00000, 0x0000000090b00000| Untracked 
| 268|0x0000000090c00000, 0x0000000090c00000, 0x0000000090d00000|  0%| F|  |TAMS 0x0000000090c00000, 0x0000000090c00000| Untracked 
| 269|0x0000000090d00000, 0x0000000090d00000, 0x0000000090e00000|  0%| F|  |TAMS 0x0000000090d00000, 0x0000000090d00000| Untracked 
| 270|0x0000000090e00000, 0x0000000090e00000, 0x0000000090f00000|  0%| F|  |TAMS 0x0000000090e00000, 0x0000000090e00000| Untracked 
| 271|0x0000000090f00000, 0x0000000090f00000, 0x0000000091000000|  0%| F|  |TAMS 0x0000000090f00000, 0x0000000090f00000| Untracked 
| 272|0x0000000091000000, 0x0000000091000000, 0x0000000091100000|  0%| F|  |TAMS 0x0000000091000000, 0x0000000091000000| Untracked 
| 273|0x0000000091100000, 0x0000000091100000, 0x0000000091200000|  0%| F|  |TAMS 0x0000000091100000, 0x0000000091100000| Untracked 
| 274|0x0000000091200000, 0x0000000091200000, 0x0000000091300000|  0%| F|  |TAMS 0x0000000091200000, 0x0000000091200000| Untracked 
| 275|0x0000000091300000, 0x0000000091300000, 0x0000000091400000|  0%| F|  |TAMS 0x0000000091300000, 0x0000000091300000| Untracked 
| 276|0x0000000091400000, 0x0000000091400000, 0x0000000091500000|  0%| F|  |TAMS 0x0000000091400000, 0x0000000091400000| Untracked 
| 277|0x0000000091500000, 0x0000000091500000, 0x0000000091600000|  0%| F|  |TAMS 0x0000000091500000, 0x0000000091500000| Untracked 
| 278|0x0000000091600000, 0x0000000091600000, 0x0000000091700000|  0%| F|  |TAMS 0x0000000091600000, 0x0000000091600000| Untracked 
| 279|0x0000000091700000, 0x0000000091700000, 0x0000000091800000|  0%| F|  |TAMS 0x0000000091700000, 0x0000000091700000| Untracked 
| 280|0x0000000091800000, 0x0000000091800000, 0x0000000091900000|  0%| F|  |TAMS 0x0000000091800000, 0x0000000091800000| Untracked 
| 281|0x0000000091900000, 0x0000000091900000, 0x0000000091a00000|  0%| F|  |TAMS 0x0000000091900000, 0x0000000091900000| Untracked 
| 282|0x0000000091a00000, 0x0000000091a00000, 0x0000000091b00000|  0%| F|  |TAMS 0x0000000091a00000, 0x0000000091a00000| Untracked 
| 283|0x0000000091b00000, 0x0000000091b00000, 0x0000000091c00000|  0%| F|  |TAMS 0x0000000091b00000, 0x0000000091b00000| Untracked 
| 284|0x0000000091c00000, 0x0000000091c00000, 0x0000000091d00000|  0%| F|  |TAMS 0x0000000091c00000, 0x0000000091c00000| Untracked 
| 285|0x0000000091d00000, 0x0000000091d867e0, 0x0000000091e00000| 52%| E|  |TAMS 0x0000000091d00000, 0x0000000091d00000| Complete 
| 286|0x0000000091e00000, 0x0000000091f00000, 0x0000000091f00000|100%| E|CS|TAMS 0x0000000091e00000, 0x0000000091e00000| Complete 
| 287|0x0000000091f00000, 0x0000000092000000, 0x0000000092000000|100%| E|CS|TAMS 0x0000000091f00000, 0x0000000091f00000| Complete 
| 288|0x0000000092000000, 0x0000000092100000, 0x0000000092100000|100%| E|CS|TAMS 0x0000000092000000, 0x0000000092000000| Complete 
| 289|0x0000000092100000, 0x0000000092200000, 0x0000000092200000|100%| E|CS|TAMS 0x0000000092100000, 0x0000000092100000| Complete 
| 290|0x0000000092200000, 0x0000000092300000, 0x0000000092300000|100%| E|CS|TAMS 0x0000000092200000, 0x0000000092200000| Complete 
| 291|0x0000000092300000, 0x0000000092400000, 0x0000000092400000|100%| E|CS|TAMS 0x0000000092300000, 0x0000000092300000| Complete 
| 292|0x0000000092400000, 0x0000000092500000, 0x0000000092500000|100%| E|CS|TAMS 0x0000000092400000, 0x0000000092400000| Complete 
| 293|0x0000000092500000, 0x0000000092600000, 0x0000000092600000|100%| E|CS|TAMS 0x0000000092500000, 0x0000000092500000| Complete 
| 294|0x0000000092600000, 0x0000000092700000, 0x0000000092700000|100%| E|CS|TAMS 0x0000000092600000, 0x0000000092600000| Complete 
| 295|0x0000000092700000, 0x0000000092800000, 0x0000000092800000|100%| E|CS|TAMS 0x0000000092700000, 0x0000000092700000| Complete 
| 296|0x0000000092800000, 0x0000000092900000, 0x0000000092900000|100%| E|CS|TAMS 0x0000000092800000, 0x0000000092800000| Complete 
| 297|0x0000000092900000, 0x0000000092a00000, 0x0000000092a00000|100%| E|CS|TAMS 0x0000000092900000, 0x0000000092900000| Complete 
| 298|0x0000000092a00000, 0x0000000092b00000, 0x0000000092b00000|100%| E|CS|TAMS 0x0000000092a00000, 0x0000000092a00000| Complete 
| 299|0x0000000092b00000, 0x0000000092c00000, 0x0000000092c00000|100%| E|CS|TAMS 0x0000000092b00000, 0x0000000092b00000| Complete 
| 300|0x0000000092c00000, 0x0000000092d00000, 0x0000000092d00000|100%| E|CS|TAMS 0x0000000092c00000, 0x0000000092c00000| Complete 
| 301|0x0000000092d00000, 0x0000000092e00000, 0x0000000092e00000|100%| E|CS|TAMS 0x0000000092d00000, 0x0000000092d00000| Complete 
| 302|0x0000000092e00000, 0x0000000092f00000, 0x0000000092f00000|100%| E|CS|TAMS 0x0000000092e00000, 0x0000000092e00000| Complete 
| 303|0x0000000092f00000, 0x0000000093000000, 0x0000000093000000|100%| E|CS|TAMS 0x0000000092f00000, 0x0000000092f00000| Complete 
| 304|0x0000000093000000, 0x0000000093100000, 0x0000000093100000|100%| E|CS|TAMS 0x0000000093000000, 0x0000000093000000| Complete 

Card table byte_map: [0x0000018440ac0000,0x0000018440ec0000] _byte_map_base: 0x00000184406c0000

Marking Bits (Prev, Next): (CMBitMap*) 0x000001842bdd64d0, (CMBitMap*) 0x000001842bdd6498
 Prev Bits: [0x00000184432c0000, 0x00000184452c0000)
 Next Bits: [0x00000184412c0000, 0x00000184432c0000)

Polling page: 0x000001842d610000

Metaspace:

Usage:
  Non-class:     78.52 MB capacity,    77.08 MB ( 98%) used,     1.20 MB (  2%) free+waste,   250.88 KB ( <1%) overhead. 
      Class:     11.96 MB capacity,    11.19 MB ( 94%) used,   668.75 KB (  5%) free+waste,   114.00 KB ( <1%) overhead. 
       Both:     90.48 MB capacity,    88.27 MB ( 98%) used,     1.85 MB (  2%) free+waste,   364.88 KB ( <1%) overhead. 

Virtual space:
  Non-class space:       80.00 MB reserved,      78.53 MB ( 98%) committed 
      Class space:        1.00 GB reserved,      12.00 MB (  1%) committed 
             Both:        1.08 GB reserved,      90.53 MB (  8%) committed 

Chunk freelists:
   Non-Class:  6.00 KB
       Class:  0 bytes
        Both:  6.00 KB

MaxMetaspaceSize: 17179869184.00 GB
CompressedClassSpaceSize: 1.00 GB
Initial GC threshold: 20.80 MB
Current GC threshold: 136.50 MB
CDS: off

CodeHeap 'non-profiled nmethods': size=120064Kb used=5447Kb max_used=5447Kb free=114616Kb
 bounds [0x0000018438b40000, 0x00000184390a0000, 0x0000018440080000]
CodeHeap 'profiled nmethods': size=120000Kb used=20616Kb max_used=20616Kb free=99384Kb
 bounds [0x0000018431610000, 0x0000018432a40000, 0x0000018438b40000]
CodeHeap 'non-nmethods': size=5696Kb used=2366Kb max_used=2419Kb free=3329Kb
 bounds [0x0000018431080000, 0x00000184312f0000, 0x0000018431610000]
 total_blobs=10454 nmethods=9563 adapters=804
 compilation: enabled
              stopped_count=0, restarted_count=0
 full_count=0

Compilation events (20 events):
Event: 46.896 Thread 0x0000018448205800 nmethod 9589 0x000001843908f890 code [0x000001843908fa40, 0x000001843908faf8]
Event: 46.896 Thread 0x0000018448205800 9587       1       org.gradle.execution.plan.Node::getDependencySuccessors (5 bytes)
Event: 46.896 Thread 0x0000018448205800 nmethod 9587 0x000001843908fb90 code [0x000001843908fd40, 0x000001843908fdf8]
Event: 46.896 Thread 0x0000018448205800 9588       1       org.gradle.execution.plan.Node::getExecutionFailure (5 bytes)
Event: 46.896 Thread 0x0000018448205800 nmethod 9588 0x000001843908fe90 code [0x0000018439090040, 0x00000184390900f8]
Event: 46.897 Thread 0x0000018448205800 9594   !   3       java.io.ObjectOutputStream::writeOrdinaryObject (175 bytes)
Event: 46.898 Thread 0x0000018448205800 nmethod 9594 0x0000018432a2d890 code [0x0000018432a2db80, 0x0000018432a2e828]
Event: 46.898 Thread 0x0000018448205800 9595       3       org.gradle.execution.plan.Node::isComplete (43 bytes)
Event: 46.898 Thread 0x0000018448205800 nmethod 9595 0x0000018432a2f090 code [0x0000018432a2f240, 0x0000018432a2f478]
Event: 46.898 Thread 0x0000018448205800 9596       1       org.gradle.api.internal.project.DefaultProjectStateRegistry$ProjectStateImpl::getTaskExecutionLock (5 bytes)
Event: 46.898 Thread 0x0000018448205800 nmethod 9596 0x0000018439090190 code [0x0000018439090340, 0x00000184390903f8]
Event: 46.901 Thread 0x0000018448200000 nmethod 9590 0x0000018439090490 code [0x0000018439090640, 0x0000018439090a18]
Event: 46.901 Thread 0x0000018448200000 9593       4       com.google.common.collect.ImmutableSet::hashFloodingDetected (134 bytes)
Event: 46.904 Thread 0x0000018448205800 9597       3       org.gradle.api.internal.file.CompositeFileCollection$$Lambda$711/0x000000010067b840::accept (12 bytes)
Event: 46.905 Thread 0x0000018448205800 nmethod 9597 0x0000018432a2f510 code [0x0000018432a2f6e0, 0x0000018432a2fa08]
Event: 46.905 Thread 0x0000018448205800 9598       1       com.google.common.collect.ImmutableSortedSet::comparator (5 bytes)
Event: 46.906 Thread 0x0000018448205800 nmethod 9598 0x0000018439090c10 code [0x0000018439090dc0, 0x0000018439090e78]
Event: 46.909 Thread 0x0000018448200000 nmethod 9593 0x0000018439090f10 code [0x00000184390910e0, 0x00000184390915e8]
Event: 46.909 Thread 0x0000018448200000 9599       4       java.util.LinkedHashMap$LinkedEntrySet::size (8 bytes)
Event: 46.910 Thread 0x0000018448200000 nmethod 9599 0x0000018439091a10 code [0x0000018439091ba0, 0x0000018439091c18]

GC Heap History (20 events):
Event: 2.500 GC heap before
{Heap before GC invocations=3 (full 0):
 garbage-first heap   total 260096K, used 66240K [0x0000000080000000, 0x0000000100000000)
  region size 1024K, 60 young (61440K), 12 survivors (12288K)
 Metaspace       used 25975K, capacity 26555K, committed 26800K, reserved 1073152K
  class space    used 3335K, capacity 3547K, committed 3584K, reserved 1048576K
}
Event: 2.509 GC heap after
{Heap after GC invocations=4 (full 0):
 garbage-first heap   total 260096K, used 18856K [0x0000000080000000, 0x0000000100000000)
  region size 1024K, 3 young (3072K), 3 survivors (3072K)
 Metaspace       used 25975K, capacity 26555K, committed 26800K, reserved 1073152K
  class space    used 3335K, capacity 3547K, committed 3584K, reserved 1048576K
}
Event: 3.181 GC heap before
{Heap before GC invocations=4 (full 0):
 garbage-first heap   total 260096K, used 88488K [0x0000000080000000, 0x0000000100000000)
  region size 1024K, 71 young (72704K), 3 survivors (3072K)
 Metaspace       used 34150K, capacity 34972K, committed 34992K, reserved 1079296K
  class space    used 4513K, capacity 4849K, committed 4864K, reserved 1048576K
}
Event: 3.186 GC heap after
{Heap after GC invocations=5 (full 0):
 garbage-first heap   total 260096K, used 21466K [0x0000000080000000, 0x0000000100000000)
  region size 1024K, 5 young (5120K), 5 survivors (5120K)
 Metaspace       used 34150K, capacity 34972K, committed 34992K, reserved 1079296K
  class space    used 4513K, capacity 4849K, committed 4864K, reserved 1048576K
}
Event: 3.231 GC heap before
{Heap before GC invocations=5 (full 0):
 garbage-first heap   total 260096K, used 23514K [0x0000000080000000, 0x0000000100000000)
  region size 1024K, 8 young (8192K), 5 survivors (5120K)
 Metaspace       used 34913K, capacity 35726K, committed 35888K, reserved 1081344K
  class space    used 4556K, capacity 4887K, committed 4992K, reserved 1048576K
}
Event: 3.238 GC heap after
{Heap after GC invocations=6 (full 0):
 garbage-first heap   total 260096K, used 22112K [0x0000000080000000, 0x0000000100000000)
  region size 1024K, 6 young (6144K), 6 survivors (6144K)
 Metaspace       used 34913K, capacity 35726K, committed 35888K, reserved 1081344K
  class space    used 4556K, capacity 4887K, committed 4992K, reserved 1048576K
}
Event: 3.799 GC heap before
{Heap before GC invocations=7 (full 0):
 garbage-first heap   total 260096K, used 86624K [0x0000000080000000, 0x0000000100000000)
  region size 1024K, 67 young (68608K), 6 survivors (6144K)
 Metaspace       used 40778K, capacity 41773K, committed 42088K, reserved 1085440K
  class space    used 5168K, capacity 5553K, committed 5632K, reserved 1048576K
}
Event: 3.812 GC heap after
{Heap after GC invocations=8 (full 0):
 garbage-first heap   total 260096K, used 27465K [0x0000000080000000, 0x0000000100000000)
  region size 1024K, 9 young (9216K), 9 survivors (9216K)
 Metaspace       used 40778K, capacity 41773K, committed 42088K, reserved 1085440K
  class space    used 5168K, capacity 5553K, committed 5632K, reserved 1048576K
}
Event: 4.454 GC heap before
{Heap before GC invocations=9 (full 0):
 garbage-first heap   total 260096K, used 109385K [0x0000000080000000, 0x0000000100000000)
  region size 1024K, 89 young (91136K), 9 survivors (9216K)
 Metaspace       used 47464K, capacity 48692K, committed 48872K, reserved 1091584K
  class space    used 6058K, capacity 6466K, committed 6528K, reserved 1048576K
}
Event: 4.469 GC heap after
{Heap after GC invocations=10 (full 0):
 garbage-first heap   total 260096K, used 30471K [0x0000000080000000, 0x0000000100000000)
  region size 1024K, 9 young (9216K), 9 survivors (9216K)
 Metaspace       used 47464K, capacity 48692K, committed 48872K, reserved 1091584K
  class space    used 6058K, capacity 6466K, committed 6528K, reserved 1048576K
}
Event: 5.651 GC heap before
{Heap before GC invocations=10 (full 0):
 garbage-first heap   total 260096K, used 145159K [0x0000000080000000, 0x0000000100000000)
  region size 1024K, 117 young (119808K), 9 survivors (9216K)
 Metaspace       used 57040K, capacity 58661K, committed 58856K, reserved 1099776K
  class space    used 7215K, capacity 7773K, committed 7808K, reserved 1048576K
}
Event: 5.664 GC heap after
{Heap after GC invocations=11 (full 0):
 garbage-first heap   total 260096K, used 45434K [0x0000000080000000, 0x0000000100000000)
  region size 1024K, 14 young (14336K), 14 survivors (14336K)
 Metaspace       used 57040K, capacity 58661K, committed 58856K, reserved 1099776K
  class space    used 7215K, capacity 7773K, committed 7808K, reserved 1048576K
}
Event: 6.832 GC heap before
{Heap before GC invocations=11 (full 0):
 garbage-first heap   total 260096K, used 164218K [0x0000000080000000, 0x0000000100000000)
  region size 1024K, 122 young (124928K), 14 survivors (14336K)
 Metaspace       used 67355K, capacity 68992K, committed 69224K, reserved 1110016K
  class space    used 8502K, capacity 9100K, committed 9216K, reserved 1048576K
}
Event: 6.847 GC heap after
{Heap after GC invocations=12 (full 0):
 garbage-first heap   total 260096K, used 54504K [0x0000000080000000, 0x0000000100000000)
  region size 1024K, 9 young (9216K), 9 survivors (9216K)
 Metaspace       used 67355K, capacity 68992K, committed 69224K, reserved 1110016K
  class space    used 8502K, capacity 9100K, committed 9216K, reserved 1048576K
}
Event: 7.065 GC heap before
{Heap before GC invocations=12 (full 0):
 garbage-first heap   total 260096K, used 96488K [0x0000000080000000, 0x0000000100000000)
  region size 1024K, 51 young (52224K), 9 survivors (9216K)
 Metaspace       used 68246K, capacity 70005K, committed 70148K, reserved 1110016K
  class space    used 8596K, capacity 9202K, committed 9216K, reserved 1048576K
}
Event: 7.081 GC heap after
{Heap after GC invocations=13 (full 0):
 garbage-first heap   total 312320K, used 58234K [0x0000000080000000, 0x0000000100000000)
  region size 1024K, 4 young (4096K), 4 survivors (4096K)
 Metaspace       used 68246K, capacity 70005K, committed 70148K, reserved 1110016K
  class space    used 8596K, capacity 9202K, committed 9216K, reserved 1048576K
}
Event: 35.073 GC heap before
{Heap before GC invocations=14 (full 0):
 garbage-first heap   total 312320K, used 188282K [0x0000000080000000, 0x0000000100000000)
  region size 1024K, 132 young (135168K), 4 survivors (4096K)
 Metaspace       used 81555K, capacity 83690K, committed 83868K, reserved 1122304K
  class space    used 10286K, capacity 11020K, committed 11136K, reserved 1048576K
}
Event: 35.091 GC heap after
{Heap after GC invocations=15 (full 0):
 garbage-first heap   total 312320K, used 66772K [0x0000000080000000, 0x0000000100000000)
  region size 1024K, 13 young (13312K), 13 survivors (13312K)
 Metaspace       used 81555K, capacity 83690K, committed 83868K, reserved 1122304K
  class space    used 10286K, capacity 11020K, committed 11136K, reserved 1048576K
}
Event: 36.661 GC heap before
{Heap before GC invocations=16 (full 0):
 garbage-first heap   total 312320K, used 210132K [0x0000000080000000, 0x0000000100000000)
  region size 1024K, 153 young (156672K), 13 survivors (13312K)
 Metaspace       used 89346K, capacity 91586K, committed 91804K, reserved 1128448K
  class space    used 11292K, capacity 12048K, committed 12160K, reserved 1048576K
}
Event: 36.683 GC heap after
{Heap after GC invocations=17 (full 0):
 garbage-first heap   total 312320K, used 78848K [0x0000000080000000, 0x0000000100000000)
  region size 1024K, 20 young (20480K), 20 survivors (20480K)
 Metaspace       used 89346K, capacity 91586K, committed 91804K, reserved 1128448K
  class space    used 11292K, capacity 12048K, committed 12160K, reserved 1048576K
}

Deoptimization events (20 events):
Event: 36.741 Thread 0x000001844f270000 Uncommon trap: trap_request=0xffffffde fr.pc=0x0000018438c90460 relative=0x0000000000000320
Event: 36.741 Thread 0x000001844f270000 Uncommon trap: reason=class_check action=maybe_recompile pc=0x0000018438c90460 method=java.util.Collections$SetFromMap.remove(Ljava/lang/Object;)Z @ 5 c2
Event: 36.741 Thread 0x000001844f270000 DEOPT PACKING pc=0x0000018438c90460 sp=0x0000001d58bfdb60
Event: 36.741 Thread 0x000001844f270000 DEOPT UNPACKING pc=0x00000184310ca1a9 sp=0x0000001d58bfdb48 mode 2
Event: 36.746 Thread 0x000001844f270000 Uncommon trap: trap_request=0xffffffde fr.pc=0x0000018438cf0c74 relative=0x00000000000002b4
Event: 36.746 Thread 0x000001844f270000 Uncommon trap: reason=class_check action=maybe_recompile pc=0x0000018438cf0c74 method=java.util.stream.StreamOpFlag.fromCharacteristics(Ljava/util/Spliterator;)I @ 14 c2
Event: 36.746 Thread 0x000001844f270000 DEOPT PACKING pc=0x0000018438cf0c74 sp=0x0000001d58bfd540
Event: 36.746 Thread 0x000001844f270000 DEOPT UNPACKING pc=0x00000184310ca1a9 sp=0x0000001d58bfd428 mode 2
Event: 36.747 Thread 0x000001844f270000 Uncommon trap: trap_request=0xffffffde fr.pc=0x0000018438ed73fc relative=0x000000000000005c
Event: 36.747 Thread 0x000001844f270000 Uncommon trap: reason=class_check action=maybe_recompile pc=0x0000018438ed73fc method=java.util.stream.StreamOpFlag.fromCharacteristics(Ljava/util/Spliterator;)I @ 14 c2
Event: 36.747 Thread 0x000001844f270000 DEOPT PACKING pc=0x0000018438ed73fc sp=0x0000001d58bfd450
Event: 36.747 Thread 0x000001844f270000 DEOPT UNPACKING pc=0x00000184310ca1a9 sp=0x0000001d58bfd3e0 mode 2
Event: 36.823 Thread 0x000001844f270000 Uncommon trap: trap_request=0xffffff4d fr.pc=0x0000018438f82aa8 relative=0x00000000000001e8
Event: 36.823 Thread 0x000001844f270000 Uncommon trap: reason=unstable_if action=reinterpret pc=0x0000018438f82aa8 method=com.google.common.collect.RegularImmutableSet.contains(Ljava/lang/Object;)Z @ 10 c2
Event: 36.823 Thread 0x000001844f270000 DEOPT PACKING pc=0x0000018438f82aa8 sp=0x0000001d58bf9f90
Event: 36.823 Thread 0x000001844f270000 DEOPT UNPACKING pc=0x00000184310ca1a9 sp=0x0000001d58bf9f28 mode 2
Event: 46.848 Thread 0x000001844f270000 Uncommon trap: trap_request=0xffffffc6 fr.pc=0x0000018438cac250 relative=0x00000000000008f0
Event: 46.848 Thread 0x000001844f270000 Uncommon trap: reason=bimorphic_or_optimized_type_check action=maybe_recompile pc=0x0000018438cac250 method=java.lang.Throwable.<init>(Ljava/lang/String;Ljava/lang/Throwable;)V @ 24 c2
Event: 46.848 Thread 0x000001844f270000 DEOPT PACKING pc=0x0000018438cac250 sp=0x0000001d58bfb290
Event: 46.848 Thread 0x000001844f270000 DEOPT UNPACKING pc=0x00000184310ca1a9 sp=0x0000001d58bfb270 mode 2

Classes redefined (0 events):
No events

Internal exceptions (20 events):
Event: 36.709 Thread 0x000001844a441800 Exception <a 'java/lang/ClassNotFoundException'{0x0000000092b51498}: com/android/build/gradle/tasks/PackageAndroidArtifactBeanInfo> (0x0000000092b51498) thrown at [src/hotspot/share/classfile/systemDictionary.cpp, line 230]
Event: 36.709 Thread 0x000001844a441800 Exception <a 'java/lang/ClassNotFoundException'{0x0000000092b6b7a8}: com/android/build/gradle/tasks/PackageAndroidArtifactCustomizer> (0x0000000092b6b7a8) thrown at [src/hotspot/share/classfile/systemDictionary.cpp, line 230]
Event: 36.711 Thread 0x000001844a441800 Exception <a 'java/lang/ClassNotFoundException'{0x0000000092bd2438}: com/android/build/gradle/tasks/PackageApplicationCustomizer> (0x0000000092bd2438) thrown at [src/hotspot/share/classfile/systemDictionary.cpp, line 230]
Event: 36.712 Thread 0x000001844a441800 Exception <a 'java/lang/ClassNotFoundException'{0x0000000092a0a430}: com/android/build/gradle/tasks/PackageApplication_DecoratedCustomizer> (0x0000000092a0a430) thrown at [src/hotspot/share/classfile/systemDictionary.cpp, line 230]
Event: 36.717 Thread 0x000001844a441800 Exception <a 'java/lang/ClassNotFoundException'{0x0000000092aed408}: com/android/build/gradle/internal/tasks/ListingFileRedirectTask_DecoratedBeanInfo> (0x0000000092aed408) thrown at [src/hotspot/share/classfile/systemDictionary.cpp, line 230]
Event: 36.717 Thread 0x000001844a441800 Exception <a 'java/lang/ClassNotFoundException'{0x00000000929090d0}: com/android/build/gradle/internal/tasks/ListingFileRedirectTaskBeanInfo> (0x00000000929090d0) thrown at [src/hotspot/share/classfile/systemDictionary.cpp, line 230]
Event: 36.718 Thread 0x000001844a441800 Exception <a 'java/lang/ClassNotFoundException'{0x0000000092924940}: com/android/build/gradle/internal/tasks/ListingFileRedirectTaskCustomizer> (0x0000000092924940) thrown at [src/hotspot/share/classfile/systemDictionary.cpp, line 230]
Event: 36.719 Thread 0x000001844a441800 Exception <a 'java/lang/ClassNotFoundException'{0x0000000092953d18}: com/android/build/gradle/internal/tasks/ListingFileRedirectTask_DecoratedCustomizer> (0x0000000092953d18) thrown at [src/hotspot/share/classfile/systemDictionary.cpp, line 230]
Event: 36.738 Thread 0x000001844a441800 Exception <a 'sun/nio/fs/WindowsException'{0x0000000092893bb8}> (0x0000000092893bb8) thrown at [src/hotspot/share/prims/jni.cpp, line 617]
Event: 36.779 Thread 0x000001844f270000 Exception <a 'java/lang/IncompatibleClassChangeError'{0x00000000926b5690}: Found class java.lang.Object, but interface was expected> (0x00000000926b5690) thrown at [src/hotspot/share/interpreter/linkResolver.cpp, line 839]
Event: 36.795 Thread 0x000001844f270000 Exception <a 'java/lang/NoSuchMethodError'{0x000000009244de30}: 'int java.lang.invoke.DirectMethodHandle$Holder.invokeStaticInit(java.lang.Object, java.lang.Object, java.lang.Object, java.lang.Object, java.lang.Object)'> (0x000000009244de30) thrown at [src/hotspot/share/interpreter/linkResolver.cpp, line 773]
Event: 36.809 Thread 0x000001844f270000 Exception <a 'sun/nio/fs/WindowsException'{0x0000000092337d40}> (0x0000000092337d40) thrown at [src/hotspot/share/prims/jni.cpp, line 617]
Event: 36.809 Thread 0x000001844f270000 Exception <a 'sun/nio/fs/WindowsException'{0x0000000092338e50}> (0x0000000092338e50) thrown at [src/hotspot/share/prims/jni.cpp, line 617]
Event: 36.823 Thread 0x000001844f270000 Implicit null exception at 0x0000018438f828f7 to 0x0000018438f82a90
Event: 41.836 Thread 0x000001844f270000 Exception <a 'net/rubygrapefruit/platform/NativeException'{0x0000000092252a50}: Execution timed out> (0x0000000092252a50) thrown at [src/hotspot/share/prims/jni.cpp, line 638]
Event: 46.847 Thread 0x000001844f270000 Exception <a 'net/rubygrapefruit/platform/NativeException'{0x00000000922db778}: Execution timed out> (0x00000000922db778) thrown at [src/hotspot/share/prims/jni.cpp, line 638]
Event: 46.856 Thread 0x000001844f0c4800 Exception <a 'java/lang/NoSuchMethodError'{0x00000000920be710}: <clinit>> (0x00000000920be710) thrown at [src/hotspot/share/prims/jni.cpp, line 1367]
Event: 46.857 Thread 0x000001844f0c4800 Exception <a 'java/lang/NoSuchMethodError'{0x00000000920e8860}: <clinit>> (0x00000000920e8860) thrown at [src/hotspot/share/prims/jni.cpp, line 1367]
Event: 46.873 Thread 0x000001844f0c4800 Exception <a 'java/lang/NoSuchMethodError'{0x0000000091fa2a40}: <clinit>> (0x0000000091fa2a40) thrown at [src/hotspot/share/prims/jni.cpp, line 1367]
Event: 46.887 Thread 0x000001844f270000 Exception <a 'java/lang/NoSuchMethodError'{0x0000000091e27508}: 'int java.lang.invoke.DirectMethodHandle$Holder.invokeSpecial(java.lang.Object, java.lang.Object, java.lang.Object, java.lang.Object, java.lang.Object)'> (0x0000000091e27508) thrown at [src/hotspot/share/interpreter/linkResolver.cpp, line 773]

Events (20 events):
Event: 46.905 Executing VM operation: RevokeBias
Event: 46.905 Executing VM operation: RevokeBias done
Event: 46.907 loading class org/gradle/internal/snapshot/ChildMap
Event: 46.907 loading class org/gradle/internal/snapshot/ChildMap done
Event: 46.907 loading class org/gradle/internal/snapshot/ChildMap
Event: 46.907 loading class org/gradle/internal/snapshot/ChildMap done
Event: 46.907 loading class org/gradle/internal/snapshot/AbstractInvalidateChildHandler
Event: 46.907 loading class org/gradle/internal/snapshot/AbstractInvalidateChildHandler done
Event: 46.907 loading class org/gradle/internal/snapshot/ChildMap
Event: 46.907 loading class org/gradle/internal/snapshot/ChildMap done
Event: 46.908 loading class org/gradle/internal/snapshot/ChildMap
Event: 46.908 loading class org/gradle/internal/snapshot/ChildMap done
Event: 46.908 loading class org/gradle/internal/snapshot/AbstractInvalidateChildHandler
Event: 46.908 loading class org/gradle/internal/snapshot/AbstractInvalidateChildHandler done
Event: 46.908 Executing VM operation: RevokeBias
Event: 46.908 Executing VM operation: RevokeBias done
Event: 46.908 Executing VM operation: RevokeBias
Event: 46.908 Executing VM operation: RevokeBias done
Event: 46.909 Executing VM operation: RevokeBias
Event: 46.909 Executing VM operation: RevokeBias done


Dynamic libraries:
0x00007ff606200000 - 0x00007ff60620a000 	C:\Program Files\Android\Android Studio\jbr\bin\java.exe
0x00007ffebfd50000 - 0x00007ffebff46000 	C:\Windows\SYSTEM32\ntdll.dll
0x00007ffebe170000 - 0x00007ffebe22d000 	C:\Windows\System32\KERNEL32.DLL
0x00007ffebd7d0000 - 0x00007ffebda99000 	C:\Windows\System32\KERNELBASE.dll
0x00007ffebd6d0000 - 0x00007ffebd7d0000 	C:\Windows\System32\ucrtbase.dll
0x00007ffeb3f40000 - 0x00007ffeb3f57000 	C:\Program Files\Android\Android Studio\jbr\bin\jli.dll
0x00007ffea6690000 - 0x00007ffea66ab000 	C:\Program Files\Android\Android Studio\jbr\bin\VCRUNTIME140.dll
0x00007ffebe740000 - 0x00007ffebe8e0000 	C:\Windows\System32\USER32.dll
0x00007ffebdd80000 - 0x00007ffebdda2000 	C:\Windows\System32\win32u.dll
0x00007ffebfad0000 - 0x00007ffebfafa000 	C:\Windows\System32\GDI32.dll
0x00007ffebdaa0000 - 0x00007ffebdbab000 	C:\Windows\System32\gdi32full.dll
0x00007ffebdce0000 - 0x00007ffebdd7d000 	C:\Windows\System32\msvcp_win.dll
0x00007ffeac070000 - 0x00007ffeac30b000 	C:\Windows\WinSxS\amd64_microsoft.windows.common-controls_6595b64144ccf1df_6.0.19041.746_none_ca02b4b61b8320a4\COMCTL32.dll
0x00007ffebe8e0000 - 0x00007ffebe97e000 	C:\Windows\System32\msvcrt.dll
0x00007ffebf550000 - 0x00007ffebf580000 	C:\Windows\System32\IMM32.DLL
0x00007ffe8c6f0000 - 0x00007ffe8c74b000 	C:\ProgramData\Microsoft\DbgCtr\XShellDLL64_6015.dll
0x00007ffebe3e0000 - 0x00007ffebe48c000 	C:\Windows\System32\ADVAPI32.dll
0x00007ffebfbc0000 - 0x00007ffebfc5c000 	C:\Windows\System32\sechost.dll
0x00007ffebeb90000 - 0x00007ffebecbb000 	C:\Windows\System32\RPCRT4.dll
0x00007ffebecc0000 - 0x00007ffebf402000 	C:\Windows\System32\SHELL32.dll
0x00007ffeb90f0000 - 0x00007ffeb90fc000 	C:\Program Files\Android\Android Studio\jbr\bin\vcruntime140_1.dll
0x00007ffe9bee0000 - 0x00007ffe9bf6d000 	C:\Program Files\Android\Android Studio\jbr\bin\msvcp140.dll
0x00007ffe7c9b0000 - 0x00007ffe7d56c000 	C:\Program Files\Android\Android Studio\jbr\bin\server\jvm.dll
0x00007ffebfb00000 - 0x00007ffebfb08000 	C:\Windows\System32\PSAPI.DLL
0x00007ffea8660000 - 0x00007ffea8669000 	C:\Windows\SYSTEM32\WSOCK32.dll
0x00007ffebf4e0000 - 0x00007ffebf54b000 	C:\Windows\System32\WS2_32.dll
0x00007ffe995c0000 - 0x00007ffe995e7000 	C:\Windows\SYSTEM32\WINMM.dll
0x00007ffeaf430000 - 0x00007ffeaf43a000 	C:\Windows\SYSTEM32\VERSION.dll
0x00007ffebb400000 - 0x00007ffebb412000 	C:\Windows\SYSTEM32\kernel.appcore.dll
0x00007ffeb8320000 - 0x00007ffeb8330000 	C:\Program Files\Android\Android Studio\jbr\bin\verify.dll
0x00007ffea2a70000 - 0x00007ffea2c54000 	C:\Windows\SYSTEM32\DBGHELP.DLL
0x00007ffea2190000 - 0x00007ffea21bc000 	C:\Windows\SYSTEM32\dbgcore.DLL
0x00007ffebdc60000 - 0x00007ffebdce0000 	C:\Windows\System32\bcryptPrimitives.dll
0x00007ffea7850000 - 0x00007ffea7878000 	C:\Program Files\Android\Android Studio\jbr\bin\java.dll
0x00007ffeb8310000 - 0x00007ffeb831a000 	C:\Program Files\Android\Android Studio\jbr\bin\jimage.dll
0x00007ffea75b0000 - 0x00007ffea75c8000 	C:\Program Files\Android\Android Studio\jbr\bin\zip.dll
0x00007ffebb600000 - 0x00007ffebbd90000 	C:\Windows\SYSTEM32\windows.storage.dll
0x00007ffebde10000 - 0x00007ffebe166000 	C:\Windows\System32\combase.dll
0x00007ffebce20000 - 0x00007ffebce4c000 	C:\Windows\SYSTEM32\Wldp.dll
0x00007ffebfc60000 - 0x00007ffebfd0e000 	C:\Windows\System32\SHCORE.dll
0x00007ffebf5e0000 - 0x00007ffebf635000 	C:\Windows\System32\shlwapi.dll
0x00007ffebd3c0000 - 0x00007ffebd3e6000 	C:\Windows\SYSTEM32\profapi.dll
0x00007ffea74a0000 - 0x00007ffea74b9000 	C:\Program Files\Android\Android Studio\jbr\bin\net.dll
0x00007ffeb5c70000 - 0x00007ffeb5d70000 	C:\Windows\SYSTEM32\WINHTTP.dll
0x00007ffebcba0000 - 0x00007ffebcc0a000 	C:\Windows\system32\mswsock.dll
0x00007ffea7480000 - 0x00007ffea7493000 	C:\Program Files\Android\Android Studio\jbr\bin\nio.dll
0x00007ffea6930000 - 0x00007ffea6957000 	C:\Users\it_04\.gradle\native\e1d6ef7f7dcc3fd88c89a11ec53ec762bb8ba0a96d01ffa2cd45eb1d1d8dd5c5\windows-amd64\native-platform.dll
0x00007ffe9baa0000 - 0x00007ffe9bbe4000 	C:\Users\it_04\.gradle\native\0d407fdbe67a94daf76414ababcb853783967236a71b16ec16e742cd7a986fd3\windows-amd64\native-platform-file-events.dll
0x00007ffeb8300000 - 0x00007ffeb830a000 	C:\Program Files\Android\Android Studio\jbr\bin\management.dll
0x00007ffeb5d90000 - 0x00007ffeb5d9b000 	C:\Program Files\Android\Android Studio\jbr\bin\management_ext.dll
0x00007ffebcd70000 - 0x00007ffebcd88000 	C:\Windows\SYSTEM32\CRYPTSP.dll
0x00007ffebc540000 - 0x00007ffebc574000 	C:\Windows\system32\rsaenh.dll
0x00007ffebd5f0000 - 0x00007ffebd617000 	C:\Windows\System32\bcrypt.dll
0x00007ffebd340000 - 0x00007ffebd36e000 	C:\Windows\SYSTEM32\USERENV.dll
0x00007ffebcd90000 - 0x00007ffebcd9c000 	C:\Windows\SYSTEM32\CRYPTBASE.dll
0x00007ffebc890000 - 0x00007ffebc8cb000 	C:\Windows\SYSTEM32\IPHLPAPI.DLL
0x00007ffebfab0000 - 0x00007ffebfab8000 	C:\Windows\System32\NSI.dll
0x00007ffeb7830000 - 0x00007ffeb7847000 	C:\Windows\SYSTEM32\dhcpcsvc6.DLL
0x00007ffeb7810000 - 0x00007ffeb782d000 	C:\Windows\SYSTEM32\dhcpcsvc.DLL
0x00007ffebc8d0000 - 0x00007ffebc99b000 	C:\Windows\SYSTEM32\DNSAPI.dll

dbghelp: loaded successfully - version: 4.0.5 - missing functions: none
symbol engine: initialized successfully - sym options: 0x614 - pdb path: .;C:\Program Files\Android\Android Studio\jbr\bin;C:\Windows\SYSTEM32;C:\Windows\WinSxS\amd64_microsoft.windows.common-controls_6595b64144ccf1df_6.0.19041.746_none_ca02b4b61b8320a4;C:\ProgramData\Microsoft\DbgCtr;C:\Program Files\Android\Android Studio\jbr\bin\server;C:\Users\it_04\.gradle\native\e1d6ef7f7dcc3fd88c89a11ec53ec762bb8ba0a96d01ffa2cd45eb1d1d8dd5c5\windows-amd64;C:\Users\it_04\.gradle\native\0d407fdbe67a94daf76414ababcb853783967236a71b16ec16e742cd7a986fd3\windows-amd64

VM Arguments:
jvm_args: --add-opens=java.base/java.util=ALL-UNNAMED --add-opens=java.base/java.lang=ALL-UNNAMED --add-opens=java.base/java.lang.invoke=ALL-UNNAMED --add-opens=java.base/java.util=ALL-UNNAMED --add-opens=java.prefs/java.util.prefs=ALL-UNNAMED --add-opens=java.prefs/java.util.prefs=ALL-UNNAMED --add-opens=java.base/java.nio.charset=ALL-UNNAMED --add-opens=java.base/java.net=ALL-UNNAMED --add-opens=java.base/java.util.concurrent.atomic=ALL-UNNAMED -Xmx2048m -Dfile.encoding=UTF-8 -Duser.country=US -Duser.language=en -Duser.variant 
java_command: org.gradle.launcher.daemon.bootstrap.GradleDaemon 7.5
java_class_path (initial): C:\Users\it_04\.gradle\wrapper\dists\gradle-7.5-bin\f1w0cc9nuo0eivz97x2xlu9sv\gradle-7.5\lib\gradle-launcher-7.5.jar
Launcher Type: SUN_STANDARD

[Global flags]
     intx CICompilerCount                          = 3                                         {product} {ergonomic}
     uint ConcGCThreads                            = 1                                         {product} {ergonomic}
     uint G1ConcRefinementThreads                  = 4                                         {product} {ergonomic}
   size_t G1HeapRegionSize                         = 1048576                                   {product} {ergonomic}
    uintx GCDrainStackTargetSize                   = 64                                        {product} {ergonomic}
   size_t InitialHeapSize                          = 266338304                                 {product} {ergonomic}
   size_t MarkStackSize                            = 4194304                                   {product} {ergonomic}
   size_t MaxHeapSize                              = 2147483648                                {product} {command line}
   size_t MaxNewSize                               = 1287651328                                {product} {ergonomic}
   size_t MinHeapDeltaBytes                        = 1048576                                   {product} {ergonomic}
    uintx NonNMethodCodeHeapSize                   = 5830732                                {pd product} {ergonomic}
    uintx NonProfiledCodeHeapSize                  = 122913754                              {pd product} {ergonomic}
    uintx ProfiledCodeHeapSize                     = 122913754                              {pd product} {ergonomic}
    uintx ReservedCodeCacheSize                    = 251658240                              {pd product} {ergonomic}
     bool SegmentedCodeCache                       = true                                      {product} {ergonomic}
     bool UseCompressedClassPointers               = true                                 {lp64_product} {ergonomic}
     bool UseCompressedOops                        = true                                 {lp64_product} {ergonomic}
     bool UseG1GC                                  = true                                      {product} {ergonomic}
     bool UseLargePagesIndividualAllocation        = false                                  {pd product} {ergonomic}

Logging:
Log output configuration:
 #0: stdout all=warning uptime,level,tags
 #1: stderr all=off uptime,level,tags

Environment Variables:
PATH=D:\app\it_07\product\11.2.0\client_1\bin;C:\Windows\system32;C:\Windows;C:\Windows\System32\Wbem;C:\Windows\System32\WindowsPowerShell\v1.0\;C:\Windows\System32\OpenSSH\;C:\Program Files\dotnet\;C:\Program Files\Git\cmd;C:\Users\it_04\AppData\Local\Microsoft\WindowsApps;C:\Users\it_04\.dotnet\tools
USERNAME=it_04
OS=Windows_NT
PROCESSOR_IDENTIFIER=Intel64 Family 6 Model 165 Stepping 3, GenuineIntel



---------------  S Y S T E M  ---------------

OS: Windows 10 , 64 bit Build 19041 (10.0.19041.804)
OS uptime: 0 days 0:28 hours

CPU:total 4 (initial active 4) (2 cores per cpu, 2 threads per core) family 6 model 165 stepping 3 microcode 0xe0, cmov, cx8, fxsr, mmx, sse, sse2, sse3, ssse3, sse4.1, sse4.2, popcnt, aes, clmul, erms, 3dnowpref, lzcnt, ht, tsc, tscinvbit

Memory: 4k page, system-wide physical 16242M (9983M free)
TotalPageFile size 18674M (AvailPageFile size 12739M)
current process WorkingSet (physical memory assigned to process): 467M, peak: 515M
current process commit charge ("private bytes"): 570M, peak: 612M

vm_info: OpenJDK 64-Bit Server VM (11.0.15+0-b2043.56-9505619) for windows-amd64 JRE (11.0.15+0-b2043.56-9505619), built on Jan 19 2023 02:48:00 by "builduser" with unknown MS VC++:1929

END.
