#
# A fatal error has been detected by the Java Runtime Environment:
#
#  EXCEPTION_ACCESS_VIOLATION (0xc0000005) at pc=0x00007ffea7b963b0, pid=7236, tid=1976
#
# JRE version: OpenJDK Runtime Environment (11.0.15) (build 11.0.15+0-b2043.56-9505619)
# Java VM: OpenJDK 64-Bit Server VM (11.0.15+0-b2043.56-9505619, mixed mode, tiered, compressed oops, g1 gc, windows-amd64)
# Problematic frame:
# C  [native-platform-file-events.dll+0x463b0]
#
# No core dump will be written. Minidumps are not enabled by default on client versions of Windows
#
# If you would like to submit a bug report, please visit:
#   https://bugreport.java.com/bugreport/crash.jsp
# The crash happened outside the Java Virtual Machine in native code.
# See problematic frame for where to report the bug.
#

---------------  S U M M A R Y ------------

Command Line: --add-opens=java.base/java.util=ALL-UNNAMED --add-opens=java.base/java.lang=ALL-UNNAMED --add-opens=java.base/java.lang.invoke=ALL-UNNAMED --add-opens=java.base/java.util=ALL-UNNAMED --add-opens=java.prefs/java.util.prefs=ALL-UNNAMED --add-opens=java.prefs/java.util.prefs=ALL-UNNAMED --add-opens=java.base/java.nio.charset=ALL-UNNAMED --add-opens=java.base/java.net=ALL-UNNAMED --add-opens=java.base/java.util.concurrent.atomic=ALL-UNNAMED -Xmx2048m -Dfile.encoding=UTF-8 -Duser.country=US -Duser.language=en -Duser.variant org.gradle.launcher.daemon.bootstrap.GradleDaemon 7.5

Host: Intel(R) Pentium(R) Gold G6400 CPU @ 4.00GHz, 4 cores, 15G,  Windows 10 , 64 bit Build 19041 (10.0.19041.804)
Time: Sat Apr 15 09:13:19 2023 SE Asia Standard Time elapsed time: 23.440934 seconds (0d 0h 0m 23s)

---------------  T H R E A D  ---------------

Current thread (0x0000018bbe3a1800):  JavaThread "File watcher server" daemon [_thread_in_native, id=1976, stack(0x0000004bb1000000,0x0000004bb1100000)]

Stack: [0x0000004bb1000000,0x0000004bb1100000],  sp=0x0000004bb10fe480,  free space=1017k
Native frames: (J=compiled Java code, j=interpreted, Vv=VM code, C=native code)
C  [native-platform-file-events.dll+0x463b0]

Java frames: (J=compiled Java code, j=interpreted, Vv=VM code)
j  net.rubygrapefruit.platform.internal.jni.AbstractFileEventFunctions$NativeFileWatcher.executeRunLoop0(Ljava/lang/Object;)V+0
j  net.rubygrapefruit.platform.internal.jni.AbstractFileEventFunctions$NativeFileWatcher.access$100(Lnet/rubygrapefruit/platform/internal/jni/AbstractFileEventFunctions$NativeFileWatcher;Ljava/lang/Object;)V+2
j  net.rubygrapefruit.platform.internal.jni.AbstractFileEventFunctions$NativeFileWatcher$1.run()V+26
v  ~StubRoutines::call_stub

siginfo: EXCEPTION_ACCESS_VIOLATION (0xc0000005), reading address 0x0000000000000000


Register to memory mapping:

RIP=0x00007ffea7b963b0 native-platform-file-events.dll
RAX=0x0 is NULL
RBX=0x0 is NULL
RCX=0x0000004bb4dfacc8 is pointing into the stack for thread: 0x0000018bbd35a800
RDX=0x0 is NULL
RSP=0x0000004bb10fe480 is pointing into the stack for thread: 0x0000018bbe3a1800
RBP=0x0000004bb10fee48 is pointing into the stack for thread: 0x0000018bbe3a1800
RSI=0x0000004bb4dfacc0 is pointing into the stack for thread: 0x0000018bbd35a800
RDI=0x0000004bb4dfac80 is pointing into the stack for thread: 0x0000018bbd35a800
R8 =0x0000018b9f940f00 points into unknown readable memory: 0x0000018b9f940cc0 | c0 0c 94 9f 8b 01 00 00
R9 =0x0000000000000001 is an unknown value
R10=0x0000000000008000 is an unknown value
R11=0x0000004bb10fe130 is pointing into the stack for thread: 0x0000018bbe3a1800
R12=0x0 is NULL
R13={method} {0x0000018bc13d27d0} 'executeRunLoop0' '(Ljava/lang/Object;)V' in 'net/rubygrapefruit/platform/internal/jni/AbstractFileEventFunctions$NativeFileWatcher'
R14=0x0 is NULL
R15=0x0000018bbe3a1800 is a thread


Registers:
RAX=0x0000000000000000, RBX=0x0000000000000000, RCX=0x0000004bb4dfacc8, RDX=0x0000000000000000
RSP=0x0000004bb10fe480, RBP=0x0000004bb10fee48, RSI=0x0000004bb4dfacc0, RDI=0x0000004bb4dfac80
R8 =0x0000018b9f940f00, R9 =0x0000000000000001, R10=0x0000000000008000, R11=0x0000004bb10fe130
R12=0x0000000000000000, R13=0x0000018bc13d27c8, R14=0x0000000000000000, R15=0x0000018bbe3a1800
RIP=0x00007ffea7b963b0, EFLAGS=0x0000000000010297

Top of Stack: (sp=0x0000004bb10fe480)
0x0000004bb10fe480:   0000000000000000 0000018ba4dffa7a
0x0000004bb10fe490:   0000018bbbb15990 00007ffea7b73133
0x0000004bb10fe4a0:   0000018bc22a7d08 000000008c780970
0x0000004bb10fe4b0:   0000782ca95f8f43 00007ffea7b7da83
0x0000004bb10fe4c0:   0000004bb10fee70 0000004bb4dfac80
0x0000004bb10fe4d0:   00007ffea7b6f150 00007ffea7b8709b
0x0000004bb10fe4e0:   0000004bb4dfacc0 00000000804205d0
0x0000004bb10fe4f0:   0000000000000000 00007ffea7b7bfae
0x0000004bb10fe500:   0000018bc22a7d00 00007ffea7b792a6
0x0000004bb10fe510:   0000004bb4dfacc0 0000000000000000
0x0000004bb10fe520:   0000018bc22a7d00 00007ffea7b557b3
0x0000004bb10fe530:   0000000000000000 00007ffea7b864c2
0x0000004bb10fe540:   0000004bb10fe580 0000004bb4dfacc0
0x0000004bb10fe550:   0000018bbb7a4a20 0000000000000000
0x0000004bb10fe560:   000000008040cd01 0000018bbb6bfd50
0x0000004bb10fe570:   0000000000000000 0000004bb10fe5b8 

Instructions: (pc=0x00007ffea7b963b0)
0x00007ffea7b962b0:   7d 0b 00 48 89 01 48 83 c1 08 48 83 c4 28 48 ff
0x00007ffea7b962c0:   25 b3 7d 0f 00 48 8d 05 54 7d 0b 00 45 33 c0 48
0x00007ffea7b962d0:   89 01 ba a0 0f 00 00 48 83 c1 08 48 83 c4 28 48
0x00007ffea7b962e0:   ff 25 ba 7d 0f 00 e8 40 c3 fb ff cc cc cc cc cc
0x00007ffea7b962f0:   cc cc cc cc cc cc cc cc cc cc cc cc cc cc cc cc
0x00007ffea7b96300:   cc cc cc cc cc cc cc cc 48 83 c1 08 48 ff 25 9d
0x00007ffea7b96310:   7d 0f 00 cc cc cc cc cc c2 00 00 cc 48 83 c1 08
0x00007ffea7b96320:   48 ff 25 69 7d 0f 00 cc cc cc cc cc 48 83 c1 08
0x00007ffea7b96330:   48 ff 25 51 7d 0f 00 cc cc cc cc cc 48 89 5c 24
0x00007ffea7b96340:   18 56 57 41 56 48 83 ec 40 48 8b 05 f8 3e 0e 00
0x00007ffea7b96350:   48 33 c4 48 89 44 24 30 8b 01 4c 8b f2 0f ba f0
0x00007ffea7b96360:   08 48 8b f1 83 f8 01 75 2c ff 15 d1 7c 0f 00 39
0x00007ffea7b96370:   46 48 74 19 48 8d 4e 08 48 8b 01 48 8b 00 ff 15
0x00007ffea7b96380:   9c 9c 0f 00 ff 15 b6 7c 0f 00 89 46 48 ff 46 4c
0x00007ffea7b96390:   e9 f3 00 00 00 4d 85 f6 75 24 ff 15 a0 7c 0f 00
0x00007ffea7b963a0:   39 46 48 0f 84 9d 00 00 00 48 8d 4e 08 48 8b 01
0x00007ffea7b963b0:   48 8b 00 ff 15 67 9c 0f 00 e9 88 00 00 00 48 83
0x00007ffea7b963c0:   3a 00 7c 62 75 06 83 7a 08 00 7e 5a ba 01 00 00
0x00007ffea7b963d0:   00 48 8d 4c 24 20 e8 e0 e1 fb ff 48 8b 44 24 20
0x00007ffea7b963e0:   49 3b 06 7c 0c 75 7d 41 8b 46 08 39 44 24 28 7d
0x00007ffea7b963f0:   73 ff 15 49 7c 0f 00 39 46 48 74 4a 48 8b 46 08
0x00007ffea7b96400:   48 8d 54 24 20 49 8b ce 48 8b 58 10 e8 ef ec fb
0x00007ffea7b96410:   ff 8b d0 48 8d 4e 08 48 8b c3 ff 15 00 9c 0f 00
0x00007ffea7b96420:   84 c0 75 22 eb a6 ff 15 14 7c 0f 00 39 46 48 74
0x00007ffea7b96430:   15 48 8d 4e 08 48 8b 01 48 8b 40 08 ff 15 de 9b
0x00007ffea7b96440:   0f 00 84 c0 74 1e 8b 4e 4c 8d 41 01 89 46 4c 83
0x00007ffea7b96450:   f8 01 7e 2b f7 06 00 01 00 00 75 2c 89 4e 4c 4d
0x00007ffea7b96460:   85 f6 74 14 49 83 3e 00 75 07 41 83 7e 08 00 74
0x00007ffea7b96470:   07 b8 02 00 00 00 eb 12 b8 03 00 00 00 eb 0b ff
0x00007ffea7b96480:   15 bb 7b 0f 00 89 46 48 33 c0 48 8b 4c 24 30 48
0x00007ffea7b96490:   33 cc e8 47 d7 fb ff 48 8b 5c 24 70 48 83 c4 40
0x00007ffea7b964a0:   41 5e 5f 5e c3 cc cc cc cc cc cc cc cc cc cc cc 


Stack slot to memory mapping:
stack at sp + 0 slots: 0x0 is NULL
stack at sp + 1 slots: 0x0000018ba4dffa7a is at code_begin+2458 in an Interpreter codelet
method entry point (kind = native)  [0x0000018ba4dff0e0, 0x0000018ba4dffb60]  2688 bytes
stack at sp + 2 slots: {method} {0x0000018bbbb15998} 'findEntry' '(Ljava/lang/String;)J' in 'java/lang/ClassLoader$NativeLibrary'
stack at sp + 3 slots: 0x00007ffea7b73133 native-platform-file-events.dll
stack at sp + 4 slots: 0x0000018bc22a7d08 points into unknown readable memory: 0x000000010001e688 | 88 e6 01 00 01 00 00 00
stack at sp + 5 slots: 0x000000008c780970 is an unallocated location in the heap
stack at sp + 6 slots: 0x0000782ca95f8f43 is an unknown value
stack at sp + 7 slots: 0x00007ffea7b7da83 native-platform-file-events.dll


---------------  P R O C E S S  ---------------

Threads class SMR info:
_java_thread_list=0x0000018bc3ea5490, length=88, elements={
0x0000018b9faf2800, 0x0000018bbbedb000, 0x0000018bbbedc000, 0x0000018bbbf36800,
0x0000018bbbf38000, 0x0000018bbbf3b000, 0x0000018bbbf3e000, 0x0000018bbbf42800,
0x0000018bbbf48800, 0x0000018bbc0b9000, 0x0000018bbe3ed000, 0x0000018bbe90b000,
0x0000018bbed4e000, 0x0000018bbdb07000, 0x0000018bbe2e9000, 0x0000018bbe39f000,
0x0000018bbe3a0800, 0x0000018bbe3a0000, 0x0000018bbe3a1800, 0x0000018bbe39e800,
0x0000018bbf55c800, 0x0000018bbf55b000, 0x0000018bbf55b800, 0x0000018bbf559000,
0x0000018bbf55f800, 0x0000018bbf27b000, 0x0000018bbf27c000, 0x0000018bbf278800,
0x0000018bbf277000, 0x0000018bbf279800, 0x0000018bbf276000, 0x0000018bbf27a800,
0x0000018bbf27c800, 0x0000018bbf27d800, 0x0000018bbf278000, 0x0000018bbf27f000,
0x0000018bbf283800, 0x0000018bbf281800, 0x0000018bbf284000, 0x0000018bbf27e800,
0x0000018bbf280000, 0x0000018bbf281000, 0x0000018bbf285000, 0x0000018bbf282800,
0x0000018bbf55d800, 0x0000018bbf55e000, 0x0000018bbf55f000, 0x0000018bbf55a000,
0x0000018bbf564800, 0x0000018bbf560800, 0x0000018bbf565800, 0x0000018bbf562000,
0x0000018bbf561800, 0x0000018bbf566800, 0x0000018bbf567000, 0x0000018bbf563000,
0x0000018bbf564000, 0x0000018bbe3a2800, 0x0000018bbe3a3000, 0x0000018bbe39d800,
0x0000018bc247e000, 0x0000018bc247d000, 0x0000018bc2480800, 0x0000018bc247e800,
0x0000018bc247a800, 0x0000018bc247c800, 0x0000018bc247f800, 0x0000018bc2481000,
0x0000018bc247b800, 0x0000018bc2485800, 0x0000018bc2486000, 0x0000018bc2487000,
0x0000018bc2487800, 0x0000018bc2482000, 0x0000018bc2484800, 0x0000018bc2488800,
0x0000018bc2483000, 0x0000018bc2489800, 0x0000018bc2483800, 0x0000018bbd359000,
0x0000018bbd353000, 0x0000018bbd354000, 0x0000018bbd359800, 0x0000018bbd35a800,
0x0000018bbd355000, 0x0000018bbd356800, 0x0000018bbd357800, 0x0000018bbc16d800
}

Java Threads: ( => current thread )
  0x0000018b9faf2800 JavaThread "main" [_thread_blocked, id=7408, stack(0x0000004baeb00000,0x0000004baec00000)]
  0x0000018bbbedb000 JavaThread "Reference Handler" daemon [_thread_blocked, id=5808, stack(0x0000004baf500000,0x0000004baf600000)]
  0x0000018bbbedc000 JavaThread "Finalizer" daemon [_thread_blocked, id=8736, stack(0x0000004baf600000,0x0000004baf700000)]
  0x0000018bbbf36800 JavaThread "Signal Dispatcher" daemon [_thread_blocked, id=3800, stack(0x0000004baf700000,0x0000004baf800000)]
  0x0000018bbbf38000 JavaThread "Attach Listener" daemon [_thread_blocked, id=7748, stack(0x0000004baf800000,0x0000004baf900000)]
  0x0000018bbbf3b000 JavaThread "Service Thread" daemon [_thread_blocked, id=2376, stack(0x0000004baf900000,0x0000004bafa00000)]
  0x0000018bbbf3e000 JavaThread "C2 CompilerThread0" daemon [_thread_blocked, id=10028, stack(0x0000004bafa00000,0x0000004bafb00000)]
  0x0000018bbbf42800 JavaThread "C1 CompilerThread0" daemon [_thread_blocked, id=6700, stack(0x0000004bafb00000,0x0000004bafc00000)]
  0x0000018bbbf48800 JavaThread "Sweeper thread" daemon [_thread_blocked, id=10024, stack(0x0000004bafc00000,0x0000004bafd00000)]
  0x0000018bbc0b9000 JavaThread "Common-Cleaner" daemon [_thread_blocked, id=6476, stack(0x0000004bafd00000,0x0000004bafe00000)]
  0x0000018bbe3ed000 JavaThread "Daemon health stats" [_thread_blocked, id=10640, stack(0x0000004bb0300000,0x0000004bb0400000)]
  0x0000018bbe90b000 JavaThread "Incoming local TCP Connector on port 56051" [_thread_in_native, id=3492, stack(0x0000004bb0400000,0x0000004bb0500000)]
  0x0000018bbed4e000 JavaThread "Daemon periodic checks" [_thread_blocked, id=1624, stack(0x0000004bb0500000,0x0000004bb0600000)]
  0x0000018bbdb07000 JavaThread "Daemon" [_thread_blocked, id=7244, stack(0x0000004bb0600000,0x0000004bb0700000)]
  0x0000018bbe2e9000 JavaThread "Daemon worker" [_thread_blocked, id=1616, stack(0x0000004bb0900000,0x0000004bb0a00000)]
  0x0000018bbe39f000 JavaThread "Cache worker for journal cache (C:\Users\it_04\.gradle\caches\journal-1)" [_thread_blocked, id=6972, stack(0x0000004bb0d00000,0x0000004bb0e00000)]
  0x0000018bbe3a0800 JavaThread "File lock request listener" [_thread_in_native, id=11568, stack(0x0000004bb0e00000,0x0000004bb0f00000)]
  0x0000018bbe3a0000 JavaThread "Cache worker for file hash cache (C:\Users\it_04\.gradle\caches\7.5\fileHashes)" [_thread_blocked, id=4988, stack(0x0000004bb0f00000,0x0000004bb1000000)]
=>0x0000018bbe3a1800 JavaThread "File watcher server" daemon [_thread_in_native, id=1976, stack(0x0000004bb1000000,0x0000004bb1100000)]
  0x0000018bbe39e800 JavaThread "Cache worker for file content cache (C:\Users\it_04\.gradle\caches\7.5\fileContent)" [_thread_blocked, id=6216, stack(0x0000004bb1400000,0x0000004bb1500000)]
  0x0000018bbf55c800 JavaThread "Cache worker for execution history cache (C:\Users\it_04\.gradle\caches\7.5\executionHistory)" [_thread_blocked, id=6668, stack(0x0000004bb1700000,0x0000004bb1800000)]
  0x0000018bbf55b000 JavaThread "jar transforms" [_thread_blocked, id=11308, stack(0x0000004bb1800000,0x0000004bb1900000)]
  0x0000018bbf55b800 JavaThread "jar transforms Thread 2" [_thread_blocked, id=10976, stack(0x0000004bb1900000,0x0000004bb1a00000)]
  0x0000018bbf559000 JavaThread "jar transforms Thread 3" [_thread_blocked, id=9860, stack(0x0000004bb1a00000,0x0000004bb1b00000)]
  0x0000018bbf55f800 JavaThread "jar transforms Thread 4" [_thread_blocked, id=6012, stack(0x0000004bb1b00000,0x0000004bb1c00000)]
  0x0000018bbf27b000 JavaThread "Memory manager" [_thread_blocked, id=6768, stack(0x0000004bb4600000,0x0000004bb4700000)]
  0x0000018bbf27c000 JavaThread "pool-3-thread-1" [_thread_blocked, id=9828, stack(0x0000004bb4800000,0x0000004bb4900000)]
  0x0000018bbf278800 JavaThread "included builds" [_thread_blocked, id=1688, stack(0x0000004bb4a00000,0x0000004bb4b00000)]
  0x0000018bbf277000 JavaThread "Handler for socket connection from /127.0.0.1:56051 to /127.0.0.1:56062" [_thread_in_native, id=12072, stack(0x0000004baff00000,0x0000004bb0000000)]
  0x0000018bbf279800 JavaThread "Cancel handler" [_thread_blocked, id=9052, stack(0x0000004bb0700000,0x0000004bb0800000)]
  0x0000018bbf276000 JavaThread "Asynchronous log dispatcher for DefaultDaemonConnection: socket connection from /127.0.0.1:56051 to /127.0.0.1:56062" [_thread_blocked, id=12280, stack(0x0000004bb0800000,0x0000004bb0900000)]
  0x0000018bbf27a800 JavaThread "Stdin handler" [_thread_blocked, id=5224, stack(0x0000004bb0a00000,0x0000004bb0b00000)]
  0x0000018bbf27c800 JavaThread "Daemon client event forwarder" [_thread_blocked, id=6324, stack(0x0000004bb0b00000,0x0000004bb0c00000)]
  0x0000018bbf27d800 JavaThread "Cache worker for checksums cache (D:\SourceAndroid\KyThuat\.gradle\7.5\checksums)" [_thread_blocked, id=2068, stack(0x0000004bb0c00000,0x0000004bb0d00000)]
  0x0000018bbf278000 JavaThread "Cache worker for cache directory md-rule (C:\Users\it_04\.gradle\caches\7.5\md-rule)" [_thread_blocked, id=4872, stack(0x0000004bb1200000,0x0000004bb1300000)]
  0x0000018bbf27f000 JavaThread "Cache worker for file hash cache (D:\SourceAndroid\KyThuat\.gradle\7.5\fileHashes)" [_thread_blocked, id=9464, stack(0x0000004bb1300000,0x0000004bb1400000)]
  0x0000018bbf283800 JavaThread "Cache worker for cache directory md-supplier (C:\Users\it_04\.gradle\caches\7.5\md-supplier)" [_thread_blocked, id=11636, stack(0x0000004bb1500000,0x0000004bb1600000)]
  0x0000018bbf281800 JavaThread "Cache worker for dependencies-accessors (D:\SourceAndroid\KyThuat\.gradle\7.5\dependencies-accessors)" [_thread_blocked, id=1072, stack(0x0000004bb1600000,0x0000004bb1700000)]
  0x0000018bbf284000 JavaThread "Cache worker for Build Output Cleanup Cache (D:\SourceAndroid\KyThuat\.gradle\buildOutputCleanup)" [_thread_blocked, id=6724, stack(0x0000004bb1c00000,0x0000004bb1d00000)]
  0x0000018bbf27e800 JavaThread "Unconstrained build operations" [_thread_blocked, id=7304, stack(0x0000004bb1e00000,0x0000004bb1f00000)]
  0x0000018bbf280000 JavaThread "Unconstrained build operations Thread 2" [_thread_blocked, id=8548, stack(0x0000004bb1f00000,0x0000004bb2000000)]
  0x0000018bbf281000 JavaThread "Unconstrained build operations Thread 3" [_thread_blocked, id=6084, stack(0x0000004bb2000000,0x0000004bb2100000)]
  0x0000018bbf285000 JavaThread "Unconstrained build operations Thread 4" [_thread_blocked, id=11052, stack(0x0000004bb2100000,0x0000004bb2200000)]
  0x0000018bbf282800 JavaThread "Unconstrained build operations Thread 5" [_thread_blocked, id=9264, stack(0x0000004bb2200000,0x0000004bb2300000)]
  0x0000018bbf55d800 JavaThread "Unconstrained build operations Thread 6" [_thread_blocked, id=10924, stack(0x0000004bb2300000,0x0000004bb2400000)]
  0x0000018bbf55e000 JavaThread "Unconstrained build operations Thread 7" [_thread_blocked, id=2024, stack(0x0000004bb2400000,0x0000004bb2500000)]
  0x0000018bbf55f000 JavaThread "Unconstrained build operations Thread 8" [_thread_blocked, id=980, stack(0x0000004bb2500000,0x0000004bb2600000)]
  0x0000018bbf55a000 JavaThread "Unconstrained build operations Thread 9" [_thread_blocked, id=8720, stack(0x0000004bb2600000,0x0000004bb2700000)]
  0x0000018bbf564800 JavaThread "Unconstrained build operations Thread 10" [_thread_blocked, id=11756, stack(0x0000004bb2700000,0x0000004bb2800000)]
  0x0000018bbf560800 JavaThread "Unconstrained build operations Thread 11" [_thread_blocked, id=8404, stack(0x0000004bb2800000,0x0000004bb2900000)]
  0x0000018bbf565800 JavaThread "Unconstrained build operations Thread 12" [_thread_blocked, id=9520, stack(0x0000004bb2900000,0x0000004bb2a00000)]
  0x0000018bbf562000 JavaThread "Unconstrained build operations Thread 13" [_thread_blocked, id=704, stack(0x0000004bb2a00000,0x0000004bb2b00000)]
  0x0000018bbf561800 JavaThread "Unconstrained build operations Thread 14" [_thread_blocked, id=10716, stack(0x0000004bb2b00000,0x0000004bb2c00000)]
  0x0000018bbf566800 JavaThread "Unconstrained build operations Thread 15" [_thread_blocked, id=11712, stack(0x0000004bb2c00000,0x0000004bb2d00000)]
  0x0000018bbf567000 JavaThread "Unconstrained build operations Thread 16" [_thread_blocked, id=12008, stack(0x0000004bb2d00000,0x0000004bb2e00000)]
  0x0000018bbf563000 JavaThread "Unconstrained build operations Thread 17" [_thread_blocked, id=5912, stack(0x0000004bb2e00000,0x0000004bb2f00000)]
  0x0000018bbf564000 JavaThread "Unconstrained build operations Thread 18" [_thread_blocked, id=11348, stack(0x0000004bb2f00000,0x0000004bb3000000)]
  0x0000018bbe3a2800 JavaThread "Unconstrained build operations Thread 19" [_thread_blocked, id=8828, stack(0x0000004bb3000000,0x0000004bb3100000)]
  0x0000018bbe3a3000 JavaThread "Unconstrained build operations Thread 20" [_thread_blocked, id=6620, stack(0x0000004bb3100000,0x0000004bb3200000)]
  0x0000018bbe39d800 JavaThread "Unconstrained build operations Thread 21" [_thread_blocked, id=11908, stack(0x0000004bb3200000,0x0000004bb3300000)]
  0x0000018bc247e000 JavaThread "Unconstrained build operations Thread 22" [_thread_blocked, id=5892, stack(0x0000004bb3300000,0x0000004bb3400000)]
  0x0000018bc247d000 JavaThread "Unconstrained build operations Thread 23" [_thread_blocked, id=11828, stack(0x0000004bb3400000,0x0000004bb3500000)]
  0x0000018bc2480800 JavaThread "Unconstrained build operations Thread 24" [_thread_blocked, id=1420, stack(0x0000004bb3500000,0x0000004bb3600000)]
  0x0000018bc247e800 JavaThread "Unconstrained build operations Thread 25" [_thread_blocked, id=11332, stack(0x0000004bb3600000,0x0000004bb3700000)]
  0x0000018bc247a800 JavaThread "Unconstrained build operations Thread 26" [_thread_blocked, id=3652, stack(0x0000004bb3700000,0x0000004bb3800000)]
  0x0000018bc247c800 JavaThread "Unconstrained build operations Thread 27" [_thread_blocked, id=11896, stack(0x0000004bb3800000,0x0000004bb3900000)]
  0x0000018bc247f800 JavaThread "Unconstrained build operations Thread 28" [_thread_blocked, id=11596, stack(0x0000004bb3900000,0x0000004bb3a00000)]
  0x0000018bc2481000 JavaThread "Unconstrained build operations Thread 29" [_thread_blocked, id=12248, stack(0x0000004bb3a00000,0x0000004bb3b00000)]
  0x0000018bc247b800 JavaThread "Unconstrained build operations Thread 30" [_thread_blocked, id=11224, stack(0x0000004bb3b00000,0x0000004bb3c00000)]
  0x0000018bc2485800 JavaThread "Unconstrained build operations Thread 31" [_thread_blocked, id=11344, stack(0x0000004bb3c00000,0x0000004bb3d00000)]
  0x0000018bc2486000 JavaThread "Unconstrained build operations Thread 32" [_thread_blocked, id=6468, stack(0x0000004bb3d00000,0x0000004bb3e00000)]
  0x0000018bc2487000 JavaThread "Unconstrained build operations Thread 33" [_thread_blocked, id=12216, stack(0x0000004bb3e00000,0x0000004bb3f00000)]
  0x0000018bc2487800 JavaThread "Unconstrained build operations Thread 34" [_thread_blocked, id=6636, stack(0x0000004bb3f00000,0x0000004bb4000000)]
  0x0000018bc2482000 JavaThread "Unconstrained build operations Thread 35" [_thread_blocked, id=7692, stack(0x0000004bb4000000,0x0000004bb4100000)]
  0x0000018bc2484800 JavaThread "Unconstrained build operations Thread 36" [_thread_blocked, id=1676, stack(0x0000004bb4100000,0x0000004bb4200000)]
  0x0000018bc2488800 JavaThread "Unconstrained build operations Thread 37" [_thread_blocked, id=5536, stack(0x0000004bb4200000,0x0000004bb4300000)]
  0x0000018bc2483000 JavaThread "Unconstrained build operations Thread 38" [_thread_blocked, id=3828, stack(0x0000004bb4300000,0x0000004bb4400000)]
  0x0000018bc2489800 JavaThread "Unconstrained build operations Thread 39" [_thread_blocked, id=11576, stack(0x0000004bb4400000,0x0000004bb4500000)]
  0x0000018bc2483800 JavaThread "Unconstrained build operations Thread 40" [_thread_blocked, id=11096, stack(0x0000004bb4500000,0x0000004bb4600000)]
  0x0000018bbd359000 JavaThread "build event listener" [_thread_blocked, id=11928, stack(0x0000004bb4700000,0x0000004bb4800000)]
  0x0000018bbd353000 JavaThread "pool-6-thread-1" [_thread_blocked, id=2412, stack(0x0000004bb4900000,0x0000004bb4a00000)]
  0x0000018bbd354000 JavaThread "build event listener" [_thread_blocked, id=11340, stack(0x0000004bb4b00000,0x0000004bb4c00000)]
  0x0000018bbd359800 JavaThread "included builds" [_thread_in_vm, id=9352, stack(0x0000004bb4c00000,0x0000004bb4d00000)]
  0x0000018bbd35a800 JavaThread "Execution worker" [_thread_blocked, id=9924, stack(0x0000004bb4d00000,0x0000004bb4e00000)]
  0x0000018bbd355000 JavaThread "Execution worker Thread 2" [_thread_blocked, id=8832, stack(0x0000004bb4e00000,0x0000004bb4f00000)]
  0x0000018bbd356800 JavaThread "Execution worker Thread 3" [_thread_blocked, id=5916, stack(0x0000004bb4f00000,0x0000004bb5000000)]
  0x0000018bbd357800 JavaThread "Cache worker for execution history cache (D:\SourceAndroid\KyThuat\.gradle\7.5\executionHistory)" [_thread_blocked, id=8020, stack(0x0000004bb5000000,0x0000004bb5100000)]
  0x0000018bbc16d800 JavaThread "C2 CompilerThread1" daemon [_thread_in_native, id=6068, stack(0x0000004bb1100000,0x0000004bb1200000)]

Other Threads:
  0x0000018bbbed9800 VMThread "VM Thread" [stack: 0x0000004baf400000,0x0000004baf500000] [id=7800]
  0x0000018bbc0ea800 WatcherThread [stack: 0x0000004bafe00000,0x0000004baff00000] [id=2288]
  0x0000018b9fb0b800 GCTaskThread "GC Thread#0" [stack: 0x0000004baef00000,0x0000004baf000000] [id=9304]
  0x0000018bbcc5e800 GCTaskThread "GC Thread#1" [stack: 0x0000004bb0000000,0x0000004bb0100000] [id=3840]
  0x0000018bbcc5f000 GCTaskThread "GC Thread#2" [stack: 0x0000004bb0100000,0x0000004bb0200000] [id=3668]
  0x0000018bbc9a9800 GCTaskThread "GC Thread#3" [stack: 0x0000004bb0200000,0x0000004bb0300000] [id=6436]
  0x0000018b9fb3b800 ConcurrentGCThread "G1 Main Marker" [stack: 0x0000004baf000000,0x0000004baf100000] [id=1516]
  0x0000018b9fb3d800 ConcurrentGCThread "G1 Conc#0" [stack: 0x0000004baf100000,0x0000004baf200000] [id=2464]
  0x0000018b9fbbe000 ConcurrentGCThread "G1 Refine#0" [stack: 0x0000004baf200000,0x0000004baf300000] [id=10272]
  0x0000018bbb51e800 ConcurrentGCThread "G1 Young RemSet Sampling" [stack: 0x0000004baf300000,0x0000004baf400000] [id=1740]

Threads with active compile tasks:
C2 CompilerThread1    23459 9446   !   4       java.net.URLClassLoader$1::run (81 bytes)

VM state:not at safepoint (normal execution)

VM Mutex/Monitor currently owned by a thread: None

Heap address: 0x0000000080000000, size: 2048 MB, Compressed Oops mode: 32-bit
Narrow klass base: 0x0000000000000000, Narrow klass shift: 3
Compressed class space size: 1073741824 Address: 0x0000000100000000

Heap:
 garbage-first heap   total 317440K, used 117597K [0x0000000080000000, 0x0000000100000000)
  region size 1024K, 61 young (62464K), 20 survivors (20480K)
 Metaspace       used 90304K, capacity 92636K, committed 93012K, reserved 1130496K
  class space    used 11460K, capacity 12241K, committed 12364K, reserved 1048576K
Heap Regions: E=young(eden), S=young(survivor), O=old, HS=humongous(starts), HC=humongous(continues), CS=collection set, F=free, A=archive, TAMS=top-at-mark-start (previous, next)
|   0|0x0000000080000000, 0x0000000080100000, 0x0000000080100000|100%|HS|  |TAMS 0x0000000080100000, 0x0000000080000000| Complete 
|   1|0x0000000080100000, 0x0000000080200000, 0x0000000080200000|100%|HC|  |TAMS 0x0000000080200000, 0x0000000080100000| Complete 
|   2|0x0000000080200000, 0x0000000080300000, 0x0000000080300000|100%|HC|  |TAMS 0x0000000080300000, 0x0000000080200000| Complete 
|   3|0x0000000080300000, 0x0000000080400000, 0x0000000080400000|100%| O|  |TAMS 0x0000000080400000, 0x0000000080300000| Untracked 
|   4|0x0000000080400000, 0x0000000080500000, 0x0000000080500000|100%| O|  |TAMS 0x0000000080500000, 0x0000000080400000| Untracked 
|   5|0x0000000080500000, 0x0000000080600000, 0x0000000080600000|100%| O|  |TAMS 0x0000000080600000, 0x0000000080500000| Untracked 
|   6|0x0000000080600000, 0x0000000080700000, 0x0000000080700000|100%| O|  |TAMS 0x0000000080700000, 0x0000000080600000| Untracked 
|   7|0x0000000080700000, 0x0000000080800000, 0x0000000080800000|100%| O|  |TAMS 0x0000000080800000, 0x0000000080700000| Untracked 
|   8|0x0000000080800000, 0x0000000080900000, 0x0000000080900000|100%| O|  |TAMS 0x0000000080900000, 0x0000000080800000| Untracked 
|   9|0x0000000080900000, 0x0000000080a00000, 0x0000000080a00000|100%| O|  |TAMS 0x0000000080a00000, 0x0000000080900000| Untracked 
|  10|0x0000000080a00000, 0x0000000080b00000, 0x0000000080b00000|100%| O|  |TAMS 0x0000000080b00000, 0x0000000080a00000| Untracked 
|  11|0x0000000080b00000, 0x0000000080c00000, 0x0000000080c00000|100%| O|  |TAMS 0x0000000080c00000, 0x0000000080b00000| Untracked 
|  12|0x0000000080c00000, 0x0000000080d00000, 0x0000000080d00000|100%| O|  |TAMS 0x0000000080d00000, 0x0000000080c00000| Untracked 
|  13|0x0000000080d00000, 0x0000000080e00000, 0x0000000080e00000|100%| O|  |TAMS 0x0000000080e00000, 0x0000000080d00000| Untracked 
|  14|0x0000000080e00000, 0x0000000080f00000, 0x0000000080f00000|100%|HS|  |TAMS 0x0000000080f00000, 0x0000000080e00000| Complete 
|  15|0x0000000080f00000, 0x0000000081000000, 0x0000000081000000|100%|HS|  |TAMS 0x0000000081000000, 0x0000000080f00000| Complete 
|  16|0x0000000081000000, 0x0000000081100000, 0x0000000081100000|100%| O|  |TAMS 0x0000000081100000, 0x0000000081000000| Untracked 
|  17|0x0000000081100000, 0x0000000081200000, 0x0000000081200000|100%|HS|  |TAMS 0x0000000081200000, 0x0000000081100000| Complete 
|  18|0x0000000081200000, 0x0000000081300000, 0x0000000081300000|100%|HC|  |TAMS 0x0000000081300000, 0x0000000081200000| Complete 
|  19|0x0000000081300000, 0x0000000081400000, 0x0000000081400000|100%| O|  |TAMS 0x0000000081400000, 0x0000000081300000| Untracked 
|  20|0x0000000081400000, 0x0000000081500000, 0x0000000081500000|100%| O|  |TAMS 0x0000000081500000, 0x0000000081400000| Untracked 
|  21|0x0000000081500000, 0x0000000081600000, 0x0000000081600000|100%| O|  |TAMS 0x0000000081600000, 0x0000000081500000| Untracked 
|  22|0x0000000081600000, 0x0000000081700000, 0x0000000081700000|100%| O|  |TAMS 0x0000000081700000, 0x0000000081600000| Untracked 
|  23|0x0000000081700000, 0x0000000081800000, 0x0000000081800000|100%| O|  |TAMS 0x0000000081800000, 0x0000000081700000| Untracked 
|  24|0x0000000081800000, 0x0000000081900000, 0x0000000081900000|100%| O|  |TAMS 0x0000000081900000, 0x0000000081800000| Untracked 
|  25|0x0000000081900000, 0x0000000081a00000, 0x0000000081a00000|100%| O|  |TAMS 0x0000000081a00000, 0x0000000081900000| Untracked 
|  26|0x0000000081a00000, 0x0000000081b00000, 0x0000000081b00000|100%| O|  |TAMS 0x0000000081b00000, 0x0000000081a00000| Untracked 
|  27|0x0000000081b00000, 0x0000000081c00000, 0x0000000081c00000|100%| O|  |TAMS 0x0000000081c00000, 0x0000000081b00000| Untracked 
|  28|0x0000000081c00000, 0x0000000081d00000, 0x0000000081d00000|100%| O|  |TAMS 0x0000000081d00000, 0x0000000081c00000| Untracked 
|  29|0x0000000081d00000, 0x0000000081e00000, 0x0000000081e00000|100%| O|  |TAMS 0x0000000081e00000, 0x0000000081d00000| Untracked 
|  30|0x0000000081e00000, 0x0000000081f00000, 0x0000000081f00000|100%| O|  |TAMS 0x0000000081f00000, 0x0000000081e00000| Untracked 
|  31|0x0000000081f00000, 0x0000000082000000, 0x0000000082000000|100%| O|  |TAMS 0x0000000082000000, 0x0000000081f00000| Untracked 
|  32|0x0000000082000000, 0x0000000082100000, 0x0000000082100000|100%| O|  |TAMS 0x0000000082100000, 0x0000000082000000| Untracked 
|  33|0x0000000082100000, 0x0000000082200000, 0x0000000082200000|100%| O|  |TAMS 0x0000000082200000, 0x0000000082100000| Untracked 
|  34|0x0000000082200000, 0x0000000082300000, 0x0000000082300000|100%| O|  |TAMS 0x0000000082300000, 0x0000000082200000| Untracked 
|  35|0x0000000082300000, 0x0000000082400000, 0x0000000082400000|100%| O|  |TAMS 0x0000000082400000, 0x0000000082300000| Untracked 
|  36|0x0000000082400000, 0x0000000082500000, 0x0000000082500000|100%| O|  |TAMS 0x0000000082500000, 0x0000000082400000| Untracked 
|  37|0x0000000082500000, 0x0000000082600000, 0x0000000082600000|100%| O|  |TAMS 0x0000000082600000, 0x0000000082500000| Untracked 
|  38|0x0000000082600000, 0x0000000082700000, 0x0000000082700000|100%| O|  |TAMS 0x0000000082700000, 0x0000000082600000| Untracked 
|  39|0x0000000082700000, 0x0000000082800000, 0x0000000082800000|100%| O|  |TAMS 0x0000000082800000, 0x0000000082700000| Untracked 
|  40|0x0000000082800000, 0x0000000082900000, 0x0000000082900000|100%| O|  |TAMS 0x0000000082900000, 0x0000000082800000| Untracked 
|  41|0x0000000082900000, 0x0000000082a00000, 0x0000000082a00000|100%| O|  |TAMS 0x0000000082a00000, 0x0000000082900000| Untracked 
|  42|0x0000000082a00000, 0x0000000082b00000, 0x0000000082b00000|100%| O|  |TAMS 0x0000000082b00000, 0x0000000082a00000| Untracked 
|  43|0x0000000082b00000, 0x0000000082c00000, 0x0000000082c00000|100%| O|  |TAMS 0x0000000082c00000, 0x0000000082b00000| Untracked 
|  44|0x0000000082c00000, 0x0000000082d00000, 0x0000000082d00000|100%| O|  |TAMS 0x0000000082d00000, 0x0000000082c00000| Untracked 
|  45|0x0000000082d00000, 0x0000000082e00000, 0x0000000082e00000|100%| O|  |TAMS 0x0000000082e00000, 0x0000000082d00000| Untracked 
|  46|0x0000000082e00000, 0x0000000082f00000, 0x0000000082f00000|100%| O|  |TAMS 0x0000000082f00000, 0x0000000082e00000| Untracked 
|  47|0x0000000082f00000, 0x0000000083000000, 0x0000000083000000|100%| O|  |TAMS 0x0000000083000000, 0x0000000082f00000| Untracked 
|  48|0x0000000083000000, 0x0000000083100000, 0x0000000083100000|100%| O|  |TAMS 0x0000000083100000, 0x0000000083000000| Untracked 
|  49|0x0000000083100000, 0x0000000083200000, 0x0000000083200000|100%| O|  |TAMS 0x0000000083200000, 0x0000000083100000| Untracked 
|  50|0x0000000083200000, 0x0000000083300000, 0x0000000083300000|100%| O|  |TAMS 0x0000000083300000, 0x0000000083200000| Untracked 
|  51|0x0000000083300000, 0x0000000083400000, 0x0000000083400000|100%| O|  |TAMS 0x0000000083400000, 0x0000000083300000| Untracked 
|  52|0x0000000083400000, 0x0000000083500000, 0x0000000083500000|100%| O|  |TAMS 0x0000000083500000, 0x0000000083400000| Untracked 
|  53|0x0000000083500000, 0x0000000083600000, 0x0000000083600000|100%| O|  |TAMS 0x0000000083600000, 0x0000000083500000| Untracked 
|  54|0x0000000083600000, 0x0000000083700000, 0x0000000083700000|100%| O|  |TAMS 0x0000000083700000, 0x0000000083600000| Untracked 
|  55|0x0000000083700000, 0x0000000083757400, 0x0000000083800000| 34%| O|  |TAMS 0x0000000083757400, 0x0000000083700000| Untracked 
|  56|0x0000000083800000, 0x0000000083800000, 0x0000000083900000|  0%| F|  |TAMS 0x0000000083800000, 0x0000000083800000| Untracked 
|  57|0x0000000083900000, 0x0000000083900000, 0x0000000083a00000|  0%| F|  |TAMS 0x0000000083900000, 0x0000000083900000| Untracked 
|  58|0x0000000083a00000, 0x0000000083a00000, 0x0000000083b00000|  0%| F|  |TAMS 0x0000000083a00000, 0x0000000083a00000| Untracked 
|  59|0x0000000083b00000, 0x0000000083b00000, 0x0000000083c00000|  0%| F|  |TAMS 0x0000000083b00000, 0x0000000083b00000| Untracked 
|  60|0x0000000083c00000, 0x0000000083c00000, 0x0000000083d00000|  0%| F|  |TAMS 0x0000000083c00000, 0x0000000083c00000| Untracked 
|  61|0x0000000083d00000, 0x0000000083d00000, 0x0000000083e00000|  0%| F|  |TAMS 0x0000000083d00000, 0x0000000083d00000| Untracked 
|  62|0x0000000083e00000, 0x0000000083e00000, 0x0000000083f00000|  0%| F|  |TAMS 0x0000000083e00000, 0x0000000083e00000| Untracked 
|  63|0x0000000083f00000, 0x0000000083f00000, 0x0000000084000000|  0%| F|  |TAMS 0x0000000083f00000, 0x0000000083f00000| Untracked 
|  64|0x0000000084000000, 0x0000000084000000, 0x0000000084100000|  0%| F|  |TAMS 0x0000000084000000, 0x0000000084000000| Untracked 
|  65|0x0000000084100000, 0x0000000084100000, 0x0000000084200000|  0%| F|  |TAMS 0x0000000084100000, 0x0000000084100000| Untracked 
|  66|0x0000000084200000, 0x0000000084200000, 0x0000000084300000|  0%| F|  |TAMS 0x0000000084200000, 0x0000000084200000| Untracked 
|  67|0x0000000084300000, 0x0000000084300000, 0x0000000084400000|  0%| F|  |TAMS 0x0000000084300000, 0x0000000084300000| Untracked 
|  68|0x0000000084400000, 0x0000000084400000, 0x0000000084500000|  0%| F|  |TAMS 0x0000000084400000, 0x0000000084400000| Untracked 
|  69|0x0000000084500000, 0x0000000084500000, 0x0000000084600000|  0%| F|  |TAMS 0x0000000084500000, 0x0000000084500000| Untracked 
|  70|0x0000000084600000, 0x0000000084600000, 0x0000000084700000|  0%| F|  |TAMS 0x0000000084600000, 0x0000000084600000| Untracked 
|  71|0x0000000084700000, 0x0000000084700000, 0x0000000084800000|  0%| F|  |TAMS 0x0000000084700000, 0x0000000084700000| Untracked 
|  72|0x0000000084800000, 0x0000000084800000, 0x0000000084900000|  0%| F|  |TAMS 0x0000000084800000, 0x0000000084800000| Untracked 
|  73|0x0000000084900000, 0x0000000084900000, 0x0000000084a00000|  0%| F|  |TAMS 0x0000000084900000, 0x0000000084900000| Untracked 
|  74|0x0000000084a00000, 0x0000000084a00000, 0x0000000084b00000|  0%| F|  |TAMS 0x0000000084a00000, 0x0000000084a00000| Untracked 
|  75|0x0000000084b00000, 0x0000000084b00000, 0x0000000084c00000|  0%| F|  |TAMS 0x0000000084b00000, 0x0000000084b00000| Untracked 
|  76|0x0000000084c00000, 0x0000000084c00000, 0x0000000084d00000|  0%| F|  |TAMS 0x0000000084c00000, 0x0000000084c00000| Untracked 
|  77|0x0000000084d00000, 0x0000000084d00000, 0x0000000084e00000|  0%| F|  |TAMS 0x0000000084d00000, 0x0000000084d00000| Untracked 
|  78|0x0000000084e00000, 0x0000000084e00000, 0x0000000084f00000|  0%| F|  |TAMS 0x0000000084e00000, 0x0000000084e00000| Untracked 
|  79|0x0000000084f00000, 0x0000000084f00000, 0x0000000085000000|  0%| F|  |TAMS 0x0000000084f00000, 0x0000000084f00000| Untracked 
|  80|0x0000000085000000, 0x0000000085000000, 0x0000000085100000|  0%| F|  |TAMS 0x0000000085000000, 0x0000000085000000| Untracked 
|  81|0x0000000085100000, 0x0000000085100000, 0x0000000085200000|  0%| F|  |TAMS 0x0000000085100000, 0x0000000085100000| Untracked 
|  82|0x0000000085200000, 0x0000000085200000, 0x0000000085300000|  0%| F|  |TAMS 0x0000000085200000, 0x0000000085200000| Untracked 
|  83|0x0000000085300000, 0x0000000085300000, 0x0000000085400000|  0%| F|  |TAMS 0x0000000085300000, 0x0000000085300000| Untracked 
|  84|0x0000000085400000, 0x0000000085400000, 0x0000000085500000|  0%| F|  |TAMS 0x0000000085400000, 0x0000000085400000| Untracked 
|  85|0x0000000085500000, 0x0000000085500000, 0x0000000085600000|  0%| F|  |TAMS 0x0000000085500000, 0x0000000085500000| Untracked 
|  86|0x0000000085600000, 0x0000000085600000, 0x0000000085700000|  0%| F|  |TAMS 0x0000000085600000, 0x0000000085600000| Untracked 
|  87|0x0000000085700000, 0x0000000085700000, 0x0000000085800000|  0%| F|  |TAMS 0x0000000085700000, 0x0000000085700000| Untracked 
|  88|0x0000000085800000, 0x0000000085800000, 0x0000000085900000|  0%| F|  |TAMS 0x0000000085800000, 0x0000000085800000| Untracked 
|  89|0x0000000085900000, 0x0000000085900000, 0x0000000085a00000|  0%| F|  |TAMS 0x0000000085900000, 0x0000000085900000| Untracked 
|  90|0x0000000085a00000, 0x0000000085a00000, 0x0000000085b00000|  0%| F|  |TAMS 0x0000000085a00000, 0x0000000085a00000| Untracked 
|  91|0x0000000085b00000, 0x0000000085b00000, 0x0000000085c00000|  0%| F|  |TAMS 0x0000000085b00000, 0x0000000085b00000| Untracked 
|  92|0x0000000085c00000, 0x0000000085c00000, 0x0000000085d00000|  0%| F|  |TAMS 0x0000000085c00000, 0x0000000085c00000| Untracked 
|  93|0x0000000085d00000, 0x0000000085d00000, 0x0000000085e00000|  0%| F|  |TAMS 0x0000000085d00000, 0x0000000085d00000| Untracked 
|  94|0x0000000085e00000, 0x0000000085e00000, 0x0000000085f00000|  0%| F|  |TAMS 0x0000000085e00000, 0x0000000085e00000| Untracked 
|  95|0x0000000085f00000, 0x0000000085f00000, 0x0000000086000000|  0%| F|  |TAMS 0x0000000085f00000, 0x0000000085f00000| Untracked 
|  96|0x0000000086000000, 0x0000000086000000, 0x0000000086100000|  0%| F|  |TAMS 0x0000000086000000, 0x0000000086000000| Untracked 
|  97|0x0000000086100000, 0x0000000086100000, 0x0000000086200000|  0%| F|  |TAMS 0x0000000086100000, 0x0000000086100000| Untracked 
|  98|0x0000000086200000, 0x0000000086200000, 0x0000000086300000|  0%| F|  |TAMS 0x0000000086200000, 0x0000000086200000| Untracked 
|  99|0x0000000086300000, 0x0000000086300000, 0x0000000086400000|  0%| F|  |TAMS 0x0000000086300000, 0x0000000086300000| Untracked 
| 100|0x0000000086400000, 0x0000000086400000, 0x0000000086500000|  0%| F|  |TAMS 0x0000000086400000, 0x0000000086400000| Untracked 
| 101|0x0000000086500000, 0x0000000086500000, 0x0000000086600000|  0%| F|  |TAMS 0x0000000086500000, 0x0000000086500000| Untracked 
| 102|0x0000000086600000, 0x0000000086600000, 0x0000000086700000|  0%| F|  |TAMS 0x0000000086600000, 0x0000000086600000| Untracked 
| 103|0x0000000086700000, 0x0000000086700000, 0x0000000086800000|  0%| F|  |TAMS 0x0000000086700000, 0x0000000086700000| Untracked 
| 104|0x0000000086800000, 0x0000000086800000, 0x0000000086900000|  0%| F|  |TAMS 0x0000000086800000, 0x0000000086800000| Untracked 
| 105|0x0000000086900000, 0x0000000086900000, 0x0000000086a00000|  0%| F|  |TAMS 0x0000000086900000, 0x0000000086900000| Untracked 
| 106|0x0000000086a00000, 0x0000000086a00000, 0x0000000086b00000|  0%| F|  |TAMS 0x0000000086a00000, 0x0000000086a00000| Untracked 
| 107|0x0000000086b00000, 0x0000000086b00000, 0x0000000086c00000|  0%| F|  |TAMS 0x0000000086b00000, 0x0000000086b00000| Untracked 
| 108|0x0000000086c00000, 0x0000000086c00000, 0x0000000086d00000|  0%| F|  |TAMS 0x0000000086c00000, 0x0000000086c00000| Untracked 
| 109|0x0000000086d00000, 0x0000000086d00000, 0x0000000086e00000|  0%| F|  |TAMS 0x0000000086d00000, 0x0000000086d00000| Untracked 
| 110|0x0000000086e00000, 0x0000000086e00000, 0x0000000086f00000|  0%| F|  |TAMS 0x0000000086e00000, 0x0000000086e00000| Untracked 
| 111|0x0000000086f00000, 0x0000000086f00000, 0x0000000087000000|  0%| F|  |TAMS 0x0000000086f00000, 0x0000000086f00000| Untracked 
| 112|0x0000000087000000, 0x0000000087080000, 0x0000000087100000| 50%| S|CS|TAMS 0x0000000087000000, 0x0000000087000000| Complete 
| 113|0x0000000087100000, 0x0000000087200000, 0x0000000087200000|100%| S|CS|TAMS 0x0000000087100000, 0x0000000087100000| Complete 
| 114|0x0000000087200000, 0x0000000087300000, 0x0000000087300000|100%| S|CS|TAMS 0x0000000087200000, 0x0000000087200000| Complete 
| 115|0x0000000087300000, 0x0000000087400000, 0x0000000087400000|100%| S|CS|TAMS 0x0000000087300000, 0x0000000087300000| Complete 
| 116|0x0000000087400000, 0x0000000087500000, 0x0000000087500000|100%| S|CS|TAMS 0x0000000087400000, 0x0000000087400000| Complete 
| 117|0x0000000087500000, 0x0000000087600000, 0x0000000087600000|100%| S|CS|TAMS 0x0000000087500000, 0x0000000087500000| Complete 
| 118|0x0000000087600000, 0x0000000087700000, 0x0000000087700000|100%| S|CS|TAMS 0x0000000087600000, 0x0000000087600000| Complete 
| 119|0x0000000087700000, 0x0000000087800000, 0x0000000087800000|100%| S|CS|TAMS 0x0000000087700000, 0x0000000087700000| Complete 
| 120|0x0000000087800000, 0x0000000087900000, 0x0000000087900000|100%| S|CS|TAMS 0x0000000087800000, 0x0000000087800000| Complete 
| 121|0x0000000087900000, 0x0000000087a00000, 0x0000000087a00000|100%| S|CS|TAMS 0x0000000087900000, 0x0000000087900000| Complete 
| 122|0x0000000087a00000, 0x0000000087b00000, 0x0000000087b00000|100%| S|CS|TAMS 0x0000000087a00000, 0x0000000087a00000| Complete 
| 123|0x0000000087b00000, 0x0000000087c00000, 0x0000000087c00000|100%| S|CS|TAMS 0x0000000087b00000, 0x0000000087b00000| Complete 
| 124|0x0000000087c00000, 0x0000000087d00000, 0x0000000087d00000|100%| S|CS|TAMS 0x0000000087c00000, 0x0000000087c00000| Complete 
| 125|0x0000000087d00000, 0x0000000087e00000, 0x0000000087e00000|100%| S|CS|TAMS 0x0000000087d00000, 0x0000000087d00000| Complete 
| 126|0x0000000087e00000, 0x0000000087f00000, 0x0000000087f00000|100%| S|CS|TAMS 0x0000000087e00000, 0x0000000087e00000| Complete 
| 127|0x0000000087f00000, 0x0000000088000000, 0x0000000088000000|100%| S|CS|TAMS 0x0000000087f00000, 0x0000000087f00000| Complete 
| 128|0x0000000088000000, 0x0000000088100000, 0x0000000088100000|100%| S|CS|TAMS 0x0000000088000000, 0x0000000088000000| Complete 
| 129|0x0000000088100000, 0x0000000088200000, 0x0000000088200000|100%| S|CS|TAMS 0x0000000088100000, 0x0000000088100000| Complete 
| 130|0x0000000088200000, 0x0000000088300000, 0x0000000088300000|100%| S|CS|TAMS 0x0000000088200000, 0x0000000088200000| Complete 
| 131|0x0000000088300000, 0x0000000088400000, 0x0000000088400000|100%| S|CS|TAMS 0x0000000088300000, 0x0000000088300000| Complete 
| 132|0x0000000088400000, 0x0000000088400000, 0x0000000088500000|  0%| F|  |TAMS 0x0000000088400000, 0x0000000088400000| Untracked 
| 133|0x0000000088500000, 0x0000000088500000, 0x0000000088600000|  0%| F|  |TAMS 0x0000000088500000, 0x0000000088500000| Untracked 
| 134|0x0000000088600000, 0x0000000088600000, 0x0000000088700000|  0%| F|  |TAMS 0x0000000088600000, 0x0000000088600000| Untracked 
| 135|0x0000000088700000, 0x0000000088700000, 0x0000000088800000|  0%| F|  |TAMS 0x0000000088700000, 0x0000000088700000| Untracked 
| 136|0x0000000088800000, 0x0000000088800000, 0x0000000088900000|  0%| F|  |TAMS 0x0000000088800000, 0x0000000088800000| Untracked 
| 137|0x0000000088900000, 0x0000000088900000, 0x0000000088a00000|  0%| F|  |TAMS 0x0000000088900000, 0x0000000088900000| Untracked 
| 138|0x0000000088a00000, 0x0000000088a00000, 0x0000000088b00000|  0%| F|  |TAMS 0x0000000088a00000, 0x0000000088a00000| Untracked 
| 139|0x0000000088b00000, 0x0000000088b00000, 0x0000000088c00000|  0%| F|  |TAMS 0x0000000088b00000, 0x0000000088b00000| Untracked 
| 140|0x0000000088c00000, 0x0000000088c00000, 0x0000000088d00000|  0%| F|  |TAMS 0x0000000088c00000, 0x0000000088c00000| Untracked 
| 141|0x0000000088d00000, 0x0000000088d00000, 0x0000000088e00000|  0%| F|  |TAMS 0x0000000088d00000, 0x0000000088d00000| Untracked 
| 142|0x0000000088e00000, 0x0000000088e00000, 0x0000000088f00000|  0%| F|  |TAMS 0x0000000088e00000, 0x0000000088e00000| Untracked 
| 143|0x0000000088f00000, 0x0000000088f00000, 0x0000000089000000|  0%| F|  |TAMS 0x0000000088f00000, 0x0000000088f00000| Untracked 
| 144|0x0000000089000000, 0x0000000089000000, 0x0000000089100000|  0%| F|  |TAMS 0x0000000089000000, 0x0000000089000000| Untracked 
| 145|0x0000000089100000, 0x0000000089100000, 0x0000000089200000|  0%| F|  |TAMS 0x0000000089100000, 0x0000000089100000| Untracked 
| 146|0x0000000089200000, 0x0000000089200000, 0x0000000089300000|  0%| F|  |TAMS 0x0000000089200000, 0x0000000089200000| Untracked 
| 147|0x0000000089300000, 0x0000000089300000, 0x0000000089400000|  0%| F|  |TAMS 0x0000000089300000, 0x0000000089300000| Untracked 
| 148|0x0000000089400000, 0x0000000089400000, 0x0000000089500000|  0%| F|  |TAMS 0x0000000089400000, 0x0000000089400000| Untracked 
| 149|0x0000000089500000, 0x0000000089500000, 0x0000000089600000|  0%| F|  |TAMS 0x0000000089500000, 0x0000000089500000| Untracked 
| 150|0x0000000089600000, 0x0000000089600000, 0x0000000089700000|  0%| F|  |TAMS 0x0000000089600000, 0x0000000089600000| Untracked 
| 151|0x0000000089700000, 0x0000000089700000, 0x0000000089800000|  0%| F|  |TAMS 0x0000000089700000, 0x0000000089700000| Untracked 
| 152|0x0000000089800000, 0x0000000089800000, 0x0000000089900000|  0%| F|  |TAMS 0x0000000089800000, 0x0000000089800000| Untracked 
| 153|0x0000000089900000, 0x0000000089900000, 0x0000000089a00000|  0%| F|  |TAMS 0x0000000089900000, 0x0000000089900000| Untracked 
| 154|0x0000000089a00000, 0x0000000089a00000, 0x0000000089b00000|  0%| F|  |TAMS 0x0000000089a00000, 0x0000000089a00000| Untracked 
| 155|0x0000000089b00000, 0x0000000089b00000, 0x0000000089c00000|  0%| F|  |TAMS 0x0000000089b00000, 0x0000000089b00000| Untracked 
| 156|0x0000000089c00000, 0x0000000089c00000, 0x0000000089d00000|  0%| F|  |TAMS 0x0000000089c00000, 0x0000000089c00000| Untracked 
| 157|0x0000000089d00000, 0x0000000089d00000, 0x0000000089e00000|  0%| F|  |TAMS 0x0000000089d00000, 0x0000000089d00000| Untracked 
| 158|0x0000000089e00000, 0x0000000089e00000, 0x0000000089f00000|  0%| F|  |TAMS 0x0000000089e00000, 0x0000000089e00000| Untracked 
| 159|0x0000000089f00000, 0x0000000089f00000, 0x000000008a000000|  0%| F|  |TAMS 0x0000000089f00000, 0x0000000089f00000| Untracked 
| 160|0x000000008a000000, 0x000000008a000000, 0x000000008a100000|  0%| F|  |TAMS 0x000000008a000000, 0x000000008a000000| Untracked 
| 161|0x000000008a100000, 0x000000008a100000, 0x000000008a200000|  0%| F|  |TAMS 0x000000008a100000, 0x000000008a100000| Untracked 
| 162|0x000000008a200000, 0x000000008a200000, 0x000000008a300000|  0%| F|  |TAMS 0x000000008a200000, 0x000000008a200000| Untracked 
| 163|0x000000008a300000, 0x000000008a300000, 0x000000008a400000|  0%| F|  |TAMS 0x000000008a300000, 0x000000008a300000| Untracked 
| 164|0x000000008a400000, 0x000000008a400000, 0x000000008a500000|  0%| F|  |TAMS 0x000000008a400000, 0x000000008a400000| Untracked 
| 165|0x000000008a500000, 0x000000008a500000, 0x000000008a600000|  0%| F|  |TAMS 0x000000008a500000, 0x000000008a500000| Untracked 
| 166|0x000000008a600000, 0x000000008a600000, 0x000000008a700000|  0%| F|  |TAMS 0x000000008a600000, 0x000000008a600000| Untracked 
| 167|0x000000008a700000, 0x000000008a700000, 0x000000008a800000|  0%| F|  |TAMS 0x000000008a700000, 0x000000008a700000| Untracked 
| 168|0x000000008a800000, 0x000000008a800000, 0x000000008a900000|  0%| F|  |TAMS 0x000000008a800000, 0x000000008a800000| Untracked 
| 169|0x000000008a900000, 0x000000008a900000, 0x000000008aa00000|  0%| F|  |TAMS 0x000000008a900000, 0x000000008a900000| Untracked 
| 170|0x000000008aa00000, 0x000000008aa00000, 0x000000008ab00000|  0%| F|  |TAMS 0x000000008aa00000, 0x000000008aa00000| Untracked 
| 171|0x000000008ab00000, 0x000000008ab00000, 0x000000008ac00000|  0%| F|  |TAMS 0x000000008ab00000, 0x000000008ab00000| Untracked 
| 172|0x000000008ac00000, 0x000000008ac00000, 0x000000008ad00000|  0%| F|  |TAMS 0x000000008ac00000, 0x000000008ac00000| Untracked 
| 173|0x000000008ad00000, 0x000000008ad00000, 0x000000008ae00000|  0%| F|  |TAMS 0x000000008ad00000, 0x000000008ad00000| Untracked 
| 174|0x000000008ae00000, 0x000000008ae00000, 0x000000008af00000|  0%| F|  |TAMS 0x000000008ae00000, 0x000000008ae00000| Untracked 
| 175|0x000000008af00000, 0x000000008af00000, 0x000000008b000000|  0%| F|  |TAMS 0x000000008af00000, 0x000000008af00000| Untracked 
| 176|0x000000008b000000, 0x000000008b000000, 0x000000008b100000|  0%| F|  |TAMS 0x000000008b000000, 0x000000008b000000| Untracked 
| 177|0x000000008b100000, 0x000000008b100000, 0x000000008b200000|  0%| F|  |TAMS 0x000000008b100000, 0x000000008b100000| Untracked 
| 178|0x000000008b200000, 0x000000008b200000, 0x000000008b300000|  0%| F|  |TAMS 0x000000008b200000, 0x000000008b200000| Untracked 
| 179|0x000000008b300000, 0x000000008b300000, 0x000000008b400000|  0%| F|  |TAMS 0x000000008b300000, 0x000000008b300000| Untracked 
| 180|0x000000008b400000, 0x000000008b400000, 0x000000008b500000|  0%| F|  |TAMS 0x000000008b400000, 0x000000008b400000| Untracked 
| 181|0x000000008b500000, 0x000000008b500000, 0x000000008b600000|  0%| F|  |TAMS 0x000000008b500000, 0x000000008b500000| Untracked 
| 182|0x000000008b600000, 0x000000008b600000, 0x000000008b700000|  0%| F|  |TAMS 0x000000008b600000, 0x000000008b600000| Untracked 
| 183|0x000000008b700000, 0x000000008b700000, 0x000000008b800000|  0%| F|  |TAMS 0x000000008b700000, 0x000000008b700000| Untracked 
| 184|0x000000008b800000, 0x000000008b800000, 0x000000008b900000|  0%| F|  |TAMS 0x000000008b800000, 0x000000008b800000| Untracked 
| 185|0x000000008b900000, 0x000000008b900000, 0x000000008ba00000|  0%| F|  |TAMS 0x000000008b900000, 0x000000008b900000| Untracked 
| 186|0x000000008ba00000, 0x000000008ba00000, 0x000000008bb00000|  0%| F|  |TAMS 0x000000008ba00000, 0x000000008ba00000| Untracked 
| 187|0x000000008bb00000, 0x000000008bb00000, 0x000000008bc00000|  0%| F|  |TAMS 0x000000008bb00000, 0x000000008bb00000| Untracked 
| 188|0x000000008bc00000, 0x000000008bc00000, 0x000000008bd00000|  0%| F|  |TAMS 0x000000008bc00000, 0x000000008bc00000| Untracked 
| 189|0x000000008bd00000, 0x000000008bd00000, 0x000000008be00000|  0%| F|  |TAMS 0x000000008bd00000, 0x000000008bd00000| Untracked 
| 190|0x000000008be00000, 0x000000008be00000, 0x000000008bf00000|  0%| F|  |TAMS 0x000000008be00000, 0x000000008be00000| Untracked 
| 191|0x000000008bf00000, 0x000000008bf00000, 0x000000008c000000|  0%| F|  |TAMS 0x000000008bf00000, 0x000000008bf00000| Untracked 
| 192|0x000000008c000000, 0x000000008c000000, 0x000000008c100000|  0%| F|  |TAMS 0x000000008c000000, 0x000000008c000000| Untracked 
| 193|0x000000008c100000, 0x000000008c100000, 0x000000008c200000|  0%| F|  |TAMS 0x000000008c100000, 0x000000008c100000| Untracked 
| 194|0x000000008c200000, 0x000000008c200000, 0x000000008c300000|  0%| F|  |TAMS 0x000000008c200000, 0x000000008c200000| Untracked 
| 195|0x000000008c300000, 0x000000008c300000, 0x000000008c400000|  0%| F|  |TAMS 0x000000008c300000, 0x000000008c300000| Untracked 
| 196|0x000000008c400000, 0x000000008c400000, 0x000000008c500000|  0%| F|  |TAMS 0x000000008c400000, 0x000000008c400000| Untracked 
| 197|0x000000008c500000, 0x000000008c500000, 0x000000008c600000|  0%| F|  |TAMS 0x000000008c500000, 0x000000008c500000| Untracked 
| 198|0x000000008c600000, 0x000000008c600000, 0x000000008c700000|  0%| F|  |TAMS 0x000000008c600000, 0x000000008c600000| Untracked 
| 199|0x000000008c700000, 0x000000008c700000, 0x000000008c800000|  0%| F|  |TAMS 0x000000008c700000, 0x000000008c700000| Untracked 
| 200|0x000000008c800000, 0x000000008c800000, 0x000000008c900000|  0%| F|  |TAMS 0x000000008c800000, 0x000000008c800000| Untracked 
| 201|0x000000008c900000, 0x000000008c900000, 0x000000008ca00000|  0%| F|  |TAMS 0x000000008c900000, 0x000000008c900000| Untracked 
| 202|0x000000008ca00000, 0x000000008ca00000, 0x000000008cb00000|  0%| F|  |TAMS 0x000000008ca00000, 0x000000008ca00000| Untracked 
| 203|0x000000008cb00000, 0x000000008cb00000, 0x000000008cc00000|  0%| F|  |TAMS 0x000000008cb00000, 0x000000008cb00000| Untracked 
| 204|0x000000008cc00000, 0x000000008cc00000, 0x000000008cd00000|  0%| F|  |TAMS 0x000000008cc00000, 0x000000008cc00000| Untracked 
| 205|0x000000008cd00000, 0x000000008cd00000, 0x000000008ce00000|  0%| F|  |TAMS 0x000000008cd00000, 0x000000008cd00000| Untracked 
| 206|0x000000008ce00000, 0x000000008ce00000, 0x000000008cf00000|  0%| F|  |TAMS 0x000000008ce00000, 0x000000008ce00000| Untracked 
| 207|0x000000008cf00000, 0x000000008cf00000, 0x000000008d000000|  0%| F|  |TAMS 0x000000008cf00000, 0x000000008cf00000| Untracked 
| 208|0x000000008d000000, 0x000000008d000000, 0x000000008d100000|  0%| F|  |TAMS 0x000000008d000000, 0x000000008d000000| Untracked 
| 209|0x000000008d100000, 0x000000008d100000, 0x000000008d200000|  0%| F|  |TAMS 0x000000008d100000, 0x000000008d100000| Untracked 
| 210|0x000000008d200000, 0x000000008d200000, 0x000000008d300000|  0%| F|  |TAMS 0x000000008d200000, 0x000000008d200000| Untracked 
| 211|0x000000008d300000, 0x000000008d300000, 0x000000008d400000|  0%| F|  |TAMS 0x000000008d300000, 0x000000008d300000| Untracked 
| 212|0x000000008d400000, 0x000000008d400000, 0x000000008d500000|  0%| F|  |TAMS 0x000000008d400000, 0x000000008d400000| Untracked 
| 213|0x000000008d500000, 0x000000008d500000, 0x000000008d600000|  0%| F|  |TAMS 0x000000008d500000, 0x000000008d500000| Untracked 
| 214|0x000000008d600000, 0x000000008d600000, 0x000000008d700000|  0%| F|  |TAMS 0x000000008d600000, 0x000000008d600000| Untracked 
| 215|0x000000008d700000, 0x000000008d700000, 0x000000008d800000|  0%| F|  |TAMS 0x000000008d700000, 0x000000008d700000| Untracked 
| 216|0x000000008d800000, 0x000000008d800000, 0x000000008d900000|  0%| F|  |TAMS 0x000000008d800000, 0x000000008d800000| Untracked 
| 217|0x000000008d900000, 0x000000008d900000, 0x000000008da00000|  0%| F|  |TAMS 0x000000008d900000, 0x000000008d900000| Untracked 
| 218|0x000000008da00000, 0x000000008da00000, 0x000000008db00000|  0%| F|  |TAMS 0x000000008da00000, 0x000000008da00000| Untracked 
| 219|0x000000008db00000, 0x000000008db00000, 0x000000008dc00000|  0%| F|  |TAMS 0x000000008db00000, 0x000000008db00000| Untracked 
| 220|0x000000008dc00000, 0x000000008dc00000, 0x000000008dd00000|  0%| F|  |TAMS 0x000000008dc00000, 0x000000008dc00000| Untracked 
| 221|0x000000008dd00000, 0x000000008dd00000, 0x000000008de00000|  0%| F|  |TAMS 0x000000008dd00000, 0x000000008dd00000| Untracked 
| 222|0x000000008de00000, 0x000000008de00000, 0x000000008df00000|  0%| F|  |TAMS 0x000000008de00000, 0x000000008de00000| Untracked 
| 223|0x000000008df00000, 0x000000008df00000, 0x000000008e000000|  0%| F|  |TAMS 0x000000008df00000, 0x000000008df00000| Untracked 
| 224|0x000000008e000000, 0x000000008e000000, 0x000000008e100000|  0%| F|  |TAMS 0x000000008e000000, 0x000000008e000000| Untracked 
| 225|0x000000008e100000, 0x000000008e100000, 0x000000008e200000|  0%| F|  |TAMS 0x000000008e100000, 0x000000008e100000| Untracked 
| 226|0x000000008e200000, 0x000000008e200000, 0x000000008e300000|  0%| F|  |TAMS 0x000000008e200000, 0x000000008e200000| Untracked 
| 227|0x000000008e300000, 0x000000008e300000, 0x000000008e400000|  0%| F|  |TAMS 0x000000008e300000, 0x000000008e300000| Untracked 
| 228|0x000000008e400000, 0x000000008e400000, 0x000000008e500000|  0%| F|  |TAMS 0x000000008e400000, 0x000000008e400000| Untracked 
| 229|0x000000008e500000, 0x000000008e500000, 0x000000008e600000|  0%| F|  |TAMS 0x000000008e500000, 0x000000008e500000| Untracked 
| 230|0x000000008e600000, 0x000000008e600000, 0x000000008e700000|  0%| F|  |TAMS 0x000000008e600000, 0x000000008e600000| Untracked 
| 231|0x000000008e700000, 0x000000008e700000, 0x000000008e800000|  0%| F|  |TAMS 0x000000008e700000, 0x000000008e700000| Untracked 
| 232|0x000000008e800000, 0x000000008e800000, 0x000000008e900000|  0%| F|  |TAMS 0x000000008e800000, 0x000000008e800000| Untracked 
| 233|0x000000008e900000, 0x000000008e900000, 0x000000008ea00000|  0%| F|  |TAMS 0x000000008e900000, 0x000000008e900000| Untracked 
| 234|0x000000008ea00000, 0x000000008ea00000, 0x000000008eb00000|  0%| F|  |TAMS 0x000000008ea00000, 0x000000008ea00000| Untracked 
| 235|0x000000008eb00000, 0x000000008eb00000, 0x000000008ec00000|  0%| F|  |TAMS 0x000000008eb00000, 0x000000008eb00000| Untracked 
| 236|0x000000008ec00000, 0x000000008ec00000, 0x000000008ed00000|  0%| F|  |TAMS 0x000000008ec00000, 0x000000008ec00000| Untracked 
| 237|0x000000008ed00000, 0x000000008ed00000, 0x000000008ee00000|  0%| F|  |TAMS 0x000000008ed00000, 0x000000008ed00000| Untracked 
| 238|0x000000008ee00000, 0x000000008ee00000, 0x000000008ef00000|  0%| F|  |TAMS 0x000000008ee00000, 0x000000008ee00000| Untracked 
| 239|0x000000008ef00000, 0x000000008ef00000, 0x000000008f000000|  0%| F|  |TAMS 0x000000008ef00000, 0x000000008ef00000| Untracked 
| 240|0x000000008f000000, 0x000000008f000000, 0x000000008f100000|  0%| F|  |TAMS 0x000000008f000000, 0x000000008f000000| Untracked 
| 241|0x000000008f100000, 0x000000008f100000, 0x000000008f200000|  0%| F|  |TAMS 0x000000008f100000, 0x000000008f100000| Untracked 
| 242|0x000000008f200000, 0x000000008f200000, 0x000000008f300000|  0%| F|  |TAMS 0x000000008f200000, 0x000000008f200000| Untracked 
| 243|0x000000008f300000, 0x000000008f300000, 0x000000008f400000|  0%| F|  |TAMS 0x000000008f300000, 0x000000008f300000| Untracked 
| 244|0x000000008f400000, 0x000000008f400000, 0x000000008f500000|  0%| F|  |TAMS 0x000000008f400000, 0x000000008f400000| Untracked 
| 245|0x000000008f500000, 0x000000008f500000, 0x000000008f600000|  0%| F|  |TAMS 0x000000008f500000, 0x000000008f500000| Untracked 
| 246|0x000000008f600000, 0x000000008f600000, 0x000000008f700000|  0%| F|  |TAMS 0x000000008f600000, 0x000000008f600000| Untracked 
| 247|0x000000008f700000, 0x000000008f700000, 0x000000008f800000|  0%| F|  |TAMS 0x000000008f700000, 0x000000008f700000| Untracked 
| 248|0x000000008f800000, 0x000000008f800000, 0x000000008f900000|  0%| F|  |TAMS 0x000000008f800000, 0x000000008f800000| Untracked 
| 249|0x000000008f900000, 0x000000008f900000, 0x000000008fa00000|  0%| F|  |TAMS 0x000000008f900000, 0x000000008f900000| Untracked 
| 250|0x000000008fa00000, 0x000000008fa00000, 0x000000008fb00000|  0%| F|  |TAMS 0x000000008fa00000, 0x000000008fa00000| Untracked 
| 251|0x000000008fb00000, 0x000000008fb00000, 0x000000008fc00000|  0%| F|  |TAMS 0x000000008fb00000, 0x000000008fb00000| Untracked 
| 252|0x000000008fc00000, 0x000000008fc00000, 0x000000008fd00000|  0%| F|  |TAMS 0x000000008fc00000, 0x000000008fc00000| Untracked 
| 253|0x000000008fd00000, 0x000000008fd00000, 0x000000008fe00000|  0%| F|  |TAMS 0x000000008fd00000, 0x000000008fd00000| Untracked 
| 254|0x000000008fe00000, 0x000000008fe00000, 0x000000008ff00000|  0%| F|  |TAMS 0x000000008fe00000, 0x000000008fe00000| Untracked 
| 255|0x000000008ff00000, 0x000000008ff00000, 0x0000000090000000|  0%| F|  |TAMS 0x000000008ff00000, 0x000000008ff00000| Untracked 
| 256|0x0000000090000000, 0x0000000090000000, 0x0000000090100000|  0%| F|  |TAMS 0x0000000090000000, 0x0000000090000000| Untracked 
| 257|0x0000000090100000, 0x0000000090100000, 0x0000000090200000|  0%| F|  |TAMS 0x0000000090100000, 0x0000000090100000| Untracked 
| 258|0x0000000090200000, 0x0000000090200000, 0x0000000090300000|  0%| F|  |TAMS 0x0000000090200000, 0x0000000090200000| Untracked 
| 259|0x0000000090300000, 0x0000000090300000, 0x0000000090400000|  0%| F|  |TAMS 0x0000000090300000, 0x0000000090300000| Untracked 
| 260|0x0000000090400000, 0x0000000090400000, 0x0000000090500000|  0%| F|  |TAMS 0x0000000090400000, 0x0000000090400000| Untracked 
| 261|0x0000000090500000, 0x0000000090500000, 0x0000000090600000|  0%| F|  |TAMS 0x0000000090500000, 0x0000000090500000| Untracked 
| 262|0x0000000090600000, 0x0000000090600000, 0x0000000090700000|  0%| F|  |TAMS 0x0000000090600000, 0x0000000090600000| Untracked 
| 263|0x0000000090700000, 0x0000000090700000, 0x0000000090800000|  0%| F|  |TAMS 0x0000000090700000, 0x0000000090700000| Untracked 
| 264|0x0000000090800000, 0x0000000090800000, 0x0000000090900000|  0%| F|  |TAMS 0x0000000090800000, 0x0000000090800000| Untracked 
| 265|0x0000000090900000, 0x0000000090900000, 0x0000000090a00000|  0%| F|  |TAMS 0x0000000090900000, 0x0000000090900000| Untracked 
| 266|0x0000000090a00000, 0x0000000090a00000, 0x0000000090b00000|  0%| F|  |TAMS 0x0000000090a00000, 0x0000000090a00000| Untracked 
| 267|0x0000000090b00000, 0x0000000090b00000, 0x0000000090c00000|  0%| F|  |TAMS 0x0000000090b00000, 0x0000000090b00000| Untracked 
| 268|0x0000000090c00000, 0x0000000090c00000, 0x0000000090d00000|  0%| F|  |TAMS 0x0000000090c00000, 0x0000000090c00000| Untracked 
| 269|0x0000000090d00000, 0x0000000090d7e768, 0x0000000090e00000| 49%| E|  |TAMS 0x0000000090d00000, 0x0000000090d00000| Complete 
| 270|0x0000000090e00000, 0x0000000090f00000, 0x0000000090f00000|100%| E|CS|TAMS 0x0000000090e00000, 0x0000000090e00000| Complete 
| 271|0x0000000090f00000, 0x0000000091000000, 0x0000000091000000|100%| E|CS|TAMS 0x0000000090f00000, 0x0000000090f00000| Complete 
| 272|0x0000000091000000, 0x0000000091100000, 0x0000000091100000|100%| E|CS|TAMS 0x0000000091000000, 0x0000000091000000| Complete 
| 273|0x0000000091100000, 0x0000000091200000, 0x0000000091200000|100%| E|CS|TAMS 0x0000000091100000, 0x0000000091100000| Complete 
| 274|0x0000000091200000, 0x0000000091300000, 0x0000000091300000|100%| E|CS|TAMS 0x0000000091200000, 0x0000000091200000| Complete 
| 275|0x0000000091300000, 0x0000000091400000, 0x0000000091400000|100%| E|CS|TAMS 0x0000000091300000, 0x0000000091300000| Complete 
| 276|0x0000000091400000, 0x0000000091500000, 0x0000000091500000|100%| E|CS|TAMS 0x0000000091400000, 0x0000000091400000| Complete 
| 277|0x0000000091500000, 0x0000000091600000, 0x0000000091600000|100%| E|CS|TAMS 0x0000000091500000, 0x0000000091500000| Complete 
| 278|0x0000000091600000, 0x0000000091700000, 0x0000000091700000|100%| E|CS|TAMS 0x0000000091600000, 0x0000000091600000| Complete 
| 279|0x0000000091700000, 0x0000000091800000, 0x0000000091800000|100%| E|CS|TAMS 0x0000000091700000, 0x0000000091700000| Complete 
| 280|0x0000000091800000, 0x0000000091900000, 0x0000000091900000|100%| E|CS|TAMS 0x0000000091800000, 0x0000000091800000| Complete 
| 281|0x0000000091900000, 0x0000000091a00000, 0x0000000091a00000|100%| E|CS|TAMS 0x0000000091900000, 0x0000000091900000| Complete 
| 282|0x0000000091a00000, 0x0000000091b00000, 0x0000000091b00000|100%| E|CS|TAMS 0x0000000091a00000, 0x0000000091a00000| Complete 
| 283|0x0000000091b00000, 0x0000000091c00000, 0x0000000091c00000|100%| E|CS|TAMS 0x0000000091b00000, 0x0000000091b00000| Complete 
| 284|0x0000000091c00000, 0x0000000091d00000, 0x0000000091d00000|100%| E|CS|TAMS 0x0000000091c00000, 0x0000000091c00000| Complete 
| 285|0x0000000091d00000, 0x0000000091e00000, 0x0000000091e00000|100%| E|CS|TAMS 0x0000000091d00000, 0x0000000091d00000| Complete 
| 286|0x0000000091e00000, 0x0000000091f00000, 0x0000000091f00000|100%| E|CS|TAMS 0x0000000091e00000, 0x0000000091e00000| Complete 
| 287|0x0000000091f00000, 0x0000000092000000, 0x0000000092000000|100%| E|CS|TAMS 0x0000000091f00000, 0x0000000091f00000| Complete 
| 288|0x0000000092000000, 0x0000000092100000, 0x0000000092100000|100%| E|CS|TAMS 0x0000000092000000, 0x0000000092000000| Complete 
| 289|0x0000000092100000, 0x0000000092200000, 0x0000000092200000|100%| E|CS|TAMS 0x0000000092100000, 0x0000000092100000| Complete 
| 290|0x0000000092200000, 0x0000000092300000, 0x0000000092300000|100%| E|CS|TAMS 0x0000000092200000, 0x0000000092200000| Complete 
| 291|0x0000000092300000, 0x0000000092400000, 0x0000000092400000|100%| E|CS|TAMS 0x0000000092300000, 0x0000000092300000| Complete 
| 292|0x0000000092400000, 0x0000000092500000, 0x0000000092500000|100%| E|CS|TAMS 0x0000000092400000, 0x0000000092400000| Complete 
| 293|0x0000000092500000, 0x0000000092600000, 0x0000000092600000|100%| E|CS|TAMS 0x0000000092500000, 0x0000000092500000| Complete 
| 294|0x0000000092600000, 0x0000000092700000, 0x0000000092700000|100%| E|CS|TAMS 0x0000000092600000, 0x0000000092600000| Complete 
| 295|0x0000000092700000, 0x0000000092800000, 0x0000000092800000|100%| E|CS|TAMS 0x0000000092700000, 0x0000000092700000| Complete 
| 296|0x0000000092800000, 0x0000000092900000, 0x0000000092900000|100%| E|CS|TAMS 0x0000000092800000, 0x0000000092800000| Complete 
| 297|0x0000000092900000, 0x0000000092a00000, 0x0000000092a00000|100%| E|CS|TAMS 0x0000000092900000, 0x0000000092900000| Complete 
| 298|0x0000000092a00000, 0x0000000092b00000, 0x0000000092b00000|100%| E|CS|TAMS 0x0000000092a00000, 0x0000000092a00000| Complete 
| 299|0x0000000092b00000, 0x0000000092c00000, 0x0000000092c00000|100%| E|CS|TAMS 0x0000000092b00000, 0x0000000092b00000| Complete 
| 300|0x0000000092c00000, 0x0000000092d00000, 0x0000000092d00000|100%| E|CS|TAMS 0x0000000092c00000, 0x0000000092c00000| Complete 
| 301|0x0000000092d00000, 0x0000000092e00000, 0x0000000092e00000|100%| E|CS|TAMS 0x0000000092d00000, 0x0000000092d00000| Complete 
| 302|0x0000000092e00000, 0x0000000092f00000, 0x0000000092f00000|100%| E|CS|TAMS 0x0000000092e00000, 0x0000000092e00000| Complete 
| 303|0x0000000092f00000, 0x0000000093000000, 0x0000000093000000|100%| E|CS|TAMS 0x0000000092f00000, 0x0000000092f00000| Complete 
| 304|0x0000000093000000, 0x0000000093100000, 0x0000000093100000|100%| E|CS|TAMS 0x0000000093000000, 0x0000000093000000| Complete 
| 305|0x0000000093100000, 0x0000000093200000, 0x0000000093200000|100%| E|CS|TAMS 0x0000000093100000, 0x0000000093100000| Complete 
| 306|0x0000000093200000, 0x0000000093300000, 0x0000000093300000|100%| E|CS|TAMS 0x0000000093200000, 0x0000000093200000| Complete 
| 307|0x0000000093300000, 0x0000000093400000, 0x0000000093400000|100%| E|CS|TAMS 0x0000000093300000, 0x0000000093300000| Complete 
| 308|0x0000000093400000, 0x0000000093500000, 0x0000000093500000|100%| E|CS|TAMS 0x0000000093400000, 0x0000000093400000| Complete 
| 309|0x0000000093500000, 0x0000000093600000, 0x0000000093600000|100%| E|CS|TAMS 0x0000000093500000, 0x0000000093500000| Complete 

Card table byte_map: [0x0000018bb4810000,0x0000018bb4c10000] _byte_map_base: 0x0000018bb4410000

Marking Bits (Prev, Next): (CMBitMap*) 0x0000018b9fb32b00, (CMBitMap*) 0x0000018b9fb32ac8
 Prev Bits: [0x0000018bb7010000, 0x0000018bb9010000)
 Next Bits: [0x0000018bb5010000, 0x0000018bb7010000)

Polling page: 0x0000018b9fbc0000

Metaspace:

Usage:
  Non-class:     78.52 MB capacity,    77.02 MB ( 98%) used,     1.25 MB (  2%) free+waste,   250.88 KB ( <1%) overhead. 
      Class:     11.99 MB capacity,    11.20 MB ( 93%) used,   694.25 KB (  6%) free+waste,   114.12 KB ( <1%) overhead. 
       Both:     90.50 MB capacity,    88.22 MB ( 97%) used,     1.93 MB (  2%) free+waste,   365.00 KB ( <1%) overhead. 

Virtual space:
  Non-class space:       80.00 MB reserved,      78.76 MB ( 98%) committed 
      Class space:        1.00 GB reserved,      12.07 MB (  1%) committed 
             Both:        1.08 GB reserved,      90.83 MB (  8%) committed 

Chunk freelists:
   Non-Class:  56.00 KB
       Class:  12.00 KB
        Both:  68.00 KB

MaxMetaspaceSize: 17179869184.00 GB
CompressedClassSpaceSize: 1.00 GB
Initial GC threshold: 20.80 MB
Current GC threshold: 149.30 MB
CDS: off

CodeHeap 'non-profiled nmethods': size=120064Kb used=5217Kb max_used=5217Kb free=114846Kb
 bounds [0x0000018bac8b0000, 0x0000018bacdd0000, 0x0000018bb3df0000]
CodeHeap 'profiled nmethods': size=120000Kb used=20216Kb max_used=20216Kb free=99783Kb
 bounds [0x0000018ba5380000, 0x0000018ba6740000, 0x0000018bac8b0000]
CodeHeap 'non-nmethods': size=5696Kb used=2365Kb max_used=2428Kb free=3331Kb
 bounds [0x0000018ba4df0000, 0x0000018ba5070000, 0x0000018ba5380000]
 total_blobs=10277 nmethods=9386 adapters=804
 compilation: enabled
              stopped_count=0, restarted_count=0
 full_count=0

Compilation events (20 events):
Event: 23.420 Thread 0x0000018bbbf42800 9437       3       java.io.ObjectStreamClass::checkDefaultSerialize (20 bytes)
Event: 23.420 Thread 0x0000018bbbf42800 nmethod 9437 0x0000018ba6738290 code [0x0000018ba6738480, 0x0000018ba6738838]
Event: 23.420 Thread 0x0000018bbbf42800 9433       3       java.io.ObjectStreamClass::getObjFieldValues (10 bytes)
Event: 23.420 Thread 0x0000018bbbf42800 nmethod 9433 0x0000018ba6738a10 code [0x0000018ba6738bc0, 0x0000018ba6738d08]
Event: 23.421 Thread 0x0000018bbbf3e000 nmethod 9429 0x0000018bacdc6190 code [0x0000018bacdc6340, 0x0000018bacdc6658]
Event: 23.422 Thread 0x0000018bbbf42800 9439       3       com.google.common.collect.RegularImmutableSet::contains (56 bytes)
Event: 23.423 Thread 0x0000018bbbf3e000 9440       4       com.google.common.collect.ImmutableSet::hashFloodingDetected (134 bytes)
Event: 23.423 Thread 0x0000018bbbf42800 nmethod 9439 0x0000018ba6738e10 code [0x0000018ba6739020, 0x0000018ba6739658]
Event: 23.424 Thread 0x0000018bbc16d800 nmethod 9438 0x0000018bacdc6910 code [0x0000018bacdc6ac0, 0x0000018bacdc6e78]
Event: 23.424 Thread 0x0000018bbbf42800 9441       1       org.gradle.api.internal.project.DefaultProjectStateRegistry$ProjectStateImpl::getTaskExecutionLock (5 bytes)
Event: 23.424 Thread 0x0000018bbbf42800 nmethod 9441 0x0000018bacdc7090 code [0x0000018bacdc7240, 0x0000018bacdc72f8]
Event: 23.424 Thread 0x0000018bbbf42800 9443       3       java.io.ObjectOutputStream$BlockDataOutputStream::writeInt (46 bytes)
Event: 23.424 Thread 0x0000018bbbf42800 nmethod 9443 0x0000018ba6739890 code [0x0000018ba6739a60, 0x0000018ba6739c58]
Event: 23.424 Thread 0x0000018bbbf42800 9442   !   3       java.io.ObjectOutputStream::writeOrdinaryObject (175 bytes)
Event: 23.425 Thread 0x0000018bbbf42800 nmethod 9442 0x0000018ba6739d90 code [0x0000018ba673a080, 0x0000018ba673ad28]
Event: 23.426 Thread 0x0000018bbbf42800 9444       3       org.gradle.execution.plan.Node::isComplete (43 bytes)
Event: 23.426 Thread 0x0000018bbbf42800 nmethod 9444 0x0000018ba673b590 code [0x0000018ba673b740, 0x0000018ba673b978]
Event: 23.431 Thread 0x0000018bbbf3e000 nmethod 9440 0x0000018bacdc7390 code [0x0000018bacdc7560, 0x0000018bacdc7a88]
Event: 23.437 Thread 0x0000018bbbf42800 9445       1       com.google.common.collect.ImmutableSortedSet::comparator (5 bytes)
Event: 23.437 Thread 0x0000018bbbf42800 nmethod 9445 0x0000018bacdc7e90 code [0x0000018bacdc8040, 0x0000018bacdc80f8]

GC Heap History (20 events):
Event: 1.178 GC heap before
{Heap before GC invocations=2 (full 0):
 garbage-first heap   total 260096K, used 37160K [0x0000000080000000, 0x0000000100000000)
  region size 1024K, 29 young (29696K), 3 survivors (3072K)
 Metaspace       used 10991K, capacity 11213K, committed 11520K, reserved 1058816K
  class space    used 1123K, capacity 1211K, committed 1280K, reserved 1048576K
}
Event: 1.181 GC heap after
{Heap after GC invocations=3 (full 0):
 garbage-first heap   total 260096K, used 13663K [0x0000000080000000, 0x0000000100000000)
  region size 1024K, 4 young (4096K), 4 survivors (4096K)
 Metaspace       used 10991K, capacity 11213K, committed 11520K, reserved 1058816K
  class space    used 1123K, capacity 1211K, committed 1280K, reserved 1048576K
}
Event: 1.891 GC heap before
{Heap before GC invocations=3 (full 0):
 garbage-first heap   total 260096K, used 57695K [0x0000000080000000, 0x0000000100000000)
  region size 1024K, 47 young (48128K), 4 survivors (4096K)
 Metaspace       used 19359K, capacity 19740K, committed 19840K, reserved 1067008K
  class space    used 2287K, capacity 2417K, committed 2432K, reserved 1048576K
}
Event: 1.896 GC heap after
{Heap after GC invocations=4 (full 0):
 garbage-first heap   total 260096K, used 17236K [0x0000000080000000, 0x0000000100000000)
  region size 1024K, 3 young (3072K), 3 survivors (3072K)
 Metaspace       used 19359K, capacity 19740K, committed 19840K, reserved 1067008K
  class space    used 2287K, capacity 2417K, committed 2432K, reserved 1048576K
}
Event: 2.000 GC heap before
{Heap before GC invocations=4 (full 0):
 garbage-first heap   total 260096K, used 33620K [0x0000000080000000, 0x0000000100000000)
  region size 1024K, 20 young (20480K), 3 survivors (3072K)
 Metaspace       used 20819K, capacity 21149K, committed 21296K, reserved 1069056K
  class space    used 2508K, capacity 2651K, committed 2688K, reserved 1048576K
}
Event: 2.004 GC heap after
{Heap after GC invocations=5 (full 0):
 garbage-first heap   total 260096K, used 17735K [0x0000000080000000, 0x0000000100000000)
  region size 1024K, 4 young (4096K), 4 survivors (4096K)
 Metaspace       used 20819K, capacity 21149K, committed 21296K, reserved 1069056K
  class space    used 2508K, capacity 2651K, committed 2688K, reserved 1048576K
}
Event: 2.518 GC heap before
{Heap before GC invocations=6 (full 0):
 garbage-first heap   total 260096K, used 75079K [0x0000000080000000, 0x0000000100000000)
  region size 1024K, 60 young (61440K), 4 survivors (4096K)
 Metaspace       used 26959K, capacity 27611K, committed 27824K, reserved 1073152K
  class space    used 3503K, capacity 3734K, committed 3840K, reserved 1048576K
}
Event: 2.523 GC heap after
{Heap after GC invocations=7 (full 0):
 garbage-first heap   total 260096K, used 19741K [0x0000000080000000, 0x0000000100000000)
  region size 1024K, 6 young (6144K), 6 survivors (6144K)
 Metaspace       used 26959K, capacity 27611K, committed 27824K, reserved 1073152K
  class space    used 3503K, capacity 3734K, committed 3840K, reserved 1048576K
}
Event: 3.173 GC heap before
{Heap before GC invocations=7 (full 0):
 garbage-first heap   total 260096K, used 84253K [0x0000000080000000, 0x0000000100000000)
  region size 1024K, 70 young (71680K), 6 survivors (6144K)
 Metaspace       used 34947K, capacity 35729K, committed 35888K, reserved 1081344K
  class space    used 4558K, capacity 4889K, committed 4992K, reserved 1048576K
}
Event: 3.185 GC heap after
{Heap after GC invocations=8 (full 0):
 garbage-first heap   total 260096K, used 23060K [0x0000000080000000, 0x0000000100000000)
  region size 1024K, 9 young (9216K), 9 survivors (9216K)
 Metaspace       used 34947K, capacity 35729K, committed 35888K, reserved 1081344K
  class space    used 4558K, capacity 4889K, committed 4992K, reserved 1048576K
}
Event: 4.338 GC heap before
{Heap before GC invocations=9 (full 0):
 garbage-first heap   total 260096K, used 160276K [0x0000000080000000, 0x0000000100000000)
  region size 1024K, 139 young (142336K), 9 survivors (9216K)
 Metaspace       used 46363K, capacity 47605K, committed 47720K, reserved 1091584K
  class space    used 5925K, capacity 6338K, committed 6400K, reserved 1048576K
}
Event: 4.357 GC heap after
{Heap after GC invocations=10 (full 0):
 garbage-first heap   total 260096K, used 32044K [0x0000000080000000, 0x0000000100000000)
  region size 1024K, 18 young (18432K), 18 survivors (18432K)
 Metaspace       used 46363K, capacity 47605K, committed 47720K, reserved 1091584K
  class space    used 5925K, capacity 6338K, committed 6400K, reserved 1048576K
}
Event: 5.830 GC heap before
{Heap before GC invocations=11 (full 0):
 garbage-first heap   total 260096K, used 173356K [0x0000000080000000, 0x0000000100000000)
  region size 1024K, 152 young (155648K), 18 survivors (18432K)
 Metaspace       used 58886K, capacity 60516K, committed 60648K, reserved 1101824K
  class space    used 7406K, capacity 7979K, committed 8064K, reserved 1048576K
}
Event: 5.859 GC heap after
{Heap after GC invocations=12 (full 0):
 garbage-first heap   total 260096K, used 46001K [0x0000000080000000, 0x0000000100000000)
  region size 1024K, 19 young (19456K), 19 survivors (19456K)
 Metaspace       used 58886K, capacity 60516K, committed 60648K, reserved 1101824K
  class space    used 7406K, capacity 7979K, committed 8064K, reserved 1048576K
}
Event: 7.155 GC heap before
{Heap before GC invocations=12 (full 0):
 garbage-first heap   total 260096K, used 190385K [0x0000000080000000, 0x0000000100000000)
  region size 1024K, 152 young (155648K), 19 survivors (19456K)
 Metaspace       used 67863K, capacity 69594K, committed 69736K, reserved 1110016K
  class space    used 8557K, capacity 9171K, committed 9216K, reserved 1048576K
}
Event: 7.175 GC heap after
{Heap after GC invocations=13 (full 0):
 garbage-first heap   total 317440K, used 56832K [0x0000000080000000, 0x0000000100000000)
  region size 1024K, 11 young (11264K), 11 survivors (11264K)
 Metaspace       used 67863K, capacity 69594K, committed 69736K, reserved 1110016K
  class space    used 8557K, capacity 9171K, committed 9216K, reserved 1048576K
}
Event: 8.212 GC heap before
{Heap before GC invocations=13 (full 0):
 garbage-first heap   total 317440K, used 148992K [0x0000000080000000, 0x0000000100000000)
  region size 1024K, 103 young (105472K), 11 survivors (11264K)
 Metaspace       used 77843K, capacity 79868K, committed 79960K, reserved 1118208K
  class space    used 10006K, capacity 10726K, committed 10752K, reserved 1048576K
}
Event: 8.228 GC heap after
{Heap after GC invocations=14 (full 0):
 garbage-first heap   total 317440K, used 65536K [0x0000000080000000, 0x0000000100000000)
  region size 1024K, 19 young (19456K), 19 survivors (19456K)
 Metaspace       used 77843K, capacity 79868K, committed 79960K, reserved 1118208K
  class space    used 10006K, capacity 10726K, committed 10752K, reserved 1048576K
}
Event: 13.002 GC heap before
{Heap before GC invocations=15 (full 0):
 garbage-first heap   total 317440K, used 227328K [0x0000000080000000, 0x0000000100000000)
  region size 1024K, 178 young (182272K), 19 survivors (19456K)
 Metaspace       used 89202K, capacity 91436K, committed 91732K, reserved 1128448K
  class space    used 11287K, capacity 12045K, committed 12108K, reserved 1048576K
}
Event: 13.043 GC heap after
{Heap after GC invocations=16 (full 0):
 garbage-first heap   total 317440K, used 76637K [0x0000000080000000, 0x0000000100000000)
  region size 1024K, 20 young (20480K), 20 survivors (20480K)
 Metaspace       used 89202K, capacity 91436K, committed 91732K, reserved 1128448K
  class space    used 11287K, capacity 12045K, committed 12108K, reserved 1048576K
}

Deoptimization events (20 events):
Event: 13.104 Thread 0x0000018bbe2e9000 DEOPT PACKING pc=0x0000018ba669edbe sp=0x0000004bb09f5fc0
Event: 13.104 Thread 0x0000018bbe2e9000 DEOPT UNPACKING pc=0x0000018ba4e3a93f sp=0x0000004bb09f5690 mode 0
Event: 13.176 Thread 0x0000018bbe2e9000 DEOPT PACKING pc=0x0000018ba6695676 sp=0x0000004bb09f6220
Event: 13.176 Thread 0x0000018bbe2e9000 DEOPT UNPACKING pc=0x0000018ba4e3a93f sp=0x0000004bb09f5748 mode 0
Event: 13.207 Thread 0x0000018bbe2e9000 DEOPT PACKING pc=0x0000018ba66a250a sp=0x0000004bb09f7c20
Event: 13.207 Thread 0x0000018bbe2e9000 DEOPT UNPACKING pc=0x0000018ba4e3a93f sp=0x0000004bb09f71a0 mode 0
Event: 13.243 Thread 0x0000018bbe2e9000 DEOPT PACKING pc=0x0000018ba6175efe sp=0x0000004bb09f89d0
Event: 13.243 Thread 0x0000018bbe2e9000 DEOPT UNPACKING pc=0x0000018ba4e3a93f sp=0x0000004bb09f7f28 mode 0
Event: 13.264 Thread 0x0000018bbd359800 Uncommon trap: trap_request=0xffffffde fr.pc=0x0000018bac9c2760 relative=0x0000000000000320
Event: 13.264 Thread 0x0000018bbd359800 Uncommon trap: reason=class_check action=maybe_recompile pc=0x0000018bac9c2760 method=java.util.Collections$SetFromMap.remove(Ljava/lang/Object;)Z @ 5 c2
Event: 13.264 Thread 0x0000018bbd359800 DEOPT PACKING pc=0x0000018bac9c2760 sp=0x0000004bb4cfd920
Event: 13.264 Thread 0x0000018bbd359800 DEOPT UNPACKING pc=0x0000018ba4e3a1a9 sp=0x0000004bb4cfd908 mode 2
Event: 13.267 Thread 0x0000018bbd35a800 Uncommon trap: trap_request=0xffffffde fr.pc=0x0000018baca63c74 relative=0x00000000000002b4
Event: 13.267 Thread 0x0000018bbd35a800 Uncommon trap: reason=class_check action=maybe_recompile pc=0x0000018baca63c74 method=java.util.stream.StreamOpFlag.fromCharacteristics(Ljava/util/Spliterator;)I @ 14 c2
Event: 13.267 Thread 0x0000018bbd35a800 DEOPT PACKING pc=0x0000018baca63c74 sp=0x0000004bb4dfe0a0
Event: 13.267 Thread 0x0000018bbd35a800 DEOPT UNPACKING pc=0x0000018ba4e3a1a9 sp=0x0000004bb4dfdf88 mode 2
Event: 13.346 Thread 0x0000018bbd35a800 Uncommon trap: trap_request=0xffffff4d fr.pc=0x0000018baccf959c relative=0x00000000000001dc
Event: 13.346 Thread 0x0000018bbd35a800 Uncommon trap: reason=unstable_if action=reinterpret pc=0x0000018baccf959c method=com.google.common.collect.RegularImmutableSet.contains(Ljava/lang/Object;)Z @ 10 c2
Event: 13.346 Thread 0x0000018bbd35a800 DEOPT PACKING pc=0x0000018baccf959c sp=0x0000004bb4dfac20
Event: 13.346 Thread 0x0000018bbd35a800 DEOPT UNPACKING pc=0x0000018ba4e3a1a9 sp=0x0000004bb4dfabb8 mode 2

Classes redefined (0 events):
No events

Internal exceptions (20 events):
Event: 13.230 Thread 0x0000018bbe2e9000 Exception <a 'java/lang/ClassNotFoundException'{0x0000000091b10648}: com/android/build/gradle/tasks/PackageAndroidArtifactBeanInfo> (0x0000000091b10648) thrown at [src/hotspot/share/classfile/systemDictionary.cpp, line 230]
Event: 13.230 Thread 0x0000018bbe2e9000 Exception <a 'java/lang/ClassNotFoundException'{0x0000000091b2c638}: com/android/build/gradle/tasks/PackageAndroidArtifactCustomizer> (0x0000000091b2c638) thrown at [src/hotspot/share/classfile/systemDictionary.cpp, line 230]
Event: 13.232 Thread 0x0000018bbe2e9000 Exception <a 'java/lang/ClassNotFoundException'{0x0000000091b94eb0}: com/android/build/gradle/tasks/PackageApplicationCustomizer> (0x0000000091b94eb0) thrown at [src/hotspot/share/classfile/systemDictionary.cpp, line 230]
Event: 13.233 Thread 0x0000018bbe2e9000 Exception <a 'java/lang/ClassNotFoundException'{0x0000000091bce598}: com/android/build/gradle/tasks/PackageApplication_DecoratedCustomizer> (0x0000000091bce598) thrown at [src/hotspot/share/classfile/systemDictionary.cpp, line 230]
Event: 13.237 Thread 0x0000018bbe2e9000 Exception <a 'java/lang/ClassNotFoundException'{0x0000000091ab4aa0}: com/android/build/gradle/internal/tasks/ListingFileRedirectTask_DecoratedBeanInfo> (0x0000000091ab4aa0) thrown at [src/hotspot/share/classfile/systemDictionary.cpp, line 230]
Event: 13.238 Thread 0x0000018bbe2e9000 Exception <a 'java/lang/ClassNotFoundException'{0x0000000091ad20b0}: com/android/build/gradle/internal/tasks/ListingFileRedirectTaskBeanInfo> (0x0000000091ad20b0) thrown at [src/hotspot/share/classfile/systemDictionary.cpp, line 230]
Event: 13.238 Thread 0x0000018bbe2e9000 Exception <a 'java/lang/ClassNotFoundException'{0x0000000091aef708}: com/android/build/gradle/internal/tasks/ListingFileRedirectTaskCustomizer> (0x0000000091aef708) thrown at [src/hotspot/share/classfile/systemDictionary.cpp, line 230]
Event: 13.239 Thread 0x0000018bbe2e9000 Exception <a 'java/lang/ClassNotFoundException'{0x0000000091920e88}: com/android/build/gradle/internal/tasks/ListingFileRedirectTask_DecoratedCustomizer> (0x0000000091920e88) thrown at [src/hotspot/share/classfile/systemDictionary.cpp, line 230]
Event: 13.260 Thread 0x0000018bbe2e9000 Exception <a 'sun/nio/fs/WindowsException'{0x000000009184c1f8}> (0x000000009184c1f8) thrown at [src/hotspot/share/prims/jni.cpp, line 617]
Event: 13.296 Thread 0x0000018bbd35a800 Exception <a 'java/lang/IncompatibleClassChangeError'{0x0000000091645478}: Found class java.lang.Object, but interface was expected> (0x0000000091645478) thrown at [src/hotspot/share/interpreter/linkResolver.cpp, line 839]
Event: 13.313 Thread 0x0000018bbd35a800 Exception <a 'java/lang/NoSuchMethodError'{0x00000000915d0440}: 'int java.lang.invoke.DirectMethodHandle$Holder.invokeStaticInit(java.lang.Object, java.lang.Object, java.lang.Object, java.lang.Object, java.lang.Object)'> (0x00000000915d0440) thrown at [src/hotspot/share/interpreter/linkResolver.cpp, line 773]
Event: 13.329 Thread 0x0000018bbd35a800 Exception <a 'sun/nio/fs/WindowsException'{0x00000000914b1938}> (0x00000000914b1938) thrown at [src/hotspot/share/prims/jni.cpp, line 617]
Event: 13.329 Thread 0x0000018bbd35a800 Exception <a 'sun/nio/fs/WindowsException'{0x00000000914b2a50}> (0x00000000914b2a50) thrown at [src/hotspot/share/prims/jni.cpp, line 617]
Event: 13.346 Thread 0x0000018bbd35a800 Implicit null exception at 0x0000018baccf93f7 to 0x0000018baccf9584
Event: 18.358 Thread 0x0000018bbd35a800 Exception <a 'net/rubygrapefruit/platform/NativeException'{0x00000000913c3578}: Execution timed out> (0x00000000913c3578) thrown at [src/hotspot/share/prims/jni.cpp, line 638]
Event: 23.373 Thread 0x0000018bbd35a800 Exception <a 'net/rubygrapefruit/platform/NativeException'{0x00000000913fc068}: Execution timed out> (0x00000000913fc068) thrown at [src/hotspot/share/prims/jni.cpp, line 638]
Event: 23.381 Thread 0x0000018bbf27c800 Exception <a 'java/lang/NoSuchMethodError'{0x00000000935961d8}: <clinit>> (0x00000000935961d8) thrown at [src/hotspot/share/prims/jni.cpp, line 1367]
Event: 23.384 Thread 0x0000018bbf27c800 Exception <a 'java/lang/NoSuchMethodError'{0x0000000091078198}: <clinit>> (0x0000000091078198) thrown at [src/hotspot/share/prims/jni.cpp, line 1367]
Event: 23.405 Thread 0x0000018bbf27c800 Exception <a 'java/lang/NoSuchMethodError'{0x00000000910a30a0}: <clinit>> (0x00000000910a30a0) thrown at [src/hotspot/share/prims/jni.cpp, line 1367]
Event: 23.413 Thread 0x0000018bbd35a800 Exception <a 'java/lang/NoSuchMethodError'{0x0000000090fafe78}: 'int java.lang.invoke.DirectMethodHandle$Holder.invokeSpecial(java.lang.Object, java.lang.Object, java.lang.Object, java.lang.Object, java.lang.Object)'> (0x0000000090fafe78) thrown at [src/hotspot/share/interpreter/linkResolver.cpp, line 773]

Events (20 events):
Event: 23.436 Executing VM operation: RevokeBias
Event: 23.436 Executing VM operation: RevokeBias done
Event: 23.437 loading class org/gradle/internal/snapshot/ChildMap
Event: 23.437 loading class org/gradle/internal/snapshot/ChildMap done
Event: 23.437 loading class org/gradle/internal/snapshot/ChildMap
Event: 23.437 loading class org/gradle/internal/snapshot/ChildMap done
Event: 23.437 loading class org/gradle/internal/snapshot/AbstractInvalidateChildHandler
Event: 23.437 loading class org/gradle/internal/snapshot/AbstractInvalidateChildHandler done
Event: 23.437 loading class org/gradle/internal/snapshot/ChildMap
Event: 23.437 loading class org/gradle/internal/snapshot/ChildMap done
Event: 23.437 loading class org/gradle/internal/snapshot/ChildMap
Event: 23.437 loading class org/gradle/internal/snapshot/ChildMap done
Event: 23.437 loading class org/gradle/internal/snapshot/AbstractInvalidateChildHandler
Event: 23.437 loading class org/gradle/internal/snapshot/AbstractInvalidateChildHandler done
Event: 23.438 Executing VM operation: RevokeBias
Event: 23.438 Executing VM operation: RevokeBias done
Event: 23.438 Executing VM operation: RevokeBias
Event: 23.438 Executing VM operation: RevokeBias done
Event: 23.438 Executing VM operation: RevokeBias
Event: 23.438 Executing VM operation: RevokeBias done


Dynamic libraries:
0x00007ff74a1c0000 - 0x00007ff74a1ca000 	C:\Program Files\Android\Android Studio\jbr\bin\java.exe
0x00007ffecc570000 - 0x00007ffecc766000 	C:\Windows\SYSTEM32\ntdll.dll
0x00007ffecb340000 - 0x00007ffecb3fd000 	C:\Windows\System32\KERNEL32.DLL
0x00007ffec9cb0000 - 0x00007ffec9f79000 	C:\Windows\System32\KERNELBASE.dll
0x00007ffeca0c0000 - 0x00007ffeca1c0000 	C:\Windows\System32\ucrtbase.dll
0x00007ffeb0950000 - 0x00007ffeb0967000 	C:\Program Files\Android\Android Studio\jbr\bin\jli.dll
0x00007ffeb03f0000 - 0x00007ffeb040b000 	C:\Program Files\Android\Android Studio\jbr\bin\VCRUNTIME140.dll
0x00007ffecb1a0000 - 0x00007ffecb340000 	C:\Windows\System32\USER32.dll
0x00007ffeca520000 - 0x00007ffeca542000 	C:\Windows\System32\win32u.dll
0x00007ffecbb30000 - 0x00007ffecbb5a000 	C:\Windows\System32\GDI32.dll
0x00007ffec9fb0000 - 0x00007ffeca0bb000 	C:\Windows\System32\gdi32full.dll
0x00007ffebb550000 - 0x00007ffebb7eb000 	C:\Windows\WinSxS\amd64_microsoft.windows.common-controls_6595b64144ccf1df_6.0.19041.746_none_ca02b4b61b8320a4\COMCTL32.dll
0x00007ffeca320000 - 0x00007ffeca3bd000 	C:\Windows\System32\msvcp_win.dll
0x00007ffecbc10000 - 0x00007ffecbcae000 	C:\Windows\System32\msvcrt.dll
0x00007ffecb500000 - 0x00007ffecb530000 	C:\Windows\System32\IMM32.DLL
0x00007ffeaa450000 - 0x00007ffeaa4ab000 	C:\ProgramData\Microsoft\DbgCtr\XShellDLL64_6015.dll
0x00007ffecbb60000 - 0x00007ffecbc0c000 	C:\Windows\System32\ADVAPI32.dll
0x00007ffecb400000 - 0x00007ffecb49c000 	C:\Windows\System32\sechost.dll
0x00007ffeca680000 - 0x00007ffeca7ab000 	C:\Windows\System32\RPCRT4.dll
0x00007ffecaa50000 - 0x00007ffecb192000 	C:\Windows\System32\SHELL32.dll
0x00007ffec4bd0000 - 0x00007ffec4bdc000 	C:\Program Files\Android\Android Studio\jbr\bin\vcruntime140_1.dll
0x00007ffea9fa0000 - 0x00007ffeaa02d000 	C:\Program Files\Android\Android Studio\jbr\bin\msvcp140.dll
0x00007ffe68bb0000 - 0x00007ffe6976c000 	C:\Program Files\Android\Android Studio\jbr\bin\server\jvm.dll
0x00007ffecb9d0000 - 0x00007ffecb9d8000 	C:\Windows\System32\PSAPI.DLL
0x00007ffeb8b80000 - 0x00007ffeb8b89000 	C:\Windows\SYSTEM32\WSOCK32.dll
0x00007ffea4900000 - 0x00007ffea4927000 	C:\Windows\SYSTEM32\WINMM.dll
0x00007ffebe7a0000 - 0x00007ffebe7aa000 	C:\Windows\SYSTEM32\VERSION.dll
0x00007ffecb6d0000 - 0x00007ffecb73b000 	C:\Windows\System32\WS2_32.dll
0x00007ffec7c20000 - 0x00007ffec7c32000 	C:\Windows\SYSTEM32\kernel.appcore.dll
0x00007ffebe6e0000 - 0x00007ffebe6f0000 	C:\Program Files\Android\Android Studio\jbr\bin\verify.dll
0x00007ffeb37f0000 - 0x00007ffeb39d4000 	C:\Windows\SYSTEM32\DBGHELP.DLL
0x00007ffeb37c0000 - 0x00007ffeb37ec000 	C:\Windows\SYSTEM32\dbgcore.DLL
0x00007ffeca550000 - 0x00007ffeca5d0000 	C:\Windows\System32\bcryptPrimitives.dll
0x00007ffeb1de0000 - 0x00007ffeb1e08000 	C:\Program Files\Android\Android Studio\jbr\bin\java.dll
0x00007ffebd490000 - 0x00007ffebd49a000 	C:\Program Files\Android\Android Studio\jbr\bin\jimage.dll
0x00007ffeb1d00000 - 0x00007ffeb1d18000 	C:\Program Files\Android\Android Studio\jbr\bin\zip.dll
0x00007ffec7e20000 - 0x00007ffec85b0000 	C:\Windows\SYSTEM32\windows.storage.dll
0x00007ffecbd60000 - 0x00007ffecc0b6000 	C:\Windows\System32\combase.dll
0x00007ffec9710000 - 0x00007ffec973c000 	C:\Windows\SYSTEM32\Wldp.dll
0x00007ffeca5d0000 - 0x00007ffeca67e000 	C:\Windows\System32\SHCORE.dll
0x00007ffecb830000 - 0x00007ffecb885000 	C:\Windows\System32\shlwapi.dll
0x00007ffec9be0000 - 0x00007ffec9c06000 	C:\Windows\SYSTEM32\profapi.dll
0x00007ffeb0840000 - 0x00007ffeb0859000 	C:\Program Files\Android\Android Studio\jbr\bin\net.dll
0x00007ffebd670000 - 0x00007ffebd770000 	C:\Windows\SYSTEM32\WINHTTP.dll
0x00007ffec9420000 - 0x00007ffec948a000 	C:\Windows\system32\mswsock.dll
0x00007ffeb06d0000 - 0x00007ffeb06e3000 	C:\Program Files\Android\Android Studio\jbr\bin\nio.dll
0x00007ffea75d0000 - 0x00007ffea75f7000 	C:\Users\it_04\.gradle\native\e1d6ef7f7dcc3fd88c89a11ec53ec762bb8ba0a96d01ffa2cd45eb1d1d8dd5c5\windows-amd64\native-platform.dll
0x00007ffea7b50000 - 0x00007ffea7c94000 	C:\Users\it_04\.gradle\native\0d407fdbe67a94daf76414ababcb853783967236a71b16ec16e742cd7a986fd3\windows-amd64\native-platform-file-events.dll
0x00007ffeb4da0000 - 0x00007ffeb4daa000 	C:\Program Files\Android\Android Studio\jbr\bin\management.dll
0x00007ffeb2050000 - 0x00007ffeb205b000 	C:\Program Files\Android\Android Studio\jbr\bin\management_ext.dll
0x00007ffec95f0000 - 0x00007ffec9608000 	C:\Windows\SYSTEM32\CRYPTSP.dll
0x00007ffec8dc0000 - 0x00007ffec8df4000 	C:\Windows\system32\rsaenh.dll
0x00007ffec9f80000 - 0x00007ffec9fa7000 	C:\Windows\System32\bcrypt.dll
0x00007ffec9b60000 - 0x00007ffec9b8e000 	C:\Windows\SYSTEM32\USERENV.dll
0x00007ffec9610000 - 0x00007ffec961c000 	C:\Windows\SYSTEM32\CRYPTBASE.dll
0x00007ffec9110000 - 0x00007ffec914b000 	C:\Windows\SYSTEM32\IPHLPAPI.DLL
0x00007ffecba40000 - 0x00007ffecba48000 	C:\Windows\System32\NSI.dll
0x00007ffec39e0000 - 0x00007ffec39f7000 	C:\Windows\SYSTEM32\dhcpcsvc6.DLL
0x00007ffec39c0000 - 0x00007ffec39dd000 	C:\Windows\SYSTEM32\dhcpcsvc.DLL
0x00007ffec9150000 - 0x00007ffec921b000 	C:\Windows\SYSTEM32\DNSAPI.dll

dbghelp: loaded successfully - version: 4.0.5 - missing functions: none
symbol engine: initialized successfully - sym options: 0x614 - pdb path: .;C:\Program Files\Android\Android Studio\jbr\bin;C:\Windows\SYSTEM32;C:\Windows\WinSxS\amd64_microsoft.windows.common-controls_6595b64144ccf1df_6.0.19041.746_none_ca02b4b61b8320a4;C:\ProgramData\Microsoft\DbgCtr;C:\Program Files\Android\Android Studio\jbr\bin\server;C:\Users\it_04\.gradle\native\e1d6ef7f7dcc3fd88c89a11ec53ec762bb8ba0a96d01ffa2cd45eb1d1d8dd5c5\windows-amd64;C:\Users\it_04\.gradle\native\0d407fdbe67a94daf76414ababcb853783967236a71b16ec16e742cd7a986fd3\windows-amd64

VM Arguments:
jvm_args: --add-opens=java.base/java.util=ALL-UNNAMED --add-opens=java.base/java.lang=ALL-UNNAMED --add-opens=java.base/java.lang.invoke=ALL-UNNAMED --add-opens=java.base/java.util=ALL-UNNAMED --add-opens=java.prefs/java.util.prefs=ALL-UNNAMED --add-opens=java.prefs/java.util.prefs=ALL-UNNAMED --add-opens=java.base/java.nio.charset=ALL-UNNAMED --add-opens=java.base/java.net=ALL-UNNAMED --add-opens=java.base/java.util.concurrent.atomic=ALL-UNNAMED -Xmx2048m -Dfile.encoding=UTF-8 -Duser.country=US -Duser.language=en -Duser.variant 
java_command: org.gradle.launcher.daemon.bootstrap.GradleDaemon 7.5
java_class_path (initial): C:\Users\it_04\.gradle\wrapper\dists\gradle-7.5-bin\f1w0cc9nuo0eivz97x2xlu9sv\gradle-7.5\lib\gradle-launcher-7.5.jar
Launcher Type: SUN_STANDARD

[Global flags]
     intx CICompilerCount                          = 3                                         {product} {ergonomic}
     uint ConcGCThreads                            = 1                                         {product} {ergonomic}
     uint G1ConcRefinementThreads                  = 4                                         {product} {ergonomic}
   size_t G1HeapRegionSize                         = 1048576                                   {product} {ergonomic}
    uintx GCDrainStackTargetSize                   = 64                                        {product} {ergonomic}
   size_t InitialHeapSize                          = 266338304                                 {product} {ergonomic}
   size_t MarkStackSize                            = 4194304                                   {product} {ergonomic}
   size_t MaxHeapSize                              = 2147483648                                {product} {command line}
   size_t MaxNewSize                               = 1287651328                                {product} {ergonomic}
   size_t MinHeapDeltaBytes                        = 1048576                                   {product} {ergonomic}
    uintx NonNMethodCodeHeapSize                   = 5830732                                {pd product} {ergonomic}
    uintx NonProfiledCodeHeapSize                  = 122913754                              {pd product} {ergonomic}
    uintx ProfiledCodeHeapSize                     = 122913754                              {pd product} {ergonomic}
    uintx ReservedCodeCacheSize                    = 251658240                              {pd product} {ergonomic}
     bool SegmentedCodeCache                       = true                                      {product} {ergonomic}
     bool UseCompressedClassPointers               = true                                 {lp64_product} {ergonomic}
     bool UseCompressedOops                        = true                                 {lp64_product} {ergonomic}
     bool UseG1GC                                  = true                                      {product} {ergonomic}
     bool UseLargePagesIndividualAllocation        = false                                  {pd product} {ergonomic}

Logging:
Log output configuration:
 #0: stdout all=warning uptime,level,tags
 #1: stderr all=off uptime,level,tags

Environment Variables:
PATH=D:\app\it_07\product\11.2.0\client_1\bin;C:\Windows\system32;C:\Windows;C:\Windows\System32\Wbem;C:\Windows\System32\WindowsPowerShell\v1.0\;C:\Windows\System32\OpenSSH\;C:\Program Files\dotnet\;C:\Program Files\Git\cmd;C:\Users\it_04\AppData\Local\Microsoft\WindowsApps;C:\Users\it_04\.dotnet\tools
USERNAME=it_04
OS=Windows_NT
PROCESSOR_IDENTIFIER=Intel64 Family 6 Model 165 Stepping 3, GenuineIntel



---------------  S Y S T E M  ---------------

OS: Windows 10 , 64 bit Build 19041 (10.0.19041.804)
OS uptime: 0 days 0:58 hours

CPU:total 4 (initial active 4) (2 cores per cpu, 2 threads per core) family 6 model 165 stepping 3 microcode 0xe0, cmov, cx8, fxsr, mmx, sse, sse2, sse3, ssse3, sse4.1, sse4.2, popcnt, aes, clmul, erms, 3dnowpref, lzcnt, ht, tsc, tscinvbit

Memory: 4k page, system-wide physical 16242M (7904M free)
TotalPageFile size 18674M (AvailPageFile size 10496M)
current process WorkingSet (physical memory assigned to process): 512M, peak: 548M
current process commit charge ("private bytes"): 572M, peak: 607M

vm_info: OpenJDK 64-Bit Server VM (11.0.15+0-b2043.56-9505619) for windows-amd64 JRE (11.0.15+0-b2043.56-9505619), built on Jan 19 2023 02:48:00 by "builduser" with unknown MS VC++:1929

END.
