#
# A fatal error has been detected by the Java Runtime Environment:
#
#  EXCEPTION_ACCESS_VIOLATION (0xc0000005) at pc=0x00000000b10003b7, pid=6400, tid=7076
#
# JRE version: OpenJDK Runtime Environment (11.0.15) (build 11.0.15+0-b2043.56-9505619)
# Java VM: OpenJDK 64-Bit Server VM (11.0.15+0-b2043.56-9505619, mixed mode, tiered, compressed oops, g1 gc, windows-amd64)
# Problematic frame:
# C  0x00000000b10003b7
#
# No core dump will be written. Minidumps are not enabled by default on client versions of Windows
#
# If you would like to submit a bug report, please visit:
#   https://bugreport.java.com/bugreport/crash.jsp
# The crash happened outside the Java Virtual Machine in native code.
# See problematic frame for where to report the bug.
#

---------------  S U M M A R Y ------------

Command Line: --add-opens=java.base/java.util=ALL-UNNAMED --add-opens=java.base/java.lang=ALL-UNNAMED --add-opens=java.base/java.lang.invoke=ALL-UNNAMED --add-opens=java.base/java.util=ALL-UNNAMED --add-opens=java.prefs/java.util.prefs=ALL-UNNAMED --add-opens=java.prefs/java.util.prefs=ALL-UNNAMED --add-opens=java.base/java.nio.charset=ALL-UNNAMED --add-opens=java.base/java.net=ALL-UNNAMED --add-opens=java.base/java.util.concurrent.atomic=ALL-UNNAMED -Xmx2048m -Dfile.encoding=UTF-8 -Duser.country=US -Duser.language=en -Duser.variant org.gradle.launcher.daemon.bootstrap.GradleDaemon 7.5

Host: Intel(R) Pentium(R) Gold G6400 CPU @ 4.00GHz, 4 cores, 15G,  Windows 10 , 64 bit Build 19041 (10.0.19041.804)
Time: Mon Apr 24 08:15:11 2023 SE Asia Standard Time elapsed time: 15.534790 seconds (0d 0h 0m 15s)

---------------  T H R E A D  ---------------

Current thread (0x0000026927fc8800):  JavaThread "File watcher server" daemon [_thread_in_native, id=7076, stack(0x0000008690a00000,0x0000008690b00000)]

Stack: [0x0000008690a00000,0x0000008690b00000],  sp=0x0000008690afe9c8,  free space=1018k
Native frames: (J=compiled Java code, j=interpreted, Vv=VM code, C=native code)
C  0x00000000b10003b7

Java frames: (J=compiled Java code, j=interpreted, Vv=VM code)
j  net.rubygrapefruit.platform.internal.jni.AbstractFileEventFunctions$NativeFileWatcher.executeRunLoop0(Ljava/lang/Object;)V+0
j  net.rubygrapefruit.platform.internal.jni.AbstractFileEventFunctions$NativeFileWatcher.access$100(Lnet/rubygrapefruit/platform/internal/jni/AbstractFileEventFunctions$NativeFileWatcher;Ljava/lang/Object;)V+2
j  net.rubygrapefruit.platform.internal.jni.AbstractFileEventFunctions$NativeFileWatcher$1.run()V+26
v  ~StubRoutines::call_stub

siginfo: EXCEPTION_ACCESS_VIOLATION (0xc0000005), data execution prevention violation at address 0x00000000b10003b7


Register to memory mapping:

RIP=
[error occurred during error reporting (printing register info), id 0xc0000005, EXCEPTION_ACCESS_VIOLATION (0xc0000005) at pc=0x00007ff87745fe96]

Registers:
RAX=0x00000000b10003b7, RBX=0x0000000000000000, RCX=0x00000086945fa638, RDX=0x0000000000000000
RSP=0x0000008690afe9c8, RBP=0x0000008690aff398, RSI=0x00000086945fa630, RDI=0x00000086945fa5f0
R8 =0x00000269084a4800, R9 =0x0000000000000001, R10=0x0000000000008000, R11=0x0000008690afe680
R12=0x0000000000000000, R13=0x000002692aa767a8, R14=0x0000000000000000, R15=0x0000026927fc8800
RIP=0x00000000b10003b7, EFLAGS=0x0000000000010282

Top of Stack: (sp=0x0000008690afe9c8)
0x0000008690afe9c8:   00007ff898be63b9 0000000000000000
0x0000008690afe9d8:   000002690e19fa7a 0000026924745990
0x0000008690afe9e8:   00007ff898bc3133 000002692a6a05f8
0x0000008690afe9f8:   000000008fbd6128 00000e11a2a00e7f
0x0000008690afea08:   00007ff898bcda83 0000008690aff3c0
0x0000008690afea18:   00000086945fa5f0 00007ff898bbf150
0x0000008690afea28:   00007ff898bd709b 00000086945fa630
0x0000008690afea38:   00000000804133d0 0000000000000000
0x0000008690afea48:   00007ff898bcbfae 000002692a6a05f0
0x0000008690afea58:   00007ff898bc92a6 00000086945fa630
0x0000008690afea68:   0000000000000000 000002692a6a05f0
0x0000008690afea78:   00007ff898ba57b3 0000000000000000
0x0000008690afea88:   00007ff898bd64c2 0000008690afead0
0x0000008690afea98:   00000086945fa630 00000269243d4a20
0x0000008690afeaa8:   0000000000000000 0000000080406501
0x0000008690afeab8:   00000269242efd50 0000000000000000 

Instructions: (pc=0x00000000b10003b7)
0x00000000b10002b7:   ?? ?? ?? ?? ?? ?? ?? ?? ?? ?? ?? ?? ?? ?? ?? ??
0x00000000b10002c7:   ?? ?? ?? ?? ?? ?? ?? ?? ?? ?? ?? ?? ?? ?? ?? ??
0x00000000b10002d7:   ?? ?? ?? ?? ?? ?? ?? ?? ?? ?? ?? ?? ?? ?? ?? ??
0x00000000b10002e7:   ?? ?? ?? ?? ?? ?? ?? ?? ?? ?? ?? ?? ?? ?? ?? ??
0x00000000b10002f7:   ?? ?? ?? ?? ?? ?? ?? ?? ?? ?? ?? ?? ?? ?? ?? ??
0x00000000b1000307:   ?? ?? ?? ?? ?? ?? ?? ?? ?? ?? ?? ?? ?? ?? ?? ??
0x00000000b1000317:   ?? ?? ?? ?? ?? ?? ?? ?? ?? ?? ?? ?? ?? ?? ?? ??
0x00000000b1000327:   ?? ?? ?? ?? ?? ?? ?? ?? ?? ?? ?? ?? ?? ?? ?? ??
0x00000000b1000337:   ?? ?? ?? ?? ?? ?? ?? ?? ?? ?? ?? ?? ?? ?? ?? ??
0x00000000b1000347:   ?? ?? ?? ?? ?? ?? ?? ?? ?? ?? ?? ?? ?? ?? ?? ??
0x00000000b1000357:   ?? ?? ?? ?? ?? ?? ?? ?? ?? ?? ?? ?? ?? ?? ?? ??
0x00000000b1000367:   ?? ?? ?? ?? ?? ?? ?? ?? ?? ?? ?? ?? ?? ?? ?? ??
0x00000000b1000377:   ?? ?? ?? ?? ?? ?? ?? ?? ?? ?? ?? ?? ?? ?? ?? ??
0x00000000b1000387:   ?? ?? ?? ?? ?? ?? ?? ?? ?? ?? ?? ?? ?? ?? ?? ??
0x00000000b1000397:   ?? ?? ?? ?? ?? ?? ?? ?? ?? ?? ?? ?? ?? ?? ?? ??
0x00000000b10003a7:   ?? ?? ?? ?? ?? ?? ?? ?? ?? ?? ?? ?? ?? ?? ?? ??
0x00000000b10003b7:   ?? ?? ?? ?? ?? ?? ?? ?? ?? ?? ?? ?? ?? ?? ?? ??
0x00000000b10003c7:   ?? ?? ?? ?? ?? ?? ?? ?? ?? ?? ?? ?? ?? ?? ?? ??
0x00000000b10003d7:   ?? ?? ?? ?? ?? ?? ?? ?? ?? ?? ?? ?? ?? ?? ?? ??
0x00000000b10003e7:   ?? ?? ?? ?? ?? ?? ?? ?? ?? ?? ?? ?? ?? ?? ?? ??
0x00000000b10003f7:   ?? ?? ?? ?? ?? ?? ?? ?? ?? ?? ?? ?? ?? ?? ?? ??
0x00000000b1000407:   ?? ?? ?? ?? ?? ?? ?? ?? ?? ?? ?? ?? ?? ?? ?? ??
0x00000000b1000417:   ?? ?? ?? ?? ?? ?? ?? ?? ?? ?? ?? ?? ?? ?? ?? ??
0x00000000b1000427:   ?? ?? ?? ?? ?? ?? ?? ?? ?? ?? ?? ?? ?? ?? ?? ??
0x00000000b1000437:   ?? ?? ?? ?? ?? ?? ?? ?? ?? ?? ?? ?? ?? ?? ?? ??
0x00000000b1000447:   ?? ?? ?? ?? ?? ?? ?? ?? ?? ?? ?? ?? ?? ?? ?? ??
0x00000000b1000457:   ?? ?? ?? ?? ?? ?? ?? ?? ?? ?? ?? ?? ?? ?? ?? ??
0x00000000b1000467:   ?? ?? ?? ?? ?? ?? ?? ?? ?? ?? ?? ?? ?? ?? ?? ??
0x00000000b1000477:   ?? ?? ?? ?? ?? ?? ?? ?? ?? ?? ?? ?? ?? ?? ?? ??
0x00000000b1000487:   ?? ?? ?? ?? ?? ?? ?? ?? ?? ?? ?? ?? ?? ?? ?? ??
0x00000000b1000497:   ?? ?? ?? ?? ?? ?? ?? ?? ?? ?? ?? ?? ?? ?? ?? ??
0x00000000b10004a7:   ?? ?? ?? ?? ?? ?? ?? ?? ?? ?? ?? ?? ?? ?? ?? ?? 


Stack slot to memory mapping:
stack at sp + 0 slots: 0x00007ff898be63b9 native-platform-file-events.dll
stack at sp + 1 slots: 0x0 is NULL
stack at sp + 2 slots: 0x000002690e19fa7a is at code_begin+2458 in an Interpreter codelet
method entry point (kind = native)  [0x000002690e19f0e0, 0x000002690e19fb60]  2688 bytes
stack at sp + 3 slots: {method} {0x0000026924745998} 'findEntry' '(Ljava/lang/String;)J' in 'java/lang/ClassLoader$NativeLibrary'
stack at sp + 4 slots: 0x00007ff898bc3133 native-platform-file-events.dll
stack at sp + 5 slots: 0x000002692a6a05f8 points into unknown readable memory: 0x000002692b87cb20 | 20 cb 87 2b 69 02 00 00
stack at sp + 6 slots: 0x000000008fbd6128 is pointing into object: [B 
{0x000000008fbd60e0} - klass: {type array byte}
 - length: 68
stack at sp + 7 slots: 0x00000e11a2a00e7f is an unknown value


---------------  P R O C E S S  ---------------

Threads class SMR info:
_java_thread_list=0x000002692ba3ff30, length=86, elements={
0x000002690a671800, 0x0000026924b09800, 0x0000026924b13000, 0x0000026924b64800,
0x0000026924b66000, 0x0000026924b67000, 0x0000026924b6c000, 0x0000026924b7b000,
0x0000026924b8b000, 0x0000026924ceb000, 0x00000269272a0800, 0x000002692785e000,
0x0000026926295000, 0x000002692639d000, 0x00000269281d3800, 0x0000026925efd000,
0x0000026926a19000, 0x0000026926c1f800, 0x0000026926a38000, 0x0000026927f5c800,
0x0000026927fc6000, 0x0000026927fc7000, 0x0000026927fc7800, 0x0000026927fc8800,
0x0000026927fc9800, 0x0000026927fcb000, 0x0000026927fca000, 0x0000026927fc5800,
0x0000026927fcc000, 0x0000026927092000, 0x0000026927091000, 0x0000026927094800,
0x0000026927092800, 0x000002692708f800, 0x0000026927096000, 0x000002692b660000,
0x000002692b664800, 0x000002692b662800, 0x000002692b663800, 0x000002692b666800,
0x000002692b665000, 0x000002692b662000, 0x000002692b666000, 0x000002692b661000,
0x000002692b66b800, 0x000002692b66d000, 0x000002692b668800, 0x000002692b667800,
0x000002692b66c800, 0x000002692b66e000, 0x000002692b66f000, 0x000002692b669000,
0x000002692b66a000, 0x000002692b66b000, 0x0000026926f89000, 0x0000026926f85000,
0x0000026926f86800, 0x0000026926f86000, 0x0000026926f87800, 0x0000026926f88000,
0x0000026926f83800, 0x0000026926f8a000, 0x0000026926f84000, 0x0000026926f8c800,
0x0000026926f90800, 0x0000026926f8d000, 0x0000026926f8a800, 0x0000026926f8e000,
0x0000026926f8f000, 0x0000026926f91000, 0x0000026926f8f800, 0x0000026926f8b800,
0x0000026926f92000, 0x000002692776c800, 0x000002692776f800, 0x000002692776e000,
0x000002692776a000, 0x0000026927770800, 0x000002692776e800, 0x000002692776b800,
0x0000026927773800, 0x0000026927775800, 0x0000026927773000, 0x0000026927776000,
0x0000026927772000, 0x0000026927777000
}

Java Threads: ( => current thread )
  0x000002690a671800 JavaThread "main" [_thread_blocked, id=984, stack(0x000000868e500000,0x000000868e600000)]
  0x0000026924b09800 JavaThread "Reference Handler" daemon [_thread_blocked, id=6728, stack(0x000000868ef00000,0x000000868f000000)]
  0x0000026924b13000 JavaThread "Finalizer" daemon [_thread_blocked, id=1608, stack(0x000000868f000000,0x000000868f100000)]
  0x0000026924b64800 JavaThread "Signal Dispatcher" daemon [_thread_blocked, id=1280, stack(0x000000868f100000,0x000000868f200000)]
  0x0000026924b66000 JavaThread "Attach Listener" daemon [_thread_blocked, id=9028, stack(0x000000868f200000,0x000000868f300000)]
  0x0000026924b67000 JavaThread "Service Thread" daemon [_thread_blocked, id=1248, stack(0x000000868f300000,0x000000868f400000)]
  0x0000026924b6c000 JavaThread "C2 CompilerThread0" daemon [_thread_in_native, id=3048, stack(0x000000868f400000,0x000000868f500000)]
  0x0000026924b7b000 JavaThread "C1 CompilerThread0" daemon [_thread_blocked, id=6952, stack(0x000000868f500000,0x000000868f600000)]
  0x0000026924b8b000 JavaThread "Sweeper thread" daemon [_thread_blocked, id=6380, stack(0x000000868f600000,0x000000868f700000)]
  0x0000026924ceb000 JavaThread "Common-Cleaner" daemon [_thread_blocked, id=6252, stack(0x000000868f700000,0x000000868f800000)]
  0x00000269272a0800 JavaThread "Daemon health stats" [_thread_blocked, id=2932, stack(0x000000868fd00000,0x000000868fe00000)]
  0x000002692785e000 JavaThread "Incoming local TCP Connector on port 65127" [_thread_in_native, id=5964, stack(0x000000868fe00000,0x000000868ff00000)]
  0x0000026926295000 JavaThread "Daemon periodic checks" [_thread_blocked, id=10164, stack(0x000000868ff00000,0x0000008690000000)]
  0x000002692639d000 JavaThread "Daemon" [_thread_blocked, id=5132, stack(0x0000008690000000,0x0000008690100000)]
  0x00000269281d3800 JavaThread "Handler for socket connection from /127.0.0.1:65127 to /127.0.0.1:65128" [_thread_in_native, id=7028, stack(0x0000008690100000,0x0000008690200000)]
  0x0000026925efd000 JavaThread "Cancel handler" [_thread_blocked, id=7760, stack(0x0000008690200000,0x0000008690300000)]
  0x0000026926a19000 JavaThread "Daemon worker" [_thread_blocked, id=2212, stack(0x0000008690300000,0x0000008690400000)]
  0x0000026926c1f800 JavaThread "Asynchronous log dispatcher for DefaultDaemonConnection: socket connection from /127.0.0.1:65127 to /127.0.0.1:65128" [_thread_blocked, id=8120, stack(0x0000008690400000,0x0000008690500000)]
  0x0000026926a38000 JavaThread "Stdin handler" [_thread_blocked, id=8496, stack(0x0000008690500000,0x0000008690600000)]
  0x0000026927f5c800 JavaThread "Daemon client event forwarder" [_thread_blocked, id=3668, stack(0x0000008690600000,0x0000008690700000)]
  0x0000026927fc6000 JavaThread "Cache worker for journal cache (C:\Users\it_04\.gradle\caches\journal-1)" [_thread_blocked, id=7700, stack(0x0000008690700000,0x0000008690800000)]
  0x0000026927fc7000 JavaThread "File lock request listener" [_thread_in_native, id=1572, stack(0x0000008690800000,0x0000008690900000)]
  0x0000026927fc7800 JavaThread "Cache worker for file hash cache (C:\Users\it_04\.gradle\caches\7.5\fileHashes)" [_thread_blocked, id=8548, stack(0x0000008690900000,0x0000008690a00000)]
=>0x0000026927fc8800 JavaThread "File watcher server" daemon [_thread_in_native, id=7076, stack(0x0000008690a00000,0x0000008690b00000)]
  0x0000026927fc9800 JavaThread "File watcher consumer" daemon [_thread_blocked, id=8648, stack(0x0000008690b00000,0x0000008690c00000)]
  0x0000026927fcb000 JavaThread "Cache worker for checksums cache (D:\SourceAndroid\KyThuat\.gradle\7.5\checksums)" [_thread_blocked, id=8032, stack(0x0000008690c00000,0x0000008690d00000)]
  0x0000026927fca000 JavaThread "Cache worker for cache directory md-rule (C:\Users\it_04\.gradle\caches\7.5\md-rule)" [_thread_blocked, id=824, stack(0x0000008690d00000,0x0000008690e00000)]
  0x0000026927fc5800 JavaThread "Cache worker for file content cache (C:\Users\it_04\.gradle\caches\7.5\fileContent)" [_thread_blocked, id=5444, stack(0x0000008690e00000,0x0000008690f00000)]
  0x0000026927fcc000 JavaThread "Cache worker for file hash cache (D:\SourceAndroid\KyThuat\.gradle\7.5\fileHashes)" [_thread_blocked, id=4744, stack(0x0000008690f00000,0x0000008691000000)]
  0x0000026927092000 JavaThread "Cache worker for cache directory md-supplier (C:\Users\it_04\.gradle\caches\7.5\md-supplier)" [_thread_blocked, id=9204, stack(0x0000008691000000,0x0000008691100000)]
  0x0000026927091000 JavaThread "Cache worker for execution history cache (C:\Users\it_04\.gradle\caches\7.5\executionHistory)" [_thread_blocked, id=1228, stack(0x0000008691100000,0x0000008691200000)]
  0x0000026927094800 JavaThread "jar transforms" [_thread_blocked, id=1144, stack(0x0000008691200000,0x0000008691300000)]
  0x0000026927092800 JavaThread "jar transforms Thread 2" [_thread_blocked, id=6248, stack(0x0000008691300000,0x0000008691400000)]
  0x000002692708f800 JavaThread "jar transforms Thread 3" [_thread_blocked, id=1384, stack(0x0000008691400000,0x0000008691500000)]
  0x0000026927096000 JavaThread "jar transforms Thread 4" [_thread_blocked, id=3164, stack(0x0000008691500000,0x0000008691600000)]
  0x000002692b660000 JavaThread "Cache worker for dependencies-accessors (D:\SourceAndroid\KyThuat\.gradle\7.5\dependencies-accessors)" [_thread_blocked, id=7624, stack(0x0000008691600000,0x0000008691700000)]
  0x000002692b664800 JavaThread "Cache worker for Build Output Cleanup Cache (D:\SourceAndroid\KyThuat\.gradle\buildOutputCleanup)" [_thread_blocked, id=2912, stack(0x0000008691700000,0x0000008691800000)]
  0x000002692b662800 JavaThread "Unconstrained build operations" [_thread_blocked, id=8956, stack(0x0000008691900000,0x0000008691a00000)]
  0x000002692b663800 JavaThread "Unconstrained build operations Thread 2" [_thread_blocked, id=8644, stack(0x0000008691a00000,0x0000008691b00000)]
  0x000002692b666800 JavaThread "Unconstrained build operations Thread 3" [_thread_blocked, id=5676, stack(0x0000008691b00000,0x0000008691c00000)]
  0x000002692b665000 JavaThread "Unconstrained build operations Thread 4" [_thread_blocked, id=8456, stack(0x0000008691c00000,0x0000008691d00000)]
  0x000002692b662000 JavaThread "Unconstrained build operations Thread 5" [_thread_blocked, id=6892, stack(0x0000008691d00000,0x0000008691e00000)]
  0x000002692b666000 JavaThread "Unconstrained build operations Thread 6" [_thread_blocked, id=1952, stack(0x0000008691e00000,0x0000008691f00000)]
  0x000002692b661000 JavaThread "Unconstrained build operations Thread 7" [_thread_blocked, id=6368, stack(0x0000008691f00000,0x0000008692000000)]
  0x000002692b66b800 JavaThread "Unconstrained build operations Thread 8" [_thread_blocked, id=9468, stack(0x0000008692000000,0x0000008692100000)]
  0x000002692b66d000 JavaThread "Unconstrained build operations Thread 9" [_thread_blocked, id=2284, stack(0x0000008692100000,0x0000008692200000)]
  0x000002692b668800 JavaThread "Unconstrained build operations Thread 10" [_thread_blocked, id=9872, stack(0x0000008692200000,0x0000008692300000)]
  0x000002692b667800 JavaThread "Unconstrained build operations Thread 11" [_thread_blocked, id=6480, stack(0x0000008692300000,0x0000008692400000)]
  0x000002692b66c800 JavaThread "Unconstrained build operations Thread 12" [_thread_blocked, id=5868, stack(0x0000008692400000,0x0000008692500000)]
  0x000002692b66e000 JavaThread "Unconstrained build operations Thread 13" [_thread_blocked, id=5200, stack(0x0000008692500000,0x0000008692600000)]
  0x000002692b66f000 JavaThread "Unconstrained build operations Thread 14" [_thread_blocked, id=8748, stack(0x0000008692600000,0x0000008692700000)]
  0x000002692b669000 JavaThread "Unconstrained build operations Thread 15" [_thread_blocked, id=9968, stack(0x0000008692700000,0x0000008692800000)]
  0x000002692b66a000 JavaThread "Unconstrained build operations Thread 16" [_thread_blocked, id=4324, stack(0x0000008692800000,0x0000008692900000)]
  0x000002692b66b000 JavaThread "Unconstrained build operations Thread 17" [_thread_blocked, id=7780, stack(0x0000008692900000,0x0000008692a00000)]
  0x0000026926f89000 JavaThread "Unconstrained build operations Thread 18" [_thread_blocked, id=3616, stack(0x0000008692a00000,0x0000008692b00000)]
  0x0000026926f85000 JavaThread "Unconstrained build operations Thread 19" [_thread_blocked, id=1156, stack(0x0000008692b00000,0x0000008692c00000)]
  0x0000026926f86800 JavaThread "Unconstrained build operations Thread 20" [_thread_blocked, id=8308, stack(0x0000008692c00000,0x0000008692d00000)]
  0x0000026926f86000 JavaThread "Unconstrained build operations Thread 21" [_thread_blocked, id=3080, stack(0x0000008692d00000,0x0000008692e00000)]
  0x0000026926f87800 JavaThread "Unconstrained build operations Thread 22" [_thread_blocked, id=7104, stack(0x0000008692e00000,0x0000008692f00000)]
  0x0000026926f88000 JavaThread "Unconstrained build operations Thread 23" [_thread_blocked, id=7460, stack(0x0000008692f00000,0x0000008693000000)]
  0x0000026926f83800 JavaThread "Unconstrained build operations Thread 24" [_thread_blocked, id=9900, stack(0x0000008693000000,0x0000008693100000)]
  0x0000026926f8a000 JavaThread "Unconstrained build operations Thread 25" [_thread_blocked, id=8460, stack(0x0000008693100000,0x0000008693200000)]
  0x0000026926f84000 JavaThread "Unconstrained build operations Thread 26" [_thread_blocked, id=3492, stack(0x0000008693200000,0x0000008693300000)]
  0x0000026926f8c800 JavaThread "Unconstrained build operations Thread 27" [_thread_blocked, id=5256, stack(0x0000008693300000,0x0000008693400000)]
  0x0000026926f90800 JavaThread "Unconstrained build operations Thread 28" [_thread_blocked, id=2832, stack(0x0000008693400000,0x0000008693500000)]
  0x0000026926f8d000 JavaThread "Unconstrained build operations Thread 29" [_thread_blocked, id=3344, stack(0x0000008693500000,0x0000008693600000)]
  0x0000026926f8a800 JavaThread "Unconstrained build operations Thread 30" [_thread_blocked, id=4584, stack(0x0000008693600000,0x0000008693700000)]
  0x0000026926f8e000 JavaThread "Unconstrained build operations Thread 31" [_thread_blocked, id=9868, stack(0x0000008693700000,0x0000008693800000)]
  0x0000026926f8f000 JavaThread "Unconstrained build operations Thread 32" [_thread_blocked, id=8440, stack(0x0000008693800000,0x0000008693900000)]
  0x0000026926f91000 JavaThread "Unconstrained build operations Thread 33" [_thread_blocked, id=7676, stack(0x0000008693900000,0x0000008693a00000)]
  0x0000026926f8f800 JavaThread "Unconstrained build operations Thread 34" [_thread_blocked, id=6376, stack(0x0000008693a00000,0x0000008693b00000)]
  0x0000026926f8b800 JavaThread "Unconstrained build operations Thread 35" [_thread_blocked, id=10052, stack(0x0000008693b00000,0x0000008693c00000)]
  0x0000026926f92000 JavaThread "Unconstrained build operations Thread 36" [_thread_blocked, id=7556, stack(0x0000008693c00000,0x0000008693d00000)]
  0x000002692776c800 JavaThread "Unconstrained build operations Thread 37" [_thread_blocked, id=6568, stack(0x0000008693d00000,0x0000008693e00000)]
  0x000002692776f800 JavaThread "Unconstrained build operations Thread 38" [_thread_blocked, id=10088, stack(0x0000008693e00000,0x0000008693f00000)]
  0x000002692776e000 JavaThread "Unconstrained build operations Thread 39" [_thread_blocked, id=4240, stack(0x0000008693f00000,0x0000008694000000)]
  0x000002692776a000 JavaThread "Unconstrained build operations Thread 40" [_thread_blocked, id=8140, stack(0x0000008694000000,0x0000008694100000)]
  0x0000026927770800 JavaThread "Memory manager" [_thread_blocked, id=6992, stack(0x0000008694100000,0x0000008694200000)]
  0x000002692776e800 JavaThread "build event listener" [_thread_blocked, id=8224, stack(0x0000008694200000,0x0000008694300000)]
  0x000002692776b800 JavaThread "pool-3-thread-1" [_thread_blocked, id=10172, stack(0x0000008694300000,0x0000008694400000)]
  0x0000026927773800 JavaThread "build event listener" [_thread_blocked, id=7996, stack(0x0000008694400000,0x0000008694500000)]
  0x0000026927775800 JavaThread "included builds" [_thread_in_vm, id=9800, stack(0x0000008694500000,0x0000008694600000)]
  0x0000026927773000 JavaThread "Execution worker" [_thread_blocked, id=10188, stack(0x0000008694600000,0x0000008694700000)]
  0x0000026927776000 JavaThread "Execution worker Thread 2" [_thread_blocked, id=10028, stack(0x0000008694700000,0x0000008694800000)]
  0x0000026927772000 JavaThread "Execution worker Thread 3" [_thread_blocked, id=6120, stack(0x0000008694800000,0x0000008694900000)]
  0x0000026927777000 JavaThread "Cache worker for execution history cache (D:\SourceAndroid\KyThuat\.gradle\7.5\executionHistory)" [_thread_blocked, id=2528, stack(0x0000008694900000,0x0000008694a00000)]

Other Threads:
  0x0000026924b07800 VMThread "VM Thread" [stack: 0x000000868ee00000,0x000000868ef00000] [id=8344]
  0x0000026924d0c800 WatcherThread [stack: 0x000000868f800000,0x000000868f900000] [id=2012]
  0x000002690a68b000 GCTaskThread "GC Thread#0" [stack: 0x000000868e900000,0x000000868ea00000] [id=6204]
  0x0000026925347000 GCTaskThread "GC Thread#1" [stack: 0x000000868fa00000,0x000000868fb00000] [id=7772]
  0x00000269258c2000 GCTaskThread "GC Thread#2" [stack: 0x000000868fb00000,0x000000868fc00000] [id=1364]
  0x000002692587a000 GCTaskThread "GC Thread#3" [stack: 0x000000868fc00000,0x000000868fd00000] [id=7668]
  0x000002690a6bb800 ConcurrentGCThread "G1 Main Marker" [stack: 0x000000868ea00000,0x000000868eb00000] [id=4020]
  0x000002690a6bd000 ConcurrentGCThread "G1 Conc#0" [stack: 0x000000868eb00000,0x000000868ec00000] [id=8580]
  0x000002690a73e800 ConcurrentGCThread "G1 Refine#0" [stack: 0x000000868ec00000,0x000000868ed00000] [id=6808]
  0x000002692414c800 ConcurrentGCThread "G1 Young RemSet Sampling" [stack: 0x000000868ed00000,0x000000868ee00000] [id=9732]

Threads with active compile tasks:
C2 CompilerThread0    15614 8734       4       java.lang.invoke.MemberName::getMethodOrFieldType (72 bytes)

VM state:not at safepoint (normal execution)

VM Mutex/Monitor currently owned by a thread: None

Heap address: 0x0000000080000000, size: 2048 MB, Compressed Oops mode: 32-bit
Narrow klass base: 0x0000000000000000, Narrow klass shift: 3
Compressed class space size: 1073741824 Address: 0x0000000100000000

Heap:
 garbage-first heap   total 312320K, used 160564K [0x0000000080000000, 0x0000000100000000)
  region size 1024K, 106 young (108544K), 13 survivors (13312K)
 Metaspace       used 90065K, capacity 92335K, committed 92392K, reserved 1130496K
  class space    used 11637K, capacity 12408K, committed 12416K, reserved 1048576K
Heap Regions: E=young(eden), S=young(survivor), O=old, HS=humongous(starts), HC=humongous(continues), CS=collection set, F=free, A=archive, TAMS=top-at-mark-start (previous, next)
|   0|0x0000000080000000, 0x0000000080100000, 0x0000000080100000|100%|HS|  |TAMS 0x0000000080100000, 0x0000000080000000| Complete 
|   1|0x0000000080100000, 0x0000000080200000, 0x0000000080200000|100%|HC|  |TAMS 0x0000000080200000, 0x0000000080100000| Complete 
|   2|0x0000000080200000, 0x0000000080300000, 0x0000000080300000|100%|HC|  |TAMS 0x0000000080300000, 0x0000000080200000| Complete 
|   3|0x0000000080300000, 0x0000000080400000, 0x0000000080400000|100%| O|  |TAMS 0x0000000080400000, 0x0000000080300000| Untracked 
|   4|0x0000000080400000, 0x0000000080500000, 0x0000000080500000|100%| O|  |TAMS 0x0000000080500000, 0x0000000080400000| Untracked 
|   5|0x0000000080500000, 0x0000000080600000, 0x0000000080600000|100%| O|  |TAMS 0x0000000080600000, 0x0000000080500000| Untracked 
|   6|0x0000000080600000, 0x0000000080700000, 0x0000000080700000|100%| O|  |TAMS 0x0000000080700000, 0x0000000080600000| Untracked 
|   7|0x0000000080700000, 0x0000000080800000, 0x0000000080800000|100%| O|  |TAMS 0x0000000080800000, 0x0000000080700000| Untracked 
|   8|0x0000000080800000, 0x0000000080900000, 0x0000000080900000|100%| O|  |TAMS 0x0000000080900000, 0x0000000080800000| Untracked 
|   9|0x0000000080900000, 0x0000000080a00000, 0x0000000080a00000|100%| O|  |TAMS 0x0000000080a00000, 0x0000000080900000| Untracked 
|  10|0x0000000080a00000, 0x0000000080b00000, 0x0000000080b00000|100%| O|  |TAMS 0x0000000080b00000, 0x0000000080a00000| Untracked 
|  11|0x0000000080b00000, 0x0000000080c00000, 0x0000000080c00000|100%| O|  |TAMS 0x0000000080c00000, 0x0000000080b00000| Untracked 
|  12|0x0000000080c00000, 0x0000000080d00000, 0x0000000080d00000|100%| O|  |TAMS 0x0000000080d00000, 0x0000000080c00000| Untracked 
|  13|0x0000000080d00000, 0x0000000080e00000, 0x0000000080e00000|100%| O|  |TAMS 0x0000000080e00000, 0x0000000080d00000| Untracked 
|  14|0x0000000080e00000, 0x0000000080f00000, 0x0000000080f00000|100%| O|  |TAMS 0x0000000080f00000, 0x0000000080e00000| Untracked 
|  15|0x0000000080f00000, 0x0000000081000000, 0x0000000081000000|100%| O|  |TAMS 0x0000000081000000, 0x0000000080f00000| Untracked 
|  16|0x0000000081000000, 0x0000000081100000, 0x0000000081100000|100%| O|  |TAMS 0x0000000081100000, 0x0000000081000000| Untracked 
|  17|0x0000000081100000, 0x0000000081200000, 0x0000000081200000|100%|HS|  |TAMS 0x0000000081200000, 0x0000000081100000| Complete 
|  18|0x0000000081200000, 0x0000000081300000, 0x0000000081300000|100%| O|  |TAMS 0x0000000081300000, 0x0000000081200000| Untracked 
|  19|0x0000000081300000, 0x0000000081400000, 0x0000000081400000|100%| O|  |TAMS 0x0000000081400000, 0x0000000081300000| Untracked 
|  20|0x0000000081400000, 0x0000000081500000, 0x0000000081500000|100%| O|  |TAMS 0x0000000081500000, 0x0000000081400000| Untracked 
|  21|0x0000000081500000, 0x0000000081600000, 0x0000000081600000|100%| O|  |TAMS 0x0000000081600000, 0x0000000081500000| Untracked 
|  22|0x0000000081600000, 0x0000000081700000, 0x0000000081700000|100%| O|  |TAMS 0x0000000081700000, 0x0000000081600000| Untracked 
|  23|0x0000000081700000, 0x0000000081800000, 0x0000000081800000|100%|HS|  |TAMS 0x0000000081800000, 0x0000000081700000| Complete 
|  24|0x0000000081800000, 0x0000000081800000, 0x0000000081900000|  0%| F|  |TAMS 0x0000000081800000, 0x0000000081800000| Untracked 
|  25|0x0000000081900000, 0x0000000081a00000, 0x0000000081a00000|100%|HS|  |TAMS 0x0000000081a00000, 0x0000000081900000| Complete 
|  26|0x0000000081a00000, 0x0000000081b00000, 0x0000000081b00000|100%|HC|  |TAMS 0x0000000081b00000, 0x0000000081a00000| Complete 
|  27|0x0000000081b00000, 0x0000000081c00000, 0x0000000081c00000|100%| O|  |TAMS 0x0000000081c00000, 0x0000000081b00000| Untracked 
|  28|0x0000000081c00000, 0x0000000081d00000, 0x0000000081d00000|100%| O|  |TAMS 0x0000000081d00000, 0x0000000081c00000| Untracked 
|  29|0x0000000081d00000, 0x0000000081e00000, 0x0000000081e00000|100%| O|  |TAMS 0x0000000081e00000, 0x0000000081d00000| Untracked 
|  30|0x0000000081e00000, 0x0000000081f00000, 0x0000000081f00000|100%| O|  |TAMS 0x0000000081f00000, 0x0000000081e00000| Untracked 
|  31|0x0000000081f00000, 0x0000000082000000, 0x0000000082000000|100%| O|  |TAMS 0x0000000082000000, 0x0000000081f00000| Untracked 
|  32|0x0000000082000000, 0x0000000082100000, 0x0000000082100000|100%| O|  |TAMS 0x0000000082100000, 0x0000000082000000| Untracked 
|  33|0x0000000082100000, 0x0000000082200000, 0x0000000082200000|100%| O|  |TAMS 0x0000000082200000, 0x0000000082100000| Untracked 
|  34|0x0000000082200000, 0x0000000082300000, 0x0000000082300000|100%| O|  |TAMS 0x0000000082300000, 0x0000000082200000| Untracked 
|  35|0x0000000082300000, 0x0000000082400000, 0x0000000082400000|100%| O|  |TAMS 0x0000000082400000, 0x0000000082300000| Untracked 
|  36|0x0000000082400000, 0x0000000082500000, 0x0000000082500000|100%| O|  |TAMS 0x0000000082500000, 0x0000000082400000| Untracked 
|  37|0x0000000082500000, 0x0000000082600000, 0x0000000082600000|100%| O|  |TAMS 0x0000000082600000, 0x0000000082500000| Untracked 
|  38|0x0000000082600000, 0x0000000082700000, 0x0000000082700000|100%| O|  |TAMS 0x0000000082700000, 0x0000000082600000| Untracked 
|  39|0x0000000082700000, 0x0000000082800000, 0x0000000082800000|100%| O|  |TAMS 0x0000000082800000, 0x0000000082700000| Untracked 
|  40|0x0000000082800000, 0x0000000082900000, 0x0000000082900000|100%| O|  |TAMS 0x0000000082900000, 0x0000000082800000| Untracked 
|  41|0x0000000082900000, 0x0000000082a00000, 0x0000000082a00000|100%| O|  |TAMS 0x0000000082a00000, 0x0000000082900000| Untracked 
|  42|0x0000000082a00000, 0x0000000082b00000, 0x0000000082b00000|100%| O|  |TAMS 0x0000000082b00000, 0x0000000082a00000| Untracked 
|  43|0x0000000082b00000, 0x0000000082c00000, 0x0000000082c00000|100%| O|  |TAMS 0x0000000082c00000, 0x0000000082b00000| Untracked 
|  44|0x0000000082c00000, 0x0000000082d00000, 0x0000000082d00000|100%| O|  |TAMS 0x0000000082d00000, 0x0000000082c00000| Untracked 
|  45|0x0000000082d00000, 0x0000000082e00000, 0x0000000082e00000|100%| O|  |TAMS 0x0000000082e00000, 0x0000000082d00000| Untracked 
|  46|0x0000000082e00000, 0x0000000082f00000, 0x0000000082f00000|100%| O|  |TAMS 0x0000000082f00000, 0x0000000082e00000| Untracked 
|  47|0x0000000082f00000, 0x0000000083000000, 0x0000000083000000|100%| O|  |TAMS 0x0000000083000000, 0x0000000082f00000| Untracked 
|  48|0x0000000083000000, 0x0000000083100000, 0x0000000083100000|100%| O|  |TAMS 0x0000000083100000, 0x0000000083000000| Untracked 
|  49|0x0000000083100000, 0x0000000083200000, 0x0000000083200000|100%| O|  |TAMS 0x0000000083200000, 0x0000000083100000| Untracked 
|  50|0x0000000083200000, 0x0000000083300000, 0x0000000083300000|100%| O|  |TAMS 0x0000000083300000, 0x0000000083200000| Untracked 
|  51|0x0000000083300000, 0x0000000083400000, 0x0000000083400000|100%| O|  |TAMS 0x0000000083400000, 0x0000000083300000| Untracked 
|  52|0x0000000083400000, 0x0000000083500000, 0x0000000083500000|100%| O|  |TAMS 0x0000000083500000, 0x0000000083400000| Untracked 
|  53|0x0000000083500000, 0x0000000083600000, 0x0000000083600000|100%| O|  |TAMS 0x0000000083600000, 0x0000000083500000| Untracked 
|  54|0x0000000083600000, 0x0000000083600000, 0x0000000083700000|  0%| F|  |TAMS 0x0000000083600000, 0x0000000083600000| Untracked 
|  55|0x0000000083700000, 0x0000000083700000, 0x0000000083800000|  0%| F|  |TAMS 0x0000000083700000, 0x0000000083700000| Untracked 
|  56|0x0000000083800000, 0x0000000083800000, 0x0000000083900000|  0%| F|  |TAMS 0x0000000083800000, 0x0000000083800000| Untracked 
|  57|0x0000000083900000, 0x0000000083900000, 0x0000000083a00000|  0%| F|  |TAMS 0x0000000083900000, 0x0000000083900000| Untracked 
|  58|0x0000000083a00000, 0x0000000083a00000, 0x0000000083b00000|  0%| F|  |TAMS 0x0000000083a00000, 0x0000000083a00000| Untracked 
|  59|0x0000000083b00000, 0x0000000083b00000, 0x0000000083c00000|  0%| F|  |TAMS 0x0000000083b00000, 0x0000000083b00000| Untracked 
|  60|0x0000000083c00000, 0x0000000083c00000, 0x0000000083d00000|  0%| F|  |TAMS 0x0000000083c00000, 0x0000000083c00000| Untracked 
|  61|0x0000000083d00000, 0x0000000083d00000, 0x0000000083e00000|  0%| F|  |TAMS 0x0000000083d00000, 0x0000000083d00000| Untracked 
|  62|0x0000000083e00000, 0x0000000083e00000, 0x0000000083f00000|  0%| F|  |TAMS 0x0000000083e00000, 0x0000000083e00000| Untracked 
|  63|0x0000000083f00000, 0x0000000083f00000, 0x0000000084000000|  0%| F|  |TAMS 0x0000000083f00000, 0x0000000083f00000| Untracked 
|  64|0x0000000084000000, 0x0000000084000000, 0x0000000084100000|  0%| F|  |TAMS 0x0000000084000000, 0x0000000084000000| Untracked 
|  65|0x0000000084100000, 0x0000000084100000, 0x0000000084200000|  0%| F|  |TAMS 0x0000000084100000, 0x0000000084100000| Untracked 
|  66|0x0000000084200000, 0x0000000084200000, 0x0000000084300000|  0%| F|  |TAMS 0x0000000084200000, 0x0000000084200000| Untracked 
|  67|0x0000000084300000, 0x0000000084300000, 0x0000000084400000|  0%| F|  |TAMS 0x0000000084300000, 0x0000000084300000| Untracked 
|  68|0x0000000084400000, 0x0000000084400000, 0x0000000084500000|  0%| F|  |TAMS 0x0000000084400000, 0x0000000084400000| Untracked 
|  69|0x0000000084500000, 0x0000000084500000, 0x0000000084600000|  0%| F|  |TAMS 0x0000000084500000, 0x0000000084500000| Untracked 
|  70|0x0000000084600000, 0x0000000084600000, 0x0000000084700000|  0%| F|  |TAMS 0x0000000084600000, 0x0000000084600000| Untracked 
|  71|0x0000000084700000, 0x0000000084700000, 0x0000000084800000|  0%| F|  |TAMS 0x0000000084700000, 0x0000000084700000| Untracked 
|  72|0x0000000084800000, 0x0000000084800000, 0x0000000084900000|  0%| F|  |TAMS 0x0000000084800000, 0x0000000084800000| Untracked 
|  73|0x0000000084900000, 0x0000000084900000, 0x0000000084a00000|  0%| F|  |TAMS 0x0000000084900000, 0x0000000084900000| Untracked 
|  74|0x0000000084a00000, 0x0000000084a00000, 0x0000000084b00000|  0%| F|  |TAMS 0x0000000084a00000, 0x0000000084a00000| Untracked 
|  75|0x0000000084b00000, 0x0000000084b00000, 0x0000000084c00000|  0%| F|  |TAMS 0x0000000084b00000, 0x0000000084b00000| Untracked 
|  76|0x0000000084c00000, 0x0000000084c00000, 0x0000000084d00000|  0%| F|  |TAMS 0x0000000084c00000, 0x0000000084c00000| Untracked 
|  77|0x0000000084d00000, 0x0000000084d00000, 0x0000000084e00000|  0%| F|  |TAMS 0x0000000084d00000, 0x0000000084d00000| Untracked 
|  78|0x0000000084e00000, 0x0000000084e00000, 0x0000000084f00000|  0%| F|  |TAMS 0x0000000084e00000, 0x0000000084e00000| Untracked 
|  79|0x0000000084f00000, 0x0000000084f00000, 0x0000000085000000|  0%| F|  |TAMS 0x0000000084f00000, 0x0000000084f00000| Untracked 
|  80|0x0000000085000000, 0x0000000085000000, 0x0000000085100000|  0%| F|  |TAMS 0x0000000085000000, 0x0000000085000000| Untracked 
|  81|0x0000000085100000, 0x0000000085100000, 0x0000000085200000|  0%| F|  |TAMS 0x0000000085100000, 0x0000000085100000| Untracked 
|  82|0x0000000085200000, 0x0000000085200000, 0x0000000085300000|  0%| F|  |TAMS 0x0000000085200000, 0x0000000085200000| Untracked 
|  83|0x0000000085300000, 0x0000000085300000, 0x0000000085400000|  0%| F|  |TAMS 0x0000000085300000, 0x0000000085300000| Untracked 
|  84|0x0000000085400000, 0x0000000085400000, 0x0000000085500000|  0%| F|  |TAMS 0x0000000085400000, 0x0000000085400000| Untracked 
|  85|0x0000000085500000, 0x0000000085500000, 0x0000000085600000|  0%| F|  |TAMS 0x0000000085500000, 0x0000000085500000| Untracked 
|  86|0x0000000085600000, 0x0000000085600000, 0x0000000085700000|  0%| F|  |TAMS 0x0000000085600000, 0x0000000085600000| Untracked 
|  87|0x0000000085700000, 0x0000000085700000, 0x0000000085800000|  0%| F|  |TAMS 0x0000000085700000, 0x0000000085700000| Untracked 
|  88|0x0000000085800000, 0x0000000085800000, 0x0000000085900000|  0%| F|  |TAMS 0x0000000085800000, 0x0000000085800000| Untracked 
|  89|0x0000000085900000, 0x0000000085900000, 0x0000000085a00000|  0%| F|  |TAMS 0x0000000085900000, 0x0000000085900000| Untracked 
|  90|0x0000000085a00000, 0x0000000085a00000, 0x0000000085b00000|  0%| F|  |TAMS 0x0000000085a00000, 0x0000000085a00000| Untracked 
|  91|0x0000000085b00000, 0x0000000085b00000, 0x0000000085c00000|  0%| F|  |TAMS 0x0000000085b00000, 0x0000000085b00000| Untracked 
|  92|0x0000000085c00000, 0x0000000085c00000, 0x0000000085d00000|  0%| F|  |TAMS 0x0000000085c00000, 0x0000000085c00000| Untracked 
|  93|0x0000000085d00000, 0x0000000085d00000, 0x0000000085e00000|  0%| F|  |TAMS 0x0000000085d00000, 0x0000000085d00000| Untracked 
|  94|0x0000000085e00000, 0x0000000085e00000, 0x0000000085f00000|  0%| F|  |TAMS 0x0000000085e00000, 0x0000000085e00000| Untracked 
|  95|0x0000000085f00000, 0x0000000085f00000, 0x0000000086000000|  0%| F|  |TAMS 0x0000000085f00000, 0x0000000085f00000| Untracked 
|  96|0x0000000086000000, 0x0000000086000000, 0x0000000086100000|  0%| F|  |TAMS 0x0000000086000000, 0x0000000086000000| Untracked 
|  97|0x0000000086100000, 0x0000000086100000, 0x0000000086200000|  0%| F|  |TAMS 0x0000000086100000, 0x0000000086100000| Untracked 
|  98|0x0000000086200000, 0x0000000086200000, 0x0000000086300000|  0%| F|  |TAMS 0x0000000086200000, 0x0000000086200000| Untracked 
|  99|0x0000000086300000, 0x0000000086300000, 0x0000000086400000|  0%| F|  |TAMS 0x0000000086300000, 0x0000000086300000| Untracked 
| 100|0x0000000086400000, 0x0000000086400000, 0x0000000086500000|  0%| F|  |TAMS 0x0000000086400000, 0x0000000086400000| Untracked 
| 101|0x0000000086500000, 0x0000000086500000, 0x0000000086600000|  0%| F|  |TAMS 0x0000000086500000, 0x0000000086500000| Untracked 
| 102|0x0000000086600000, 0x0000000086600000, 0x0000000086700000|  0%| F|  |TAMS 0x0000000086600000, 0x0000000086600000| Untracked 
| 103|0x0000000086700000, 0x0000000086700000, 0x0000000086800000|  0%| F|  |TAMS 0x0000000086700000, 0x0000000086700000| Untracked 
| 104|0x0000000086800000, 0x0000000086800000, 0x0000000086900000|  0%| F|  |TAMS 0x0000000086800000, 0x0000000086800000| Untracked 
| 105|0x0000000086900000, 0x0000000086900000, 0x0000000086a00000|  0%| F|  |TAMS 0x0000000086900000, 0x0000000086900000| Untracked 
| 106|0x0000000086a00000, 0x0000000086a00000, 0x0000000086b00000|  0%| F|  |TAMS 0x0000000086a00000, 0x0000000086a00000| Untracked 
| 107|0x0000000086b00000, 0x0000000086b00000, 0x0000000086c00000|  0%| F|  |TAMS 0x0000000086b00000, 0x0000000086b00000| Untracked 
| 108|0x0000000086c00000, 0x0000000086c00000, 0x0000000086d00000|  0%| F|  |TAMS 0x0000000086c00000, 0x0000000086c00000| Untracked 
| 109|0x0000000086d00000, 0x0000000086d00000, 0x0000000086e00000|  0%| F|  |TAMS 0x0000000086d00000, 0x0000000086d00000| Untracked 
| 110|0x0000000086e00000, 0x0000000086e00000, 0x0000000086f00000|  0%| F|  |TAMS 0x0000000086e00000, 0x0000000086e00000| Untracked 
| 111|0x0000000086f00000, 0x0000000086f00000, 0x0000000087000000|  0%| F|  |TAMS 0x0000000086f00000, 0x0000000086f00000| Untracked 
| 112|0x0000000087000000, 0x0000000087000000, 0x0000000087100000|  0%| F|  |TAMS 0x0000000087000000, 0x0000000087000000| Untracked 
| 113|0x0000000087100000, 0x0000000087100000, 0x0000000087200000|  0%| F|  |TAMS 0x0000000087100000, 0x0000000087100000| Untracked 
| 114|0x0000000087200000, 0x0000000087200000, 0x0000000087300000|  0%| F|  |TAMS 0x0000000087200000, 0x0000000087200000| Untracked 
| 115|0x0000000087300000, 0x0000000087300000, 0x0000000087400000|  0%| F|  |TAMS 0x0000000087300000, 0x0000000087300000| Untracked 
| 116|0x0000000087400000, 0x0000000087400000, 0x0000000087500000|  0%| F|  |TAMS 0x0000000087400000, 0x0000000087400000| Untracked 
| 117|0x0000000087500000, 0x0000000087500000, 0x0000000087600000|  0%| F|  |TAMS 0x0000000087500000, 0x0000000087500000| Untracked 
| 118|0x0000000087600000, 0x0000000087600000, 0x0000000087700000|  0%| F|  |TAMS 0x0000000087600000, 0x0000000087600000| Untracked 
| 119|0x0000000087700000, 0x0000000087700000, 0x0000000087800000|  0%| F|  |TAMS 0x0000000087700000, 0x0000000087700000| Untracked 
| 120|0x0000000087800000, 0x00000000878cd3f0, 0x0000000087900000| 80%| S|CS|TAMS 0x0000000087800000, 0x0000000087800000| Complete 
| 121|0x0000000087900000, 0x0000000087a00000, 0x0000000087a00000|100%| S|CS|TAMS 0x0000000087900000, 0x0000000087900000| Complete 
| 122|0x0000000087a00000, 0x0000000087b00000, 0x0000000087b00000|100%| S|CS|TAMS 0x0000000087a00000, 0x0000000087a00000| Complete 
| 123|0x0000000087b00000, 0x0000000087c00000, 0x0000000087c00000|100%| S|CS|TAMS 0x0000000087b00000, 0x0000000087b00000| Complete 
| 124|0x0000000087c00000, 0x0000000087d00000, 0x0000000087d00000|100%| S|CS|TAMS 0x0000000087c00000, 0x0000000087c00000| Complete 
| 125|0x0000000087d00000, 0x0000000087e00000, 0x0000000087e00000|100%| S|CS|TAMS 0x0000000087d00000, 0x0000000087d00000| Complete 
| 126|0x0000000087e00000, 0x0000000087f00000, 0x0000000087f00000|100%| S|CS|TAMS 0x0000000087e00000, 0x0000000087e00000| Complete 
| 127|0x0000000087f00000, 0x0000000088000000, 0x0000000088000000|100%| S|CS|TAMS 0x0000000087f00000, 0x0000000087f00000| Complete 
| 128|0x0000000088000000, 0x0000000088100000, 0x0000000088100000|100%| S|CS|TAMS 0x0000000088000000, 0x0000000088000000| Complete 
| 129|0x0000000088100000, 0x0000000088200000, 0x0000000088200000|100%| S|CS|TAMS 0x0000000088100000, 0x0000000088100000| Complete 
| 130|0x0000000088200000, 0x0000000088300000, 0x0000000088300000|100%| S|CS|TAMS 0x0000000088200000, 0x0000000088200000| Complete 
| 131|0x0000000088300000, 0x0000000088400000, 0x0000000088400000|100%| S|CS|TAMS 0x0000000088300000, 0x0000000088300000| Complete 
| 132|0x0000000088400000, 0x0000000088500000, 0x0000000088500000|100%| S|CS|TAMS 0x0000000088400000, 0x0000000088400000| Complete 
| 133|0x0000000088500000, 0x0000000088500000, 0x0000000088600000|  0%| F|  |TAMS 0x0000000088500000, 0x0000000088500000| Untracked 
| 134|0x0000000088600000, 0x0000000088600000, 0x0000000088700000|  0%| F|  |TAMS 0x0000000088600000, 0x0000000088600000| Untracked 
| 135|0x0000000088700000, 0x0000000088700000, 0x0000000088800000|  0%| F|  |TAMS 0x0000000088700000, 0x0000000088700000| Untracked 
| 136|0x0000000088800000, 0x0000000088800000, 0x0000000088900000|  0%| F|  |TAMS 0x0000000088800000, 0x0000000088800000| Untracked 
| 137|0x0000000088900000, 0x0000000088900000, 0x0000000088a00000|  0%| F|  |TAMS 0x0000000088900000, 0x0000000088900000| Untracked 
| 138|0x0000000088a00000, 0x0000000088a00000, 0x0000000088b00000|  0%| F|  |TAMS 0x0000000088a00000, 0x0000000088a00000| Untracked 
| 139|0x0000000088b00000, 0x0000000088b00000, 0x0000000088c00000|  0%| F|  |TAMS 0x0000000088b00000, 0x0000000088b00000| Untracked 
| 140|0x0000000088c00000, 0x0000000088c00000, 0x0000000088d00000|  0%| F|  |TAMS 0x0000000088c00000, 0x0000000088c00000| Untracked 
| 141|0x0000000088d00000, 0x0000000088d00000, 0x0000000088e00000|  0%| F|  |TAMS 0x0000000088d00000, 0x0000000088d00000| Untracked 
| 142|0x0000000088e00000, 0x0000000088e00000, 0x0000000088f00000|  0%| F|  |TAMS 0x0000000088e00000, 0x0000000088e00000| Untracked 
| 143|0x0000000088f00000, 0x0000000088f00000, 0x0000000089000000|  0%| F|  |TAMS 0x0000000088f00000, 0x0000000088f00000| Untracked 
| 144|0x0000000089000000, 0x0000000089000000, 0x0000000089100000|  0%| F|  |TAMS 0x0000000089000000, 0x0000000089000000| Untracked 
| 145|0x0000000089100000, 0x0000000089100000, 0x0000000089200000|  0%| F|  |TAMS 0x0000000089100000, 0x0000000089100000| Untracked 
| 146|0x0000000089200000, 0x0000000089200000, 0x0000000089300000|  0%| F|  |TAMS 0x0000000089200000, 0x0000000089200000| Untracked 
| 147|0x0000000089300000, 0x0000000089300000, 0x0000000089400000|  0%| F|  |TAMS 0x0000000089300000, 0x0000000089300000| Untracked 
| 148|0x0000000089400000, 0x0000000089400000, 0x0000000089500000|  0%| F|  |TAMS 0x0000000089400000, 0x0000000089400000| Untracked 
| 149|0x0000000089500000, 0x0000000089500000, 0x0000000089600000|  0%| F|  |TAMS 0x0000000089500000, 0x0000000089500000| Untracked 
| 150|0x0000000089600000, 0x0000000089600000, 0x0000000089700000|  0%| F|  |TAMS 0x0000000089600000, 0x0000000089600000| Untracked 
| 151|0x0000000089700000, 0x0000000089700000, 0x0000000089800000|  0%| F|  |TAMS 0x0000000089700000, 0x0000000089700000| Untracked 
| 152|0x0000000089800000, 0x0000000089800000, 0x0000000089900000|  0%| F|  |TAMS 0x0000000089800000, 0x0000000089800000| Untracked 
| 153|0x0000000089900000, 0x0000000089900000, 0x0000000089a00000|  0%| F|  |TAMS 0x0000000089900000, 0x0000000089900000| Untracked 
| 154|0x0000000089a00000, 0x0000000089a00000, 0x0000000089b00000|  0%| F|  |TAMS 0x0000000089a00000, 0x0000000089a00000| Untracked 
| 155|0x0000000089b00000, 0x0000000089b00000, 0x0000000089c00000|  0%| F|  |TAMS 0x0000000089b00000, 0x0000000089b00000| Untracked 
| 156|0x0000000089c00000, 0x0000000089c00000, 0x0000000089d00000|  0%| F|  |TAMS 0x0000000089c00000, 0x0000000089c00000| Untracked 
| 157|0x0000000089d00000, 0x0000000089d00000, 0x0000000089e00000|  0%| F|  |TAMS 0x0000000089d00000, 0x0000000089d00000| Untracked 
| 158|0x0000000089e00000, 0x0000000089e00000, 0x0000000089f00000|  0%| F|  |TAMS 0x0000000089e00000, 0x0000000089e00000| Untracked 
| 159|0x0000000089f00000, 0x0000000089f00000, 0x000000008a000000|  0%| F|  |TAMS 0x0000000089f00000, 0x0000000089f00000| Untracked 
| 160|0x000000008a000000, 0x000000008a000000, 0x000000008a100000|  0%| F|  |TAMS 0x000000008a000000, 0x000000008a000000| Untracked 
| 161|0x000000008a100000, 0x000000008a100000, 0x000000008a200000|  0%| F|  |TAMS 0x000000008a100000, 0x000000008a100000| Untracked 
| 162|0x000000008a200000, 0x000000008a200000, 0x000000008a300000|  0%| F|  |TAMS 0x000000008a200000, 0x000000008a200000| Untracked 
| 163|0x000000008a300000, 0x000000008a300000, 0x000000008a400000|  0%| F|  |TAMS 0x000000008a300000, 0x000000008a300000| Untracked 
| 164|0x000000008a400000, 0x000000008a400000, 0x000000008a500000|  0%| F|  |TAMS 0x000000008a400000, 0x000000008a400000| Untracked 
| 165|0x000000008a500000, 0x000000008a500000, 0x000000008a600000|  0%| F|  |TAMS 0x000000008a500000, 0x000000008a500000| Untracked 
| 166|0x000000008a600000, 0x000000008a600000, 0x000000008a700000|  0%| F|  |TAMS 0x000000008a600000, 0x000000008a600000| Untracked 
| 167|0x000000008a700000, 0x000000008a700000, 0x000000008a800000|  0%| F|  |TAMS 0x000000008a700000, 0x000000008a700000| Untracked 
| 168|0x000000008a800000, 0x000000008a800000, 0x000000008a900000|  0%| F|  |TAMS 0x000000008a800000, 0x000000008a800000| Untracked 
| 169|0x000000008a900000, 0x000000008a900000, 0x000000008aa00000|  0%| F|  |TAMS 0x000000008a900000, 0x000000008a900000| Untracked 
| 170|0x000000008aa00000, 0x000000008aa00000, 0x000000008ab00000|  0%| F|  |TAMS 0x000000008aa00000, 0x000000008aa00000| Untracked 
| 171|0x000000008ab00000, 0x000000008ab00000, 0x000000008ac00000|  0%| F|  |TAMS 0x000000008ab00000, 0x000000008ab00000| Untracked 
| 172|0x000000008ac00000, 0x000000008ac00000, 0x000000008ad00000|  0%| F|  |TAMS 0x000000008ac00000, 0x000000008ac00000| Untracked 
| 173|0x000000008ad00000, 0x000000008ad00000, 0x000000008ae00000|  0%| F|  |TAMS 0x000000008ad00000, 0x000000008ad00000| Untracked 
| 174|0x000000008ae00000, 0x000000008ae00000, 0x000000008af00000|  0%| F|  |TAMS 0x000000008ae00000, 0x000000008ae00000| Untracked 
| 175|0x000000008af00000, 0x000000008af00000, 0x000000008b000000|  0%| F|  |TAMS 0x000000008af00000, 0x000000008af00000| Untracked 
| 176|0x000000008b000000, 0x000000008b000000, 0x000000008b100000|  0%| F|  |TAMS 0x000000008b000000, 0x000000008b000000| Untracked 
| 177|0x000000008b100000, 0x000000008b100000, 0x000000008b200000|  0%| F|  |TAMS 0x000000008b100000, 0x000000008b100000| Untracked 
| 178|0x000000008b200000, 0x000000008b200000, 0x000000008b300000|  0%| F|  |TAMS 0x000000008b200000, 0x000000008b200000| Untracked 
| 179|0x000000008b300000, 0x000000008b300000, 0x000000008b400000|  0%| F|  |TAMS 0x000000008b300000, 0x000000008b300000| Untracked 
| 180|0x000000008b400000, 0x000000008b400000, 0x000000008b500000|  0%| F|  |TAMS 0x000000008b400000, 0x000000008b400000| Untracked 
| 181|0x000000008b500000, 0x000000008b500000, 0x000000008b600000|  0%| F|  |TAMS 0x000000008b500000, 0x000000008b500000| Untracked 
| 182|0x000000008b600000, 0x000000008b600000, 0x000000008b700000|  0%| F|  |TAMS 0x000000008b600000, 0x000000008b600000| Untracked 
| 183|0x000000008b700000, 0x000000008b700000, 0x000000008b800000|  0%| F|  |TAMS 0x000000008b700000, 0x000000008b700000| Untracked 
| 184|0x000000008b800000, 0x000000008b800000, 0x000000008b900000|  0%| F|  |TAMS 0x000000008b800000, 0x000000008b800000| Untracked 
| 185|0x000000008b900000, 0x000000008b900000, 0x000000008ba00000|  0%| F|  |TAMS 0x000000008b900000, 0x000000008b900000| Untracked 
| 186|0x000000008ba00000, 0x000000008ba00000, 0x000000008bb00000|  0%| F|  |TAMS 0x000000008ba00000, 0x000000008ba00000| Untracked 
| 187|0x000000008bb00000, 0x000000008bb00000, 0x000000008bc00000|  0%| F|  |TAMS 0x000000008bb00000, 0x000000008bb00000| Untracked 
| 188|0x000000008bc00000, 0x000000008bc00000, 0x000000008bd00000|  0%| F|  |TAMS 0x000000008bc00000, 0x000000008bc00000| Untracked 
| 189|0x000000008bd00000, 0x000000008bd00000, 0x000000008be00000|  0%| F|  |TAMS 0x000000008bd00000, 0x000000008bd00000| Untracked 
| 190|0x000000008be00000, 0x000000008be00000, 0x000000008bf00000|  0%| F|  |TAMS 0x000000008be00000, 0x000000008be00000| Untracked 
| 191|0x000000008bf00000, 0x000000008bf00000, 0x000000008c000000|  0%| F|  |TAMS 0x000000008bf00000, 0x000000008bf00000| Untracked 
| 192|0x000000008c000000, 0x000000008c000000, 0x000000008c100000|  0%| F|  |TAMS 0x000000008c000000, 0x000000008c000000| Untracked 
| 193|0x000000008c100000, 0x000000008c100000, 0x000000008c200000|  0%| F|  |TAMS 0x000000008c100000, 0x000000008c100000| Untracked 
| 194|0x000000008c200000, 0x000000008c200000, 0x000000008c300000|  0%| F|  |TAMS 0x000000008c200000, 0x000000008c200000| Untracked 
| 195|0x000000008c300000, 0x000000008c300000, 0x000000008c400000|  0%| F|  |TAMS 0x000000008c300000, 0x000000008c300000| Untracked 
| 196|0x000000008c400000, 0x000000008c400000, 0x000000008c500000|  0%| F|  |TAMS 0x000000008c400000, 0x000000008c400000| Untracked 
| 197|0x000000008c500000, 0x000000008c500000, 0x000000008c600000|  0%| F|  |TAMS 0x000000008c500000, 0x000000008c500000| Untracked 
| 198|0x000000008c600000, 0x000000008c600000, 0x000000008c700000|  0%| F|  |TAMS 0x000000008c600000, 0x000000008c600000| Untracked 
| 199|0x000000008c700000, 0x000000008c700000, 0x000000008c800000|  0%| F|  |TAMS 0x000000008c700000, 0x000000008c700000| Untracked 
| 200|0x000000008c800000, 0x000000008c800000, 0x000000008c900000|  0%| F|  |TAMS 0x000000008c800000, 0x000000008c800000| Untracked 
| 201|0x000000008c900000, 0x000000008c900000, 0x000000008ca00000|  0%| F|  |TAMS 0x000000008c900000, 0x000000008c900000| Untracked 
| 202|0x000000008ca00000, 0x000000008ca00000, 0x000000008cb00000|  0%| F|  |TAMS 0x000000008ca00000, 0x000000008ca00000| Untracked 
| 203|0x000000008cb00000, 0x000000008cb00000, 0x000000008cc00000|  0%| F|  |TAMS 0x000000008cb00000, 0x000000008cb00000| Untracked 
| 204|0x000000008cc00000, 0x000000008cc00000, 0x000000008cd00000|  0%| F|  |TAMS 0x000000008cc00000, 0x000000008cc00000| Untracked 
| 205|0x000000008cd00000, 0x000000008cd00000, 0x000000008ce00000|  0%| F|  |TAMS 0x000000008cd00000, 0x000000008cd00000| Untracked 
| 206|0x000000008ce00000, 0x000000008ce00000, 0x000000008cf00000|  0%| F|  |TAMS 0x000000008ce00000, 0x000000008ce00000| Untracked 
| 207|0x000000008cf00000, 0x000000008cf00000, 0x000000008d000000|  0%| F|  |TAMS 0x000000008cf00000, 0x000000008cf00000| Untracked 
| 208|0x000000008d000000, 0x000000008d000000, 0x000000008d100000|  0%| F|  |TAMS 0x000000008d000000, 0x000000008d000000| Untracked 
| 209|0x000000008d100000, 0x000000008d100000, 0x000000008d200000|  0%| F|  |TAMS 0x000000008d100000, 0x000000008d100000| Untracked 
| 210|0x000000008d200000, 0x000000008d200000, 0x000000008d300000|  0%| F|  |TAMS 0x000000008d200000, 0x000000008d200000| Untracked 
| 211|0x000000008d300000, 0x000000008d300000, 0x000000008d400000|  0%| F|  |TAMS 0x000000008d300000, 0x000000008d300000| Untracked 
| 212|0x000000008d400000, 0x000000008d474c50, 0x000000008d500000| 45%| E|  |TAMS 0x000000008d400000, 0x000000008d400000| Complete 
| 213|0x000000008d500000, 0x000000008d600000, 0x000000008d600000|100%| E|CS|TAMS 0x000000008d500000, 0x000000008d500000| Complete 
| 214|0x000000008d600000, 0x000000008d700000, 0x000000008d700000|100%| E|CS|TAMS 0x000000008d600000, 0x000000008d600000| Complete 
| 215|0x000000008d700000, 0x000000008d800000, 0x000000008d800000|100%| E|CS|TAMS 0x000000008d700000, 0x000000008d700000| Complete 
| 216|0x000000008d800000, 0x000000008d900000, 0x000000008d900000|100%| E|CS|TAMS 0x000000008d800000, 0x000000008d800000| Complete 
| 217|0x000000008d900000, 0x000000008da00000, 0x000000008da00000|100%| E|CS|TAMS 0x000000008d900000, 0x000000008d900000| Complete 
| 218|0x000000008da00000, 0x000000008db00000, 0x000000008db00000|100%| E|CS|TAMS 0x000000008da00000, 0x000000008da00000| Complete 
| 219|0x000000008db00000, 0x000000008dc00000, 0x000000008dc00000|100%| E|CS|TAMS 0x000000008db00000, 0x000000008db00000| Complete 
| 220|0x000000008dc00000, 0x000000008dd00000, 0x000000008dd00000|100%| E|CS|TAMS 0x000000008dc00000, 0x000000008dc00000| Complete 
| 221|0x000000008dd00000, 0x000000008de00000, 0x000000008de00000|100%| E|CS|TAMS 0x000000008dd00000, 0x000000008dd00000| Complete 
| 222|0x000000008de00000, 0x000000008df00000, 0x000000008df00000|100%| E|CS|TAMS 0x000000008de00000, 0x000000008de00000| Complete 
| 223|0x000000008df00000, 0x000000008e000000, 0x000000008e000000|100%| E|CS|TAMS 0x000000008df00000, 0x000000008df00000| Complete 
| 224|0x000000008e000000, 0x000000008e100000, 0x000000008e100000|100%| E|CS|TAMS 0x000000008e000000, 0x000000008e000000| Complete 
| 225|0x000000008e100000, 0x000000008e200000, 0x000000008e200000|100%| E|CS|TAMS 0x000000008e100000, 0x000000008e100000| Complete 
| 226|0x000000008e200000, 0x000000008e300000, 0x000000008e300000|100%| E|CS|TAMS 0x000000008e200000, 0x000000008e200000| Complete 
| 227|0x000000008e300000, 0x000000008e400000, 0x000000008e400000|100%| E|CS|TAMS 0x000000008e300000, 0x000000008e300000| Complete 
| 228|0x000000008e400000, 0x000000008e500000, 0x000000008e500000|100%| E|CS|TAMS 0x000000008e400000, 0x000000008e400000| Complete 
| 229|0x000000008e500000, 0x000000008e600000, 0x000000008e600000|100%| E|CS|TAMS 0x000000008e500000, 0x000000008e500000| Complete 
| 230|0x000000008e600000, 0x000000008e700000, 0x000000008e700000|100%| E|CS|TAMS 0x000000008e600000, 0x000000008e600000| Complete 
| 231|0x000000008e700000, 0x000000008e800000, 0x000000008e800000|100%| E|CS|TAMS 0x000000008e700000, 0x000000008e700000| Complete 
| 232|0x000000008e800000, 0x000000008e900000, 0x000000008e900000|100%| E|CS|TAMS 0x000000008e800000, 0x000000008e800000| Complete 
| 233|0x000000008e900000, 0x000000008ea00000, 0x000000008ea00000|100%| E|CS|TAMS 0x000000008e900000, 0x000000008e900000| Complete 
| 234|0x000000008ea00000, 0x000000008eb00000, 0x000000008eb00000|100%| E|CS|TAMS 0x000000008ea00000, 0x000000008ea00000| Complete 
| 235|0x000000008eb00000, 0x000000008ec00000, 0x000000008ec00000|100%| E|CS|TAMS 0x000000008eb00000, 0x000000008eb00000| Complete 
| 236|0x000000008ec00000, 0x000000008ed00000, 0x000000008ed00000|100%| E|CS|TAMS 0x000000008ec00000, 0x000000008ec00000| Complete 
| 237|0x000000008ed00000, 0x000000008ee00000, 0x000000008ee00000|100%| E|CS|TAMS 0x000000008ed00000, 0x000000008ed00000| Complete 
| 238|0x000000008ee00000, 0x000000008ef00000, 0x000000008ef00000|100%| E|  |TAMS 0x000000008ee00000, 0x000000008ee00000| Complete 
| 239|0x000000008ef00000, 0x000000008f000000, 0x000000008f000000|100%| E|CS|TAMS 0x000000008ef00000, 0x000000008ef00000| Complete 
| 240|0x000000008f000000, 0x000000008f100000, 0x000000008f100000|100%| E|CS|TAMS 0x000000008f000000, 0x000000008f000000| Complete 
| 241|0x000000008f100000, 0x000000008f200000, 0x000000008f200000|100%| E|CS|TAMS 0x000000008f100000, 0x000000008f100000| Complete 
| 242|0x000000008f200000, 0x000000008f300000, 0x000000008f300000|100%| E|CS|TAMS 0x000000008f200000, 0x000000008f200000| Complete 
| 243|0x000000008f300000, 0x000000008f400000, 0x000000008f400000|100%| E|CS|TAMS 0x000000008f300000, 0x000000008f300000| Complete 
| 244|0x000000008f400000, 0x000000008f500000, 0x000000008f500000|100%| E|CS|TAMS 0x000000008f400000, 0x000000008f400000| Complete 
| 245|0x000000008f500000, 0x000000008f600000, 0x000000008f600000|100%| E|CS|TAMS 0x000000008f500000, 0x000000008f500000| Complete 
| 246|0x000000008f600000, 0x000000008f700000, 0x000000008f700000|100%| E|CS|TAMS 0x000000008f600000, 0x000000008f600000| Complete 
| 247|0x000000008f700000, 0x000000008f800000, 0x000000008f800000|100%| E|CS|TAMS 0x000000008f700000, 0x000000008f700000| Complete 
| 248|0x000000008f800000, 0x000000008f900000, 0x000000008f900000|100%| E|CS|TAMS 0x000000008f800000, 0x000000008f800000| Complete 
| 249|0x000000008f900000, 0x000000008fa00000, 0x000000008fa00000|100%| E|CS|TAMS 0x000000008f900000, 0x000000008f900000| Complete 
| 250|0x000000008fa00000, 0x000000008fb00000, 0x000000008fb00000|100%| E|CS|TAMS 0x000000008fa00000, 0x000000008fa00000| Complete 
| 251|0x000000008fb00000, 0x000000008fc00000, 0x000000008fc00000|100%| E|CS|TAMS 0x000000008fb00000, 0x000000008fb00000| Complete 
| 252|0x000000008fc00000, 0x000000008fd00000, 0x000000008fd00000|100%| E|CS|TAMS 0x000000008fc00000, 0x000000008fc00000| Complete 
| 253|0x000000008fd00000, 0x000000008fe00000, 0x000000008fe00000|100%| E|CS|TAMS 0x000000008fd00000, 0x000000008fd00000| Complete 
| 254|0x000000008fe00000, 0x000000008ff00000, 0x000000008ff00000|100%| E|CS|TAMS 0x000000008fe00000, 0x000000008fe00000| Complete 
| 255|0x000000008ff00000, 0x0000000090000000, 0x0000000090000000|100%| E|CS|TAMS 0x000000008ff00000, 0x000000008ff00000| Complete 
| 256|0x0000000090000000, 0x0000000090100000, 0x0000000090100000|100%| E|CS|TAMS 0x0000000090000000, 0x0000000090000000| Complete 
| 257|0x0000000090100000, 0x0000000090200000, 0x0000000090200000|100%| E|CS|TAMS 0x0000000090100000, 0x0000000090100000| Complete 
| 258|0x0000000090200000, 0x0000000090300000, 0x0000000090300000|100%| E|CS|TAMS 0x0000000090200000, 0x0000000090200000| Complete 
| 259|0x0000000090300000, 0x0000000090400000, 0x0000000090400000|100%| E|CS|TAMS 0x0000000090300000, 0x0000000090300000| Complete 
| 260|0x0000000090400000, 0x0000000090500000, 0x0000000090500000|100%| E|CS|TAMS 0x0000000090400000, 0x0000000090400000| Complete 
| 261|0x0000000090500000, 0x0000000090600000, 0x0000000090600000|100%| E|CS|TAMS 0x0000000090500000, 0x0000000090500000| Complete 
| 262|0x0000000090600000, 0x0000000090700000, 0x0000000090700000|100%| E|CS|TAMS 0x0000000090600000, 0x0000000090600000| Complete 
| 263|0x0000000090700000, 0x0000000090800000, 0x0000000090800000|100%| E|CS|TAMS 0x0000000090700000, 0x0000000090700000| Complete 
| 264|0x0000000090800000, 0x0000000090900000, 0x0000000090900000|100%| E|CS|TAMS 0x0000000090800000, 0x0000000090800000| Complete 
| 265|0x0000000090900000, 0x0000000090a00000, 0x0000000090a00000|100%| E|CS|TAMS 0x0000000090900000, 0x0000000090900000| Complete 
| 266|0x0000000090a00000, 0x0000000090b00000, 0x0000000090b00000|100%| E|CS|TAMS 0x0000000090a00000, 0x0000000090a00000| Complete 
| 267|0x0000000090b00000, 0x0000000090c00000, 0x0000000090c00000|100%| E|CS|TAMS 0x0000000090b00000, 0x0000000090b00000| Complete 
| 268|0x0000000090c00000, 0x0000000090d00000, 0x0000000090d00000|100%| E|CS|TAMS 0x0000000090c00000, 0x0000000090c00000| Complete 
| 269|0x0000000090d00000, 0x0000000090e00000, 0x0000000090e00000|100%| E|CS|TAMS 0x0000000090d00000, 0x0000000090d00000| Complete 
| 270|0x0000000090e00000, 0x0000000090f00000, 0x0000000090f00000|100%| E|CS|TAMS 0x0000000090e00000, 0x0000000090e00000| Complete 
| 271|0x0000000090f00000, 0x0000000091000000, 0x0000000091000000|100%| E|CS|TAMS 0x0000000090f00000, 0x0000000090f00000| Complete 
| 272|0x0000000091000000, 0x0000000091100000, 0x0000000091100000|100%| E|CS|TAMS 0x0000000091000000, 0x0000000091000000| Complete 
| 273|0x0000000091100000, 0x0000000091200000, 0x0000000091200000|100%| E|CS|TAMS 0x0000000091100000, 0x0000000091100000| Complete 
| 274|0x0000000091200000, 0x0000000091300000, 0x0000000091300000|100%| E|CS|TAMS 0x0000000091200000, 0x0000000091200000| Complete 
| 275|0x0000000091300000, 0x0000000091400000, 0x0000000091400000|100%| E|CS|TAMS 0x0000000091300000, 0x0000000091300000| Complete 
| 276|0x0000000091400000, 0x0000000091500000, 0x0000000091500000|100%| E|CS|TAMS 0x0000000091400000, 0x0000000091400000| Complete 
| 277|0x0000000091500000, 0x0000000091600000, 0x0000000091600000|100%| E|CS|TAMS 0x0000000091500000, 0x0000000091500000| Complete 
| 278|0x0000000091600000, 0x0000000091700000, 0x0000000091700000|100%| E|CS|TAMS 0x0000000091600000, 0x0000000091600000| Complete 
| 279|0x0000000091700000, 0x0000000091800000, 0x0000000091800000|100%| E|CS|TAMS 0x0000000091700000, 0x0000000091700000| Complete 
| 280|0x0000000091800000, 0x0000000091900000, 0x0000000091900000|100%| E|CS|TAMS 0x0000000091800000, 0x0000000091800000| Complete 
| 281|0x0000000091900000, 0x0000000091a00000, 0x0000000091a00000|100%| E|CS|TAMS 0x0000000091900000, 0x0000000091900000| Complete 
| 282|0x0000000091a00000, 0x0000000091b00000, 0x0000000091b00000|100%| E|CS|TAMS 0x0000000091a00000, 0x0000000091a00000| Complete 
| 283|0x0000000091b00000, 0x0000000091c00000, 0x0000000091c00000|100%| E|CS|TAMS 0x0000000091b00000, 0x0000000091b00000| Complete 
| 284|0x0000000091c00000, 0x0000000091d00000, 0x0000000091d00000|100%| E|CS|TAMS 0x0000000091c00000, 0x0000000091c00000| Complete 
| 285|0x0000000091d00000, 0x0000000091e00000, 0x0000000091e00000|100%| E|CS|TAMS 0x0000000091d00000, 0x0000000091d00000| Complete 
| 286|0x0000000091e00000, 0x0000000091f00000, 0x0000000091f00000|100%| E|CS|TAMS 0x0000000091e00000, 0x0000000091e00000| Complete 
| 287|0x0000000091f00000, 0x0000000092000000, 0x0000000092000000|100%| E|CS|TAMS 0x0000000091f00000, 0x0000000091f00000| Complete 
| 288|0x0000000092000000, 0x0000000092100000, 0x0000000092100000|100%| E|CS|TAMS 0x0000000092000000, 0x0000000092000000| Complete 
| 289|0x0000000092100000, 0x0000000092200000, 0x0000000092200000|100%| E|CS|TAMS 0x0000000092100000, 0x0000000092100000| Complete 
| 290|0x0000000092200000, 0x0000000092300000, 0x0000000092300000|100%| E|CS|TAMS 0x0000000092200000, 0x0000000092200000| Complete 
| 291|0x0000000092300000, 0x0000000092400000, 0x0000000092400000|100%| E|CS|TAMS 0x0000000092300000, 0x0000000092300000| Complete 
| 292|0x0000000092400000, 0x0000000092500000, 0x0000000092500000|100%| E|CS|TAMS 0x0000000092400000, 0x0000000092400000| Complete 
| 293|0x0000000092500000, 0x0000000092600000, 0x0000000092600000|100%| E|CS|TAMS 0x0000000092500000, 0x0000000092500000| Complete 
| 294|0x0000000092600000, 0x0000000092700000, 0x0000000092700000|100%| E|CS|TAMS 0x0000000092600000, 0x0000000092600000| Complete 
| 295|0x0000000092700000, 0x0000000092800000, 0x0000000092800000|100%| E|CS|TAMS 0x0000000092700000, 0x0000000092700000| Complete 
| 296|0x0000000092800000, 0x0000000092900000, 0x0000000092900000|100%| E|CS|TAMS 0x0000000092800000, 0x0000000092800000| Complete 
| 297|0x0000000092900000, 0x0000000092a00000, 0x0000000092a00000|100%| E|CS|TAMS 0x0000000092900000, 0x0000000092900000| Complete 
| 298|0x0000000092a00000, 0x0000000092b00000, 0x0000000092b00000|100%| E|CS|TAMS 0x0000000092a00000, 0x0000000092a00000| Complete 
| 299|0x0000000092b00000, 0x0000000092c00000, 0x0000000092c00000|100%| E|CS|TAMS 0x0000000092b00000, 0x0000000092b00000| Complete 
| 300|0x0000000092c00000, 0x0000000092d00000, 0x0000000092d00000|100%| E|CS|TAMS 0x0000000092c00000, 0x0000000092c00000| Complete 
| 301|0x0000000092d00000, 0x0000000092e00000, 0x0000000092e00000|100%| E|CS|TAMS 0x0000000092d00000, 0x0000000092d00000| Complete 
| 302|0x0000000092e00000, 0x0000000092f00000, 0x0000000092f00000|100%| E|CS|TAMS 0x0000000092e00000, 0x0000000092e00000| Complete 
| 303|0x0000000092f00000, 0x0000000093000000, 0x0000000093000000|100%| E|CS|TAMS 0x0000000092f00000, 0x0000000092f00000| Complete 
| 304|0x0000000093000000, 0x0000000093100000, 0x0000000093100000|100%| E|CS|TAMS 0x0000000093000000, 0x0000000093000000| Complete 

Card table byte_map: [0x000002691d590000,0x000002691d990000] _byte_map_base: 0x000002691d190000

Marking Bits (Prev, Next): (CMBitMap*) 0x000002690a6b2b10, (CMBitMap*) 0x000002690a6b2ad8
 Prev Bits: [0x000002691fd90000, 0x0000026921d90000)
 Next Bits: [0x000002691dd90000, 0x000002691fd90000)

Polling page: 0x0000026908530000

Metaspace:

Usage:
  Non-class:     78.13 MB capacity,    76.66 MB ( 98%) used,     1.23 MB (  2%) free+waste,   237.19 KB ( <1%) overhead. 
      Class:     12.12 MB capacity,    11.37 MB ( 94%) used,   659.60 KB (  5%) free+waste,   109.06 KB ( <1%) overhead. 
       Both:     90.25 MB capacity,    88.03 MB ( 98%) used,     1.88 MB (  2%) free+waste,   346.25 KB ( <1%) overhead. 

Virtual space:
  Non-class space:       80.00 MB reserved,      78.35 MB ( 98%) committed 
      Class space:        1.00 GB reserved,      12.12 MB (  1%) committed 
             Both:        1.08 GB reserved,      90.48 MB (  8%) committed 

Chunk freelists:
   Non-Class:  39.00 KB
       Class:  4.00 KB
        Both:  43.00 KB

MaxMetaspaceSize: 17179869184.00 GB
CompressedClassSpaceSize: 1.00 GB
Initial GC threshold: 20.80 MB
Current GC threshold: 144.55 MB
CDS: off

CodeHeap 'non-profiled nmethods': size=120064Kb used=5022Kb max_used=5022Kb free=115041Kb
 bounds [0x0000026915c50000, 0x0000026916140000, 0x000002691d190000]
CodeHeap 'profiled nmethods': size=120000Kb used=18668Kb max_used=18668Kb free=101331Kb
 bounds [0x000002690e720000, 0x000002690f960000, 0x0000026915c50000]
CodeHeap 'non-nmethods': size=5696Kb used=2385Kb max_used=2423Kb free=3311Kb
 bounds [0x000002690e190000, 0x000002690e400000, 0x000002690e720000]
 total_blobs=9598 nmethods=8683 adapters=828
 compilation: enabled
              stopped_count=0, restarted_count=0
 full_count=0

Compilation events (20 events):
Event: 10.536 Thread 0x0000026924b6c000 nmethod 8388 0x000002691612d890 code [0x000002691612da20, 0x000002691612db58]
Event: 10.570 Thread 0x0000026924ece000 nmethod 8465 0x000002691612dc10 code [0x000002691612e060, 0x00000269161306a0]
Event: 11.527 Thread 0x0000026924b7b000 8701       1       java.util.stream.FindOps$FindSink::cancellationRequested (5 bytes)
Event: 11.527 Thread 0x0000026924b7b000 nmethod 8701 0x0000026916132a10 code [0x0000026916132bc0, 0x0000026916132c78]
Event: 11.847 Thread 0x0000026924b7b000 8702       3       org.gradle.internal.serialize.InputStreamBackedDecoder::readInt (8 bytes)
Event: 11.847 Thread 0x0000026924b6c000 8703       4       java.io.DataInputStream::readUTF (501 bytes)
Event: 11.847 Thread 0x0000026924b7b000 nmethod 8702 0x000002690f941710 code [0x000002690f9418c0, 0x000002690f9419e8]
Event: 11.849 Thread 0x0000026924b7b000 8704       3       org.gradle.internal.serialize.InputStreamBackedDecoder::readLong (8 bytes)
Event: 11.849 Thread 0x0000026924b7b000 nmethod 8704 0x000002690f941a90 code [0x000002690f941c40, 0x000002690f941d68]
Event: 11.849 Thread 0x0000026924b7b000 8705       3       org.gradle.internal.serialize.InputStreamBackedDecoder::readBoolean (8 bytes)
Event: 11.849 Thread 0x0000026924b7b000 nmethod 8705 0x000002690f941e10 code [0x000002690f942000, 0x000002690f942378]
Event: 11.849 Thread 0x0000026924b7b000 8706       3       java.io.DataInputStream::readBoolean (30 bytes)
Event: 11.850 Thread 0x0000026924b7b000 nmethod 8706 0x000002690f942510 code [0x000002690f9426e0, 0x000002690f9429d8]
Event: 11.852 Thread 0x0000026924b7b000 8707       3       java.lang.Long::equals (30 bytes)
Event: 11.853 Thread 0x0000026924b7b000 nmethod 8707 0x000002690f942b10 code [0x000002690f942ce0, 0x000002690f943078]
Event: 11.868 Thread 0x0000026924b6c000 nmethod 8703 0x0000026916132d10 code [0x0000026916132f20, 0x0000026916134078]
Event: 12.519 Thread 0x0000026924b7b000 8708       3       java.util.stream.Collectors$$Lambda$64/0x0000000100161c40::accept (11 bytes)
Event: 12.520 Thread 0x0000026924b7b000 nmethod 8708 0x000002690f943190 code [0x000002690f943360, 0x000002690f943628]
Event: 14.520 Thread 0x0000026924b7b000 8709       1       javax.management.ObjectName::getCanonicalName (5 bytes)
Event: 14.521 Thread 0x0000026924b7b000 nmethod 8709 0x0000026916134890 code [0x0000026916134a40, 0x0000026916134af8]

GC Heap History (18 events):
Event: 0.561 GC heap before
{Heap before GC invocations=0 (full 0):
 garbage-first heap   total 260096K, used 16384K [0x0000000080000000, 0x0000000100000000)
  region size 1024K, 14 young (14336K), 0 survivors (0K)
 Metaspace       used 6744K, capacity 6929K, committed 7168K, reserved 1056768K
  class space    used 571K, capacity 650K, committed 768K, reserved 1048576K
}
Event: 0.566 GC heap after
{Heap after GC invocations=1 (full 0):
 garbage-first heap   total 260096K, used 3890K [0x0000000080000000, 0x0000000100000000)
  region size 1024K, 2 young (2048K), 2 survivors (2048K)
 Metaspace       used 6744K, capacity 6929K, committed 7168K, reserved 1056768K
  class space    used 571K, capacity 650K, committed 768K, reserved 1048576K
}
Event: 2.167 GC heap before
{Heap before GC invocations=1 (full 0):
 garbage-first heap   total 260096K, used 115506K [0x0000000080000000, 0x0000000100000000)
  region size 1024K, 108 young (110592K), 2 survivors (2048K)
 Metaspace       used 20818K, capacity 21153K, committed 21296K, reserved 1069056K
  class space    used 2505K, capacity 2651K, committed 2688K, reserved 1048576K
}
Event: 2.174 GC heap after
{Heap after GC invocations=2 (full 0):
 garbage-first heap   total 260096K, used 16689K [0x0000000080000000, 0x0000000100000000)
  region size 1024K, 12 young (12288K), 12 survivors (12288K)
 Metaspace       used 20818K, capacity 21153K, committed 21296K, reserved 1069056K
  class space    used 2505K, capacity 2651K, committed 2688K, reserved 1048576K
}
Event: 2.640 GC heap before
{Heap before GC invocations=3 (full 0):
 garbage-first heap   total 260096K, used 65841K [0x0000000080000000, 0x0000000100000000)
  region size 1024K, 60 young (61440K), 12 survivors (12288K)
 Metaspace       used 26012K, capacity 26655K, committed 26800K, reserved 1073152K
  class space    used 3338K, capacity 3579K, committed 3584K, reserved 1048576K
}
Event: 2.649 GC heap after
{Heap after GC invocations=4 (full 0):
 garbage-first heap   total 260096K, used 18679K [0x0000000080000000, 0x0000000100000000)
  region size 1024K, 3 young (3072K), 3 survivors (3072K)
 Metaspace       used 26012K, capacity 26655K, committed 26800K, reserved 1073152K
  class space    used 3338K, capacity 3579K, committed 3584K, reserved 1048576K
}
Event: 3.401 GC heap before
{Heap before GC invocations=4 (full 0):
 garbage-first heap   total 260096K, used 91383K [0x0000000080000000, 0x0000000100000000)
  region size 1024K, 75 young (76800K), 3 survivors (3072K)
 Metaspace       used 34924K, capacity 35731K, committed 35888K, reserved 1081344K
  class space    used 4552K, capacity 4887K, committed 4992K, reserved 1048576K
}
Event: 3.413 GC heap after
{Heap after GC invocations=5 (full 0):
 garbage-first heap   total 260096K, used 22045K [0x0000000080000000, 0x0000000100000000)
  region size 1024K, 6 young (6144K), 6 survivors (6144K)
 Metaspace       used 34924K, capacity 35731K, committed 35888K, reserved 1081344K
  class space    used 4552K, capacity 4887K, committed 4992K, reserved 1048576K
}
Event: 4.400 GC heap before
{Heap before GC invocations=6 (full 0):
 garbage-first heap   total 260096K, used 132637K [0x0000000080000000, 0x0000000100000000)
  region size 1024K, 111 young (113664K), 6 survivors (6144K)
 Metaspace       used 44740K, capacity 45894K, committed 46184K, reserved 1089536K
  class space    used 5652K, capacity 6068K, committed 6144K, reserved 1048576K
}
Event: 4.416 GC heap after
{Heap after GC invocations=7 (full 0):
 garbage-first heap   total 260096K, used 29631K [0x0000000080000000, 0x0000000100000000)
  region size 1024K, 13 young (13312K), 13 survivors (13312K)
 Metaspace       used 44740K, capacity 45894K, committed 46184K, reserved 1089536K
  class space    used 5652K, capacity 6068K, committed 6144K, reserved 1048576K
}
Event: 6.202 GC heap before
{Heap before GC invocations=8 (full 0):
 garbage-first heap   total 260096K, used 148415K [0x0000000080000000, 0x0000000100000000)
  region size 1024K, 128 young (131072K), 13 survivors (13312K)
 Metaspace       used 55989K, capacity 57420K, committed 57704K, reserved 1099776K
  class space    used 7091K, capacity 7582K, committed 7680K, reserved 1048576K
}
Event: 6.222 GC heap after
{Heap after GC invocations=9 (full 0):
 garbage-first heap   total 260096K, used 38943K [0x0000000080000000, 0x0000000100000000)
  region size 1024K, 16 young (16384K), 16 survivors (16384K)
 Metaspace       used 55989K, capacity 57420K, committed 57704K, reserved 1099776K
  class space    used 7091K, capacity 7582K, committed 7680K, reserved 1048576K
}
Event: 7.763 GC heap before
{Heap before GC invocations=9 (full 0):
 garbage-first heap   total 260096K, used 188447K [0x0000000080000000, 0x0000000100000000)
  region size 1024K, 152 young (155648K), 16 survivors (16384K)
 Metaspace       used 70386K, capacity 72080K, committed 72424K, reserved 1112064K
  class space    used 8852K, capacity 9489K, committed 9600K, reserved 1048576K
}
Event: 7.783 GC heap after
{Heap after GC invocations=10 (full 0):
 garbage-first heap   total 260096K, used 53805K [0x0000000080000000, 0x0000000100000000)
  region size 1024K, 19 young (19456K), 19 survivors (19456K)
 Metaspace       used 70386K, capacity 72080K, committed 72424K, reserved 1112064K
  class space    used 8852K, capacity 9489K, committed 9600K, reserved 1048576K
}
Event: 8.442 GC heap before
{Heap before GC invocations=10 (full 0):
 garbage-first heap   total 260096K, used 144941K [0x0000000080000000, 0x0000000100000000)
  region size 1024K, 108 young (110592K), 19 survivors (19456K)
 Metaspace       used 75061K, capacity 76783K, committed 76904K, reserved 1116160K
  class space    used 9498K, capacity 10150K, committed 10240K, reserved 1048576K
}
Event: 8.466 GC heap after
{Heap after GC invocations=11 (full 0):
 garbage-first heap   total 260096K, used 60928K [0x0000000080000000, 0x0000000100000000)
  region size 1024K, 7 young (7168K), 7 survivors (7168K)
 Metaspace       used 75061K, capacity 76783K, committed 76904K, reserved 1116160K
  class space    used 9498K, capacity 10150K, committed 10240K, reserved 1048576K
}
Event: 9.781 GC heap before
{Heap before GC invocations=12 (full 0):
 garbage-first heap   total 260096K, used 177664K [0x0000000080000000, 0x0000000100000000)
  region size 1024K, 121 young (123904K), 7 survivors (7168K)
 Metaspace       used 86464K, capacity 88476K, committed 88552K, reserved 1126400K
  class space    used 11193K, capacity 11891K, committed 11904K, reserved 1048576K
}
Event: 9.799 GC heap after
{Heap after GC invocations=13 (full 0):
 garbage-first heap   total 312320K, used 67380K [0x0000000080000000, 0x0000000100000000)
  region size 1024K, 13 young (13312K), 13 survivors (13312K)
 Metaspace       used 86464K, capacity 88476K, committed 88552K, reserved 1126400K
  class space    used 11193K, capacity 11891K, committed 11904K, reserved 1048576K
}

Deoptimization events (20 events):
Event: 10.469 Thread 0x0000026927775800 Uncommon trap: trap_request=0xffffffde fr.pc=0x0000026915e12574 relative=0x00000000000002b4
Event: 10.469 Thread 0x0000026927775800 Uncommon trap: reason=class_check action=maybe_recompile pc=0x0000026915e12574 method=java.util.stream.StreamOpFlag.fromCharacteristics(Ljava/util/Spliterator;)I @ 14 c2
Event: 10.469 Thread 0x0000026927775800 DEOPT PACKING pc=0x0000026915e12574 sp=0x00000086945fd020
Event: 10.469 Thread 0x0000026927775800 DEOPT UNPACKING pc=0x000002690e1da1a9 sp=0x00000086945fcf08 mode 2
Event: 10.472 Thread 0x0000026927775800 Uncommon trap: trap_request=0xffffffde fr.pc=0x0000026915e12574 relative=0x00000000000002b4
Event: 10.472 Thread 0x0000026927775800 Uncommon trap: reason=class_check action=maybe_recompile pc=0x0000026915e12574 method=java.util.stream.StreamOpFlag.fromCharacteristics(Ljava/util/Spliterator;)I @ 14 c2
Event: 10.472 Thread 0x0000026927775800 DEOPT PACKING pc=0x0000026915e12574 sp=0x00000086945fd020
Event: 10.472 Thread 0x0000026927775800 DEOPT UNPACKING pc=0x000002690e1da1a9 sp=0x00000086945fcf08 mode 2
Event: 10.473 Thread 0x0000026927775800 Uncommon trap: trap_request=0xffffffde fr.pc=0x0000026915e12574 relative=0x00000000000002b4
Event: 10.473 Thread 0x0000026927775800 Uncommon trap: reason=class_check action=maybe_recompile pc=0x0000026915e12574 method=java.util.stream.StreamOpFlag.fromCharacteristics(Ljava/util/Spliterator;)I @ 14 c2
Event: 10.473 Thread 0x0000026927775800 DEOPT PACKING pc=0x0000026915e12574 sp=0x00000086945fd020
Event: 10.473 Thread 0x0000026927775800 DEOPT UNPACKING pc=0x000002690e1da1a9 sp=0x00000086945fcf08 mode 2
Event: 10.506 Thread 0x0000026927775800 Uncommon trap: trap_request=0xffffff4d fr.pc=0x0000026916077324 relative=0x00000000000001e4
Event: 10.506 Thread 0x0000026927775800 Uncommon trap: reason=unstable_if action=reinterpret pc=0x0000026916077324 method=com.google.common.collect.RegularImmutableSet.contains(Ljava/lang/Object;)Z @ 10 c2
Event: 10.506 Thread 0x0000026927775800 DEOPT PACKING pc=0x0000026916077324 sp=0x00000086945fa5b0
Event: 10.506 Thread 0x0000026927775800 DEOPT UNPACKING pc=0x000002690e1da1a9 sp=0x00000086945fa548 mode 2
Event: 11.847 Thread 0x0000026926295000 DEOPT PACKING pc=0x000002690ec99eb9 sp=0x000000868fffde60
Event: 11.847 Thread 0x0000026926295000 DEOPT UNPACKING pc=0x000002690e1da93f sp=0x000000868fffd3d0 mode 0
Event: 11.849 Thread 0x0000026926295000 DEOPT PACKING pc=0x000002690ec99eb9 sp=0x000000868fffdfd0
Event: 11.849 Thread 0x0000026926295000 DEOPT UNPACKING pc=0x000002690e1da93f sp=0x000000868fffd540 mode 0

Classes redefined (0 events):
No events

Internal exceptions (20 events):
Event: 10.265 Thread 0x0000026926a19000 Exception <a 'java/lang/ClassNotFoundException'{0x000000008f3586f8}: com/android/build/gradle/internal/tasks/SigningConfigVersionsWriterTask_DecoratedCustomizer> (0x000000008f3586f8) thrown at [src/hotspot/share/classfile/systemDictionary.cpp, line 230]
Event: 10.270 Thread 0x0000026926a19000 Exception <a 'java/lang/ClassNotFoundException'{0x000000008f25ca28}: com/android/build/gradle/tasks/PackageApplication_DecoratedBeanInfo> (0x000000008f25ca28) thrown at [src/hotspot/share/classfile/systemDictionary.cpp, line 230]
Event: 10.270 Thread 0x0000026926a19000 Exception <a 'java/lang/ClassNotFoundException'{0x000000008f277608}: com/android/build/gradle/tasks/PackageApplicationBeanInfo> (0x000000008f277608) thrown at [src/hotspot/share/classfile/systemDictionary.cpp, line 230]
Event: 10.271 Thread 0x0000026926a19000 Exception <a 'java/lang/ClassNotFoundException'{0x000000008f2934f8}: com/android/build/gradle/tasks/PackageAndroidArtifactBeanInfo> (0x000000008f2934f8) thrown at [src/hotspot/share/classfile/systemDictionary.cpp, line 230]
Event: 10.271 Thread 0x0000026926a19000 Exception <a 'java/lang/ClassNotFoundException'{0x000000008f2af4e8}: com/android/build/gradle/tasks/PackageAndroidArtifactCustomizer> (0x000000008f2af4e8) thrown at [src/hotspot/share/classfile/systemDictionary.cpp, line 230]
Event: 10.273 Thread 0x0000026926a19000 Exception <a 'java/lang/ClassNotFoundException'{0x000000008f118040}: com/android/build/gradle/tasks/PackageApplicationCustomizer> (0x000000008f118040) thrown at [src/hotspot/share/classfile/systemDictionary.cpp, line 230]
Event: 10.274 Thread 0x0000026926a19000 Exception <a 'java/lang/ClassNotFoundException'{0x000000008f151728}: com/android/build/gradle/tasks/PackageApplication_DecoratedCustomizer> (0x000000008f151728) thrown at [src/hotspot/share/classfile/systemDictionary.cpp, line 230]
Event: 10.277 Thread 0x0000026926a19000 Exception <a 'java/lang/ClassNotFoundException'{0x000000008f046048}: com/android/build/gradle/internal/tasks/ListingFileRedirectTask_DecoratedBeanInfo> (0x000000008f046048) thrown at [src/hotspot/share/classfile/systemDictionary.cpp, line 230]
Event: 10.278 Thread 0x0000026926a19000 Exception <a 'java/lang/ClassNotFoundException'{0x000000008f063658}: com/android/build/gradle/internal/tasks/ListingFileRedirectTaskBeanInfo> (0x000000008f063658) thrown at [src/hotspot/share/classfile/systemDictionary.cpp, line 230]
Event: 10.278 Thread 0x0000026926a19000 Exception <a 'java/lang/ClassNotFoundException'{0x000000008f080f68}: com/android/build/gradle/internal/tasks/ListingFileRedirectTaskCustomizer> (0x000000008f080f68) thrown at [src/hotspot/share/classfile/systemDictionary.cpp, line 230]
Event: 10.279 Thread 0x0000026926a19000 Exception <a 'java/lang/ClassNotFoundException'{0x000000008f0b2230}: com/android/build/gradle/internal/tasks/ListingFileRedirectTask_DecoratedCustomizer> (0x000000008f0b2230) thrown at [src/hotspot/share/classfile/systemDictionary.cpp, line 230]
Event: 10.283 Thread 0x0000026926a19000 Exception <a 'java/lang/NoSuchMethodError'{0x000000008ef1eb78}: 'java.lang.Object java.lang.invoke.Invokers$Holder.linkToTargetMethod(java.lang.Object, java.lang.Object, java.lang.Object, int, java.lang.Object, java.lang.Object)'> (0x000000008ef1eb78) thrown at [src/hotspot/share/interpreter/linkResolver.cpp, line 773]
Event: 10.377 Thread 0x0000026926a19000 Exception <a 'java/lang/NoSuchMethodError'{0x000000008e595b98}: <clinit>> (0x000000008e595b98) thrown at [src/hotspot/share/prims/jni.cpp, line 1367]
Event: 10.383 Thread 0x0000026926a19000 Exception <a 'java/lang/NoSuchMethodError'{0x000000008e5dea48}: <clinit>> (0x000000008e5dea48) thrown at [src/hotspot/share/prims/jni.cpp, line 1367]
Event: 10.386 Thread 0x0000026926a19000 Exception <a 'java/lang/NoSuchMethodError'{0x000000008e411460}: 'void java.lang.invoke.DirectMethodHandle$Holder.invokeSpecial(java.lang.Object, java.lang.Object, java.lang.Object, int)'> (0x000000008e411460) thrown at [src/hotspot/share/interpreter/linkResolver.cpp, line 773]
Event: 10.414 Thread 0x0000026926a19000 Exception <a 'sun/nio/fs/WindowsException'{0x000000008e22adc8}> (0x000000008e22adc8) thrown at [src/hotspot/share/prims/jni.cpp, line 617]
Event: 10.473 Thread 0x0000026927f5c800 Exception <a 'java/lang/NoSuchMethodError'{0x000000008de78530}: <clinit>> (0x000000008de78530) thrown at [src/hotspot/share/prims/jni.cpp, line 1367]
Event: 10.474 Thread 0x0000026927f5c800 Exception <a 'java/lang/NoSuchMethodError'{0x000000008de82ae0}: <clinit>> (0x000000008de82ae0) thrown at [src/hotspot/share/prims/jni.cpp, line 1367]
Event: 10.490 Thread 0x0000026927775800 Exception <a 'java/lang/IncompatibleClassChangeError'{0x000000008defa860}: Found class java.lang.Object, but interface was expected> (0x000000008defa860) thrown at [src/hotspot/share/interpreter/linkResolver.cpp, line 839]
Event: 10.506 Thread 0x0000026927775800 Implicit null exception at 0x0000026916077177 to 0x000002691607730c

Events (20 events):
Event: 11.852 loading class com/google/common/collect/TransformedListIterator
Event: 11.852 loading class com/google/common/collect/TransformedListIterator done
Event: 12.196 loading class org/gradle/process/internal/health/memory/JvmMemoryStatusSnapshot
Event: 12.196 loading class org/gradle/process/internal/health/memory/JvmMemoryStatusSnapshot done
Event: 12.196 Executing VM operation: RevokeBias
Event: 12.197 Executing VM operation: RevokeBias done
Event: 12.197 Executing VM operation: RevokeBias
Event: 12.197 Executing VM operation: RevokeBias done
Event: 15.513 loading class org/gradle/internal/watch/registry/impl/AbstractFileWatcherUpdater
Event: 15.513 loading class org/gradle/internal/watch/registry/impl/AbstractFileWatcherUpdater done
Event: 15.514 loading class org/gradle/internal/watch/registry/impl/AbstractFileWatcherUpdater
Event: 15.514 loading class org/gradle/internal/watch/registry/impl/AbstractFileWatcherUpdater done
Event: 15.514 loading class com/google/common/collect/ImmutableSet
Event: 15.514 loading class com/google/common/collect/ImmutableSet done
Event: 15.514 loading class com/google/common/collect/ImmutableSet
Event: 15.514 loading class com/google/common/collect/ImmutableSet done
Event: 15.515 loading class org/gradle/internal/watch/registry/impl/AbstractFileWatcherUpdater
Event: 15.515 loading class org/gradle/internal/watch/registry/impl/AbstractFileWatcherUpdater done
Event: 15.515 loading class org/gradle/internal/watch/registry/impl/DefaultFileWatcherProbeRegistry$1
Event: 15.515 loading class org/gradle/internal/watch/registry/impl/DefaultFileWatcherProbeRegistry$1 done


Dynamic libraries:
0x00007ff671f30000 - 0x00007ff671f3a000 	C:\Program Files\Android\Android Studio\jbr\bin\java.exe
0x00007ff8bf610000 - 0x00007ff8bf806000 	C:\Windows\SYSTEM32\ntdll.dll
0x00007ff8bd670000 - 0x00007ff8bd72d000 	C:\Windows\System32\KERNEL32.DLL
0x00007ff8bd300000 - 0x00007ff8bd5c9000 	C:\Windows\System32\KERNELBASE.dll
0x00007ff8bce60000 - 0x00007ff8bcf60000 	C:\Windows\System32\ucrtbase.dll
0x00007ff8a1ae0000 - 0x00007ff8a1afb000 	C:\Program Files\Android\Android Studio\jbr\bin\VCRUNTIME140.dll
0x00007ff8a18e0000 - 0x00007ff8a18f7000 	C:\Program Files\Android\Android Studio\jbr\bin\jli.dll
0x00007ff8beda0000 - 0x00007ff8bef40000 	C:\Windows\System32\USER32.dll
0x00007ff8bd1f0000 - 0x00007ff8bd212000 	C:\Windows\System32\win32u.dll
0x00007ff8beff0000 - 0x00007ff8bf01a000 	C:\Windows\System32\GDI32.dll
0x00007ff8bcd50000 - 0x00007ff8bce5b000 	C:\Windows\System32\gdi32full.dll
0x00007ff8bd5d0000 - 0x00007ff8bd66d000 	C:\Windows\System32\msvcp_win.dll
0x00007ff8921d0000 - 0x00007ff89246b000 	C:\Windows\WinSxS\amd64_microsoft.windows.common-controls_6595b64144ccf1df_6.0.19041.746_none_ca02b4b61b8320a4\COMCTL32.dll
0x00007ff8bed00000 - 0x00007ff8bed9e000 	C:\Windows\System32\msvcrt.dll
0x00007ff8bd860000 - 0x00007ff8bd890000 	C:\Windows\System32\IMM32.DLL
0x00007ff8a2220000 - 0x00007ff8a227b000 	C:\ProgramData\Microsoft\DbgCtr\XShellDLL64_6015.dll
0x00007ff8bef40000 - 0x00007ff8befec000 	C:\Windows\System32\ADVAPI32.dll
0x00007ff8bd7c0000 - 0x00007ff8bd85c000 	C:\Windows\System32\sechost.dll
0x00007ff8bdb50000 - 0x00007ff8bdc7b000 	C:\Windows\System32\RPCRT4.dll
0x00007ff8be4f0000 - 0x00007ff8bec32000 	C:\Windows\System32\SHELL32.dll
0x00007ff8a2170000 - 0x00007ff8a217c000 	C:\Program Files\Android\Android Studio\jbr\bin\vcruntime140_1.dll
0x00007ff8a1850000 - 0x00007ff8a18dd000 	C:\Program Files\Android\Android Studio\jbr\bin\msvcp140.dll
0x00007ff877160000 - 0x00007ff877d1c000 	C:\Program Files\Android\Android Studio\jbr\bin\server\jvm.dll
0x00007ff8be3c0000 - 0x00007ff8be3c8000 	C:\Windows\System32\PSAPI.DLL
0x00007ff8aad90000 - 0x00007ff8aad99000 	C:\Windows\SYSTEM32\WSOCK32.dll
0x00007ff895110000 - 0x00007ff895137000 	C:\Windows\SYSTEM32\WINMM.dll
0x00007ff8bdc90000 - 0x00007ff8bdcfb000 	C:\Windows\System32\WS2_32.dll
0x00007ff8b57d0000 - 0x00007ff8b57da000 	C:\Windows\SYSTEM32\VERSION.dll
0x00007ff8bacc0000 - 0x00007ff8bacd2000 	C:\Windows\SYSTEM32\kernel.appcore.dll
0x00007ff8a1ee0000 - 0x00007ff8a1ef0000 	C:\Program Files\Android\Android Studio\jbr\bin\verify.dll
0x00007ff8a4650000 - 0x00007ff8a4834000 	C:\Windows\SYSTEM32\DBGHELP.DLL
0x00007ff8a4540000 - 0x00007ff8a456c000 	C:\Windows\SYSTEM32\dbgcore.DLL
0x00007ff8bd220000 - 0x00007ff8bd2a0000 	C:\Windows\System32\bcryptPrimitives.dll
0x00007ff8a1560000 - 0x00007ff8a1588000 	C:\Program Files\Android\Android Studio\jbr\bin\java.dll
0x00007ff8a1ac0000 - 0x00007ff8a1aca000 	C:\Program Files\Android\Android Studio\jbr\bin\jimage.dll
0x00007ff8a1660000 - 0x00007ff8a1678000 	C:\Program Files\Android\Android Studio\jbr\bin\zip.dll
0x00007ff8baec0000 - 0x00007ff8bb650000 	C:\Windows\SYSTEM32\windows.storage.dll
0x00007ff8bdd00000 - 0x00007ff8be056000 	C:\Windows\System32\combase.dll
0x00007ff8bc7b0000 - 0x00007ff8bc7dc000 	C:\Windows\SYSTEM32\Wldp.dll
0x00007ff8bd890000 - 0x00007ff8bd93e000 	C:\Windows\System32\SHCORE.dll
0x00007ff8bdaf0000 - 0x00007ff8bdb45000 	C:\Windows\System32\shlwapi.dll
0x00007ff8bcc80000 - 0x00007ff8bcca6000 	C:\Windows\SYSTEM32\profapi.dll
0x00007ff8a15d0000 - 0x00007ff8a15e9000 	C:\Program Files\Android\Android Studio\jbr\bin\net.dll
0x00007ff8b5f20000 - 0x00007ff8b6020000 	C:\Windows\SYSTEM32\WINHTTP.dll
0x00007ff8bc4c0000 - 0x00007ff8bc52a000 	C:\Windows\system32\mswsock.dll
0x00007ff8a0f80000 - 0x00007ff8a0f93000 	C:\Program Files\Android\Android Studio\jbr\bin\nio.dll
0x00007ff8a1c50000 - 0x00007ff8a1c77000 	C:\Users\it_04\.gradle\native\e1d6ef7f7dcc3fd88c89a11ec53ec762bb8ba0a96d01ffa2cd45eb1d1d8dd5c5\windows-amd64\native-platform.dll
0x00007ff898ba0000 - 0x00007ff898ce4000 	C:\Users\it_04\.gradle\native\0d407fdbe67a94daf76414ababcb853783967236a71b16ec16e742cd7a986fd3\windows-amd64\native-platform-file-events.dll
0x00007ff8af710000 - 0x00007ff8af71a000 	C:\Program Files\Android\Android Studio\jbr\bin\management.dll
0x00007ff8a0f70000 - 0x00007ff8a0f7b000 	C:\Program Files\Android\Android Studio\jbr\bin\management_ext.dll
0x00007ff8bc690000 - 0x00007ff8bc6a8000 	C:\Windows\SYSTEM32\CRYPTSP.dll
0x00007ff8bbe60000 - 0x00007ff8bbe94000 	C:\Windows\system32\rsaenh.dll
0x00007ff8bd060000 - 0x00007ff8bd087000 	C:\Windows\System32\bcrypt.dll
0x00007ff8bcc40000 - 0x00007ff8bcc6e000 	C:\Windows\SYSTEM32\USERENV.dll
0x00007ff8bc6b0000 - 0x00007ff8bc6bc000 	C:\Windows\SYSTEM32\CRYPTBASE.dll
0x00007ff8bc1b0000 - 0x00007ff8bc1eb000 	C:\Windows\SYSTEM32\IPHLPAPI.DLL
0x00007ff8bdc80000 - 0x00007ff8bdc88000 	C:\Windows\System32\NSI.dll
0x00007ff8b64d0000 - 0x00007ff8b64e7000 	C:\Windows\SYSTEM32\dhcpcsvc6.DLL
0x00007ff8b64b0000 - 0x00007ff8b64cd000 	C:\Windows\SYSTEM32\dhcpcsvc.DLL
0x00007ff8bc1f0000 - 0x00007ff8bc2bb000 	C:\Windows\SYSTEM32\DNSAPI.dll
0x00007ff8a0340000 - 0x00007ff8a0367000 	C:\Program Files\Android\Android Studio\jbr\bin\sunec.dll
0x00007ff8b0690000 - 0x00007ff8b069a000 	C:\Windows\System32\rasadhlp.dll
0x00007ff8b69e0000 - 0x00007ff8b6a5f000 	C:\Windows\System32\fwpuclnt.dll

dbghelp: loaded successfully - version: 4.0.5 - missing functions: none
symbol engine: initialized successfully - sym options: 0x614 - pdb path: .;C:\Program Files\Android\Android Studio\jbr\bin;C:\Windows\SYSTEM32;C:\Windows\WinSxS\amd64_microsoft.windows.common-controls_6595b64144ccf1df_6.0.19041.746_none_ca02b4b61b8320a4;C:\ProgramData\Microsoft\DbgCtr;C:\Program Files\Android\Android Studio\jbr\bin\server;C:\Users\it_04\.gradle\native\e1d6ef7f7dcc3fd88c89a11ec53ec762bb8ba0a96d01ffa2cd45eb1d1d8dd5c5\windows-amd64;C:\Users\it_04\.gradle\native\0d407fdbe67a94daf76414ababcb853783967236a71b16ec16e742cd7a986fd3\windows-amd64

VM Arguments:
jvm_args: --add-opens=java.base/java.util=ALL-UNNAMED --add-opens=java.base/java.lang=ALL-UNNAMED --add-opens=java.base/java.lang.invoke=ALL-UNNAMED --add-opens=java.base/java.util=ALL-UNNAMED --add-opens=java.prefs/java.util.prefs=ALL-UNNAMED --add-opens=java.prefs/java.util.prefs=ALL-UNNAMED --add-opens=java.base/java.nio.charset=ALL-UNNAMED --add-opens=java.base/java.net=ALL-UNNAMED --add-opens=java.base/java.util.concurrent.atomic=ALL-UNNAMED -Xmx2048m -Dfile.encoding=UTF-8 -Duser.country=US -Duser.language=en -Duser.variant 
java_command: org.gradle.launcher.daemon.bootstrap.GradleDaemon 7.5
java_class_path (initial): C:\Users\it_04\.gradle\wrapper\dists\gradle-7.5-bin\f1w0cc9nuo0eivz97x2xlu9sv\gradle-7.5\lib\gradle-launcher-7.5.jar
Launcher Type: SUN_STANDARD

[Global flags]
     intx CICompilerCount                          = 3                                         {product} {ergonomic}
     uint ConcGCThreads                            = 1                                         {product} {ergonomic}
     uint G1ConcRefinementThreads                  = 4                                         {product} {ergonomic}
   size_t G1HeapRegionSize                         = 1048576                                   {product} {ergonomic}
    uintx GCDrainStackTargetSize                   = 64                                        {product} {ergonomic}
   size_t InitialHeapSize                          = 266338304                                 {product} {ergonomic}
   size_t MarkStackSize                            = 4194304                                   {product} {ergonomic}
   size_t MaxHeapSize                              = 2147483648                                {product} {command line}
   size_t MaxNewSize                               = 1287651328                                {product} {ergonomic}
   size_t MinHeapDeltaBytes                        = 1048576                                   {product} {ergonomic}
    uintx NonNMethodCodeHeapSize                   = 5830732                                {pd product} {ergonomic}
    uintx NonProfiledCodeHeapSize                  = 122913754                              {pd product} {ergonomic}
    uintx ProfiledCodeHeapSize                     = 122913754                              {pd product} {ergonomic}
    uintx ReservedCodeCacheSize                    = 251658240                              {pd product} {ergonomic}
     bool SegmentedCodeCache                       = true                                      {product} {ergonomic}
     bool UseCompressedClassPointers               = true                                 {lp64_product} {ergonomic}
     bool UseCompressedOops                        = true                                 {lp64_product} {ergonomic}
     bool UseG1GC                                  = true                                      {product} {ergonomic}
     bool UseLargePagesIndividualAllocation        = false                                  {pd product} {ergonomic}

Logging:
Log output configuration:
 #0: stdout all=warning uptime,level,tags
 #1: stderr all=off uptime,level,tags

Environment Variables:
PATH=D:\app\it_07\product\11.2.0\client_1\bin;C:\Windows\system32;C:\Windows;C:\Windows\System32\Wbem;C:\Windows\System32\WindowsPowerShell\v1.0\;C:\Windows\System32\OpenSSH\;C:\Program Files\dotnet\;C:\Program Files\Git\cmd;C:\Users\it_04\AppData\Local\Microsoft\WindowsApps;C:\Users\it_04\.dotnet\tools
USERNAME=it_04
OS=Windows_NT
PROCESSOR_IDENTIFIER=Intel64 Family 6 Model 165 Stepping 3, GenuineIntel



---------------  S Y S T E M  ---------------

OS: Windows 10 , 64 bit Build 19041 (10.0.19041.804)
OS uptime: 0 days 0:20 hours

CPU:total 4 (initial active 4) (2 cores per cpu, 2 threads per core) family 6 model 165 stepping 3 microcode 0xe0, cmov, cx8, fxsr, mmx, sse, sse2, sse3, ssse3, sse4.1, sse4.2, popcnt, aes, clmul, erms, 3dnowpref, lzcnt, ht, tsc, tscinvbit

Memory: 4k page, system-wide physical 16242M (10665M free)
TotalPageFile size 18674M (AvailPageFile size 13631M)
current process WorkingSet (physical memory assigned to process): 501M, peak: 534M
current process commit charge ("private bytes"): 568M, peak: 596M

vm_info: OpenJDK 64-Bit Server VM (11.0.15+0-b2043.56-9505619) for windows-amd64 JRE (11.0.15+0-b2043.56-9505619), built on Jan 19 2023 02:48:00 by "builduser" with unknown MS VC++:1929

END.
