#
# A fatal error has been detected by the Java Runtime Environment:
#
#  EXCEPTION_ACCESS_VIOLATION (0xc0000005) at pc=0x00007ff8a09c63b0, pid=6984, tid=3932
#
# JRE version: OpenJDK Runtime Environment (11.0.15) (build 11.0.15+0-b2043.56-9505619)
# Java VM: OpenJDK 64-Bit Server VM (11.0.15+0-b2043.56-9505619, mixed mode, tiered, compressed oops, g1 gc, windows-amd64)
# Problematic frame:
# C  [native-platform-file-events.dll+0x463b0]
#
# No core dump will be written. Minidumps are not enabled by default on client versions of Windows
#
# If you would like to submit a bug report, please visit:
#   https://bugreport.java.com/bugreport/crash.jsp
# The crash happened outside the Java Virtual Machine in native code.
# See problematic frame for where to report the bug.
#

---------------  S U M M A R Y ------------

Command Line: --add-opens=java.base/java.util=ALL-UNNAMED --add-opens=java.base/java.lang=ALL-UNNAMED --add-opens=java.base/java.lang.invoke=ALL-UNNAMED --add-opens=java.base/java.util=ALL-UNNAMED --add-opens=java.prefs/java.util.prefs=ALL-UNNAMED --add-opens=java.prefs/java.util.prefs=ALL-UNNAMED --add-opens=java.base/java.nio.charset=ALL-UNNAMED --add-opens=java.base/java.net=ALL-UNNAMED --add-opens=java.base/java.util.concurrent.atomic=ALL-UNNAMED -Xmx2048m -Dfile.encoding=UTF-8 -Duser.country=US -Duser.language=en -Duser.variant org.gradle.launcher.daemon.bootstrap.GradleDaemon 7.5

Host: Intel(R) Pentium(R) Gold G6400 CPU @ 4.00GHz, 4 cores, 15G,  Windows 10 , 64 bit Build 19041 (10.0.19041.804)
Time: Mon Apr 24 08:53:57 2023 SE Asia Standard Time elapsed time: 37.636858 seconds (0d 0h 0m 37s)

---------------  T H R E A D  ---------------

Current thread (0x000002018185f000):  JavaThread "File watcher server" daemon [_thread_in_native, id=3932, stack(0x00000022b1800000,0x00000022b1900000)]

Stack: [0x00000022b1800000,0x00000022b1900000],  sp=0x00000022b18fe8f0,  free space=1018k
Native frames: (J=compiled Java code, j=interpreted, Vv=VM code, C=native code)
C  [native-platform-file-events.dll+0x463b0]

Java frames: (J=compiled Java code, j=interpreted, Vv=VM code)
j  net.rubygrapefruit.platform.internal.jni.AbstractFileEventFunctions$NativeFileWatcher.executeRunLoop0(Ljava/lang/Object;)V+0
j  net.rubygrapefruit.platform.internal.jni.AbstractFileEventFunctions$NativeFileWatcher.access$100(Lnet/rubygrapefruit/platform/internal/jni/AbstractFileEventFunctions$NativeFileWatcher;Ljava/lang/Object;)V+2
j  net.rubygrapefruit.platform.internal.jni.AbstractFileEventFunctions$NativeFileWatcher$1.run()V+26
v  ~StubRoutines::call_stub

siginfo: EXCEPTION_ACCESS_VIOLATION (0xc0000005), reading address 0x00000022874d7668


Register to memory mapping:

RIP=0x00007ff8a09c63b0 native-platform-file-events.dll
RAX=0x00000022874d7668 is an unknown value
RBX=0x0 is NULL
RCX=0x00000022b56fb0d8 is pointing into the stack for thread: 0x0000020180c01800
RDX=0x0 is NULL
RSP=0x00000022b18fe8f0 is pointing into the stack for thread: 0x000002018185f000
RBP=0x00000022b18ff2b8 is pointing into the stack for thread: 0x000002018185f000
RSI=0x00000022b56fb0d0 is pointing into the stack for thread: 0x0000020180c01800
RDI=0x00000022b56fb090 is pointing into the stack for thread: 0x0000020180c01800
R8 =0x0000000000000001 is an unknown value
R9 =0x0000000000000001 is an unknown value
R10=0x0000000000008000 is an unknown value
R11=0x00000022b18fe5a0 is pointing into the stack for thread: 0x000002018185f000
R12=0x0 is NULL
R13={method} {0x0000020183de6788} 'executeRunLoop0' '(Ljava/lang/Object;)V' in 'net/rubygrapefruit/platform/internal/jni/AbstractFileEventFunctions$NativeFileWatcher'
R14=0x0 is NULL
R15=0x000002018185f000 is a thread


Registers:
RAX=0x00000022874d7668, RBX=0x0000000000000000, RCX=0x00000022b56fb0d8, RDX=0x0000000000000000
RSP=0x00000022b18fe8f0, RBP=0x00000022b18ff2b8, RSI=0x00000022b56fb0d0, RDI=0x00000022b56fb090
R8 =0x0000000000000001, R9 =0x0000000000000001, R10=0x0000000000008000, R11=0x00000022b18fe5a0
R12=0x0000000000000000, R13=0x0000020183de6780, R14=0x0000000000000000, R15=0x000002018185f000
RIP=0x00007ff8a09c63b0, EFLAGS=0x0000000000010293

Top of Stack: (sp=0x00000022b18fe8f0)
0x00000022b18fe8f0:   0000000000000000 00000201e76dfa7a
0x00000022b18fe900:   00000201fe405990 00007ff8a09a3133
0x00000022b18fe910:   000002018496cf78 000000008ef00170
0x00000022b18fe920:   0000ad6d9ae0efef 00007ff8a09ada83
0x00000022b18fe930:   00000022b18ff2e0 00000022b56fb090
0x00000022b18fe940:   00007ff8a099f150 00007ff8a09b709b
0x00000022b18fe950:   00000022b56fb0d0 000000008041c578
0x00000022b18fe960:   0000000000000000 00007ff8a09abfae
0x00000022b18fe970:   000002018496cf70 00007ff8a09a92a6
0x00000022b18fe980:   00000022b56fb0d0 0000000000000000
0x00000022b18fe990:   000002018496cf70 00007ff8a09857b3
0x00000022b18fe9a0:   0000000000000000 00007ff8a09b64c2
0x00000022b18fe9b0:   00000022b18fe9f0 00000022b56fb0d0
0x00000022b18fe9c0:   00000201fe094a20 0000000000000000
0x00000022b18fe9d0:   000000008040f701 00000201fdfafd50
0x00000022b18fe9e0:   0000000000000000 00000022b18fea28 

Instructions: (pc=0x00007ff8a09c63b0)
0x00007ff8a09c62b0:   7d 0b 00 48 89 01 48 83 c1 08 48 83 c4 28 48 ff
0x00007ff8a09c62c0:   25 b3 7d 0f 00 48 8d 05 54 7d 0b 00 45 33 c0 48
0x00007ff8a09c62d0:   89 01 ba a0 0f 00 00 48 83 c1 08 48 83 c4 28 48
0x00007ff8a09c62e0:   ff 25 ba 7d 0f 00 e8 40 c3 fb ff cc cc cc cc cc
0x00007ff8a09c62f0:   cc cc cc cc cc cc cc cc cc cc cc cc cc cc cc cc
0x00007ff8a09c6300:   cc cc cc cc cc cc cc cc 48 83 c1 08 48 ff 25 9d
0x00007ff8a09c6310:   7d 0f 00 cc cc cc cc cc c2 00 00 cc 48 83 c1 08
0x00007ff8a09c6320:   48 ff 25 69 7d 0f 00 cc cc cc cc cc 48 83 c1 08
0x00007ff8a09c6330:   48 ff 25 51 7d 0f 00 cc cc cc cc cc 48 89 5c 24
0x00007ff8a09c6340:   18 56 57 41 56 48 83 ec 40 48 8b 05 f8 3e 0e 00
0x00007ff8a09c6350:   48 33 c4 48 89 44 24 30 8b 01 4c 8b f2 0f ba f0
0x00007ff8a09c6360:   08 48 8b f1 83 f8 01 75 2c ff 15 d1 7c 0f 00 39
0x00007ff8a09c6370:   46 48 74 19 48 8d 4e 08 48 8b 01 48 8b 00 ff 15
0x00007ff8a09c6380:   9c 9c 0f 00 ff 15 b6 7c 0f 00 89 46 48 ff 46 4c
0x00007ff8a09c6390:   e9 f3 00 00 00 4d 85 f6 75 24 ff 15 a0 7c 0f 00
0x00007ff8a09c63a0:   39 46 48 0f 84 9d 00 00 00 48 8d 4e 08 48 8b 01
0x00007ff8a09c63b0:   48 8b 00 ff 15 67 9c 0f 00 e9 88 00 00 00 48 83
0x00007ff8a09c63c0:   3a 00 7c 62 75 06 83 7a 08 00 7e 5a ba 01 00 00
0x00007ff8a09c63d0:   00 48 8d 4c 24 20 e8 e0 e1 fb ff 48 8b 44 24 20
0x00007ff8a09c63e0:   49 3b 06 7c 0c 75 7d 41 8b 46 08 39 44 24 28 7d
0x00007ff8a09c63f0:   73 ff 15 49 7c 0f 00 39 46 48 74 4a 48 8b 46 08
0x00007ff8a09c6400:   48 8d 54 24 20 49 8b ce 48 8b 58 10 e8 ef ec fb
0x00007ff8a09c6410:   ff 8b d0 48 8d 4e 08 48 8b c3 ff 15 00 9c 0f 00
0x00007ff8a09c6420:   84 c0 75 22 eb a6 ff 15 14 7c 0f 00 39 46 48 74
0x00007ff8a09c6430:   15 48 8d 4e 08 48 8b 01 48 8b 40 08 ff 15 de 9b
0x00007ff8a09c6440:   0f 00 84 c0 74 1e 8b 4e 4c 8d 41 01 89 46 4c 83
0x00007ff8a09c6450:   f8 01 7e 2b f7 06 00 01 00 00 75 2c 89 4e 4c 4d
0x00007ff8a09c6460:   85 f6 74 14 49 83 3e 00 75 07 41 83 7e 08 00 74
0x00007ff8a09c6470:   07 b8 02 00 00 00 eb 12 b8 03 00 00 00 eb 0b ff
0x00007ff8a09c6480:   15 bb 7b 0f 00 89 46 48 33 c0 48 8b 4c 24 30 48
0x00007ff8a09c6490:   33 cc e8 47 d7 fb ff 48 8b 5c 24 70 48 83 c4 40
0x00007ff8a09c64a0:   41 5e 5f 5e c3 cc cc cc cc cc cc cc cc cc cc cc 


Stack slot to memory mapping:
stack at sp + 0 slots: 0x0 is NULL
stack at sp + 1 slots: 0x00000201e76dfa7a is at code_begin+2458 in an Interpreter codelet
method entry point (kind = native)  [0x00000201e76df0e0, 0x00000201e76dfb60]  2688 bytes
stack at sp + 2 slots: {method} {0x00000201fe405998} 'findEntry' '(Ljava/lang/String;)J' in 'java/lang/ClassLoader$NativeLibrary'
stack at sp + 3 slots: 0x00007ff8a09a3133 native-platform-file-events.dll
stack at sp + 4 slots: 0x000002018496cf78 points into unknown readable memory: 0x746957656c694674 | 74 46 69 6c 65 57 69 74
stack at sp + 5 slots: 0x000000008ef00170 is an unallocated location in the heap
stack at sp + 6 slots: 0x0000ad6d9ae0efef is an unknown value
stack at sp + 7 slots: 0x00007ff8a09ada83 native-platform-file-events.dll


---------------  P R O C E S S  ---------------

Threads class SMR info:
_java_thread_list=0x0000020180b26b90, length=87, elements={
0x00000201e23d5000, 0x00000201fe7d0000, 0x00000201fe7d9800, 0x00000201fe82b800,
0x00000201fe82d800, 0x00000201fe82e800, 0x00000201fe832800, 0x00000201fe843800,
0x00000201fe89b800, 0x00000201fe9a3800, 0x0000020181393000, 0x0000020180d58000,
0x0000020181785000, 0x0000020181386000, 0x0000020181a05000, 0x0000020181860000,
0x0000020181861000, 0x000002018185c000, 0x000002018185f000, 0x000002018185b000,
0x000002018185e800, 0x0000020181861800, 0x000002018185d800, 0x00000201824ff000,
0x00000201824fa800, 0x00000201860fb800, 0x00000201860ff800, 0x00000201860fe000,
0x00000201860f6000, 0x00000201860f3800, 0x00000201860f4800, 0x00000201860f2800,
0x00000201860f5000, 0x00000201860f2000, 0x00000201860f6800, 0x00000201860f1000,
0x00000201860f9000, 0x00000201860fc800, 0x00000201860fd800, 0x00000201860fa000,
0x00000201860f7800, 0x00000201860f8800, 0x00000201860ff000, 0x00000201860fb000,
0x00000201824fd800, 0x00000201824fe800, 0x00000201824f8800, 0x00000201824fb000,
0x00000201824fc000, 0x00000201824f9800, 0x0000020182506800, 0x0000020182505000,
0x0000020182506000, 0x0000020182507800, 0x0000020182503800, 0x0000020182504000,
0x0000020186d7a000, 0x0000020186d7f800, 0x0000020186d7e000, 0x0000020186d7a800,
0x0000020186d7b800, 0x0000020186d7c000, 0x0000020186d7d000, 0x00000201860b2800,
0x00000201860b4800, 0x00000201860b5000, 0x00000201860b6000, 0x00000201860b3800,
0x00000201860b7000, 0x00000201860b1000, 0x00000201860b7800, 0x00000201860b2000,
0x0000020180bfc000, 0x0000020180bf9800, 0x0000020180bf7800, 0x0000020180bf8800,
0x0000020180bfb000, 0x0000020180bf7000, 0x0000020180bfa000, 0x0000020180bf6000,
0x0000020180bfe800, 0x0000020180c00800, 0x0000020180bfd800, 0x0000020180c01800,
0x0000020180bfc800, 0x0000020180c00000, 0x0000020180c02800
}

Java Threads: ( => current thread )
  0x00000201e23d5000 JavaThread "main" [_thread_blocked, id=7700, stack(0x00000022af300000,0x00000022af400000)]
  0x00000201fe7d0000 JavaThread "Reference Handler" daemon [_thread_blocked, id=9280, stack(0x00000022afd00000,0x00000022afe00000)]
  0x00000201fe7d9800 JavaThread "Finalizer" daemon [_thread_blocked, id=3156, stack(0x00000022afe00000,0x00000022aff00000)]
  0x00000201fe82b800 JavaThread "Signal Dispatcher" daemon [_thread_blocked, id=7644, stack(0x00000022aff00000,0x00000022b0000000)]
  0x00000201fe82d800 JavaThread "Attach Listener" daemon [_thread_blocked, id=3772, stack(0x00000022b0000000,0x00000022b0100000)]
  0x00000201fe82e800 JavaThread "Service Thread" daemon [_thread_blocked, id=276, stack(0x00000022b0100000,0x00000022b0200000)]
  0x00000201fe832800 JavaThread "C2 CompilerThread0" daemon [_thread_in_native, id=9932, stack(0x00000022b0200000,0x00000022b0300000)]
  0x00000201fe843800 JavaThread "C1 CompilerThread0" daemon [_thread_in_native, id=10040, stack(0x00000022b0300000,0x00000022b0400000)]
  0x00000201fe89b800 JavaThread "Sweeper thread" daemon [_thread_blocked, id=4812, stack(0x00000022b0400000,0x00000022b0500000)]
  0x00000201fe9a3800 JavaThread "Common-Cleaner" daemon [_thread_blocked, id=6796, stack(0x00000022b0500000,0x00000022b0600000)]
  0x0000020181393000 JavaThread "Daemon health stats" [_thread_blocked, id=9508, stack(0x00000022b0b00000,0x00000022b0c00000)]
  0x0000020180d58000 JavaThread "Incoming local TCP Connector on port 50322" [_thread_in_native, id=9848, stack(0x00000022b0c00000,0x00000022b0d00000)]
  0x0000020181785000 JavaThread "Daemon periodic checks" [_thread_blocked, id=9860, stack(0x00000022b0d00000,0x00000022b0e00000)]
  0x0000020181386000 JavaThread "Daemon" [_thread_blocked, id=9268, stack(0x00000022b0e00000,0x00000022b0f00000)]
  0x0000020181a05000 JavaThread "Daemon worker" [_thread_blocked, id=7960, stack(0x00000022b1100000,0x00000022b1200000)]
  0x0000020181860000 JavaThread "Cache worker for journal cache (C:\Users\it_04\.gradle\caches\journal-1)" [_thread_blocked, id=8484, stack(0x00000022b1500000,0x00000022b1600000)]
  0x0000020181861000 JavaThread "File lock request listener" [_thread_in_native, id=9160, stack(0x00000022b1600000,0x00000022b1700000)]
  0x000002018185c000 JavaThread "Cache worker for file hash cache (C:\Users\it_04\.gradle\caches\7.5\fileHashes)" [_thread_blocked, id=6472, stack(0x00000022b1700000,0x00000022b1800000)]
=>0x000002018185f000 JavaThread "File watcher server" daemon [_thread_in_native, id=3932, stack(0x00000022b1800000,0x00000022b1900000)]
  0x000002018185b000 JavaThread "jar transforms" [_thread_blocked, id=7232, stack(0x00000022b1a00000,0x00000022b1b00000)]
  0x000002018185e800 JavaThread "jar transforms Thread 2" [_thread_blocked, id=6548, stack(0x00000022b1b00000,0x00000022b1c00000)]
  0x0000020181861800 JavaThread "jar transforms Thread 3" [_thread_blocked, id=8676, stack(0x00000022b1c00000,0x00000022b1d00000)]
  0x000002018185d800 JavaThread "jar transforms Thread 4" [_thread_blocked, id=8432, stack(0x00000022b1d00000,0x00000022b1e00000)]
  0x00000201824ff000 JavaThread "Cache worker for file content cache (C:\Users\it_04\.gradle\caches\7.5\fileContent)" [_thread_blocked, id=10168, stack(0x00000022b2000000,0x00000022b2100000)]
  0x00000201824fa800 JavaThread "Cache worker for execution history cache (C:\Users\it_04\.gradle\caches\7.5\executionHistory)" [_thread_blocked, id=6168, stack(0x00000022b2300000,0x00000022b2400000)]
  0x00000201860fb800 JavaThread "Memory manager" [_thread_blocked, id=8652, stack(0x00000022b4f00000,0x00000022b5000000)]
  0x00000201860ff800 JavaThread "pool-3-thread-1" [_thread_blocked, id=10108, stack(0x00000022b5000000,0x00000022b5100000)]
  0x00000201860fe000 JavaThread "included builds" [_thread_blocked, id=2532, stack(0x00000022b5100000,0x00000022b5200000)]
  0x00000201860f6000 JavaThread "Handler for socket connection from /127.0.0.1:50322 to /127.0.0.1:50345" [_thread_in_native, id=8456, stack(0x00000022b0700000,0x00000022b0800000)]
  0x00000201860f3800 JavaThread "Cancel handler" [_thread_blocked, id=4528, stack(0x00000022b0f00000,0x00000022b1000000)]
  0x00000201860f4800 JavaThread "Asynchronous log dispatcher for DefaultDaemonConnection: socket connection from /127.0.0.1:50322 to /127.0.0.1:50345" [_thread_blocked, id=8696, stack(0x00000022b1000000,0x00000022b1100000)]
  0x00000201860f2800 JavaThread "Stdin handler" [_thread_blocked, id=880, stack(0x00000022b1200000,0x00000022b1300000)]
  0x00000201860f5000 JavaThread "Daemon client event forwarder" [_thread_blocked, id=708, stack(0x00000022b1300000,0x00000022b1400000)]
  0x00000201860f2000 JavaThread "Cache worker for checksums cache (D:\SourceAndroid\KyThuat\.gradle\7.5\checksums)" [_thread_blocked, id=8712, stack(0x00000022b1400000,0x00000022b1500000)]
  0x00000201860f6800 JavaThread "Cache worker for cache directory md-rule (C:\Users\it_04\.gradle\caches\7.5\md-rule)" [_thread_blocked, id=8144, stack(0x00000022b1e00000,0x00000022b1f00000)]
  0x00000201860f1000 JavaThread "Cache worker for file hash cache (D:\SourceAndroid\KyThuat\.gradle\7.5\fileHashes)" [_thread_blocked, id=9344, stack(0x00000022b1f00000,0x00000022b2000000)]
  0x00000201860f9000 JavaThread "Cache worker for cache directory md-supplier (C:\Users\it_04\.gradle\caches\7.5\md-supplier)" [_thread_blocked, id=10028, stack(0x00000022b2100000,0x00000022b2200000)]
  0x00000201860fc800 JavaThread "Cache worker for dependencies-accessors (D:\SourceAndroid\KyThuat\.gradle\7.5\dependencies-accessors)" [_thread_blocked, id=5880, stack(0x00000022b2200000,0x00000022b2300000)]
  0x00000201860fd800 JavaThread "Cache worker for Build Output Cleanup Cache (D:\SourceAndroid\KyThuat\.gradle\buildOutputCleanup)" [_thread_blocked, id=4828, stack(0x00000022b2500000,0x00000022b2600000)]
  0x00000201860fa000 JavaThread "Unconstrained build operations" [_thread_blocked, id=7220, stack(0x00000022b2700000,0x00000022b2800000)]
  0x00000201860f7800 JavaThread "Unconstrained build operations Thread 2" [_thread_blocked, id=1916, stack(0x00000022b2800000,0x00000022b2900000)]
  0x00000201860f8800 JavaThread "Unconstrained build operations Thread 3" [_thread_blocked, id=7364, stack(0x00000022b2900000,0x00000022b2a00000)]
  0x00000201860ff000 JavaThread "Unconstrained build operations Thread 4" [_thread_blocked, id=5240, stack(0x00000022b2a00000,0x00000022b2b00000)]
  0x00000201860fb000 JavaThread "Unconstrained build operations Thread 5" [_thread_blocked, id=1356, stack(0x00000022b2b00000,0x00000022b2c00000)]
  0x00000201824fd800 JavaThread "Unconstrained build operations Thread 6" [_thread_blocked, id=3096, stack(0x00000022b2c00000,0x00000022b2d00000)]
  0x00000201824fe800 JavaThread "Unconstrained build operations Thread 7" [_thread_blocked, id=9384, stack(0x00000022b2d00000,0x00000022b2e00000)]
  0x00000201824f8800 JavaThread "Unconstrained build operations Thread 8" [_thread_blocked, id=9284, stack(0x00000022b2e00000,0x00000022b2f00000)]
  0x00000201824fb000 JavaThread "Unconstrained build operations Thread 9" [_thread_blocked, id=3516, stack(0x00000022b2f00000,0x00000022b3000000)]
  0x00000201824fc000 JavaThread "Unconstrained build operations Thread 10" [_thread_blocked, id=2500, stack(0x00000022b3000000,0x00000022b3100000)]
  0x00000201824f9800 JavaThread "Unconstrained build operations Thread 11" [_thread_blocked, id=1888, stack(0x00000022b3100000,0x00000022b3200000)]
  0x0000020182506800 JavaThread "Unconstrained build operations Thread 12" [_thread_blocked, id=9488, stack(0x00000022b3200000,0x00000022b3300000)]
  0x0000020182505000 JavaThread "Unconstrained build operations Thread 13" [_thread_blocked, id=1820, stack(0x00000022b3300000,0x00000022b3400000)]
  0x0000020182506000 JavaThread "Unconstrained build operations Thread 14" [_thread_blocked, id=9180, stack(0x00000022b3400000,0x00000022b3500000)]
  0x0000020182507800 JavaThread "Unconstrained build operations Thread 15" [_thread_blocked, id=6392, stack(0x00000022b3500000,0x00000022b3600000)]
  0x0000020182503800 JavaThread "Unconstrained build operations Thread 16" [_thread_blocked, id=6104, stack(0x00000022b3600000,0x00000022b3700000)]
  0x0000020182504000 JavaThread "Unconstrained build operations Thread 17" [_thread_blocked, id=1660, stack(0x00000022b3700000,0x00000022b3800000)]
  0x0000020186d7a000 JavaThread "Unconstrained build operations Thread 18" [_thread_blocked, id=9660, stack(0x00000022b3800000,0x00000022b3900000)]
  0x0000020186d7f800 JavaThread "Unconstrained build operations Thread 19" [_thread_blocked, id=5964, stack(0x00000022b3900000,0x00000022b3a00000)]
  0x0000020186d7e000 JavaThread "Unconstrained build operations Thread 20" [_thread_blocked, id=3572, stack(0x00000022b3a00000,0x00000022b3b00000)]
  0x0000020186d7a800 JavaThread "Unconstrained build operations Thread 21" [_thread_blocked, id=4724, stack(0x00000022b3b00000,0x00000022b3c00000)]
  0x0000020186d7b800 JavaThread "Unconstrained build operations Thread 22" [_thread_blocked, id=1840, stack(0x00000022b3c00000,0x00000022b3d00000)]
  0x0000020186d7c000 JavaThread "Unconstrained build operations Thread 23" [_thread_blocked, id=5580, stack(0x00000022b3d00000,0x00000022b3e00000)]
  0x0000020186d7d000 JavaThread "Unconstrained build operations Thread 24" [_thread_blocked, id=2984, stack(0x00000022b3e00000,0x00000022b3f00000)]
  0x00000201860b2800 JavaThread "Unconstrained build operations Thread 25" [_thread_blocked, id=1200, stack(0x00000022b3f00000,0x00000022b4000000)]
  0x00000201860b4800 JavaThread "Unconstrained build operations Thread 26" [_thread_blocked, id=2836, stack(0x00000022b4000000,0x00000022b4100000)]
  0x00000201860b5000 JavaThread "Unconstrained build operations Thread 27" [_thread_blocked, id=7268, stack(0x00000022b4100000,0x00000022b4200000)]
  0x00000201860b6000 JavaThread "Unconstrained build operations Thread 28" [_thread_blocked, id=8792, stack(0x00000022b4200000,0x00000022b4300000)]
  0x00000201860b3800 JavaThread "Unconstrained build operations Thread 29" [_thread_blocked, id=9176, stack(0x00000022b4300000,0x00000022b4400000)]
  0x00000201860b7000 JavaThread "Unconstrained build operations Thread 30" [_thread_blocked, id=9304, stack(0x00000022b4400000,0x00000022b4500000)]
  0x00000201860b1000 JavaThread "Unconstrained build operations Thread 31" [_thread_blocked, id=5280, stack(0x00000022b4500000,0x00000022b4600000)]
  0x00000201860b7800 JavaThread "Unconstrained build operations Thread 32" [_thread_blocked, id=6000, stack(0x00000022b4600000,0x00000022b4700000)]
  0x00000201860b2000 JavaThread "Unconstrained build operations Thread 33" [_thread_blocked, id=6116, stack(0x00000022b4700000,0x00000022b4800000)]
  0x0000020180bfc000 JavaThread "Unconstrained build operations Thread 34" [_thread_blocked, id=2028, stack(0x00000022b4800000,0x00000022b4900000)]
  0x0000020180bf9800 JavaThread "Unconstrained build operations Thread 35" [_thread_blocked, id=5740, stack(0x00000022b4900000,0x00000022b4a00000)]
  0x0000020180bf7800 JavaThread "Unconstrained build operations Thread 36" [_thread_blocked, id=1704, stack(0x00000022b4a00000,0x00000022b4b00000)]
  0x0000020180bf8800 JavaThread "Unconstrained build operations Thread 37" [_thread_blocked, id=7328, stack(0x00000022b4b00000,0x00000022b4c00000)]
  0x0000020180bfb000 JavaThread "Unconstrained build operations Thread 38" [_thread_blocked, id=1652, stack(0x00000022b4c00000,0x00000022b4d00000)]
  0x0000020180bf7000 JavaThread "Unconstrained build operations Thread 39" [_thread_blocked, id=10204, stack(0x00000022b4d00000,0x00000022b4e00000)]
  0x0000020180bfa000 JavaThread "Unconstrained build operations Thread 40" [_thread_blocked, id=9256, stack(0x00000022b4e00000,0x00000022b4f00000)]
  0x0000020180bf6000 JavaThread "build event listener" [_thread_blocked, id=4552, stack(0x00000022b5200000,0x00000022b5300000)]
  0x0000020180bfe800 JavaThread "pool-6-thread-1" [_thread_blocked, id=6752, stack(0x00000022b5300000,0x00000022b5400000)]
  0x0000020180c00800 JavaThread "build event listener" [_thread_blocked, id=4852, stack(0x00000022b5400000,0x00000022b5500000)]
  0x0000020180bfd800 JavaThread "included builds" [_thread_blocked, id=7776, stack(0x00000022b5500000,0x00000022b5600000)]
  0x0000020180c01800 JavaThread "Execution worker" [_thread_blocked, id=5896, stack(0x00000022b5600000,0x00000022b5700000)]
  0x0000020180bfc800 JavaThread "Execution worker Thread 2" [_thread_blocked, id=10164, stack(0x00000022b5700000,0x00000022b5800000)]
  0x0000020180c00000 JavaThread "Execution worker Thread 3" [_thread_in_native, id=9784, stack(0x00000022b5800000,0x00000022b5900000)]
  0x0000020180c02800 JavaThread "Cache worker for execution history cache (D:\SourceAndroid\KyThuat\.gradle\7.5\executionHistory)" [_thread_blocked, id=1716, stack(0x00000022b5900000,0x00000022b5a00000)]

Other Threads:
  0x00000201fe7cd800 VMThread "VM Thread" [stack: 0x00000022afc00000,0x00000022afd00000] [id=1832]
  0x00000201fe9a9800 WatcherThread [stack: 0x00000022b0600000,0x00000022b0700000] [id=9772]
  0x00000201e23ed000 GCTaskThread "GC Thread#0" [stack: 0x00000022af700000,0x00000022af800000] [id=8468]
  0x00000201fefc9000 GCTaskThread "GC Thread#1" [stack: 0x00000022b0800000,0x00000022b0900000] [id=1136]
  0x00000201ff2f3800 GCTaskThread "GC Thread#2" [stack: 0x00000022b0900000,0x00000022b0a00000] [id=5316]
  0x00000201801c1000 GCTaskThread "GC Thread#3" [stack: 0x00000022b0a00000,0x00000022b0b00000] [id=9352]
  0x00000201e241d000 ConcurrentGCThread "G1 Main Marker" [stack: 0x00000022af800000,0x00000022af900000] [id=6756]
  0x00000201e241e800 ConcurrentGCThread "G1 Conc#0" [stack: 0x00000022af900000,0x00000022afa00000] [id=2792]
  0x00000201fde0e800 ConcurrentGCThread "G1 Refine#0" [stack: 0x00000022afa00000,0x00000022afb00000] [id=7132]
  0x0000020184fbc800 ConcurrentGCThread "G1 Refine#1" [stack: 0x00000022b2600000,0x00000022b2700000] [id=3640]
  0x00000201fde0f000 ConcurrentGCThread "G1 Young RemSet Sampling" [stack: 0x00000022afb00000,0x00000022afc00000] [id=4440]

Threads with active compile tasks:
C2 CompilerThread0    37658 12482       4       java.io.ObjectOutputStream$BlockDataOutputStream::writeBytes (144 bytes)

VM state:not at safepoint (normal execution)

VM Mutex/Monitor currently owned by a thread: None

Heap address: 0x0000000080000000, size: 2048 MB, Compressed Oops mode: 32-bit
Narrow klass base: 0x0000000000000000, Narrow klass shift: 3
Compressed class space size: 1073741824 Address: 0x0000000100000000

Heap:
 garbage-first heap   total 312320K, used 205284K [0x0000000080000000, 0x0000000100000000)
  region size 1024K, 19 young (19456K), 9 survivors (9216K)
 Metaspace       used 106533K, capacity 109681K, committed 109776K, reserved 1144832K
  class space    used 13331K, capacity 14420K, committed 14464K, reserved 1048576K
Heap Regions: E=young(eden), S=young(survivor), O=old, HS=humongous(starts), HC=humongous(continues), CS=collection set, F=free, A=archive, TAMS=top-at-mark-start (previous, next)
|   0|0x0000000080000000, 0x0000000080100000, 0x0000000080100000|100%|HS|  |TAMS 0x0000000080100000, 0x0000000080000000| Complete 
|   1|0x0000000080100000, 0x0000000080200000, 0x0000000080200000|100%|HC|  |TAMS 0x0000000080200000, 0x0000000080100000| Complete 
|   2|0x0000000080200000, 0x0000000080300000, 0x0000000080300000|100%|HC|  |TAMS 0x0000000080300000, 0x0000000080200000| Complete 
|   3|0x0000000080300000, 0x0000000080400000, 0x0000000080400000|100%| O|  |TAMS 0x0000000080400000, 0x0000000080300000| Untracked 
|   4|0x0000000080400000, 0x0000000080500000, 0x0000000080500000|100%| O|  |TAMS 0x0000000080500000, 0x0000000080400000| Untracked 
|   5|0x0000000080500000, 0x0000000080600000, 0x0000000080600000|100%| O|  |TAMS 0x0000000080600000, 0x0000000080500000| Complete 
|   6|0x0000000080600000, 0x0000000080700000, 0x0000000080700000|100%| O|  |TAMS 0x0000000080700000, 0x0000000080600000| Untracked 
|   7|0x0000000080700000, 0x0000000080800000, 0x0000000080800000|100%| O|  |TAMS 0x0000000080800000, 0x0000000080700000| Untracked 
|   8|0x0000000080800000, 0x0000000080900000, 0x0000000080900000|100%| O|  |TAMS 0x0000000080900000, 0x0000000080800000| Untracked 
|   9|0x0000000080900000, 0x0000000080a00000, 0x0000000080a00000|100%| O|  |TAMS 0x0000000080a00000, 0x0000000080900000| Complete 
|  10|0x0000000080a00000, 0x0000000080b00000, 0x0000000080b00000|100%| O|  |TAMS 0x0000000080b00000, 0x0000000080a00000| Untracked 
|  11|0x0000000080b00000, 0x0000000080c00000, 0x0000000080c00000|100%| O|  |TAMS 0x0000000080c00000, 0x0000000080b00000| Complete 
|  12|0x0000000080c00000, 0x0000000080d00000, 0x0000000080d00000|100%| O|  |TAMS 0x0000000080d00000, 0x0000000080c00000| Untracked 
|  13|0x0000000080d00000, 0x0000000080e00000, 0x0000000080e00000|100%| O|  |TAMS 0x0000000080e00000, 0x0000000080d00000| Untracked 
|  14|0x0000000080e00000, 0x0000000080f00000, 0x0000000080f00000|100%| O|  |TAMS 0x0000000080f00000, 0x0000000080e00000| Untracked 
|  15|0x0000000080f00000, 0x0000000081000000, 0x0000000081000000|100%| O|  |TAMS 0x0000000081000000, 0x0000000080f00000| Untracked 
|  16|0x0000000081000000, 0x0000000081100000, 0x0000000081100000|100%| O|  |TAMS 0x0000000081100000, 0x0000000081000000| Untracked 
|  17|0x0000000081100000, 0x0000000081200000, 0x0000000081200000|100%|HS|  |TAMS 0x0000000081200000, 0x0000000081100000| Complete 
|  18|0x0000000081200000, 0x0000000081300000, 0x0000000081300000|100%|HC|  |TAMS 0x0000000081300000, 0x0000000081200000| Complete 
|  19|0x0000000081300000, 0x0000000081400000, 0x0000000081400000|100%|HS|  |TAMS 0x0000000081400000, 0x0000000081300000| Complete 
|  20|0x0000000081400000, 0x0000000081500000, 0x0000000081500000|100%|HC|  |TAMS 0x0000000081500000, 0x0000000081400000| Complete 
|  21|0x0000000081500000, 0x0000000081600000, 0x0000000081600000|100%|HC|  |TAMS 0x0000000081600000, 0x0000000081500000| Complete 
|  22|0x0000000081600000, 0x0000000081700000, 0x0000000081700000|100%|HS|  |TAMS 0x0000000081700000, 0x0000000081600000| Complete 
|  23|0x0000000081700000, 0x0000000081800000, 0x0000000081800000|100%|HC|  |TAMS 0x0000000081800000, 0x0000000081700000| Complete 
|  24|0x0000000081800000, 0x0000000081900000, 0x0000000081900000|100%|HC|  |TAMS 0x0000000081900000, 0x0000000081800000| Complete 
|  25|0x0000000081900000, 0x0000000081a00000, 0x0000000081a00000|100%|HS|  |TAMS 0x0000000081a00000, 0x0000000081900000| Complete 
|  26|0x0000000081a00000, 0x0000000081b00000, 0x0000000081b00000|100%|HC|  |TAMS 0x0000000081b00000, 0x0000000081a00000| Complete 
|  27|0x0000000081b00000, 0x0000000081c00000, 0x0000000081c00000|100%|HS|  |TAMS 0x0000000081c00000, 0x0000000081b00000| Complete 
|  28|0x0000000081c00000, 0x0000000081d00000, 0x0000000081d00000|100%|HC|  |TAMS 0x0000000081d00000, 0x0000000081c00000| Complete 
|  29|0x0000000081d00000, 0x0000000081e00000, 0x0000000081e00000|100%|HC|  |TAMS 0x0000000081e00000, 0x0000000081d00000| Complete 
|  30|0x0000000081e00000, 0x0000000081f00000, 0x0000000081f00000|100%|HC|  |TAMS 0x0000000081f00000, 0x0000000081e00000| Complete 
|  31|0x0000000081f00000, 0x0000000082000000, 0x0000000082000000|100%|HC|  |TAMS 0x0000000082000000, 0x0000000081f00000| Complete 
|  32|0x0000000082000000, 0x0000000082100000, 0x0000000082100000|100%|HC|  |TAMS 0x0000000082100000, 0x0000000082000000| Complete 
|  33|0x0000000082100000, 0x0000000082200000, 0x0000000082200000|100%|HC|  |TAMS 0x0000000082200000, 0x0000000082100000| Complete 
|  34|0x0000000082200000, 0x0000000082300000, 0x0000000082300000|100%|HC|  |TAMS 0x0000000082300000, 0x0000000082200000| Complete 
|  35|0x0000000082300000, 0x0000000082400000, 0x0000000082400000|100%|HC|  |TAMS 0x0000000082400000, 0x0000000082300000| Complete 
|  36|0x0000000082400000, 0x0000000082500000, 0x0000000082500000|100%|HC|  |TAMS 0x0000000082500000, 0x0000000082400000| Complete 
|  37|0x0000000082500000, 0x0000000082600000, 0x0000000082600000|100%|HS|  |TAMS 0x0000000082600000, 0x0000000082500000| Complete 
|  38|0x0000000082600000, 0x0000000082700000, 0x0000000082700000|100%|HC|  |TAMS 0x0000000082700000, 0x0000000082600000| Complete 
|  39|0x0000000082700000, 0x0000000082800000, 0x0000000082800000|100%|HS|  |TAMS 0x0000000082800000, 0x0000000082700000| Complete 
|  40|0x0000000082800000, 0x0000000082900000, 0x0000000082900000|100%|HC|  |TAMS 0x0000000082900000, 0x0000000082800000| Complete 
|  41|0x0000000082900000, 0x0000000082a00000, 0x0000000082a00000|100%|HC|  |TAMS 0x0000000082a00000, 0x0000000082900000| Complete 
|  42|0x0000000082a00000, 0x0000000082b00000, 0x0000000082b00000|100%|HC|  |TAMS 0x0000000082b00000, 0x0000000082a00000| Complete 
|  43|0x0000000082b00000, 0x0000000082c00000, 0x0000000082c00000|100%|HC|  |TAMS 0x0000000082c00000, 0x0000000082b00000| Complete 
|  44|0x0000000082c00000, 0x0000000082d00000, 0x0000000082d00000|100%| O|  |TAMS 0x0000000082d00000, 0x0000000082c00000| Complete 
|  45|0x0000000082d00000, 0x0000000082e00000, 0x0000000082e00000|100%| O|  |TAMS 0x0000000082e00000, 0x0000000082d00000| Complete 
|  46|0x0000000082e00000, 0x0000000082f00000, 0x0000000082f00000|100%| O|  |TAMS 0x0000000082f00000, 0x0000000082e00000| Complete 
|  47|0x0000000082f00000, 0x0000000083000000, 0x0000000083000000|100%| O|  |TAMS 0x0000000083000000, 0x0000000082f00000| Complete 
|  48|0x0000000083000000, 0x0000000083100000, 0x0000000083100000|100%| O|  |TAMS 0x0000000083100000, 0x0000000083000000| Untracked 
|  49|0x0000000083100000, 0x0000000083200000, 0x0000000083200000|100%| O|  |TAMS 0x0000000083200000, 0x0000000083100000| Complete 
|  50|0x0000000083200000, 0x0000000083300000, 0x0000000083300000|100%| O|  |TAMS 0x0000000083300000, 0x0000000083200000| Complete 
|  51|0x0000000083300000, 0x0000000083400000, 0x0000000083400000|100%| O|  |TAMS 0x0000000083400000, 0x0000000083300000| Untracked 
|  52|0x0000000083400000, 0x0000000083500000, 0x0000000083500000|100%| O|  |TAMS 0x0000000083500000, 0x0000000083400000| Complete 
|  53|0x0000000083500000, 0x0000000083600000, 0x0000000083600000|100%|HS|  |TAMS 0x0000000083600000, 0x0000000083500000| Complete 
|  54|0x0000000083600000, 0x0000000083700000, 0x0000000083700000|100%|HC|  |TAMS 0x0000000083700000, 0x0000000083600000| Complete 
|  55|0x0000000083700000, 0x0000000083800000, 0x0000000083800000|100%|HC|  |TAMS 0x0000000083800000, 0x0000000083700000| Complete 
|  56|0x0000000083800000, 0x0000000083900000, 0x0000000083900000|100%|HC|  |TAMS 0x0000000083900000, 0x0000000083800000| Complete 
|  57|0x0000000083900000, 0x0000000083a00000, 0x0000000083a00000|100%|HC|  |TAMS 0x0000000083a00000, 0x0000000083900000| Complete 
|  58|0x0000000083a00000, 0x0000000083b00000, 0x0000000083b00000|100%|HC|  |TAMS 0x0000000083b00000, 0x0000000083a00000| Complete 
|  59|0x0000000083b00000, 0x0000000083c00000, 0x0000000083c00000|100%|HC|  |TAMS 0x0000000083c00000, 0x0000000083b00000| Complete 
|  60|0x0000000083c00000, 0x0000000083d00000, 0x0000000083d00000|100%|HC|  |TAMS 0x0000000083d00000, 0x0000000083c00000| Complete 
|  61|0x0000000083d00000, 0x0000000083e00000, 0x0000000083e00000|100%|HC|  |TAMS 0x0000000083e00000, 0x0000000083d00000| Complete 
|  62|0x0000000083e00000, 0x0000000083f00000, 0x0000000083f00000|100%|HC|  |TAMS 0x0000000083f00000, 0x0000000083e00000| Complete 
|  63|0x0000000083f00000, 0x0000000084000000, 0x0000000084000000|100%|HS|  |TAMS 0x0000000084000000, 0x0000000083f00000| Complete 
|  64|0x0000000084000000, 0x0000000084100000, 0x0000000084100000|100%|HC|  |TAMS 0x0000000084100000, 0x0000000084000000| Complete 
|  65|0x0000000084100000, 0x0000000084200000, 0x0000000084200000|100%|HS|  |TAMS 0x0000000084200000, 0x0000000084100000| Complete 
|  66|0x0000000084200000, 0x0000000084300000, 0x0000000084300000|100%|HC|  |TAMS 0x0000000084300000, 0x0000000084200000| Complete 
|  67|0x0000000084300000, 0x0000000084400000, 0x0000000084400000|100%|HC|  |TAMS 0x0000000084400000, 0x0000000084300000| Complete 
|  68|0x0000000084400000, 0x0000000084500000, 0x0000000084500000|100%|HS|  |TAMS 0x0000000084500000, 0x0000000084400000| Complete 
|  69|0x0000000084500000, 0x0000000084600000, 0x0000000084600000|100%|HC|  |TAMS 0x0000000084600000, 0x0000000084500000| Complete 
|  70|0x0000000084600000, 0x0000000084700000, 0x0000000084700000|100%|HS|  |TAMS 0x0000000084700000, 0x0000000084600000| Complete 
|  71|0x0000000084700000, 0x0000000084800000, 0x0000000084800000|100%|HC|  |TAMS 0x0000000084800000, 0x0000000084700000| Complete 
|  72|0x0000000084800000, 0x0000000084900000, 0x0000000084900000|100%|HC|  |TAMS 0x0000000084900000, 0x0000000084800000| Complete 
|  73|0x0000000084900000, 0x0000000084a00000, 0x0000000084a00000|100%|HS|  |TAMS 0x0000000084a00000, 0x0000000084900000| Complete 
|  74|0x0000000084a00000, 0x0000000084b00000, 0x0000000084b00000|100%|HS|  |TAMS 0x0000000084b00000, 0x0000000084a00000| Complete 
|  75|0x0000000084b00000, 0x0000000084c00000, 0x0000000084c00000|100%|HC|  |TAMS 0x0000000084c00000, 0x0000000084b00000| Complete 
|  76|0x0000000084c00000, 0x0000000084d00000, 0x0000000084d00000|100%|HC|  |TAMS 0x0000000084d00000, 0x0000000084c00000| Complete 
|  77|0x0000000084d00000, 0x0000000084e00000, 0x0000000084e00000|100%|HC|  |TAMS 0x0000000084e00000, 0x0000000084d00000| Complete 
|  78|0x0000000084e00000, 0x0000000084f00000, 0x0000000084f00000|100%|HC|  |TAMS 0x0000000084f00000, 0x0000000084e00000| Complete 
|  79|0x0000000084f00000, 0x0000000085000000, 0x0000000085000000|100%| O|  |TAMS 0x0000000085000000, 0x0000000084f00000| Untracked 
|  80|0x0000000085000000, 0x0000000085100000, 0x0000000085100000|100%| O|  |TAMS 0x0000000085100000, 0x0000000085000000| Untracked 
|  81|0x0000000085100000, 0x0000000085200000, 0x0000000085200000|100%| O|  |TAMS 0x0000000085200000, 0x0000000085100000| Complete 
|  82|0x0000000085200000, 0x0000000085300000, 0x0000000085300000|100%|HS|  |TAMS 0x0000000085300000, 0x0000000085200000| Complete 
|  83|0x0000000085300000, 0x0000000085400000, 0x0000000085400000|100%| O|  |TAMS 0x0000000085400000, 0x0000000085300000| Untracked 
|  84|0x0000000085400000, 0x0000000085500000, 0x0000000085500000|100%|HS|  |TAMS 0x0000000085500000, 0x0000000085400000| Complete 
|  85|0x0000000085500000, 0x0000000085600000, 0x0000000085600000|100%|HC|  |TAMS 0x0000000085600000, 0x0000000085500000| Complete 
|  86|0x0000000085600000, 0x0000000085700000, 0x0000000085700000|100%| O|  |TAMS 0x0000000085700000, 0x0000000085600000| Complete 
|  87|0x0000000085700000, 0x0000000085800000, 0x0000000085800000|100%| O|  |TAMS 0x0000000085800000, 0x0000000085700000| Untracked 
|  88|0x0000000085800000, 0x0000000085900000, 0x0000000085900000|100%| O|  |TAMS 0x0000000085900000, 0x0000000085800000| Untracked 
|  89|0x0000000085900000, 0x0000000085a00000, 0x0000000085a00000|100%| O|  |TAMS 0x0000000085a00000, 0x0000000085900000| Untracked 
|  90|0x0000000085a00000, 0x0000000085b00000, 0x0000000085b00000|100%| O|  |TAMS 0x0000000085b00000, 0x0000000085a00000| Untracked 
|  91|0x0000000085b00000, 0x0000000085c00000, 0x0000000085c00000|100%| O|  |TAMS 0x0000000085c00000, 0x0000000085b00000| Untracked 
|  92|0x0000000085c00000, 0x0000000085d00000, 0x0000000085d00000|100%| O|  |TAMS 0x0000000085d00000, 0x0000000085c00000| Untracked 
|  93|0x0000000085d00000, 0x0000000085e00000, 0x0000000085e00000|100%| O|  |TAMS 0x0000000085e00000, 0x0000000085d00000| Untracked 
|  94|0x0000000085e00000, 0x0000000085f00000, 0x0000000085f00000|100%| O|  |TAMS 0x0000000085f00000, 0x0000000085e00000| Untracked 
|  95|0x0000000085f00000, 0x0000000086000000, 0x0000000086000000|100%| O|  |TAMS 0x0000000086000000, 0x0000000085f00000| Complete 
|  96|0x0000000086000000, 0x0000000086100000, 0x0000000086100000|100%| O|  |TAMS 0x0000000086100000, 0x0000000086000000| Untracked 
|  97|0x0000000086100000, 0x0000000086200000, 0x0000000086200000|100%| O|  |TAMS 0x0000000086200000, 0x0000000086100000| Complete 
|  98|0x0000000086200000, 0x0000000086300000, 0x0000000086300000|100%| O|  |TAMS 0x0000000086300000, 0x0000000086200000| Complete 
|  99|0x0000000086300000, 0x0000000086400000, 0x0000000086400000|100%| O|  |TAMS 0x0000000086400000, 0x0000000086300000| Untracked 
| 100|0x0000000086400000, 0x0000000086500000, 0x0000000086500000|100%| O|  |TAMS 0x0000000086500000, 0x0000000086400000| Untracked 
| 101|0x0000000086500000, 0x0000000086600000, 0x0000000086600000|100%| O|  |TAMS 0x0000000086600000, 0x0000000086500000| Untracked 
| 102|0x0000000086600000, 0x0000000086700000, 0x0000000086700000|100%| O|  |TAMS 0x0000000086700000, 0x0000000086600000| Untracked 
| 103|0x0000000086700000, 0x0000000086800000, 0x0000000086800000|100%| O|  |TAMS 0x0000000086800000, 0x0000000086700000| Untracked 
| 104|0x0000000086800000, 0x0000000086900000, 0x0000000086900000|100%| O|  |TAMS 0x0000000086900000, 0x0000000086800000| Complete 
| 105|0x0000000086900000, 0x0000000086a00000, 0x0000000086a00000|100%| O|  |TAMS 0x0000000086a00000, 0x0000000086900000| Untracked 
| 106|0x0000000086a00000, 0x0000000086b00000, 0x0000000086b00000|100%| O|  |TAMS 0x0000000086b00000, 0x0000000086a00000| Untracked 
| 107|0x0000000086b00000, 0x0000000086c00000, 0x0000000086c00000|100%| O|  |TAMS 0x0000000086c00000, 0x0000000086b00000| Complete 
| 108|0x0000000086c00000, 0x0000000086d00000, 0x0000000086d00000|100%| O|  |TAMS 0x0000000086d00000, 0x0000000086c00000| Untracked 
| 109|0x0000000086d00000, 0x0000000086e00000, 0x0000000086e00000|100%| O|  |TAMS 0x0000000086e00000, 0x0000000086d00000| Untracked 
| 110|0x0000000086e00000, 0x0000000086f00000, 0x0000000086f00000|100%| O|  |TAMS 0x0000000086f00000, 0x0000000086e00000| Complete 
| 111|0x0000000086f00000, 0x0000000087000000, 0x0000000087000000|100%| O|  |TAMS 0x0000000087000000, 0x0000000086f00000| Untracked 
| 112|0x0000000087000000, 0x0000000087100000, 0x0000000087100000|100%| O|  |TAMS 0x0000000087100000, 0x0000000087000000| Complete 
| 113|0x0000000087100000, 0x0000000087200000, 0x0000000087200000|100%| O|  |TAMS 0x0000000087200000, 0x0000000087100000| Complete 
| 114|0x0000000087200000, 0x0000000087300000, 0x0000000087300000|100%| O|  |TAMS 0x0000000087300000, 0x0000000087200000| Complete 
| 115|0x0000000087300000, 0x0000000087400000, 0x0000000087400000|100%|HS|  |TAMS 0x0000000087400000, 0x0000000087300000| Complete 
| 116|0x0000000087400000, 0x0000000087500000, 0x0000000087500000|100%|HC|  |TAMS 0x0000000087500000, 0x0000000087400000| Complete 
| 117|0x0000000087500000, 0x0000000087600000, 0x0000000087600000|100%|HS|  |TAMS 0x0000000087600000, 0x0000000087500000| Complete 
| 118|0x0000000087600000, 0x0000000087700000, 0x0000000087700000|100%|HC|  |TAMS 0x0000000087700000, 0x0000000087600000| Complete 
| 119|0x0000000087700000, 0x0000000087800000, 0x0000000087800000|100%|HC|  |TAMS 0x0000000087800000, 0x0000000087700000| Complete 
| 120|0x0000000087800000, 0x0000000087900000, 0x0000000087900000|100%|HS|  |TAMS 0x0000000087900000, 0x0000000087800000| Complete 
| 121|0x0000000087900000, 0x0000000087a00000, 0x0000000087a00000|100%|HC|  |TAMS 0x0000000087a00000, 0x0000000087900000| Complete 
| 122|0x0000000087a00000, 0x0000000087b00000, 0x0000000087b00000|100%|HC|  |TAMS 0x0000000087b00000, 0x0000000087a00000| Complete 
| 123|0x0000000087b00000, 0x0000000087c00000, 0x0000000087c00000|100%|HS|  |TAMS 0x0000000087c00000, 0x0000000087b00000| Complete 
| 124|0x0000000087c00000, 0x0000000087d00000, 0x0000000087d00000|100%|HC|  |TAMS 0x0000000087d00000, 0x0000000087c00000| Complete 
| 125|0x0000000087d00000, 0x0000000087e00000, 0x0000000087e00000|100%|HS|  |TAMS 0x0000000087e00000, 0x0000000087d00000| Complete 
| 126|0x0000000087e00000, 0x0000000087f00000, 0x0000000087f00000|100%|HC|  |TAMS 0x0000000087f00000, 0x0000000087e00000| Complete 
| 127|0x0000000087f00000, 0x0000000088000000, 0x0000000088000000|100%|HC|  |TAMS 0x0000000088000000, 0x0000000087f00000| Complete 
| 128|0x0000000088000000, 0x0000000088100000, 0x0000000088100000|100%|HC|  |TAMS 0x0000000088100000, 0x0000000088000000| Complete 
| 129|0x0000000088100000, 0x0000000088200000, 0x0000000088200000|100%|HC|  |TAMS 0x0000000088200000, 0x0000000088100000| Complete 
| 130|0x0000000088200000, 0x0000000088300000, 0x0000000088300000|100%|HC|  |TAMS 0x0000000088300000, 0x0000000088200000| Complete 
| 131|0x0000000088300000, 0x0000000088400000, 0x0000000088400000|100%|HC|  |TAMS 0x0000000088400000, 0x0000000088300000| Complete 
| 132|0x0000000088400000, 0x0000000088500000, 0x0000000088500000|100%|HC|  |TAMS 0x0000000088500000, 0x0000000088400000| Complete 
| 133|0x0000000088500000, 0x0000000088600000, 0x0000000088600000|100%|HC|  |TAMS 0x0000000088600000, 0x0000000088500000| Complete 
| 134|0x0000000088600000, 0x0000000088700000, 0x0000000088700000|100%|HC|  |TAMS 0x0000000088700000, 0x0000000088600000| Complete 
| 135|0x0000000088700000, 0x0000000088800000, 0x0000000088800000|100%|HS|  |TAMS 0x0000000088800000, 0x0000000088700000| Complete 
| 136|0x0000000088800000, 0x0000000088900000, 0x0000000088900000|100%|HC|  |TAMS 0x0000000088900000, 0x0000000088800000| Complete 
| 137|0x0000000088900000, 0x0000000088a00000, 0x0000000088a00000|100%|HS|  |TAMS 0x0000000088a00000, 0x0000000088900000| Complete 
| 138|0x0000000088a00000, 0x0000000088b00000, 0x0000000088b00000|100%|HC|  |TAMS 0x0000000088b00000, 0x0000000088a00000| Complete 
| 139|0x0000000088b00000, 0x0000000088c00000, 0x0000000088c00000|100%|HC|  |TAMS 0x0000000088c00000, 0x0000000088b00000| Complete 
| 140|0x0000000088c00000, 0x0000000088d00000, 0x0000000088d00000|100%|HC|  |TAMS 0x0000000088d00000, 0x0000000088c00000| Complete 
| 141|0x0000000088d00000, 0x0000000088e00000, 0x0000000088e00000|100%|HC|  |TAMS 0x0000000088e00000, 0x0000000088d00000| Complete 
| 142|0x0000000088e00000, 0x0000000088f00000, 0x0000000088f00000|100%| O|  |TAMS 0x0000000088f00000, 0x0000000088e00000| Complete 
| 143|0x0000000088f00000, 0x0000000089000000, 0x0000000089000000|100%| O|  |TAMS 0x0000000089000000, 0x0000000088f00000| Complete 
| 144|0x0000000089000000, 0x0000000089100000, 0x0000000089100000|100%| O|  |TAMS 0x0000000089100000, 0x0000000089000000| Untracked 
| 145|0x0000000089100000, 0x0000000089200000, 0x0000000089200000|100%| O|  |TAMS 0x0000000089200000, 0x0000000089100000| Untracked 
| 146|0x0000000089200000, 0x0000000089300000, 0x0000000089300000|100%| O|  |TAMS 0x0000000089300000, 0x0000000089200000| Untracked 
| 147|0x0000000089300000, 0x0000000089400000, 0x0000000089400000|100%| O|  |TAMS 0x0000000089400000, 0x0000000089300000| Untracked 
| 148|0x0000000089400000, 0x0000000089500000, 0x0000000089500000|100%| O|  |TAMS 0x0000000089500000, 0x0000000089400000| Untracked 
| 149|0x0000000089500000, 0x0000000089600000, 0x0000000089600000|100%| O|  |TAMS 0x0000000089600000, 0x0000000089500000| Untracked 
| 150|0x0000000089600000, 0x0000000089700000, 0x0000000089700000|100%| O|  |TAMS 0x0000000089700000, 0x0000000089600000| Complete 
| 151|0x0000000089700000, 0x0000000089800000, 0x0000000089800000|100%| O|  |TAMS 0x0000000089800000, 0x0000000089700000| Complete 
| 152|0x0000000089800000, 0x0000000089900000, 0x0000000089900000|100%| O|  |TAMS 0x0000000089900000, 0x0000000089800000| Complete 
| 153|0x0000000089900000, 0x0000000089a00000, 0x0000000089a00000|100%| O|  |TAMS 0x0000000089a00000, 0x0000000089900000| Untracked 
| 154|0x0000000089a00000, 0x0000000089b00000, 0x0000000089b00000|100%| O|  |TAMS 0x0000000089b00000, 0x0000000089a00000| Complete 
| 155|0x0000000089b00000, 0x0000000089c00000, 0x0000000089c00000|100%| O|  |TAMS 0x0000000089c00000, 0x0000000089b00000| Complete 
| 156|0x0000000089c00000, 0x0000000089d00000, 0x0000000089d00000|100%| O|  |TAMS 0x0000000089d00000, 0x0000000089c00000| Untracked 
| 157|0x0000000089d00000, 0x0000000089e00000, 0x0000000089e00000|100%| O|  |TAMS 0x0000000089e00000, 0x0000000089d00000| Complete 
| 158|0x0000000089e00000, 0x0000000089f00000, 0x0000000089f00000|100%| O|  |TAMS 0x0000000089f00000, 0x0000000089e00000| Untracked 
| 159|0x0000000089f00000, 0x000000008a000000, 0x000000008a000000|100%| O|  |TAMS 0x000000008a000000, 0x0000000089f00000| Complete 
| 160|0x000000008a000000, 0x000000008a100000, 0x000000008a100000|100%| O|  |TAMS 0x000000008a100000, 0x000000008a000000| Untracked 
| 161|0x000000008a100000, 0x000000008a200000, 0x000000008a200000|100%| O|  |TAMS 0x000000008a200000, 0x000000008a100000| Complete 
| 162|0x000000008a200000, 0x000000008a300000, 0x000000008a300000|100%| O|  |TAMS 0x000000008a300000, 0x000000008a200000| Untracked 
| 163|0x000000008a300000, 0x000000008a400000, 0x000000008a400000|100%| O|  |TAMS 0x000000008a400000, 0x000000008a300000| Untracked 
| 164|0x000000008a400000, 0x000000008a500000, 0x000000008a500000|100%| O|  |TAMS 0x000000008a500000, 0x000000008a400000| Complete 
| 165|0x000000008a500000, 0x000000008a600000, 0x000000008a600000|100%| O|  |TAMS 0x000000008a600000, 0x000000008a500000| Complete 
| 166|0x000000008a600000, 0x000000008a700000, 0x000000008a700000|100%| O|  |TAMS 0x000000008a700000, 0x000000008a600000| Complete 
| 167|0x000000008a700000, 0x000000008a800000, 0x000000008a800000|100%| O|  |TAMS 0x000000008a800000, 0x000000008a700000| Complete 
| 168|0x000000008a800000, 0x000000008a900000, 0x000000008a900000|100%| O|  |TAMS 0x000000008a900000, 0x000000008a800000| Complete 
| 169|0x000000008a900000, 0x000000008aa00000, 0x000000008aa00000|100%| O|  |TAMS 0x000000008aa00000, 0x000000008a900000| Complete 
| 170|0x000000008aa00000, 0x000000008ab00000, 0x000000008ab00000|100%| O|  |TAMS 0x000000008ab00000, 0x000000008aa00000| Complete 
| 171|0x000000008ab00000, 0x000000008ac00000, 0x000000008ac00000|100%| O|  |TAMS 0x000000008ac00000, 0x000000008ab00000| Complete 
| 172|0x000000008ac00000, 0x000000008ad00000, 0x000000008ad00000|100%| O|  |TAMS 0x000000008ad00000, 0x000000008ac00000| Untracked 
| 173|0x000000008ad00000, 0x000000008ae00000, 0x000000008ae00000|100%| O|  |TAMS 0x000000008ae00000, 0x000000008ad00000| Complete 
| 174|0x000000008ae00000, 0x000000008af00000, 0x000000008af00000|100%| O|  |TAMS 0x000000008af00000, 0x000000008ae00000| Complete 
| 175|0x000000008af00000, 0x000000008b000000, 0x000000008b000000|100%| O|  |TAMS 0x000000008b000000, 0x000000008af00000| Complete 
| 176|0x000000008b000000, 0x000000008b100000, 0x000000008b100000|100%| O|  |TAMS 0x000000008b100000, 0x000000008b000000| Untracked 
| 177|0x000000008b100000, 0x000000008b200000, 0x000000008b200000|100%| O|  |TAMS 0x000000008b200000, 0x000000008b100000| Untracked 
| 178|0x000000008b200000, 0x000000008b300000, 0x000000008b300000|100%| O|  |TAMS 0x000000008b300000, 0x000000008b200000| Untracked 
| 179|0x000000008b300000, 0x000000008b400000, 0x000000008b400000|100%| O|  |TAMS 0x000000008b400000, 0x000000008b300000| Untracked 
| 180|0x000000008b400000, 0x000000008b500000, 0x000000008b500000|100%| O|  |TAMS 0x000000008b500000, 0x000000008b400000| Untracked 
| 181|0x000000008b500000, 0x000000008b600000, 0x000000008b600000|100%| O|  |TAMS 0x000000008b600000, 0x000000008b500000| Complete 
| 182|0x000000008b600000, 0x000000008b700000, 0x000000008b700000|100%| O|  |TAMS 0x000000008b700000, 0x000000008b600000| Untracked 
| 183|0x000000008b700000, 0x000000008b779200, 0x000000008b800000| 47%| O|  |TAMS 0x000000008b779200, 0x000000008b700000| Untracked 
| 184|0x000000008b800000, 0x000000008b800000, 0x000000008b900000|  0%| F|  |TAMS 0x000000008b800000, 0x000000008b800000| Untracked 
| 185|0x000000008b900000, 0x000000008b900000, 0x000000008ba00000|  0%| F|  |TAMS 0x000000008b900000, 0x000000008b900000| Untracked 
| 186|0x000000008ba00000, 0x000000008ba00000, 0x000000008bb00000|  0%| F|  |TAMS 0x000000008ba00000, 0x000000008ba00000| Untracked 
| 187|0x000000008bb00000, 0x000000008bb00000, 0x000000008bc00000|  0%| F|  |TAMS 0x000000008bb00000, 0x000000008bb00000| Untracked 
| 188|0x000000008bc00000, 0x000000008bc00000, 0x000000008bd00000|  0%| F|  |TAMS 0x000000008bc00000, 0x000000008bc00000| Untracked 
| 189|0x000000008bd00000, 0x000000008bd00000, 0x000000008be00000|  0%| F|  |TAMS 0x000000008bd00000, 0x000000008bd00000| Untracked 
| 190|0x000000008be00000, 0x000000008be00000, 0x000000008bf00000|  0%| F|  |TAMS 0x000000008be00000, 0x000000008be00000| Untracked 
| 191|0x000000008bf00000, 0x000000008bf00000, 0x000000008c000000|  0%| F|  |TAMS 0x000000008bf00000, 0x000000008bf00000| Untracked 
| 192|0x000000008c000000, 0x000000008c000000, 0x000000008c100000|  0%| F|  |TAMS 0x000000008c000000, 0x000000008c000000| Untracked 
| 193|0x000000008c100000, 0x000000008c100000, 0x000000008c200000|  0%| F|  |TAMS 0x000000008c100000, 0x000000008c100000| Untracked 
| 194|0x000000008c200000, 0x000000008c200000, 0x000000008c300000|  0%| F|  |TAMS 0x000000008c200000, 0x000000008c200000| Untracked 
| 195|0x000000008c300000, 0x000000008c300000, 0x000000008c400000|  0%| F|  |TAMS 0x000000008c300000, 0x000000008c300000| Untracked 
| 196|0x000000008c400000, 0x000000008c400000, 0x000000008c500000|  0%| F|  |TAMS 0x000000008c400000, 0x000000008c400000| Untracked 
| 197|0x000000008c500000, 0x000000008c500000, 0x000000008c600000|  0%| F|  |TAMS 0x000000008c500000, 0x000000008c500000| Untracked 
| 198|0x000000008c600000, 0x000000008c600000, 0x000000008c700000|  0%| F|  |TAMS 0x000000008c600000, 0x000000008c600000| Untracked 
| 199|0x000000008c700000, 0x000000008c700000, 0x000000008c800000|  0%| F|  |TAMS 0x000000008c700000, 0x000000008c700000| Untracked 
| 200|0x000000008c800000, 0x000000008c800000, 0x000000008c900000|  0%| F|  |TAMS 0x000000008c800000, 0x000000008c800000| Untracked 
| 201|0x000000008c900000, 0x000000008c900000, 0x000000008ca00000|  0%| F|  |TAMS 0x000000008c900000, 0x000000008c900000| Untracked 
| 202|0x000000008ca00000, 0x000000008ca00000, 0x000000008cb00000|  0%| F|  |TAMS 0x000000008ca00000, 0x000000008ca00000| Untracked 
| 203|0x000000008cb00000, 0x000000008cb00000, 0x000000008cc00000|  0%| F|  |TAMS 0x000000008cb00000, 0x000000008cb00000| Untracked 
| 204|0x000000008cc00000, 0x000000008cc00000, 0x000000008cd00000|  0%| F|  |TAMS 0x000000008cc00000, 0x000000008cc00000| Untracked 
| 205|0x000000008cd00000, 0x000000008cd00000, 0x000000008ce00000|  0%| F|  |TAMS 0x000000008cd00000, 0x000000008cd00000| Untracked 
| 206|0x000000008ce00000, 0x000000008ce00000, 0x000000008cf00000|  0%| F|  |TAMS 0x000000008ce00000, 0x000000008ce00000| Untracked 
| 207|0x000000008cf00000, 0x000000008cf00000, 0x000000008d000000|  0%| F|  |TAMS 0x000000008cf00000, 0x000000008cf00000| Untracked 
| 208|0x000000008d000000, 0x000000008d000000, 0x000000008d100000|  0%| F|  |TAMS 0x000000008d000000, 0x000000008d000000| Untracked 
| 209|0x000000008d100000, 0x000000008d100000, 0x000000008d200000|  0%| F|  |TAMS 0x000000008d100000, 0x000000008d100000| Untracked 
| 210|0x000000008d200000, 0x000000008d200000, 0x000000008d300000|  0%| F|  |TAMS 0x000000008d200000, 0x000000008d200000| Untracked 
| 211|0x000000008d300000, 0x000000008d300000, 0x000000008d400000|  0%| F|  |TAMS 0x000000008d300000, 0x000000008d300000| Untracked 
| 212|0x000000008d400000, 0x000000008d400000, 0x000000008d500000|  0%| F|  |TAMS 0x000000008d400000, 0x000000008d400000| Untracked 
| 213|0x000000008d500000, 0x000000008d500000, 0x000000008d600000|  0%| F|  |TAMS 0x000000008d500000, 0x000000008d500000| Untracked 
| 214|0x000000008d600000, 0x000000008d600000, 0x000000008d700000|  0%| F|  |TAMS 0x000000008d600000, 0x000000008d600000| Untracked 
| 215|0x000000008d700000, 0x000000008d700000, 0x000000008d800000|  0%| F|  |TAMS 0x000000008d700000, 0x000000008d700000| Untracked 
| 216|0x000000008d800000, 0x000000008d800000, 0x000000008d900000|  0%| F|  |TAMS 0x000000008d800000, 0x000000008d800000| Untracked 
| 217|0x000000008d900000, 0x000000008d900000, 0x000000008da00000|  0%| F|  |TAMS 0x000000008d900000, 0x000000008d900000| Untracked 
| 218|0x000000008da00000, 0x000000008da00000, 0x000000008db00000|  0%| F|  |TAMS 0x000000008da00000, 0x000000008da00000| Untracked 
| 219|0x000000008db00000, 0x000000008db00000, 0x000000008dc00000|  0%| F|  |TAMS 0x000000008db00000, 0x000000008db00000| Untracked 
| 220|0x000000008dc00000, 0x000000008dcfff60, 0x000000008dd00000| 99%| S|CS|TAMS 0x000000008dc00000, 0x000000008dc00000| Complete 
| 221|0x000000008dd00000, 0x000000008de00000, 0x000000008de00000|100%| S|CS|TAMS 0x000000008dd00000, 0x000000008dd00000| Complete 
| 222|0x000000008de00000, 0x000000008df00000, 0x000000008df00000|100%| S|CS|TAMS 0x000000008de00000, 0x000000008de00000| Complete 
| 223|0x000000008df00000, 0x000000008df00000, 0x000000008e000000|  0%| F|  |TAMS 0x000000008df00000, 0x000000008df00000| Untracked 
| 224|0x000000008e000000, 0x000000008e000000, 0x000000008e100000|  0%| F|  |TAMS 0x000000008e000000, 0x000000008e000000| Untracked 
| 225|0x000000008e100000, 0x000000008e100000, 0x000000008e200000|  0%| F|  |TAMS 0x000000008e100000, 0x000000008e100000| Untracked 
| 226|0x000000008e200000, 0x000000008e200000, 0x000000008e300000|  0%| F|  |TAMS 0x000000008e200000, 0x000000008e200000| Untracked 
| 227|0x000000008e300000, 0x000000008e300000, 0x000000008e400000|  0%| F|  |TAMS 0x000000008e300000, 0x000000008e300000| Untracked 
| 228|0x000000008e400000, 0x000000008e400000, 0x000000008e500000|  0%| F|  |TAMS 0x000000008e400000, 0x000000008e400000| Untracked 
| 229|0x000000008e500000, 0x000000008e500000, 0x000000008e600000|  0%| F|  |TAMS 0x000000008e500000, 0x000000008e500000| Untracked 
| 230|0x000000008e600000, 0x000000008e600000, 0x000000008e700000|  0%| F|  |TAMS 0x000000008e600000, 0x000000008e600000| Untracked 
| 231|0x000000008e700000, 0x000000008e700000, 0x000000008e800000|  0%| F|  |TAMS 0x000000008e700000, 0x000000008e700000| Untracked 
| 232|0x000000008e800000, 0x000000008e900000, 0x000000008e900000|100%| S|CS|TAMS 0x000000008e800000, 0x000000008e800000| Complete 
| 233|0x000000008e900000, 0x000000008ea00000, 0x000000008ea00000|100%| S|CS|TAMS 0x000000008e900000, 0x000000008e900000| Complete 
| 234|0x000000008ea00000, 0x000000008eb00000, 0x000000008eb00000|100%| S|CS|TAMS 0x000000008ea00000, 0x000000008ea00000| Complete 
| 235|0x000000008eb00000, 0x000000008ec00000, 0x000000008ec00000|100%| S|CS|TAMS 0x000000008eb00000, 0x000000008eb00000| Complete 
| 236|0x000000008ec00000, 0x000000008ed00000, 0x000000008ed00000|100%| S|CS|TAMS 0x000000008ec00000, 0x000000008ec00000| Complete 
| 237|0x000000008ed00000, 0x000000008ee00000, 0x000000008ee00000|100%| S|CS|TAMS 0x000000008ed00000, 0x000000008ed00000| Complete 
| 238|0x000000008ee00000, 0x000000008ee00000, 0x000000008ef00000|  0%| F|  |TAMS 0x000000008ee00000, 0x000000008ee00000| Untracked 
| 239|0x000000008ef00000, 0x000000008ef00000, 0x000000008f000000|  0%| F|  |TAMS 0x000000008ef00000, 0x000000008ef00000| Untracked 
| 240|0x000000008f000000, 0x000000008f000000, 0x000000008f100000|  0%| F|  |TAMS 0x000000008f000000, 0x000000008f000000| Untracked 
| 241|0x000000008f100000, 0x000000008f100000, 0x000000008f200000|  0%| F|  |TAMS 0x000000008f100000, 0x000000008f100000| Untracked 
| 242|0x000000008f200000, 0x000000008f200000, 0x000000008f300000|  0%| F|  |TAMS 0x000000008f200000, 0x000000008f200000| Untracked 
| 243|0x000000008f300000, 0x000000008f300000, 0x000000008f400000|  0%| F|  |TAMS 0x000000008f300000, 0x000000008f300000| Untracked 
| 244|0x000000008f400000, 0x000000008f400000, 0x000000008f500000|  0%| F|  |TAMS 0x000000008f400000, 0x000000008f400000| Untracked 
| 245|0x000000008f500000, 0x000000008f500000, 0x000000008f600000|  0%| F|  |TAMS 0x000000008f500000, 0x000000008f500000| Untracked 
| 246|0x000000008f600000, 0x000000008f600000, 0x000000008f700000|  0%| F|  |TAMS 0x000000008f600000, 0x000000008f600000| Untracked 
| 247|0x000000008f700000, 0x000000008f700000, 0x000000008f800000|  0%| F|  |TAMS 0x000000008f700000, 0x000000008f700000| Untracked 
| 248|0x000000008f800000, 0x000000008f800000, 0x000000008f900000|  0%| F|  |TAMS 0x000000008f800000, 0x000000008f800000| Untracked 
| 249|0x000000008f900000, 0x000000008f900000, 0x000000008fa00000|  0%| F|  |TAMS 0x000000008f900000, 0x000000008f900000| Untracked 
| 250|0x000000008fa00000, 0x000000008fa00000, 0x000000008fb00000|  0%| F|  |TAMS 0x000000008fa00000, 0x000000008fa00000| Untracked 
| 251|0x000000008fb00000, 0x000000008fb00000, 0x000000008fc00000|  0%| F|  |TAMS 0x000000008fb00000, 0x000000008fb00000| Untracked 
| 252|0x000000008fc00000, 0x000000008fc00000, 0x000000008fd00000|  0%| F|  |TAMS 0x000000008fc00000, 0x000000008fc00000| Untracked 
| 253|0x000000008fd00000, 0x000000008fd00000, 0x000000008fe00000|  0%| F|  |TAMS 0x000000008fd00000, 0x000000008fd00000| Untracked 
| 254|0x000000008fe00000, 0x000000008fe00000, 0x000000008ff00000|  0%| F|  |TAMS 0x000000008fe00000, 0x000000008fe00000| Untracked 
| 255|0x000000008ff00000, 0x000000008ff00000, 0x0000000090000000|  0%| F|  |TAMS 0x000000008ff00000, 0x000000008ff00000| Untracked 
| 256|0x0000000090000000, 0x0000000090000000, 0x0000000090100000|  0%| F|  |TAMS 0x0000000090000000, 0x0000000090000000| Untracked 
| 257|0x0000000090100000, 0x0000000090100000, 0x0000000090200000|  0%| F|  |TAMS 0x0000000090100000, 0x0000000090100000| Untracked 
| 258|0x0000000090200000, 0x0000000090200000, 0x0000000090300000|  0%| F|  |TAMS 0x0000000090200000, 0x0000000090200000| Untracked 
| 259|0x0000000090300000, 0x0000000090300000, 0x0000000090400000|  0%| F|  |TAMS 0x0000000090300000, 0x0000000090300000| Untracked 
| 260|0x0000000090400000, 0x0000000090400000, 0x0000000090500000|  0%| F|  |TAMS 0x0000000090400000, 0x0000000090400000| Untracked 
| 261|0x0000000090500000, 0x0000000090500000, 0x0000000090600000|  0%| F|  |TAMS 0x0000000090500000, 0x0000000090500000| Untracked 
| 262|0x0000000090600000, 0x0000000090600000, 0x0000000090700000|  0%| F|  |TAMS 0x0000000090600000, 0x0000000090600000| Untracked 
| 263|0x0000000090700000, 0x0000000090700000, 0x0000000090800000|  0%| F|  |TAMS 0x0000000090700000, 0x0000000090700000| Untracked 
| 264|0x0000000090800000, 0x0000000090800000, 0x0000000090900000|  0%| F|  |TAMS 0x0000000090800000, 0x0000000090800000| Untracked 
| 265|0x0000000090900000, 0x0000000090900000, 0x0000000090a00000|  0%| F|  |TAMS 0x0000000090900000, 0x0000000090900000| Untracked 
| 266|0x0000000090a00000, 0x0000000090a00000, 0x0000000090b00000|  0%| F|  |TAMS 0x0000000090a00000, 0x0000000090a00000| Untracked 
| 267|0x0000000090b00000, 0x0000000090b00000, 0x0000000090c00000|  0%| F|  |TAMS 0x0000000090b00000, 0x0000000090b00000| Untracked 
| 268|0x0000000090c00000, 0x0000000090c00000, 0x0000000090d00000|  0%| F|  |TAMS 0x0000000090c00000, 0x0000000090c00000| Untracked 
| 269|0x0000000090d00000, 0x0000000090d00000, 0x0000000090e00000|  0%| F|  |TAMS 0x0000000090d00000, 0x0000000090d00000| Untracked 
| 270|0x0000000090e00000, 0x0000000090e00000, 0x0000000090f00000|  0%| F|  |TAMS 0x0000000090e00000, 0x0000000090e00000| Untracked 
| 271|0x0000000090f00000, 0x0000000090f00000, 0x0000000091000000|  0%| F|  |TAMS 0x0000000090f00000, 0x0000000090f00000| Untracked 
| 272|0x0000000091000000, 0x0000000091000000, 0x0000000091100000|  0%| F|  |TAMS 0x0000000091000000, 0x0000000091000000| Untracked 
| 273|0x0000000091100000, 0x0000000091100000, 0x0000000091200000|  0%| F|  |TAMS 0x0000000091100000, 0x0000000091100000| Untracked 
| 274|0x0000000091200000, 0x0000000091200000, 0x0000000091300000|  0%| F|  |TAMS 0x0000000091200000, 0x0000000091200000| Untracked 
| 275|0x0000000091300000, 0x0000000091300000, 0x0000000091400000|  0%| F|  |TAMS 0x0000000091300000, 0x0000000091300000| Untracked 
| 276|0x0000000091400000, 0x0000000091400000, 0x0000000091500000|  0%| F|  |TAMS 0x0000000091400000, 0x0000000091400000| Untracked 
| 277|0x0000000091500000, 0x0000000091500000, 0x0000000091600000|  0%| F|  |TAMS 0x0000000091500000, 0x0000000091500000| Untracked 
| 278|0x0000000091600000, 0x0000000091600000, 0x0000000091700000|  0%| F|  |TAMS 0x0000000091600000, 0x0000000091600000| Untracked 
| 279|0x0000000091700000, 0x0000000091700000, 0x0000000091800000|  0%| F|  |TAMS 0x0000000091700000, 0x0000000091700000| Untracked 
| 280|0x0000000091800000, 0x0000000091800000, 0x0000000091900000|  0%| F|  |TAMS 0x0000000091800000, 0x0000000091800000| Untracked 
| 281|0x0000000091900000, 0x0000000091900000, 0x0000000091a00000|  0%| F|  |TAMS 0x0000000091900000, 0x0000000091900000| Untracked 
| 282|0x0000000091a00000, 0x0000000091a00000, 0x0000000091b00000|  0%| F|  |TAMS 0x0000000091a00000, 0x0000000091a00000| Untracked 
| 283|0x0000000091b00000, 0x0000000091b00000, 0x0000000091c00000|  0%| F|  |TAMS 0x0000000091b00000, 0x0000000091b00000| Untracked 
| 284|0x0000000091c00000, 0x0000000091c00000, 0x0000000091d00000|  0%| F|  |TAMS 0x0000000091c00000, 0x0000000091c00000| Untracked 
| 285|0x0000000091d00000, 0x0000000091d00000, 0x0000000091e00000|  0%| F|  |TAMS 0x0000000091d00000, 0x0000000091d00000| Untracked 
| 286|0x0000000091e00000, 0x0000000091e00000, 0x0000000091f00000|  0%| F|  |TAMS 0x0000000091e00000, 0x0000000091e00000| Untracked 
| 287|0x0000000091f00000, 0x0000000091f00000, 0x0000000092000000|  0%| F|  |TAMS 0x0000000091f00000, 0x0000000091f00000| Untracked 
| 288|0x0000000092000000, 0x0000000092000000, 0x0000000092100000|  0%| F|  |TAMS 0x0000000092000000, 0x0000000092000000| Untracked 
| 289|0x0000000092100000, 0x0000000092100000, 0x0000000092200000|  0%| F|  |TAMS 0x0000000092100000, 0x0000000092100000| Untracked 
| 290|0x0000000092200000, 0x0000000092200000, 0x0000000092300000|  0%| F|  |TAMS 0x0000000092200000, 0x0000000092200000| Untracked 
| 291|0x0000000092300000, 0x0000000092300000, 0x0000000092400000|  0%| F|  |TAMS 0x0000000092300000, 0x0000000092300000| Untracked 
| 292|0x0000000092400000, 0x0000000092400000, 0x0000000092500000|  0%| F|  |TAMS 0x0000000092400000, 0x0000000092400000| Untracked 
| 293|0x0000000092500000, 0x0000000092500000, 0x0000000092600000|  0%| F|  |TAMS 0x0000000092500000, 0x0000000092500000| Untracked 
| 294|0x0000000092600000, 0x0000000092600000, 0x0000000092700000|  0%| F|  |TAMS 0x0000000092600000, 0x0000000092600000| Untracked 
| 295|0x0000000092700000, 0x0000000092742108, 0x0000000092800000| 25%| E|  |TAMS 0x0000000092700000, 0x0000000092700000| Complete 
| 296|0x0000000092800000, 0x0000000092900000, 0x0000000092900000|100%| E|CS|TAMS 0x0000000092800000, 0x0000000092800000| Complete 
| 297|0x0000000092900000, 0x0000000092a00000, 0x0000000092a00000|100%| E|CS|TAMS 0x0000000092900000, 0x0000000092900000| Complete 
| 298|0x0000000092a00000, 0x0000000092b00000, 0x0000000092b00000|100%| E|  |TAMS 0x0000000092a00000, 0x0000000092a00000| Complete 
| 299|0x0000000092b00000, 0x0000000092c00000, 0x0000000092c00000|100%| E|CS|TAMS 0x0000000092b00000, 0x0000000092b00000| Complete 
| 300|0x0000000092c00000, 0x0000000092d00000, 0x0000000092d00000|100%| E|CS|TAMS 0x0000000092c00000, 0x0000000092c00000| Complete 
| 301|0x0000000092d00000, 0x0000000092e00000, 0x0000000092e00000|100%| E|CS|TAMS 0x0000000092d00000, 0x0000000092d00000| Complete 
| 302|0x0000000092e00000, 0x0000000092f00000, 0x0000000092f00000|100%| E|CS|TAMS 0x0000000092e00000, 0x0000000092e00000| Complete 
| 303|0x0000000092f00000, 0x0000000093000000, 0x0000000093000000|100%| E|CS|TAMS 0x0000000092f00000, 0x0000000092f00000| Complete 
| 304|0x0000000093000000, 0x0000000093100000, 0x0000000093100000|100%| E|CS|TAMS 0x0000000093000000, 0x0000000093000000| Complete 

Card table byte_map: [0x00000201f7100000,0x00000201f7500000] _byte_map_base: 0x00000201f6d00000

Marking Bits (Prev, Next): (CMBitMap*) 0x00000201e2414360, (CMBitMap*) 0x00000201e2414328
 Prev Bits: [0x00000201f9900000, 0x00000201fb900000)
 Next Bits: [0x00000201f7900000, 0x00000201f9900000)

Polling page: 0x00000201e24a0000

Metaspace:

Usage:
  Non-class:     93.03 MB capacity,    91.02 MB ( 98%) used,     1.70 MB (  2%) free+waste,   321.69 KB ( <1%) overhead. 
      Class:     14.08 MB capacity,    13.02 MB ( 92%) used,   943.60 KB (  7%) free+waste,   144.50 KB (  1%) overhead. 
       Both:    107.11 MB capacity,   104.04 MB ( 97%) used,     2.62 MB (  2%) free+waste,   466.19 KB ( <1%) overhead. 

Virtual space:
  Non-class space:       94.00 MB reserved,      93.08 MB (>99%) committed 
      Class space:        1.00 GB reserved,      14.12 MB (  1%) committed 
             Both:        1.09 GB reserved,     107.20 MB ( 10%) committed 

Chunk freelists:
   Non-Class:  51.00 KB
       Class:  12.00 KB
        Both:  63.00 KB

MaxMetaspaceSize: 17179869184.00 GB
CompressedClassSpaceSize: 1.00 GB
Initial GC threshold: 20.80 MB
Current GC threshold: 178.05 MB
CDS: off

CodeHeap 'non-profiled nmethods': size=120064Kb used=7096Kb max_used=7096Kb free=112968Kb
 bounds [0x00000201ef190000, 0x00000201ef880000, 0x00000201f66d0000]
CodeHeap 'profiled nmethods': size=120000Kb used=27107Kb max_used=27107Kb free=92892Kb
 bounds [0x00000201e7c60000, 0x00000201e96e0000, 0x00000201ef190000]
CodeHeap 'non-nmethods': size=5696Kb used=2407Kb max_used=2465Kb free=3288Kb
 bounds [0x00000201e76d0000, 0x00000201e7940000, 0x00000201e7c60000]
 total_blobs=13333 nmethods=12399 adapters=846
 compilation: enabled
              stopped_count=0, restarted_count=0
 full_count=0

Compilation events (20 events):
Event: 37.624 Thread 0x00000201fe843800 nmethod 12460 0x00000201e96ccd10 code [0x00000201e96ccf20, 0x00000201e96cd4b8]
Event: 37.624 Thread 0x00000201fe843800 12461       3       org.gradle.internal.resources.DefaultResourceLockCoordinationService$DefaultResourceLockState::registerUnlocked (53 bytes)
Event: 37.624 Thread 0x00000201fe832800 nmethod 12458 0x00000201ef87b810 code [0x00000201ef87b9a0, 0x00000201ef87ba58]
Event: 37.624 Thread 0x00000201fe832800 12447       4       org.gradle.internal.event.DefaultListenerManager$EventBroadcast$ListenerDispatch::dispatch (9 bytes)
Event: 37.625 Thread 0x00000201fe843800 nmethod 12461 0x00000201e96cd690 code [0x00000201e96cd8c0, 0x00000201e96ce0d8]
Event: 37.625 Thread 0x00000201fe832800 nmethod 12447 0x00000201ef87bb90 code [0x00000201ef87bd40, 0x00000201ef87bde8]
Event: 37.625 Thread 0x00000201fe843800 12462       3       org.gradle.internal.serialize.BaseSerializerFactory$StringSerializer::write (10 bytes)
Event: 37.625 Thread 0x00000201fe843800 nmethod 12462 0x00000201e96ce390 code [0x00000201e96ce560, 0x00000201e96ce888]
Event: 37.625 Thread 0x00000201fe843800 12463       3       org.gradle.internal.serialize.BaseSerializerFactory$StringSerializer::write (8 bytes)
Event: 37.625 Thread 0x00000201fe843800 nmethod 12463 0x00000201e96ce990 code [0x00000201e96ceb40, 0x00000201e96ced08]
Event: 37.626 Thread 0x00000201fe843800 12464       3       java.io.ObjectOutputStream$BlockDataOutputStream::writeLong (48 bytes)
Event: 37.626 Thread 0x00000201fe832800 12468       4       java.io.ObjectStreamField::getSignature (39 bytes)
Event: 37.626 Thread 0x00000201fe843800 nmethod 12464 0x00000201e96cee10 code [0x00000201e96cefe0, 0x00000201e96cf1d8]
Event: 37.626 Thread 0x00000201fe843800 12465       3       org.gradle.execution.plan.DefaultExecutionPlan$ExecutionQueue::hasNext (22 bytes)
Event: 37.626 Thread 0x00000201fe843800 nmethod 12465 0x00000201e96cf310 code [0x00000201e96cf4e0, 0x00000201e96cf708]
Event: 37.626 Thread 0x00000201fe843800 12467       3       org.gradle.execution.plan.DefaultExecutionPlan$ExecutionQueue::next (24 bytes)
Event: 37.626 Thread 0x00000201fe843800 nmethod 12467 0x00000201e96cf810 code [0x00000201e96cf9e0, 0x00000201e96cfc88]
Event: 37.626 Thread 0x00000201fe843800 12466       1       org.gradle.execution.plan.LocalTaskNode::getPrepareNode (5 bytes)
Event: 37.626 Thread 0x00000201fe843800 nmethod 12466 0x00000201ef87bf10 code [0x00000201ef87c0c0, 0x00000201ef87c178]
Event: 37.628 Thread 0x00000201fe832800 nmethod 12468 0x00000201ef87c210 code [0x00000201ef87c3c0, 0x00000201ef87c558]

GC Heap History (20 events):
Event: 8.021 GC heap before
{Heap before GC invocations=13 (full 0):
 garbage-first heap   total 312320K, used 124728K [0x0000000080000000, 0x0000000100000000)
  region size 1024K, 15 young (15360K), 13 survivors (13312K)
 Metaspace       used 74014K, capacity 75951K, committed 75984K, reserved 1116160K
  class space    used 9583K, capacity 10340K, committed 10368K, reserved 1048576K
}
Event: 8.034 GC heap after
{Heap after GC invocations=14 (full 0):
 garbage-first heap   total 312320K, used 123740K [0x0000000080000000, 0x0000000100000000)
  region size 1024K, 7 young (7168K), 7 survivors (7168K)
 Metaspace       used 74014K, capacity 75951K, committed 75984K, reserved 1116160K
  class space    used 9583K, capacity 10340K, committed 10368K, reserved 1048576K
}
Event: 8.589 GC heap before
{Heap before GC invocations=15 (full 0):
 garbage-first heap   total 312320K, used 188252K [0x0000000080000000, 0x0000000100000000)
  region size 1024K, 50 young (51200K), 7 survivors (7168K)
 Metaspace       used 78183K, capacity 80283K, committed 80592K, reserved 1120256K
  class space    used 10040K, capacity 10784K, committed 10880K, reserved 1048576K
}
Event: 8.599 GC heap after
{Heap after GC invocations=16 (full 0):
 garbage-first heap   total 312320K, used 153653K [0x0000000080000000, 0x0000000100000000)
  region size 1024K, 14 young (14336K), 14 survivors (14336K)
 Metaspace       used 78183K, capacity 80283K, committed 80592K, reserved 1120256K
  class space    used 10040K, capacity 10784K, committed 10880K, reserved 1048576K
}
Event: 9.150 GC heap before
{Heap before GC invocations=17 (full 0):
 garbage-first heap   total 312320K, used 237621K [0x0000000080000000, 0x0000000100000000)
  region size 1024K, 91 young (93184K), 14 survivors (14336K)
 Metaspace       used 81361K, capacity 83615K, committed 83792K, reserved 1122304K
  class space    used 10475K, capacity 11236K, committed 11264K, reserved 1048576K
}
Event: 9.164 GC heap after
{Heap after GC invocations=18 (full 0):
 garbage-first heap   total 312320K, used 163075K [0x0000000080000000, 0x0000000100000000)
  region size 1024K, 5 young (5120K), 5 survivors (5120K)
 Metaspace       used 81361K, capacity 83615K, committed 83792K, reserved 1122304K
  class space    used 10475K, capacity 11236K, committed 11264K, reserved 1048576K
}
Event: 9.303 GC heap before
{Heap before GC invocations=18 (full 0):
 garbage-first heap   total 312320K, used 184579K [0x0000000080000000, 0x0000000100000000)
  region size 1024K, 28 young (28672K), 5 survivors (5120K)
 Metaspace       used 82306K, capacity 84707K, committed 85072K, reserved 1122304K
  class space    used 10579K, capacity 11408K, committed 11520K, reserved 1048576K
}
Event: 9.311 GC heap after
{Heap after GC invocations=19 (full 0):
 garbage-first heap   total 312320K, used 164038K [0x0000000080000000, 0x0000000100000000)
  region size 1024K, 6 young (6144K), 6 survivors (6144K)
 Metaspace       used 82306K, capacity 84707K, committed 85072K, reserved 1122304K
  class space    used 10579K, capacity 11408K, committed 11520K, reserved 1048576K
}
Event: 10.053 GC heap before
{Heap before GC invocations=20 (full 0):
 garbage-first heap   total 312320K, used 234694K [0x0000000080000000, 0x0000000100000000)
  region size 1024K, 74 young (75776K), 6 survivors (6144K)
 Metaspace       used 90351K, capacity 92927K, committed 93008K, reserved 1130496K
  class space    used 11602K, capacity 12486K, committed 12544K, reserved 1048576K
}
Event: 10.064 GC heap after
{Heap after GC invocations=21 (full 0):
 garbage-first heap   total 312320K, used 166817K [0x0000000080000000, 0x0000000100000000)
  region size 1024K, 5 young (5120K), 5 survivors (5120K)
 Metaspace       used 90351K, capacity 92927K, committed 93008K, reserved 1130496K
  class space    used 11602K, capacity 12486K, committed 12544K, reserved 1048576K
}
Event: 10.889 GC heap before
{Heap before GC invocations=21 (full 0):
 garbage-first heap   total 312320K, used 237473K [0x0000000080000000, 0x0000000100000000)
  region size 1024K, 75 young (76800K), 5 survivors (5120K)
 Metaspace       used 94991K, capacity 97702K, committed 98000K, reserved 1134592K
  class space    used 12154K, capacity 13101K, committed 13184K, reserved 1048576K
}
Event: 10.905 GC heap after
{Heap after GC invocations=22 (full 0):
 garbage-first heap   total 312320K, used 173725K [0x0000000080000000, 0x0000000100000000)
  region size 1024K, 10 young (10240K), 10 survivors (10240K)
 Metaspace       used 94991K, capacity 97702K, committed 98000K, reserved 1134592K
  class space    used 12154K, capacity 13101K, committed 13184K, reserved 1048576K
}
Event: 11.808 GC heap before
{Heap before GC invocations=23 (full 0):
 garbage-first heap   total 312320K, used 243357K [0x0000000080000000, 0x0000000100000000)
  region size 1024K, 79 young (80896K), 10 survivors (10240K)
 Metaspace       used 96578K, capacity 99321K, committed 99664K, reserved 1136640K
  class space    used 12265K, capacity 13203K, committed 13312K, reserved 1048576K
}
Event: 11.823 GC heap after
{Heap after GC invocations=24 (full 0):
 garbage-first heap   total 312320K, used 179726K [0x0000000080000000, 0x0000000100000000)
  region size 1024K, 7 young (7168K), 7 survivors (7168K)
 Metaspace       used 96578K, capacity 99321K, committed 99664K, reserved 1136640K
  class space    used 12265K, capacity 13203K, committed 13312K, reserved 1048576K
}
Event: 12.209 GC heap before
{Heap before GC invocations=24 (full 0):
 garbage-first heap   total 312320K, used 249358K [0x0000000080000000, 0x0000000100000000)
  region size 1024K, 75 young (76800K), 7 survivors (7168K)
 Metaspace       used 98940K, capacity 101613K, committed 101712K, reserved 1138688K
  class space    used 12551K, capacity 13495K, committed 13568K, reserved 1048576K
}
Event: 12.220 GC heap after
{Heap after GC invocations=25 (full 0):
 garbage-first heap   total 312320K, used 183314K [0x0000000080000000, 0x0000000100000000)
  region size 1024K, 4 young (4096K), 4 survivors (4096K)
 Metaspace       used 98940K, capacity 101613K, committed 101712K, reserved 1138688K
  class space    used 12551K, capacity 13495K, committed 13568K, reserved 1048576K
}
Event: 26.967 GC heap before
{Heap before GC invocations=26 (full 0):
 garbage-first heap   total 312320K, used 252946K [0x0000000080000000, 0x0000000100000000)
  region size 1024K, 73 young (74752K), 4 survivors (4096K)
 Metaspace       used 104361K, capacity 107300K, committed 107344K, reserved 1142784K
  class space    used 13034K, capacity 14078K, committed 14080K, reserved 1048576K
}
Event: 26.976 GC heap after
{Heap after GC invocations=27 (full 0):
 garbage-first heap   total 312320K, used 188274K [0x0000000080000000, 0x0000000100000000)
  region size 1024K, 9 young (9216K), 9 survivors (9216K)
 Metaspace       used 104361K, capacity 107300K, committed 107344K, reserved 1142784K
  class space    used 13034K, capacity 14078K, committed 14080K, reserved 1048576K
}
Event: 27.451 GC heap before
{Heap before GC invocations=27 (full 0):
 garbage-first heap   total 312320K, used 256882K [0x0000000080000000, 0x0000000100000000)
  region size 1024K, 76 young (77824K), 9 survivors (9216K)
 Metaspace       used 105683K, capacity 108752K, committed 108880K, reserved 1144832K
  class space    used 13200K, capacity 14251K, committed 14336K, reserved 1048576K
}
Event: 27.472 GC heap after
{Heap after GC invocations=28 (full 0):
 garbage-first heap   total 312320K, used 197092K [0x0000000080000000, 0x0000000100000000)
  region size 1024K, 9 young (9216K), 9 survivors (9216K)
 Metaspace       used 105683K, capacity 108752K, committed 108880K, reserved 1144832K
  class space    used 13200K, capacity 14251K, committed 14336K, reserved 1048576K
}

Deoptimization events (20 events):
Event: 37.590 Thread 0x00000201860fd800 Uncommon trap: trap_request=0xffffff4d fr.pc=0x00000201ef7163c0 relative=0x00000000000010c0
Event: 37.590 Thread 0x00000201860fd800 Uncommon trap: reason=unstable_if action=reinterpret pc=0x00000201ef7163c0 method=org.gradle.cache.internal.btree.BlockPointer.isNull()Z @ 6 c2
Event: 37.590 Thread 0x00000201860fd800 DEOPT PACKING pc=0x00000201ef7163c0 sp=0x00000022b25fe220
Event: 37.590 Thread 0x00000201860fd800 DEOPT UNPACKING pc=0x00000201e771a1a9 sp=0x00000022b25fe0f8 mode 2
Event: 37.628 Thread 0x0000020180c00000 Uncommon trap: trap_request=0xffffffc6 fr.pc=0x00000201ef7eaa88 relative=0x00000000000000e8
Event: 37.628 Thread 0x0000020180c00000 Uncommon trap: reason=bimorphic_or_optimized_type_check action=maybe_recompile pc=0x00000201ef7eaa88 method=org.gradle.internal.snapshot.DirectorySnapshot.accept(Lorg/gradle/internal/snapshot/FileSystemSnapshotHierarchyVisitor;)Lorg/gradle/internal/snapsh
Event: 37.628 Thread 0x0000020180c00000 DEOPT PACKING pc=0x00000201ef7eaa88 sp=0x00000022b58fcc50
Event: 37.628 Thread 0x0000020180c00000 DEOPT UNPACKING pc=0x00000201e771a1a9 sp=0x00000022b58fcb40 mode 2
Event: 37.628 Thread 0x0000020180c00000 Uncommon trap: trap_request=0xffffffc6 fr.pc=0x00000201ef7eaa88 relative=0x00000000000000e8
Event: 37.628 Thread 0x0000020180c00000 Uncommon trap: reason=bimorphic_or_optimized_type_check action=maybe_recompile pc=0x00000201ef7eaa88 method=org.gradle.internal.snapshot.DirectorySnapshot.accept(Lorg/gradle/internal/snapshot/FileSystemSnapshotHierarchyVisitor;)Lorg/gradle/internal/snapsh
Event: 37.628 Thread 0x0000020180c00000 DEOPT PACKING pc=0x00000201ef7eaa88 sp=0x00000022b58fc880
Event: 37.628 Thread 0x0000020180c00000 DEOPT UNPACKING pc=0x00000201e771a1a9 sp=0x00000022b58fc770 mode 2
Event: 37.628 Thread 0x0000020180c00000 Uncommon trap: trap_request=0xffffffc6 fr.pc=0x00000201ef7eaa88 relative=0x00000000000000e8
Event: 37.628 Thread 0x0000020180c00000 Uncommon trap: reason=bimorphic_or_optimized_type_check action=maybe_recompile pc=0x00000201ef7eaa88 method=org.gradle.internal.snapshot.DirectorySnapshot.accept(Lorg/gradle/internal/snapshot/FileSystemSnapshotHierarchyVisitor;)Lorg/gradle/internal/snapsh
Event: 37.628 Thread 0x0000020180c00000 DEOPT PACKING pc=0x00000201ef7eaa88 sp=0x00000022b58fc4b0
Event: 37.628 Thread 0x0000020180c00000 DEOPT UNPACKING pc=0x00000201e771a1a9 sp=0x00000022b58fc3a0 mode 2
Event: 37.631 Thread 0x0000020180c00000 Uncommon trap: trap_request=0xffffffc6 fr.pc=0x00000201ef7eaa88 relative=0x00000000000000e8
Event: 37.631 Thread 0x0000020180c00000 Uncommon trap: reason=bimorphic_or_optimized_type_check action=maybe_recompile pc=0x00000201ef7eaa88 method=org.gradle.internal.snapshot.DirectorySnapshot.accept(Lorg/gradle/internal/snapshot/FileSystemSnapshotHierarchyVisitor;)Lorg/gradle/internal/snapsh
Event: 37.631 Thread 0x0000020180c00000 DEOPT PACKING pc=0x00000201ef7eaa88 sp=0x00000022b58fc6c0
Event: 37.631 Thread 0x0000020180c00000 DEOPT UNPACKING pc=0x00000201e771a1a9 sp=0x00000022b58fc5b0 mode 2

Classes redefined (0 events):
No events

Internal exceptions (20 events):
Event: 27.380 Thread 0x0000020181a05000 Exception <a 'java/lang/ClassNotFoundException'{0x000000008f3cf7f8}: com/android/build/gradle/internal/tasks/ListingFileRedirectTask_DecoratedBeanInfo> (0x000000008f3cf7f8) thrown at [src/hotspot/share/classfile/systemDictionary.cpp, line 230]
Event: 27.381 Thread 0x0000020181a05000 Exception <a 'java/lang/ClassNotFoundException'{0x000000008f3eaef0}: com/android/build/gradle/internal/tasks/ListingFileRedirectTaskBeanInfo> (0x000000008f3eaef0) thrown at [src/hotspot/share/classfile/systemDictionary.cpp, line 230]
Event: 27.381 Thread 0x0000020181a05000 Exception <a 'java/lang/ClassNotFoundException'{0x000000008f206ab8}: com/android/build/gradle/internal/tasks/ListingFileRedirectTaskCustomizer> (0x000000008f206ab8) thrown at [src/hotspot/share/classfile/systemDictionary.cpp, line 230]
Event: 27.382 Thread 0x0000020181a05000 Exception <a 'java/lang/ClassNotFoundException'{0x000000008f235d38}: com/android/build/gradle/internal/tasks/ListingFileRedirectTask_DecoratedCustomizer> (0x000000008f235d38) thrown at [src/hotspot/share/classfile/systemDictionary.cpp, line 230]
Event: 27.392 Thread 0x0000020181a05000 Implicit null exception at 0x00000201ef8299a9 to 0x00000201ef829f90
Event: 27.397 Thread 0x0000020181a05000 Exception <a 'java/lang/NoSuchMethodError'{0x000000008f118ba8}: <clinit>> (0x000000008f118ba8) thrown at [src/hotspot/share/prims/jni.cpp, line 1367]
Event: 27.403 Thread 0x0000020181a05000 Exception <a 'sun/nio/fs/WindowsException'{0x000000008f18b130}> (0x000000008f18b130) thrown at [src/hotspot/share/prims/jni.cpp, line 617]
Event: 27.447 Thread 0x00000201860f5000 Exception <a 'java/lang/NoSuchMethodError'{0x000000008ee6df40}: <clinit>> (0x000000008ee6df40) thrown at [src/hotspot/share/prims/jni.cpp, line 1367]
Event: 27.499 Thread 0x0000020180bf6000 Exception <a 'java/lang/NoSuchMethodError'{0x0000000092e24030}: <clinit>> (0x0000000092e24030) thrown at [src/hotspot/share/prims/jni.cpp, line 1367]
Event: 27.501 Thread 0x0000020180bf6000 Exception <a 'java/lang/NoSuchMethodError'{0x0000000092e32d00}: <clinit>> (0x0000000092e32d00) thrown at [src/hotspot/share/prims/jni.cpp, line 1367]
Event: 27.503 Thread 0x0000020180bf6000 Exception <a 'java/lang/NoSuchMethodError'{0x0000000092e4d030}: <clinit>> (0x0000000092e4d030) thrown at [src/hotspot/share/prims/jni.cpp, line 1367]
Event: 27.517 Thread 0x0000020180c01800 Exception <a 'sun/nio/fs/WindowsException'{0x0000000092ee3398}> (0x0000000092ee3398) thrown at [src/hotspot/share/prims/jni.cpp, line 617]
Event: 27.517 Thread 0x0000020180c01800 Exception <a 'sun/nio/fs/WindowsException'{0x0000000092ee63f8}> (0x0000000092ee63f8) thrown at [src/hotspot/share/prims/jni.cpp, line 617]
Event: 27.535 Thread 0x0000020180c01800 Implicit null exception at 0x00000201ef66e877 to 0x00000201ef66ea0c
Event: 32.552 Thread 0x0000020180c01800 Exception <a 'net/rubygrapefruit/platform/NativeException'{0x0000000092c58740}: Execution timed out> (0x0000000092c58740) thrown at [src/hotspot/share/prims/jni.cpp, line 638]
Event: 37.567 Thread 0x0000020180c01800 Exception <a 'net/rubygrapefruit/platform/NativeException'{0x0000000092c76788}: Execution timed out> (0x0000000092c76788) thrown at [src/hotspot/share/prims/jni.cpp, line 638]
Event: 37.584 Thread 0x00000201860f5000 Exception <a 'java/lang/NoSuchMethodError'{0x0000000092a34e80}: <clinit>> (0x0000000092a34e80) thrown at [src/hotspot/share/prims/jni.cpp, line 1367]
Event: 37.586 Thread 0x00000201860f5000 Exception <a 'java/lang/NoSuchMethodError'{0x0000000092a4b508}: <clinit>> (0x0000000092a4b508) thrown at [src/hotspot/share/prims/jni.cpp, line 1367]
Event: 37.601 Thread 0x00000201860f5000 Exception <a 'java/lang/NoSuchMethodError'{0x0000000092aef0c0}: <clinit>> (0x0000000092aef0c0) thrown at [src/hotspot/share/prims/jni.cpp, line 1367]
Event: 37.613 Thread 0x0000020180c00000 Exception <a 'java/lang/NoSuchMethodError'{0x000000009297bb60}: 'int java.lang.invoke.DirectMethodHandle$Holder.invokeSpecial(java.lang.Object, java.lang.Object, java.lang.Object, java.lang.Object, java.lang.Object)'> (0x000000009297bb60) thrown at [src/hotspot/share/interpreter/linkResolver.cpp, line 773]

Events (20 events):
Event: 37.617 loading class org/gradle/internal/snapshot/UnknownFileSystemNode
Event: 37.617 loading class org/gradle/internal/snapshot/UnknownFileSystemNode done
Event: 37.617 Executing VM operation: Deoptimize
Event: 37.618 Executing VM operation: Deoptimize done
Event: 37.629 loading class com/android/build/gradle/tasks/GenerateBuildConfigKt
Event: 37.629 loading class com/android/build/gradle/tasks/GenerateBuildConfigKt done
Event: 37.629 loading class com/android/build/gradle/internal/core/VariantDslInfoImpl$computeVersionNameSuffix$2
Event: 37.629 loading class com/android/build/gradle/internal/core/VariantDslInfoImpl$computeVersionNameSuffix$2 done
Event: 37.630 loading class org/gradle/execution/plan/LocalTaskNodeExecutor$1
Event: 37.630 loading class org/gradle/execution/plan/LocalTaskNodeExecutor$1 done
Event: 37.631 Executing VM operation: RevokeBias
Event: 37.631 Executing VM operation: RevokeBias done
Event: 37.631 Executing VM operation: RevokeBias
Event: 37.631 Executing VM operation: RevokeBias done
Event: 37.631 Executing VM operation: RevokeBias
Event: 37.631 Executing VM operation: RevokeBias done
Event: 37.632 Executing VM operation: RevokeBias
Event: 37.632 Executing VM operation: RevokeBias done
Event: 37.632 Executing VM operation: BulkRevokeBias
Event: 37.633 Executing VM operation: BulkRevokeBias done


Dynamic libraries:
0x00007ff671f30000 - 0x00007ff671f3a000 	C:\Program Files\Android\Android Studio\jbr\bin\java.exe
0x00007ff8bf610000 - 0x00007ff8bf806000 	C:\Windows\SYSTEM32\ntdll.dll
0x00007ff8bd670000 - 0x00007ff8bd72d000 	C:\Windows\System32\KERNEL32.DLL
0x00007ff8bd300000 - 0x00007ff8bd5c9000 	C:\Windows\System32\KERNELBASE.dll
0x00007ff8bce60000 - 0x00007ff8bcf60000 	C:\Windows\System32\ucrtbase.dll
0x00007ff8a4230000 - 0x00007ff8a4247000 	C:\Program Files\Android\Android Studio\jbr\bin\jli.dll
0x00007ff8a4210000 - 0x00007ff8a422b000 	C:\Program Files\Android\Android Studio\jbr\bin\VCRUNTIME140.dll
0x00007ff8beda0000 - 0x00007ff8bef40000 	C:\Windows\System32\USER32.dll
0x00007ff8bd1f0000 - 0x00007ff8bd212000 	C:\Windows\System32\win32u.dll
0x00007ff8beff0000 - 0x00007ff8bf01a000 	C:\Windows\System32\GDI32.dll
0x00007ff8bcd50000 - 0x00007ff8bce5b000 	C:\Windows\System32\gdi32full.dll
0x00007ff8921d0000 - 0x00007ff89246b000 	C:\Windows\WinSxS\amd64_microsoft.windows.common-controls_6595b64144ccf1df_6.0.19041.746_none_ca02b4b61b8320a4\COMCTL32.dll
0x00007ff8bd5d0000 - 0x00007ff8bd66d000 	C:\Windows\System32\msvcp_win.dll
0x00007ff8bed00000 - 0x00007ff8bed9e000 	C:\Windows\System32\msvcrt.dll
0x00007ff8bd860000 - 0x00007ff8bd890000 	C:\Windows\System32\IMM32.DLL
0x00007ff8a2220000 - 0x00007ff8a227b000 	C:\ProgramData\Microsoft\DbgCtr\XShellDLL64_6015.dll
0x00007ff8bef40000 - 0x00007ff8befec000 	C:\Windows\System32\ADVAPI32.dll
0x00007ff8bd7c0000 - 0x00007ff8bd85c000 	C:\Windows\System32\sechost.dll
0x00007ff8bdb50000 - 0x00007ff8bdc7b000 	C:\Windows\System32\RPCRT4.dll
0x00007ff8be4f0000 - 0x00007ff8bec32000 	C:\Windows\System32\SHELL32.dll
0x00007ff8a2170000 - 0x00007ff8a217c000 	C:\Program Files\Android\Android Studio\jbr\bin\vcruntime140_1.dll
0x00007ff8a0d20000 - 0x00007ff8a0dad000 	C:\Program Files\Android\Android Studio\jbr\bin\msvcp140.dll
0x00007ff877160000 - 0x00007ff877d1c000 	C:\Program Files\Android\Android Studio\jbr\bin\server\jvm.dll
0x00007ff8be3c0000 - 0x00007ff8be3c8000 	C:\Windows\System32\PSAPI.DLL
0x00007ff8aad90000 - 0x00007ff8aad99000 	C:\Windows\SYSTEM32\WSOCK32.dll
0x00007ff895110000 - 0x00007ff895137000 	C:\Windows\SYSTEM32\WINMM.dll
0x00007ff8bdc90000 - 0x00007ff8bdcfb000 	C:\Windows\System32\WS2_32.dll
0x00007ff8b57d0000 - 0x00007ff8b57da000 	C:\Windows\SYSTEM32\VERSION.dll
0x00007ff8bacc0000 - 0x00007ff8bacd2000 	C:\Windows\SYSTEM32\kernel.appcore.dll
0x00007ff8a1ee0000 - 0x00007ff8a1ef0000 	C:\Program Files\Android\Android Studio\jbr\bin\verify.dll
0x00007ff8a4650000 - 0x00007ff8a4834000 	C:\Windows\SYSTEM32\DBGHELP.DLL
0x00007ff8a4540000 - 0x00007ff8a456c000 	C:\Windows\SYSTEM32\dbgcore.DLL
0x00007ff8bd220000 - 0x00007ff8bd2a0000 	C:\Windows\System32\bcryptPrimitives.dll
0x00007ff8a1560000 - 0x00007ff8a1588000 	C:\Program Files\Android\Android Studio\jbr\bin\java.dll
0x00007ff8a1ac0000 - 0x00007ff8a1aca000 	C:\Program Files\Android\Android Studio\jbr\bin\jimage.dll
0x00007ff8a1660000 - 0x00007ff8a1678000 	C:\Program Files\Android\Android Studio\jbr\bin\zip.dll
0x00007ff8baec0000 - 0x00007ff8bb650000 	C:\Windows\SYSTEM32\windows.storage.dll
0x00007ff8bdd00000 - 0x00007ff8be056000 	C:\Windows\System32\combase.dll
0x00007ff8bc7b0000 - 0x00007ff8bc7dc000 	C:\Windows\SYSTEM32\Wldp.dll
0x00007ff8bd890000 - 0x00007ff8bd93e000 	C:\Windows\System32\SHCORE.dll
0x00007ff8bdaf0000 - 0x00007ff8bdb45000 	C:\Windows\System32\shlwapi.dll
0x00007ff8bcc80000 - 0x00007ff8bcca6000 	C:\Windows\SYSTEM32\profapi.dll
0x00007ff8a15d0000 - 0x00007ff8a15e9000 	C:\Program Files\Android\Android Studio\jbr\bin\net.dll
0x00007ff8b5f20000 - 0x00007ff8b6020000 	C:\Windows\SYSTEM32\WINHTTP.dll
0x00007ff8bc4c0000 - 0x00007ff8bc52a000 	C:\Windows\system32\mswsock.dll
0x00007ff8a0f80000 - 0x00007ff8a0f93000 	C:\Program Files\Android\Android Studio\jbr\bin\nio.dll
0x00007ff8a1c50000 - 0x00007ff8a1c77000 	C:\Users\it_04\.gradle\native\e1d6ef7f7dcc3fd88c89a11ec53ec762bb8ba0a96d01ffa2cd45eb1d1d8dd5c5\windows-amd64\native-platform.dll
0x00007ff8a0980000 - 0x00007ff8a0ac4000 	C:\Users\it_04\.gradle\native\0d407fdbe67a94daf76414ababcb853783967236a71b16ec16e742cd7a986fd3\windows-amd64\native-platform-file-events.dll
0x00007ff8af710000 - 0x00007ff8af71a000 	C:\Program Files\Android\Android Studio\jbr\bin\management.dll
0x00007ff8a0f70000 - 0x00007ff8a0f7b000 	C:\Program Files\Android\Android Studio\jbr\bin\management_ext.dll
0x00007ff8bc690000 - 0x00007ff8bc6a8000 	C:\Windows\SYSTEM32\CRYPTSP.dll
0x00007ff8bbe60000 - 0x00007ff8bbe94000 	C:\Windows\system32\rsaenh.dll
0x00007ff8bd060000 - 0x00007ff8bd087000 	C:\Windows\System32\bcrypt.dll
0x00007ff8bcc40000 - 0x00007ff8bcc6e000 	C:\Windows\SYSTEM32\USERENV.dll
0x00007ff8bc6b0000 - 0x00007ff8bc6bc000 	C:\Windows\SYSTEM32\CRYPTBASE.dll
0x00007ff8bc1b0000 - 0x00007ff8bc1eb000 	C:\Windows\SYSTEM32\IPHLPAPI.DLL
0x00007ff8bdc80000 - 0x00007ff8bdc88000 	C:\Windows\System32\NSI.dll
0x00007ff8b64d0000 - 0x00007ff8b64e7000 	C:\Windows\SYSTEM32\dhcpcsvc6.DLL
0x00007ff8b64b0000 - 0x00007ff8b64cd000 	C:\Windows\SYSTEM32\dhcpcsvc.DLL
0x00007ff8bc1f0000 - 0x00007ff8bc2bb000 	C:\Windows\SYSTEM32\DNSAPI.dll

dbghelp: loaded successfully - version: 4.0.5 - missing functions: none
symbol engine: initialized successfully - sym options: 0x614 - pdb path: .;C:\Program Files\Android\Android Studio\jbr\bin;C:\Windows\SYSTEM32;C:\Windows\WinSxS\amd64_microsoft.windows.common-controls_6595b64144ccf1df_6.0.19041.746_none_ca02b4b61b8320a4;C:\ProgramData\Microsoft\DbgCtr;C:\Program Files\Android\Android Studio\jbr\bin\server;C:\Users\it_04\.gradle\native\e1d6ef7f7dcc3fd88c89a11ec53ec762bb8ba0a96d01ffa2cd45eb1d1d8dd5c5\windows-amd64;C:\Users\it_04\.gradle\native\0d407fdbe67a94daf76414ababcb853783967236a71b16ec16e742cd7a986fd3\windows-amd64

VM Arguments:
jvm_args: --add-opens=java.base/java.util=ALL-UNNAMED --add-opens=java.base/java.lang=ALL-UNNAMED --add-opens=java.base/java.lang.invoke=ALL-UNNAMED --add-opens=java.base/java.util=ALL-UNNAMED --add-opens=java.prefs/java.util.prefs=ALL-UNNAMED --add-opens=java.prefs/java.util.prefs=ALL-UNNAMED --add-opens=java.base/java.nio.charset=ALL-UNNAMED --add-opens=java.base/java.net=ALL-UNNAMED --add-opens=java.base/java.util.concurrent.atomic=ALL-UNNAMED -Xmx2048m -Dfile.encoding=UTF-8 -Duser.country=US -Duser.language=en -Duser.variant 
java_command: org.gradle.launcher.daemon.bootstrap.GradleDaemon 7.5
java_class_path (initial): C:\Users\it_04\.gradle\wrapper\dists\gradle-7.5-bin\f1w0cc9nuo0eivz97x2xlu9sv\gradle-7.5\lib\gradle-launcher-7.5.jar
Launcher Type: SUN_STANDARD

[Global flags]
     intx CICompilerCount                          = 3                                         {product} {ergonomic}
     uint ConcGCThreads                            = 1                                         {product} {ergonomic}
     uint G1ConcRefinementThreads                  = 4                                         {product} {ergonomic}
   size_t G1HeapRegionSize                         = 1048576                                   {product} {ergonomic}
    uintx GCDrainStackTargetSize                   = 64                                        {product} {ergonomic}
   size_t InitialHeapSize                          = 266338304                                 {product} {ergonomic}
   size_t MarkStackSize                            = 4194304                                   {product} {ergonomic}
   size_t MaxHeapSize                              = 2147483648                                {product} {command line}
   size_t MaxNewSize                               = 1287651328                                {product} {ergonomic}
   size_t MinHeapDeltaBytes                        = 1048576                                   {product} {ergonomic}
    uintx NonNMethodCodeHeapSize                   = 5830732                                {pd product} {ergonomic}
    uintx NonProfiledCodeHeapSize                  = 122913754                              {pd product} {ergonomic}
    uintx ProfiledCodeHeapSize                     = 122913754                              {pd product} {ergonomic}
    uintx ReservedCodeCacheSize                    = 251658240                              {pd product} {ergonomic}
     bool SegmentedCodeCache                       = true                                      {product} {ergonomic}
     bool UseCompressedClassPointers               = true                                 {lp64_product} {ergonomic}
     bool UseCompressedOops                        = true                                 {lp64_product} {ergonomic}
     bool UseG1GC                                  = true                                      {product} {ergonomic}
     bool UseLargePagesIndividualAllocation        = false                                  {pd product} {ergonomic}

Logging:
Log output configuration:
 #0: stdout all=warning uptime,level,tags
 #1: stderr all=off uptime,level,tags

Environment Variables:
PATH=D:\app\it_07\product\11.2.0\client_1\bin;C:\Windows\system32;C:\Windows;C:\Windows\System32\Wbem;C:\Windows\System32\WindowsPowerShell\v1.0\;C:\Windows\System32\OpenSSH\;C:\Program Files\dotnet\;C:\Program Files\Git\cmd;C:\Users\it_04\AppData\Local\Microsoft\WindowsApps;C:\Users\it_04\.dotnet\tools
USERNAME=it_04
OS=Windows_NT
PROCESSOR_IDENTIFIER=Intel64 Family 6 Model 165 Stepping 3, GenuineIntel



---------------  S Y S T E M  ---------------

OS: Windows 10 , 64 bit Build 19041 (10.0.19041.804)
OS uptime: 0 days 0:59 hours

CPU:total 4 (initial active 4) (2 cores per cpu, 2 threads per core) family 6 model 165 stepping 3 microcode 0xe0, cmov, cx8, fxsr, mmx, sse, sse2, sse3, ssse3, sse4.1, sse4.2, popcnt, aes, clmul, erms, 3dnowpref, lzcnt, ht, tsc, tscinvbit

Memory: 4k page, system-wide physical 16242M (8783M free)
TotalPageFile size 18674M (AvailPageFile size 11703M)
current process WorkingSet (physical memory assigned to process): 555M, peak: 591M
current process commit charge ("private bytes"): 597M, peak: 634M

vm_info: OpenJDK 64-Bit Server VM (11.0.15+0-b2043.56-9505619) for windows-amd64 JRE (11.0.15+0-b2043.56-9505619), built on Jan 19 2023 02:48:00 by "builduser" with unknown MS VC++:1929

END.
