#
# A fatal error has been detected by the Java Runtime Environment:
#
#  EXCEPTION_ACCESS_VIOLATION (0xc0000005) at pc=0x0000000000000001, pid=3004, tid=8668
#
# JRE version: OpenJDK Runtime Environment (11.0.15) (build 11.0.15+0-b2043.56-9505619)
# Java VM: OpenJDK 64-Bit Server VM (11.0.15+0-b2043.56-9505619, mixed mode, tiered, compressed oops, g1 gc, windows-amd64)
# Problematic frame:
# C  0x0000000000000001
#
# No core dump will be written. Minidumps are not enabled by default on client versions of Windows
#
# If you would like to submit a bug report, please visit:
#   https://bugreport.java.com/bugreport/crash.jsp
# The crash happened outside the Java Virtual Machine in native code.
# See problematic frame for where to report the bug.
#

---------------  S U M M A R Y ------------

Command Line: --add-opens=java.base/java.util=ALL-UNNAMED --add-opens=java.base/java.lang=ALL-UNNAMED --add-opens=java.base/java.lang.invoke=ALL-UNNAMED --add-opens=java.base/java.util=ALL-UNNAMED --add-opens=java.prefs/java.util.prefs=ALL-UNNAMED --add-opens=java.prefs/java.util.prefs=ALL-UNNAMED --add-opens=java.base/java.nio.charset=ALL-UNNAMED --add-opens=java.base/java.net=ALL-UNNAMED --add-opens=java.base/java.util.concurrent.atomic=ALL-UNNAMED -Xmx2048m -Dfile.encoding=UTF-8 -Duser.country=US -Duser.language=en -Duser.variant org.gradle.launcher.daemon.bootstrap.GradleDaemon 7.5

Host: Intel(R) Pentium(R) Gold G6400 CPU @ 4.00GHz, 4 cores, 15G,  Windows 10 , 64 bit Build 19041 (10.0.19041.804)
Time: Mon Apr 24 08:54:20 2023 SE Asia Standard Time elapsed time: 19.581785 seconds (0d 0h 0m 19s)

---------------  T H R E A D  ---------------

Current thread (0x000001af36070800):  JavaThread "File watcher server" daemon [_thread_in_native, id=8668, stack(0x0000000ca0000000,0x0000000ca0100000)]

Stack: [0x0000000ca0000000,0x0000000ca0100000],  sp=0x0000000ca00fe878,  free space=1018k
Native frames: (J=compiled Java code, j=interpreted, Vv=VM code, C=native code)
C  0x0000000000000001

Java frames: (J=compiled Java code, j=interpreted, Vv=VM code)
j  net.rubygrapefruit.platform.internal.jni.AbstractFileEventFunctions$NativeFileWatcher.executeRunLoop0(Ljava/lang/Object;)V+0
j  net.rubygrapefruit.platform.internal.jni.AbstractFileEventFunctions$NativeFileWatcher.access$100(Lnet/rubygrapefruit/platform/internal/jni/AbstractFileEventFunctions$NativeFileWatcher;Ljava/lang/Object;)V+2
j  net.rubygrapefruit.platform.internal.jni.AbstractFileEventFunctions$NativeFileWatcher$1.run()V+26
v  ~StubRoutines::call_stub

siginfo: EXCEPTION_ACCESS_VIOLATION (0xc0000005), data execution prevention violation at address 0x0000000000000001


Register to memory mapping:

RIP=0x0000000000000001 is an unknown value
RAX=0x0000000000000001 is an unknown value
RBX=0x0 is NULL
RCX=0x0000000ca3af96a8 is pointing into the stack for thread: 0x000001af37af7000
RDX=0x0 is NULL
RSP=0x0000000ca00fe878 is pointing into the stack for thread: 0x000001af36070800
RBP=0x0000000ca00ff248 is pointing into the stack for thread: 0x000001af36070800
RSI=0x0000000ca3af96a0 is pointing into the stack for thread: 0x000001af37af7000
RDI=0x0000000ca3af9660 is pointing into the stack for thread: 0x000001af37af7000
R8 =0x000001af17a34680 points into unknown readable memory: 0x000001af17a30d20 | 20 0d a3 17 af 01 00 00
R9 =0x0000000000000001 is an unknown value
R10=0x0000000000008000 is an unknown value
R11=0x0000000ca00fe530 is pointing into the stack for thread: 0x000001af36070800
R12=0x0 is NULL
R13={method} {0x000001af38da51f8} 'executeRunLoop0' '(Ljava/lang/Object;)V' in 'net/rubygrapefruit/platform/internal/jni/AbstractFileEventFunctions$NativeFileWatcher'
R14=0x0 is NULL
R15=0x000001af36070800 is a thread


Registers:
RAX=0x0000000000000001, RBX=0x0000000000000000, RCX=0x0000000ca3af96a8, RDX=0x0000000000000000
RSP=0x0000000ca00fe878, RBP=0x0000000ca00ff248, RSI=0x0000000ca3af96a0, RDI=0x0000000ca3af9660
R8 =0x000001af17a34680, R9 =0x0000000000000001, R10=0x0000000000008000, R11=0x0000000ca00fe530
R12=0x0000000000000000, R13=0x000001af38da51f0, R14=0x0000000000000000, R15=0x000001af36070800
RIP=0x0000000000000001, EFLAGS=0x0000000000010297

Top of Stack: (sp=0x0000000ca00fe878)
0x0000000ca00fe878:   00007ff8a09c63b9 0000000000000000
0x0000000ca00fe888:   000001af1d5bfa7a 000001af33b55990
0x0000000ca00fe898:   00007ff8a09a3133 000001af3a257de8
0x0000000ca00fe8a8:   000000008f600170 0000729116e0e437
0x0000000ca00fe8b8:   00007ff8a09ada83 0000000ca00ff270
0x0000000ca00fe8c8:   0000000ca3af9660 00007ff8a099f150
0x0000000ca00fe8d8:   00007ff8a09b709b 0000000ca3af96a0
0x0000000ca00fe8e8:   00000000804220f8 0000000000000000
0x0000000ca00fe8f8:   00007ff8a09abfae 000001af3a257de0
0x0000000ca00fe908:   00007ff8a09a92a6 0000000ca3af96a0
0x0000000ca00fe918:   0000000000000000 000001af3a257de0
0x0000000ca00fe928:   00007ff8a09857b3 0000000000000000
0x0000000ca00fe938:   00007ff8a09b64c2 0000000ca00fe980
0x0000000ca00fe948:   0000000ca3af96a0 000001af337e4a20
0x0000000ca00fe958:   0000000000000000 0000000080415001
0x0000000ca00fe968:   000001af336ffd50 0000000000000000 

Instructions: (pc=0x0000000000000001)
0xffffffffffffff01:   


Stack slot to memory mapping:
stack at sp + 0 slots: 0x00007ff8a09c63b9 native-platform-file-events.dll
stack at sp + 1 slots: 0x0 is NULL
stack at sp + 2 slots: 0x000001af1d5bfa7a is at code_begin+2458 in an Interpreter codelet
method entry point (kind = native)  [0x000001af1d5bf0e0, 0x000001af1d5bfb60]  2688 bytes
stack at sp + 3 slots: {method} {0x000001af33b55998} 'findEntry' '(Ljava/lang/String;)J' in 'java/lang/ClassLoader$NativeLibrary'
stack at sp + 4 slots: 0x00007ff8a09a3133 native-platform-file-events.dll
stack at sp + 5 slots: 0x000001af3a257de8 points into unknown readable memory: 0x000001af35576450 | 50 64 57 35 af 01 00 00
stack at sp + 6 slots: 0x000000008f600170 is an unallocated location in the heap
stack at sp + 7 slots: 0x0000729116e0e437 is an unknown value


---------------  P R O C E S S  ---------------

Threads class SMR info:
_java_thread_list=0x000001af3a258740, length=86, elements={
0x000001af19a93000, 0x000001af33f1f000, 0x000001af33f20000, 0x000001af33f7a800,
0x000001af33f7b800, 0x000001af33f7c800, 0x000001af33f83800, 0x000001af33f86000,
0x000001af33f8c000, 0x000001af34104800, 0x000001af363a7800, 0x000001af35b3f800,
0x000001af35b40800, 0x000001af36086000, 0x000001af3644d800, 0x000001af3644e800,
0x000001af361b2000, 0x000001af361b3000, 0x000001af3502a800, 0x000001af3502b800,
0x000001af3606b000, 0x000001af3606a000, 0x000001af3606c800, 0x000001af36070800,
0x000001af3606d800, 0x000001af3606e000, 0x000001af3606f000, 0x000001af36070000,
0x000001af3754c000, 0x000001af37550000, 0x000001af3754c800, 0x000001af3754f000,
0x000001af3754b000, 0x000001af3754d800, 0x000001af37551800, 0x000001af37552800,
0x000001af37554000, 0x000001af37553000, 0x000001af3754e800, 0x000001af37555000,
0x000001af37555800, 0x000001af37556800, 0x000001af37557800, 0x000001af37558000,
0x000001af37559000, 0x000001af37559800, 0x000001af37df5000, 0x000001af37df2000,
0x000001af37df6000, 0x000001af37df4800, 0x000001af37df3800, 0x000001af37df3000,
0x000001af37df0800, 0x000001af37df1000, 0x000001af37df8800, 0x000001af37df9800,
0x000001af37dfc800, 0x000001af37dfb800, 0x000001af37df7000, 0x000001af37dfd800,
0x000001af37df7800, 0x000001af37dfe000, 0x000001af37dfa000, 0x000001af37dff000,
0x000001af37dfb000, 0x000001af37af2800, 0x000001af37af4000, 0x000001af37af3000,
0x000001af37aef000, 0x000001af37aee000, 0x000001af37af5800, 0x000001af37af4800,
0x000001af37af1800, 0x000001af37af0000, 0x000001af37af6800, 0x000001af37af0800,
0x000001af37af9000, 0x000001af37afa800, 0x000001af37afd000, 0x000001af37af9800,
0x000001af37af7000, 0x000001af37afb800, 0x000001af37afc000, 0x000001af37af8000,
0x000001af39a69000, 0x000001af3ad70800
}

Java Threads: ( => current thread )
  0x000001af19a93000 JavaThread "main" [_thread_blocked, id=9744, stack(0x0000000c9db00000,0x0000000c9dc00000)]
  0x000001af33f1f000 JavaThread "Reference Handler" daemon [_thread_blocked, id=6124, stack(0x0000000c9e500000,0x0000000c9e600000)]
  0x000001af33f20000 JavaThread "Finalizer" daemon [_thread_blocked, id=6740, stack(0x0000000c9e600000,0x0000000c9e700000)]
  0x000001af33f7a800 JavaThread "Signal Dispatcher" daemon [_thread_blocked, id=7140, stack(0x0000000c9e700000,0x0000000c9e800000)]
  0x000001af33f7b800 JavaThread "Attach Listener" daemon [_thread_blocked, id=8464, stack(0x0000000c9e800000,0x0000000c9e900000)]
  0x000001af33f7c800 JavaThread "Service Thread" daemon [_thread_blocked, id=7292, stack(0x0000000c9e900000,0x0000000c9ea00000)]
  0x000001af33f83800 JavaThread "C2 CompilerThread0" daemon [_thread_blocked, id=9252, stack(0x0000000c9ea00000,0x0000000c9eb00000)]
  0x000001af33f86000 JavaThread "C1 CompilerThread0" daemon [_thread_blocked, id=6728, stack(0x0000000c9eb00000,0x0000000c9ec00000)]
  0x000001af33f8c000 JavaThread "Sweeper thread" daemon [_thread_blocked, id=3616, stack(0x0000000c9ec00000,0x0000000c9ed00000)]
  0x000001af34104800 JavaThread "Common-Cleaner" daemon [_thread_blocked, id=1300, stack(0x0000000c9ed00000,0x0000000c9ee00000)]
  0x000001af363a7800 JavaThread "Daemon health stats" [_thread_blocked, id=7768, stack(0x0000000c9f300000,0x0000000c9f400000)]
  0x000001af35b3f800 JavaThread "Incoming local TCP Connector on port 50360" [_thread_in_native, id=8772, stack(0x0000000c9f400000,0x0000000c9f500000)]
  0x000001af35b40800 JavaThread "Daemon periodic checks" [_thread_blocked, id=6964, stack(0x0000000c9f500000,0x0000000c9f600000)]
  0x000001af36086000 JavaThread "Daemon" [_thread_blocked, id=8324, stack(0x0000000c9f600000,0x0000000c9f700000)]
  0x000001af3644d800 JavaThread "Handler for socket connection from /127.0.0.1:50360 to /127.0.0.1:50361" [_thread_in_native, id=4216, stack(0x0000000c9f700000,0x0000000c9f800000)]
  0x000001af3644e800 JavaThread "Cancel handler" [_thread_blocked, id=6688, stack(0x0000000c9f800000,0x0000000c9f900000)]
  0x000001af361b2000 JavaThread "Daemon worker" [_thread_blocked, id=9720, stack(0x0000000c9f900000,0x0000000c9fa00000)]
  0x000001af361b3000 JavaThread "Asynchronous log dispatcher for DefaultDaemonConnection: socket connection from /127.0.0.1:50360 to /127.0.0.1:50361" [_thread_blocked, id=9616, stack(0x0000000c9fa00000,0x0000000c9fb00000)]
  0x000001af3502a800 JavaThread "Stdin handler" [_thread_blocked, id=9504, stack(0x0000000c9fb00000,0x0000000c9fc00000)]
  0x000001af3502b800 JavaThread "Daemon client event forwarder" [_thread_blocked, id=120, stack(0x0000000c9fc00000,0x0000000c9fd00000)]
  0x000001af3606b000 JavaThread "Cache worker for journal cache (C:\Users\it_04\.gradle\caches\journal-1)" [_thread_blocked, id=6360, stack(0x0000000c9fd00000,0x0000000c9fe00000)]
  0x000001af3606a000 JavaThread "File lock request listener" [_thread_in_native, id=1884, stack(0x0000000c9fe00000,0x0000000c9ff00000)]
  0x000001af3606c800 JavaThread "Cache worker for file hash cache (C:\Users\it_04\.gradle\caches\7.5\fileHashes)" [_thread_blocked, id=7788, stack(0x0000000c9ff00000,0x0000000ca0000000)]
=>0x000001af36070800 JavaThread "File watcher server" daemon [_thread_in_native, id=8668, stack(0x0000000ca0000000,0x0000000ca0100000)]
  0x000001af3606d800 JavaThread "Cache worker for checksums cache (D:\SourceAndroid\KyThuat\.gradle\7.5\checksums)" [_thread_blocked, id=2032, stack(0x0000000ca0200000,0x0000000ca0300000)]
  0x000001af3606e000 JavaThread "Cache worker for cache directory md-rule (C:\Users\it_04\.gradle\caches\7.5\md-rule)" [_thread_blocked, id=6900, stack(0x0000000ca0300000,0x0000000ca0400000)]
  0x000001af3606f000 JavaThread "Cache worker for file content cache (C:\Users\it_04\.gradle\caches\7.5\fileContent)" [_thread_blocked, id=6620, stack(0x0000000ca0400000,0x0000000ca0500000)]
  0x000001af36070000 JavaThread "Cache worker for file hash cache (D:\SourceAndroid\KyThuat\.gradle\7.5\fileHashes)" [_thread_blocked, id=624, stack(0x0000000ca0500000,0x0000000ca0600000)]
  0x000001af3754c000 JavaThread "Cache worker for cache directory md-supplier (C:\Users\it_04\.gradle\caches\7.5\md-supplier)" [_thread_blocked, id=9112, stack(0x0000000ca0600000,0x0000000ca0700000)]
  0x000001af37550000 JavaThread "Cache worker for execution history cache (C:\Users\it_04\.gradle\caches\7.5\executionHistory)" [_thread_blocked, id=7664, stack(0x0000000ca0700000,0x0000000ca0800000)]
  0x000001af3754c800 JavaThread "jar transforms" [_thread_blocked, id=6896, stack(0x0000000ca0800000,0x0000000ca0900000)]
  0x000001af3754f000 JavaThread "jar transforms Thread 2" [_thread_blocked, id=9576, stack(0x0000000ca0900000,0x0000000ca0a00000)]
  0x000001af3754b000 JavaThread "jar transforms Thread 3" [_thread_blocked, id=7216, stack(0x0000000ca0a00000,0x0000000ca0b00000)]
  0x000001af3754d800 JavaThread "jar transforms Thread 4" [_thread_blocked, id=1632, stack(0x0000000ca0b00000,0x0000000ca0c00000)]
  0x000001af37551800 JavaThread "Cache worker for dependencies-accessors (D:\SourceAndroid\KyThuat\.gradle\7.5\dependencies-accessors)" [_thread_blocked, id=9240, stack(0x0000000ca0c00000,0x0000000ca0d00000)]
  0x000001af37552800 JavaThread "Cache worker for Build Output Cleanup Cache (D:\SourceAndroid\KyThuat\.gradle\buildOutputCleanup)" [_thread_blocked, id=10064, stack(0x0000000ca0d00000,0x0000000ca0e00000)]
  0x000001af37554000 JavaThread "Unconstrained build operations" [_thread_blocked, id=3020, stack(0x0000000ca0e00000,0x0000000ca0f00000)]
  0x000001af37553000 JavaThread "Unconstrained build operations Thread 2" [_thread_blocked, id=4536, stack(0x0000000ca0f00000,0x0000000ca1000000)]
  0x000001af3754e800 JavaThread "Unconstrained build operations Thread 3" [_thread_blocked, id=4408, stack(0x0000000ca1000000,0x0000000ca1100000)]
  0x000001af37555000 JavaThread "Unconstrained build operations Thread 4" [_thread_blocked, id=1640, stack(0x0000000ca1100000,0x0000000ca1200000)]
  0x000001af37555800 JavaThread "Unconstrained build operations Thread 5" [_thread_blocked, id=144, stack(0x0000000ca1200000,0x0000000ca1300000)]
  0x000001af37556800 JavaThread "Unconstrained build operations Thread 6" [_thread_blocked, id=9412, stack(0x0000000ca1300000,0x0000000ca1400000)]
  0x000001af37557800 JavaThread "Unconstrained build operations Thread 7" [_thread_blocked, id=5788, stack(0x0000000ca1400000,0x0000000ca1500000)]
  0x000001af37558000 JavaThread "Unconstrained build operations Thread 8" [_thread_blocked, id=3320, stack(0x0000000ca1500000,0x0000000ca1600000)]
  0x000001af37559000 JavaThread "Unconstrained build operations Thread 9" [_thread_blocked, id=3688, stack(0x0000000ca1600000,0x0000000ca1700000)]
  0x000001af37559800 JavaThread "Unconstrained build operations Thread 10" [_thread_blocked, id=3184, stack(0x0000000ca1700000,0x0000000ca1800000)]
  0x000001af37df5000 JavaThread "Unconstrained build operations Thread 11" [_thread_blocked, id=3112, stack(0x0000000ca1800000,0x0000000ca1900000)]
  0x000001af37df2000 JavaThread "Unconstrained build operations Thread 12" [_thread_blocked, id=6952, stack(0x0000000ca1900000,0x0000000ca1a00000)]
  0x000001af37df6000 JavaThread "Unconstrained build operations Thread 13" [_thread_blocked, id=7112, stack(0x0000000ca1a00000,0x0000000ca1b00000)]
  0x000001af37df4800 JavaThread "Unconstrained build operations Thread 14" [_thread_blocked, id=3936, stack(0x0000000ca1b00000,0x0000000ca1c00000)]
  0x000001af37df3800 JavaThread "Unconstrained build operations Thread 15" [_thread_blocked, id=260, stack(0x0000000ca1c00000,0x0000000ca1d00000)]
  0x000001af37df3000 JavaThread "Unconstrained build operations Thread 16" [_thread_blocked, id=8300, stack(0x0000000ca1d00000,0x0000000ca1e00000)]
  0x000001af37df0800 JavaThread "Unconstrained build operations Thread 17" [_thread_blocked, id=9596, stack(0x0000000ca1e00000,0x0000000ca1f00000)]
  0x000001af37df1000 JavaThread "Unconstrained build operations Thread 18" [_thread_blocked, id=10196, stack(0x0000000ca1f00000,0x0000000ca2000000)]
  0x000001af37df8800 JavaThread "Unconstrained build operations Thread 19" [_thread_blocked, id=1232, stack(0x0000000ca2000000,0x0000000ca2100000)]
  0x000001af37df9800 JavaThread "Unconstrained build operations Thread 20" [_thread_blocked, id=5996, stack(0x0000000ca2100000,0x0000000ca2200000)]
  0x000001af37dfc800 JavaThread "Unconstrained build operations Thread 21" [_thread_blocked, id=9340, stack(0x0000000ca2200000,0x0000000ca2300000)]
  0x000001af37dfb800 JavaThread "Unconstrained build operations Thread 22" [_thread_blocked, id=1240, stack(0x0000000ca2300000,0x0000000ca2400000)]
  0x000001af37df7000 JavaThread "Unconstrained build operations Thread 23" [_thread_blocked, id=3104, stack(0x0000000ca2400000,0x0000000ca2500000)]
  0x000001af37dfd800 JavaThread "Unconstrained build operations Thread 24" [_thread_blocked, id=5948, stack(0x0000000ca2500000,0x0000000ca2600000)]
  0x000001af37df7800 JavaThread "Unconstrained build operations Thread 25" [_thread_blocked, id=2932, stack(0x0000000ca2600000,0x0000000ca2700000)]
  0x000001af37dfe000 JavaThread "Unconstrained build operations Thread 26" [_thread_blocked, id=9968, stack(0x0000000ca2700000,0x0000000ca2800000)]
  0x000001af37dfa000 JavaThread "Unconstrained build operations Thread 27" [_thread_blocked, id=9320, stack(0x0000000ca2800000,0x0000000ca2900000)]
  0x000001af37dff000 JavaThread "Unconstrained build operations Thread 28" [_thread_blocked, id=9828, stack(0x0000000ca2900000,0x0000000ca2a00000)]
  0x000001af37dfb000 JavaThread "Unconstrained build operations Thread 29" [_thread_blocked, id=3520, stack(0x0000000ca2a00000,0x0000000ca2b00000)]
  0x000001af37af2800 JavaThread "Unconstrained build operations Thread 30" [_thread_blocked, id=6328, stack(0x0000000ca2b00000,0x0000000ca2c00000)]
  0x000001af37af4000 JavaThread "Unconstrained build operations Thread 31" [_thread_blocked, id=6992, stack(0x0000000ca2c00000,0x0000000ca2d00000)]
  0x000001af37af3000 JavaThread "Unconstrained build operations Thread 32" [_thread_blocked, id=5664, stack(0x0000000ca2d00000,0x0000000ca2e00000)]
  0x000001af37aef000 JavaThread "Unconstrained build operations Thread 33" [_thread_blocked, id=9584, stack(0x0000000ca2e00000,0x0000000ca2f00000)]
  0x000001af37aee000 JavaThread "Unconstrained build operations Thread 34" [_thread_blocked, id=9432, stack(0x0000000ca2f00000,0x0000000ca3000000)]
  0x000001af37af5800 JavaThread "Unconstrained build operations Thread 35" [_thread_blocked, id=6812, stack(0x0000000ca3000000,0x0000000ca3100000)]
  0x000001af37af4800 JavaThread "Unconstrained build operations Thread 36" [_thread_blocked, id=8844, stack(0x0000000ca3100000,0x0000000ca3200000)]
  0x000001af37af1800 JavaThread "Unconstrained build operations Thread 37" [_thread_blocked, id=9408, stack(0x0000000ca3200000,0x0000000ca3300000)]
  0x000001af37af0000 JavaThread "Unconstrained build operations Thread 38" [_thread_blocked, id=6296, stack(0x0000000ca3300000,0x0000000ca3400000)]
  0x000001af37af6800 JavaThread "Unconstrained build operations Thread 39" [_thread_blocked, id=5156, stack(0x0000000ca3400000,0x0000000ca3500000)]
  0x000001af37af0800 JavaThread "Unconstrained build operations Thread 40" [_thread_blocked, id=8436, stack(0x0000000ca3500000,0x0000000ca3600000)]
  0x000001af37af9000 JavaThread "Memory manager" [_thread_blocked, id=5632, stack(0x0000000ca3600000,0x0000000ca3700000)]
  0x000001af37afa800 JavaThread "build event listener" [_thread_blocked, id=4016, stack(0x0000000ca3700000,0x0000000ca3800000)]
  0x000001af37afd000 JavaThread "pool-3-thread-1" [_thread_blocked, id=9820, stack(0x0000000ca3800000,0x0000000ca3900000)]
  0x000001af37af9800 JavaThread "build event listener" [_thread_blocked, id=9148, stack(0x0000000ca3900000,0x0000000ca3a00000)]
  0x000001af37af7000 JavaThread "included builds" [_thread_in_Java, id=2880, stack(0x0000000ca3a00000,0x0000000ca3b00000)]
  0x000001af37afb800 JavaThread "Execution worker" [_thread_blocked, id=6448, stack(0x0000000ca3b00000,0x0000000ca3c00000)]
  0x000001af37afc000 JavaThread "Execution worker Thread 2" [_thread_blocked, id=7900, stack(0x0000000ca3c00000,0x0000000ca3d00000)]
  0x000001af37af8000 JavaThread "Execution worker Thread 3" [_thread_blocked, id=6944, stack(0x0000000ca3d00000,0x0000000ca3e00000)]
  0x000001af39a69000 JavaThread "Cache worker for execution history cache (D:\SourceAndroid\KyThuat\.gradle\7.5\executionHistory)" [_thread_in_Java, id=6120, stack(0x0000000ca3e00000,0x0000000ca3f00000)]
  0x000001af3ad70800 JavaThread "C2 CompilerThread1" daemon [_thread_blocked, id=4420, stack(0x0000000c9ef00000,0x0000000c9f000000)]

Other Threads:
  0x000001af33f1d800 VMThread "VM Thread" [stack: 0x0000000c9e400000,0x0000000c9e500000] [id=8740]
  0x000001af34118000 WatcherThread [stack: 0x0000000c9ee00000,0x0000000c9ef00000] [id=7228]
  0x000001af19aac000 GCTaskThread "GC Thread#0" [stack: 0x0000000c9df00000,0x0000000c9e000000] [id=7868]
  0x000001af347e4800 GCTaskThread "GC Thread#1" [stack: 0x0000000c9f000000,0x0000000c9f100000] [id=4568]
  0x000001af342dd000 GCTaskThread "GC Thread#2" [stack: 0x0000000c9f100000,0x0000000c9f200000] [id=7784]
  0x000001af342dd800 GCTaskThread "GC Thread#3" [stack: 0x0000000c9f200000,0x0000000c9f300000] [id=7156]
  0x000001af19adc000 ConcurrentGCThread "G1 Main Marker" [stack: 0x0000000c9e000000,0x0000000c9e100000] [id=7984]
  0x000001af19ade000 ConcurrentGCThread "G1 Conc#0" [stack: 0x0000000c9e100000,0x0000000c9e200000] [id=7380]
  0x000001af19b5d800 ConcurrentGCThread "G1 Refine#0" [stack: 0x0000000c9e200000,0x0000000c9e300000] [id=2284]
  0x000001af19b5e800 ConcurrentGCThread "G1 Young RemSet Sampling" [stack: 0x0000000c9e300000,0x0000000c9e400000] [id=2632]

Threads with active compile tasks:

VM state:not at safepoint (normal execution)

VM Mutex/Monitor currently owned by a thread: None

Heap address: 0x0000000080000000, size: 2048 MB, Compressed Oops mode: 32-bit
Narrow klass base: 0x0000000000000000, Narrow klass shift: 3
Compressed class space size: 1073741824 Address: 0x0000000100000000

Heap:
 garbage-first heap   total 312320K, used 101317K [0x0000000080000000, 0x0000000100000000)
  region size 1024K, 47 young (48128K), 21 survivors (21504K)
 Metaspace       used 85928K, capacity 88175K, committed 88296K, reserved 1126400K
  class space    used 11129K, capacity 11890K, committed 11904K, reserved 1048576K
Heap Regions: E=young(eden), S=young(survivor), O=old, HS=humongous(starts), HC=humongous(continues), CS=collection set, F=free, A=archive, TAMS=top-at-mark-start (previous, next)
|   0|0x0000000080000000, 0x0000000080100000, 0x0000000080100000|100%|HS|  |TAMS 0x0000000080100000, 0x0000000080000000| Complete 
|   1|0x0000000080100000, 0x0000000080200000, 0x0000000080200000|100%|HC|  |TAMS 0x0000000080200000, 0x0000000080100000| Complete 
|   2|0x0000000080200000, 0x0000000080300000, 0x0000000080300000|100%|HC|  |TAMS 0x0000000080300000, 0x0000000080200000| Complete 
|   3|0x0000000080300000, 0x0000000080400000, 0x0000000080400000|100%| O|  |TAMS 0x0000000080400000, 0x0000000080300000| Untracked 
|   4|0x0000000080400000, 0x0000000080500000, 0x0000000080500000|100%| O|  |TAMS 0x0000000080500000, 0x0000000080400000| Untracked 
|   5|0x0000000080500000, 0x0000000080600000, 0x0000000080600000|100%| O|  |TAMS 0x0000000080600000, 0x0000000080500000| Untracked 
|   6|0x0000000080600000, 0x0000000080700000, 0x0000000080700000|100%| O|  |TAMS 0x0000000080700000, 0x0000000080600000| Untracked 
|   7|0x0000000080700000, 0x0000000080800000, 0x0000000080800000|100%| O|  |TAMS 0x0000000080800000, 0x0000000080700000| Untracked 
|   8|0x0000000080800000, 0x0000000080900000, 0x0000000080900000|100%| O|  |TAMS 0x0000000080900000, 0x0000000080800000| Untracked 
|   9|0x0000000080900000, 0x0000000080a00000, 0x0000000080a00000|100%| O|  |TAMS 0x0000000080a00000, 0x0000000080900000| Untracked 
|  10|0x0000000080a00000, 0x0000000080b00000, 0x0000000080b00000|100%| O|  |TAMS 0x0000000080b00000, 0x0000000080a00000| Untracked 
|  11|0x0000000080b00000, 0x0000000080c00000, 0x0000000080c00000|100%| O|  |TAMS 0x0000000080c00000, 0x0000000080b00000| Untracked 
|  12|0x0000000080c00000, 0x0000000080d00000, 0x0000000080d00000|100%| O|  |TAMS 0x0000000080d00000, 0x0000000080c00000| Untracked 
|  13|0x0000000080d00000, 0x0000000080e00000, 0x0000000080e00000|100%| O|  |TAMS 0x0000000080e00000, 0x0000000080d00000| Untracked 
|  14|0x0000000080e00000, 0x0000000080f00000, 0x0000000080f00000|100%| O|  |TAMS 0x0000000080f00000, 0x0000000080e00000| Untracked 
|  15|0x0000000080f00000, 0x0000000081000000, 0x0000000081000000|100%| O|  |TAMS 0x0000000081000000, 0x0000000080f00000| Untracked 
|  16|0x0000000081000000, 0x0000000081100000, 0x0000000081100000|100%| O|  |TAMS 0x0000000081100000, 0x0000000081000000| Untracked 
|  17|0x0000000081100000, 0x0000000081200000, 0x0000000081200000|100%| O|  |TAMS 0x0000000081200000, 0x0000000081100000| Untracked 
|  18|0x0000000081200000, 0x0000000081300000, 0x0000000081300000|100%|HS|  |TAMS 0x0000000081300000, 0x0000000081200000| Complete 
|  19|0x0000000081300000, 0x0000000081400000, 0x0000000081400000|100%|HS|  |TAMS 0x0000000081400000, 0x0000000081300000| Complete 
|  20|0x0000000081400000, 0x0000000081500000, 0x0000000081500000|100%| O|  |TAMS 0x0000000081500000, 0x0000000081400000| Untracked 
|  21|0x0000000081500000, 0x0000000081600000, 0x0000000081600000|100%|HS|  |TAMS 0x0000000081600000, 0x0000000081500000| Complete 
|  22|0x0000000081600000, 0x0000000081700000, 0x0000000081700000|100%|HC|  |TAMS 0x0000000081700000, 0x0000000081600000| Complete 
|  23|0x0000000081700000, 0x0000000081800000, 0x0000000081800000|100%| O|  |TAMS 0x0000000081800000, 0x0000000081700000| Untracked 
|  24|0x0000000081800000, 0x0000000081900000, 0x0000000081900000|100%| O|  |TAMS 0x0000000081900000, 0x0000000081800000| Untracked 
|  25|0x0000000081900000, 0x0000000081a00000, 0x0000000081a00000|100%| O|  |TAMS 0x0000000081a00000, 0x0000000081900000| Untracked 
|  26|0x0000000081a00000, 0x0000000081b00000, 0x0000000081b00000|100%| O|  |TAMS 0x0000000081b00000, 0x0000000081a00000| Untracked 
|  27|0x0000000081b00000, 0x0000000081c00000, 0x0000000081c00000|100%| O|  |TAMS 0x0000000081c00000, 0x0000000081b00000| Untracked 
|  28|0x0000000081c00000, 0x0000000081d00000, 0x0000000081d00000|100%| O|  |TAMS 0x0000000081d00000, 0x0000000081c00000| Untracked 
|  29|0x0000000081d00000, 0x0000000081e00000, 0x0000000081e00000|100%| O|  |TAMS 0x0000000081e00000, 0x0000000081d00000| Untracked 
|  30|0x0000000081e00000, 0x0000000081f00000, 0x0000000081f00000|100%| O|  |TAMS 0x0000000081f00000, 0x0000000081e00000| Untracked 
|  31|0x0000000081f00000, 0x0000000082000000, 0x0000000082000000|100%| O|  |TAMS 0x0000000082000000, 0x0000000081f00000| Untracked 
|  32|0x0000000082000000, 0x0000000082100000, 0x0000000082100000|100%| O|  |TAMS 0x0000000082100000, 0x0000000082000000| Untracked 
|  33|0x0000000082100000, 0x0000000082200000, 0x0000000082200000|100%| O|  |TAMS 0x0000000082200000, 0x0000000082100000| Untracked 
|  34|0x0000000082200000, 0x0000000082300000, 0x0000000082300000|100%| O|  |TAMS 0x0000000082300000, 0x0000000082200000| Untracked 
|  35|0x0000000082300000, 0x0000000082400000, 0x0000000082400000|100%| O|  |TAMS 0x0000000082400000, 0x0000000082300000| Untracked 
|  36|0x0000000082400000, 0x0000000082500000, 0x0000000082500000|100%| O|  |TAMS 0x0000000082500000, 0x0000000082400000| Untracked 
|  37|0x0000000082500000, 0x0000000082600000, 0x0000000082600000|100%| O|  |TAMS 0x0000000082600000, 0x0000000082500000| Untracked 
|  38|0x0000000082600000, 0x0000000082700000, 0x0000000082700000|100%| O|  |TAMS 0x0000000082700000, 0x0000000082600000| Untracked 
|  39|0x0000000082700000, 0x0000000082800000, 0x0000000082800000|100%| O|  |TAMS 0x0000000082800000, 0x0000000082700000| Untracked 
|  40|0x0000000082800000, 0x0000000082900000, 0x0000000082900000|100%| O|  |TAMS 0x0000000082900000, 0x0000000082800000| Untracked 
|  41|0x0000000082900000, 0x0000000082a00000, 0x0000000082a00000|100%| O|  |TAMS 0x0000000082a00000, 0x0000000082900000| Untracked 
|  42|0x0000000082a00000, 0x0000000082b00000, 0x0000000082b00000|100%| O|  |TAMS 0x0000000082b00000, 0x0000000082a00000| Untracked 
|  43|0x0000000082b00000, 0x0000000082c00000, 0x0000000082c00000|100%| O|  |TAMS 0x0000000082c00000, 0x0000000082b00000| Untracked 
|  44|0x0000000082c00000, 0x0000000082d00000, 0x0000000082d00000|100%| O|  |TAMS 0x0000000082d00000, 0x0000000082c00000| Untracked 
|  45|0x0000000082d00000, 0x0000000082e00000, 0x0000000082e00000|100%| O|  |TAMS 0x0000000082e00000, 0x0000000082d00000| Untracked 
|  46|0x0000000082e00000, 0x0000000082f00000, 0x0000000082f00000|100%| O|  |TAMS 0x0000000082f00000, 0x0000000082e00000| Untracked 
|  47|0x0000000082f00000, 0x0000000083000000, 0x0000000083000000|100%| O|  |TAMS 0x0000000083000000, 0x0000000082f00000| Untracked 
|  48|0x0000000083000000, 0x0000000083100000, 0x0000000083100000|100%| O|  |TAMS 0x0000000083100000, 0x0000000083000000| Untracked 
|  49|0x0000000083100000, 0x0000000083200000, 0x0000000083200000|100%| O|  |TAMS 0x0000000083200000, 0x0000000083100000| Untracked 
|  50|0x0000000083200000, 0x0000000083300000, 0x0000000083300000|100%| O|  |TAMS 0x0000000083300000, 0x0000000083200000| Untracked 
|  51|0x0000000083300000, 0x0000000083400000, 0x0000000083400000|100%| O|  |TAMS 0x0000000083400000, 0x0000000083300000| Untracked 
|  52|0x0000000083400000, 0x00000000834f1400, 0x0000000083500000| 94%| O|  |TAMS 0x00000000834f1400, 0x0000000083400000| Untracked 
|  53|0x0000000083500000, 0x0000000083500000, 0x0000000083600000|  0%| F|  |TAMS 0x0000000083500000, 0x0000000083500000| Untracked 
|  54|0x0000000083600000, 0x0000000083600000, 0x0000000083700000|  0%| F|  |TAMS 0x0000000083600000, 0x0000000083600000| Untracked 
|  55|0x0000000083700000, 0x0000000083700000, 0x0000000083800000|  0%| F|  |TAMS 0x0000000083700000, 0x0000000083700000| Untracked 
|  56|0x0000000083800000, 0x0000000083800000, 0x0000000083900000|  0%| F|  |TAMS 0x0000000083800000, 0x0000000083800000| Untracked 
|  57|0x0000000083900000, 0x0000000083900000, 0x0000000083a00000|  0%| F|  |TAMS 0x0000000083900000, 0x0000000083900000| Untracked 
|  58|0x0000000083a00000, 0x0000000083a00000, 0x0000000083b00000|  0%| F|  |TAMS 0x0000000083a00000, 0x0000000083a00000| Untracked 
|  59|0x0000000083b00000, 0x0000000083b00000, 0x0000000083c00000|  0%| F|  |TAMS 0x0000000083b00000, 0x0000000083b00000| Untracked 
|  60|0x0000000083c00000, 0x0000000083c00000, 0x0000000083d00000|  0%| F|  |TAMS 0x0000000083c00000, 0x0000000083c00000| Untracked 
|  61|0x0000000083d00000, 0x0000000083d00000, 0x0000000083e00000|  0%| F|  |TAMS 0x0000000083d00000, 0x0000000083d00000| Untracked 
|  62|0x0000000083e00000, 0x0000000083e00000, 0x0000000083f00000|  0%| F|  |TAMS 0x0000000083e00000, 0x0000000083e00000| Untracked 
|  63|0x0000000083f00000, 0x0000000083f00000, 0x0000000084000000|  0%| F|  |TAMS 0x0000000083f00000, 0x0000000083f00000| Untracked 
|  64|0x0000000084000000, 0x0000000084000000, 0x0000000084100000|  0%| F|  |TAMS 0x0000000084000000, 0x0000000084000000| Untracked 
|  65|0x0000000084100000, 0x0000000084100000, 0x0000000084200000|  0%| F|  |TAMS 0x0000000084100000, 0x0000000084100000| Untracked 
|  66|0x0000000084200000, 0x0000000084200000, 0x0000000084300000|  0%| F|  |TAMS 0x0000000084200000, 0x0000000084200000| Untracked 
|  67|0x0000000084300000, 0x0000000084300000, 0x0000000084400000|  0%| F|  |TAMS 0x0000000084300000, 0x0000000084300000| Untracked 
|  68|0x0000000084400000, 0x0000000084400000, 0x0000000084500000|  0%| F|  |TAMS 0x0000000084400000, 0x0000000084400000| Untracked 
|  69|0x0000000084500000, 0x0000000084500000, 0x0000000084600000|  0%| F|  |TAMS 0x0000000084500000, 0x0000000084500000| Untracked 
|  70|0x0000000084600000, 0x0000000084600000, 0x0000000084700000|  0%| F|  |TAMS 0x0000000084600000, 0x0000000084600000| Untracked 
|  71|0x0000000084700000, 0x0000000084700000, 0x0000000084800000|  0%| F|  |TAMS 0x0000000084700000, 0x0000000084700000| Untracked 
|  72|0x0000000084800000, 0x0000000084800000, 0x0000000084900000|  0%| F|  |TAMS 0x0000000084800000, 0x0000000084800000| Untracked 
|  73|0x0000000084900000, 0x0000000084900000, 0x0000000084a00000|  0%| F|  |TAMS 0x0000000084900000, 0x0000000084900000| Untracked 
|  74|0x0000000084a00000, 0x0000000084a00000, 0x0000000084b00000|  0%| F|  |TAMS 0x0000000084a00000, 0x0000000084a00000| Untracked 
|  75|0x0000000084b00000, 0x0000000084b00000, 0x0000000084c00000|  0%| F|  |TAMS 0x0000000084b00000, 0x0000000084b00000| Untracked 
|  76|0x0000000084c00000, 0x0000000084c00000, 0x0000000084d00000|  0%| F|  |TAMS 0x0000000084c00000, 0x0000000084c00000| Untracked 
|  77|0x0000000084d00000, 0x0000000084d00000, 0x0000000084e00000|  0%| F|  |TAMS 0x0000000084d00000, 0x0000000084d00000| Untracked 
|  78|0x0000000084e00000, 0x0000000084e00000, 0x0000000084f00000|  0%| F|  |TAMS 0x0000000084e00000, 0x0000000084e00000| Untracked 
|  79|0x0000000084f00000, 0x0000000084f00000, 0x0000000085000000|  0%| F|  |TAMS 0x0000000084f00000, 0x0000000084f00000| Untracked 
|  80|0x0000000085000000, 0x0000000085000000, 0x0000000085100000|  0%| F|  |TAMS 0x0000000085000000, 0x0000000085000000| Untracked 
|  81|0x0000000085100000, 0x0000000085100000, 0x0000000085200000|  0%| F|  |TAMS 0x0000000085100000, 0x0000000085100000| Untracked 
|  82|0x0000000085200000, 0x0000000085200000, 0x0000000085300000|  0%| F|  |TAMS 0x0000000085200000, 0x0000000085200000| Untracked 
|  83|0x0000000085300000, 0x0000000085300000, 0x0000000085400000|  0%| F|  |TAMS 0x0000000085300000, 0x0000000085300000| Untracked 
|  84|0x0000000085400000, 0x0000000085400000, 0x0000000085500000|  0%| F|  |TAMS 0x0000000085400000, 0x0000000085400000| Untracked 
|  85|0x0000000085500000, 0x0000000085500000, 0x0000000085600000|  0%| F|  |TAMS 0x0000000085500000, 0x0000000085500000| Untracked 
|  86|0x0000000085600000, 0x0000000085600000, 0x0000000085700000|  0%| F|  |TAMS 0x0000000085600000, 0x0000000085600000| Untracked 
|  87|0x0000000085700000, 0x0000000085700000, 0x0000000085800000|  0%| F|  |TAMS 0x0000000085700000, 0x0000000085700000| Untracked 
|  88|0x0000000085800000, 0x0000000085800000, 0x0000000085900000|  0%| F|  |TAMS 0x0000000085800000, 0x0000000085800000| Untracked 
|  89|0x0000000085900000, 0x0000000085900000, 0x0000000085a00000|  0%| F|  |TAMS 0x0000000085900000, 0x0000000085900000| Untracked 
|  90|0x0000000085a00000, 0x0000000085a00000, 0x0000000085b00000|  0%| F|  |TAMS 0x0000000085a00000, 0x0000000085a00000| Untracked 
|  91|0x0000000085b00000, 0x0000000085b00000, 0x0000000085c00000|  0%| F|  |TAMS 0x0000000085b00000, 0x0000000085b00000| Untracked 
|  92|0x0000000085c00000, 0x0000000085c00000, 0x0000000085d00000|  0%| F|  |TAMS 0x0000000085c00000, 0x0000000085c00000| Untracked 
|  93|0x0000000085d00000, 0x0000000085d00000, 0x0000000085e00000|  0%| F|  |TAMS 0x0000000085d00000, 0x0000000085d00000| Untracked 
|  94|0x0000000085e00000, 0x0000000085e00000, 0x0000000085f00000|  0%| F|  |TAMS 0x0000000085e00000, 0x0000000085e00000| Untracked 
|  95|0x0000000085f00000, 0x0000000085f00000, 0x0000000086000000|  0%| F|  |TAMS 0x0000000085f00000, 0x0000000085f00000| Untracked 
|  96|0x0000000086000000, 0x0000000086000000, 0x0000000086100000|  0%| F|  |TAMS 0x0000000086000000, 0x0000000086000000| Untracked 
|  97|0x0000000086100000, 0x0000000086100000, 0x0000000086200000|  0%| F|  |TAMS 0x0000000086100000, 0x0000000086100000| Untracked 
|  98|0x0000000086200000, 0x0000000086200000, 0x0000000086300000|  0%| F|  |TAMS 0x0000000086200000, 0x0000000086200000| Untracked 
|  99|0x0000000086300000, 0x0000000086300000, 0x0000000086400000|  0%| F|  |TAMS 0x0000000086300000, 0x0000000086300000| Untracked 
| 100|0x0000000086400000, 0x0000000086400000, 0x0000000086500000|  0%| F|  |TAMS 0x0000000086400000, 0x0000000086400000| Untracked 
| 101|0x0000000086500000, 0x0000000086500000, 0x0000000086600000|  0%| F|  |TAMS 0x0000000086500000, 0x0000000086500000| Untracked 
| 102|0x0000000086600000, 0x0000000086600000, 0x0000000086700000|  0%| F|  |TAMS 0x0000000086600000, 0x0000000086600000| Untracked 
| 103|0x0000000086700000, 0x0000000086700000, 0x0000000086800000|  0%| F|  |TAMS 0x0000000086700000, 0x0000000086700000| Untracked 
| 104|0x0000000086800000, 0x0000000086800000, 0x0000000086900000|  0%| F|  |TAMS 0x0000000086800000, 0x0000000086800000| Untracked 
| 105|0x0000000086900000, 0x0000000086900000, 0x0000000086a00000|  0%| F|  |TAMS 0x0000000086900000, 0x0000000086900000| Untracked 
| 106|0x0000000086a00000, 0x0000000086a00000, 0x0000000086b00000|  0%| F|  |TAMS 0x0000000086a00000, 0x0000000086a00000| Untracked 
| 107|0x0000000086b00000, 0x0000000086b00000, 0x0000000086c00000|  0%| F|  |TAMS 0x0000000086b00000, 0x0000000086b00000| Untracked 
| 108|0x0000000086c00000, 0x0000000086c00000, 0x0000000086d00000|  0%| F|  |TAMS 0x0000000086c00000, 0x0000000086c00000| Untracked 
| 109|0x0000000086d00000, 0x0000000086d00000, 0x0000000086e00000|  0%| F|  |TAMS 0x0000000086d00000, 0x0000000086d00000| Untracked 
| 110|0x0000000086e00000, 0x0000000086e00000, 0x0000000086f00000|  0%| F|  |TAMS 0x0000000086e00000, 0x0000000086e00000| Untracked 
| 111|0x0000000086f00000, 0x0000000086f00000, 0x0000000087000000|  0%| F|  |TAMS 0x0000000086f00000, 0x0000000086f00000| Untracked 
| 112|0x0000000087000000, 0x0000000087000000, 0x0000000087100000|  0%| F|  |TAMS 0x0000000087000000, 0x0000000087000000| Untracked 
| 113|0x0000000087100000, 0x0000000087100000, 0x0000000087200000|  0%| F|  |TAMS 0x0000000087100000, 0x0000000087100000| Untracked 
| 114|0x0000000087200000, 0x0000000087200000, 0x0000000087300000|  0%| F|  |TAMS 0x0000000087200000, 0x0000000087200000| Untracked 
| 115|0x0000000087300000, 0x0000000087300000, 0x0000000087400000|  0%| F|  |TAMS 0x0000000087300000, 0x0000000087300000| Untracked 
| 116|0x0000000087400000, 0x0000000087400000, 0x0000000087500000|  0%| F|  |TAMS 0x0000000087400000, 0x0000000087400000| Untracked 
| 117|0x0000000087500000, 0x0000000087500000, 0x0000000087600000|  0%| F|  |TAMS 0x0000000087500000, 0x0000000087500000| Untracked 
| 118|0x0000000087600000, 0x0000000087600000, 0x0000000087700000|  0%| F|  |TAMS 0x0000000087600000, 0x0000000087600000| Untracked 
| 119|0x0000000087700000, 0x0000000087700000, 0x0000000087800000|  0%| F|  |TAMS 0x0000000087700000, 0x0000000087700000| Untracked 
| 120|0x0000000087800000, 0x0000000087900000, 0x0000000087900000|100%| S|CS|TAMS 0x0000000087800000, 0x0000000087800000| Complete 
| 121|0x0000000087900000, 0x0000000087a00000, 0x0000000087a00000|100%| S|CS|TAMS 0x0000000087900000, 0x0000000087900000| Complete 
| 122|0x0000000087a00000, 0x0000000087b00000, 0x0000000087b00000|100%| S|CS|TAMS 0x0000000087a00000, 0x0000000087a00000| Complete 
| 123|0x0000000087b00000, 0x0000000087c00000, 0x0000000087c00000|100%| S|CS|TAMS 0x0000000087b00000, 0x0000000087b00000| Complete 
| 124|0x0000000087c00000, 0x0000000087d00000, 0x0000000087d00000|100%| S|CS|TAMS 0x0000000087c00000, 0x0000000087c00000| Complete 
| 125|0x0000000087d00000, 0x0000000087e00000, 0x0000000087e00000|100%| S|CS|TAMS 0x0000000087d00000, 0x0000000087d00000| Complete 
| 126|0x0000000087e00000, 0x0000000087f00000, 0x0000000087f00000|100%| S|CS|TAMS 0x0000000087e00000, 0x0000000087e00000| Complete 
| 127|0x0000000087f00000, 0x0000000088000000, 0x0000000088000000|100%| S|CS|TAMS 0x0000000087f00000, 0x0000000087f00000| Complete 
| 128|0x0000000088000000, 0x0000000088100000, 0x0000000088100000|100%| S|CS|TAMS 0x0000000088000000, 0x0000000088000000| Complete 
| 129|0x0000000088100000, 0x0000000088200000, 0x0000000088200000|100%| S|CS|TAMS 0x0000000088100000, 0x0000000088100000| Complete 
| 130|0x0000000088200000, 0x0000000088300000, 0x0000000088300000|100%| S|CS|TAMS 0x0000000088200000, 0x0000000088200000| Complete 
| 131|0x0000000088300000, 0x0000000088400000, 0x0000000088400000|100%| S|CS|TAMS 0x0000000088300000, 0x0000000088300000| Complete 
| 132|0x0000000088400000, 0x0000000088500000, 0x0000000088500000|100%| S|CS|TAMS 0x0000000088400000, 0x0000000088400000| Complete 
| 133|0x0000000088500000, 0x0000000088600000, 0x0000000088600000|100%| S|CS|TAMS 0x0000000088500000, 0x0000000088500000| Complete 
| 134|0x0000000088600000, 0x0000000088700000, 0x0000000088700000|100%| S|CS|TAMS 0x0000000088600000, 0x0000000088600000| Complete 
| 135|0x0000000088700000, 0x0000000088800000, 0x0000000088800000|100%| S|CS|TAMS 0x0000000088700000, 0x0000000088700000| Complete 
| 136|0x0000000088800000, 0x0000000088900000, 0x0000000088900000|100%| S|CS|TAMS 0x0000000088800000, 0x0000000088800000| Complete 
| 137|0x0000000088900000, 0x0000000088a00000, 0x0000000088a00000|100%| S|CS|TAMS 0x0000000088900000, 0x0000000088900000| Complete 
| 138|0x0000000088a00000, 0x0000000088b00000, 0x0000000088b00000|100%| S|CS|TAMS 0x0000000088a00000, 0x0000000088a00000| Complete 
| 139|0x0000000088b00000, 0x0000000088c00000, 0x0000000088c00000|100%| S|CS|TAMS 0x0000000088b00000, 0x0000000088b00000| Complete 
| 140|0x0000000088c00000, 0x0000000088d00000, 0x0000000088d00000|100%| S|CS|TAMS 0x0000000088c00000, 0x0000000088c00000| Complete 
| 141|0x0000000088d00000, 0x0000000088d00000, 0x0000000088e00000|  0%| F|  |TAMS 0x0000000088d00000, 0x0000000088d00000| Untracked 
| 142|0x0000000088e00000, 0x0000000088e00000, 0x0000000088f00000|  0%| F|  |TAMS 0x0000000088e00000, 0x0000000088e00000| Untracked 
| 143|0x0000000088f00000, 0x0000000088f00000, 0x0000000089000000|  0%| F|  |TAMS 0x0000000088f00000, 0x0000000088f00000| Untracked 
| 144|0x0000000089000000, 0x0000000089000000, 0x0000000089100000|  0%| F|  |TAMS 0x0000000089000000, 0x0000000089000000| Untracked 
| 145|0x0000000089100000, 0x0000000089100000, 0x0000000089200000|  0%| F|  |TAMS 0x0000000089100000, 0x0000000089100000| Untracked 
| 146|0x0000000089200000, 0x0000000089200000, 0x0000000089300000|  0%| F|  |TAMS 0x0000000089200000, 0x0000000089200000| Untracked 
| 147|0x0000000089300000, 0x0000000089300000, 0x0000000089400000|  0%| F|  |TAMS 0x0000000089300000, 0x0000000089300000| Untracked 
| 148|0x0000000089400000, 0x0000000089400000, 0x0000000089500000|  0%| F|  |TAMS 0x0000000089400000, 0x0000000089400000| Untracked 
| 149|0x0000000089500000, 0x0000000089500000, 0x0000000089600000|  0%| F|  |TAMS 0x0000000089500000, 0x0000000089500000| Untracked 
| 150|0x0000000089600000, 0x0000000089600000, 0x0000000089700000|  0%| F|  |TAMS 0x0000000089600000, 0x0000000089600000| Untracked 
| 151|0x0000000089700000, 0x0000000089700000, 0x0000000089800000|  0%| F|  |TAMS 0x0000000089700000, 0x0000000089700000| Untracked 
| 152|0x0000000089800000, 0x0000000089800000, 0x0000000089900000|  0%| F|  |TAMS 0x0000000089800000, 0x0000000089800000| Untracked 
| 153|0x0000000089900000, 0x0000000089900000, 0x0000000089a00000|  0%| F|  |TAMS 0x0000000089900000, 0x0000000089900000| Untracked 
| 154|0x0000000089a00000, 0x0000000089a00000, 0x0000000089b00000|  0%| F|  |TAMS 0x0000000089a00000, 0x0000000089a00000| Untracked 
| 155|0x0000000089b00000, 0x0000000089b00000, 0x0000000089c00000|  0%| F|  |TAMS 0x0000000089b00000, 0x0000000089b00000| Untracked 
| 156|0x0000000089c00000, 0x0000000089c00000, 0x0000000089d00000|  0%| F|  |TAMS 0x0000000089c00000, 0x0000000089c00000| Untracked 
| 157|0x0000000089d00000, 0x0000000089d00000, 0x0000000089e00000|  0%| F|  |TAMS 0x0000000089d00000, 0x0000000089d00000| Untracked 
| 158|0x0000000089e00000, 0x0000000089e00000, 0x0000000089f00000|  0%| F|  |TAMS 0x0000000089e00000, 0x0000000089e00000| Untracked 
| 159|0x0000000089f00000, 0x0000000089f00000, 0x000000008a000000|  0%| F|  |TAMS 0x0000000089f00000, 0x0000000089f00000| Untracked 
| 160|0x000000008a000000, 0x000000008a000000, 0x000000008a100000|  0%| F|  |TAMS 0x000000008a000000, 0x000000008a000000| Untracked 
| 161|0x000000008a100000, 0x000000008a100000, 0x000000008a200000|  0%| F|  |TAMS 0x000000008a100000, 0x000000008a100000| Untracked 
| 162|0x000000008a200000, 0x000000008a200000, 0x000000008a300000|  0%| F|  |TAMS 0x000000008a200000, 0x000000008a200000| Untracked 
| 163|0x000000008a300000, 0x000000008a300000, 0x000000008a400000|  0%| F|  |TAMS 0x000000008a300000, 0x000000008a300000| Untracked 
| 164|0x000000008a400000, 0x000000008a400000, 0x000000008a500000|  0%| F|  |TAMS 0x000000008a400000, 0x000000008a400000| Untracked 
| 165|0x000000008a500000, 0x000000008a500000, 0x000000008a600000|  0%| F|  |TAMS 0x000000008a500000, 0x000000008a500000| Untracked 
| 166|0x000000008a600000, 0x000000008a600000, 0x000000008a700000|  0%| F|  |TAMS 0x000000008a600000, 0x000000008a600000| Untracked 
| 167|0x000000008a700000, 0x000000008a700000, 0x000000008a800000|  0%| F|  |TAMS 0x000000008a700000, 0x000000008a700000| Untracked 
| 168|0x000000008a800000, 0x000000008a800000, 0x000000008a900000|  0%| F|  |TAMS 0x000000008a800000, 0x000000008a800000| Untracked 
| 169|0x000000008a900000, 0x000000008a900000, 0x000000008aa00000|  0%| F|  |TAMS 0x000000008a900000, 0x000000008a900000| Untracked 
| 170|0x000000008aa00000, 0x000000008aa00000, 0x000000008ab00000|  0%| F|  |TAMS 0x000000008aa00000, 0x000000008aa00000| Untracked 
| 171|0x000000008ab00000, 0x000000008ab00000, 0x000000008ac00000|  0%| F|  |TAMS 0x000000008ab00000, 0x000000008ab00000| Untracked 
| 172|0x000000008ac00000, 0x000000008ac00000, 0x000000008ad00000|  0%| F|  |TAMS 0x000000008ac00000, 0x000000008ac00000| Untracked 
| 173|0x000000008ad00000, 0x000000008ad00000, 0x000000008ae00000|  0%| F|  |TAMS 0x000000008ad00000, 0x000000008ad00000| Untracked 
| 174|0x000000008ae00000, 0x000000008ae00000, 0x000000008af00000|  0%| F|  |TAMS 0x000000008ae00000, 0x000000008ae00000| Untracked 
| 175|0x000000008af00000, 0x000000008af00000, 0x000000008b000000|  0%| F|  |TAMS 0x000000008af00000, 0x000000008af00000| Untracked 
| 176|0x000000008b000000, 0x000000008b000000, 0x000000008b100000|  0%| F|  |TAMS 0x000000008b000000, 0x000000008b000000| Untracked 
| 177|0x000000008b100000, 0x000000008b100000, 0x000000008b200000|  0%| F|  |TAMS 0x000000008b100000, 0x000000008b100000| Untracked 
| 178|0x000000008b200000, 0x000000008b200000, 0x000000008b300000|  0%| F|  |TAMS 0x000000008b200000, 0x000000008b200000| Untracked 
| 179|0x000000008b300000, 0x000000008b300000, 0x000000008b400000|  0%| F|  |TAMS 0x000000008b300000, 0x000000008b300000| Untracked 
| 180|0x000000008b400000, 0x000000008b400000, 0x000000008b500000|  0%| F|  |TAMS 0x000000008b400000, 0x000000008b400000| Untracked 
| 181|0x000000008b500000, 0x000000008b500000, 0x000000008b600000|  0%| F|  |TAMS 0x000000008b500000, 0x000000008b500000| Untracked 
| 182|0x000000008b600000, 0x000000008b600000, 0x000000008b700000|  0%| F|  |TAMS 0x000000008b600000, 0x000000008b600000| Untracked 
| 183|0x000000008b700000, 0x000000008b700000, 0x000000008b800000|  0%| F|  |TAMS 0x000000008b700000, 0x000000008b700000| Untracked 
| 184|0x000000008b800000, 0x000000008b800000, 0x000000008b900000|  0%| F|  |TAMS 0x000000008b800000, 0x000000008b800000| Untracked 
| 185|0x000000008b900000, 0x000000008b900000, 0x000000008ba00000|  0%| F|  |TAMS 0x000000008b900000, 0x000000008b900000| Untracked 
| 186|0x000000008ba00000, 0x000000008ba00000, 0x000000008bb00000|  0%| F|  |TAMS 0x000000008ba00000, 0x000000008ba00000| Untracked 
| 187|0x000000008bb00000, 0x000000008bb00000, 0x000000008bc00000|  0%| F|  |TAMS 0x000000008bb00000, 0x000000008bb00000| Untracked 
| 188|0x000000008bc00000, 0x000000008bc00000, 0x000000008bd00000|  0%| F|  |TAMS 0x000000008bc00000, 0x000000008bc00000| Untracked 
| 189|0x000000008bd00000, 0x000000008bd00000, 0x000000008be00000|  0%| F|  |TAMS 0x000000008bd00000, 0x000000008bd00000| Untracked 
| 190|0x000000008be00000, 0x000000008be00000, 0x000000008bf00000|  0%| F|  |TAMS 0x000000008be00000, 0x000000008be00000| Untracked 
| 191|0x000000008bf00000, 0x000000008bf00000, 0x000000008c000000|  0%| F|  |TAMS 0x000000008bf00000, 0x000000008bf00000| Untracked 
| 192|0x000000008c000000, 0x000000008c000000, 0x000000008c100000|  0%| F|  |TAMS 0x000000008c000000, 0x000000008c000000| Untracked 
| 193|0x000000008c100000, 0x000000008c100000, 0x000000008c200000|  0%| F|  |TAMS 0x000000008c100000, 0x000000008c100000| Untracked 
| 194|0x000000008c200000, 0x000000008c200000, 0x000000008c300000|  0%| F|  |TAMS 0x000000008c200000, 0x000000008c200000| Untracked 
| 195|0x000000008c300000, 0x000000008c300000, 0x000000008c400000|  0%| F|  |TAMS 0x000000008c300000, 0x000000008c300000| Untracked 
| 196|0x000000008c400000, 0x000000008c400000, 0x000000008c500000|  0%| F|  |TAMS 0x000000008c400000, 0x000000008c400000| Untracked 
| 197|0x000000008c500000, 0x000000008c500000, 0x000000008c600000|  0%| F|  |TAMS 0x000000008c500000, 0x000000008c500000| Untracked 
| 198|0x000000008c600000, 0x000000008c600000, 0x000000008c700000|  0%| F|  |TAMS 0x000000008c600000, 0x000000008c600000| Untracked 
| 199|0x000000008c700000, 0x000000008c700000, 0x000000008c800000|  0%| F|  |TAMS 0x000000008c700000, 0x000000008c700000| Untracked 
| 200|0x000000008c800000, 0x000000008c800000, 0x000000008c900000|  0%| F|  |TAMS 0x000000008c800000, 0x000000008c800000| Untracked 
| 201|0x000000008c900000, 0x000000008c900000, 0x000000008ca00000|  0%| F|  |TAMS 0x000000008c900000, 0x000000008c900000| Untracked 
| 202|0x000000008ca00000, 0x000000008ca00000, 0x000000008cb00000|  0%| F|  |TAMS 0x000000008ca00000, 0x000000008ca00000| Untracked 
| 203|0x000000008cb00000, 0x000000008cb00000, 0x000000008cc00000|  0%| F|  |TAMS 0x000000008cb00000, 0x000000008cb00000| Untracked 
| 204|0x000000008cc00000, 0x000000008cc00000, 0x000000008cd00000|  0%| F|  |TAMS 0x000000008cc00000, 0x000000008cc00000| Untracked 
| 205|0x000000008cd00000, 0x000000008cd00000, 0x000000008ce00000|  0%| F|  |TAMS 0x000000008cd00000, 0x000000008cd00000| Untracked 
| 206|0x000000008ce00000, 0x000000008ce00000, 0x000000008cf00000|  0%| F|  |TAMS 0x000000008ce00000, 0x000000008ce00000| Untracked 
| 207|0x000000008cf00000, 0x000000008cf00000, 0x000000008d000000|  0%| F|  |TAMS 0x000000008cf00000, 0x000000008cf00000| Untracked 
| 208|0x000000008d000000, 0x000000008d000000, 0x000000008d100000|  0%| F|  |TAMS 0x000000008d000000, 0x000000008d000000| Untracked 
| 209|0x000000008d100000, 0x000000008d100000, 0x000000008d200000|  0%| F|  |TAMS 0x000000008d100000, 0x000000008d100000| Untracked 
| 210|0x000000008d200000, 0x000000008d200000, 0x000000008d300000|  0%| F|  |TAMS 0x000000008d200000, 0x000000008d200000| Untracked 
| 211|0x000000008d300000, 0x000000008d300000, 0x000000008d400000|  0%| F|  |TAMS 0x000000008d300000, 0x000000008d300000| Untracked 
| 212|0x000000008d400000, 0x000000008d400000, 0x000000008d500000|  0%| F|  |TAMS 0x000000008d400000, 0x000000008d400000| Untracked 
| 213|0x000000008d500000, 0x000000008d500000, 0x000000008d600000|  0%| F|  |TAMS 0x000000008d500000, 0x000000008d500000| Untracked 
| 214|0x000000008d600000, 0x000000008d600000, 0x000000008d700000|  0%| F|  |TAMS 0x000000008d600000, 0x000000008d600000| Untracked 
| 215|0x000000008d700000, 0x000000008d700000, 0x000000008d800000|  0%| F|  |TAMS 0x000000008d700000, 0x000000008d700000| Untracked 
| 216|0x000000008d800000, 0x000000008d800000, 0x000000008d900000|  0%| F|  |TAMS 0x000000008d800000, 0x000000008d800000| Untracked 
| 217|0x000000008d900000, 0x000000008d900000, 0x000000008da00000|  0%| F|  |TAMS 0x000000008d900000, 0x000000008d900000| Untracked 
| 218|0x000000008da00000, 0x000000008da00000, 0x000000008db00000|  0%| F|  |TAMS 0x000000008da00000, 0x000000008da00000| Untracked 
| 219|0x000000008db00000, 0x000000008db00000, 0x000000008dc00000|  0%| F|  |TAMS 0x000000008db00000, 0x000000008db00000| Untracked 
| 220|0x000000008dc00000, 0x000000008dc00000, 0x000000008dd00000|  0%| F|  |TAMS 0x000000008dc00000, 0x000000008dc00000| Untracked 
| 221|0x000000008dd00000, 0x000000008dd00000, 0x000000008de00000|  0%| F|  |TAMS 0x000000008dd00000, 0x000000008dd00000| Untracked 
| 222|0x000000008de00000, 0x000000008de00000, 0x000000008df00000|  0%| F|  |TAMS 0x000000008de00000, 0x000000008de00000| Untracked 
| 223|0x000000008df00000, 0x000000008df00000, 0x000000008e000000|  0%| F|  |TAMS 0x000000008df00000, 0x000000008df00000| Untracked 
| 224|0x000000008e000000, 0x000000008e000000, 0x000000008e100000|  0%| F|  |TAMS 0x000000008e000000, 0x000000008e000000| Untracked 
| 225|0x000000008e100000, 0x000000008e100000, 0x000000008e200000|  0%| F|  |TAMS 0x000000008e100000, 0x000000008e100000| Untracked 
| 226|0x000000008e200000, 0x000000008e200000, 0x000000008e300000|  0%| F|  |TAMS 0x000000008e200000, 0x000000008e200000| Untracked 
| 227|0x000000008e300000, 0x000000008e300000, 0x000000008e400000|  0%| F|  |TAMS 0x000000008e300000, 0x000000008e300000| Untracked 
| 228|0x000000008e400000, 0x000000008e400000, 0x000000008e500000|  0%| F|  |TAMS 0x000000008e400000, 0x000000008e400000| Untracked 
| 229|0x000000008e500000, 0x000000008e500000, 0x000000008e600000|  0%| F|  |TAMS 0x000000008e500000, 0x000000008e500000| Untracked 
| 230|0x000000008e600000, 0x000000008e600000, 0x000000008e700000|  0%| F|  |TAMS 0x000000008e600000, 0x000000008e600000| Untracked 
| 231|0x000000008e700000, 0x000000008e700000, 0x000000008e800000|  0%| F|  |TAMS 0x000000008e700000, 0x000000008e700000| Untracked 
| 232|0x000000008e800000, 0x000000008e800000, 0x000000008e900000|  0%| F|  |TAMS 0x000000008e800000, 0x000000008e800000| Untracked 
| 233|0x000000008e900000, 0x000000008e900000, 0x000000008ea00000|  0%| F|  |TAMS 0x000000008e900000, 0x000000008e900000| Untracked 
| 234|0x000000008ea00000, 0x000000008ea00000, 0x000000008eb00000|  0%| F|  |TAMS 0x000000008ea00000, 0x000000008ea00000| Untracked 
| 235|0x000000008eb00000, 0x000000008eb00000, 0x000000008ec00000|  0%| F|  |TAMS 0x000000008eb00000, 0x000000008eb00000| Untracked 
| 236|0x000000008ec00000, 0x000000008ec00000, 0x000000008ed00000|  0%| F|  |TAMS 0x000000008ec00000, 0x000000008ec00000| Untracked 
| 237|0x000000008ed00000, 0x000000008ed00000, 0x000000008ee00000|  0%| F|  |TAMS 0x000000008ed00000, 0x000000008ed00000| Untracked 
| 238|0x000000008ee00000, 0x000000008ee00000, 0x000000008ef00000|  0%| F|  |TAMS 0x000000008ee00000, 0x000000008ee00000| Untracked 
| 239|0x000000008ef00000, 0x000000008ef00000, 0x000000008f000000|  0%| F|  |TAMS 0x000000008ef00000, 0x000000008ef00000| Untracked 
| 240|0x000000008f000000, 0x000000008f000000, 0x000000008f100000|  0%| F|  |TAMS 0x000000008f000000, 0x000000008f000000| Untracked 
| 241|0x000000008f100000, 0x000000008f100000, 0x000000008f200000|  0%| F|  |TAMS 0x000000008f100000, 0x000000008f100000| Untracked 
| 242|0x000000008f200000, 0x000000008f200000, 0x000000008f300000|  0%| F|  |TAMS 0x000000008f200000, 0x000000008f200000| Untracked 
| 243|0x000000008f300000, 0x000000008f300000, 0x000000008f400000|  0%| F|  |TAMS 0x000000008f300000, 0x000000008f300000| Untracked 
| 244|0x000000008f400000, 0x000000008f400000, 0x000000008f500000|  0%| F|  |TAMS 0x000000008f400000, 0x000000008f400000| Untracked 
| 245|0x000000008f500000, 0x000000008f500000, 0x000000008f600000|  0%| F|  |TAMS 0x000000008f500000, 0x000000008f500000| Untracked 
| 246|0x000000008f600000, 0x000000008f600000, 0x000000008f700000|  0%| F|  |TAMS 0x000000008f600000, 0x000000008f600000| Untracked 
| 247|0x000000008f700000, 0x000000008f700000, 0x000000008f800000|  0%| F|  |TAMS 0x000000008f700000, 0x000000008f700000| Untracked 
| 248|0x000000008f800000, 0x000000008f800000, 0x000000008f900000|  0%| F|  |TAMS 0x000000008f800000, 0x000000008f800000| Untracked 
| 249|0x000000008f900000, 0x000000008f900000, 0x000000008fa00000|  0%| F|  |TAMS 0x000000008f900000, 0x000000008f900000| Untracked 
| 250|0x000000008fa00000, 0x000000008fa00000, 0x000000008fb00000|  0%| F|  |TAMS 0x000000008fa00000, 0x000000008fa00000| Untracked 
| 251|0x000000008fb00000, 0x000000008fb00000, 0x000000008fc00000|  0%| F|  |TAMS 0x000000008fb00000, 0x000000008fb00000| Untracked 
| 252|0x000000008fc00000, 0x000000008fc00000, 0x000000008fd00000|  0%| F|  |TAMS 0x000000008fc00000, 0x000000008fc00000| Untracked 
| 253|0x000000008fd00000, 0x000000008fd00000, 0x000000008fe00000|  0%| F|  |TAMS 0x000000008fd00000, 0x000000008fd00000| Untracked 
| 254|0x000000008fe00000, 0x000000008fe00000, 0x000000008ff00000|  0%| F|  |TAMS 0x000000008fe00000, 0x000000008fe00000| Untracked 
| 255|0x000000008ff00000, 0x000000008ff00000, 0x0000000090000000|  0%| F|  |TAMS 0x000000008ff00000, 0x000000008ff00000| Untracked 
| 256|0x0000000090000000, 0x0000000090000000, 0x0000000090100000|  0%| F|  |TAMS 0x0000000090000000, 0x0000000090000000| Untracked 
| 257|0x0000000090100000, 0x0000000090100000, 0x0000000090200000|  0%| F|  |TAMS 0x0000000090100000, 0x0000000090100000| Untracked 
| 258|0x0000000090200000, 0x0000000090200000, 0x0000000090300000|  0%| F|  |TAMS 0x0000000090200000, 0x0000000090200000| Untracked 
| 259|0x0000000090300000, 0x0000000090300000, 0x0000000090400000|  0%| F|  |TAMS 0x0000000090300000, 0x0000000090300000| Untracked 
| 260|0x0000000090400000, 0x0000000090400000, 0x0000000090500000|  0%| F|  |TAMS 0x0000000090400000, 0x0000000090400000| Untracked 
| 261|0x0000000090500000, 0x0000000090500000, 0x0000000090600000|  0%| F|  |TAMS 0x0000000090500000, 0x0000000090500000| Untracked 
| 262|0x0000000090600000, 0x0000000090600000, 0x0000000090700000|  0%| F|  |TAMS 0x0000000090600000, 0x0000000090600000| Untracked 
| 263|0x0000000090700000, 0x0000000090700000, 0x0000000090800000|  0%| F|  |TAMS 0x0000000090700000, 0x0000000090700000| Untracked 
| 264|0x0000000090800000, 0x0000000090800000, 0x0000000090900000|  0%| F|  |TAMS 0x0000000090800000, 0x0000000090800000| Untracked 
| 265|0x0000000090900000, 0x0000000090900000, 0x0000000090a00000|  0%| F|  |TAMS 0x0000000090900000, 0x0000000090900000| Untracked 
| 266|0x0000000090a00000, 0x0000000090a00000, 0x0000000090b00000|  0%| F|  |TAMS 0x0000000090a00000, 0x0000000090a00000| Untracked 
| 267|0x0000000090b00000, 0x0000000090b00000, 0x0000000090c00000|  0%| F|  |TAMS 0x0000000090b00000, 0x0000000090b00000| Untracked 
| 268|0x0000000090c00000, 0x0000000090c00000, 0x0000000090d00000|  0%| F|  |TAMS 0x0000000090c00000, 0x0000000090c00000| Untracked 
| 269|0x0000000090d00000, 0x0000000090d00000, 0x0000000090e00000|  0%| F|  |TAMS 0x0000000090d00000, 0x0000000090d00000| Untracked 
| 270|0x0000000090e00000, 0x0000000090e00000, 0x0000000090f00000|  0%| F|  |TAMS 0x0000000090e00000, 0x0000000090e00000| Untracked 
| 271|0x0000000090f00000, 0x0000000090f00000, 0x0000000091000000|  0%| F|  |TAMS 0x0000000090f00000, 0x0000000090f00000| Untracked 
| 272|0x0000000091000000, 0x0000000091000000, 0x0000000091100000|  0%| F|  |TAMS 0x0000000091000000, 0x0000000091000000| Untracked 
| 273|0x0000000091100000, 0x0000000091100000, 0x0000000091200000|  0%| F|  |TAMS 0x0000000091100000, 0x0000000091100000| Untracked 
| 274|0x0000000091200000, 0x0000000091200000, 0x0000000091300000|  0%| F|  |TAMS 0x0000000091200000, 0x0000000091200000| Untracked 
| 275|0x0000000091300000, 0x0000000091300000, 0x0000000091400000|  0%| F|  |TAMS 0x0000000091300000, 0x0000000091300000| Untracked 
| 276|0x0000000091400000, 0x0000000091400000, 0x0000000091500000|  0%| F|  |TAMS 0x0000000091400000, 0x0000000091400000| Untracked 
| 277|0x0000000091500000, 0x0000000091500000, 0x0000000091600000|  0%| F|  |TAMS 0x0000000091500000, 0x0000000091500000| Untracked 
| 278|0x0000000091600000, 0x0000000091600000, 0x0000000091700000|  0%| F|  |TAMS 0x0000000091600000, 0x0000000091600000| Untracked 
| 279|0x0000000091700000, 0x00000000917ef5f8, 0x0000000091800000| 93%| E|  |TAMS 0x0000000091700000, 0x0000000091700000| Complete 
| 280|0x0000000091800000, 0x0000000091900000, 0x0000000091900000|100%| E|CS|TAMS 0x0000000091800000, 0x0000000091800000| Complete 
| 281|0x0000000091900000, 0x0000000091a00000, 0x0000000091a00000|100%| E|CS|TAMS 0x0000000091900000, 0x0000000091900000| Complete 
| 282|0x0000000091a00000, 0x0000000091b00000, 0x0000000091b00000|100%| E|CS|TAMS 0x0000000091a00000, 0x0000000091a00000| Complete 
| 283|0x0000000091b00000, 0x0000000091c00000, 0x0000000091c00000|100%| E|CS|TAMS 0x0000000091b00000, 0x0000000091b00000| Complete 
| 284|0x0000000091c00000, 0x0000000091d00000, 0x0000000091d00000|100%| E|CS|TAMS 0x0000000091c00000, 0x0000000091c00000| Complete 
| 285|0x0000000091d00000, 0x0000000091e00000, 0x0000000091e00000|100%| E|CS|TAMS 0x0000000091d00000, 0x0000000091d00000| Complete 
| 286|0x0000000091e00000, 0x0000000091f00000, 0x0000000091f00000|100%| E|CS|TAMS 0x0000000091e00000, 0x0000000091e00000| Complete 
| 287|0x0000000091f00000, 0x0000000092000000, 0x0000000092000000|100%| E|CS|TAMS 0x0000000091f00000, 0x0000000091f00000| Complete 
| 288|0x0000000092000000, 0x0000000092100000, 0x0000000092100000|100%| E|CS|TAMS 0x0000000092000000, 0x0000000092000000| Complete 
| 289|0x0000000092100000, 0x0000000092200000, 0x0000000092200000|100%| E|CS|TAMS 0x0000000092100000, 0x0000000092100000| Complete 
| 290|0x0000000092200000, 0x0000000092300000, 0x0000000092300000|100%| E|CS|TAMS 0x0000000092200000, 0x0000000092200000| Complete 
| 291|0x0000000092300000, 0x0000000092400000, 0x0000000092400000|100%| E|CS|TAMS 0x0000000092300000, 0x0000000092300000| Complete 
| 292|0x0000000092400000, 0x0000000092500000, 0x0000000092500000|100%| E|CS|TAMS 0x0000000092400000, 0x0000000092400000| Complete 
| 293|0x0000000092500000, 0x0000000092600000, 0x0000000092600000|100%| E|CS|TAMS 0x0000000092500000, 0x0000000092500000| Complete 
| 294|0x0000000092600000, 0x0000000092700000, 0x0000000092700000|100%| E|CS|TAMS 0x0000000092600000, 0x0000000092600000| Complete 
| 295|0x0000000092700000, 0x0000000092800000, 0x0000000092800000|100%| E|CS|TAMS 0x0000000092700000, 0x0000000092700000| Complete 
| 296|0x0000000092800000, 0x0000000092900000, 0x0000000092900000|100%| E|CS|TAMS 0x0000000092800000, 0x0000000092800000| Complete 
| 297|0x0000000092900000, 0x0000000092a00000, 0x0000000092a00000|100%| E|CS|TAMS 0x0000000092900000, 0x0000000092900000| Complete 
| 298|0x0000000092a00000, 0x0000000092b00000, 0x0000000092b00000|100%| E|CS|TAMS 0x0000000092a00000, 0x0000000092a00000| Complete 
| 299|0x0000000092b00000, 0x0000000092c00000, 0x0000000092c00000|100%| E|CS|TAMS 0x0000000092b00000, 0x0000000092b00000| Complete 
| 300|0x0000000092c00000, 0x0000000092d00000, 0x0000000092d00000|100%| E|CS|TAMS 0x0000000092c00000, 0x0000000092c00000| Complete 
| 301|0x0000000092d00000, 0x0000000092e00000, 0x0000000092e00000|100%| E|CS|TAMS 0x0000000092d00000, 0x0000000092d00000| Complete 
| 302|0x0000000092e00000, 0x0000000092f00000, 0x0000000092f00000|100%| E|CS|TAMS 0x0000000092e00000, 0x0000000092e00000| Complete 
| 303|0x0000000092f00000, 0x0000000093000000, 0x0000000093000000|100%| E|CS|TAMS 0x0000000092f00000, 0x0000000092f00000| Complete 
| 304|0x0000000093000000, 0x0000000093100000, 0x0000000093100000|100%| E|CS|TAMS 0x0000000093000000, 0x0000000093000000| Complete 

Card table byte_map: [0x000001af2c9b0000,0x000001af2cdb0000] _byte_map_base: 0x000001af2c5b0000

Marking Bits (Prev, Next): (CMBitMap*) 0x000001af19ad3290, (CMBitMap*) 0x000001af19ad3258
 Prev Bits: [0x000001af2f1b0000, 0x000001af311b0000)
 Next Bits: [0x000001af2d1b0000, 0x000001af2f1b0000)

Polling page: 0x000001af19260000

Metaspace:

Usage:
  Non-class:     74.50 MB capacity,    73.07 MB ( 98%) used,     1.20 MB (  2%) free+waste,   237.06 KB ( <1%) overhead. 
      Class:     11.61 MB capacity,    10.87 MB ( 94%) used,   649.52 KB (  5%) free+waste,   109.38 KB ( <1%) overhead. 
       Both:     86.11 MB capacity,    83.94 MB ( 97%) used,     1.83 MB (  2%) free+waste,   346.44 KB ( <1%) overhead. 

Virtual space:
  Non-class space:       76.00 MB reserved,      74.60 MB ( 98%) committed 
      Class space:        1.00 GB reserved,      11.62 MB (  1%) committed 
             Both:        1.07 GB reserved,      86.23 MB (  8%) committed 

Chunk freelists:
   Non-Class:  43.00 KB
       Class:  14.00 KB
        Both:  57.00 KB

MaxMetaspaceSize: 17179869184.00 GB
CompressedClassSpaceSize: 1.00 GB
Initial GC threshold: 20.80 MB
Current GC threshold: 140.17 MB
CDS: off

CodeHeap 'non-profiled nmethods': size=120064Kb used=4794Kb max_used=4794Kb free=115269Kb
 bounds [0x000001af25070000, 0x000001af25520000, 0x000001af2c5b0000]
CodeHeap 'profiled nmethods': size=120000Kb used=18024Kb max_used=18024Kb free=101975Kb
 bounds [0x000001af1db40000, 0x000001af1ece0000, 0x000001af25070000]
CodeHeap 'non-nmethods': size=5696Kb used=2366Kb max_used=2429Kb free=3329Kb
 bounds [0x000001af1d5b0000, 0x000001af1d820000, 0x000001af1db40000]
 total_blobs=9401 nmethods=8511 adapters=803
 compilation: enabled
              stopped_count=0, restarted_count=0
 full_count=0

Compilation events (20 events):
Event: 19.565 Thread 0x000001af33f86000 nmethod 8576 0x000001af1eccc990 code [0x000001af1ecccb80, 0x000001af1ecccf38]
Event: 19.565 Thread 0x000001af33f86000 8577       1       org.gradle.execution.plan.LocalTaskNode::getPrepareNode (5 bytes)
Event: 19.565 Thread 0x000001af33f86000 nmethod 8577 0x000001af25519d90 code [0x000001af25519f40, 0x000001af25519ff8]
Event: 19.566 Thread 0x000001af33f86000 8578       2       com.google.common.collect.ImmutableMap$Builder::put (35 bytes)
Event: 19.566 Thread 0x000001af33f86000 nmethod 8578 0x000001af1eccd110 code [0x000001af1eccd2e0, 0x000001af1eccd658]
Event: 19.567 Thread 0x000001af33f83800 nmethod 8555% 0x000001af2551a090 code [0x000001af2551a280, 0x000001af2551b038]
Event: 19.567 Thread 0x000001af33f83800 8574       4       java.io.ObjectOutputStream$BlockDataOutputStream::getUTFLength (124 bytes)
Event: 19.568 Thread 0x000001af33f86000 8579       3       java.lang.invoke.MethodHandles::constant (87 bytes)
Event: 19.569 Thread 0x000001af33f86000 nmethod 8579 0x000001af1eccd810 code [0x000001af1eccdb20, 0x000001af1ecce9f8]
Event: 19.571 Thread 0x000001af33f86000 8580       3       org.gradle.internal.hash.Hashing::newHasher (9 bytes)
Event: 19.572 Thread 0x000001af33f86000 nmethod 8580 0x000001af1eccef10 code [0x000001af1eccf180, 0x000001af1eccfcf8]
Event: 19.574 Thread 0x000001af3ad70800 nmethod 8559 0x000001af2551b710 code [0x000001af2551b920, 0x000001af2551c6a0]
Event: 19.574 Thread 0x000001af3ad70800 8575       4       java.io.ObjectOutputStream$BlockDataOutputStream::writeBytes (144 bytes)
Event: 19.575 Thread 0x000001af33f86000 8581       1       com.google.common.collect.ImmutableSortedSet::comparator (5 bytes)
Event: 19.576 Thread 0x000001af33f86000 nmethod 8581 0x000001af2551cd90 code [0x000001af2551cf40, 0x000001af2551cff8]
Event: 19.576 Thread 0x000001af33f86000 8582       3       org.gradle.internal.hash.HashCode$HashCode128::equals (57 bytes)
Event: 19.576 Thread 0x000001af33f86000 nmethod 8582 0x000001af1ecd0110 code [0x000001af1ecd02e0, 0x000001af1ecd0678]
Event: 19.577 Thread 0x000001af33f83800 nmethod 8574 0x000001af2551d090 code [0x000001af2551d240, 0x000001af2551d778]
Event: 19.577 Thread 0x000001af33f83800 8567       4       java.lang.Enum::compareTo (44 bytes)
Event: 19.578 Thread 0x000001af33f83800 nmethod 8567 0x000001af2551db90 code [0x000001af2551dd20, 0x000001af2551ddd8]

GC Heap History (20 events):
Event: 1.701 GC heap before
{Heap before GC invocations=1 (full 0):
 garbage-first heap   total 260096K, used 92989K [0x0000000080000000, 0x0000000100000000)
  region size 1024K, 85 young (87040K), 2 survivors (2048K)
 Metaspace       used 18333K, capacity 18731K, committed 19072K, reserved 1067008K
  class space    used 2158K, capacity 2315K, committed 2432K, reserved 1048576K
}
Event: 1.708 GC heap after
{Heap after GC invocations=2 (full 0):
 garbage-first heap   total 260096K, used 16441K [0x0000000080000000, 0x0000000100000000)
  region size 1024K, 11 young (11264K), 11 survivors (11264K)
 Metaspace       used 18333K, capacity 18731K, committed 19072K, reserved 1067008K
  class space    used 2158K, capacity 2315K, committed 2432K, reserved 1048576K
}
Event: 1.864 GC heap before
{Heap before GC invocations=2 (full 0):
 garbage-first heap   total 260096K, used 38969K [0x0000000080000000, 0x0000000100000000)
  region size 1024K, 34 young (34816K), 11 survivors (11264K)
 Metaspace       used 20822K, capacity 21149K, committed 21296K, reserved 1069056K
  class space    used 2506K, capacity 2651K, committed 2688K, reserved 1048576K
}
Event: 1.870 GC heap after
{Heap after GC invocations=3 (full 0):
 garbage-first heap   total 260096K, used 17516K [0x0000000080000000, 0x0000000100000000)
  region size 1024K, 1 young (1024K), 1 survivors (1024K)
 Metaspace       used 20822K, capacity 21149K, committed 21296K, reserved 1069056K
  class space    used 2506K, capacity 2651K, committed 2688K, reserved 1048576K
}
Event: 2.230 GC heap before
{Heap before GC invocations=4 (full 0):
 garbage-first heap   total 260096K, used 61548K [0x0000000080000000, 0x0000000100000000)
  region size 1024K, 45 young (46080K), 1 survivors (1024K)
 Metaspace       used 25433K, capacity 25935K, committed 26160K, reserved 1073152K
  class space    used 3245K, capacity 3446K, committed 3456K, reserved 1048576K
}
Event: 2.233 GC heap after
{Heap after GC invocations=5 (full 0):
 garbage-first heap   total 260096K, used 19099K [0x0000000080000000, 0x0000000100000000)
  region size 1024K, 3 young (3072K), 3 survivors (3072K)
 Metaspace       used 25433K, capacity 25935K, committed 26160K, reserved 1073152K
  class space    used 3245K, capacity 3446K, committed 3456K, reserved 1048576K
}
Event: 2.850 GC heap before
{Heap before GC invocations=5 (full 0):
 garbage-first heap   total 260096K, used 80539K [0x0000000080000000, 0x0000000100000000)
  region size 1024K, 63 young (64512K), 3 survivors (3072K)
 Metaspace       used 31371K, capacity 32119K, committed 32432K, reserved 1077248K
  class space    used 4195K, capacity 4493K, committed 4608K, reserved 1048576K
}
Event: 2.854 GC heap after
{Heap after GC invocations=6 (full 0):
 garbage-first heap   total 260096K, used 20694K [0x0000000080000000, 0x0000000100000000)
  region size 1024K, 5 young (5120K), 5 survivors (5120K)
 Metaspace       used 31371K, capacity 32119K, committed 32432K, reserved 1077248K
  class space    used 4195K, capacity 4493K, committed 4608K, reserved 1048576K
}
Event: 3.118 GC heap before
{Heap before GC invocations=6 (full 0):
 garbage-first heap   total 260096K, used 36054K [0x0000000080000000, 0x0000000100000000)
  region size 1024K, 21 young (21504K), 5 survivors (5120K)
 Metaspace       used 34921K, capacity 35729K, committed 35888K, reserved 1081344K
  class space    used 4554K, capacity 4889K, committed 4992K, reserved 1048576K
}
Event: 3.126 GC heap after
{Heap after GC invocations=7 (full 0):
 garbage-first heap   total 260096K, used 22902K [0x0000000080000000, 0x0000000100000000)
  region size 1024K, 7 young (7168K), 7 survivors (7168K)
 Metaspace       used 34921K, capacity 35729K, committed 35888K, reserved 1081344K
  class space    used 4554K, capacity 4889K, committed 4992K, reserved 1048576K
}
Event: 4.078 GC heap before
{Heap before GC invocations=8 (full 0):
 garbage-first heap   total 260096K, used 129398K [0x0000000080000000, 0x0000000100000000)
  region size 1024K, 109 young (111616K), 7 survivors (7168K)
 Metaspace       used 43844K, capacity 45027K, committed 45160K, reserved 1089536K
  class space    used 5632K, capacity 6036K, committed 6144K, reserved 1048576K
}
Event: 4.095 GC heap after
{Heap after GC invocations=9 (full 0):
 garbage-first heap   total 260096K, used 30366K [0x0000000080000000, 0x0000000100000000)
  region size 1024K, 14 young (14336K), 14 survivors (14336K)
 Metaspace       used 43844K, capacity 45027K, committed 45160K, reserved 1089536K
  class space    used 5632K, capacity 6036K, committed 6144K, reserved 1048576K
}
Event: 5.476 GC heap before
{Heap before GC invocations=10 (full 0):
 garbage-first heap   total 260096K, used 176798K [0x0000000080000000, 0x0000000100000000)
  region size 1024K, 152 young (155648K), 14 survivors (14336K)
 Metaspace       used 54754K, capacity 56259K, committed 56296K, reserved 1097728K
  class space    used 6970K, capacity 7526K, committed 7552K, reserved 1048576K
}
Event: 5.495 GC heap after
{Heap after GC invocations=11 (full 0):
 garbage-first heap   total 260096K, used 44702K [0x0000000080000000, 0x0000000100000000)
  region size 1024K, 19 young (19456K), 19 survivors (19456K)
 Metaspace       used 54754K, capacity 56259K, committed 56296K, reserved 1097728K
  class space    used 6970K, capacity 7526K, committed 7552K, reserved 1048576K
}
Event: 6.955 GC heap before
{Heap before GC invocations=11 (full 0):
 garbage-first heap   total 260096K, used 189086K [0x0000000080000000, 0x0000000100000000)
  region size 1024K, 152 young (155648K), 19 survivors (19456K)
 Metaspace       used 67345K, capacity 69001K, committed 69224K, reserved 1110016K
  class space    used 8493K, capacity 9103K, committed 9216K, reserved 1048576K
}
Event: 6.975 GC heap after
{Heap after GC invocations=12 (full 0):
 garbage-first heap   total 260096K, used 55071K [0x0000000080000000, 0x0000000100000000)
  region size 1024K, 10 young (10240K), 10 survivors (10240K)
 Metaspace       used 67345K, capacity 69001K, committed 69224K, reserved 1110016K
  class space    used 8493K, capacity 9103K, committed 9216K, reserved 1048576K
}
Event: 7.825 GC heap before
{Heap before GC invocations=12 (full 0):
 garbage-first heap   total 260096K, used 144159K [0x0000000080000000, 0x0000000100000000)
  region size 1024K, 98 young (100352K), 10 survivors (10240K)
 Metaspace       used 74660K, capacity 76417K, committed 76520K, reserved 1116160K
  class space    used 9634K, capacity 10278K, committed 10368K, reserved 1048576K
}
Event: 7.843 GC heap after
{Heap after GC invocations=13 (full 0):
 garbage-first heap   total 312320K, used 60191K [0x0000000080000000, 0x0000000100000000)
  region size 1024K, 15 young (15360K), 15 survivors (15360K)
 Metaspace       used 74660K, capacity 76417K, committed 76520K, reserved 1116160K
  class space    used 9634K, capacity 10278K, committed 10368K, reserved 1048576K
}
Event: 9.167 GC heap before
{Heap before GC invocations=14 (full 0):
 garbage-first heap   total 312320K, used 211743K [0x0000000080000000, 0x0000000100000000)
  region size 1024K, 164 young (167936K), 15 survivors (15360K)
 Metaspace       used 82811K, capacity 84859K, committed 84968K, reserved 1122304K
  class space    used 10684K, capacity 11350K, committed 11392K, reserved 1048576K
}
Event: 9.208 GC heap after
{Heap after GC invocations=15 (full 0):
 garbage-first heap   total 312320K, used 75717K [0x0000000080000000, 0x0000000100000000)
  region size 1024K, 21 young (21504K), 21 survivors (21504K)
 Metaspace       used 82811K, capacity 84859K, committed 84968K, reserved 1122304K
  class space    used 10684K, capacity 11350K, committed 11392K, reserved 1048576K
}

Deoptimization events (20 events):
Event: 9.393 Thread 0x000001af37af7000 Uncommon trap: trap_request=0xffffffde fr.pc=0x000001af2515f828 relative=0x00000000000002e8
Event: 9.393 Thread 0x000001af37af7000 Uncommon trap: reason=class_check action=maybe_recompile pc=0x000001af2515f828 method=java.util.Collections$SetFromMap.remove(Ljava/lang/Object;)Z @ 5 c2
Event: 9.393 Thread 0x000001af37af7000 DEOPT PACKING pc=0x000001af2515f828 sp=0x0000000ca3afd360
Event: 9.393 Thread 0x000001af37af7000 DEOPT UNPACKING pc=0x000001af1d5fa1a9 sp=0x0000000ca3afd358 mode 2
Event: 9.393 Thread 0x000001af37af7000 Uncommon trap: trap_request=0xffffffde fr.pc=0x000001af253d4b60 relative=0x0000000000000220
Event: 9.393 Thread 0x000001af37af7000 Uncommon trap: reason=class_check action=maybe_recompile pc=0x000001af253d4b60 method=java.util.stream.StreamOpFlag.fromCharacteristics(Ljava/util/Spliterator;)I @ 14 c2
Event: 9.393 Thread 0x000001af37af7000 DEOPT PACKING pc=0x000001af253d4b60 sp=0x0000000ca3afcc50
Event: 9.393 Thread 0x000001af37af7000 DEOPT UNPACKING pc=0x000001af1d5fa1a9 sp=0x0000000ca3afcb38 mode 2
Event: 9.393 Thread 0x000001af37af7000 Uncommon trap: trap_request=0xffffffde fr.pc=0x000001af252f34fc relative=0x000000000000005c
Event: 9.393 Thread 0x000001af37af7000 Uncommon trap: reason=class_check action=maybe_recompile pc=0x000001af252f34fc method=java.util.stream.StreamOpFlag.fromCharacteristics(Ljava/util/Spliterator;)I @ 14 c2
Event: 9.393 Thread 0x000001af37af7000 DEOPT PACKING pc=0x000001af252f34fc sp=0x0000000ca3afcb60
Event: 9.394 Thread 0x000001af37af7000 DEOPT UNPACKING pc=0x000001af1d5fa1a9 sp=0x0000000ca3afcaf0 mode 2
Event: 9.449 Thread 0x000001af37af7000 Uncommon trap: trap_request=0xffffff4d fr.pc=0x000001af252f207c relative=0x00000000000006fc
Event: 9.449 Thread 0x000001af37af7000 Uncommon trap: reason=unstable_if action=reinterpret pc=0x000001af252f207c method=org.gradle.internal.snapshot.VfsRelativePath.isPrefix(Ljava/lang/String;ILjava/lang/String;ILorg/gradle/internal/snapshot/CaseSensitivity;)Z @ 89 c2
Event: 9.449 Thread 0x000001af37af7000 DEOPT PACKING pc=0x000001af252f207c sp=0x0000000ca3af9910
Event: 9.449 Thread 0x000001af37af7000 DEOPT UNPACKING pc=0x000001af1d5fa1a9 sp=0x0000000ca3af9890 mode 2
Event: 19.493 Thread 0x000001af37af7000 Uncommon trap: trap_request=0xffffffc6 fr.pc=0x000001af251c7950 relative=0x00000000000008f0
Event: 19.493 Thread 0x000001af37af7000 Uncommon trap: reason=bimorphic_or_optimized_type_check action=maybe_recompile pc=0x000001af251c7950 method=java.lang.Throwable.<init>(Ljava/lang/String;Ljava/lang/Throwable;)V @ 24 c2
Event: 19.493 Thread 0x000001af37af7000 DEOPT PACKING pc=0x000001af251c7950 sp=0x0000000ca3afa930
Event: 19.493 Thread 0x000001af37af7000 DEOPT UNPACKING pc=0x000001af1d5fa1a9 sp=0x0000000ca3afa8f8 mode 2

Classes redefined (0 events):
No events

Internal exceptions (20 events):
Event: 9.349 Thread 0x000001af3502b800 Exception <a 'java/lang/NoSuchMethodError'{0x0000000092805bb0}: <clinit>> (0x0000000092805bb0) thrown at [src/hotspot/share/prims/jni.cpp, line 1367]
Event: 9.356 Thread 0x000001af37af7000 Exception <a 'java/lang/IncompatibleClassChangeError'{0x0000000092845ed0}: Found class java.lang.Object, but interface was expected> (0x0000000092845ed0) thrown at [src/hotspot/share/interpreter/linkResolver.cpp, line 839]
Event: 9.373 Thread 0x000001af37af7000 Exception <a 'java/lang/NoSuchMethodError'{0x00000000927e0ee8}: 'void java.lang.invoke.DirectMethodHandle$Holder.invokeVirtual(java.lang.Object, java.lang.Object)'> (0x00000000927e0ee8) thrown at [src/hotspot/share/interpreter/linkResolver.cpp, line 773]
Event: 9.392 Thread 0x000001af3502b800 Exception <a 'java/lang/NoSuchMethodError'{0x000000009255dcf0}: <clinit>> (0x000000009255dcf0) thrown at [src/hotspot/share/prims/jni.cpp, line 1367]
Event: 9.394 Thread 0x000001af3502b800 Exception <a 'java/lang/NoSuchMethodError'{0x00000000925c2e18}: <clinit>> (0x00000000925c2e18) thrown at [src/hotspot/share/prims/jni.cpp, line 1367]
Event: 9.395 Thread 0x000001af3502b800 Exception <a 'java/lang/NoSuchMethodError'{0x00000000925f29d8}: <clinit>> (0x00000000925f29d8) thrown at [src/hotspot/share/prims/jni.cpp, line 1367]
Event: 9.400 Thread 0x000001af3502b800 Exception <a 'java/lang/NoSuchMethodError'{0x00000000924c8760}: <clinit>> (0x00000000924c8760) thrown at [src/hotspot/share/prims/jni.cpp, line 1367]
Event: 9.406 Thread 0x000001af37afa800 Exception <a 'java/lang/NoSuchMethodError'{0x000000009226b940}: <clinit>> (0x000000009226b940) thrown at [src/hotspot/share/prims/jni.cpp, line 1367]
Event: 9.413 Thread 0x000001af37afa800 Exception <a 'java/lang/NoSuchMethodError'{0x0000000092280658}: <clinit>> (0x0000000092280658) thrown at [src/hotspot/share/prims/jni.cpp, line 1367]
Event: 9.416 Thread 0x000001af37afa800 Exception <a 'java/lang/NoSuchMethodError'{0x00000000922e0b10}: <clinit>> (0x00000000922e0b10) thrown at [src/hotspot/share/prims/jni.cpp, line 1367]
Event: 9.422 Thread 0x000001af37af7000 Exception <a 'java/lang/IncompatibleClassChangeError'{0x00000000922d9150}: Found class java.lang.Object, but interface was expected> (0x00000000922d9150) thrown at [src/hotspot/share/interpreter/linkResolver.cpp, line 839]
Event: 9.440 Thread 0x000001af37af7000 Exception <a 'java/lang/NoSuchMethodError'{0x0000000091f51588}: 'int java.lang.invoke.DirectMethodHandle$Holder.invokeStaticInit(java.lang.Object, java.lang.Object, java.lang.Object, java.lang.Object, java.lang.Object)'> (0x0000000091f51588) thrown at [src/hotspot/share/interpreter/linkResolver.cpp, line 773]
Event: 9.454 Thread 0x000001af37af7000 Exception <a 'sun/nio/fs/WindowsException'{0x0000000091e3a350}> (0x0000000091e3a350) thrown at [src/hotspot/share/prims/jni.cpp, line 617]
Event: 9.454 Thread 0x000001af37af7000 Exception <a 'sun/nio/fs/WindowsException'{0x0000000091e3b440}> (0x0000000091e3b440) thrown at [src/hotspot/share/prims/jni.cpp, line 617]
Event: 14.485 Thread 0x000001af37af7000 Exception <a 'net/rubygrapefruit/platform/NativeException'{0x0000000091c2f2c0}: Execution timed out> (0x0000000091c2f2c0) thrown at [src/hotspot/share/prims/jni.cpp, line 638]
Event: 19.491 Thread 0x000001af37af7000 Exception <a 'net/rubygrapefruit/platform/NativeException'{0x0000000091c4d4d8}: Execution timed out> (0x0000000091c4d4d8) thrown at [src/hotspot/share/prims/jni.cpp, line 638]
Event: 19.516 Thread 0x000001af3502b800 Exception <a 'java/lang/NoSuchMethodError'{0x0000000091a836c0}: <clinit>> (0x0000000091a836c0) thrown at [src/hotspot/share/prims/jni.cpp, line 1367]
Event: 19.519 Thread 0x000001af3502b800 Exception <a 'java/lang/NoSuchMethodError'{0x0000000091ad6de0}: <clinit>> (0x0000000091ad6de0) thrown at [src/hotspot/share/prims/jni.cpp, line 1367]
Event: 19.540 Thread 0x000001af3502b800 Exception <a 'java/lang/NoSuchMethodError'{0x00000000919497e0}: <clinit>> (0x00000000919497e0) thrown at [src/hotspot/share/prims/jni.cpp, line 1367]
Event: 19.552 Thread 0x000001af37af7000 Exception <a 'java/lang/NoSuchMethodError'{0x00000000919c1768}: 'int java.lang.invoke.DirectMethodHandle$Holder.invokeSpecial(java.lang.Object, java.lang.Object, java.lang.Object, java.lang.Object, java.lang.Object)'> (0x00000000919c1768) thrown at [src/hotspot/share/interpreter/linkResolver.cpp, line 773]

Events (20 events):
Event: 19.572 loading class org/gradle/internal/snapshot/FileSystemSnapshotHierarchyVisitor
Event: 19.572 loading class org/gradle/internal/snapshot/FileSystemSnapshotHierarchyVisitor done
Event: 19.572 loading class com/android/build/gradle/tasks/GenerateBuildConfigKt
Event: 19.572 loading class com/android/build/gradle/tasks/GenerateBuildConfigKt done
Event: 19.574 loading class com/android/build/gradle/internal/core/VariantDslInfoImpl$computeVersionNameSuffix$2
Event: 19.574 loading class com/android/build/gradle/internal/core/VariantDslInfoImpl$computeVersionNameSuffix$2 done
Event: 19.575 loading class org/gradle/execution/plan/LocalTaskNodeExecutor$1
Event: 19.575 loading class org/gradle/execution/plan/LocalTaskNodeExecutor$1 done
Event: 19.576 loading class org/gradle/internal/snapshot/ChildMap
Event: 19.576 loading class org/gradle/internal/snapshot/ChildMap done
Event: 19.576 loading class org/gradle/internal/snapshot/ChildMap
Event: 19.576 loading class org/gradle/internal/snapshot/ChildMap done
Event: 19.577 loading class org/gradle/internal/snapshot/AbstractInvalidateChildHandler
Event: 19.577 loading class org/gradle/internal/snapshot/AbstractInvalidateChildHandler done
Event: 19.577 loading class org/gradle/internal/snapshot/ChildMap
Event: 19.577 loading class org/gradle/internal/snapshot/ChildMap done
Event: 19.577 loading class org/gradle/internal/snapshot/ChildMap
Event: 19.577 loading class org/gradle/internal/snapshot/ChildMap done
Event: 19.577 loading class org/gradle/internal/snapshot/AbstractInvalidateChildHandler
Event: 19.577 loading class org/gradle/internal/snapshot/AbstractInvalidateChildHandler done


Dynamic libraries:
0x00007ff671f30000 - 0x00007ff671f3a000 	C:\Program Files\Android\Android Studio\jbr\bin\java.exe
0x00007ff8bf610000 - 0x00007ff8bf806000 	C:\Windows\SYSTEM32\ntdll.dll
0x00007ff8bd670000 - 0x00007ff8bd72d000 	C:\Windows\System32\KERNEL32.DLL
0x00007ff8bd300000 - 0x00007ff8bd5c9000 	C:\Windows\System32\KERNELBASE.dll
0x00007ff8bce60000 - 0x00007ff8bcf60000 	C:\Windows\System32\ucrtbase.dll
0x00007ff8a4210000 - 0x00007ff8a422b000 	C:\Program Files\Android\Android Studio\jbr\bin\VCRUNTIME140.dll
0x00007ff8a4230000 - 0x00007ff8a4247000 	C:\Program Files\Android\Android Studio\jbr\bin\jli.dll
0x00007ff8beda0000 - 0x00007ff8bef40000 	C:\Windows\System32\USER32.dll
0x00007ff8bd1f0000 - 0x00007ff8bd212000 	C:\Windows\System32\win32u.dll
0x00007ff8beff0000 - 0x00007ff8bf01a000 	C:\Windows\System32\GDI32.dll
0x00007ff8bcd50000 - 0x00007ff8bce5b000 	C:\Windows\System32\gdi32full.dll
0x00007ff8921d0000 - 0x00007ff89246b000 	C:\Windows\WinSxS\amd64_microsoft.windows.common-controls_6595b64144ccf1df_6.0.19041.746_none_ca02b4b61b8320a4\COMCTL32.dll
0x00007ff8bd5d0000 - 0x00007ff8bd66d000 	C:\Windows\System32\msvcp_win.dll
0x00007ff8bed00000 - 0x00007ff8bed9e000 	C:\Windows\System32\msvcrt.dll
0x00007ff8bd860000 - 0x00007ff8bd890000 	C:\Windows\System32\IMM32.DLL
0x00007ff8a2220000 - 0x00007ff8a227b000 	C:\ProgramData\Microsoft\DbgCtr\XShellDLL64_6015.dll
0x00007ff8bef40000 - 0x00007ff8befec000 	C:\Windows\System32\ADVAPI32.dll
0x00007ff8bd7c0000 - 0x00007ff8bd85c000 	C:\Windows\System32\sechost.dll
0x00007ff8bdb50000 - 0x00007ff8bdc7b000 	C:\Windows\System32\RPCRT4.dll
0x00007ff8be4f0000 - 0x00007ff8bec32000 	C:\Windows\System32\SHELL32.dll
0x00007ff8a2170000 - 0x00007ff8a217c000 	C:\Program Files\Android\Android Studio\jbr\bin\vcruntime140_1.dll
0x00007ff8a0d20000 - 0x00007ff8a0dad000 	C:\Program Files\Android\Android Studio\jbr\bin\msvcp140.dll
0x00007ff877160000 - 0x00007ff877d1c000 	C:\Program Files\Android\Android Studio\jbr\bin\server\jvm.dll
0x00007ff8be3c0000 - 0x00007ff8be3c8000 	C:\Windows\System32\PSAPI.DLL
0x00007ff8aad90000 - 0x00007ff8aad99000 	C:\Windows\SYSTEM32\WSOCK32.dll
0x00007ff8b57d0000 - 0x00007ff8b57da000 	C:\Windows\SYSTEM32\VERSION.dll
0x00007ff895110000 - 0x00007ff895137000 	C:\Windows\SYSTEM32\WINMM.dll
0x00007ff8bdc90000 - 0x00007ff8bdcfb000 	C:\Windows\System32\WS2_32.dll
0x00007ff8bacc0000 - 0x00007ff8bacd2000 	C:\Windows\SYSTEM32\kernel.appcore.dll
0x00007ff8a1ee0000 - 0x00007ff8a1ef0000 	C:\Program Files\Android\Android Studio\jbr\bin\verify.dll
0x00007ff8a4650000 - 0x00007ff8a4834000 	C:\Windows\SYSTEM32\DBGHELP.DLL
0x00007ff8a4540000 - 0x00007ff8a456c000 	C:\Windows\SYSTEM32\dbgcore.DLL
0x00007ff8bd220000 - 0x00007ff8bd2a0000 	C:\Windows\System32\bcryptPrimitives.dll
0x00007ff8a1560000 - 0x00007ff8a1588000 	C:\Program Files\Android\Android Studio\jbr\bin\java.dll
0x00007ff8a1ac0000 - 0x00007ff8a1aca000 	C:\Program Files\Android\Android Studio\jbr\bin\jimage.dll
0x00007ff8a1660000 - 0x00007ff8a1678000 	C:\Program Files\Android\Android Studio\jbr\bin\zip.dll
0x00007ff8baec0000 - 0x00007ff8bb650000 	C:\Windows\SYSTEM32\windows.storage.dll
0x00007ff8bdd00000 - 0x00007ff8be056000 	C:\Windows\System32\combase.dll
0x00007ff8bc7b0000 - 0x00007ff8bc7dc000 	C:\Windows\SYSTEM32\Wldp.dll
0x00007ff8bd890000 - 0x00007ff8bd93e000 	C:\Windows\System32\SHCORE.dll
0x00007ff8bdaf0000 - 0x00007ff8bdb45000 	C:\Windows\System32\shlwapi.dll
0x00007ff8bcc80000 - 0x00007ff8bcca6000 	C:\Windows\SYSTEM32\profapi.dll
0x00007ff8a15d0000 - 0x00007ff8a15e9000 	C:\Program Files\Android\Android Studio\jbr\bin\net.dll
0x00007ff8b5f20000 - 0x00007ff8b6020000 	C:\Windows\SYSTEM32\WINHTTP.dll
0x00007ff8bc4c0000 - 0x00007ff8bc52a000 	C:\Windows\system32\mswsock.dll
0x00007ff8a0f80000 - 0x00007ff8a0f93000 	C:\Program Files\Android\Android Studio\jbr\bin\nio.dll
0x00007ff8a1c50000 - 0x00007ff8a1c77000 	C:\Users\it_04\.gradle\native\e1d6ef7f7dcc3fd88c89a11ec53ec762bb8ba0a96d01ffa2cd45eb1d1d8dd5c5\windows-amd64\native-platform.dll
0x00007ff8a0980000 - 0x00007ff8a0ac4000 	C:\Users\it_04\.gradle\native\0d407fdbe67a94daf76414ababcb853783967236a71b16ec16e742cd7a986fd3\windows-amd64\native-platform-file-events.dll
0x00007ff8af710000 - 0x00007ff8af71a000 	C:\Program Files\Android\Android Studio\jbr\bin\management.dll
0x00007ff8a0f70000 - 0x00007ff8a0f7b000 	C:\Program Files\Android\Android Studio\jbr\bin\management_ext.dll
0x00007ff8bc690000 - 0x00007ff8bc6a8000 	C:\Windows\SYSTEM32\CRYPTSP.dll
0x00007ff8bbe60000 - 0x00007ff8bbe94000 	C:\Windows\system32\rsaenh.dll
0x00007ff8bd060000 - 0x00007ff8bd087000 	C:\Windows\System32\bcrypt.dll
0x00007ff8bcc40000 - 0x00007ff8bcc6e000 	C:\Windows\SYSTEM32\USERENV.dll
0x00007ff8bc6b0000 - 0x00007ff8bc6bc000 	C:\Windows\SYSTEM32\CRYPTBASE.dll
0x00007ff8bc1b0000 - 0x00007ff8bc1eb000 	C:\Windows\SYSTEM32\IPHLPAPI.DLL
0x00007ff8bdc80000 - 0x00007ff8bdc88000 	C:\Windows\System32\NSI.dll
0x00007ff8b64d0000 - 0x00007ff8b64e7000 	C:\Windows\SYSTEM32\dhcpcsvc6.DLL
0x00007ff8b64b0000 - 0x00007ff8b64cd000 	C:\Windows\SYSTEM32\dhcpcsvc.DLL
0x00007ff8bc1f0000 - 0x00007ff8bc2bb000 	C:\Windows\SYSTEM32\DNSAPI.dll

dbghelp: loaded successfully - version: 4.0.5 - missing functions: none
symbol engine: initialized successfully - sym options: 0x614 - pdb path: .;C:\Program Files\Android\Android Studio\jbr\bin;C:\Windows\SYSTEM32;C:\Windows\WinSxS\amd64_microsoft.windows.common-controls_6595b64144ccf1df_6.0.19041.746_none_ca02b4b61b8320a4;C:\ProgramData\Microsoft\DbgCtr;C:\Program Files\Android\Android Studio\jbr\bin\server;C:\Users\it_04\.gradle\native\e1d6ef7f7dcc3fd88c89a11ec53ec762bb8ba0a96d01ffa2cd45eb1d1d8dd5c5\windows-amd64;C:\Users\it_04\.gradle\native\0d407fdbe67a94daf76414ababcb853783967236a71b16ec16e742cd7a986fd3\windows-amd64

VM Arguments:
jvm_args: --add-opens=java.base/java.util=ALL-UNNAMED --add-opens=java.base/java.lang=ALL-UNNAMED --add-opens=java.base/java.lang.invoke=ALL-UNNAMED --add-opens=java.base/java.util=ALL-UNNAMED --add-opens=java.prefs/java.util.prefs=ALL-UNNAMED --add-opens=java.prefs/java.util.prefs=ALL-UNNAMED --add-opens=java.base/java.nio.charset=ALL-UNNAMED --add-opens=java.base/java.net=ALL-UNNAMED --add-opens=java.base/java.util.concurrent.atomic=ALL-UNNAMED -Xmx2048m -Dfile.encoding=UTF-8 -Duser.country=US -Duser.language=en -Duser.variant 
java_command: org.gradle.launcher.daemon.bootstrap.GradleDaemon 7.5
java_class_path (initial): C:\Users\it_04\.gradle\wrapper\dists\gradle-7.5-bin\f1w0cc9nuo0eivz97x2xlu9sv\gradle-7.5\lib\gradle-launcher-7.5.jar
Launcher Type: SUN_STANDARD

[Global flags]
     intx CICompilerCount                          = 3                                         {product} {ergonomic}
     uint ConcGCThreads                            = 1                                         {product} {ergonomic}
     uint G1ConcRefinementThreads                  = 4                                         {product} {ergonomic}
   size_t G1HeapRegionSize                         = 1048576                                   {product} {ergonomic}
    uintx GCDrainStackTargetSize                   = 64                                        {product} {ergonomic}
   size_t InitialHeapSize                          = 266338304                                 {product} {ergonomic}
   size_t MarkStackSize                            = 4194304                                   {product} {ergonomic}
   size_t MaxHeapSize                              = 2147483648                                {product} {command line}
   size_t MaxNewSize                               = 1287651328                                {product} {ergonomic}
   size_t MinHeapDeltaBytes                        = 1048576                                   {product} {ergonomic}
    uintx NonNMethodCodeHeapSize                   = 5830732                                {pd product} {ergonomic}
    uintx NonProfiledCodeHeapSize                  = 122913754                              {pd product} {ergonomic}
    uintx ProfiledCodeHeapSize                     = 122913754                              {pd product} {ergonomic}
    uintx ReservedCodeCacheSize                    = 251658240                              {pd product} {ergonomic}
     bool SegmentedCodeCache                       = true                                      {product} {ergonomic}
     bool UseCompressedClassPointers               = true                                 {lp64_product} {ergonomic}
     bool UseCompressedOops                        = true                                 {lp64_product} {ergonomic}
     bool UseG1GC                                  = true                                      {product} {ergonomic}
     bool UseLargePagesIndividualAllocation        = false                                  {pd product} {ergonomic}

Logging:
Log output configuration:
 #0: stdout all=warning uptime,level,tags
 #1: stderr all=off uptime,level,tags

Environment Variables:
PATH=D:\app\it_07\product\11.2.0\client_1\bin;C:\Windows\system32;C:\Windows;C:\Windows\System32\Wbem;C:\Windows\System32\WindowsPowerShell\v1.0\;C:\Windows\System32\OpenSSH\;C:\Program Files\dotnet\;C:\Program Files\Git\cmd;C:\Users\it_04\AppData\Local\Microsoft\WindowsApps;C:\Users\it_04\.dotnet\tools
USERNAME=it_04
OS=Windows_NT
PROCESSOR_IDENTIFIER=Intel64 Family 6 Model 165 Stepping 3, GenuineIntel



---------------  S Y S T E M  ---------------

OS: Windows 10 , 64 bit Build 19041 (10.0.19041.804)
OS uptime: 0 days 0:59 hours

CPU:total 4 (initial active 4) (2 cores per cpu, 2 threads per core) family 6 model 165 stepping 3 microcode 0xe0, cmov, cx8, fxsr, mmx, sse, sse2, sse3, ssse3, sse4.1, sse4.2, popcnt, aes, clmul, erms, 3dnowpref, lzcnt, ht, tsc, tscinvbit

Memory: 4k page, system-wide physical 16242M (8858M free)
TotalPageFile size 18674M (AvailPageFile size 11747M)
current process WorkingSet (physical memory assigned to process): 497M, peak: 523M
current process commit charge ("private bytes"): 561M, peak: 583M

vm_info: OpenJDK 64-Bit Server VM (11.0.15+0-b2043.56-9505619) for windows-amd64 JRE (11.0.15+0-b2043.56-9505619), built on Jan 19 2023 02:48:00 by "builduser" with unknown MS VC++:1929

END.
