#
# A fatal error has been detected by the Java Runtime Environment:
#
#  EXCEPTION_ACCESS_VIOLATION (0xc0000005) at pc=0x0000000000000001, pid=9044, tid=2968
#
# JRE version: OpenJDK Runtime Environment (11.0.15) (build 11.0.15+0-b2043.56-9505619)
# Java VM: OpenJDK 64-Bit Server VM (11.0.15+0-b2043.56-9505619, mixed mode, tiered, compressed oops, g1 gc, windows-amd64)
# Problematic frame:
# C  0x0000000000000001
#
# No core dump will be written. Minidumps are not enabled by default on client versions of Windows
#
# If you would like to submit a bug report, please visit:
#   https://bugreport.java.com/bugreport/crash.jsp
# The crash happened outside the Java Virtual Machine in native code.
# See problematic frame for where to report the bug.
#

---------------  S U M M A R Y ------------

Command Line: --add-opens=java.base/java.util=ALL-UNNAMED --add-opens=java.base/java.lang=ALL-UNNAMED --add-opens=java.base/java.lang.invoke=ALL-UNNAMED --add-opens=java.base/java.util=ALL-UNNAMED --add-opens=java.prefs/java.util.prefs=ALL-UNNAMED --add-opens=java.prefs/java.util.prefs=ALL-UNNAMED --add-opens=java.base/java.nio.charset=ALL-UNNAMED --add-opens=java.base/java.net=ALL-UNNAMED --add-opens=java.base/java.util.concurrent.atomic=ALL-UNNAMED -Xmx2048m -Dfile.encoding=UTF-8 -Duser.country=US -Duser.language=en -Duser.variant org.gradle.launcher.daemon.bootstrap.GradleDaemon 7.5

Host: Intel(R) Pentium(R) Gold G6400 CPU @ 4.00GHz, 4 cores, 15G,  Windows 10 , 64 bit Build 19041 (10.0.19041.804)
Time: Thu Mar 30 09:39:22 2023 SE Asia Standard Time elapsed time: 29.446408 seconds (0d 0h 0m 29s)

---------------  T H R E A D  ---------------

Current thread (0x000001e3c0280000):  JavaThread "File watcher server" daemon [_thread_in_native, id=2968, stack(0x000000c5dd100000,0x000000c5dd200000)]

Stack: [0x000000c5dd100000,0x000000c5dd200000],  sp=0x000000c5dd1fe398,  free space=1016k
Native frames: (J=compiled Java code, j=interpreted, Vv=VM code, C=native code)
C  0x0000000000000001

Java frames: (J=compiled Java code, j=interpreted, Vv=VM code)
j  net.rubygrapefruit.platform.internal.jni.AbstractFileEventFunctions$NativeFileWatcher.executeRunLoop0(Ljava/lang/Object;)V+0
j  net.rubygrapefruit.platform.internal.jni.AbstractFileEventFunctions$NativeFileWatcher.access$100(Lnet/rubygrapefruit/platform/internal/jni/AbstractFileEventFunctions$NativeFileWatcher;Ljava/lang/Object;)V+2
j  net.rubygrapefruit.platform.internal.jni.AbstractFileEventFunctions$NativeFileWatcher$1.run()V+26
v  ~StubRoutines::call_stub

siginfo: EXCEPTION_ACCESS_VIOLATION (0xc0000005), data execution prevention violation at address 0x0000000000000001


Register to memory mapping:

RIP=0x0000000000000001 is an unknown value
RAX=0x0000000000000001 is an unknown value
RBX=0x0 is NULL
RCX=0x000000c5e0ffaab8 is pointing into the stack for thread: 0x000001e3bfc2d800
RDX=0x0 is NULL
RSP=0x000000c5dd1fe398 is pointing into the stack for thread: 0x000001e3c0280000
RBP=0x000000c5dd1fed68 is pointing into the stack for thread: 0x000001e3c0280000
RSI=0x000000c5e0ffaab0 is pointing into the stack for thread: 0x000001e3bfc2d800
RDI=0x000000c5e0ffaa70 is pointing into the stack for thread: 0x000001e3bfc2d800
R8 =0x000001e3a0a90f00 points into unknown readable memory: 0x000001e3a0a90cc0 | c0 0c a9 a0 e3 01 00 00
R9 =0x0000000000000001 is an unknown value
R10=0x0000000000008000 is an unknown value
R11=0x000000c5dd1fe050 is pointing into the stack for thread: 0x000001e3c0280000
R12=0x0 is NULL
R13={method} {0x000001e3c3934470} 'executeRunLoop0' '(Ljava/lang/Object;)V' in 'net/rubygrapefruit/platform/internal/jni/AbstractFileEventFunctions$NativeFileWatcher'
R14=0x0 is NULL
R15=0x000001e3c0280000 is a thread


Registers:
RAX=0x0000000000000001, RBX=0x0000000000000000, RCX=0x000000c5e0ffaab8, RDX=0x0000000000000000
RSP=0x000000c5dd1fe398, RBP=0x000000c5dd1fed68, RSI=0x000000c5e0ffaab0, RDI=0x000000c5e0ffaa70
R8 =0x000001e3a0a90f00, R9 =0x0000000000000001, R10=0x0000000000008000, R11=0x000000c5dd1fe050
R12=0x0000000000000000, R13=0x000001e3c3934468, R14=0x0000000000000000, R15=0x000001e3c0280000
RIP=0x0000000000000001, EFLAGS=0x0000000000010296

Top of Stack: (sp=0x000000c5dd1fe398)
0x000000c5dd1fe398:   00007ffaa50163b9 0000000000000000
0x000000c5dd1fe3a8:   000001e3a678fa7a 000001e3bcd35990
0x000000c5dd1fe3b8:   00007ffaa4ff3133 000001e3c446a8b8
0x000000c5dd1fe3c8:   000000008c78b6e8 0000c0ef87b8c985
0x000000c5dd1fe3d8:   00007ffaa4ffda83 000000c5dd1fed90
0x000000c5dd1fe3e8:   000000c5e0ffaa70 00007ffaa4fef150
0x000000c5dd1fe3f8:   00007ffaa500709b 000000c5e0ffaab0
0x000000c5dd1fe408:   000000008040e558 0000000000000000
0x000000c5dd1fe418:   00007ffaa4ffbfae 000001e3c446a8b0
0x000000c5dd1fe428:   00007ffaa4ff92a6 000000c5e0ffaab0
0x000000c5dd1fe438:   0000000000000000 000001e3c446a8b0
0x000000c5dd1fe448:   00007ffaa4fd57b3 0000000000000000
0x000000c5dd1fe458:   00007ffaa50064c2 000000c5dd1fe4a0
0x000000c5dd1fe468:   000000c5e0ffaab0 000001e3bc9c4a20
0x000000c5dd1fe478:   0000000000000000 00000000803f9c01
0x000000c5dd1fe488:   000001e3bc8dfd50 0000000000000000 

Instructions: (pc=0x0000000000000001)
0xffffffffffffff01:   


Stack slot to memory mapping:
stack at sp + 0 slots: 0x00007ffaa50163b9 native-platform-file-events.dll
stack at sp + 1 slots: 0x0 is NULL
stack at sp + 2 slots: 0x000001e3a678fa7a is at code_begin+2458 in an Interpreter codelet
method entry point (kind = native)  [0x000001e3a678f0e0, 0x000001e3a678fb60]  2688 bytes
stack at sp + 3 slots: {method} {0x000001e3bcd35998} 'findEntry' '(Ljava/lang/String;)J' in 'java/lang/ClassLoader$NativeLibrary'
stack at sp + 4 slots: 0x00007ffaa4ff3133 native-platform-file-events.dll
stack at sp + 5 slots: 0x000001e3c446a8b8 points into unknown readable memory: 0x0000000000000000 | 00 00 00 00 00 00 00 00
stack at sp + 6 slots: 0x000000008c78b6e8 is an unallocated location in the heap
stack at sp + 7 slots: 0x0000c0ef87b8c985 is an unknown value


---------------  P R O C E S S  ---------------

Threads class SMR info:
_java_thread_list=0x000001e3c78d7c90, length=87, elements={
0x000001e3a2c62000, 0x000001e3bd0f6800, 0x000001e3bd100800, 0x000001e3bd152000,
0x000001e3bd153000, 0x000001e3bd155000, 0x000001e3bd15b000, 0x000001e3bd161800,
0x000001e3bd167000, 0x000001e3bd2ce800, 0x000001e3c0298000, 0x000001e3bf4dd000,
0x000001e3bf9ba800, 0x000001e3c0792800, 0x000001e3c062b800, 0x000001e3c0281800,
0x000001e3c0282000, 0x000001e3c0284000, 0x000001e3c0280000, 0x000001e3c0284800,
0x000001e3c0285800, 0x000001e3c0286800, 0x000001e3c23ac000, 0x000001e3c23af800,
0x000001e3c23b1000, 0x000001e3bf276800, 0x000001e3bf277800, 0x000001e3bf27d000,
0x000001e3c6ccc000, 0x000001e3c6cce000, 0x000001e3c6cc9800, 0x000001e3c6ccc800,
0x000001e3c6ccd800, 0x000001e3c6ccb000, 0x000001e3c6cca000, 0x000001e3c6cd0000,
0x000001e3c6cd1800, 0x000001e3c6cd5800, 0x000001e3c6cd4000, 0x000001e3c6cd0800,
0x000001e3c6cd5000, 0x000001e3c6cd2800, 0x000001e3c6cd6800, 0x000001e3c6cd7000,
0x000001e3c6cd8000, 0x000001e3c6cd3000, 0x000001e3bf271000, 0x000001e3bf273800,
0x000001e3bf271800, 0x000001e3bf274000, 0x000001e3bf272800, 0x000001e3bf270000,
0x000001e3bf26e800, 0x000001e3bf275000, 0x000001e3bf26f800, 0x000001e3bf279000,
0x000001e3bf27a000, 0x000001e3bf27a800, 0x000001e3bf27b800, 0x000001e3bf276000,
0x000001e3bf27c800, 0x000001e3bf278800, 0x000001e3c23ad800, 0x000001e3c23ae800,
0x000001e3c23ad000, 0x000001e3c23b2800, 0x000001e3c23b2000, 0x000001e3c23b5000,
0x000001e3c23b3800, 0x000001e3c23b6000, 0x000001e3c23b4800, 0x000001e3c23b0000,
0x000001e3c23b6800, 0x000001e3c23b7800, 0x000001e3c23ba000, 0x000001e3c23b8800,
0x000001e3c23b9000, 0x000001e3c0280800, 0x000001e3bfc2a000, 0x000001e3bfc2c800,
0x000001e3bfc2b000, 0x000001e3bfc27800, 0x000001e3bfc2c000, 0x000001e3bfc2e000,
0x000001e3bfc2d800, 0x000001e3bfc29800, 0x000001e3bfc28800
}

Java Threads: ( => current thread )
  0x000001e3a2c62000 JavaThread "main" [_thread_blocked, id=12500, stack(0x000000c5dac00000,0x000000c5dad00000)]
  0x000001e3bd0f6800 JavaThread "Reference Handler" daemon [_thread_blocked, id=8300, stack(0x000000c5db600000,0x000000c5db700000)]
  0x000001e3bd100800 JavaThread "Finalizer" daemon [_thread_blocked, id=10112, stack(0x000000c5db700000,0x000000c5db800000)]
  0x000001e3bd152000 JavaThread "Signal Dispatcher" daemon [_thread_blocked, id=6928, stack(0x000000c5db800000,0x000000c5db900000)]
  0x000001e3bd153000 JavaThread "Attach Listener" daemon [_thread_blocked, id=10956, stack(0x000000c5db900000,0x000000c5dba00000)]
  0x000001e3bd155000 JavaThread "Service Thread" daemon [_thread_blocked, id=11648, stack(0x000000c5dba00000,0x000000c5dbb00000)]
  0x000001e3bd15b000 JavaThread "C2 CompilerThread0" daemon [_thread_blocked, id=2236, stack(0x000000c5dbb00000,0x000000c5dbc00000)]
  0x000001e3bd161800 JavaThread "C1 CompilerThread0" daemon [_thread_blocked, id=6772, stack(0x000000c5dbc00000,0x000000c5dbd00000)]
  0x000001e3bd167000 JavaThread "Sweeper thread" daemon [_thread_blocked, id=11472, stack(0x000000c5dbd00000,0x000000c5dbe00000)]
  0x000001e3bd2ce800 JavaThread "Common-Cleaner" daemon [_thread_blocked, id=11812, stack(0x000000c5dbe00000,0x000000c5dbf00000)]
  0x000001e3c0298000 JavaThread "Daemon health stats" [_thread_blocked, id=11808, stack(0x000000c5dc400000,0x000000c5dc500000)]
  0x000001e3bf4dd000 JavaThread "Incoming local TCP Connector on port 53848" [_thread_in_native, id=5008, stack(0x000000c5dc500000,0x000000c5dc600000)]
  0x000001e3bf9ba800 JavaThread "Daemon periodic checks" [_thread_blocked, id=12752, stack(0x000000c5dc600000,0x000000c5dc700000)]
  0x000001e3c0792800 JavaThread "Daemon" [_thread_blocked, id=10436, stack(0x000000c5dc700000,0x000000c5dc800000)]
  0x000001e3c062b800 JavaThread "Daemon worker" [_thread_blocked, id=8828, stack(0x000000c5dca00000,0x000000c5dcb00000)]
  0x000001e3c0281800 JavaThread "Cache worker for journal cache (C:\Users\it_04\.gradle\caches\journal-1)" [_thread_blocked, id=7908, stack(0x000000c5dce00000,0x000000c5dcf00000)]
  0x000001e3c0282000 JavaThread "File lock request listener" [_thread_in_native, id=11908, stack(0x000000c5dcf00000,0x000000c5dd000000)]
  0x000001e3c0284000 JavaThread "Cache worker for file hash cache (C:\Users\it_04\.gradle\caches\7.5\fileHashes)" [_thread_blocked, id=6732, stack(0x000000c5dd000000,0x000000c5dd100000)]
=>0x000001e3c0280000 JavaThread "File watcher server" daemon [_thread_in_native, id=2968, stack(0x000000c5dd100000,0x000000c5dd200000)]
  0x000001e3c0284800 JavaThread "jar transforms" [_thread_blocked, id=1960, stack(0x000000c5dd300000,0x000000c5dd400000)]
  0x000001e3c0285800 JavaThread "jar transforms Thread 2" [_thread_blocked, id=1396, stack(0x000000c5dd400000,0x000000c5dd500000)]
  0x000001e3c0286800 JavaThread "jar transforms Thread 3" [_thread_blocked, id=3304, stack(0x000000c5dd500000,0x000000c5dd600000)]
  0x000001e3c23ac000 JavaThread "jar transforms Thread 4" [_thread_blocked, id=11836, stack(0x000000c5dd600000,0x000000c5dd700000)]
  0x000001e3c23af800 JavaThread "Cache worker for file content cache (C:\Users\it_04\.gradle\caches\7.5\fileContent)" [_thread_blocked, id=10588, stack(0x000000c5dd900000,0x000000c5dda00000)]
  0x000001e3c23b1000 JavaThread "Cache worker for execution history cache (C:\Users\it_04\.gradle\caches\7.5\executionHistory)" [_thread_blocked, id=1296, stack(0x000000c5ddc00000,0x000000c5ddd00000)]
  0x000001e3bf276800 JavaThread "Memory manager" [_thread_blocked, id=12864, stack(0x000000c5e0700000,0x000000c5e0800000)]
  0x000001e3bf277800 JavaThread "pool-3-thread-1" [_thread_blocked, id=11592, stack(0x000000c5e0800000,0x000000c5e0900000)]
  0x000001e3bf27d000 JavaThread "included builds" [_thread_blocked, id=3600, stack(0x000000c5e0900000,0x000000c5e0a00000)]
  0x000001e3c6ccc000 JavaThread "Handler for socket connection from /127.0.0.1:53848 to /127.0.0.1:53873" [_thread_in_native, id=11876, stack(0x000000c5dc000000,0x000000c5dc100000)]
  0x000001e3c6cce000 JavaThread "Cancel handler" [_thread_blocked, id=748, stack(0x000000c5dc800000,0x000000c5dc900000)]
  0x000001e3c6cc9800 JavaThread "Asynchronous log dispatcher for DefaultDaemonConnection: socket connection from /127.0.0.1:53848 to /127.0.0.1:53873" [_thread_blocked, id=1732, stack(0x000000c5dc900000,0x000000c5dca00000)]
  0x000001e3c6ccc800 JavaThread "Stdin handler" [_thread_blocked, id=12472, stack(0x000000c5dcb00000,0x000000c5dcc00000)]
  0x000001e3c6ccd800 JavaThread "Daemon client event forwarder" [_thread_blocked, id=10428, stack(0x000000c5dcc00000,0x000000c5dcd00000)]
  0x000001e3c6ccb000 JavaThread "Cache worker for checksums cache (D:\SourceAndroid\KyThuat\.gradle\7.5\checksums)" [_thread_blocked, id=13028, stack(0x000000c5dd700000,0x000000c5dd800000)]
  0x000001e3c6cca000 JavaThread "Cache worker for cache directory md-rule (C:\Users\it_04\.gradle\caches\7.5\md-rule)" [_thread_blocked, id=11200, stack(0x000000c5dd800000,0x000000c5dd900000)]
  0x000001e3c6cd0000 JavaThread "Cache worker for file hash cache (D:\SourceAndroid\KyThuat\.gradle\7.5\fileHashes)" [_thread_blocked, id=8436, stack(0x000000c5dda00000,0x000000c5ddb00000)]
  0x000001e3c6cd1800 JavaThread "Cache worker for cache directory md-supplier (C:\Users\it_04\.gradle\caches\7.5\md-supplier)" [_thread_blocked, id=6420, stack(0x000000c5ddb00000,0x000000c5ddc00000)]
  0x000001e3c6cd5800 JavaThread "Cache worker for dependencies-accessors (D:\SourceAndroid\KyThuat\.gradle\7.5\dependencies-accessors)" [_thread_blocked, id=252, stack(0x000000c5ddd00000,0x000000c5dde00000)]
  0x000001e3c6cd4000 JavaThread "Cache worker for Build Output Cleanup Cache (D:\SourceAndroid\KyThuat\.gradle\buildOutputCleanup)" [_thread_blocked, id=6440, stack(0x000000c5dde00000,0x000000c5ddf00000)]
  0x000001e3c6cd0800 JavaThread "Unconstrained build operations" [_thread_blocked, id=12012, stack(0x000000c5ddf00000,0x000000c5de000000)]
  0x000001e3c6cd5000 JavaThread "Unconstrained build operations Thread 2" [_thread_blocked, id=508, stack(0x000000c5de000000,0x000000c5de100000)]
  0x000001e3c6cd2800 JavaThread "Unconstrained build operations Thread 3" [_thread_blocked, id=13288, stack(0x000000c5de100000,0x000000c5de200000)]
  0x000001e3c6cd6800 JavaThread "Unconstrained build operations Thread 4" [_thread_blocked, id=1252, stack(0x000000c5de200000,0x000000c5de300000)]
  0x000001e3c6cd7000 JavaThread "Unconstrained build operations Thread 5" [_thread_blocked, id=12768, stack(0x000000c5de300000,0x000000c5de400000)]
  0x000001e3c6cd8000 JavaThread "Unconstrained build operations Thread 6" [_thread_blocked, id=13084, stack(0x000000c5de400000,0x000000c5de500000)]
  0x000001e3c6cd3000 JavaThread "Unconstrained build operations Thread 7" [_thread_blocked, id=10276, stack(0x000000c5de500000,0x000000c5de600000)]
  0x000001e3bf271000 JavaThread "Unconstrained build operations Thread 8" [_thread_blocked, id=12372, stack(0x000000c5de600000,0x000000c5de700000)]
  0x000001e3bf273800 JavaThread "Unconstrained build operations Thread 9" [_thread_blocked, id=10800, stack(0x000000c5de700000,0x000000c5de800000)]
  0x000001e3bf271800 JavaThread "Unconstrained build operations Thread 10" [_thread_blocked, id=10472, stack(0x000000c5de800000,0x000000c5de900000)]
  0x000001e3bf274000 JavaThread "Unconstrained build operations Thread 11" [_thread_blocked, id=10140, stack(0x000000c5de900000,0x000000c5dea00000)]
  0x000001e3bf272800 JavaThread "Unconstrained build operations Thread 12" [_thread_blocked, id=11180, stack(0x000000c5dea00000,0x000000c5deb00000)]
  0x000001e3bf270000 JavaThread "Unconstrained build operations Thread 13" [_thread_blocked, id=12412, stack(0x000000c5deb00000,0x000000c5dec00000)]
  0x000001e3bf26e800 JavaThread "Unconstrained build operations Thread 14" [_thread_blocked, id=5152, stack(0x000000c5dec00000,0x000000c5ded00000)]
  0x000001e3bf275000 JavaThread "Unconstrained build operations Thread 15" [_thread_blocked, id=8816, stack(0x000000c5ded00000,0x000000c5dee00000)]
  0x000001e3bf26f800 JavaThread "Unconstrained build operations Thread 16" [_thread_blocked, id=9528, stack(0x000000c5dee00000,0x000000c5def00000)]
  0x000001e3bf279000 JavaThread "Unconstrained build operations Thread 17" [_thread_blocked, id=2684, stack(0x000000c5def00000,0x000000c5df000000)]
  0x000001e3bf27a000 JavaThread "Unconstrained build operations Thread 18" [_thread_blocked, id=12084, stack(0x000000c5df000000,0x000000c5df100000)]
  0x000001e3bf27a800 JavaThread "Unconstrained build operations Thread 19" [_thread_blocked, id=12156, stack(0x000000c5df100000,0x000000c5df200000)]
  0x000001e3bf27b800 JavaThread "Unconstrained build operations Thread 20" [_thread_blocked, id=7536, stack(0x000000c5df200000,0x000000c5df300000)]
  0x000001e3bf276000 JavaThread "Unconstrained build operations Thread 21" [_thread_blocked, id=10896, stack(0x000000c5df300000,0x000000c5df400000)]
  0x000001e3bf27c800 JavaThread "Unconstrained build operations Thread 22" [_thread_blocked, id=11892, stack(0x000000c5df400000,0x000000c5df500000)]
  0x000001e3bf278800 JavaThread "Unconstrained build operations Thread 23" [_thread_blocked, id=11756, stack(0x000000c5df500000,0x000000c5df600000)]
  0x000001e3c23ad800 JavaThread "Unconstrained build operations Thread 24" [_thread_blocked, id=10980, stack(0x000000c5df600000,0x000000c5df700000)]
  0x000001e3c23ae800 JavaThread "Unconstrained build operations Thread 25" [_thread_blocked, id=6452, stack(0x000000c5df700000,0x000000c5df800000)]
  0x000001e3c23ad000 JavaThread "Unconstrained build operations Thread 26" [_thread_blocked, id=6444, stack(0x000000c5df800000,0x000000c5df900000)]
  0x000001e3c23b2800 JavaThread "Unconstrained build operations Thread 27" [_thread_blocked, id=11144, stack(0x000000c5df900000,0x000000c5dfa00000)]
  0x000001e3c23b2000 JavaThread "Unconstrained build operations Thread 28" [_thread_blocked, id=11276, stack(0x000000c5dfa00000,0x000000c5dfb00000)]
  0x000001e3c23b5000 JavaThread "Unconstrained build operations Thread 29" [_thread_blocked, id=8860, stack(0x000000c5dfb00000,0x000000c5dfc00000)]
  0x000001e3c23b3800 JavaThread "Unconstrained build operations Thread 30" [_thread_blocked, id=9392, stack(0x000000c5dfc00000,0x000000c5dfd00000)]
  0x000001e3c23b6000 JavaThread "Unconstrained build operations Thread 31" [_thread_blocked, id=2656, stack(0x000000c5dfd00000,0x000000c5dfe00000)]
  0x000001e3c23b4800 JavaThread "Unconstrained build operations Thread 32" [_thread_blocked, id=8028, stack(0x000000c5dfe00000,0x000000c5dff00000)]
  0x000001e3c23b0000 JavaThread "Unconstrained build operations Thread 33" [_thread_blocked, id=11552, stack(0x000000c5dff00000,0x000000c5e0000000)]
  0x000001e3c23b6800 JavaThread "Unconstrained build operations Thread 34" [_thread_blocked, id=8836, stack(0x000000c5e0000000,0x000000c5e0100000)]
  0x000001e3c23b7800 JavaThread "Unconstrained build operations Thread 35" [_thread_blocked, id=10688, stack(0x000000c5e0100000,0x000000c5e0200000)]
  0x000001e3c23ba000 JavaThread "Unconstrained build operations Thread 36" [_thread_blocked, id=6020, stack(0x000000c5e0200000,0x000000c5e0300000)]
  0x000001e3c23b8800 JavaThread "Unconstrained build operations Thread 37" [_thread_blocked, id=10040, stack(0x000000c5e0300000,0x000000c5e0400000)]
  0x000001e3c23b9000 JavaThread "Unconstrained build operations Thread 38" [_thread_blocked, id=7256, stack(0x000000c5e0400000,0x000000c5e0500000)]
  0x000001e3c0280800 JavaThread "Unconstrained build operations Thread 39" [_thread_blocked, id=10312, stack(0x000000c5e0500000,0x000000c5e0600000)]
  0x000001e3bfc2a000 JavaThread "Unconstrained build operations Thread 40" [_thread_blocked, id=2348, stack(0x000000c5e0600000,0x000000c5e0700000)]
  0x000001e3bfc2c800 JavaThread "build event listener" [_thread_blocked, id=11848, stack(0x000000c5e0a00000,0x000000c5e0b00000)]
  0x000001e3bfc2b000 JavaThread "pool-6-thread-1" [_thread_blocked, id=10916, stack(0x000000c5e0b00000,0x000000c5e0c00000)]
  0x000001e3bfc27800 JavaThread "build event listener" [_thread_blocked, id=6180, stack(0x000000c5e0c00000,0x000000c5e0d00000)]
  0x000001e3bfc2c000 JavaThread "included builds" [_thread_blocked, id=8904, stack(0x000000c5e0d00000,0x000000c5e0e00000)]
  0x000001e3bfc2e000 JavaThread "Execution worker" [_thread_blocked, id=11364, stack(0x000000c5e0e00000,0x000000c5e0f00000)]
  0x000001e3bfc2d800 JavaThread "Execution worker Thread 2" [_thread_in_Java, id=10308, stack(0x000000c5e0f00000,0x000000c5e1000000)]
  0x000001e3bfc29800 JavaThread "Execution worker Thread 3" [_thread_blocked, id=4304, stack(0x000000c5e1000000,0x000000c5e1100000)]
  0x000001e3bfc28800 JavaThread "Cache worker for execution history cache (D:\SourceAndroid\KyThuat\.gradle\7.5\executionHistory)" [_thread_in_vm, id=11716, stack(0x000000c5e1100000,0x000000c5e1200000)]

Other Threads:
  0x000001e3bd0f4000 VMThread "VM Thread" [stack: 0x000000c5db500000,0x000000c5db600000] [id=9444]
  0x000001e3bd2d2000 WatcherThread [stack: 0x000000c5dbf00000,0x000000c5dc000000] [id=12540]
  0x000001e3a2c7b800 GCTaskThread "GC Thread#0" [stack: 0x000000c5db000000,0x000000c5db100000] [id=13164]
  0x000001e3bd3aa000 GCTaskThread "GC Thread#1" [stack: 0x000000c5dc100000,0x000000c5dc200000] [id=11444]
  0x000001e3bd380800 GCTaskThread "GC Thread#2" [stack: 0x000000c5dc200000,0x000000c5dc300000] [id=10608]
  0x000001e3bdc66000 GCTaskThread "GC Thread#3" [stack: 0x000000c5dc300000,0x000000c5dc400000] [id=3920]
  0x000001e3a2cab800 ConcurrentGCThread "G1 Main Marker" [stack: 0x000000c5db100000,0x000000c5db200000] [id=12736]
  0x000001e3a2cad000 ConcurrentGCThread "G1 Conc#0" [stack: 0x000000c5db200000,0x000000c5db300000] [id=10484]
  0x000001e3a2d2e800 ConcurrentGCThread "G1 Refine#0" [stack: 0x000000c5db300000,0x000000c5db400000] [id=11452]
  0x000001e3bc73c800 ConcurrentGCThread "G1 Young RemSet Sampling" [stack: 0x000000c5db400000,0x000000c5db500000] [id=6036]

Threads with active compile tasks:
C1 CompilerThread0    29469 12702       3       org.gradle.api.internal.FilePropertyContainer::iterator (106 bytes)

VM state:not at safepoint (normal execution)

VM Mutex/Monitor currently owned by a thread: None

Heap address: 0x0000000080000000, size: 2048 MB, Compressed Oops mode: 32-bit
Narrow klass base: 0x0000000000000000, Narrow klass shift: 3
Compressed class space size: 1073741824 Address: 0x0000000100000000

Heap:
 garbage-first heap   total 260096K, used 201628K [0x0000000080000000, 0x0000000100000000)
  region size 1024K, 12 young (12288K), 5 survivors (5120K)
 Metaspace       used 106668K, capacity 109767K, committed 109888K, reserved 1144832K
  class space    used 13326K, capacity 14381K, committed 14496K, reserved 1048576K
Heap Regions: E=young(eden), S=young(survivor), O=old, HS=humongous(starts), HC=humongous(continues), CS=collection set, F=free, A=archive, TAMS=top-at-mark-start (previous, next)
|   0|0x0000000080000000, 0x0000000080100000, 0x0000000080100000|100%|HS|  |TAMS 0x0000000080100000, 0x0000000080000000| Complete 
|   1|0x0000000080100000, 0x0000000080200000, 0x0000000080200000|100%|HC|  |TAMS 0x0000000080200000, 0x0000000080100000| Complete 
|   2|0x0000000080200000, 0x0000000080300000, 0x0000000080300000|100%|HC|  |TAMS 0x0000000080300000, 0x0000000080200000| Complete 
|   3|0x0000000080300000, 0x0000000080400000, 0x0000000080400000|100%| O|  |TAMS 0x0000000080400000, 0x0000000080300000| Untracked 
|   4|0x0000000080400000, 0x0000000080500000, 0x0000000080500000|100%| O|  |TAMS 0x0000000080500000, 0x0000000080400000| Untracked 
|   5|0x0000000080500000, 0x0000000080600000, 0x0000000080600000|100%| O|  |TAMS 0x0000000080600000, 0x0000000080500000| Complete 
|   6|0x0000000080600000, 0x0000000080700000, 0x0000000080700000|100%| O|  |TAMS 0x0000000080700000, 0x0000000080600000| Untracked 
|   7|0x0000000080700000, 0x0000000080800000, 0x0000000080800000|100%| O|  |TAMS 0x0000000080800000, 0x0000000080700000| Untracked 
|   8|0x0000000080800000, 0x0000000080900000, 0x0000000080900000|100%| O|  |TAMS 0x0000000080900000, 0x0000000080800000| Untracked 
|   9|0x0000000080900000, 0x0000000080a00000, 0x0000000080a00000|100%| O|  |TAMS 0x0000000080a00000, 0x0000000080900000| Untracked 
|  10|0x0000000080a00000, 0x0000000080b00000, 0x0000000080b00000|100%| O|  |TAMS 0x0000000080b00000, 0x0000000080a00000| Complete 
|  11|0x0000000080b00000, 0x0000000080c00000, 0x0000000080c00000|100%| O|  |TAMS 0x0000000080c00000, 0x0000000080b00000| Untracked 
|  12|0x0000000080c00000, 0x0000000080d00000, 0x0000000080d00000|100%| O|  |TAMS 0x0000000080d00000, 0x0000000080c00000| Untracked 
|  13|0x0000000080d00000, 0x0000000080e00000, 0x0000000080e00000|100%| O|  |TAMS 0x0000000080e00000, 0x0000000080d00000| Untracked 
|  14|0x0000000080e00000, 0x0000000080f00000, 0x0000000080f00000|100%| O|  |TAMS 0x0000000080f00000, 0x0000000080e00000| Untracked 
|  15|0x0000000080f00000, 0x0000000081000000, 0x0000000081000000|100%| O|  |TAMS 0x0000000081000000, 0x0000000080f00000| Untracked 
|  16|0x0000000081000000, 0x0000000081100000, 0x0000000081100000|100%| O|  |TAMS 0x0000000081100000, 0x0000000081000000| Complete 
|  17|0x0000000081100000, 0x0000000081200000, 0x0000000081200000|100%|HS|  |TAMS 0x0000000081200000, 0x0000000081100000| Complete 
|  18|0x0000000081200000, 0x0000000081300000, 0x0000000081300000|100%|HC|  |TAMS 0x0000000081300000, 0x0000000081200000| Complete 
|  19|0x0000000081300000, 0x0000000081400000, 0x0000000081400000|100%|HS|  |TAMS 0x0000000081400000, 0x0000000081300000| Complete 
|  20|0x0000000081400000, 0x0000000081500000, 0x0000000081500000|100%|HC|  |TAMS 0x0000000081500000, 0x0000000081400000| Complete 
|  21|0x0000000081500000, 0x0000000081600000, 0x0000000081600000|100%|HC|  |TAMS 0x0000000081600000, 0x0000000081500000| Complete 
|  22|0x0000000081600000, 0x0000000081700000, 0x0000000081700000|100%|HS|  |TAMS 0x0000000081700000, 0x0000000081600000| Complete 
|  23|0x0000000081700000, 0x0000000081800000, 0x0000000081800000|100%|HC|  |TAMS 0x0000000081800000, 0x0000000081700000| Complete 
|  24|0x0000000081800000, 0x0000000081900000, 0x0000000081900000|100%|HC|  |TAMS 0x0000000081900000, 0x0000000081800000| Complete 
|  25|0x0000000081900000, 0x0000000081a00000, 0x0000000081a00000|100%|HS|  |TAMS 0x0000000081a00000, 0x0000000081900000| Complete 
|  26|0x0000000081a00000, 0x0000000081b00000, 0x0000000081b00000|100%|HC|  |TAMS 0x0000000081b00000, 0x0000000081a00000| Complete 
|  27|0x0000000081b00000, 0x0000000081c00000, 0x0000000081c00000|100%|HS|  |TAMS 0x0000000081c00000, 0x0000000081b00000| Complete 
|  28|0x0000000081c00000, 0x0000000081d00000, 0x0000000081d00000|100%|HC|  |TAMS 0x0000000081d00000, 0x0000000081c00000| Complete 
|  29|0x0000000081d00000, 0x0000000081e00000, 0x0000000081e00000|100%|HC|  |TAMS 0x0000000081e00000, 0x0000000081d00000| Complete 
|  30|0x0000000081e00000, 0x0000000081f00000, 0x0000000081f00000|100%|HC|  |TAMS 0x0000000081f00000, 0x0000000081e00000| Complete 
|  31|0x0000000081f00000, 0x0000000082000000, 0x0000000082000000|100%|HC|  |TAMS 0x0000000082000000, 0x0000000081f00000| Complete 
|  32|0x0000000082000000, 0x0000000082100000, 0x0000000082100000|100%|HS|  |TAMS 0x0000000082100000, 0x0000000082000000| Complete 
|  33|0x0000000082100000, 0x0000000082200000, 0x0000000082200000|100%| O|  |TAMS 0x0000000082200000, 0x0000000082100000| Untracked 
|  34|0x0000000082200000, 0x0000000082300000, 0x0000000082300000|100%| O|  |TAMS 0x0000000082300000, 0x0000000082200000| Complete 
|  35|0x0000000082300000, 0x0000000082400000, 0x0000000082400000|100%|HS|  |TAMS 0x0000000082400000, 0x0000000082300000| Complete 
|  36|0x0000000082400000, 0x0000000082500000, 0x0000000082500000|100%|HC|  |TAMS 0x0000000082500000, 0x0000000082400000| Complete 
|  37|0x0000000082500000, 0x0000000082600000, 0x0000000082600000|100%|HC|  |TAMS 0x0000000082600000, 0x0000000082500000| Complete 
|  38|0x0000000082600000, 0x0000000082700000, 0x0000000082700000|100%|HC|  |TAMS 0x0000000082700000, 0x0000000082600000| Complete 
|  39|0x0000000082700000, 0x0000000082800000, 0x0000000082800000|100%|HC|  |TAMS 0x0000000082800000, 0x0000000082700000| Complete 
|  40|0x0000000082800000, 0x0000000082900000, 0x0000000082900000|100%|HC|  |TAMS 0x0000000082900000, 0x0000000082800000| Complete 
|  41|0x0000000082900000, 0x0000000082a00000, 0x0000000082a00000|100%|HC|  |TAMS 0x0000000082a00000, 0x0000000082900000| Complete 
|  42|0x0000000082a00000, 0x0000000082b00000, 0x0000000082b00000|100%|HC|  |TAMS 0x0000000082b00000, 0x0000000082a00000| Complete 
|  43|0x0000000082b00000, 0x0000000082c00000, 0x0000000082c00000|100%|HC|  |TAMS 0x0000000082c00000, 0x0000000082b00000| Complete 
|  44|0x0000000082c00000, 0x0000000082d00000, 0x0000000082d00000|100%|HC|  |TAMS 0x0000000082d00000, 0x0000000082c00000| Complete 
|  45|0x0000000082d00000, 0x0000000082e00000, 0x0000000082e00000|100%|HS|  |TAMS 0x0000000082e00000, 0x0000000082d00000| Complete 
|  46|0x0000000082e00000, 0x0000000082f00000, 0x0000000082f00000|100%|HC|  |TAMS 0x0000000082f00000, 0x0000000082e00000| Complete 
|  47|0x0000000082f00000, 0x0000000083000000, 0x0000000083000000|100%|HS|  |TAMS 0x0000000083000000, 0x0000000082f00000| Complete 
|  48|0x0000000083000000, 0x0000000083100000, 0x0000000083100000|100%|HC|  |TAMS 0x0000000083100000, 0x0000000083000000| Complete 
|  49|0x0000000083100000, 0x0000000083200000, 0x0000000083200000|100%|HC|  |TAMS 0x0000000083200000, 0x0000000083100000| Complete 
|  50|0x0000000083200000, 0x0000000083300000, 0x0000000083300000|100%|HS|  |TAMS 0x0000000083300000, 0x0000000083200000| Complete 
|  51|0x0000000083300000, 0x0000000083400000, 0x0000000083400000|100%|HC|  |TAMS 0x0000000083400000, 0x0000000083300000| Complete 
|  52|0x0000000083400000, 0x0000000083500000, 0x0000000083500000|100%|HS|  |TAMS 0x0000000083500000, 0x0000000083400000| Complete 
|  53|0x0000000083500000, 0x0000000083600000, 0x0000000083600000|100%|HC|  |TAMS 0x0000000083600000, 0x0000000083500000| Complete 
|  54|0x0000000083600000, 0x0000000083700000, 0x0000000083700000|100%|HC|  |TAMS 0x0000000083700000, 0x0000000083600000| Complete 
|  55|0x0000000083700000, 0x0000000083800000, 0x0000000083800000|100%| O|  |TAMS 0x0000000083800000, 0x0000000083700000| Untracked 
|  56|0x0000000083800000, 0x0000000083900000, 0x0000000083900000|100%| O|  |TAMS 0x0000000083900000, 0x0000000083800000| Untracked 
|  57|0x0000000083900000, 0x0000000083a00000, 0x0000000083a00000|100%| O|  |TAMS 0x0000000083a00000, 0x0000000083900000| Complete 
|  58|0x0000000083a00000, 0x0000000083b00000, 0x0000000083b00000|100%|HS|  |TAMS 0x0000000083b00000, 0x0000000083a00000| Complete 
|  59|0x0000000083b00000, 0x0000000083c00000, 0x0000000083c00000|100%|HC|  |TAMS 0x0000000083c00000, 0x0000000083b00000| Complete 
|  60|0x0000000083c00000, 0x0000000083d00000, 0x0000000083d00000|100%|HC|  |TAMS 0x0000000083d00000, 0x0000000083c00000| Complete 
|  61|0x0000000083d00000, 0x0000000083e00000, 0x0000000083e00000|100%|HC|  |TAMS 0x0000000083e00000, 0x0000000083d00000| Complete 
|  62|0x0000000083e00000, 0x0000000083f00000, 0x0000000083f00000|100%|HC|  |TAMS 0x0000000083f00000, 0x0000000083e00000| Complete 
|  63|0x0000000083f00000, 0x0000000084000000, 0x0000000084000000|100%| O|  |TAMS 0x0000000084000000, 0x0000000083f00000| Untracked 
|  64|0x0000000084000000, 0x0000000084100000, 0x0000000084100000|100%| O|  |TAMS 0x0000000084100000, 0x0000000084000000| Complete 
|  65|0x0000000084100000, 0x0000000084200000, 0x0000000084200000|100%| O|  |TAMS 0x0000000084200000, 0x0000000084100000| Untracked 
|  66|0x0000000084200000, 0x0000000084300000, 0x0000000084300000|100%| O|  |TAMS 0x0000000084300000, 0x0000000084200000| Untracked 
|  67|0x0000000084300000, 0x0000000084400000, 0x0000000084400000|100%| O|  |TAMS 0x0000000084400000, 0x0000000084300000| Untracked 
|  68|0x0000000084400000, 0x0000000084500000, 0x0000000084500000|100%| O|  |TAMS 0x0000000084500000, 0x0000000084400000| Untracked 
|  69|0x0000000084500000, 0x0000000084600000, 0x0000000084600000|100%| O|  |TAMS 0x0000000084600000, 0x0000000084500000| Untracked 
|  70|0x0000000084600000, 0x0000000084700000, 0x0000000084700000|100%| O|  |TAMS 0x0000000084700000, 0x0000000084600000| Untracked 
|  71|0x0000000084700000, 0x0000000084800000, 0x0000000084800000|100%| O|  |TAMS 0x0000000084800000, 0x0000000084700000| Complete 
|  72|0x0000000084800000, 0x0000000084900000, 0x0000000084900000|100%| O|  |TAMS 0x0000000084900000, 0x0000000084800000| Untracked 
|  73|0x0000000084900000, 0x0000000084a00000, 0x0000000084a00000|100%| O|  |TAMS 0x0000000084a00000, 0x0000000084900000| Untracked 
|  74|0x0000000084a00000, 0x0000000084b00000, 0x0000000084b00000|100%| O|  |TAMS 0x0000000084b00000, 0x0000000084a00000| Complete 
|  75|0x0000000084b00000, 0x0000000084c00000, 0x0000000084c00000|100%|HS|  |TAMS 0x0000000084c00000, 0x0000000084b00000| Complete 
|  76|0x0000000084c00000, 0x0000000084d00000, 0x0000000084d00000|100%| O|  |TAMS 0x0000000084d00000, 0x0000000084c00000| Untracked 
|  77|0x0000000084d00000, 0x0000000084e00000, 0x0000000084e00000|100%|HS|  |TAMS 0x0000000084e00000, 0x0000000084d00000| Complete 
|  78|0x0000000084e00000, 0x0000000084f00000, 0x0000000084f00000|100%|HC|  |TAMS 0x0000000084f00000, 0x0000000084e00000| Complete 
|  79|0x0000000084f00000, 0x0000000085000000, 0x0000000085000000|100%| O|  |TAMS 0x0000000085000000, 0x0000000084f00000| Complete 
|  80|0x0000000085000000, 0x0000000085100000, 0x0000000085100000|100%| O|  |TAMS 0x0000000085100000, 0x0000000085000000| Complete 
|  81|0x0000000085100000, 0x0000000085200000, 0x0000000085200000|100%| O|  |TAMS 0x0000000085200000, 0x0000000085100000| Untracked 
|  82|0x0000000085200000, 0x0000000085300000, 0x0000000085300000|100%| O|  |TAMS 0x0000000085300000, 0x0000000085200000| Untracked 
|  83|0x0000000085300000, 0x0000000085400000, 0x0000000085400000|100%| O|  |TAMS 0x0000000085400000, 0x0000000085300000| Untracked 
|  84|0x0000000085400000, 0x0000000085500000, 0x0000000085500000|100%| O|  |TAMS 0x0000000085500000, 0x0000000085400000| Complete 
|  85|0x0000000085500000, 0x0000000085600000, 0x0000000085600000|100%| O|  |TAMS 0x0000000085600000, 0x0000000085500000| Complete 
|  86|0x0000000085600000, 0x0000000085700000, 0x0000000085700000|100%| O|  |TAMS 0x0000000085700000, 0x0000000085600000| Complete 
|  87|0x0000000085700000, 0x0000000085800000, 0x0000000085800000|100%| O|  |TAMS 0x0000000085800000, 0x0000000085700000| Untracked 
|  88|0x0000000085800000, 0x0000000085900000, 0x0000000085900000|100%| O|  |TAMS 0x0000000085900000, 0x0000000085800000| Untracked 
|  89|0x0000000085900000, 0x0000000085a00000, 0x0000000085a00000|100%| O|  |TAMS 0x0000000085a00000, 0x0000000085900000| Untracked 
|  90|0x0000000085a00000, 0x0000000085b00000, 0x0000000085b00000|100%| O|  |TAMS 0x0000000085b00000, 0x0000000085a00000| Complete 
|  91|0x0000000085b00000, 0x0000000085c00000, 0x0000000085c00000|100%| O|  |TAMS 0x0000000085c00000, 0x0000000085b00000| Untracked 
|  92|0x0000000085c00000, 0x0000000085d00000, 0x0000000085d00000|100%| O|  |TAMS 0x0000000085d00000, 0x0000000085c00000| Untracked 
|  93|0x0000000085d00000, 0x0000000085e00000, 0x0000000085e00000|100%| O|  |TAMS 0x0000000085e00000, 0x0000000085d00000| Untracked 
|  94|0x0000000085e00000, 0x0000000085f00000, 0x0000000085f00000|100%| O|  |TAMS 0x0000000085f00000, 0x0000000085e00000| Complete 
|  95|0x0000000085f00000, 0x0000000086000000, 0x0000000086000000|100%| O|  |TAMS 0x0000000086000000, 0x0000000085f00000| Untracked 
|  96|0x0000000086000000, 0x0000000086100000, 0x0000000086100000|100%| O|  |TAMS 0x0000000086100000, 0x0000000086000000| Untracked 
|  97|0x0000000086100000, 0x0000000086200000, 0x0000000086200000|100%| O|  |TAMS 0x0000000086200000, 0x0000000086100000| Complete 
|  98|0x0000000086200000, 0x0000000086300000, 0x0000000086300000|100%| O|  |TAMS 0x0000000086300000, 0x0000000086200000| Complete 
|  99|0x0000000086300000, 0x0000000086400000, 0x0000000086400000|100%| O|  |TAMS 0x0000000086400000, 0x0000000086300000| Untracked 
| 100|0x0000000086400000, 0x0000000086500000, 0x0000000086500000|100%| O|  |TAMS 0x0000000086500000, 0x0000000086400000| Untracked 
| 101|0x0000000086500000, 0x0000000086600000, 0x0000000086600000|100%| O|  |TAMS 0x0000000086600000, 0x0000000086500000| Complete 
| 102|0x0000000086600000, 0x0000000086700000, 0x0000000086700000|100%|HS|  |TAMS 0x0000000086700000, 0x0000000086600000| Complete 
| 103|0x0000000086700000, 0x0000000086800000, 0x0000000086800000|100%|HC|  |TAMS 0x0000000086800000, 0x0000000086700000| Complete 
| 104|0x0000000086800000, 0x0000000086900000, 0x0000000086900000|100%|HC|  |TAMS 0x0000000086900000, 0x0000000086800000| Complete 
| 105|0x0000000086900000, 0x0000000086a00000, 0x0000000086a00000|100%|HC|  |TAMS 0x0000000086a00000, 0x0000000086900000| Complete 
| 106|0x0000000086a00000, 0x0000000086b00000, 0x0000000086b00000|100%|HC|  |TAMS 0x0000000086b00000, 0x0000000086a00000| Complete 
| 107|0x0000000086b00000, 0x0000000086c00000, 0x0000000086c00000|100%|HC|  |TAMS 0x0000000086c00000, 0x0000000086b00000| Complete 
| 108|0x0000000086c00000, 0x0000000086d00000, 0x0000000086d00000|100%|HC|  |TAMS 0x0000000086d00000, 0x0000000086c00000| Complete 
| 109|0x0000000086d00000, 0x0000000086e00000, 0x0000000086e00000|100%|HC|  |TAMS 0x0000000086e00000, 0x0000000086d00000| Complete 
| 110|0x0000000086e00000, 0x0000000086f00000, 0x0000000086f00000|100%|HC|  |TAMS 0x0000000086f00000, 0x0000000086e00000| Complete 
| 111|0x0000000086f00000, 0x0000000087000000, 0x0000000087000000|100%|HC|  |TAMS 0x0000000087000000, 0x0000000086f00000| Complete 
| 112|0x0000000087000000, 0x0000000087100000, 0x0000000087100000|100%|HS|  |TAMS 0x0000000087100000, 0x0000000087000000| Complete 
| 113|0x0000000087100000, 0x0000000087200000, 0x0000000087200000|100%|HC|  |TAMS 0x0000000087200000, 0x0000000087100000| Complete 
| 114|0x0000000087200000, 0x0000000087300000, 0x0000000087300000|100%|HS|  |TAMS 0x0000000087300000, 0x0000000087200000| Complete 
| 115|0x0000000087300000, 0x0000000087400000, 0x0000000087400000|100%|HC|  |TAMS 0x0000000087400000, 0x0000000087300000| Complete 
| 116|0x0000000087400000, 0x0000000087500000, 0x0000000087500000|100%|HS|  |TAMS 0x0000000087500000, 0x0000000087400000| Complete 
| 117|0x0000000087500000, 0x0000000087600000, 0x0000000087600000|100%|HC|  |TAMS 0x0000000087600000, 0x0000000087500000| Complete 
| 118|0x0000000087600000, 0x0000000087700000, 0x0000000087700000|100%|HC|  |TAMS 0x0000000087700000, 0x0000000087600000| Complete 
| 119|0x0000000087700000, 0x0000000087800000, 0x0000000087800000|100%|HS|  |TAMS 0x0000000087800000, 0x0000000087700000| Complete 
| 120|0x0000000087800000, 0x0000000087900000, 0x0000000087900000|100%|HC|  |TAMS 0x0000000087900000, 0x0000000087800000| Complete 
| 121|0x0000000087900000, 0x0000000087a00000, 0x0000000087a00000|100%|HC|  |TAMS 0x0000000087a00000, 0x0000000087900000| Complete 
| 122|0x0000000087a00000, 0x0000000087b00000, 0x0000000087b00000|100%|HS|  |TAMS 0x0000000087b00000, 0x0000000087a00000| Complete 
| 123|0x0000000087b00000, 0x0000000087c00000, 0x0000000087c00000|100%|HC|  |TAMS 0x0000000087c00000, 0x0000000087b00000| Complete 
| 124|0x0000000087c00000, 0x0000000087d00000, 0x0000000087d00000|100%|HS|  |TAMS 0x0000000087d00000, 0x0000000087c00000| Complete 
| 125|0x0000000087d00000, 0x0000000087e00000, 0x0000000087e00000|100%|HC|  |TAMS 0x0000000087e00000, 0x0000000087d00000| Complete 
| 126|0x0000000087e00000, 0x0000000087f00000, 0x0000000087f00000|100%|HC|  |TAMS 0x0000000087f00000, 0x0000000087e00000| Complete 
| 127|0x0000000087f00000, 0x0000000088000000, 0x0000000088000000|100%|HC|  |TAMS 0x0000000088000000, 0x0000000087f00000| Complete 
| 128|0x0000000088000000, 0x0000000088100000, 0x0000000088100000|100%|HC|  |TAMS 0x0000000088100000, 0x0000000088000000| Complete 
| 129|0x0000000088100000, 0x0000000088200000, 0x0000000088200000|100%|HS|  |TAMS 0x0000000088200000, 0x0000000088100000| Complete 
| 130|0x0000000088200000, 0x0000000088300000, 0x0000000088300000|100%|HC|  |TAMS 0x0000000088300000, 0x0000000088200000| Complete 
| 131|0x0000000088300000, 0x0000000088400000, 0x0000000088400000|100%|HC|  |TAMS 0x0000000088400000, 0x0000000088300000| Complete 
| 132|0x0000000088400000, 0x0000000088500000, 0x0000000088500000|100%|HC|  |TAMS 0x0000000088500000, 0x0000000088400000| Complete 
| 133|0x0000000088500000, 0x0000000088600000, 0x0000000088600000|100%|HC|  |TAMS 0x0000000088600000, 0x0000000088500000| Complete 
| 134|0x0000000088600000, 0x0000000088700000, 0x0000000088700000|100%|HC|  |TAMS 0x0000000088700000, 0x0000000088600000| Complete 
| 135|0x0000000088700000, 0x0000000088800000, 0x0000000088800000|100%|HC|  |TAMS 0x0000000088800000, 0x0000000088700000| Complete 
| 136|0x0000000088800000, 0x0000000088900000, 0x0000000088900000|100%|HC|  |TAMS 0x0000000088900000, 0x0000000088800000| Complete 
| 137|0x0000000088900000, 0x0000000088a00000, 0x0000000088a00000|100%|HC|  |TAMS 0x0000000088a00000, 0x0000000088900000| Complete 
| 138|0x0000000088a00000, 0x0000000088b00000, 0x0000000088b00000|100%|HC|  |TAMS 0x0000000088b00000, 0x0000000088a00000| Complete 
| 139|0x0000000088b00000, 0x0000000088c00000, 0x0000000088c00000|100%|HS|  |TAMS 0x0000000088c00000, 0x0000000088b00000| Complete 
| 140|0x0000000088c00000, 0x0000000088d00000, 0x0000000088d00000|100%|HC|  |TAMS 0x0000000088d00000, 0x0000000088c00000| Complete 
| 141|0x0000000088d00000, 0x0000000088e00000, 0x0000000088e00000|100%| O|  |TAMS 0x0000000088e00000, 0x0000000088d00000| Complete 
| 142|0x0000000088e00000, 0x0000000088f00000, 0x0000000088f00000|100%| O|  |TAMS 0x0000000088f00000, 0x0000000088e00000| Untracked 
| 143|0x0000000088f00000, 0x0000000089000000, 0x0000000089000000|100%| O|  |TAMS 0x0000000089000000, 0x0000000088f00000| Untracked 
| 144|0x0000000089000000, 0x0000000089100000, 0x0000000089100000|100%| O|  |TAMS 0x0000000089100000, 0x0000000089000000| Untracked 
| 145|0x0000000089100000, 0x0000000089200000, 0x0000000089200000|100%| O|  |TAMS 0x0000000089200000, 0x0000000089100000| Complete 
| 146|0x0000000089200000, 0x0000000089300000, 0x0000000089300000|100%| O|  |TAMS 0x0000000089300000, 0x0000000089200000| Complete 
| 147|0x0000000089300000, 0x0000000089400000, 0x0000000089400000|100%| O|  |TAMS 0x0000000089400000, 0x0000000089300000| Untracked 
| 148|0x0000000089400000, 0x0000000089500000, 0x0000000089500000|100%| O|  |TAMS 0x0000000089500000, 0x0000000089400000| Untracked 
| 149|0x0000000089500000, 0x0000000089600000, 0x0000000089600000|100%| O|  |TAMS 0x0000000089600000, 0x0000000089500000| Untracked 
| 150|0x0000000089600000, 0x0000000089700000, 0x0000000089700000|100%| O|  |TAMS 0x0000000089700000, 0x0000000089600000| Untracked 
| 151|0x0000000089700000, 0x0000000089800000, 0x0000000089800000|100%| O|  |TAMS 0x0000000089800000, 0x0000000089700000| Complete 
| 152|0x0000000089800000, 0x0000000089900000, 0x0000000089900000|100%| O|  |TAMS 0x0000000089900000, 0x0000000089800000| Untracked 
| 153|0x0000000089900000, 0x0000000089a00000, 0x0000000089a00000|100%| O|  |TAMS 0x0000000089a00000, 0x0000000089900000| Untracked 
| 154|0x0000000089a00000, 0x0000000089b00000, 0x0000000089b00000|100%| O|  |TAMS 0x0000000089b00000, 0x0000000089a00000| Complete 
| 155|0x0000000089b00000, 0x0000000089c00000, 0x0000000089c00000|100%| O|  |TAMS 0x0000000089c00000, 0x0000000089b00000| Untracked 
| 156|0x0000000089c00000, 0x0000000089d00000, 0x0000000089d00000|100%| O|  |TAMS 0x0000000089d00000, 0x0000000089c00000| Untracked 
| 157|0x0000000089d00000, 0x0000000089e00000, 0x0000000089e00000|100%| O|  |TAMS 0x0000000089e00000, 0x0000000089d00000| Complete 
| 158|0x0000000089e00000, 0x0000000089f00000, 0x0000000089f00000|100%| O|  |TAMS 0x0000000089f00000, 0x0000000089e00000| Complete 
| 159|0x0000000089f00000, 0x000000008a000000, 0x000000008a000000|100%| O|  |TAMS 0x000000008a000000, 0x0000000089f00000| Untracked 
| 160|0x000000008a000000, 0x000000008a100000, 0x000000008a100000|100%| O|  |TAMS 0x000000008a100000, 0x000000008a000000| Complete 
| 161|0x000000008a100000, 0x000000008a200000, 0x000000008a200000|100%| O|  |TAMS 0x000000008a200000, 0x000000008a100000| Complete 
| 162|0x000000008a200000, 0x000000008a300000, 0x000000008a300000|100%| O|  |TAMS 0x000000008a300000, 0x000000008a200000| Complete 
| 163|0x000000008a300000, 0x000000008a400000, 0x000000008a400000|100%| O|  |TAMS 0x000000008a400000, 0x000000008a300000| Complete 
| 164|0x000000008a400000, 0x000000008a500000, 0x000000008a500000|100%| O|  |TAMS 0x000000008a500000, 0x000000008a400000| Untracked 
| 165|0x000000008a500000, 0x000000008a600000, 0x000000008a600000|100%| O|  |TAMS 0x000000008a600000, 0x000000008a500000| Complete 
| 166|0x000000008a600000, 0x000000008a700000, 0x000000008a700000|100%| O|  |TAMS 0x000000008a700000, 0x000000008a600000| Complete 
| 167|0x000000008a700000, 0x000000008a800000, 0x000000008a800000|100%| O|  |TAMS 0x000000008a800000, 0x000000008a700000| Untracked 
| 168|0x000000008a800000, 0x000000008a900000, 0x000000008a900000|100%| O|  |TAMS 0x000000008a900000, 0x000000008a800000| Complete 
| 169|0x000000008a900000, 0x000000008aa00000, 0x000000008aa00000|100%| O|  |TAMS 0x000000008aa00000, 0x000000008a900000| Complete 
| 170|0x000000008aa00000, 0x000000008ab00000, 0x000000008ab00000|100%| O|  |TAMS 0x000000008ab00000, 0x000000008aa00000| Complete 
| 171|0x000000008ab00000, 0x000000008ac00000, 0x000000008ac00000|100%| O|  |TAMS 0x000000008ac00000, 0x000000008ab00000| Untracked 
| 172|0x000000008ac00000, 0x000000008ad00000, 0x000000008ad00000|100%| O|  |TAMS 0x000000008ad00000, 0x000000008ac00000| Untracked 
| 173|0x000000008ad00000, 0x000000008ae00000, 0x000000008ae00000|100%| O|  |TAMS 0x000000008ae00000, 0x000000008ad00000| Complete 
| 174|0x000000008ae00000, 0x000000008af00000, 0x000000008af00000|100%| O|  |TAMS 0x000000008af00000, 0x000000008ae00000| Complete 
| 175|0x000000008af00000, 0x000000008b000000, 0x000000008b000000|100%| O|  |TAMS 0x000000008b000000, 0x000000008af00000| Complete 
| 176|0x000000008b000000, 0x000000008b100000, 0x000000008b100000|100%| O|  |TAMS 0x000000008b100000, 0x000000008b000000| Complete 
| 177|0x000000008b100000, 0x000000008b200000, 0x000000008b200000|100%| O|  |TAMS 0x000000008b200000, 0x000000008b100000| Complete 
| 178|0x000000008b200000, 0x000000008b300000, 0x000000008b300000|100%| O|  |TAMS 0x000000008b300000, 0x000000008b200000| Untracked 
| 179|0x000000008b300000, 0x000000008b400000, 0x000000008b400000|100%| O|  |TAMS 0x000000008b400000, 0x000000008b300000| Untracked 
| 180|0x000000008b400000, 0x000000008b500000, 0x000000008b500000|100%| O|  |TAMS 0x000000008b500000, 0x000000008b400000| Untracked 
| 181|0x000000008b500000, 0x000000008b600000, 0x000000008b600000|100%| O|  |TAMS 0x000000008b600000, 0x000000008b500000| Untracked 
| 182|0x000000008b600000, 0x000000008b700000, 0x000000008b700000|100%| O|  |TAMS 0x000000008b700000, 0x000000008b600000| Untracked 
| 183|0x000000008b700000, 0x000000008b800000, 0x000000008b800000|100%| O|  |TAMS 0x000000008b800000, 0x000000008b700000| Untracked 
| 184|0x000000008b800000, 0x000000008b900000, 0x000000008b900000|100%| O|  |TAMS 0x000000008b900000, 0x000000008b800000| Untracked 
| 185|0x000000008b900000, 0x000000008ba00000, 0x000000008ba00000|100%| O|  |TAMS 0x000000008ba00000, 0x000000008b900000| Untracked 
| 186|0x000000008ba00000, 0x000000008bb00000, 0x000000008bb00000|100%| O|  |TAMS 0x000000008bb00000, 0x000000008ba00000| Untracked 
| 187|0x000000008bb00000, 0x000000008bbafa00, 0x000000008bc00000| 68%| O|  |TAMS 0x000000008bbafa00, 0x000000008bb00000| Untracked 
| 188|0x000000008bc00000, 0x000000008bc00000, 0x000000008bd00000|  0%| F|  |TAMS 0x000000008bc00000, 0x000000008bc00000| Untracked 
| 189|0x000000008bd00000, 0x000000008bd00000, 0x000000008be00000|  0%| F|  |TAMS 0x000000008bd00000, 0x000000008bd00000| Untracked 
| 190|0x000000008be00000, 0x000000008be00000, 0x000000008bf00000|  0%| F|  |TAMS 0x000000008be00000, 0x000000008be00000| Untracked 
| 191|0x000000008bf00000, 0x000000008bf00000, 0x000000008c000000|  0%| F|  |TAMS 0x000000008bf00000, 0x000000008bf00000| Untracked 
| 192|0x000000008c000000, 0x000000008c000000, 0x000000008c100000|  0%| F|  |TAMS 0x000000008c000000, 0x000000008c000000| Untracked 
| 193|0x000000008c100000, 0x000000008c100000, 0x000000008c200000|  0%| F|  |TAMS 0x000000008c100000, 0x000000008c100000| Untracked 
| 194|0x000000008c200000, 0x000000008c200000, 0x000000008c300000|  0%| F|  |TAMS 0x000000008c200000, 0x000000008c200000| Untracked 
| 195|0x000000008c300000, 0x000000008c300000, 0x000000008c400000|  0%| F|  |TAMS 0x000000008c300000, 0x000000008c300000| Untracked 
| 196|0x000000008c400000, 0x000000008c400000, 0x000000008c500000|  0%| F|  |TAMS 0x000000008c400000, 0x000000008c400000| Untracked 
| 197|0x000000008c500000, 0x000000008c500000, 0x000000008c600000|  0%| F|  |TAMS 0x000000008c500000, 0x000000008c500000| Untracked 
| 198|0x000000008c600000, 0x000000008c600000, 0x000000008c700000|  0%| F|  |TAMS 0x000000008c600000, 0x000000008c600000| Untracked 
| 199|0x000000008c700000, 0x000000008c700000, 0x000000008c800000|  0%| F|  |TAMS 0x000000008c700000, 0x000000008c700000| Untracked 
| 200|0x000000008c800000, 0x000000008c800000, 0x000000008c900000|  0%| F|  |TAMS 0x000000008c800000, 0x000000008c800000| Untracked 
| 201|0x000000008c900000, 0x000000008c900000, 0x000000008ca00000|  0%| F|  |TAMS 0x000000008c900000, 0x000000008c900000| Untracked 
| 202|0x000000008ca00000, 0x000000008ca00000, 0x000000008cb00000|  0%| F|  |TAMS 0x000000008ca00000, 0x000000008ca00000| Untracked 
| 203|0x000000008cb00000, 0x000000008cb00000, 0x000000008cc00000|  0%| F|  |TAMS 0x000000008cb00000, 0x000000008cb00000| Untracked 
| 204|0x000000008cc00000, 0x000000008cc00000, 0x000000008cd00000|  0%| F|  |TAMS 0x000000008cc00000, 0x000000008cc00000| Untracked 
| 205|0x000000008cd00000, 0x000000008cd00000, 0x000000008ce00000|  0%| F|  |TAMS 0x000000008cd00000, 0x000000008cd00000| Untracked 
| 206|0x000000008ce00000, 0x000000008ce00000, 0x000000008cf00000|  0%| F|  |TAMS 0x000000008ce00000, 0x000000008ce00000| Untracked 
| 207|0x000000008cf00000, 0x000000008cf00000, 0x000000008d000000|  0%| F|  |TAMS 0x000000008cf00000, 0x000000008cf00000| Untracked 
| 208|0x000000008d000000, 0x000000008d000000, 0x000000008d100000|  0%| F|  |TAMS 0x000000008d000000, 0x000000008d000000| Untracked 
| 209|0x000000008d100000, 0x000000008d100000, 0x000000008d200000|  0%| F|  |TAMS 0x000000008d100000, 0x000000008d100000| Untracked 
| 210|0x000000008d200000, 0x000000008d200000, 0x000000008d300000|  0%| F|  |TAMS 0x000000008d200000, 0x000000008d200000| Untracked 
| 211|0x000000008d300000, 0x000000008d300000, 0x000000008d400000|  0%| F|  |TAMS 0x000000008d300000, 0x000000008d300000| Untracked 
| 212|0x000000008d400000, 0x000000008d400000, 0x000000008d500000|  0%| F|  |TAMS 0x000000008d400000, 0x000000008d400000| Untracked 
| 213|0x000000008d500000, 0x000000008d500000, 0x000000008d600000|  0%| F|  |TAMS 0x000000008d500000, 0x000000008d500000| Untracked 
| 214|0x000000008d600000, 0x000000008d600000, 0x000000008d700000|  0%| F|  |TAMS 0x000000008d600000, 0x000000008d600000| Untracked 
| 215|0x000000008d700000, 0x000000008d700000, 0x000000008d800000|  0%| F|  |TAMS 0x000000008d700000, 0x000000008d700000| Untracked 
| 216|0x000000008d800000, 0x000000008d800000, 0x000000008d900000|  0%| F|  |TAMS 0x000000008d800000, 0x000000008d800000| Untracked 
| 217|0x000000008d900000, 0x000000008d900000, 0x000000008da00000|  0%| F|  |TAMS 0x000000008d900000, 0x000000008d900000| Untracked 
| 218|0x000000008da00000, 0x000000008da00000, 0x000000008db00000|  0%| F|  |TAMS 0x000000008da00000, 0x000000008da00000| Untracked 
| 219|0x000000008db00000, 0x000000008db376b8, 0x000000008dc00000| 21%| S|CS|TAMS 0x000000008db00000, 0x000000008db00000| Complete 
| 220|0x000000008dc00000, 0x000000008dd00000, 0x000000008dd00000|100%| S|CS|TAMS 0x000000008dc00000, 0x000000008dc00000| Complete 
| 221|0x000000008dd00000, 0x000000008de00000, 0x000000008de00000|100%| S|CS|TAMS 0x000000008dd00000, 0x000000008dd00000| Complete 
| 222|0x000000008de00000, 0x000000008df00000, 0x000000008df00000|100%| S|CS|TAMS 0x000000008de00000, 0x000000008de00000| Complete 
| 223|0x000000008df00000, 0x000000008e000000, 0x000000008e000000|100%| S|CS|TAMS 0x000000008df00000, 0x000000008df00000| Complete 
| 224|0x000000008e000000, 0x000000008e000000, 0x000000008e100000|  0%| F|  |TAMS 0x000000008e000000, 0x000000008e000000| Untracked 
| 225|0x000000008e100000, 0x000000008e100000, 0x000000008e200000|  0%| F|  |TAMS 0x000000008e100000, 0x000000008e100000| Untracked 
| 226|0x000000008e200000, 0x000000008e200000, 0x000000008e300000|  0%| F|  |TAMS 0x000000008e200000, 0x000000008e200000| Untracked 
| 227|0x000000008e300000, 0x000000008e300000, 0x000000008e400000|  0%| F|  |TAMS 0x000000008e300000, 0x000000008e300000| Untracked 
| 228|0x000000008e400000, 0x000000008e400000, 0x000000008e500000|  0%| F|  |TAMS 0x000000008e400000, 0x000000008e400000| Untracked 
| 229|0x000000008e500000, 0x000000008e500000, 0x000000008e600000|  0%| F|  |TAMS 0x000000008e500000, 0x000000008e500000| Untracked 
| 230|0x000000008e600000, 0x000000008e600000, 0x000000008e700000|  0%| F|  |TAMS 0x000000008e600000, 0x000000008e600000| Untracked 
| 231|0x000000008e700000, 0x000000008e700000, 0x000000008e800000|  0%| F|  |TAMS 0x000000008e700000, 0x000000008e700000| Untracked 
| 232|0x000000008e800000, 0x000000008e800000, 0x000000008e900000|  0%| F|  |TAMS 0x000000008e800000, 0x000000008e800000| Untracked 
| 233|0x000000008e900000, 0x000000008e900000, 0x000000008ea00000|  0%| F|  |TAMS 0x000000008e900000, 0x000000008e900000| Untracked 
| 234|0x000000008ea00000, 0x000000008ea00000, 0x000000008eb00000|  0%| F|  |TAMS 0x000000008ea00000, 0x000000008ea00000| Untracked 
| 235|0x000000008eb00000, 0x000000008eb00000, 0x000000008ec00000|  0%| F|  |TAMS 0x000000008eb00000, 0x000000008eb00000| Untracked 
| 236|0x000000008ec00000, 0x000000008ec00000, 0x000000008ed00000|  0%| F|  |TAMS 0x000000008ec00000, 0x000000008ec00000| Untracked 
| 237|0x000000008ed00000, 0x000000008ed00000, 0x000000008ee00000|  0%| F|  |TAMS 0x000000008ed00000, 0x000000008ed00000| Untracked 
| 238|0x000000008ee00000, 0x000000008ee00000, 0x000000008ef00000|  0%| F|  |TAMS 0x000000008ee00000, 0x000000008ee00000| Untracked 
| 239|0x000000008ef00000, 0x000000008ef00000, 0x000000008f000000|  0%| F|  |TAMS 0x000000008ef00000, 0x000000008ef00000| Untracked 
| 240|0x000000008f000000, 0x000000008f000000, 0x000000008f100000|  0%| F|  |TAMS 0x000000008f000000, 0x000000008f000000| Untracked 
| 241|0x000000008f100000, 0x000000008f100000, 0x000000008f200000|  0%| F|  |TAMS 0x000000008f100000, 0x000000008f100000| Untracked 
| 242|0x000000008f200000, 0x000000008f200000, 0x000000008f300000|  0%| F|  |TAMS 0x000000008f200000, 0x000000008f200000| Untracked 
| 243|0x000000008f300000, 0x000000008f300000, 0x000000008f400000|  0%| F|  |TAMS 0x000000008f300000, 0x000000008f300000| Untracked 
| 244|0x000000008f400000, 0x000000008f400000, 0x000000008f500000|  0%| F|  |TAMS 0x000000008f400000, 0x000000008f400000| Untracked 
| 245|0x000000008f500000, 0x000000008f500000, 0x000000008f600000|  0%| F|  |TAMS 0x000000008f500000, 0x000000008f500000| Untracked 
| 246|0x000000008f600000, 0x000000008f600000, 0x000000008f700000|  0%| F|  |TAMS 0x000000008f600000, 0x000000008f600000| Untracked 
| 247|0x000000008f700000, 0x000000008f7efa70, 0x000000008f800000| 93%| E|  |TAMS 0x000000008f700000, 0x000000008f700000| Complete 
| 248|0x000000008f800000, 0x000000008f900000, 0x000000008f900000|100%| E|  |TAMS 0x000000008f800000, 0x000000008f800000| Complete 
| 249|0x000000008f900000, 0x000000008fa00000, 0x000000008fa00000|100%| E|CS|TAMS 0x000000008f900000, 0x000000008f900000| Complete 
| 250|0x000000008fa00000, 0x000000008fb00000, 0x000000008fb00000|100%| E|CS|TAMS 0x000000008fa00000, 0x000000008fa00000| Complete 
| 251|0x000000008fb00000, 0x000000008fc00000, 0x000000008fc00000|100%| E|CS|TAMS 0x000000008fb00000, 0x000000008fb00000| Complete 
| 252|0x000000008fc00000, 0x000000008fd00000, 0x000000008fd00000|100%| E|CS|TAMS 0x000000008fc00000, 0x000000008fc00000| Complete 
| 253|0x000000008fd00000, 0x000000008fe00000, 0x000000008fe00000|100%| E|CS|TAMS 0x000000008fd00000, 0x000000008fd00000| Complete 

Card table byte_map: [0x000001e3b5b80000,0x000001e3b5f80000] _byte_map_base: 0x000001e3b5780000

Marking Bits (Prev, Next): (CMBitMap*) 0x000001e3a2ca2f00, (CMBitMap*) 0x000001e3a2ca2ec8
 Prev Bits: [0x000001e3b8380000, 0x000001e3ba380000)
 Next Bits: [0x000001e3b6380000, 0x000001e3b8380000)

Polling page: 0x000001e3a0c10000

Metaspace:

Usage:
  Non-class:     93.15 MB capacity,    91.16 MB ( 98%) used,     1.68 MB (  2%) free+waste,   321.81 KB ( <1%) overhead. 
      Class:     14.04 MB capacity,    13.01 MB ( 93%) used,   910.92 KB (  6%) free+waste,   144.00 KB (  1%) overhead. 
       Both:    107.19 MB capacity,   104.17 MB ( 97%) used,     2.57 MB (  2%) free+waste,   465.81 KB ( <1%) overhead. 

Virtual space:
  Non-class space:       94.00 MB reserved,      93.16 MB (>99%) committed 
      Class space:        1.00 GB reserved,      14.16 MB (  1%) committed 
             Both:        1.09 GB reserved,     107.31 MB ( 10%) committed 

Chunk freelists:
   Non-Class:  6.00 KB
       Class:  19.00 KB
        Both:  25.00 KB

MaxMetaspaceSize: 17179869184.00 GB
CompressedClassSpaceSize: 1.00 GB
Initial GC threshold: 20.80 MB
Current GC threshold: 178.23 MB
CDS: off

CodeHeap 'non-profiled nmethods': size=120064Kb used=7427Kb max_used=7427Kb free=112637Kb
 bounds [0x000001e3ae240000, 0x000001e3ae990000, 0x000001e3b5780000]
CodeHeap 'profiled nmethods': size=120000Kb used=28066Kb max_used=28066Kb free=91933Kb
 bounds [0x000001e3a6d10000, 0x000001e3a8880000, 0x000001e3ae240000]
CodeHeap 'non-nmethods': size=5696Kb used=2406Kb max_used=2480Kb free=3289Kb
 bounds [0x000001e3a6780000, 0x000001e3a6a00000, 0x000001e3a6d10000]
 total_blobs=13592 nmethods=12659 adapters=846
 compilation: enabled
              stopped_count=0, restarted_count=0
 full_count=0

Compilation events (20 events):
Event: 29.438 Thread 0x000001e3bd161800 12683       3       org.gradle.internal.snapshot.VfsRelativePath::isPrefixOf (15 bytes)
Event: 29.438 Thread 0x000001e3bd161800 nmethod 12683 0x000001e3a886b910 code [0x000001e3a886bac0, 0x000001e3a886bc08]
Event: 29.438 Thread 0x000001e3bd161800 12684       3       com.google.common.cache.LocalCache$StrongValueReference::notifyNewValue (1 bytes)
Event: 29.438 Thread 0x000001e3bd161800 nmethod 12684 0x000001e3a886bc90 code [0x000001e3a886be40, 0x000001e3a886bf38]
Event: 29.438 Thread 0x000001e3bd161800 12685       3       org.gradle.cache.internal.LoggingEvictionListener::onRemoval (96 bytes)
Event: 29.439 Thread 0x000001e3bd161800 nmethod 12685 0x000001e3a886c010 code [0x000001e3a886c2a0, 0x000001e3a886d258]
Event: 29.439 Thread 0x000001e3bd161800 12689       3       org.gradle.internal.resources.ExclusiveAccessResourceLock::doIsLockedByCurrentThread (16 bytes)
Event: 29.439 Thread 0x000001e3bd161800 nmethod 12689 0x000001e3a886d710 code [0x000001e3a886d8c0, 0x000001e3a886da38]
Event: 29.439 Thread 0x000001e3bd161800 12687       3       org.gradle.internal.resources.AbstractResourceLockRegistry::lockReleased (51 bytes)
Event: 29.440 Thread 0x000001e3bd161800 nmethod 12687 0x000001e3a886db10 code [0x000001e3a886dd20, 0x000001e3a886e2b8]
Event: 29.440 Thread 0x000001e3bd161800 12688       3       org.gradle.internal.resources.DefaultResourceLockCoordinationService$DefaultResourceLockState::registerUnlocked (53 bytes)
Event: 29.440 Thread 0x000001e3bd161800 nmethod 12688 0x000001e3a886e490 code [0x000001e3a886e6c0, 0x000001e3a886eed8]
Event: 29.440 Thread 0x000001e3bd161800 12690       1       org.gradle.api.internal.project.DefaultProjectStateRegistry$ProjectStateImpl::getTaskExecutionLock (5 bytes)
Event: 29.440 Thread 0x000001e3bd161800 nmethod 12690 0x000001e3ae97e490 code [0x000001e3ae97e640, 0x000001e3ae97e6f8]
Event: 29.440 Thread 0x000001e3bd161800 12686       3       org.gradle.internal.serialize.BaseSerializerFactory$StringSerializer::write (10 bytes)
Event: 29.440 Thread 0x000001e3bd161800 nmethod 12686 0x000001e3a886f190 code [0x000001e3a886f360, 0x000001e3a886f688]
Event: 29.440 Thread 0x000001e3bd161800 12692       1       java.util.stream.FindOps$FindOp::getOpFlags (5 bytes)
Event: 29.440 Thread 0x000001e3bd161800 nmethod 12692 0x000001e3ae97e790 code [0x000001e3ae97e940, 0x000001e3ae97e9f8]
Event: 29.441 Thread 0x000001e3bd161800 12693       3       org.gradle.api.internal.provider.AbstractProperty::calculateOwnValue (15 bytes)
Event: 29.441 Thread 0x000001e3bd161800 nmethod 12693 0x000001e3a886f790 code [0x000001e3a886f9a0, 0x000001e3a886fe78]

GC Heap History (20 events):
Event: 10.129 GC heap before
{Heap before GC invocations=19 (full 0):
 garbage-first heap   total 260096K, used 214761K [0x0000000080000000, 0x0000000100000000)
  region size 1024K, 51 young (52224K), 3 survivors (3072K)
 Metaspace       used 88885K, capacity 91426K, committed 91584K, reserved 1128448K
  class space    used 11373K, capacity 12269K, committed 12320K, reserved 1048576K
}
Event: 10.134 GC heap after
{Heap after GC invocations=20 (full 0):
 garbage-first heap   total 260096K, used 165638K [0x0000000080000000, 0x0000000100000000)
  region size 1024K, 4 young (4096K), 4 survivors (4096K)
 Metaspace       used 88885K, capacity 91426K, committed 91584K, reserved 1128448K
  class space    used 11373K, capacity 12269K, committed 12320K, reserved 1048576K
}
Event: 10.718 GC heap before
{Heap before GC invocations=20 (full 0):
 garbage-first heap   total 260096K, used 215814K [0x0000000080000000, 0x0000000100000000)
  region size 1024K, 53 young (54272K), 4 survivors (4096K)
 Metaspace       used 93596K, capacity 96344K, committed 96576K, reserved 1132544K
  class space    used 12009K, capacity 12938K, committed 12960K, reserved 1048576K
}
Event: 10.727 GC heap after
{Heap after GC invocations=21 (full 0):
 garbage-first heap   total 260096K, used 168880K [0x0000000080000000, 0x0000000100000000)
  region size 1024K, 7 young (7168K), 7 survivors (7168K)
 Metaspace       used 93596K, capacity 96344K, committed 96576K, reserved 1132544K
  class space    used 12009K, capacity 12938K, committed 12960K, reserved 1048576K
}
Event: 11.341 GC heap before
{Heap before GC invocations=22 (full 0):
 garbage-first heap   total 260096K, used 217008K [0x0000000080000000, 0x0000000100000000)
  region size 1024K, 55 young (56320K), 7 survivors (7168K)
 Metaspace       used 95139K, capacity 97900K, committed 98112K, reserved 1134592K
  class space    used 12149K, capacity 13098K, committed 13216K, reserved 1048576K
}
Event: 11.354 GC heap after
{Heap after GC invocations=23 (full 0):
 garbage-first heap   total 260096K, used 174444K [0x0000000080000000, 0x0000000100000000)
  region size 1024K, 7 young (7168K), 7 survivors (7168K)
 Metaspace       used 95139K, capacity 97900K, committed 98112K, reserved 1134592K
  class space    used 12149K, capacity 13098K, committed 13216K, reserved 1048576K
}
Event: 12.022 GC heap before
{Heap before GC invocations=23 (full 0):
 garbage-first heap   total 260096K, used 218476K [0x0000000080000000, 0x0000000100000000)
  region size 1024K, 51 young (52224K), 7 survivors (7168K)
 Metaspace       used 96094K, capacity 98861K, committed 99136K, reserved 1134592K
  class space    used 12206K, capacity 13138K, committed 13216K, reserved 1048576K
}
Event: 12.035 GC heap after
{Heap after GC invocations=24 (full 0):
 garbage-first heap   total 260096K, used 178705K [0x0000000080000000, 0x0000000100000000)
  region size 1024K, 5 young (5120K), 5 survivors (5120K)
 Metaspace       used 96094K, capacity 98861K, committed 99136K, reserved 1134592K
  class space    used 12206K, capacity 13138K, committed 13216K, reserved 1048576K
}
Event: 12.499 GC heap before
{Heap before GC invocations=25 (full 0):
 garbage-first heap   total 260096K, used 219665K [0x0000000080000000, 0x0000000100000000)
  region size 1024K, 45 young (46080K), 5 survivors (5120K)
 Metaspace       used 97891K, capacity 100592K, committed 100800K, reserved 1136640K
  class space    used 12395K, capacity 13324K, committed 13344K, reserved 1048576K
}
Event: 12.510 GC heap after
{Heap after GC invocations=26 (full 0):
 garbage-first heap   total 260096K, used 181781K [0x0000000080000000, 0x0000000100000000)
  region size 1024K, 4 young (4096K), 4 survivors (4096K)
 Metaspace       used 97891K, capacity 100592K, committed 100800K, reserved 1136640K
  class space    used 12395K, capacity 13324K, committed 13344K, reserved 1048576K
}
Event: 12.616 GC heap before
{Heap before GC invocations=26 (full 0):
 garbage-first heap   total 260096K, used 220693K [0x0000000080000000, 0x0000000100000000)
  region size 1024K, 42 young (43008K), 4 survivors (4096K)
 Metaspace       used 98844K, capacity 101520K, committed 101696K, reserved 1138688K
  class space    used 12515K, capacity 13459K, committed 13472K, reserved 1048576K
}
Event: 12.622 GC heap after
{Heap after GC invocations=27 (full 0):
 garbage-first heap   total 260096K, used 182006K [0x0000000080000000, 0x0000000100000000)
  region size 1024K, 4 young (4096K), 4 survivors (4096K)
 Metaspace       used 98844K, capacity 101520K, committed 101696K, reserved 1138688K
  class space    used 12515K, capacity 13459K, committed 13472K, reserved 1048576K
}
Event: 18.018 GC heap before
{Heap before GC invocations=28 (full 0):
 garbage-first heap   total 260096K, used 220918K [0x0000000080000000, 0x0000000100000000)
  region size 1024K, 43 young (44032K), 4 survivors (4096K)
 Metaspace       used 103398K, capacity 106375K, committed 106560K, reserved 1142784K
  class space    used 12920K, capacity 13926K, committed 13984K, reserved 1048576K
}
Event: 18.025 GC heap after
{Heap after GC invocations=29 (full 0):
 garbage-first heap   total 260096K, used 184270K [0x0000000080000000, 0x0000000100000000)
  region size 1024K, 4 young (4096K), 4 survivors (4096K)
 Metaspace       used 103398K, capacity 106375K, committed 106560K, reserved 1142784K
  class space    used 12920K, capacity 13926K, committed 13984K, reserved 1048576K
}
Event: 18.781 GC heap before
{Heap before GC invocations=29 (full 0):
 garbage-first heap   total 260096K, used 223182K [0x0000000080000000, 0x0000000100000000)
  region size 1024K, 42 young (43008K), 4 survivors (4096K)
 Metaspace       used 104776K, capacity 107780K, committed 107968K, reserved 1142784K
  class space    used 13060K, capacity 14103K, committed 14112K, reserved 1048576K
}
Event: 18.794 GC heap after
{Heap after GC invocations=30 (full 0):
 garbage-first heap   total 260096K, used 188041K [0x0000000080000000, 0x0000000100000000)
  region size 1024K, 6 young (6144K), 6 survivors (6144K)
 Metaspace       used 104776K, capacity 107780K, committed 107968K, reserved 1142784K
  class space    used 13060K, capacity 14103K, committed 14112K, reserved 1048576K
}
Event: 19.114 GC heap before
{Heap before GC invocations=31 (full 0):
 garbage-first heap   total 260096K, used 223881K [0x0000000080000000, 0x0000000100000000)
  region size 1024K, 41 young (41984K), 6 survivors (6144K)
 Metaspace       used 105392K, capacity 108419K, committed 108608K, reserved 1144832K
  class space    used 13120K, capacity 14141K, committed 14240K, reserved 1048576K
}
Event: 19.129 GC heap after
{Heap after GC invocations=32 (full 0):
 garbage-first heap   total 260096K, used 192269K [0x0000000080000000, 0x0000000100000000)
  region size 1024K, 5 young (5120K), 5 survivors (5120K)
 Metaspace       used 105392K, capacity 108419K, committed 108608K, reserved 1144832K
  class space    used 13120K, capacity 14141K, committed 14240K, reserved 1048576K
}
Event: 19.322 GC heap before
{Heap before GC invocations=32 (full 0):
 garbage-first heap   total 260096K, used 221965K [0x0000000080000000, 0x0000000100000000)
  region size 1024K, 35 young (35840K), 5 survivors (5120K)
 Metaspace       used 105962K, capacity 108974K, committed 109248K, reserved 1144832K
  class space    used 13228K, capacity 14253K, committed 14368K, reserved 1048576K
}
Event: 19.333 GC heap after
{Heap after GC invocations=33 (full 0):
 garbage-first heap   total 260096K, used 196508K [0x0000000080000000, 0x0000000100000000)
  region size 1024K, 5 young (5120K), 5 survivors (5120K)
 Metaspace       used 105962K, capacity 108974K, committed 109248K, reserved 1144832K
  class space    used 13228K, capacity 14253K, committed 14368K, reserved 1048576K
}

Deoptimization events (20 events):
Event: 19.320 Thread 0x000001e3bfc2c800 DEOPT PACKING pc=0x000001e3ae8eba28 sp=0x000000c5e0afe5e0
Event: 19.320 Thread 0x000001e3bfc2c800 DEOPT UNPACKING pc=0x000001e3a67ca1a9 sp=0x000000c5e0afe5e0 mode 2
Event: 19.349 Thread 0x000001e3bfc2c800 Uncommon trap: trap_request=0xffffffde fr.pc=0x000001e3ae8eba84 relative=0x0000000000005144
Event: 19.349 Thread 0x000001e3bfc2c800 Uncommon trap: reason=class_check action=maybe_recompile pc=0x000001e3ae8eba84 method=org.gradle.internal.snapshot.impl.AbstractValueProcessor.processValue(Ljava/lang/Object;Lorg/gradle/internal/snapshot/impl/AbstractValueProcessor$ValueVisitor;)Ljava/lan
Event: 19.349 Thread 0x000001e3bfc2c800 DEOPT PACKING pc=0x000001e3ae8eba84 sp=0x000000c5e0afe5e0
Event: 19.349 Thread 0x000001e3bfc2c800 DEOPT UNPACKING pc=0x000001e3a67ca1a9 sp=0x000000c5e0afe5e0 mode 2
Event: 19.368 Thread 0x000001e3bfc2d800 Uncommon trap: trap_request=0xffffff4d fr.pc=0x000001e3ae522718 relative=0x00000000000001d8
Event: 19.368 Thread 0x000001e3bfc2d800 Uncommon trap: reason=unstable_if action=reinterpret pc=0x000001e3ae522718 method=com.google.common.collect.RegularImmutableSet.contains(Ljava/lang/Object;)Z @ 10 c2
Event: 19.368 Thread 0x000001e3bfc2d800 DEOPT PACKING pc=0x000001e3ae522718 sp=0x000000c5e0ffaa40
Event: 19.368 Thread 0x000001e3bfc2d800 DEOPT UNPACKING pc=0x000001e3a67ca1a9 sp=0x000000c5e0ffa9d8 mode 2
Event: 24.377 Thread 0x000001e3bfc2d800 Uncommon trap: trap_request=0xffffff4d fr.pc=0x000001e3ae7fd0b0 relative=0x0000000000000070
Event: 24.377 Thread 0x000001e3bfc2d800 Uncommon trap: reason=unstable_if action=reinterpret pc=0x000001e3ae7fd0b0 method=org.gradle.internal.logging.slf4j.OutputEventListenerBackedLogger.isLevelAtMost(Lorg/gradle/api/logging/LogLevel;)Z @ 11 c2
Event: 24.377 Thread 0x000001e3bfc2d800 DEOPT PACKING pc=0x000001e3ae7fd0b0 sp=0x000000c5e0ff76f0
Event: 24.377 Thread 0x000001e3bfc2d800 DEOPT UNPACKING pc=0x000001e3a67ca1a9 sp=0x000000c5e0ff7690 mode 2
Event: 29.415 Thread 0x000001e3c6cd4000 Uncommon trap: trap_request=0xffffff4d fr.pc=0x000001e3ae8dae5c relative=0x000000000000105c
Event: 29.415 Thread 0x000001e3c6cd4000 Uncommon trap: reason=unstable_if action=reinterpret pc=0x000001e3ae8dae5c method=org.gradle.cache.internal.btree.BlockPointer.isNull()Z @ 6 c2
Event: 29.415 Thread 0x000001e3c6cd4000 DEOPT PACKING pc=0x000001e3ae8dae5c sp=0x000000c5ddefdff0
Event: 29.415 Thread 0x000001e3c6cd4000 DEOPT UNPACKING pc=0x000001e3a67ca1a9 sp=0x000000c5ddefdec8 mode 2
Event: 29.437 Thread 0x000001e3c6ccd800 DEOPT PACKING pc=0x000001e3a883b8fd sp=0x000000c5dccfcf00
Event: 29.437 Thread 0x000001e3c6ccd800 DEOPT UNPACKING pc=0x000001e3a67ca93f sp=0x000000c5dccfc3c8 mode 0

Classes redefined (0 events):
No events

Internal exceptions (20 events):
Event: 19.234 Thread 0x000001e3c062b800 Exception <a 'java/lang/ClassNotFoundException'{0x000000008e60ee60}: com/android/build/gradle/internal/tasks/ListingFileRedirectTaskBeanInfo> (0x000000008e60ee60) thrown at [src/hotspot/share/classfile/systemDictionary.cpp, line 230]
Event: 19.235 Thread 0x000001e3c062b800 Exception <a 'java/lang/ClassNotFoundException'{0x000000008e62a6d0}: com/android/build/gradle/internal/tasks/ListingFileRedirectTaskCustomizer> (0x000000008e62a6d0) thrown at [src/hotspot/share/classfile/systemDictionary.cpp, line 230]
Event: 19.235 Thread 0x000001e3c062b800 Exception <a 'java/lang/ClassNotFoundException'{0x000000008e659aa8}: com/android/build/gradle/internal/tasks/ListingFileRedirectTask_DecoratedCustomizer> (0x000000008e659aa8) thrown at [src/hotspot/share/classfile/systemDictionary.cpp, line 230]
Event: 19.245 Thread 0x000001e3c062b800 Implicit null exception at 0x000001e3ae90fba6 to 0x000001e3ae910334
Event: 19.251 Thread 0x000001e3c062b800 Exception <a 'java/lang/NoSuchMethodError'{0x000000008e53c348}: <clinit>> (0x000000008e53c348) thrown at [src/hotspot/share/prims/jni.cpp, line 1367]
Event: 19.257 Thread 0x000001e3c062b800 Exception <a 'sun/nio/fs/WindowsException'{0x000000008e5b5570}> (0x000000008e5b5570) thrown at [src/hotspot/share/prims/jni.cpp, line 617]
Event: 19.283 Thread 0x000001e3bfc2e000 Exception <a 'java/lang/NoSuchMethodError'{0x000000008e4e1e50}: 'void java.lang.invoke.DirectMethodHandle$Holder.invokeVirtual(java.lang.Object, java.lang.Object)'> (0x000000008e4e1e50) thrown at [src/hotspot/share/interpreter/linkResolver.cpp, line 773]
Event: 19.302 Thread 0x000001e3c6ccd800 Exception <a 'java/lang/NoSuchMethodError'{0x000000008e2622c0}: <clinit>> (0x000000008e2622c0) thrown at [src/hotspot/share/prims/jni.cpp, line 1367]
Event: 19.320 Thread 0x000001e3bfc2c800 Exception <a 'java/lang/NoSuchMethodError'{0x000000008e0b93e0}: <clinit>> (0x000000008e0b93e0) thrown at [src/hotspot/share/prims/jni.cpp, line 1367]
Event: 19.322 Thread 0x000001e3bfc2c800 Exception <a 'java/lang/NoSuchMethodError'{0x000000008e0d7d58}: <clinit>> (0x000000008e0d7d58) thrown at [src/hotspot/share/prims/jni.cpp, line 1367]
Event: 19.334 Thread 0x000001e3bfc2d800 Exception <a 'sun/nio/fs/WindowsException'{0x000000008fd0cbe0}> (0x000000008fd0cbe0) thrown at [src/hotspot/share/prims/jni.cpp, line 617]
Event: 19.334 Thread 0x000001e3bfc2d800 Exception <a 'sun/nio/fs/WindowsException'{0x000000008fd0da48}> (0x000000008fd0da48) thrown at [src/hotspot/share/prims/jni.cpp, line 617]
Event: 19.348 Thread 0x000001e3bfc2c800 Exception <a 'java/lang/NoSuchMethodError'{0x000000008fdb32e0}: <clinit>> (0x000000008fdb32e0) thrown at [src/hotspot/share/prims/jni.cpp, line 1367]
Event: 19.368 Thread 0x000001e3bfc2d800 Implicit null exception at 0x000001e3ae522577 to 0x000001e3ae522700
Event: 24.378 Thread 0x000001e3bfc2d800 Exception <a 'net/rubygrapefruit/platform/NativeException'{0x000000008fb1dfc8}: Execution timed out> (0x000000008fb1dfc8) thrown at [src/hotspot/share/prims/jni.cpp, line 638]
Event: 29.386 Thread 0x000001e3bfc2d800 Exception <a 'net/rubygrapefruit/platform/NativeException'{0x000000008fb3c710}: Execution timed out> (0x000000008fb3c710) thrown at [src/hotspot/share/prims/jni.cpp, line 638]
Event: 29.418 Thread 0x000001e3c6ccd800 Exception <a 'java/lang/NoSuchMethodError'{0x000000008f9297d0}: <clinit>> (0x000000008f9297d0) thrown at [src/hotspot/share/prims/jni.cpp, line 1367]
Event: 29.419 Thread 0x000001e3c6ccd800 Exception <a 'java/lang/NoSuchMethodError'{0x000000008f95b050}: <clinit>> (0x000000008f95b050) thrown at [src/hotspot/share/prims/jni.cpp, line 1367]
Event: 29.425 Thread 0x000001e3c6ccd800 Exception <a 'java/lang/NoSuchMethodError'{0x000000008f9aa4d8}: <clinit>> (0x000000008f9aa4d8) thrown at [src/hotspot/share/prims/jni.cpp, line 1367]
Event: 29.431 Thread 0x000001e3bfc2d800 Exception <a 'java/lang/NoSuchMethodError'{0x000000008f835b50}: 'int java.lang.invoke.DirectMethodHandle$Holder.invokeSpecial(java.lang.Object, java.lang.Object, java.lang.Object, java.lang.Object, java.lang.Object)'> (0x000000008f835b50) thrown at [src/hotspot/share/interpreter/linkResolver.cpp, line 773]

Events (20 events):
Event: 29.432 loading class org/gradle/internal/snapshot/impl/FileSystemSnapshotFilter$FilteringVisitor
Event: 29.432 loading class org/gradle/internal/snapshot/impl/FileSystemSnapshotFilter$FilteringVisitor done
Event: 29.433 loading class org/gradle/internal/snapshot/impl/FileSystemSnapshotFilter$FilteringVisitor$1
Event: 29.433 loading class org/gradle/internal/snapshot/impl/FileSystemSnapshotFilter$FilteringVisitor$1 done
Event: 29.433 loading class org/gradle/internal/fingerprint/impl/PatternSetSnapshottingFilter$LogicalFileTreeElement
Event: 29.433 loading class org/gradle/internal/fingerprint/impl/PatternSetSnapshottingFilter$LogicalFileTreeElement done
Event: 29.433 loading class org/gradle/api/file/RelativePath
Event: 29.433 loading class org/gradle/api/file/RelativePath done
Event: 29.434 loading class org/gradle/api/tasks/util/internal/CachingPatternSpecFactory$CachingSpec$1
Event: 29.434 loading class org/gradle/api/tasks/util/internal/CachingPatternSpecFactory$CachingSpec$1 done
Event: 29.435 loading class org/gradle/internal/snapshot/UnknownFileSystemNode
Event: 29.435 loading class org/gradle/internal/snapshot/UnknownFileSystemNode done
Event: 29.435 Executing VM operation: Deoptimize
Event: 29.436 Executing VM operation: Deoptimize done
Event: 29.441 loading class com/android/build/gradle/tasks/GenerateBuildConfigKt
Event: 29.441 loading class com/android/build/gradle/tasks/GenerateBuildConfigKt done
Event: 29.441 loading class com/android/build/gradle/internal/core/VariantDslInfoImpl$computeVersionNameSuffix$2
Event: 29.441 loading class com/android/build/gradle/internal/core/VariantDslInfoImpl$computeVersionNameSuffix$2 done
Event: 29.442 loading class org/gradle/execution/plan/LocalTaskNodeExecutor$1
Event: 29.442 loading class org/gradle/execution/plan/LocalTaskNodeExecutor$1 done


Dynamic libraries:
0x00007ff69d7d0000 - 0x00007ff69d7da000 	C:\Program Files\Android\Android Studio\jbr\bin\java.exe
0x00007ffaf4210000 - 0x00007ffaf4406000 	C:\Windows\SYSTEM32\ntdll.dll
0x00007ffaf3b40000 - 0x00007ffaf3bfd000 	C:\Windows\System32\KERNEL32.DLL
0x00007ffaf1c70000 - 0x00007ffaf1f39000 	C:\Windows\System32\KERNELBASE.dll
0x00007ffaf1a60000 - 0x00007ffaf1b60000 	C:\Windows\System32\ucrtbase.dll
0x00007ffaed420000 - 0x00007ffaed43b000 	C:\Program Files\Android\Android Studio\jbr\bin\VCRUNTIME140.dll
0x00007ffad8e20000 - 0x00007ffad8e37000 	C:\Program Files\Android\Android Studio\jbr\bin\jli.dll
0x00007ffaf39a0000 - 0x00007ffaf3b40000 	C:\Windows\System32\USER32.dll
0x00007ffaf1f40000 - 0x00007ffaf1f62000 	C:\Windows\System32\win32u.dll
0x00007ffaf2d10000 - 0x00007ffaf2d3a000 	C:\Windows\System32\GDI32.dll
0x00007ffaf1950000 - 0x00007ffaf1a5b000 	C:\Windows\System32\gdi32full.dll
0x00007ffaf1fa0000 - 0x00007ffaf203d000 	C:\Windows\System32\msvcp_win.dll
0x00007ffae3810000 - 0x00007ffae3aab000 	C:\Windows\WinSxS\amd64_microsoft.windows.common-controls_6595b64144ccf1df_6.0.19041.746_none_ca02b4b61b8320a4\COMCTL32.dll
0x00007ffaf3900000 - 0x00007ffaf399e000 	C:\Windows\System32\msvcrt.dll
0x00007ffaf3d20000 - 0x00007ffaf3d50000 	C:\Windows\System32\IMM32.DLL
0x00007ffab8970000 - 0x00007ffab89cb000 	C:\ProgramData\Microsoft\DbgCtr\XShellDLL64_6015.dll
0x00007ffaf2d40000 - 0x00007ffaf2dec000 	C:\Windows\System32\ADVAPI32.dll
0x00007ffaf2320000 - 0x00007ffaf23bc000 	C:\Windows\System32\sechost.dll
0x00007ffaf3d50000 - 0x00007ffaf3e7b000 	C:\Windows\System32\RPCRT4.dll
0x00007ffaf2fb0000 - 0x00007ffaf36f2000 	C:\Windows\System32\SHELL32.dll
0x00007ffad99c0000 - 0x00007ffad99cc000 	C:\Program Files\Android\Android Studio\jbr\bin\vcruntime140_1.dll
0x00007ffad79a0000 - 0x00007ffad7a2d000 	C:\Program Files\Android\Android Studio\jbr\bin\msvcp140.dll
0x00007ffaab3e0000 - 0x00007ffaabf9c000 	C:\Program Files\Android\Android Studio\jbr\bin\server\jvm.dll
0x00007ffaf3e80000 - 0x00007ffaf3e88000 	C:\Windows\System32\PSAPI.DLL
0x00007ffae3410000 - 0x00007ffae3419000 	C:\Windows\SYSTEM32\WSOCK32.dll
0x00007ffaf2e50000 - 0x00007ffaf2ebb000 	C:\Windows\System32\WS2_32.dll
0x00007ffaca860000 - 0x00007ffaca887000 	C:\Windows\SYSTEM32\WINMM.dll
0x00007ffaef490000 - 0x00007ffaef49a000 	C:\Windows\SYSTEM32\VERSION.dll
0x00007ffaef950000 - 0x00007ffaef962000 	C:\Windows\SYSTEM32\kernel.appcore.dll
0x00007ffad99b0000 - 0x00007ffad99c0000 	C:\Program Files\Android\Android Studio\jbr\bin\verify.dll
0x00007ffadc7b0000 - 0x00007ffadc994000 	C:\Windows\SYSTEM32\DBGHELP.DLL
0x00007ffadc780000 - 0x00007ffadc7ac000 	C:\Windows\SYSTEM32\dbgcore.DLL
0x00007ffaf2040000 - 0x00007ffaf20c0000 	C:\Windows\System32\bcryptPrimitives.dll
0x00007ffad7b80000 - 0x00007ffad7ba8000 	C:\Program Files\Android\Android Studio\jbr\bin\java.dll
0x00007ffad7dc0000 - 0x00007ffad7dca000 	C:\Program Files\Android\Android Studio\jbr\bin\jimage.dll
0x00007ffad7b60000 - 0x00007ffad7b78000 	C:\Program Files\Android\Android Studio\jbr\bin\zip.dll
0x00007ffaefac0000 - 0x00007ffaf0250000 	C:\Windows\SYSTEM32\windows.storage.dll
0x00007ffaf2830000 - 0x00007ffaf2b86000 	C:\Windows\System32\combase.dll
0x00007ffaf13b0000 - 0x00007ffaf13dc000 	C:\Windows\SYSTEM32\Wldp.dll
0x00007ffaf3c70000 - 0x00007ffaf3d1e000 	C:\Windows\System32\SHCORE.dll
0x00007ffaf2df0000 - 0x00007ffaf2e45000 	C:\Windows\System32\shlwapi.dll
0x00007ffaf1880000 - 0x00007ffaf18a6000 	C:\Windows\SYSTEM32\profapi.dll
0x00007ffad60e0000 - 0x00007ffad60f9000 	C:\Program Files\Android\Android Studio\jbr\bin\net.dll
0x00007ffae4530000 - 0x00007ffae4630000 	C:\Windows\SYSTEM32\WINHTTP.dll
0x00007ffaf10c0000 - 0x00007ffaf112a000 	C:\Windows\system32\mswsock.dll
0x00007ffad60c0000 - 0x00007ffad60d3000 	C:\Program Files\Android\Android Studio\jbr\bin\nio.dll
0x00007ffad3890000 - 0x00007ffad38b7000 	C:\Users\it_04\.gradle\native\e1d6ef7f7dcc3fd88c89a11ec53ec762bb8ba0a96d01ffa2cd45eb1d1d8dd5c5\windows-amd64\native-platform.dll
0x00007ffaa4fd0000 - 0x00007ffaa5114000 	C:\Users\it_04\.gradle\native\0d407fdbe67a94daf76414ababcb853783967236a71b16ec16e742cd7a986fd3\windows-amd64\native-platform-file-events.dll
0x00007ffad7b50000 - 0x00007ffad7b5a000 	C:\Program Files\Android\Android Studio\jbr\bin\management.dll
0x00007ffad60b0000 - 0x00007ffad60bb000 	C:\Program Files\Android\Android Studio\jbr\bin\management_ext.dll
0x00007ffaf1290000 - 0x00007ffaf12a8000 	C:\Windows\SYSTEM32\CRYPTSP.dll
0x00007ffaf0a60000 - 0x00007ffaf0a94000 	C:\Windows\system32\rsaenh.dll
0x00007ffaf1f70000 - 0x00007ffaf1f97000 	C:\Windows\System32\bcrypt.dll
0x00007ffaf1800000 - 0x00007ffaf182e000 	C:\Windows\SYSTEM32\USERENV.dll
0x00007ffaf12b0000 - 0x00007ffaf12bc000 	C:\Windows\SYSTEM32\CRYPTBASE.dll
0x00007ffaf0db0000 - 0x00007ffaf0deb000 	C:\Windows\SYSTEM32\IPHLPAPI.DLL
0x00007ffaf2ec0000 - 0x00007ffaf2ec8000 	C:\Windows\System32\NSI.dll
0x00007ffaec9c0000 - 0x00007ffaec9d7000 	C:\Windows\SYSTEM32\dhcpcsvc6.DLL
0x00007ffaec9a0000 - 0x00007ffaec9bd000 	C:\Windows\SYSTEM32\dhcpcsvc.DLL
0x00007ffaf0df0000 - 0x00007ffaf0ebb000 	C:\Windows\SYSTEM32\DNSAPI.dll

dbghelp: loaded successfully - version: 4.0.5 - missing functions: none
symbol engine: initialized successfully - sym options: 0x614 - pdb path: .;C:\Program Files\Android\Android Studio\jbr\bin;C:\Windows\SYSTEM32;C:\Windows\WinSxS\amd64_microsoft.windows.common-controls_6595b64144ccf1df_6.0.19041.746_none_ca02b4b61b8320a4;C:\ProgramData\Microsoft\DbgCtr;C:\Program Files\Android\Android Studio\jbr\bin\server;C:\Users\it_04\.gradle\native\e1d6ef7f7dcc3fd88c89a11ec53ec762bb8ba0a96d01ffa2cd45eb1d1d8dd5c5\windows-amd64;C:\Users\it_04\.gradle\native\0d407fdbe67a94daf76414ababcb853783967236a71b16ec16e742cd7a986fd3\windows-amd64

VM Arguments:
jvm_args: --add-opens=java.base/java.util=ALL-UNNAMED --add-opens=java.base/java.lang=ALL-UNNAMED --add-opens=java.base/java.lang.invoke=ALL-UNNAMED --add-opens=java.base/java.util=ALL-UNNAMED --add-opens=java.prefs/java.util.prefs=ALL-UNNAMED --add-opens=java.prefs/java.util.prefs=ALL-UNNAMED --add-opens=java.base/java.nio.charset=ALL-UNNAMED --add-opens=java.base/java.net=ALL-UNNAMED --add-opens=java.base/java.util.concurrent.atomic=ALL-UNNAMED -Xmx2048m -Dfile.encoding=UTF-8 -Duser.country=US -Duser.language=en -Duser.variant 
java_command: org.gradle.launcher.daemon.bootstrap.GradleDaemon 7.5
java_class_path (initial): C:\Users\it_04\.gradle\wrapper\dists\gradle-7.5-bin\f1w0cc9nuo0eivz97x2xlu9sv\gradle-7.5\lib\gradle-launcher-7.5.jar
Launcher Type: SUN_STANDARD

[Global flags]
     intx CICompilerCount                          = 3                                         {product} {ergonomic}
     uint ConcGCThreads                            = 1                                         {product} {ergonomic}
     uint G1ConcRefinementThreads                  = 4                                         {product} {ergonomic}
   size_t G1HeapRegionSize                         = 1048576                                   {product} {ergonomic}
    uintx GCDrainStackTargetSize                   = 64                                        {product} {ergonomic}
   size_t InitialHeapSize                          = 266338304                                 {product} {ergonomic}
   size_t MarkStackSize                            = 4194304                                   {product} {ergonomic}
   size_t MaxHeapSize                              = 2147483648                                {product} {command line}
   size_t MaxNewSize                               = 1287651328                                {product} {ergonomic}
   size_t MinHeapDeltaBytes                        = 1048576                                   {product} {ergonomic}
    uintx NonNMethodCodeHeapSize                   = 5830732                                {pd product} {ergonomic}
    uintx NonProfiledCodeHeapSize                  = 122913754                              {pd product} {ergonomic}
    uintx ProfiledCodeHeapSize                     = 122913754                              {pd product} {ergonomic}
    uintx ReservedCodeCacheSize                    = 251658240                              {pd product} {ergonomic}
     bool SegmentedCodeCache                       = true                                      {product} {ergonomic}
     bool UseCompressedClassPointers               = true                                 {lp64_product} {ergonomic}
     bool UseCompressedOops                        = true                                 {lp64_product} {ergonomic}
     bool UseG1GC                                  = true                                      {product} {ergonomic}
     bool UseLargePagesIndividualAllocation        = false                                  {pd product} {ergonomic}

Logging:
Log output configuration:
 #0: stdout all=warning uptime,level,tags
 #1: stderr all=off uptime,level,tags

Environment Variables:
PATH=D:\app\it_07\product\11.2.0\client_1\bin;C:\Windows\system32;C:\Windows;C:\Windows\System32\Wbem;C:\Windows\System32\WindowsPowerShell\v1.0\;C:\Windows\System32\OpenSSH\;C:\Program Files\dotnet\;C:\Program Files\Git\cmd;C:\Users\it_04\AppData\Local\Microsoft\WindowsApps;C:\Users\it_04\.dotnet\tools
USERNAME=it_04
OS=Windows_NT
PROCESSOR_IDENTIFIER=Intel64 Family 6 Model 165 Stepping 3, GenuineIntel



---------------  S Y S T E M  ---------------

OS: Windows 10 , 64 bit Build 19041 (10.0.19041.804)
OS uptime: 0 days 1:40 hours

CPU:total 4 (initial active 4) (2 cores per cpu, 2 threads per core) family 6 model 165 stepping 3 microcode 0xe0, cmov, cx8, fxsr, mmx, sse, sse2, sse3, ssse3, sse4.1, sse4.2, popcnt, aes, clmul, erms, 3dnowpref, lzcnt, ht, tsc, tscinvbit

Memory: 4k page, system-wide physical 16242M (8040M free)
TotalPageFile size 18674M (AvailPageFile size 10118M)
current process WorkingSet (physical memory assigned to process): 505M, peak: 544M
current process commit charge ("private bytes"): 550M, peak: 581M

vm_info: OpenJDK 64-Bit Server VM (11.0.15+0-b2043.56-9505619) for windows-amd64 JRE (11.0.15+0-b2043.56-9505619), built on Jan 19 2023 02:48:00 by "builduser" with unknown MS VC++:1929

END.
