#
# A fatal error has been detected by the Java Runtime Environment:
#
#  EXCEPTION_ACCESS_VIOLATION (0xc0000005) at pc=0x0000000090fb65a0, pid=2768, tid=7472
#
# JRE version: OpenJDK Runtime Environment (11.0.15) (build 11.0.15+0-b2043.56-9505619)
# Java VM: OpenJDK 64-Bit Server VM (11.0.15+0-b2043.56-9505619, mixed mode, tiered, compressed oops, g1 gc, windows-amd64)
# Problematic frame:
# C  0x0000000090fb65a0
#
# No core dump will be written. Minidumps are not enabled by default on client versions of Windows
#
# If you would like to submit a bug report, please visit:
#   https://bugreport.java.com/bugreport/crash.jsp
# The crash happened outside the Java Virtual Machine in native code.
# See problematic frame for where to report the bug.
#

---------------  S U M M A R Y ------------

Command Line: --add-opens=java.base/java.util=ALL-UNNAMED --add-opens=java.base/java.lang=ALL-UNNAMED --add-opens=java.base/java.lang.invoke=ALL-UNNAMED --add-opens=java.base/java.util=ALL-UNNAMED --add-opens=java.prefs/java.util.prefs=ALL-UNNAMED --add-opens=java.prefs/java.util.prefs=ALL-UNNAMED --add-opens=java.base/java.nio.charset=ALL-UNNAMED --add-opens=java.base/java.net=ALL-UNNAMED --add-opens=java.base/java.util.concurrent.atomic=ALL-UNNAMED -Xmx2048m -Dfile.encoding=UTF-8 -Duser.country=US -Duser.language=en -Duser.variant org.gradle.launcher.daemon.bootstrap.GradleDaemon 7.5

Host: Intel(R) Pentium(R) Gold G6400 CPU @ 4.00GHz, 4 cores, 15G,  Windows 10 , 64 bit Build 19041 (10.0.19041.804)
Time: Wed Apr 26 08:38:23 2023 SE Asia Standard Time elapsed time: 20.028095 seconds (0d 0h 0m 20s)

---------------  T H R E A D  ---------------

Current thread (0x000001be66612800):  JavaThread "File watcher server" daemon [_thread_in_native, id=7472, stack(0x00000060d0400000,0x00000060d0500000)]

Stack: [0x00000060d0400000,0x00000060d0500000],  sp=0x00000060d04fe968,  free space=1018k
Native frames: (J=compiled Java code, j=interpreted, Vv=VM code, C=native code)
C  0x0000000090fb65a0

Java frames: (J=compiled Java code, j=interpreted, Vv=VM code)
j  net.rubygrapefruit.platform.internal.jni.AbstractFileEventFunctions$NativeFileWatcher.executeRunLoop0(Ljava/lang/Object;)V+0
j  net.rubygrapefruit.platform.internal.jni.AbstractFileEventFunctions$NativeFileWatcher.access$100(Lnet/rubygrapefruit/platform/internal/jni/AbstractFileEventFunctions$NativeFileWatcher;Ljava/lang/Object;)V+2
j  net.rubygrapefruit.platform.internal.jni.AbstractFileEventFunctions$NativeFileWatcher$1.run()V+26
v  ~StubRoutines::call_stub

siginfo: EXCEPTION_ACCESS_VIOLATION (0xc0000005), data execution prevention violation at address 0x0000000090fb65a0


Register to memory mapping:

RIP=0x0000000090fb65a0 is an oop: [Ljava.lang.Class; 
{0x0000000090fb65a0} - klass: 'java/lang/Class'[]
 - length: 0
RAX=0x0000000090fb65a0 is an oop: [Ljava.lang.Class; 
{0x0000000090fb65a0} - klass: 'java/lang/Class'[]
 - length: 0
RBX=0x0 is NULL
RCX=0x00000060d3efa398 is pointing into the stack for thread: 0x000001be64b73000
RDX=0x0 is NULL
RSP=0x00000060d04fe968 is pointing into the stack for thread: 0x000001be66612800
RBP=0x00000060d04ff338 is pointing into the stack for thread: 0x000001be66612800
RSI=0x00000060d3efa390 is pointing into the stack for thread: 0x000001be64b73000
RDI=0x00000060d3efa350 is pointing into the stack for thread: 0x000001be64b73000
R8 =0x000001be47fb0f00 points into unknown readable memory: 0x000001be47fb0cc0 | c0 0c fb 47 be 01 00 00
R9 =0x0000000000000001 is an unknown value
R10=0x0000000000008000 is an unknown value
R11=0x00000060d04fe620 is pointing into the stack for thread: 0x000001be66612800
R12=0x0 is NULL
R13={method} {0x000001be692f6600} 'executeRunLoop0' '(Ljava/lang/Object;)V' in 'net/rubygrapefruit/platform/internal/jni/AbstractFileEventFunctions$NativeFileWatcher'
R14=0x0 is NULL
R15=0x000001be66612800 is a thread


Registers:
RAX=0x0000000090fb65a0, RBX=0x0000000000000000, RCX=0x00000060d3efa398, RDX=0x0000000000000000
RSP=0x00000060d04fe968, RBP=0x00000060d04ff338, RSI=0x00000060d3efa390, RDI=0x00000060d3efa350
R8 =0x000001be47fb0f00, R9 =0x0000000000000001, R10=0x0000000000008000, R11=0x00000060d04fe620
R12=0x0000000000000000, R13=0x000001be692f65f8, R14=0x0000000000000000, R15=0x000001be66612800
RIP=0x0000000090fb65a0, EFLAGS=0x0000000000010282

Top of Stack: (sp=0x00000060d04fe968)
0x00000060d04fe968:   00007fff9eb763b9 0000000000000000
0x00000060d04fe978:   000001be4d35fa7a 000001be640752d8
0x00000060d04fe988:   00007fff9eb53133 000001be6dd77d88
0x00000060d04fe998:   000000008c56eb68 0000c6e01dadd554
0x00000060d04fe9a8:   00007fff9eb5da83 00000060d04ff360
0x00000060d04fe9b8:   00000060d3efa350 00007fff9eb4f150
0x00000060d04fe9c8:   00007fff9eb6709b 00000060d3efa390
0x00000060d04fe9d8:   000000008038e5a8 0000000000000000
0x00000060d04fe9e8:   00007fff9eb5bfae 000001be6dd77d80
0x00000060d04fe9f8:   00007fff9eb592a6 00000060d3efa390
0x00000060d04fea08:   0000000000000000 000001be6dd77d80
0x00000060d04fea18:   00007fff9eb357b3 0000000000000000
0x00000060d04fea28:   00007fff9eb664c2 00000060d04fea70
0x00000060d04fea38:   00000060d3efa390 000001be63d04a20
0x00000060d04fea48:   0000000000000000 0000000080377c01
0x00000060d04fea58:   000001be63c1fd50 0000000000000000 

Instructions: (pc=0x0000000090fb65a0)
0x0000000090fb64a0:   f1 7b 00 20 01 00 00 00 00 00 00 00 01 00 00 00
0x0000000090fb64b0:   e8 95 3f 92 00 00 00 00 01 00 00 00 00 00 00 00
0x0000000090fb64c0:   3d 35 00 20 a2 04 00 00 f0 61 fb 90 28 b6 f3 90
0x0000000090fb64d0:   00 00 00 00 00 00 00 00 05 00 00 00 00 00 00 00
0x0000000090fb64e0:   07 35 02 20 06 00 00 00 06 00 00 00 00 00 00 00
0x0000000090fb64f0:   a8 9a 3f 92 00 00 00 00 05 00 00 00 00 00 00 00
0x0000000090fb6500:   e0 03 05 20 00 00 00 00 01 00 00 00 f0 61 fb 90
0x0000000090fb6510:   a0 13 6f 80 30 74 da 80 48 c4 6f 80 f0 61 fb 90
0x0000000090fb6520:   28 b6 f3 90 a0 17 dc 80 30 b9 f3 90 30 b9 f3 90
0x0000000090fb6530:   f0 97 f9 90 00 00 00 00 60 a4 9f 81 10 74 da 80
0x0000000090fb6540:   05 00 00 00 00 00 00 00 bc 51 01 20 a0 13 6f 80
0x0000000090fb6550:   1c 31 36 bb 87 01 00 00 78 c8 6f 80 00 00 00 00
0x0000000090fb6560:   01 00 00 00 f0 61 fb 90 28 b6 f3 90 f0 97 f9 90
0x0000000090fb6570:   00 00 00 00 98 bd 55 80 f0 61 fb 90 a0 17 dc 80
0x0000000090fb6580:   05 00 00 00 00 00 00 00 81 62 00 20 a2 04 00 00
0x0000000090fb6590:   f0 61 fb 90 c8 35 4e 91 00 00 00 00 00 00 00 00
0x0000000090fb65a0:   01 00 00 00 00 00 00 00 ad 27 00 20 00 00 00 00
0x0000000090fb65b0:   05 00 00 00 00 00 00 00 c3 7a 01 20 d8 7c fb 90
0x0000000090fb65c0:   00 31 55 80 00 00 00 00 01 00 00 00 00 00 00 00
0x0000000090fb65d0:   40 db 00 20 97 00 00 00 38 68 fb 90 90 68 fb 90
0x0000000090fb65e0:   e8 68 fb 90 40 69 fb 90 98 69 fb 90 f0 69 fb 90
0x0000000090fb65f0:   48 6a fb 90 a0 6a fb 90 f8 6a fb 90 50 6b fb 90
0x0000000090fb6600:   a8 6b fb 90 00 6c fb 90 58 6c fb 90 b0 6c fb 90
0x0000000090fb6610:   08 6d fb 90 60 6d fb 90 b8 6d fb 90 10 6e fb 90
0x0000000090fb6620:   68 6e fb 90 c0 6e fb 90 18 6f fb 90 70 6f fb 90
0x0000000090fb6630:   c8 6f fb 90 20 70 fb 90 78 70 fb 90 d0 70 fb 90
0x0000000090fb6640:   28 71 fb 90 80 71 fb 90 d8 71 fb 90 30 72 fb 90
0x0000000090fb6650:   88 72 fb 90 e0 72 fb 90 38 73 fb 90 90 73 fb 90
0x0000000090fb6660:   e8 73 fb 90 40 74 fb 90 98 74 fb 90 f0 74 fb 90
0x0000000090fb6670:   48 75 fb 90 a0 75 fb 90 f8 75 fb 90 50 76 fb 90
0x0000000090fb6680:   a8 76 fb 90 00 77 fb 90 58 77 fb 90 b0 77 fb 90
0x0000000090fb6690:   08 78 fb 90 60 78 fb 90 b8 78 fb 90 10 79 fb 90 


Stack slot to memory mapping:
stack at sp + 0 slots: 0x00007fff9eb763b9 native-platform-file-events.dll
stack at sp + 1 slots: 0x0 is NULL
stack at sp + 2 slots: 0x000001be4d35fa7a is at code_begin+2458 in an Interpreter codelet
method entry point (kind = native)  [0x000001be4d35f0e0, 0x000001be4d35fb60]  2688 bytes
stack at sp + 3 slots: {method} {0x000001be640752e0} 'findEntry' '(Ljava/lang/String;)J' in 'java/lang/ClassLoader$NativeLibrary'
stack at sp + 4 slots: 0x00007fff9eb53133 native-platform-file-events.dll
stack at sp + 5 slots: 0x000001be6dd77d88 points into unknown readable memory: 0x535f46495f454843 | 43 48 45 5f 49 46 5f 53
stack at sp + 6 slots: 0x000000008c56eb68 is an unallocated location in the heap
stack at sp + 7 slots: 0x0000c6e01dadd554 is an unknown value


---------------  P R O C E S S  ---------------

Threads class SMR info:
_java_thread_list=0x000001be6dd71ba0, length=86, elements={
0x000001be47ecc000, 0x000001be63bfc800, 0x000001be63bfe000, 0x000001be64480000,
0x000001be64481000, 0x000001be64484000, 0x000001be64487000, 0x000001be644ea000,
0x000001be644ea800, 0x000001be645f8800, 0x000001be66ba2000, 0x000001be6789e800,
0x000001be6681c800, 0x000001be678eb000, 0x000001be678f0000, 0x000001be66706000,
0x000001be65e88000, 0x000001be67267000, 0x000001be66797000, 0x000001be64dd0000,
0x000001be66611000, 0x000001be66613800, 0x000001be66612000, 0x000001be66612800,
0x000001be6660d800, 0x000001be66614000, 0x000001be6660e800, 0x000001be6660f800,
0x000001be66bc7800, 0x000001be66bc4000, 0x000001be66bc3800, 0x000001be66bc5000,
0x000001be66bce000, 0x000001be66bcb800, 0x000001be66bcc800, 0x000001be66bca000,
0x000001be66bc9000, 0x000001be66bcd000, 0x000001be66bcf000, 0x000001be66bcf800,
0x000001be66bd0800, 0x000001be66bca800, 0x000001be66bd1000, 0x000001be681f4800,
0x000001be681f3000, 0x000001be681f1800, 0x000001be681ef000, 0x000001be681f2800,
0x000001be681f0800, 0x000001be681f4000, 0x000001be681f5800, 0x000001be681f0000,
0x000001be681f8000, 0x000001be681fa800, 0x000001be681fb800, 0x000001be681fc000,
0x000001be681f7000, 0x000001be681f9800, 0x000001be681f6800, 0x000001be681fd000,
0x000001be681fd800, 0x000001be681f9000, 0x000001be64b69000, 0x000001be64b65800,
0x000001be64b6a000, 0x000001be64b66800, 0x000001be64b6a800, 0x000001be64b65000,
0x000001be64b6b800, 0x000001be64b6c000, 0x000001be64b6d000, 0x000001be64b68000,
0x000001be64b67800, 0x000001be64b73800, 0x000001be64b6e000, 0x000001be64b6e800,
0x000001be64b6f800, 0x000001be64b70800, 0x000001be64b71000, 0x000001be64b72000,
0x000001be64b73000, 0x000001be6a0f1800, 0x000001be6a0f3000, 0x000001be6a0f4800,
0x000001be6a0f2000, 0x000001be647fe000
}

Java Threads: ( => current thread )
  0x000001be47ecc000 JavaThread "main" [_thread_blocked, id=3504, stack(0x00000060ce200000,0x00000060ce300000)]
  0x000001be63bfc800 JavaThread "Reference Handler" daemon [_thread_blocked, id=10344, stack(0x00000060ce900000,0x00000060cea00000)]
  0x000001be63bfe000 JavaThread "Finalizer" daemon [_thread_blocked, id=1084, stack(0x00000060cea00000,0x00000060ceb00000)]
  0x000001be64480000 JavaThread "Signal Dispatcher" daemon [_thread_blocked, id=5524, stack(0x00000060ceb00000,0x00000060cec00000)]
  0x000001be64481000 JavaThread "Attach Listener" daemon [_thread_blocked, id=3196, stack(0x00000060cec00000,0x00000060ced00000)]
  0x000001be64484000 JavaThread "Service Thread" daemon [_thread_blocked, id=5968, stack(0x00000060ced00000,0x00000060cee00000)]
  0x000001be64487000 JavaThread "C2 CompilerThread0" daemon [_thread_blocked, id=3172, stack(0x00000060cee00000,0x00000060cef00000)]
  0x000001be644ea000 JavaThread "C1 CompilerThread0" daemon [_thread_blocked, id=8768, stack(0x00000060cef00000,0x00000060cf000000)]
  0x000001be644ea800 JavaThread "Sweeper thread" daemon [_thread_blocked, id=7900, stack(0x00000060cf000000,0x00000060cf100000)]
  0x000001be645f8800 JavaThread "Common-Cleaner" daemon [_thread_blocked, id=6436, stack(0x00000060cf100000,0x00000060cf200000)]
  0x000001be66ba2000 JavaThread "Daemon health stats" [_thread_blocked, id=2492, stack(0x00000060cf700000,0x00000060cf800000)]
  0x000001be6789e800 JavaThread "Incoming local TCP Connector on port 57137" [_thread_in_native, id=7180, stack(0x00000060cf800000,0x00000060cf900000)]
  0x000001be6681c800 JavaThread "Daemon periodic checks" [_thread_blocked, id=2176, stack(0x00000060cf900000,0x00000060cfa00000)]
  0x000001be678eb000 JavaThread "Daemon" [_thread_blocked, id=3216, stack(0x00000060cfa00000,0x00000060cfb00000)]
  0x000001be678f0000 JavaThread "Handler for socket connection from /127.0.0.1:57137 to /127.0.0.1:57138" [_thread_in_native, id=5556, stack(0x00000060cfb00000,0x00000060cfc00000)]
  0x000001be66706000 JavaThread "Cancel handler" [_thread_blocked, id=7792, stack(0x00000060cfc00000,0x00000060cfd00000)]
  0x000001be65e88000 JavaThread "Daemon worker" [_thread_blocked, id=10844, stack(0x00000060cfd00000,0x00000060cfe00000)]
  0x000001be67267000 JavaThread "Asynchronous log dispatcher for DefaultDaemonConnection: socket connection from /127.0.0.1:57137 to /127.0.0.1:57138" [_thread_blocked, id=8596, stack(0x00000060cfe00000,0x00000060cff00000)]
  0x000001be66797000 JavaThread "Stdin handler" [_thread_blocked, id=2504, stack(0x00000060cff00000,0x00000060d0000000)]
  0x000001be64dd0000 JavaThread "Daemon client event forwarder" [_thread_blocked, id=9784, stack(0x00000060d0000000,0x00000060d0100000)]
  0x000001be66611000 JavaThread "Cache worker for journal cache (C:\Users\it_04\.gradle\caches\journal-1)" [_thread_blocked, id=11260, stack(0x00000060d0100000,0x00000060d0200000)]
  0x000001be66613800 JavaThread "File lock request listener" [_thread_in_native, id=2904, stack(0x00000060d0200000,0x00000060d0300000)]
  0x000001be66612000 JavaThread "Cache worker for file hash cache (C:\Users\it_04\.gradle\caches\7.5\fileHashes)" [_thread_blocked, id=3880, stack(0x00000060d0300000,0x00000060d0400000)]
=>0x000001be66612800 JavaThread "File watcher server" daemon [_thread_in_native, id=7472, stack(0x00000060d0400000,0x00000060d0500000)]
  0x000001be6660d800 JavaThread "Cache worker for checksums cache (D:\SourceAndroid\KyThuat\.gradle\7.5\checksums)" [_thread_blocked, id=3080, stack(0x00000060d0600000,0x00000060d0700000)]
  0x000001be66614000 JavaThread "Cache worker for cache directory md-rule (C:\Users\it_04\.gradle\caches\7.5\md-rule)" [_thread_blocked, id=7780, stack(0x00000060d0700000,0x00000060d0800000)]
  0x000001be6660e800 JavaThread "Cache worker for file content cache (C:\Users\it_04\.gradle\caches\7.5\fileContent)" [_thread_blocked, id=3356, stack(0x00000060d0800000,0x00000060d0900000)]
  0x000001be6660f800 JavaThread "Cache worker for file hash cache (D:\SourceAndroid\KyThuat\.gradle\7.5\fileHashes)" [_thread_blocked, id=7804, stack(0x00000060d0900000,0x00000060d0a00000)]
  0x000001be66bc7800 JavaThread "Cache worker for cache directory md-supplier (C:\Users\it_04\.gradle\caches\7.5\md-supplier)" [_thread_blocked, id=2620, stack(0x00000060d0a00000,0x00000060d0b00000)]
  0x000001be66bc4000 JavaThread "Cache worker for execution history cache (C:\Users\it_04\.gradle\caches\7.5\executionHistory)" [_thread_blocked, id=10824, stack(0x00000060d0b00000,0x00000060d0c00000)]
  0x000001be66bc3800 JavaThread "jar transforms" [_thread_blocked, id=6052, stack(0x00000060d0c00000,0x00000060d0d00000)]
  0x000001be66bc5000 JavaThread "jar transforms Thread 2" [_thread_blocked, id=7212, stack(0x00000060d0d00000,0x00000060d0e00000)]
  0x000001be66bce000 JavaThread "jar transforms Thread 3" [_thread_blocked, id=7068, stack(0x00000060d0e00000,0x00000060d0f00000)]
  0x000001be66bcb800 JavaThread "jar transforms Thread 4" [_thread_blocked, id=7496, stack(0x00000060d0f00000,0x00000060d1000000)]
  0x000001be66bcc800 JavaThread "Cache worker for dependencies-accessors (D:\SourceAndroid\KyThuat\.gradle\7.5\dependencies-accessors)" [_thread_blocked, id=2148, stack(0x00000060d1000000,0x00000060d1100000)]
  0x000001be66bca000 JavaThread "Cache worker for Build Output Cleanup Cache (D:\SourceAndroid\KyThuat\.gradle\buildOutputCleanup)" [_thread_blocked, id=10884, stack(0x00000060d1100000,0x00000060d1200000)]
  0x000001be66bc9000 JavaThread "Unconstrained build operations" [_thread_blocked, id=3320, stack(0x00000060d1200000,0x00000060d1300000)]
  0x000001be66bcd000 JavaThread "Unconstrained build operations Thread 2" [_thread_blocked, id=10800, stack(0x00000060d1300000,0x00000060d1400000)]
  0x000001be66bcf000 JavaThread "Unconstrained build operations Thread 3" [_thread_blocked, id=4536, stack(0x00000060d1400000,0x00000060d1500000)]
  0x000001be66bcf800 JavaThread "Unconstrained build operations Thread 4" [_thread_blocked, id=1412, stack(0x00000060d1500000,0x00000060d1600000)]
  0x000001be66bd0800 JavaThread "Unconstrained build operations Thread 5" [_thread_blocked, id=9856, stack(0x00000060d1600000,0x00000060d1700000)]
  0x000001be66bca800 JavaThread "Unconstrained build operations Thread 6" [_thread_blocked, id=5184, stack(0x00000060d1700000,0x00000060d1800000)]
  0x000001be66bd1000 JavaThread "Unconstrained build operations Thread 7" [_thread_blocked, id=10272, stack(0x00000060d1800000,0x00000060d1900000)]
  0x000001be681f4800 JavaThread "Unconstrained build operations Thread 8" [_thread_blocked, id=10944, stack(0x00000060d1900000,0x00000060d1a00000)]
  0x000001be681f3000 JavaThread "Unconstrained build operations Thread 9" [_thread_blocked, id=3444, stack(0x00000060d1a00000,0x00000060d1b00000)]
  0x000001be681f1800 JavaThread "Unconstrained build operations Thread 10" [_thread_blocked, id=6572, stack(0x00000060d1b00000,0x00000060d1c00000)]
  0x000001be681ef000 JavaThread "Unconstrained build operations Thread 11" [_thread_blocked, id=1644, stack(0x00000060d1c00000,0x00000060d1d00000)]
  0x000001be681f2800 JavaThread "Unconstrained build operations Thread 12" [_thread_blocked, id=11044, stack(0x00000060d1d00000,0x00000060d1e00000)]
  0x000001be681f0800 JavaThread "Unconstrained build operations Thread 13" [_thread_blocked, id=10864, stack(0x00000060d1e00000,0x00000060d1f00000)]
  0x000001be681f4000 JavaThread "Unconstrained build operations Thread 14" [_thread_blocked, id=9840, stack(0x00000060d1f00000,0x00000060d2000000)]
  0x000001be681f5800 JavaThread "Unconstrained build operations Thread 15" [_thread_blocked, id=5612, stack(0x00000060d2000000,0x00000060d2100000)]
  0x000001be681f0000 JavaThread "Unconstrained build operations Thread 16" [_thread_blocked, id=5560, stack(0x00000060d2100000,0x00000060d2200000)]
  0x000001be681f8000 JavaThread "Unconstrained build operations Thread 17" [_thread_blocked, id=4460, stack(0x00000060d2200000,0x00000060d2300000)]
  0x000001be681fa800 JavaThread "Unconstrained build operations Thread 18" [_thread_blocked, id=8068, stack(0x00000060d2300000,0x00000060d2400000)]
  0x000001be681fb800 JavaThread "Unconstrained build operations Thread 19" [_thread_blocked, id=1180, stack(0x00000060d2400000,0x00000060d2500000)]
  0x000001be681fc000 JavaThread "Unconstrained build operations Thread 20" [_thread_blocked, id=1280, stack(0x00000060d2500000,0x00000060d2600000)]
  0x000001be681f7000 JavaThread "Unconstrained build operations Thread 21" [_thread_blocked, id=10328, stack(0x00000060d2600000,0x00000060d2700000)]
  0x000001be681f9800 JavaThread "Unconstrained build operations Thread 22" [_thread_blocked, id=7524, stack(0x00000060d2700000,0x00000060d2800000)]
  0x000001be681f6800 JavaThread "Unconstrained build operations Thread 23" [_thread_blocked, id=1836, stack(0x00000060d2800000,0x00000060d2900000)]
  0x000001be681fd000 JavaThread "Unconstrained build operations Thread 24" [_thread_blocked, id=9652, stack(0x00000060d2900000,0x00000060d2a00000)]
  0x000001be681fd800 JavaThread "Unconstrained build operations Thread 25" [_thread_blocked, id=10432, stack(0x00000060d2a00000,0x00000060d2b00000)]
  0x000001be681f9000 JavaThread "Unconstrained build operations Thread 26" [_thread_blocked, id=1420, stack(0x00000060d2b00000,0x00000060d2c00000)]
  0x000001be64b69000 JavaThread "Unconstrained build operations Thread 27" [_thread_blocked, id=2984, stack(0x00000060d2c00000,0x00000060d2d00000)]
  0x000001be64b65800 JavaThread "Unconstrained build operations Thread 28" [_thread_blocked, id=5420, stack(0x00000060d2d00000,0x00000060d2e00000)]
  0x000001be64b6a000 JavaThread "Unconstrained build operations Thread 29" [_thread_blocked, id=10112, stack(0x00000060d2e00000,0x00000060d2f00000)]
  0x000001be64b66800 JavaThread "Unconstrained build operations Thread 30" [_thread_blocked, id=2704, stack(0x00000060d2f00000,0x00000060d3000000)]
  0x000001be64b6a800 JavaThread "Unconstrained build operations Thread 31" [_thread_blocked, id=2616, stack(0x00000060d3000000,0x00000060d3100000)]
  0x000001be64b65000 JavaThread "Unconstrained build operations Thread 32" [_thread_blocked, id=8900, stack(0x00000060d3100000,0x00000060d3200000)]
  0x000001be64b6b800 JavaThread "Unconstrained build operations Thread 33" [_thread_blocked, id=6800, stack(0x00000060d3200000,0x00000060d3300000)]
  0x000001be64b6c000 JavaThread "Unconstrained build operations Thread 34" [_thread_blocked, id=7660, stack(0x00000060d3300000,0x00000060d3400000)]
  0x000001be64b6d000 JavaThread "Unconstrained build operations Thread 35" [_thread_blocked, id=11052, stack(0x00000060d3400000,0x00000060d3500000)]
  0x000001be64b68000 JavaThread "Unconstrained build operations Thread 36" [_thread_blocked, id=10840, stack(0x00000060d3500000,0x00000060d3600000)]
  0x000001be64b67800 JavaThread "Unconstrained build operations Thread 37" [_thread_blocked, id=2220, stack(0x00000060d3600000,0x00000060d3700000)]
  0x000001be64b73800 JavaThread "Unconstrained build operations Thread 38" [_thread_blocked, id=1512, stack(0x00000060d3700000,0x00000060d3800000)]
  0x000001be64b6e000 JavaThread "Unconstrained build operations Thread 39" [_thread_blocked, id=8440, stack(0x00000060d3800000,0x00000060d3900000)]
  0x000001be64b6e800 JavaThread "Unconstrained build operations Thread 40" [_thread_blocked, id=5640, stack(0x00000060d3900000,0x00000060d3a00000)]
  0x000001be64b6f800 JavaThread "Memory manager" [_thread_blocked, id=10804, stack(0x00000060d3a00000,0x00000060d3b00000)]
  0x000001be64b70800 JavaThread "build event listener" [_thread_blocked, id=5984, stack(0x00000060d3b00000,0x00000060d3c00000)]
  0x000001be64b71000 JavaThread "pool-3-thread-1" [_thread_blocked, id=9972, stack(0x00000060d3c00000,0x00000060d3d00000)]
  0x000001be64b72000 JavaThread "build event listener" [_thread_blocked, id=7064, stack(0x00000060d3d00000,0x00000060d3e00000)]
  0x000001be64b73000 JavaThread "included builds" [_thread_in_Java, id=7336, stack(0x00000060d3e00000,0x00000060d3f00000)]
  0x000001be6a0f1800 JavaThread "Execution worker" [_thread_blocked, id=5544, stack(0x00000060d3f00000,0x00000060d4000000)]
  0x000001be6a0f3000 JavaThread "Execution worker Thread 2" [_thread_blocked, id=3160, stack(0x00000060d4000000,0x00000060d4100000)]
  0x000001be6a0f4800 JavaThread "Execution worker Thread 3" [_thread_blocked, id=7832, stack(0x00000060d4100000,0x00000060d4200000)]
  0x000001be6a0f2000 JavaThread "Cache worker for execution history cache (D:\SourceAndroid\KyThuat\.gradle\7.5\executionHistory)" [_thread_blocked, id=6272, stack(0x00000060d4200000,0x00000060d4300000)]
  0x000001be647fe000 JavaThread "C2 CompilerThread1" daemon [_thread_in_native, id=10436, stack(0x00000060cf300000,0x00000060cf400000)]

Other Threads:
  0x000001be63bf6800 VMThread "VM Thread" [stack: 0x00000060ce800000,0x00000060ce900000] [id=4400]
  0x000001be645ff000 WatcherThread [stack: 0x00000060cf200000,0x00000060cf300000] [id=3180]
  0x000001be48058800 GCTaskThread "GC Thread#0" [stack: 0x00000060ce300000,0x00000060ce400000] [id=2368]
  0x000001be64ec1800 GCTaskThread "GC Thread#1" [stack: 0x00000060cf400000,0x00000060cf500000] [id=7344]
  0x000001be647fc800 GCTaskThread "GC Thread#2" [stack: 0x00000060cf500000,0x00000060cf600000] [id=10652]
  0x000001be64d7b800 GCTaskThread "GC Thread#3" [stack: 0x00000060cf600000,0x00000060cf700000] [id=4872]
  0x000001be48088800 ConcurrentGCThread "G1 Main Marker" [stack: 0x00000060ce400000,0x00000060ce500000] [id=6704]
  0x000001be48089800 ConcurrentGCThread "G1 Conc#0" [stack: 0x00000060ce500000,0x00000060ce600000] [id=2980]
  0x000001be4811e000 ConcurrentGCThread "G1 Refine#0" [stack: 0x00000060ce600000,0x00000060ce700000] [id=7696]
  0x000001be63a68800 ConcurrentGCThread "G1 Young RemSet Sampling" [stack: 0x00000060ce700000,0x00000060ce800000] [id=7540]

Threads with active compile tasks:
C2 CompilerThread0    20068 8573       4       java.io.ObjectOutputStream$BlockDataOutputStream::writeBytes (144 bytes)
C2 CompilerThread1    20068 8559       4       jdk.internal.org.objectweb.asm.ClassWriter::newNameTypeItem (71 bytes)

VM state:not at safepoint (normal execution)

VM Mutex/Monitor currently owned by a thread: None

Heap address: 0x0000000080000000, size: 2048 MB, Compressed Oops mode: 32-bit
Narrow klass base: 0x0000000000000000, Narrow klass shift: 3
Compressed class space size: 1073741824 Address: 0x0000000100000000

Heap:
 garbage-first heap   total 312320K, used 108692K [0x0000000080000000, 0x0000000100000000)
  region size 1024K, 55 young (56320K), 19 survivors (19456K)
 Metaspace       used 85792K, capacity 88036K, committed 88400K, reserved 1126400K
  class space    used 11119K, capacity 11890K, committed 12008K, reserved 1048576K
Heap Regions: E=young(eden), S=young(survivor), O=old, HS=humongous(starts), HC=humongous(continues), CS=collection set, F=free, A=archive, TAMS=top-at-mark-start (previous, next)
|   0|0x0000000080000000, 0x0000000080100000, 0x0000000080100000|100%|HS|  |TAMS 0x0000000080100000, 0x0000000080000000| Complete 
|   1|0x0000000080100000, 0x0000000080200000, 0x0000000080200000|100%|HC|  |TAMS 0x0000000080200000, 0x0000000080100000| Complete 
|   2|0x0000000080200000, 0x0000000080300000, 0x0000000080300000|100%|HC|  |TAMS 0x0000000080300000, 0x0000000080200000| Complete 
|   3|0x0000000080300000, 0x0000000080400000, 0x0000000080400000|100%| O|  |TAMS 0x0000000080400000, 0x0000000080300000| Untracked 
|   4|0x0000000080400000, 0x0000000080500000, 0x0000000080500000|100%| O|  |TAMS 0x0000000080500000, 0x0000000080400000| Untracked 
|   5|0x0000000080500000, 0x0000000080600000, 0x0000000080600000|100%| O|  |TAMS 0x0000000080600000, 0x0000000080500000| Untracked 
|   6|0x0000000080600000, 0x0000000080700000, 0x0000000080700000|100%| O|  |TAMS 0x0000000080700000, 0x0000000080600000| Untracked 
|   7|0x0000000080700000, 0x0000000080800000, 0x0000000080800000|100%| O|  |TAMS 0x0000000080800000, 0x0000000080700000| Untracked 
|   8|0x0000000080800000, 0x0000000080900000, 0x0000000080900000|100%| O|  |TAMS 0x0000000080900000, 0x0000000080800000| Untracked 
|   9|0x0000000080900000, 0x0000000080a00000, 0x0000000080a00000|100%| O|  |TAMS 0x0000000080a00000, 0x0000000080900000| Untracked 
|  10|0x0000000080a00000, 0x0000000080b00000, 0x0000000080b00000|100%| O|  |TAMS 0x0000000080b00000, 0x0000000080a00000| Untracked 
|  11|0x0000000080b00000, 0x0000000080c00000, 0x0000000080c00000|100%| O|  |TAMS 0x0000000080c00000, 0x0000000080b00000| Untracked 
|  12|0x0000000080c00000, 0x0000000080d00000, 0x0000000080d00000|100%| O|  |TAMS 0x0000000080d00000, 0x0000000080c00000| Untracked 
|  13|0x0000000080d00000, 0x0000000080e00000, 0x0000000080e00000|100%| O|  |TAMS 0x0000000080e00000, 0x0000000080d00000| Untracked 
|  14|0x0000000080e00000, 0x0000000080f00000, 0x0000000080f00000|100%| O|  |TAMS 0x0000000080f00000, 0x0000000080e00000| Untracked 
|  15|0x0000000080f00000, 0x0000000081000000, 0x0000000081000000|100%| O|  |TAMS 0x0000000081000000, 0x0000000080f00000| Untracked 
|  16|0x0000000081000000, 0x0000000081100000, 0x0000000081100000|100%| O|  |TAMS 0x0000000081100000, 0x0000000081000000| Untracked 
|  17|0x0000000081100000, 0x0000000081200000, 0x0000000081200000|100%| O|  |TAMS 0x0000000081100000, 0x0000000081100000| Untracked 
|  18|0x0000000081200000, 0x0000000081300000, 0x0000000081300000|100%|HS|  |TAMS 0x0000000081300000, 0x0000000081200000| Complete 
|  19|0x0000000081300000, 0x0000000081400000, 0x0000000081400000|100%|HS|  |TAMS 0x0000000081400000, 0x0000000081300000| Complete 
|  20|0x0000000081400000, 0x0000000081500000, 0x0000000081500000|100%| O|  |TAMS 0x0000000081400000, 0x0000000081400000| Untracked 
|  21|0x0000000081500000, 0x0000000081600000, 0x0000000081600000|100%|HS|  |TAMS 0x0000000081600000, 0x0000000081500000| Complete 
|  22|0x0000000081600000, 0x0000000081700000, 0x0000000081700000|100%|HC|  |TAMS 0x0000000081700000, 0x0000000081600000| Complete 
|  23|0x0000000081700000, 0x0000000081800000, 0x0000000081800000|100%| O|  |TAMS 0x0000000081800000, 0x0000000081700000| Untracked 
|  24|0x0000000081800000, 0x0000000081900000, 0x0000000081900000|100%| O|  |TAMS 0x0000000081900000, 0x0000000081800000| Untracked 
|  25|0x0000000081900000, 0x0000000081a00000, 0x0000000081a00000|100%| O|  |TAMS 0x0000000081a00000, 0x0000000081900000| Untracked 
|  26|0x0000000081a00000, 0x0000000081b00000, 0x0000000081b00000|100%| O|  |TAMS 0x0000000081b00000, 0x0000000081a00000| Untracked 
|  27|0x0000000081b00000, 0x0000000081c00000, 0x0000000081c00000|100%| O|  |TAMS 0x0000000081c00000, 0x0000000081b00000| Untracked 
|  28|0x0000000081c00000, 0x0000000081d00000, 0x0000000081d00000|100%| O|  |TAMS 0x0000000081c00000, 0x0000000081c00000| Untracked 
|  29|0x0000000081d00000, 0x0000000081e00000, 0x0000000081e00000|100%| O|  |TAMS 0x0000000081d00000, 0x0000000081d00000| Untracked 
|  30|0x0000000081e00000, 0x0000000081f00000, 0x0000000081f00000|100%| O|  |TAMS 0x0000000081e00000, 0x0000000081e00000| Untracked 
|  31|0x0000000081f00000, 0x0000000082000000, 0x0000000082000000|100%| O|  |TAMS 0x0000000081f00000, 0x0000000081f00000| Untracked 
|  32|0x0000000082000000, 0x0000000082100000, 0x0000000082100000|100%| O|  |TAMS 0x0000000082000000, 0x0000000082000000| Untracked 
|  33|0x0000000082100000, 0x0000000082200000, 0x0000000082200000|100%| O|  |TAMS 0x0000000082100000, 0x0000000082100000| Untracked 
|  34|0x0000000082200000, 0x0000000082300000, 0x0000000082300000|100%| O|  |TAMS 0x0000000082300000, 0x0000000082200000| Untracked 
|  35|0x0000000082300000, 0x0000000082400000, 0x0000000082400000|100%| O|  |TAMS 0x0000000082400000, 0x0000000082300000| Untracked 
|  36|0x0000000082400000, 0x0000000082500000, 0x0000000082500000|100%| O|  |TAMS 0x0000000082500000, 0x0000000082400000| Untracked 
|  37|0x0000000082500000, 0x0000000082600000, 0x0000000082600000|100%| O|  |TAMS 0x0000000082600000, 0x0000000082500000| Untracked 
|  38|0x0000000082600000, 0x0000000082700000, 0x0000000082700000|100%| O|  |TAMS 0x0000000082700000, 0x0000000082600000| Untracked 
|  39|0x0000000082700000, 0x0000000082800000, 0x0000000082800000|100%| O|  |TAMS 0x0000000082800000, 0x0000000082700000| Untracked 
|  40|0x0000000082800000, 0x0000000082900000, 0x0000000082900000|100%| O|  |TAMS 0x0000000082900000, 0x0000000082800000| Untracked 
|  41|0x0000000082900000, 0x0000000082a00000, 0x0000000082a00000|100%| O|  |TAMS 0x0000000082a00000, 0x0000000082900000| Untracked 
|  42|0x0000000082a00000, 0x0000000082b00000, 0x0000000082b00000|100%| O|  |TAMS 0x0000000082b00000, 0x0000000082a00000| Untracked 
|  43|0x0000000082b00000, 0x0000000082c00000, 0x0000000082c00000|100%| O|  |TAMS 0x0000000082c00000, 0x0000000082b00000| Untracked 
|  44|0x0000000082c00000, 0x0000000082d00000, 0x0000000082d00000|100%| O|  |TAMS 0x0000000082d00000, 0x0000000082c00000| Untracked 
|  45|0x0000000082d00000, 0x0000000082e00000, 0x0000000082e00000|100%| O|  |TAMS 0x0000000082e00000, 0x0000000082d00000| Untracked 
|  46|0x0000000082e00000, 0x0000000082f00000, 0x0000000082f00000|100%| O|  |TAMS 0x0000000082f00000, 0x0000000082e00000| Untracked 
|  47|0x0000000082f00000, 0x0000000083000000, 0x0000000083000000|100%| O|  |TAMS 0x0000000083000000, 0x0000000082f00000| Untracked 
|  48|0x0000000083000000, 0x0000000083100000, 0x0000000083100000|100%| O|  |TAMS 0x0000000083100000, 0x0000000083000000| Untracked 
|  49|0x0000000083100000, 0x0000000083200000, 0x0000000083200000|100%| O|  |TAMS 0x0000000083200000, 0x0000000083100000| Untracked 
|  50|0x0000000083200000, 0x0000000083300000, 0x0000000083300000|100%| O|  |TAMS 0x0000000083300000, 0x0000000083200000| Untracked 
|  51|0x0000000083300000, 0x0000000083400000, 0x0000000083400000|100%| O|  |TAMS 0x00000000833fde00, 0x0000000083300000| Untracked 
|  52|0x0000000083400000, 0x0000000083500000, 0x0000000083500000|100%| O|  |TAMS 0x0000000083400000, 0x0000000083400000| Untracked 
|  53|0x0000000083500000, 0x0000000083525200, 0x0000000083600000| 14%| O|  |TAMS 0x0000000083500000, 0x0000000083500000| Untracked 
|  54|0x0000000083600000, 0x0000000083600000, 0x0000000083700000|  0%| F|  |TAMS 0x0000000083600000, 0x0000000083600000| Untracked 
|  55|0x0000000083700000, 0x0000000083700000, 0x0000000083800000|  0%| F|  |TAMS 0x0000000083700000, 0x0000000083700000| Untracked 
|  56|0x0000000083800000, 0x0000000083800000, 0x0000000083900000|  0%| F|  |TAMS 0x0000000083800000, 0x0000000083800000| Untracked 
|  57|0x0000000083900000, 0x0000000083900000, 0x0000000083a00000|  0%| F|  |TAMS 0x0000000083900000, 0x0000000083900000| Untracked 
|  58|0x0000000083a00000, 0x0000000083a00000, 0x0000000083b00000|  0%| F|  |TAMS 0x0000000083a00000, 0x0000000083a00000| Untracked 
|  59|0x0000000083b00000, 0x0000000083b00000, 0x0000000083c00000|  0%| F|  |TAMS 0x0000000083b00000, 0x0000000083b00000| Untracked 
|  60|0x0000000083c00000, 0x0000000083c00000, 0x0000000083d00000|  0%| F|  |TAMS 0x0000000083c00000, 0x0000000083c00000| Untracked 
|  61|0x0000000083d00000, 0x0000000083d00000, 0x0000000083e00000|  0%| F|  |TAMS 0x0000000083d00000, 0x0000000083d00000| Untracked 
|  62|0x0000000083e00000, 0x0000000083e00000, 0x0000000083f00000|  0%| F|  |TAMS 0x0000000083e00000, 0x0000000083e00000| Untracked 
|  63|0x0000000083f00000, 0x0000000083f00000, 0x0000000084000000|  0%| F|  |TAMS 0x0000000083f00000, 0x0000000083f00000| Untracked 
|  64|0x0000000084000000, 0x0000000084000000, 0x0000000084100000|  0%| F|  |TAMS 0x0000000084000000, 0x0000000084000000| Untracked 
|  65|0x0000000084100000, 0x0000000084100000, 0x0000000084200000|  0%| F|  |TAMS 0x0000000084100000, 0x0000000084100000| Untracked 
|  66|0x0000000084200000, 0x0000000084200000, 0x0000000084300000|  0%| F|  |TAMS 0x0000000084200000, 0x0000000084200000| Untracked 
|  67|0x0000000084300000, 0x0000000084300000, 0x0000000084400000|  0%| F|  |TAMS 0x0000000084300000, 0x0000000084300000| Untracked 
|  68|0x0000000084400000, 0x0000000084400000, 0x0000000084500000|  0%| F|  |TAMS 0x0000000084400000, 0x0000000084400000| Untracked 
|  69|0x0000000084500000, 0x0000000084500000, 0x0000000084600000|  0%| F|  |TAMS 0x0000000084500000, 0x0000000084500000| Untracked 
|  70|0x0000000084600000, 0x0000000084600000, 0x0000000084700000|  0%| F|  |TAMS 0x0000000084600000, 0x0000000084600000| Untracked 
|  71|0x0000000084700000, 0x0000000084700000, 0x0000000084800000|  0%| F|  |TAMS 0x0000000084700000, 0x0000000084700000| Untracked 
|  72|0x0000000084800000, 0x0000000084800000, 0x0000000084900000|  0%| F|  |TAMS 0x0000000084800000, 0x0000000084800000| Untracked 
|  73|0x0000000084900000, 0x0000000084900000, 0x0000000084a00000|  0%| F|  |TAMS 0x0000000084900000, 0x0000000084900000| Untracked 
|  74|0x0000000084a00000, 0x0000000084a00000, 0x0000000084b00000|  0%| F|  |TAMS 0x0000000084a00000, 0x0000000084a00000| Untracked 
|  75|0x0000000084b00000, 0x0000000084b00000, 0x0000000084c00000|  0%| F|  |TAMS 0x0000000084b00000, 0x0000000084b00000| Untracked 
|  76|0x0000000084c00000, 0x0000000084c00000, 0x0000000084d00000|  0%| F|  |TAMS 0x0000000084c00000, 0x0000000084c00000| Untracked 
|  77|0x0000000084d00000, 0x0000000084d00000, 0x0000000084e00000|  0%| F|  |TAMS 0x0000000084d00000, 0x0000000084d00000| Untracked 
|  78|0x0000000084e00000, 0x0000000084e00000, 0x0000000084f00000|  0%| F|  |TAMS 0x0000000084e00000, 0x0000000084e00000| Untracked 
|  79|0x0000000084f00000, 0x0000000084f00000, 0x0000000085000000|  0%| F|  |TAMS 0x0000000084f00000, 0x0000000084f00000| Untracked 
|  80|0x0000000085000000, 0x0000000085000000, 0x0000000085100000|  0%| F|  |TAMS 0x0000000085000000, 0x0000000085000000| Untracked 
|  81|0x0000000085100000, 0x0000000085100000, 0x0000000085200000|  0%| F|  |TAMS 0x0000000085100000, 0x0000000085100000| Untracked 
|  82|0x0000000085200000, 0x0000000085200000, 0x0000000085300000|  0%| F|  |TAMS 0x0000000085200000, 0x0000000085200000| Untracked 
|  83|0x0000000085300000, 0x0000000085300000, 0x0000000085400000|  0%| F|  |TAMS 0x0000000085300000, 0x0000000085300000| Untracked 
|  84|0x0000000085400000, 0x0000000085400000, 0x0000000085500000|  0%| F|  |TAMS 0x0000000085400000, 0x0000000085400000| Untracked 
|  85|0x0000000085500000, 0x0000000085500000, 0x0000000085600000|  0%| F|  |TAMS 0x0000000085500000, 0x0000000085500000| Untracked 
|  86|0x0000000085600000, 0x0000000085600000, 0x0000000085700000|  0%| F|  |TAMS 0x0000000085600000, 0x0000000085600000| Untracked 
|  87|0x0000000085700000, 0x0000000085700000, 0x0000000085800000|  0%| F|  |TAMS 0x0000000085700000, 0x0000000085700000| Untracked 
|  88|0x0000000085800000, 0x0000000085800000, 0x0000000085900000|  0%| F|  |TAMS 0x0000000085800000, 0x0000000085800000| Untracked 
|  89|0x0000000085900000, 0x0000000085900000, 0x0000000085a00000|  0%| F|  |TAMS 0x0000000085900000, 0x0000000085900000| Untracked 
|  90|0x0000000085a00000, 0x0000000085a00000, 0x0000000085b00000|  0%| F|  |TAMS 0x0000000085a00000, 0x0000000085a00000| Untracked 
|  91|0x0000000085b00000, 0x0000000085b00000, 0x0000000085c00000|  0%| F|  |TAMS 0x0000000085b00000, 0x0000000085b00000| Untracked 
|  92|0x0000000085c00000, 0x0000000085c00000, 0x0000000085d00000|  0%| F|  |TAMS 0x0000000085c00000, 0x0000000085c00000| Untracked 
|  93|0x0000000085d00000, 0x0000000085d00000, 0x0000000085e00000|  0%| F|  |TAMS 0x0000000085d00000, 0x0000000085d00000| Untracked 
|  94|0x0000000085e00000, 0x0000000085e00000, 0x0000000085f00000|  0%| F|  |TAMS 0x0000000085e00000, 0x0000000085e00000| Untracked 
|  95|0x0000000085f00000, 0x0000000085f00000, 0x0000000086000000|  0%| F|  |TAMS 0x0000000085f00000, 0x0000000085f00000| Untracked 
|  96|0x0000000086000000, 0x0000000086000000, 0x0000000086100000|  0%| F|  |TAMS 0x0000000086000000, 0x0000000086000000| Untracked 
|  97|0x0000000086100000, 0x0000000086100000, 0x0000000086200000|  0%| F|  |TAMS 0x0000000086100000, 0x0000000086100000| Untracked 
|  98|0x0000000086200000, 0x0000000086200000, 0x0000000086300000|  0%| F|  |TAMS 0x0000000086200000, 0x0000000086200000| Untracked 
|  99|0x0000000086300000, 0x0000000086300000, 0x0000000086400000|  0%| F|  |TAMS 0x0000000086300000, 0x0000000086300000| Untracked 
| 100|0x0000000086400000, 0x0000000086400000, 0x0000000086500000|  0%| F|  |TAMS 0x0000000086400000, 0x0000000086400000| Untracked 
| 101|0x0000000086500000, 0x0000000086500000, 0x0000000086600000|  0%| F|  |TAMS 0x0000000086500000, 0x0000000086500000| Untracked 
| 102|0x0000000086600000, 0x0000000086600000, 0x0000000086700000|  0%| F|  |TAMS 0x0000000086600000, 0x0000000086600000| Untracked 
| 103|0x0000000086700000, 0x0000000086700000, 0x0000000086800000|  0%| F|  |TAMS 0x0000000086700000, 0x0000000086700000| Untracked 
| 104|0x0000000086800000, 0x0000000086800000, 0x0000000086900000|  0%| F|  |TAMS 0x0000000086800000, 0x0000000086800000| Untracked 
| 105|0x0000000086900000, 0x0000000086900000, 0x0000000086a00000|  0%| F|  |TAMS 0x0000000086900000, 0x0000000086900000| Untracked 
| 106|0x0000000086a00000, 0x0000000086a00000, 0x0000000086b00000|  0%| F|  |TAMS 0x0000000086a00000, 0x0000000086a00000| Untracked 
| 107|0x0000000086b00000, 0x0000000086b00000, 0x0000000086c00000|  0%| F|  |TAMS 0x0000000086b00000, 0x0000000086b00000| Untracked 
| 108|0x0000000086c00000, 0x0000000086c00000, 0x0000000086d00000|  0%| F|  |TAMS 0x0000000086c00000, 0x0000000086c00000| Untracked 
| 109|0x0000000086d00000, 0x0000000086d00000, 0x0000000086e00000|  0%| F|  |TAMS 0x0000000086d00000, 0x0000000086d00000| Untracked 
| 110|0x0000000086e00000, 0x0000000086e00000, 0x0000000086f00000|  0%| F|  |TAMS 0x0000000086e00000, 0x0000000086e00000| Untracked 
| 111|0x0000000086f00000, 0x0000000086f00000, 0x0000000087000000|  0%| F|  |TAMS 0x0000000086f00000, 0x0000000086f00000| Untracked 
| 112|0x0000000087000000, 0x0000000087000000, 0x0000000087100000|  0%| F|  |TAMS 0x0000000087000000, 0x0000000087000000| Untracked 
| 113|0x0000000087100000, 0x0000000087100000, 0x0000000087200000|  0%| F|  |TAMS 0x0000000087100000, 0x0000000087100000| Untracked 
| 114|0x0000000087200000, 0x0000000087200000, 0x0000000087300000|  0%| F|  |TAMS 0x0000000087200000, 0x0000000087200000| Untracked 
| 115|0x0000000087300000, 0x0000000087300000, 0x0000000087400000|  0%| F|  |TAMS 0x0000000087300000, 0x0000000087300000| Untracked 
| 116|0x0000000087400000, 0x0000000087400000, 0x0000000087500000|  0%| F|  |TAMS 0x0000000087400000, 0x0000000087400000| Untracked 
| 117|0x0000000087500000, 0x0000000087500000, 0x0000000087600000|  0%| F|  |TAMS 0x0000000087500000, 0x0000000087500000| Untracked 
| 118|0x0000000087600000, 0x0000000087600000, 0x0000000087700000|  0%| F|  |TAMS 0x0000000087600000, 0x0000000087600000| Untracked 
| 119|0x0000000087700000, 0x0000000087700000, 0x0000000087800000|  0%| F|  |TAMS 0x0000000087700000, 0x0000000087700000| Untracked 
| 120|0x0000000087800000, 0x0000000087900000, 0x0000000087900000|100%| S|CS|TAMS 0x0000000087800000, 0x0000000087800000| Complete 
| 121|0x0000000087900000, 0x0000000087a00000, 0x0000000087a00000|100%| S|CS|TAMS 0x0000000087900000, 0x0000000087900000| Complete 
| 122|0x0000000087a00000, 0x0000000087b00000, 0x0000000087b00000|100%| S|CS|TAMS 0x0000000087a00000, 0x0000000087a00000| Complete 
| 123|0x0000000087b00000, 0x0000000087c00000, 0x0000000087c00000|100%| S|CS|TAMS 0x0000000087b00000, 0x0000000087b00000| Complete 
| 124|0x0000000087c00000, 0x0000000087d00000, 0x0000000087d00000|100%| S|CS|TAMS 0x0000000087c00000, 0x0000000087c00000| Complete 
| 125|0x0000000087d00000, 0x0000000087e00000, 0x0000000087e00000|100%| S|CS|TAMS 0x0000000087d00000, 0x0000000087d00000| Complete 
| 126|0x0000000087e00000, 0x0000000087f00000, 0x0000000087f00000|100%| S|CS|TAMS 0x0000000087e00000, 0x0000000087e00000| Complete 
| 127|0x0000000087f00000, 0x0000000088000000, 0x0000000088000000|100%| S|CS|TAMS 0x0000000087f00000, 0x0000000087f00000| Complete 
| 128|0x0000000088000000, 0x0000000088100000, 0x0000000088100000|100%| S|CS|TAMS 0x0000000088000000, 0x0000000088000000| Complete 
| 129|0x0000000088100000, 0x0000000088200000, 0x0000000088200000|100%| S|CS|TAMS 0x0000000088100000, 0x0000000088100000| Complete 
| 130|0x0000000088200000, 0x0000000088300000, 0x0000000088300000|100%| S|CS|TAMS 0x0000000088200000, 0x0000000088200000| Complete 
| 131|0x0000000088300000, 0x0000000088400000, 0x0000000088400000|100%| S|CS|TAMS 0x0000000088300000, 0x0000000088300000| Complete 
| 132|0x0000000088400000, 0x0000000088500000, 0x0000000088500000|100%| S|CS|TAMS 0x0000000088400000, 0x0000000088400000| Complete 
| 133|0x0000000088500000, 0x0000000088600000, 0x0000000088600000|100%| S|CS|TAMS 0x0000000088500000, 0x0000000088500000| Complete 
| 134|0x0000000088600000, 0x0000000088700000, 0x0000000088700000|100%| S|CS|TAMS 0x0000000088600000, 0x0000000088600000| Complete 
| 135|0x0000000088700000, 0x0000000088800000, 0x0000000088800000|100%| S|CS|TAMS 0x0000000088700000, 0x0000000088700000| Complete 
| 136|0x0000000088800000, 0x0000000088900000, 0x0000000088900000|100%| S|CS|TAMS 0x0000000088800000, 0x0000000088800000| Complete 
| 137|0x0000000088900000, 0x0000000088a00000, 0x0000000088a00000|100%| S|CS|TAMS 0x0000000088900000, 0x0000000088900000| Complete 
| 138|0x0000000088a00000, 0x0000000088b00000, 0x0000000088b00000|100%| S|CS|TAMS 0x0000000088a00000, 0x0000000088a00000| Complete 
| 139|0x0000000088b00000, 0x0000000088b00000, 0x0000000088c00000|  0%| F|  |TAMS 0x0000000088b00000, 0x0000000088b00000| Untracked 
| 140|0x0000000088c00000, 0x0000000088c00000, 0x0000000088d00000|  0%| F|  |TAMS 0x0000000088c00000, 0x0000000088c00000| Untracked 
| 141|0x0000000088d00000, 0x0000000088d00000, 0x0000000088e00000|  0%| F|  |TAMS 0x0000000088d00000, 0x0000000088d00000| Untracked 
| 142|0x0000000088e00000, 0x0000000088e00000, 0x0000000088f00000|  0%| F|  |TAMS 0x0000000088e00000, 0x0000000088e00000| Untracked 
| 143|0x0000000088f00000, 0x0000000088f00000, 0x0000000089000000|  0%| F|  |TAMS 0x0000000088f00000, 0x0000000088f00000| Untracked 
| 144|0x0000000089000000, 0x0000000089000000, 0x0000000089100000|  0%| F|  |TAMS 0x0000000089000000, 0x0000000089000000| Untracked 
| 145|0x0000000089100000, 0x0000000089100000, 0x0000000089200000|  0%| F|  |TAMS 0x0000000089100000, 0x0000000089100000| Untracked 
| 146|0x0000000089200000, 0x0000000089200000, 0x0000000089300000|  0%| F|  |TAMS 0x0000000089200000, 0x0000000089200000| Untracked 
| 147|0x0000000089300000, 0x0000000089300000, 0x0000000089400000|  0%| F|  |TAMS 0x0000000089300000, 0x0000000089300000| Untracked 
| 148|0x0000000089400000, 0x0000000089400000, 0x0000000089500000|  0%| F|  |TAMS 0x0000000089400000, 0x0000000089400000| Untracked 
| 149|0x0000000089500000, 0x0000000089500000, 0x0000000089600000|  0%| F|  |TAMS 0x0000000089500000, 0x0000000089500000| Untracked 
| 150|0x0000000089600000, 0x0000000089600000, 0x0000000089700000|  0%| F|  |TAMS 0x0000000089600000, 0x0000000089600000| Untracked 
| 151|0x0000000089700000, 0x0000000089700000, 0x0000000089800000|  0%| F|  |TAMS 0x0000000089700000, 0x0000000089700000| Untracked 
| 152|0x0000000089800000, 0x0000000089800000, 0x0000000089900000|  0%| F|  |TAMS 0x0000000089800000, 0x0000000089800000| Untracked 
| 153|0x0000000089900000, 0x0000000089900000, 0x0000000089a00000|  0%| F|  |TAMS 0x0000000089900000, 0x0000000089900000| Untracked 
| 154|0x0000000089a00000, 0x0000000089a00000, 0x0000000089b00000|  0%| F|  |TAMS 0x0000000089a00000, 0x0000000089a00000| Untracked 
| 155|0x0000000089b00000, 0x0000000089b00000, 0x0000000089c00000|  0%| F|  |TAMS 0x0000000089b00000, 0x0000000089b00000| Untracked 
| 156|0x0000000089c00000, 0x0000000089c00000, 0x0000000089d00000|  0%| F|  |TAMS 0x0000000089c00000, 0x0000000089c00000| Untracked 
| 157|0x0000000089d00000, 0x0000000089d00000, 0x0000000089e00000|  0%| F|  |TAMS 0x0000000089d00000, 0x0000000089d00000| Untracked 
| 158|0x0000000089e00000, 0x0000000089e00000, 0x0000000089f00000|  0%| F|  |TAMS 0x0000000089e00000, 0x0000000089e00000| Untracked 
| 159|0x0000000089f00000, 0x0000000089f00000, 0x000000008a000000|  0%| F|  |TAMS 0x0000000089f00000, 0x0000000089f00000| Untracked 
| 160|0x000000008a000000, 0x000000008a000000, 0x000000008a100000|  0%| F|  |TAMS 0x000000008a000000, 0x000000008a000000| Untracked 
| 161|0x000000008a100000, 0x000000008a100000, 0x000000008a200000|  0%| F|  |TAMS 0x000000008a100000, 0x000000008a100000| Untracked 
| 162|0x000000008a200000, 0x000000008a200000, 0x000000008a300000|  0%| F|  |TAMS 0x000000008a200000, 0x000000008a200000| Untracked 
| 163|0x000000008a300000, 0x000000008a300000, 0x000000008a400000|  0%| F|  |TAMS 0x000000008a300000, 0x000000008a300000| Untracked 
| 164|0x000000008a400000, 0x000000008a400000, 0x000000008a500000|  0%| F|  |TAMS 0x000000008a400000, 0x000000008a400000| Untracked 
| 165|0x000000008a500000, 0x000000008a500000, 0x000000008a600000|  0%| F|  |TAMS 0x000000008a500000, 0x000000008a500000| Untracked 
| 166|0x000000008a600000, 0x000000008a600000, 0x000000008a700000|  0%| F|  |TAMS 0x000000008a600000, 0x000000008a600000| Untracked 
| 167|0x000000008a700000, 0x000000008a700000, 0x000000008a800000|  0%| F|  |TAMS 0x000000008a700000, 0x000000008a700000| Untracked 
| 168|0x000000008a800000, 0x000000008a800000, 0x000000008a900000|  0%| F|  |TAMS 0x000000008a800000, 0x000000008a800000| Untracked 
| 169|0x000000008a900000, 0x000000008a900000, 0x000000008aa00000|  0%| F|  |TAMS 0x000000008a900000, 0x000000008a900000| Untracked 
| 170|0x000000008aa00000, 0x000000008aa00000, 0x000000008ab00000|  0%| F|  |TAMS 0x000000008aa00000, 0x000000008aa00000| Untracked 
| 171|0x000000008ab00000, 0x000000008ab00000, 0x000000008ac00000|  0%| F|  |TAMS 0x000000008ab00000, 0x000000008ab00000| Untracked 
| 172|0x000000008ac00000, 0x000000008ac00000, 0x000000008ad00000|  0%| F|  |TAMS 0x000000008ac00000, 0x000000008ac00000| Untracked 
| 173|0x000000008ad00000, 0x000000008ad00000, 0x000000008ae00000|  0%| F|  |TAMS 0x000000008ad00000, 0x000000008ad00000| Untracked 
| 174|0x000000008ae00000, 0x000000008ae00000, 0x000000008af00000|  0%| F|  |TAMS 0x000000008ae00000, 0x000000008ae00000| Untracked 
| 175|0x000000008af00000, 0x000000008af00000, 0x000000008b000000|  0%| F|  |TAMS 0x000000008af00000, 0x000000008af00000| Untracked 
| 176|0x000000008b000000, 0x000000008b000000, 0x000000008b100000|  0%| F|  |TAMS 0x000000008b000000, 0x000000008b000000| Untracked 
| 177|0x000000008b100000, 0x000000008b100000, 0x000000008b200000|  0%| F|  |TAMS 0x000000008b100000, 0x000000008b100000| Untracked 
| 178|0x000000008b200000, 0x000000008b200000, 0x000000008b300000|  0%| F|  |TAMS 0x000000008b200000, 0x000000008b200000| Untracked 
| 179|0x000000008b300000, 0x000000008b300000, 0x000000008b400000|  0%| F|  |TAMS 0x000000008b300000, 0x000000008b300000| Untracked 
| 180|0x000000008b400000, 0x000000008b400000, 0x000000008b500000|  0%| F|  |TAMS 0x000000008b400000, 0x000000008b400000| Untracked 
| 181|0x000000008b500000, 0x000000008b500000, 0x000000008b600000|  0%| F|  |TAMS 0x000000008b500000, 0x000000008b500000| Untracked 
| 182|0x000000008b600000, 0x000000008b600000, 0x000000008b700000|  0%| F|  |TAMS 0x000000008b600000, 0x000000008b600000| Untracked 
| 183|0x000000008b700000, 0x000000008b700000, 0x000000008b800000|  0%| F|  |TAMS 0x000000008b700000, 0x000000008b700000| Untracked 
| 184|0x000000008b800000, 0x000000008b800000, 0x000000008b900000|  0%| F|  |TAMS 0x000000008b800000, 0x000000008b800000| Untracked 
| 185|0x000000008b900000, 0x000000008b900000, 0x000000008ba00000|  0%| F|  |TAMS 0x000000008b900000, 0x000000008b900000| Untracked 
| 186|0x000000008ba00000, 0x000000008ba00000, 0x000000008bb00000|  0%| F|  |TAMS 0x000000008ba00000, 0x000000008ba00000| Untracked 
| 187|0x000000008bb00000, 0x000000008bb00000, 0x000000008bc00000|  0%| F|  |TAMS 0x000000008bb00000, 0x000000008bb00000| Untracked 
| 188|0x000000008bc00000, 0x000000008bc00000, 0x000000008bd00000|  0%| F|  |TAMS 0x000000008bc00000, 0x000000008bc00000| Untracked 
| 189|0x000000008bd00000, 0x000000008bd00000, 0x000000008be00000|  0%| F|  |TAMS 0x000000008bd00000, 0x000000008bd00000| Untracked 
| 190|0x000000008be00000, 0x000000008be00000, 0x000000008bf00000|  0%| F|  |TAMS 0x000000008be00000, 0x000000008be00000| Untracked 
| 191|0x000000008bf00000, 0x000000008bf00000, 0x000000008c000000|  0%| F|  |TAMS 0x000000008bf00000, 0x000000008bf00000| Untracked 
| 192|0x000000008c000000, 0x000000008c000000, 0x000000008c100000|  0%| F|  |TAMS 0x000000008c000000, 0x000000008c000000| Untracked 
| 193|0x000000008c100000, 0x000000008c100000, 0x000000008c200000|  0%| F|  |TAMS 0x000000008c100000, 0x000000008c100000| Untracked 
| 194|0x000000008c200000, 0x000000008c200000, 0x000000008c300000|  0%| F|  |TAMS 0x000000008c200000, 0x000000008c200000| Untracked 
| 195|0x000000008c300000, 0x000000008c300000, 0x000000008c400000|  0%| F|  |TAMS 0x000000008c300000, 0x000000008c300000| Untracked 
| 196|0x000000008c400000, 0x000000008c400000, 0x000000008c500000|  0%| F|  |TAMS 0x000000008c400000, 0x000000008c400000| Untracked 
| 197|0x000000008c500000, 0x000000008c500000, 0x000000008c600000|  0%| F|  |TAMS 0x000000008c500000, 0x000000008c500000| Untracked 
| 198|0x000000008c600000, 0x000000008c600000, 0x000000008c700000|  0%| F|  |TAMS 0x000000008c600000, 0x000000008c600000| Untracked 
| 199|0x000000008c700000, 0x000000008c700000, 0x000000008c800000|  0%| F|  |TAMS 0x000000008c700000, 0x000000008c700000| Untracked 
| 200|0x000000008c800000, 0x000000008c800000, 0x000000008c900000|  0%| F|  |TAMS 0x000000008c800000, 0x000000008c800000| Untracked 
| 201|0x000000008c900000, 0x000000008c900000, 0x000000008ca00000|  0%| F|  |TAMS 0x000000008c900000, 0x000000008c900000| Untracked 
| 202|0x000000008ca00000, 0x000000008ca00000, 0x000000008cb00000|  0%| F|  |TAMS 0x000000008ca00000, 0x000000008ca00000| Untracked 
| 203|0x000000008cb00000, 0x000000008cb00000, 0x000000008cc00000|  0%| F|  |TAMS 0x000000008cb00000, 0x000000008cb00000| Untracked 
| 204|0x000000008cc00000, 0x000000008cc00000, 0x000000008cd00000|  0%| F|  |TAMS 0x000000008cc00000, 0x000000008cc00000| Untracked 
| 205|0x000000008cd00000, 0x000000008cd00000, 0x000000008ce00000|  0%| F|  |TAMS 0x000000008cd00000, 0x000000008cd00000| Untracked 
| 206|0x000000008ce00000, 0x000000008ce00000, 0x000000008cf00000|  0%| F|  |TAMS 0x000000008ce00000, 0x000000008ce00000| Untracked 
| 207|0x000000008cf00000, 0x000000008cf00000, 0x000000008d000000|  0%| F|  |TAMS 0x000000008cf00000, 0x000000008cf00000| Untracked 
| 208|0x000000008d000000, 0x000000008d000000, 0x000000008d100000|  0%| F|  |TAMS 0x000000008d000000, 0x000000008d000000| Untracked 
| 209|0x000000008d100000, 0x000000008d100000, 0x000000008d200000|  0%| F|  |TAMS 0x000000008d100000, 0x000000008d100000| Untracked 
| 210|0x000000008d200000, 0x000000008d200000, 0x000000008d300000|  0%| F|  |TAMS 0x000000008d200000, 0x000000008d200000| Untracked 
| 211|0x000000008d300000, 0x000000008d300000, 0x000000008d400000|  0%| F|  |TAMS 0x000000008d300000, 0x000000008d300000| Untracked 
| 212|0x000000008d400000, 0x000000008d400000, 0x000000008d500000|  0%| F|  |TAMS 0x000000008d400000, 0x000000008d400000| Untracked 
| 213|0x000000008d500000, 0x000000008d500000, 0x000000008d600000|  0%| F|  |TAMS 0x000000008d500000, 0x000000008d500000| Untracked 
| 214|0x000000008d600000, 0x000000008d600000, 0x000000008d700000|  0%| F|  |TAMS 0x000000008d600000, 0x000000008d600000| Untracked 
| 215|0x000000008d700000, 0x000000008d700000, 0x000000008d800000|  0%| F|  |TAMS 0x000000008d700000, 0x000000008d700000| Untracked 
| 216|0x000000008d800000, 0x000000008d800000, 0x000000008d900000|  0%| F|  |TAMS 0x000000008d800000, 0x000000008d800000| Untracked 
| 217|0x000000008d900000, 0x000000008d900000, 0x000000008da00000|  0%| F|  |TAMS 0x000000008d900000, 0x000000008d900000| Untracked 
| 218|0x000000008da00000, 0x000000008da00000, 0x000000008db00000|  0%| F|  |TAMS 0x000000008da00000, 0x000000008da00000| Untracked 
| 219|0x000000008db00000, 0x000000008db00000, 0x000000008dc00000|  0%| F|  |TAMS 0x000000008db00000, 0x000000008db00000| Untracked 
| 220|0x000000008dc00000, 0x000000008dc00000, 0x000000008dd00000|  0%| F|  |TAMS 0x000000008dc00000, 0x000000008dc00000| Untracked 
| 221|0x000000008dd00000, 0x000000008dd00000, 0x000000008de00000|  0%| F|  |TAMS 0x000000008dd00000, 0x000000008dd00000| Untracked 
| 222|0x000000008de00000, 0x000000008de00000, 0x000000008df00000|  0%| F|  |TAMS 0x000000008de00000, 0x000000008de00000| Untracked 
| 223|0x000000008df00000, 0x000000008df00000, 0x000000008e000000|  0%| F|  |TAMS 0x000000008df00000, 0x000000008df00000| Untracked 
| 224|0x000000008e000000, 0x000000008e000000, 0x000000008e100000|  0%| F|  |TAMS 0x000000008e000000, 0x000000008e000000| Untracked 
| 225|0x000000008e100000, 0x000000008e100000, 0x000000008e200000|  0%| F|  |TAMS 0x000000008e100000, 0x000000008e100000| Untracked 
| 226|0x000000008e200000, 0x000000008e200000, 0x000000008e300000|  0%| F|  |TAMS 0x000000008e200000, 0x000000008e200000| Untracked 
| 227|0x000000008e300000, 0x000000008e300000, 0x000000008e400000|  0%| F|  |TAMS 0x000000008e300000, 0x000000008e300000| Untracked 
| 228|0x000000008e400000, 0x000000008e400000, 0x000000008e500000|  0%| F|  |TAMS 0x000000008e400000, 0x000000008e400000| Untracked 
| 229|0x000000008e500000, 0x000000008e500000, 0x000000008e600000|  0%| F|  |TAMS 0x000000008e500000, 0x000000008e500000| Untracked 
| 230|0x000000008e600000, 0x000000008e600000, 0x000000008e700000|  0%| F|  |TAMS 0x000000008e600000, 0x000000008e600000| Untracked 
| 231|0x000000008e700000, 0x000000008e700000, 0x000000008e800000|  0%| F|  |TAMS 0x000000008e700000, 0x000000008e700000| Untracked 
| 232|0x000000008e800000, 0x000000008e800000, 0x000000008e900000|  0%| F|  |TAMS 0x000000008e800000, 0x000000008e800000| Untracked 
| 233|0x000000008e900000, 0x000000008e900000, 0x000000008ea00000|  0%| F|  |TAMS 0x000000008e900000, 0x000000008e900000| Untracked 
| 234|0x000000008ea00000, 0x000000008ea00000, 0x000000008eb00000|  0%| F|  |TAMS 0x000000008ea00000, 0x000000008ea00000| Untracked 
| 235|0x000000008eb00000, 0x000000008eb00000, 0x000000008ec00000|  0%| F|  |TAMS 0x000000008eb00000, 0x000000008eb00000| Untracked 
| 236|0x000000008ec00000, 0x000000008ec00000, 0x000000008ed00000|  0%| F|  |TAMS 0x000000008ec00000, 0x000000008ec00000| Untracked 
| 237|0x000000008ed00000, 0x000000008ed00000, 0x000000008ee00000|  0%| F|  |TAMS 0x000000008ed00000, 0x000000008ed00000| Untracked 
| 238|0x000000008ee00000, 0x000000008ee00000, 0x000000008ef00000|  0%| F|  |TAMS 0x000000008ee00000, 0x000000008ee00000| Untracked 
| 239|0x000000008ef00000, 0x000000008ef00000, 0x000000008f000000|  0%| F|  |TAMS 0x000000008ef00000, 0x000000008ef00000| Untracked 
| 240|0x000000008f000000, 0x000000008f000000, 0x000000008f100000|  0%| F|  |TAMS 0x000000008f000000, 0x000000008f000000| Untracked 
| 241|0x000000008f100000, 0x000000008f100000, 0x000000008f200000|  0%| F|  |TAMS 0x000000008f100000, 0x000000008f100000| Untracked 
| 242|0x000000008f200000, 0x000000008f200000, 0x000000008f300000|  0%| F|  |TAMS 0x000000008f200000, 0x000000008f200000| Untracked 
| 243|0x000000008f300000, 0x000000008f300000, 0x000000008f400000|  0%| F|  |TAMS 0x000000008f300000, 0x000000008f300000| Untracked 
| 244|0x000000008f400000, 0x000000008f400000, 0x000000008f500000|  0%| F|  |TAMS 0x000000008f400000, 0x000000008f400000| Untracked 
| 245|0x000000008f500000, 0x000000008f500000, 0x000000008f600000|  0%| F|  |TAMS 0x000000008f500000, 0x000000008f500000| Untracked 
| 246|0x000000008f600000, 0x000000008f600000, 0x000000008f700000|  0%| F|  |TAMS 0x000000008f600000, 0x000000008f600000| Untracked 
| 247|0x000000008f700000, 0x000000008f700000, 0x000000008f800000|  0%| F|  |TAMS 0x000000008f700000, 0x000000008f700000| Untracked 
| 248|0x000000008f800000, 0x000000008f800000, 0x000000008f900000|  0%| F|  |TAMS 0x000000008f800000, 0x000000008f800000| Untracked 
| 249|0x000000008f900000, 0x000000008f900000, 0x000000008fa00000|  0%| F|  |TAMS 0x000000008f900000, 0x000000008f900000| Untracked 
| 250|0x000000008fa00000, 0x000000008fa00000, 0x000000008fb00000|  0%| F|  |TAMS 0x000000008fa00000, 0x000000008fa00000| Untracked 
| 251|0x000000008fb00000, 0x000000008fb00000, 0x000000008fc00000|  0%| F|  |TAMS 0x000000008fb00000, 0x000000008fb00000| Untracked 
| 252|0x000000008fc00000, 0x000000008fc00000, 0x000000008fd00000|  0%| F|  |TAMS 0x000000008fc00000, 0x000000008fc00000| Untracked 
| 253|0x000000008fd00000, 0x000000008fd00000, 0x000000008fe00000|  0%| F|  |TAMS 0x000000008fd00000, 0x000000008fd00000| Untracked 
| 254|0x000000008fe00000, 0x000000008fe00000, 0x000000008ff00000|  0%| F|  |TAMS 0x000000008fe00000, 0x000000008fe00000| Untracked 
| 255|0x000000008ff00000, 0x000000008ff00000, 0x0000000090000000|  0%| F|  |TAMS 0x000000008ff00000, 0x000000008ff00000| Untracked 
| 256|0x0000000090000000, 0x0000000090000000, 0x0000000090100000|  0%| F|  |TAMS 0x0000000090000000, 0x0000000090000000| Untracked 
| 257|0x0000000090100000, 0x0000000090100000, 0x0000000090200000|  0%| F|  |TAMS 0x0000000090100000, 0x0000000090100000| Untracked 
| 258|0x0000000090200000, 0x0000000090200000, 0x0000000090300000|  0%| F|  |TAMS 0x0000000090200000, 0x0000000090200000| Untracked 
| 259|0x0000000090300000, 0x0000000090300000, 0x0000000090400000|  0%| F|  |TAMS 0x0000000090300000, 0x0000000090300000| Untracked 
| 260|0x0000000090400000, 0x0000000090400000, 0x0000000090500000|  0%| F|  |TAMS 0x0000000090400000, 0x0000000090400000| Untracked 
| 261|0x0000000090500000, 0x0000000090500000, 0x0000000090600000|  0%| F|  |TAMS 0x0000000090500000, 0x0000000090500000| Untracked 
| 262|0x0000000090600000, 0x0000000090600000, 0x0000000090700000|  0%| F|  |TAMS 0x0000000090600000, 0x0000000090600000| Untracked 
| 263|0x0000000090700000, 0x0000000090700000, 0x0000000090800000|  0%| F|  |TAMS 0x0000000090700000, 0x0000000090700000| Untracked 
| 264|0x0000000090800000, 0x0000000090800000, 0x0000000090900000|  0%| F|  |TAMS 0x0000000090800000, 0x0000000090800000| Untracked 
| 265|0x0000000090900000, 0x0000000090900000, 0x0000000090a00000|  0%| F|  |TAMS 0x0000000090900000, 0x0000000090900000| Untracked 
| 266|0x0000000090a00000, 0x0000000090a00000, 0x0000000090b00000|  0%| F|  |TAMS 0x0000000090a00000, 0x0000000090a00000| Untracked 
| 267|0x0000000090b00000, 0x0000000090b00000, 0x0000000090c00000|  0%| F|  |TAMS 0x0000000090b00000, 0x0000000090b00000| Untracked 
| 268|0x0000000090c00000, 0x0000000090ccdd60, 0x0000000090d00000| 80%| E|  |TAMS 0x0000000090c00000, 0x0000000090c00000| Complete 
| 269|0x0000000090d00000, 0x0000000090e00000, 0x0000000090e00000|100%| E|CS|TAMS 0x0000000090d00000, 0x0000000090d00000| Complete 
| 270|0x0000000090e00000, 0x0000000090f00000, 0x0000000090f00000|100%| E|CS|TAMS 0x0000000090e00000, 0x0000000090e00000| Complete 
| 271|0x0000000090f00000, 0x0000000091000000, 0x0000000091000000|100%| E|CS|TAMS 0x0000000090f00000, 0x0000000090f00000| Complete 
| 272|0x0000000091000000, 0x0000000091100000, 0x0000000091100000|100%| E|CS|TAMS 0x0000000091000000, 0x0000000091000000| Complete 
| 273|0x0000000091100000, 0x0000000091200000, 0x0000000091200000|100%| E|CS|TAMS 0x0000000091100000, 0x0000000091100000| Complete 
| 274|0x0000000091200000, 0x0000000091300000, 0x0000000091300000|100%| E|CS|TAMS 0x0000000091200000, 0x0000000091200000| Complete 
| 275|0x0000000091300000, 0x0000000091400000, 0x0000000091400000|100%| E|CS|TAMS 0x0000000091300000, 0x0000000091300000| Complete 
| 276|0x0000000091400000, 0x0000000091500000, 0x0000000091500000|100%| E|CS|TAMS 0x0000000091400000, 0x0000000091400000| Complete 
| 277|0x0000000091500000, 0x0000000091600000, 0x0000000091600000|100%| E|CS|TAMS 0x0000000091500000, 0x0000000091500000| Complete 
| 278|0x0000000091600000, 0x0000000091700000, 0x0000000091700000|100%| E|CS|TAMS 0x0000000091600000, 0x0000000091600000| Complete 
| 279|0x0000000091700000, 0x0000000091800000, 0x0000000091800000|100%| E|CS|TAMS 0x0000000091700000, 0x0000000091700000| Complete 
| 280|0x0000000091800000, 0x0000000091900000, 0x0000000091900000|100%| E|CS|TAMS 0x0000000091800000, 0x0000000091800000| Complete 
| 281|0x0000000091900000, 0x0000000091a00000, 0x0000000091a00000|100%| E|CS|TAMS 0x0000000091900000, 0x0000000091900000| Complete 
| 282|0x0000000091a00000, 0x0000000091b00000, 0x0000000091b00000|100%| E|CS|TAMS 0x0000000091a00000, 0x0000000091a00000| Complete 
| 283|0x0000000091b00000, 0x0000000091c00000, 0x0000000091c00000|100%| E|CS|TAMS 0x0000000091b00000, 0x0000000091b00000| Complete 
| 284|0x0000000091c00000, 0x0000000091d00000, 0x0000000091d00000|100%| E|CS|TAMS 0x0000000091c00000, 0x0000000091c00000| Complete 
| 285|0x0000000091d00000, 0x0000000091e00000, 0x0000000091e00000|100%| E|CS|TAMS 0x0000000091d00000, 0x0000000091d00000| Complete 
| 286|0x0000000091e00000, 0x0000000091f00000, 0x0000000091f00000|100%| E|CS|TAMS 0x0000000091e00000, 0x0000000091e00000| Complete 
| 287|0x0000000091f00000, 0x0000000092000000, 0x0000000092000000|100%| E|CS|TAMS 0x0000000091f00000, 0x0000000091f00000| Complete 
| 288|0x0000000092000000, 0x0000000092100000, 0x0000000092100000|100%| E|CS|TAMS 0x0000000092000000, 0x0000000092000000| Complete 
| 289|0x0000000092100000, 0x0000000092200000, 0x0000000092200000|100%| E|CS|TAMS 0x0000000092100000, 0x0000000092100000| Complete 
| 290|0x0000000092200000, 0x0000000092300000, 0x0000000092300000|100%| E|CS|TAMS 0x0000000092200000, 0x0000000092200000| Complete 
| 291|0x0000000092300000, 0x0000000092400000, 0x0000000092400000|100%| E|CS|TAMS 0x0000000092300000, 0x0000000092300000| Complete 
| 292|0x0000000092400000, 0x0000000092500000, 0x0000000092500000|100%| E|  |TAMS 0x0000000092400000, 0x0000000092400000| Complete 
| 293|0x0000000092500000, 0x0000000092600000, 0x0000000092600000|100%| E|CS|TAMS 0x0000000092500000, 0x0000000092500000| Complete 
| 294|0x0000000092600000, 0x0000000092700000, 0x0000000092700000|100%| E|CS|TAMS 0x0000000092600000, 0x0000000092600000| Complete 
| 295|0x0000000092700000, 0x0000000092800000, 0x0000000092800000|100%| E|CS|TAMS 0x0000000092700000, 0x0000000092700000| Complete 
| 296|0x0000000092800000, 0x0000000092900000, 0x0000000092900000|100%| E|CS|TAMS 0x0000000092800000, 0x0000000092800000| Complete 
| 297|0x0000000092900000, 0x0000000092a00000, 0x0000000092a00000|100%| E|CS|TAMS 0x0000000092900000, 0x0000000092900000| Complete 
| 298|0x0000000092a00000, 0x0000000092b00000, 0x0000000092b00000|100%| E|CS|TAMS 0x0000000092a00000, 0x0000000092a00000| Complete 
| 299|0x0000000092b00000, 0x0000000092c00000, 0x0000000092c00000|100%| E|CS|TAMS 0x0000000092b00000, 0x0000000092b00000| Complete 
| 300|0x0000000092c00000, 0x0000000092d00000, 0x0000000092d00000|100%| E|CS|TAMS 0x0000000092c00000, 0x0000000092c00000| Complete 
| 301|0x0000000092d00000, 0x0000000092e00000, 0x0000000092e00000|100%| E|CS|TAMS 0x0000000092d00000, 0x0000000092d00000| Complete 
| 302|0x0000000092e00000, 0x0000000092f00000, 0x0000000092f00000|100%| E|CS|TAMS 0x0000000092e00000, 0x0000000092e00000| Complete 
| 303|0x0000000092f00000, 0x0000000093000000, 0x0000000093000000|100%| E|CS|TAMS 0x0000000092f00000, 0x0000000092f00000| Complete 
| 304|0x0000000093000000, 0x0000000093100000, 0x0000000093100000|100%| E|CS|TAMS 0x0000000093000000, 0x0000000093000000| Complete 

Card table byte_map: [0x000001be5cd70000,0x000001be5d170000] _byte_map_base: 0x000001be5c970000

Marking Bits (Prev, Next): (CMBitMap*) 0x000001be4807f8b8, (CMBitMap*) 0x000001be4807f8f0
 Prev Bits: [0x000001be5d570000, 0x000001be5f570000)
 Next Bits: [0x000001be5f570000, 0x000001be61570000)

Polling page: 0x000001be48120000

Metaspace:

Usage:
  Non-class:     74.36 MB capacity,    72.94 MB ( 98%) used,     1.19 MB (  2%) free+waste,   236.56 KB ( <1%) overhead. 
      Class:     11.64 MB capacity,    10.86 MB ( 93%) used,   689.34 KB (  6%) free+waste,   109.50 KB ( <1%) overhead. 
       Both:     86.01 MB capacity,    83.81 MB ( 97%) used,     1.86 MB (  2%) free+waste,   346.06 KB ( <1%) overhead. 

Virtual space:
  Non-class space:       76.00 MB reserved,      74.60 MB ( 98%) committed 
      Class space:        1.00 GB reserved,      11.73 MB (  1%) committed 
             Both:        1.07 GB reserved,      86.33 MB (  8%) committed 

Chunk freelists:
   Non-Class:  52.00 KB
       Class:  13.00 KB
        Both:  65.00 KB

MaxMetaspaceSize: 17179869184.00 GB
CompressedClassSpaceSize: 1.00 GB
Initial GC threshold: 20.80 MB
Current GC threshold: 123.05 MB
CDS: off

CodeHeap 'non-profiled nmethods': size=120064Kb used=4775Kb max_used=4775Kb free=115288Kb
 bounds [0x000001be54e10000, 0x000001be552c0000, 0x000001be5c350000]
CodeHeap 'profiled nmethods': size=120000Kb used=18115Kb max_used=18115Kb free=101884Kb
 bounds [0x000001be4d8e0000, 0x000001be4eaa0000, 0x000001be54e10000]
CodeHeap 'non-nmethods': size=5696Kb used=2374Kb max_used=2412Kb free=3321Kb
 bounds [0x000001be4d350000, 0x000001be4d5c0000, 0x000001be4d8e0000]
 total_blobs=9428 nmethods=8536 adapters=803
 compilation: enabled
              stopped_count=0, restarted_count=0
 full_count=0

Compilation events (20 events):
Event: 19.967 Thread 0x000001be64487000 nmethod 8545% 0x000001be552b2890 code [0x000001be552b2a60, 0x000001be552b3068]
Event: 19.967 Thread 0x000001be64487000 8546 %     4       java.io.ObjectOutputStream$BlockDataOutputStream::getUTFLength @ 47 (124 bytes)
Event: 19.968 Thread 0x000001be644ea000 8549       3       org.gradle.internal.vfs.impl.DefaultFileSystemAccess::read (12 bytes)
Event: 19.970 Thread 0x000001be644ea000 nmethod 8549 0x000001be4ea76710 code [0x000001be4ea76a40, 0x000001be4ea77e98]
Event: 19.974 Thread 0x000001be644ea000 8550       3       java.lang.invoke.LambdaFormEditor::bindArgumentType (101 bytes)
Event: 19.974 Thread 0x000001be644ea000 nmethod 8550 0x000001be4ea78690 code [0x000001be4ea78860, 0x000001be4ea78a68]
Event: 19.974 Thread 0x000001be644ea000 8551       3       java.lang.invoke.LambdaFormEditor::bindArgumentForm (269 bytes)
Event: 19.975 Thread 0x000001be647fe000 nmethod 8530% 0x000001be552b3590 code [0x000001be552b3780, 0x000001be552b4538]
Event: 19.976 Thread 0x000001be647fe000 8547       4       com.google.common.collect.NaturalOrdering::compare (13 bytes)
Event: 19.976 Thread 0x000001be644ea000 nmethod 8551 0x000001be4ea78b90 code [0x000001be4ea78f60, 0x000001be4ea7a7e8]
Event: 19.976 Thread 0x000001be64487000 nmethod 8546% 0x000001be552b4c10 code [0x000001be552b4dc0, 0x000001be552b5418]
Event: 19.976 Thread 0x000001be64487000 8548       4       java.util.ArrayDeque::isEmpty (17 bytes)
Event: 19.976 Thread 0x000001be64487000 nmethod 8548 0x000001be552b5810 code [0x000001be552b59a0, 0x000001be552b5a18]
Event: 19.978 Thread 0x000001be647fe000 nmethod 8547 0x000001be552b5b10 code [0x000001be552b5cc0, 0x000001be552b5fd8]
Event: 19.980 Thread 0x000001be644ea000 8552       3       org.gradle.api.internal.file.DefaultFileCollectionFactory$ResolvingFileCollection::visitChildren (31 bytes)
Event: 19.980 Thread 0x000001be644ea000 nmethod 8552 0x000001be4ea7b290 code [0x000001be4ea7b460, 0x000001be4ea7b848]
Event: 20.004 Thread 0x000001be644ea000 8553   !   3       java.lang.ClassLoader::loadClass (122 bytes)
Event: 20.006 Thread 0x000001be644ea000 nmethod 8553 0x000001be4ea7b990 code [0x000001be4ea7bd60, 0x000001be4ea7dfd8]
Event: 20.006 Thread 0x000001be64487000 8554       4       java.lang.ClassLoader::getNamedPackage (73 bytes)
Event: 20.018 Thread 0x000001be64487000 nmethod 8554 0x000001be552b6590 code [0x000001be552b6780, 0x000001be552b7258]

GC Heap History (20 events):
Event: 1.339 GC heap before
{Heap before GC invocations=2 (full 0):
 garbage-first heap   total 260096K, used 34058K [0x0000000080000000, 0x0000000100000000)
  region size 1024K, 27 young (27648K), 3 survivors (3072K)
 Metaspace       used 10916K, capacity 11141K, committed 11264K, reserved 1058816K
  class space    used 1113K, capacity 1207K, committed 1280K, reserved 1048576K
}
Event: 1.344 GC heap after
{Heap after GC invocations=3 (full 0):
 garbage-first heap   total 260096K, used 12032K [0x0000000080000000, 0x0000000100000000)
  region size 1024K, 3 young (3072K), 3 survivors (3072K)
 Metaspace       used 10916K, capacity 11141K, committed 11264K, reserved 1058816K
  class space    used 1113K, capacity 1207K, committed 1280K, reserved 1048576K
}
Event: 2.034 GC heap before
{Heap before GC invocations=3 (full 0):
 garbage-first heap   total 260096K, used 59136K [0x0000000080000000, 0x0000000100000000)
  region size 1024K, 49 young (50176K), 3 survivors (3072K)
 Metaspace       used 18543K, capacity 18930K, committed 19072K, reserved 1067008K
  class space    used 2182K, capacity 2316K, committed 2432K, reserved 1048576K
}
Event: 2.038 GC heap after
{Heap after GC invocations=4 (full 0):
 garbage-first heap   total 260096K, used 16454K [0x0000000080000000, 0x0000000100000000)
  region size 1024K, 7 young (7168K), 7 survivors (7168K)
 Metaspace       used 18543K, capacity 18930K, committed 19072K, reserved 1067008K
  class space    used 2182K, capacity 2316K, committed 2432K, reserved 1048576K
}
Event: 2.174 GC heap before
{Heap before GC invocations=4 (full 0):
 garbage-first heap   total 260096K, used 36934K [0x0000000080000000, 0x0000000100000000)
  region size 1024K, 29 young (29696K), 7 survivors (7168K)
 Metaspace       used 20849K, capacity 21153K, committed 21296K, reserved 1069056K
  class space    used 2513K, capacity 2651K, committed 2688K, reserved 1048576K
}
Event: 2.179 GC heap after
{Heap after GC invocations=5 (full 0):
 garbage-first heap   total 260096K, used 17588K [0x0000000080000000, 0x0000000100000000)
  region size 1024K, 6 young (6144K), 6 survivors (6144K)
 Metaspace       used 20849K, capacity 21153K, committed 21296K, reserved 1069056K
  class space    used 2513K, capacity 2651K, committed 2688K, reserved 1048576K
}
Event: 2.696 GC heap before
{Heap before GC invocations=6 (full 0):
 garbage-first heap   total 260096K, used 74932K [0x0000000080000000, 0x0000000100000000)
  region size 1024K, 62 young (63488K), 6 survivors (6144K)
 Metaspace       used 26914K, capacity 27551K, committed 27824K, reserved 1073152K
  class space    used 3500K, capacity 3734K, committed 3840K, reserved 1048576K
}
Event: 2.707 GC heap after
{Heap after GC invocations=7 (full 0):
 garbage-first heap   total 260096K, used 19502K [0x0000000080000000, 0x0000000100000000)
  region size 1024K, 3 young (3072K), 3 survivors (3072K)
 Metaspace       used 26914K, capacity 27551K, committed 27824K, reserved 1073152K
  class space    used 3500K, capacity 3734K, committed 3840K, reserved 1048576K
}
Event: 3.561 GC heap before
{Heap before GC invocations=7 (full 0):
 garbage-first heap   total 260096K, used 86062K [0x0000000080000000, 0x0000000100000000)
  region size 1024K, 69 young (70656K), 3 survivors (3072K)
 Metaspace       used 34908K, capacity 35731K, committed 35888K, reserved 1081344K
  class space    used 4555K, capacity 4887K, committed 4992K, reserved 1048576K
}
Event: 3.571 GC heap after
{Heap after GC invocations=8 (full 0):
 garbage-first heap   total 260096K, used 22775K [0x0000000080000000, 0x0000000100000000)
  region size 1024K, 7 young (7168K), 7 survivors (7168K)
 Metaspace       used 34908K, capacity 35731K, committed 35888K, reserved 1081344K
  class space    used 4555K, capacity 4887K, committed 4992K, reserved 1048576K
}
Event: 4.582 GC heap before
{Heap before GC invocations=9 (full 0):
 garbage-first heap   total 260096K, used 127223K [0x0000000080000000, 0x0000000100000000)
  region size 1024K, 107 young (109568K), 7 survivors (7168K)
 Metaspace       used 43714K, capacity 44872K, committed 45032K, reserved 1089536K
  class space    used 5620K, capacity 6004K, committed 6016K, reserved 1048576K
}
Event: 4.597 GC heap after
{Heap after GC invocations=10 (full 0):
 garbage-first heap   total 260096K, used 30523K [0x0000000080000000, 0x0000000100000000)
  region size 1024K, 14 young (14336K), 14 survivors (14336K)
 Metaspace       used 43714K, capacity 44872K, committed 45032K, reserved 1089536K
  class space    used 5620K, capacity 6004K, committed 6016K, reserved 1048576K
}
Event: 6.081 GC heap before
{Heap before GC invocations=11 (full 0):
 garbage-first heap   total 260096K, used 176955K [0x0000000080000000, 0x0000000100000000)
  region size 1024K, 152 young (155648K), 14 survivors (14336K)
 Metaspace       used 54650K, capacity 56199K, committed 56296K, reserved 1097728K
  class space    used 6964K, capacity 7525K, committed 7552K, reserved 1048576K
}
Event: 6.100 GC heap after
{Heap after GC invocations=12 (full 0):
 garbage-first heap   total 260096K, used 45191K [0x0000000080000000, 0x0000000100000000)
  region size 1024K, 19 young (19456K), 19 survivors (19456K)
 Metaspace       used 54650K, capacity 56199K, committed 56296K, reserved 1097728K
  class space    used 6964K, capacity 7525K, committed 7552K, reserved 1048576K
}
Event: 7.472 GC heap before
{Heap before GC invocations=12 (full 0):
 garbage-first heap   total 260096K, used 189575K [0x0000000080000000, 0x0000000100000000)
  region size 1024K, 152 young (155648K), 19 survivors (19456K)
 Metaspace       used 67369K, capacity 69067K, committed 69224K, reserved 1110016K
  class space    used 8511K, capacity 9102K, committed 9216K, reserved 1048576K
}
Event: 7.491 GC heap after
{Heap after GC invocations=13 (full 0):
 garbage-first heap   total 312320K, used 55287K [0x0000000080000000, 0x0000000100000000)
  region size 1024K, 10 young (10240K), 10 survivors (10240K)
 Metaspace       used 67369K, capacity 69067K, committed 69224K, reserved 1110016K
  class space    used 8511K, capacity 9102K, committed 9216K, reserved 1048576K
}
Event: 8.168 GC heap before
{Heap before GC invocations=13 (full 0):
 garbage-first heap   total 312320K, used 130039K [0x0000000080000000, 0x0000000100000000)
  region size 1024K, 84 young (86016K), 10 survivors (10240K)
 Metaspace       used 73435K, capacity 75188K, committed 75240K, reserved 1114112K
  class space    used 9460K, capacity 10084K, committed 10112K, reserved 1048576K
}
Event: 8.185 GC heap after
{Heap after GC invocations=14 (full 0):
 garbage-first heap   total 312320K, used 60407K [0x0000000080000000, 0x0000000100000000)
  region size 1024K, 15 young (15360K), 15 survivors (15360K)
 Metaspace       used 73435K, capacity 75188K, committed 75240K, reserved 1114112K
  class space    used 9460K, capacity 10084K, committed 10112K, reserved 1048576K
}
Event: 9.530 GC heap before
{Heap before GC invocations=15 (full 0):
 garbage-first heap   total 312320K, used 215031K [0x0000000080000000, 0x0000000100000000)
  region size 1024K, 166 young (169984K), 15 survivors (15360K)
 Metaspace       used 82175K, capacity 84176K, committed 84432K, reserved 1122304K
  class space    used 10637K, capacity 11313K, committed 11368K, reserved 1048576K
}
Event: 9.558 GC heap after
{Heap after GC invocations=16 (full 0):
 garbage-first heap   total 312320K, used 73876K [0x0000000080000000, 0x0000000100000000)
  region size 1024K, 19 young (19456K), 19 survivors (19456K)
 Metaspace       used 82175K, capacity 84176K, committed 84432K, reserved 1122304K
  class space    used 10637K, capacity 11313K, committed 11368K, reserved 1048576K
}

Deoptimization events (20 events):
Event: 19.873 Thread 0x000001be64b73000 Uncommon trap: trap_request=0xffffffde fr.pc=0x000001be54f047e0 relative=0x0000000000000320
Event: 19.873 Thread 0x000001be64b73000 Uncommon trap: reason=class_check action=maybe_recompile pc=0x000001be54f047e0 method=java.util.Collections$SetFromMap.remove(Ljava/lang/Object;)Z @ 5 c2
Event: 19.873 Thread 0x000001be64b73000 DEOPT PACKING pc=0x000001be54f047e0 sp=0x00000060d3efd4a0
Event: 19.873 Thread 0x000001be64b73000 DEOPT UNPACKING pc=0x000001be4d39a1a9 sp=0x00000060d3efd488 mode 2
Event: 19.876 Thread 0x000001be64b73000 Uncommon trap: trap_request=0xffffffde fr.pc=0x000001be54f047e0 relative=0x0000000000000320
Event: 19.876 Thread 0x000001be64b73000 Uncommon trap: reason=class_check action=maybe_recompile pc=0x000001be54f047e0 method=java.util.Collections$SetFromMap.remove(Ljava/lang/Object;)Z @ 5 c2
Event: 19.876 Thread 0x000001be64b73000 DEOPT PACKING pc=0x000001be54f047e0 sp=0x00000060d3efd4a0
Event: 19.876 Thread 0x000001be64b73000 DEOPT UNPACKING pc=0x000001be4d39a1a9 sp=0x00000060d3efd488 mode 2
Event: 19.876 Thread 0x000001be64b73000 Uncommon trap: trap_request=0xffffffde fr.pc=0x000001be551344e0 relative=0x0000000000000220
Event: 19.876 Thread 0x000001be64b73000 Uncommon trap: reason=class_check action=maybe_recompile pc=0x000001be551344e0 method=java.util.stream.StreamOpFlag.fromCharacteristics(Ljava/util/Spliterator;)I @ 14 c2
Event: 19.876 Thread 0x000001be64b73000 DEOPT PACKING pc=0x000001be551344e0 sp=0x00000060d3efcd80
Event: 19.876 Thread 0x000001be64b73000 DEOPT UNPACKING pc=0x000001be4d39a1a9 sp=0x00000060d3efcc68 mode 2
Event: 19.877 Thread 0x000001be64b73000 Uncommon trap: trap_request=0xffffffde fr.pc=0x000001be5501ef7c relative=0x000000000000005c
Event: 19.877 Thread 0x000001be64b73000 Uncommon trap: reason=class_check action=maybe_recompile pc=0x000001be5501ef7c method=java.util.stream.StreamOpFlag.fromCharacteristics(Ljava/util/Spliterator;)I @ 14 c2
Event: 19.877 Thread 0x000001be64b73000 DEOPT PACKING pc=0x000001be5501ef7c sp=0x00000060d3efcc90
Event: 19.877 Thread 0x000001be64b73000 DEOPT UNPACKING pc=0x000001be4d39a1a9 sp=0x00000060d3efcc20 mode 2
Event: 19.878 Thread 0x000001be6a0f1800 Uncommon trap: trap_request=0xffffffde fr.pc=0x000001be54f047e0 relative=0x0000000000000320
Event: 19.878 Thread 0x000001be6a0f1800 Uncommon trap: reason=class_check action=maybe_recompile pc=0x000001be54f047e0 method=java.util.Collections$SetFromMap.remove(Ljava/lang/Object;)Z @ 5 c2
Event: 19.878 Thread 0x000001be6a0f1800 DEOPT PACKING pc=0x000001be54f047e0 sp=0x00000060d3ffe610
Event: 19.878 Thread 0x000001be6a0f1800 DEOPT UNPACKING pc=0x000001be4d39a1a9 sp=0x00000060d3ffe5f8 mode 2

Classes redefined (0 events):
No events

Internal exceptions (20 events):
Event: 9.790 Thread 0x000001be64dd0000 Exception <a 'java/lang/NoSuchMethodError'{0x0000000093087bb8}: <clinit>> (0x0000000093087bb8) thrown at [src/hotspot/share/prims/jni.cpp, line 1367]
Event: 9.791 Thread 0x000001be64dd0000 Exception <a 'java/lang/NoSuchMethodError'{0x0000000093091a28}: <clinit>> (0x0000000093091a28) thrown at [src/hotspot/share/prims/jni.cpp, line 1367]
Event: 9.801 Thread 0x000001be64b73000 Exception <a 'java/lang/IncompatibleClassChangeError'{0x0000000091da8f08}: Found class java.lang.Object, but interface was expected> (0x0000000091da8f08) thrown at [src/hotspot/share/interpreter/linkResolver.cpp, line 839]
Event: 9.819 Thread 0x000001be64b73000 Implicit null exception at 0x000001be552275f7 to 0x000001be55227790
Event: 14.842 Thread 0x000001be64b73000 Exception <a 'net/rubygrapefruit/platform/NativeException'{0x0000000091ba81c0}: Execution timed out> (0x0000000091ba81c0) thrown at [src/hotspot/share/prims/jni.cpp, line 638]
Event: 19.849 Thread 0x000001be64b73000 Exception <a 'net/rubygrapefruit/platform/NativeException'{0x0000000091bc5c50}: Execution timed out> (0x0000000091bc5c50) thrown at [src/hotspot/share/prims/jni.cpp, line 638]
Event: 19.875 Thread 0x000001be64dd0000 Exception <a 'java/lang/NoSuchMethodError'{0x0000000091801de8}: <clinit>> (0x0000000091801de8) thrown at [src/hotspot/share/prims/jni.cpp, line 1367]
Event: 19.879 Thread 0x000001be64dd0000 Exception <a 'java/lang/NoSuchMethodError'{0x0000000091811aa0}: <clinit>> (0x0000000091811aa0) thrown at [src/hotspot/share/prims/jni.cpp, line 1367]
Event: 19.879 Thread 0x000001be64dd0000 Exception <a 'java/lang/NoSuchMethodError'{0x0000000091812f30}: <clinit>> (0x0000000091812f30) thrown at [src/hotspot/share/prims/jni.cpp, line 1367]
Event: 19.884 Thread 0x000001be64dd0000 Exception <a 'java/lang/NoSuchMethodError'{0x00000000918b4fa8}: <clinit>> (0x00000000918b4fa8) thrown at [src/hotspot/share/prims/jni.cpp, line 1367]
Event: 19.885 Thread 0x000001be64dd0000 Exception <a 'java/lang/NoSuchMethodError'{0x000000009174d4d0}: <clinit>> (0x000000009174d4d0) thrown at [src/hotspot/share/prims/jni.cpp, line 1367]
Event: 19.887 Thread 0x000001be64dd0000 Exception <a 'java/lang/NoSuchMethodError'{0x00000000917587e0}: <clinit>> (0x00000000917587e0) thrown at [src/hotspot/share/prims/jni.cpp, line 1367]
Event: 19.897 Thread 0x000001be64b70800 Exception <a 'java/lang/NoSuchMethodError'{0x000000009164cbc0}: <clinit>> (0x000000009164cbc0) thrown at [src/hotspot/share/prims/jni.cpp, line 1367]
Event: 19.905 Thread 0x000001be64b70800 Exception <a 'java/lang/NoSuchMethodError'{0x0000000091661690}: <clinit>> (0x0000000091661690) thrown at [src/hotspot/share/prims/jni.cpp, line 1367]
Event: 19.915 Thread 0x000001be64b70800 Exception <a 'java/lang/NoSuchMethodError'{0x0000000091683858}: <clinit>> (0x0000000091683858) thrown at [src/hotspot/share/prims/jni.cpp, line 1367]
Event: 19.929 Thread 0x000001be64dd0000 Exception <a 'java/lang/NoSuchMethodError'{0x00000000917af530}: <clinit>> (0x00000000917af530) thrown at [src/hotspot/share/prims/jni.cpp, line 1367]
Event: 19.946 Thread 0x000001be64b73000 Exception <a 'java/lang/NoSuchMethodError'{0x00000000914946b0}: 'int java.lang.invoke.DirectMethodHandle$Holder.invokeSpecial(java.lang.Object, java.lang.Object, java.lang.Object, java.lang.Object, java.lang.Object)'> (0x00000000914946b0) thrown at [src/hotspot/share/interpreter/linkResolver.cpp, line 773]
Event: 19.978 Thread 0x000001be64b73000 Exception <a 'java/lang/IncompatibleClassChangeError'{0x00000000913c5180}: Found class java.lang.Object, but interface was expected> (0x00000000913c5180) thrown at [src/hotspot/share/interpreter/linkResolver.cpp, line 839]
Event: 19.996 Thread 0x000001be64b73000 Exception <a 'java/lang/NoSuchMethodError'{0x00000000911dc298}: 'int java.lang.invoke.DirectMethodHandle$Holder.invokeStaticInit(java.lang.Object, java.lang.Object, java.lang.Object, java.lang.Object, java.lang.Object)'> (0x00000000911dc298) thrown at [src/hotspot/share/interpreter/linkResolver.cpp, line 773]
Event: 20.007 Thread 0x000001be64b73000 Exception <a 'java/lang/NoSuchMethodError'{0x0000000090f18748}: 'void java.lang.invoke.DirectMethodHandle$Holder.invokeVirtual(java.lang.Object, java.lang.Object)'> (0x0000000090f18748) thrown at [src/hotspot/share/interpreter/linkResolver.cpp, line 773]

Events (20 events):
Event: 20.014 loading class com/android/build/gradle/internal/tasks/Blocks$ThrowingBlock
Event: 20.014 loading class com/android/build/gradle/internal/tasks/Blocks$ThrowingBlock done
Event: 20.014 loading class com/android/build/gradle/internal/tasks/Blocks
Event: 20.014 loading class com/android/build/gradle/internal/tasks/Blocks done
Event: 20.014 loading class com/android/build/gradle/internal/tasks/NonIncrementalTaskKt
Event: 20.014 loading class com/android/build/gradle/internal/tasks/NonIncrementalTaskKt done
Event: 20.015 loading class com/android/build/gradle/internal/generators/BuildConfigData$Builder
Event: 20.015 loading class com/android/build/gradle/internal/generators/BuildConfigData$Builder done
Event: 20.016 loading class com/android/build/gradle/internal/generators/BuildConfigData
Event: 20.016 loading class com/android/build/gradle/internal/generators/BuildConfigData done
Event: 20.016 loading class com/android/build/gradle/internal/generators/BuildConfigGenerator
Event: 20.016 loading class com/android/build/gradle/internal/generators/BuildConfigGenerator done
Event: 20.016 loading class com/android/builder/compiling/GeneratedCodeFileCreator
Event: 20.016 loading class com/android/builder/compiling/GeneratedCodeFileCreator done
Event: 20.016 Executing VM operation: RevokeBias
Event: 20.016 Executing VM operation: RevokeBias done
Event: 20.016 Executing VM operation: RevokeBias
Event: 20.017 Executing VM operation: RevokeBias done
Event: 20.017 loading class com/android/build/gradle/internal/generators/BuildConfigGenerator$Companion
Event: 20.017 loading class com/android/build/gradle/internal/generators/BuildConfigGenerator$Companion done


Dynamic libraries:
0x00007ff73af70000 - 0x00007ff73af7a000 	C:\Program Files\Android\Android Studio\jbr\bin\java.exe
0x00007fffc2a30000 - 0x00007fffc2c26000 	C:\Windows\SYSTEM32\ntdll.dll
0x00007fffc2170000 - 0x00007fffc222d000 	C:\Windows\System32\KERNEL32.DLL
0x00007fffc0320000 - 0x00007fffc05e9000 	C:\Windows\System32\KERNELBASE.dll
0x00007fffc0170000 - 0x00007fffc0270000 	C:\Windows\System32\ucrtbase.dll
0x00007fffa5460000 - 0x00007fffa5477000 	C:\Program Files\Android\Android Studio\jbr\bin\jli.dll
0x00007fffc1d10000 - 0x00007fffc1eb0000 	C:\Windows\System32\USER32.dll
0x00007fffc0810000 - 0x00007fffc0832000 	C:\Windows\System32\win32u.dll
0x00007fffc1310000 - 0x00007fffc133a000 	C:\Windows\System32\GDI32.dll
0x00007fffc0650000 - 0x00007fffc075b000 	C:\Windows\System32\gdi32full.dll
0x00007fffc09f0000 - 0x00007fffc0a8d000 	C:\Windows\System32\msvcp_win.dll
0x00007fffa4ed0000 - 0x00007fffa4eeb000 	C:\Program Files\Android\Android Studio\jbr\bin\VCRUNTIME140.dll
0x00007fffb2240000 - 0x00007fffb24db000 	C:\Windows\WinSxS\amd64_microsoft.windows.common-controls_6595b64144ccf1df_6.0.19041.746_none_ca02b4b61b8320a4\COMCTL32.dll
0x00007fffc1340000 - 0x00007fffc13de000 	C:\Windows\System32\msvcrt.dll
0x00007fffc1eb0000 - 0x00007fffc1ee0000 	C:\Windows\System32\IMM32.DLL
0x00007fffb4040000 - 0x00007fffb404c000 	C:\Program Files\Android\Android Studio\jbr\bin\vcruntime140_1.dll
0x00007fff9f0e0000 - 0x00007fff9f16d000 	C:\Program Files\Android\Android Studio\jbr\bin\msvcp140.dll
0x00007fff7e390000 - 0x00007fff7ef4c000 	C:\Program Files\Android\Android Studio\jbr\bin\server\jvm.dll
0x00007fffc20c0000 - 0x00007fffc216c000 	C:\Windows\System32\ADVAPI32.dll
0x00007fffc2790000 - 0x00007fffc282c000 	C:\Windows\System32\sechost.dll
0x00007fffc1f70000 - 0x00007fffc209b000 	C:\Windows\System32\RPCRT4.dll
0x00007fffc2350000 - 0x00007fffc2358000 	C:\Windows\System32\PSAPI.DLL
0x00007fffb1420000 - 0x00007fffb1429000 	C:\Windows\SYSTEM32\WSOCK32.dll
0x00007fffc26c0000 - 0x00007fffc272b000 	C:\Windows\System32\WS2_32.dll
0x00007fff98d10000 - 0x00007fff98d37000 	C:\Windows\SYSTEM32\WINMM.dll
0x00007fffbdcb0000 - 0x00007fffbdcba000 	C:\Windows\SYSTEM32\VERSION.dll
0x00007fffbe2c0000 - 0x00007fffbe2d2000 	C:\Windows\SYSTEM32\kernel.appcore.dll
0x00007fffb1680000 - 0x00007fffb1690000 	C:\Program Files\Android\Android Studio\jbr\bin\verify.dll
0x00007fffa6a90000 - 0x00007fffa6c74000 	C:\Windows\SYSTEM32\DBGHELP.DLL
0x00007fffa6a60000 - 0x00007fffa6a8c000 	C:\Windows\SYSTEM32\dbgcore.DLL
0x00007fffc02a0000 - 0x00007fffc0320000 	C:\Windows\System32\bcryptPrimitives.dll
0x00007fffad670000 - 0x00007fffad698000 	C:\Program Files\Android\Android Studio\jbr\bin\java.dll
0x00007fffaf3f0000 - 0x00007fffaf3fa000 	C:\Program Files\Android\Android Studio\jbr\bin\jimage.dll
0x00007fffaf390000 - 0x00007fffaf3a8000 	C:\Program Files\Android\Android Studio\jbr\bin\zip.dll
0x00007fffc15c0000 - 0x00007fffc1d02000 	C:\Windows\System32\SHELL32.dll
0x00007fffbe2e0000 - 0x00007fffbea70000 	C:\Windows\SYSTEM32\windows.storage.dll
0x00007fffc2360000 - 0x00007fffc26b6000 	C:\Windows\System32\combase.dll
0x00007fffbfbd0000 - 0x00007fffbfbfc000 	C:\Windows\SYSTEM32\Wldp.dll
0x00007fffc14b0000 - 0x00007fffc155e000 	C:\Windows\System32\SHCORE.dll
0x00007fffc22f0000 - 0x00007fffc2345000 	C:\Windows\System32\shlwapi.dll
0x00007fffc00a0000 - 0x00007fffc00c6000 	C:\Windows\SYSTEM32\profapi.dll
0x00007fffa0840000 - 0x00007fffa089b000 	C:\ProgramData\Microsoft\DbgCtr\XShellDLL64_6015.dll
0x00007fffaf240000 - 0x00007fffaf259000 	C:\Program Files\Android\Android Studio\jbr\bin\net.dll
0x00007fffb3ee0000 - 0x00007fffb3fe0000 	C:\Windows\SYSTEM32\WINHTTP.dll
0x00007fffbf8e0000 - 0x00007fffbf94a000 	C:\Windows\system32\mswsock.dll
0x00007fffad5d0000 - 0x00007fffad5e3000 	C:\Program Files\Android\Android Studio\jbr\bin\nio.dll
0x00007fffbaad0000 - 0x00007fffbaaf7000 	C:\Users\it_04\.gradle\native\e1d6ef7f7dcc3fd88c89a11ec53ec762bb8ba0a96d01ffa2cd45eb1d1d8dd5c5\windows-amd64\native-platform.dll
0x00007fff9eb30000 - 0x00007fff9ec74000 	C:\Users\it_04\.gradle\native\0d407fdbe67a94daf76414ababcb853783967236a71b16ec16e742cd7a986fd3\windows-amd64\native-platform-file-events.dll
0x00007fffaf3d0000 - 0x00007fffaf3da000 	C:\Program Files\Android\Android Studio\jbr\bin\management.dll
0x00007fffaf220000 - 0x00007fffaf22b000 	C:\Program Files\Android\Android Studio\jbr\bin\management_ext.dll
0x00007fffbfab0000 - 0x00007fffbfac8000 	C:\Windows\SYSTEM32\CRYPTSP.dll
0x00007fffbf280000 - 0x00007fffbf2b4000 	C:\Windows\system32\rsaenh.dll
0x00007fffc0270000 - 0x00007fffc0297000 	C:\Windows\System32\bcrypt.dll
0x00007fffc0060000 - 0x00007fffc008e000 	C:\Windows\SYSTEM32\USERENV.dll
0x00007fffbfad0000 - 0x00007fffbfadc000 	C:\Windows\SYSTEM32\CRYPTBASE.dll
0x00007fffbf5d0000 - 0x00007fffbf60b000 	C:\Windows\SYSTEM32\IPHLPAPI.DLL
0x00007fffc22e0000 - 0x00007fffc22e8000 	C:\Windows\System32\NSI.dll
0x00007fffba910000 - 0x00007fffba927000 	C:\Windows\SYSTEM32\dhcpcsvc6.DLL
0x00007fffba8f0000 - 0x00007fffba90d000 	C:\Windows\SYSTEM32\dhcpcsvc.DLL
0x00007fffbf610000 - 0x00007fffbf6db000 	C:\Windows\SYSTEM32\DNSAPI.dll

dbghelp: loaded successfully - version: 4.0.5 - missing functions: none
symbol engine: initialized successfully - sym options: 0x614 - pdb path: .;C:\Program Files\Android\Android Studio\jbr\bin;C:\Windows\SYSTEM32;C:\Windows\WinSxS\amd64_microsoft.windows.common-controls_6595b64144ccf1df_6.0.19041.746_none_ca02b4b61b8320a4;C:\Program Files\Android\Android Studio\jbr\bin\server;C:\ProgramData\Microsoft\DbgCtr;C:\Users\it_04\.gradle\native\e1d6ef7f7dcc3fd88c89a11ec53ec762bb8ba0a96d01ffa2cd45eb1d1d8dd5c5\windows-amd64;C:\Users\it_04\.gradle\native\0d407fdbe67a94daf76414ababcb853783967236a71b16ec16e742cd7a986fd3\windows-amd64

VM Arguments:
jvm_args: --add-opens=java.base/java.util=ALL-UNNAMED --add-opens=java.base/java.lang=ALL-UNNAMED --add-opens=java.base/java.lang.invoke=ALL-UNNAMED --add-opens=java.base/java.util=ALL-UNNAMED --add-opens=java.prefs/java.util.prefs=ALL-UNNAMED --add-opens=java.prefs/java.util.prefs=ALL-UNNAMED --add-opens=java.base/java.nio.charset=ALL-UNNAMED --add-opens=java.base/java.net=ALL-UNNAMED --add-opens=java.base/java.util.concurrent.atomic=ALL-UNNAMED -Xmx2048m -Dfile.encoding=UTF-8 -Duser.country=US -Duser.language=en -Duser.variant 
java_command: org.gradle.launcher.daemon.bootstrap.GradleDaemon 7.5
java_class_path (initial): C:\Users\it_04\.gradle\wrapper\dists\gradle-7.5-bin\f1w0cc9nuo0eivz97x2xlu9sv\gradle-7.5\lib\gradle-launcher-7.5.jar
Launcher Type: SUN_STANDARD

[Global flags]
     intx CICompilerCount                          = 3                                         {product} {ergonomic}
     uint ConcGCThreads                            = 1                                         {product} {ergonomic}
     uint G1ConcRefinementThreads                  = 4                                         {product} {ergonomic}
   size_t G1HeapRegionSize                         = 1048576                                   {product} {ergonomic}
    uintx GCDrainStackTargetSize                   = 64                                        {product} {ergonomic}
   size_t InitialHeapSize                          = 266338304                                 {product} {ergonomic}
   size_t MarkStackSize                            = 4194304                                   {product} {ergonomic}
   size_t MaxHeapSize                              = 2147483648                                {product} {command line}
   size_t MaxNewSize                               = 1287651328                                {product} {ergonomic}
   size_t MinHeapDeltaBytes                        = 1048576                                   {product} {ergonomic}
    uintx NonNMethodCodeHeapSize                   = 5830732                                {pd product} {ergonomic}
    uintx NonProfiledCodeHeapSize                  = 122913754                              {pd product} {ergonomic}
    uintx ProfiledCodeHeapSize                     = 122913754                              {pd product} {ergonomic}
    uintx ReservedCodeCacheSize                    = 251658240                              {pd product} {ergonomic}
     bool SegmentedCodeCache                       = true                                      {product} {ergonomic}
     bool UseCompressedClassPointers               = true                                 {lp64_product} {ergonomic}
     bool UseCompressedOops                        = true                                 {lp64_product} {ergonomic}
     bool UseG1GC                                  = true                                      {product} {ergonomic}
     bool UseLargePagesIndividualAllocation        = false                                  {pd product} {ergonomic}

Logging:
Log output configuration:
 #0: stdout all=warning uptime,level,tags
 #1: stderr all=off uptime,level,tags

Environment Variables:
PATH=D:\app\it_07\product\11.2.0\client_1\bin;C:\Windows\system32;C:\Windows;C:\Windows\System32\Wbem;C:\Windows\System32\WindowsPowerShell\v1.0\;C:\Windows\System32\OpenSSH\;C:\Program Files\dotnet\;C:\Program Files\Git\cmd;C:\Users\it_04\AppData\Local\Microsoft\WindowsApps;C:\Users\it_04\.dotnet\tools
USERNAME=it_04
OS=Windows_NT
PROCESSOR_IDENTIFIER=Intel64 Family 6 Model 165 Stepping 3, GenuineIntel



---------------  S Y S T E M  ---------------

OS: Windows 10 , 64 bit Build 19041 (10.0.19041.804)
OS uptime: 0 days 0:31 hours

CPU:total 4 (initial active 4) (2 cores per cpu, 2 threads per core) family 6 model 165 stepping 3 microcode 0xe0, cmov, cx8, fxsr, mmx, sse, sse2, sse3, ssse3, sse4.1, sse4.2, popcnt, aes, clmul, erms, 3dnowpref, lzcnt, ht, tsc, tscinvbit

Memory: 4k page, system-wide physical 16242M (10141M free)
TotalPageFile size 18674M (AvailPageFile size 12976M)
current process WorkingSet (physical memory assigned to process): 491M, peak: 526M
current process commit charge ("private bytes"): 554M, peak: 587M

vm_info: OpenJDK 64-Bit Server VM (11.0.15+0-b2043.56-9505619) for windows-amd64 JRE (11.0.15+0-b2043.56-9505619), built on Jan 19 2023 02:48:00 by "builduser" with unknown MS VC++:1929

END.
