#
# A fatal error has been detected by the Java Runtime Environment:
#
#  EXCEPTION_ACCESS_VIOLATION (0xc0000005) at pc=0x00007ffe06f5a4e0, pid=9704, tid=13580
#
# JRE version: OpenJDK Runtime Environment (11.0.15) (build 11.0.15+0-b2043.56-9505619)
# Java VM: OpenJDK 64-Bit Server VM (11.0.15+0-b2043.56-9505619, mixed mode, tiered, compressed oops, g1 gc, windows-amd64)
# Problematic frame:
# V  [jvm.dll+0x91a4e0]
#
# No core dump will be written. Minidumps are not enabled by default on client versions of Windows
#
# If you would like to submit a bug report, please visit:
#   https://bugreport.java.com/bugreport/crash.jsp
# The crash happened outside the Java Virtual Machine in native code.
# See problematic frame for where to report the bug.
#

---------------  S U M M A R Y ------------

Command Line: --add-opens=java.base/java.util=ALL-UNNAMED --add-opens=java.base/java.lang=ALL-UNNAMED --add-opens=java.base/java.lang.invoke=ALL-UNNAMED --add-opens=java.base/java.util=ALL-UNNAMED --add-opens=java.prefs/java.util.prefs=ALL-UNNAMED --add-opens=java.prefs/java.util.prefs=ALL-UNNAMED --add-opens=java.base/java.nio.charset=ALL-UNNAMED --add-opens=java.base/java.net=ALL-UNNAMED --add-opens=java.base/java.util.concurrent.atomic=ALL-UNNAMED -Xmx2048m -Dfile.encoding=UTF-8 -Duser.country=US -Duser.language=en -Duser.variant org.gradle.launcher.daemon.bootstrap.GradleDaemon 7.5

Host: Intel(R) Pentium(R) Gold G6400 CPU @ 4.00GHz, 4 cores, 15G,  Windows 10 , 64 bit Build 19041 (10.0.19041.804)
Time: Mon Apr 17 13:29:31 2023 SE Asia Standard Time elapsed time: 31.490252 seconds (0d 0h 0m 31s)

---------------  T H R E A D  ---------------

Current thread (0x000001ccfbf99000):  JavaThread "File watcher server" daemon [_thread_in_native, id=13580, stack(0x0000009630800000,0x0000009630900000)]

Stack: [0x0000009630800000,0x0000009630900000],  sp=0x00000096308fea58,  free space=1018k
Native frames: (J=compiled Java code, j=interpreted, Vv=VM code, C=native code)
V  [jvm.dll+0x91a4e0]

Java frames: (J=compiled Java code, j=interpreted, Vv=VM code)
j  net.rubygrapefruit.platform.internal.jni.AbstractFileEventFunctions$NativeFileWatcher.executeRunLoop0(Ljava/lang/Object;)V+0
j  net.rubygrapefruit.platform.internal.jni.AbstractFileEventFunctions$NativeFileWatcher.access$100(Lnet/rubygrapefruit/platform/internal/jni/AbstractFileEventFunctions$NativeFileWatcher;Ljava/lang/Object;)V+2
j  net.rubygrapefruit.platform.internal.jni.AbstractFileEventFunctions$NativeFileWatcher$1.run()V+26
v  ~StubRoutines::call_stub

siginfo: EXCEPTION_ACCESS_VIOLATION (0xc0000005), data execution prevention violation at address 0x00007ffe06f5a4e0


Register to memory mapping:

RIP=0x00007ffe06f5a4e0 jvm.dll
RAX=0x00007ffe06f5a4e0 jvm.dll
RBX=0x0 is NULL
RCX=0x00000096347fb4d8 is pointing into the stack for thread: 0x000001ccfa750800
RDX=0x0 is NULL
RSP=0x00000096308fea58 is pointing into the stack for thread: 0x000001ccfbf99000
RBP=0x00000096308ff428 is pointing into the stack for thread: 0x000001ccfbf99000
RSI=0x00000096347fb4d0 is pointing into the stack for thread: 0x000001ccfa750800
RDI=0x00000096347fb490 is pointing into the stack for thread: 0x000001ccfa750800
R8 =0x000001ccec660fc0 points into unknown readable memory: 0x000001ccec660cc0 | c0 0c 66 ec cc 01 00 00
R9 =0x0000000000000001 is an unknown value
R10=0x0000000000008000 is an unknown value
R11=0x00000096308fe710 is pointing into the stack for thread: 0x000001ccfbf99000
R12=0x0 is NULL
R13={method} {0x000001ccfeda6600} 'executeRunLoop0' '(Ljava/lang/Object;)V' in 'net/rubygrapefruit/platform/internal/jni/AbstractFileEventFunctions$NativeFileWatcher'
R14=0x0 is NULL
R15=0x000001ccfbf99000 is a thread


Registers:
RAX=0x00007ffe06f5a4e0, RBX=0x0000000000000000, RCX=0x00000096347fb4d8, RDX=0x0000000000000000
RSP=0x00000096308fea58, RBP=0x00000096308ff428, RSI=0x00000096347fb4d0, RDI=0x00000096347fb490
R8 =0x000001ccec660fc0, R9 =0x0000000000000001, R10=0x0000000000008000, R11=0x00000096308fe710
R12=0x0000000000000000, R13=0x000001ccfeda65f8, R14=0x0000000000000000, R15=0x000001ccfbf99000
RIP=0x00007ffe06f5a4e0, EFLAGS=0x0000000000010216

Top of Stack: (sp=0x00000096308fea58)
0x00000096308fea58:   00007ffe282963b9 0000000000000000
0x00000096308fea68:   000001cc8000fa7a 000001ccf9a45990
0x00000096308fea78:   00007ffe28273133 000001ccf9f002b8
0x00000096308fea88:   000000008db00170 000063a6ccd9c0f7
0x00000096308fea98:   00007ffe2827da83 00000096308ff450
0x00000096308feaa8:   00000096347fb490 00007ffe2826f150
0x00000096308feab8:   00007ffe2828709b 00000096347fb4d0
0x00000096308feac8:   0000000080327290 0000000000000000
0x00000096308fead8:   00007ffe2827bfae 000001ccf9f002b0
0x00000096308feae8:   00007ffe282792a6 00000096347fb4d0
0x00000096308feaf8:   0000000000000000 000001ccf9f002b0
0x00000096308feb08:   00007ffe282557b3 0000000000000000
0x00000096308feb18:   00007ffe282864c2 00000096308feb60
0x00000096308feb28:   00000096347fb4d0 000001ccf96d4a20
0x00000096308feb38:   0000000000000000 000000008092ee01
0x00000096308feb48:   000001ccf95efd50 0000000000000000 

Instructions: (pc=0x00007ffe06f5a4e0)
0x00007ffe06f5a3e0:   b0 bd de 06 fe 7f 00 00 a0 9f 64 06 fe 7f 00 00
0x00007ffe06f5a3f0:   e0 df b4 06 fe 7f 00 00 b0 b4 de 06 fe 7f 00 00
0x00007ffe06f5a400:   30 99 64 06 fe 7f 00 00 30 89 64 06 fe 7f 00 00
0x00007ffe06f5a410:   20 b9 70 06 fe 7f 00 00 90 bd 70 06 fe 7f 00 00
0x00007ffe06f5a420:   a0 9f 64 06 fe 7f 00 00 b0 b9 70 06 fe 7f 00 00
0x00007ffe06f5a430:   f0 1d c6 06 fe 7f 00 00 10 1c c6 06 fe 7f 00 00
0x00007ffe06f5a440:   c0 bc 70 06 fe 7f 00 00 80 bc 70 06 fe 7f 00 00
0x00007ffe06f5a450:   00 bd 70 06 fe 7f 00 00 70 b4 de 06 fe 7f 00 00
0x00007ffe06f5a460:   60 b9 70 06 fe 7f 00 00 10 bf de 06 fe 7f 00 00
0x00007ffe06f5a470:   20 b7 70 06 fe 7f 00 00 a0 fc b4 06 fe 7f 00 00
0x00007ffe06f5a480:   e0 89 cc 06 fe 7f 00 00 30 89 64 06 fe 7f 00 00
0x00007ffe06f5a490:   30 89 64 06 fe 7f 00 00 d0 b6 70 06 fe 7f 00 00
0x00007ffe06f5a4a0:   d0 f0 6e 06 fe 7f 00 00 80 31 6b 06 fe 7f 00 00
0x00007ffe06f5a4b0:   40 f4 b4 06 fe 7f 00 00 40 bb 70 06 fe 7f 00 00
0x00007ffe06f5a4c0:   b0 bd 70 06 fe 7f 00 00 90 bb 70 06 fe 7f 00 00
0x00007ffe06f5a4d0:   c0 bd de 06 fe 7f 00 00 a0 e8 00 07 fe 7f 00 00
0x00007ffe06f5a4e0:   80 0a 65 06 fe 7f 00 00 30 99 64 06 fe 7f 00 00
0x00007ffe06f5a4f0:   80 0a 65 06 fe 7f 00 00 30 99 64 06 fe 7f 00 00
0x00007ffe06f5a500:   30 99 64 06 fe 7f 00 00 30 99 64 06 fe 7f 00 00
0x00007ffe06f5a510:   f0 d6 c2 06 fe 7f 00 00 c0 23 6b 06 fe 7f 00 00
0x00007ffe06f5a520:   e0 bd c2 06 fe 7f 00 00 50 2e c3 06 fe 7f 00 00
0x00007ffe06f5a530:   a0 f5 b4 06 fe 7f 00 00 10 40 c3 06 fe 7f 00 00
0x00007ffe06f5a540:   90 bf c2 06 fe 7f 00 00 d0 4b c3 06 fe 7f 00 00
0x00007ffe06f5a550:   7b 6d 65 74 68 6f 64 7d 00 00 00 00 00 00 00 00
0x00007ffe06f5a560:   28 e9 00 07 fe 7f 00 00 80 0a 65 06 fe 7f 00 00
0x00007ffe06f5a570:   80 0a 65 06 fe 7f 00 00 30 99 64 06 fe 7f 00 00
0x00007ffe06f5a580:   30 99 64 06 fe 7f 00 00 30 99 64 06 fe 7f 00 00
0x00007ffe06f5a590:   30 99 64 06 fe 7f 00 00 10 d7 c2 06 fe 7f 00 00
0x00007ffe06f5a5a0:   a0 9f 64 06 fe 7f 00 00 a0 32 9c 06 fe 7f 00 00
0x00007ffe06f5a5b0:   60 2e c6 06 fe 7f 00 00 30 89 64 06 fe 7f 00 00
0x00007ffe06f5a5c0:   10 34 c6 06 fe 7f 00 00 30 99 64 06 fe 7f 00 00
0x00007ffe06f5a5d0:   30 89 64 06 fe 7f 00 00 f0 21 c6 06 fe 7f 00 00 


Stack slot to memory mapping:
stack at sp + 0 slots: 0x00007ffe282963b9 native-platform-file-events.dll
stack at sp + 1 slots: 0x0 is NULL
stack at sp + 2 slots: 0x000001cc8000fa7a is at code_begin+2458 in an Interpreter codelet
method entry point (kind = native)  [0x000001cc8000f0e0, 0x000001cc8000fb60]  2688 bytes
stack at sp + 3 slots: {method} {0x000001ccf9a45998} 'findEntry' '(Ljava/lang/String;)J' in 'java/lang/ClassLoader$NativeLibrary'
stack at sp + 4 slots: 0x00007ffe28273133 native-platform-file-events.dll
stack at sp + 5 slots: 0x000001ccf9f002b8 points into unknown readable memory: 0x000001ccfdd16db0 | b0 6d d1 fd cc 01 00 00
stack at sp + 6 slots: 0x000000008db00170 is pointing into object: java.lang.String 
{0x000000008db00160} - klass: 'java/lang/String'
stack at sp + 7 slots: 0x000063a6ccd9c0f7 is an unknown value


---------------  P R O C E S S  ---------------

Threads class SMR info:
_java_thread_list=0x000001ccfdcea040, length=86, elements={
0x000001ccee986800, 0x000001ccf9e0a000, 0x000001ccf9e0b800, 0x000001ccf9e65800,
0x000001ccf9e66800, 0x000001ccf9e6a000, 0x000001ccf9e6d000, 0x000001ccf9ebc800,
0x000001ccf9edb800, 0x000001ccf9fe2000, 0x000001ccfb6ae800, 0x000001ccfc221800,
0x000001ccfafd4800, 0x000001ccfc2ad000, 0x000001ccfc03e800, 0x000001ccfc0c4000,
0x000001ccfc328000, 0x000001ccfc21c800, 0x000001ccfbe08800, 0x000001ccfbd3f800,
0x000001ccfbf96800, 0x000001ccfbf94000, 0x000001ccfbf95800, 0x000001ccfbf99000,
0x000001ccfbf97800, 0x000001ccfbf98000, 0x000001ccfbf93800, 0x000001ccfbf9a000,
0x000001ccfcfc5000, 0x000001ccfcfc1000, 0x000001ccfcfc0000, 0x000001ccfcfc2800,
0x000001ccfcfc7800, 0x000001ccfcfc6800, 0x000001ccfcfc2000, 0x000001ccfcfc8800,
0x000001ccfcfc9000, 0x000001ccfcfc3800, 0x000001ccfcfca000, 0x000001ccfcfc4000,
0x000001ccfcfcd000, 0x000001ccfcfce000, 0x000001ccfcfca800, 0x000001ccfcfcb800,
0x000001ccfcfcc800, 0x000001ccfcfcf000, 0x000001ccfb54c800, 0x000001ccfb549000,
0x000001ccfb548000, 0x000001ccfb54a000, 0x000001ccfb546800, 0x000001ccfb54b800,
0x000001ccfb54a800, 0x000001ccfb54d000, 0x000001ccfb547800, 0x000001ccfb550800,
0x000001ccfb551000, 0x000001ccfb552000, 0x000001ccfb553000, 0x000001ccfb54e800,
0x000001ccfb553800, 0x000001ccfb54e000, 0x000001ccfb54f800, 0x000001ccfb555800,
0x000001ccfb554800, 0x000001ccfa74b800, 0x000001ccfa74c800, 0x000001ccfa74b000,
0x000001ccfa74d800, 0x000001ccfa747800, 0x000001ccfa74e000, 0x000001ccfa748800,
0x000001ccfa74f000, 0x000001ccfa74a000, 0x000001ccfa749800, 0x000001ccfa751800,
0x000001ccfa752000, 0x000001ccfa754000, 0x000001ccfa754800, 0x000001ccfa750000,
0x000001ccfa753000, 0x000001ccfa756800, 0x000001ccfa755800, 0x000001ccfa750800,
0x000001cc8f7ec800, 0x000001ccfd927000
}

Java Threads: ( => current thread )
  0x000001ccee986800 JavaThread "main" [_thread_blocked, id=12660, stack(0x000000962e300000,0x000000962e400000)]
  0x000001ccf9e0a000 JavaThread "Reference Handler" daemon [_thread_blocked, id=12632, stack(0x000000962ed00000,0x000000962ee00000)]
  0x000001ccf9e0b800 JavaThread "Finalizer" daemon [_thread_blocked, id=12488, stack(0x000000962ee00000,0x000000962ef00000)]
  0x000001ccf9e65800 JavaThread "Signal Dispatcher" daemon [_thread_blocked, id=14136, stack(0x000000962ef00000,0x000000962f000000)]
  0x000001ccf9e66800 JavaThread "Attach Listener" daemon [_thread_blocked, id=9416, stack(0x000000962f000000,0x000000962f100000)]
  0x000001ccf9e6a000 JavaThread "Service Thread" daemon [_thread_blocked, id=14032, stack(0x000000962f100000,0x000000962f200000)]
  0x000001ccf9e6d000 JavaThread "C2 CompilerThread0" daemon [_thread_blocked, id=3176, stack(0x000000962f200000,0x000000962f300000)]
  0x000001ccf9ebc800 JavaThread "C1 CompilerThread0" daemon [_thread_blocked, id=6580, stack(0x000000962f300000,0x000000962f400000)]
  0x000001ccf9edb800 JavaThread "Sweeper thread" daemon [_thread_blocked, id=13680, stack(0x000000962f400000,0x000000962f500000)]
  0x000001ccf9fe2000 JavaThread "Common-Cleaner" daemon [_thread_blocked, id=6028, stack(0x000000962f500000,0x000000962f600000)]
  0x000001ccfb6ae800 JavaThread "Daemon health stats" [_thread_blocked, id=10836, stack(0x000000962fb00000,0x000000962fc00000)]
  0x000001ccfc221800 JavaThread "Incoming local TCP Connector on port 63765" [_thread_in_native, id=11064, stack(0x000000962fc00000,0x000000962fd00000)]
  0x000001ccfafd4800 JavaThread "Daemon periodic checks" [_thread_blocked, id=8828, stack(0x000000962fd00000,0x000000962fe00000)]
  0x000001ccfc2ad000 JavaThread "Daemon" [_thread_blocked, id=3984, stack(0x000000962fe00000,0x000000962ff00000)]
  0x000001ccfc03e800 JavaThread "Handler for socket connection from /127.0.0.1:63765 to /127.0.0.1:63766" [_thread_in_native, id=5752, stack(0x000000962ff00000,0x0000009630000000)]
  0x000001ccfc0c4000 JavaThread "Cancel handler" [_thread_blocked, id=11632, stack(0x0000009630000000,0x0000009630100000)]
  0x000001ccfc328000 JavaThread "Daemon worker" [_thread_blocked, id=13412, stack(0x0000009630100000,0x0000009630200000)]
  0x000001ccfc21c800 JavaThread "Asynchronous log dispatcher for DefaultDaemonConnection: socket connection from /127.0.0.1:63765 to /127.0.0.1:63766" [_thread_blocked, id=5872, stack(0x0000009630200000,0x0000009630300000)]
  0x000001ccfbe08800 JavaThread "Stdin handler" [_thread_blocked, id=12672, stack(0x0000009630300000,0x0000009630400000)]
  0x000001ccfbd3f800 JavaThread "Daemon client event forwarder" [_thread_blocked, id=9724, stack(0x0000009630400000,0x0000009630500000)]
  0x000001ccfbf96800 JavaThread "Cache worker for journal cache (C:\Users\it_04\.gradle\caches\journal-1)" [_thread_blocked, id=3856, stack(0x000000962f700000,0x000000962f800000)]
  0x000001ccfbf94000 JavaThread "File lock request listener" [_thread_in_native, id=6600, stack(0x0000009630500000,0x0000009630600000)]
  0x000001ccfbf95800 JavaThread "Cache worker for file hash cache (C:\Users\it_04\.gradle\caches\7.5\fileHashes)" [_thread_blocked, id=3924, stack(0x0000009630600000,0x0000009630700000)]
=>0x000001ccfbf99000 JavaThread "File watcher server" daemon [_thread_in_native, id=13580, stack(0x0000009630800000,0x0000009630900000)]
  0x000001ccfbf97800 JavaThread "Cache worker for checksums cache (D:\SourceAndroid\KyThuat\.gradle\7.5\checksums)" [_thread_blocked, id=9432, stack(0x0000009630a00000,0x0000009630b00000)]
  0x000001ccfbf98000 JavaThread "Cache worker for cache directory md-rule (C:\Users\it_04\.gradle\caches\7.5\md-rule)" [_thread_blocked, id=10492, stack(0x0000009630b00000,0x0000009630c00000)]
  0x000001ccfbf93800 JavaThread "Cache worker for file content cache (C:\Users\it_04\.gradle\caches\7.5\fileContent)" [_thread_blocked, id=13380, stack(0x0000009630c00000,0x0000009630d00000)]
  0x000001ccfbf9a000 JavaThread "Cache worker for file hash cache (D:\SourceAndroid\KyThuat\.gradle\7.5\fileHashes)" [_thread_blocked, id=13768, stack(0x0000009630d00000,0x0000009630e00000)]
  0x000001ccfcfc5000 JavaThread "Cache worker for cache directory md-supplier (C:\Users\it_04\.gradle\caches\7.5\md-supplier)" [_thread_blocked, id=12404, stack(0x0000009630e00000,0x0000009630f00000)]
  0x000001ccfcfc1000 JavaThread "Cache worker for execution history cache (C:\Users\it_04\.gradle\caches\7.5\executionHistory)" [_thread_blocked, id=12036, stack(0x0000009630f00000,0x0000009631000000)]
  0x000001ccfcfc0000 JavaThread "jar transforms" [_thread_blocked, id=5984, stack(0x0000009631000000,0x0000009631100000)]
  0x000001ccfcfc2800 JavaThread "jar transforms Thread 2" [_thread_blocked, id=13896, stack(0x0000009631100000,0x0000009631200000)]
  0x000001ccfcfc7800 JavaThread "jar transforms Thread 3" [_thread_blocked, id=1768, stack(0x0000009631200000,0x0000009631300000)]
  0x000001ccfcfc6800 JavaThread "jar transforms Thread 4" [_thread_blocked, id=14312, stack(0x0000009631300000,0x0000009631400000)]
  0x000001ccfcfc2000 JavaThread "Cache worker for dependencies-accessors (D:\SourceAndroid\KyThuat\.gradle\7.5\dependencies-accessors)" [_thread_blocked, id=13676, stack(0x0000009631400000,0x0000009631500000)]
  0x000001ccfcfc8800 JavaThread "Cache worker for Build Output Cleanup Cache (D:\SourceAndroid\KyThuat\.gradle\buildOutputCleanup)" [_thread_blocked, id=10832, stack(0x0000009630700000,0x0000009630800000)]
  0x000001ccfcfc9000 JavaThread "Unconstrained build operations" [_thread_blocked, id=12484, stack(0x0000009631500000,0x0000009631600000)]
  0x000001ccfcfc3800 JavaThread "Unconstrained build operations Thread 2" [_thread_blocked, id=6784, stack(0x0000009631700000,0x0000009631800000)]
  0x000001ccfcfca000 JavaThread "Unconstrained build operations Thread 3" [_thread_blocked, id=3896, stack(0x0000009631800000,0x0000009631900000)]
  0x000001ccfcfc4000 JavaThread "Unconstrained build operations Thread 4" [_thread_blocked, id=9136, stack(0x0000009631900000,0x0000009631a00000)]
  0x000001ccfcfcd000 JavaThread "Unconstrained build operations Thread 5" [_thread_blocked, id=12772, stack(0x0000009631a00000,0x0000009631b00000)]
  0x000001ccfcfce000 JavaThread "Unconstrained build operations Thread 6" [_thread_blocked, id=11988, stack(0x0000009631b00000,0x0000009631c00000)]
  0x000001ccfcfca800 JavaThread "Unconstrained build operations Thread 7" [_thread_blocked, id=4180, stack(0x0000009631c00000,0x0000009631d00000)]
  0x000001ccfcfcb800 JavaThread "Unconstrained build operations Thread 8" [_thread_blocked, id=2728, stack(0x0000009631d00000,0x0000009631e00000)]
  0x000001ccfcfcc800 JavaThread "Unconstrained build operations Thread 9" [_thread_blocked, id=6520, stack(0x0000009631e00000,0x0000009631f00000)]
  0x000001ccfcfcf000 JavaThread "Unconstrained build operations Thread 10" [_thread_blocked, id=11800, stack(0x0000009631f00000,0x0000009632000000)]
  0x000001ccfb54c800 JavaThread "Unconstrained build operations Thread 11" [_thread_blocked, id=12364, stack(0x0000009632000000,0x0000009632100000)]
  0x000001ccfb549000 JavaThread "Unconstrained build operations Thread 12" [_thread_blocked, id=6556, stack(0x0000009632100000,0x0000009632200000)]
  0x000001ccfb548000 JavaThread "Unconstrained build operations Thread 13" [_thread_blocked, id=13856, stack(0x0000009632200000,0x0000009632300000)]
  0x000001ccfb54a000 JavaThread "Unconstrained build operations Thread 14" [_thread_blocked, id=5160, stack(0x0000009632300000,0x0000009632400000)]
  0x000001ccfb546800 JavaThread "Unconstrained build operations Thread 15" [_thread_blocked, id=8284, stack(0x0000009632400000,0x0000009632500000)]
  0x000001ccfb54b800 JavaThread "Unconstrained build operations Thread 16" [_thread_blocked, id=11356, stack(0x0000009632500000,0x0000009632600000)]
  0x000001ccfb54a800 JavaThread "Unconstrained build operations Thread 17" [_thread_blocked, id=12756, stack(0x0000009632600000,0x0000009632700000)]
  0x000001ccfb54d000 JavaThread "Unconstrained build operations Thread 18" [_thread_blocked, id=11432, stack(0x0000009632700000,0x0000009632800000)]
  0x000001ccfb547800 JavaThread "Unconstrained build operations Thread 19" [_thread_blocked, id=13976, stack(0x0000009632800000,0x0000009632900000)]
  0x000001ccfb550800 JavaThread "Unconstrained build operations Thread 20" [_thread_blocked, id=10732, stack(0x0000009632900000,0x0000009632a00000)]
  0x000001ccfb551000 JavaThread "Unconstrained build operations Thread 21" [_thread_blocked, id=12308, stack(0x0000009632a00000,0x0000009632b00000)]
  0x000001ccfb552000 JavaThread "Unconstrained build operations Thread 22" [_thread_blocked, id=12372, stack(0x0000009632b00000,0x0000009632c00000)]
  0x000001ccfb553000 JavaThread "Unconstrained build operations Thread 23" [_thread_blocked, id=9080, stack(0x0000009632c00000,0x0000009632d00000)]
  0x000001ccfb54e800 JavaThread "Unconstrained build operations Thread 24" [_thread_blocked, id=13764, stack(0x0000009632d00000,0x0000009632e00000)]
  0x000001ccfb553800 JavaThread "Unconstrained build operations Thread 25" [_thread_blocked, id=13928, stack(0x0000009632e00000,0x0000009632f00000)]
  0x000001ccfb54e000 JavaThread "Unconstrained build operations Thread 26" [_thread_blocked, id=11424, stack(0x0000009632f00000,0x0000009633000000)]
  0x000001ccfb54f800 JavaThread "Unconstrained build operations Thread 27" [_thread_blocked, id=12232, stack(0x0000009633000000,0x0000009633100000)]
  0x000001ccfb555800 JavaThread "Unconstrained build operations Thread 28" [_thread_blocked, id=1704, stack(0x0000009633100000,0x0000009633200000)]
  0x000001ccfb554800 JavaThread "Unconstrained build operations Thread 29" [_thread_blocked, id=2280, stack(0x0000009633200000,0x0000009633300000)]
  0x000001ccfa74b800 JavaThread "Unconstrained build operations Thread 30" [_thread_blocked, id=5784, stack(0x0000009633300000,0x0000009633400000)]
  0x000001ccfa74c800 JavaThread "Unconstrained build operations Thread 31" [_thread_blocked, id=11792, stack(0x0000009633400000,0x0000009633500000)]
  0x000001ccfa74b000 JavaThread "Unconstrained build operations Thread 32" [_thread_in_native, id=10896, stack(0x0000009633500000,0x0000009633600000)]
  0x000001ccfa74d800 JavaThread "Unconstrained build operations Thread 33" [_thread_blocked, id=13392, stack(0x0000009633600000,0x0000009633700000)]
  0x000001ccfa747800 JavaThread "Unconstrained build operations Thread 34" [_thread_blocked, id=404, stack(0x0000009633700000,0x0000009633800000)]
  0x000001ccfa74e000 JavaThread "Unconstrained build operations Thread 35" [_thread_blocked, id=1244, stack(0x0000009633800000,0x0000009633900000)]
  0x000001ccfa748800 JavaThread "Unconstrained build operations Thread 36" [_thread_blocked, id=11412, stack(0x0000009633900000,0x0000009633a00000)]
  0x000001ccfa74f000 JavaThread "Unconstrained build operations Thread 37" [_thread_blocked, id=220, stack(0x0000009633a00000,0x0000009633b00000)]
  0x000001ccfa74a000 JavaThread "Unconstrained build operations Thread 38" [_thread_blocked, id=13672, stack(0x0000009633b00000,0x0000009633c00000)]
  0x000001ccfa749800 JavaThread "Unconstrained build operations Thread 39" [_thread_blocked, id=12836, stack(0x0000009633c00000,0x0000009633d00000)]
  0x000001ccfa751800 JavaThread "Unconstrained build operations Thread 40" [_thread_blocked, id=10388, stack(0x0000009633d00000,0x0000009633e00000)]
  0x000001ccfa752000 JavaThread "Memory manager" [_thread_blocked, id=7024, stack(0x0000009634000000,0x0000009634100000)]
  0x000001ccfa754000 JavaThread "build event listener" [_thread_blocked, id=5340, stack(0x0000009634100000,0x0000009634200000)]
  0x000001ccfa754800 JavaThread "pool-3-thread-1" [_thread_blocked, id=4568, stack(0x0000009634200000,0x0000009634300000)]
  0x000001ccfa750000 JavaThread "build event listener" [_thread_blocked, id=12332, stack(0x0000009634300000,0x0000009634400000)]
  0x000001ccfa753000 JavaThread "included builds" [_thread_blocked, id=13296, stack(0x0000009634400000,0x0000009634500000)]
  0x000001ccfa756800 JavaThread "Execution worker" [_thread_blocked, id=11168, stack(0x0000009634500000,0x0000009634600000)]
  0x000001ccfa755800 JavaThread "Execution worker Thread 2" [_thread_in_native, id=10668, stack(0x0000009634600000,0x0000009634700000)]
  0x000001ccfa750800 JavaThread "Execution worker Thread 3" [_thread_blocked, id=10812, stack(0x0000009634700000,0x0000009634800000)]
  0x000001cc8f7ec800 JavaThread "Cache worker for execution history cache (D:\SourceAndroid\KyThuat\.gradle\7.5\executionHistory)" [_thread_blocked, id=11444, stack(0x0000009634800000,0x0000009634900000)]
  0x000001ccfd927000 JavaThread "C2 CompilerThread1" daemon [_thread_blocked, id=12916, stack(0x0000009630900000,0x0000009630a00000)]

Other Threads:
  0x000001ccf9e07800 VMThread "VM Thread" [stack: 0x000000962ec00000,0x000000962ed00000] [id=2716]
  0x000001ccf9ff3000 WatcherThread [stack: 0x000000962f600000,0x000000962f700000] [id=6876]
  0x000001ccee99f800 GCTaskThread "GC Thread#0" [stack: 0x000000962e700000,0x000000962e800000] [id=11420]
  0x000001ccfa592000 GCTaskThread "GC Thread#1" [stack: 0x000000962f800000,0x000000962f900000] [id=6204]
  0x000001ccfa593000 GCTaskThread "GC Thread#2" [stack: 0x000000962f900000,0x000000962fa00000] [id=13300]
  0x000001ccfa398000 GCTaskThread "GC Thread#3" [stack: 0x000000962fa00000,0x000000962fb00000] [id=12064]
  0x000001ccee9cf800 ConcurrentGCThread "G1 Main Marker" [stack: 0x000000962e800000,0x000000962e900000] [id=8728]
  0x000001ccee9d1800 ConcurrentGCThread "G1 Conc#0" [stack: 0x000000962e900000,0x000000962ea00000] [id=9568]
  0x000001ccf944f000 ConcurrentGCThread "G1 Refine#0" [stack: 0x000000962ea00000,0x000000962eb00000] [id=13904]
  0x000001ccfceef800 ConcurrentGCThread "G1 Refine#1" [stack: 0x0000009633e00000,0x0000009633f00000] [id=10588]
  0x000001cceea4d800 ConcurrentGCThread "G1 Young RemSet Sampling" [stack: 0x000000962eb00000,0x000000962ec00000] [id=13204]

Threads with active compile tasks:

VM state:not at safepoint (normal execution)

VM Mutex/Monitor currently owned by a thread: None

Heap address: 0x0000000080000000, size: 2048 MB, Compressed Oops mode: 32-bit
Narrow klass base: 0x0000000000000000, Narrow klass shift: 3
Compressed class space size: 1073741824 Address: 0x0000000100000000

Heap:
 garbage-first heap   total 260096K, used 160256K [0x0000000080000000, 0x0000000100000000)
  region size 1024K, 86 young (88064K), 12 survivors (12288K)
 Metaspace       used 92488K, capacity 94928K, committed 95024K, reserved 1132544K
  class space    used 11826K, capacity 12662K, committed 12672K, reserved 1048576K
Heap Regions: E=young(eden), S=young(survivor), O=old, HS=humongous(starts), HC=humongous(continues), CS=collection set, F=free, A=archive, TAMS=top-at-mark-start (previous, next)
|   0|0x0000000080000000, 0x0000000080100000, 0x0000000080100000|100%|HS|  |TAMS 0x0000000080100000, 0x0000000080000000| Complete 
|   1|0x0000000080100000, 0x0000000080200000, 0x0000000080200000|100%|HC|  |TAMS 0x0000000080200000, 0x0000000080100000| Complete 
|   2|0x0000000080200000, 0x0000000080300000, 0x0000000080300000|100%|HC|  |TAMS 0x0000000080300000, 0x0000000080200000| Complete 
|   3|0x0000000080300000, 0x0000000080400000, 0x0000000080400000|100%| O|  |TAMS 0x0000000080400000, 0x0000000080300000| Untracked 
|   4|0x0000000080400000, 0x0000000080500000, 0x0000000080500000|100%| O|  |TAMS 0x0000000080500000, 0x0000000080400000| Untracked 
|   5|0x0000000080500000, 0x0000000080600000, 0x0000000080600000|100%| O|  |TAMS 0x0000000080600000, 0x0000000080500000| Untracked 
|   6|0x0000000080600000, 0x0000000080700000, 0x0000000080700000|100%| O|  |TAMS 0x0000000080700000, 0x0000000080600000| Untracked 
|   7|0x0000000080700000, 0x0000000080800000, 0x0000000080800000|100%| O|  |TAMS 0x0000000080800000, 0x0000000080700000| Untracked 
|   8|0x0000000080800000, 0x0000000080900000, 0x0000000080900000|100%| O|  |TAMS 0x0000000080900000, 0x0000000080800000| Untracked 
|   9|0x0000000080900000, 0x0000000080a00000, 0x0000000080a00000|100%| O|  |TAMS 0x0000000080a00000, 0x0000000080900000| Untracked 
|  10|0x0000000080a00000, 0x0000000080b00000, 0x0000000080b00000|100%| O|  |TAMS 0x0000000080b00000, 0x0000000080a00000| Untracked 
|  11|0x0000000080b00000, 0x0000000080c00000, 0x0000000080c00000|100%| O|  |TAMS 0x0000000080c00000, 0x0000000080b00000| Untracked 
|  12|0x0000000080c00000, 0x0000000080d00000, 0x0000000080d00000|100%| O|  |TAMS 0x0000000080d00000, 0x0000000080c00000| Untracked 
|  13|0x0000000080d00000, 0x0000000080e00000, 0x0000000080e00000|100%| O|  |TAMS 0x0000000080e00000, 0x0000000080d00000| Untracked 
|  14|0x0000000080e00000, 0x0000000080f00000, 0x0000000080f00000|100%| O|  |TAMS 0x0000000080f00000, 0x0000000080e00000| Untracked 
|  15|0x0000000080f00000, 0x0000000081000000, 0x0000000081000000|100%| O|  |TAMS 0x0000000081000000, 0x0000000080f00000| Untracked 
|  16|0x0000000081000000, 0x0000000081100000, 0x0000000081100000|100%| O|  |TAMS 0x0000000081100000, 0x0000000081000000| Untracked 
|  17|0x0000000081100000, 0x0000000081200000, 0x0000000081200000|100%|HS|  |TAMS 0x0000000081200000, 0x0000000081100000| Complete 
|  18|0x0000000081200000, 0x0000000081300000, 0x0000000081300000|100%|HS|  |TAMS 0x0000000081300000, 0x0000000081200000| Complete 
|  19|0x0000000081300000, 0x0000000081400000, 0x0000000081400000|100%| O|  |TAMS 0x0000000081400000, 0x0000000081300000| Untracked 
|  20|0x0000000081400000, 0x0000000081500000, 0x0000000081500000|100%|HS|  |TAMS 0x0000000081500000, 0x0000000081400000| Complete 
|  21|0x0000000081500000, 0x0000000081600000, 0x0000000081600000|100%|HC|  |TAMS 0x0000000081600000, 0x0000000081500000| Complete 
|  22|0x0000000081600000, 0x0000000081700000, 0x0000000081700000|100%| O|  |TAMS 0x0000000081700000, 0x0000000081600000| Untracked 
|  23|0x0000000081700000, 0x0000000081800000, 0x0000000081800000|100%| O|  |TAMS 0x0000000081800000, 0x0000000081700000| Untracked 
|  24|0x0000000081800000, 0x0000000081900000, 0x0000000081900000|100%| O|  |TAMS 0x0000000081900000, 0x0000000081800000| Untracked 
|  25|0x0000000081900000, 0x0000000081a00000, 0x0000000081a00000|100%| O|  |TAMS 0x0000000081a00000, 0x0000000081900000| Untracked 
|  26|0x0000000081a00000, 0x0000000081b00000, 0x0000000081b00000|100%| O|  |TAMS 0x0000000081b00000, 0x0000000081a00000| Untracked 
|  27|0x0000000081b00000, 0x0000000081c00000, 0x0000000081c00000|100%| O|  |TAMS 0x0000000081c00000, 0x0000000081b00000| Untracked 
|  28|0x0000000081c00000, 0x0000000081d00000, 0x0000000081d00000|100%| O|  |TAMS 0x0000000081d00000, 0x0000000081c00000| Untracked 
|  29|0x0000000081d00000, 0x0000000081e00000, 0x0000000081e00000|100%| O|  |TAMS 0x0000000081e00000, 0x0000000081d00000| Untracked 
|  30|0x0000000081e00000, 0x0000000081f00000, 0x0000000081f00000|100%| O|  |TAMS 0x0000000081f00000, 0x0000000081e00000| Untracked 
|  31|0x0000000081f00000, 0x0000000082000000, 0x0000000082000000|100%| O|  |TAMS 0x0000000082000000, 0x0000000081f00000| Untracked 
|  32|0x0000000082000000, 0x0000000082100000, 0x0000000082100000|100%| O|  |TAMS 0x0000000082100000, 0x0000000082000000| Untracked 
|  33|0x0000000082100000, 0x0000000082200000, 0x0000000082200000|100%| O|  |TAMS 0x0000000082200000, 0x0000000082100000| Untracked 
|  34|0x0000000082200000, 0x0000000082300000, 0x0000000082300000|100%| O|  |TAMS 0x0000000082300000, 0x0000000082200000| Untracked 
|  35|0x0000000082300000, 0x0000000082400000, 0x0000000082400000|100%| O|  |TAMS 0x0000000082400000, 0x0000000082300000| Untracked 
|  36|0x0000000082400000, 0x0000000082500000, 0x0000000082500000|100%| O|  |TAMS 0x0000000082500000, 0x0000000082400000| Untracked 
|  37|0x0000000082500000, 0x0000000082600000, 0x0000000082600000|100%| O|  |TAMS 0x0000000082600000, 0x0000000082500000| Untracked 
|  38|0x0000000082600000, 0x0000000082700000, 0x0000000082700000|100%| O|  |TAMS 0x0000000082700000, 0x0000000082600000| Untracked 
|  39|0x0000000082700000, 0x0000000082800000, 0x0000000082800000|100%| O|  |TAMS 0x0000000082800000, 0x0000000082700000| Untracked 
|  40|0x0000000082800000, 0x0000000082900000, 0x0000000082900000|100%| O|  |TAMS 0x0000000082900000, 0x0000000082800000| Untracked 
|  41|0x0000000082900000, 0x0000000082a00000, 0x0000000082a00000|100%| O|  |TAMS 0x0000000082a00000, 0x0000000082900000| Untracked 
|  42|0x0000000082a00000, 0x0000000082b00000, 0x0000000082b00000|100%| O|  |TAMS 0x0000000082b00000, 0x0000000082a00000| Untracked 
|  43|0x0000000082b00000, 0x0000000082c00000, 0x0000000082c00000|100%| O|  |TAMS 0x0000000082c00000, 0x0000000082b00000| Untracked 
|  44|0x0000000082c00000, 0x0000000082d00000, 0x0000000082d00000|100%| O|  |TAMS 0x0000000082d00000, 0x0000000082c00000| Untracked 
|  45|0x0000000082d00000, 0x0000000082e00000, 0x0000000082e00000|100%| O|  |TAMS 0x0000000082de4400, 0x0000000082d00000| Untracked 
|  46|0x0000000082e00000, 0x0000000082f00000, 0x0000000082f00000|100%| O|  |TAMS 0x0000000082e00000, 0x0000000082e00000| Untracked 
|  47|0x0000000082f00000, 0x0000000083000000, 0x0000000083000000|100%| O|  |TAMS 0x0000000082f00000, 0x0000000082f00000| Untracked 
|  48|0x0000000083000000, 0x0000000083100000, 0x0000000083100000|100%| O|  |TAMS 0x0000000083000000, 0x0000000083000000| Untracked 
|  49|0x0000000083100000, 0x0000000083200000, 0x0000000083200000|100%| O|  |TAMS 0x0000000083100000, 0x0000000083100000| Untracked 
|  50|0x0000000083200000, 0x0000000083300000, 0x0000000083300000|100%| O|  |TAMS 0x0000000083200000, 0x0000000083200000| Untracked 
|  51|0x0000000083300000, 0x0000000083400000, 0x0000000083400000|100%| O|  |TAMS 0x0000000083300000, 0x0000000083300000| Untracked 
|  52|0x0000000083400000, 0x0000000083500000, 0x0000000083500000|100%| O|  |TAMS 0x0000000083400000, 0x0000000083400000| Untracked 
|  53|0x0000000083500000, 0x0000000083600000, 0x0000000083600000|100%| O|  |TAMS 0x0000000083500000, 0x0000000083500000| Untracked 
|  54|0x0000000083600000, 0x0000000083700000, 0x0000000083700000|100%| O|  |TAMS 0x0000000083600000, 0x0000000083600000| Untracked 
|  55|0x0000000083700000, 0x0000000083800000, 0x0000000083800000|100%| O|  |TAMS 0x0000000083700000, 0x0000000083700000| Untracked 
|  56|0x0000000083800000, 0x0000000083900000, 0x0000000083900000|100%| O|  |TAMS 0x0000000083800000, 0x0000000083800000| Untracked 
|  57|0x0000000083900000, 0x0000000083a00000, 0x0000000083a00000|100%| O|  |TAMS 0x0000000083900000, 0x0000000083900000| Untracked 
|  58|0x0000000083a00000, 0x0000000083b00000, 0x0000000083b00000|100%| O|  |TAMS 0x0000000083a00000, 0x0000000083a00000| Untracked 
|  59|0x0000000083b00000, 0x0000000083c00000, 0x0000000083c00000|100%| O|  |TAMS 0x0000000083b00000, 0x0000000083b00000| Untracked 
|  60|0x0000000083c00000, 0x0000000083d00000, 0x0000000083d00000|100%| O|  |TAMS 0x0000000083c00000, 0x0000000083c00000| Untracked 
|  61|0x0000000083d00000, 0x0000000083e00000, 0x0000000083e00000|100%| O|  |TAMS 0x0000000083d00000, 0x0000000083d00000| Untracked 
|  62|0x0000000083e00000, 0x0000000083f00000, 0x0000000083f00000|100%| O|  |TAMS 0x0000000083e00000, 0x0000000083e00000| Untracked 
|  63|0x0000000083f00000, 0x0000000084000000, 0x0000000084000000|100%| O|  |TAMS 0x0000000083f00000, 0x0000000083f00000| Untracked 
|  64|0x0000000084000000, 0x0000000084100000, 0x0000000084100000|100%| O|  |TAMS 0x0000000084000000, 0x0000000084000000| Untracked 
|  65|0x0000000084100000, 0x0000000084200000, 0x0000000084200000|100%| O|  |TAMS 0x0000000084100000, 0x0000000084100000| Untracked 
|  66|0x0000000084200000, 0x0000000084300000, 0x0000000084300000|100%| O|  |TAMS 0x0000000084200000, 0x0000000084200000| Untracked 
|  67|0x0000000084300000, 0x0000000084400000, 0x0000000084400000|100%| O|  |TAMS 0x0000000084300000, 0x0000000084300000| Untracked 
|  68|0x0000000084400000, 0x0000000084500000, 0x0000000084500000|100%| O|  |TAMS 0x0000000084400000, 0x0000000084400000| Untracked 
|  69|0x0000000084500000, 0x0000000084600000, 0x0000000084600000|100%| O|  |TAMS 0x0000000084500000, 0x0000000084500000| Untracked 
|  70|0x0000000084600000, 0x0000000084700000, 0x0000000084700000|100%| O|  |TAMS 0x0000000084600000, 0x0000000084600000| Untracked 
|  71|0x0000000084700000, 0x0000000084800000, 0x0000000084800000|100%| O|  |TAMS 0x0000000084700000, 0x0000000084700000| Untracked 
|  72|0x0000000084800000, 0x0000000084900000, 0x0000000084900000|100%| O|  |TAMS 0x0000000084800000, 0x0000000084800000| Untracked 
|  73|0x0000000084900000, 0x0000000084900000, 0x0000000084a00000|  0%| F|  |TAMS 0x0000000084900000, 0x0000000084900000| Untracked 
|  74|0x0000000084a00000, 0x0000000084a00000, 0x0000000084b00000|  0%| F|  |TAMS 0x0000000084a00000, 0x0000000084a00000| Untracked 
|  75|0x0000000084b00000, 0x0000000084b00000, 0x0000000084c00000|  0%| F|  |TAMS 0x0000000084b00000, 0x0000000084b00000| Untracked 
|  76|0x0000000084c00000, 0x0000000084c00000, 0x0000000084d00000|  0%| F|  |TAMS 0x0000000084c00000, 0x0000000084c00000| Untracked 
|  77|0x0000000084d00000, 0x0000000084d00000, 0x0000000084e00000|  0%| F|  |TAMS 0x0000000084d00000, 0x0000000084d00000| Untracked 
|  78|0x0000000084e00000, 0x0000000084e00000, 0x0000000084f00000|  0%| F|  |TAMS 0x0000000084e00000, 0x0000000084e00000| Untracked 
|  79|0x0000000084f00000, 0x0000000084f00000, 0x0000000085000000|  0%| F|  |TAMS 0x0000000084f00000, 0x0000000084f00000| Untracked 
|  80|0x0000000085000000, 0x0000000085000000, 0x0000000085100000|  0%| F|  |TAMS 0x0000000085000000, 0x0000000085000000| Untracked 
|  81|0x0000000085100000, 0x0000000085100000, 0x0000000085200000|  0%| F|  |TAMS 0x0000000085100000, 0x0000000085100000| Untracked 
|  82|0x0000000085200000, 0x0000000085200000, 0x0000000085300000|  0%| F|  |TAMS 0x0000000085200000, 0x0000000085200000| Untracked 
|  83|0x0000000085300000, 0x0000000085300000, 0x0000000085400000|  0%| F|  |TAMS 0x0000000085300000, 0x0000000085300000| Untracked 
|  84|0x0000000085400000, 0x0000000085400000, 0x0000000085500000|  0%| F|  |TAMS 0x0000000085400000, 0x0000000085400000| Untracked 
|  85|0x0000000085500000, 0x0000000085500000, 0x0000000085600000|  0%| F|  |TAMS 0x0000000085500000, 0x0000000085500000| Untracked 
|  86|0x0000000085600000, 0x0000000085600000, 0x0000000085700000|  0%| F|  |TAMS 0x0000000085600000, 0x0000000085600000| Untracked 
|  87|0x0000000085700000, 0x0000000085700000, 0x0000000085800000|  0%| F|  |TAMS 0x0000000085700000, 0x0000000085700000| Untracked 
|  88|0x0000000085800000, 0x0000000085800000, 0x0000000085900000|  0%| F|  |TAMS 0x0000000085800000, 0x0000000085800000| Untracked 
|  89|0x0000000085900000, 0x0000000085900000, 0x0000000085a00000|  0%| F|  |TAMS 0x0000000085900000, 0x0000000085900000| Untracked 
|  90|0x0000000085a00000, 0x0000000085a00000, 0x0000000085b00000|  0%| F|  |TAMS 0x0000000085a00000, 0x0000000085a00000| Untracked 
|  91|0x0000000085b00000, 0x0000000085b00000, 0x0000000085c00000|  0%| F|  |TAMS 0x0000000085b00000, 0x0000000085b00000| Untracked 
|  92|0x0000000085c00000, 0x0000000085c00000, 0x0000000085d00000|  0%| F|  |TAMS 0x0000000085c00000, 0x0000000085c00000| Untracked 
|  93|0x0000000085d00000, 0x0000000085d00000, 0x0000000085e00000|  0%| F|  |TAMS 0x0000000085d00000, 0x0000000085d00000| Untracked 
|  94|0x0000000085e00000, 0x0000000085e00000, 0x0000000085f00000|  0%| F|  |TAMS 0x0000000085e00000, 0x0000000085e00000| Untracked 
|  95|0x0000000085f00000, 0x0000000085f00000, 0x0000000086000000|  0%| F|  |TAMS 0x0000000085f00000, 0x0000000085f00000| Untracked 
|  96|0x0000000086000000, 0x0000000086000000, 0x0000000086100000|  0%| F|  |TAMS 0x0000000086000000, 0x0000000086000000| Untracked 
|  97|0x0000000086100000, 0x0000000086100000, 0x0000000086200000|  0%| F|  |TAMS 0x0000000086100000, 0x0000000086100000| Untracked 
|  98|0x0000000086200000, 0x0000000086200000, 0x0000000086300000|  0%| F|  |TAMS 0x0000000086200000, 0x0000000086200000| Untracked 
|  99|0x0000000086300000, 0x0000000086300000, 0x0000000086400000|  0%| F|  |TAMS 0x0000000086300000, 0x0000000086300000| Untracked 
| 100|0x0000000086400000, 0x0000000086400000, 0x0000000086500000|  0%| F|  |TAMS 0x0000000086400000, 0x0000000086400000| Untracked 
| 101|0x0000000086500000, 0x0000000086500000, 0x0000000086600000|  0%| F|  |TAMS 0x0000000086500000, 0x0000000086500000| Untracked 
| 102|0x0000000086600000, 0x0000000086600000, 0x0000000086700000|  0%| F|  |TAMS 0x0000000086600000, 0x0000000086600000| Untracked 
| 103|0x0000000086700000, 0x0000000086700000, 0x0000000086800000|  0%| F|  |TAMS 0x0000000086700000, 0x0000000086700000| Untracked 
| 104|0x0000000086800000, 0x0000000086800000, 0x0000000086900000|  0%| F|  |TAMS 0x0000000086800000, 0x0000000086800000| Untracked 
| 105|0x0000000086900000, 0x0000000086900000, 0x0000000086a00000|  0%| F|  |TAMS 0x0000000086900000, 0x0000000086900000| Untracked 
| 106|0x0000000086a00000, 0x0000000086a00000, 0x0000000086b00000|  0%| F|  |TAMS 0x0000000086a00000, 0x0000000086a00000| Untracked 
| 107|0x0000000086b00000, 0x0000000086b00000, 0x0000000086c00000|  0%| F|  |TAMS 0x0000000086b00000, 0x0000000086b00000| Untracked 
| 108|0x0000000086c00000, 0x0000000086c00000, 0x0000000086d00000|  0%| F|  |TAMS 0x0000000086c00000, 0x0000000086c00000| Untracked 
| 109|0x0000000086d00000, 0x0000000086d00000, 0x0000000086e00000|  0%| F|  |TAMS 0x0000000086d00000, 0x0000000086d00000| Untracked 
| 110|0x0000000086e00000, 0x0000000086e00000, 0x0000000086f00000|  0%| F|  |TAMS 0x0000000086e00000, 0x0000000086e00000| Untracked 
| 111|0x0000000086f00000, 0x0000000086f00000, 0x0000000087000000|  0%| F|  |TAMS 0x0000000086f00000, 0x0000000086f00000| Untracked 
| 112|0x0000000087000000, 0x0000000087000000, 0x0000000087100000|  0%| F|  |TAMS 0x0000000087000000, 0x0000000087000000| Untracked 
| 113|0x0000000087100000, 0x0000000087100000, 0x0000000087200000|  0%| F|  |TAMS 0x0000000087100000, 0x0000000087100000| Untracked 
| 114|0x0000000087200000, 0x0000000087200000, 0x0000000087300000|  0%| F|  |TAMS 0x0000000087200000, 0x0000000087200000| Untracked 
| 115|0x0000000087300000, 0x0000000087300000, 0x0000000087400000|  0%| F|  |TAMS 0x0000000087300000, 0x0000000087300000| Untracked 
| 116|0x0000000087400000, 0x0000000087400000, 0x0000000087500000|  0%| F|  |TAMS 0x0000000087400000, 0x0000000087400000| Untracked 
| 117|0x0000000087500000, 0x0000000087500000, 0x0000000087600000|  0%| F|  |TAMS 0x0000000087500000, 0x0000000087500000| Untracked 
| 118|0x0000000087600000, 0x0000000087600000, 0x0000000087700000|  0%| F|  |TAMS 0x0000000087600000, 0x0000000087600000| Untracked 
| 119|0x0000000087700000, 0x0000000087700000, 0x0000000087800000|  0%| F|  |TAMS 0x0000000087700000, 0x0000000087700000| Untracked 
| 120|0x0000000087800000, 0x0000000087800000, 0x0000000087900000|  0%| F|  |TAMS 0x0000000087800000, 0x0000000087800000| Untracked 
| 121|0x0000000087900000, 0x0000000087900000, 0x0000000087a00000|  0%| F|  |TAMS 0x0000000087900000, 0x0000000087900000| Untracked 
| 122|0x0000000087a00000, 0x0000000087a00000, 0x0000000087b00000|  0%| F|  |TAMS 0x0000000087a00000, 0x0000000087a00000| Untracked 
| 123|0x0000000087b00000, 0x0000000087b00000, 0x0000000087c00000|  0%| F|  |TAMS 0x0000000087b00000, 0x0000000087b00000| Untracked 
| 124|0x0000000087c00000, 0x0000000087c00000, 0x0000000087d00000|  0%| F|  |TAMS 0x0000000087c00000, 0x0000000087c00000| Untracked 
| 125|0x0000000087d00000, 0x0000000087d00000, 0x0000000087e00000|  0%| F|  |TAMS 0x0000000087d00000, 0x0000000087d00000| Untracked 
| 126|0x0000000087e00000, 0x0000000087e00000, 0x0000000087f00000|  0%| F|  |TAMS 0x0000000087e00000, 0x0000000087e00000| Untracked 
| 127|0x0000000087f00000, 0x0000000087f00000, 0x0000000088000000|  0%| F|  |TAMS 0x0000000087f00000, 0x0000000087f00000| Untracked 
| 128|0x0000000088000000, 0x0000000088000000, 0x0000000088100000|  0%| F|  |TAMS 0x0000000088000000, 0x0000000088000000| Untracked 
| 129|0x0000000088100000, 0x0000000088100000, 0x0000000088200000|  0%| F|  |TAMS 0x0000000088100000, 0x0000000088100000| Untracked 
| 130|0x0000000088200000, 0x0000000088200000, 0x0000000088300000|  0%| F|  |TAMS 0x0000000088200000, 0x0000000088200000| Untracked 
| 131|0x0000000088300000, 0x0000000088300000, 0x0000000088400000|  0%| F|  |TAMS 0x0000000088300000, 0x0000000088300000| Untracked 
| 132|0x0000000088400000, 0x0000000088400000, 0x0000000088500000|  0%| F|  |TAMS 0x0000000088400000, 0x0000000088400000| Untracked 
| 133|0x0000000088500000, 0x0000000088500000, 0x0000000088600000|  0%| F|  |TAMS 0x0000000088500000, 0x0000000088500000| Untracked 
| 134|0x0000000088600000, 0x0000000088600000, 0x0000000088700000|  0%| F|  |TAMS 0x0000000088600000, 0x0000000088600000| Untracked 
| 135|0x0000000088700000, 0x0000000088780000, 0x0000000088800000| 50%| S|CS|TAMS 0x0000000088700000, 0x0000000088700000| Complete 
| 136|0x0000000088800000, 0x0000000088900000, 0x0000000088900000|100%| S|CS|TAMS 0x0000000088800000, 0x0000000088800000| Complete 
| 137|0x0000000088900000, 0x0000000088a00000, 0x0000000088a00000|100%| S|CS|TAMS 0x0000000088900000, 0x0000000088900000| Complete 
| 138|0x0000000088a00000, 0x0000000088b00000, 0x0000000088b00000|100%| S|CS|TAMS 0x0000000088a00000, 0x0000000088a00000| Complete 
| 139|0x0000000088b00000, 0x0000000088c00000, 0x0000000088c00000|100%| S|CS|TAMS 0x0000000088b00000, 0x0000000088b00000| Complete 
| 140|0x0000000088c00000, 0x0000000088d00000, 0x0000000088d00000|100%| S|CS|TAMS 0x0000000088c00000, 0x0000000088c00000| Complete 
| 141|0x0000000088d00000, 0x0000000088e00000, 0x0000000088e00000|100%| S|CS|TAMS 0x0000000088d00000, 0x0000000088d00000| Complete 
| 142|0x0000000088e00000, 0x0000000088f00000, 0x0000000088f00000|100%| S|CS|TAMS 0x0000000088e00000, 0x0000000088e00000| Complete 
| 143|0x0000000088f00000, 0x0000000089000000, 0x0000000089000000|100%| S|CS|TAMS 0x0000000088f00000, 0x0000000088f00000| Complete 
| 144|0x0000000089000000, 0x0000000089100000, 0x0000000089100000|100%| S|CS|TAMS 0x0000000089000000, 0x0000000089000000| Complete 
| 145|0x0000000089100000, 0x0000000089200000, 0x0000000089200000|100%| S|CS|TAMS 0x0000000089100000, 0x0000000089100000| Complete 
| 146|0x0000000089200000, 0x0000000089200000, 0x0000000089300000|  0%| F|  |TAMS 0x0000000089200000, 0x0000000089200000| Untracked 
| 147|0x0000000089300000, 0x0000000089300000, 0x0000000089400000|  0%| F|  |TAMS 0x0000000089300000, 0x0000000089300000| Untracked 
| 148|0x0000000089400000, 0x0000000089400000, 0x0000000089500000|  0%| F|  |TAMS 0x0000000089400000, 0x0000000089400000| Untracked 
| 149|0x0000000089500000, 0x0000000089500000, 0x0000000089600000|  0%| F|  |TAMS 0x0000000089500000, 0x0000000089500000| Untracked 
| 150|0x0000000089600000, 0x0000000089600000, 0x0000000089700000|  0%| F|  |TAMS 0x0000000089600000, 0x0000000089600000| Untracked 
| 151|0x0000000089700000, 0x0000000089700000, 0x0000000089800000|  0%| F|  |TAMS 0x0000000089700000, 0x0000000089700000| Untracked 
| 152|0x0000000089800000, 0x0000000089800000, 0x0000000089900000|  0%| F|  |TAMS 0x0000000089800000, 0x0000000089800000| Untracked 
| 153|0x0000000089900000, 0x0000000089900000, 0x0000000089a00000|  0%| F|  |TAMS 0x0000000089900000, 0x0000000089900000| Untracked 
| 154|0x0000000089a00000, 0x0000000089b00000, 0x0000000089b00000|100%| S|CS|TAMS 0x0000000089a00000, 0x0000000089a00000| Complete 
| 155|0x0000000089b00000, 0x0000000089b00000, 0x0000000089c00000|  0%| F|  |TAMS 0x0000000089b00000, 0x0000000089b00000| Untracked 
| 156|0x0000000089c00000, 0x0000000089c00000, 0x0000000089d00000|  0%| F|  |TAMS 0x0000000089c00000, 0x0000000089c00000| Untracked 
| 157|0x0000000089d00000, 0x0000000089d00000, 0x0000000089e00000|  0%| F|  |TAMS 0x0000000089d00000, 0x0000000089d00000| Untracked 
| 158|0x0000000089e00000, 0x0000000089e00000, 0x0000000089f00000|  0%| F|  |TAMS 0x0000000089e00000, 0x0000000089e00000| Untracked 
| 159|0x0000000089f00000, 0x0000000089f00000, 0x000000008a000000|  0%| F|  |TAMS 0x0000000089f00000, 0x0000000089f00000| Untracked 
| 160|0x000000008a000000, 0x000000008a000000, 0x000000008a100000|  0%| F|  |TAMS 0x000000008a000000, 0x000000008a000000| Untracked 
| 161|0x000000008a100000, 0x000000008a100000, 0x000000008a200000|  0%| F|  |TAMS 0x000000008a100000, 0x000000008a100000| Untracked 
| 162|0x000000008a200000, 0x000000008a200000, 0x000000008a300000|  0%| F|  |TAMS 0x000000008a200000, 0x000000008a200000| Untracked 
| 163|0x000000008a300000, 0x000000008a300000, 0x000000008a400000|  0%| F|  |TAMS 0x000000008a300000, 0x000000008a300000| Untracked 
| 164|0x000000008a400000, 0x000000008a400000, 0x000000008a500000|  0%| F|  |TAMS 0x000000008a400000, 0x000000008a400000| Untracked 
| 165|0x000000008a500000, 0x000000008a500000, 0x000000008a600000|  0%| F|  |TAMS 0x000000008a500000, 0x000000008a500000| Untracked 
| 166|0x000000008a600000, 0x000000008a600000, 0x000000008a700000|  0%| F|  |TAMS 0x000000008a600000, 0x000000008a600000| Untracked 
| 167|0x000000008a700000, 0x000000008a700000, 0x000000008a800000|  0%| F|  |TAMS 0x000000008a700000, 0x000000008a700000| Untracked 
| 168|0x000000008a800000, 0x000000008a800000, 0x000000008a900000|  0%| F|  |TAMS 0x000000008a800000, 0x000000008a800000| Untracked 
| 169|0x000000008a900000, 0x000000008a900000, 0x000000008aa00000|  0%| F|  |TAMS 0x000000008a900000, 0x000000008a900000| Untracked 
| 170|0x000000008aa00000, 0x000000008aa00000, 0x000000008ab00000|  0%| F|  |TAMS 0x000000008aa00000, 0x000000008aa00000| Untracked 
| 171|0x000000008ab00000, 0x000000008ab00000, 0x000000008ac00000|  0%| F|  |TAMS 0x000000008ab00000, 0x000000008ab00000| Untracked 
| 172|0x000000008ac00000, 0x000000008ac00000, 0x000000008ad00000|  0%| F|  |TAMS 0x000000008ac00000, 0x000000008ac00000| Untracked 
| 173|0x000000008ad00000, 0x000000008ad00000, 0x000000008ae00000|  0%| F|  |TAMS 0x000000008ad00000, 0x000000008ad00000| Untracked 
| 174|0x000000008ae00000, 0x000000008ae00000, 0x000000008af00000|  0%| F|  |TAMS 0x000000008ae00000, 0x000000008ae00000| Untracked 
| 175|0x000000008af00000, 0x000000008af00000, 0x000000008b000000|  0%| F|  |TAMS 0x000000008af00000, 0x000000008af00000| Untracked 
| 176|0x000000008b000000, 0x000000008b000000, 0x000000008b100000|  0%| F|  |TAMS 0x000000008b000000, 0x000000008b000000| Untracked 
| 177|0x000000008b100000, 0x000000008b100000, 0x000000008b200000|  0%| F|  |TAMS 0x000000008b100000, 0x000000008b100000| Untracked 
| 178|0x000000008b200000, 0x000000008b200000, 0x000000008b300000|  0%| F|  |TAMS 0x000000008b200000, 0x000000008b200000| Untracked 
| 179|0x000000008b300000, 0x000000008b300000, 0x000000008b400000|  0%| F|  |TAMS 0x000000008b300000, 0x000000008b300000| Untracked 
| 180|0x000000008b400000, 0x000000008b4728f8, 0x000000008b500000| 44%| E|  |TAMS 0x000000008b400000, 0x000000008b400000| Complete 
| 181|0x000000008b500000, 0x000000008b600000, 0x000000008b600000|100%| E|CS|TAMS 0x000000008b500000, 0x000000008b500000| Complete 
| 182|0x000000008b600000, 0x000000008b700000, 0x000000008b700000|100%| E|CS|TAMS 0x000000008b600000, 0x000000008b600000| Complete 
| 183|0x000000008b700000, 0x000000008b800000, 0x000000008b800000|100%| E|CS|TAMS 0x000000008b700000, 0x000000008b700000| Complete 
| 184|0x000000008b800000, 0x000000008b900000, 0x000000008b900000|100%| E|CS|TAMS 0x000000008b800000, 0x000000008b800000| Complete 
| 185|0x000000008b900000, 0x000000008ba00000, 0x000000008ba00000|100%| E|CS|TAMS 0x000000008b900000, 0x000000008b900000| Complete 
| 186|0x000000008ba00000, 0x000000008bb00000, 0x000000008bb00000|100%| E|CS|TAMS 0x000000008ba00000, 0x000000008ba00000| Complete 
| 187|0x000000008bb00000, 0x000000008bc00000, 0x000000008bc00000|100%| E|CS|TAMS 0x000000008bb00000, 0x000000008bb00000| Complete 
| 188|0x000000008bc00000, 0x000000008bd00000, 0x000000008bd00000|100%| E|CS|TAMS 0x000000008bc00000, 0x000000008bc00000| Complete 
| 189|0x000000008bd00000, 0x000000008be00000, 0x000000008be00000|100%| E|CS|TAMS 0x000000008bd00000, 0x000000008bd00000| Complete 
| 190|0x000000008be00000, 0x000000008bf00000, 0x000000008bf00000|100%| E|CS|TAMS 0x000000008be00000, 0x000000008be00000| Complete 
| 191|0x000000008bf00000, 0x000000008c000000, 0x000000008c000000|100%| E|CS|TAMS 0x000000008bf00000, 0x000000008bf00000| Complete 
| 192|0x000000008c000000, 0x000000008c100000, 0x000000008c100000|100%| E|CS|TAMS 0x000000008c000000, 0x000000008c000000| Complete 
| 193|0x000000008c100000, 0x000000008c200000, 0x000000008c200000|100%| E|CS|TAMS 0x000000008c100000, 0x000000008c100000| Complete 
| 194|0x000000008c200000, 0x000000008c300000, 0x000000008c300000|100%| E|  |TAMS 0x000000008c200000, 0x000000008c200000| Complete 
| 195|0x000000008c300000, 0x000000008c400000, 0x000000008c400000|100%| E|CS|TAMS 0x000000008c300000, 0x000000008c300000| Complete 
| 196|0x000000008c400000, 0x000000008c500000, 0x000000008c500000|100%| E|CS|TAMS 0x000000008c400000, 0x000000008c400000| Complete 
| 197|0x000000008c500000, 0x000000008c600000, 0x000000008c600000|100%| E|CS|TAMS 0x000000008c500000, 0x000000008c500000| Complete 
| 198|0x000000008c600000, 0x000000008c700000, 0x000000008c700000|100%| E|CS|TAMS 0x000000008c600000, 0x000000008c600000| Complete 
| 199|0x000000008c700000, 0x000000008c800000, 0x000000008c800000|100%| E|CS|TAMS 0x000000008c700000, 0x000000008c700000| Complete 
| 200|0x000000008c800000, 0x000000008c900000, 0x000000008c900000|100%| E|CS|TAMS 0x000000008c800000, 0x000000008c800000| Complete 
| 201|0x000000008c900000, 0x000000008ca00000, 0x000000008ca00000|100%| E|CS|TAMS 0x000000008c900000, 0x000000008c900000| Complete 
| 202|0x000000008ca00000, 0x000000008cb00000, 0x000000008cb00000|100%| E|CS|TAMS 0x000000008ca00000, 0x000000008ca00000| Complete 
| 203|0x000000008cb00000, 0x000000008cc00000, 0x000000008cc00000|100%| E|CS|TAMS 0x000000008cb00000, 0x000000008cb00000| Complete 
| 204|0x000000008cc00000, 0x000000008cd00000, 0x000000008cd00000|100%| E|CS|TAMS 0x000000008cc00000, 0x000000008cc00000| Complete 
| 205|0x000000008cd00000, 0x000000008ce00000, 0x000000008ce00000|100%| E|CS|TAMS 0x000000008cd00000, 0x000000008cd00000| Complete 
| 206|0x000000008ce00000, 0x000000008cf00000, 0x000000008cf00000|100%| E|CS|TAMS 0x000000008ce00000, 0x000000008ce00000| Complete 
| 207|0x000000008cf00000, 0x000000008d000000, 0x000000008d000000|100%| E|CS|TAMS 0x000000008cf00000, 0x000000008cf00000| Complete 
| 208|0x000000008d000000, 0x000000008d100000, 0x000000008d100000|100%| E|CS|TAMS 0x000000008d000000, 0x000000008d000000| Complete 
| 209|0x000000008d100000, 0x000000008d200000, 0x000000008d200000|100%| E|CS|TAMS 0x000000008d100000, 0x000000008d100000| Complete 
| 210|0x000000008d200000, 0x000000008d300000, 0x000000008d300000|100%| E|CS|TAMS 0x000000008d200000, 0x000000008d200000| Complete 
| 211|0x000000008d300000, 0x000000008d400000, 0x000000008d400000|100%| E|CS|TAMS 0x000000008d300000, 0x000000008d300000| Complete 
| 212|0x000000008d400000, 0x000000008d500000, 0x000000008d500000|100%| E|CS|TAMS 0x000000008d400000, 0x000000008d400000| Complete 
| 213|0x000000008d500000, 0x000000008d600000, 0x000000008d600000|100%| E|CS|TAMS 0x000000008d500000, 0x000000008d500000| Complete 
| 214|0x000000008d600000, 0x000000008d700000, 0x000000008d700000|100%| E|CS|TAMS 0x000000008d600000, 0x000000008d600000| Complete 
| 215|0x000000008d700000, 0x000000008d800000, 0x000000008d800000|100%| E|CS|TAMS 0x000000008d700000, 0x000000008d700000| Complete 
| 216|0x000000008d800000, 0x000000008d900000, 0x000000008d900000|100%| E|CS|TAMS 0x000000008d800000, 0x000000008d800000| Complete 
| 217|0x000000008d900000, 0x000000008da00000, 0x000000008da00000|100%| E|CS|TAMS 0x000000008d900000, 0x000000008d900000| Complete 
| 218|0x000000008da00000, 0x000000008db00000, 0x000000008db00000|100%| E|CS|TAMS 0x000000008da00000, 0x000000008da00000| Complete 
| 219|0x000000008db00000, 0x000000008dc00000, 0x000000008dc00000|100%| E|CS|TAMS 0x000000008db00000, 0x000000008db00000| Complete 
| 220|0x000000008dc00000, 0x000000008dd00000, 0x000000008dd00000|100%| E|CS|TAMS 0x000000008dc00000, 0x000000008dc00000| Complete 
| 221|0x000000008dd00000, 0x000000008de00000, 0x000000008de00000|100%| E|CS|TAMS 0x000000008dd00000, 0x000000008dd00000| Complete 
| 222|0x000000008de00000, 0x000000008df00000, 0x000000008df00000|100%| E|CS|TAMS 0x000000008de00000, 0x000000008de00000| Complete 
| 223|0x000000008df00000, 0x000000008e000000, 0x000000008e000000|100%| E|CS|TAMS 0x000000008df00000, 0x000000008df00000| Complete 
| 224|0x000000008e000000, 0x000000008e100000, 0x000000008e100000|100%| E|CS|TAMS 0x000000008e000000, 0x000000008e000000| Complete 
| 225|0x000000008e100000, 0x000000008e200000, 0x000000008e200000|100%| E|CS|TAMS 0x000000008e100000, 0x000000008e100000| Complete 
| 226|0x000000008e200000, 0x000000008e300000, 0x000000008e300000|100%| E|CS|TAMS 0x000000008e200000, 0x000000008e200000| Complete 
| 227|0x000000008e300000, 0x000000008e400000, 0x000000008e400000|100%| E|CS|TAMS 0x000000008e300000, 0x000000008e300000| Complete 
| 228|0x000000008e400000, 0x000000008e500000, 0x000000008e500000|100%| E|CS|TAMS 0x000000008e400000, 0x000000008e400000| Complete 
| 229|0x000000008e500000, 0x000000008e600000, 0x000000008e600000|100%| E|CS|TAMS 0x000000008e500000, 0x000000008e500000| Complete 
| 230|0x000000008e600000, 0x000000008e700000, 0x000000008e700000|100%| E|CS|TAMS 0x000000008e600000, 0x000000008e600000| Complete 
| 231|0x000000008e700000, 0x000000008e800000, 0x000000008e800000|100%| E|CS|TAMS 0x000000008e700000, 0x000000008e700000| Complete 
| 232|0x000000008e800000, 0x000000008e900000, 0x000000008e900000|100%| E|CS|TAMS 0x000000008e800000, 0x000000008e800000| Complete 
| 233|0x000000008e900000, 0x000000008ea00000, 0x000000008ea00000|100%| E|CS|TAMS 0x000000008e900000, 0x000000008e900000| Complete 
| 234|0x000000008ea00000, 0x000000008eb00000, 0x000000008eb00000|100%| E|CS|TAMS 0x000000008ea00000, 0x000000008ea00000| Complete 
| 235|0x000000008eb00000, 0x000000008ec00000, 0x000000008ec00000|100%| E|CS|TAMS 0x000000008eb00000, 0x000000008eb00000| Complete 
| 236|0x000000008ec00000, 0x000000008ed00000, 0x000000008ed00000|100%| E|CS|TAMS 0x000000008ec00000, 0x000000008ec00000| Complete 
| 237|0x000000008ed00000, 0x000000008ee00000, 0x000000008ee00000|100%| E|CS|TAMS 0x000000008ed00000, 0x000000008ed00000| Complete 
| 238|0x000000008ee00000, 0x000000008ef00000, 0x000000008ef00000|100%| E|CS|TAMS 0x000000008ee00000, 0x000000008ee00000| Complete 
| 239|0x000000008ef00000, 0x000000008f000000, 0x000000008f000000|100%| E|CS|TAMS 0x000000008ef00000, 0x000000008ef00000| Complete 
| 240|0x000000008f000000, 0x000000008f100000, 0x000000008f100000|100%| E|CS|TAMS 0x000000008f000000, 0x000000008f000000| Complete 
| 241|0x000000008f100000, 0x000000008f200000, 0x000000008f200000|100%| E|CS|TAMS 0x000000008f100000, 0x000000008f100000| Complete 
| 242|0x000000008f200000, 0x000000008f300000, 0x000000008f300000|100%| E|CS|TAMS 0x000000008f200000, 0x000000008f200000| Complete 
| 243|0x000000008f300000, 0x000000008f400000, 0x000000008f400000|100%| E|CS|TAMS 0x000000008f300000, 0x000000008f300000| Complete 
| 244|0x000000008f400000, 0x000000008f500000, 0x000000008f500000|100%| E|CS|TAMS 0x000000008f400000, 0x000000008f400000| Complete 
| 245|0x000000008f500000, 0x000000008f600000, 0x000000008f600000|100%| E|CS|TAMS 0x000000008f500000, 0x000000008f500000| Complete 
| 246|0x000000008f600000, 0x000000008f700000, 0x000000008f700000|100%| E|CS|TAMS 0x000000008f600000, 0x000000008f600000| Complete 
| 247|0x000000008f700000, 0x000000008f800000, 0x000000008f800000|100%| E|CS|TAMS 0x000000008f700000, 0x000000008f700000| Complete 
| 248|0x000000008f800000, 0x000000008f900000, 0x000000008f900000|100%| E|CS|TAMS 0x000000008f800000, 0x000000008f800000| Complete 
| 249|0x000000008f900000, 0x000000008fa00000, 0x000000008fa00000|100%| E|CS|TAMS 0x000000008f900000, 0x000000008f900000| Complete 
| 250|0x000000008fa00000, 0x000000008fb00000, 0x000000008fb00000|100%| E|CS|TAMS 0x000000008fa00000, 0x000000008fa00000| Complete 
| 251|0x000000008fb00000, 0x000000008fc00000, 0x000000008fc00000|100%| E|CS|TAMS 0x000000008fb00000, 0x000000008fb00000| Complete 
| 252|0x000000008fc00000, 0x000000008fd00000, 0x000000008fd00000|100%| E|CS|TAMS 0x000000008fc00000, 0x000000008fc00000| Complete 
| 253|0x000000008fd00000, 0x000000008fe00000, 0x000000008fe00000|100%| E|CS|TAMS 0x000000008fd00000, 0x000000008fd00000| Complete 

Card table byte_map: [0x000001ccf28a0000,0x000001ccf2ca0000] _byte_map_base: 0x000001ccf24a0000

Marking Bits (Prev, Next): (CMBitMap*) 0x000001ccee9c6aa8, (CMBitMap*) 0x000001ccee9c6ae0
 Prev Bits: [0x000001ccf30a0000, 0x000001ccf50a0000)
 Next Bits: [0x000001ccf50a0000, 0x000001ccf70a0000)

Polling page: 0x000001ccec8d0000

Metaspace:

Usage:
  Non-class:     80.34 MB capacity,    78.77 MB ( 98%) used,     1.31 MB (  2%) free+waste,   263.44 KB ( <1%) overhead. 
      Class:     12.37 MB capacity,    11.55 MB ( 93%) used,   718.12 KB (  6%) free+waste,   116.94 KB ( <1%) overhead. 
       Both:     92.70 MB capacity,    90.32 MB ( 97%) used,     2.01 MB (  2%) free+waste,   380.38 KB ( <1%) overhead. 

Virtual space:
  Non-class space:       82.00 MB reserved,      80.42 MB ( 98%) committed 
      Class space:        1.00 GB reserved,      12.38 MB (  1%) committed 
             Both:        1.08 GB reserved,      92.80 MB (  8%) committed 

Chunk freelists:
   Non-Class:  22.00 KB
       Class:  0 bytes
        Both:  22.00 KB

MaxMetaspaceSize: 17179869184.00 GB
CompressedClassSpaceSize: 1.00 GB
Initial GC threshold: 20.80 MB
Current GC threshold: 114.66 MB
CDS: off

CodeHeap 'non-profiled nmethods': size=120064Kb used=6927Kb max_used=6927Kb free=113136Kb
 bounds [0x000001cc87ac0000, 0x000001cc88190000, 0x000001cc8f000000]
CodeHeap 'profiled nmethods': size=120000Kb used=23994Kb max_used=23994Kb free=96005Kb
 bounds [0x000001cc80590000, 0x000001cc81d00000, 0x000001cc87ac0000]
CodeHeap 'non-nmethods': size=5696Kb used=2382Kb max_used=2436Kb free=3313Kb
 bounds [0x000001cc80000000, 0x000001cc80270000, 0x000001cc80590000]
 total_blobs=12008 nmethods=11095 adapters=826
 compilation: enabled
              stopped_count=0, restarted_count=0
 full_count=0

Compilation events (20 events):
Event: 31.334 Thread 0x000001ccf9ebc800 10978       3       org.gradle.internal.hash.HashCode$HashCode128::toByteArray (26 bytes)
Event: 31.334 Thread 0x000001ccf9ebc800 nmethod 10978 0x000001cc81ca0710 code [0x000001cc81ca08e0, 0x000001cc81ca0bb8]
Event: 31.336 Thread 0x000001ccf9e6d000 nmethod 10966 0x000001cc8816ac10 code [0x000001cc8816adc0, 0x000001cc8816b0d8]
Event: 31.336 Thread 0x000001ccf9e6d000 10977       4       java.util.concurrent.locks.AbstractQueuedSynchronizer::enq (37 bytes)
Event: 31.336 Thread 0x000001ccf9ebc800 10979       3       java.security.MessageDigest::update (11 bytes)
Event: 31.336 Thread 0x000001ccf9ebc800 nmethod 10979 0x000001cc81ca0d10 code [0x000001cc81ca0ec0, 0x000001cc81ca1088]
Event: 31.336 Thread 0x000001ccf9ebc800 10980       3       java.security.MessageDigest$Delegate::engineUpdate (9 bytes)
Event: 31.336 Thread 0x000001ccf9ebc800 nmethod 10980 0x000001cc81ca1110 code [0x000001cc81ca12c0, 0x000001cc81ca1488]
Event: 31.336 Thread 0x000001ccf9ebc800 10981       3       sun.security.provider.DigestBase::engineUpdate (32 bytes)
Event: 31.336 Thread 0x000001ccf9ebc800 nmethod 10981 0x000001cc81ca1590 code [0x000001cc81ca1760, 0x000001cc81ca1a08]
Event: 31.337 Thread 0x000001ccf9ebc800 10982       3       org.gradle.internal.hash.Hashing$MessageDigestHasher::putByte (9 bytes)
Event: 31.337 Thread 0x000001ccf9ebc800 nmethod 10982 0x000001cc81ca1b10 code [0x000001cc81ca1d00, 0x000001cc81ca2118]
Event: 31.337 Thread 0x000001ccf9ebc800 10983       3       org.gradle.api.internal.changedetection.state.LineEndingNormalizingInputStreamHasher::isControlCharacter (20 bytes)
Event: 31.337 Thread 0x000001ccf9ebc800 nmethod 10983 0x000001cc81ca2290 code [0x000001cc81ca2480, 0x000001cc81ca28f8]
Event: 31.341 Thread 0x000001ccf9e6d000 nmethod 10977 0x000001cc8816b310 code [0x000001cc8816b4c0, 0x000001cc8816b828]
Event: 31.341 Thread 0x000001ccf9e6d000 10986       4       org.gradle.internal.hash.Hashing$MessageDigestHasher::putByte (9 bytes)
Event: 31.342 Thread 0x000001ccf9ebc800 10988   !   3       java.io.FileInputStream::close (69 bytes)
Event: 31.342 Thread 0x000001ccf9ebc800 nmethod 10988 0x000001cc81ca2a90 code [0x000001cc81ca2c80, 0x000001cc81ca3238]
Event: 31.344 Thread 0x000001ccfd927000 nmethod 10947 0x000001cc8816b910 code [0x000001cc8816bbe0, 0x000001cc8816d5c8]
Event: 31.344 Thread 0x000001ccfd927000 10984       4       java.security.MessageDigest$Delegate::engineUpdate (9 bytes)

GC Heap History (20 events):
Event: 5.080 GC heap before
{Heap before GC invocations=4 (full 0):
 garbage-first heap   total 260096K, used 88484K [0x0000000080000000, 0x0000000100000000)
  region size 1024K, 70 young (71680K), 1 survivors (1024K)
 Metaspace       used 29608K, capacity 30351K, committed 30512K, reserved 1075200K
  class space    used 3912K, capacity 4203K, committed 4224K, reserved 1048576K
}
Event: 5.083 GC heap after
{Heap after GC invocations=5 (full 0):
 garbage-first heap   total 260096K, used 19989K [0x0000000080000000, 0x0000000100000000)
  region size 1024K, 4 young (4096K), 4 survivors (4096K)
 Metaspace       used 29608K, capacity 30351K, committed 30512K, reserved 1075200K
  class space    used 3912K, capacity 4203K, committed 4224K, reserved 1048576K
}
Event: 5.777 GC heap before
{Heap before GC invocations=5 (full 0):
 garbage-first heap   total 260096K, used 51733K [0x0000000080000000, 0x0000000100000000)
  region size 1024K, 36 young (36864K), 4 survivors (4096K)
 Metaspace       used 34826K, capacity 35725K, committed 35888K, reserved 1081344K
  class space    used 4548K, capacity 4885K, committed 4992K, reserved 1048576K
}
Event: 5.786 GC heap after
{Heap after GC invocations=6 (full 0):
 garbage-first heap   total 260096K, used 22469K [0x0000000080000000, 0x0000000100000000)
  region size 1024K, 6 young (6144K), 6 survivors (6144K)
 Metaspace       used 34826K, capacity 35725K, committed 35888K, reserved 1081344K
  class space    used 4548K, capacity 4885K, committed 4992K, reserved 1048576K
}
Event: 8.036 GC heap before
{Heap before GC invocations=7 (full 0):
 garbage-first heap   total 260096K, used 143301K [0x0000000080000000, 0x0000000100000000)
  region size 1024K, 121 young (123904K), 6 survivors (6144K)
 Metaspace       used 45533K, capacity 46731K, committed 46896K, reserved 1089536K
  class space    used 5774K, capacity 6193K, committed 6272K, reserved 1048576K
}
Event: 8.050 GC heap after
{Heap after GC invocations=8 (full 0):
 garbage-first heap   total 260096K, used 30601K [0x0000000080000000, 0x0000000100000000)
  region size 1024K, 14 young (14336K), 14 survivors (14336K)
 Metaspace       used 45533K, capacity 46731K, committed 46896K, reserved 1089536K
  class space    used 5774K, capacity 6193K, committed 6272K, reserved 1048576K
}
Event: 13.165 GC heap before
{Heap before GC invocations=8 (full 0):
 garbage-first heap   total 260096K, used 173961K [0x0000000080000000, 0x0000000100000000)
  region size 1024K, 150 young (153600K), 14 survivors (14336K)
 Metaspace       used 58615K, capacity 60167K, committed 60240K, reserved 1101824K
  class space    used 7400K, capacity 7924K, committed 7936K, reserved 1048576K
}
Event: 13.197 GC heap after
{Heap after GC invocations=9 (full 0):
 garbage-first heap   total 260096K, used 46384K [0x0000000080000000, 0x0000000100000000)
  region size 1024K, 19 young (19456K), 19 survivors (19456K)
 Metaspace       used 58615K, capacity 60167K, committed 60240K, reserved 1101824K
  class space    used 7400K, capacity 7924K, committed 7936K, reserved 1048576K
}
Event: 13.206 GC heap before
{Heap before GC invocations=9 (full 0):
 garbage-first heap   total 260096K, used 47408K [0x0000000080000000, 0x0000000100000000)
  region size 1024K, 21 young (21504K), 19 survivors (19456K)
 Metaspace       used 58669K, capacity 60167K, committed 60240K, reserved 1101824K
  class space    used 7409K, capacity 7924K, committed 7936K, reserved 1048576K
}
Event: 13.230 GC heap after
{Heap after GC invocations=10 (full 0):
 garbage-first heap   total 260096K, used 48529K [0x0000000080000000, 0x0000000100000000)
  region size 1024K, 2 young (2048K), 2 survivors (2048K)
 Metaspace       used 58669K, capacity 60167K, committed 60240K, reserved 1101824K
  class space    used 7409K, capacity 7924K, committed 7936K, reserved 1048576K
}
Event: 14.784 GC heap before
{Heap before GC invocations=11 (full 0):
 garbage-first heap   total 260096K, used 138641K [0x0000000080000000, 0x0000000100000000)
  region size 1024K, 83 young (84992K), 2 survivors (2048K)
 Metaspace       used 68143K, capacity 69875K, committed 70064K, reserved 1110016K
  class space    used 8579K, capacity 9189K, committed 9216K, reserved 1048576K
}
Event: 14.793 GC heap after
{Heap after GC invocations=12 (full 0):
 garbage-first heap   total 260096K, used 52928K [0x0000000080000000, 0x0000000100000000)
  region size 1024K, 6 young (6144K), 6 survivors (6144K)
 Metaspace       used 68143K, capacity 69875K, committed 70064K, reserved 1110016K
  class space    used 8579K, capacity 9189K, committed 9216K, reserved 1048576K
}
Event: 15.759 GC heap before
{Heap before GC invocations=13 (full 0):
 garbage-first heap   total 260096K, used 145088K [0x0000000080000000, 0x0000000100000000)
  region size 1024K, 96 young (98304K), 6 survivors (6144K)
 Metaspace       used 72410K, capacity 74192K, committed 74288K, reserved 1114112K
  class space    used 9141K, capacity 9760K, committed 9856K, reserved 1048576K
}
Event: 15.771 GC heap after
{Heap after GC invocations=14 (full 0):
 garbage-first heap   total 260096K, used 59026K [0x0000000080000000, 0x0000000100000000)
  region size 1024K, 12 young (12288K), 12 survivors (12288K)
 Metaspace       used 72410K, capacity 74192K, committed 74288K, reserved 1114112K
  class space    used 9141K, capacity 9760K, committed 9856K, reserved 1048576K
}
Event: 17.200 GC heap before
{Heap before GC invocations=14 (full 0):
 garbage-first heap   total 260096K, used 156306K [0x0000000080000000, 0x0000000100000000)
  region size 1024K, 107 young (109568K), 12 survivors (12288K)
 Metaspace       used 81737K, capacity 83637K, committed 83888K, reserved 1122304K
  class space    used 10547K, capacity 11253K, committed 11264K, reserved 1048576K
}
Event: 17.218 GC heap after
{Heap after GC invocations=15 (full 0):
 garbage-first heap   total 260096K, used 64721K [0x0000000080000000, 0x0000000100000000)
  region size 1024K, 12 young (12288K), 12 survivors (12288K)
 Metaspace       used 81737K, capacity 83637K, committed 83888K, reserved 1122304K
  class space    used 10547K, capacity 11253K, committed 11264K, reserved 1048576K
}
Event: 18.284 GC heap before
{Heap before GC invocations=15 (full 0):
 garbage-first heap   total 260096K, used 166097K [0x0000000080000000, 0x0000000100000000)
  region size 1024K, 111 young (113664K), 12 survivors (12288K)
 Metaspace       used 87169K, capacity 89250K, committed 89520K, reserved 1126400K
  class space    used 11264K, capacity 11975K, committed 12032K, reserved 1048576K
}
Event: 18.306 GC heap after
{Heap after GC invocations=16 (full 0):
 garbage-first heap   total 260096K, used 74342K [0x0000000080000000, 0x0000000100000000)
  region size 1024K, 14 young (14336K), 14 survivors (14336K)
 Metaspace       used 87169K, capacity 89250K, committed 89520K, reserved 1126400K
  class space    used 11264K, capacity 11975K, committed 12032K, reserved 1048576K
}
Event: 30.315 GC heap before
{Heap before GC invocations=16 (full 0):
 garbage-first heap   total 260096K, used 174694K [0x0000000080000000, 0x0000000100000000)
  region size 1024K, 113 young (115712K), 14 survivors (14336K)
 Metaspace       used 91490K, capacity 93808K, committed 94000K, reserved 1130496K
  class space    used 11758K, capacity 12587K, committed 12672K, reserved 1048576K
}
Event: 30.351 GC heap after
{Heap after GC invocations=17 (full 0):
 garbage-first heap   total 260096K, used 86528K [0x0000000080000000, 0x0000000100000000)
  region size 1024K, 12 young (12288K), 12 survivors (12288K)
 Metaspace       used 91490K, capacity 93808K, committed 94000K, reserved 1130496K
  class space    used 11758K, capacity 12587K, committed 12672K, reserved 1048576K
}

Deoptimization events (20 events):
Event: 31.264 Thread 0x000001ccfa755800 Uncommon trap: trap_request=0xffffffc6 fr.pc=0x000001cc880f7c40 relative=0x00000000000007c0
Event: 31.264 Thread 0x000001ccfa755800 Uncommon trap: reason=bimorphic_or_optimized_type_check action=maybe_recompile pc=0x000001cc880f7c40 method=java.util.Collections.indexedBinarySearch(Ljava/util/List;Ljava/lang/Object;Ljava/util/Comparator;)I @ 3 c2
Event: 31.264 Thread 0x000001ccfa755800 DEOPT PACKING pc=0x000001cc880f7c40 sp=0x00000096346fb3a0
Event: 31.264 Thread 0x000001ccfa755800 DEOPT UNPACKING pc=0x000001cc8004a1a9 sp=0x00000096346fb308 mode 2
Event: 31.265 Thread 0x000001ccfa755800 Uncommon trap: trap_request=0xffffffc6 fr.pc=0x000001cc880f7c40 relative=0x00000000000007c0
Event: 31.265 Thread 0x000001ccfa755800 Uncommon trap: reason=bimorphic_or_optimized_type_check action=maybe_recompile pc=0x000001cc880f7c40 method=java.util.Collections.indexedBinarySearch(Ljava/util/List;Ljava/lang/Object;Ljava/util/Comparator;)I @ 3 c2
Event: 31.265 Thread 0x000001ccfa755800 DEOPT PACKING pc=0x000001cc880f7c40 sp=0x00000096346fb3a0
Event: 31.265 Thread 0x000001ccfa755800 DEOPT UNPACKING pc=0x000001cc8004a1a9 sp=0x00000096346fb308 mode 2
Event: 31.265 Thread 0x000001ccfa755800 Uncommon trap: trap_request=0xffffffc6 fr.pc=0x000001cc880f6bf4 relative=0x0000000000000774
Event: 31.265 Thread 0x000001ccfa755800 Uncommon trap: reason=bimorphic_or_optimized_type_check action=maybe_recompile pc=0x000001cc880f6bf4 method=java.util.Collections.indexedBinarySearch(Ljava/util/List;Ljava/lang/Object;Ljava/util/Comparator;)I @ 3 c2
Event: 31.265 Thread 0x000001ccfa755800 DEOPT PACKING pc=0x000001cc880f6bf4 sp=0x00000096346fb330
Event: 31.265 Thread 0x000001ccfa755800 DEOPT UNPACKING pc=0x000001cc8004a1a9 sp=0x00000096346fb308 mode 2
Event: 31.310 Thread 0x000001ccfa755800 Uncommon trap: trap_request=0xffffff4d fr.pc=0x000001cc87e1d758 relative=0x0000000000000578
Event: 31.310 Thread 0x000001ccfa755800 Uncommon trap: reason=unstable_if action=reinterpret pc=0x000001cc87e1d758 method=java.lang.String.regionMatches(ZILjava/lang/String;II)Z @ 1 c2
Event: 31.310 Thread 0x000001ccfa755800 DEOPT PACKING pc=0x000001cc87e1d758 sp=0x00000096346f9a40
Event: 31.310 Thread 0x000001ccfa755800 DEOPT UNPACKING pc=0x000001cc8004a1a9 sp=0x00000096346f99f0 mode 2
Event: 31.330 Thread 0x000001ccfa755800 Uncommon trap: trap_request=0xffffffcc fr.pc=0x000001cc88169d34 relative=0x00000000000002f4
Event: 31.330 Thread 0x000001ccfa755800 Uncommon trap: reason=intrinsic_or_type_checked_inlining action=make_not_entrant pc=0x000001cc88169d34 method=java.util.Arrays.copyOfRange([Ljava/lang/Object;IILjava/lang/Class;)[Ljava/lang/Object; @ 83 c2
Event: 31.330 Thread 0x000001ccfa755800 DEOPT PACKING pc=0x000001cc88169d34 sp=0x00000096346fa120
Event: 31.330 Thread 0x000001ccfa755800 DEOPT UNPACKING pc=0x000001cc8004a1a9 sp=0x00000096346fa0a0 mode 2

Classes redefined (0 events):
No events

Internal exceptions (20 events):
Event: 28.762 Thread 0x000001ccfa754000 Exception <a 'java/lang/NoSuchMethodError'{0x000000008de870d0}: <clinit>> (0x000000008de870d0) thrown at [src/hotspot/share/prims/jni.cpp, line 1367]
Event: 28.775 Thread 0x000001ccfa750800 Exception <a 'java/lang/NoSuchMethodError'{0x000000008dc0dbc0}: 'int java.lang.invoke.DirectMethodHandle$Holder.invokeSpecial(java.lang.Object, java.lang.Object, java.lang.Object, java.lang.Object, java.lang.Object)'> (0x000000008dc0dbc0) thrown at [src/hotspot/share/interpreter/linkResolver.cpp, line 773]
Event: 28.822 Thread 0x000001ccfa750800 Exception <a 'java/lang/IncompatibleClassChangeError'{0x000000008dc8f818}: Found class java.lang.Object, but interface was expected> (0x000000008dc8f818) thrown at [src/hotspot/share/interpreter/linkResolver.cpp, line 839]
Event: 28.837 Thread 0x000001ccfa750800 Exception <a 'java/lang/NoSuchMethodError'{0x000000008da9bb28}: 'int java.lang.invoke.DirectMethodHandle$Holder.invokeStaticInit(java.lang.Object, java.lang.Object, java.lang.Object, java.lang.Object, java.lang.Object)'> (0x000000008da9bb28) thrown at [src/hotspot/share/interpreter/linkResolver.cpp, line 773]
Event: 28.861 Thread 0x000001ccfa756800 Implicit null exception at 0x000001cc8804c730 to 0x000001cc8804c808
Event: 29.285 Thread 0x000001ccfa750800 Exception <a 'java/lang/NoSuchMethodError'{0x000000008d0d8cb0}: 'void java.lang.invoke.DirectMethodHandle$Holder.invokeStatic(java.lang.Object, java.lang.Object, java.lang.Object, java.lang.Object, int, java.lang.Object, java.lang.Object)'> (0x000000008d0d8cb0) thrown at [src/hotspot/share/interpreter/linkResolver.cpp, line 773]
Event: 29.318 Thread 0x000001ccfcfca000 Exception <a 'java/lang/NoSuchMethodError'{0x000000008ca34c10}: 'java.lang.Object java.lang.invoke.DirectMethodHandle$Holder.invokeSpecialIFC(java.lang.Object, java.lang.Object, java.lang.Object)'> (0x000000008ca34c10) thrown at [src/hotspot/share/interpreter/linkResolver.cpp, line 773]
Event: 29.874 Thread 0x000001ccfcfc9000 Implicit null exception at 0x000001cc880bf524 to 0x000001cc880bf6c4
Event: 29.889 Thread 0x000001ccfa749800 Exception <a 'java/lang/NoSuchMethodError'{0x000000008cb56060}: 'void java.lang.invoke.DirectMethodHandle$Holder.invokeVirtual(java.lang.Object, java.lang.Object)'> (0x000000008cb56060) thrown at [src/hotspot/share/interpreter/linkResolver.cpp, line 773]
Event: 30.018 Thread 0x000001ccfa74f000 Implicit null exception at 0x000001cc880cb8c2 to 0x000001cc880cc2c4
Event: 30.018 Thread 0x000001ccfa74f000 Implicit null exception at 0x000001cc880cb8c2 to 0x000001cc880cc2c4
Event: 30.018 Thread 0x000001ccfa74f000 Implicit null exception at 0x000001cc880cb8c2 to 0x000001cc880cc2c4
Event: 30.019 Thread 0x000001ccfa74e000 Implicit null exception at 0x000001cc880cb8c2 to 0x000001cc880cc2c4
Event: 30.190 Thread 0x000001ccfcfc9000 Implicit null exception at 0x000001cc880e7319 to 0x000001cc880e7c94
Event: 30.506 Thread 0x000001ccfa750800 Exception <a 'java/lang/NoSuchMethodError'{0x000000008f23df70}: 'void java.lang.invoke.DirectMethodHandle$Holder.invokeInterface(java.lang.Object, java.lang.Object, java.lang.Object, java.lang.Object)'> (0x000000008f23df70) thrown at [src/hotspot/share/interpreter/linkResolver.cpp, line 773]
Event: 30.950 Thread 0x000001ccfa755800 Exception <a 'java/lang/NoSuchMethodError'{0x000000008df224f8}: <clinit>> (0x000000008df224f8) thrown at [src/hotspot/share/prims/jni.cpp, line 1367]
Event: 30.951 Thread 0x000001ccfa755800 Exception <a 'java/lang/NoSuchMethodError'{0x000000008df23db0}: <clinit>> (0x000000008df23db0) thrown at [src/hotspot/share/prims/jni.cpp, line 1367]
Event: 30.951 Thread 0x000001ccfa755800 Exception <a 'java/lang/NoSuchMethodError'{0x000000008df269b0}: <clinit>> (0x000000008df269b0) thrown at [src/hotspot/share/prims/jni.cpp, line 1367]
Event: 30.952 Thread 0x000001ccfa755800 Exception <a 'java/lang/NoSuchMethodError'{0x000000008df3fe90}: <clinit>> (0x000000008df3fe90) thrown at [src/hotspot/share/prims/jni.cpp, line 1367]
Event: 30.952 Thread 0x000001ccfa755800 Exception <a 'java/lang/NoSuchMethodError'{0x000000008df410c8}: <clinit>> (0x000000008df410c8) thrown at [src/hotspot/share/prims/jni.cpp, line 1367]

Events (20 events):
Event: 31.332 loading class org/gradle/internal/fingerprint/hashing/FileSystemLocationSnapshotHasher
Event: 31.332 loading class org/gradle/internal/fingerprint/hashing/FileSystemLocationSnapshotHasher done
Event: 31.333 loading class org/gradle/internal/fingerprint/hashing/FileSystemLocationSnapshotHasher
Event: 31.333 loading class org/gradle/internal/fingerprint/hashing/FileSystemLocationSnapshotHasher done
Event: 31.335 loading class org/apache/commons/io/input/ClosedInputStream
Event: 31.335 loading class org/apache/commons/io/input/ClosedInputStream done
Event: 31.335 Executing VM operation: RevokeBias
Event: 31.336 Executing VM operation: RevokeBias done
Event: 31.336 Executing VM operation: RevokeBias
Event: 31.336 Executing VM operation: RevokeBias done
Event: 31.342 loading class org/gradle/internal/snapshot/FileSystemLocationSnapshot
Event: 31.342 loading class org/gradle/internal/snapshot/FileSystemLocationSnapshot done
Event: 31.342 loading class org/gradle/internal/hash/HashCode
Event: 31.342 loading class org/gradle/internal/hash/HashCode done
Event: 31.342 loading class org/gradle/api/internal/changedetection/state/LineEndingNormalizingFileSystemLocationSnapshotHasher
Event: 31.342 loading class org/gradle/api/internal/changedetection/state/LineEndingNormalizingFileSystemLocationSnapshotHasher done
Event: 31.343 loading class org/gradle/internal/io/IoSupplier
Event: 31.343 loading class org/gradle/internal/io/IoSupplier done
Event: 31.343 loading class org/gradle/internal/io/IoSupplier
Event: 31.343 loading class org/gradle/internal/io/IoSupplier done


Dynamic libraries:
0x00007ff7cc020000 - 0x00007ff7cc02a000 	C:\Program Files\Android\Android Studio\jbr\bin\java.exe
0x00007ffe7b3b0000 - 0x00007ffe7b5a6000 	C:\Windows\SYSTEM32\ntdll.dll
0x00007ffe7a580000 - 0x00007ffe7a63d000 	C:\Windows\System32\KERNEL32.DLL
0x00007ffe78ba0000 - 0x00007ffe78e69000 	C:\Windows\System32\KERNELBASE.dll
0x00007ffe79310000 - 0x00007ffe79410000 	C:\Windows\System32\ucrtbase.dll
0x00007ffe561a0000 - 0x00007ffe561bb000 	C:\Program Files\Android\Android Studio\jbr\bin\VCRUNTIME140.dll
0x00007ffe56cc0000 - 0x00007ffe56cd7000 	C:\Program Files\Android\Android Studio\jbr\bin\jli.dll
0x00007ffe7a300000 - 0x00007ffe7a4a0000 	C:\Windows\System32\USER32.dll
0x00007ffe792e0000 - 0x00007ffe79302000 	C:\Windows\System32\win32u.dll
0x00007ffe7a2d0000 - 0x00007ffe7a2fa000 	C:\Windows\System32\GDI32.dll
0x00007ffe791d0000 - 0x00007ffe792db000 	C:\Windows\System32\gdi32full.dll
0x00007ffe6a9a0000 - 0x00007ffe6ac3b000 	C:\Windows\WinSxS\amd64_microsoft.windows.common-controls_6595b64144ccf1df_6.0.19041.746_none_ca02b4b61b8320a4\COMCTL32.dll
0x00007ffe79130000 - 0x00007ffe791cd000 	C:\Windows\System32\msvcp_win.dll
0x00007ffe79c50000 - 0x00007ffe79cee000 	C:\Windows\System32\msvcrt.dll
0x00007ffe79b60000 - 0x00007ffe79b90000 	C:\Windows\System32\IMM32.DLL
0x00007ffe467b0000 - 0x00007ffe4680b000 	C:\ProgramData\Microsoft\DbgCtr\XShellDLL64_6015.dll
0x00007ffe79fe0000 - 0x00007ffe7a08c000 	C:\Windows\System32\ADVAPI32.dll
0x00007ffe7a230000 - 0x00007ffe7a2cc000 	C:\Windows\System32\sechost.dll
0x00007ffe79d90000 - 0x00007ffe79ebb000 	C:\Windows\System32\RPCRT4.dll
0x00007ffe79410000 - 0x00007ffe79b52000 	C:\Windows\System32\SHELL32.dll
0x00007ffe60ba0000 - 0x00007ffe60bac000 	C:\Program Files\Android\Android Studio\jbr\bin\vcruntime140_1.dll
0x00007ffe283a0000 - 0x00007ffe2842d000 	C:\Program Files\Android\Android Studio\jbr\bin\msvcp140.dll
0x00007ffe06640000 - 0x00007ffe071fc000 	C:\Program Files\Android\Android Studio\jbr\bin\server\jvm.dll
0x00007ffe79d80000 - 0x00007ffe79d88000 	C:\Windows\System32\PSAPI.DLL
0x00007ffe64410000 - 0x00007ffe64419000 	C:\Windows\SYSTEM32\WSOCK32.dll
0x00007ffe7b250000 - 0x00007ffe7b2bb000 	C:\Windows\System32\WS2_32.dll
0x00007ffe52320000 - 0x00007ffe52347000 	C:\Windows\SYSTEM32\WINMM.dll
0x00007ffe72000000 - 0x00007ffe7200a000 	C:\Windows\SYSTEM32\VERSION.dll
0x00007ffe76a60000 - 0x00007ffe76a72000 	C:\Windows\SYSTEM32\kernel.appcore.dll
0x00007ffe608a0000 - 0x00007ffe608b0000 	C:\Program Files\Android\Android Studio\jbr\bin\verify.dll
0x00007ffe61c20000 - 0x00007ffe61e04000 	C:\Windows\SYSTEM32\DBGHELP.DLL
0x00007ffe62eb0000 - 0x00007ffe62edc000 	C:\Windows\SYSTEM32\dbgcore.DLL
0x00007ffe790b0000 - 0x00007ffe79130000 	C:\Windows\System32\bcryptPrimitives.dll
0x00007ffe565e0000 - 0x00007ffe56608000 	C:\Program Files\Android\Android Studio\jbr\bin\java.dll
0x00007ffe60890000 - 0x00007ffe6089a000 	C:\Program Files\Android\Android Studio\jbr\bin\jimage.dll
0x00007ffe60480000 - 0x00007ffe60498000 	C:\Program Files\Android\Android Studio\jbr\bin\zip.dll
0x00007ffe76c60000 - 0x00007ffe773f0000 	C:\Windows\SYSTEM32\windows.storage.dll
0x00007ffe7aab0000 - 0x00007ffe7ae06000 	C:\Windows\System32\combase.dll
0x00007ffe78550000 - 0x00007ffe7857c000 	C:\Windows\SYSTEM32\Wldp.dll
0x00007ffe7b2c0000 - 0x00007ffe7b36e000 	C:\Windows\System32\SHCORE.dll
0x00007ffe7a100000 - 0x00007ffe7a155000 	C:\Windows\System32\shlwapi.dll
0x00007ffe78a20000 - 0x00007ffe78a46000 	C:\Windows\SYSTEM32\profapi.dll
0x00007ffe5fab0000 - 0x00007ffe5fac9000 	C:\Program Files\Android\Android Studio\jbr\bin\net.dll
0x00007ffe72fa0000 - 0x00007ffe730a0000 	C:\Windows\SYSTEM32\WINHTTP.dll
0x00007ffe782d0000 - 0x00007ffe7833a000 	C:\Windows\system32\mswsock.dll
0x00007ffe58be0000 - 0x00007ffe58bf3000 	C:\Program Files\Android\Android Studio\jbr\bin\nio.dll
0x00007ffe60bb0000 - 0x00007ffe60bd7000 	C:\Users\it_04\.gradle\native\e1d6ef7f7dcc3fd88c89a11ec53ec762bb8ba0a96d01ffa2cd45eb1d1d8dd5c5\windows-amd64\native-platform.dll
0x00007ffe28250000 - 0x00007ffe28394000 	C:\Users\it_04\.gradle\native\0d407fdbe67a94daf76414ababcb853783967236a71b16ec16e742cd7a986fd3\windows-amd64\native-platform-file-events.dll
0x00007ffe5fb10000 - 0x00007ffe5fb1a000 	C:\Program Files\Android\Android Studio\jbr\bin\management.dll
0x00007ffe5f910000 - 0x00007ffe5f91b000 	C:\Program Files\Android\Android Studio\jbr\bin\management_ext.dll
0x00007ffe784a0000 - 0x00007ffe784b8000 	C:\Windows\SYSTEM32\CRYPTSP.dll
0x00007ffe77c00000 - 0x00007ffe77c34000 	C:\Windows\system32\rsaenh.dll
0x00007ffe78e70000 - 0x00007ffe78e97000 	C:\Windows\System32\bcrypt.dll
0x00007ffe789e0000 - 0x00007ffe78a0e000 	C:\Windows\SYSTEM32\USERENV.dll
0x00007ffe784c0000 - 0x00007ffe784cc000 	C:\Windows\SYSTEM32\CRYPTBASE.dll
0x00007ffe77f70000 - 0x00007ffe77fab000 	C:\Windows\SYSTEM32\IPHLPAPI.DLL
0x00007ffe79b90000 - 0x00007ffe79b98000 	C:\Windows\System32\NSI.dll
0x00007ffe722b0000 - 0x00007ffe722c7000 	C:\Windows\SYSTEM32\dhcpcsvc6.DLL
0x00007ffe72230000 - 0x00007ffe7224d000 	C:\Windows\SYSTEM32\dhcpcsvc.DLL
0x00007ffe77fb0000 - 0x00007ffe7807b000 	C:\Windows\SYSTEM32\DNSAPI.dll
0x00007ffe53590000 - 0x00007ffe535b7000 	C:\Program Files\Android\Android Studio\jbr\bin\sunec.dll
0x00007ffe704c0000 - 0x00007ffe704ca000 	C:\Windows\System32\rasadhlp.dll
0x00007ffe725f0000 - 0x00007ffe7266f000 	C:\Windows\System32\fwpuclnt.dll

dbghelp: loaded successfully - version: 4.0.5 - missing functions: none
symbol engine: initialized successfully - sym options: 0x614 - pdb path: .;C:\Program Files\Android\Android Studio\jbr\bin;C:\Windows\SYSTEM32;C:\Windows\WinSxS\amd64_microsoft.windows.common-controls_6595b64144ccf1df_6.0.19041.746_none_ca02b4b61b8320a4;C:\ProgramData\Microsoft\DbgCtr;C:\Program Files\Android\Android Studio\jbr\bin\server;C:\Users\it_04\.gradle\native\e1d6ef7f7dcc3fd88c89a11ec53ec762bb8ba0a96d01ffa2cd45eb1d1d8dd5c5\windows-amd64;C:\Users\it_04\.gradle\native\0d407fdbe67a94daf76414ababcb853783967236a71b16ec16e742cd7a986fd3\windows-amd64

VM Arguments:
jvm_args: --add-opens=java.base/java.util=ALL-UNNAMED --add-opens=java.base/java.lang=ALL-UNNAMED --add-opens=java.base/java.lang.invoke=ALL-UNNAMED --add-opens=java.base/java.util=ALL-UNNAMED --add-opens=java.prefs/java.util.prefs=ALL-UNNAMED --add-opens=java.prefs/java.util.prefs=ALL-UNNAMED --add-opens=java.base/java.nio.charset=ALL-UNNAMED --add-opens=java.base/java.net=ALL-UNNAMED --add-opens=java.base/java.util.concurrent.atomic=ALL-UNNAMED -Xmx2048m -Dfile.encoding=UTF-8 -Duser.country=US -Duser.language=en -Duser.variant 
java_command: org.gradle.launcher.daemon.bootstrap.GradleDaemon 7.5
java_class_path (initial): C:\Users\it_04\.gradle\wrapper\dists\gradle-7.5-bin\f1w0cc9nuo0eivz97x2xlu9sv\gradle-7.5\lib\gradle-launcher-7.5.jar
Launcher Type: SUN_STANDARD

[Global flags]
     intx CICompilerCount                          = 3                                         {product} {ergonomic}
     uint ConcGCThreads                            = 1                                         {product} {ergonomic}
     uint G1ConcRefinementThreads                  = 4                                         {product} {ergonomic}
   size_t G1HeapRegionSize                         = 1048576                                   {product} {ergonomic}
    uintx GCDrainStackTargetSize                   = 64                                        {product} {ergonomic}
   size_t InitialHeapSize                          = 266338304                                 {product} {ergonomic}
   size_t MarkStackSize                            = 4194304                                   {product} {ergonomic}
   size_t MaxHeapSize                              = 2147483648                                {product} {command line}
   size_t MaxNewSize                               = 1287651328                                {product} {ergonomic}
   size_t MinHeapDeltaBytes                        = 1048576                                   {product} {ergonomic}
    uintx NonNMethodCodeHeapSize                   = 5830732                                {pd product} {ergonomic}
    uintx NonProfiledCodeHeapSize                  = 122913754                              {pd product} {ergonomic}
    uintx ProfiledCodeHeapSize                     = 122913754                              {pd product} {ergonomic}
    uintx ReservedCodeCacheSize                    = 251658240                              {pd product} {ergonomic}
     bool SegmentedCodeCache                       = true                                      {product} {ergonomic}
     bool UseCompressedClassPointers               = true                                 {lp64_product} {ergonomic}
     bool UseCompressedOops                        = true                                 {lp64_product} {ergonomic}
     bool UseG1GC                                  = true                                      {product} {ergonomic}
     bool UseLargePagesIndividualAllocation        = false                                  {pd product} {ergonomic}

Logging:
Log output configuration:
 #0: stdout all=warning uptime,level,tags
 #1: stderr all=off uptime,level,tags

Environment Variables:
PATH=D:\app\it_07\product\11.2.0\client_1\bin;C:\Windows\system32;C:\Windows;C:\Windows\System32\Wbem;C:\Windows\System32\WindowsPowerShell\v1.0\;C:\Windows\System32\OpenSSH\;C:\Program Files\dotnet\;C:\Program Files\Git\cmd;C:\Users\it_04\AppData\Local\Microsoft\WindowsApps;C:\Users\it_04\.dotnet\tools
USERNAME=it_04
OS=Windows_NT
PROCESSOR_IDENTIFIER=Intel64 Family 6 Model 165 Stepping 3, GenuineIntel



---------------  S Y S T E M  ---------------

OS: Windows 10 , 64 bit Build 19041 (10.0.19041.804)
OS uptime: 0 days 5:27 hours

CPU:total 4 (initial active 4) (2 cores per cpu, 2 threads per core) family 6 model 165 stepping 3 microcode 0xe0, cmov, cx8, fxsr, mmx, sse, sse2, sse3, ssse3, sse4.1, sse4.2, popcnt, aes, clmul, erms, 3dnowpref, lzcnt, ht, tsc, tscinvbit

Memory: 4k page, system-wide physical 16242M (8447M free)
TotalPageFile size 18674M (AvailPageFile size 10793M)
current process WorkingSet (physical memory assigned to process): 502M, peak: 504M
current process commit charge ("private bytes"): 542M, peak: 549M

vm_info: OpenJDK 64-Bit Server VM (11.0.15+0-b2043.56-9505619) for windows-amd64 JRE (11.0.15+0-b2043.56-9505619), built on Jan 19 2023 02:48:00 by "builduser" with unknown MS VC++:1929

END.
