#
# A fatal error has been detected by the Java Runtime Environment:
#
#  EXCEPTION_ACCESS_VIOLATION (0xc0000005) at pc=0x000000042d4f9a88, pid=10000, tid=1248
#
# JRE version: OpenJDK Runtime Environment (11.0.15) (build 11.0.15+0-b2043.56-9505619)
# Java VM: OpenJDK 64-Bit Server VM (11.0.15+0-b2043.56-9505619, mixed mode, tiered, compressed oops, g1 gc, windows-amd64)
# Problematic frame:
# C  0x000000042d4f9a88
#
# No core dump will be written. Minidumps are not enabled by default on client versions of Windows
#
# If you would like to submit a bug report, please visit:
#   https://bugreport.java.com/bugreport/crash.jsp
# The crash happened outside the Java Virtual Machine in native code.
# See problematic frame for where to report the bug.
#

---------------  S U M M A R Y ------------

Command Line: --add-opens=java.base/java.util=ALL-UNNAMED --add-opens=java.base/java.lang=ALL-UNNAMED --add-opens=java.base/java.lang.invoke=ALL-UNNAMED --add-opens=java.base/java.util=ALL-UNNAMED --add-opens=java.prefs/java.util.prefs=ALL-UNNAMED --add-opens=java.prefs/java.util.prefs=ALL-UNNAMED --add-opens=java.base/java.nio.charset=ALL-UNNAMED --add-opens=java.base/java.net=ALL-UNNAMED --add-opens=java.base/java.util.concurrent.atomic=ALL-UNNAMED -Xmx2048m -Dfile.encoding=UTF-8 -Duser.country=US -Duser.language=en -Duser.variant org.gradle.launcher.daemon.bootstrap.GradleDaemon 7.5

Host: Intel(R) Pentium(R) Gold G6400 CPU @ 4.00GHz, 4 cores, 15G,  Windows 10 , 64 bit Build 19041 (10.0.19041.804)
Time: Mon Apr 24 08:54:43 2023 SE Asia Standard Time elapsed time: 19.669496 seconds (0d 0h 0m 19s)

---------------  T H R E A D  ---------------

Current thread (0x000001ab01798000):  JavaThread "File watcher server" daemon [_thread_in_native, id=1248, stack(0x0000000429a00000,0x0000000429b00000)]

Stack: [0x0000000429a00000,0x0000000429b00000],  sp=0x0000000429afe628,  free space=1017k
Native frames: (J=compiled Java code, j=interpreted, Vv=VM code, C=native code)
C  0x000000042d4f9a88

Java frames: (J=compiled Java code, j=interpreted, Vv=VM code)
j  net.rubygrapefruit.platform.internal.jni.AbstractFileEventFunctions$NativeFileWatcher.executeRunLoop0(Ljava/lang/Object;)V+0
j  net.rubygrapefruit.platform.internal.jni.AbstractFileEventFunctions$NativeFileWatcher.access$100(Lnet/rubygrapefruit/platform/internal/jni/AbstractFileEventFunctions$NativeFileWatcher;Ljava/lang/Object;)V+2
j  net.rubygrapefruit.platform.internal.jni.AbstractFileEventFunctions$NativeFileWatcher$1.run()V+26
v  ~StubRoutines::call_stub

siginfo: EXCEPTION_ACCESS_VIOLATION (0xc0000005), data execution prevention violation at address 0x000000042d4f9a88


Register to memory mapping:

RIP=0x000000042d4f9a88 is pointing into the stack for thread: 0x000001ab06fee800
RAX=0x000000042d4f9a88 is pointing into the stack for thread: 0x000001ab06fee800
RBX=0x0 is NULL
RCX=0x000000042d4f9a88 is pointing into the stack for thread: 0x000001ab06fee800
RDX=0x0 is NULL
RSP=0x0000000429afe628 is pointing into the stack for thread: 0x000001ab01798000
RBP=0x0000000429afeff8 is pointing into the stack for thread: 0x000001ab01798000
RSI=0x000000042d4f9a80 is pointing into the stack for thread: 0x000001ab06fee800
RDI=0x000000042d4f9a40 is pointing into the stack for thread: 0x000001ab06fee800
R8 =0x000001ab62596780 points into unknown readable memory: 0x000001ab62590cf0 | f0 0c 59 62 ab 01 00 00
R9 =0x0000000000000001 is an unknown value
R10=0x0000000000008000 is an unknown value
R11=0x0000000429afe2e0 is pointing into the stack for thread: 0x000001ab01798000
R12=0x0 is NULL
R13={method} {0x000001ab04424868} 'executeRunLoop0' '(Ljava/lang/Object;)V' in 'net/rubygrapefruit/platform/internal/jni/AbstractFileEventFunctions$NativeFileWatcher'
R14=0x0 is NULL
R15=0x000001ab01798000 is a thread


Registers:
RAX=0x000000042d4f9a88, RBX=0x0000000000000000, RCX=0x000000042d4f9a88, RDX=0x0000000000000000
RSP=0x0000000429afe628, RBP=0x0000000429afeff8, RSI=0x000000042d4f9a80, RDI=0x000000042d4f9a40
R8 =0x000001ab62596780, R9 =0x0000000000000001, R10=0x0000000000008000, R11=0x0000000429afe2e0
R12=0x0000000000000000, R13=0x000001ab04424860, R14=0x0000000000000000, R15=0x000001ab01798000
RIP=0x000000042d4f9a88, EFLAGS=0x0000000000010206

Top of Stack: (sp=0x0000000429afe628)
0x0000000429afe628:   00007ff8a13563b9 0000000000000000
0x0000000429afe638:   000001ab682efa7a 000001ab7e885990
0x0000000429afe648:   00007ff8a1333133 000001ab08ac7b28
0x0000000429afe658:   000000008f580970 000018f20e48a4c4
0x0000000429afe668:   00007ff8a133da83 0000000429aff020
0x0000000429afe678:   000000042d4f9a40 00007ff8a132f150
0x0000000429afe688:   00007ff8a134709b 000000042d4f9a80
0x0000000429afe698:   0000000080319ae0 0000000000000000
0x0000000429afe6a8:   00007ff8a133bfae 000001ab08ac7b20
0x0000000429afe6b8:   00007ff8a13392a6 000000042d4f9a80
0x0000000429afe6c8:   0000000000000000 000001ab08ac7b20
0x0000000429afe6d8:   00007ff8a13157b3 0000000000000000
0x0000000429afe6e8:   00007ff8a13464c2 0000000429afe730
0x0000000429afe6f8:   000000042d4f9a80 000001ab7e514a20
0x0000000429afe708:   0000000000000000 0000000080a1c201
0x0000000429afe718:   000001ab7e42fd50 0000000000000000 

Instructions: (pc=0x000000042d4f9a88)
0x000000042d4f9988:   d8 99 4f 2d 04 00 00 00 68 41 77 0a ab 01 00 00
0x000000042d4f9998:   00 e8 fe 06 ab 01 00 00 03 00 00 00 00 00 00 00
0x000000042d4f99a8:   10 d8 2f 68 ab 01 00 00 68 41 77 0a ab 01 00 00
0x000000042d4f99b8:   bb 00 00 00 00 00 00 00 fc 86 41 8e 00 00 00 00
0x000000042d4f99c8:   40 a2 2e 68 ab 01 00 00 ba d7 2f 68 ab 01 00 00
0x000000042d4f99d8:   b0 86 41 8e 00 00 00 00 e0 99 4f 2d 04 00 00 00
0x000000042d4f99e8:   b0 53 77 0a ab 01 00 00 a8 9a 4f 2d 04 00 00 00
0x000000042d4f99f8:   80 57 77 0a ab 01 00 00 00 00 00 00 00 00 00 00
0x000000042d4f9a08:   40 65 5f 8e 00 00 00 00 20 55 77 0a ab 01 00 00
0x000000042d4f9a18:   00 00 00 00 00 00 00 00 a8 9a 4f 2d 04 00 00 00
0x000000042d4f9a28:   f8 9a 4f 2d 04 00 00 00 08 a5 2e 68 ab 01 00 00
0x000000042d4f9a38:   00 00 00 00 00 00 00 00 00 00 00 00 00 00 00 00
0x000000042d4f9a48:   00 00 00 00 00 00 00 00 00 00 00 00 00 00 00 00
0x000000042d4f9a58:   00 00 00 00 00 00 00 00 00 00 00 00 00 00 00 00
0x000000042d4f9a68:   00 00 00 00 00 00 00 00 a0 87 41 8e 00 00 00 00
0x000000042d4f9a78:   08 87 41 8e 00 00 00 00 00 00 00 00 00 00 00 00
0x000000042d4f9a88:   b0 86 41 8e 00 00 00 00 00 00 00 00 00 00 00 00
0x000000042d4f9a98:   00 00 00 00 00 00 00 00 b0 86 41 8e 00 00 00 00
0x000000042d4f9aa8:   c0 e4 5f 8e 00 00 00 00 b0 9a 4f 2d 04 00 00 00
0x000000042d4f9ab8:   00 e4 74 09 ab 01 00 00 b8 9b 4f 2d 04 00 00 00
0x000000042d4f9ac8:   88 38 30 0a ab 01 00 00 00 00 00 00 00 00 00 00
0x000000042d4f9ad8:   f8 23 c6 89 00 00 00 00 e8 e5 74 09 ab 01 00 00
0x000000042d4f9ae8:   a8 9a 4f 2d 04 00 00 00 b8 9b 4f 2d 04 00 00 00
0x000000042d4f9af8:   08 9c 4f 2d 04 00 00 00 c3 a4 2e 68 ab 01 00 00
0x000000042d4f9b08:   00 00 00 00 00 00 00 00 00 00 00 00 00 00 00 00
0x000000042d4f9b18:   00 00 00 00 00 00 00 00 00 00 00 00 00 00 00 00
0x000000042d4f9b28:   00 00 00 00 00 00 00 00 00 00 00 00 00 00 00 00
0x000000042d4f9b38:   00 00 00 00 00 00 00 00 50 42 5e 8e 00 00 00 00
0x000000042d4f9b48:   00 00 00 00 00 00 00 00 10 42 5e 8e 00 00 00 00
0x000000042d4f9b58:   00 00 00 00 00 00 00 00 10 42 5e 8e 00 00 00 00
0x000000042d4f9b68:   00 00 00 00 00 00 00 00 18 39 5e 8e 00 00 00 00
0x000000042d4f9b78:   00 00 00 00 00 00 00 00 00 00 00 00 00 00 00 00 


Stack slot to memory mapping:
stack at sp + 0 slots: 0x00007ff8a13563b9 native-platform-file-events.dll
stack at sp + 1 slots: 0x0 is NULL
stack at sp + 2 slots: 0x000001ab682efa7a is at code_begin+2458 in an Interpreter codelet
method entry point (kind = native)  [0x000001ab682ef0e0, 0x000001ab682efb60]  2688 bytes
stack at sp + 3 slots: {method} {0x000001ab7e885998} 'findEntry' '(Ljava/lang/String;)J' in 'java/lang/ClassLoader$NativeLibrary'
stack at sp + 4 slots: 0x00007ff8a1333133 native-platform-file-events.dll
stack at sp + 5 slots: 0x000001ab08ac7b28 points into unknown readable memory: 0x00000001001733b0 | b0 33 17 00 01 00 00 00
stack at sp + 6 slots: 0x000000008f580970 is pointing into object: [B 
{0x000000008f5805e8} - klass: {type array byte}
 - length: 1527
stack at sp + 7 slots: 0x000018f20e48a4c4 is an unknown value


---------------  P R O C E S S  ---------------

Threads class SMR info:
_java_thread_list=0x000001ab08ac98f0, length=86, elements={
0x000001ab647c2000, 0x000001ab7ec4b000, 0x000001ab7ec4d000, 0x000001ab7e409000,
0x000001ab7eca6800, 0x000001ab7eca8000, 0x000001ab7eccf000, 0x000001ab7ecdd800,
0x000001ab7ece0800, 0x000001ab7ee44000, 0x000001ab017a5000, 0x000001ab0185a800,
0x000001ab012f2800, 0x000001ab016c8800, 0x000001ab01408000, 0x000001ab00c45800,
0x000001ab01419000, 0x000001ab00329000, 0x000001ab01e98000, 0x000001ab01519800,
0x000001ab01796800, 0x000001ab01797000, 0x000001ab01794800, 0x000001ab01798000,
0x000001ab01792800, 0x000001ab01799000, 0x000001ab01794000, 0x000001ab01793000,
0x000001ab026e4800, 0x000001ab026e3800, 0x000001ab026df800, 0x000001ab026de800,
0x000001ab026e1000, 0x000001ab026ed800, 0x000001ab026e7800, 0x000001ab026e9800,
0x000001ab026ec800, 0x000001ab026ec000, 0x000001ab026e8800, 0x000001ab026ea000,
0x000001ab026eb000, 0x000001ab04c97800, 0x000001ab04c97000, 0x000001ab04c9d800,
0x000001ab04c99800, 0x000001ab04c9c000, 0x000001ab04c9e000, 0x000001ab04c98800,
0x000001ab04c9c800, 0x000001ab04c9f000, 0x000001ab04ca0000, 0x000001ab04c9a000,
0x000001ab04ca0800, 0x000001ab04c9b000, 0x000001ab04ca1800, 0x000001ab04ca2800,
0x000001ab04ca3000, 0x000001ab04ca4000, 0x000001ab04ca4800, 0x000001ab04ca5800,
0x000001ab02931000, 0x000001ab02933800, 0x000001ab02932000, 0x000001ab02936000,
0x000001ab02932800, 0x000001ab02930800, 0x000001ab02937000, 0x000001ab02937800,
0x000001ab02938800, 0x000001ab02939800, 0x000001ab0293a000, 0x000001ab02934800,
0x000001ab0293b000, 0x000001ab02935000, 0x000001ab0293b800, 0x000001ab0293c800,
0x000001ab0293d800, 0x000001ab0293f000, 0x000001ab06ff0000, 0x000001ab06ff0800,
0x000001ab06fee800, 0x000001ab06ff5000, 0x000001ab06ff2800, 0x000001ab06ff1800,
0x000001ab06fef000, 0x000001ab7eef6800
}

Java Threads: ( => current thread )
  0x000001ab647c2000 JavaThread "main" [_thread_blocked, id=10048, stack(0x0000000427500000,0x0000000427600000)]
  0x000001ab7ec4b000 JavaThread "Reference Handler" daemon [_thread_blocked, id=9864, stack(0x0000000427f00000,0x0000000428000000)]
  0x000001ab7ec4d000 JavaThread "Finalizer" daemon [_thread_blocked, id=2220, stack(0x0000000428000000,0x0000000428100000)]
  0x000001ab7e409000 JavaThread "Signal Dispatcher" daemon [_thread_blocked, id=5704, stack(0x0000000428100000,0x0000000428200000)]
  0x000001ab7eca6800 JavaThread "Attach Listener" daemon [_thread_blocked, id=2508, stack(0x0000000428200000,0x0000000428300000)]
  0x000001ab7eca8000 JavaThread "Service Thread" daemon [_thread_blocked, id=4188, stack(0x0000000428300000,0x0000000428400000)]
  0x000001ab7eccf000 JavaThread "C2 CompilerThread0" daemon [_thread_blocked, id=2616, stack(0x0000000428400000,0x0000000428500000)]
  0x000001ab7ecdd800 JavaThread "C1 CompilerThread0" daemon [_thread_blocked, id=7092, stack(0x0000000428500000,0x0000000428600000)]
  0x000001ab7ece0800 JavaThread "Sweeper thread" daemon [_thread_blocked, id=3336, stack(0x0000000428600000,0x0000000428700000)]
  0x000001ab7ee44000 JavaThread "Common-Cleaner" daemon [_thread_blocked, id=7724, stack(0x0000000428700000,0x0000000428800000)]
  0x000001ab017a5000 JavaThread "Daemon health stats" [_thread_blocked, id=1348, stack(0x0000000428d00000,0x0000000428e00000)]
  0x000001ab0185a800 JavaThread "Incoming local TCP Connector on port 50377" [_thread_in_native, id=6712, stack(0x0000000428e00000,0x0000000428f00000)]
  0x000001ab012f2800 JavaThread "Daemon periodic checks" [_thread_blocked, id=3352, stack(0x0000000428f00000,0x0000000429000000)]
  0x000001ab016c8800 JavaThread "Daemon" [_thread_blocked, id=5816, stack(0x0000000429000000,0x0000000429100000)]
  0x000001ab01408000 JavaThread "Handler for socket connection from /127.0.0.1:50377 to /127.0.0.1:50378" [_thread_in_native, id=7728, stack(0x0000000429100000,0x0000000429200000)]
  0x000001ab00c45800 JavaThread "Cancel handler" [_thread_blocked, id=1364, stack(0x0000000429200000,0x0000000429300000)]
  0x000001ab01419000 JavaThread "Daemon worker" [_thread_blocked, id=5108, stack(0x0000000429300000,0x0000000429400000)]
  0x000001ab00329000 JavaThread "Asynchronous log dispatcher for DefaultDaemonConnection: socket connection from /127.0.0.1:50377 to /127.0.0.1:50378" [_thread_blocked, id=8760, stack(0x0000000429400000,0x0000000429500000)]
  0x000001ab01e98000 JavaThread "Stdin handler" [_thread_blocked, id=3980, stack(0x0000000429500000,0x0000000429600000)]
  0x000001ab01519800 JavaThread "Daemon client event forwarder" [_thread_blocked, id=7032, stack(0x0000000429600000,0x0000000429700000)]
  0x000001ab01796800 JavaThread "Cache worker for journal cache (C:\Users\it_04\.gradle\caches\journal-1)" [_thread_blocked, id=8980, stack(0x0000000429700000,0x0000000429800000)]
  0x000001ab01797000 JavaThread "File lock request listener" [_thread_in_native, id=8120, stack(0x0000000429800000,0x0000000429900000)]
  0x000001ab01794800 JavaThread "Cache worker for file hash cache (C:\Users\it_04\.gradle\caches\7.5\fileHashes)" [_thread_blocked, id=1148, stack(0x0000000429900000,0x0000000429a00000)]
=>0x000001ab01798000 JavaThread "File watcher server" daemon [_thread_in_native, id=1248, stack(0x0000000429a00000,0x0000000429b00000)]
  0x000001ab01792800 JavaThread "Cache worker for checksums cache (D:\SourceAndroid\KyThuat\.gradle\7.5\checksums)" [_thread_blocked, id=2664, stack(0x0000000429c00000,0x0000000429d00000)]
  0x000001ab01799000 JavaThread "Cache worker for cache directory md-rule (C:\Users\it_04\.gradle\caches\7.5\md-rule)" [_thread_blocked, id=3892, stack(0x0000000429d00000,0x0000000429e00000)]
  0x000001ab01794000 JavaThread "Cache worker for file content cache (C:\Users\it_04\.gradle\caches\7.5\fileContent)" [_thread_blocked, id=8468, stack(0x0000000429e00000,0x0000000429f00000)]
  0x000001ab01793000 JavaThread "Cache worker for file hash cache (D:\SourceAndroid\KyThuat\.gradle\7.5\fileHashes)" [_thread_blocked, id=2792, stack(0x0000000429f00000,0x000000042a000000)]
  0x000001ab026e4800 JavaThread "Cache worker for cache directory md-supplier (C:\Users\it_04\.gradle\caches\7.5\md-supplier)" [_thread_blocked, id=7132, stack(0x000000042a000000,0x000000042a100000)]
  0x000001ab026e3800 JavaThread "Cache worker for execution history cache (C:\Users\it_04\.gradle\caches\7.5\executionHistory)" [_thread_blocked, id=4440, stack(0x000000042a100000,0x000000042a200000)]
  0x000001ab026df800 JavaThread "jar transforms" [_thread_blocked, id=1832, stack(0x000000042a200000,0x000000042a300000)]
  0x000001ab026de800 JavaThread "jar transforms Thread 2" [_thread_blocked, id=9280, stack(0x000000042a300000,0x000000042a400000)]
  0x000001ab026e1000 JavaThread "jar transforms Thread 3" [_thread_blocked, id=3156, stack(0x000000042a400000,0x000000042a500000)]
  0x000001ab026ed800 JavaThread "jar transforms Thread 4" [_thread_blocked, id=7644, stack(0x000000042a500000,0x000000042a600000)]
  0x000001ab026e7800 JavaThread "Cache worker for dependencies-accessors (D:\SourceAndroid\KyThuat\.gradle\7.5\dependencies-accessors)" [_thread_blocked, id=3772, stack(0x000000042a600000,0x000000042a700000)]
  0x000001ab026e9800 JavaThread "Cache worker for Build Output Cleanup Cache (D:\SourceAndroid\KyThuat\.gradle\buildOutputCleanup)" [_thread_blocked, id=276, stack(0x000000042a700000,0x000000042a800000)]
  0x000001ab026ec800 JavaThread "Unconstrained build operations" [_thread_blocked, id=9932, stack(0x000000042a800000,0x000000042a900000)]
  0x000001ab026ec000 JavaThread "Unconstrained build operations Thread 2" [_thread_blocked, id=10040, stack(0x000000042a900000,0x000000042aa00000)]
  0x000001ab026e8800 JavaThread "Unconstrained build operations Thread 3" [_thread_blocked, id=4812, stack(0x000000042aa00000,0x000000042ab00000)]
  0x000001ab026ea000 JavaThread "Unconstrained build operations Thread 4" [_thread_blocked, id=6796, stack(0x000000042ab00000,0x000000042ac00000)]
  0x000001ab026eb000 JavaThread "Unconstrained build operations Thread 5" [_thread_blocked, id=9772, stack(0x000000042ac00000,0x000000042ad00000)]
  0x000001ab04c97800 JavaThread "Unconstrained build operations Thread 6" [_thread_blocked, id=1136, stack(0x000000042ad00000,0x000000042ae00000)]
  0x000001ab04c97000 JavaThread "Unconstrained build operations Thread 7" [_thread_blocked, id=5316, stack(0x000000042ae00000,0x000000042af00000)]
  0x000001ab04c9d800 JavaThread "Unconstrained build operations Thread 8" [_thread_blocked, id=9352, stack(0x000000042af00000,0x000000042b000000)]
  0x000001ab04c99800 JavaThread "Unconstrained build operations Thread 9" [_thread_blocked, id=9508, stack(0x000000042b000000,0x000000042b100000)]
  0x000001ab04c9c000 JavaThread "Unconstrained build operations Thread 10" [_thread_blocked, id=7700, stack(0x000000042b100000,0x000000042b200000)]
  0x000001ab04c9e000 JavaThread "Unconstrained build operations Thread 11" [_thread_blocked, id=9860, stack(0x000000042b200000,0x000000042b300000)]
  0x000001ab04c98800 JavaThread "Unconstrained build operations Thread 12" [_thread_blocked, id=5240, stack(0x000000042b300000,0x000000042b400000)]
  0x000001ab04c9c800 JavaThread "Unconstrained build operations Thread 13" [_thread_blocked, id=8144, stack(0x000000042b400000,0x000000042b500000)]
  0x000001ab04c9f000 JavaThread "Unconstrained build operations Thread 14" [_thread_blocked, id=7960, stack(0x000000042b500000,0x000000042b600000)]
  0x000001ab04ca0000 JavaThread "Unconstrained build operations Thread 15" [_thread_blocked, id=6392, stack(0x000000042b600000,0x000000042b700000)]
  0x000001ab04c9a000 JavaThread "Unconstrained build operations Thread 16" [_thread_blocked, id=4828, stack(0x000000042b700000,0x000000042b800000)]
  0x000001ab04ca0800 JavaThread "Unconstrained build operations Thread 17" [_thread_blocked, id=8456, stack(0x000000042b800000,0x000000042b900000)]
  0x000001ab04c9b000 JavaThread "Unconstrained build operations Thread 18" [_thread_blocked, id=9284, stack(0x000000042b900000,0x000000042ba00000)]
  0x000001ab04ca1800 JavaThread "Unconstrained build operations Thread 19" [_thread_blocked, id=8484, stack(0x000000042ba00000,0x000000042bb00000)]
  0x000001ab04ca2800 JavaThread "Unconstrained build operations Thread 20" [_thread_blocked, id=9160, stack(0x000000042bb00000,0x000000042bc00000)]
  0x000001ab04ca3000 JavaThread "Unconstrained build operations Thread 21" [_thread_blocked, id=9268, stack(0x000000042bc00000,0x000000042bd00000)]
  0x000001ab04ca4000 JavaThread "Unconstrained build operations Thread 22" [_thread_blocked, id=6472, stack(0x000000042bd00000,0x000000042be00000)]
  0x000001ab04ca4800 JavaThread "Unconstrained build operations Thread 23" [_thread_blocked, id=3932, stack(0x000000042be00000,0x000000042bf00000)]
  0x000001ab04ca5800 JavaThread "Unconstrained build operations Thread 24" [_thread_blocked, id=7232, stack(0x000000042bf00000,0x000000042c000000)]
  0x000001ab02931000 JavaThread "Unconstrained build operations Thread 25" [_thread_blocked, id=6548, stack(0x000000042c000000,0x000000042c100000)]
  0x000001ab02933800 JavaThread "Unconstrained build operations Thread 26" [_thread_blocked, id=8676, stack(0x000000042c100000,0x000000042c200000)]
  0x000001ab02932000 JavaThread "Unconstrained build operations Thread 27" [_thread_blocked, id=8432, stack(0x000000042c200000,0x000000042c300000)]
  0x000001ab02936000 JavaThread "Unconstrained build operations Thread 28" [_thread_blocked, id=1840, stack(0x000000042c300000,0x000000042c400000)]
  0x000001ab02932800 JavaThread "Unconstrained build operations Thread 29" [_thread_blocked, id=9304, stack(0x000000042c400000,0x000000042c500000)]
  0x000001ab02930800 JavaThread "Unconstrained build operations Thread 30" [_thread_blocked, id=9176, stack(0x000000042c500000,0x000000042c600000)]
  0x000001ab02937000 JavaThread "Unconstrained build operations Thread 31" [_thread_blocked, id=10168, stack(0x000000042c600000,0x000000042c700000)]
  0x000001ab02937800 JavaThread "Unconstrained build operations Thread 32" [_thread_blocked, id=4724, stack(0x000000042c700000,0x000000042c800000)]
  0x000001ab02938800 JavaThread "Unconstrained build operations Thread 33" [_thread_blocked, id=1820, stack(0x000000042c800000,0x000000042c900000)]
  0x000001ab02939800 JavaThread "Unconstrained build operations Thread 34" [_thread_blocked, id=6168, stack(0x000000042c900000,0x000000042ca00000)]
  0x000001ab0293a000 JavaThread "Unconstrained build operations Thread 35" [_thread_blocked, id=8792, stack(0x000000042ca00000,0x000000042cb00000)]
  0x000001ab02934800 JavaThread "Unconstrained build operations Thread 36" [_thread_blocked, id=880, stack(0x000000042cb00000,0x000000042cc00000)]
  0x000001ab0293b000 JavaThread "Unconstrained build operations Thread 37" [_thread_blocked, id=9344, stack(0x000000042cc00000,0x000000042cd00000)]
  0x000001ab02935000 JavaThread "Unconstrained build operations Thread 38" [_thread_blocked, id=3640, stack(0x000000042cd00000,0x000000042ce00000)]
  0x000001ab0293b800 JavaThread "Unconstrained build operations Thread 39" [_thread_blocked, id=1652, stack(0x000000042ce00000,0x000000042cf00000)]
  0x000001ab0293c800 JavaThread "Unconstrained build operations Thread 40" [_thread_blocked, id=5740, stack(0x000000042cf00000,0x000000042d000000)]
  0x000001ab0293d800 JavaThread "Memory manager" [_thread_blocked, id=5880, stack(0x000000042d000000,0x000000042d100000)]
  0x000001ab0293f000 JavaThread "build event listener" [_thread_blocked, id=10204, stack(0x000000042d100000,0x000000042d200000)]
  0x000001ab06ff0000 JavaThread "pool-3-thread-1" [_thread_blocked, id=2028, stack(0x000000042d200000,0x000000042d300000)]
  0x000001ab06ff0800 JavaThread "build event listener" [_thread_blocked, id=2836, stack(0x000000042d300000,0x000000042d400000)]
  0x000001ab06fee800 JavaThread "included builds" [_thread_in_vm, id=2500, stack(0x000000042d400000,0x000000042d500000)]
  0x000001ab06ff5000 JavaThread "Execution worker" [_thread_blocked, id=9784, stack(0x000000042d500000,0x000000042d600000)]
  0x000001ab06ff2800 JavaThread "Execution worker Thread 2" [_thread_blocked, id=6752, stack(0x000000042d600000,0x000000042d700000)]
  0x000001ab06ff1800 JavaThread "Execution worker Thread 3" [_thread_blocked, id=1716, stack(0x000000042d700000,0x000000042d800000)]
  0x000001ab06fef000 JavaThread "Cache worker for execution history cache (D:\SourceAndroid\KyThuat\.gradle\7.5\executionHistory)" [_thread_blocked, id=1888, stack(0x000000042d800000,0x000000042d900000)]
  0x000001ab7eef6800 JavaThread "C2 CompilerThread1" daemon [_thread_blocked, id=2264, stack(0x0000000428900000,0x0000000428a00000)]

Other Threads:
  0x000001ab7ec48000 VMThread "VM Thread" [stack: 0x0000000427e00000,0x0000000427f00000] [id=2424]
  0x000001ab7ee47000 WatcherThread [stack: 0x0000000428800000,0x0000000428900000] [id=2448]
  0x000001ab647db800 GCTaskThread "GC Thread#0" [stack: 0x0000000427900000,0x0000000427a00000] [id=4412]
  0x000001ab0025b800 GCTaskThread "GC Thread#1" [stack: 0x0000000428a00000,0x0000000428b00000] [id=5992]
  0x000001ab0029c000 GCTaskThread "GC Thread#2" [stack: 0x0000000428b00000,0x0000000428c00000] [id=6412]
  0x000001ab7f1ee000 GCTaskThread "GC Thread#3" [stack: 0x0000000428c00000,0x0000000428d00000] [id=8352]
  0x000001ab6480b800 ConcurrentGCThread "G1 Main Marker" [stack: 0x0000000427a00000,0x0000000427b00000] [id=8604]
  0x000001ab6480d000 ConcurrentGCThread "G1 Conc#0" [stack: 0x0000000427b00000,0x0000000427c00000] [id=6680]
  0x000001ab7e288800 ConcurrentGCThread "G1 Refine#0" [stack: 0x0000000427c00000,0x0000000427d00000] [id=9464]
  0x000001ab7e289000 ConcurrentGCThread "G1 Young RemSet Sampling" [stack: 0x0000000427d00000,0x0000000427e00000] [id=3168]

Threads with active compile tasks:

VM state:not at safepoint (normal execution)

VM Mutex/Monitor currently owned by a thread: None

Heap address: 0x0000000080000000, size: 2048 MB, Compressed Oops mode: 32-bit
Narrow klass base: 0x0000000000000000, Narrow klass shift: 3
Compressed class space size: 1073741824 Address: 0x0000000100000000

Heap:
 garbage-first heap   total 312320K, used 146224K [0x0000000080000000, 0x0000000100000000)
  region size 1024K, 95 young (97280K), 18 survivors (18432K)
 Metaspace       used 85910K, capacity 88166K, committed 88272K, reserved 1126400K
  class space    used 11121K, capacity 11887K, committed 11980K, reserved 1048576K
Heap Regions: E=young(eden), S=young(survivor), O=old, HS=humongous(starts), HC=humongous(continues), CS=collection set, F=free, A=archive, TAMS=top-at-mark-start (previous, next)
|   0|0x0000000080000000, 0x0000000080100000, 0x0000000080100000|100%|HS|  |TAMS 0x0000000080100000, 0x0000000080000000| Complete 
|   1|0x0000000080100000, 0x0000000080200000, 0x0000000080200000|100%|HC|  |TAMS 0x0000000080200000, 0x0000000080100000| Complete 
|   2|0x0000000080200000, 0x0000000080300000, 0x0000000080300000|100%|HC|  |TAMS 0x0000000080300000, 0x0000000080200000| Complete 
|   3|0x0000000080300000, 0x0000000080400000, 0x0000000080400000|100%| O|  |TAMS 0x0000000080400000, 0x0000000080300000| Untracked 
|   4|0x0000000080400000, 0x0000000080500000, 0x0000000080500000|100%| O|  |TAMS 0x0000000080500000, 0x0000000080400000| Untracked 
|   5|0x0000000080500000, 0x0000000080600000, 0x0000000080600000|100%| O|  |TAMS 0x0000000080600000, 0x0000000080500000| Untracked 
|   6|0x0000000080600000, 0x0000000080700000, 0x0000000080700000|100%| O|  |TAMS 0x0000000080700000, 0x0000000080600000| Untracked 
|   7|0x0000000080700000, 0x0000000080800000, 0x0000000080800000|100%| O|  |TAMS 0x0000000080800000, 0x0000000080700000| Untracked 
|   8|0x0000000080800000, 0x0000000080900000, 0x0000000080900000|100%| O|  |TAMS 0x0000000080900000, 0x0000000080800000| Untracked 
|   9|0x0000000080900000, 0x0000000080a00000, 0x0000000080a00000|100%| O|  |TAMS 0x0000000080a00000, 0x0000000080900000| Untracked 
|  10|0x0000000080a00000, 0x0000000080b00000, 0x0000000080b00000|100%| O|  |TAMS 0x0000000080b00000, 0x0000000080a00000| Untracked 
|  11|0x0000000080b00000, 0x0000000080c00000, 0x0000000080c00000|100%| O|  |TAMS 0x0000000080c00000, 0x0000000080b00000| Untracked 
|  12|0x0000000080c00000, 0x0000000080d00000, 0x0000000080d00000|100%| O|  |TAMS 0x0000000080d00000, 0x0000000080c00000| Untracked 
|  13|0x0000000080d00000, 0x0000000080e00000, 0x0000000080e00000|100%| O|  |TAMS 0x0000000080e00000, 0x0000000080d00000| Untracked 
|  14|0x0000000080e00000, 0x0000000080f00000, 0x0000000080f00000|100%| O|  |TAMS 0x0000000080f00000, 0x0000000080e00000| Untracked 
|  15|0x0000000080f00000, 0x0000000081000000, 0x0000000081000000|100%| O|  |TAMS 0x0000000081000000, 0x0000000080f00000| Untracked 
|  16|0x0000000081000000, 0x0000000081100000, 0x0000000081100000|100%|HS|  |TAMS 0x0000000081100000, 0x0000000081000000| Complete 
|  17|0x0000000081100000, 0x0000000081200000, 0x0000000081200000|100%| O|  |TAMS 0x0000000081200000, 0x0000000081100000| Untracked 
|  18|0x0000000081200000, 0x0000000081300000, 0x0000000081300000|100%| O|  |TAMS 0x0000000081300000, 0x0000000081200000| Untracked 
|  19|0x0000000081300000, 0x0000000081400000, 0x0000000081400000|100%| O|  |TAMS 0x0000000081400000, 0x0000000081300000| Untracked 
|  20|0x0000000081400000, 0x0000000081500000, 0x0000000081500000|100%| O|  |TAMS 0x0000000081500000, 0x0000000081400000| Untracked 
|  21|0x0000000081500000, 0x0000000081600000, 0x0000000081600000|100%| O|  |TAMS 0x0000000081600000, 0x0000000081500000| Untracked 
|  22|0x0000000081600000, 0x0000000081700000, 0x0000000081700000|100%| O|  |TAMS 0x0000000081700000, 0x0000000081600000| Untracked 
|  23|0x0000000081700000, 0x0000000081800000, 0x0000000081800000|100%| O|  |TAMS 0x0000000081800000, 0x0000000081700000| Untracked 
|  24|0x0000000081800000, 0x0000000081900000, 0x0000000081900000|100%|HS|  |TAMS 0x0000000081900000, 0x0000000081800000| Complete 
|  25|0x0000000081900000, 0x0000000081900000, 0x0000000081a00000|  0%| F|  |TAMS 0x0000000081900000, 0x0000000081900000| Untracked 
|  26|0x0000000081a00000, 0x0000000081b00000, 0x0000000081b00000|100%|HS|  |TAMS 0x0000000081b00000, 0x0000000081a00000| Complete 
|  27|0x0000000081b00000, 0x0000000081c00000, 0x0000000081c00000|100%|HC|  |TAMS 0x0000000081c00000, 0x0000000081b00000| Complete 
|  28|0x0000000081c00000, 0x0000000081c00000, 0x0000000081d00000|  0%| F|  |TAMS 0x0000000081c00000, 0x0000000081c00000| Untracked 
|  29|0x0000000081d00000, 0x0000000081d00000, 0x0000000081e00000|  0%| F|  |TAMS 0x0000000081d00000, 0x0000000081d00000| Untracked 
|  30|0x0000000081e00000, 0x0000000081f00000, 0x0000000081f00000|100%| O|  |TAMS 0x0000000081f00000, 0x0000000081e00000| Untracked 
|  31|0x0000000081f00000, 0x0000000082000000, 0x0000000082000000|100%| O|  |TAMS 0x0000000082000000, 0x0000000081f00000| Untracked 
|  32|0x0000000082000000, 0x0000000082100000, 0x0000000082100000|100%| O|  |TAMS 0x0000000082100000, 0x0000000082000000| Untracked 
|  33|0x0000000082100000, 0x0000000082200000, 0x0000000082200000|100%| O|  |TAMS 0x0000000082200000, 0x0000000082100000| Untracked 
|  34|0x0000000082200000, 0x0000000082300000, 0x0000000082300000|100%| O|  |TAMS 0x0000000082300000, 0x0000000082200000| Untracked 
|  35|0x0000000082300000, 0x0000000082400000, 0x0000000082400000|100%| O|  |TAMS 0x0000000082400000, 0x0000000082300000| Untracked 
|  36|0x0000000082400000, 0x0000000082500000, 0x0000000082500000|100%| O|  |TAMS 0x0000000082500000, 0x0000000082400000| Untracked 
|  37|0x0000000082500000, 0x0000000082500000, 0x0000000082600000|  0%| F|  |TAMS 0x0000000082500000, 0x0000000082500000| Untracked 
|  38|0x0000000082600000, 0x0000000082600000, 0x0000000082700000|  0%| F|  |TAMS 0x0000000082600000, 0x0000000082600000| Untracked 
|  39|0x0000000082700000, 0x0000000082700000, 0x0000000082800000|  0%| F|  |TAMS 0x0000000082700000, 0x0000000082700000| Untracked 
|  40|0x0000000082800000, 0x0000000082800000, 0x0000000082900000|  0%| F|  |TAMS 0x0000000082800000, 0x0000000082800000| Untracked 
|  41|0x0000000082900000, 0x0000000082a00000, 0x0000000082a00000|100%| O|  |TAMS 0x0000000082a00000, 0x0000000082900000| Untracked 
|  42|0x0000000082a00000, 0x0000000082b00000, 0x0000000082b00000|100%| O|  |TAMS 0x0000000082b00000, 0x0000000082a00000| Untracked 
|  43|0x0000000082b00000, 0x0000000082c00000, 0x0000000082c00000|100%| O|  |TAMS 0x0000000082c00000, 0x0000000082b00000| Untracked 
|  44|0x0000000082c00000, 0x0000000082d00000, 0x0000000082d00000|100%| O|  |TAMS 0x0000000082d00000, 0x0000000082c00000| Untracked 
|  45|0x0000000082d00000, 0x0000000082e00000, 0x0000000082e00000|100%| O|  |TAMS 0x0000000082e00000, 0x0000000082d00000| Untracked 
|  46|0x0000000082e00000, 0x0000000082f00000, 0x0000000082f00000|100%| O|  |TAMS 0x0000000082f00000, 0x0000000082e00000| Untracked 
|  47|0x0000000082f00000, 0x0000000083000000, 0x0000000083000000|100%| O|  |TAMS 0x0000000083000000, 0x0000000082f00000| Untracked 
|  48|0x0000000083000000, 0x0000000083100000, 0x0000000083100000|100%| O|  |TAMS 0x0000000083100000, 0x0000000083000000| Untracked 
|  49|0x0000000083100000, 0x0000000083200000, 0x0000000083200000|100%| O|  |TAMS 0x0000000083200000, 0x0000000083100000| Untracked 
|  50|0x0000000083200000, 0x0000000083300000, 0x0000000083300000|100%| O|  |TAMS 0x0000000083300000, 0x0000000083200000| Untracked 
|  51|0x0000000083300000, 0x0000000083400000, 0x0000000083400000|100%| O|  |TAMS 0x0000000083400000, 0x0000000083300000| Untracked 
|  52|0x0000000083400000, 0x0000000083500000, 0x0000000083500000|100%| O|  |TAMS 0x0000000083500000, 0x0000000083400000| Untracked 
|  53|0x0000000083500000, 0x0000000083600000, 0x0000000083600000|100%| O|  |TAMS 0x0000000083600000, 0x0000000083500000| Untracked 
|  54|0x0000000083600000, 0x0000000083700000, 0x0000000083700000|100%| O|  |TAMS 0x0000000083700000, 0x0000000083600000| Untracked 
|  55|0x0000000083700000, 0x0000000083800000, 0x0000000083800000|100%| O|  |TAMS 0x0000000083800000, 0x0000000083700000| Untracked 
|  56|0x0000000083800000, 0x00000000838e3200, 0x0000000083900000| 88%| O|  |TAMS 0x00000000838e3200, 0x0000000083800000| Untracked 
|  57|0x0000000083900000, 0x0000000083900000, 0x0000000083a00000|  0%| F|  |TAMS 0x0000000083900000, 0x0000000083900000| Untracked 
|  58|0x0000000083a00000, 0x0000000083a00000, 0x0000000083b00000|  0%| F|  |TAMS 0x0000000083a00000, 0x0000000083a00000| Untracked 
|  59|0x0000000083b00000, 0x0000000083b00000, 0x0000000083c00000|  0%| F|  |TAMS 0x0000000083b00000, 0x0000000083b00000| Untracked 
|  60|0x0000000083c00000, 0x0000000083c00000, 0x0000000083d00000|  0%| F|  |TAMS 0x0000000083c00000, 0x0000000083c00000| Untracked 
|  61|0x0000000083d00000, 0x0000000083d00000, 0x0000000083e00000|  0%| F|  |TAMS 0x0000000083d00000, 0x0000000083d00000| Untracked 
|  62|0x0000000083e00000, 0x0000000083e00000, 0x0000000083f00000|  0%| F|  |TAMS 0x0000000083e00000, 0x0000000083e00000| Untracked 
|  63|0x0000000083f00000, 0x0000000083f00000, 0x0000000084000000|  0%| F|  |TAMS 0x0000000083f00000, 0x0000000083f00000| Untracked 
|  64|0x0000000084000000, 0x0000000084000000, 0x0000000084100000|  0%| F|  |TAMS 0x0000000084000000, 0x0000000084000000| Untracked 
|  65|0x0000000084100000, 0x0000000084100000, 0x0000000084200000|  0%| F|  |TAMS 0x0000000084100000, 0x0000000084100000| Untracked 
|  66|0x0000000084200000, 0x0000000084200000, 0x0000000084300000|  0%| F|  |TAMS 0x0000000084200000, 0x0000000084200000| Untracked 
|  67|0x0000000084300000, 0x0000000084300000, 0x0000000084400000|  0%| F|  |TAMS 0x0000000084300000, 0x0000000084300000| Untracked 
|  68|0x0000000084400000, 0x0000000084400000, 0x0000000084500000|  0%| F|  |TAMS 0x0000000084400000, 0x0000000084400000| Untracked 
|  69|0x0000000084500000, 0x0000000084500000, 0x0000000084600000|  0%| F|  |TAMS 0x0000000084500000, 0x0000000084500000| Untracked 
|  70|0x0000000084600000, 0x0000000084600000, 0x0000000084700000|  0%| F|  |TAMS 0x0000000084600000, 0x0000000084600000| Untracked 
|  71|0x0000000084700000, 0x0000000084700000, 0x0000000084800000|  0%| F|  |TAMS 0x0000000084700000, 0x0000000084700000| Untracked 
|  72|0x0000000084800000, 0x0000000084800000, 0x0000000084900000|  0%| F|  |TAMS 0x0000000084800000, 0x0000000084800000| Untracked 
|  73|0x0000000084900000, 0x0000000084900000, 0x0000000084a00000|  0%| F|  |TAMS 0x0000000084900000, 0x0000000084900000| Untracked 
|  74|0x0000000084a00000, 0x0000000084a00000, 0x0000000084b00000|  0%| F|  |TAMS 0x0000000084a00000, 0x0000000084a00000| Untracked 
|  75|0x0000000084b00000, 0x0000000084b00000, 0x0000000084c00000|  0%| F|  |TAMS 0x0000000084b00000, 0x0000000084b00000| Untracked 
|  76|0x0000000084c00000, 0x0000000084c00000, 0x0000000084d00000|  0%| F|  |TAMS 0x0000000084c00000, 0x0000000084c00000| Untracked 
|  77|0x0000000084d00000, 0x0000000084d00000, 0x0000000084e00000|  0%| F|  |TAMS 0x0000000084d00000, 0x0000000084d00000| Untracked 
|  78|0x0000000084e00000, 0x0000000084e00000, 0x0000000084f00000|  0%| F|  |TAMS 0x0000000084e00000, 0x0000000084e00000| Untracked 
|  79|0x0000000084f00000, 0x0000000084f00000, 0x0000000085000000|  0%| F|  |TAMS 0x0000000084f00000, 0x0000000084f00000| Untracked 
|  80|0x0000000085000000, 0x0000000085000000, 0x0000000085100000|  0%| F|  |TAMS 0x0000000085000000, 0x0000000085000000| Untracked 
|  81|0x0000000085100000, 0x0000000085100000, 0x0000000085200000|  0%| F|  |TAMS 0x0000000085100000, 0x0000000085100000| Untracked 
|  82|0x0000000085200000, 0x0000000085200000, 0x0000000085300000|  0%| F|  |TAMS 0x0000000085200000, 0x0000000085200000| Untracked 
|  83|0x0000000085300000, 0x0000000085300000, 0x0000000085400000|  0%| F|  |TAMS 0x0000000085300000, 0x0000000085300000| Untracked 
|  84|0x0000000085400000, 0x0000000085400000, 0x0000000085500000|  0%| F|  |TAMS 0x0000000085400000, 0x0000000085400000| Untracked 
|  85|0x0000000085500000, 0x0000000085500000, 0x0000000085600000|  0%| F|  |TAMS 0x0000000085500000, 0x0000000085500000| Untracked 
|  86|0x0000000085600000, 0x0000000085600000, 0x0000000085700000|  0%| F|  |TAMS 0x0000000085600000, 0x0000000085600000| Untracked 
|  87|0x0000000085700000, 0x0000000085700000, 0x0000000085800000|  0%| F|  |TAMS 0x0000000085700000, 0x0000000085700000| Untracked 
|  88|0x0000000085800000, 0x0000000085800000, 0x0000000085900000|  0%| F|  |TAMS 0x0000000085800000, 0x0000000085800000| Untracked 
|  89|0x0000000085900000, 0x0000000085900000, 0x0000000085a00000|  0%| F|  |TAMS 0x0000000085900000, 0x0000000085900000| Untracked 
|  90|0x0000000085a00000, 0x0000000085a00000, 0x0000000085b00000|  0%| F|  |TAMS 0x0000000085a00000, 0x0000000085a00000| Untracked 
|  91|0x0000000085b00000, 0x0000000085b00000, 0x0000000085c00000|  0%| F|  |TAMS 0x0000000085b00000, 0x0000000085b00000| Untracked 
|  92|0x0000000085c00000, 0x0000000085c00000, 0x0000000085d00000|  0%| F|  |TAMS 0x0000000085c00000, 0x0000000085c00000| Untracked 
|  93|0x0000000085d00000, 0x0000000085d00000, 0x0000000085e00000|  0%| F|  |TAMS 0x0000000085d00000, 0x0000000085d00000| Untracked 
|  94|0x0000000085e00000, 0x0000000085e00000, 0x0000000085f00000|  0%| F|  |TAMS 0x0000000085e00000, 0x0000000085e00000| Untracked 
|  95|0x0000000085f00000, 0x0000000085f00000, 0x0000000086000000|  0%| F|  |TAMS 0x0000000085f00000, 0x0000000085f00000| Untracked 
|  96|0x0000000086000000, 0x0000000086000000, 0x0000000086100000|  0%| F|  |TAMS 0x0000000086000000, 0x0000000086000000| Untracked 
|  97|0x0000000086100000, 0x0000000086100000, 0x0000000086200000|  0%| F|  |TAMS 0x0000000086100000, 0x0000000086100000| Untracked 
|  98|0x0000000086200000, 0x0000000086200000, 0x0000000086300000|  0%| F|  |TAMS 0x0000000086200000, 0x0000000086200000| Untracked 
|  99|0x0000000086300000, 0x0000000086300000, 0x0000000086400000|  0%| F|  |TAMS 0x0000000086300000, 0x0000000086300000| Untracked 
| 100|0x0000000086400000, 0x0000000086400000, 0x0000000086500000|  0%| F|  |TAMS 0x0000000086400000, 0x0000000086400000| Untracked 
| 101|0x0000000086500000, 0x0000000086500000, 0x0000000086600000|  0%| F|  |TAMS 0x0000000086500000, 0x0000000086500000| Untracked 
| 102|0x0000000086600000, 0x0000000086600000, 0x0000000086700000|  0%| F|  |TAMS 0x0000000086600000, 0x0000000086600000| Untracked 
| 103|0x0000000086700000, 0x0000000086700000, 0x0000000086800000|  0%| F|  |TAMS 0x0000000086700000, 0x0000000086700000| Untracked 
| 104|0x0000000086800000, 0x0000000086800000, 0x0000000086900000|  0%| F|  |TAMS 0x0000000086800000, 0x0000000086800000| Untracked 
| 105|0x0000000086900000, 0x0000000086900000, 0x0000000086a00000|  0%| F|  |TAMS 0x0000000086900000, 0x0000000086900000| Untracked 
| 106|0x0000000086a00000, 0x0000000086a00000, 0x0000000086b00000|  0%| F|  |TAMS 0x0000000086a00000, 0x0000000086a00000| Untracked 
| 107|0x0000000086b00000, 0x0000000086b00000, 0x0000000086c00000|  0%| F|  |TAMS 0x0000000086b00000, 0x0000000086b00000| Untracked 
| 108|0x0000000086c00000, 0x0000000086c00000, 0x0000000086d00000|  0%| F|  |TAMS 0x0000000086c00000, 0x0000000086c00000| Untracked 
| 109|0x0000000086d00000, 0x0000000086d00000, 0x0000000086e00000|  0%| F|  |TAMS 0x0000000086d00000, 0x0000000086d00000| Untracked 
| 110|0x0000000086e00000, 0x0000000086e00000, 0x0000000086f00000|  0%| F|  |TAMS 0x0000000086e00000, 0x0000000086e00000| Untracked 
| 111|0x0000000086f00000, 0x0000000086f00000, 0x0000000087000000|  0%| F|  |TAMS 0x0000000086f00000, 0x0000000086f00000| Untracked 
| 112|0x0000000087000000, 0x0000000087000000, 0x0000000087100000|  0%| F|  |TAMS 0x0000000087000000, 0x0000000087000000| Untracked 
| 113|0x0000000087100000, 0x0000000087100000, 0x0000000087200000|  0%| F|  |TAMS 0x0000000087100000, 0x0000000087100000| Untracked 
| 114|0x0000000087200000, 0x0000000087200000, 0x0000000087300000|  0%| F|  |TAMS 0x0000000087200000, 0x0000000087200000| Untracked 
| 115|0x0000000087300000, 0x0000000087300000, 0x0000000087400000|  0%| F|  |TAMS 0x0000000087300000, 0x0000000087300000| Untracked 
| 116|0x0000000087400000, 0x0000000087400000, 0x0000000087500000|  0%| F|  |TAMS 0x0000000087400000, 0x0000000087400000| Untracked 
| 117|0x0000000087500000, 0x0000000087500000, 0x0000000087600000|  0%| F|  |TAMS 0x0000000087500000, 0x0000000087500000| Untracked 
| 118|0x0000000087600000, 0x0000000087600000, 0x0000000087700000|  0%| F|  |TAMS 0x0000000087600000, 0x0000000087600000| Untracked 
| 119|0x0000000087700000, 0x0000000087700000, 0x0000000087800000|  0%| F|  |TAMS 0x0000000087700000, 0x0000000087700000| Untracked 
| 120|0x0000000087800000, 0x0000000087800000, 0x0000000087900000|  0%| F|  |TAMS 0x0000000087800000, 0x0000000087800000| Untracked 
| 121|0x0000000087900000, 0x0000000087900000, 0x0000000087a00000|  0%| F|  |TAMS 0x0000000087900000, 0x0000000087900000| Untracked 
| 122|0x0000000087a00000, 0x0000000087a00000, 0x0000000087b00000|  0%| F|  |TAMS 0x0000000087a00000, 0x0000000087a00000| Untracked 
| 123|0x0000000087b00000, 0x0000000087b00000, 0x0000000087c00000|  0%| F|  |TAMS 0x0000000087b00000, 0x0000000087b00000| Untracked 
| 124|0x0000000087c00000, 0x0000000087c00000, 0x0000000087d00000|  0%| F|  |TAMS 0x0000000087c00000, 0x0000000087c00000| Untracked 
| 125|0x0000000087d00000, 0x0000000087d00000, 0x0000000087e00000|  0%| F|  |TAMS 0x0000000087d00000, 0x0000000087d00000| Untracked 
| 126|0x0000000087e00000, 0x0000000087e00000, 0x0000000087f00000|  0%| F|  |TAMS 0x0000000087e00000, 0x0000000087e00000| Untracked 
| 127|0x0000000087f00000, 0x0000000087f00000, 0x0000000088000000|  0%| F|  |TAMS 0x0000000087f00000, 0x0000000087f00000| Untracked 
| 128|0x0000000088000000, 0x0000000088000000, 0x0000000088100000|  0%| F|  |TAMS 0x0000000088000000, 0x0000000088000000| Untracked 
| 129|0x0000000088100000, 0x0000000088100000, 0x0000000088200000|  0%| F|  |TAMS 0x0000000088100000, 0x0000000088100000| Untracked 
| 130|0x0000000088200000, 0x0000000088200000, 0x0000000088300000|  0%| F|  |TAMS 0x0000000088200000, 0x0000000088200000| Untracked 
| 131|0x0000000088300000, 0x0000000088300000, 0x0000000088400000|  0%| F|  |TAMS 0x0000000088300000, 0x0000000088300000| Untracked 
| 132|0x0000000088400000, 0x0000000088400000, 0x0000000088500000|  0%| F|  |TAMS 0x0000000088400000, 0x0000000088400000| Untracked 
| 133|0x0000000088500000, 0x0000000088500000, 0x0000000088600000|  0%| F|  |TAMS 0x0000000088500000, 0x0000000088500000| Untracked 
| 134|0x0000000088600000, 0x0000000088600000, 0x0000000088700000|  0%| F|  |TAMS 0x0000000088600000, 0x0000000088600000| Untracked 
| 135|0x0000000088700000, 0x0000000088700000, 0x0000000088800000|  0%| F|  |TAMS 0x0000000088700000, 0x0000000088700000| Untracked 
| 136|0x0000000088800000, 0x0000000088800000, 0x0000000088900000|  0%| F|  |TAMS 0x0000000088800000, 0x0000000088800000| Untracked 
| 137|0x0000000088900000, 0x0000000088900000, 0x0000000088a00000|  0%| F|  |TAMS 0x0000000088900000, 0x0000000088900000| Untracked 
| 138|0x0000000088a00000, 0x0000000088a00000, 0x0000000088b00000|  0%| F|  |TAMS 0x0000000088a00000, 0x0000000088a00000| Untracked 
| 139|0x0000000088b00000, 0x0000000088b00000, 0x0000000088c00000|  0%| F|  |TAMS 0x0000000088b00000, 0x0000000088b00000| Untracked 
| 140|0x0000000088c00000, 0x0000000088c00000, 0x0000000088d00000|  0%| F|  |TAMS 0x0000000088c00000, 0x0000000088c00000| Untracked 
| 141|0x0000000088d00000, 0x0000000088d00000, 0x0000000088e00000|  0%| F|  |TAMS 0x0000000088d00000, 0x0000000088d00000| Untracked 
| 142|0x0000000088e00000, 0x0000000088ee8ed0, 0x0000000088f00000| 90%| S|CS|TAMS 0x0000000088e00000, 0x0000000088e00000| Complete 
| 143|0x0000000088f00000, 0x0000000089000000, 0x0000000089000000|100%| S|CS|TAMS 0x0000000088f00000, 0x0000000088f00000| Complete 
| 144|0x0000000089000000, 0x0000000089100000, 0x0000000089100000|100%| S|CS|TAMS 0x0000000089000000, 0x0000000089000000| Complete 
| 145|0x0000000089100000, 0x0000000089200000, 0x0000000089200000|100%| S|CS|TAMS 0x0000000089100000, 0x0000000089100000| Complete 
| 146|0x0000000089200000, 0x0000000089300000, 0x0000000089300000|100%| S|CS|TAMS 0x0000000089200000, 0x0000000089200000| Complete 
| 147|0x0000000089300000, 0x0000000089400000, 0x0000000089400000|100%| S|CS|TAMS 0x0000000089300000, 0x0000000089300000| Complete 
| 148|0x0000000089400000, 0x0000000089500000, 0x0000000089500000|100%| S|CS|TAMS 0x0000000089400000, 0x0000000089400000| Complete 
| 149|0x0000000089500000, 0x0000000089600000, 0x0000000089600000|100%| S|CS|TAMS 0x0000000089500000, 0x0000000089500000| Complete 
| 150|0x0000000089600000, 0x0000000089700000, 0x0000000089700000|100%| S|CS|TAMS 0x0000000089600000, 0x0000000089600000| Complete 
| 151|0x0000000089700000, 0x0000000089800000, 0x0000000089800000|100%| S|CS|TAMS 0x0000000089700000, 0x0000000089700000| Complete 
| 152|0x0000000089800000, 0x0000000089900000, 0x0000000089900000|100%| S|CS|TAMS 0x0000000089800000, 0x0000000089800000| Complete 
| 153|0x0000000089900000, 0x0000000089a00000, 0x0000000089a00000|100%| S|CS|TAMS 0x0000000089900000, 0x0000000089900000| Complete 
| 154|0x0000000089a00000, 0x0000000089b00000, 0x0000000089b00000|100%| S|CS|TAMS 0x0000000089a00000, 0x0000000089a00000| Complete 
| 155|0x0000000089b00000, 0x0000000089c00000, 0x0000000089c00000|100%| S|CS|TAMS 0x0000000089b00000, 0x0000000089b00000| Complete 
| 156|0x0000000089c00000, 0x0000000089d00000, 0x0000000089d00000|100%| S|CS|TAMS 0x0000000089c00000, 0x0000000089c00000| Complete 
| 157|0x0000000089d00000, 0x0000000089e00000, 0x0000000089e00000|100%| S|CS|TAMS 0x0000000089d00000, 0x0000000089d00000| Complete 
| 158|0x0000000089e00000, 0x0000000089f00000, 0x0000000089f00000|100%| S|CS|TAMS 0x0000000089e00000, 0x0000000089e00000| Complete 
| 159|0x0000000089f00000, 0x000000008a000000, 0x000000008a000000|100%| S|CS|TAMS 0x0000000089f00000, 0x0000000089f00000| Complete 
| 160|0x000000008a000000, 0x000000008a000000, 0x000000008a100000|  0%| F|  |TAMS 0x000000008a000000, 0x000000008a000000| Untracked 
| 161|0x000000008a100000, 0x000000008a100000, 0x000000008a200000|  0%| F|  |TAMS 0x000000008a100000, 0x000000008a100000| Untracked 
| 162|0x000000008a200000, 0x000000008a200000, 0x000000008a300000|  0%| F|  |TAMS 0x000000008a200000, 0x000000008a200000| Untracked 
| 163|0x000000008a300000, 0x000000008a300000, 0x000000008a400000|  0%| F|  |TAMS 0x000000008a300000, 0x000000008a300000| Untracked 
| 164|0x000000008a400000, 0x000000008a400000, 0x000000008a500000|  0%| F|  |TAMS 0x000000008a400000, 0x000000008a400000| Untracked 
| 165|0x000000008a500000, 0x000000008a500000, 0x000000008a600000|  0%| F|  |TAMS 0x000000008a500000, 0x000000008a500000| Untracked 
| 166|0x000000008a600000, 0x000000008a600000, 0x000000008a700000|  0%| F|  |TAMS 0x000000008a600000, 0x000000008a600000| Untracked 
| 167|0x000000008a700000, 0x000000008a700000, 0x000000008a800000|  0%| F|  |TAMS 0x000000008a700000, 0x000000008a700000| Untracked 
| 168|0x000000008a800000, 0x000000008a800000, 0x000000008a900000|  0%| F|  |TAMS 0x000000008a800000, 0x000000008a800000| Untracked 
| 169|0x000000008a900000, 0x000000008a900000, 0x000000008aa00000|  0%| F|  |TAMS 0x000000008a900000, 0x000000008a900000| Untracked 
| 170|0x000000008aa00000, 0x000000008aa00000, 0x000000008ab00000|  0%| F|  |TAMS 0x000000008aa00000, 0x000000008aa00000| Untracked 
| 171|0x000000008ab00000, 0x000000008ab00000, 0x000000008ac00000|  0%| F|  |TAMS 0x000000008ab00000, 0x000000008ab00000| Untracked 
| 172|0x000000008ac00000, 0x000000008ac00000, 0x000000008ad00000|  0%| F|  |TAMS 0x000000008ac00000, 0x000000008ac00000| Untracked 
| 173|0x000000008ad00000, 0x000000008ad00000, 0x000000008ae00000|  0%| F|  |TAMS 0x000000008ad00000, 0x000000008ad00000| Untracked 
| 174|0x000000008ae00000, 0x000000008ae00000, 0x000000008af00000|  0%| F|  |TAMS 0x000000008ae00000, 0x000000008ae00000| Untracked 
| 175|0x000000008af00000, 0x000000008af00000, 0x000000008b000000|  0%| F|  |TAMS 0x000000008af00000, 0x000000008af00000| Untracked 
| 176|0x000000008b000000, 0x000000008b000000, 0x000000008b100000|  0%| F|  |TAMS 0x000000008b000000, 0x000000008b000000| Untracked 
| 177|0x000000008b100000, 0x000000008b100000, 0x000000008b200000|  0%| F|  |TAMS 0x000000008b100000, 0x000000008b100000| Untracked 
| 178|0x000000008b200000, 0x000000008b200000, 0x000000008b300000|  0%| F|  |TAMS 0x000000008b200000, 0x000000008b200000| Untracked 
| 179|0x000000008b300000, 0x000000008b300000, 0x000000008b400000|  0%| F|  |TAMS 0x000000008b300000, 0x000000008b300000| Untracked 
| 180|0x000000008b400000, 0x000000008b400000, 0x000000008b500000|  0%| F|  |TAMS 0x000000008b400000, 0x000000008b400000| Untracked 
| 181|0x000000008b500000, 0x000000008b500000, 0x000000008b600000|  0%| F|  |TAMS 0x000000008b500000, 0x000000008b500000| Untracked 
| 182|0x000000008b600000, 0x000000008b600000, 0x000000008b700000|  0%| F|  |TAMS 0x000000008b600000, 0x000000008b600000| Untracked 
| 183|0x000000008b700000, 0x000000008b700000, 0x000000008b800000|  0%| F|  |TAMS 0x000000008b700000, 0x000000008b700000| Untracked 
| 184|0x000000008b800000, 0x000000008b800000, 0x000000008b900000|  0%| F|  |TAMS 0x000000008b800000, 0x000000008b800000| Untracked 
| 185|0x000000008b900000, 0x000000008b900000, 0x000000008ba00000|  0%| F|  |TAMS 0x000000008b900000, 0x000000008b900000| Untracked 
| 186|0x000000008ba00000, 0x000000008ba00000, 0x000000008bb00000|  0%| F|  |TAMS 0x000000008ba00000, 0x000000008ba00000| Untracked 
| 187|0x000000008bb00000, 0x000000008bb00000, 0x000000008bc00000|  0%| F|  |TAMS 0x000000008bb00000, 0x000000008bb00000| Untracked 
| 188|0x000000008bc00000, 0x000000008bc00000, 0x000000008bd00000|  0%| F|  |TAMS 0x000000008bc00000, 0x000000008bc00000| Untracked 
| 189|0x000000008bd00000, 0x000000008bd00000, 0x000000008be00000|  0%| F|  |TAMS 0x000000008bd00000, 0x000000008bd00000| Untracked 
| 190|0x000000008be00000, 0x000000008be00000, 0x000000008bf00000|  0%| F|  |TAMS 0x000000008be00000, 0x000000008be00000| Untracked 
| 191|0x000000008bf00000, 0x000000008bf00000, 0x000000008c000000|  0%| F|  |TAMS 0x000000008bf00000, 0x000000008bf00000| Untracked 
| 192|0x000000008c000000, 0x000000008c000000, 0x000000008c100000|  0%| F|  |TAMS 0x000000008c000000, 0x000000008c000000| Untracked 
| 193|0x000000008c100000, 0x000000008c100000, 0x000000008c200000|  0%| F|  |TAMS 0x000000008c100000, 0x000000008c100000| Untracked 
| 194|0x000000008c200000, 0x000000008c200000, 0x000000008c300000|  0%| F|  |TAMS 0x000000008c200000, 0x000000008c200000| Untracked 
| 195|0x000000008c300000, 0x000000008c300000, 0x000000008c400000|  0%| F|  |TAMS 0x000000008c300000, 0x000000008c300000| Untracked 
| 196|0x000000008c400000, 0x000000008c400000, 0x000000008c500000|  0%| F|  |TAMS 0x000000008c400000, 0x000000008c400000| Untracked 
| 197|0x000000008c500000, 0x000000008c500000, 0x000000008c600000|  0%| F|  |TAMS 0x000000008c500000, 0x000000008c500000| Untracked 
| 198|0x000000008c600000, 0x000000008c600000, 0x000000008c700000|  0%| F|  |TAMS 0x000000008c600000, 0x000000008c600000| Untracked 
| 199|0x000000008c700000, 0x000000008c700000, 0x000000008c800000|  0%| F|  |TAMS 0x000000008c700000, 0x000000008c700000| Untracked 
| 200|0x000000008c800000, 0x000000008c800000, 0x000000008c900000|  0%| F|  |TAMS 0x000000008c800000, 0x000000008c800000| Untracked 
| 201|0x000000008c900000, 0x000000008c900000, 0x000000008ca00000|  0%| F|  |TAMS 0x000000008c900000, 0x000000008c900000| Untracked 
| 202|0x000000008ca00000, 0x000000008ca00000, 0x000000008cb00000|  0%| F|  |TAMS 0x000000008ca00000, 0x000000008ca00000| Untracked 
| 203|0x000000008cb00000, 0x000000008cb00000, 0x000000008cc00000|  0%| F|  |TAMS 0x000000008cb00000, 0x000000008cb00000| Untracked 
| 204|0x000000008cc00000, 0x000000008cc00000, 0x000000008cd00000|  0%| F|  |TAMS 0x000000008cc00000, 0x000000008cc00000| Untracked 
| 205|0x000000008cd00000, 0x000000008cd00000, 0x000000008ce00000|  0%| F|  |TAMS 0x000000008cd00000, 0x000000008cd00000| Untracked 
| 206|0x000000008ce00000, 0x000000008ce00000, 0x000000008cf00000|  0%| F|  |TAMS 0x000000008ce00000, 0x000000008ce00000| Untracked 
| 207|0x000000008cf00000, 0x000000008cf00000, 0x000000008d000000|  0%| F|  |TAMS 0x000000008cf00000, 0x000000008cf00000| Untracked 
| 208|0x000000008d000000, 0x000000008d000000, 0x000000008d100000|  0%| F|  |TAMS 0x000000008d000000, 0x000000008d000000| Untracked 
| 209|0x000000008d100000, 0x000000008d100000, 0x000000008d200000|  0%| F|  |TAMS 0x000000008d100000, 0x000000008d100000| Untracked 
| 210|0x000000008d200000, 0x000000008d200000, 0x000000008d300000|  0%| F|  |TAMS 0x000000008d200000, 0x000000008d200000| Untracked 
| 211|0x000000008d300000, 0x000000008d300000, 0x000000008d400000|  0%| F|  |TAMS 0x000000008d300000, 0x000000008d300000| Untracked 
| 212|0x000000008d400000, 0x000000008d400000, 0x000000008d500000|  0%| F|  |TAMS 0x000000008d400000, 0x000000008d400000| Untracked 
| 213|0x000000008d500000, 0x000000008d500000, 0x000000008d600000|  0%| F|  |TAMS 0x000000008d500000, 0x000000008d500000| Untracked 
| 214|0x000000008d600000, 0x000000008d600000, 0x000000008d700000|  0%| F|  |TAMS 0x000000008d600000, 0x000000008d600000| Untracked 
| 215|0x000000008d700000, 0x000000008d700000, 0x000000008d800000|  0%| F|  |TAMS 0x000000008d700000, 0x000000008d700000| Untracked 
| 216|0x000000008d800000, 0x000000008d800000, 0x000000008d900000|  0%| F|  |TAMS 0x000000008d800000, 0x000000008d800000| Untracked 
| 217|0x000000008d900000, 0x000000008d900000, 0x000000008da00000|  0%| F|  |TAMS 0x000000008d900000, 0x000000008d900000| Untracked 
| 218|0x000000008da00000, 0x000000008da00000, 0x000000008db00000|  0%| F|  |TAMS 0x000000008da00000, 0x000000008da00000| Untracked 
| 219|0x000000008db00000, 0x000000008db00000, 0x000000008dc00000|  0%| F|  |TAMS 0x000000008db00000, 0x000000008db00000| Untracked 
| 220|0x000000008dc00000, 0x000000008dc00000, 0x000000008dd00000|  0%| F|  |TAMS 0x000000008dc00000, 0x000000008dc00000| Untracked 
| 221|0x000000008dd00000, 0x000000008dd00000, 0x000000008de00000|  0%| F|  |TAMS 0x000000008dd00000, 0x000000008dd00000| Untracked 
| 222|0x000000008de00000, 0x000000008de00000, 0x000000008df00000|  0%| F|  |TAMS 0x000000008de00000, 0x000000008de00000| Untracked 
| 223|0x000000008df00000, 0x000000008df00000, 0x000000008e000000|  0%| F|  |TAMS 0x000000008df00000, 0x000000008df00000| Untracked 
| 224|0x000000008e000000, 0x000000008e000000, 0x000000008e100000|  0%| F|  |TAMS 0x000000008e000000, 0x000000008e000000| Untracked 
| 225|0x000000008e100000, 0x000000008e100000, 0x000000008e200000|  0%| F|  |TAMS 0x000000008e100000, 0x000000008e100000| Untracked 
| 226|0x000000008e200000, 0x000000008e200000, 0x000000008e300000|  0%| F|  |TAMS 0x000000008e200000, 0x000000008e200000| Untracked 
| 227|0x000000008e300000, 0x000000008e300000, 0x000000008e400000|  0%| F|  |TAMS 0x000000008e300000, 0x000000008e300000| Untracked 
| 228|0x000000008e400000, 0x000000008e4f30e8, 0x000000008e500000| 94%| E|  |TAMS 0x000000008e400000, 0x000000008e400000| Complete 
| 229|0x000000008e500000, 0x000000008e600000, 0x000000008e600000|100%| E|CS|TAMS 0x000000008e500000, 0x000000008e500000| Complete 
| 230|0x000000008e600000, 0x000000008e700000, 0x000000008e700000|100%| E|CS|TAMS 0x000000008e600000, 0x000000008e600000| Complete 
| 231|0x000000008e700000, 0x000000008e800000, 0x000000008e800000|100%| E|CS|TAMS 0x000000008e700000, 0x000000008e700000| Complete 
| 232|0x000000008e800000, 0x000000008e900000, 0x000000008e900000|100%| E|CS|TAMS 0x000000008e800000, 0x000000008e800000| Complete 
| 233|0x000000008e900000, 0x000000008ea00000, 0x000000008ea00000|100%| E|CS|TAMS 0x000000008e900000, 0x000000008e900000| Complete 
| 234|0x000000008ea00000, 0x000000008eb00000, 0x000000008eb00000|100%| E|CS|TAMS 0x000000008ea00000, 0x000000008ea00000| Complete 
| 235|0x000000008eb00000, 0x000000008ec00000, 0x000000008ec00000|100%| E|CS|TAMS 0x000000008eb00000, 0x000000008eb00000| Complete 
| 236|0x000000008ec00000, 0x000000008ed00000, 0x000000008ed00000|100%| E|CS|TAMS 0x000000008ec00000, 0x000000008ec00000| Complete 
| 237|0x000000008ed00000, 0x000000008ee00000, 0x000000008ee00000|100%| E|CS|TAMS 0x000000008ed00000, 0x000000008ed00000| Complete 
| 238|0x000000008ee00000, 0x000000008ef00000, 0x000000008ef00000|100%| E|CS|TAMS 0x000000008ee00000, 0x000000008ee00000| Complete 
| 239|0x000000008ef00000, 0x000000008f000000, 0x000000008f000000|100%| E|CS|TAMS 0x000000008ef00000, 0x000000008ef00000| Complete 
| 240|0x000000008f000000, 0x000000008f100000, 0x000000008f100000|100%| E|CS|TAMS 0x000000008f000000, 0x000000008f000000| Complete 
| 241|0x000000008f100000, 0x000000008f200000, 0x000000008f200000|100%| E|CS|TAMS 0x000000008f100000, 0x000000008f100000| Complete 
| 242|0x000000008f200000, 0x000000008f300000, 0x000000008f300000|100%| E|CS|TAMS 0x000000008f200000, 0x000000008f200000| Complete 
| 243|0x000000008f300000, 0x000000008f400000, 0x000000008f400000|100%| E|CS|TAMS 0x000000008f300000, 0x000000008f300000| Complete 
| 244|0x000000008f400000, 0x000000008f500000, 0x000000008f500000|100%| E|CS|TAMS 0x000000008f400000, 0x000000008f400000| Complete 
| 245|0x000000008f500000, 0x000000008f600000, 0x000000008f600000|100%| E|CS|TAMS 0x000000008f500000, 0x000000008f500000| Complete 
| 246|0x000000008f600000, 0x000000008f700000, 0x000000008f700000|100%| E|CS|TAMS 0x000000008f600000, 0x000000008f600000| Complete 
| 247|0x000000008f700000, 0x000000008f800000, 0x000000008f800000|100%| E|CS|TAMS 0x000000008f700000, 0x000000008f700000| Complete 
| 248|0x000000008f800000, 0x000000008f900000, 0x000000008f900000|100%| E|CS|TAMS 0x000000008f800000, 0x000000008f800000| Complete 
| 249|0x000000008f900000, 0x000000008fa00000, 0x000000008fa00000|100%| E|CS|TAMS 0x000000008f900000, 0x000000008f900000| Complete 
| 250|0x000000008fa00000, 0x000000008fb00000, 0x000000008fb00000|100%| E|CS|TAMS 0x000000008fa00000, 0x000000008fa00000| Complete 
| 251|0x000000008fb00000, 0x000000008fc00000, 0x000000008fc00000|100%| E|  |TAMS 0x000000008fb00000, 0x000000008fb00000| Complete 
| 252|0x000000008fc00000, 0x000000008fd00000, 0x000000008fd00000|100%| E|CS|TAMS 0x000000008fc00000, 0x000000008fc00000| Complete 
| 253|0x000000008fd00000, 0x000000008fe00000, 0x000000008fe00000|100%| E|CS|TAMS 0x000000008fd00000, 0x000000008fd00000| Complete 
| 254|0x000000008fe00000, 0x000000008ff00000, 0x000000008ff00000|100%| E|CS|TAMS 0x000000008fe00000, 0x000000008fe00000| Complete 
| 255|0x000000008ff00000, 0x0000000090000000, 0x0000000090000000|100%| E|CS|TAMS 0x000000008ff00000, 0x000000008ff00000| Complete 
| 256|0x0000000090000000, 0x0000000090100000, 0x0000000090100000|100%| E|CS|TAMS 0x0000000090000000, 0x0000000090000000| Complete 
| 257|0x0000000090100000, 0x0000000090200000, 0x0000000090200000|100%| E|CS|TAMS 0x0000000090100000, 0x0000000090100000| Complete 
| 258|0x0000000090200000, 0x0000000090300000, 0x0000000090300000|100%| E|CS|TAMS 0x0000000090200000, 0x0000000090200000| Complete 
| 259|0x0000000090300000, 0x0000000090400000, 0x0000000090400000|100%| E|CS|TAMS 0x0000000090300000, 0x0000000090300000| Complete 
| 260|0x0000000090400000, 0x0000000090500000, 0x0000000090500000|100%| E|CS|TAMS 0x0000000090400000, 0x0000000090400000| Complete 
| 261|0x0000000090500000, 0x0000000090600000, 0x0000000090600000|100%| E|CS|TAMS 0x0000000090500000, 0x0000000090500000| Complete 
| 262|0x0000000090600000, 0x0000000090700000, 0x0000000090700000|100%| E|CS|TAMS 0x0000000090600000, 0x0000000090600000| Complete 
| 263|0x0000000090700000, 0x0000000090800000, 0x0000000090800000|100%| E|CS|TAMS 0x0000000090700000, 0x0000000090700000| Complete 
| 264|0x0000000090800000, 0x0000000090900000, 0x0000000090900000|100%| E|CS|TAMS 0x0000000090800000, 0x0000000090800000| Complete 
| 265|0x0000000090900000, 0x0000000090a00000, 0x0000000090a00000|100%| E|CS|TAMS 0x0000000090900000, 0x0000000090900000| Complete 
| 266|0x0000000090a00000, 0x0000000090b00000, 0x0000000090b00000|100%| E|CS|TAMS 0x0000000090a00000, 0x0000000090a00000| Complete 
| 267|0x0000000090b00000, 0x0000000090c00000, 0x0000000090c00000|100%| E|CS|TAMS 0x0000000090b00000, 0x0000000090b00000| Complete 
| 268|0x0000000090c00000, 0x0000000090d00000, 0x0000000090d00000|100%| E|CS|TAMS 0x0000000090c00000, 0x0000000090c00000| Complete 
| 269|0x0000000090d00000, 0x0000000090e00000, 0x0000000090e00000|100%| E|CS|TAMS 0x0000000090d00000, 0x0000000090d00000| Complete 
| 270|0x0000000090e00000, 0x0000000090f00000, 0x0000000090f00000|100%| E|CS|TAMS 0x0000000090e00000, 0x0000000090e00000| Complete 
| 271|0x0000000090f00000, 0x0000000091000000, 0x0000000091000000|100%| E|CS|TAMS 0x0000000090f00000, 0x0000000090f00000| Complete 
| 272|0x0000000091000000, 0x0000000091100000, 0x0000000091100000|100%| E|CS|TAMS 0x0000000091000000, 0x0000000091000000| Complete 
| 273|0x0000000091100000, 0x0000000091200000, 0x0000000091200000|100%| E|CS|TAMS 0x0000000091100000, 0x0000000091100000| Complete 
| 274|0x0000000091200000, 0x0000000091300000, 0x0000000091300000|100%| E|CS|TAMS 0x0000000091200000, 0x0000000091200000| Complete 
| 275|0x0000000091300000, 0x0000000091400000, 0x0000000091400000|100%| E|CS|TAMS 0x0000000091300000, 0x0000000091300000| Complete 
| 276|0x0000000091400000, 0x0000000091500000, 0x0000000091500000|100%| E|CS|TAMS 0x0000000091400000, 0x0000000091400000| Complete 
| 277|0x0000000091500000, 0x0000000091600000, 0x0000000091600000|100%| E|CS|TAMS 0x0000000091500000, 0x0000000091500000| Complete 
| 278|0x0000000091600000, 0x0000000091700000, 0x0000000091700000|100%| E|CS|TAMS 0x0000000091600000, 0x0000000091600000| Complete 
| 279|0x0000000091700000, 0x0000000091800000, 0x0000000091800000|100%| E|CS|TAMS 0x0000000091700000, 0x0000000091700000| Complete 
| 280|0x0000000091800000, 0x0000000091900000, 0x0000000091900000|100%| E|CS|TAMS 0x0000000091800000, 0x0000000091800000| Complete 
| 281|0x0000000091900000, 0x0000000091a00000, 0x0000000091a00000|100%| E|CS|TAMS 0x0000000091900000, 0x0000000091900000| Complete 
| 282|0x0000000091a00000, 0x0000000091b00000, 0x0000000091b00000|100%| E|CS|TAMS 0x0000000091a00000, 0x0000000091a00000| Complete 
| 283|0x0000000091b00000, 0x0000000091c00000, 0x0000000091c00000|100%| E|CS|TAMS 0x0000000091b00000, 0x0000000091b00000| Complete 
| 284|0x0000000091c00000, 0x0000000091d00000, 0x0000000091d00000|100%| E|CS|TAMS 0x0000000091c00000, 0x0000000091c00000| Complete 
| 285|0x0000000091d00000, 0x0000000091e00000, 0x0000000091e00000|100%| E|CS|TAMS 0x0000000091d00000, 0x0000000091d00000| Complete 
| 286|0x0000000091e00000, 0x0000000091f00000, 0x0000000091f00000|100%| E|CS|TAMS 0x0000000091e00000, 0x0000000091e00000| Complete 
| 287|0x0000000091f00000, 0x0000000092000000, 0x0000000092000000|100%| E|CS|TAMS 0x0000000091f00000, 0x0000000091f00000| Complete 
| 288|0x0000000092000000, 0x0000000092100000, 0x0000000092100000|100%| E|CS|TAMS 0x0000000092000000, 0x0000000092000000| Complete 
| 289|0x0000000092100000, 0x0000000092200000, 0x0000000092200000|100%| E|CS|TAMS 0x0000000092100000, 0x0000000092100000| Complete 
| 290|0x0000000092200000, 0x0000000092300000, 0x0000000092300000|100%| E|CS|TAMS 0x0000000092200000, 0x0000000092200000| Complete 
| 291|0x0000000092300000, 0x0000000092400000, 0x0000000092400000|100%| E|CS|TAMS 0x0000000092300000, 0x0000000092300000| Complete 
| 292|0x0000000092400000, 0x0000000092500000, 0x0000000092500000|100%| E|CS|TAMS 0x0000000092400000, 0x0000000092400000| Complete 
| 293|0x0000000092500000, 0x0000000092600000, 0x0000000092600000|100%| E|CS|TAMS 0x0000000092500000, 0x0000000092500000| Complete 
| 294|0x0000000092600000, 0x0000000092700000, 0x0000000092700000|100%| E|CS|TAMS 0x0000000092600000, 0x0000000092600000| Complete 
| 295|0x0000000092700000, 0x0000000092800000, 0x0000000092800000|100%| E|CS|TAMS 0x0000000092700000, 0x0000000092700000| Complete 
| 296|0x0000000092800000, 0x0000000092900000, 0x0000000092900000|100%| E|CS|TAMS 0x0000000092800000, 0x0000000092800000| Complete 
| 297|0x0000000092900000, 0x0000000092a00000, 0x0000000092a00000|100%| E|CS|TAMS 0x0000000092900000, 0x0000000092900000| Complete 
| 298|0x0000000092a00000, 0x0000000092b00000, 0x0000000092b00000|100%| E|CS|TAMS 0x0000000092a00000, 0x0000000092a00000| Complete 
| 299|0x0000000092b00000, 0x0000000092c00000, 0x0000000092c00000|100%| E|CS|TAMS 0x0000000092b00000, 0x0000000092b00000| Complete 
| 300|0x0000000092c00000, 0x0000000092d00000, 0x0000000092d00000|100%| E|CS|TAMS 0x0000000092c00000, 0x0000000092c00000| Complete 
| 301|0x0000000092d00000, 0x0000000092e00000, 0x0000000092e00000|100%| E|CS|TAMS 0x0000000092d00000, 0x0000000092d00000| Complete 
| 302|0x0000000092e00000, 0x0000000092f00000, 0x0000000092f00000|100%| E|CS|TAMS 0x0000000092e00000, 0x0000000092e00000| Complete 
| 303|0x0000000092f00000, 0x0000000093000000, 0x0000000093000000|100%| E|CS|TAMS 0x0000000092f00000, 0x0000000092f00000| Complete 
| 304|0x0000000093000000, 0x0000000093100000, 0x0000000093100000|100%| E|CS|TAMS 0x0000000093000000, 0x0000000093000000| Complete 

Card table byte_map: [0x000001ab776e0000,0x000001ab77ae0000] _byte_map_base: 0x000001ab772e0000

Marking Bits (Prev, Next): (CMBitMap*) 0x000001ab64802da0, (CMBitMap*) 0x000001ab64802d68
 Prev Bits: [0x000001ab79ee0000, 0x000001ab7bee0000)
 Next Bits: [0x000001ab77ee0000, 0x000001ab79ee0000)

Polling page: 0x000001ab63f90000

Metaspace:

Usage:
  Non-class:     74.56 MB capacity,    73.08 MB ( 98%) used,     1.25 MB (  2%) free+waste,   237.12 KB ( <1%) overhead. 
      Class:     11.61 MB capacity,    10.87 MB ( 94%) used,   649.59 KB (  5%) free+waste,   109.38 KB ( <1%) overhead. 
       Both:     86.17 MB capacity,    83.95 MB ( 97%) used,     1.89 MB (  2%) free+waste,   346.50 KB ( <1%) overhead. 

Virtual space:
  Non-class space:       76.00 MB reserved,      74.75 MB ( 98%) committed 
      Class space:        1.00 GB reserved,      11.70 MB (  1%) committed 
             Both:        1.07 GB reserved,      86.45 MB (  8%) committed 

Chunk freelists:
   Non-Class:  7.00 KB
       Class:  14.00 KB
        Both:  21.00 KB

MaxMetaspaceSize: 17179869184.00 GB
CompressedClassSpaceSize: 1.00 GB
Initial GC threshold: 20.80 MB
Current GC threshold: 137.21 MB
CDS: off

CodeHeap 'non-profiled nmethods': size=120064Kb used=4773Kb max_used=4773Kb free=115290Kb
 bounds [0x000001ab6fda0000, 0x000001ab70250000, 0x000001ab772e0000]
CodeHeap 'profiled nmethods': size=120000Kb used=18010Kb max_used=18010Kb free=101989Kb
 bounds [0x000001ab68870000, 0x000001ab69a10000, 0x000001ab6fda0000]
CodeHeap 'non-nmethods': size=5696Kb used=2367Kb max_used=2411Kb free=3328Kb
 bounds [0x000001ab682e0000, 0x000001ab68550000, 0x000001ab68870000]
 total_blobs=9417 nmethods=8527 adapters=803
 compilation: enabled
              stopped_count=0, restarted_count=0
 full_count=0

Compilation events (20 events):
Event: 19.648 Thread 0x000001ab7eef6800 8576       4       java.io.ObjectOutputStream$BlockDataOutputStream::writeBytes (144 bytes)
Event: 19.648 Thread 0x000001ab7ecdd800 nmethod 8573 0x000001ab70246310 code [0x000001ab702464c0, 0x000001ab70246578]
Event: 19.648 Thread 0x000001ab7ecdd800 8574       3       java.io.Bits::putInt (36 bytes)
Event: 19.648 Thread 0x000001ab7ecdd800 nmethod 8574 0x000001ab699fd410 code [0x000001ab699fd5c0, 0x000001ab699fd758]
Event: 19.648 Thread 0x000001ab7ecdd800 8575   !   3       java.io.ObjectOutputStream::writeOrdinaryObject (175 bytes)
Event: 19.649 Thread 0x000001ab7ecdd800 nmethod 8575 0x000001ab699fd890 code [0x000001ab699fdb80, 0x000001ab699fe828]
Event: 19.649 Thread 0x000001ab7ecdd800 8577       3       java.io.ObjectStreamField::getTypeString (16 bytes)
Event: 19.649 Thread 0x000001ab7ecdd800 nmethod 8577 0x000001ab699ff090 code [0x000001ab699ff2c0, 0x000001ab699ff938]
Event: 19.650 Thread 0x000001ab7ecdd800 8578       3       java.io.ObjectOutputStream::writeTypeString (40 bytes)
Event: 19.650 Thread 0x000001ab7ecdd800 nmethod 8578 0x000001ab699ffb90 code [0x000001ab699ffda0, 0x000001ab69a00188]
Event: 19.651 Thread 0x000001ab7eccf000 8579       4       com.google.common.collect.ImmutableMap$Builder::put (35 bytes)
Event: 19.656 Thread 0x000001ab7eef6800 nmethod 8576 0x000001ab70246610 code [0x000001ab702467c0, 0x000001ab70246de8]
Event: 19.659 Thread 0x000001ab7ecdd800 8580       3       org.gradle.internal.hash.Hashing::newHasher (9 bytes)
Event: 19.659 Thread 0x000001ab7eccf000 nmethod 8579 0x000001ab70247290 code [0x000001ab70247440, 0x000001ab70247b18]
Event: 19.659 Thread 0x000001ab7ecdd800 nmethod 8580 0x000001ab69a00390 code [0x000001ab69a00600, 0x000001ab69a01178]
Event: 19.660 Thread 0x000001ab7eef6800 8581       4       jdk.internal.org.objectweb.asm.ClassWriter::newNameTypeItem (71 bytes)
Event: 19.663 Thread 0x000001ab7ecdd800 8582       1       com.google.common.collect.ImmutableSortedSet::comparator (5 bytes)
Event: 19.663 Thread 0x000001ab7ecdd800 nmethod 8582 0x000001ab70247e10 code [0x000001ab70247fc0, 0x000001ab70248078]
Event: 19.663 Thread 0x000001ab7ecdd800 8583       3       org.gradle.internal.hash.HashCode$HashCode128::equals (57 bytes)
Event: 19.664 Thread 0x000001ab7ecdd800 nmethod 8583 0x000001ab69a01590 code [0x000001ab69a01760, 0x000001ab69a01af8]

GC Heap History (20 events):
Event: 1.843 GC heap before
{Heap before GC invocations=1 (full 0):
 garbage-first heap   total 260096K, used 99172K [0x0000000080000000, 0x0000000100000000)
  region size 1024K, 91 young (93184K), 2 survivors (2048K)
 Metaspace       used 19312K, capacity 19740K, committed 19840K, reserved 1067008K
  class space    used 2276K, capacity 2417K, committed 2432K, reserved 1048576K
}
Event: 1.851 GC heap after
{Heap after GC invocations=2 (full 0):
 garbage-first heap   total 260096K, used 16228K [0x0000000080000000, 0x0000000100000000)
  region size 1024K, 11 young (11264K), 11 survivors (11264K)
 Metaspace       used 19312K, capacity 19740K, committed 19840K, reserved 1067008K
  class space    used 2276K, capacity 2417K, committed 2432K, reserved 1048576K
}
Event: 1.955 GC heap before
{Heap before GC invocations=2 (full 0):
 garbage-first heap   total 260096K, used 32612K [0x0000000080000000, 0x0000000100000000)
  region size 1024K, 28 young (28672K), 11 survivors (11264K)
 Metaspace       used 20822K, capacity 21149K, committed 21296K, reserved 1069056K
  class space    used 2505K, capacity 2651K, committed 2688K, reserved 1048576K
}
Event: 1.962 GC heap after
{Heap after GC invocations=3 (full 0):
 garbage-first heap   total 260096K, used 17260K [0x0000000080000000, 0x0000000100000000)
  region size 1024K, 1 young (1024K), 1 survivors (1024K)
 Metaspace       used 20822K, capacity 21149K, committed 21296K, reserved 1069056K
  class space    used 2505K, capacity 2651K, committed 2688K, reserved 1048576K
}
Event: 2.321 GC heap before
{Heap before GC invocations=4 (full 0):
 garbage-first heap   total 260096K, used 60268K [0x0000000080000000, 0x0000000100000000)
  region size 1024K, 43 young (44032K), 1 survivors (1024K)
 Metaspace       used 25245K, capacity 25839K, committed 25904K, reserved 1071104K
  class space    used 3222K, capacity 3414K, committed 3456K, reserved 1048576K
}
Event: 2.324 GC heap after
{Heap after GC invocations=5 (full 0):
 garbage-first heap   total 260096K, used 18604K [0x0000000080000000, 0x0000000100000000)
  region size 1024K, 3 young (3072K), 3 survivors (3072K)
 Metaspace       used 25245K, capacity 25839K, committed 25904K, reserved 1071104K
  class space    used 3222K, capacity 3414K, committed 3456K, reserved 1048576K
}
Event: 2.932 GC heap before
{Heap before GC invocations=5 (full 0):
 garbage-first heap   total 260096K, used 80044K [0x0000000080000000, 0x0000000100000000)
  region size 1024K, 63 young (64512K), 3 survivors (3072K)
 Metaspace       used 31165K, capacity 31895K, committed 32048K, reserved 1077248K
  class space    used 4172K, capacity 4461K, committed 4480K, reserved 1048576K
}
Event: 2.936 GC heap after
{Heap after GC invocations=6 (full 0):
 garbage-first heap   total 260096K, used 20263K [0x0000000080000000, 0x0000000100000000)
  region size 1024K, 4 young (4096K), 4 survivors (4096K)
 Metaspace       used 31165K, capacity 31895K, committed 32048K, reserved 1077248K
  class space    used 4172K, capacity 4461K, committed 4480K, reserved 1048576K
}
Event: 3.190 GC heap before
{Heap before GC invocations=6 (full 0):
 garbage-first heap   total 260096K, used 36647K [0x0000000080000000, 0x0000000100000000)
  region size 1024K, 21 young (21504K), 4 survivors (4096K)
 Metaspace       used 34934K, capacity 35729K, committed 35888K, reserved 1081344K
  class space    used 4555K, capacity 4889K, committed 4992K, reserved 1048576K
}
Event: 3.199 GC heap after
{Heap after GC invocations=7 (full 0):
 garbage-first heap   total 260096K, used 22477K [0x0000000080000000, 0x0000000100000000)
  region size 1024K, 6 young (6144K), 6 survivors (6144K)
 Metaspace       used 34934K, capacity 35729K, committed 35888K, reserved 1081344K
  class space    used 4555K, capacity 4889K, committed 4992K, reserved 1048576K
}
Event: 3.939 GC heap before
{Heap before GC invocations=8 (full 0):
 garbage-first heap   total 260096K, used 108493K [0x0000000080000000, 0x0000000100000000)
  region size 1024K, 87 young (89088K), 6 survivors (6144K)
 Metaspace       used 41841K, capacity 42920K, committed 43240K, reserved 1087488K
  class space    used 5315K, capacity 5681K, committed 5760K, reserved 1048576K
}
Event: 3.951 GC heap after
{Heap after GC invocations=9 (full 0):
 garbage-first heap   total 260096K, used 29144K [0x0000000080000000, 0x0000000100000000)
  region size 1024K, 11 young (11264K), 11 survivors (11264K)
 Metaspace       used 41841K, capacity 42920K, committed 43240K, reserved 1087488K
  class space    used 5315K, capacity 5681K, committed 5760K, reserved 1048576K
}
Event: 4.920 GC heap before
{Heap before GC invocations=10 (full 0):
 garbage-first heap   total 260096K, used 130520K [0x0000000080000000, 0x0000000100000000)
  region size 1024K, 110 young (112640K), 11 survivors (11264K)
 Metaspace       used 49180K, capacity 50522K, committed 50664K, reserved 1093632K
  class space    used 6248K, capacity 6711K, committed 6784K, reserved 1048576K
}
Event: 4.934 GC heap after
{Heap after GC invocations=11 (full 0):
 garbage-first heap   total 260096K, used 34732K [0x0000000080000000, 0x0000000100000000)
  region size 1024K, 12 young (12288K), 12 survivors (12288K)
 Metaspace       used 49180K, capacity 50522K, committed 50664K, reserved 1093632K
  class space    used 6248K, capacity 6711K, committed 6784K, reserved 1048576K
}
Event: 6.105 GC heap before
{Heap before GC invocations=11 (full 0):
 garbage-first heap   total 260096K, used 150444K [0x0000000080000000, 0x0000000100000000)
  region size 1024K, 119 young (121856K), 12 survivors (12288K)
 Metaspace       used 62714K, capacity 64428K, committed 64744K, reserved 1105920K
  class space    used 7887K, capacity 8495K, committed 8576K, reserved 1048576K
}
Event: 6.124 GC heap after
{Heap after GC invocations=12 (full 0):
 garbage-first heap   total 312320K, used 50556K [0x0000000080000000, 0x0000000100000000)
  region size 1024K, 15 young (15360K), 15 survivors (15360K)
 Metaspace       used 62714K, capacity 64428K, committed 64744K, reserved 1105920K
  class space    used 7887K, capacity 8495K, committed 8576K, reserved 1048576K
}
Event: 7.205 GC heap before
{Heap before GC invocations=12 (full 0):
 garbage-first heap   total 312320K, used 185724K [0x0000000080000000, 0x0000000100000000)
  region size 1024K, 143 young (146432K), 15 survivors (15360K)
 Metaspace       used 70252K, capacity 71957K, committed 72068K, reserved 1112064K
  class space    used 8914K, capacity 9554K, committed 9600K, reserved 1048576K
}
Event: 7.236 GC heap after
{Heap after GC invocations=13 (full 0):
 garbage-first heap   total 312320K, used 59788K [0x0000000080000000, 0x0000000100000000)
  region size 1024K, 9 young (9216K), 9 survivors (9216K)
 Metaspace       used 70252K, capacity 71957K, committed 72068K, reserved 1112064K
  class space    used 8914K, capacity 9554K, committed 9600K, reserved 1048576K
}
Event: 8.960 GC heap before
{Heap before GC invocations=14 (full 0):
 garbage-first heap   total 312320K, used 199052K [0x0000000080000000, 0x0000000100000000)
  region size 1024K, 145 young (148480K), 9 survivors (9216K)
 Metaspace       used 82128K, capacity 84159K, committed 84304K, reserved 1122304K
  class space    used 10632K, capacity 11311K, committed 11340K, reserved 1048576K
}
Event: 8.987 GC heap after
{Heap after GC invocations=15 (full 0):
 garbage-first heap   total 312320K, used 69424K [0x0000000080000000, 0x0000000100000000)
  region size 1024K, 18 young (18432K), 18 survivors (18432K)
 Metaspace       used 82128K, capacity 84159K, committed 84304K, reserved 1122304K
  class space    used 10632K, capacity 11311K, committed 11340K, reserved 1048576K
}

Deoptimization events (20 events):
Event: 9.438 Thread 0x000001ab06ff1800 DEOPT PACKING pc=0x000001ab701264f4 sp=0x000000042d7fe9a0
Event: 9.438 Thread 0x000001ab06ff1800 DEOPT UNPACKING pc=0x000001ab6832a1a9 sp=0x000000042d7fe958 mode 2
Event: 9.439 Thread 0x000001ab06fee800 Uncommon trap: trap_request=0xffffffde fr.pc=0x000001ab6feb64a8 relative=0x00000000000002e8
Event: 9.439 Thread 0x000001ab06fee800 Uncommon trap: reason=class_check action=maybe_recompile pc=0x000001ab6feb64a8 method=java.util.Collections$SetFromMap.remove(Ljava/lang/Object;)Z @ 5 c2
Event: 9.439 Thread 0x000001ab06fee800 DEOPT PACKING pc=0x000001ab6feb64a8 sp=0x000000042d4fd780
Event: 9.439 Thread 0x000001ab06fee800 DEOPT UNPACKING pc=0x000001ab6832a1a9 sp=0x000000042d4fd778 mode 2
Event: 9.440 Thread 0x000001ab06fee800 Uncommon trap: trap_request=0xffffffde fr.pc=0x000001ab6ff53374 relative=0x00000000000002b4
Event: 9.440 Thread 0x000001ab06fee800 Uncommon trap: reason=class_check action=maybe_recompile pc=0x000001ab6ff53374 method=java.util.stream.StreamOpFlag.fromCharacteristics(Ljava/util/Spliterator;)I @ 14 c2
Event: 9.440 Thread 0x000001ab06fee800 DEOPT PACKING pc=0x000001ab6ff53374 sp=0x000000042d4fd070
Event: 9.440 Thread 0x000001ab06fee800 DEOPT UNPACKING pc=0x000001ab6832a1a9 sp=0x000000042d4fcf58 mode 2
Event: 9.494 Thread 0x000001ab06fee800 Uncommon trap: trap_request=0xffffff4d fr.pc=0x000001ab7002f798 relative=0x0000000000000718
Event: 9.494 Thread 0x000001ab06fee800 Uncommon trap: reason=unstable_if action=reinterpret pc=0x000001ab7002f798 method=org.gradle.internal.snapshot.VfsRelativePath.isPrefix(Ljava/lang/String;ILjava/lang/String;ILorg/gradle/internal/snapshot/CaseSensitivity;)Z @ 89 c2
Event: 9.494 Thread 0x000001ab06fee800 DEOPT PACKING pc=0x000001ab7002f798 sp=0x000000042d4f9cf0
Event: 9.494 Thread 0x000001ab06fee800 DEOPT UNPACKING pc=0x000001ab6832a1a9 sp=0x000000042d4f9c70 mode 2
Event: 9.517 Thread 0x000001ab06fee800 Uncommon trap: trap_request=0xffffff4d fr.pc=0x000001ab701a13a8 relative=0x00000000000001e8
Event: 9.517 Thread 0x000001ab06fee800 Uncommon trap: reason=unstable_if action=reinterpret pc=0x000001ab701a13a8 method=com.google.common.collect.RegularImmutableSet.contains(Ljava/lang/Object;)Z @ 10 c2
Event: 9.517 Thread 0x000001ab06fee800 DEOPT PACKING pc=0x000001ab701a13a8 sp=0x000000042d4f9a10
Event: 9.517 Thread 0x000001ab06fee800 DEOPT UNPACKING pc=0x000001ab6832a1a9 sp=0x000000042d4f99a8 mode 2
Event: 19.581 Thread 0x000001ab01519800 DEOPT PACKING pc=0x000001ab68ba2966 sp=0x00000004296fc3b0
Event: 19.582 Thread 0x000001ab01519800 DEOPT UNPACKING pc=0x000001ab6832a93f sp=0x00000004296fb828 mode 0

Classes redefined (0 events):
No events

Internal exceptions (20 events):
Event: 9.392 Thread 0x000001ab06fee800 Exception <a 'java/lang/IncompatibleClassChangeError'{0x000000008f5c2c70}: Found class java.lang.Object, but interface was expected> (0x000000008f5c2c70) thrown at [src/hotspot/share/interpreter/linkResolver.cpp, line 839]
Event: 9.413 Thread 0x000001ab06fee800 Exception <a 'java/lang/NoSuchMethodError'{0x000000008f365948}: 'void java.lang.invoke.DirectMethodHandle$Holder.invokeVirtual(java.lang.Object, java.lang.Object)'> (0x000000008f365948) thrown at [src/hotspot/share/interpreter/linkResolver.cpp, line 773]
Event: 9.437 Thread 0x000001ab01519800 Exception <a 'java/lang/NoSuchMethodError'{0x000000008f2b9bf8}: <clinit>> (0x000000008f2b9bf8) thrown at [src/hotspot/share/prims/jni.cpp, line 1367]
Event: 9.440 Thread 0x000001ab01519800 Exception <a 'java/lang/NoSuchMethodError'{0x000000008f2e1198}: <clinit>> (0x000000008f2e1198) thrown at [src/hotspot/share/prims/jni.cpp, line 1367]
Event: 9.441 Thread 0x000001ab01519800 Exception <a 'java/lang/NoSuchMethodError'{0x000000008f2e2470}: <clinit>> (0x000000008f2e2470) thrown at [src/hotspot/share/prims/jni.cpp, line 1367]
Event: 9.446 Thread 0x000001ab01519800 Exception <a 'java/lang/NoSuchMethodError'{0x000000008f043098}: <clinit>> (0x000000008f043098) thrown at [src/hotspot/share/prims/jni.cpp, line 1367]
Event: 9.452 Thread 0x000001ab0293f000 Exception <a 'java/lang/NoSuchMethodError'{0x000000008ef813c8}: <clinit>> (0x000000008ef813c8) thrown at [src/hotspot/share/prims/jni.cpp, line 1367]
Event: 9.455 Thread 0x000001ab0293f000 Exception <a 'java/lang/NoSuchMethodError'{0x000000008ef95e98}: <clinit>> (0x000000008ef95e98) thrown at [src/hotspot/share/prims/jni.cpp, line 1367]
Event: 9.460 Thread 0x000001ab0293f000 Exception <a 'java/lang/NoSuchMethodError'{0x000000008ee0c618}: <clinit>> (0x000000008ee0c618) thrown at [src/hotspot/share/prims/jni.cpp, line 1367]
Event: 9.472 Thread 0x000001ab06fee800 Exception <a 'java/lang/IncompatibleClassChangeError'{0x000000008eed86c0}: Found class java.lang.Object, but interface was expected> (0x000000008eed86c0) thrown at [src/hotspot/share/interpreter/linkResolver.cpp, line 839]
Event: 9.486 Thread 0x000001ab06fee800 Exception <a 'java/lang/NoSuchMethodError'{0x000000008ece7248}: 'int java.lang.invoke.DirectMethodHandle$Holder.invokeStaticInit(java.lang.Object, java.lang.Object, java.lang.Object, java.lang.Object, java.lang.Object)'> (0x000000008ece7248) thrown at [src/hotspot/share/interpreter/linkResolver.cpp, line 773]
Event: 9.500 Thread 0x000001ab06fee800 Exception <a 'sun/nio/fs/WindowsException'{0x000000008ebd0130}> (0x000000008ebd0130) thrown at [src/hotspot/share/prims/jni.cpp, line 617]
Event: 9.500 Thread 0x000001ab06fee800 Exception <a 'sun/nio/fs/WindowsException'{0x000000008ebd1220}> (0x000000008ebd1220) thrown at [src/hotspot/share/prims/jni.cpp, line 617]
Event: 9.517 Thread 0x000001ab06fee800 Implicit null exception at 0x000001ab701a11f7 to 0x000001ab701a1390
Event: 14.535 Thread 0x000001ab06fee800 Exception <a 'net/rubygrapefruit/platform/NativeException'{0x000000008e911ab8}: Execution timed out> (0x000000008e911ab8) thrown at [src/hotspot/share/prims/jni.cpp, line 638]
Event: 19.551 Thread 0x000001ab06fee800 Exception <a 'net/rubygrapefruit/platform/NativeException'{0x000000008e92fc70}: Execution timed out> (0x000000008e92fc70) thrown at [src/hotspot/share/prims/jni.cpp, line 638]
Event: 19.576 Thread 0x000001ab01519800 Exception <a 'java/lang/NoSuchMethodError'{0x000000008e7bbfb8}: <clinit>> (0x000000008e7bbfb8) thrown at [src/hotspot/share/prims/jni.cpp, line 1367]
Event: 19.581 Thread 0x000001ab01519800 Exception <a 'java/lang/NoSuchMethodError'{0x000000008e60e6f8}: <clinit>> (0x000000008e60e6f8) thrown at [src/hotspot/share/prims/jni.cpp, line 1367]
Event: 19.611 Thread 0x000001ab01519800 Exception <a 'java/lang/NoSuchMethodError'{0x000000008e6dc520}: <clinit>> (0x000000008e6dc520) thrown at [src/hotspot/share/prims/jni.cpp, line 1367]
Event: 19.634 Thread 0x000001ab06fee800 Exception <a 'java/lang/NoSuchMethodError'{0x000000008e5367d8}: 'int java.lang.invoke.DirectMethodHandle$Holder.invokeSpecial(java.lang.Object, java.lang.Object, java.lang.Object, java.lang.Object, java.lang.Object)'> (0x000000008e5367d8) thrown at [src/hotspot/share/interpreter/linkResolver.cpp, line 773]

Events (20 events):
Event: 19.660 loading class org/gradle/internal/snapshot/FileSystemSnapshotHierarchyVisitor
Event: 19.660 loading class org/gradle/internal/snapshot/FileSystemSnapshotHierarchyVisitor done
Event: 19.661 loading class com/android/build/gradle/tasks/GenerateBuildConfigKt
Event: 19.661 loading class com/android/build/gradle/tasks/GenerateBuildConfigKt done
Event: 19.661 loading class com/android/build/gradle/internal/core/VariantDslInfoImpl$computeVersionNameSuffix$2
Event: 19.661 loading class com/android/build/gradle/internal/core/VariantDslInfoImpl$computeVersionNameSuffix$2 done
Event: 19.662 loading class org/gradle/execution/plan/LocalTaskNodeExecutor$1
Event: 19.662 loading class org/gradle/execution/plan/LocalTaskNodeExecutor$1 done
Event: 19.664 loading class org/gradle/internal/snapshot/ChildMap
Event: 19.664 loading class org/gradle/internal/snapshot/ChildMap done
Event: 19.664 loading class org/gradle/internal/snapshot/ChildMap
Event: 19.664 loading class org/gradle/internal/snapshot/ChildMap done
Event: 19.664 loading class org/gradle/internal/snapshot/AbstractInvalidateChildHandler
Event: 19.664 loading class org/gradle/internal/snapshot/AbstractInvalidateChildHandler done
Event: 19.664 loading class org/gradle/internal/snapshot/ChildMap
Event: 19.664 loading class org/gradle/internal/snapshot/ChildMap done
Event: 19.664 loading class org/gradle/internal/snapshot/ChildMap
Event: 19.664 loading class org/gradle/internal/snapshot/ChildMap done
Event: 19.664 loading class org/gradle/internal/snapshot/AbstractInvalidateChildHandler
Event: 19.664 loading class org/gradle/internal/snapshot/AbstractInvalidateChildHandler done


Dynamic libraries:
0x00007ff671f30000 - 0x00007ff671f3a000 	C:\Program Files\Android\Android Studio\jbr\bin\java.exe
0x00007ff8bf610000 - 0x00007ff8bf806000 	C:\Windows\SYSTEM32\ntdll.dll
0x00007ff8bd670000 - 0x00007ff8bd72d000 	C:\Windows\System32\KERNEL32.DLL
0x00007ff8bd300000 - 0x00007ff8bd5c9000 	C:\Windows\System32\KERNELBASE.dll
0x00007ff8bce60000 - 0x00007ff8bcf60000 	C:\Windows\System32\ucrtbase.dll
0x00007ff8a4270000 - 0x00007ff8a428b000 	C:\Program Files\Android\Android Studio\jbr\bin\VCRUNTIME140.dll
0x00007ff8a4250000 - 0x00007ff8a4267000 	C:\Program Files\Android\Android Studio\jbr\bin\jli.dll
0x00007ff8beda0000 - 0x00007ff8bef40000 	C:\Windows\System32\USER32.dll
0x00007ff8bd1f0000 - 0x00007ff8bd212000 	C:\Windows\System32\win32u.dll
0x00007ff8beff0000 - 0x00007ff8bf01a000 	C:\Windows\System32\GDI32.dll
0x00007ff8bcd50000 - 0x00007ff8bce5b000 	C:\Windows\System32\gdi32full.dll
0x00007ff8bd5d0000 - 0x00007ff8bd66d000 	C:\Windows\System32\msvcp_win.dll
0x00007ff8921d0000 - 0x00007ff89246b000 	C:\Windows\WinSxS\amd64_microsoft.windows.common-controls_6595b64144ccf1df_6.0.19041.746_none_ca02b4b61b8320a4\COMCTL32.dll
0x00007ff8bed00000 - 0x00007ff8bed9e000 	C:\Windows\System32\msvcrt.dll
0x00007ff8bd860000 - 0x00007ff8bd890000 	C:\Windows\System32\IMM32.DLL
0x00007ff8a2220000 - 0x00007ff8a227b000 	C:\ProgramData\Microsoft\DbgCtr\XShellDLL64_6015.dll
0x00007ff8bef40000 - 0x00007ff8befec000 	C:\Windows\System32\ADVAPI32.dll
0x00007ff8bd7c0000 - 0x00007ff8bd85c000 	C:\Windows\System32\sechost.dll
0x00007ff8bdb50000 - 0x00007ff8bdc7b000 	C:\Windows\System32\RPCRT4.dll
0x00007ff8be4f0000 - 0x00007ff8bec32000 	C:\Windows\System32\SHELL32.dll
0x00007ff8a2170000 - 0x00007ff8a217c000 	C:\Program Files\Android\Android Studio\jbr\bin\vcruntime140_1.dll
0x00007ff8a1460000 - 0x00007ff8a14ed000 	C:\Program Files\Android\Android Studio\jbr\bin\msvcp140.dll
0x00007ff877160000 - 0x00007ff877d1c000 	C:\Program Files\Android\Android Studio\jbr\bin\server\jvm.dll
0x00007ff8be3c0000 - 0x00007ff8be3c8000 	C:\Windows\System32\PSAPI.DLL
0x00007ff8aad90000 - 0x00007ff8aad99000 	C:\Windows\SYSTEM32\WSOCK32.dll
0x00007ff895110000 - 0x00007ff895137000 	C:\Windows\SYSTEM32\WINMM.dll
0x00007ff8bdc90000 - 0x00007ff8bdcfb000 	C:\Windows\System32\WS2_32.dll
0x00007ff8b57d0000 - 0x00007ff8b57da000 	C:\Windows\SYSTEM32\VERSION.dll
0x00007ff8bacc0000 - 0x00007ff8bacd2000 	C:\Windows\SYSTEM32\kernel.appcore.dll
0x00007ff8a1ee0000 - 0x00007ff8a1ef0000 	C:\Program Files\Android\Android Studio\jbr\bin\verify.dll
0x00007ff8a4650000 - 0x00007ff8a4834000 	C:\Windows\SYSTEM32\DBGHELP.DLL
0x00007ff8a4540000 - 0x00007ff8a456c000 	C:\Windows\SYSTEM32\dbgcore.DLL
0x00007ff8bd220000 - 0x00007ff8bd2a0000 	C:\Windows\System32\bcryptPrimitives.dll
0x00007ff8a1560000 - 0x00007ff8a1588000 	C:\Program Files\Android\Android Studio\jbr\bin\java.dll
0x00007ff8a1ac0000 - 0x00007ff8a1aca000 	C:\Program Files\Android\Android Studio\jbr\bin\jimage.dll
0x00007ff8a1660000 - 0x00007ff8a1678000 	C:\Program Files\Android\Android Studio\jbr\bin\zip.dll
0x00007ff8baec0000 - 0x00007ff8bb650000 	C:\Windows\SYSTEM32\windows.storage.dll
0x00007ff8bdd00000 - 0x00007ff8be056000 	C:\Windows\System32\combase.dll
0x00007ff8bc7b0000 - 0x00007ff8bc7dc000 	C:\Windows\SYSTEM32\Wldp.dll
0x00007ff8bd890000 - 0x00007ff8bd93e000 	C:\Windows\System32\SHCORE.dll
0x00007ff8bdaf0000 - 0x00007ff8bdb45000 	C:\Windows\System32\shlwapi.dll
0x00007ff8bcc80000 - 0x00007ff8bcca6000 	C:\Windows\SYSTEM32\profapi.dll
0x00007ff8a15d0000 - 0x00007ff8a15e9000 	C:\Program Files\Android\Android Studio\jbr\bin\net.dll
0x00007ff8b5f20000 - 0x00007ff8b6020000 	C:\Windows\SYSTEM32\WINHTTP.dll
0x00007ff8bc4c0000 - 0x00007ff8bc52a000 	C:\Windows\system32\mswsock.dll
0x00007ff8a0f80000 - 0x00007ff8a0f93000 	C:\Program Files\Android\Android Studio\jbr\bin\nio.dll
0x00007ff8a1c50000 - 0x00007ff8a1c77000 	C:\Users\it_04\.gradle\native\e1d6ef7f7dcc3fd88c89a11ec53ec762bb8ba0a96d01ffa2cd45eb1d1d8dd5c5\windows-amd64\native-platform.dll
0x00007ff8a1310000 - 0x00007ff8a1454000 	C:\Users\it_04\.gradle\native\0d407fdbe67a94daf76414ababcb853783967236a71b16ec16e742cd7a986fd3\windows-amd64\native-platform-file-events.dll
0x00007ff8af710000 - 0x00007ff8af71a000 	C:\Program Files\Android\Android Studio\jbr\bin\management.dll
0x00007ff8a0f70000 - 0x00007ff8a0f7b000 	C:\Program Files\Android\Android Studio\jbr\bin\management_ext.dll
0x00007ff8bc690000 - 0x00007ff8bc6a8000 	C:\Windows\SYSTEM32\CRYPTSP.dll
0x00007ff8bbe60000 - 0x00007ff8bbe94000 	C:\Windows\system32\rsaenh.dll
0x00007ff8bd060000 - 0x00007ff8bd087000 	C:\Windows\System32\bcrypt.dll
0x00007ff8bcc40000 - 0x00007ff8bcc6e000 	C:\Windows\SYSTEM32\USERENV.dll
0x00007ff8bc6b0000 - 0x00007ff8bc6bc000 	C:\Windows\SYSTEM32\CRYPTBASE.dll
0x00007ff8bc1b0000 - 0x00007ff8bc1eb000 	C:\Windows\SYSTEM32\IPHLPAPI.DLL
0x00007ff8bdc80000 - 0x00007ff8bdc88000 	C:\Windows\System32\NSI.dll
0x00007ff8b64d0000 - 0x00007ff8b64e7000 	C:\Windows\SYSTEM32\dhcpcsvc6.DLL
0x00007ff8b64b0000 - 0x00007ff8b64cd000 	C:\Windows\SYSTEM32\dhcpcsvc.DLL
0x00007ff8bc1f0000 - 0x00007ff8bc2bb000 	C:\Windows\SYSTEM32\DNSAPI.dll

dbghelp: loaded successfully - version: 4.0.5 - missing functions: none
symbol engine: initialized successfully - sym options: 0x614 - pdb path: .;C:\Program Files\Android\Android Studio\jbr\bin;C:\Windows\SYSTEM32;C:\Windows\WinSxS\amd64_microsoft.windows.common-controls_6595b64144ccf1df_6.0.19041.746_none_ca02b4b61b8320a4;C:\ProgramData\Microsoft\DbgCtr;C:\Program Files\Android\Android Studio\jbr\bin\server;C:\Users\it_04\.gradle\native\e1d6ef7f7dcc3fd88c89a11ec53ec762bb8ba0a96d01ffa2cd45eb1d1d8dd5c5\windows-amd64;C:\Users\it_04\.gradle\native\0d407fdbe67a94daf76414ababcb853783967236a71b16ec16e742cd7a986fd3\windows-amd64

VM Arguments:
jvm_args: --add-opens=java.base/java.util=ALL-UNNAMED --add-opens=java.base/java.lang=ALL-UNNAMED --add-opens=java.base/java.lang.invoke=ALL-UNNAMED --add-opens=java.base/java.util=ALL-UNNAMED --add-opens=java.prefs/java.util.prefs=ALL-UNNAMED --add-opens=java.prefs/java.util.prefs=ALL-UNNAMED --add-opens=java.base/java.nio.charset=ALL-UNNAMED --add-opens=java.base/java.net=ALL-UNNAMED --add-opens=java.base/java.util.concurrent.atomic=ALL-UNNAMED -Xmx2048m -Dfile.encoding=UTF-8 -Duser.country=US -Duser.language=en -Duser.variant 
java_command: org.gradle.launcher.daemon.bootstrap.GradleDaemon 7.5
java_class_path (initial): C:\Users\it_04\.gradle\wrapper\dists\gradle-7.5-bin\f1w0cc9nuo0eivz97x2xlu9sv\gradle-7.5\lib\gradle-launcher-7.5.jar
Launcher Type: SUN_STANDARD

[Global flags]
     intx CICompilerCount                          = 3                                         {product} {ergonomic}
     uint ConcGCThreads                            = 1                                         {product} {ergonomic}
     uint G1ConcRefinementThreads                  = 4                                         {product} {ergonomic}
   size_t G1HeapRegionSize                         = 1048576                                   {product} {ergonomic}
    uintx GCDrainStackTargetSize                   = 64                                        {product} {ergonomic}
   size_t InitialHeapSize                          = 266338304                                 {product} {ergonomic}
   size_t MarkStackSize                            = 4194304                                   {product} {ergonomic}
   size_t MaxHeapSize                              = 2147483648                                {product} {command line}
   size_t MaxNewSize                               = 1287651328                                {product} {ergonomic}
   size_t MinHeapDeltaBytes                        = 1048576                                   {product} {ergonomic}
    uintx NonNMethodCodeHeapSize                   = 5830732                                {pd product} {ergonomic}
    uintx NonProfiledCodeHeapSize                  = 122913754                              {pd product} {ergonomic}
    uintx ProfiledCodeHeapSize                     = 122913754                              {pd product} {ergonomic}
    uintx ReservedCodeCacheSize                    = 251658240                              {pd product} {ergonomic}
     bool SegmentedCodeCache                       = true                                      {product} {ergonomic}
     bool UseCompressedClassPointers               = true                                 {lp64_product} {ergonomic}
     bool UseCompressedOops                        = true                                 {lp64_product} {ergonomic}
     bool UseG1GC                                  = true                                      {product} {ergonomic}
     bool UseLargePagesIndividualAllocation        = false                                  {pd product} {ergonomic}

Logging:
Log output configuration:
 #0: stdout all=warning uptime,level,tags
 #1: stderr all=off uptime,level,tags

Environment Variables:
PATH=D:\app\it_07\product\11.2.0\client_1\bin;C:\Windows\system32;C:\Windows;C:\Windows\System32\Wbem;C:\Windows\System32\WindowsPowerShell\v1.0\;C:\Windows\System32\OpenSSH\;C:\Program Files\dotnet\;C:\Program Files\Git\cmd;C:\Users\it_04\AppData\Local\Microsoft\WindowsApps;C:\Users\it_04\.dotnet\tools
USERNAME=it_04
OS=Windows_NT
PROCESSOR_IDENTIFIER=Intel64 Family 6 Model 165 Stepping 3, GenuineIntel



---------------  S Y S T E M  ---------------

OS: Windows 10 , 64 bit Build 19041 (10.0.19041.804)
OS uptime: 0 days 1:00 hours

CPU:total 4 (initial active 4) (2 cores per cpu, 2 threads per core) family 6 model 165 stepping 3 microcode 0xe0, cmov, cx8, fxsr, mmx, sse, sse2, sse3, ssse3, sse4.1, sse4.2, popcnt, aes, clmul, erms, 3dnowpref, lzcnt, ht, tsc, tscinvbit

Memory: 4k page, system-wide physical 16242M (8896M free)
TotalPageFile size 18674M (AvailPageFile size 11730M)
current process WorkingSet (physical memory assigned to process): 460M, peak: 494M
current process commit charge ("private bytes"): 569M, peak: 591M

vm_info: OpenJDK 64-Bit Server VM (11.0.15+0-b2043.56-9505619) for windows-amd64 JRE (11.0.15+0-b2043.56-9505619), built on Jan 19 2023 02:48:00 by "builduser" with unknown MS VC++:1929

END.
