#
# A fatal error has been detected by the Java Runtime Environment:
#
#  EXCEPTION_ACCESS_VIOLATION (0xc0000005) at pc=0x0000000000000015, pid=7324, tid=8692
#
# JRE version: OpenJDK Runtime Environment (11.0.15) (build 11.0.15+0-b2043.56-9505619)
# Java VM: OpenJDK 64-Bit Server VM (11.0.15+0-b2043.56-9505619, mixed mode, tiered, compressed oops, g1 gc, windows-amd64)
# Problematic frame:
# C  0x0000000000000015
#
# No core dump will be written. Minidumps are not enabled by default on client versions of Windows
#
# If you would like to submit a bug report, please visit:
#   https://bugreport.java.com/bugreport/crash.jsp
# The crash happened outside the Java Virtual Machine in native code.
# See problematic frame for where to report the bug.
#

---------------  S U M M A R Y ------------

Command Line: --add-opens=java.base/java.util=ALL-UNNAMED --add-opens=java.base/java.lang=ALL-UNNAMED --add-opens=java.base/java.lang.invoke=ALL-UNNAMED --add-opens=java.base/java.util=ALL-UNNAMED --add-opens=java.prefs/java.util.prefs=ALL-UNNAMED --add-opens=java.prefs/java.util.prefs=ALL-UNNAMED --add-opens=java.base/java.nio.charset=ALL-UNNAMED --add-opens=java.base/java.net=ALL-UNNAMED --add-opens=java.base/java.util.concurrent.atomic=ALL-UNNAMED -Xmx2048m -Dfile.encoding=UTF-8 -Duser.country=US -Duser.language=en -Duser.variant org.gradle.launcher.daemon.bootstrap.GradleDaemon 7.5

Host: Intel(R) Pentium(R) Gold G6400 CPU @ 4.00GHz, 4 cores, 15G,  Windows 10 , 64 bit Build 19041 (10.0.19041.804)
Time: Mon Apr 24 08:31:37 2023 SE Asia Standard Time elapsed time: 18.533641 seconds (0d 0h 0m 18s)

---------------  T H R E A D  ---------------

Current thread (0x0000018cf9ef3800):  JavaThread "File watcher server" daemon [_thread_in_native, id=8692, stack(0x0000004204600000,0x0000004204700000)]

Stack: [0x0000004204600000,0x0000004204700000],  sp=0x00000042046fe478,  free space=1017k
Native frames: (J=compiled Java code, j=interpreted, Vv=VM code, C=native code)
C  0x0000000000000015

Java frames: (J=compiled Java code, j=interpreted, Vv=VM code)
j  net.rubygrapefruit.platform.internal.jni.AbstractFileEventFunctions$NativeFileWatcher.executeRunLoop0(Ljava/lang/Object;)V+0
j  net.rubygrapefruit.platform.internal.jni.AbstractFileEventFunctions$NativeFileWatcher.access$100(Lnet/rubygrapefruit/platform/internal/jni/AbstractFileEventFunctions$NativeFileWatcher;Ljava/lang/Object;)V+2
j  net.rubygrapefruit.platform.internal.jni.AbstractFileEventFunctions$NativeFileWatcher$1.run()V+26
v  ~StubRoutines::call_stub

siginfo: EXCEPTION_ACCESS_VIOLATION (0xc0000005), data execution prevention violation at address 0x0000000000000015


Register to memory mapping:

RIP=0x0000000000000015 is an unknown value
RAX=0x0000000000000015 is an unknown value
RBX=0x0 is NULL
RCX=0x00000042080f9da8 is pointing into the stack for thread: 0x0000018cfcdf4000
RDX=0x0 is NULL
RSP=0x00000042046fe478 is pointing into the stack for thread: 0x0000018cf9ef3800
RBP=0x00000042046fee48 is pointing into the stack for thread: 0x0000018cf9ef3800
RSI=0x00000042080f9da0 is pointing into the stack for thread: 0x0000018cfcdf4000
RDI=0x00000042080f9d60 is pointing into the stack for thread: 0x0000018cfcdf4000
R8 =0x0000018cdb0227c0 points into unknown readable memory: 0x0000018cdb020d20 | 20 0d 02 db 8c 01 00 00
R9 =0x0000000000000001 is an unknown value
R10=0x0000000000008000 is an unknown value
R11=0x00000042046fe130 is pointing into the stack for thread: 0x0000018cf9ef3800
R12=0x0 is NULL
R13={method} {0x0000018cfc8a7598} 'executeRunLoop0' '(Ljava/lang/Object;)V' in 'net/rubygrapefruit/platform/internal/jni/AbstractFileEventFunctions$NativeFileWatcher'
R14=0x0 is NULL
R15=0x0000018cf9ef3800 is a thread


Registers:
RAX=0x0000000000000015, RBX=0x0000000000000000, RCX=0x00000042080f9da8, RDX=0x0000000000000000
RSP=0x00000042046fe478, RBP=0x00000042046fee48, RSI=0x00000042080f9da0, RDI=0x00000042080f9d60
R8 =0x0000018cdb0227c0, R9 =0x0000000000000001, R10=0x0000000000008000, R11=0x00000042046fe130
R12=0x0000000000000000, R13=0x0000018cfc8a7590, R14=0x0000000000000000, R15=0x0000018cf9ef3800
RIP=0x0000000000000015, EFLAGS=0x0000000000010216

Top of Stack: (sp=0x00000042046fe478)
0x00000042046fe478:   00007ff8a12e63b9 0000000000000000
0x00000042046fe488:   0000018ce0d2fa7a 0000018cf72c5990
0x00000042046fe498:   00007ff8a12c3133 0000018cfb96a7f8
0x00000042046fe4a8:   000000008de00170 000012f1fa60c9ac
0x00000042046fe4b8:   00007ff8a12cda83 00000042046fee70
0x00000042046fe4c8:   00000042080f9d60 00007ff8a12bf150
0x00000042046fe4d8:   00007ff8a12d709b 00000042080f9da0
0x00000042046fe4e8:   0000000080358f10 0000000000000000
0x00000042046fe4f8:   00007ff8a12cbfae 0000018cfb96a7f0
0x00000042046fe508:   00007ff8a12c92a6 00000042080f9da0
0x00000042046fe518:   0000000000000000 0000018cfb96a7f0
0x00000042046fe528:   00007ff8a12a57b3 0000000000000000
0x00000042046fe538:   00007ff8a12d64c2 00000042046fe580
0x00000042046fe548:   00000042080f9da0 0000018cf6f54a20
0x00000042046fe558:   0000000000000000 0000000080b86101
0x00000042046fe568:   0000018cf6e6fd50 0000000000000000 

Instructions: (pc=0x0000000000000015)
0xffffffffffffff15:   


Stack slot to memory mapping:
stack at sp + 0 slots: 0x00007ff8a12e63b9 native-platform-file-events.dll
stack at sp + 1 slots: 0x0 is NULL
stack at sp + 2 slots: 0x0000018ce0d2fa7a is at code_begin+2458 in an Interpreter codelet
method entry point (kind = native)  [0x0000018ce0d2f0e0, 0x0000018ce0d2fb60]  2688 bytes
stack at sp + 3 slots: {method} {0x0000018cf72c5998} 'findEntry' '(Ljava/lang/String;)J' in 'java/lang/ClassLoader$NativeLibrary'
stack at sp + 4 slots: 0x00007ff8a12c3133 native-platform-file-events.dll
stack at sp + 5 slots: 0x0000018cfb96a7f8 points into unknown readable memory: 0x0000018cfaadd400 | 00 d4 ad fa 8c 01 00 00
stack at sp + 6 slots: 0x000000008de00170 is an oop: [B 
{0x000000008de00170} - klass: {type array byte}
 - length: 52
stack at sp + 7 slots: 0x000012f1fa60c9ac is an unknown value


---------------  P R O C E S S  ---------------

Threads class SMR info:
_java_thread_list=0x0000018cfb96a820, length=86, elements={
0x0000018cdd202000, 0x0000018cf766d800, 0x0000018cf766f800, 0x0000018cf76c9800,
0x0000018cf76ca800, 0x0000018cf76d0000, 0x0000018cf76d6800, 0x0000018cf76df800,
0x0000018cf76e2800, 0x0000018cf7898800, 0x0000018cfa10c800, 0x0000018cf98b6800,
0x0000018cfaaaf000, 0x0000018cf9753000, 0x0000018cf921d800, 0x0000018cf956f000,
0x0000018cf97f7000, 0x0000018cfac8e800, 0x0000018cf8e48800, 0x0000018cf9bac000,
0x0000018cf9eed800, 0x0000018cf9ef1800, 0x0000018cf9ef2800, 0x0000018cf9ef3800,
0x0000018cf9eef000, 0x0000018cf9ef4000, 0x0000018cf9ef1000, 0x0000018cf9eee800,
0x0000018cf9ef0000, 0x0000018cf9f88800, 0x0000018cf9f8b000, 0x0000018cf9f8a000,
0x0000018cf9f8c000, 0x0000018cf9f86000, 0x0000018cf9f88000, 0x0000018cf9f8c800,
0x0000018cf9f87000, 0x0000018cf9f92800, 0x0000018cf9f90800, 0x0000018cf9f8d800,
0x0000018cf9f93000, 0x0000018cf9f91800, 0x0000018cf9f8f000, 0x0000018cf9f94000,
0x0000018cf9f8e800, 0x0000018cf9f95000, 0x0000018cf9f90000, 0x0000018cfd0b0000,
0x0000018cfd0ad800, 0x0000018cfd0b1800, 0x0000018cfd0b2800, 0x0000018cfd0b4000,
0x0000018cfd0ae800, 0x0000018cfd0b5000, 0x0000018cfd0b3000, 0x0000018cfd0af000,
0x0000018cfd0b5800, 0x0000018cfd0b6800, 0x0000018cfd0b1000, 0x0000018cfd0b7800,
0x0000018cfd0ba800, 0x0000018cfd0b9000, 0x0000018cfd0bb800, 0x0000018cfd0b8000,
0x0000018cfd0bc000, 0x0000018cfd0ba000, 0x0000018cfcde8000, 0x0000018cfcdec000,
0x0000018cfcdeb000, 0x0000018cfcdec800, 0x0000018cfcde9800, 0x0000018cfcde8800,
0x0000018cfcdea000, 0x0000018cfcde7000, 0x0000018cfcdf2800, 0x0000018cfcdef000,
0x0000018cfcdf1000, 0x0000018cfcdf0000, 0x0000018cfcdf1800, 0x0000018cfcded800,
0x0000018cfcdf3000, 0x0000018cfcdf4000, 0x0000018cfcdee800, 0x0000018cfcdf5000,
0x0000018cfcdf5800, 0x0000018cfea32800
}

Java Threads: ( => current thread )
  0x0000018cdd202000 JavaThread "main" [_thread_blocked, id=1304, stack(0x0000004202100000,0x0000004202200000)]
  0x0000018cf766d800 JavaThread "Reference Handler" daemon [_thread_blocked, id=8120, stack(0x0000004202b00000,0x0000004202c00000)]
  0x0000018cf766f800 JavaThread "Finalizer" daemon [_thread_blocked, id=6000, stack(0x0000004202c00000,0x0000004202d00000)]
  0x0000018cf76c9800 JavaThread "Signal Dispatcher" daemon [_thread_blocked, id=7912, stack(0x0000004202d00000,0x0000004202e00000)]
  0x0000018cf76ca800 JavaThread "Attach Listener" daemon [_thread_blocked, id=6740, stack(0x0000004202e00000,0x0000004202f00000)]
  0x0000018cf76d0000 JavaThread "Service Thread" daemon [_thread_blocked, id=7404, stack(0x0000004202f00000,0x0000004203000000)]
  0x0000018cf76d6800 JavaThread "C2 CompilerThread0" daemon [_thread_in_native, id=3664, stack(0x0000004203000000,0x0000004203100000)]
  0x0000018cf76df800 JavaThread "C1 CompilerThread0" daemon [_thread_blocked, id=5280, stack(0x0000004203100000,0x0000004203200000)]
  0x0000018cf76e2800 JavaThread "Sweeper thread" daemon [_thread_blocked, id=2500, stack(0x0000004203200000,0x0000004203300000)]
  0x0000018cf7898800 JavaThread "Common-Cleaner" daemon [_thread_blocked, id=8448, stack(0x0000004203300000,0x0000004203400000)]
  0x0000018cfa10c800 JavaThread "Daemon health stats" [_thread_blocked, id=8392, stack(0x0000004203900000,0x0000004203a00000)]
  0x0000018cf98b6800 JavaThread "Incoming local TCP Connector on port 49460" [_thread_in_native, id=9392, stack(0x0000004203a00000,0x0000004203b00000)]
  0x0000018cfaaaf000 JavaThread "Daemon periodic checks" [_thread_blocked, id=3168, stack(0x0000004203b00000,0x0000004203c00000)]
  0x0000018cf9753000 JavaThread "Daemon" [_thread_blocked, id=2632, stack(0x0000004203c00000,0x0000004203d00000)]
  0x0000018cf921d800 JavaThread "Handler for socket connection from /127.0.0.1:49460 to /127.0.0.1:49461" [_thread_in_native, id=6840, stack(0x0000004203d00000,0x0000004203e00000)]
  0x0000018cf956f000 JavaThread "Cancel handler" [_thread_blocked, id=3044, stack(0x0000004203e00000,0x0000004203f00000)]
  0x0000018cf97f7000 JavaThread "Daemon worker" [_thread_blocked, id=4724, stack(0x0000004203f00000,0x0000004204000000)]
  0x0000018cfac8e800 JavaThread "Asynchronous log dispatcher for DefaultDaemonConnection: socket connection from /127.0.0.1:49460 to /127.0.0.1:49461" [_thread_blocked, id=9632, stack(0x0000004204000000,0x0000004204100000)]
  0x0000018cf8e48800 JavaThread "Stdin handler" [_thread_blocked, id=6132, stack(0x0000004204100000,0x0000004204200000)]
  0x0000018cf9bac000 JavaThread "Daemon client event forwarder" [_thread_blocked, id=1112, stack(0x0000004204200000,0x0000004204300000)]
  0x0000018cf9eed800 JavaThread "Cache worker for journal cache (C:\Users\it_04\.gradle\caches\journal-1)" [_thread_blocked, id=9604, stack(0x0000004204300000,0x0000004204400000)]
  0x0000018cf9ef1800 JavaThread "File lock request listener" [_thread_in_native, id=2792, stack(0x0000004204400000,0x0000004204500000)]
  0x0000018cf9ef2800 JavaThread "Cache worker for file hash cache (C:\Users\it_04\.gradle\caches\7.5\fileHashes)" [_thread_blocked, id=5384, stack(0x0000004203500000,0x0000004203600000)]
=>0x0000018cf9ef3800 JavaThread "File watcher server" daemon [_thread_in_native, id=8692, stack(0x0000004204600000,0x0000004204700000)]
  0x0000018cf9eef000 JavaThread "File watcher consumer" daemon [_thread_blocked, id=9176, stack(0x0000004204700000,0x0000004204800000)]
  0x0000018cf9ef4000 JavaThread "Cache worker for checksums cache (D:\SourceAndroid\KyThuat\.gradle\7.5\checksums)" [_thread_blocked, id=10160, stack(0x0000004204800000,0x0000004204900000)]
  0x0000018cf9ef1000 JavaThread "Cache worker for cache directory md-rule (C:\Users\it_04\.gradle\caches\7.5\md-rule)" [_thread_blocked, id=5008, stack(0x0000004204900000,0x0000004204a00000)]
  0x0000018cf9eee800 JavaThread "Cache worker for file content cache (C:\Users\it_04\.gradle\caches\7.5\fileContent)" [_thread_blocked, id=7380, stack(0x0000004204a00000,0x0000004204b00000)]
  0x0000018cf9ef0000 JavaThread "Cache worker for file hash cache (D:\SourceAndroid\KyThuat\.gradle\7.5\fileHashes)" [_thread_blocked, id=6756, stack(0x0000004204b00000,0x0000004204c00000)]
  0x0000018cf9f88800 JavaThread "Cache worker for cache directory md-supplier (C:\Users\it_04\.gradle\caches\7.5\md-supplier)" [_thread_blocked, id=9868, stack(0x0000004204c00000,0x0000004204d00000)]
  0x0000018cf9f8b000 JavaThread "Cache worker for execution history cache (C:\Users\it_04\.gradle\caches\7.5\executionHistory)" [_thread_blocked, id=4608, stack(0x0000004204d00000,0x0000004204e00000)]
  0x0000018cf9f8a000 JavaThread "jar transforms" [_thread_blocked, id=7712, stack(0x0000004204e00000,0x0000004204f00000)]
  0x0000018cf9f8c000 JavaThread "jar transforms Thread 2" [_thread_blocked, id=6560, stack(0x0000004204f00000,0x0000004205000000)]
  0x0000018cf9f86000 JavaThread "jar transforms Thread 3" [_thread_blocked, id=8196, stack(0x0000004205000000,0x0000004205100000)]
  0x0000018cf9f88000 JavaThread "jar transforms Thread 4" [_thread_blocked, id=6980, stack(0x0000004205100000,0x0000004205200000)]
  0x0000018cf9f8c800 JavaThread "Cache worker for dependencies-accessors (D:\SourceAndroid\KyThuat\.gradle\7.5\dependencies-accessors)" [_thread_blocked, id=4552, stack(0x0000004205200000,0x0000004205300000)]
  0x0000018cf9f87000 JavaThread "Cache worker for Build Output Cleanup Cache (D:\SourceAndroid\KyThuat\.gradle\buildOutputCleanup)" [_thread_blocked, id=6448, stack(0x0000004204500000,0x0000004204600000)]
  0x0000018cf9f92800 JavaThread "Unconstrained build operations" [_thread_blocked, id=4728, stack(0x0000004205400000,0x0000004205500000)]
  0x0000018cf9f90800 JavaThread "Unconstrained build operations Thread 2" [_thread_blocked, id=9156, stack(0x0000004205500000,0x0000004205600000)]
  0x0000018cf9f8d800 JavaThread "Unconstrained build operations Thread 3" [_thread_blocked, id=7784, stack(0x0000004205600000,0x0000004205700000)]
  0x0000018cf9f93000 JavaThread "Unconstrained build operations Thread 4" [_thread_blocked, id=7228, stack(0x0000004205700000,0x0000004205800000)]
  0x0000018cf9f91800 JavaThread "Unconstrained build operations Thread 5" [_thread_blocked, id=9128, stack(0x0000004205800000,0x0000004205900000)]
  0x0000018cf9f8f000 JavaThread "Unconstrained build operations Thread 6" [_thread_blocked, id=7480, stack(0x0000004205900000,0x0000004205a00000)]
  0x0000018cf9f94000 JavaThread "Unconstrained build operations Thread 7" [_thread_blocked, id=8616, stack(0x0000004205a00000,0x0000004205b00000)]
  0x0000018cf9f8e800 JavaThread "Unconstrained build operations Thread 8" [_thread_blocked, id=6948, stack(0x0000004205b00000,0x0000004205c00000)]
  0x0000018cf9f95000 JavaThread "Unconstrained build operations Thread 9" [_thread_blocked, id=6076, stack(0x0000004205c00000,0x0000004205d00000)]
  0x0000018cf9f90000 JavaThread "Unconstrained build operations Thread 10" [_thread_blocked, id=6296, stack(0x0000004205d00000,0x0000004205e00000)]
  0x0000018cfd0b0000 JavaThread "Unconstrained build operations Thread 11" [_thread_blocked, id=2736, stack(0x0000004205e00000,0x0000004205f00000)]
  0x0000018cfd0ad800 JavaThread "Unconstrained build operations Thread 12" [_thread_blocked, id=3516, stack(0x0000004205f00000,0x0000004206000000)]
  0x0000018cfd0b1800 JavaThread "Unconstrained build operations Thread 13" [_thread_blocked, id=2028, stack(0x0000004206000000,0x0000004206100000)]
  0x0000018cfd0b2800 JavaThread "Unconstrained build operations Thread 14" [_thread_blocked, id=3616, stack(0x0000004206100000,0x0000004206200000)]
  0x0000018cfd0b4000 JavaThread "Unconstrained build operations Thread 15" [_thread_blocked, id=8144, stack(0x0000004206200000,0x0000004206300000)]
  0x0000018cfd0ae800 JavaThread "Unconstrained build operations Thread 16" [_thread_blocked, id=8904, stack(0x0000004206300000,0x0000004206400000)]
  0x0000018cfd0b5000 JavaThread "Unconstrained build operations Thread 17" [_thread_blocked, id=6988, stack(0x0000004206400000,0x0000004206500000)]
  0x0000018cfd0b3000 JavaThread "Unconstrained build operations Thread 18" [_thread_blocked, id=3008, stack(0x0000004206500000,0x0000004206600000)]
  0x0000018cfd0af000 JavaThread "Unconstrained build operations Thread 19" [_thread_blocked, id=3772, stack(0x0000004206600000,0x0000004206700000)]
  0x0000018cfd0b5800 JavaThread "Unconstrained build operations Thread 20" [_thread_blocked, id=8480, stack(0x0000004206700000,0x0000004206800000)]
  0x0000018cfd0b6800 JavaThread "Unconstrained build operations Thread 21" [_thread_blocked, id=8484, stack(0x0000004206800000,0x0000004206900000)]
  0x0000018cfd0b1000 JavaThread "Unconstrained build operations Thread 22" [_thread_blocked, id=5136, stack(0x0000004206900000,0x0000004206a00000)]
  0x0000018cfd0b7800 JavaThread "Unconstrained build operations Thread 23" [_thread_blocked, id=5836, stack(0x0000004206a00000,0x0000004206b00000)]
  0x0000018cfd0ba800 JavaThread "Unconstrained build operations Thread 24" [_thread_blocked, id=1204, stack(0x0000004206b00000,0x0000004206c00000)]
  0x0000018cfd0b9000 JavaThread "Unconstrained build operations Thread 25" [_thread_blocked, id=8108, stack(0x0000004206c00000,0x0000004206d00000)]
  0x0000018cfd0bb800 JavaThread "Unconstrained build operations Thread 26" [_thread_blocked, id=8756, stack(0x0000004206d00000,0x0000004206e00000)]
  0x0000018cfd0b8000 JavaThread "Unconstrained build operations Thread 27" [_thread_blocked, id=7460, stack(0x0000004206e00000,0x0000004206f00000)]
  0x0000018cfd0bc000 JavaThread "Unconstrained build operations Thread 28" [_thread_blocked, id=6648, stack(0x0000004206f00000,0x0000004207000000)]
  0x0000018cfd0ba000 JavaThread "Unconstrained build operations Thread 29" [_thread_blocked, id=8284, stack(0x0000004207000000,0x0000004207100000)]
  0x0000018cfcde8000 JavaThread "Unconstrained build operations Thread 30" [_thread_blocked, id=6944, stack(0x0000004207100000,0x0000004207200000)]
  0x0000018cfcdec000 JavaThread "Unconstrained build operations Thread 31" [_thread_blocked, id=5964, stack(0x0000004207200000,0x0000004207300000)]
  0x0000018cfcdeb000 JavaThread "Unconstrained build operations Thread 32" [_thread_blocked, id=7516, stack(0x0000004207300000,0x0000004207400000)]
  0x0000018cfcdec800 JavaThread "Unconstrained build operations Thread 33" [_thread_blocked, id=2128, stack(0x0000004207400000,0x0000004207500000)]
  0x0000018cfcde9800 JavaThread "Unconstrained build operations Thread 34" [_thread_blocked, id=8208, stack(0x0000004207500000,0x0000004207600000)]
  0x0000018cfcde8800 JavaThread "Unconstrained build operations Thread 35" [_thread_blocked, id=9864, stack(0x0000004207600000,0x0000004207700000)]
  0x0000018cfcdea000 JavaThread "Unconstrained build operations Thread 36" [_thread_blocked, id=7960, stack(0x0000004207700000,0x0000004207800000)]
  0x0000018cfcde7000 JavaThread "Unconstrained build operations Thread 37" [_thread_blocked, id=9600, stack(0x0000004207800000,0x0000004207900000)]
  0x0000018cfcdf2800 JavaThread "Unconstrained build operations Thread 38" [_thread_blocked, id=248, stack(0x0000004207900000,0x0000004207a00000)]
  0x0000018cfcdef000 JavaThread "Unconstrained build operations Thread 39" [_thread_blocked, id=3836, stack(0x0000004207a00000,0x0000004207b00000)]
  0x0000018cfcdf1000 JavaThread "Unconstrained build operations Thread 40" [_thread_blocked, id=4720, stack(0x0000004207b00000,0x0000004207c00000)]
  0x0000018cfcdf0000 JavaThread "Memory manager" [_thread_blocked, id=1660, stack(0x0000004207c00000,0x0000004207d00000)]
  0x0000018cfcdf1800 JavaThread "build event listener" [_thread_blocked, id=9788, stack(0x0000004207d00000,0x0000004207e00000)]
  0x0000018cfcded800 JavaThread "pool-3-thread-1" [_thread_blocked, id=8712, stack(0x0000004207e00000,0x0000004207f00000)]
  0x0000018cfcdf3000 JavaThread "build event listener" [_thread_blocked, id=7408, stack(0x0000004207f00000,0x0000004208000000)]
  0x0000018cfcdf4000 JavaThread "included builds" [_thread_blocked, id=1364, stack(0x0000004208000000,0x0000004208100000)]
  0x0000018cfcdee800 JavaThread "Execution worker" [_thread_blocked, id=3240, stack(0x0000004208100000,0x0000004208200000)]
  0x0000018cfcdf5000 JavaThread "Execution worker Thread 2" [_thread_in_native, id=7664, stack(0x0000004208200000,0x0000004208300000)]
  0x0000018cfcdf5800 JavaThread "Execution worker Thread 3" [_thread_blocked, id=2012, stack(0x0000004208300000,0x0000004208400000)]
  0x0000018cfea32800 JavaThread "Cache worker for execution history cache (D:\SourceAndroid\KyThuat\.gradle\7.5\executionHistory)" [_thread_blocked, id=7256, stack(0x0000004208400000,0x0000004208500000)]

Other Threads:
  0x0000018cf766b800 VMThread "VM Thread" [stack: 0x0000004202a00000,0x0000004202b00000] [id=9772]
  0x0000018cf78e5800 WatcherThread [stack: 0x0000004203400000,0x0000004203500000] [id=3204]
  0x0000018cdd21b800 GCTaskThread "GC Thread#0" [stack: 0x0000004202500000,0x0000004202600000] [id=6748]
  0x0000018cf83ab800 GCTaskThread "GC Thread#1" [stack: 0x0000004203600000,0x0000004203700000] [id=6780]
  0x0000018cf7bfd800 GCTaskThread "GC Thread#2" [stack: 0x0000004203700000,0x0000004203800000] [id=7096]
  0x0000018cf7e47800 GCTaskThread "GC Thread#3" [stack: 0x0000004203800000,0x0000004203900000] [id=1348]
  0x0000018cdd24c800 ConcurrentGCThread "G1 Main Marker" [stack: 0x0000004202600000,0x0000004202700000] [id=10080]
  0x0000018cdd24e000 ConcurrentGCThread "G1 Conc#0" [stack: 0x0000004202700000,0x0000004202800000] [id=5240]
  0x0000018cdd2ce000 ConcurrentGCThread "G1 Refine#0" [stack: 0x0000004202800000,0x0000004202900000] [id=6896]
  0x0000018cf6cca800 ConcurrentGCThread "G1 Young RemSet Sampling" [stack: 0x0000004202900000,0x0000004202a00000] [id=6884]

Threads with active compile tasks:
C2 CompilerThread0    18562 8538 %     4       org.apache.commons.io.FilenameUtils::doNormalize @ 202 (541 bytes)

VM state:not at safepoint (normal execution)

VM Mutex/Monitor currently owned by a thread: None

Heap address: 0x0000000080000000, size: 2048 MB, Compressed Oops mode: 32-bit
Narrow klass base: 0x0000000000000000, Narrow klass shift: 3
Compressed class space size: 1073741824 Address: 0x0000000100000000

Heap:
 garbage-first heap   total 260096K, used 164058K [0x0000000080000000, 0x0000000100000000)
  region size 1024K, 107 young (109568K), 9 survivors (9216K)
 Metaspace       used 85796K, capacity 88076K, committed 88176K, reserved 1126400K
  class space    used 11096K, capacity 11883K, committed 11904K, reserved 1048576K
Heap Regions: E=young(eden), S=young(survivor), O=old, HS=humongous(starts), HC=humongous(continues), CS=collection set, F=free, A=archive, TAMS=top-at-mark-start (previous, next)
|   0|0x0000000080000000, 0x0000000080100000, 0x0000000080100000|100%|HS|  |TAMS 0x0000000080100000, 0x0000000080000000| Complete 
|   1|0x0000000080100000, 0x0000000080200000, 0x0000000080200000|100%|HC|  |TAMS 0x0000000080200000, 0x0000000080100000| Complete 
|   2|0x0000000080200000, 0x0000000080300000, 0x0000000080300000|100%|HC|  |TAMS 0x0000000080300000, 0x0000000080200000| Complete 
|   3|0x0000000080300000, 0x0000000080400000, 0x0000000080400000|100%| O|  |TAMS 0x0000000080400000, 0x0000000080300000| Untracked 
|   4|0x0000000080400000, 0x0000000080500000, 0x0000000080500000|100%| O|  |TAMS 0x0000000080500000, 0x0000000080400000| Untracked 
|   5|0x0000000080500000, 0x0000000080600000, 0x0000000080600000|100%| O|  |TAMS 0x0000000080600000, 0x0000000080500000| Untracked 
|   6|0x0000000080600000, 0x0000000080700000, 0x0000000080700000|100%| O|  |TAMS 0x0000000080700000, 0x0000000080600000| Untracked 
|   7|0x0000000080700000, 0x0000000080800000, 0x0000000080800000|100%| O|  |TAMS 0x0000000080800000, 0x0000000080700000| Untracked 
|   8|0x0000000080800000, 0x0000000080900000, 0x0000000080900000|100%| O|  |TAMS 0x0000000080900000, 0x0000000080800000| Untracked 
|   9|0x0000000080900000, 0x0000000080a00000, 0x0000000080a00000|100%| O|  |TAMS 0x0000000080a00000, 0x0000000080900000| Untracked 
|  10|0x0000000080a00000, 0x0000000080b00000, 0x0000000080b00000|100%| O|  |TAMS 0x0000000080b00000, 0x0000000080a00000| Untracked 
|  11|0x0000000080b00000, 0x0000000080c00000, 0x0000000080c00000|100%| O|  |TAMS 0x0000000080c00000, 0x0000000080b00000| Untracked 
|  12|0x0000000080c00000, 0x0000000080d00000, 0x0000000080d00000|100%| O|  |TAMS 0x0000000080d00000, 0x0000000080c00000| Untracked 
|  13|0x0000000080d00000, 0x0000000080e00000, 0x0000000080e00000|100%| O|  |TAMS 0x0000000080e00000, 0x0000000080d00000| Untracked 
|  14|0x0000000080e00000, 0x0000000080f00000, 0x0000000080f00000|100%| O|  |TAMS 0x0000000080f00000, 0x0000000080e00000| Untracked 
|  15|0x0000000080f00000, 0x0000000081000000, 0x0000000081000000|100%| O|  |TAMS 0x0000000081000000, 0x0000000080f00000| Untracked 
|  16|0x0000000081000000, 0x0000000081100000, 0x0000000081100000|100%| O|  |TAMS 0x0000000081100000, 0x0000000081000000| Untracked 
|  17|0x0000000081100000, 0x0000000081200000, 0x0000000081200000|100%|HS|  |TAMS 0x0000000081200000, 0x0000000081100000| Complete 
|  18|0x0000000081200000, 0x0000000081300000, 0x0000000081300000|100%| O|  |TAMS 0x0000000081300000, 0x0000000081200000| Untracked 
|  19|0x0000000081300000, 0x0000000081400000, 0x0000000081400000|100%| O|  |TAMS 0x0000000081400000, 0x0000000081300000| Untracked 
|  20|0x0000000081400000, 0x0000000081500000, 0x0000000081500000|100%| O|  |TAMS 0x0000000081500000, 0x0000000081400000| Untracked 
|  21|0x0000000081500000, 0x0000000081600000, 0x0000000081600000|100%| O|  |TAMS 0x0000000081600000, 0x0000000081500000| Untracked 
|  22|0x0000000081600000, 0x0000000081700000, 0x0000000081700000|100%| O|  |TAMS 0x0000000081700000, 0x0000000081600000| Untracked 
|  23|0x0000000081700000, 0x0000000081800000, 0x0000000081800000|100%| O|  |TAMS 0x0000000081800000, 0x0000000081700000| Untracked 
|  24|0x0000000081800000, 0x0000000081900000, 0x0000000081900000|100%|HS|  |TAMS 0x0000000081900000, 0x0000000081800000| Complete 
|  25|0x0000000081900000, 0x0000000081a00000, 0x0000000081a00000|100%| O|  |TAMS 0x0000000081a00000, 0x0000000081900000| Untracked 
|  26|0x0000000081a00000, 0x0000000081b00000, 0x0000000081b00000|100%|HS|  |TAMS 0x0000000081b00000, 0x0000000081a00000| Complete 
|  27|0x0000000081b00000, 0x0000000081c00000, 0x0000000081c00000|100%|HC|  |TAMS 0x0000000081c00000, 0x0000000081b00000| Complete 
|  28|0x0000000081c00000, 0x0000000081d00000, 0x0000000081d00000|100%| O|  |TAMS 0x0000000081d00000, 0x0000000081c00000| Untracked 
|  29|0x0000000081d00000, 0x0000000081e00000, 0x0000000081e00000|100%| O|  |TAMS 0x0000000081e00000, 0x0000000081d00000| Untracked 
|  30|0x0000000081e00000, 0x0000000081f00000, 0x0000000081f00000|100%| O|  |TAMS 0x0000000081f00000, 0x0000000081e00000| Untracked 
|  31|0x0000000081f00000, 0x0000000082000000, 0x0000000082000000|100%| O|  |TAMS 0x0000000082000000, 0x0000000081f00000| Untracked 
|  32|0x0000000082000000, 0x0000000082100000, 0x0000000082100000|100%| O|  |TAMS 0x0000000082100000, 0x0000000082000000| Untracked 
|  33|0x0000000082100000, 0x0000000082200000, 0x0000000082200000|100%| O|  |TAMS 0x0000000082200000, 0x0000000082100000| Untracked 
|  34|0x0000000082200000, 0x0000000082300000, 0x0000000082300000|100%| O|  |TAMS 0x0000000082300000, 0x0000000082200000| Untracked 
|  35|0x0000000082300000, 0x0000000082400000, 0x0000000082400000|100%| O|  |TAMS 0x0000000082400000, 0x0000000082300000| Untracked 
|  36|0x0000000082400000, 0x0000000082500000, 0x0000000082500000|100%| O|  |TAMS 0x0000000082500000, 0x0000000082400000| Untracked 
|  37|0x0000000082500000, 0x0000000082600000, 0x0000000082600000|100%| O|  |TAMS 0x0000000082600000, 0x0000000082500000| Untracked 
|  38|0x0000000082600000, 0x0000000082700000, 0x0000000082700000|100%| O|  |TAMS 0x0000000082700000, 0x0000000082600000| Untracked 
|  39|0x0000000082700000, 0x0000000082800000, 0x0000000082800000|100%| O|  |TAMS 0x0000000082800000, 0x0000000082700000| Untracked 
|  40|0x0000000082800000, 0x0000000082900000, 0x0000000082900000|100%| O|  |TAMS 0x0000000082900000, 0x0000000082800000| Untracked 
|  41|0x0000000082900000, 0x0000000082a00000, 0x0000000082a00000|100%| O|  |TAMS 0x0000000082a00000, 0x0000000082900000| Untracked 
|  42|0x0000000082a00000, 0x0000000082b00000, 0x0000000082b00000|100%| O|  |TAMS 0x0000000082b00000, 0x0000000082a00000| Untracked 
|  43|0x0000000082b00000, 0x0000000082c00000, 0x0000000082c00000|100%| O|  |TAMS 0x0000000082c00000, 0x0000000082b00000| Untracked 
|  44|0x0000000082c00000, 0x0000000082d00000, 0x0000000082d00000|100%| O|  |TAMS 0x0000000082d00000, 0x0000000082c00000| Untracked 
|  45|0x0000000082d00000, 0x0000000082e00000, 0x0000000082e00000|100%| O|  |TAMS 0x0000000082e00000, 0x0000000082d00000| Untracked 
|  46|0x0000000082e00000, 0x0000000082f00000, 0x0000000082f00000|100%| O|  |TAMS 0x0000000082f00000, 0x0000000082e00000| Untracked 
|  47|0x0000000082f00000, 0x0000000083000000, 0x0000000083000000|100%| O|  |TAMS 0x0000000083000000, 0x0000000082f00000| Untracked 
|  48|0x0000000083000000, 0x0000000083100000, 0x0000000083100000|100%| O|  |TAMS 0x0000000083100000, 0x0000000083000000| Untracked 
|  49|0x0000000083100000, 0x0000000083200000, 0x0000000083200000|100%| O|  |TAMS 0x0000000083200000, 0x0000000083100000| Untracked 
|  50|0x0000000083200000, 0x0000000083300000, 0x0000000083300000|100%| O|  |TAMS 0x0000000083300000, 0x0000000083200000| Untracked 
|  51|0x0000000083300000, 0x0000000083400000, 0x0000000083400000|100%| O|  |TAMS 0x0000000083400000, 0x0000000083300000| Untracked 
|  52|0x0000000083400000, 0x0000000083500000, 0x0000000083500000|100%| O|  |TAMS 0x0000000083500000, 0x0000000083400000| Untracked 
|  53|0x0000000083500000, 0x0000000083600000, 0x0000000083600000|100%| O|  |TAMS 0x0000000083600000, 0x0000000083500000| Untracked 
|  54|0x0000000083600000, 0x0000000083700000, 0x0000000083700000|100%| O|  |TAMS 0x0000000083700000, 0x0000000083600000| Untracked 
|  55|0x0000000083700000, 0x00000000837ee800, 0x0000000083800000| 93%| O|  |TAMS 0x00000000837ee800, 0x0000000083700000| Untracked 
|  56|0x0000000083800000, 0x0000000083800000, 0x0000000083900000|  0%| F|  |TAMS 0x0000000083800000, 0x0000000083800000| Untracked 
|  57|0x0000000083900000, 0x0000000083900000, 0x0000000083a00000|  0%| F|  |TAMS 0x0000000083900000, 0x0000000083900000| Untracked 
|  58|0x0000000083a00000, 0x0000000083a00000, 0x0000000083b00000|  0%| F|  |TAMS 0x0000000083a00000, 0x0000000083a00000| Untracked 
|  59|0x0000000083b00000, 0x0000000083b00000, 0x0000000083c00000|  0%| F|  |TAMS 0x0000000083b00000, 0x0000000083b00000| Untracked 
|  60|0x0000000083c00000, 0x0000000083c00000, 0x0000000083d00000|  0%| F|  |TAMS 0x0000000083c00000, 0x0000000083c00000| Untracked 
|  61|0x0000000083d00000, 0x0000000083d00000, 0x0000000083e00000|  0%| F|  |TAMS 0x0000000083d00000, 0x0000000083d00000| Untracked 
|  62|0x0000000083e00000, 0x0000000083e00000, 0x0000000083f00000|  0%| F|  |TAMS 0x0000000083e00000, 0x0000000083e00000| Untracked 
|  63|0x0000000083f00000, 0x0000000083f00000, 0x0000000084000000|  0%| F|  |TAMS 0x0000000083f00000, 0x0000000083f00000| Untracked 
|  64|0x0000000084000000, 0x0000000084000000, 0x0000000084100000|  0%| F|  |TAMS 0x0000000084000000, 0x0000000084000000| Untracked 
|  65|0x0000000084100000, 0x0000000084100000, 0x0000000084200000|  0%| F|  |TAMS 0x0000000084100000, 0x0000000084100000| Untracked 
|  66|0x0000000084200000, 0x0000000084200000, 0x0000000084300000|  0%| F|  |TAMS 0x0000000084200000, 0x0000000084200000| Untracked 
|  67|0x0000000084300000, 0x0000000084300000, 0x0000000084400000|  0%| F|  |TAMS 0x0000000084300000, 0x0000000084300000| Untracked 
|  68|0x0000000084400000, 0x0000000084400000, 0x0000000084500000|  0%| F|  |TAMS 0x0000000084400000, 0x0000000084400000| Untracked 
|  69|0x0000000084500000, 0x0000000084500000, 0x0000000084600000|  0%| F|  |TAMS 0x0000000084500000, 0x0000000084500000| Untracked 
|  70|0x0000000084600000, 0x0000000084600000, 0x0000000084700000|  0%| F|  |TAMS 0x0000000084600000, 0x0000000084600000| Untracked 
|  71|0x0000000084700000, 0x0000000084700000, 0x0000000084800000|  0%| F|  |TAMS 0x0000000084700000, 0x0000000084700000| Untracked 
|  72|0x0000000084800000, 0x0000000084800000, 0x0000000084900000|  0%| F|  |TAMS 0x0000000084800000, 0x0000000084800000| Untracked 
|  73|0x0000000084900000, 0x0000000084900000, 0x0000000084a00000|  0%| F|  |TAMS 0x0000000084900000, 0x0000000084900000| Untracked 
|  74|0x0000000084a00000, 0x0000000084a00000, 0x0000000084b00000|  0%| F|  |TAMS 0x0000000084a00000, 0x0000000084a00000| Untracked 
|  75|0x0000000084b00000, 0x0000000084b00000, 0x0000000084c00000|  0%| F|  |TAMS 0x0000000084b00000, 0x0000000084b00000| Untracked 
|  76|0x0000000084c00000, 0x0000000084c00000, 0x0000000084d00000|  0%| F|  |TAMS 0x0000000084c00000, 0x0000000084c00000| Untracked 
|  77|0x0000000084d00000, 0x0000000084d00000, 0x0000000084e00000|  0%| F|  |TAMS 0x0000000084d00000, 0x0000000084d00000| Untracked 
|  78|0x0000000084e00000, 0x0000000084e00000, 0x0000000084f00000|  0%| F|  |TAMS 0x0000000084e00000, 0x0000000084e00000| Untracked 
|  79|0x0000000084f00000, 0x0000000084f00000, 0x0000000085000000|  0%| F|  |TAMS 0x0000000084f00000, 0x0000000084f00000| Untracked 
|  80|0x0000000085000000, 0x0000000085000000, 0x0000000085100000|  0%| F|  |TAMS 0x0000000085000000, 0x0000000085000000| Untracked 
|  81|0x0000000085100000, 0x0000000085100000, 0x0000000085200000|  0%| F|  |TAMS 0x0000000085100000, 0x0000000085100000| Untracked 
|  82|0x0000000085200000, 0x0000000085200000, 0x0000000085300000|  0%| F|  |TAMS 0x0000000085200000, 0x0000000085200000| Untracked 
|  83|0x0000000085300000, 0x0000000085300000, 0x0000000085400000|  0%| F|  |TAMS 0x0000000085300000, 0x0000000085300000| Untracked 
|  84|0x0000000085400000, 0x0000000085400000, 0x0000000085500000|  0%| F|  |TAMS 0x0000000085400000, 0x0000000085400000| Untracked 
|  85|0x0000000085500000, 0x0000000085500000, 0x0000000085600000|  0%| F|  |TAMS 0x0000000085500000, 0x0000000085500000| Untracked 
|  86|0x0000000085600000, 0x0000000085600000, 0x0000000085700000|  0%| F|  |TAMS 0x0000000085600000, 0x0000000085600000| Untracked 
|  87|0x0000000085700000, 0x0000000085700000, 0x0000000085800000|  0%| F|  |TAMS 0x0000000085700000, 0x0000000085700000| Untracked 
|  88|0x0000000085800000, 0x0000000085800000, 0x0000000085900000|  0%| F|  |TAMS 0x0000000085800000, 0x0000000085800000| Untracked 
|  89|0x0000000085900000, 0x0000000085900000, 0x0000000085a00000|  0%| F|  |TAMS 0x0000000085900000, 0x0000000085900000| Untracked 
|  90|0x0000000085a00000, 0x0000000085a00000, 0x0000000085b00000|  0%| F|  |TAMS 0x0000000085a00000, 0x0000000085a00000| Untracked 
|  91|0x0000000085b00000, 0x0000000085b00000, 0x0000000085c00000|  0%| F|  |TAMS 0x0000000085b00000, 0x0000000085b00000| Untracked 
|  92|0x0000000085c00000, 0x0000000085c00000, 0x0000000085d00000|  0%| F|  |TAMS 0x0000000085c00000, 0x0000000085c00000| Untracked 
|  93|0x0000000085d00000, 0x0000000085d00000, 0x0000000085e00000|  0%| F|  |TAMS 0x0000000085d00000, 0x0000000085d00000| Untracked 
|  94|0x0000000085e00000, 0x0000000085e00000, 0x0000000085f00000|  0%| F|  |TAMS 0x0000000085e00000, 0x0000000085e00000| Untracked 
|  95|0x0000000085f00000, 0x0000000085f00000, 0x0000000086000000|  0%| F|  |TAMS 0x0000000085f00000, 0x0000000085f00000| Untracked 
|  96|0x0000000086000000, 0x0000000086000000, 0x0000000086100000|  0%| F|  |TAMS 0x0000000086000000, 0x0000000086000000| Untracked 
|  97|0x0000000086100000, 0x0000000086100000, 0x0000000086200000|  0%| F|  |TAMS 0x0000000086100000, 0x0000000086100000| Untracked 
|  98|0x0000000086200000, 0x0000000086200000, 0x0000000086300000|  0%| F|  |TAMS 0x0000000086200000, 0x0000000086200000| Untracked 
|  99|0x0000000086300000, 0x0000000086300000, 0x0000000086400000|  0%| F|  |TAMS 0x0000000086300000, 0x0000000086300000| Untracked 
| 100|0x0000000086400000, 0x0000000086400000, 0x0000000086500000|  0%| F|  |TAMS 0x0000000086400000, 0x0000000086400000| Untracked 
| 101|0x0000000086500000, 0x0000000086500000, 0x0000000086600000|  0%| F|  |TAMS 0x0000000086500000, 0x0000000086500000| Untracked 
| 102|0x0000000086600000, 0x0000000086600000, 0x0000000086700000|  0%| F|  |TAMS 0x0000000086600000, 0x0000000086600000| Untracked 
| 103|0x0000000086700000, 0x0000000086700000, 0x0000000086800000|  0%| F|  |TAMS 0x0000000086700000, 0x0000000086700000| Untracked 
| 104|0x0000000086800000, 0x0000000086800000, 0x0000000086900000|  0%| F|  |TAMS 0x0000000086800000, 0x0000000086800000| Untracked 
| 105|0x0000000086900000, 0x0000000086900000, 0x0000000086a00000|  0%| F|  |TAMS 0x0000000086900000, 0x0000000086900000| Untracked 
| 106|0x0000000086a00000, 0x0000000086a00000, 0x0000000086b00000|  0%| F|  |TAMS 0x0000000086a00000, 0x0000000086a00000| Untracked 
| 107|0x0000000086b00000, 0x0000000086b00000, 0x0000000086c00000|  0%| F|  |TAMS 0x0000000086b00000, 0x0000000086b00000| Untracked 
| 108|0x0000000086c00000, 0x0000000086c00000, 0x0000000086d00000|  0%| F|  |TAMS 0x0000000086c00000, 0x0000000086c00000| Untracked 
| 109|0x0000000086d00000, 0x0000000086d00000, 0x0000000086e00000|  0%| F|  |TAMS 0x0000000086d00000, 0x0000000086d00000| Untracked 
| 110|0x0000000086e00000, 0x0000000086e00000, 0x0000000086f00000|  0%| F|  |TAMS 0x0000000086e00000, 0x0000000086e00000| Untracked 
| 111|0x0000000086f00000, 0x0000000086f00000, 0x0000000087000000|  0%| F|  |TAMS 0x0000000086f00000, 0x0000000086f00000| Untracked 
| 112|0x0000000087000000, 0x0000000087000000, 0x0000000087100000|  0%| F|  |TAMS 0x0000000087000000, 0x0000000087000000| Untracked 
| 113|0x0000000087100000, 0x0000000087100000, 0x0000000087200000|  0%| F|  |TAMS 0x0000000087100000, 0x0000000087100000| Untracked 
| 114|0x0000000087200000, 0x0000000087200000, 0x0000000087300000|  0%| F|  |TAMS 0x0000000087200000, 0x0000000087200000| Untracked 
| 115|0x0000000087300000, 0x0000000087300000, 0x0000000087400000|  0%| F|  |TAMS 0x0000000087300000, 0x0000000087300000| Untracked 
| 116|0x0000000087400000, 0x0000000087400000, 0x0000000087500000|  0%| F|  |TAMS 0x0000000087400000, 0x0000000087400000| Untracked 
| 117|0x0000000087500000, 0x0000000087500000, 0x0000000087600000|  0%| F|  |TAMS 0x0000000087500000, 0x0000000087500000| Untracked 
| 118|0x0000000087600000, 0x0000000087600000, 0x0000000087700000|  0%| F|  |TAMS 0x0000000087600000, 0x0000000087600000| Untracked 
| 119|0x0000000087700000, 0x0000000087700000, 0x0000000087800000|  0%| F|  |TAMS 0x0000000087700000, 0x0000000087700000| Untracked 
| 120|0x0000000087800000, 0x0000000087848350, 0x0000000087900000| 28%| S|CS|TAMS 0x0000000087800000, 0x0000000087800000| Complete 
| 121|0x0000000087900000, 0x0000000087a00000, 0x0000000087a00000|100%| S|CS|TAMS 0x0000000087900000, 0x0000000087900000| Complete 
| 122|0x0000000087a00000, 0x0000000087b00000, 0x0000000087b00000|100%| S|CS|TAMS 0x0000000087a00000, 0x0000000087a00000| Complete 
| 123|0x0000000087b00000, 0x0000000087c00000, 0x0000000087c00000|100%| S|CS|TAMS 0x0000000087b00000, 0x0000000087b00000| Complete 
| 124|0x0000000087c00000, 0x0000000087d00000, 0x0000000087d00000|100%| S|CS|TAMS 0x0000000087c00000, 0x0000000087c00000| Complete 
| 125|0x0000000087d00000, 0x0000000087e00000, 0x0000000087e00000|100%| S|CS|TAMS 0x0000000087d00000, 0x0000000087d00000| Complete 
| 126|0x0000000087e00000, 0x0000000087f00000, 0x0000000087f00000|100%| S|CS|TAMS 0x0000000087e00000, 0x0000000087e00000| Complete 
| 127|0x0000000087f00000, 0x0000000088000000, 0x0000000088000000|100%| S|CS|TAMS 0x0000000087f00000, 0x0000000087f00000| Complete 
| 128|0x0000000088000000, 0x0000000088100000, 0x0000000088100000|100%| S|CS|TAMS 0x0000000088000000, 0x0000000088000000| Complete 
| 129|0x0000000088100000, 0x0000000088100000, 0x0000000088200000|  0%| F|  |TAMS 0x0000000088100000, 0x0000000088100000| Untracked 
| 130|0x0000000088200000, 0x0000000088200000, 0x0000000088300000|  0%| F|  |TAMS 0x0000000088200000, 0x0000000088200000| Untracked 
| 131|0x0000000088300000, 0x0000000088300000, 0x0000000088400000|  0%| F|  |TAMS 0x0000000088300000, 0x0000000088300000| Untracked 
| 132|0x0000000088400000, 0x0000000088400000, 0x0000000088500000|  0%| F|  |TAMS 0x0000000088400000, 0x0000000088400000| Untracked 
| 133|0x0000000088500000, 0x0000000088500000, 0x0000000088600000|  0%| F|  |TAMS 0x0000000088500000, 0x0000000088500000| Untracked 
| 134|0x0000000088600000, 0x0000000088600000, 0x0000000088700000|  0%| F|  |TAMS 0x0000000088600000, 0x0000000088600000| Untracked 
| 135|0x0000000088700000, 0x0000000088700000, 0x0000000088800000|  0%| F|  |TAMS 0x0000000088700000, 0x0000000088700000| Untracked 
| 136|0x0000000088800000, 0x0000000088800000, 0x0000000088900000|  0%| F|  |TAMS 0x0000000088800000, 0x0000000088800000| Untracked 
| 137|0x0000000088900000, 0x0000000088900000, 0x0000000088a00000|  0%| F|  |TAMS 0x0000000088900000, 0x0000000088900000| Untracked 
| 138|0x0000000088a00000, 0x0000000088a00000, 0x0000000088b00000|  0%| F|  |TAMS 0x0000000088a00000, 0x0000000088a00000| Untracked 
| 139|0x0000000088b00000, 0x0000000088b00000, 0x0000000088c00000|  0%| F|  |TAMS 0x0000000088b00000, 0x0000000088b00000| Untracked 
| 140|0x0000000088c00000, 0x0000000088c00000, 0x0000000088d00000|  0%| F|  |TAMS 0x0000000088c00000, 0x0000000088c00000| Untracked 
| 141|0x0000000088d00000, 0x0000000088d00000, 0x0000000088e00000|  0%| F|  |TAMS 0x0000000088d00000, 0x0000000088d00000| Untracked 
| 142|0x0000000088e00000, 0x0000000088e00000, 0x0000000088f00000|  0%| F|  |TAMS 0x0000000088e00000, 0x0000000088e00000| Untracked 
| 143|0x0000000088f00000, 0x0000000088f00000, 0x0000000089000000|  0%| F|  |TAMS 0x0000000088f00000, 0x0000000088f00000| Untracked 
| 144|0x0000000089000000, 0x0000000089000000, 0x0000000089100000|  0%| F|  |TAMS 0x0000000089000000, 0x0000000089000000| Untracked 
| 145|0x0000000089100000, 0x0000000089100000, 0x0000000089200000|  0%| F|  |TAMS 0x0000000089100000, 0x0000000089100000| Untracked 
| 146|0x0000000089200000, 0x0000000089200000, 0x0000000089300000|  0%| F|  |TAMS 0x0000000089200000, 0x0000000089200000| Untracked 
| 147|0x0000000089300000, 0x0000000089300000, 0x0000000089400000|  0%| F|  |TAMS 0x0000000089300000, 0x0000000089300000| Untracked 
| 148|0x0000000089400000, 0x0000000089400000, 0x0000000089500000|  0%| F|  |TAMS 0x0000000089400000, 0x0000000089400000| Untracked 
| 149|0x0000000089500000, 0x0000000089500000, 0x0000000089600000|  0%| F|  |TAMS 0x0000000089500000, 0x0000000089500000| Untracked 
| 150|0x0000000089600000, 0x0000000089600000, 0x0000000089700000|  0%| F|  |TAMS 0x0000000089600000, 0x0000000089600000| Untracked 
| 151|0x0000000089700000, 0x0000000089700000, 0x0000000089800000|  0%| F|  |TAMS 0x0000000089700000, 0x0000000089700000| Untracked 
| 152|0x0000000089800000, 0x0000000089800000, 0x0000000089900000|  0%| F|  |TAMS 0x0000000089800000, 0x0000000089800000| Untracked 
| 153|0x0000000089900000, 0x0000000089900000, 0x0000000089a00000|  0%| F|  |TAMS 0x0000000089900000, 0x0000000089900000| Untracked 
| 154|0x0000000089a00000, 0x0000000089a00000, 0x0000000089b00000|  0%| F|  |TAMS 0x0000000089a00000, 0x0000000089a00000| Untracked 
| 155|0x0000000089b00000, 0x0000000089b00000, 0x0000000089c00000|  0%| F|  |TAMS 0x0000000089b00000, 0x0000000089b00000| Untracked 
| 156|0x0000000089c00000, 0x0000000089caea28, 0x0000000089d00000| 68%| E|  |TAMS 0x0000000089c00000, 0x0000000089c00000| Complete 
| 157|0x0000000089d00000, 0x0000000089e00000, 0x0000000089e00000|100%| E|CS|TAMS 0x0000000089d00000, 0x0000000089d00000| Complete 
| 158|0x0000000089e00000, 0x0000000089f00000, 0x0000000089f00000|100%| E|CS|TAMS 0x0000000089e00000, 0x0000000089e00000| Complete 
| 159|0x0000000089f00000, 0x000000008a000000, 0x000000008a000000|100%| E|CS|TAMS 0x0000000089f00000, 0x0000000089f00000| Complete 
| 160|0x000000008a000000, 0x000000008a100000, 0x000000008a100000|100%| E|CS|TAMS 0x000000008a000000, 0x000000008a000000| Complete 
| 161|0x000000008a100000, 0x000000008a200000, 0x000000008a200000|100%| E|CS|TAMS 0x000000008a100000, 0x000000008a100000| Complete 
| 162|0x000000008a200000, 0x000000008a300000, 0x000000008a300000|100%| E|CS|TAMS 0x000000008a200000, 0x000000008a200000| Complete 
| 163|0x000000008a300000, 0x000000008a400000, 0x000000008a400000|100%| E|CS|TAMS 0x000000008a300000, 0x000000008a300000| Complete 
| 164|0x000000008a400000, 0x000000008a500000, 0x000000008a500000|100%| E|CS|TAMS 0x000000008a400000, 0x000000008a400000| Complete 
| 165|0x000000008a500000, 0x000000008a600000, 0x000000008a600000|100%| E|CS|TAMS 0x000000008a500000, 0x000000008a500000| Complete 
| 166|0x000000008a600000, 0x000000008a700000, 0x000000008a700000|100%| E|CS|TAMS 0x000000008a600000, 0x000000008a600000| Complete 
| 167|0x000000008a700000, 0x000000008a800000, 0x000000008a800000|100%| E|CS|TAMS 0x000000008a700000, 0x000000008a700000| Complete 
| 168|0x000000008a800000, 0x000000008a900000, 0x000000008a900000|100%| E|CS|TAMS 0x000000008a800000, 0x000000008a800000| Complete 
| 169|0x000000008a900000, 0x000000008aa00000, 0x000000008aa00000|100%| E|CS|TAMS 0x000000008a900000, 0x000000008a900000| Complete 
| 170|0x000000008aa00000, 0x000000008ab00000, 0x000000008ab00000|100%| E|CS|TAMS 0x000000008aa00000, 0x000000008aa00000| Complete 
| 171|0x000000008ab00000, 0x000000008ac00000, 0x000000008ac00000|100%| E|CS|TAMS 0x000000008ab00000, 0x000000008ab00000| Complete 
| 172|0x000000008ac00000, 0x000000008ad00000, 0x000000008ad00000|100%| E|CS|TAMS 0x000000008ac00000, 0x000000008ac00000| Complete 
| 173|0x000000008ad00000, 0x000000008ae00000, 0x000000008ae00000|100%| E|CS|TAMS 0x000000008ad00000, 0x000000008ad00000| Complete 
| 174|0x000000008ae00000, 0x000000008af00000, 0x000000008af00000|100%| E|CS|TAMS 0x000000008ae00000, 0x000000008ae00000| Complete 
| 175|0x000000008af00000, 0x000000008b000000, 0x000000008b000000|100%| E|CS|TAMS 0x000000008af00000, 0x000000008af00000| Complete 
| 176|0x000000008b000000, 0x000000008b100000, 0x000000008b100000|100%| E|CS|TAMS 0x000000008b000000, 0x000000008b000000| Complete 
| 177|0x000000008b100000, 0x000000008b200000, 0x000000008b200000|100%| E|CS|TAMS 0x000000008b100000, 0x000000008b100000| Complete 
| 178|0x000000008b200000, 0x000000008b300000, 0x000000008b300000|100%| E|CS|TAMS 0x000000008b200000, 0x000000008b200000| Complete 
| 179|0x000000008b300000, 0x000000008b400000, 0x000000008b400000|100%| E|CS|TAMS 0x000000008b300000, 0x000000008b300000| Complete 
| 180|0x000000008b400000, 0x000000008b500000, 0x000000008b500000|100%| E|CS|TAMS 0x000000008b400000, 0x000000008b400000| Complete 
| 181|0x000000008b500000, 0x000000008b600000, 0x000000008b600000|100%| E|CS|TAMS 0x000000008b500000, 0x000000008b500000| Complete 
| 182|0x000000008b600000, 0x000000008b700000, 0x000000008b700000|100%| E|CS|TAMS 0x000000008b600000, 0x000000008b600000| Complete 
| 183|0x000000008b700000, 0x000000008b800000, 0x000000008b800000|100%| E|CS|TAMS 0x000000008b700000, 0x000000008b700000| Complete 
| 184|0x000000008b800000, 0x000000008b900000, 0x000000008b900000|100%| E|CS|TAMS 0x000000008b800000, 0x000000008b800000| Complete 
| 185|0x000000008b900000, 0x000000008ba00000, 0x000000008ba00000|100%| E|  |TAMS 0x000000008b900000, 0x000000008b900000| Complete 
| 186|0x000000008ba00000, 0x000000008bb00000, 0x000000008bb00000|100%| E|CS|TAMS 0x000000008ba00000, 0x000000008ba00000| Complete 
| 187|0x000000008bb00000, 0x000000008bc00000, 0x000000008bc00000|100%| E|CS|TAMS 0x000000008bb00000, 0x000000008bb00000| Complete 
| 188|0x000000008bc00000, 0x000000008bd00000, 0x000000008bd00000|100%| E|CS|TAMS 0x000000008bc00000, 0x000000008bc00000| Complete 
| 189|0x000000008bd00000, 0x000000008be00000, 0x000000008be00000|100%| E|CS|TAMS 0x000000008bd00000, 0x000000008bd00000| Complete 
| 190|0x000000008be00000, 0x000000008bf00000, 0x000000008bf00000|100%| E|CS|TAMS 0x000000008be00000, 0x000000008be00000| Complete 
| 191|0x000000008bf00000, 0x000000008c000000, 0x000000008c000000|100%| E|CS|TAMS 0x000000008bf00000, 0x000000008bf00000| Complete 
| 192|0x000000008c000000, 0x000000008c100000, 0x000000008c100000|100%| E|CS|TAMS 0x000000008c000000, 0x000000008c000000| Complete 
| 193|0x000000008c100000, 0x000000008c200000, 0x000000008c200000|100%| E|CS|TAMS 0x000000008c100000, 0x000000008c100000| Complete 
| 194|0x000000008c200000, 0x000000008c300000, 0x000000008c300000|100%| E|CS|TAMS 0x000000008c200000, 0x000000008c200000| Complete 
| 195|0x000000008c300000, 0x000000008c400000, 0x000000008c400000|100%| E|CS|TAMS 0x000000008c300000, 0x000000008c300000| Complete 
| 196|0x000000008c400000, 0x000000008c500000, 0x000000008c500000|100%| E|CS|TAMS 0x000000008c400000, 0x000000008c400000| Complete 
| 197|0x000000008c500000, 0x000000008c600000, 0x000000008c600000|100%| E|CS|TAMS 0x000000008c500000, 0x000000008c500000| Complete 
| 198|0x000000008c600000, 0x000000008c700000, 0x000000008c700000|100%| E|CS|TAMS 0x000000008c600000, 0x000000008c600000| Complete 
| 199|0x000000008c700000, 0x000000008c800000, 0x000000008c800000|100%| E|CS|TAMS 0x000000008c700000, 0x000000008c700000| Complete 
| 200|0x000000008c800000, 0x000000008c900000, 0x000000008c900000|100%| E|CS|TAMS 0x000000008c800000, 0x000000008c800000| Complete 
| 201|0x000000008c900000, 0x000000008ca00000, 0x000000008ca00000|100%| E|CS|TAMS 0x000000008c900000, 0x000000008c900000| Complete 
| 202|0x000000008ca00000, 0x000000008cb00000, 0x000000008cb00000|100%| E|CS|TAMS 0x000000008ca00000, 0x000000008ca00000| Complete 
| 203|0x000000008cb00000, 0x000000008cc00000, 0x000000008cc00000|100%| E|CS|TAMS 0x000000008cb00000, 0x000000008cb00000| Complete 
| 204|0x000000008cc00000, 0x000000008cd00000, 0x000000008cd00000|100%| E|CS|TAMS 0x000000008cc00000, 0x000000008cc00000| Complete 
| 205|0x000000008cd00000, 0x000000008ce00000, 0x000000008ce00000|100%| E|CS|TAMS 0x000000008cd00000, 0x000000008cd00000| Complete 
| 206|0x000000008ce00000, 0x000000008cf00000, 0x000000008cf00000|100%| E|CS|TAMS 0x000000008ce00000, 0x000000008ce00000| Complete 
| 207|0x000000008cf00000, 0x000000008d000000, 0x000000008d000000|100%| E|CS|TAMS 0x000000008cf00000, 0x000000008cf00000| Complete 
| 208|0x000000008d000000, 0x000000008d100000, 0x000000008d100000|100%| E|CS|TAMS 0x000000008d000000, 0x000000008d000000| Complete 
| 209|0x000000008d100000, 0x000000008d200000, 0x000000008d200000|100%| E|CS|TAMS 0x000000008d100000, 0x000000008d100000| Complete 
| 210|0x000000008d200000, 0x000000008d300000, 0x000000008d300000|100%| E|CS|TAMS 0x000000008d200000, 0x000000008d200000| Complete 
| 211|0x000000008d300000, 0x000000008d400000, 0x000000008d400000|100%| E|CS|TAMS 0x000000008d300000, 0x000000008d300000| Complete 
| 212|0x000000008d400000, 0x000000008d500000, 0x000000008d500000|100%| E|CS|TAMS 0x000000008d400000, 0x000000008d400000| Complete 
| 213|0x000000008d500000, 0x000000008d600000, 0x000000008d600000|100%| E|CS|TAMS 0x000000008d500000, 0x000000008d500000| Complete 
| 214|0x000000008d600000, 0x000000008d700000, 0x000000008d700000|100%| E|CS|TAMS 0x000000008d600000, 0x000000008d600000| Complete 
| 215|0x000000008d700000, 0x000000008d800000, 0x000000008d800000|100%| E|CS|TAMS 0x000000008d700000, 0x000000008d700000| Complete 
| 216|0x000000008d800000, 0x000000008d900000, 0x000000008d900000|100%| E|CS|TAMS 0x000000008d800000, 0x000000008d800000| Complete 
| 217|0x000000008d900000, 0x000000008da00000, 0x000000008da00000|100%| E|CS|TAMS 0x000000008d900000, 0x000000008d900000| Complete 
| 218|0x000000008da00000, 0x000000008db00000, 0x000000008db00000|100%| E|CS|TAMS 0x000000008da00000, 0x000000008da00000| Complete 
| 219|0x000000008db00000, 0x000000008dc00000, 0x000000008dc00000|100%| E|CS|TAMS 0x000000008db00000, 0x000000008db00000| Complete 
| 220|0x000000008dc00000, 0x000000008dd00000, 0x000000008dd00000|100%| E|CS|TAMS 0x000000008dc00000, 0x000000008dc00000| Complete 
| 221|0x000000008dd00000, 0x000000008de00000, 0x000000008de00000|100%| E|CS|TAMS 0x000000008dd00000, 0x000000008dd00000| Complete 
| 222|0x000000008de00000, 0x000000008df00000, 0x000000008df00000|100%| E|CS|TAMS 0x000000008de00000, 0x000000008de00000| Complete 
| 223|0x000000008df00000, 0x000000008e000000, 0x000000008e000000|100%| E|CS|TAMS 0x000000008df00000, 0x000000008df00000| Complete 
| 224|0x000000008e000000, 0x000000008e100000, 0x000000008e100000|100%| E|CS|TAMS 0x000000008e000000, 0x000000008e000000| Complete 
| 225|0x000000008e100000, 0x000000008e200000, 0x000000008e200000|100%| E|CS|TAMS 0x000000008e100000, 0x000000008e100000| Complete 
| 226|0x000000008e200000, 0x000000008e300000, 0x000000008e300000|100%| E|CS|TAMS 0x000000008e200000, 0x000000008e200000| Complete 
| 227|0x000000008e300000, 0x000000008e400000, 0x000000008e400000|100%| E|CS|TAMS 0x000000008e300000, 0x000000008e300000| Complete 
| 228|0x000000008e400000, 0x000000008e500000, 0x000000008e500000|100%| E|CS|TAMS 0x000000008e400000, 0x000000008e400000| Complete 
| 229|0x000000008e500000, 0x000000008e600000, 0x000000008e600000|100%| E|CS|TAMS 0x000000008e500000, 0x000000008e500000| Complete 
| 230|0x000000008e600000, 0x000000008e700000, 0x000000008e700000|100%| E|CS|TAMS 0x000000008e600000, 0x000000008e600000| Complete 
| 231|0x000000008e700000, 0x000000008e800000, 0x000000008e800000|100%| E|CS|TAMS 0x000000008e700000, 0x000000008e700000| Complete 
| 232|0x000000008e800000, 0x000000008e900000, 0x000000008e900000|100%| E|CS|TAMS 0x000000008e800000, 0x000000008e800000| Complete 
| 233|0x000000008e900000, 0x000000008ea00000, 0x000000008ea00000|100%| E|CS|TAMS 0x000000008e900000, 0x000000008e900000| Complete 
| 234|0x000000008ea00000, 0x000000008eb00000, 0x000000008eb00000|100%| E|CS|TAMS 0x000000008ea00000, 0x000000008ea00000| Complete 
| 235|0x000000008eb00000, 0x000000008ec00000, 0x000000008ec00000|100%| E|CS|TAMS 0x000000008eb00000, 0x000000008eb00000| Complete 
| 236|0x000000008ec00000, 0x000000008ed00000, 0x000000008ed00000|100%| E|CS|TAMS 0x000000008ec00000, 0x000000008ec00000| Complete 
| 237|0x000000008ed00000, 0x000000008ee00000, 0x000000008ee00000|100%| E|CS|TAMS 0x000000008ed00000, 0x000000008ed00000| Complete 
| 238|0x000000008ee00000, 0x000000008ef00000, 0x000000008ef00000|100%| E|CS|TAMS 0x000000008ee00000, 0x000000008ee00000| Complete 
| 239|0x000000008ef00000, 0x000000008f000000, 0x000000008f000000|100%| E|CS|TAMS 0x000000008ef00000, 0x000000008ef00000| Complete 
| 240|0x000000008f000000, 0x000000008f100000, 0x000000008f100000|100%| E|CS|TAMS 0x000000008f000000, 0x000000008f000000| Complete 
| 241|0x000000008f100000, 0x000000008f200000, 0x000000008f200000|100%| E|CS|TAMS 0x000000008f100000, 0x000000008f100000| Complete 
| 242|0x000000008f200000, 0x000000008f300000, 0x000000008f300000|100%| E|CS|TAMS 0x000000008f200000, 0x000000008f200000| Complete 
| 243|0x000000008f300000, 0x000000008f400000, 0x000000008f400000|100%| E|CS|TAMS 0x000000008f300000, 0x000000008f300000| Complete 
| 244|0x000000008f400000, 0x000000008f500000, 0x000000008f500000|100%| E|CS|TAMS 0x000000008f400000, 0x000000008f400000| Complete 
| 245|0x000000008f500000, 0x000000008f600000, 0x000000008f600000|100%| E|CS|TAMS 0x000000008f500000, 0x000000008f500000| Complete 
| 246|0x000000008f600000, 0x000000008f700000, 0x000000008f700000|100%| E|CS|TAMS 0x000000008f600000, 0x000000008f600000| Complete 
| 247|0x000000008f700000, 0x000000008f800000, 0x000000008f800000|100%| E|CS|TAMS 0x000000008f700000, 0x000000008f700000| Complete 
| 248|0x000000008f800000, 0x000000008f900000, 0x000000008f900000|100%| E|CS|TAMS 0x000000008f800000, 0x000000008f800000| Complete 
| 249|0x000000008f900000, 0x000000008fa00000, 0x000000008fa00000|100%| E|CS|TAMS 0x000000008f900000, 0x000000008f900000| Complete 
| 250|0x000000008fa00000, 0x000000008fb00000, 0x000000008fb00000|100%| E|CS|TAMS 0x000000008fa00000, 0x000000008fa00000| Complete 
| 251|0x000000008fb00000, 0x000000008fc00000, 0x000000008fc00000|100%| E|CS|TAMS 0x000000008fb00000, 0x000000008fb00000| Complete 
| 252|0x000000008fc00000, 0x000000008fd00000, 0x000000008fd00000|100%| E|CS|TAMS 0x000000008fc00000, 0x000000008fc00000| Complete 
| 253|0x000000008fd00000, 0x000000008fe00000, 0x000000008fe00000|100%| E|CS|TAMS 0x000000008fd00000, 0x000000008fd00000| Complete 

Card table byte_map: [0x0000018cf0120000,0x0000018cf0520000] _byte_map_base: 0x0000018cefd20000

Marking Bits (Prev, Next): (CMBitMap*) 0x0000018cdd2439f0, (CMBitMap*) 0x0000018cdd2439b8
 Prev Bits: [0x0000018cf2920000, 0x0000018cf4920000)
 Next Bits: [0x0000018cf0920000, 0x0000018cf2920000)

Polling page: 0x0000018cdb1a0000

Metaspace:

Usage:
  Non-class:     74.48 MB capacity,    72.99 MB ( 98%) used,     1.26 MB (  2%) free+waste,   237.00 KB ( <1%) overhead. 
      Class:     11.61 MB capacity,    10.85 MB ( 93%) used,   672.27 KB (  6%) free+waste,   109.31 KB ( <1%) overhead. 
       Both:     86.09 MB capacity,    83.84 MB ( 97%) used,     1.92 MB (  2%) free+waste,   346.31 KB ( <1%) overhead. 

Virtual space:
  Non-class space:       76.00 MB reserved,      74.48 MB ( 98%) committed 
      Class space:        1.00 GB reserved,      11.62 MB (  1%) committed 
             Both:        1.07 GB reserved,      86.11 MB (  8%) committed 

Chunk freelists:
   Non-Class:  3.00 KB
       Class:  15.00 KB
        Both:  18.00 KB

MaxMetaspaceSize: 17179869184.00 GB
CompressedClassSpaceSize: 1.00 GB
Initial GC threshold: 20.80 MB
Current GC threshold: 136.43 MB
CDS: off

CodeHeap 'non-profiled nmethods': size=120064Kb used=5037Kb max_used=5037Kb free=115026Kb
 bounds [0x0000018ce87e0000, 0x0000018ce8cd0000, 0x0000018cefd20000]
CodeHeap 'profiled nmethods': size=120000Kb used=18589Kb max_used=18589Kb free=101410Kb
 bounds [0x0000018ce12b0000, 0x0000018ce24e0000, 0x0000018ce87e0000]
CodeHeap 'non-nmethods': size=5696Kb used=2364Kb max_used=2414Kb free=3331Kb
 bounds [0x0000018ce0d20000, 0x0000018ce0f90000, 0x0000018ce12b0000]
 total_blobs=9416 nmethods=8526 adapters=803
 compilation: enabled
              stopped_count=0, restarted_count=0
 full_count=0

Compilation events (20 events):
Event: 15.584 Thread 0x0000018cf76d6800 8499       4       java.util.concurrent.ConcurrentLinkedQueue::poll (84 bytes)
Event: 15.594 Thread 0x0000018cf76d6800 nmethod 8499 0x0000018ce8cc4d90 code [0x0000018ce8cc4f40, 0x0000018ce8cc54d8]
Event: 16.362 Thread 0x0000018cf76df800 8500       3       javax.management.ObjectName::addProperty (80 bytes)
Event: 16.363 Thread 0x0000018cf76df800 nmethod 8500 0x0000018ce24b4190 code [0x0000018ce24b43c0, 0x0000018ce24b4b88]
Event: 16.363 Thread 0x0000018cf76df800 8501       3       java.util.Collections$EmptyList::spliterator (4 bytes)
Event: 16.363 Thread 0x0000018cf76df800 nmethod 8501 0x0000018ce24b4e10 code [0x0000018ce24b4fc0, 0x0000018ce24b5118]
Event: 16.363 Thread 0x0000018cf76df800 8502       3       java.util.Spliterators$EmptySpliterator$OfRef::forEachRemaining (6 bytes)
Event: 16.364 Thread 0x0000018cf76df800 nmethod 8502 0x0000018ce24b5210 code [0x0000018ce24b53e0, 0x0000018ce24b5688]
Event: 17.371 Thread 0x0000018cf76df800 8503   !   3       java.util.stream.ReferencePipeline$7$1::accept (127 bytes)
Event: 17.374 Thread 0x0000018cf76df800 nmethod 8503 0x0000018ce24b5790 code [0x0000018ce24b5a20, 0x0000018ce24b67b8]
Event: 17.374 Thread 0x0000018cf76df800 8504       3       java.util.stream.AbstractPipeline::sequential (10 bytes)
Event: 17.374 Thread 0x0000018cf76df800 nmethod 8504 0x0000018ce24b6c90 code [0x0000018ce24b6e40, 0x0000018ce24b6f58]
Event: 17.374 Thread 0x0000018cf76df800 8505       3       java.util.stream.AbstractPipeline::close (48 bytes)
Event: 17.375 Thread 0x0000018cf76df800 nmethod 8505 0x0000018ce24b7010 code [0x0000018ce24b71e0, 0x0000018ce24b7468]
Event: 18.360 Thread 0x0000018cf76d6800 8506       4       java.util.Spliterator::getExactSizeIfKnown (25 bytes)
Event: 18.360 Thread 0x0000018cf76d6800 nmethod 8506 0x0000018ce8cc5710 code [0x0000018ce8cc58a0, 0x0000018ce8cc5958]
Event: 18.360 Thread 0x0000018cf76d6800 8507       4       java.util.Collection::stream (11 bytes)
Event: 18.364 Thread 0x0000018cf76d6800 nmethod 8507 0x0000018ce8cc5a10 code [0x0000018ce8cc5bc0, 0x0000018ce8cc5f68]
Event: 18.518 Thread 0x0000018cf76d6800 8508       4       java.util.Spliterators$ArraySpliterator::estimateSize (11 bytes)
Event: 18.518 Thread 0x0000018cf76d6800 nmethod 8508 0x0000018ce8cc6110 code [0x0000018ce8cc62a0, 0x0000018ce8cc6318]

GC Heap History (20 events):
Event: 2.734 GC heap before
{Heap before GC invocations=1 (full 0):
 garbage-first heap   total 260096K, used 115567K [0x0000000080000000, 0x0000000100000000)
  region size 1024K, 108 young (110592K), 2 survivors (2048K)
 Metaspace       used 20875K, capacity 21213K, committed 21296K, reserved 1069056K
  class space    used 2511K, capacity 2651K, committed 2688K, reserved 1048576K
}
Event: 2.743 GC heap after
{Heap after GC invocations=2 (full 0):
 garbage-first heap   total 260096K, used 16997K [0x0000000080000000, 0x0000000100000000)
  region size 1024K, 12 young (12288K), 12 survivors (12288K)
 Metaspace       used 20875K, capacity 21213K, committed 21296K, reserved 1069056K
  class space    used 2511K, capacity 2651K, committed 2688K, reserved 1048576K
}
Event: 3.062 GC heap before
{Heap before GC invocations=3 (full 0):
 garbage-first heap   total 260096K, used 38501K [0x0000000080000000, 0x0000000100000000)
  region size 1024K, 34 young (34816K), 12 survivors (12288K)
 Metaspace       used 22902K, capacity 23456K, committed 23728K, reserved 1071104K
  class space    used 2868K, capacity 3065K, committed 3072K, reserved 1048576K
}
Event: 3.070 GC heap after
{Heap after GC invocations=4 (full 0):
 garbage-first heap   total 260096K, used 17937K [0x0000000080000000, 0x0000000100000000)
  region size 1024K, 2 young (2048K), 2 survivors (2048K)
 Metaspace       used 22902K, capacity 23456K, committed 23728K, reserved 1071104K
  class space    used 2868K, capacity 3065K, committed 3072K, reserved 1048576K
}
Event: 4.264 GC heap before
{Heap before GC invocations=4 (full 0):
 garbage-first heap   total 260096K, used 78353K [0x0000000080000000, 0x0000000100000000)
  region size 1024K, 61 young (62464K), 2 survivors (2048K)
 Metaspace       used 29135K, capacity 29784K, committed 30000K, reserved 1075200K
  class space    used 3841K, capacity 4099K, committed 4224K, reserved 1048576K
}
Event: 4.269 GC heap after
{Heap after GC invocations=5 (full 0):
 garbage-first heap   total 260096K, used 19713K [0x0000000080000000, 0x0000000100000000)
  region size 1024K, 3 young (3072K), 3 survivors (3072K)
 Metaspace       used 29135K, capacity 29784K, committed 30000K, reserved 1075200K
  class space    used 3841K, capacity 4099K, committed 4224K, reserved 1048576K
}
Event: 4.998 GC heap before
{Heap before GC invocations=5 (full 0):
 garbage-first heap   total 260096K, used 56577K [0x0000000080000000, 0x0000000100000000)
  region size 1024K, 40 young (40960K), 3 survivors (3072K)
 Metaspace       used 34912K, capacity 35728K, committed 35888K, reserved 1081344K
  class space    used 4550K, capacity 4887K, committed 4992K, reserved 1048576K
}
Event: 5.007 GC heap after
{Heap after GC invocations=6 (full 0):
 garbage-first heap   total 260096K, used 22306K [0x0000000080000000, 0x0000000100000000)
  region size 1024K, 6 young (6144K), 6 survivors (6144K)
 Metaspace       used 34912K, capacity 35728K, committed 35888K, reserved 1081344K
  class space    used 4550K, capacity 4887K, committed 4992K, reserved 1048576K
}
Event: 6.043 GC heap before
{Heap before GC invocations=7 (full 0):
 garbage-first heap   total 260096K, used 100130K [0x0000000080000000, 0x0000000100000000)
  region size 1024K, 80 young (81920K), 6 survivors (6144K)
 Metaspace       used 41287K, capacity 42344K, committed 42600K, reserved 1087488K
  class space    used 5220K, capacity 5574K, committed 5632K, reserved 1048576K
}
Event: 6.062 GC heap after
{Heap after GC invocations=8 (full 0):
 garbage-first heap   total 260096K, used 28527K [0x0000000080000000, 0x0000000100000000)
  region size 1024K, 10 young (10240K), 10 survivors (10240K)
 Metaspace       used 41287K, capacity 42344K, committed 42600K, reserved 1087488K
  class space    used 5220K, capacity 5574K, committed 5632K, reserved 1048576K
}
Event: 8.167 GC heap before
{Heap before GC invocations=9 (full 0):
 garbage-first heap   total 260096K, used 122735K [0x0000000080000000, 0x0000000100000000)
  region size 1024K, 102 young (104448K), 10 survivors (10240K)
 Metaspace       used 49081K, capacity 50421K, committed 50664K, reserved 1093632K
  class space    used 6234K, capacity 6702K, committed 6784K, reserved 1048576K
}
Event: 8.180 GC heap after
{Heap after GC invocations=10 (full 0):
 garbage-first heap   total 260096K, used 32463K [0x0000000080000000, 0x0000000100000000)
  region size 1024K, 10 young (10240K), 10 survivors (10240K)
 Metaspace       used 49081K, capacity 50421K, committed 50664K, reserved 1093632K
  class space    used 6234K, capacity 6702K, committed 6784K, reserved 1048576K
}
Event: 9.879 GC heap before
{Heap before GC invocations=10 (full 0):
 garbage-first heap   total 260096K, used 150223K [0x0000000080000000, 0x0000000100000000)
  region size 1024K, 121 young (123904K), 10 survivors (10240K)
 Metaspace       used 61160K, capacity 62747K, committed 62952K, reserved 1103872K
  class space    used 7700K, capacity 8298K, committed 8320K, reserved 1048576K
}
Event: 9.895 GC heap after
{Heap after GC invocations=11 (full 0):
 garbage-first heap   total 260096K, used 47547K [0x0000000080000000, 0x0000000100000000)
  region size 1024K, 15 young (15360K), 15 survivors (15360K)
 Metaspace       used 61160K, capacity 62747K, committed 62952K, reserved 1103872K
  class space    used 7700K, capacity 8298K, committed 8320K, reserved 1048576K
}
Event: 10.941 GC heap before
{Heap before GC invocations=11 (full 0):
 garbage-first heap   total 260096K, used 172475K [0x0000000080000000, 0x0000000100000000)
  region size 1024K, 130 young (133120K), 15 survivors (15360K)
 Metaspace       used 67659K, capacity 69355K, committed 69480K, reserved 1110016K
  class space    used 8511K, capacity 9134K, committed 9216K, reserved 1048576K
}
Event: 10.957 GC heap after
{Heap after GC invocations=12 (full 0):
 garbage-first heap   total 260096K, used 57856K [0x0000000080000000, 0x0000000100000000)
  region size 1024K, 11 young (11264K), 11 survivors (11264K)
 Metaspace       used 67659K, capacity 69355K, committed 69480K, reserved 1110016K
  class space    used 8511K, capacity 9134K, committed 9216K, reserved 1048576K
}
Event: 11.079 GC heap before
{Heap before GC invocations=12 (full 0):
 garbage-first heap   total 260096K, used 69120K [0x0000000080000000, 0x0000000100000000)
  region size 1024K, 23 young (23552K), 11 survivors (11264K)
 Metaspace       used 69077K, capacity 70828K, committed 70888K, reserved 1112064K
  class space    used 8689K, capacity 9326K, committed 9344K, reserved 1048576K
}
Event: 11.092 GC heap after
{Heap after GC invocations=13 (full 0):
 garbage-first heap   total 260096K, used 59290K [0x0000000080000000, 0x0000000100000000)
  region size 1024K, 2 young (2048K), 2 survivors (2048K)
 Metaspace       used 69077K, capacity 70828K, committed 70888K, reserved 1112064K
  class space    used 8689K, capacity 9326K, committed 9344K, reserved 1048576K
}
Event: 12.795 GC heap before
{Heap before GC invocations=14 (full 0):
 garbage-first heap   total 260096K, used 185242K [0x0000000080000000, 0x0000000100000000)
  region size 1024K, 125 young (128000K), 2 survivors (2048K)
 Metaspace       used 81480K, capacity 83462K, committed 83696K, reserved 1122304K
  class space    used 10547K, capacity 11252K, committed 11264K, reserved 1048576K
}
Event: 12.811 GC heap after
{Heap after GC invocations=15 (full 0):
 garbage-first heap   total 260096K, used 65754K [0x0000000080000000, 0x0000000100000000)
  region size 1024K, 9 young (9216K), 9 survivors (9216K)
 Metaspace       used 81480K, capacity 83462K, committed 83696K, reserved 1122304K
  class space    used 10547K, capacity 11252K, committed 11264K, reserved 1048576K
}

Deoptimization events (20 events):
Event: 13.400 Thread 0x0000018cfcdf4000 Uncommon trap: trap_request=0xffffffde fr.pc=0x0000018ce8a160e0 relative=0x0000000000000220
Event: 13.400 Thread 0x0000018cfcdf4000 Uncommon trap: reason=class_check action=maybe_recompile pc=0x0000018ce8a160e0 method=java.util.stream.StreamOpFlag.fromCharacteristics(Ljava/util/Spliterator;)I @ 14 c2
Event: 13.400 Thread 0x0000018cfcdf4000 DEOPT PACKING pc=0x0000018ce8a160e0 sp=0x00000042080fd390
Event: 13.400 Thread 0x0000018cfcdf4000 DEOPT UNPACKING pc=0x0000018ce0d6a1a9 sp=0x00000042080fd278 mode 2
Event: 13.435 Thread 0x0000018cfcdf4000 Uncommon trap: trap_request=0xffffffde fr.pc=0x0000018ce88ecf24 relative=0x00000000000002e4
Event: 13.435 Thread 0x0000018cfcdf4000 Uncommon trap: reason=class_check action=maybe_recompile pc=0x0000018ce88ecf24 method=java.util.Collections$SetFromMap.remove(Ljava/lang/Object;)Z @ 5 c2
Event: 13.435 Thread 0x0000018cfcdf4000 DEOPT PACKING pc=0x0000018ce88ecf24 sp=0x00000042080fdaa0
Event: 13.435 Thread 0x0000018cfcdf4000 DEOPT UNPACKING pc=0x0000018ce0d6a1a9 sp=0x00000042080fda98 mode 2
Event: 13.436 Thread 0x0000018cfcdf4000 Uncommon trap: trap_request=0xffffffde fr.pc=0x0000018ce88ecf24 relative=0x00000000000002e4
Event: 13.436 Thread 0x0000018cfcdf4000 Uncommon trap: reason=class_check action=maybe_recompile pc=0x0000018ce88ecf24 method=java.util.Collections$SetFromMap.remove(Ljava/lang/Object;)Z @ 5 c2
Event: 13.436 Thread 0x0000018cfcdf4000 DEOPT PACKING pc=0x0000018ce88ecf24 sp=0x00000042080fdaa0
Event: 13.436 Thread 0x0000018cfcdf4000 DEOPT UNPACKING pc=0x0000018ce0d6a1a9 sp=0x00000042080fda98 mode 2
Event: 13.437 Thread 0x0000018cfcdf4000 Uncommon trap: trap_request=0xffffffde fr.pc=0x0000018ce8a160e0 relative=0x0000000000000220
Event: 13.437 Thread 0x0000018cfcdf4000 Uncommon trap: reason=class_check action=maybe_recompile pc=0x0000018ce8a160e0 method=java.util.stream.StreamOpFlag.fromCharacteristics(Ljava/util/Spliterator;)I @ 14 c2
Event: 13.437 Thread 0x0000018cfcdf4000 DEOPT PACKING pc=0x0000018ce8a160e0 sp=0x00000042080fd390
Event: 13.437 Thread 0x0000018cfcdf4000 DEOPT UNPACKING pc=0x0000018ce0d6a1a9 sp=0x00000042080fd278 mode 2
Event: 13.483 Thread 0x0000018cfcdf4000 Uncommon trap: trap_request=0xffffff4d fr.pc=0x0000018ce8a9e188 relative=0x0000000000000708
Event: 13.483 Thread 0x0000018cfcdf4000 Uncommon trap: reason=unstable_if action=reinterpret pc=0x0000018ce8a9e188 method=org.gradle.internal.snapshot.VfsRelativePath.isPrefix(Ljava/lang/String;ILjava/lang/String;ILorg/gradle/internal/snapshot/CaseSensitivity;)Z @ 89 c2
Event: 13.483 Thread 0x0000018cfcdf4000 DEOPT PACKING pc=0x0000018ce8a9e188 sp=0x00000042080fa010
Event: 13.483 Thread 0x0000018cfcdf4000 DEOPT UNPACKING pc=0x0000018ce0d6a1a9 sp=0x00000042080f9f90 mode 2

Classes redefined (0 events):
No events

Internal exceptions (20 events):
Event: 13.239 Thread 0x0000018cf97f7000 Exception <a 'java/lang/NoSuchMethodError'{0x000000008bb6c180}: 'java.lang.Object java.lang.invoke.Invokers$Holder.linkToTargetMethod(java.lang.Object, java.lang.Object, java.lang.Object, int, java.lang.Object, java.lang.Object)'> (0x000000008bb6c180) thrown at [src/hotspot/share/interpreter/linkResolver.cpp, line 773]
Event: 13.324 Thread 0x0000018cf97f7000 Exception <a 'java/lang/NoSuchMethodError'{0x000000008b1eb590}: <clinit>> (0x000000008b1eb590) thrown at [src/hotspot/share/prims/jni.cpp, line 1367]
Event: 13.331 Thread 0x0000018cf97f7000 Exception <a 'java/lang/NoSuchMethodError'{0x000000008b034960}: <clinit>> (0x000000008b034960) thrown at [src/hotspot/share/prims/jni.cpp, line 1367]
Event: 13.333 Thread 0x0000018cf97f7000 Exception <a 'java/lang/NoSuchMethodError'{0x000000008b067cb8}: 'void java.lang.invoke.DirectMethodHandle$Holder.invokeSpecial(java.lang.Object, java.lang.Object, java.lang.Object, int)'> (0x000000008b067cb8) thrown at [src/hotspot/share/interpreter/linkResolver.cpp, line 773]
Event: 13.361 Thread 0x0000018cf97f7000 Exception <a 'sun/nio/fs/WindowsException'{0x000000008ae84320}> (0x000000008ae84320) thrown at [src/hotspot/share/prims/jni.cpp, line 617]
Event: 13.400 Thread 0x0000018cf9bac000 Exception <a 'java/lang/NoSuchMethodError'{0x000000008aab21b0}: <clinit>> (0x000000008aab21b0) thrown at [src/hotspot/share/prims/jni.cpp, line 1367]
Event: 13.401 Thread 0x0000018cf9bac000 Exception <a 'java/lang/NoSuchMethodError'{0x000000008aaf5d70}: <clinit>> (0x000000008aaf5d70) thrown at [src/hotspot/share/prims/jni.cpp, line 1367]
Event: 13.404 Thread 0x0000018cfcdf4000 Exception <a 'java/lang/IncompatibleClassChangeError'{0x000000008a91d350}: Found class java.lang.Object, but interface was expected> (0x000000008a91d350) thrown at [src/hotspot/share/interpreter/linkResolver.cpp, line 839]
Event: 13.420 Thread 0x0000018cfcdf4000 Exception <a 'java/lang/NoSuchMethodError'{0x000000008a8b8698}: 'void java.lang.invoke.DirectMethodHandle$Holder.invokeVirtual(java.lang.Object, java.lang.Object)'> (0x000000008a8b8698) thrown at [src/hotspot/share/interpreter/linkResolver.cpp, line 773]
Event: 13.436 Thread 0x0000018cf9bac000 Exception <a 'java/lang/NoSuchMethodError'{0x000000008a63ebd8}: <clinit>> (0x000000008a63ebd8) thrown at [src/hotspot/share/prims/jni.cpp, line 1367]
Event: 13.438 Thread 0x0000018cf9bac000 Exception <a 'java/lang/NoSuchMethodError'{0x000000008a6ab4e0}: <clinit>> (0x000000008a6ab4e0) thrown at [src/hotspot/share/prims/jni.cpp, line 1367]
Event: 13.438 Thread 0x0000018cf9bac000 Exception <a 'java/lang/NoSuchMethodError'{0x000000008a6ac7d0}: <clinit>> (0x000000008a6ac7d0) thrown at [src/hotspot/share/prims/jni.cpp, line 1367]
Event: 13.442 Thread 0x0000018cf9bac000 Exception <a 'java/lang/NoSuchMethodError'{0x000000008a6c6bb8}: <clinit>> (0x000000008a6c6bb8) thrown at [src/hotspot/share/prims/jni.cpp, line 1367]
Event: 13.454 Thread 0x0000018cfcdf1800 Exception <a 'java/lang/NoSuchMethodError'{0x000000008baa5e90}: <clinit>> (0x000000008baa5e90) thrown at [src/hotspot/share/prims/jni.cpp, line 1367]
Event: 13.456 Thread 0x0000018cfcdf1800 Exception <a 'java/lang/NoSuchMethodError'{0x000000008a33ac40}: <clinit>> (0x000000008a33ac40) thrown at [src/hotspot/share/prims/jni.cpp, line 1367]
Event: 13.457 Thread 0x0000018cfcdf4000 Exception <a 'java/lang/IncompatibleClassChangeError'{0x000000008a320a70}: Found class java.lang.Object, but interface was expected> (0x000000008a320a70) thrown at [src/hotspot/share/interpreter/linkResolver.cpp, line 839]
Event: 13.458 Thread 0x0000018cfcdf1800 Exception <a 'java/lang/NoSuchMethodError'{0x000000008a35ce08}: <clinit>> (0x000000008a35ce08) thrown at [src/hotspot/share/prims/jni.cpp, line 1367]
Event: 13.477 Thread 0x0000018cfcdf4000 Exception <a 'java/lang/NoSuchMethodError'{0x000000008a1ee470}: 'int java.lang.invoke.DirectMethodHandle$Holder.invokeStaticInit(java.lang.Object, java.lang.Object, java.lang.Object, java.lang.Object, java.lang.Object)'> (0x000000008a1ee470) thrown at [src/hotspot/share/interpreter/linkResolver.cpp, line 773]
Event: 13.489 Thread 0x0000018cfcdf4000 Exception <a 'sun/nio/fs/WindowsException'{0x000000008a0d62e0}> (0x000000008a0d62e0) thrown at [src/hotspot/share/prims/jni.cpp, line 617]
Event: 13.489 Thread 0x0000018cfcdf4000 Exception <a 'sun/nio/fs/WindowsException'{0x000000008a0d73d0}> (0x000000008a0d73d0) thrown at [src/hotspot/share/prims/jni.cpp, line 617]

Events (20 events):
Event: 13.509 loading class org/gradle/internal/watch/registry/impl/HierarchicalFileWatcherUpdater$FileSystemLocationToWatchValidator done
Event: 14.364 Thread 0x0000018cfcbb0800 Thread exited: 0x0000018cfcbb0800
Event: 14.814 loading class org/gradle/process/internal/health/memory/JvmMemoryStatusSnapshot
Event: 14.814 loading class org/gradle/process/internal/health/memory/JvmMemoryStatusSnapshot done
Event: 14.814 Executing VM operation: RevokeBias
Event: 14.814 Executing VM operation: RevokeBias done
Event: 14.814 Executing VM operation: RevokeBias
Event: 14.814 Executing VM operation: RevokeBias done
Event: 18.518 loading class org/gradle/internal/watch/registry/impl/AbstractFileWatcherUpdater
Event: 18.518 loading class org/gradle/internal/watch/registry/impl/AbstractFileWatcherUpdater done
Event: 18.518 loading class org/gradle/internal/watch/registry/impl/AbstractFileWatcherUpdater
Event: 18.518 loading class org/gradle/internal/watch/registry/impl/AbstractFileWatcherUpdater done
Event: 18.518 loading class com/google/common/collect/ImmutableSet
Event: 18.518 loading class com/google/common/collect/ImmutableSet done
Event: 18.518 loading class com/google/common/collect/ImmutableSet
Event: 18.518 loading class com/google/common/collect/ImmutableSet done
Event: 18.518 loading class org/gradle/internal/watch/registry/impl/AbstractFileWatcherUpdater
Event: 18.518 loading class org/gradle/internal/watch/registry/impl/AbstractFileWatcherUpdater done
Event: 18.518 loading class org/gradle/internal/watch/registry/impl/DefaultFileWatcherProbeRegistry$1
Event: 18.518 loading class org/gradle/internal/watch/registry/impl/DefaultFileWatcherProbeRegistry$1 done


Dynamic libraries:
0x00007ff671f30000 - 0x00007ff671f3a000 	C:\Program Files\Android\Android Studio\jbr\bin\java.exe
0x00007ff8bf610000 - 0x00007ff8bf806000 	C:\Windows\SYSTEM32\ntdll.dll
0x00007ff8bd670000 - 0x00007ff8bd72d000 	C:\Windows\System32\KERNEL32.DLL
0x00007ff8bd300000 - 0x00007ff8bd5c9000 	C:\Windows\System32\KERNELBASE.dll
0x00007ff8bce60000 - 0x00007ff8bcf60000 	C:\Windows\System32\ucrtbase.dll
0x00007ff8a1c30000 - 0x00007ff8a1c4b000 	C:\Program Files\Android\Android Studio\jbr\bin\VCRUNTIME140.dll
0x00007ff8a1ae0000 - 0x00007ff8a1af7000 	C:\Program Files\Android\Android Studio\jbr\bin\jli.dll
0x00007ff8beda0000 - 0x00007ff8bef40000 	C:\Windows\System32\USER32.dll
0x00007ff8bd1f0000 - 0x00007ff8bd212000 	C:\Windows\System32\win32u.dll
0x00007ff8beff0000 - 0x00007ff8bf01a000 	C:\Windows\System32\GDI32.dll
0x00007ff8bcd50000 - 0x00007ff8bce5b000 	C:\Windows\System32\gdi32full.dll
0x00007ff8bd5d0000 - 0x00007ff8bd66d000 	C:\Windows\System32\msvcp_win.dll
0x00007ff8921d0000 - 0x00007ff89246b000 	C:\Windows\WinSxS\amd64_microsoft.windows.common-controls_6595b64144ccf1df_6.0.19041.746_none_ca02b4b61b8320a4\COMCTL32.dll
0x00007ff8bed00000 - 0x00007ff8bed9e000 	C:\Windows\System32\msvcrt.dll
0x00007ff8bd860000 - 0x00007ff8bd890000 	C:\Windows\System32\IMM32.DLL
0x00007ff8a2220000 - 0x00007ff8a227b000 	C:\ProgramData\Microsoft\DbgCtr\XShellDLL64_6015.dll
0x00007ff8bef40000 - 0x00007ff8befec000 	C:\Windows\System32\ADVAPI32.dll
0x00007ff8bd7c0000 - 0x00007ff8bd85c000 	C:\Windows\System32\sechost.dll
0x00007ff8bdb50000 - 0x00007ff8bdc7b000 	C:\Windows\System32\RPCRT4.dll
0x00007ff8be4f0000 - 0x00007ff8bec32000 	C:\Windows\System32\SHELL32.dll
0x00007ff8a2170000 - 0x00007ff8a217c000 	C:\Program Files\Android\Android Studio\jbr\bin\vcruntime140_1.dll
0x00007ff8a13f0000 - 0x00007ff8a147d000 	C:\Program Files\Android\Android Studio\jbr\bin\msvcp140.dll
0x00007ff877160000 - 0x00007ff877d1c000 	C:\Program Files\Android\Android Studio\jbr\bin\server\jvm.dll
0x00007ff8be3c0000 - 0x00007ff8be3c8000 	C:\Windows\System32\PSAPI.DLL
0x00007ff8aad90000 - 0x00007ff8aad99000 	C:\Windows\SYSTEM32\WSOCK32.dll
0x00007ff8bdc90000 - 0x00007ff8bdcfb000 	C:\Windows\System32\WS2_32.dll
0x00007ff895110000 - 0x00007ff895137000 	C:\Windows\SYSTEM32\WINMM.dll
0x00007ff8b57d0000 - 0x00007ff8b57da000 	C:\Windows\SYSTEM32\VERSION.dll
0x00007ff8bacc0000 - 0x00007ff8bacd2000 	C:\Windows\SYSTEM32\kernel.appcore.dll
0x00007ff8a1ee0000 - 0x00007ff8a1ef0000 	C:\Program Files\Android\Android Studio\jbr\bin\verify.dll
0x00007ff8a4650000 - 0x00007ff8a4834000 	C:\Windows\SYSTEM32\DBGHELP.DLL
0x00007ff8a4540000 - 0x00007ff8a456c000 	C:\Windows\SYSTEM32\dbgcore.DLL
0x00007ff8bd220000 - 0x00007ff8bd2a0000 	C:\Windows\System32\bcryptPrimitives.dll
0x00007ff8a1560000 - 0x00007ff8a1588000 	C:\Program Files\Android\Android Studio\jbr\bin\java.dll
0x00007ff8a1ac0000 - 0x00007ff8a1aca000 	C:\Program Files\Android\Android Studio\jbr\bin\jimage.dll
0x00007ff8a1660000 - 0x00007ff8a1678000 	C:\Program Files\Android\Android Studio\jbr\bin\zip.dll
0x00007ff8baec0000 - 0x00007ff8bb650000 	C:\Windows\SYSTEM32\windows.storage.dll
0x00007ff8bdd00000 - 0x00007ff8be056000 	C:\Windows\System32\combase.dll
0x00007ff8bc7b0000 - 0x00007ff8bc7dc000 	C:\Windows\SYSTEM32\Wldp.dll
0x00007ff8bd890000 - 0x00007ff8bd93e000 	C:\Windows\System32\SHCORE.dll
0x00007ff8bdaf0000 - 0x00007ff8bdb45000 	C:\Windows\System32\shlwapi.dll
0x00007ff8bcc80000 - 0x00007ff8bcca6000 	C:\Windows\SYSTEM32\profapi.dll
0x00007ff8a15d0000 - 0x00007ff8a15e9000 	C:\Program Files\Android\Android Studio\jbr\bin\net.dll
0x00007ff8b5f20000 - 0x00007ff8b6020000 	C:\Windows\SYSTEM32\WINHTTP.dll
0x00007ff8bc4c0000 - 0x00007ff8bc52a000 	C:\Windows\system32\mswsock.dll
0x00007ff8a0f80000 - 0x00007ff8a0f93000 	C:\Program Files\Android\Android Studio\jbr\bin\nio.dll
0x00007ff8a1c50000 - 0x00007ff8a1c77000 	C:\Users\it_04\.gradle\native\e1d6ef7f7dcc3fd88c89a11ec53ec762bb8ba0a96d01ffa2cd45eb1d1d8dd5c5\windows-amd64\native-platform.dll
0x00007ff8a12a0000 - 0x00007ff8a13e4000 	C:\Users\it_04\.gradle\native\0d407fdbe67a94daf76414ababcb853783967236a71b16ec16e742cd7a986fd3\windows-amd64\native-platform-file-events.dll
0x00007ff8af710000 - 0x00007ff8af71a000 	C:\Program Files\Android\Android Studio\jbr\bin\management.dll
0x00007ff8a0f70000 - 0x00007ff8a0f7b000 	C:\Program Files\Android\Android Studio\jbr\bin\management_ext.dll
0x00007ff8bc690000 - 0x00007ff8bc6a8000 	C:\Windows\SYSTEM32\CRYPTSP.dll
0x00007ff8bbe60000 - 0x00007ff8bbe94000 	C:\Windows\system32\rsaenh.dll
0x00007ff8bd060000 - 0x00007ff8bd087000 	C:\Windows\System32\bcrypt.dll
0x00007ff8bcc40000 - 0x00007ff8bcc6e000 	C:\Windows\SYSTEM32\USERENV.dll
0x00007ff8bc6b0000 - 0x00007ff8bc6bc000 	C:\Windows\SYSTEM32\CRYPTBASE.dll
0x00007ff8bc1b0000 - 0x00007ff8bc1eb000 	C:\Windows\SYSTEM32\IPHLPAPI.DLL
0x00007ff8bdc80000 - 0x00007ff8bdc88000 	C:\Windows\System32\NSI.dll
0x00007ff8b64d0000 - 0x00007ff8b64e7000 	C:\Windows\SYSTEM32\dhcpcsvc6.DLL
0x00007ff8b64b0000 - 0x00007ff8b64cd000 	C:\Windows\SYSTEM32\dhcpcsvc.DLL
0x00007ff8bc1f0000 - 0x00007ff8bc2bb000 	C:\Windows\SYSTEM32\DNSAPI.dll

dbghelp: loaded successfully - version: 4.0.5 - missing functions: none
symbol engine: initialized successfully - sym options: 0x614 - pdb path: .;C:\Program Files\Android\Android Studio\jbr\bin;C:\Windows\SYSTEM32;C:\Windows\WinSxS\amd64_microsoft.windows.common-controls_6595b64144ccf1df_6.0.19041.746_none_ca02b4b61b8320a4;C:\ProgramData\Microsoft\DbgCtr;C:\Program Files\Android\Android Studio\jbr\bin\server;C:\Users\it_04\.gradle\native\e1d6ef7f7dcc3fd88c89a11ec53ec762bb8ba0a96d01ffa2cd45eb1d1d8dd5c5\windows-amd64;C:\Users\it_04\.gradle\native\0d407fdbe67a94daf76414ababcb853783967236a71b16ec16e742cd7a986fd3\windows-amd64

VM Arguments:
jvm_args: --add-opens=java.base/java.util=ALL-UNNAMED --add-opens=java.base/java.lang=ALL-UNNAMED --add-opens=java.base/java.lang.invoke=ALL-UNNAMED --add-opens=java.base/java.util=ALL-UNNAMED --add-opens=java.prefs/java.util.prefs=ALL-UNNAMED --add-opens=java.prefs/java.util.prefs=ALL-UNNAMED --add-opens=java.base/java.nio.charset=ALL-UNNAMED --add-opens=java.base/java.net=ALL-UNNAMED --add-opens=java.base/java.util.concurrent.atomic=ALL-UNNAMED -Xmx2048m -Dfile.encoding=UTF-8 -Duser.country=US -Duser.language=en -Duser.variant 
java_command: org.gradle.launcher.daemon.bootstrap.GradleDaemon 7.5
java_class_path (initial): C:\Users\it_04\.gradle\wrapper\dists\gradle-7.5-bin\f1w0cc9nuo0eivz97x2xlu9sv\gradle-7.5\lib\gradle-launcher-7.5.jar
Launcher Type: SUN_STANDARD

[Global flags]
     intx CICompilerCount                          = 3                                         {product} {ergonomic}
     uint ConcGCThreads                            = 1                                         {product} {ergonomic}
     uint G1ConcRefinementThreads                  = 4                                         {product} {ergonomic}
   size_t G1HeapRegionSize                         = 1048576                                   {product} {ergonomic}
    uintx GCDrainStackTargetSize                   = 64                                        {product} {ergonomic}
   size_t InitialHeapSize                          = 266338304                                 {product} {ergonomic}
   size_t MarkStackSize                            = 4194304                                   {product} {ergonomic}
   size_t MaxHeapSize                              = 2147483648                                {product} {command line}
   size_t MaxNewSize                               = 1287651328                                {product} {ergonomic}
   size_t MinHeapDeltaBytes                        = 1048576                                   {product} {ergonomic}
    uintx NonNMethodCodeHeapSize                   = 5830732                                {pd product} {ergonomic}
    uintx NonProfiledCodeHeapSize                  = 122913754                              {pd product} {ergonomic}
    uintx ProfiledCodeHeapSize                     = 122913754                              {pd product} {ergonomic}
    uintx ReservedCodeCacheSize                    = 251658240                              {pd product} {ergonomic}
     bool SegmentedCodeCache                       = true                                      {product} {ergonomic}
     bool UseCompressedClassPointers               = true                                 {lp64_product} {ergonomic}
     bool UseCompressedOops                        = true                                 {lp64_product} {ergonomic}
     bool UseG1GC                                  = true                                      {product} {ergonomic}
     bool UseLargePagesIndividualAllocation        = false                                  {pd product} {ergonomic}

Logging:
Log output configuration:
 #0: stdout all=warning uptime,level,tags
 #1: stderr all=off uptime,level,tags

Environment Variables:
PATH=D:\app\it_07\product\11.2.0\client_1\bin;C:\Windows\system32;C:\Windows;C:\Windows\System32\Wbem;C:\Windows\System32\WindowsPowerShell\v1.0\;C:\Windows\System32\OpenSSH\;C:\Program Files\dotnet\;C:\Program Files\Git\cmd;C:\Users\it_04\AppData\Local\Microsoft\WindowsApps;C:\Users\it_04\.dotnet\tools
USERNAME=it_04
OS=Windows_NT
PROCESSOR_IDENTIFIER=Intel64 Family 6 Model 165 Stepping 3, GenuineIntel



---------------  S Y S T E M  ---------------

OS: Windows 10 , 64 bit Build 19041 (10.0.19041.804)
OS uptime: 0 days 0:36 hours

CPU:total 4 (initial active 4) (2 cores per cpu, 2 threads per core) family 6 model 165 stepping 3 microcode 0xe0, cmov, cx8, fxsr, mmx, sse, sse2, sse3, ssse3, sse4.1, sse4.2, popcnt, aes, clmul, erms, 3dnowpref, lzcnt, ht, tsc, tscinvbit

Memory: 4k page, system-wide physical 16242M (9243M free)
TotalPageFile size 18674M (AvailPageFile size 12202M)
current process WorkingSet (physical memory assigned to process): 412M, peak: 452M
current process commit charge ("private bytes"): 502M, peak: 541M

vm_info: OpenJDK 64-Bit Server VM (11.0.15+0-b2043.56-9505619) for windows-amd64 JRE (11.0.15+0-b2043.56-9505619), built on Jan 19 2023 02:48:00 by "builduser" with unknown MS VC++:1929

END.
