#
# A fatal error has been detected by the Java Runtime Environment:
#
#  EXCEPTION_ACCESS_VIOLATION (0xc0000005) at pc=0x00007ffb9ef763b0, pid=1136, tid=6068
#
# JRE version: OpenJDK Runtime Environment (11.0.15) (build 11.0.15+0-b2043.56-9505619)
# Java VM: OpenJDK 64-Bit Server VM (11.0.15+0-b2043.56-9505619, mixed mode, tiered, compressed oops, g1 gc, windows-amd64)
# Problematic frame:
# C  [native-platform-file-events.dll+0x463b0]
#
# No core dump will be written. Minidumps are not enabled by default on client versions of Windows
#
# If you would like to submit a bug report, please visit:
#   https://bugreport.java.com/bugreport/crash.jsp
# The crash happened outside the Java Virtual Machine in native code.
# See problematic frame for where to report the bug.
#

---------------  S U M M A R Y ------------

Command Line: --add-opens=java.base/java.util=ALL-UNNAMED --add-opens=java.base/java.lang=ALL-UNNAMED --add-opens=java.base/java.lang.invoke=ALL-UNNAMED --add-opens=java.base/java.util=ALL-UNNAMED --add-opens=java.prefs/java.util.prefs=ALL-UNNAMED --add-opens=java.prefs/java.util.prefs=ALL-UNNAMED --add-opens=java.base/java.nio.charset=ALL-UNNAMED --add-opens=java.base/java.net=ALL-UNNAMED --add-opens=java.base/java.util.concurrent.atomic=ALL-UNNAMED -Xmx2048m -Dfile.encoding=UTF-8 -Duser.country=US -Duser.language=en -Duser.variant org.gradle.launcher.daemon.bootstrap.GradleDaemon 7.5

Host: Intel(R) Pentium(R) Gold G6400 CPU @ 4.00GHz, 4 cores, 15G,  Windows 10 , 64 bit Build 19041 (10.0.19041.804)
Time: Thu Apr 27 08:43:34 2023 SE Asia Standard Time elapsed time: 117.326571 seconds (0d 0h 1m 57s)

---------------  T H R E A D  ---------------

Current thread (0x000002217b8ee000):  JavaThread "File watcher server" daemon [_thread_in_native, id=6068, stack(0x0000002779b00000,0x0000002779c00000)]

Stack: [0x0000002779b00000,0x0000002779c00000],  sp=0x0000002779bfec80,  free space=1019k
Native frames: (J=compiled Java code, j=interpreted, Vv=VM code, C=native code)
C  [native-platform-file-events.dll+0x463b0]

Java frames: (J=compiled Java code, j=interpreted, Vv=VM code)
j  net.rubygrapefruit.platform.internal.jni.AbstractFileEventFunctions$NativeFileWatcher.executeRunLoop0(Ljava/lang/Object;)V+0
j  net.rubygrapefruit.platform.internal.jni.AbstractFileEventFunctions$NativeFileWatcher.access$100(Lnet/rubygrapefruit/platform/internal/jni/AbstractFileEventFunctions$NativeFileWatcher;Ljava/lang/Object;)V+2
j  net.rubygrapefruit.platform.internal.jni.AbstractFileEventFunctions$NativeFileWatcher$1.run()V+26
v  ~StubRoutines::call_stub

siginfo: EXCEPTION_ACCESS_VIOLATION (0xc0000005), reading address 0x0000000000000030


Register to memory mapping:

RIP=0x00007ffb9ef763b0 native-platform-file-events.dll
RAX=0x0000000000000030 is an unknown value
RBX=0x0 is NULL
RCX=0x000000277d7fad78 is pointing into the stack for thread: 0x000002217ea2b000
RDX=0x0 is NULL
RSP=0x0000002779bfec80 is pointing into the stack for thread: 0x000002217b8ee000
RBP=0x0000002779bff648 is pointing into the stack for thread: 0x000002217b8ee000
RSI=0x000000277d7fad70 is pointing into the stack for thread: 0x000002217ea2b000
RDI=0x000000277d7fad30 is pointing into the stack for thread: 0x000002217ea2b000
R8 =0x000002216bdc0f00 points into unknown readable memory: 0x000002216bdc0cc0 | c0 0c dc 6b 21 02 00 00
R9 =0x0000000000000001 is an unknown value
R10=0x0000000000008000 is an unknown value
R11=0x0000002779bfe930 is pointing into the stack for thread: 0x000002217b8ee000
R12=0x0 is NULL
R13={method} {0x000002217e234320} 'executeRunLoop0' '(Ljava/lang/Object;)V' in 'net/rubygrapefruit/platform/internal/jni/AbstractFileEventFunctions$NativeFileWatcher'
R14=0x0 is NULL
R15=0x000002217b8ee000 is a thread


Registers:
RAX=0x0000000000000030, RBX=0x0000000000000000, RCX=0x000000277d7fad78, RDX=0x0000000000000000
RSP=0x0000002779bfec80, RBP=0x0000002779bff648, RSI=0x000000277d7fad70, RDI=0x000000277d7fad30
R8 =0x000002216bdc0f00, R9 =0x0000000000000001, R10=0x0000000000008000, R11=0x0000002779bfe930
R12=0x0000000000000000, R13=0x000002217e234318, R14=0x0000000000000000, R15=0x000002217b8ee000
RIP=0x00007ffb9ef763b0, EFLAGS=0x0000000000010293

Top of Stack: (sp=0x0000002779bfec80)
0x0000002779bfec80:   0000000000000000 000002210000fa7a
0x0000002779bfec90:   0000022178fd5990 00007ffb9ef53133
0x0000002779bfeca0:   000002217f17cd18 000000008ee00170
0x0000002779bfecb0:   000019225e6e3cac 00007ffb9ef5da83
0x0000002779bfecc0:   0000002779bff670 000000277d7fad30
0x0000002779bfecd0:   00007ffb9ef4f150 00007ffb9ef6709b
0x0000002779bfece0:   000000277d7fad70 00000000804a1108
0x0000002779bfecf0:   0000000000000000 00007ffb9ef5bfae
0x0000002779bfed00:   000002217f17cd10 00007ffb9ef592a6
0x0000002779bfed10:   000000277d7fad70 0000000000000000
0x0000002779bfed20:   000002217f17cd10 00007ffb9ef357b3
0x0000002779bfed30:   0000000000000000 00007ffb9ef664c2
0x0000002779bfed40:   0000002779bfed80 000000277d7fad70
0x0000002779bfed50:   0000022178c64a20 0000000000000000
0x0000002779bfed60:   0000000080488901 0000022178b7fd50
0x0000002779bfed70:   0000000000000000 0000002779bfedb8 

Instructions: (pc=0x00007ffb9ef763b0)
0x00007ffb9ef762b0:   7d 0b 00 48 89 01 48 83 c1 08 48 83 c4 28 48 ff
0x00007ffb9ef762c0:   25 b3 7d 0f 00 48 8d 05 54 7d 0b 00 45 33 c0 48
0x00007ffb9ef762d0:   89 01 ba a0 0f 00 00 48 83 c1 08 48 83 c4 28 48
0x00007ffb9ef762e0:   ff 25 ba 7d 0f 00 e8 40 c3 fb ff cc cc cc cc cc
0x00007ffb9ef762f0:   cc cc cc cc cc cc cc cc cc cc cc cc cc cc cc cc
0x00007ffb9ef76300:   cc cc cc cc cc cc cc cc 48 83 c1 08 48 ff 25 9d
0x00007ffb9ef76310:   7d 0f 00 cc cc cc cc cc c2 00 00 cc 48 83 c1 08
0x00007ffb9ef76320:   48 ff 25 69 7d 0f 00 cc cc cc cc cc 48 83 c1 08
0x00007ffb9ef76330:   48 ff 25 51 7d 0f 00 cc cc cc cc cc 48 89 5c 24
0x00007ffb9ef76340:   18 56 57 41 56 48 83 ec 40 48 8b 05 f8 3e 0e 00
0x00007ffb9ef76350:   48 33 c4 48 89 44 24 30 8b 01 4c 8b f2 0f ba f0
0x00007ffb9ef76360:   08 48 8b f1 83 f8 01 75 2c ff 15 d1 7c 0f 00 39
0x00007ffb9ef76370:   46 48 74 19 48 8d 4e 08 48 8b 01 48 8b 00 ff 15
0x00007ffb9ef76380:   9c 9c 0f 00 ff 15 b6 7c 0f 00 89 46 48 ff 46 4c
0x00007ffb9ef76390:   e9 f3 00 00 00 4d 85 f6 75 24 ff 15 a0 7c 0f 00
0x00007ffb9ef763a0:   39 46 48 0f 84 9d 00 00 00 48 8d 4e 08 48 8b 01
0x00007ffb9ef763b0:   48 8b 00 ff 15 67 9c 0f 00 e9 88 00 00 00 48 83
0x00007ffb9ef763c0:   3a 00 7c 62 75 06 83 7a 08 00 7e 5a ba 01 00 00
0x00007ffb9ef763d0:   00 48 8d 4c 24 20 e8 e0 e1 fb ff 48 8b 44 24 20
0x00007ffb9ef763e0:   49 3b 06 7c 0c 75 7d 41 8b 46 08 39 44 24 28 7d
0x00007ffb9ef763f0:   73 ff 15 49 7c 0f 00 39 46 48 74 4a 48 8b 46 08
0x00007ffb9ef76400:   48 8d 54 24 20 49 8b ce 48 8b 58 10 e8 ef ec fb
0x00007ffb9ef76410:   ff 8b d0 48 8d 4e 08 48 8b c3 ff 15 00 9c 0f 00
0x00007ffb9ef76420:   84 c0 75 22 eb a6 ff 15 14 7c 0f 00 39 46 48 74
0x00007ffb9ef76430:   15 48 8d 4e 08 48 8b 01 48 8b 40 08 ff 15 de 9b
0x00007ffb9ef76440:   0f 00 84 c0 74 1e 8b 4e 4c 8d 41 01 89 46 4c 83
0x00007ffb9ef76450:   f8 01 7e 2b f7 06 00 01 00 00 75 2c 89 4e 4c 4d
0x00007ffb9ef76460:   85 f6 74 14 49 83 3e 00 75 07 41 83 7e 08 00 74
0x00007ffb9ef76470:   07 b8 02 00 00 00 eb 12 b8 03 00 00 00 eb 0b ff
0x00007ffb9ef76480:   15 bb 7b 0f 00 89 46 48 33 c0 48 8b 4c 24 30 48
0x00007ffb9ef76490:   33 cc e8 47 d7 fb ff 48 8b 5c 24 70 48 83 c4 40
0x00007ffb9ef764a0:   41 5e 5f 5e c3 cc cc cc cc cc cc cc cc cc cc cc 


Stack slot to memory mapping:
stack at sp + 0 slots: 0x0 is NULL
stack at sp + 1 slots: 0x000002210000fa7a is at code_begin+2458 in an Interpreter codelet
method entry point (kind = native)  [0x000002210000f0e0, 0x000002210000fb60]  2688 bytes
stack at sp + 2 slots: {method} {0x0000022178fd5998} 'findEntry' '(Ljava/lang/String;)J' in 'java/lang/ClassLoader$NativeLibrary'
stack at sp + 3 slots: 0x00007ffb9ef53133 native-platform-file-events.dll
stack at sp + 4 slots: 0x000002217f17cd18 points into unknown readable memory: 0x00000001000ab640 | 40 b6 0a 00 01 00 00 00
stack at sp + 5 slots: 0x000000008ee00170 is an unallocated location in the heap
stack at sp + 6 slots: 0x000019225e6e3cac is an unknown value
stack at sp + 7 slots: 0x00007ffb9ef5da83 native-platform-file-events.dll


---------------  P R O C E S S  ---------------

Threads class SMR info:
_java_thread_list=0x000002210f8a6c20, length=87, elements={
0x000002216df12000, 0x00000221793a0000, 0x00000221793ae000, 0x00000221793fa800,
0x00000221793fb000, 0x00000221793fc800, 0x0000022179402800, 0x0000022179414000,
0x0000022179417000, 0x000002217957d000, 0x000002217b8c8800, 0x000002217ace0000,
0x000002217c6ac800, 0x000002217bc3b800, 0x000002217bc3a000, 0x000002217b8ef000,
0x000002217b8ee000, 0x000002217b8f0800, 0x000002217b8f0000, 0x000002217b8f1800,
0x000002217b8f2800, 0x000002217b8f4000, 0x000002217b8f5000, 0x000002217eee1800,
0x000002217eee8000, 0x000002217eee3000, 0x000002217eee7800, 0x000002217eee2800,
0x000002217eee5000, 0x000002217eee9000, 0x000002217eeea000, 0x000002217eee4000,
0x000002217eeea800, 0x000002217eeeb800, 0x000002217eee5800, 0x000002217eeec000,
0x000002217eee6800, 0x000002217eeed000, 0x000002217eeee000, 0x000002217eeee800,
0x000002217eeef800, 0x000002217eef0800, 0x000002217b8ea000, 0x000002217b8eb000,
0x000002217b8ec800, 0x000002217b8e9800, 0x000002217b8f6800, 0x000002217b8f7000,
0x000002217b8f5800, 0x000002217b8f8000, 0x000002217bc38800, 0x000002217bc39000,
0x000002217bc3e000, 0x000002217bc3b000, 0x000002217bc3f000, 0x000002217bc3c800,
0x000002217bc3d800, 0x000002217cd6f800, 0x000002217cd70000, 0x000002217cd71000,
0x000002217cd6b800, 0x000002217cd6d000, 0x000002217cd6d800, 0x000002217cd72000,
0x000002217cd6c000, 0x000002217cd6e800, 0x000002217ea23800, 0x000002217ea21000,
0x000002217ea20800, 0x000002217ea22000, 0x000002217ea1f800, 0x000002217ea24800,
0x000002217ea1e800, 0x000002217ea25000, 0x000002217ea26000, 0x000002217ea27000,
0x000002217ea27800, 0x000002217ea28800, 0x000002217ea22800, 0x000002217ea29000,
0x000002217ea2a000, 0x000002217ea2b800, 0x000002217ea2b000, 0x000002217ea2c800,
0x000002217ea2d800, 0x000002217f6b0800, 0x000002217a91d800
}

Java Threads: ( => current thread )
  0x000002216df12000 JavaThread "main" [_thread_blocked, id=6400, stack(0x0000002777600000,0x0000002777700000)]
  0x00000221793a0000 JavaThread "Reference Handler" daemon [_thread_blocked, id=1172, stack(0x0000002778000000,0x0000002778100000)]
  0x00000221793ae000 JavaThread "Finalizer" daemon [_thread_blocked, id=9300, stack(0x0000002778100000,0x0000002778200000)]
  0x00000221793fa800 JavaThread "Signal Dispatcher" daemon [_thread_blocked, id=3408, stack(0x0000002778200000,0x0000002778300000)]
  0x00000221793fb000 JavaThread "Attach Listener" daemon [_thread_blocked, id=3180, stack(0x0000002778300000,0x0000002778400000)]
  0x00000221793fc800 JavaThread "Service Thread" daemon [_thread_blocked, id=7076, stack(0x0000002778400000,0x0000002778500000)]
  0x0000022179402800 JavaThread "C2 CompilerThread0" daemon [_thread_blocked, id=7916, stack(0x0000002778500000,0x0000002778600000)]
  0x0000022179414000 JavaThread "C1 CompilerThread0" daemon [_thread_blocked, id=5200, stack(0x0000002778600000,0x0000002778700000)]
  0x0000022179417000 JavaThread "Sweeper thread" daemon [_thread_blocked, id=5840, stack(0x0000002778700000,0x0000002778800000)]
  0x000002217957d000 JavaThread "Common-Cleaner" daemon [_thread_blocked, id=8280, stack(0x0000002778800000,0x0000002778900000)]
  0x000002217b8c8800 JavaThread "Daemon health stats" [_thread_blocked, id=7788, stack(0x0000002778e00000,0x0000002778f00000)]
  0x000002217ace0000 JavaThread "Incoming local TCP Connector on port 56184" [_thread_in_native, id=10092, stack(0x0000002778f00000,0x0000002779000000)]
  0x000002217c6ac800 JavaThread "Daemon periodic checks" [_thread_blocked, id=5528, stack(0x0000002779000000,0x0000002779100000)]
  0x000002217bc3b800 JavaThread "Cache worker for journal cache (C:\Users\it_04\.gradle\caches\journal-1)" [_thread_blocked, id=2148, stack(0x0000002779800000,0x0000002779900000)]
  0x000002217bc3a000 JavaThread "File lock request listener" [_thread_in_native, id=9464, stack(0x0000002779900000,0x0000002779a00000)]
  0x000002217b8ef000 JavaThread "Cache worker for file hash cache (C:\Users\it_04\.gradle\caches\7.5\fileHashes)" [_thread_blocked, id=6700, stack(0x0000002779a00000,0x0000002779b00000)]
=>0x000002217b8ee000 JavaThread "File watcher server" daemon [_thread_in_native, id=6068, stack(0x0000002779b00000,0x0000002779c00000)]
  0x000002217b8f0800 JavaThread "Cache worker for file content cache (C:\Users\it_04\.gradle\caches\7.5\fileContent)" [_thread_blocked, id=984, stack(0x0000002779f00000,0x000000277a000000)]
  0x000002217b8f0000 JavaThread "Cache worker for execution history cache (C:\Users\it_04\.gradle\caches\7.5\executionHistory)" [_thread_blocked, id=9992, stack(0x000000277a200000,0x000000277a300000)]
  0x000002217b8f1800 JavaThread "jar transforms" [_thread_blocked, id=1996, stack(0x000000277a300000,0x000000277a400000)]
  0x000002217b8f2800 JavaThread "jar transforms Thread 2" [_thread_blocked, id=8140, stack(0x000000277a400000,0x000000277a500000)]
  0x000002217b8f4000 JavaThread "jar transforms Thread 3" [_thread_blocked, id=9456, stack(0x000000277a500000,0x000000277a600000)]
  0x000002217b8f5000 JavaThread "jar transforms Thread 4" [_thread_blocked, id=9580, stack(0x000000277a600000,0x000000277a700000)]
  0x000002217eee1800 JavaThread "Memory manager" [_thread_blocked, id=4212, stack(0x000000277d200000,0x000000277d300000)]
  0x000002217eee8000 JavaThread "pool-3-thread-1" [_thread_blocked, id=5844, stack(0x000000277d400000,0x000000277d500000)]
  0x000002217eee3000 JavaThread "Daemon Thread 2" [_thread_blocked, id=5604, stack(0x0000002777700000,0x0000002777800000)]
  0x000002217eee7800 JavaThread "Handler for socket connection from /127.0.0.1:56184 to /127.0.0.1:56244" [_thread_in_native, id=5776, stack(0x0000002777800000,0x0000002777900000)]
  0x000002217eee2800 JavaThread "Cancel handler" [_thread_blocked, id=2600, stack(0x0000002777900000,0x0000002777a00000)]
  0x000002217eee5000 JavaThread "Daemon worker Thread 2" [_thread_blocked, id=6828, stack(0x0000002779100000,0x0000002779200000)]
  0x000002217eee9000 JavaThread "Asynchronous log dispatcher for DefaultDaemonConnection: socket connection from /127.0.0.1:56184 to /127.0.0.1:56244" [_thread_blocked, id=7872, stack(0x0000002779300000,0x0000002779400000)]
  0x000002217eeea000 JavaThread "Stdin handler" [_thread_blocked, id=1300, stack(0x0000002779400000,0x0000002779500000)]
  0x000002217eee4000 JavaThread "Daemon client event forwarder" [_thread_blocked, id=1576, stack(0x0000002779500000,0x0000002779600000)]
  0x000002217eeea800 JavaThread "Cache worker for checksums cache (D:\SourceAndroid\KyThuat\.gradle\7.5\checksums)" [_thread_blocked, id=5980, stack(0x0000002779600000,0x0000002779700000)]
  0x000002217eeeb800 JavaThread "Cache worker for cache directory md-rule (C:\Users\it_04\.gradle\caches\7.5\md-rule)" [_thread_blocked, id=5352, stack(0x0000002779700000,0x0000002779800000)]
  0x000002217eee5800 JavaThread "Cache worker for file hash cache (D:\SourceAndroid\KyThuat\.gradle\7.5\fileHashes)" [_thread_blocked, id=1408, stack(0x0000002779d00000,0x0000002779e00000)]
  0x000002217eeec000 JavaThread "Cache worker for cache directory md-supplier (C:\Users\it_04\.gradle\caches\7.5\md-supplier)" [_thread_blocked, id=3044, stack(0x000000277a000000,0x000000277a100000)]
  0x000002217eee6800 JavaThread "Cache worker for dependencies-accessors (D:\SourceAndroid\KyThuat\.gradle\7.5\dependencies-accessors)" [_thread_blocked, id=7752, stack(0x000000277a100000,0x000000277a200000)]
  0x000002217eeed000 JavaThread "Cache worker for Build Output Cleanup Cache (D:\SourceAndroid\KyThuat\.gradle\buildOutputCleanup)" [_thread_blocked, id=3388, stack(0x000000277a700000,0x000000277a800000)]
  0x000002217eeee000 JavaThread "Unconstrained build operations" [_thread_blocked, id=6972, stack(0x000000277a800000,0x000000277a900000)]
  0x000002217eeee800 JavaThread "Unconstrained build operations Thread 2" [_thread_blocked, id=6668, stack(0x000000277aa00000,0x000000277ab00000)]
  0x000002217eeef800 JavaThread "Unconstrained build operations Thread 3" [_thread_blocked, id=8104, stack(0x000000277ab00000,0x000000277ac00000)]
  0x000002217eef0800 JavaThread "Unconstrained build operations Thread 4" [_thread_blocked, id=5956, stack(0x000000277ac00000,0x000000277ad00000)]
  0x000002217b8ea000 JavaThread "Unconstrained build operations Thread 5" [_thread_blocked, id=7196, stack(0x000000277ad00000,0x000000277ae00000)]
  0x000002217b8eb000 JavaThread "Unconstrained build operations Thread 6" [_thread_blocked, id=6492, stack(0x000000277ae00000,0x000000277af00000)]
  0x000002217b8ec800 JavaThread "Unconstrained build operations Thread 7" [_thread_blocked, id=3168, stack(0x000000277af00000,0x000000277b000000)]
  0x000002217b8e9800 JavaThread "Unconstrained build operations Thread 8" [_thread_blocked, id=6056, stack(0x000000277b000000,0x000000277b100000)]
  0x000002217b8f6800 JavaThread "Unconstrained build operations Thread 9" [_thread_blocked, id=6976, stack(0x000000277b100000,0x000000277b200000)]
  0x000002217b8f7000 JavaThread "Unconstrained build operations Thread 10" [_thread_blocked, id=2576, stack(0x000000277b200000,0x000000277b300000)]
  0x000002217b8f5800 JavaThread "Unconstrained build operations Thread 11" [_thread_blocked, id=9656, stack(0x000000277b300000,0x000000277b400000)]
  0x000002217b8f8000 JavaThread "Unconstrained build operations Thread 12" [_thread_blocked, id=5892, stack(0x000000277b400000,0x000000277b500000)]
  0x000002217bc38800 JavaThread "Unconstrained build operations Thread 13" [_thread_blocked, id=2872, stack(0x000000277b500000,0x000000277b600000)]
  0x000002217bc39000 JavaThread "Unconstrained build operations Thread 14" [_thread_blocked, id=5036, stack(0x000000277b600000,0x000000277b700000)]
  0x000002217bc3e000 JavaThread "Unconstrained build operations Thread 15" [_thread_blocked, id=4140, stack(0x000000277b700000,0x000000277b800000)]
  0x000002217bc3b000 JavaThread "Unconstrained build operations Thread 16" [_thread_blocked, id=2596, stack(0x000000277b800000,0x000000277b900000)]
  0x000002217bc3f000 JavaThread "Unconstrained build operations Thread 17" [_thread_blocked, id=7024, stack(0x000000277b900000,0x000000277ba00000)]
  0x000002217bc3c800 JavaThread "Unconstrained build operations Thread 18" [_thread_blocked, id=1876, stack(0x000000277ba00000,0x000000277bb00000)]
  0x000002217bc3d800 JavaThread "Unconstrained build operations Thread 19" [_thread_blocked, id=9068, stack(0x000000277bb00000,0x000000277bc00000)]
  0x000002217cd6f800 JavaThread "Unconstrained build operations Thread 20" [_thread_blocked, id=8764, stack(0x000000277bc00000,0x000000277bd00000)]
  0x000002217cd70000 JavaThread "Unconstrained build operations Thread 21" [_thread_blocked, id=6080, stack(0x000000277bd00000,0x000000277be00000)]
  0x000002217cd71000 JavaThread "Unconstrained build operations Thread 22" [_thread_blocked, id=2900, stack(0x000000277be00000,0x000000277bf00000)]
  0x000002217cd6b800 JavaThread "Unconstrained build operations Thread 23" [_thread_blocked, id=7048, stack(0x000000277bf00000,0x000000277c000000)]
  0x000002217cd6d000 JavaThread "Unconstrained build operations Thread 24" [_thread_blocked, id=5860, stack(0x000000277c000000,0x000000277c100000)]
  0x000002217cd6d800 JavaThread "Unconstrained build operations Thread 25" [_thread_blocked, id=8656, stack(0x000000277c100000,0x000000277c200000)]
  0x000002217cd72000 JavaThread "Unconstrained build operations Thread 26" [_thread_blocked, id=9888, stack(0x000000277c200000,0x000000277c300000)]
  0x000002217cd6c000 JavaThread "Unconstrained build operations Thread 27" [_thread_blocked, id=6676, stack(0x000000277c300000,0x000000277c400000)]
  0x000002217cd6e800 JavaThread "Unconstrained build operations Thread 28" [_thread_blocked, id=9396, stack(0x000000277c400000,0x000000277c500000)]
  0x000002217ea23800 JavaThread "Unconstrained build operations Thread 29" [_thread_blocked, id=6060, stack(0x000000277c500000,0x000000277c600000)]
  0x000002217ea21000 JavaThread "Unconstrained build operations Thread 30" [_thread_blocked, id=3756, stack(0x000000277c600000,0x000000277c700000)]
  0x000002217ea20800 JavaThread "Unconstrained build operations Thread 31" [_thread_blocked, id=9312, stack(0x000000277c700000,0x000000277c800000)]
  0x000002217ea22000 JavaThread "Unconstrained build operations Thread 32" [_thread_blocked, id=10068, stack(0x000000277c800000,0x000000277c900000)]
  0x000002217ea1f800 JavaThread "Unconstrained build operations Thread 33" [_thread_blocked, id=10168, stack(0x000000277c900000,0x000000277ca00000)]
  0x000002217ea24800 JavaThread "Unconstrained build operations Thread 34" [_thread_blocked, id=3256, stack(0x000000277ca00000,0x000000277cb00000)]
  0x000002217ea1e800 JavaThread "Unconstrained build operations Thread 35" [_thread_blocked, id=9520, stack(0x000000277cb00000,0x000000277cc00000)]
  0x000002217ea25000 JavaThread "Unconstrained build operations Thread 36" [_thread_blocked, id=5748, stack(0x000000277cc00000,0x000000277cd00000)]
  0x000002217ea26000 JavaThread "Unconstrained build operations Thread 37" [_thread_blocked, id=5132, stack(0x000000277cd00000,0x000000277ce00000)]
  0x000002217ea27000 JavaThread "Unconstrained build operations Thread 38" [_thread_blocked, id=9536, stack(0x000000277ce00000,0x000000277cf00000)]
  0x000002217ea27800 JavaThread "Unconstrained build operations Thread 39" [_thread_blocked, id=272, stack(0x000000277cf00000,0x000000277d000000)]
  0x000002217ea28800 JavaThread "Unconstrained build operations Thread 40" [_thread_blocked, id=4536, stack(0x000000277d000000,0x000000277d100000)]
  0x000002217ea22800 JavaThread "build event listener" [_thread_blocked, id=7280, stack(0x000000277d100000,0x000000277d200000)]
  0x000002217ea29000 JavaThread "pool-6-thread-1" [_thread_blocked, id=8120, stack(0x000000277d300000,0x000000277d400000)]
  0x000002217ea2a000 JavaThread "build event listener" [_thread_blocked, id=3216, stack(0x000000277d500000,0x000000277d600000)]
  0x000002217ea2b800 JavaThread "included builds" [_thread_blocked, id=1040, stack(0x000000277d600000,0x000000277d700000)]
  0x000002217ea2b000 JavaThread "Execution worker" [_thread_blocked, id=2356, stack(0x000000277d700000,0x000000277d800000)]
  0x000002217ea2c800 JavaThread "Execution worker Thread 2" [_thread_blocked, id=2288, stack(0x000000277d800000,0x000000277d900000)]
  0x000002217ea2d800 JavaThread "Execution worker Thread 3" [_thread_in_vm, id=3932, stack(0x000000277d900000,0x000000277da00000)]
  0x000002217f6b0800 JavaThread "Cache worker for execution history cache (D:\SourceAndroid\KyThuat\.gradle\7.5\executionHistory)" [_thread_blocked, id=5904, stack(0x000000277da00000,0x000000277db00000)]
  0x000002217a91d800 JavaThread "C2 CompilerThread1" daemon [_thread_in_native, id=876, stack(0x0000002779c00000,0x0000002779d00000)]

Other Threads:
  0x000002217939e800 VMThread "VM Thread" [stack: 0x0000002777f00000,0x0000002778000000] [id=5976]
  0x0000022179588000 WatcherThread [stack: 0x0000002778900000,0x0000002778a00000] [id=3416]
  0x000002216df2b800 GCTaskThread "GC Thread#0" [stack: 0x0000002777a00000,0x0000002777b00000] [id=8664]
  0x0000022179ba4000 GCTaskThread "GC Thread#1" [stack: 0x0000002778b00000,0x0000002778c00000] [id=8592]
  0x0000022179fa1800 GCTaskThread "GC Thread#2" [stack: 0x0000002778c00000,0x0000002778d00000] [id=7064]
  0x0000022179f7d800 GCTaskThread "GC Thread#3" [stack: 0x0000002778d00000,0x0000002778e00000] [id=3316]
  0x000002216df5c800 ConcurrentGCThread "G1 Main Marker" [stack: 0x0000002777b00000,0x0000002777c00000] [id=8080]
  0x000002216df5e000 ConcurrentGCThread "G1 Conc#0" [stack: 0x0000002777c00000,0x0000002777d00000] [id=3400]
  0x000002216dfde800 ConcurrentGCThread "G1 Refine#0" [stack: 0x0000002777d00000,0x0000002777e00000] [id=5832]
  0x00000221789de800 ConcurrentGCThread "G1 Young RemSet Sampling" [stack: 0x0000002777e00000,0x0000002777f00000] [id=3460]

Threads with active compile tasks:
C2 CompilerThread1   117350 9969       4       java.lang.invoke.MethodType::makeImpl (108 bytes)

VM state:not at safepoint (normal execution)

VM Mutex/Monitor currently owned by a thread: None

Heap address: 0x0000000080000000, size: 2048 MB, Compressed Oops mode: 32-bit
Narrow klass base: 0x0000000000000000, Narrow klass shift: 3
Compressed class space size: 1073741824 Address: 0x0000000100000000

Heap:
 garbage-first heap   total 312320K, used 110567K [0x0000000080000000, 0x0000000100000000)
  region size 1024K, 51 young (52224K), 17 survivors (17408K)
 Metaspace       used 95620K, capacity 98055K, committed 98128K, reserved 1134592K
  class space    used 12113K, capacity 12940K, committed 13004K, reserved 1048576K
Heap Regions: E=young(eden), S=young(survivor), O=old, HS=humongous(starts), HC=humongous(continues), CS=collection set, F=free, A=archive, TAMS=top-at-mark-start (previous, next)
|   0|0x0000000080000000, 0x0000000080100000, 0x0000000080100000|100%|HS|  |TAMS 0x0000000080100000, 0x0000000080000000| Complete 
|   1|0x0000000080100000, 0x0000000080200000, 0x0000000080200000|100%|HC|  |TAMS 0x0000000080200000, 0x0000000080100000| Complete 
|   2|0x0000000080200000, 0x0000000080300000, 0x0000000080300000|100%|HC|  |TAMS 0x0000000080300000, 0x0000000080200000| Complete 
|   3|0x0000000080300000, 0x0000000080400000, 0x0000000080400000|100%| O|  |TAMS 0x0000000080400000, 0x0000000080300000| Untracked 
|   4|0x0000000080400000, 0x0000000080500000, 0x0000000080500000|100%| O|  |TAMS 0x0000000080500000, 0x0000000080400000| Untracked 
|   5|0x0000000080500000, 0x0000000080600000, 0x0000000080600000|100%| O|  |TAMS 0x0000000080600000, 0x0000000080500000| Untracked 
|   6|0x0000000080600000, 0x0000000080700000, 0x0000000080700000|100%| O|  |TAMS 0x0000000080700000, 0x0000000080600000| Untracked 
|   7|0x0000000080700000, 0x0000000080800000, 0x0000000080800000|100%| O|  |TAMS 0x0000000080800000, 0x0000000080700000| Untracked 
|   8|0x0000000080800000, 0x0000000080900000, 0x0000000080900000|100%| O|  |TAMS 0x0000000080900000, 0x0000000080800000| Untracked 
|   9|0x0000000080900000, 0x0000000080a00000, 0x0000000080a00000|100%| O|  |TAMS 0x0000000080a00000, 0x0000000080900000| Untracked 
|  10|0x0000000080a00000, 0x0000000080b00000, 0x0000000080b00000|100%| O|  |TAMS 0x0000000080b00000, 0x0000000080a00000| Untracked 
|  11|0x0000000080b00000, 0x0000000080c00000, 0x0000000080c00000|100%| O|  |TAMS 0x0000000080c00000, 0x0000000080b00000| Untracked 
|  12|0x0000000080c00000, 0x0000000080d00000, 0x0000000080d00000|100%| O|  |TAMS 0x0000000080d00000, 0x0000000080c00000| Untracked 
|  13|0x0000000080d00000, 0x0000000080e00000, 0x0000000080e00000|100%| O|  |TAMS 0x0000000080e00000, 0x0000000080d00000| Untracked 
|  14|0x0000000080e00000, 0x0000000080f00000, 0x0000000080f00000|100%| O|  |TAMS 0x0000000080f00000, 0x0000000080e00000| Untracked 
|  15|0x0000000080f00000, 0x0000000081000000, 0x0000000081000000|100%| O|  |TAMS 0x0000000081000000, 0x0000000080f00000| Untracked 
|  16|0x0000000081000000, 0x0000000081100000, 0x0000000081100000|100%| O|  |TAMS 0x0000000081100000, 0x0000000081000000| Untracked 
|  17|0x0000000081100000, 0x0000000081200000, 0x0000000081200000|100%| O|  |TAMS 0x0000000081200000, 0x0000000081100000| Untracked 
|  18|0x0000000081200000, 0x0000000081300000, 0x0000000081300000|100%| O|  |TAMS 0x0000000081300000, 0x0000000081200000| Untracked 
|  19|0x0000000081300000, 0x0000000081400000, 0x0000000081400000|100%| O|  |TAMS 0x0000000081400000, 0x0000000081300000| Untracked 
|  20|0x0000000081400000, 0x0000000081500000, 0x0000000081500000|100%|HS|  |TAMS 0x0000000081500000, 0x0000000081400000| Complete 
|  21|0x0000000081500000, 0x0000000081600000, 0x0000000081600000|100%|HS|  |TAMS 0x0000000081600000, 0x0000000081500000| Complete 
|  22|0x0000000081600000, 0x0000000081700000, 0x0000000081700000|100%| O|  |TAMS 0x0000000081700000, 0x0000000081600000| Untracked 
|  23|0x0000000081700000, 0x0000000081800000, 0x0000000081800000|100%|HS|  |TAMS 0x0000000081800000, 0x0000000081700000| Complete 
|  24|0x0000000081800000, 0x0000000081900000, 0x0000000081900000|100%|HC|  |TAMS 0x0000000081900000, 0x0000000081800000| Complete 
|  25|0x0000000081900000, 0x0000000081a00000, 0x0000000081a00000|100%| O|  |TAMS 0x0000000081a00000, 0x0000000081900000| Untracked 
|  26|0x0000000081a00000, 0x0000000081b00000, 0x0000000081b00000|100%| O|  |TAMS 0x0000000081b00000, 0x0000000081a00000| Untracked 
|  27|0x0000000081b00000, 0x0000000081c00000, 0x0000000081c00000|100%| O|  |TAMS 0x0000000081c00000, 0x0000000081b00000| Untracked 
|  28|0x0000000081c00000, 0x0000000081d00000, 0x0000000081d00000|100%| O|  |TAMS 0x0000000081d00000, 0x0000000081c00000| Untracked 
|  29|0x0000000081d00000, 0x0000000081e00000, 0x0000000081e00000|100%| O|  |TAMS 0x0000000081e00000, 0x0000000081d00000| Untracked 
|  30|0x0000000081e00000, 0x0000000081f00000, 0x0000000081f00000|100%| O|  |TAMS 0x0000000081f00000, 0x0000000081e00000| Untracked 
|  31|0x0000000081f00000, 0x0000000082000000, 0x0000000082000000|100%| O|  |TAMS 0x0000000082000000, 0x0000000081f00000| Untracked 
|  32|0x0000000082000000, 0x0000000082100000, 0x0000000082100000|100%| O|  |TAMS 0x0000000082100000, 0x0000000082000000| Untracked 
|  33|0x0000000082100000, 0x0000000082200000, 0x0000000082200000|100%| O|  |TAMS 0x0000000082200000, 0x0000000082100000| Untracked 
|  34|0x0000000082200000, 0x0000000082300000, 0x0000000082300000|100%| O|  |TAMS 0x0000000082300000, 0x0000000082200000| Untracked 
|  35|0x0000000082300000, 0x0000000082400000, 0x0000000082400000|100%| O|  |TAMS 0x0000000082400000, 0x0000000082300000| Untracked 
|  36|0x0000000082400000, 0x0000000082500000, 0x0000000082500000|100%| O|  |TAMS 0x0000000082500000, 0x0000000082400000| Untracked 
|  37|0x0000000082500000, 0x0000000082600000, 0x0000000082600000|100%| O|  |TAMS 0x0000000082600000, 0x0000000082500000| Untracked 
|  38|0x0000000082600000, 0x0000000082700000, 0x0000000082700000|100%| O|  |TAMS 0x0000000082700000, 0x0000000082600000| Untracked 
|  39|0x0000000082700000, 0x0000000082800000, 0x0000000082800000|100%| O|  |TAMS 0x0000000082800000, 0x0000000082700000| Untracked 
|  40|0x0000000082800000, 0x0000000082900000, 0x0000000082900000|100%| O|  |TAMS 0x0000000082900000, 0x0000000082800000| Untracked 
|  41|0x0000000082900000, 0x0000000082a00000, 0x0000000082a00000|100%| O|  |TAMS 0x0000000082a00000, 0x0000000082900000| Untracked 
|  42|0x0000000082a00000, 0x0000000082b00000, 0x0000000082b00000|100%| O|  |TAMS 0x0000000082b00000, 0x0000000082a00000| Untracked 
|  43|0x0000000082b00000, 0x0000000082c00000, 0x0000000082c00000|100%| O|  |TAMS 0x0000000082c00000, 0x0000000082b00000| Untracked 
|  44|0x0000000082c00000, 0x0000000082d00000, 0x0000000082d00000|100%| O|  |TAMS 0x0000000082d00000, 0x0000000082c00000| Untracked 
|  45|0x0000000082d00000, 0x0000000082e00000, 0x0000000082e00000|100%| O|  |TAMS 0x0000000082e00000, 0x0000000082d00000| Untracked 
|  46|0x0000000082e00000, 0x0000000082f00000, 0x0000000082f00000|100%| O|  |TAMS 0x0000000082f00000, 0x0000000082e00000| Untracked 
|  47|0x0000000082f00000, 0x0000000083000000, 0x0000000083000000|100%| O|  |TAMS 0x0000000083000000, 0x0000000082f00000| Untracked 
|  48|0x0000000083000000, 0x0000000083100000, 0x0000000083100000|100%| O|  |TAMS 0x0000000083100000, 0x0000000083000000| Untracked 
|  49|0x0000000083100000, 0x0000000083200000, 0x0000000083200000|100%| O|  |TAMS 0x0000000083200000, 0x0000000083100000| Untracked 
|  50|0x0000000083200000, 0x0000000083300000, 0x0000000083300000|100%| O|  |TAMS 0x000000008329c400, 0x0000000083200000| Untracked 
|  51|0x0000000083300000, 0x0000000083400000, 0x0000000083400000|100%| O|  |TAMS 0x0000000083300000, 0x0000000083300000| Untracked 
|  52|0x0000000083400000, 0x0000000083500000, 0x0000000083500000|100%| O|  |TAMS 0x0000000083400000, 0x0000000083400000| Untracked 
|  53|0x0000000083500000, 0x0000000083600000, 0x0000000083600000|100%| O|  |TAMS 0x0000000083500000, 0x0000000083500000| Untracked 
|  54|0x0000000083600000, 0x0000000083700000, 0x0000000083700000|100%| O|  |TAMS 0x0000000083600000, 0x0000000083600000| Untracked 
|  55|0x0000000083700000, 0x0000000083800000, 0x0000000083800000|100%| O|  |TAMS 0x0000000083700000, 0x0000000083700000| Untracked 
|  56|0x0000000083800000, 0x0000000083900000, 0x0000000083900000|100%| O|  |TAMS 0x0000000083800000, 0x0000000083800000| Untracked 
|  57|0x0000000083900000, 0x0000000083a00000, 0x0000000083a00000|100%| O|  |TAMS 0x0000000083900000, 0x0000000083900000| Untracked 
|  58|0x0000000083a00000, 0x0000000083af9e00, 0x0000000083b00000| 97%| O|  |TAMS 0x0000000083a00000, 0x0000000083a00000| Untracked 
|  59|0x0000000083b00000, 0x0000000083b00000, 0x0000000083c00000|  0%| F|  |TAMS 0x0000000083b00000, 0x0000000083b00000| Untracked 
|  60|0x0000000083c00000, 0x0000000083c00000, 0x0000000083d00000|  0%| F|  |TAMS 0x0000000083c00000, 0x0000000083c00000| Untracked 
|  61|0x0000000083d00000, 0x0000000083d00000, 0x0000000083e00000|  0%| F|  |TAMS 0x0000000083d00000, 0x0000000083d00000| Untracked 
|  62|0x0000000083e00000, 0x0000000083e00000, 0x0000000083f00000|  0%| F|  |TAMS 0x0000000083e00000, 0x0000000083e00000| Untracked 
|  63|0x0000000083f00000, 0x0000000083f00000, 0x0000000084000000|  0%| F|  |TAMS 0x0000000083f00000, 0x0000000083f00000| Untracked 
|  64|0x0000000084000000, 0x0000000084000000, 0x0000000084100000|  0%| F|  |TAMS 0x0000000084000000, 0x0000000084000000| Untracked 
|  65|0x0000000084100000, 0x0000000084100000, 0x0000000084200000|  0%| F|  |TAMS 0x0000000084100000, 0x0000000084100000| Untracked 
|  66|0x0000000084200000, 0x0000000084200000, 0x0000000084300000|  0%| F|  |TAMS 0x0000000084200000, 0x0000000084200000| Untracked 
|  67|0x0000000084300000, 0x0000000084300000, 0x0000000084400000|  0%| F|  |TAMS 0x0000000084300000, 0x0000000084300000| Untracked 
|  68|0x0000000084400000, 0x0000000084400000, 0x0000000084500000|  0%| F|  |TAMS 0x0000000084400000, 0x0000000084400000| Untracked 
|  69|0x0000000084500000, 0x0000000084500000, 0x0000000084600000|  0%| F|  |TAMS 0x0000000084500000, 0x0000000084500000| Untracked 
|  70|0x0000000084600000, 0x0000000084600000, 0x0000000084700000|  0%| F|  |TAMS 0x0000000084600000, 0x0000000084600000| Untracked 
|  71|0x0000000084700000, 0x0000000084700000, 0x0000000084800000|  0%| F|  |TAMS 0x0000000084700000, 0x0000000084700000| Untracked 
|  72|0x0000000084800000, 0x0000000084800000, 0x0000000084900000|  0%| F|  |TAMS 0x0000000084800000, 0x0000000084800000| Untracked 
|  73|0x0000000084900000, 0x0000000084900000, 0x0000000084a00000|  0%| F|  |TAMS 0x0000000084900000, 0x0000000084900000| Untracked 
|  74|0x0000000084a00000, 0x0000000084a00000, 0x0000000084b00000|  0%| F|  |TAMS 0x0000000084a00000, 0x0000000084a00000| Untracked 
|  75|0x0000000084b00000, 0x0000000084b00000, 0x0000000084c00000|  0%| F|  |TAMS 0x0000000084b00000, 0x0000000084b00000| Untracked 
|  76|0x0000000084c00000, 0x0000000084c00000, 0x0000000084d00000|  0%| F|  |TAMS 0x0000000084c00000, 0x0000000084c00000| Untracked 
|  77|0x0000000084d00000, 0x0000000084d00000, 0x0000000084e00000|  0%| F|  |TAMS 0x0000000084d00000, 0x0000000084d00000| Untracked 
|  78|0x0000000084e00000, 0x0000000084e00000, 0x0000000084f00000|  0%| F|  |TAMS 0x0000000084e00000, 0x0000000084e00000| Untracked 
|  79|0x0000000084f00000, 0x0000000084f00000, 0x0000000085000000|  0%| F|  |TAMS 0x0000000084f00000, 0x0000000084f00000| Untracked 
|  80|0x0000000085000000, 0x0000000085000000, 0x0000000085100000|  0%| F|  |TAMS 0x0000000085000000, 0x0000000085000000| Untracked 
|  81|0x0000000085100000, 0x0000000085100000, 0x0000000085200000|  0%| F|  |TAMS 0x0000000085100000, 0x0000000085100000| Untracked 
|  82|0x0000000085200000, 0x0000000085200000, 0x0000000085300000|  0%| F|  |TAMS 0x0000000085200000, 0x0000000085200000| Untracked 
|  83|0x0000000085300000, 0x0000000085300000, 0x0000000085400000|  0%| F|  |TAMS 0x0000000085300000, 0x0000000085300000| Untracked 
|  84|0x0000000085400000, 0x0000000085400000, 0x0000000085500000|  0%| F|  |TAMS 0x0000000085400000, 0x0000000085400000| Untracked 
|  85|0x0000000085500000, 0x0000000085500000, 0x0000000085600000|  0%| F|  |TAMS 0x0000000085500000, 0x0000000085500000| Untracked 
|  86|0x0000000085600000, 0x0000000085600000, 0x0000000085700000|  0%| F|  |TAMS 0x0000000085600000, 0x0000000085600000| Untracked 
|  87|0x0000000085700000, 0x0000000085700000, 0x0000000085800000|  0%| F|  |TAMS 0x0000000085700000, 0x0000000085700000| Untracked 
|  88|0x0000000085800000, 0x0000000085800000, 0x0000000085900000|  0%| F|  |TAMS 0x0000000085800000, 0x0000000085800000| Untracked 
|  89|0x0000000085900000, 0x0000000085900000, 0x0000000085a00000|  0%| F|  |TAMS 0x0000000085900000, 0x0000000085900000| Untracked 
|  90|0x0000000085a00000, 0x0000000085a00000, 0x0000000085b00000|  0%| F|  |TAMS 0x0000000085a00000, 0x0000000085a00000| Untracked 
|  91|0x0000000085b00000, 0x0000000085b00000, 0x0000000085c00000|  0%| F|  |TAMS 0x0000000085b00000, 0x0000000085b00000| Untracked 
|  92|0x0000000085c00000, 0x0000000085c00000, 0x0000000085d00000|  0%| F|  |TAMS 0x0000000085c00000, 0x0000000085c00000| Untracked 
|  93|0x0000000085d00000, 0x0000000085d00000, 0x0000000085e00000|  0%| F|  |TAMS 0x0000000085d00000, 0x0000000085d00000| Untracked 
|  94|0x0000000085e00000, 0x0000000085e00000, 0x0000000085f00000|  0%| F|  |TAMS 0x0000000085e00000, 0x0000000085e00000| Untracked 
|  95|0x0000000085f00000, 0x0000000085f00000, 0x0000000086000000|  0%| F|  |TAMS 0x0000000085f00000, 0x0000000085f00000| Untracked 
|  96|0x0000000086000000, 0x0000000086000000, 0x0000000086100000|  0%| F|  |TAMS 0x0000000086000000, 0x0000000086000000| Untracked 
|  97|0x0000000086100000, 0x0000000086100000, 0x0000000086200000|  0%| F|  |TAMS 0x0000000086100000, 0x0000000086100000| Untracked 
|  98|0x0000000086200000, 0x0000000086200000, 0x0000000086300000|  0%| F|  |TAMS 0x0000000086200000, 0x0000000086200000| Untracked 
|  99|0x0000000086300000, 0x0000000086300000, 0x0000000086400000|  0%| F|  |TAMS 0x0000000086300000, 0x0000000086300000| Untracked 
| 100|0x0000000086400000, 0x0000000086400000, 0x0000000086500000|  0%| F|  |TAMS 0x0000000086400000, 0x0000000086400000| Untracked 
| 101|0x0000000086500000, 0x0000000086500000, 0x0000000086600000|  0%| F|  |TAMS 0x0000000086500000, 0x0000000086500000| Untracked 
| 102|0x0000000086600000, 0x0000000086600000, 0x0000000086700000|  0%| F|  |TAMS 0x0000000086600000, 0x0000000086600000| Untracked 
| 103|0x0000000086700000, 0x0000000086700000, 0x0000000086800000|  0%| F|  |TAMS 0x0000000086700000, 0x0000000086700000| Untracked 
| 104|0x0000000086800000, 0x0000000086800000, 0x0000000086900000|  0%| F|  |TAMS 0x0000000086800000, 0x0000000086800000| Untracked 
| 105|0x0000000086900000, 0x0000000086900000, 0x0000000086a00000|  0%| F|  |TAMS 0x0000000086900000, 0x0000000086900000| Untracked 
| 106|0x0000000086a00000, 0x0000000086a00000, 0x0000000086b00000|  0%| F|  |TAMS 0x0000000086a00000, 0x0000000086a00000| Untracked 
| 107|0x0000000086b00000, 0x0000000086b00000, 0x0000000086c00000|  0%| F|  |TAMS 0x0000000086b00000, 0x0000000086b00000| Untracked 
| 108|0x0000000086c00000, 0x0000000086c00000, 0x0000000086d00000|  0%| F|  |TAMS 0x0000000086c00000, 0x0000000086c00000| Untracked 
| 109|0x0000000086d00000, 0x0000000086d00000, 0x0000000086e00000|  0%| F|  |TAMS 0x0000000086d00000, 0x0000000086d00000| Untracked 
| 110|0x0000000086e00000, 0x0000000086e00000, 0x0000000086f00000|  0%| F|  |TAMS 0x0000000086e00000, 0x0000000086e00000| Untracked 
| 111|0x0000000086f00000, 0x0000000086f00000, 0x0000000087000000|  0%| F|  |TAMS 0x0000000086f00000, 0x0000000086f00000| Untracked 
| 112|0x0000000087000000, 0x0000000087000000, 0x0000000087100000|  0%| F|  |TAMS 0x0000000087000000, 0x0000000087000000| Untracked 
| 113|0x0000000087100000, 0x0000000087100000, 0x0000000087200000|  0%| F|  |TAMS 0x0000000087100000, 0x0000000087100000| Untracked 
| 114|0x0000000087200000, 0x0000000087200000, 0x0000000087300000|  0%| F|  |TAMS 0x0000000087200000, 0x0000000087200000| Untracked 
| 115|0x0000000087300000, 0x0000000087300000, 0x0000000087400000|  0%| F|  |TAMS 0x0000000087300000, 0x0000000087300000| Untracked 
| 116|0x0000000087400000, 0x0000000087400000, 0x0000000087500000|  0%| F|  |TAMS 0x0000000087400000, 0x0000000087400000| Untracked 
| 117|0x0000000087500000, 0x0000000087500000, 0x0000000087600000|  0%| F|  |TAMS 0x0000000087500000, 0x0000000087500000| Untracked 
| 118|0x0000000087600000, 0x0000000087600000, 0x0000000087700000|  0%| F|  |TAMS 0x0000000087600000, 0x0000000087600000| Untracked 
| 119|0x0000000087700000, 0x0000000087700000, 0x0000000087800000|  0%| F|  |TAMS 0x0000000087700000, 0x0000000087700000| Untracked 
| 120|0x0000000087800000, 0x0000000087800000, 0x0000000087900000|  0%| F|  |TAMS 0x0000000087800000, 0x0000000087800000| Untracked 
| 121|0x0000000087900000, 0x0000000087900000, 0x0000000087a00000|  0%| F|  |TAMS 0x0000000087900000, 0x0000000087900000| Untracked 
| 122|0x0000000087a00000, 0x0000000087a00000, 0x0000000087b00000|  0%| F|  |TAMS 0x0000000087a00000, 0x0000000087a00000| Untracked 
| 123|0x0000000087b00000, 0x0000000087b00000, 0x0000000087c00000|  0%| F|  |TAMS 0x0000000087b00000, 0x0000000087b00000| Untracked 
| 124|0x0000000087c00000, 0x0000000087c00000, 0x0000000087d00000|  0%| F|  |TAMS 0x0000000087c00000, 0x0000000087c00000| Untracked 
| 125|0x0000000087d00000, 0x0000000087d00000, 0x0000000087e00000|  0%| F|  |TAMS 0x0000000087d00000, 0x0000000087d00000| Untracked 
| 126|0x0000000087e00000, 0x0000000087e00000, 0x0000000087f00000|  0%| F|  |TAMS 0x0000000087e00000, 0x0000000087e00000| Untracked 
| 127|0x0000000087f00000, 0x0000000087f00000, 0x0000000088000000|  0%| F|  |TAMS 0x0000000087f00000, 0x0000000087f00000| Untracked 
| 128|0x0000000088000000, 0x0000000088000000, 0x0000000088100000|  0%| F|  |TAMS 0x0000000088000000, 0x0000000088000000| Untracked 
| 129|0x0000000088100000, 0x0000000088100000, 0x0000000088200000|  0%| F|  |TAMS 0x0000000088100000, 0x0000000088100000| Untracked 
| 130|0x0000000088200000, 0x0000000088200000, 0x0000000088300000|  0%| F|  |TAMS 0x0000000088200000, 0x0000000088200000| Untracked 
| 131|0x0000000088300000, 0x0000000088300000, 0x0000000088400000|  0%| F|  |TAMS 0x0000000088300000, 0x0000000088300000| Untracked 
| 132|0x0000000088400000, 0x0000000088400000, 0x0000000088500000|  0%| F|  |TAMS 0x0000000088400000, 0x0000000088400000| Untracked 
| 133|0x0000000088500000, 0x0000000088500000, 0x0000000088600000|  0%| F|  |TAMS 0x0000000088500000, 0x0000000088500000| Untracked 
| 134|0x0000000088600000, 0x0000000088600000, 0x0000000088700000|  0%| F|  |TAMS 0x0000000088600000, 0x0000000088600000| Untracked 
| 135|0x0000000088700000, 0x0000000088700000, 0x0000000088800000|  0%| F|  |TAMS 0x0000000088700000, 0x0000000088700000| Untracked 
| 136|0x0000000088800000, 0x0000000088800000, 0x0000000088900000|  0%| F|  |TAMS 0x0000000088800000, 0x0000000088800000| Untracked 
| 137|0x0000000088900000, 0x0000000088900000, 0x0000000088a00000|  0%| F|  |TAMS 0x0000000088900000, 0x0000000088900000| Untracked 
| 138|0x0000000088a00000, 0x0000000088a00000, 0x0000000088b00000|  0%| F|  |TAMS 0x0000000088a00000, 0x0000000088a00000| Untracked 
| 139|0x0000000088b00000, 0x0000000088b00000, 0x0000000088c00000|  0%| F|  |TAMS 0x0000000088b00000, 0x0000000088b00000| Untracked 
| 140|0x0000000088c00000, 0x0000000088c00000, 0x0000000088d00000|  0%| F|  |TAMS 0x0000000088c00000, 0x0000000088c00000| Untracked 
| 141|0x0000000088d00000, 0x0000000088d00000, 0x0000000088e00000|  0%| F|  |TAMS 0x0000000088d00000, 0x0000000088d00000| Untracked 
| 142|0x0000000088e00000, 0x0000000088e00000, 0x0000000088f00000|  0%| F|  |TAMS 0x0000000088e00000, 0x0000000088e00000| Untracked 
| 143|0x0000000088f00000, 0x0000000088f00000, 0x0000000089000000|  0%| F|  |TAMS 0x0000000088f00000, 0x0000000088f00000| Untracked 
| 144|0x0000000089000000, 0x0000000089000000, 0x0000000089100000|  0%| F|  |TAMS 0x0000000089000000, 0x0000000089000000| Untracked 
| 145|0x0000000089100000, 0x0000000089100000, 0x0000000089200000|  0%| F|  |TAMS 0x0000000089100000, 0x0000000089100000| Untracked 
| 146|0x0000000089200000, 0x0000000089200000, 0x0000000089300000|  0%| F|  |TAMS 0x0000000089200000, 0x0000000089200000| Untracked 
| 147|0x0000000089300000, 0x0000000089300000, 0x0000000089400000|  0%| F|  |TAMS 0x0000000089300000, 0x0000000089300000| Untracked 
| 148|0x0000000089400000, 0x0000000089400000, 0x0000000089500000|  0%| F|  |TAMS 0x0000000089400000, 0x0000000089400000| Untracked 
| 149|0x0000000089500000, 0x0000000089500000, 0x0000000089600000|  0%| F|  |TAMS 0x0000000089500000, 0x0000000089500000| Untracked 
| 150|0x0000000089600000, 0x0000000089600000, 0x0000000089700000|  0%| F|  |TAMS 0x0000000089600000, 0x0000000089600000| Untracked 
| 151|0x0000000089700000, 0x0000000089700000, 0x0000000089800000|  0%| F|  |TAMS 0x0000000089700000, 0x0000000089700000| Untracked 
| 152|0x0000000089800000, 0x0000000089900000, 0x0000000089900000|100%| S|CS|TAMS 0x0000000089800000, 0x0000000089800000| Complete 
| 153|0x0000000089900000, 0x0000000089a00000, 0x0000000089a00000|100%| S|CS|TAMS 0x0000000089900000, 0x0000000089900000| Complete 
| 154|0x0000000089a00000, 0x0000000089b00000, 0x0000000089b00000|100%| S|CS|TAMS 0x0000000089a00000, 0x0000000089a00000| Complete 
| 155|0x0000000089b00000, 0x0000000089c00000, 0x0000000089c00000|100%| S|CS|TAMS 0x0000000089b00000, 0x0000000089b00000| Complete 
| 156|0x0000000089c00000, 0x0000000089d00000, 0x0000000089d00000|100%| S|CS|TAMS 0x0000000089c00000, 0x0000000089c00000| Complete 
| 157|0x0000000089d00000, 0x0000000089e00000, 0x0000000089e00000|100%| S|CS|TAMS 0x0000000089d00000, 0x0000000089d00000| Complete 
| 158|0x0000000089e00000, 0x0000000089f00000, 0x0000000089f00000|100%| S|CS|TAMS 0x0000000089e00000, 0x0000000089e00000| Complete 
| 159|0x0000000089f00000, 0x000000008a000000, 0x000000008a000000|100%| S|CS|TAMS 0x0000000089f00000, 0x0000000089f00000| Complete 
| 160|0x000000008a000000, 0x000000008a100000, 0x000000008a100000|100%| S|CS|TAMS 0x000000008a000000, 0x000000008a000000| Complete 
| 161|0x000000008a100000, 0x000000008a200000, 0x000000008a200000|100%| S|CS|TAMS 0x000000008a100000, 0x000000008a100000| Complete 
| 162|0x000000008a200000, 0x000000008a300000, 0x000000008a300000|100%| S|CS|TAMS 0x000000008a200000, 0x000000008a200000| Complete 
| 163|0x000000008a300000, 0x000000008a400000, 0x000000008a400000|100%| S|CS|TAMS 0x000000008a300000, 0x000000008a300000| Complete 
| 164|0x000000008a400000, 0x000000008a500000, 0x000000008a500000|100%| S|CS|TAMS 0x000000008a400000, 0x000000008a400000| Complete 
| 165|0x000000008a500000, 0x000000008a600000, 0x000000008a600000|100%| S|CS|TAMS 0x000000008a500000, 0x000000008a500000| Complete 
| 166|0x000000008a600000, 0x000000008a600000, 0x000000008a700000|  0%| F|  |TAMS 0x000000008a600000, 0x000000008a600000| Untracked 
| 167|0x000000008a700000, 0x000000008a700000, 0x000000008a800000|  0%| F|  |TAMS 0x000000008a700000, 0x000000008a700000| Untracked 
| 168|0x000000008a800000, 0x000000008a800000, 0x000000008a900000|  0%| F|  |TAMS 0x000000008a800000, 0x000000008a800000| Untracked 
| 169|0x000000008a900000, 0x000000008a900000, 0x000000008aa00000|  0%| F|  |TAMS 0x000000008a900000, 0x000000008a900000| Untracked 
| 170|0x000000008aa00000, 0x000000008aa00000, 0x000000008ab00000|  0%| F|  |TAMS 0x000000008aa00000, 0x000000008aa00000| Untracked 
| 171|0x000000008ab00000, 0x000000008ab00000, 0x000000008ac00000|  0%| F|  |TAMS 0x000000008ab00000, 0x000000008ab00000| Untracked 
| 172|0x000000008ac00000, 0x000000008ac00000, 0x000000008ad00000|  0%| F|  |TAMS 0x000000008ac00000, 0x000000008ac00000| Untracked 
| 173|0x000000008ad00000, 0x000000008ad00000, 0x000000008ae00000|  0%| F|  |TAMS 0x000000008ad00000, 0x000000008ad00000| Untracked 
| 174|0x000000008ae00000, 0x000000008ae00000, 0x000000008af00000|  0%| F|  |TAMS 0x000000008ae00000, 0x000000008ae00000| Untracked 
| 175|0x000000008af00000, 0x000000008af00000, 0x000000008b000000|  0%| F|  |TAMS 0x000000008af00000, 0x000000008af00000| Untracked 
| 176|0x000000008b000000, 0x000000008b000000, 0x000000008b100000|  0%| F|  |TAMS 0x000000008b000000, 0x000000008b000000| Untracked 
| 177|0x000000008b100000, 0x000000008b100000, 0x000000008b200000|  0%| F|  |TAMS 0x000000008b100000, 0x000000008b100000| Untracked 
| 178|0x000000008b200000, 0x000000008b200000, 0x000000008b300000|  0%| F|  |TAMS 0x000000008b200000, 0x000000008b200000| Untracked 
| 179|0x000000008b300000, 0x000000008b300000, 0x000000008b400000|  0%| F|  |TAMS 0x000000008b300000, 0x000000008b300000| Untracked 
| 180|0x000000008b400000, 0x000000008b400000, 0x000000008b500000|  0%| F|  |TAMS 0x000000008b400000, 0x000000008b400000| Untracked 
| 181|0x000000008b500000, 0x000000008b500000, 0x000000008b600000|  0%| F|  |TAMS 0x000000008b500000, 0x000000008b500000| Untracked 
| 182|0x000000008b600000, 0x000000008b700000, 0x000000008b700000|100%| S|CS|TAMS 0x000000008b600000, 0x000000008b600000| Complete 
| 183|0x000000008b700000, 0x000000008b800000, 0x000000008b800000|100%| S|CS|TAMS 0x000000008b700000, 0x000000008b700000| Complete 
| 184|0x000000008b800000, 0x000000008b900000, 0x000000008b900000|100%| S|CS|TAMS 0x000000008b800000, 0x000000008b800000| Complete 
| 185|0x000000008b900000, 0x000000008b900000, 0x000000008ba00000|  0%| F|  |TAMS 0x000000008b900000, 0x000000008b900000| Untracked 
| 186|0x000000008ba00000, 0x000000008ba00000, 0x000000008bb00000|  0%| F|  |TAMS 0x000000008ba00000, 0x000000008ba00000| Untracked 
| 187|0x000000008bb00000, 0x000000008bb00000, 0x000000008bc00000|  0%| F|  |TAMS 0x000000008bb00000, 0x000000008bb00000| Untracked 
| 188|0x000000008bc00000, 0x000000008bc00000, 0x000000008bd00000|  0%| F|  |TAMS 0x000000008bc00000, 0x000000008bc00000| Untracked 
| 189|0x000000008bd00000, 0x000000008bd00000, 0x000000008be00000|  0%| F|  |TAMS 0x000000008bd00000, 0x000000008bd00000| Untracked 
| 190|0x000000008be00000, 0x000000008be00000, 0x000000008bf00000|  0%| F|  |TAMS 0x000000008be00000, 0x000000008be00000| Untracked 
| 191|0x000000008bf00000, 0x000000008bf00000, 0x000000008c000000|  0%| F|  |TAMS 0x000000008bf00000, 0x000000008bf00000| Untracked 
| 192|0x000000008c000000, 0x000000008c000000, 0x000000008c100000|  0%| F|  |TAMS 0x000000008c000000, 0x000000008c000000| Untracked 
| 193|0x000000008c100000, 0x000000008c100000, 0x000000008c200000|  0%| F|  |TAMS 0x000000008c100000, 0x000000008c100000| Untracked 
| 194|0x000000008c200000, 0x000000008c200000, 0x000000008c300000|  0%| F|  |TAMS 0x000000008c200000, 0x000000008c200000| Untracked 
| 195|0x000000008c300000, 0x000000008c300000, 0x000000008c400000|  0%| F|  |TAMS 0x000000008c300000, 0x000000008c300000| Untracked 
| 196|0x000000008c400000, 0x000000008c400000, 0x000000008c500000|  0%| F|  |TAMS 0x000000008c400000, 0x000000008c400000| Untracked 
| 197|0x000000008c500000, 0x000000008c500000, 0x000000008c600000|  0%| F|  |TAMS 0x000000008c500000, 0x000000008c500000| Untracked 
| 198|0x000000008c600000, 0x000000008c600000, 0x000000008c700000|  0%| F|  |TAMS 0x000000008c600000, 0x000000008c600000| Untracked 
| 199|0x000000008c700000, 0x000000008c700000, 0x000000008c800000|  0%| F|  |TAMS 0x000000008c700000, 0x000000008c700000| Untracked 
| 200|0x000000008c800000, 0x000000008c800000, 0x000000008c900000|  0%| F|  |TAMS 0x000000008c800000, 0x000000008c800000| Untracked 
| 201|0x000000008c900000, 0x000000008c900000, 0x000000008ca00000|  0%| F|  |TAMS 0x000000008c900000, 0x000000008c900000| Untracked 
| 202|0x000000008ca00000, 0x000000008ca00000, 0x000000008cb00000|  0%| F|  |TAMS 0x000000008ca00000, 0x000000008ca00000| Untracked 
| 203|0x000000008cb00000, 0x000000008cb00000, 0x000000008cc00000|  0%| F|  |TAMS 0x000000008cb00000, 0x000000008cb00000| Untracked 
| 204|0x000000008cc00000, 0x000000008cc00000, 0x000000008cd00000|  0%| F|  |TAMS 0x000000008cc00000, 0x000000008cc00000| Untracked 
| 205|0x000000008cd00000, 0x000000008cd00000, 0x000000008ce00000|  0%| F|  |TAMS 0x000000008cd00000, 0x000000008cd00000| Untracked 
| 206|0x000000008ce00000, 0x000000008ce00000, 0x000000008cf00000|  0%| F|  |TAMS 0x000000008ce00000, 0x000000008ce00000| Untracked 
| 207|0x000000008cf00000, 0x000000008cf00000, 0x000000008d000000|  0%| F|  |TAMS 0x000000008cf00000, 0x000000008cf00000| Untracked 
| 208|0x000000008d000000, 0x000000008d000000, 0x000000008d100000|  0%| F|  |TAMS 0x000000008d000000, 0x000000008d000000| Untracked 
| 209|0x000000008d100000, 0x000000008d100000, 0x000000008d200000|  0%| F|  |TAMS 0x000000008d100000, 0x000000008d100000| Untracked 
| 210|0x000000008d200000, 0x000000008d200000, 0x000000008d300000|  0%| F|  |TAMS 0x000000008d200000, 0x000000008d200000| Untracked 
| 211|0x000000008d300000, 0x000000008d300000, 0x000000008d400000|  0%| F|  |TAMS 0x000000008d300000, 0x000000008d300000| Untracked 
| 212|0x000000008d400000, 0x000000008d400000, 0x000000008d500000|  0%| F|  |TAMS 0x000000008d400000, 0x000000008d400000| Untracked 
| 213|0x000000008d500000, 0x000000008d500000, 0x000000008d600000|  0%| F|  |TAMS 0x000000008d500000, 0x000000008d500000| Untracked 
| 214|0x000000008d600000, 0x000000008d600000, 0x000000008d700000|  0%| F|  |TAMS 0x000000008d600000, 0x000000008d600000| Untracked 
| 215|0x000000008d700000, 0x000000008d700000, 0x000000008d800000|  0%| F|  |TAMS 0x000000008d700000, 0x000000008d700000| Untracked 
| 216|0x000000008d800000, 0x000000008d800000, 0x000000008d900000|  0%| F|  |TAMS 0x000000008d800000, 0x000000008d800000| Untracked 
| 217|0x000000008d900000, 0x000000008d900000, 0x000000008da00000|  0%| F|  |TAMS 0x000000008d900000, 0x000000008d900000| Untracked 
| 218|0x000000008da00000, 0x000000008da00000, 0x000000008db00000|  0%| F|  |TAMS 0x000000008da00000, 0x000000008da00000| Untracked 
| 219|0x000000008db00000, 0x000000008db00000, 0x000000008dc00000|  0%| F|  |TAMS 0x000000008db00000, 0x000000008db00000| Untracked 
| 220|0x000000008dc00000, 0x000000008dc00000, 0x000000008dd00000|  0%| F|  |TAMS 0x000000008dc00000, 0x000000008dc00000| Untracked 
| 221|0x000000008dd00000, 0x000000008dd00000, 0x000000008de00000|  0%| F|  |TAMS 0x000000008dd00000, 0x000000008dd00000| Untracked 
| 222|0x000000008de00000, 0x000000008de00000, 0x000000008df00000|  0%| F|  |TAMS 0x000000008de00000, 0x000000008de00000| Untracked 
| 223|0x000000008df00000, 0x000000008df00000, 0x000000008e000000|  0%| F|  |TAMS 0x000000008df00000, 0x000000008df00000| Untracked 
| 224|0x000000008e000000, 0x000000008e000000, 0x000000008e100000|  0%| F|  |TAMS 0x000000008e000000, 0x000000008e000000| Untracked 
| 225|0x000000008e100000, 0x000000008e100000, 0x000000008e200000|  0%| F|  |TAMS 0x000000008e100000, 0x000000008e100000| Untracked 
| 226|0x000000008e200000, 0x000000008e200000, 0x000000008e300000|  0%| F|  |TAMS 0x000000008e200000, 0x000000008e200000| Untracked 
| 227|0x000000008e300000, 0x000000008e300000, 0x000000008e400000|  0%| F|  |TAMS 0x000000008e300000, 0x000000008e300000| Untracked 
| 228|0x000000008e400000, 0x000000008e400000, 0x000000008e500000|  0%| F|  |TAMS 0x000000008e400000, 0x000000008e400000| Untracked 
| 229|0x000000008e500000, 0x000000008e500000, 0x000000008e600000|  0%| F|  |TAMS 0x000000008e500000, 0x000000008e500000| Untracked 
| 230|0x000000008e600000, 0x000000008e600000, 0x000000008e700000|  0%| F|  |TAMS 0x000000008e600000, 0x000000008e600000| Untracked 
| 231|0x000000008e700000, 0x000000008e700000, 0x000000008e800000|  0%| F|  |TAMS 0x000000008e700000, 0x000000008e700000| Untracked 
| 232|0x000000008e800000, 0x000000008e800000, 0x000000008e900000|  0%| F|  |TAMS 0x000000008e800000, 0x000000008e800000| Untracked 
| 233|0x000000008e900000, 0x000000008e900000, 0x000000008ea00000|  0%| F|  |TAMS 0x000000008e900000, 0x000000008e900000| Untracked 
| 234|0x000000008ea00000, 0x000000008ea00000, 0x000000008eb00000|  0%| F|  |TAMS 0x000000008ea00000, 0x000000008ea00000| Untracked 
| 235|0x000000008eb00000, 0x000000008eb00000, 0x000000008ec00000|  0%| F|  |TAMS 0x000000008eb00000, 0x000000008eb00000| Untracked 
| 236|0x000000008ec00000, 0x000000008ec00000, 0x000000008ed00000|  0%| F|  |TAMS 0x000000008ec00000, 0x000000008ec00000| Untracked 
| 237|0x000000008ed00000, 0x000000008ed00000, 0x000000008ee00000|  0%| F|  |TAMS 0x000000008ed00000, 0x000000008ed00000| Untracked 
| 238|0x000000008ee00000, 0x000000008ee00000, 0x000000008ef00000|  0%| F|  |TAMS 0x000000008ee00000, 0x000000008ee00000| Untracked 
| 239|0x000000008ef00000, 0x000000008ef00000, 0x000000008f000000|  0%| F|  |TAMS 0x000000008ef00000, 0x000000008ef00000| Untracked 
| 240|0x000000008f000000, 0x000000008f000000, 0x000000008f100000|  0%| F|  |TAMS 0x000000008f000000, 0x000000008f000000| Untracked 
| 241|0x000000008f100000, 0x000000008f100000, 0x000000008f200000|  0%| F|  |TAMS 0x000000008f100000, 0x000000008f100000| Untracked 
| 242|0x000000008f200000, 0x000000008f200000, 0x000000008f300000|  0%| F|  |TAMS 0x000000008f200000, 0x000000008f200000| Untracked 
| 243|0x000000008f300000, 0x000000008f300000, 0x000000008f400000|  0%| F|  |TAMS 0x000000008f300000, 0x000000008f300000| Untracked 
| 244|0x000000008f400000, 0x000000008f400000, 0x000000008f500000|  0%| F|  |TAMS 0x000000008f400000, 0x000000008f400000| Untracked 
| 245|0x000000008f500000, 0x000000008f500000, 0x000000008f600000|  0%| F|  |TAMS 0x000000008f500000, 0x000000008f500000| Untracked 
| 246|0x000000008f600000, 0x000000008f600000, 0x000000008f700000|  0%| F|  |TAMS 0x000000008f600000, 0x000000008f600000| Untracked 
| 247|0x000000008f700000, 0x000000008f700000, 0x000000008f800000|  0%| F|  |TAMS 0x000000008f700000, 0x000000008f700000| Untracked 
| 248|0x000000008f800000, 0x000000008f800000, 0x000000008f900000|  0%| F|  |TAMS 0x000000008f800000, 0x000000008f800000| Untracked 
| 249|0x000000008f900000, 0x000000008f900000, 0x000000008fa00000|  0%| F|  |TAMS 0x000000008f900000, 0x000000008f900000| Untracked 
| 250|0x000000008fa00000, 0x000000008fa00000, 0x000000008fb00000|  0%| F|  |TAMS 0x000000008fa00000, 0x000000008fa00000| Untracked 
| 251|0x000000008fb00000, 0x000000008fb00000, 0x000000008fc00000|  0%| F|  |TAMS 0x000000008fb00000, 0x000000008fb00000| Untracked 
| 252|0x000000008fc00000, 0x000000008fc00000, 0x000000008fd00000|  0%| F|  |TAMS 0x000000008fc00000, 0x000000008fc00000| Untracked 
| 253|0x000000008fd00000, 0x000000008fd00000, 0x000000008fe00000|  0%| F|  |TAMS 0x000000008fd00000, 0x000000008fd00000| Untracked 
| 254|0x000000008fe00000, 0x000000008fe00000, 0x000000008ff00000|  0%| F|  |TAMS 0x000000008fe00000, 0x000000008fe00000| Untracked 
| 255|0x000000008ff00000, 0x000000008ff00000, 0x0000000090000000|  0%| F|  |TAMS 0x000000008ff00000, 0x000000008ff00000| Untracked 
| 256|0x0000000090000000, 0x0000000090000000, 0x0000000090100000|  0%| F|  |TAMS 0x0000000090000000, 0x0000000090000000| Untracked 
| 257|0x0000000090100000, 0x0000000090100000, 0x0000000090200000|  0%| F|  |TAMS 0x0000000090100000, 0x0000000090100000| Untracked 
| 258|0x0000000090200000, 0x0000000090200000, 0x0000000090300000|  0%| F|  |TAMS 0x0000000090200000, 0x0000000090200000| Untracked 
| 259|0x0000000090300000, 0x0000000090300000, 0x0000000090400000|  0%| F|  |TAMS 0x0000000090300000, 0x0000000090300000| Untracked 
| 260|0x0000000090400000, 0x0000000090400000, 0x0000000090500000|  0%| F|  |TAMS 0x0000000090400000, 0x0000000090400000| Untracked 
| 261|0x0000000090500000, 0x0000000090500000, 0x0000000090600000|  0%| F|  |TAMS 0x0000000090500000, 0x0000000090500000| Untracked 
| 262|0x0000000090600000, 0x0000000090600000, 0x0000000090700000|  0%| F|  |TAMS 0x0000000090600000, 0x0000000090600000| Untracked 
| 263|0x0000000090700000, 0x0000000090700000, 0x0000000090800000|  0%| F|  |TAMS 0x0000000090700000, 0x0000000090700000| Untracked 
| 264|0x0000000090800000, 0x0000000090800000, 0x0000000090900000|  0%| F|  |TAMS 0x0000000090800000, 0x0000000090800000| Untracked 
| 265|0x0000000090900000, 0x0000000090900000, 0x0000000090a00000|  0%| F|  |TAMS 0x0000000090900000, 0x0000000090900000| Untracked 
| 266|0x0000000090a00000, 0x0000000090a00000, 0x0000000090b00000|  0%| F|  |TAMS 0x0000000090a00000, 0x0000000090a00000| Untracked 
| 267|0x0000000090b00000, 0x0000000090b00000, 0x0000000090c00000|  0%| F|  |TAMS 0x0000000090b00000, 0x0000000090b00000| Untracked 
| 268|0x0000000090c00000, 0x0000000090c00000, 0x0000000090d00000|  0%| F|  |TAMS 0x0000000090c00000, 0x0000000090c00000| Untracked 
| 269|0x0000000090d00000, 0x0000000090d00000, 0x0000000090e00000|  0%| F|  |TAMS 0x0000000090d00000, 0x0000000090d00000| Untracked 
| 270|0x0000000090e00000, 0x0000000090e00000, 0x0000000090f00000|  0%| F|  |TAMS 0x0000000090e00000, 0x0000000090e00000| Untracked 
| 271|0x0000000090f00000, 0x0000000090f4d418, 0x0000000091000000| 30%| E|  |TAMS 0x0000000090f00000, 0x0000000090f00000| Complete 
| 272|0x0000000091000000, 0x0000000091100000, 0x0000000091100000|100%| E|CS|TAMS 0x0000000091000000, 0x0000000091000000| Complete 
| 273|0x0000000091100000, 0x0000000091200000, 0x0000000091200000|100%| E|CS|TAMS 0x0000000091100000, 0x0000000091100000| Complete 
| 274|0x0000000091200000, 0x0000000091300000, 0x0000000091300000|100%| E|  |TAMS 0x0000000091200000, 0x0000000091200000| Complete 
| 275|0x0000000091300000, 0x0000000091400000, 0x0000000091400000|100%| E|CS|TAMS 0x0000000091300000, 0x0000000091300000| Complete 
| 276|0x0000000091400000, 0x0000000091500000, 0x0000000091500000|100%| E|CS|TAMS 0x0000000091400000, 0x0000000091400000| Complete 
| 277|0x0000000091500000, 0x0000000091600000, 0x0000000091600000|100%| E|CS|TAMS 0x0000000091500000, 0x0000000091500000| Complete 
| 278|0x0000000091600000, 0x0000000091700000, 0x0000000091700000|100%| E|CS|TAMS 0x0000000091600000, 0x0000000091600000| Complete 
| 279|0x0000000091700000, 0x0000000091800000, 0x0000000091800000|100%| E|CS|TAMS 0x0000000091700000, 0x0000000091700000| Complete 
| 280|0x0000000091800000, 0x0000000091900000, 0x0000000091900000|100%| E|CS|TAMS 0x0000000091800000, 0x0000000091800000| Complete 
| 281|0x0000000091900000, 0x0000000091a00000, 0x0000000091a00000|100%| E|CS|TAMS 0x0000000091900000, 0x0000000091900000| Complete 
| 282|0x0000000091a00000, 0x0000000091b00000, 0x0000000091b00000|100%| E|CS|TAMS 0x0000000091a00000, 0x0000000091a00000| Complete 
| 283|0x0000000091b00000, 0x0000000091c00000, 0x0000000091c00000|100%| E|CS|TAMS 0x0000000091b00000, 0x0000000091b00000| Complete 
| 284|0x0000000091c00000, 0x0000000091d00000, 0x0000000091d00000|100%| E|CS|TAMS 0x0000000091c00000, 0x0000000091c00000| Complete 
| 285|0x0000000091d00000, 0x0000000091e00000, 0x0000000091e00000|100%| E|CS|TAMS 0x0000000091d00000, 0x0000000091d00000| Complete 
| 286|0x0000000091e00000, 0x0000000091f00000, 0x0000000091f00000|100%| E|CS|TAMS 0x0000000091e00000, 0x0000000091e00000| Complete 
| 287|0x0000000091f00000, 0x0000000092000000, 0x0000000092000000|100%| E|CS|TAMS 0x0000000091f00000, 0x0000000091f00000| Complete 
| 288|0x0000000092000000, 0x0000000092100000, 0x0000000092100000|100%| E|CS|TAMS 0x0000000092000000, 0x0000000092000000| Complete 
| 289|0x0000000092100000, 0x0000000092200000, 0x0000000092200000|100%| E|CS|TAMS 0x0000000092100000, 0x0000000092100000| Complete 
| 290|0x0000000092200000, 0x0000000092300000, 0x0000000092300000|100%| E|CS|TAMS 0x0000000092200000, 0x0000000092200000| Complete 
| 291|0x0000000092300000, 0x0000000092400000, 0x0000000092400000|100%| E|CS|TAMS 0x0000000092300000, 0x0000000092300000| Complete 
| 292|0x0000000092400000, 0x0000000092500000, 0x0000000092500000|100%| E|CS|TAMS 0x0000000092400000, 0x0000000092400000| Complete 
| 293|0x0000000092500000, 0x0000000092600000, 0x0000000092600000|100%| E|CS|TAMS 0x0000000092500000, 0x0000000092500000| Complete 
| 294|0x0000000092600000, 0x0000000092700000, 0x0000000092700000|100%| E|CS|TAMS 0x0000000092600000, 0x0000000092600000| Complete 
| 295|0x0000000092700000, 0x0000000092800000, 0x0000000092800000|100%| E|CS|TAMS 0x0000000092700000, 0x0000000092700000| Complete 
| 296|0x0000000092800000, 0x0000000092900000, 0x0000000092900000|100%| E|CS|TAMS 0x0000000092800000, 0x0000000092800000| Complete 
| 297|0x0000000092900000, 0x0000000092a00000, 0x0000000092a00000|100%| E|CS|TAMS 0x0000000092900000, 0x0000000092900000| Complete 
| 298|0x0000000092a00000, 0x0000000092b00000, 0x0000000092b00000|100%| E|CS|TAMS 0x0000000092a00000, 0x0000000092a00000| Complete 
| 299|0x0000000092b00000, 0x0000000092c00000, 0x0000000092c00000|100%| E|CS|TAMS 0x0000000092b00000, 0x0000000092b00000| Complete 
| 300|0x0000000092c00000, 0x0000000092d00000, 0x0000000092d00000|100%| E|CS|TAMS 0x0000000092c00000, 0x0000000092c00000| Complete 
| 301|0x0000000092d00000, 0x0000000092e00000, 0x0000000092e00000|100%| E|CS|TAMS 0x0000000092d00000, 0x0000000092d00000| Complete 
| 302|0x0000000092e00000, 0x0000000092f00000, 0x0000000092f00000|100%| E|CS|TAMS 0x0000000092e00000, 0x0000000092e00000| Complete 
| 303|0x0000000092f00000, 0x0000000093000000, 0x0000000093000000|100%| E|CS|TAMS 0x0000000092f00000, 0x0000000092f00000| Complete 
| 304|0x0000000093000000, 0x0000000093100000, 0x0000000093100000|100%| E|CS|TAMS 0x0000000093000000, 0x0000000093000000| Complete 

Card table byte_map: [0x0000022171e30000,0x0000022172230000] _byte_map_base: 0x0000022171a30000

Marking Bits (Prev, Next): (CMBitMap*) 0x000002216df53988, (CMBitMap*) 0x000002216df539c0
 Prev Bits: [0x0000022172630000, 0x0000022174630000)
 Next Bits: [0x0000022174630000, 0x0000022176630000)

Polling page: 0x000002216be40000

Metaspace:

Usage:
  Non-class:     83.18 MB capacity,    81.57 MB ( 98%) used,     1.36 MB (  2%) free+waste,   259.50 KB ( <1%) overhead. 
      Class:     12.64 MB capacity,    11.83 MB ( 94%) used,   704.91 KB (  5%) free+waste,   116.88 KB ( <1%) overhead. 
       Both:     95.82 MB capacity,    93.41 MB ( 97%) used,     2.05 MB (  2%) free+waste,   376.38 KB ( <1%) overhead. 

Virtual space:
  Non-class space:       84.00 MB reserved,      83.38 MB (>99%) committed 
      Class space:        1.00 GB reserved,      12.70 MB (  1%) committed 
             Both:        1.08 GB reserved,      96.08 MB (  9%) committed 

Chunk freelists:
   Non-Class:  9.00 KB
       Class:  20.00 KB
        Both:  29.00 KB

MaxMetaspaceSize: 17179869184.00 GB
CompressedClassSpaceSize: 1.00 GB
Initial GC threshold: 20.80 MB
Current GC threshold: 116.38 MB
CDS: off

CodeHeap 'non-profiled nmethods': size=120064Kb used=5900Kb max_used=5900Kb free=114163Kb
 bounds [0x0000022107ac0000, 0x0000022108090000, 0x000002210f000000]
CodeHeap 'profiled nmethods': size=120000Kb used=21281Kb max_used=21281Kb free=98718Kb
 bounds [0x0000022100590000, 0x0000022101a60000, 0x0000022107ac0000]
CodeHeap 'non-nmethods': size=5696Kb used=2386Kb max_used=2437Kb free=3309Kb
 bounds [0x0000022100000000, 0x0000022100280000, 0x0000022100590000]
 total_blobs=10841 nmethods=9925 adapters=829
 compilation: enabled
              stopped_count=0, restarted_count=0
 full_count=0

Compilation events (20 events):
Event: 117.313 Thread 0x0000022179414000 nmethod 9963 0x0000022101a54490 code [0x0000022101a54760, 0x0000022101a554f8]
Event: 117.313 Thread 0x0000022179414000 9965       3       com.google.common.collect.RegularImmutableSet::contains (56 bytes)
Event: 117.314 Thread 0x0000022179414000 nmethod 9965 0x0000022101a55b90 code [0x0000022101a55da0, 0x0000022101a563d8]
Event: 117.314 Thread 0x0000022179414000 9962       3       java.io.ObjectStreamClass::hasWriteObjectMethod (17 bytes)
Event: 117.314 Thread 0x0000022179414000 nmethod 9962 0x0000022101a56610 code [0x0000022101a567e0, 0x0000022101a56aa8]
Event: 117.314 Thread 0x0000022179414000 9958       1       org.gradle.execution.plan.Node::getExecutionFailure (5 bytes)
Event: 117.314 Thread 0x0000022179414000 nmethod 9958 0x000002210807e910 code [0x000002210807eac0, 0x000002210807eb78]
Event: 117.314 Thread 0x0000022179414000 9961       3       java.io.ObjectOutputStream$BlockDataOutputStream::writeLong (48 bytes)
Event: 117.314 Thread 0x0000022179414000 nmethod 9961 0x0000022101a56c10 code [0x0000022101a56de0, 0x0000022101a56fd8]
Event: 117.314 Thread 0x0000022179414000 9964       1       org.gradle.execution.plan.LocalTaskNode::getPrepareNode (5 bytes)
Event: 117.314 Thread 0x0000022179414000 nmethod 9964 0x000002210807ec10 code [0x000002210807edc0, 0x000002210807ee78]
Event: 117.314 Thread 0x0000022179414000 9966       3       org.gradle.execution.plan.Node::isComplete (43 bytes)
Event: 117.315 Thread 0x0000022179414000 nmethod 9966 0x0000022101a57110 code [0x0000022101a572c0, 0x0000022101a574f8]
Event: 117.315 Thread 0x0000022179414000 9967       3       java.util.ArrayList::set (24 bytes)
Event: 117.315 Thread 0x0000022179414000 nmethod 9967 0x0000022101a57590 code [0x0000022101a577c0, 0x0000022101a58128]
Event: 117.315 Thread 0x0000022179414000 9957       1       org.gradle.execution.plan.Node::getDependencySuccessors (5 bytes)
Event: 117.315 Thread 0x0000022179414000 nmethod 9957 0x000002210807ef10 code [0x000002210807f0c0, 0x000002210807f178]
Event: 117.322 Thread 0x0000022179414000 9970       1       com.google.common.collect.ImmutableSortedSet::comparator (5 bytes)
Event: 117.322 Thread 0x0000022179414000 nmethod 9970 0x000002210807f210 code [0x000002210807f3c0, 0x000002210807f478]
Event: 117.322 Thread 0x000002217a91d800 9969       4       java.lang.invoke.MethodType::makeImpl (108 bytes)

GC Heap History (20 events):
Event: 2.545 GC heap before
{Heap before GC invocations=4 (full 0):
 garbage-first heap   total 260096K, used 52939K [0x0000000080000000, 0x0000000100000000)
  region size 1024K, 37 young (37888K), 1 survivors (1024K)
 Metaspace       used 24574K, capacity 25102K, committed 25340K, reserved 1071104K
  class space    used 3113K, capacity 3316K, committed 3404K, reserved 1048576K
}
Event: 2.548 GC heap after
{Heap after GC invocations=5 (full 0):
 garbage-first heap   total 260096K, used 17965K [0x0000000080000000, 0x0000000100000000)
  region size 1024K, 2 young (2048K), 2 survivors (2048K)
 Metaspace       used 24574K, capacity 25102K, committed 25340K, reserved 1071104K
  class space    used 3113K, capacity 3316K, committed 3404K, reserved 1048576K
}
Event: 3.151 GC heap before
{Heap before GC invocations=6 (full 0):
 garbage-first heap   total 260096K, used 81453K [0x0000000080000000, 0x0000000100000000)
  region size 1024K, 64 young (65536K), 2 survivors (2048K)
 Metaspace       used 30524K, capacity 31263K, committed 31484K, reserved 1077248K
  class space    used 4076K, capacity 4355K, committed 4428K, reserved 1048576K
}
Event: 3.155 GC heap after
{Heap after GC invocations=7 (full 0):
 garbage-first heap   total 260096K, used 19996K [0x0000000080000000, 0x0000000100000000)
  region size 1024K, 4 young (4096K), 4 survivors (4096K)
 Metaspace       used 30524K, capacity 31263K, committed 31484K, reserved 1077248K
  class space    used 4076K, capacity 4355K, committed 4428K, reserved 1048576K
}
Event: 4.150 GC heap before
{Heap before GC invocations=7 (full 0):
 garbage-first heap   total 260096K, used 115228K [0x0000000080000000, 0x0000000100000000)
  region size 1024K, 95 young (97280K), 4 survivors (4096K)
 Metaspace       used 41110K, capacity 42127K, committed 42364K, reserved 1085440K
  class space    used 5206K, capacity 5564K, committed 5580K, reserved 1048576K
}
Event: 4.161 GC heap after
{Heap after GC invocations=8 (full 0):
 garbage-first heap   total 260096K, used 28276K [0x0000000080000000, 0x0000000100000000)
  region size 1024K, 12 young (12288K), 12 survivors (12288K)
 Metaspace       used 41110K, capacity 42127K, committed 42364K, reserved 1085440K
  class space    used 5206K, capacity 5564K, committed 5580K, reserved 1048576K
}
Event: 4.208 GC heap before
{Heap before GC invocations=8 (full 0):
 garbage-first heap   total 260096K, used 32372K [0x0000000080000000, 0x0000000100000000)
  region size 1024K, 17 young (17408K), 12 survivors (12288K)
 Metaspace       used 41316K, capacity 42407K, committed 42620K, reserved 1087488K
  class space    used 5228K, capacity 5573K, committed 5580K, reserved 1048576K
}
Event: 4.222 GC heap after
{Heap after GC invocations=9 (full 0):
 garbage-first heap   total 260096K, used 28980K [0x0000000080000000, 0x0000000100000000)
  region size 1024K, 9 young (9216K), 9 survivors (9216K)
 Metaspace       used 41316K, capacity 42407K, committed 42620K, reserved 1087488K
  class space    used 5228K, capacity 5573K, committed 5580K, reserved 1048576K
}
Event: 6.195 GC heap before
{Heap before GC invocations=10 (full 0):
 garbage-first heap   total 260096K, used 154932K [0x0000000080000000, 0x0000000100000000)
  region size 1024K, 132 young (135168K), 9 survivors (9216K)
 Metaspace       used 55399K, capacity 56855K, committed 56956K, reserved 1099776K
  class space    used 7026K, capacity 7534K, committed 7628K, reserved 1048576K
}
Event: 6.218 GC heap after
{Heap after GC invocations=11 (full 0):
 garbage-first heap   total 260096K, used 35059K [0x0000000080000000, 0x0000000100000000)
  region size 1024K, 15 young (15360K), 15 survivors (15360K)
 Metaspace       used 55399K, capacity 56855K, committed 56956K, reserved 1099776K
  class space    used 7026K, capacity 7534K, committed 7628K, reserved 1048576K
}
Event: 7.775 GC heap before
{Heap before GC invocations=11 (full 0):
 garbage-first heap   total 260096K, used 184563K [0x0000000080000000, 0x0000000100000000)
  region size 1024K, 150 young (153600K), 15 survivors (15360K)
 Metaspace       used 67853K, capacity 69585K, committed 69884K, reserved 1110016K
  class space    used 8533K, capacity 9156K, committed 9292K, reserved 1048576K
}
Event: 7.801 GC heap after
{Heap after GC invocations=12 (full 0):
 garbage-first heap   total 260096K, used 51713K [0x0000000080000000, 0x0000000100000000)
  region size 1024K, 19 young (19456K), 19 survivors (19456K)
 Metaspace       used 67853K, capacity 69585K, committed 69884K, reserved 1110016K
  class space    used 8533K, capacity 9156K, committed 9292K, reserved 1048576K
}
Event: 8.011 GC heap before
{Heap before GC invocations=12 (full 0):
 garbage-first heap   total 260096K, used 66049K [0x0000000080000000, 0x0000000100000000)
  region size 1024K, 34 young (34816K), 19 survivors (19456K)
 Metaspace       used 69435K, capacity 71099K, committed 71248K, reserved 1112064K
  class space    used 8736K, capacity 9354K, committed 9420K, reserved 1048576K
}
Event: 8.033 GC heap after
{Heap after GC invocations=13 (full 0):
 garbage-first heap   total 312320K, used 53873K [0x0000000080000000, 0x0000000100000000)
  region size 1024K, 2 young (2048K), 2 survivors (2048K)
 Metaspace       used 69435K, capacity 71099K, committed 71248K, reserved 1112064K
  class space    used 8736K, capacity 9354K, committed 9420K, reserved 1048576K
}
Event: 9.090 GC heap before
{Heap before GC invocations=14 (full 0):
 garbage-first heap   total 312320K, used 164465K [0x0000000080000000, 0x0000000100000000)
  region size 1024K, 109 young (111616K), 2 survivors (2048K)
 Metaspace       used 75660K, capacity 77427K, committed 77520K, reserved 1116160K
  class space    used 9631K, capacity 10278K, committed 10316K, reserved 1048576K
}
Event: 9.098 GC heap after
{Heap after GC invocations=15 (full 0):
 garbage-first heap   total 312320K, used 59694K [0x0000000080000000, 0x0000000100000000)
  region size 1024K, 8 young (8192K), 8 survivors (8192K)
 Metaspace       used 75660K, capacity 77427K, committed 77520K, reserved 1116160K
  class space    used 9631K, capacity 10278K, committed 10316K, reserved 1048576K
}
Event: 105.195 GC heap before
{Heap before GC invocations=15 (full 0):
 garbage-first heap   total 312320K, used 176430K [0x0000000080000000, 0x0000000100000000)
  region size 1024K, 123 young (125952K), 8 survivors (8192K)
 Metaspace       used 86885K, capacity 89037K, committed 89168K, reserved 1126400K
  class space    used 10958K, capacity 11720K, committed 11724K, reserved 1048576K
}
Event: 105.211 GC heap after
{Heap after GC invocations=16 (full 0):
 garbage-first heap   total 312320K, used 68209K [0x0000000080000000, 0x0000000100000000)
  region size 1024K, 16 young (16384K), 16 survivors (16384K)
 Metaspace       used 86885K, capacity 89037K, committed 89168K, reserved 1126400K
  class space    used 10958K, capacity 11720K, committed 11724K, reserved 1048576K
}
Event: 106.924 GC heap before
{Heap before GC invocations=16 (full 0):
 garbage-first heap   total 312320K, used 190065K [0x0000000080000000, 0x0000000100000000)
  region size 1024K, 136 young (139264K), 16 survivors (16384K)
 Metaspace       used 94644K, capacity 96933K, committed 97232K, reserved 1134592K
  class space    used 11958K, capacity 12747K, committed 12876K, reserved 1048576K
}
Event: 106.949 GC heap after
{Heap after GC invocations=17 (full 0):
 garbage-first heap   total 312320K, used 77799K [0x0000000080000000, 0x0000000100000000)
  region size 1024K, 17 young (17408K), 17 survivors (17408K)
 Metaspace       used 94644K, capacity 96933K, committed 97232K, reserved 1134592K
  class space    used 11958K, capacity 12747K, committed 12876K, reserved 1048576K
}

Deoptimization events (20 events):
Event: 107.110 Thread 0x000002217eee5000 DEOPT PACKING pc=0x0000022107fc2844 sp=0x00000027791f9380
Event: 107.110 Thread 0x000002217eee5000 DEOPT UNPACKING pc=0x000002210004a1a9 sp=0x00000027791f9338 mode 2
Event: 107.141 Thread 0x000002217ea2b800 Uncommon trap: trap_request=0xffffffde fr.pc=0x0000022107bd9a28 relative=0x00000000000002e8
Event: 107.141 Thread 0x000002217ea2b800 Uncommon trap: reason=class_check action=maybe_recompile pc=0x0000022107bd9a28 method=java.util.Collections$SetFromMap.remove(Ljava/lang/Object;)Z @ 5 c2
Event: 107.141 Thread 0x000002217ea2b800 DEOPT PACKING pc=0x0000022107bd9a28 sp=0x000000277d6fda40
Event: 107.141 Thread 0x000002217ea2b800 DEOPT UNPACKING pc=0x000002210004a1a9 sp=0x000000277d6fda38 mode 2
Event: 107.146 Thread 0x000002217ea2b800 Uncommon trap: trap_request=0xffffffde fr.pc=0x0000022107c7fcf4 relative=0x00000000000002b4
Event: 107.146 Thread 0x000002217ea2b800 Uncommon trap: reason=class_check action=maybe_recompile pc=0x0000022107c7fcf4 method=java.util.stream.StreamOpFlag.fromCharacteristics(Ljava/util/Spliterator;)I @ 14 c2
Event: 107.146 Thread 0x000002217ea2b800 DEOPT PACKING pc=0x0000022107c7fcf4 sp=0x000000277d6fd3b0
Event: 107.146 Thread 0x000002217ea2b800 DEOPT UNPACKING pc=0x000002210004a1a9 sp=0x000000277d6fd298 mode 2
Event: 107.220 Thread 0x000002217ea2b000 Uncommon trap: trap_request=0xffffff4d fr.pc=0x0000022107f7f898 relative=0x00000000000001d8
Event: 107.220 Thread 0x000002217ea2b000 Uncommon trap: reason=unstable_if action=reinterpret pc=0x0000022107f7f898 method=com.google.common.collect.RegularImmutableSet.contains(Ljava/lang/Object;)Z @ 10 c2
Event: 107.220 Thread 0x000002217ea2b000 DEOPT PACKING pc=0x0000022107f7f898 sp=0x000000277d7facf0
Event: 107.220 Thread 0x000002217ea2b000 DEOPT UNPACKING pc=0x000002210004a1a9 sp=0x000000277d7fac88 mode 2
Event: 117.270 Thread 0x000002217eee4000 DEOPT PACKING pc=0x00000221014c362d sp=0x00000027795fe100
Event: 117.270 Thread 0x000002217eee4000 DEOPT UNPACKING pc=0x000002210004a93f sp=0x00000027795fd5c0 mode 0
Event: 117.270 Thread 0x000002217eee4000 DEOPT PACKING pc=0x00000221014c3d61 sp=0x00000027795fe070
Event: 117.270 Thread 0x000002217eee4000 DEOPT UNPACKING pc=0x000002210004a93f sp=0x00000027795fd538 mode 0
Event: 117.296 Thread 0x000002217ea2d800 DEOPT PACKING pc=0x00000221014411fe sp=0x000000277d9fde10
Event: 117.296 Thread 0x000002217ea2d800 DEOPT UNPACKING pc=0x000002210004a93f sp=0x000000277d9fd368 mode 0

Classes redefined (0 events):
No events

Internal exceptions (20 events):
Event: 107.093 Thread 0x000002217eee5000 Exception <a 'java/lang/ClassNotFoundException'{0x0000000091b6f868}: com/android/build/gradle/internal/tasks/ListingFileRedirectTask_DecoratedBeanInfo> (0x0000000091b6f868) thrown at [src/hotspot/share/classfile/systemDictionary.cpp, line 230]
Event: 107.094 Thread 0x000002217eee5000 Exception <a 'java/lang/ClassNotFoundException'{0x0000000091b8b2f8}: com/android/build/gradle/internal/tasks/ListingFileRedirectTaskBeanInfo> (0x0000000091b8b2f8) thrown at [src/hotspot/share/classfile/systemDictionary.cpp, line 230]
Event: 107.094 Thread 0x000002217eee5000 Exception <a 'java/lang/ClassNotFoundException'{0x0000000091ba6b68}: com/android/build/gradle/internal/tasks/ListingFileRedirectTaskCustomizer> (0x0000000091ba6b68) thrown at [src/hotspot/share/classfile/systemDictionary.cpp, line 230]
Event: 107.095 Thread 0x000002217eee5000 Exception <a 'java/lang/ClassNotFoundException'{0x0000000091bd5f40}: com/android/build/gradle/internal/tasks/ListingFileRedirectTask_DecoratedCustomizer> (0x0000000091bd5f40) thrown at [src/hotspot/share/classfile/systemDictionary.cpp, line 230]
Event: 107.110 Thread 0x000002217eee5000 Implicit null exception at 0x0000022107fc1f61 to 0x0000022107fc282c
Event: 107.110 Thread 0x000002217eee5000 Implicit null exception at 0x0000022107fc1f61 to 0x0000022107fc282c
Event: 107.110 Thread 0x000002217eee5000 Implicit null exception at 0x0000022107fc1f61 to 0x0000022107fc282c
Event: 107.110 Thread 0x000002217eee5000 Implicit null exception at 0x0000022107fc1f61 to 0x0000022107fc282c
Event: 107.135 Thread 0x000002217eee5000 Exception <a 'sun/nio/fs/WindowsException'{0x0000000091907bc0}> (0x0000000091907bc0) thrown at [src/hotspot/share/prims/jni.cpp, line 617]
Event: 107.176 Thread 0x000002217ea2b000 Exception <a 'java/lang/IncompatibleClassChangeError'{0x000000009175d328}: Found class java.lang.Object, but interface was expected> (0x000000009175d328) thrown at [src/hotspot/share/interpreter/linkResolver.cpp, line 839]
Event: 107.189 Thread 0x000002217ea2b000 Exception <a 'java/lang/NoSuchMethodError'{0x00000000916e8b98}: 'int java.lang.invoke.DirectMethodHandle$Holder.invokeStaticInit(java.lang.Object, java.lang.Object, java.lang.Object, java.lang.Object, java.lang.Object)'> (0x00000000916e8b98) thrown at [src/hotspot/share/interpreter/linkResolver.cpp, line 773]
Event: 107.205 Thread 0x000002217ea2b000 Exception <a 'sun/nio/fs/WindowsException'{0x00000000915c8460}> (0x00000000915c8460) thrown at [src/hotspot/share/prims/jni.cpp, line 617]
Event: 107.205 Thread 0x000002217ea2b000 Exception <a 'sun/nio/fs/WindowsException'{0x00000000915cb490}> (0x00000000915cb490) thrown at [src/hotspot/share/prims/jni.cpp, line 617]
Event: 107.220 Thread 0x000002217ea2b000 Implicit null exception at 0x0000022107f7f6f7 to 0x0000022107f7f880
Event: 112.240 Thread 0x000002217ea2b000 Exception <a 'net/rubygrapefruit/platform/NativeException'{0x0000000091340f78}: Execution timed out> (0x0000000091340f78) thrown at [src/hotspot/share/prims/jni.cpp, line 638]
Event: 117.254 Thread 0x000002217ea2b000 Exception <a 'net/rubygrapefruit/platform/NativeException'{0x000000009135e988}: Execution timed out> (0x000000009135e988) thrown at [src/hotspot/share/prims/jni.cpp, line 638]
Event: 117.272 Thread 0x000002217eee4000 Exception <a 'java/lang/NoSuchMethodError'{0x0000000091122d98}: <clinit>> (0x0000000091122d98) thrown at [src/hotspot/share/prims/jni.cpp, line 1367]
Event: 117.278 Thread 0x000002217eee4000 Exception <a 'java/lang/NoSuchMethodError'{0x0000000091151518}: <clinit>> (0x0000000091151518) thrown at [src/hotspot/share/prims/jni.cpp, line 1367]
Event: 117.295 Thread 0x000002217eee4000 Exception <a 'java/lang/NoSuchMethodError'{0x0000000091194f70}: <clinit>> (0x0000000091194f70) thrown at [src/hotspot/share/prims/jni.cpp, line 1367]
Event: 117.307 Thread 0x000002217ea2d800 Exception <a 'java/lang/NoSuchMethodError'{0x0000000091072b58}: 'int java.lang.invoke.DirectMethodHandle$Holder.invokeSpecial(java.lang.Object, java.lang.Object, java.lang.Object, java.lang.Object, java.lang.Object)'> (0x0000000091072b58) thrown at [src/hotspot/share/interpreter/linkResolver.cpp, line 773]

Events (20 events):
Event: 117.318 loading class java/util/stream/ReferencePipeline$4$1 done
Event: 117.319 loading class com/android/build/gradle/tasks/GenerateBuildConfigKt
Event: 117.319 loading class com/android/build/gradle/tasks/GenerateBuildConfigKt done
Event: 117.320 loading class com/android/build/gradle/internal/core/VariantDslInfoImpl$computeVersionNameSuffix$2
Event: 117.320 loading class com/android/build/gradle/internal/core/VariantDslInfoImpl$computeVersionNameSuffix$2 done
Event: 117.321 loading class org/gradle/execution/plan/LocalTaskNodeExecutor$1
Event: 117.321 loading class org/gradle/execution/plan/LocalTaskNodeExecutor$1 done
Event: 117.322 Thread 0x000002217a91d800 Thread added: 0x000002217a91d800
Event: 117.322 loading class org/gradle/internal/snapshot/ChildMap
Event: 117.322 loading class org/gradle/internal/snapshot/ChildMap done
Event: 117.322 loading class org/gradle/internal/snapshot/ChildMap
Event: 117.322 loading class org/gradle/internal/snapshot/ChildMap done
Event: 117.322 loading class org/gradle/internal/snapshot/AbstractInvalidateChildHandler
Event: 117.322 loading class org/gradle/internal/snapshot/AbstractInvalidateChildHandler done
Event: 117.322 loading class org/gradle/internal/snapshot/ChildMap
Event: 117.322 loading class org/gradle/internal/snapshot/ChildMap done
Event: 117.322 loading class org/gradle/internal/snapshot/ChildMap
Event: 117.322 loading class org/gradle/internal/snapshot/ChildMap done
Event: 117.322 loading class org/gradle/internal/snapshot/AbstractInvalidateChildHandler
Event: 117.322 loading class org/gradle/internal/snapshot/AbstractInvalidateChildHandler done


Dynamic libraries:
0x00007ff777660000 - 0x00007ff77766a000 	C:\Program Files\Android\Android Studio\jbr\bin\java.exe
0x00007ffbec230000 - 0x00007ffbec426000 	C:\Windows\SYSTEM32\ntdll.dll
0x00007ffbeb000000 - 0x00007ffbeb0bd000 	C:\Windows\System32\KERNEL32.DLL
0x00007ffbe9df0000 - 0x00007ffbea0b9000 	C:\Windows\System32\KERNELBASE.dll
0x00007ffbe99d0000 - 0x00007ffbe9ad0000 	C:\Windows\System32\ucrtbase.dll
0x00007ffbcf050000 - 0x00007ffbcf06b000 	C:\Program Files\Android\Android Studio\jbr\bin\VCRUNTIME140.dll
0x00007ffbcf7f0000 - 0x00007ffbcf807000 	C:\Program Files\Android\Android Studio\jbr\bin\jli.dll
0x00007ffbeaa50000 - 0x00007ffbeabf0000 	C:\Windows\System32\USER32.dll
0x00007ffbea260000 - 0x00007ffbea282000 	C:\Windows\System32\win32u.dll
0x00007ffbea990000 - 0x00007ffbea9ba000 	C:\Windows\System32\GDI32.dll
0x00007ffbe9ce0000 - 0x00007ffbe9deb000 	C:\Windows\System32\gdi32full.dll
0x00007ffbea0c0000 - 0x00007ffbea15d000 	C:\Windows\System32\msvcp_win.dll
0x00007ffbdabb0000 - 0x00007ffbdae4b000 	C:\Windows\WinSxS\amd64_microsoft.windows.common-controls_6595b64144ccf1df_6.0.19041.746_none_ca02b4b61b8320a4\COMCTL32.dll
0x00007ffbeacc0000 - 0x00007ffbead5e000 	C:\Windows\System32\msvcrt.dll
0x00007ffbeaa20000 - 0x00007ffbeaa50000 	C:\Windows\System32\IMM32.DLL
0x00007ffbc9520000 - 0x00007ffbc957b000 	C:\ProgramData\Microsoft\DbgCtr\XShellDLL64_6015.dll
0x00007ffbeb200000 - 0x00007ffbeb2ac000 	C:\Windows\System32\ADVAPI32.dll
0x00007ffbeae10000 - 0x00007ffbeaeac000 	C:\Windows\System32\sechost.dll
0x00007ffbec0c0000 - 0x00007ffbec1eb000 	C:\Windows\System32\RPCRT4.dll
0x00007ffbeb340000 - 0x00007ffbeba82000 	C:\Windows\System32\SHELL32.dll
0x00007ffbe49f0000 - 0x00007ffbe49fc000 	C:\Program Files\Android\Android Studio\jbr\bin\vcruntime140_1.dll
0x00007ffbca1b0000 - 0x00007ffbca23d000 	C:\Program Files\Android\Android Studio\jbr\bin\msvcp140.dll
0x00007ffba7e10000 - 0x00007ffba89cc000 	C:\Program Files\Android\Android Studio\jbr\bin\server\jvm.dll
0x00007ffbeb1f0000 - 0x00007ffbeb1f8000 	C:\Windows\System32\PSAPI.DLL
0x00007ffbd8d30000 - 0x00007ffbd8d39000 	C:\Windows\SYSTEM32\WSOCK32.dll
0x00007ffbc4de0000 - 0x00007ffbc4e07000 	C:\Windows\SYSTEM32\WINMM.dll
0x00007ffbeaf30000 - 0x00007ffbeaf9b000 	C:\Windows\System32\WS2_32.dll
0x00007ffbe3490000 - 0x00007ffbe349a000 	C:\Windows\SYSTEM32\VERSION.dll
0x00007ffbe78e0000 - 0x00007ffbe78f2000 	C:\Windows\SYSTEM32\kernel.appcore.dll
0x00007ffbd6810000 - 0x00007ffbd6820000 	C:\Program Files\Android\Android Studio\jbr\bin\verify.dll
0x00007ffbd16d0000 - 0x00007ffbd18b4000 	C:\Windows\SYSTEM32\DBGHELP.DLL
0x00007ffbd16a0000 - 0x00007ffbd16cc000 	C:\Windows\SYSTEM32\dbgcore.DLL
0x00007ffbe9ad0000 - 0x00007ffbe9b50000 	C:\Windows\System32\bcryptPrimitives.dll
0x00007ffbd23c0000 - 0x00007ffbd23e8000 	C:\Program Files\Android\Android Studio\jbr\bin\java.dll
0x00007ffbcff10000 - 0x00007ffbcff1a000 	C:\Program Files\Android\Android Studio\jbr\bin\jimage.dll
0x00007ffbcf8d0000 - 0x00007ffbcf8e8000 	C:\Program Files\Android\Android Studio\jbr\bin\zip.dll
0x00007ffbe7ae0000 - 0x00007ffbe8270000 	C:\Windows\SYSTEM32\windows.storage.dll
0x00007ffbeba90000 - 0x00007ffbebde6000 	C:\Windows\System32\combase.dll
0x00007ffbe93d0000 - 0x00007ffbe93fc000 	C:\Windows\SYSTEM32\Wldp.dll
0x00007ffbead60000 - 0x00007ffbeae0e000 	C:\Windows\System32\SHCORE.dll
0x00007ffbebec0000 - 0x00007ffbebf15000 	C:\Windows\System32\shlwapi.dll
0x00007ffbe98a0000 - 0x00007ffbe98c6000 	C:\Windows\SYSTEM32\profapi.dll
0x00007ffbcef90000 - 0x00007ffbcefa9000 	C:\Program Files\Android\Android Studio\jbr\bin\net.dll
0x00007ffbdce30000 - 0x00007ffbdcf30000 	C:\Windows\SYSTEM32\WINHTTP.dll
0x00007ffbe90e0000 - 0x00007ffbe914a000 	C:\Windows\system32\mswsock.dll
0x00007ffbcec10000 - 0x00007ffbcec23000 	C:\Program Files\Android\Android Studio\jbr\bin\nio.dll
0x00007ffbcfae0000 - 0x00007ffbcfb07000 	C:\Users\it_04\.gradle\native\e1d6ef7f7dcc3fd88c89a11ec53ec762bb8ba0a96d01ffa2cd45eb1d1d8dd5c5\windows-amd64\native-platform.dll
0x00007ffb9ef30000 - 0x00007ffb9f074000 	C:\Users\it_04\.gradle\native\0d407fdbe67a94daf76414ababcb853783967236a71b16ec16e742cd7a986fd3\windows-amd64\native-platform-file-events.dll
0x00007ffbcff00000 - 0x00007ffbcff0a000 	C:\Program Files\Android\Android Studio\jbr\bin\management.dll
0x00007ffbcfa80000 - 0x00007ffbcfa8b000 	C:\Program Files\Android\Android Studio\jbr\bin\management_ext.dll
0x00007ffbe92b0000 - 0x00007ffbe92c8000 	C:\Windows\SYSTEM32\CRYPTSP.dll
0x00007ffbe8a80000 - 0x00007ffbe8ab4000 	C:\Windows\system32\rsaenh.dll
0x00007ffbe9b50000 - 0x00007ffbe9b77000 	C:\Windows\System32\bcrypt.dll
0x00007ffbe9820000 - 0x00007ffbe984e000 	C:\Windows\SYSTEM32\USERENV.dll
0x00007ffbe92d0000 - 0x00007ffbe92dc000 	C:\Windows\SYSTEM32\CRYPTBASE.dll
0x00007ffbe8dd0000 - 0x00007ffbe8e0b000 	C:\Windows\SYSTEM32\IPHLPAPI.DLL
0x00007ffbebf80000 - 0x00007ffbebf88000 	C:\Windows\System32\NSI.dll
0x00007ffbe3670000 - 0x00007ffbe3687000 	C:\Windows\SYSTEM32\dhcpcsvc6.DLL
0x00007ffbe3650000 - 0x00007ffbe366d000 	C:\Windows\SYSTEM32\dhcpcsvc.DLL
0x00007ffbe8e10000 - 0x00007ffbe8edb000 	C:\Windows\SYSTEM32\DNSAPI.dll
0x00007ffbcdc40000 - 0x00007ffbcdc67000 	C:\Program Files\Android\Android Studio\jbr\bin\sunec.dll
0x00007ffbdd5f0000 - 0x00007ffbdd5fa000 	C:\Windows\System32\rasadhlp.dll
0x00007ffbe3bc0000 - 0x00007ffbe3c3f000 	C:\Windows\System32\fwpuclnt.dll

dbghelp: loaded successfully - version: 4.0.5 - missing functions: none
symbol engine: initialized successfully - sym options: 0x614 - pdb path: .;C:\Program Files\Android\Android Studio\jbr\bin;C:\Windows\SYSTEM32;C:\Windows\WinSxS\amd64_microsoft.windows.common-controls_6595b64144ccf1df_6.0.19041.746_none_ca02b4b61b8320a4;C:\ProgramData\Microsoft\DbgCtr;C:\Program Files\Android\Android Studio\jbr\bin\server;C:\Users\it_04\.gradle\native\e1d6ef7f7dcc3fd88c89a11ec53ec762bb8ba0a96d01ffa2cd45eb1d1d8dd5c5\windows-amd64;C:\Users\it_04\.gradle\native\0d407fdbe67a94daf76414ababcb853783967236a71b16ec16e742cd7a986fd3\windows-amd64

VM Arguments:
jvm_args: --add-opens=java.base/java.util=ALL-UNNAMED --add-opens=java.base/java.lang=ALL-UNNAMED --add-opens=java.base/java.lang.invoke=ALL-UNNAMED --add-opens=java.base/java.util=ALL-UNNAMED --add-opens=java.prefs/java.util.prefs=ALL-UNNAMED --add-opens=java.prefs/java.util.prefs=ALL-UNNAMED --add-opens=java.base/java.nio.charset=ALL-UNNAMED --add-opens=java.base/java.net=ALL-UNNAMED --add-opens=java.base/java.util.concurrent.atomic=ALL-UNNAMED -Xmx2048m -Dfile.encoding=UTF-8 -Duser.country=US -Duser.language=en -Duser.variant 
java_command: org.gradle.launcher.daemon.bootstrap.GradleDaemon 7.5
java_class_path (initial): C:\Users\it_04\.gradle\wrapper\dists\gradle-7.5-bin\f1w0cc9nuo0eivz97x2xlu9sv\gradle-7.5\lib\gradle-launcher-7.5.jar
Launcher Type: SUN_STANDARD

[Global flags]
     intx CICompilerCount                          = 3                                         {product} {ergonomic}
     uint ConcGCThreads                            = 1                                         {product} {ergonomic}
     uint G1ConcRefinementThreads                  = 4                                         {product} {ergonomic}
   size_t G1HeapRegionSize                         = 1048576                                   {product} {ergonomic}
    uintx GCDrainStackTargetSize                   = 64                                        {product} {ergonomic}
   size_t InitialHeapSize                          = 266338304                                 {product} {ergonomic}
   size_t MarkStackSize                            = 4194304                                   {product} {ergonomic}
   size_t MaxHeapSize                              = 2147483648                                {product} {command line}
   size_t MaxNewSize                               = 1287651328                                {product} {ergonomic}
   size_t MinHeapDeltaBytes                        = 1048576                                   {product} {ergonomic}
    uintx NonNMethodCodeHeapSize                   = 5830732                                {pd product} {ergonomic}
    uintx NonProfiledCodeHeapSize                  = 122913754                              {pd product} {ergonomic}
    uintx ProfiledCodeHeapSize                     = 122913754                              {pd product} {ergonomic}
    uintx ReservedCodeCacheSize                    = 251658240                              {pd product} {ergonomic}
     bool SegmentedCodeCache                       = true                                      {product} {ergonomic}
     bool UseCompressedClassPointers               = true                                 {lp64_product} {ergonomic}
     bool UseCompressedOops                        = true                                 {lp64_product} {ergonomic}
     bool UseG1GC                                  = true                                      {product} {ergonomic}
     bool UseLargePagesIndividualAllocation        = false                                  {pd product} {ergonomic}

Logging:
Log output configuration:
 #0: stdout all=warning uptime,level,tags
 #1: stderr all=off uptime,level,tags

Environment Variables:
PATH=D:\app\it_07\product\11.2.0\client_1\bin;C:\Windows\system32;C:\Windows;C:\Windows\System32\Wbem;C:\Windows\System32\WindowsPowerShell\v1.0\;C:\Windows\System32\OpenSSH\;C:\Program Files\dotnet\;C:\Program Files\Git\cmd;C:\Users\it_04\AppData\Local\Microsoft\WindowsApps;C:\Users\it_04\.dotnet\tools
USERNAME=it_04
OS=Windows_NT
PROCESSOR_IDENTIFIER=Intel64 Family 6 Model 165 Stepping 3, GenuineIntel



---------------  S Y S T E M  ---------------

OS: Windows 10 , 64 bit Build 19041 (10.0.19041.804)
OS uptime: 0 days 0:40 hours

CPU:total 4 (initial active 4) (2 cores per cpu, 2 threads per core) family 6 model 165 stepping 3 microcode 0xe0, cmov, cx8, fxsr, mmx, sse, sse2, sse3, ssse3, sse4.1, sse4.2, popcnt, aes, clmul, erms, 3dnowpref, lzcnt, ht, tsc, tscinvbit

Memory: 4k page, system-wide physical 16242M (9091M free)
TotalPageFile size 18674M (AvailPageFile size 12087M)
current process WorkingSet (physical memory assigned to process): 520M, peak: 557M
current process commit charge ("private bytes"): 574M, peak: 611M

vm_info: OpenJDK 64-Bit Server VM (11.0.15+0-b2043.56-9505619) for windows-amd64 JRE (11.0.15+0-b2043.56-9505619), built on Jan 19 2023 02:48:00 by "builduser" with unknown MS VC++:1929

END.
