#
# A fatal error has been detected by the Java Runtime Environment:
#
#  EXCEPTION_ACCESS_VIOLATION (0xc0000005) at pc=0x00007ffea7b063b0, pid=5576, tid=1040
#
# JRE version: OpenJDK Runtime Environment (11.0.15) (build 11.0.15+0-b2043.56-9505619)
# Java VM: OpenJDK 64-Bit Server VM (11.0.15+0-b2043.56-9505619, mixed mode, tiered, compressed oops, g1 gc, windows-amd64)
# Problematic frame:
# C  [native-platform-file-events.dll+0x463b0]
#
# No core dump will be written. Minidumps are not enabled by default on client versions of Windows
#
# If you would like to submit a bug report, please visit:
#   https://bugreport.java.com/bugreport/crash.jsp
# The crash happened outside the Java Virtual Machine in native code.
# See problematic frame for where to report the bug.
#

---------------  S U M M A R Y ------------

Command Line: --add-opens=java.base/java.util=ALL-UNNAMED --add-opens=java.base/java.lang=ALL-UNNAMED --add-opens=java.base/java.lang.invoke=ALL-UNNAMED --add-opens=java.base/java.util=ALL-UNNAMED --add-opens=java.prefs/java.util.prefs=ALL-UNNAMED --add-opens=java.prefs/java.util.prefs=ALL-UNNAMED --add-opens=java.base/java.nio.charset=ALL-UNNAMED --add-opens=java.base/java.net=ALL-UNNAMED --add-opens=java.base/java.util.concurrent.atomic=ALL-UNNAMED -Xmx2048m -Dfile.encoding=UTF-8 -Duser.country=US -Duser.language=en -Duser.variant org.gradle.launcher.daemon.bootstrap.GradleDaemon 7.5

Host: Intel(R) Pentium(R) Gold G6400 CPU @ 4.00GHz, 4 cores, 15G,  Windows 10 , 64 bit Build 19041 (10.0.19041.804)
Time: Sat Apr 15 09:08:26 2023 SE Asia Standard Time elapsed time: 43.656272 seconds (0d 0h 0m 43s)

---------------  T H R E A D  ---------------

Current thread (0x0000021d4fa8e000):  JavaThread "File watcher server" daemon [_thread_in_native, id=1040, stack(0x000000e7a8200000,0x000000e7a8300000)]

Stack: [0x000000e7a8200000,0x000000e7a8300000],  sp=0x000000e7a82fea10,  free space=1018k
Native frames: (J=compiled Java code, j=interpreted, Vv=VM code, C=native code)
C  [native-platform-file-events.dll+0x463b0]

Java frames: (J=compiled Java code, j=interpreted, Vv=VM code)
j  net.rubygrapefruit.platform.internal.jni.AbstractFileEventFunctions$NativeFileWatcher.executeRunLoop0(Ljava/lang/Object;)V+0
j  net.rubygrapefruit.platform.internal.jni.AbstractFileEventFunctions$NativeFileWatcher.access$100(Lnet/rubygrapefruit/platform/internal/jni/AbstractFileEventFunctions$NativeFileWatcher;Ljava/lang/Object;)V+2
j  net.rubygrapefruit.platform.internal.jni.AbstractFileEventFunctions$NativeFileWatcher$1.run()V+26
v  ~StubRoutines::call_stub

siginfo: EXCEPTION_ACCESS_VIOLATION (0xc0000005), reading address 0x000000e75aea7d78


Register to memory mapping:

RIP=0x00007ffea7b063b0 native-platform-file-events.dll
RAX=0x000000e75aea7d78 is an unknown value
RBX=0x0 is NULL
RCX=0x000000e7ac0fb1a8 is pointing into the stack for thread: 0x0000021d51270800
RDX=0x0 is NULL
RSP=0x000000e7a82fea10 is pointing into the stack for thread: 0x0000021d4fa8e000
RBP=0x000000e7a82ff3d8 is pointing into the stack for thread: 0x0000021d4fa8e000
RSI=0x000000e7ac0fb1a0 is pointing into the stack for thread: 0x0000021d51270800
RDI=0x000000e7ac0fb160 is pointing into the stack for thread: 0x0000021d51270800
R8 =0x0000021d31aa78c0 points into unknown readable memory: 0x0000021d31aa0d20 | 20 0d aa 31 1d 02 00 00
R9 =0x0000000000000001 is an unknown value
R10=0x0000000000008000 is an unknown value
R11=0x000000e7a82fe6c0 is pointing into the stack for thread: 0x0000021d4fa8e000
R12=0x0 is NULL
R13={method} {0x0000021d53446600} 'executeRunLoop0' '(Ljava/lang/Object;)V' in 'net/rubygrapefruit/platform/internal/jni/AbstractFileEventFunctions$NativeFileWatcher'
R14=0x0 is NULL
R15=0x0000021d4fa8e000 is a thread


Registers:
RAX=0x000000e75aea7d78, RBX=0x0000000000000000, RCX=0x000000e7ac0fb1a8, RDX=0x0000000000000000
RSP=0x000000e7a82fea10, RBP=0x000000e7a82ff3d8, RSI=0x000000e7ac0fb1a0, RDI=0x000000e7ac0fb160
R8 =0x0000021d31aa78c0, R9 =0x0000000000000001, R10=0x0000000000008000, R11=0x000000e7a82fe6c0
R12=0x0000000000000000, R13=0x0000021d534465f8, R14=0x0000000000000000, R15=0x0000021d4fa8e000
RIP=0x00007ffea7b063b0, EFLAGS=0x0000000000010287

Top of Stack: (sp=0x000000e7a82fea10)
0x000000e7a82fea10:   0000000000000000 0000021d36f6fa7a
0x000000e7a82fea20:   0000021d4dc95990 00007ffea7ae3133
0x000000e7a82fea30:   0000021d55a3b978 000000008c780970
0x000000e7a82fea40:   00006cef22d0e039 00007ffea7aeda83
0x000000e7a82fea50:   000000e7a82ff400 000000e7ac0fb160
0x000000e7a82fea60:   00007ffea7adf150 00007ffea7af709b
0x000000e7a82fea70:   000000e7ac0fb1a0 00000000803b48b8
0x000000e7a82fea80:   0000000000000000 00007ffea7aebfae
0x000000e7a82fea90:   0000021d55a3b970 00007ffea7ae92a6
0x000000e7a82feaa0:   000000e7ac0fb1a0 0000000000000000
0x000000e7a82feab0:   0000021d55a3b970 00007ffea7ac57b3
0x000000e7a82feac0:   0000000000000000 00007ffea7af64c2
0x000000e7a82fead0:   000000e7a82feb10 000000e7ac0fb1a0
0x000000e7a82feae0:   0000021d4d924a20 0000000000000000
0x000000e7a82feaf0:   0000000080384e01 0000021d4d83fd50
0x000000e7a82feb00:   0000000000000000 000000e7a82feb48 

Instructions: (pc=0x00007ffea7b063b0)
0x00007ffea7b062b0:   7d 0b 00 48 89 01 48 83 c1 08 48 83 c4 28 48 ff
0x00007ffea7b062c0:   25 b3 7d 0f 00 48 8d 05 54 7d 0b 00 45 33 c0 48
0x00007ffea7b062d0:   89 01 ba a0 0f 00 00 48 83 c1 08 48 83 c4 28 48
0x00007ffea7b062e0:   ff 25 ba 7d 0f 00 e8 40 c3 fb ff cc cc cc cc cc
0x00007ffea7b062f0:   cc cc cc cc cc cc cc cc cc cc cc cc cc cc cc cc
0x00007ffea7b06300:   cc cc cc cc cc cc cc cc 48 83 c1 08 48 ff 25 9d
0x00007ffea7b06310:   7d 0f 00 cc cc cc cc cc c2 00 00 cc 48 83 c1 08
0x00007ffea7b06320:   48 ff 25 69 7d 0f 00 cc cc cc cc cc 48 83 c1 08
0x00007ffea7b06330:   48 ff 25 51 7d 0f 00 cc cc cc cc cc 48 89 5c 24
0x00007ffea7b06340:   18 56 57 41 56 48 83 ec 40 48 8b 05 f8 3e 0e 00
0x00007ffea7b06350:   48 33 c4 48 89 44 24 30 8b 01 4c 8b f2 0f ba f0
0x00007ffea7b06360:   08 48 8b f1 83 f8 01 75 2c ff 15 d1 7c 0f 00 39
0x00007ffea7b06370:   46 48 74 19 48 8d 4e 08 48 8b 01 48 8b 00 ff 15
0x00007ffea7b06380:   9c 9c 0f 00 ff 15 b6 7c 0f 00 89 46 48 ff 46 4c
0x00007ffea7b06390:   e9 f3 00 00 00 4d 85 f6 75 24 ff 15 a0 7c 0f 00
0x00007ffea7b063a0:   39 46 48 0f 84 9d 00 00 00 48 8d 4e 08 48 8b 01
0x00007ffea7b063b0:   48 8b 00 ff 15 67 9c 0f 00 e9 88 00 00 00 48 83
0x00007ffea7b063c0:   3a 00 7c 62 75 06 83 7a 08 00 7e 5a ba 01 00 00
0x00007ffea7b063d0:   00 48 8d 4c 24 20 e8 e0 e1 fb ff 48 8b 44 24 20
0x00007ffea7b063e0:   49 3b 06 7c 0c 75 7d 41 8b 46 08 39 44 24 28 7d
0x00007ffea7b063f0:   73 ff 15 49 7c 0f 00 39 46 48 74 4a 48 8b 46 08
0x00007ffea7b06400:   48 8d 54 24 20 49 8b ce 48 8b 58 10 e8 ef ec fb
0x00007ffea7b06410:   ff 8b d0 48 8d 4e 08 48 8b c3 ff 15 00 9c 0f 00
0x00007ffea7b06420:   84 c0 75 22 eb a6 ff 15 14 7c 0f 00 39 46 48 74
0x00007ffea7b06430:   15 48 8d 4e 08 48 8b 01 48 8b 40 08 ff 15 de 9b
0x00007ffea7b06440:   0f 00 84 c0 74 1e 8b 4e 4c 8d 41 01 89 46 4c 83
0x00007ffea7b06450:   f8 01 7e 2b f7 06 00 01 00 00 75 2c 89 4e 4c 4d
0x00007ffea7b06460:   85 f6 74 14 49 83 3e 00 75 07 41 83 7e 08 00 74
0x00007ffea7b06470:   07 b8 02 00 00 00 eb 12 b8 03 00 00 00 eb 0b ff
0x00007ffea7b06480:   15 bb 7b 0f 00 89 46 48 33 c0 48 8b 4c 24 30 48
0x00007ffea7b06490:   33 cc e8 47 d7 fb ff 48 8b 5c 24 70 48 83 c4 40
0x00007ffea7b064a0:   41 5e 5f 5e c3 cc cc cc cc cc cc cc cc cc cc cc 


Stack slot to memory mapping:
stack at sp + 0 slots: 0x0 is NULL
stack at sp + 1 slots: 0x0000021d36f6fa7a is at code_begin+2458 in an Interpreter codelet
method entry point (kind = native)  [0x0000021d36f6f0e0, 0x0000021d36f6fb60]  2688 bytes
stack at sp + 2 slots: {method} {0x0000021d4dc95998} 'findEntry' '(Ljava/lang/String;)J' in 'java/lang/ClassLoader$NativeLibrary'
stack at sp + 3 slots: 0x00007ffea7ae3133 native-platform-file-events.dll
stack at sp + 4 slots: 0x0000021d55a3b978 points into unknown readable memory: 0x7366664f74656772 | 72 67 65 74 4f 66 66 73
stack at sp + 5 slots: 0x000000008c780970 is an unallocated location in the heap
stack at sp + 6 slots: 0x00006cef22d0e039 is an unknown value
stack at sp + 7 slots: 0x00007ffea7aeda83 native-platform-file-events.dll


---------------  P R O C E S S  ---------------

Threads class SMR info:
_java_thread_list=0x0000021d55a3c060, length=87, elements={
0x0000021d31c74000, 0x0000021d4e059000, 0x0000021d4e05a800, 0x0000021d4e0b4800,
0x0000021d4e0b6000, 0x0000021d4e0b9800, 0x0000021d4e0bb000, 0x0000021d4e0c8800,
0x0000021d4e0c9800, 0x0000021d4e230000, 0x0000021d506a2000, 0x0000021d4fbf0800,
0x0000021d4f77a800, 0x0000021d4f3ef800, 0x0000021d4fa96000, 0x0000021d4fa93000,
0x0000021d4fa94000, 0x0000021d4fa90800, 0x0000021d4fa8e000, 0x0000021d4fa90000,
0x0000021d515b6800, 0x0000021d515b9800, 0x0000021d515be000, 0x0000021d515c0000,
0x0000021d515ba800, 0x0000021d54287000, 0x0000021d54282800, 0x0000021d512de000,
0x0000021d512e1800, 0x0000021d512df000, 0x0000021d512dd800, 0x0000021d512df800,
0x0000021d512e0800, 0x0000021d512e4000, 0x0000021d512e6000, 0x0000021d512e4800,
0x0000021d512e8000, 0x0000021d512e7000, 0x0000021d512e2000, 0x0000021d512e5800,
0x0000021d512e8800, 0x0000021d512e3000, 0x0000021d512e9800, 0x0000021d512ea800,
0x0000021d512eb000, 0x0000021d512ec000, 0x0000021d54279800, 0x0000021d5427a000,
0x0000021d5427c800, 0x0000021d5427b000, 0x0000021d5427d800, 0x0000021d5427e000,
0x0000021d5427f000, 0x0000021d54280000, 0x0000021d54280800, 0x0000021d54281800,
0x0000021d5427b800, 0x0000021d54286800, 0x0000021d54284000, 0x0000021d54283000,
0x0000021d54284800, 0x0000021d54288000, 0x0000021d515b7800, 0x0000021d515bd000,
0x0000021d515c1000, 0x0000021d515bb800, 0x0000021d515c2800, 0x0000021d515c2000,
0x0000021d515c3800, 0x0000021d515c4800, 0x0000021d515c5000, 0x0000021d4fa91800,
0x0000021d4fa8f000, 0x0000021d4fa92000, 0x0000021d51267800, 0x0000021d51268800,
0x0000021d51266000, 0x0000021d51265800, 0x0000021d5126a000, 0x0000021d51269800,
0x0000021d51267000, 0x0000021d51270000, 0x0000021d5126d800, 0x0000021d51270800,
0x0000021d5126c800, 0x0000021d5126e000, 0x0000021d5126f000
}

Java Threads: ( => current thread )
  0x0000021d31c74000 JavaThread "main" [_thread_blocked, id=10948, stack(0x000000e7a5d00000,0x000000e7a5e00000)]
  0x0000021d4e059000 JavaThread "Reference Handler" daemon [_thread_blocked, id=4988, stack(0x000000e7a6700000,0x000000e7a6800000)]
  0x0000021d4e05a800 JavaThread "Finalizer" daemon [_thread_blocked, id=3972, stack(0x000000e7a6800000,0x000000e7a6900000)]
  0x0000021d4e0b4800 JavaThread "Signal Dispatcher" daemon [_thread_blocked, id=6668, stack(0x000000e7a6900000,0x000000e7a6a00000)]
  0x0000021d4e0b6000 JavaThread "Attach Listener" daemon [_thread_blocked, id=6436, stack(0x000000e7a6a00000,0x000000e7a6b00000)]
  0x0000021d4e0b9800 JavaThread "Service Thread" daemon [_thread_blocked, id=6012, stack(0x000000e7a6b00000,0x000000e7a6c00000)]
  0x0000021d4e0bb000 JavaThread "C2 CompilerThread0" daemon [_thread_in_native, id=1976, stack(0x000000e7a6c00000,0x000000e7a6d00000)]
  0x0000021d4e0c8800 JavaThread "C1 CompilerThread0" daemon [_thread_blocked, id=6972, stack(0x000000e7a6d00000,0x000000e7a6e00000)]
  0x0000021d4e0c9800 JavaThread "Sweeper thread" daemon [_thread_blocked, id=5572, stack(0x000000e7a6e00000,0x000000e7a6f00000)]
  0x0000021d4e230000 JavaThread "Common-Cleaner" daemon [_thread_blocked, id=6216, stack(0x000000e7a6f00000,0x000000e7a7000000)]
  0x0000021d506a2000 JavaThread "Daemon health stats" [_thread_blocked, id=9888, stack(0x000000e7a7500000,0x000000e7a7600000)]
  0x0000021d4fbf0800 JavaThread "Incoming local TCP Connector on port 55785" [_thread_in_native, id=12148, stack(0x000000e7a7600000,0x000000e7a7700000)]
  0x0000021d4f77a800 JavaThread "Daemon periodic checks" [_thread_blocked, id=8736, stack(0x000000e7a7700000,0x000000e7a7800000)]
  0x0000021d4f3ef800 JavaThread "Daemon" [_thread_blocked, id=4592, stack(0x000000e7a7800000,0x000000e7a7900000)]
  0x0000021d4fa96000 JavaThread "Daemon worker" [_thread_blocked, id=10024, stack(0x000000e7a7b00000,0x000000e7a7c00000)]
  0x0000021d4fa93000 JavaThread "Cache worker for journal cache (C:\Users\it_04\.gradle\caches\journal-1)" [_thread_blocked, id=9868, stack(0x000000e7a7f00000,0x000000e7a8000000)]
  0x0000021d4fa94000 JavaThread "File lock request listener" [_thread_in_native, id=12228, stack(0x000000e7a8000000,0x000000e7a8100000)]
  0x0000021d4fa90800 JavaThread "Cache worker for file hash cache (C:\Users\it_04\.gradle\caches\7.5\fileHashes)" [_thread_blocked, id=2068, stack(0x000000e7a8100000,0x000000e7a8200000)]
=>0x0000021d4fa8e000 JavaThread "File watcher server" daemon [_thread_in_native, id=1040, stack(0x000000e7a8200000,0x000000e7a8300000)]
  0x0000021d4fa90000 JavaThread "Cache worker for file content cache (C:\Users\it_04\.gradle\caches\7.5\fileContent)" [_thread_blocked, id=10816, stack(0x000000e7a8600000,0x000000e7a8700000)]
  0x0000021d515b6800 JavaThread "Cache worker for execution history cache (C:\Users\it_04\.gradle\caches\7.5\executionHistory)" [_thread_blocked, id=11428, stack(0x000000e7a8900000,0x000000e7a8a00000)]
  0x0000021d515b9800 JavaThread "jar transforms" [_thread_blocked, id=6760, stack(0x000000e7a8a00000,0x000000e7a8b00000)]
  0x0000021d515be000 JavaThread "jar transforms Thread 2" [_thread_blocked, id=11660, stack(0x000000e7a8b00000,0x000000e7a8c00000)]
  0x0000021d515c0000 JavaThread "jar transforms Thread 3" [_thread_blocked, id=6648, stack(0x000000e7a8c00000,0x000000e7a8d00000)]
  0x0000021d515ba800 JavaThread "jar transforms Thread 4" [_thread_blocked, id=11580, stack(0x000000e7a8d00000,0x000000e7a8e00000)]
  0x0000021d54287000 JavaThread "Memory manager" [_thread_blocked, id=5544, stack(0x000000e7ab800000,0x000000e7ab900000)]
  0x0000021d54282800 JavaThread "pool-3-thread-1" [_thread_blocked, id=7936, stack(0x000000e7aba00000,0x000000e7abb00000)]
  0x0000021d512de000 JavaThread "included builds" [_thread_blocked, id=5196, stack(0x000000e7abc00000,0x000000e7abd00000)]
  0x0000021d512e1800 JavaThread "Handler for socket connection from /127.0.0.1:55785 to /127.0.0.1:55808" [_thread_in_native, id=1160, stack(0x000000e7a5e00000,0x000000e7a5f00000)]
  0x0000021d512df000 JavaThread "Cancel handler" [_thread_blocked, id=2288, stack(0x000000e7a7100000,0x000000e7a7200000)]
  0x0000021d512dd800 JavaThread "Asynchronous log dispatcher for DefaultDaemonConnection: socket connection from /127.0.0.1:55785 to /127.0.0.1:55808" [_thread_blocked, id=7496, stack(0x000000e7a7900000,0x000000e7a7a00000)]
  0x0000021d512df800 JavaThread "Stdin handler" [_thread_blocked, id=3800, stack(0x000000e7a7a00000,0x000000e7a7b00000)]
  0x0000021d512e0800 JavaThread "Daemon client event forwarder" [_thread_blocked, id=8016, stack(0x000000e7a7c00000,0x000000e7a7d00000)]
  0x0000021d512e4000 JavaThread "Cache worker for checksums cache (D:\SourceAndroid\KyThuat\.gradle\7.5\checksums)" [_thread_blocked, id=8264, stack(0x000000e7a7d00000,0x000000e7a7e00000)]
  0x0000021d512e6000 JavaThread "Cache worker for cache directory md-rule (C:\Users\it_04\.gradle\caches\7.5\md-rule)" [_thread_blocked, id=1200, stack(0x000000e7a7e00000,0x000000e7a7f00000)]
  0x0000021d512e4800 JavaThread "Cache worker for file hash cache (D:\SourceAndroid\KyThuat\.gradle\7.5\fileHashes)" [_thread_blocked, id=4748, stack(0x000000e7a8400000,0x000000e7a8500000)]
  0x0000021d512e8000 JavaThread "Cache worker for cache directory md-supplier (C:\Users\it_04\.gradle\caches\7.5\md-supplier)" [_thread_blocked, id=2256, stack(0x000000e7a8500000,0x000000e7a8600000)]
  0x0000021d512e7000 JavaThread "Cache worker for dependencies-accessors (D:\SourceAndroid\KyThuat\.gradle\7.5\dependencies-accessors)" [_thread_blocked, id=6476, stack(0x000000e7a8700000,0x000000e7a8800000)]
  0x0000021d512e2000 JavaThread "Cache worker for Build Output Cleanup Cache (D:\SourceAndroid\KyThuat\.gradle\buildOutputCleanup)" [_thread_blocked, id=2376, stack(0x000000e7a8e00000,0x000000e7a8f00000)]
  0x0000021d512e5800 JavaThread "Unconstrained build operations" [_thread_blocked, id=2444, stack(0x000000e7a9100000,0x000000e7a9200000)]
  0x0000021d512e8800 JavaThread "Unconstrained build operations Thread 2" [_thread_blocked, id=7296, stack(0x000000e7a9200000,0x000000e7a9300000)]
  0x0000021d512e3000 JavaThread "Unconstrained build operations Thread 3" [_thread_blocked, id=6672, stack(0x000000e7a9300000,0x000000e7a9400000)]
  0x0000021d512e9800 JavaThread "Unconstrained build operations Thread 4" [_thread_blocked, id=10620, stack(0x000000e7a9400000,0x000000e7a9500000)]
  0x0000021d512ea800 JavaThread "Unconstrained build operations Thread 5" [_thread_blocked, id=3024, stack(0x000000e7a9500000,0x000000e7a9600000)]
  0x0000021d512eb000 JavaThread "Unconstrained build operations Thread 6" [_thread_blocked, id=9676, stack(0x000000e7a9600000,0x000000e7a9700000)]
  0x0000021d512ec000 JavaThread "Unconstrained build operations Thread 7" [_thread_blocked, id=11184, stack(0x000000e7a9700000,0x000000e7a9800000)]
  0x0000021d54279800 JavaThread "Unconstrained build operations Thread 8" [_thread_blocked, id=6212, stack(0x000000e7a9800000,0x000000e7a9900000)]
  0x0000021d5427a000 JavaThread "Unconstrained build operations Thread 9" [_thread_blocked, id=11452, stack(0x000000e7a9900000,0x000000e7a9a00000)]
  0x0000021d5427c800 JavaThread "Unconstrained build operations Thread 10" [_thread_blocked, id=6600, stack(0x000000e7a9a00000,0x000000e7a9b00000)]
  0x0000021d5427b000 JavaThread "Unconstrained build operations Thread 11" [_thread_blocked, id=10592, stack(0x000000e7a9b00000,0x000000e7a9c00000)]
  0x0000021d5427d800 JavaThread "Unconstrained build operations Thread 12" [_thread_blocked, id=4648, stack(0x000000e7a9c00000,0x000000e7a9d00000)]
  0x0000021d5427e000 JavaThread "Unconstrained build operations Thread 13" [_thread_blocked, id=11356, stack(0x000000e7a9d00000,0x000000e7a9e00000)]
  0x0000021d5427f000 JavaThread "Unconstrained build operations Thread 14" [_thread_blocked, id=1440, stack(0x000000e7a9e00000,0x000000e7a9f00000)]
  0x0000021d54280000 JavaThread "Unconstrained build operations Thread 15" [_thread_blocked, id=10180, stack(0x000000e7a9f00000,0x000000e7aa000000)]
  0x0000021d54280800 JavaThread "Unconstrained build operations Thread 16" [_thread_blocked, id=5964, stack(0x000000e7aa000000,0x000000e7aa100000)]
  0x0000021d54281800 JavaThread "Unconstrained build operations Thread 17" [_thread_blocked, id=4400, stack(0x000000e7aa100000,0x000000e7aa200000)]
  0x0000021d5427b800 JavaThread "Unconstrained build operations Thread 18" [_thread_blocked, id=68, stack(0x000000e7aa200000,0x000000e7aa300000)]
  0x0000021d54286800 JavaThread "Unconstrained build operations Thread 19" [_thread_blocked, id=5916, stack(0x000000e7aa300000,0x000000e7aa400000)]
  0x0000021d54284000 JavaThread "Unconstrained build operations Thread 20" [_thread_blocked, id=1456, stack(0x000000e7aa400000,0x000000e7aa500000)]
  0x0000021d54283000 JavaThread "Unconstrained build operations Thread 21" [_thread_blocked, id=9928, stack(0x000000e7aa500000,0x000000e7aa600000)]
  0x0000021d54284800 JavaThread "Unconstrained build operations Thread 22" [_thread_blocked, id=8732, stack(0x000000e7aa600000,0x000000e7aa700000)]
  0x0000021d54288000 JavaThread "Unconstrained build operations Thread 23" [_thread_blocked, id=7868, stack(0x000000e7aa700000,0x000000e7aa800000)]
  0x0000021d515b7800 JavaThread "Unconstrained build operations Thread 24" [_thread_blocked, id=8744, stack(0x000000e7aa800000,0x000000e7aa900000)]
  0x0000021d515bd000 JavaThread "Unconstrained build operations Thread 25" [_thread_blocked, id=3068, stack(0x000000e7aa900000,0x000000e7aaa00000)]
  0x0000021d515c1000 JavaThread "Unconstrained build operations Thread 26" [_thread_blocked, id=10472, stack(0x000000e7aaa00000,0x000000e7aab00000)]
  0x0000021d515bb800 JavaThread "Unconstrained build operations Thread 27" [_thread_blocked, id=11544, stack(0x000000e7aab00000,0x000000e7aac00000)]
  0x0000021d515c2800 JavaThread "Unconstrained build operations Thread 28" [_thread_blocked, id=6172, stack(0x000000e7aac00000,0x000000e7aad00000)]
  0x0000021d515c2000 JavaThread "Unconstrained build operations Thread 29" [_thread_blocked, id=1272, stack(0x000000e7aad00000,0x000000e7aae00000)]
  0x0000021d515c3800 JavaThread "Unconstrained build operations Thread 30" [_thread_blocked, id=8352, stack(0x000000e7aae00000,0x000000e7aaf00000)]
  0x0000021d515c4800 JavaThread "Unconstrained build operations Thread 31" [_thread_blocked, id=3488, stack(0x000000e7aaf00000,0x000000e7ab000000)]
  0x0000021d515c5000 JavaThread "Unconstrained build operations Thread 32" [_thread_blocked, id=4120, stack(0x000000e7ab000000,0x000000e7ab100000)]
  0x0000021d4fa91800 JavaThread "Unconstrained build operations Thread 33" [_thread_blocked, id=8448, stack(0x000000e7ab100000,0x000000e7ab200000)]
  0x0000021d4fa8f000 JavaThread "Unconstrained build operations Thread 34" [_thread_blocked, id=7948, stack(0x000000e7ab200000,0x000000e7ab300000)]
  0x0000021d4fa92000 JavaThread "Unconstrained build operations Thread 35" [_thread_blocked, id=8076, stack(0x000000e7ab300000,0x000000e7ab400000)]
  0x0000021d51267800 JavaThread "Unconstrained build operations Thread 36" [_thread_blocked, id=2792, stack(0x000000e7ab400000,0x000000e7ab500000)]
  0x0000021d51268800 JavaThread "Unconstrained build operations Thread 37" [_thread_blocked, id=7424, stack(0x000000e7ab500000,0x000000e7ab600000)]
  0x0000021d51266000 JavaThread "Unconstrained build operations Thread 38" [_thread_blocked, id=3432, stack(0x000000e7ab600000,0x000000e7ab700000)]
  0x0000021d51265800 JavaThread "Unconstrained build operations Thread 39" [_thread_blocked, id=10636, stack(0x000000e7ab700000,0x000000e7ab800000)]
  0x0000021d5126a000 JavaThread "Unconstrained build operations Thread 40" [_thread_blocked, id=8468, stack(0x000000e7ab900000,0x000000e7aba00000)]
  0x0000021d51269800 JavaThread "build event listener" [_thread_blocked_trans, id=1180, stack(0x000000e7abb00000,0x000000e7abc00000)]
  0x0000021d51267000 JavaThread "pool-6-thread-1" [_thread_blocked, id=9260, stack(0x000000e7abd00000,0x000000e7abe00000)]
  0x0000021d51270000 JavaThread "build event listener" [_thread_blocked, id=3708, stack(0x000000e7abe00000,0x000000e7abf00000)]
  0x0000021d5126d800 JavaThread "included builds" [_thread_blocked, id=10248, stack(0x000000e7abf00000,0x000000e7ac000000)]
  0x0000021d51270800 JavaThread "Execution worker" [_thread_blocked, id=11372, stack(0x000000e7ac000000,0x000000e7ac100000)]
  0x0000021d5126c800 JavaThread "Execution worker Thread 2" [_thread_blocked, id=2868, stack(0x000000e7ac100000,0x000000e7ac200000)]
  0x0000021d5126e000 JavaThread "Execution worker Thread 3" [_thread_blocked, id=2268, stack(0x000000e7ac200000,0x000000e7ac300000)]
  0x0000021d5126f000 JavaThread "Cache worker for execution history cache (D:\SourceAndroid\KyThuat\.gradle\7.5\executionHistory)" [_thread_blocked, id=3096, stack(0x000000e7ac300000,0x000000e7ac400000)]

Other Threads:
  0x0000021d4e056800 VMThread "VM Thread" [stack: 0x000000e7a6600000,0x000000e7a6700000] [id=4816]
  0x0000021d4e249000 WatcherThread [stack: 0x000000e7a7000000,0x000000e7a7100000] [id=3492]
  0x0000021d31c8d800 GCTaskThread "GC Thread#0" [stack: 0x000000e7a6100000,0x000000e7a6200000] [id=11500]
  0x0000021d4ec52800 GCTaskThread "GC Thread#1" [stack: 0x000000e7a7200000,0x000000e7a7300000] [id=7428]
  0x0000021d4ed7f000 GCTaskThread "GC Thread#2" [stack: 0x000000e7a7300000,0x000000e7a7400000] [id=6684]
  0x0000021d4e5e4800 GCTaskThread "GC Thread#3" [stack: 0x000000e7a7400000,0x000000e7a7500000] [id=1984]
  0x0000021d31cbd800 ConcurrentGCThread "G1 Main Marker" [stack: 0x000000e7a6200000,0x000000e7a6300000] [id=11568]
  0x0000021d31cbf800 ConcurrentGCThread "G1 Conc#0" [stack: 0x000000e7a6300000,0x000000e7a6400000] [id=11308]
  0x0000021d4d69e800 ConcurrentGCThread "G1 Refine#0" [stack: 0x000000e7a6400000,0x000000e7a6500000] [id=7616]
  0x0000021d4d69f000 ConcurrentGCThread "G1 Young RemSet Sampling" [stack: 0x000000e7a6500000,0x000000e7a6600000] [id=1624]

Threads with active compile tasks:
C2 CompilerThread0    43675 9610       4       java.util.regex.Pattern::atom (422 bytes)
C1 CompilerThread0    43675 9615       3       org.gradle.tooling.internal.provider.runner.PluginApplicationTracker::started (152 bytes)

VM state:not at safepoint (normal execution)

VM Mutex/Monitor currently owned by a thread:  ([mutex/lock_event])
[0x0000021d31c70650] SystemDictionary_lock - owner thread: 0x0000000000000000

Heap address: 0x0000000080000000, size: 2048 MB, Compressed Oops mode: 32-bit
Narrow klass base: 0x0000000000000000, Narrow klass shift: 3
Compressed class space size: 1073741824 Address: 0x0000000100000000

Heap:
 garbage-first heap   total 312320K, used 133120K [0x0000000080000000, 0x0000000100000000)
  region size 1024K, 75 young (76800K), 17 survivors (17408K)
 Metaspace       used 90533K, capacity 92949K, committed 93192K, reserved 1130496K
  class space    used 11460K, capacity 12276K, committed 12288K, reserved 1048576K
Heap Regions: E=young(eden), S=young(survivor), O=old, HS=humongous(starts), HC=humongous(continues), CS=collection set, F=free, A=archive, TAMS=top-at-mark-start (previous, next)
|   0|0x0000000080000000, 0x0000000080100000, 0x0000000080100000|100%|HS|  |TAMS 0x0000000080100000, 0x0000000080000000| Complete 
|   1|0x0000000080100000, 0x0000000080200000, 0x0000000080200000|100%|HC|  |TAMS 0x0000000080200000, 0x0000000080100000| Complete 
|   2|0x0000000080200000, 0x0000000080300000, 0x0000000080300000|100%|HC|  |TAMS 0x0000000080300000, 0x0000000080200000| Complete 
|   3|0x0000000080300000, 0x0000000080400000, 0x0000000080400000|100%| O|  |TAMS 0x0000000080400000, 0x0000000080300000| Untracked 
|   4|0x0000000080400000, 0x0000000080500000, 0x0000000080500000|100%| O|  |TAMS 0x0000000080500000, 0x0000000080400000| Untracked 
|   5|0x0000000080500000, 0x0000000080600000, 0x0000000080600000|100%| O|  |TAMS 0x0000000080600000, 0x0000000080500000| Untracked 
|   6|0x0000000080600000, 0x0000000080700000, 0x0000000080700000|100%| O|  |TAMS 0x0000000080700000, 0x0000000080600000| Untracked 
|   7|0x0000000080700000, 0x0000000080800000, 0x0000000080800000|100%| O|  |TAMS 0x0000000080800000, 0x0000000080700000| Untracked 
|   8|0x0000000080800000, 0x0000000080900000, 0x0000000080900000|100%| O|  |TAMS 0x0000000080900000, 0x0000000080800000| Untracked 
|   9|0x0000000080900000, 0x0000000080a00000, 0x0000000080a00000|100%| O|  |TAMS 0x0000000080a00000, 0x0000000080900000| Untracked 
|  10|0x0000000080a00000, 0x0000000080b00000, 0x0000000080b00000|100%| O|  |TAMS 0x0000000080b00000, 0x0000000080a00000| Untracked 
|  11|0x0000000080b00000, 0x0000000080c00000, 0x0000000080c00000|100%| O|  |TAMS 0x0000000080c00000, 0x0000000080b00000| Untracked 
|  12|0x0000000080c00000, 0x0000000080d00000, 0x0000000080d00000|100%| O|  |TAMS 0x0000000080d00000, 0x0000000080c00000| Untracked 
|  13|0x0000000080d00000, 0x0000000080e00000, 0x0000000080e00000|100%| O|  |TAMS 0x0000000080e00000, 0x0000000080d00000| Untracked 
|  14|0x0000000080e00000, 0x0000000080f00000, 0x0000000080f00000|100%|HS|  |TAMS 0x0000000080f00000, 0x0000000080e00000| Complete 
|  15|0x0000000080f00000, 0x0000000081000000, 0x0000000081000000|100%|HS|  |TAMS 0x0000000081000000, 0x0000000080f00000| Complete 
|  16|0x0000000081000000, 0x0000000081100000, 0x0000000081100000|100%| O|  |TAMS 0x0000000081100000, 0x0000000081000000| Untracked 
|  17|0x0000000081100000, 0x0000000081200000, 0x0000000081200000|100%|HS|  |TAMS 0x0000000081200000, 0x0000000081100000| Complete 
|  18|0x0000000081200000, 0x0000000081300000, 0x0000000081300000|100%|HC|  |TAMS 0x0000000081300000, 0x0000000081200000| Complete 
|  19|0x0000000081300000, 0x0000000081400000, 0x0000000081400000|100%| O|  |TAMS 0x0000000081400000, 0x0000000081300000| Untracked 
|  20|0x0000000081400000, 0x0000000081500000, 0x0000000081500000|100%| O|  |TAMS 0x0000000081500000, 0x0000000081400000| Untracked 
|  21|0x0000000081500000, 0x0000000081600000, 0x0000000081600000|100%| O|  |TAMS 0x0000000081600000, 0x0000000081500000| Untracked 
|  22|0x0000000081600000, 0x0000000081700000, 0x0000000081700000|100%| O|  |TAMS 0x0000000081700000, 0x0000000081600000| Untracked 
|  23|0x0000000081700000, 0x0000000081800000, 0x0000000081800000|100%| O|  |TAMS 0x0000000081800000, 0x0000000081700000| Untracked 
|  24|0x0000000081800000, 0x0000000081900000, 0x0000000081900000|100%| O|  |TAMS 0x0000000081900000, 0x0000000081800000| Untracked 
|  25|0x0000000081900000, 0x0000000081a00000, 0x0000000081a00000|100%| O|  |TAMS 0x0000000081a00000, 0x0000000081900000| Untracked 
|  26|0x0000000081a00000, 0x0000000081b00000, 0x0000000081b00000|100%| O|  |TAMS 0x0000000081b00000, 0x0000000081a00000| Untracked 
|  27|0x0000000081b00000, 0x0000000081c00000, 0x0000000081c00000|100%| O|  |TAMS 0x0000000081c00000, 0x0000000081b00000| Untracked 
|  28|0x0000000081c00000, 0x0000000081d00000, 0x0000000081d00000|100%| O|  |TAMS 0x0000000081d00000, 0x0000000081c00000| Untracked 
|  29|0x0000000081d00000, 0x0000000081e00000, 0x0000000081e00000|100%| O|  |TAMS 0x0000000081e00000, 0x0000000081d00000| Untracked 
|  30|0x0000000081e00000, 0x0000000081f00000, 0x0000000081f00000|100%| O|  |TAMS 0x0000000081f00000, 0x0000000081e00000| Untracked 
|  31|0x0000000081f00000, 0x0000000082000000, 0x0000000082000000|100%| O|  |TAMS 0x0000000082000000, 0x0000000081f00000| Untracked 
|  32|0x0000000082000000, 0x0000000082100000, 0x0000000082100000|100%| O|  |TAMS 0x0000000082100000, 0x0000000082000000| Untracked 
|  33|0x0000000082100000, 0x0000000082200000, 0x0000000082200000|100%| O|  |TAMS 0x0000000082200000, 0x0000000082100000| Untracked 
|  34|0x0000000082200000, 0x0000000082300000, 0x0000000082300000|100%| O|  |TAMS 0x0000000082300000, 0x0000000082200000| Untracked 
|  35|0x0000000082300000, 0x0000000082400000, 0x0000000082400000|100%| O|  |TAMS 0x0000000082400000, 0x0000000082300000| Untracked 
|  36|0x0000000082400000, 0x0000000082500000, 0x0000000082500000|100%| O|  |TAMS 0x0000000082500000, 0x0000000082400000| Untracked 
|  37|0x0000000082500000, 0x0000000082600000, 0x0000000082600000|100%| O|  |TAMS 0x0000000082600000, 0x0000000082500000| Untracked 
|  38|0x0000000082600000, 0x0000000082700000, 0x0000000082700000|100%| O|  |TAMS 0x0000000082700000, 0x0000000082600000| Untracked 
|  39|0x0000000082700000, 0x0000000082800000, 0x0000000082800000|100%| O|  |TAMS 0x0000000082800000, 0x0000000082700000| Untracked 
|  40|0x0000000082800000, 0x0000000082900000, 0x0000000082900000|100%| O|  |TAMS 0x0000000082900000, 0x0000000082800000| Untracked 
|  41|0x0000000082900000, 0x0000000082a00000, 0x0000000082a00000|100%| O|  |TAMS 0x0000000082a00000, 0x0000000082900000| Untracked 
|  42|0x0000000082a00000, 0x0000000082b00000, 0x0000000082b00000|100%| O|  |TAMS 0x0000000082b00000, 0x0000000082a00000| Untracked 
|  43|0x0000000082b00000, 0x0000000082c00000, 0x0000000082c00000|100%| O|  |TAMS 0x0000000082c00000, 0x0000000082b00000| Untracked 
|  44|0x0000000082c00000, 0x0000000082d00000, 0x0000000082d00000|100%| O|  |TAMS 0x0000000082d00000, 0x0000000082c00000| Untracked 
|  45|0x0000000082d00000, 0x0000000082e00000, 0x0000000082e00000|100%| O|  |TAMS 0x0000000082e00000, 0x0000000082d00000| Untracked 
|  46|0x0000000082e00000, 0x0000000082f00000, 0x0000000082f00000|100%| O|  |TAMS 0x0000000082f00000, 0x0000000082e00000| Untracked 
|  47|0x0000000082f00000, 0x0000000083000000, 0x0000000083000000|100%| O|  |TAMS 0x0000000083000000, 0x0000000082f00000| Untracked 
|  48|0x0000000083000000, 0x0000000083100000, 0x0000000083100000|100%| O|  |TAMS 0x0000000083100000, 0x0000000083000000| Untracked 
|  49|0x0000000083100000, 0x0000000083200000, 0x0000000083200000|100%| O|  |TAMS 0x0000000083200000, 0x0000000083100000| Untracked 
|  50|0x0000000083200000, 0x0000000083300000, 0x0000000083300000|100%| O|  |TAMS 0x0000000083300000, 0x0000000083200000| Untracked 
|  51|0x0000000083300000, 0x0000000083400000, 0x0000000083400000|100%| O|  |TAMS 0x0000000083400000, 0x0000000083300000| Untracked 
|  52|0x0000000083400000, 0x0000000083500000, 0x0000000083500000|100%| O|  |TAMS 0x0000000083500000, 0x0000000083400000| Untracked 
|  53|0x0000000083500000, 0x0000000083600000, 0x0000000083600000|100%| O|  |TAMS 0x0000000083600000, 0x0000000083500000| Untracked 
|  54|0x0000000083600000, 0x0000000083700000, 0x0000000083700000|100%| O|  |TAMS 0x0000000083700000, 0x0000000083600000| Untracked 
|  55|0x0000000083700000, 0x0000000083800000, 0x0000000083800000|100%| O|  |TAMS 0x0000000083800000, 0x0000000083700000| Untracked 
|  56|0x0000000083800000, 0x0000000083800000, 0x0000000083900000|  0%| F|  |TAMS 0x0000000083800000, 0x0000000083800000| Untracked 
|  57|0x0000000083900000, 0x0000000083900000, 0x0000000083a00000|  0%| F|  |TAMS 0x0000000083900000, 0x0000000083900000| Untracked 
|  58|0x0000000083a00000, 0x0000000083a00000, 0x0000000083b00000|  0%| F|  |TAMS 0x0000000083a00000, 0x0000000083a00000| Untracked 
|  59|0x0000000083b00000, 0x0000000083b00000, 0x0000000083c00000|  0%| F|  |TAMS 0x0000000083b00000, 0x0000000083b00000| Untracked 
|  60|0x0000000083c00000, 0x0000000083c00000, 0x0000000083d00000|  0%| F|  |TAMS 0x0000000083c00000, 0x0000000083c00000| Untracked 
|  61|0x0000000083d00000, 0x0000000083d00000, 0x0000000083e00000|  0%| F|  |TAMS 0x0000000083d00000, 0x0000000083d00000| Untracked 
|  62|0x0000000083e00000, 0x0000000083e00000, 0x0000000083f00000|  0%| F|  |TAMS 0x0000000083e00000, 0x0000000083e00000| Untracked 
|  63|0x0000000083f00000, 0x0000000083f00000, 0x0000000084000000|  0%| F|  |TAMS 0x0000000083f00000, 0x0000000083f00000| Untracked 
|  64|0x0000000084000000, 0x0000000084000000, 0x0000000084100000|  0%| F|  |TAMS 0x0000000084000000, 0x0000000084000000| Untracked 
|  65|0x0000000084100000, 0x0000000084100000, 0x0000000084200000|  0%| F|  |TAMS 0x0000000084100000, 0x0000000084100000| Untracked 
|  66|0x0000000084200000, 0x0000000084200000, 0x0000000084300000|  0%| F|  |TAMS 0x0000000084200000, 0x0000000084200000| Untracked 
|  67|0x0000000084300000, 0x0000000084300000, 0x0000000084400000|  0%| F|  |TAMS 0x0000000084300000, 0x0000000084300000| Untracked 
|  68|0x0000000084400000, 0x0000000084400000, 0x0000000084500000|  0%| F|  |TAMS 0x0000000084400000, 0x0000000084400000| Untracked 
|  69|0x0000000084500000, 0x0000000084500000, 0x0000000084600000|  0%| F|  |TAMS 0x0000000084500000, 0x0000000084500000| Untracked 
|  70|0x0000000084600000, 0x0000000084600000, 0x0000000084700000|  0%| F|  |TAMS 0x0000000084600000, 0x0000000084600000| Untracked 
|  71|0x0000000084700000, 0x0000000084700000, 0x0000000084800000|  0%| F|  |TAMS 0x0000000084700000, 0x0000000084700000| Untracked 
|  72|0x0000000084800000, 0x0000000084800000, 0x0000000084900000|  0%| F|  |TAMS 0x0000000084800000, 0x0000000084800000| Untracked 
|  73|0x0000000084900000, 0x0000000084900000, 0x0000000084a00000|  0%| F|  |TAMS 0x0000000084900000, 0x0000000084900000| Untracked 
|  74|0x0000000084a00000, 0x0000000084a00000, 0x0000000084b00000|  0%| F|  |TAMS 0x0000000084a00000, 0x0000000084a00000| Untracked 
|  75|0x0000000084b00000, 0x0000000084b00000, 0x0000000084c00000|  0%| F|  |TAMS 0x0000000084b00000, 0x0000000084b00000| Untracked 
|  76|0x0000000084c00000, 0x0000000084c00000, 0x0000000084d00000|  0%| F|  |TAMS 0x0000000084c00000, 0x0000000084c00000| Untracked 
|  77|0x0000000084d00000, 0x0000000084d00000, 0x0000000084e00000|  0%| F|  |TAMS 0x0000000084d00000, 0x0000000084d00000| Untracked 
|  78|0x0000000084e00000, 0x0000000084e00000, 0x0000000084f00000|  0%| F|  |TAMS 0x0000000084e00000, 0x0000000084e00000| Untracked 
|  79|0x0000000084f00000, 0x0000000084f00000, 0x0000000085000000|  0%| F|  |TAMS 0x0000000084f00000, 0x0000000084f00000| Untracked 
|  80|0x0000000085000000, 0x0000000085000000, 0x0000000085100000|  0%| F|  |TAMS 0x0000000085000000, 0x0000000085000000| Untracked 
|  81|0x0000000085100000, 0x0000000085100000, 0x0000000085200000|  0%| F|  |TAMS 0x0000000085100000, 0x0000000085100000| Untracked 
|  82|0x0000000085200000, 0x0000000085200000, 0x0000000085300000|  0%| F|  |TAMS 0x0000000085200000, 0x0000000085200000| Untracked 
|  83|0x0000000085300000, 0x0000000085300000, 0x0000000085400000|  0%| F|  |TAMS 0x0000000085300000, 0x0000000085300000| Untracked 
|  84|0x0000000085400000, 0x0000000085400000, 0x0000000085500000|  0%| F|  |TAMS 0x0000000085400000, 0x0000000085400000| Untracked 
|  85|0x0000000085500000, 0x0000000085500000, 0x0000000085600000|  0%| F|  |TAMS 0x0000000085500000, 0x0000000085500000| Untracked 
|  86|0x0000000085600000, 0x0000000085600000, 0x0000000085700000|  0%| F|  |TAMS 0x0000000085600000, 0x0000000085600000| Untracked 
|  87|0x0000000085700000, 0x0000000085700000, 0x0000000085800000|  0%| F|  |TAMS 0x0000000085700000, 0x0000000085700000| Untracked 
|  88|0x0000000085800000, 0x0000000085800000, 0x0000000085900000|  0%| F|  |TAMS 0x0000000085800000, 0x0000000085800000| Untracked 
|  89|0x0000000085900000, 0x0000000085900000, 0x0000000085a00000|  0%| F|  |TAMS 0x0000000085900000, 0x0000000085900000| Untracked 
|  90|0x0000000085a00000, 0x0000000085a00000, 0x0000000085b00000|  0%| F|  |TAMS 0x0000000085a00000, 0x0000000085a00000| Untracked 
|  91|0x0000000085b00000, 0x0000000085b00000, 0x0000000085c00000|  0%| F|  |TAMS 0x0000000085b00000, 0x0000000085b00000| Untracked 
|  92|0x0000000085c00000, 0x0000000085c00000, 0x0000000085d00000|  0%| F|  |TAMS 0x0000000085c00000, 0x0000000085c00000| Untracked 
|  93|0x0000000085d00000, 0x0000000085d00000, 0x0000000085e00000|  0%| F|  |TAMS 0x0000000085d00000, 0x0000000085d00000| Untracked 
|  94|0x0000000085e00000, 0x0000000085e00000, 0x0000000085f00000|  0%| F|  |TAMS 0x0000000085e00000, 0x0000000085e00000| Untracked 
|  95|0x0000000085f00000, 0x0000000085f00000, 0x0000000086000000|  0%| F|  |TAMS 0x0000000085f00000, 0x0000000085f00000| Untracked 
|  96|0x0000000086000000, 0x0000000086000000, 0x0000000086100000|  0%| F|  |TAMS 0x0000000086000000, 0x0000000086000000| Untracked 
|  97|0x0000000086100000, 0x0000000086100000, 0x0000000086200000|  0%| F|  |TAMS 0x0000000086100000, 0x0000000086100000| Untracked 
|  98|0x0000000086200000, 0x0000000086200000, 0x0000000086300000|  0%| F|  |TAMS 0x0000000086200000, 0x0000000086200000| Untracked 
|  99|0x0000000086300000, 0x0000000086300000, 0x0000000086400000|  0%| F|  |TAMS 0x0000000086300000, 0x0000000086300000| Untracked 
| 100|0x0000000086400000, 0x0000000086400000, 0x0000000086500000|  0%| F|  |TAMS 0x0000000086400000, 0x0000000086400000| Untracked 
| 101|0x0000000086500000, 0x0000000086500000, 0x0000000086600000|  0%| F|  |TAMS 0x0000000086500000, 0x0000000086500000| Untracked 
| 102|0x0000000086600000, 0x0000000086600000, 0x0000000086700000|  0%| F|  |TAMS 0x0000000086600000, 0x0000000086600000| Untracked 
| 103|0x0000000086700000, 0x0000000086700000, 0x0000000086800000|  0%| F|  |TAMS 0x0000000086700000, 0x0000000086700000| Untracked 
| 104|0x0000000086800000, 0x0000000086800000, 0x0000000086900000|  0%| F|  |TAMS 0x0000000086800000, 0x0000000086800000| Untracked 
| 105|0x0000000086900000, 0x0000000086900000, 0x0000000086a00000|  0%| F|  |TAMS 0x0000000086900000, 0x0000000086900000| Untracked 
| 106|0x0000000086a00000, 0x0000000086a00000, 0x0000000086b00000|  0%| F|  |TAMS 0x0000000086a00000, 0x0000000086a00000| Untracked 
| 107|0x0000000086b00000, 0x0000000086b00000, 0x0000000086c00000|  0%| F|  |TAMS 0x0000000086b00000, 0x0000000086b00000| Untracked 
| 108|0x0000000086c00000, 0x0000000086c00000, 0x0000000086d00000|  0%| F|  |TAMS 0x0000000086c00000, 0x0000000086c00000| Untracked 
| 109|0x0000000086d00000, 0x0000000086d00000, 0x0000000086e00000|  0%| F|  |TAMS 0x0000000086d00000, 0x0000000086d00000| Untracked 
| 110|0x0000000086e00000, 0x0000000086e00000, 0x0000000086f00000|  0%| F|  |TAMS 0x0000000086e00000, 0x0000000086e00000| Untracked 
| 111|0x0000000086f00000, 0x0000000086f00000, 0x0000000087000000|  0%| F|  |TAMS 0x0000000086f00000, 0x0000000086f00000| Untracked 
| 112|0x0000000087000000, 0x0000000087000000, 0x0000000087100000|  0%| F|  |TAMS 0x0000000087000000, 0x0000000087000000| Untracked 
| 113|0x0000000087100000, 0x0000000087100000, 0x0000000087200000|  0%| F|  |TAMS 0x0000000087100000, 0x0000000087100000| Untracked 
| 114|0x0000000087200000, 0x0000000087200000, 0x0000000087300000|  0%| F|  |TAMS 0x0000000087200000, 0x0000000087200000| Untracked 
| 115|0x0000000087300000, 0x0000000087300000, 0x0000000087400000|  0%| F|  |TAMS 0x0000000087300000, 0x0000000087300000| Untracked 
| 116|0x0000000087400000, 0x0000000087400000, 0x0000000087500000|  0%| F|  |TAMS 0x0000000087400000, 0x0000000087400000| Untracked 
| 117|0x0000000087500000, 0x0000000087500000, 0x0000000087600000|  0%| F|  |TAMS 0x0000000087500000, 0x0000000087500000| Untracked 
| 118|0x0000000087600000, 0x0000000087600000, 0x0000000087700000|  0%| F|  |TAMS 0x0000000087600000, 0x0000000087600000| Untracked 
| 119|0x0000000087700000, 0x0000000087700000, 0x0000000087800000|  0%| F|  |TAMS 0x0000000087700000, 0x0000000087700000| Untracked 
| 120|0x0000000087800000, 0x0000000087800000, 0x0000000087900000|  0%| F|  |TAMS 0x0000000087800000, 0x0000000087800000| Untracked 
| 121|0x0000000087900000, 0x0000000087900000, 0x0000000087a00000|  0%| F|  |TAMS 0x0000000087900000, 0x0000000087900000| Untracked 
| 122|0x0000000087a00000, 0x0000000087a00000, 0x0000000087b00000|  0%| F|  |TAMS 0x0000000087a00000, 0x0000000087a00000| Untracked 
| 123|0x0000000087b00000, 0x0000000087b00000, 0x0000000087c00000|  0%| F|  |TAMS 0x0000000087b00000, 0x0000000087b00000| Untracked 
| 124|0x0000000087c00000, 0x0000000087c00000, 0x0000000087d00000|  0%| F|  |TAMS 0x0000000087c00000, 0x0000000087c00000| Untracked 
| 125|0x0000000087d00000, 0x0000000087d00000, 0x0000000087e00000|  0%| F|  |TAMS 0x0000000087d00000, 0x0000000087d00000| Untracked 
| 126|0x0000000087e00000, 0x0000000087f00000, 0x0000000087f00000|100%| S|CS|TAMS 0x0000000087e00000, 0x0000000087e00000| Complete 
| 127|0x0000000087f00000, 0x0000000088000000, 0x0000000088000000|100%| S|CS|TAMS 0x0000000087f00000, 0x0000000087f00000| Complete 
| 128|0x0000000088000000, 0x0000000088100000, 0x0000000088100000|100%| S|CS|TAMS 0x0000000088000000, 0x0000000088000000| Complete 
| 129|0x0000000088100000, 0x0000000088200000, 0x0000000088200000|100%| S|CS|TAMS 0x0000000088100000, 0x0000000088100000| Complete 
| 130|0x0000000088200000, 0x0000000088300000, 0x0000000088300000|100%| S|CS|TAMS 0x0000000088200000, 0x0000000088200000| Complete 
| 131|0x0000000088300000, 0x0000000088400000, 0x0000000088400000|100%| S|CS|TAMS 0x0000000088300000, 0x0000000088300000| Complete 
| 132|0x0000000088400000, 0x0000000088500000, 0x0000000088500000|100%| S|CS|TAMS 0x0000000088400000, 0x0000000088400000| Complete 
| 133|0x0000000088500000, 0x0000000088600000, 0x0000000088600000|100%| S|CS|TAMS 0x0000000088500000, 0x0000000088500000| Complete 
| 134|0x0000000088600000, 0x0000000088700000, 0x0000000088700000|100%| S|CS|TAMS 0x0000000088600000, 0x0000000088600000| Complete 
| 135|0x0000000088700000, 0x0000000088800000, 0x0000000088800000|100%| S|CS|TAMS 0x0000000088700000, 0x0000000088700000| Complete 
| 136|0x0000000088800000, 0x0000000088900000, 0x0000000088900000|100%| S|CS|TAMS 0x0000000088800000, 0x0000000088800000| Complete 
| 137|0x0000000088900000, 0x0000000088a00000, 0x0000000088a00000|100%| S|CS|TAMS 0x0000000088900000, 0x0000000088900000| Complete 
| 138|0x0000000088a00000, 0x0000000088b00000, 0x0000000088b00000|100%| S|CS|TAMS 0x0000000088a00000, 0x0000000088a00000| Complete 
| 139|0x0000000088b00000, 0x0000000088c00000, 0x0000000088c00000|100%| S|CS|TAMS 0x0000000088b00000, 0x0000000088b00000| Complete 
| 140|0x0000000088c00000, 0x0000000088d00000, 0x0000000088d00000|100%| S|CS|TAMS 0x0000000088c00000, 0x0000000088c00000| Complete 
| 141|0x0000000088d00000, 0x0000000088e00000, 0x0000000088e00000|100%| S|CS|TAMS 0x0000000088d00000, 0x0000000088d00000| Complete 
| 142|0x0000000088e00000, 0x0000000088f00000, 0x0000000088f00000|100%| S|CS|TAMS 0x0000000088e00000, 0x0000000088e00000| Complete 
| 143|0x0000000088f00000, 0x0000000088f00000, 0x0000000089000000|  0%| F|  |TAMS 0x0000000088f00000, 0x0000000088f00000| Untracked 
| 144|0x0000000089000000, 0x0000000089000000, 0x0000000089100000|  0%| F|  |TAMS 0x0000000089000000, 0x0000000089000000| Untracked 
| 145|0x0000000089100000, 0x0000000089100000, 0x0000000089200000|  0%| F|  |TAMS 0x0000000089100000, 0x0000000089100000| Untracked 
| 146|0x0000000089200000, 0x0000000089200000, 0x0000000089300000|  0%| F|  |TAMS 0x0000000089200000, 0x0000000089200000| Untracked 
| 147|0x0000000089300000, 0x0000000089300000, 0x0000000089400000|  0%| F|  |TAMS 0x0000000089300000, 0x0000000089300000| Untracked 
| 148|0x0000000089400000, 0x0000000089400000, 0x0000000089500000|  0%| F|  |TAMS 0x0000000089400000, 0x0000000089400000| Untracked 
| 149|0x0000000089500000, 0x0000000089500000, 0x0000000089600000|  0%| F|  |TAMS 0x0000000089500000, 0x0000000089500000| Untracked 
| 150|0x0000000089600000, 0x0000000089600000, 0x0000000089700000|  0%| F|  |TAMS 0x0000000089600000, 0x0000000089600000| Untracked 
| 151|0x0000000089700000, 0x0000000089700000, 0x0000000089800000|  0%| F|  |TAMS 0x0000000089700000, 0x0000000089700000| Untracked 
| 152|0x0000000089800000, 0x0000000089800000, 0x0000000089900000|  0%| F|  |TAMS 0x0000000089800000, 0x0000000089800000| Untracked 
| 153|0x0000000089900000, 0x0000000089900000, 0x0000000089a00000|  0%| F|  |TAMS 0x0000000089900000, 0x0000000089900000| Untracked 
| 154|0x0000000089a00000, 0x0000000089a00000, 0x0000000089b00000|  0%| F|  |TAMS 0x0000000089a00000, 0x0000000089a00000| Untracked 
| 155|0x0000000089b00000, 0x0000000089b00000, 0x0000000089c00000|  0%| F|  |TAMS 0x0000000089b00000, 0x0000000089b00000| Untracked 
| 156|0x0000000089c00000, 0x0000000089c00000, 0x0000000089d00000|  0%| F|  |TAMS 0x0000000089c00000, 0x0000000089c00000| Untracked 
| 157|0x0000000089d00000, 0x0000000089d00000, 0x0000000089e00000|  0%| F|  |TAMS 0x0000000089d00000, 0x0000000089d00000| Untracked 
| 158|0x0000000089e00000, 0x0000000089e00000, 0x0000000089f00000|  0%| F|  |TAMS 0x0000000089e00000, 0x0000000089e00000| Untracked 
| 159|0x0000000089f00000, 0x0000000089f00000, 0x000000008a000000|  0%| F|  |TAMS 0x0000000089f00000, 0x0000000089f00000| Untracked 
| 160|0x000000008a000000, 0x000000008a000000, 0x000000008a100000|  0%| F|  |TAMS 0x000000008a000000, 0x000000008a000000| Untracked 
| 161|0x000000008a100000, 0x000000008a100000, 0x000000008a200000|  0%| F|  |TAMS 0x000000008a100000, 0x000000008a100000| Untracked 
| 162|0x000000008a200000, 0x000000008a200000, 0x000000008a300000|  0%| F|  |TAMS 0x000000008a200000, 0x000000008a200000| Untracked 
| 163|0x000000008a300000, 0x000000008a300000, 0x000000008a400000|  0%| F|  |TAMS 0x000000008a300000, 0x000000008a300000| Untracked 
| 164|0x000000008a400000, 0x000000008a400000, 0x000000008a500000|  0%| F|  |TAMS 0x000000008a400000, 0x000000008a400000| Untracked 
| 165|0x000000008a500000, 0x000000008a500000, 0x000000008a600000|  0%| F|  |TAMS 0x000000008a500000, 0x000000008a500000| Untracked 
| 166|0x000000008a600000, 0x000000008a600000, 0x000000008a700000|  0%| F|  |TAMS 0x000000008a600000, 0x000000008a600000| Untracked 
| 167|0x000000008a700000, 0x000000008a700000, 0x000000008a800000|  0%| F|  |TAMS 0x000000008a700000, 0x000000008a700000| Untracked 
| 168|0x000000008a800000, 0x000000008a800000, 0x000000008a900000|  0%| F|  |TAMS 0x000000008a800000, 0x000000008a800000| Untracked 
| 169|0x000000008a900000, 0x000000008a900000, 0x000000008aa00000|  0%| F|  |TAMS 0x000000008a900000, 0x000000008a900000| Untracked 
| 170|0x000000008aa00000, 0x000000008aa00000, 0x000000008ab00000|  0%| F|  |TAMS 0x000000008aa00000, 0x000000008aa00000| Untracked 
| 171|0x000000008ab00000, 0x000000008ab00000, 0x000000008ac00000|  0%| F|  |TAMS 0x000000008ab00000, 0x000000008ab00000| Untracked 
| 172|0x000000008ac00000, 0x000000008ac00000, 0x000000008ad00000|  0%| F|  |TAMS 0x000000008ac00000, 0x000000008ac00000| Untracked 
| 173|0x000000008ad00000, 0x000000008ad00000, 0x000000008ae00000|  0%| F|  |TAMS 0x000000008ad00000, 0x000000008ad00000| Untracked 
| 174|0x000000008ae00000, 0x000000008ae00000, 0x000000008af00000|  0%| F|  |TAMS 0x000000008ae00000, 0x000000008ae00000| Untracked 
| 175|0x000000008af00000, 0x000000008af00000, 0x000000008b000000|  0%| F|  |TAMS 0x000000008af00000, 0x000000008af00000| Untracked 
| 176|0x000000008b000000, 0x000000008b000000, 0x000000008b100000|  0%| F|  |TAMS 0x000000008b000000, 0x000000008b000000| Untracked 
| 177|0x000000008b100000, 0x000000008b100000, 0x000000008b200000|  0%| F|  |TAMS 0x000000008b100000, 0x000000008b100000| Untracked 
| 178|0x000000008b200000, 0x000000008b200000, 0x000000008b300000|  0%| F|  |TAMS 0x000000008b200000, 0x000000008b200000| Untracked 
| 179|0x000000008b300000, 0x000000008b300000, 0x000000008b400000|  0%| F|  |TAMS 0x000000008b300000, 0x000000008b300000| Untracked 
| 180|0x000000008b400000, 0x000000008b400000, 0x000000008b500000|  0%| F|  |TAMS 0x000000008b400000, 0x000000008b400000| Untracked 
| 181|0x000000008b500000, 0x000000008b500000, 0x000000008b600000|  0%| F|  |TAMS 0x000000008b500000, 0x000000008b500000| Untracked 
| 182|0x000000008b600000, 0x000000008b600000, 0x000000008b700000|  0%| F|  |TAMS 0x000000008b600000, 0x000000008b600000| Untracked 
| 183|0x000000008b700000, 0x000000008b700000, 0x000000008b800000|  0%| F|  |TAMS 0x000000008b700000, 0x000000008b700000| Untracked 
| 184|0x000000008b800000, 0x000000008b800000, 0x000000008b900000|  0%| F|  |TAMS 0x000000008b800000, 0x000000008b800000| Untracked 
| 185|0x000000008b900000, 0x000000008b900000, 0x000000008ba00000|  0%| F|  |TAMS 0x000000008b900000, 0x000000008b900000| Untracked 
| 186|0x000000008ba00000, 0x000000008ba00000, 0x000000008bb00000|  0%| F|  |TAMS 0x000000008ba00000, 0x000000008ba00000| Untracked 
| 187|0x000000008bb00000, 0x000000008bb00000, 0x000000008bc00000|  0%| F|  |TAMS 0x000000008bb00000, 0x000000008bb00000| Untracked 
| 188|0x000000008bc00000, 0x000000008bc00000, 0x000000008bd00000|  0%| F|  |TAMS 0x000000008bc00000, 0x000000008bc00000| Untracked 
| 189|0x000000008bd00000, 0x000000008bd00000, 0x000000008be00000|  0%| F|  |TAMS 0x000000008bd00000, 0x000000008bd00000| Untracked 
| 190|0x000000008be00000, 0x000000008be00000, 0x000000008bf00000|  0%| F|  |TAMS 0x000000008be00000, 0x000000008be00000| Untracked 
| 191|0x000000008bf00000, 0x000000008bf00000, 0x000000008c000000|  0%| F|  |TAMS 0x000000008bf00000, 0x000000008bf00000| Untracked 
| 192|0x000000008c000000, 0x000000008c000000, 0x000000008c100000|  0%| F|  |TAMS 0x000000008c000000, 0x000000008c000000| Untracked 
| 193|0x000000008c100000, 0x000000008c100000, 0x000000008c200000|  0%| F|  |TAMS 0x000000008c100000, 0x000000008c100000| Untracked 
| 194|0x000000008c200000, 0x000000008c200000, 0x000000008c300000|  0%| F|  |TAMS 0x000000008c200000, 0x000000008c200000| Untracked 
| 195|0x000000008c300000, 0x000000008c300000, 0x000000008c400000|  0%| F|  |TAMS 0x000000008c300000, 0x000000008c300000| Untracked 
| 196|0x000000008c400000, 0x000000008c400000, 0x000000008c500000|  0%| F|  |TAMS 0x000000008c400000, 0x000000008c400000| Untracked 
| 197|0x000000008c500000, 0x000000008c500000, 0x000000008c600000|  0%| F|  |TAMS 0x000000008c500000, 0x000000008c500000| Untracked 
| 198|0x000000008c600000, 0x000000008c600000, 0x000000008c700000|  0%| F|  |TAMS 0x000000008c600000, 0x000000008c600000| Untracked 
| 199|0x000000008c700000, 0x000000008c700000, 0x000000008c800000|  0%| F|  |TAMS 0x000000008c700000, 0x000000008c700000| Untracked 
| 200|0x000000008c800000, 0x000000008c800000, 0x000000008c900000|  0%| F|  |TAMS 0x000000008c800000, 0x000000008c800000| Untracked 
| 201|0x000000008c900000, 0x000000008c900000, 0x000000008ca00000|  0%| F|  |TAMS 0x000000008c900000, 0x000000008c900000| Untracked 
| 202|0x000000008ca00000, 0x000000008ca00000, 0x000000008cb00000|  0%| F|  |TAMS 0x000000008ca00000, 0x000000008ca00000| Untracked 
| 203|0x000000008cb00000, 0x000000008cb00000, 0x000000008cc00000|  0%| F|  |TAMS 0x000000008cb00000, 0x000000008cb00000| Untracked 
| 204|0x000000008cc00000, 0x000000008cc00000, 0x000000008cd00000|  0%| F|  |TAMS 0x000000008cc00000, 0x000000008cc00000| Untracked 
| 205|0x000000008cd00000, 0x000000008cd00000, 0x000000008ce00000|  0%| F|  |TAMS 0x000000008cd00000, 0x000000008cd00000| Untracked 
| 206|0x000000008ce00000, 0x000000008ce00000, 0x000000008cf00000|  0%| F|  |TAMS 0x000000008ce00000, 0x000000008ce00000| Untracked 
| 207|0x000000008cf00000, 0x000000008cf00000, 0x000000008d000000|  0%| F|  |TAMS 0x000000008cf00000, 0x000000008cf00000| Untracked 
| 208|0x000000008d000000, 0x000000008d000000, 0x000000008d100000|  0%| F|  |TAMS 0x000000008d000000, 0x000000008d000000| Untracked 
| 209|0x000000008d100000, 0x000000008d100000, 0x000000008d200000|  0%| F|  |TAMS 0x000000008d100000, 0x000000008d100000| Untracked 
| 210|0x000000008d200000, 0x000000008d200000, 0x000000008d300000|  0%| F|  |TAMS 0x000000008d200000, 0x000000008d200000| Untracked 
| 211|0x000000008d300000, 0x000000008d300000, 0x000000008d400000|  0%| F|  |TAMS 0x000000008d300000, 0x000000008d300000| Untracked 
| 212|0x000000008d400000, 0x000000008d400000, 0x000000008d500000|  0%| F|  |TAMS 0x000000008d400000, 0x000000008d400000| Untracked 
| 213|0x000000008d500000, 0x000000008d500000, 0x000000008d600000|  0%| F|  |TAMS 0x000000008d500000, 0x000000008d500000| Untracked 
| 214|0x000000008d600000, 0x000000008d600000, 0x000000008d700000|  0%| F|  |TAMS 0x000000008d600000, 0x000000008d600000| Untracked 
| 215|0x000000008d700000, 0x000000008d700000, 0x000000008d800000|  0%| F|  |TAMS 0x000000008d700000, 0x000000008d700000| Untracked 
| 216|0x000000008d800000, 0x000000008d800000, 0x000000008d900000|  0%| F|  |TAMS 0x000000008d800000, 0x000000008d800000| Untracked 
| 217|0x000000008d900000, 0x000000008d900000, 0x000000008da00000|  0%| F|  |TAMS 0x000000008d900000, 0x000000008d900000| Untracked 
| 218|0x000000008da00000, 0x000000008da00000, 0x000000008db00000|  0%| F|  |TAMS 0x000000008da00000, 0x000000008da00000| Untracked 
| 219|0x000000008db00000, 0x000000008db00000, 0x000000008dc00000|  0%| F|  |TAMS 0x000000008db00000, 0x000000008db00000| Untracked 
| 220|0x000000008dc00000, 0x000000008dc00000, 0x000000008dd00000|  0%| F|  |TAMS 0x000000008dc00000, 0x000000008dc00000| Untracked 
| 221|0x000000008dd00000, 0x000000008dd00000, 0x000000008de00000|  0%| F|  |TAMS 0x000000008dd00000, 0x000000008dd00000| Untracked 
| 222|0x000000008de00000, 0x000000008de00000, 0x000000008df00000|  0%| F|  |TAMS 0x000000008de00000, 0x000000008de00000| Untracked 
| 223|0x000000008df00000, 0x000000008df00000, 0x000000008e000000|  0%| F|  |TAMS 0x000000008df00000, 0x000000008df00000| Untracked 
| 224|0x000000008e000000, 0x000000008e000000, 0x000000008e100000|  0%| F|  |TAMS 0x000000008e000000, 0x000000008e000000| Untracked 
| 225|0x000000008e100000, 0x000000008e100000, 0x000000008e200000|  0%| F|  |TAMS 0x000000008e100000, 0x000000008e100000| Untracked 
| 226|0x000000008e200000, 0x000000008e200000, 0x000000008e300000|  0%| F|  |TAMS 0x000000008e200000, 0x000000008e200000| Untracked 
| 227|0x000000008e300000, 0x000000008e300000, 0x000000008e400000|  0%| F|  |TAMS 0x000000008e300000, 0x000000008e300000| Untracked 
| 228|0x000000008e400000, 0x000000008e400000, 0x000000008e500000|  0%| F|  |TAMS 0x000000008e400000, 0x000000008e400000| Untracked 
| 229|0x000000008e500000, 0x000000008e500000, 0x000000008e600000|  0%| F|  |TAMS 0x000000008e500000, 0x000000008e500000| Untracked 
| 230|0x000000008e600000, 0x000000008e600000, 0x000000008e700000|  0%| F|  |TAMS 0x000000008e600000, 0x000000008e600000| Untracked 
| 231|0x000000008e700000, 0x000000008e700000, 0x000000008e800000|  0%| F|  |TAMS 0x000000008e700000, 0x000000008e700000| Untracked 
| 232|0x000000008e800000, 0x000000008e800000, 0x000000008e900000|  0%| F|  |TAMS 0x000000008e800000, 0x000000008e800000| Untracked 
| 233|0x000000008e900000, 0x000000008e900000, 0x000000008ea00000|  0%| F|  |TAMS 0x000000008e900000, 0x000000008e900000| Untracked 
| 234|0x000000008ea00000, 0x000000008ea00000, 0x000000008eb00000|  0%| F|  |TAMS 0x000000008ea00000, 0x000000008ea00000| Untracked 
| 235|0x000000008eb00000, 0x000000008eb00000, 0x000000008ec00000|  0%| F|  |TAMS 0x000000008eb00000, 0x000000008eb00000| Untracked 
| 236|0x000000008ec00000, 0x000000008ec00000, 0x000000008ed00000|  0%| F|  |TAMS 0x000000008ec00000, 0x000000008ec00000| Untracked 
| 237|0x000000008ed00000, 0x000000008ed00000, 0x000000008ee00000|  0%| F|  |TAMS 0x000000008ed00000, 0x000000008ed00000| Untracked 
| 238|0x000000008ee00000, 0x000000008ee00000, 0x000000008ef00000|  0%| F|  |TAMS 0x000000008ee00000, 0x000000008ee00000| Untracked 
| 239|0x000000008ef00000, 0x000000008ef00000, 0x000000008f000000|  0%| F|  |TAMS 0x000000008ef00000, 0x000000008ef00000| Untracked 
| 240|0x000000008f000000, 0x000000008f000000, 0x000000008f100000|  0%| F|  |TAMS 0x000000008f000000, 0x000000008f000000| Untracked 
| 241|0x000000008f100000, 0x000000008f100000, 0x000000008f200000|  0%| F|  |TAMS 0x000000008f100000, 0x000000008f100000| Untracked 
| 242|0x000000008f200000, 0x000000008f200000, 0x000000008f300000|  0%| F|  |TAMS 0x000000008f200000, 0x000000008f200000| Untracked 
| 243|0x000000008f300000, 0x000000008f300000, 0x000000008f400000|  0%| F|  |TAMS 0x000000008f300000, 0x000000008f300000| Untracked 
| 244|0x000000008f400000, 0x000000008f400000, 0x000000008f500000|  0%| F|  |TAMS 0x000000008f400000, 0x000000008f400000| Untracked 
| 245|0x000000008f500000, 0x000000008f500000, 0x000000008f600000|  0%| F|  |TAMS 0x000000008f500000, 0x000000008f500000| Untracked 
| 246|0x000000008f600000, 0x000000008f600000, 0x000000008f700000|  0%| F|  |TAMS 0x000000008f600000, 0x000000008f600000| Untracked 
| 247|0x000000008f700000, 0x000000008f800000, 0x000000008f800000|100%| E|  |TAMS 0x000000008f700000, 0x000000008f700000| Complete 
| 248|0x000000008f800000, 0x000000008f900000, 0x000000008f900000|100%| E|CS|TAMS 0x000000008f800000, 0x000000008f800000| Complete 
| 249|0x000000008f900000, 0x000000008fa00000, 0x000000008fa00000|100%| E|CS|TAMS 0x000000008f900000, 0x000000008f900000| Complete 
| 250|0x000000008fa00000, 0x000000008fb00000, 0x000000008fb00000|100%| E|CS|TAMS 0x000000008fa00000, 0x000000008fa00000| Complete 
| 251|0x000000008fb00000, 0x000000008fc00000, 0x000000008fc00000|100%| E|CS|TAMS 0x000000008fb00000, 0x000000008fb00000| Complete 
| 252|0x000000008fc00000, 0x000000008fd00000, 0x000000008fd00000|100%| E|CS|TAMS 0x000000008fc00000, 0x000000008fc00000| Complete 
| 253|0x000000008fd00000, 0x000000008fe00000, 0x000000008fe00000|100%| E|CS|TAMS 0x000000008fd00000, 0x000000008fd00000| Complete 
| 254|0x000000008fe00000, 0x000000008ff00000, 0x000000008ff00000|100%| E|CS|TAMS 0x000000008fe00000, 0x000000008fe00000| Complete 
| 255|0x000000008ff00000, 0x0000000090000000, 0x0000000090000000|100%| E|CS|TAMS 0x000000008ff00000, 0x000000008ff00000| Complete 
| 256|0x0000000090000000, 0x0000000090100000, 0x0000000090100000|100%| E|CS|TAMS 0x0000000090000000, 0x0000000090000000| Complete 
| 257|0x0000000090100000, 0x0000000090200000, 0x0000000090200000|100%| E|CS|TAMS 0x0000000090100000, 0x0000000090100000| Complete 
| 258|0x0000000090200000, 0x0000000090300000, 0x0000000090300000|100%| E|CS|TAMS 0x0000000090200000, 0x0000000090200000| Complete 
| 259|0x0000000090300000, 0x0000000090400000, 0x0000000090400000|100%| E|CS|TAMS 0x0000000090300000, 0x0000000090300000| Complete 
| 260|0x0000000090400000, 0x0000000090500000, 0x0000000090500000|100%| E|CS|TAMS 0x0000000090400000, 0x0000000090400000| Complete 
| 261|0x0000000090500000, 0x0000000090600000, 0x0000000090600000|100%| E|CS|TAMS 0x0000000090500000, 0x0000000090500000| Complete 
| 262|0x0000000090600000, 0x0000000090700000, 0x0000000090700000|100%| E|CS|TAMS 0x0000000090600000, 0x0000000090600000| Complete 
| 263|0x0000000090700000, 0x0000000090800000, 0x0000000090800000|100%| E|CS|TAMS 0x0000000090700000, 0x0000000090700000| Complete 
| 264|0x0000000090800000, 0x0000000090900000, 0x0000000090900000|100%| E|CS|TAMS 0x0000000090800000, 0x0000000090800000| Complete 
| 265|0x0000000090900000, 0x0000000090a00000, 0x0000000090a00000|100%| E|CS|TAMS 0x0000000090900000, 0x0000000090900000| Complete 
| 266|0x0000000090a00000, 0x0000000090b00000, 0x0000000090b00000|100%| E|CS|TAMS 0x0000000090a00000, 0x0000000090a00000| Complete 
| 267|0x0000000090b00000, 0x0000000090c00000, 0x0000000090c00000|100%| E|CS|TAMS 0x0000000090b00000, 0x0000000090b00000| Complete 
| 268|0x0000000090c00000, 0x0000000090d00000, 0x0000000090d00000|100%| E|CS|TAMS 0x0000000090c00000, 0x0000000090c00000| Complete 
| 269|0x0000000090d00000, 0x0000000090e00000, 0x0000000090e00000|100%| E|CS|TAMS 0x0000000090d00000, 0x0000000090d00000| Complete 
| 270|0x0000000090e00000, 0x0000000090f00000, 0x0000000090f00000|100%| E|CS|TAMS 0x0000000090e00000, 0x0000000090e00000| Complete 
| 271|0x0000000090f00000, 0x0000000091000000, 0x0000000091000000|100%| E|CS|TAMS 0x0000000090f00000, 0x0000000090f00000| Complete 
| 272|0x0000000091000000, 0x0000000091100000, 0x0000000091100000|100%| E|CS|TAMS 0x0000000091000000, 0x0000000091000000| Complete 
| 273|0x0000000091100000, 0x0000000091200000, 0x0000000091200000|100%| E|CS|TAMS 0x0000000091100000, 0x0000000091100000| Complete 
| 274|0x0000000091200000, 0x0000000091300000, 0x0000000091300000|100%| E|CS|TAMS 0x0000000091200000, 0x0000000091200000| Complete 
| 275|0x0000000091300000, 0x0000000091400000, 0x0000000091400000|100%| E|CS|TAMS 0x0000000091300000, 0x0000000091300000| Complete 
| 276|0x0000000091400000, 0x0000000091500000, 0x0000000091500000|100%| E|CS|TAMS 0x0000000091400000, 0x0000000091400000| Complete 
| 277|0x0000000091500000, 0x0000000091600000, 0x0000000091600000|100%| E|CS|TAMS 0x0000000091500000, 0x0000000091500000| Complete 
| 278|0x0000000091600000, 0x0000000091700000, 0x0000000091700000|100%| E|CS|TAMS 0x0000000091600000, 0x0000000091600000| Complete 
| 279|0x0000000091700000, 0x0000000091800000, 0x0000000091800000|100%| E|CS|TAMS 0x0000000091700000, 0x0000000091700000| Complete 
| 280|0x0000000091800000, 0x0000000091900000, 0x0000000091900000|100%| E|CS|TAMS 0x0000000091800000, 0x0000000091800000| Complete 
| 281|0x0000000091900000, 0x0000000091a00000, 0x0000000091a00000|100%| E|CS|TAMS 0x0000000091900000, 0x0000000091900000| Complete 
| 282|0x0000000091a00000, 0x0000000091b00000, 0x0000000091b00000|100%| E|CS|TAMS 0x0000000091a00000, 0x0000000091a00000| Complete 
| 283|0x0000000091b00000, 0x0000000091c00000, 0x0000000091c00000|100%| E|CS|TAMS 0x0000000091b00000, 0x0000000091b00000| Complete 
| 284|0x0000000091c00000, 0x0000000091d00000, 0x0000000091d00000|100%| E|CS|TAMS 0x0000000091c00000, 0x0000000091c00000| Complete 
| 285|0x0000000091d00000, 0x0000000091e00000, 0x0000000091e00000|100%| E|CS|TAMS 0x0000000091d00000, 0x0000000091d00000| Complete 
| 286|0x0000000091e00000, 0x0000000091f00000, 0x0000000091f00000|100%| E|CS|TAMS 0x0000000091e00000, 0x0000000091e00000| Complete 
| 287|0x0000000091f00000, 0x0000000092000000, 0x0000000092000000|100%| E|CS|TAMS 0x0000000091f00000, 0x0000000091f00000| Complete 
| 288|0x0000000092000000, 0x0000000092100000, 0x0000000092100000|100%| E|CS|TAMS 0x0000000092000000, 0x0000000092000000| Complete 
| 289|0x0000000092100000, 0x0000000092200000, 0x0000000092200000|100%| E|CS|TAMS 0x0000000092100000, 0x0000000092100000| Complete 
| 290|0x0000000092200000, 0x0000000092300000, 0x0000000092300000|100%| E|CS|TAMS 0x0000000092200000, 0x0000000092200000| Complete 
| 291|0x0000000092300000, 0x0000000092400000, 0x0000000092400000|100%| E|CS|TAMS 0x0000000092300000, 0x0000000092300000| Complete 
| 292|0x0000000092400000, 0x0000000092500000, 0x0000000092500000|100%| E|CS|TAMS 0x0000000092400000, 0x0000000092400000| Complete 
| 293|0x0000000092500000, 0x0000000092600000, 0x0000000092600000|100%| E|CS|TAMS 0x0000000092500000, 0x0000000092500000| Complete 
| 294|0x0000000092600000, 0x0000000092700000, 0x0000000092700000|100%| E|CS|TAMS 0x0000000092600000, 0x0000000092600000| Complete 
| 295|0x0000000092700000, 0x0000000092800000, 0x0000000092800000|100%| E|CS|TAMS 0x0000000092700000, 0x0000000092700000| Complete 
| 296|0x0000000092800000, 0x0000000092900000, 0x0000000092900000|100%| E|CS|TAMS 0x0000000092800000, 0x0000000092800000| Complete 
| 297|0x0000000092900000, 0x0000000092a00000, 0x0000000092a00000|100%| E|CS|TAMS 0x0000000092900000, 0x0000000092900000| Complete 
| 298|0x0000000092a00000, 0x0000000092b00000, 0x0000000092b00000|100%| E|CS|TAMS 0x0000000092a00000, 0x0000000092a00000| Complete 
| 299|0x0000000092b00000, 0x0000000092c00000, 0x0000000092c00000|100%| E|CS|TAMS 0x0000000092b00000, 0x0000000092b00000| Complete 
| 300|0x0000000092c00000, 0x0000000092d00000, 0x0000000092d00000|100%| E|CS|TAMS 0x0000000092c00000, 0x0000000092c00000| Complete 
| 301|0x0000000092d00000, 0x0000000092e00000, 0x0000000092e00000|100%| E|CS|TAMS 0x0000000092d00000, 0x0000000092d00000| Complete 
| 302|0x0000000092e00000, 0x0000000092f00000, 0x0000000092f00000|100%| E|CS|TAMS 0x0000000092e00000, 0x0000000092e00000| Complete 
| 303|0x0000000092f00000, 0x0000000093000000, 0x0000000093000000|100%| E|CS|TAMS 0x0000000092f00000, 0x0000000092f00000| Complete 
| 304|0x0000000093000000, 0x0000000093100000, 0x0000000093100000|100%| E|CS|TAMS 0x0000000093000000, 0x0000000093000000| Complete 

Card table byte_map: [0x0000021d46990000,0x0000021d46d90000] _byte_map_base: 0x0000021d46590000

Marking Bits (Prev, Next): (CMBitMap*) 0x0000021d31cb4b80, (CMBitMap*) 0x0000021d31cb4b48
 Prev Bits: [0x0000021d49190000, 0x0000021d4b190000)
 Next Bits: [0x0000021d47190000, 0x0000021d49190000)

Polling page: 0x0000021d334f0000

Metaspace:

Usage:
  Non-class:     78.78 MB capacity,    77.24 MB ( 98%) used,     1.29 MB (  2%) free+waste,   251.94 KB ( <1%) overhead. 
      Class:     11.99 MB capacity,    11.20 MB ( 93%) used,   698.08 KB (  6%) free+waste,   114.19 KB ( <1%) overhead. 
       Both:     90.77 MB capacity,    88.44 MB ( 97%) used,     1.98 MB (  2%) free+waste,   366.12 KB ( <1%) overhead. 

Virtual space:
  Non-class space:       80.00 MB reserved,      79.01 MB ( 99%) committed 
      Class space:        1.00 GB reserved,      12.00 MB (  1%) committed 
             Both:        1.08 GB reserved,      91.01 MB (  8%) committed 

Chunk freelists:
   Non-Class:  37.00 KB
       Class:  11.00 KB
        Both:  48.00 KB

MaxMetaspaceSize: 17179869184.00 GB
CompressedClassSpaceSize: 1.00 GB
Initial GC threshold: 20.80 MB
Current GC threshold: 149.80 MB
CDS: off

CodeHeap 'non-profiled nmethods': size=120064Kb used=5435Kb max_used=5435Kb free=114629Kb
 bounds [0x0000021d3ea20000, 0x0000021d3ef70000, 0x0000021d45f60000]
CodeHeap 'profiled nmethods': size=120000Kb used=20445Kb max_used=20445Kb free=99554Kb
 bounds [0x0000021d374f0000, 0x0000021d388f0000, 0x0000021d3ea20000]
CodeHeap 'non-nmethods': size=5696Kb used=2366Kb max_used=2417Kb free=3329Kb
 bounds [0x0000021d36f60000, 0x0000021d371d0000, 0x0000021d374f0000]
 total_blobs=10448 nmethods=9557 adapters=804
 compilation: enabled
              stopped_count=0, restarted_count=0
 full_count=0

Compilation events (20 events):
Event: 43.642 Thread 0x0000021d4e0c8800 nmethod 9602 0x0000021d388d9b90 code [0x0000021d388d9d80, 0x0000021d388da138]
Event: 43.642 Thread 0x0000021d4e0c8800 9598       3       java.io.ObjectStreamClass::getObjFieldValues (10 bytes)
Event: 43.642 Thread 0x0000021d4e0c8800 nmethod 9598 0x0000021d388da310 code [0x0000021d388da4c0, 0x0000021d388da608]
Event: 43.642 Thread 0x0000021d4e0c8800 9603       3       com.google.common.collect.RegularImmutableSet::contains (56 bytes)
Event: 43.642 Thread 0x0000021d4e0c8800 nmethod 9603 0x0000021d388da710 code [0x0000021d388da920, 0x0000021d388daf58]
Event: 43.642 Thread 0x0000021d4e0c8800 9606       3       java.io.ObjectOutputStream$BlockDataOutputStream::writeInt (46 bytes)
Event: 43.642 Thread 0x0000021d4e0c8800 nmethod 9606 0x0000021d388db190 code [0x0000021d388db360, 0x0000021d388db558]
Event: 43.642 Thread 0x0000021d4e0c8800 9607   !   3       java.io.ObjectOutputStream::writeOrdinaryObject (175 bytes)
Event: 43.643 Thread 0x0000021d4e0c8800 nmethod 9607 0x0000021d388db690 code [0x0000021d388db980, 0x0000021d388dc628]
Event: 43.643 Thread 0x0000021d4e0c8800 9604       1       org.gradle.api.internal.project.DefaultProjectStateRegistry$ProjectStateImpl::getTaskExecutionLock (5 bytes)
Event: 43.643 Thread 0x0000021d4e0c8800 nmethod 9604 0x0000021d3ef6d490 code [0x0000021d3ef6d640, 0x0000021d3ef6d6f8]
Event: 43.643 Thread 0x0000021d4e0c8800 9605       3       org.gradle.execution.plan.Node::isComplete (43 bytes)
Event: 43.643 Thread 0x0000021d4e0c8800 nmethod 9605 0x0000021d388dce90 code [0x0000021d388dd040, 0x0000021d388dd278]
Event: 43.649 Thread 0x0000021d4e0bb000 nmethod 9590 0x0000021d3ef6d790 code [0x0000021d3ef6d960, 0x0000021d3ef6de88]
Event: 43.649 Thread 0x0000021d4e0bb000 9580       4       com.google.common.collect.Hashing::smearedHash (16 bytes)
Event: 43.650 Thread 0x0000021d4e0bb000 nmethod 9580 0x0000021d3ef6e290 code [0x0000021d3ef6e420, 0x0000021d3ef6e4f8]
Event: 43.651 Thread 0x0000021d4e0c8800 9608       1       com.google.common.collect.ImmutableSortedSet::comparator (5 bytes)
Event: 43.651 Thread 0x0000021d4e0bb000 9609       4       java.util.LinkedHashMap$LinkedEntrySet::size (8 bytes)
Event: 43.652 Thread 0x0000021d4e0c8800 nmethod 9608 0x0000021d3ef6e610 code [0x0000021d3ef6e7c0, 0x0000021d3ef6e878]
Event: 43.652 Thread 0x0000021d4e0bb000 nmethod 9609 0x0000021d3ef6e910 code [0x0000021d3ef6eaa0, 0x0000021d3ef6eb18]

GC Heap History (20 events):
Event: 1.241 GC heap before
{Heap before GC invocations=2 (full 0):
 garbage-first heap   total 260096K, used 50394K [0x0000000080000000, 0x0000000100000000)
  region size 1024K, 41 young (41984K), 2 survivors (2048K)
 Metaspace       used 11216K, capacity 11485K, committed 11520K, reserved 1058816K
  class space    used 1185K, capacity 1279K, committed 1280K, reserved 1048576K
}
Event: 1.245 GC heap after
{Heap after GC invocations=3 (full 0):
 garbage-first heap   total 260096K, used 14032K [0x0000000080000000, 0x0000000100000000)
  region size 1024K, 6 young (6144K), 6 survivors (6144K)
 Metaspace       used 11216K, capacity 11485K, committed 11520K, reserved 1058816K
  class space    used 1185K, capacity 1279K, committed 1280K, reserved 1048576K
}
Event: 2.055 GC heap before
{Heap before GC invocations=3 (full 0):
 garbage-first heap   total 260096K, used 66256K [0x0000000080000000, 0x0000000100000000)
  region size 1024K, 57 young (58368K), 6 survivors (6144K)
 Metaspace       used 20602K, capacity 20981K, committed 21120K, reserved 1067008K
  class space    used 2465K, capacity 2616K, committed 2688K, reserved 1048576K
}
Event: 2.067 GC heap after
{Heap after GC invocations=4 (full 0):
 garbage-first heap   total 260096K, used 16885K [0x0000000080000000, 0x0000000100000000)
  region size 1024K, 3 young (3072K), 3 survivors (3072K)
 Metaspace       used 20602K, capacity 20981K, committed 21120K, reserved 1067008K
  class space    used 2465K, capacity 2616K, committed 2688K, reserved 1048576K
}
Event: 2.093 GC heap before
{Heap before GC invocations=4 (full 0):
 garbage-first heap   total 260096K, used 20981K [0x0000000080000000, 0x0000000100000000)
  region size 1024K, 8 young (8192K), 3 survivors (3072K)
 Metaspace       used 20816K, capacity 21153K, committed 21296K, reserved 1069056K
  class space    used 2504K, capacity 2651K, committed 2688K, reserved 1048576K
}
Event: 2.096 GC heap after
{Heap after GC invocations=5 (full 0):
 garbage-first heap   total 260096K, used 17172K [0x0000000080000000, 0x0000000100000000)
  region size 1024K, 4 young (4096K), 4 survivors (4096K)
 Metaspace       used 20816K, capacity 21153K, committed 21296K, reserved 1069056K
  class space    used 2504K, capacity 2651K, committed 2688K, reserved 1048576K
}
Event: 2.718 GC heap before
{Heap before GC invocations=6 (full 0):
 garbage-first heap   total 260096K, used 72468K [0x0000000080000000, 0x0000000100000000)
  region size 1024K, 58 young (59392K), 4 survivors (4096K)
 Metaspace       used 26865K, capacity 27487K, committed 27824K, reserved 1073152K
  class space    used 3483K, capacity 3734K, committed 3840K, reserved 1048576K
}
Event: 2.723 GC heap after
{Heap after GC invocations=7 (full 0):
 garbage-first heap   total 260096K, used 19148K [0x0000000080000000, 0x0000000100000000)
  region size 1024K, 6 young (6144K), 6 survivors (6144K)
 Metaspace       used 26865K, capacity 27487K, committed 27824K, reserved 1073152K
  class space    used 3483K, capacity 3734K, committed 3840K, reserved 1048576K
}
Event: 3.360 GC heap before
{Heap before GC invocations=7 (full 0):
 garbage-first heap   total 260096K, used 86732K [0x0000000080000000, 0x0000000100000000)
  region size 1024K, 73 young (74752K), 6 survivors (6144K)
 Metaspace       used 34932K, capacity 35733K, committed 35888K, reserved 1081344K
  class space    used 4555K, capacity 4889K, committed 4992K, reserved 1048576K
}
Event: 3.369 GC heap after
{Heap after GC invocations=8 (full 0):
 garbage-first heap   total 260096K, used 22713K [0x0000000080000000, 0x0000000100000000)
  region size 1024K, 9 young (9216K), 9 survivors (9216K)
 Metaspace       used 34932K, capacity 35733K, committed 35888K, reserved 1081344K
  class space    used 4555K, capacity 4889K, committed 4992K, reserved 1048576K
}
Event: 4.582 GC heap before
{Heap before GC invocations=9 (full 0):
 garbage-first heap   total 260096K, used 159929K [0x0000000080000000, 0x0000000100000000)
  region size 1024K, 140 young (143360K), 9 survivors (9216K)
 Metaspace       used 46415K, capacity 47608K, committed 47720K, reserved 1091584K
  class space    used 5921K, capacity 6338K, committed 6400K, reserved 1048576K
}
Event: 4.602 GC heap after
{Heap after GC invocations=10 (full 0):
 garbage-first heap   total 260096K, used 30708K [0x0000000080000000, 0x0000000100000000)
  region size 1024K, 17 young (17408K), 17 survivors (17408K)
 Metaspace       used 46415K, capacity 47608K, committed 47720K, reserved 1091584K
  class space    used 5921K, capacity 6338K, committed 6400K, reserved 1048576K
}
Event: 6.177 GC heap before
{Heap before GC invocations=11 (full 0):
 garbage-first heap   total 260096K, used 173044K [0x0000000080000000, 0x0000000100000000)
  region size 1024K, 152 young (155648K), 17 survivors (17408K)
 Metaspace       used 59066K, capacity 60647K, committed 60904K, reserved 1101824K
  class space    used 7419K, capacity 7980K, committed 8064K, reserved 1048576K
}
Event: 6.197 GC heap after
{Heap after GC invocations=12 (full 0):
 garbage-first heap   total 260096K, used 45698K [0x0000000080000000, 0x0000000100000000)
  region size 1024K, 19 young (19456K), 19 survivors (19456K)
 Metaspace       used 59066K, capacity 60647K, committed 60904K, reserved 1101824K
  class space    used 7419K, capacity 7980K, committed 8064K, reserved 1048576K
}
Event: 7.413 GC heap before
{Heap before GC invocations=12 (full 0):
 garbage-first heap   total 260096K, used 189058K [0x0000000080000000, 0x0000000100000000)
  region size 1024K, 152 young (155648K), 19 survivors (19456K)
 Metaspace       used 67980K, capacity 69677K, committed 69736K, reserved 1110016K
  class space    used 8561K, capacity 9199K, committed 9216K, reserved 1048576K
}
Event: 7.434 GC heap after
{Heap after GC invocations=13 (full 0):
 garbage-first heap   total 312320K, used 57408K [0x0000000080000000, 0x0000000100000000)
  region size 1024K, 11 young (11264K), 11 survivors (11264K)
 Metaspace       used 67980K, capacity 69677K, committed 69736K, reserved 1110016K
  class space    used 8561K, capacity 9199K, committed 9216K, reserved 1048576K
}
Event: 8.497 GC heap before
{Heap before GC invocations=13 (full 0):
 garbage-first heap   total 312320K, used 146496K [0x0000000080000000, 0x0000000100000000)
  region size 1024K, 100 young (102400K), 11 survivors (11264K)
 Metaspace       used 77707K, capacity 79806K, committed 79960K, reserved 1118208K
  class space    used 9965K, capacity 10683K, committed 10752K, reserved 1048576K
}
Event: 8.515 GC heap after
{Heap after GC invocations=14 (full 0):
 garbage-first heap   total 312320K, used 65600K [0x0000000080000000, 0x0000000100000000)
  region size 1024K, 19 young (19456K), 19 survivors (19456K)
 Metaspace       used 77707K, capacity 79806K, committed 79960K, reserved 1118208K
  class space    used 9965K, capacity 10683K, committed 10752K, reserved 1048576K
}
Event: 33.164 GC heap before
{Heap before GC invocations=15 (full 0):
 garbage-first heap   total 312320K, used 211008K [0x0000000080000000, 0x0000000100000000)
  region size 1024K, 162 young (165888K), 19 survivors (19456K)
 Metaspace       used 89353K, capacity 91629K, committed 91784K, reserved 1128448K
  class space    used 11278K, capacity 12041K, committed 12160K, reserved 1048576K
}
Event: 33.197 GC heap after
{Heap after GC invocations=16 (full 0):
 garbage-first heap   total 312320K, used 74752K [0x0000000080000000, 0x0000000100000000)
  region size 1024K, 17 young (17408K), 17 survivors (17408K)
 Metaspace       used 89353K, capacity 91629K, committed 91784K, reserved 1128448K
  class space    used 11278K, capacity 12041K, committed 12160K, reserved 1048576K
}

Deoptimization events (20 events):
Event: 33.474 Thread 0x0000021d4fa96000 DEOPT PACKING pc=0x0000021d382fbda5 sp=0x000000e7a7bf8bd0
Event: 33.474 Thread 0x0000021d4fa96000 DEOPT UNPACKING pc=0x0000021d36faa93f sp=0x000000e7a7bf8128 mode 0
Event: 33.478 Thread 0x0000021d4fa96000 DEOPT PACKING pc=0x0000021d382fbda5 sp=0x000000e7a7bf8c50
Event: 33.478 Thread 0x0000021d4fa96000 DEOPT UNPACKING pc=0x0000021d36faa93f sp=0x000000e7a7bf81a8 mode 0
Event: 33.494 Thread 0x0000021d51270800 Uncommon trap: trap_request=0xffffffde fr.pc=0x0000021d3eb2daa8 relative=0x00000000000002e8
Event: 33.494 Thread 0x0000021d51270800 Uncommon trap: reason=class_check action=maybe_recompile pc=0x0000021d3eb2daa8 method=java.util.Collections$SetFromMap.remove(Ljava/lang/Object;)Z @ 5 c2
Event: 33.494 Thread 0x0000021d51270800 DEOPT PACKING pc=0x0000021d3eb2daa8 sp=0x000000e7ac0febf0
Event: 33.494 Thread 0x0000021d51270800 DEOPT UNPACKING pc=0x0000021d36faa1a9 sp=0x000000e7ac0febe8 mode 2
Event: 33.497 Thread 0x0000021d51270800 Uncommon trap: trap_request=0xffffffde fr.pc=0x0000021d3ed97460 relative=0x0000000000000220
Event: 33.497 Thread 0x0000021d51270800 Uncommon trap: reason=class_check action=maybe_recompile pc=0x0000021d3ed97460 method=java.util.stream.StreamOpFlag.fromCharacteristics(Ljava/util/Spliterator;)I @ 14 c2
Event: 33.497 Thread 0x0000021d51270800 DEOPT PACKING pc=0x0000021d3ed97460 sp=0x000000e7ac0fe540
Event: 33.497 Thread 0x0000021d51270800 DEOPT UNPACKING pc=0x0000021d36faa1a9 sp=0x000000e7ac0fe428 mode 2
Event: 33.497 Thread 0x0000021d51270800 Uncommon trap: trap_request=0xffffffde fr.pc=0x0000021d3ecbf1fc relative=0x000000000000005c
Event: 33.497 Thread 0x0000021d51270800 Uncommon trap: reason=class_check action=maybe_recompile pc=0x0000021d3ecbf1fc method=java.util.stream.StreamOpFlag.fromCharacteristics(Ljava/util/Spliterator;)I @ 14 c2
Event: 33.497 Thread 0x0000021d51270800 DEOPT PACKING pc=0x0000021d3ecbf1fc sp=0x000000e7ac0fe450
Event: 33.497 Thread 0x0000021d51270800 DEOPT UNPACKING pc=0x0000021d36faa1a9 sp=0x000000e7ac0fe3e0 mode 2
Event: 33.570 Thread 0x0000021d51270800 Uncommon trap: trap_request=0xffffff4d fr.pc=0x0000021d3ee74b18 relative=0x00000000000001d8
Event: 33.570 Thread 0x0000021d51270800 Uncommon trap: reason=unstable_if action=reinterpret pc=0x0000021d3ee74b18 method=com.google.common.collect.RegularImmutableSet.contains(Ljava/lang/Object;)Z @ 10 c2
Event: 33.570 Thread 0x0000021d51270800 DEOPT PACKING pc=0x0000021d3ee74b18 sp=0x000000e7ac0fb110
Event: 33.570 Thread 0x0000021d51270800 DEOPT UNPACKING pc=0x0000021d36faa1a9 sp=0x000000e7ac0fb0a8 mode 2

Classes redefined (0 events):
No events

Internal exceptions (20 events):
Event: 33.460 Thread 0x0000021d4fa96000 Exception <a 'java/lang/ClassNotFoundException'{0x000000009054a848}: com/android/build/gradle/tasks/PackageAndroidArtifactBeanInfo> (0x000000009054a848) thrown at [src/hotspot/share/classfile/systemDictionary.cpp, line 230]
Event: 33.461 Thread 0x0000021d4fa96000 Exception <a 'java/lang/ClassNotFoundException'{0x0000000090566838}: com/android/build/gradle/tasks/PackageAndroidArtifactCustomizer> (0x0000000090566838) thrown at [src/hotspot/share/classfile/systemDictionary.cpp, line 230]
Event: 33.462 Thread 0x0000021d4fa96000 Exception <a 'java/lang/ClassNotFoundException'{0x00000000905cf0a8}: com/android/build/gradle/tasks/PackageApplicationCustomizer> (0x00000000905cf0a8) thrown at [src/hotspot/share/classfile/systemDictionary.cpp, line 230]
Event: 33.463 Thread 0x0000021d4fa96000 Exception <a 'java/lang/ClassNotFoundException'{0x0000000090408c68}: com/android/build/gradle/tasks/PackageApplication_DecoratedCustomizer> (0x0000000090408c68) thrown at [src/hotspot/share/classfile/systemDictionary.cpp, line 230]
Event: 33.468 Thread 0x0000021d4fa96000 Exception <a 'java/lang/ClassNotFoundException'{0x00000000904ecc48}: com/android/build/gradle/internal/tasks/ListingFileRedirectTask_DecoratedBeanInfo> (0x00000000904ecc48) thrown at [src/hotspot/share/classfile/systemDictionary.cpp, line 230]
Event: 33.469 Thread 0x0000021d4fa96000 Exception <a 'java/lang/ClassNotFoundException'{0x000000009030a760}: com/android/build/gradle/internal/tasks/ListingFileRedirectTaskBeanInfo> (0x000000009030a760) thrown at [src/hotspot/share/classfile/systemDictionary.cpp, line 230]
Event: 33.469 Thread 0x0000021d4fa96000 Exception <a 'java/lang/ClassNotFoundException'{0x0000000090327db8}: com/android/build/gradle/internal/tasks/ListingFileRedirectTaskCustomizer> (0x0000000090327db8) thrown at [src/hotspot/share/classfile/systemDictionary.cpp, line 230]
Event: 33.470 Thread 0x0000021d4fa96000 Exception <a 'java/lang/ClassNotFoundException'{0x0000000090359080}: com/android/build/gradle/internal/tasks/ListingFileRedirectTask_DecoratedCustomizer> (0x0000000090359080) thrown at [src/hotspot/share/classfile/systemDictionary.cpp, line 230]
Event: 33.490 Thread 0x0000021d4fa96000 Exception <a 'sun/nio/fs/WindowsException'{0x00000000902846e8}> (0x00000000902846e8) thrown at [src/hotspot/share/prims/jni.cpp, line 617]
Event: 33.523 Thread 0x0000021d51270800 Exception <a 'java/lang/IncompatibleClassChangeError'{0x00000000900dc3a8}: Found class java.lang.Object, but interface was expected> (0x00000000900dc3a8) thrown at [src/hotspot/share/interpreter/linkResolver.cpp, line 839]
Event: 33.539 Thread 0x0000021d51270800 Exception <a 'java/lang/NoSuchMethodError'{0x000000008fe675e0}: 'int java.lang.invoke.DirectMethodHandle$Holder.invokeStaticInit(java.lang.Object, java.lang.Object, java.lang.Object, java.lang.Object, java.lang.Object)'> (0x000000008fe675e0) thrown at [src/hotspot/share/interpreter/linkResolver.cpp, line 773]
Event: 33.551 Thread 0x0000021d51270800 Exception <a 'sun/nio/fs/WindowsException'{0x000000008fd49ef8}> (0x000000008fd49ef8) thrown at [src/hotspot/share/prims/jni.cpp, line 617]
Event: 33.551 Thread 0x0000021d51270800 Exception <a 'sun/nio/fs/WindowsException'{0x000000008fd4ad60}> (0x000000008fd4ad60) thrown at [src/hotspot/share/prims/jni.cpp, line 617]
Event: 33.570 Thread 0x0000021d51270800 Implicit null exception at 0x0000021d3ee74977 to 0x0000021d3ee74b00
Event: 38.586 Thread 0x0000021d51270800 Exception <a 'net/rubygrapefruit/platform/NativeException'{0x000000008fc59480}: Execution timed out> (0x000000008fc59480) thrown at [src/hotspot/share/prims/jni.cpp, line 638]
Event: 43.601 Thread 0x0000021d51270800 Exception <a 'net/rubygrapefruit/platform/NativeException'{0x000000008fc8ff10}: Execution timed out> (0x000000008fc8ff10) thrown at [src/hotspot/share/prims/jni.cpp, line 638]
Event: 43.609 Thread 0x0000021d512e0800 Exception <a 'java/lang/NoSuchMethodError'{0x0000000092f96298}: <clinit>> (0x0000000092f96298) thrown at [src/hotspot/share/prims/jni.cpp, line 1367]
Event: 43.611 Thread 0x0000021d512e0800 Exception <a 'java/lang/NoSuchMethodError'{0x000000008fa74158}: <clinit>> (0x000000008fa74158) thrown at [src/hotspot/share/prims/jni.cpp, line 1367]
Event: 43.626 Thread 0x0000021d512e0800 Exception <a 'java/lang/NoSuchMethodError'{0x000000008fa85f00}: <clinit>> (0x000000008fa85f00) thrown at [src/hotspot/share/prims/jni.cpp, line 1367]
Event: 43.634 Thread 0x0000021d5126d800 Exception <a 'java/lang/NoSuchMethodError'{0x000000008f99e2c8}: 'int java.lang.invoke.DirectMethodHandle$Holder.invokeSpecial(java.lang.Object, java.lang.Object, java.lang.Object, java.lang.Object, java.lang.Object)'> (0x000000008f99e2c8) thrown at [src/hotspot/share/interpreter/linkResolver.cpp, line 773]

Events (20 events):
Event: 43.651 Executing VM operation: RevokeBias
Event: 43.651 Executing VM operation: RevokeBias done
Event: 43.652 loading class org/gradle/internal/snapshot/ChildMap
Event: 43.652 loading class org/gradle/internal/snapshot/ChildMap done
Event: 43.652 loading class org/gradle/internal/snapshot/ChildMap
Event: 43.652 loading class org/gradle/internal/snapshot/ChildMap done
Event: 43.652 loading class org/gradle/internal/snapshot/AbstractInvalidateChildHandler
Event: 43.652 loading class org/gradle/internal/snapshot/AbstractInvalidateChildHandler done
Event: 43.652 loading class org/gradle/internal/snapshot/ChildMap
Event: 43.652 loading class org/gradle/internal/snapshot/ChildMap done
Event: 43.652 loading class org/gradle/internal/snapshot/ChildMap
Event: 43.652 loading class org/gradle/internal/snapshot/ChildMap done
Event: 43.652 loading class org/gradle/internal/snapshot/AbstractInvalidateChildHandler
Event: 43.652 loading class org/gradle/internal/snapshot/AbstractInvalidateChildHandler done
Event: 43.653 Executing VM operation: RevokeBias
Event: 43.653 Executing VM operation: RevokeBias done
Event: 43.653 Executing VM operation: RevokeBias
Event: 43.653 Executing VM operation: RevokeBias done
Event: 43.653 Executing VM operation: RevokeBias
Event: 43.653 Executing VM operation: RevokeBias done


Dynamic libraries:
0x00007ff74a1c0000 - 0x00007ff74a1ca000 	C:\Program Files\Android\Android Studio\jbr\bin\java.exe
0x00007ffecc570000 - 0x00007ffecc766000 	C:\Windows\SYSTEM32\ntdll.dll
0x00007ffecb340000 - 0x00007ffecb3fd000 	C:\Windows\System32\KERNEL32.DLL
0x00007ffec9cb0000 - 0x00007ffec9f79000 	C:\Windows\System32\KERNELBASE.dll
0x00007ffeca0c0000 - 0x00007ffeca1c0000 	C:\Windows\System32\ucrtbase.dll
0x00007ffeb0950000 - 0x00007ffeb0967000 	C:\Program Files\Android\Android Studio\jbr\bin\jli.dll
0x00007ffeb03f0000 - 0x00007ffeb040b000 	C:\Program Files\Android\Android Studio\jbr\bin\VCRUNTIME140.dll
0x00007ffecb1a0000 - 0x00007ffecb340000 	C:\Windows\System32\USER32.dll
0x00007ffeca520000 - 0x00007ffeca542000 	C:\Windows\System32\win32u.dll
0x00007ffecbb30000 - 0x00007ffecbb5a000 	C:\Windows\System32\GDI32.dll
0x00007ffec9fb0000 - 0x00007ffeca0bb000 	C:\Windows\System32\gdi32full.dll
0x00007ffebb550000 - 0x00007ffebb7eb000 	C:\Windows\WinSxS\amd64_microsoft.windows.common-controls_6595b64144ccf1df_6.0.19041.746_none_ca02b4b61b8320a4\COMCTL32.dll
0x00007ffeca320000 - 0x00007ffeca3bd000 	C:\Windows\System32\msvcp_win.dll
0x00007ffecbc10000 - 0x00007ffecbcae000 	C:\Windows\System32\msvcrt.dll
0x00007ffecb500000 - 0x00007ffecb530000 	C:\Windows\System32\IMM32.DLL
0x00007ffeaa450000 - 0x00007ffeaa4ab000 	C:\ProgramData\Microsoft\DbgCtr\XShellDLL64_6015.dll
0x00007ffecbb60000 - 0x00007ffecbc0c000 	C:\Windows\System32\ADVAPI32.dll
0x00007ffecb400000 - 0x00007ffecb49c000 	C:\Windows\System32\sechost.dll
0x00007ffeca680000 - 0x00007ffeca7ab000 	C:\Windows\System32\RPCRT4.dll
0x00007ffecaa50000 - 0x00007ffecb192000 	C:\Windows\System32\SHELL32.dll
0x00007ffec4bd0000 - 0x00007ffec4bdc000 	C:\Program Files\Android\Android Studio\jbr\bin\vcruntime140_1.dll
0x00007ffea7c10000 - 0x00007ffea7c9d000 	C:\Program Files\Android\Android Studio\jbr\bin\msvcp140.dll
0x00007ffe68bb0000 - 0x00007ffe6976c000 	C:\Program Files\Android\Android Studio\jbr\bin\server\jvm.dll
0x00007ffecb9d0000 - 0x00007ffecb9d8000 	C:\Windows\System32\PSAPI.DLL
0x00007ffeb8b80000 - 0x00007ffeb8b89000 	C:\Windows\SYSTEM32\WSOCK32.dll
0x00007ffecb6d0000 - 0x00007ffecb73b000 	C:\Windows\System32\WS2_32.dll
0x00007ffea4900000 - 0x00007ffea4927000 	C:\Windows\SYSTEM32\WINMM.dll
0x00007ffebe7a0000 - 0x00007ffebe7aa000 	C:\Windows\SYSTEM32\VERSION.dll
0x00007ffec7c20000 - 0x00007ffec7c32000 	C:\Windows\SYSTEM32\kernel.appcore.dll
0x00007ffebe6e0000 - 0x00007ffebe6f0000 	C:\Program Files\Android\Android Studio\jbr\bin\verify.dll
0x00007ffeb37f0000 - 0x00007ffeb39d4000 	C:\Windows\SYSTEM32\DBGHELP.DLL
0x00007ffeb37c0000 - 0x00007ffeb37ec000 	C:\Windows\SYSTEM32\dbgcore.DLL
0x00007ffeca550000 - 0x00007ffeca5d0000 	C:\Windows\System32\bcryptPrimitives.dll
0x00007ffeb1de0000 - 0x00007ffeb1e08000 	C:\Program Files\Android\Android Studio\jbr\bin\java.dll
0x00007ffebd490000 - 0x00007ffebd49a000 	C:\Program Files\Android\Android Studio\jbr\bin\jimage.dll
0x00007ffeb1d00000 - 0x00007ffeb1d18000 	C:\Program Files\Android\Android Studio\jbr\bin\zip.dll
0x00007ffec7e20000 - 0x00007ffec85b0000 	C:\Windows\SYSTEM32\windows.storage.dll
0x00007ffecbd60000 - 0x00007ffecc0b6000 	C:\Windows\System32\combase.dll
0x00007ffec9710000 - 0x00007ffec973c000 	C:\Windows\SYSTEM32\Wldp.dll
0x00007ffeca5d0000 - 0x00007ffeca67e000 	C:\Windows\System32\SHCORE.dll
0x00007ffecb830000 - 0x00007ffecb885000 	C:\Windows\System32\shlwapi.dll
0x00007ffec9be0000 - 0x00007ffec9c06000 	C:\Windows\SYSTEM32\profapi.dll
0x00007ffeb0840000 - 0x00007ffeb0859000 	C:\Program Files\Android\Android Studio\jbr\bin\net.dll
0x00007ffebd670000 - 0x00007ffebd770000 	C:\Windows\SYSTEM32\WINHTTP.dll
0x00007ffec9420000 - 0x00007ffec948a000 	C:\Windows\system32\mswsock.dll
0x00007ffeb06d0000 - 0x00007ffeb06e3000 	C:\Program Files\Android\Android Studio\jbr\bin\nio.dll
0x00007ffea75d0000 - 0x00007ffea75f7000 	C:\Users\it_04\.gradle\native\e1d6ef7f7dcc3fd88c89a11ec53ec762bb8ba0a96d01ffa2cd45eb1d1d8dd5c5\windows-amd64\native-platform.dll
0x00007ffea7ac0000 - 0x00007ffea7c04000 	C:\Users\it_04\.gradle\native\0d407fdbe67a94daf76414ababcb853783967236a71b16ec16e742cd7a986fd3\windows-amd64\native-platform-file-events.dll
0x00007ffeb4da0000 - 0x00007ffeb4daa000 	C:\Program Files\Android\Android Studio\jbr\bin\management.dll
0x00007ffeb2050000 - 0x00007ffeb205b000 	C:\Program Files\Android\Android Studio\jbr\bin\management_ext.dll
0x00007ffec95f0000 - 0x00007ffec9608000 	C:\Windows\SYSTEM32\CRYPTSP.dll
0x00007ffec8dc0000 - 0x00007ffec8df4000 	C:\Windows\system32\rsaenh.dll
0x00007ffec9f80000 - 0x00007ffec9fa7000 	C:\Windows\System32\bcrypt.dll
0x00007ffec9b60000 - 0x00007ffec9b8e000 	C:\Windows\SYSTEM32\USERENV.dll
0x00007ffec9610000 - 0x00007ffec961c000 	C:\Windows\SYSTEM32\CRYPTBASE.dll
0x00007ffec9110000 - 0x00007ffec914b000 	C:\Windows\SYSTEM32\IPHLPAPI.DLL
0x00007ffecba40000 - 0x00007ffecba48000 	C:\Windows\System32\NSI.dll
0x00007ffec39e0000 - 0x00007ffec39f7000 	C:\Windows\SYSTEM32\dhcpcsvc6.DLL
0x00007ffec39c0000 - 0x00007ffec39dd000 	C:\Windows\SYSTEM32\dhcpcsvc.DLL
0x00007ffec9150000 - 0x00007ffec921b000 	C:\Windows\SYSTEM32\DNSAPI.dll

dbghelp: loaded successfully - version: 4.0.5 - missing functions: none
symbol engine: initialized successfully - sym options: 0x614 - pdb path: .;C:\Program Files\Android\Android Studio\jbr\bin;C:\Windows\SYSTEM32;C:\Windows\WinSxS\amd64_microsoft.windows.common-controls_6595b64144ccf1df_6.0.19041.746_none_ca02b4b61b8320a4;C:\ProgramData\Microsoft\DbgCtr;C:\Program Files\Android\Android Studio\jbr\bin\server;C:\Users\it_04\.gradle\native\e1d6ef7f7dcc3fd88c89a11ec53ec762bb8ba0a96d01ffa2cd45eb1d1d8dd5c5\windows-amd64;C:\Users\it_04\.gradle\native\0d407fdbe67a94daf76414ababcb853783967236a71b16ec16e742cd7a986fd3\windows-amd64

VM Arguments:
jvm_args: --add-opens=java.base/java.util=ALL-UNNAMED --add-opens=java.base/java.lang=ALL-UNNAMED --add-opens=java.base/java.lang.invoke=ALL-UNNAMED --add-opens=java.base/java.util=ALL-UNNAMED --add-opens=java.prefs/java.util.prefs=ALL-UNNAMED --add-opens=java.prefs/java.util.prefs=ALL-UNNAMED --add-opens=java.base/java.nio.charset=ALL-UNNAMED --add-opens=java.base/java.net=ALL-UNNAMED --add-opens=java.base/java.util.concurrent.atomic=ALL-UNNAMED -Xmx2048m -Dfile.encoding=UTF-8 -Duser.country=US -Duser.language=en -Duser.variant 
java_command: org.gradle.launcher.daemon.bootstrap.GradleDaemon 7.5
java_class_path (initial): C:\Users\it_04\.gradle\wrapper\dists\gradle-7.5-bin\f1w0cc9nuo0eivz97x2xlu9sv\gradle-7.5\lib\gradle-launcher-7.5.jar
Launcher Type: SUN_STANDARD

[Global flags]
     intx CICompilerCount                          = 3                                         {product} {ergonomic}
     uint ConcGCThreads                            = 1                                         {product} {ergonomic}
     uint G1ConcRefinementThreads                  = 4                                         {product} {ergonomic}
   size_t G1HeapRegionSize                         = 1048576                                   {product} {ergonomic}
    uintx GCDrainStackTargetSize                   = 64                                        {product} {ergonomic}
   size_t InitialHeapSize                          = 266338304                                 {product} {ergonomic}
   size_t MarkStackSize                            = 4194304                                   {product} {ergonomic}
   size_t MaxHeapSize                              = 2147483648                                {product} {command line}
   size_t MaxNewSize                               = 1287651328                                {product} {ergonomic}
   size_t MinHeapDeltaBytes                        = 1048576                                   {product} {ergonomic}
    uintx NonNMethodCodeHeapSize                   = 5830732                                {pd product} {ergonomic}
    uintx NonProfiledCodeHeapSize                  = 122913754                              {pd product} {ergonomic}
    uintx ProfiledCodeHeapSize                     = 122913754                              {pd product} {ergonomic}
    uintx ReservedCodeCacheSize                    = 251658240                              {pd product} {ergonomic}
     bool SegmentedCodeCache                       = true                                      {product} {ergonomic}
     bool UseCompressedClassPointers               = true                                 {lp64_product} {ergonomic}
     bool UseCompressedOops                        = true                                 {lp64_product} {ergonomic}
     bool UseG1GC                                  = true                                      {product} {ergonomic}
     bool UseLargePagesIndividualAllocation        = false                                  {pd product} {ergonomic}

Logging:
Log output configuration:
 #0: stdout all=warning uptime,level,tags
 #1: stderr all=off uptime,level,tags

Environment Variables:
PATH=D:\app\it_07\product\11.2.0\client_1\bin;C:\Windows\system32;C:\Windows;C:\Windows\System32\Wbem;C:\Windows\System32\WindowsPowerShell\v1.0\;C:\Windows\System32\OpenSSH\;C:\Program Files\dotnet\;C:\Program Files\Git\cmd;C:\Users\it_04\AppData\Local\Microsoft\WindowsApps;C:\Users\it_04\.dotnet\tools
USERNAME=it_04
OS=Windows_NT
PROCESSOR_IDENTIFIER=Intel64 Family 6 Model 165 Stepping 3, GenuineIntel



---------------  S Y S T E M  ---------------

OS: Windows 10 , 64 bit Build 19041 (10.0.19041.804)
OS uptime: 0 days 0:53 hours

CPU:total 4 (initial active 4) (2 cores per cpu, 2 threads per core) family 6 model 165 stepping 3 microcode 0xe0, cmov, cx8, fxsr, mmx, sse, sse2, sse3, ssse3, sse4.1, sse4.2, popcnt, aes, clmul, erms, 3dnowpref, lzcnt, ht, tsc, tscinvbit

Memory: 4k page, system-wide physical 16242M (7962M free)
TotalPageFile size 18674M (AvailPageFile size 10521M)
current process WorkingSet (physical memory assigned to process): 508M, peak: 543M
current process commit charge ("private bytes"): 576M, peak: 603M

vm_info: OpenJDK 64-Bit Server VM (11.0.15+0-b2043.56-9505619) for windows-amd64 JRE (11.0.15+0-b2043.56-9505619), built on Jan 19 2023 02:48:00 by "builduser" with unknown MS VC++:1929

END.
