#
# A fatal error has been detected by the Java Runtime Environment:
#
#  EXCEPTION_ACCESS_VIOLATION (0xc0000005) at pc=0x00007ffe694f2e18, pid=7992, tid=5160
#
# JRE version: OpenJDK Runtime Environment (11.0.15) (build 11.0.15+0-b2043.56-9505619)
# Java VM: OpenJDK 64-Bit Server VM (11.0.15+0-b2043.56-9505619, mixed mode, tiered, compressed oops, g1 gc, windows-amd64)
# Problematic frame:
# V  [jvm.dll+0x942e18]
#
# No core dump will be written. Minidumps are not enabled by default on client versions of Windows
#
# If you would like to submit a bug report, please visit:
#   https://bugreport.java.com/bugreport/crash.jsp
# The crash happened outside the Java Virtual Machine in native code.
# See problematic frame for where to report the bug.
#

---------------  S U M M A R Y ------------

Command Line: --add-opens=java.base/java.util=ALL-UNNAMED --add-opens=java.base/java.lang=ALL-UNNAMED --add-opens=java.base/java.lang.invoke=ALL-UNNAMED --add-opens=java.base/java.util=ALL-UNNAMED --add-opens=java.prefs/java.util.prefs=ALL-UNNAMED --add-opens=java.prefs/java.util.prefs=ALL-UNNAMED --add-opens=java.base/java.nio.charset=ALL-UNNAMED --add-opens=java.base/java.net=ALL-UNNAMED --add-opens=java.base/java.util.concurrent.atomic=ALL-UNNAMED -Xmx2048m -Dfile.encoding=UTF-8 -Duser.country=US -Duser.language=en -Duser.variant org.gradle.launcher.daemon.bootstrap.GradleDaemon 7.5

Host: Intel(R) Pentium(R) Gold G6400 CPU @ 4.00GHz, 4 cores, 15G,  Windows 10 , 64 bit Build 19041 (10.0.19041.804)
Time: Sat Apr 15 09:22:16 2023 SE Asia Standard Time elapsed time: 23.806792 seconds (0d 0h 0m 23s)

---------------  T H R E A D  ---------------

Current thread (0x0000022a0f6ba000):  JavaThread "File watcher server" daemon [_thread_in_native, id=5160, stack(0x0000005f72c00000,0x0000005f72d00000)]

Stack: [0x0000005f72c00000,0x0000005f72d00000],  sp=0x0000005f72cfeb88,  free space=1018k
Native frames: (J=compiled Java code, j=interpreted, Vv=VM code, C=native code)
V  [jvm.dll+0x942e18]

Java frames: (J=compiled Java code, j=interpreted, Vv=VM code)
j  net.rubygrapefruit.platform.internal.jni.AbstractFileEventFunctions$NativeFileWatcher.executeRunLoop0(Ljava/lang/Object;)V+0
j  net.rubygrapefruit.platform.internal.jni.AbstractFileEventFunctions$NativeFileWatcher.access$100(Lnet/rubygrapefruit/platform/internal/jni/AbstractFileEventFunctions$NativeFileWatcher;Ljava/lang/Object;)V+2
j  net.rubygrapefruit.platform.internal.jni.AbstractFileEventFunctions$NativeFileWatcher$1.run()V+26
v  ~StubRoutines::call_stub

siginfo: EXCEPTION_ACCESS_VIOLATION (0xc0000005), data execution prevention violation at address 0x00007ffe694f2e18


Register to memory mapping:

RIP=0x00007ffe694f2e18 jvm.dll
RAX=0x00007ffe694f2e18 jvm.dll
RBX=0x0 is NULL
RCX=0x0000005f766fa8c8 is pointing into the stack for thread: 0x0000022a0ff85800
RDX=0x0 is NULL
RSP=0x0000005f72cfeb88 is pointing into the stack for thread: 0x0000022a0f6ba000
RBP=0x0000005f72cff558 is pointing into the stack for thread: 0x0000022a0f6ba000
RSI=0x0000005f766fa8c0 is pointing into the stack for thread: 0x0000022a0ff85800
RDI=0x0000005f766fa880 is pointing into the stack for thread: 0x0000022a0ff85800
R8 =0x0000022a6fe80f00 points into unknown readable memory: 0x0000022a6fe80cc0 | c0 0c e8 6f 2a 02 00 00
R9 =0x0000000000000001 is an unknown value
R10=0x0000000000008000 is an unknown value
R11=0x0000005f72cfe840 is pointing into the stack for thread: 0x0000022a0f6ba000
R12=0x0 is NULL
R13={method} {0x0000022a115b53d8} 'executeRunLoop0' '(Ljava/lang/Object;)V' in 'net/rubygrapefruit/platform/internal/jni/AbstractFileEventFunctions$NativeFileWatcher'
R14=0x0 is NULL
R15=0x0000022a0f6ba000 is a thread


Registers:
RAX=0x00007ffe694f2e18, RBX=0x0000000000000000, RCX=0x0000005f766fa8c8, RDX=0x0000000000000000
RSP=0x0000005f72cfeb88, RBP=0x0000005f72cff558, RSI=0x0000005f766fa8c0, RDI=0x0000005f766fa880
R8 =0x0000022a6fe80f00, R9 =0x0000000000000001, R10=0x0000000000008000, R11=0x0000005f72cfe840
R12=0x0000000000000000, R13=0x0000022a115b53d0, R14=0x0000000000000000, R15=0x0000022a0f6ba000
RIP=0x00007ffe694f2e18, EFLAGS=0x0000000000010216

Top of Stack: (sp=0x0000005f72cfeb88)
0x0000005f72cfeb88:   00007ffe999663b9 0000000000000000
0x0000005f72cfeb98:   0000022a0000fa7a 0000022a7d215990
0x0000005f72cfeba8:   00007ffe99943133 0000022a7e9dda38
0x0000005f72cfebb8:   000000008e700170 00006149e187ad6b
0x0000005f72cfebc8:   00007ffe9994da83 0000005f72cff580
0x0000005f72cfebd8:   0000005f766fa880 00007ffe9993f150
0x0000005f72cfebe8:   00007ffe9995709b 0000005f766fa8c0
0x0000005f72cfebf8:   00000000804331c0 0000000000000000
0x0000005f72cfec08:   00007ffe9994bfae 0000022a7e9dda30
0x0000005f72cfec18:   00007ffe999492a6 0000005f766fa8c0
0x0000005f72cfec28:   0000000000000000 0000022a7e9dda30
0x0000005f72cfec38:   00007ffe999257b3 0000000000000000
0x0000005f72cfec48:   00007ffe999564c2 0000005f72cfec90
0x0000005f72cfec58:   0000005f766fa8c0 0000022a7cea4a20
0x0000005f72cfec68:   0000000000000000 000000008042c601
0x0000005f72cfec78:   0000022a7cdbfd50 0000000000000000 

Instructions: (pc=0x00007ffe694f2e18)
0x00007ffe694f2d18:   f0 25 34 69 fe 7f 00 00 90 2c 34 69 fe 7f 00 00
0x00007ffe694f2d28:   40 18 34 69 fe 7f 00 00 10 35 34 69 fe 7f 00 00
0x00007ffe694f2d38:   f0 3b 34 69 fe 7f 00 00 57 61 74 63 68 65 72 54
0x00007ffe694f2d48:   68 72 65 61 64 20 64 65 6c 65 74 69 6f 6e 20 6d
0x00007ffe694f2d58:   75 73 74 20 66 69 78 20 74 68 65 20 72 61 63 65
0x00007ffe694f2d68:   20 77 69 74 68 20 56 4d 20 74 65 72 6d 69 6e 61
0x00007ffe694f2d78:   74 69 6f 6e 00 00 00 00 43 3a 5c 62 75 69 6c 64
0x00007ffe694f2d88:   62 6f 74 5c 73 72 63 5c 67 6f 6f 67 6c 65 70 6c
0x00007ffe694f2d98:   65 78 2d 61 6e 64 72 6f 69 64 5c 6f 70 65 6e 6a
0x00007ffe694f2da8:   64 6b 5c 65 78 74 65 72 6e 61 6c 5c 6a 65 74 62
0x00007ffe694f2db8:   72 61 69 6e 73 5c 4a 65 74 42 72 61 69 6e 73 52
0x00007ffe694f2dc8:   75 6e 74 69 6d 65 5c 73 72 63 5c 68 6f 74 73 70
0x00007ffe694f2dd8:   6f 74 5c 73 68 61 72 65 5c 72 75 6e 74 69 6d 65
0x00007ffe694f2de8:   2f 74 68 72 65 61 64 2e 68 70 70 00 00 00 00 00
0x00007ffe694f2df8:   56 4d 20 50 65 72 69 6f 64 69 63 20 54 61 73 6b
0x00007ffe694f2e08:   20 54 68 72 65 61 64 00 b0 dc 58 69 fe 7f 00 00
0x00007ffe694f2e18:   30 89 bb 68 fe 7f 00 00 70 d2 33 69 fe 7f 00 00
0x00007ffe694f2e28:   90 4c 34 69 fe 7f 00 00 30 99 bb 68 fe 7f 00 00
0x00007ffe694f2e38:   80 0a bc 68 fe 7f 00 00 30 99 bb 68 fe 7f 00 00
0x00007ffe694f2e48:   30 99 bb 68 fe 7f 00 00 30 99 bb 68 fe 7f 00 00
0x00007ffe694f2e58:   30 99 bb 68 fe 7f 00 00 30 99 bb 68 fe 7f 00 00
0x00007ffe694f2e68:   30 99 bb 68 fe 7f 00 00 30 99 bb 68 fe 7f 00 00
0x00007ffe694f2e78:   30 99 bb 68 fe 7f 00 00 30 99 bb 68 fe 7f 00 00
0x00007ffe694f2e88:   30 99 bb 68 fe 7f 00 00 80 0a bc 68 fe 7f 00 00
0x00007ffe694f2e98:   a0 9f bb 68 fe 7f 00 00 90 cc 0a 69 fe 7f 00 00
0x00007ffe694f2ea8:   90 29 34 69 fe 7f 00 00 f0 17 34 69 fe 7f 00 00
0x00007ffe694f2eb8:   50 cf 0a 69 fe 7f 00 00 f0 39 34 69 fe 7f 00 00
0x00007ffe694f2ec8:   20 27 34 69 fe 7f 00 00 c0 dd 58 69 fe 7f 00 00
0x00007ffe694f2ed8:   30 89 bb 68 fe 7f 00 00 60 d1 33 69 fe 7f 00 00
0x00007ffe694f2ee8:   90 4c 34 69 fe 7f 00 00 30 99 bb 68 fe 7f 00 00
0x00007ffe694f2ef8:   80 0a bc 68 fe 7f 00 00 30 99 bb 68 fe 7f 00 00
0x00007ffe694f2f08:   80 0a bc 68 fe 7f 00 00 30 99 bb 68 fe 7f 00 00 


Stack slot to memory mapping:
stack at sp + 0 slots: 0x00007ffe999663b9 native-platform-file-events.dll
stack at sp + 1 slots: 0x0 is NULL
stack at sp + 2 slots: 0x0000022a0000fa7a is at code_begin+2458 in an Interpreter codelet
method entry point (kind = native)  [0x0000022a0000f0e0, 0x0000022a0000fb60]  2688 bytes
stack at sp + 3 slots: {method} {0x0000022a7d215998} 'findEntry' '(Ljava/lang/String;)J' in 'java/lang/ClassLoader$NativeLibrary'
stack at sp + 4 slots: 0x00007ffe99943133 native-platform-file-events.dll
stack at sp + 5 slots: 0x0000022a7e9dda38 points into unknown readable memory: 0x0000022a7ecdcdc0 | c0 cd cd 7e 2a 02 00 00
stack at sp + 6 slots: 0x000000008e700170 is an unallocated location in the heap
stack at sp + 7 slots: 0x00006149e187ad6b is an unknown value


---------------  P R O C E S S  ---------------

Threads class SMR info:
_java_thread_list=0x0000022a7e9dcf80, length=86, elements={
0x0000022a72156800, 0x0000022a7d5d8000, 0x0000022a7d5d9800, 0x0000022a7d635000,
0x0000022a7d636000, 0x0000022a7d63a000, 0x0000022a7d63f000, 0x0000022a7d646800,
0x0000022a7d64b000, 0x0000022a7d7b1000, 0x0000022a0f6c9800, 0x0000022a7f269800,
0x0000022a0f895800, 0x0000022a0f8b1800, 0x0000022a7eb57800, 0x0000022a0f6ea000,
0x0000022a0f06f000, 0x0000022a7eb80000, 0x0000022a7e847800, 0x0000022a0f3ca800,
0x0000022a0f6bb000, 0x0000022a0f6b9800, 0x0000022a0f6bc000, 0x0000022a0f6ba000,
0x0000022a0f6bf000, 0x0000022a0f6c0000, 0x0000022a0f6bd800, 0x0000022a0f6be800,
0x0000022a0f7d6800, 0x0000022a0f7d8800, 0x0000022a0f7d3800, 0x0000022a0f7d9000,
0x0000022a0f7da800, 0x0000022a0f7d5000, 0x0000022a0f7db800, 0x0000022a0f7d6000,
0x0000022a0f7df000, 0x0000022a0f7df800, 0x0000022a0f7e0800, 0x0000022a0f7de000,
0x0000022a0f7e1800, 0x0000022a0f7e2000, 0x0000022a0f7dd000, 0x0000022a136a5000,
0x0000022a136a3000, 0x0000022a136a4800, 0x0000022a136a9800, 0x0000022a136a6000,
0x0000022a136a3800, 0x0000022a136aa000, 0x0000022a136ac800, 0x0000022a136a7800,
0x0000022a136a7000, 0x0000022a136ae000, 0x0000022a136a8800, 0x0000022a136af000,
0x0000022a136b0000, 0x0000022a136ab000, 0x0000022a136b0800, 0x0000022a136ad800,
0x0000022a136b1800, 0x0000022a136ab800, 0x0000022a10ac0000, 0x0000022a10ac0800,
0x0000022a10ac1800, 0x0000022a10abf000, 0x0000022a10abe800, 0x0000022a10ac4000,
0x0000022a10ac2800, 0x0000022a10ac3000, 0x0000022a10ac7800, 0x0000022a10ac5800,
0x0000022a10ac9000, 0x0000022a10ac9800, 0x0000022a10ac6800, 0x0000022a10aca800,
0x0000022a10ac8000, 0x0000022a10acb800, 0x0000022a10acc000, 0x0000022a10acd000,
0x0000022a0ff85800, 0x0000022a0ff83000, 0x0000022a0ff86800, 0x0000022a0ff84800,
0x0000022a0ff87000, 0x0000022a103cd800
}

Java Threads: ( => current thread )
  0x0000022a72156800 JavaThread "main" [_thread_blocked, id=4528, stack(0x0000005f70700000,0x0000005f70800000)]
  0x0000022a7d5d8000 JavaThread "Reference Handler" daemon [_thread_blocked, id=1224, stack(0x0000005f71000000,0x0000005f71100000)]
  0x0000022a7d5d9800 JavaThread "Finalizer" daemon [_thread_blocked, id=5224, stack(0x0000005f71100000,0x0000005f71200000)]
  0x0000022a7d635000 JavaThread "Signal Dispatcher" daemon [_thread_blocked, id=11764, stack(0x0000005f71300000,0x0000005f71400000)]
  0x0000022a7d636000 JavaThread "Attach Listener" daemon [_thread_blocked, id=9956, stack(0x0000005f71400000,0x0000005f71500000)]
  0x0000022a7d63a000 JavaThread "Service Thread" daemon [_thread_blocked, id=4596, stack(0x0000005f71500000,0x0000005f71600000)]
  0x0000022a7d63f000 JavaThread "C2 CompilerThread0" daemon [_thread_in_native, id=7800, stack(0x0000005f71600000,0x0000005f71700000)]
  0x0000022a7d646800 JavaThread "C1 CompilerThread0" daemon [_thread_blocked, id=10904, stack(0x0000005f71700000,0x0000005f71800000)]
  0x0000022a7d64b000 JavaThread "Sweeper thread" daemon [_thread_blocked, id=1440, stack(0x0000005f71800000,0x0000005f71900000)]
  0x0000022a7d7b1000 JavaThread "Common-Cleaner" daemon [_thread_blocked, id=4488, stack(0x0000005f71900000,0x0000005f71a00000)]
  0x0000022a0f6c9800 JavaThread "Daemon health stats" [_thread_blocked, id=11712, stack(0x0000005f71f00000,0x0000005f72000000)]
  0x0000022a7f269800 JavaThread "Incoming local TCP Connector on port 56588" [_thread_in_native, id=11868, stack(0x0000005f72000000,0x0000005f72100000)]
  0x0000022a0f895800 JavaThread "Daemon periodic checks" [_thread_blocked, id=1656, stack(0x0000005f72100000,0x0000005f72200000)]
  0x0000022a0f8b1800 JavaThread "Daemon" [_thread_blocked, id=5808, stack(0x0000005f72200000,0x0000005f72300000)]
  0x0000022a7eb57800 JavaThread "Handler for socket connection from /127.0.0.1:56588 to /127.0.0.1:56589" [_thread_in_native, id=1148, stack(0x0000005f72300000,0x0000005f72400000)]
  0x0000022a0f6ea000 JavaThread "Cancel handler" [_thread_blocked, id=8148, stack(0x0000005f72400000,0x0000005f72500000)]
  0x0000022a0f06f000 JavaThread "Daemon worker" [_thread_blocked, id=4072, stack(0x0000005f72500000,0x0000005f72600000)]
  0x0000022a7eb80000 JavaThread "Asynchronous log dispatcher for DefaultDaemonConnection: socket connection from /127.0.0.1:56588 to /127.0.0.1:56589" [_thread_blocked, id=1272, stack(0x0000005f72600000,0x0000005f72700000)]
  0x0000022a7e847800 JavaThread "Stdin handler" [_thread_blocked, id=11916, stack(0x0000005f72700000,0x0000005f72800000)]
  0x0000022a0f3ca800 JavaThread "Daemon client event forwarder" [_thread_blocked, id=8268, stack(0x0000005f72800000,0x0000005f72900000)]
  0x0000022a0f6bb000 JavaThread "Cache worker for journal cache (C:\Users\it_04\.gradle\caches\journal-1)" [_thread_blocked, id=8132, stack(0x0000005f72900000,0x0000005f72a00000)]
  0x0000022a0f6b9800 JavaThread "File lock request listener" [_thread_in_native, id=8736, stack(0x0000005f72a00000,0x0000005f72b00000)]
  0x0000022a0f6bc000 JavaThread "Cache worker for file hash cache (C:\Users\it_04\.gradle\caches\7.5\fileHashes)" [_thread_blocked, id=7324, stack(0x0000005f72b00000,0x0000005f72c00000)]
=>0x0000022a0f6ba000 JavaThread "File watcher server" daemon [_thread_in_native, id=5160, stack(0x0000005f72c00000,0x0000005f72d00000)]
  0x0000022a0f6bf000 JavaThread "Cache worker for checksums cache (D:\SourceAndroid\KyThuat\.gradle\7.5\checksums)" [_thread_blocked, id=10460, stack(0x0000005f72e00000,0x0000005f72f00000)]
  0x0000022a0f6c0000 JavaThread "Cache worker for cache directory md-rule (C:\Users\it_04\.gradle\caches\7.5\md-rule)" [_thread_blocked, id=10512, stack(0x0000005f72f00000,0x0000005f73000000)]
  0x0000022a0f6bd800 JavaThread "Cache worker for file content cache (C:\Users\it_04\.gradle\caches\7.5\fileContent)" [_thread_blocked, id=2828, stack(0x0000005f73000000,0x0000005f73100000)]
  0x0000022a0f6be800 JavaThread "Cache worker for file hash cache (D:\SourceAndroid\KyThuat\.gradle\7.5\fileHashes)" [_thread_blocked, id=10396, stack(0x0000005f73100000,0x0000005f73200000)]
  0x0000022a0f7d6800 JavaThread "Cache worker for cache directory md-supplier (C:\Users\it_04\.gradle\caches\7.5\md-supplier)" [_thread_blocked, id=11396, stack(0x0000005f73200000,0x0000005f73300000)]
  0x0000022a0f7d8800 JavaThread "Cache worker for execution history cache (C:\Users\it_04\.gradle\caches\7.5\executionHistory)" [_thread_blocked, id=8004, stack(0x0000005f73300000,0x0000005f73400000)]
  0x0000022a0f7d3800 JavaThread "jar transforms" [_thread_blocked, id=10008, stack(0x0000005f73400000,0x0000005f73500000)]
  0x0000022a0f7d9000 JavaThread "jar transforms Thread 2" [_thread_blocked, id=5576, stack(0x0000005f73500000,0x0000005f73600000)]
  0x0000022a0f7da800 JavaThread "jar transforms Thread 3" [_thread_blocked, id=7044, stack(0x0000005f73600000,0x0000005f73700000)]
  0x0000022a0f7d5000 JavaThread "jar transforms Thread 4" [_thread_blocked, id=7240, stack(0x0000005f73700000,0x0000005f73800000)]
  0x0000022a0f7db800 JavaThread "Cache worker for dependencies-accessors (D:\SourceAndroid\KyThuat\.gradle\7.5\dependencies-accessors)" [_thread_blocked, id=11536, stack(0x0000005f73800000,0x0000005f73900000)]
  0x0000022a0f7d6000 JavaThread "Cache worker for Build Output Cleanup Cache (D:\SourceAndroid\KyThuat\.gradle\buildOutputCleanup)" [_thread_blocked, id=3964, stack(0x0000005f73900000,0x0000005f73a00000)]
  0x0000022a0f7df000 JavaThread "Unconstrained build operations" [_thread_blocked, id=11352, stack(0x0000005f73a00000,0x0000005f73b00000)]
  0x0000022a0f7df800 JavaThread "Unconstrained build operations Thread 2" [_thread_blocked, id=11388, stack(0x0000005f73b00000,0x0000005f73c00000)]
  0x0000022a0f7e0800 JavaThread "Unconstrained build operations Thread 3" [_thread_blocked, id=8572, stack(0x0000005f73c00000,0x0000005f73d00000)]
  0x0000022a0f7de000 JavaThread "Unconstrained build operations Thread 4" [_thread_blocked, id=2916, stack(0x0000005f73d00000,0x0000005f73e00000)]
  0x0000022a0f7e1800 JavaThread "Unconstrained build operations Thread 5" [_thread_blocked, id=11784, stack(0x0000005f73e00000,0x0000005f73f00000)]
  0x0000022a0f7e2000 JavaThread "Unconstrained build operations Thread 6" [_thread_blocked, id=8468, stack(0x0000005f73f00000,0x0000005f74000000)]
  0x0000022a0f7dd000 JavaThread "Unconstrained build operations Thread 7" [_thread_blocked, id=10496, stack(0x0000005f74000000,0x0000005f74100000)]
  0x0000022a136a5000 JavaThread "Unconstrained build operations Thread 8" [_thread_blocked, id=7424, stack(0x0000005f74100000,0x0000005f74200000)]
  0x0000022a136a3000 JavaThread "Unconstrained build operations Thread 9" [_thread_blocked, id=6260, stack(0x0000005f74200000,0x0000005f74300000)]
  0x0000022a136a4800 JavaThread "Unconstrained build operations Thread 10" [_thread_blocked, id=7448, stack(0x0000005f74300000,0x0000005f74400000)]
  0x0000022a136a9800 JavaThread "Unconstrained build operations Thread 11" [_thread_blocked, id=2288, stack(0x0000005f74400000,0x0000005f74500000)]
  0x0000022a136a6000 JavaThread "Unconstrained build operations Thread 12" [_thread_blocked, id=9408, stack(0x0000005f74500000,0x0000005f74600000)]
  0x0000022a136a3800 JavaThread "Unconstrained build operations Thread 13" [_thread_blocked, id=8504, stack(0x0000005f74600000,0x0000005f74700000)]
  0x0000022a136aa000 JavaThread "Unconstrained build operations Thread 14" [_thread_blocked, id=2268, stack(0x0000005f74700000,0x0000005f74800000)]
  0x0000022a136ac800 JavaThread "Unconstrained build operations Thread 15" [_thread_blocked, id=2096, stack(0x0000005f74800000,0x0000005f74900000)]
  0x0000022a136a7800 JavaThread "Unconstrained build operations Thread 16" [_thread_blocked, id=5900, stack(0x0000005f74900000,0x0000005f74a00000)]
  0x0000022a136a7000 JavaThread "Unconstrained build operations Thread 17" [_thread_blocked, id=1984, stack(0x0000005f74a00000,0x0000005f74b00000)]
  0x0000022a136ae000 JavaThread "Unconstrained build operations Thread 18" [_thread_blocked, id=10252, stack(0x0000005f74b00000,0x0000005f74c00000)]
  0x0000022a136a8800 JavaThread "Unconstrained build operations Thread 19" [_thread_blocked, id=5768, stack(0x0000005f74c00000,0x0000005f74d00000)]
  0x0000022a136af000 JavaThread "Unconstrained build operations Thread 20" [_thread_blocked, id=2640, stack(0x0000005f74d00000,0x0000005f74e00000)]
  0x0000022a136b0000 JavaThread "Unconstrained build operations Thread 21" [_thread_blocked, id=5352, stack(0x0000005f74e00000,0x0000005f74f00000)]
  0x0000022a136ab000 JavaThread "Unconstrained build operations Thread 22" [_thread_blocked, id=4348, stack(0x0000005f74f00000,0x0000005f75000000)]
  0x0000022a136b0800 JavaThread "Unconstrained build operations Thread 23" [_thread_blocked, id=12012, stack(0x0000005f75000000,0x0000005f75100000)]
  0x0000022a136ad800 JavaThread "Unconstrained build operations Thread 24" [_thread_blocked, id=4428, stack(0x0000005f75100000,0x0000005f75200000)]
  0x0000022a136b1800 JavaThread "Unconstrained build operations Thread 25" [_thread_blocked, id=6660, stack(0x0000005f75200000,0x0000005f75300000)]
  0x0000022a136ab800 JavaThread "Unconstrained build operations Thread 26" [_thread_blocked, id=3652, stack(0x0000005f75300000,0x0000005f75400000)]
  0x0000022a10ac0000 JavaThread "Unconstrained build operations Thread 27" [_thread_blocked, id=11908, stack(0x0000005f75400000,0x0000005f75500000)]
  0x0000022a10ac0800 JavaThread "Unconstrained build operations Thread 28" [_thread_blocked, id=12136, stack(0x0000005f75500000,0x0000005f75600000)]
  0x0000022a10ac1800 JavaThread "Unconstrained build operations Thread 29" [_thread_blocked, id=11716, stack(0x0000005f75600000,0x0000005f75700000)]
  0x0000022a10abf000 JavaThread "Unconstrained build operations Thread 30" [_thread_blocked, id=6752, stack(0x0000005f75700000,0x0000005f75800000)]
  0x0000022a10abe800 JavaThread "Unconstrained build operations Thread 31" [_thread_blocked, id=1932, stack(0x0000005f75800000,0x0000005f75900000)]
  0x0000022a10ac4000 JavaThread "Unconstrained build operations Thread 32" [_thread_blocked, id=7692, stack(0x0000005f75900000,0x0000005f75a00000)]
  0x0000022a10ac2800 JavaThread "Unconstrained build operations Thread 33" [_thread_blocked, id=7296, stack(0x0000005f75a00000,0x0000005f75b00000)]
  0x0000022a10ac3000 JavaThread "Unconstrained build operations Thread 34" [_thread_blocked, id=11808, stack(0x0000005f75b00000,0x0000005f75c00000)]
  0x0000022a10ac7800 JavaThread "Unconstrained build operations Thread 35" [_thread_blocked, id=3940, stack(0x0000005f75c00000,0x0000005f75d00000)]
  0x0000022a10ac5800 JavaThread "Unconstrained build operations Thread 36" [_thread_blocked, id=4164, stack(0x0000005f75d00000,0x0000005f75e00000)]
  0x0000022a10ac9000 JavaThread "Unconstrained build operations Thread 37" [_thread_blocked, id=6532, stack(0x0000005f75e00000,0x0000005f75f00000)]
  0x0000022a10ac9800 JavaThread "Unconstrained build operations Thread 38" [_thread_blocked, id=11308, stack(0x0000005f75f00000,0x0000005f76000000)]
  0x0000022a10ac6800 JavaThread "Unconstrained build operations Thread 39" [_thread_blocked, id=12168, stack(0x0000005f76000000,0x0000005f76100000)]
  0x0000022a10aca800 JavaThread "Unconstrained build operations Thread 40" [_thread_blocked, id=6436, stack(0x0000005f76100000,0x0000005f76200000)]
  0x0000022a10ac8000 JavaThread "Memory manager" [_thread_blocked, id=12128, stack(0x0000005f76200000,0x0000005f76300000)]
  0x0000022a10acb800 JavaThread "build event listener" [_thread_blocked, id=11304, stack(0x0000005f76300000,0x0000005f76400000)]
  0x0000022a10acc000 JavaThread "pool-3-thread-1" [_thread_blocked, id=11520, stack(0x0000005f76400000,0x0000005f76500000)]
  0x0000022a10acd000 JavaThread "build event listener" [_thread_blocked, id=8752, stack(0x0000005f76500000,0x0000005f76600000)]
  0x0000022a0ff85800 JavaThread "included builds" [_thread_blocked, id=6648, stack(0x0000005f76600000,0x0000005f76700000)]
  0x0000022a0ff83000 JavaThread "Execution worker" [_thread_blocked, id=7936, stack(0x0000005f76800000,0x0000005f76900000)]
  0x0000022a0ff86800 JavaThread "Execution worker Thread 2" [_thread_blocked, id=10876, stack(0x0000005f76900000,0x0000005f76a00000)]
  0x0000022a0ff84800 JavaThread "Execution worker Thread 3" [_thread_in_native, id=11760, stack(0x0000005f76a00000,0x0000005f76b00000)]
  0x0000022a0ff87000 JavaThread "Cache worker for execution history cache (D:\SourceAndroid\KyThuat\.gradle\7.5\executionHistory)" [_thread_blocked, id=11548, stack(0x0000005f76b00000,0x0000005f76c00000)]
  0x0000022a103cd800 JavaThread "C2 CompilerThread1" daemon [_thread_in_native, id=6996, stack(0x0000005f71e00000,0x0000005f71f00000)]

Other Threads:
  0x0000022a7d5d5800 VMThread "VM Thread" [stack: 0x0000005f70f00000,0x0000005f71000000] [id=4380]
  0x0000022a7d7e3800 WatcherThread [stack: 0x0000005f71a00000,0x0000005f71b00000] [id=11056]
  0x0000022a7216b000 GCTaskThread "GC Thread#0" [stack: 0x0000005f70a00000,0x0000005f70b00000] [id=11744]
  0x0000022a7deb3000 GCTaskThread "GC Thread#1" [stack: 0x0000005f71b00000,0x0000005f71c00000] [id=9920]
  0x0000022a7dea9800 GCTaskThread "GC Thread#2" [stack: 0x0000005f71c00000,0x0000005f71d00000] [id=11228]
  0x0000022a7deaa000 GCTaskThread "GC Thread#3" [stack: 0x0000005f71d00000,0x0000005f71e00000] [id=11196]
  0x0000022a7219c000 ConcurrentGCThread "G1 Main Marker" [stack: 0x0000005f70b00000,0x0000005f70c00000] [id=7748]
  0x0000022a7219d000 ConcurrentGCThread "G1 Conc#0" [stack: 0x0000005f70c00000,0x0000005f70d00000] [id=144]
  0x0000022a7cc1a800 ConcurrentGCThread "G1 Refine#0" [stack: 0x0000005f70d00000,0x0000005f70e00000] [id=12208]
  0x0000022a13076800 ConcurrentGCThread "G1 Refine#1" [stack: 0x0000005f76700000,0x0000005f76800000] [id=7844]
  0x0000022a7cc1d000 ConcurrentGCThread "G1 Young RemSet Sampling" [stack: 0x0000005f70e00000,0x0000005f70f00000] [id=8452]

Threads with active compile tasks:
C2 CompilerThread0    23823 8589       4       sun.invoke.util.BytecodeDescriptor::unparseSig (91 bytes)
C2 CompilerThread1    23823 8600       4       java.lang.String::split (324 bytes)

VM state:not at safepoint (normal execution)

VM Mutex/Monitor currently owned by a thread:  ([mutex/lock_event])
[0x0000022a721537b0] MetaspaceExpand_lock - owner thread: 0x0000000000000000

Heap address: 0x0000000080000000, size: 2048 MB, Compressed Oops mode: 32-bit
Narrow klass base: 0x0000000000000000, Narrow klass shift: 3
Compressed class space size: 1073741824 Address: 0x0000000100000000

Heap:
 garbage-first heap   total 260096K, used 94819K [0x0000000080000000, 0x0000000100000000)
  region size 1024K, 41 young (41984K), 19 survivors (19456K)
 Metaspace       used 85791K, capacity 88091K, committed 88296K, reserved 1126400K
  class space    used 11108K, capacity 11885K, committed 11904K, reserved 1048576K
Heap Regions: E=young(eden), S=young(survivor), O=old, HS=humongous(starts), HC=humongous(continues), CS=collection set, F=free, A=archive, TAMS=top-at-mark-start (previous, next)
|   0|0x0000000080000000, 0x0000000080100000, 0x0000000080100000|100%|HS|  |TAMS 0x0000000080100000, 0x0000000080000000| Complete 
|   1|0x0000000080100000, 0x0000000080200000, 0x0000000080200000|100%|HC|  |TAMS 0x0000000080200000, 0x0000000080100000| Complete 
|   2|0x0000000080200000, 0x0000000080300000, 0x0000000080300000|100%|HC|  |TAMS 0x0000000080300000, 0x0000000080200000| Complete 
|   3|0x0000000080300000, 0x0000000080400000, 0x0000000080400000|100%| O|  |TAMS 0x0000000080400000, 0x0000000080300000| Untracked 
|   4|0x0000000080400000, 0x0000000080500000, 0x0000000080500000|100%| O|  |TAMS 0x0000000080500000, 0x0000000080400000| Untracked 
|   5|0x0000000080500000, 0x0000000080600000, 0x0000000080600000|100%| O|  |TAMS 0x0000000080600000, 0x0000000080500000| Untracked 
|   6|0x0000000080600000, 0x0000000080700000, 0x0000000080700000|100%| O|  |TAMS 0x0000000080700000, 0x0000000080600000| Untracked 
|   7|0x0000000080700000, 0x0000000080800000, 0x0000000080800000|100%| O|  |TAMS 0x0000000080800000, 0x0000000080700000| Untracked 
|   8|0x0000000080800000, 0x0000000080900000, 0x0000000080900000|100%| O|  |TAMS 0x0000000080900000, 0x0000000080800000| Untracked 
|   9|0x0000000080900000, 0x0000000080a00000, 0x0000000080a00000|100%| O|  |TAMS 0x0000000080a00000, 0x0000000080900000| Untracked 
|  10|0x0000000080a00000, 0x0000000080b00000, 0x0000000080b00000|100%| O|  |TAMS 0x0000000080b00000, 0x0000000080a00000| Untracked 
|  11|0x0000000080b00000, 0x0000000080c00000, 0x0000000080c00000|100%| O|  |TAMS 0x0000000080c00000, 0x0000000080b00000| Untracked 
|  12|0x0000000080c00000, 0x0000000080d00000, 0x0000000080d00000|100%| O|  |TAMS 0x0000000080d00000, 0x0000000080c00000| Untracked 
|  13|0x0000000080d00000, 0x0000000080e00000, 0x0000000080e00000|100%| O|  |TAMS 0x0000000080e00000, 0x0000000080d00000| Untracked 
|  14|0x0000000080e00000, 0x0000000080f00000, 0x0000000080f00000|100%| O|  |TAMS 0x0000000080f00000, 0x0000000080e00000| Untracked 
|  15|0x0000000080f00000, 0x0000000081000000, 0x0000000081000000|100%| O|  |TAMS 0x0000000081000000, 0x0000000080f00000| Untracked 
|  16|0x0000000081000000, 0x0000000081100000, 0x0000000081100000|100%| O|  |TAMS 0x0000000081100000, 0x0000000081000000| Untracked 
|  17|0x0000000081100000, 0x0000000081200000, 0x0000000081200000|100%|HS|  |TAMS 0x0000000081200000, 0x0000000081100000| Complete 
|  18|0x0000000081200000, 0x0000000081300000, 0x0000000081300000|100%|HS|  |TAMS 0x0000000081300000, 0x0000000081200000| Complete 
|  19|0x0000000081300000, 0x0000000081400000, 0x0000000081400000|100%| O|  |TAMS 0x0000000081400000, 0x0000000081300000| Untracked 
|  20|0x0000000081400000, 0x0000000081500000, 0x0000000081500000|100%|HS|  |TAMS 0x0000000081500000, 0x0000000081400000| Complete 
|  21|0x0000000081500000, 0x0000000081600000, 0x0000000081600000|100%|HC|  |TAMS 0x0000000081600000, 0x0000000081500000| Complete 
|  22|0x0000000081600000, 0x0000000081700000, 0x0000000081700000|100%| O|  |TAMS 0x0000000081700000, 0x0000000081600000| Untracked 
|  23|0x0000000081700000, 0x0000000081800000, 0x0000000081800000|100%| O|  |TAMS 0x0000000081800000, 0x0000000081700000| Untracked 
|  24|0x0000000081800000, 0x0000000081900000, 0x0000000081900000|100%| O|  |TAMS 0x0000000081900000, 0x0000000081800000| Untracked 
|  25|0x0000000081900000, 0x0000000081a00000, 0x0000000081a00000|100%| O|  |TAMS 0x0000000081a00000, 0x0000000081900000| Untracked 
|  26|0x0000000081a00000, 0x0000000081b00000, 0x0000000081b00000|100%| O|  |TAMS 0x0000000081b00000, 0x0000000081a00000| Untracked 
|  27|0x0000000081b00000, 0x0000000081c00000, 0x0000000081c00000|100%| O|  |TAMS 0x0000000081c00000, 0x0000000081b00000| Untracked 
|  28|0x0000000081c00000, 0x0000000081d00000, 0x0000000081d00000|100%| O|  |TAMS 0x0000000081d00000, 0x0000000081c00000| Untracked 
|  29|0x0000000081d00000, 0x0000000081e00000, 0x0000000081e00000|100%| O|  |TAMS 0x0000000081e00000, 0x0000000081d00000| Untracked 
|  30|0x0000000081e00000, 0x0000000081f00000, 0x0000000081f00000|100%| O|  |TAMS 0x0000000081f00000, 0x0000000081e00000| Untracked 
|  31|0x0000000081f00000, 0x0000000082000000, 0x0000000082000000|100%| O|  |TAMS 0x0000000082000000, 0x0000000081f00000| Untracked 
|  32|0x0000000082000000, 0x0000000082100000, 0x0000000082100000|100%| O|  |TAMS 0x0000000082100000, 0x0000000082000000| Untracked 
|  33|0x0000000082100000, 0x0000000082200000, 0x0000000082200000|100%| O|  |TAMS 0x0000000082200000, 0x0000000082100000| Untracked 
|  34|0x0000000082200000, 0x0000000082300000, 0x0000000082300000|100%| O|  |TAMS 0x0000000082300000, 0x0000000082200000| Untracked 
|  35|0x0000000082300000, 0x0000000082400000, 0x0000000082400000|100%| O|  |TAMS 0x0000000082400000, 0x0000000082300000| Untracked 
|  36|0x0000000082400000, 0x0000000082500000, 0x0000000082500000|100%| O|  |TAMS 0x0000000082500000, 0x0000000082400000| Untracked 
|  37|0x0000000082500000, 0x0000000082600000, 0x0000000082600000|100%| O|  |TAMS 0x0000000082600000, 0x0000000082500000| Untracked 
|  38|0x0000000082600000, 0x0000000082700000, 0x0000000082700000|100%| O|  |TAMS 0x0000000082700000, 0x0000000082600000| Untracked 
|  39|0x0000000082700000, 0x0000000082800000, 0x0000000082800000|100%| O|  |TAMS 0x0000000082800000, 0x0000000082700000| Untracked 
|  40|0x0000000082800000, 0x0000000082900000, 0x0000000082900000|100%| O|  |TAMS 0x0000000082900000, 0x0000000082800000| Untracked 
|  41|0x0000000082900000, 0x0000000082a00000, 0x0000000082a00000|100%| O|  |TAMS 0x0000000082a00000, 0x0000000082900000| Untracked 
|  42|0x0000000082a00000, 0x0000000082b00000, 0x0000000082b00000|100%| O|  |TAMS 0x0000000082b00000, 0x0000000082a00000| Untracked 
|  43|0x0000000082b00000, 0x0000000082c00000, 0x0000000082c00000|100%| O|  |TAMS 0x0000000082c00000, 0x0000000082b00000| Untracked 
|  44|0x0000000082c00000, 0x0000000082d00000, 0x0000000082d00000|100%| O|  |TAMS 0x0000000082d00000, 0x0000000082c00000| Untracked 
|  45|0x0000000082d00000, 0x0000000082e00000, 0x0000000082e00000|100%| O|  |TAMS 0x0000000082e00000, 0x0000000082d00000| Untracked 
|  46|0x0000000082e00000, 0x0000000082f00000, 0x0000000082f00000|100%| O|  |TAMS 0x0000000082f00000, 0x0000000082e00000| Untracked 
|  47|0x0000000082f00000, 0x0000000083000000, 0x0000000083000000|100%| O|  |TAMS 0x0000000083000000, 0x0000000082f00000| Untracked 
|  48|0x0000000083000000, 0x0000000083100000, 0x0000000083100000|100%| O|  |TAMS 0x0000000083100000, 0x0000000083000000| Untracked 
|  49|0x0000000083100000, 0x0000000083200000, 0x0000000083200000|100%| O|  |TAMS 0x0000000083200000, 0x0000000083100000| Untracked 
|  50|0x0000000083200000, 0x0000000083300000, 0x0000000083300000|100%| O|  |TAMS 0x0000000083300000, 0x0000000083200000| Untracked 
|  51|0x0000000083300000, 0x0000000083400000, 0x0000000083400000|100%| O|  |TAMS 0x0000000083400000, 0x0000000083300000| Untracked 
|  52|0x0000000083400000, 0x0000000083500000, 0x0000000083500000|100%| O|  |TAMS 0x0000000083500000, 0x0000000083400000| Untracked 
|  53|0x0000000083500000, 0x0000000083598e00, 0x0000000083600000| 59%| O|  |TAMS 0x0000000083598e00, 0x0000000083500000| Untracked 
|  54|0x0000000083600000, 0x0000000083600000, 0x0000000083700000|  0%| F|  |TAMS 0x0000000083600000, 0x0000000083600000| Untracked 
|  55|0x0000000083700000, 0x0000000083700000, 0x0000000083800000|  0%| F|  |TAMS 0x0000000083700000, 0x0000000083700000| Untracked 
|  56|0x0000000083800000, 0x0000000083800000, 0x0000000083900000|  0%| F|  |TAMS 0x0000000083800000, 0x0000000083800000| Untracked 
|  57|0x0000000083900000, 0x0000000083900000, 0x0000000083a00000|  0%| F|  |TAMS 0x0000000083900000, 0x0000000083900000| Untracked 
|  58|0x0000000083a00000, 0x0000000083a00000, 0x0000000083b00000|  0%| F|  |TAMS 0x0000000083a00000, 0x0000000083a00000| Untracked 
|  59|0x0000000083b00000, 0x0000000083b00000, 0x0000000083c00000|  0%| F|  |TAMS 0x0000000083b00000, 0x0000000083b00000| Untracked 
|  60|0x0000000083c00000, 0x0000000083c00000, 0x0000000083d00000|  0%| F|  |TAMS 0x0000000083c00000, 0x0000000083c00000| Untracked 
|  61|0x0000000083d00000, 0x0000000083d00000, 0x0000000083e00000|  0%| F|  |TAMS 0x0000000083d00000, 0x0000000083d00000| Untracked 
|  62|0x0000000083e00000, 0x0000000083e00000, 0x0000000083f00000|  0%| F|  |TAMS 0x0000000083e00000, 0x0000000083e00000| Untracked 
|  63|0x0000000083f00000, 0x0000000083f00000, 0x0000000084000000|  0%| F|  |TAMS 0x0000000083f00000, 0x0000000083f00000| Untracked 
|  64|0x0000000084000000, 0x0000000084000000, 0x0000000084100000|  0%| F|  |TAMS 0x0000000084000000, 0x0000000084000000| Untracked 
|  65|0x0000000084100000, 0x0000000084100000, 0x0000000084200000|  0%| F|  |TAMS 0x0000000084100000, 0x0000000084100000| Untracked 
|  66|0x0000000084200000, 0x0000000084200000, 0x0000000084300000|  0%| F|  |TAMS 0x0000000084200000, 0x0000000084200000| Untracked 
|  67|0x0000000084300000, 0x0000000084300000, 0x0000000084400000|  0%| F|  |TAMS 0x0000000084300000, 0x0000000084300000| Untracked 
|  68|0x0000000084400000, 0x0000000084400000, 0x0000000084500000|  0%| F|  |TAMS 0x0000000084400000, 0x0000000084400000| Untracked 
|  69|0x0000000084500000, 0x0000000084500000, 0x0000000084600000|  0%| F|  |TAMS 0x0000000084500000, 0x0000000084500000| Untracked 
|  70|0x0000000084600000, 0x0000000084600000, 0x0000000084700000|  0%| F|  |TAMS 0x0000000084600000, 0x0000000084600000| Untracked 
|  71|0x0000000084700000, 0x0000000084700000, 0x0000000084800000|  0%| F|  |TAMS 0x0000000084700000, 0x0000000084700000| Untracked 
|  72|0x0000000084800000, 0x0000000084800000, 0x0000000084900000|  0%| F|  |TAMS 0x0000000084800000, 0x0000000084800000| Untracked 
|  73|0x0000000084900000, 0x0000000084900000, 0x0000000084a00000|  0%| F|  |TAMS 0x0000000084900000, 0x0000000084900000| Untracked 
|  74|0x0000000084a00000, 0x0000000084a00000, 0x0000000084b00000|  0%| F|  |TAMS 0x0000000084a00000, 0x0000000084a00000| Untracked 
|  75|0x0000000084b00000, 0x0000000084b00000, 0x0000000084c00000|  0%| F|  |TAMS 0x0000000084b00000, 0x0000000084b00000| Untracked 
|  76|0x0000000084c00000, 0x0000000084c00000, 0x0000000084d00000|  0%| F|  |TAMS 0x0000000084c00000, 0x0000000084c00000| Untracked 
|  77|0x0000000084d00000, 0x0000000084d00000, 0x0000000084e00000|  0%| F|  |TAMS 0x0000000084d00000, 0x0000000084d00000| Untracked 
|  78|0x0000000084e00000, 0x0000000084e00000, 0x0000000084f00000|  0%| F|  |TAMS 0x0000000084e00000, 0x0000000084e00000| Untracked 
|  79|0x0000000084f00000, 0x0000000084f00000, 0x0000000085000000|  0%| F|  |TAMS 0x0000000084f00000, 0x0000000084f00000| Untracked 
|  80|0x0000000085000000, 0x0000000085000000, 0x0000000085100000|  0%| F|  |TAMS 0x0000000085000000, 0x0000000085000000| Untracked 
|  81|0x0000000085100000, 0x0000000085100000, 0x0000000085200000|  0%| F|  |TAMS 0x0000000085100000, 0x0000000085100000| Untracked 
|  82|0x0000000085200000, 0x0000000085200000, 0x0000000085300000|  0%| F|  |TAMS 0x0000000085200000, 0x0000000085200000| Untracked 
|  83|0x0000000085300000, 0x0000000085300000, 0x0000000085400000|  0%| F|  |TAMS 0x0000000085300000, 0x0000000085300000| Untracked 
|  84|0x0000000085400000, 0x0000000085400000, 0x0000000085500000|  0%| F|  |TAMS 0x0000000085400000, 0x0000000085400000| Untracked 
|  85|0x0000000085500000, 0x0000000085500000, 0x0000000085600000|  0%| F|  |TAMS 0x0000000085500000, 0x0000000085500000| Untracked 
|  86|0x0000000085600000, 0x0000000085600000, 0x0000000085700000|  0%| F|  |TAMS 0x0000000085600000, 0x0000000085600000| Untracked 
|  87|0x0000000085700000, 0x0000000085800000, 0x0000000085800000|100%| S|CS|TAMS 0x0000000085700000, 0x0000000085700000| Complete 
|  88|0x0000000085800000, 0x0000000085900000, 0x0000000085900000|100%| S|CS|TAMS 0x0000000085800000, 0x0000000085800000| Complete 
|  89|0x0000000085900000, 0x0000000085a00000, 0x0000000085a00000|100%| S|CS|TAMS 0x0000000085900000, 0x0000000085900000| Complete 
|  90|0x0000000085a00000, 0x0000000085b00000, 0x0000000085b00000|100%| S|CS|TAMS 0x0000000085a00000, 0x0000000085a00000| Complete 
|  91|0x0000000085b00000, 0x0000000085c00000, 0x0000000085c00000|100%| S|CS|TAMS 0x0000000085b00000, 0x0000000085b00000| Complete 
|  92|0x0000000085c00000, 0x0000000085d00000, 0x0000000085d00000|100%| S|CS|TAMS 0x0000000085c00000, 0x0000000085c00000| Complete 
|  93|0x0000000085d00000, 0x0000000085e00000, 0x0000000085e00000|100%| S|CS|TAMS 0x0000000085d00000, 0x0000000085d00000| Complete 
|  94|0x0000000085e00000, 0x0000000085f00000, 0x0000000085f00000|100%| S|CS|TAMS 0x0000000085e00000, 0x0000000085e00000| Complete 
|  95|0x0000000085f00000, 0x0000000086000000, 0x0000000086000000|100%| S|CS|TAMS 0x0000000085f00000, 0x0000000085f00000| Complete 
|  96|0x0000000086000000, 0x0000000086100000, 0x0000000086100000|100%| S|CS|TAMS 0x0000000086000000, 0x0000000086000000| Complete 
|  97|0x0000000086100000, 0x0000000086200000, 0x0000000086200000|100%| S|CS|TAMS 0x0000000086100000, 0x0000000086100000| Complete 
|  98|0x0000000086200000, 0x0000000086300000, 0x0000000086300000|100%| S|CS|TAMS 0x0000000086200000, 0x0000000086200000| Complete 
|  99|0x0000000086300000, 0x0000000086400000, 0x0000000086400000|100%| S|CS|TAMS 0x0000000086300000, 0x0000000086300000| Complete 
| 100|0x0000000086400000, 0x0000000086500000, 0x0000000086500000|100%| S|CS|TAMS 0x0000000086400000, 0x0000000086400000| Complete 
| 101|0x0000000086500000, 0x0000000086600000, 0x0000000086600000|100%| S|CS|TAMS 0x0000000086500000, 0x0000000086500000| Complete 
| 102|0x0000000086600000, 0x0000000086700000, 0x0000000086700000|100%| S|CS|TAMS 0x0000000086600000, 0x0000000086600000| Complete 
| 103|0x0000000086700000, 0x0000000086800000, 0x0000000086800000|100%| S|CS|TAMS 0x0000000086700000, 0x0000000086700000| Complete 
| 104|0x0000000086800000, 0x0000000086900000, 0x0000000086900000|100%| S|CS|TAMS 0x0000000086800000, 0x0000000086800000| Complete 
| 105|0x0000000086900000, 0x0000000086a00000, 0x0000000086a00000|100%| S|CS|TAMS 0x0000000086900000, 0x0000000086900000| Complete 
| 106|0x0000000086a00000, 0x0000000086a00000, 0x0000000086b00000|  0%| F|  |TAMS 0x0000000086a00000, 0x0000000086a00000| Untracked 
| 107|0x0000000086b00000, 0x0000000086b00000, 0x0000000086c00000|  0%| F|  |TAMS 0x0000000086b00000, 0x0000000086b00000| Untracked 
| 108|0x0000000086c00000, 0x0000000086c00000, 0x0000000086d00000|  0%| F|  |TAMS 0x0000000086c00000, 0x0000000086c00000| Untracked 
| 109|0x0000000086d00000, 0x0000000086d00000, 0x0000000086e00000|  0%| F|  |TAMS 0x0000000086d00000, 0x0000000086d00000| Untracked 
| 110|0x0000000086e00000, 0x0000000086e00000, 0x0000000086f00000|  0%| F|  |TAMS 0x0000000086e00000, 0x0000000086e00000| Untracked 
| 111|0x0000000086f00000, 0x0000000086f00000, 0x0000000087000000|  0%| F|  |TAMS 0x0000000086f00000, 0x0000000086f00000| Untracked 
| 112|0x0000000087000000, 0x0000000087000000, 0x0000000087100000|  0%| F|  |TAMS 0x0000000087000000, 0x0000000087000000| Untracked 
| 113|0x0000000087100000, 0x0000000087100000, 0x0000000087200000|  0%| F|  |TAMS 0x0000000087100000, 0x0000000087100000| Untracked 
| 114|0x0000000087200000, 0x0000000087200000, 0x0000000087300000|  0%| F|  |TAMS 0x0000000087200000, 0x0000000087200000| Untracked 
| 115|0x0000000087300000, 0x0000000087300000, 0x0000000087400000|  0%| F|  |TAMS 0x0000000087300000, 0x0000000087300000| Untracked 
| 116|0x0000000087400000, 0x0000000087400000, 0x0000000087500000|  0%| F|  |TAMS 0x0000000087400000, 0x0000000087400000| Untracked 
| 117|0x0000000087500000, 0x0000000087500000, 0x0000000087600000|  0%| F|  |TAMS 0x0000000087500000, 0x0000000087500000| Untracked 
| 118|0x0000000087600000, 0x0000000087600000, 0x0000000087700000|  0%| F|  |TAMS 0x0000000087600000, 0x0000000087600000| Untracked 
| 119|0x0000000087700000, 0x0000000087700000, 0x0000000087800000|  0%| F|  |TAMS 0x0000000087700000, 0x0000000087700000| Untracked 
| 120|0x0000000087800000, 0x0000000087800000, 0x0000000087900000|  0%| F|  |TAMS 0x0000000087800000, 0x0000000087800000| Untracked 
| 121|0x0000000087900000, 0x0000000087900000, 0x0000000087a00000|  0%| F|  |TAMS 0x0000000087900000, 0x0000000087900000| Untracked 
| 122|0x0000000087a00000, 0x0000000087a00000, 0x0000000087b00000|  0%| F|  |TAMS 0x0000000087a00000, 0x0000000087a00000| Untracked 
| 123|0x0000000087b00000, 0x0000000087b00000, 0x0000000087c00000|  0%| F|  |TAMS 0x0000000087b00000, 0x0000000087b00000| Untracked 
| 124|0x0000000087c00000, 0x0000000087c00000, 0x0000000087d00000|  0%| F|  |TAMS 0x0000000087c00000, 0x0000000087c00000| Untracked 
| 125|0x0000000087d00000, 0x0000000087d00000, 0x0000000087e00000|  0%| F|  |TAMS 0x0000000087d00000, 0x0000000087d00000| Untracked 
| 126|0x0000000087e00000, 0x0000000087e00000, 0x0000000087f00000|  0%| F|  |TAMS 0x0000000087e00000, 0x0000000087e00000| Untracked 
| 127|0x0000000087f00000, 0x0000000087f00000, 0x0000000088000000|  0%| F|  |TAMS 0x0000000087f00000, 0x0000000087f00000| Untracked 
| 128|0x0000000088000000, 0x0000000088000000, 0x0000000088100000|  0%| F|  |TAMS 0x0000000088000000, 0x0000000088000000| Untracked 
| 129|0x0000000088100000, 0x0000000088100000, 0x0000000088200000|  0%| F|  |TAMS 0x0000000088100000, 0x0000000088100000| Untracked 
| 130|0x0000000088200000, 0x0000000088200000, 0x0000000088300000|  0%| F|  |TAMS 0x0000000088200000, 0x0000000088200000| Untracked 
| 131|0x0000000088300000, 0x0000000088300000, 0x0000000088400000|  0%| F|  |TAMS 0x0000000088300000, 0x0000000088300000| Untracked 
| 132|0x0000000088400000, 0x0000000088400000, 0x0000000088500000|  0%| F|  |TAMS 0x0000000088400000, 0x0000000088400000| Untracked 
| 133|0x0000000088500000, 0x0000000088500000, 0x0000000088600000|  0%| F|  |TAMS 0x0000000088500000, 0x0000000088500000| Untracked 
| 134|0x0000000088600000, 0x0000000088600000, 0x0000000088700000|  0%| F|  |TAMS 0x0000000088600000, 0x0000000088600000| Untracked 
| 135|0x0000000088700000, 0x0000000088700000, 0x0000000088800000|  0%| F|  |TAMS 0x0000000088700000, 0x0000000088700000| Untracked 
| 136|0x0000000088800000, 0x0000000088800000, 0x0000000088900000|  0%| F|  |TAMS 0x0000000088800000, 0x0000000088800000| Untracked 
| 137|0x0000000088900000, 0x0000000088900000, 0x0000000088a00000|  0%| F|  |TAMS 0x0000000088900000, 0x0000000088900000| Untracked 
| 138|0x0000000088a00000, 0x0000000088a00000, 0x0000000088b00000|  0%| F|  |TAMS 0x0000000088a00000, 0x0000000088a00000| Untracked 
| 139|0x0000000088b00000, 0x0000000088b00000, 0x0000000088c00000|  0%| F|  |TAMS 0x0000000088b00000, 0x0000000088b00000| Untracked 
| 140|0x0000000088c00000, 0x0000000088c00000, 0x0000000088d00000|  0%| F|  |TAMS 0x0000000088c00000, 0x0000000088c00000| Untracked 
| 141|0x0000000088d00000, 0x0000000088d00000, 0x0000000088e00000|  0%| F|  |TAMS 0x0000000088d00000, 0x0000000088d00000| Untracked 
| 142|0x0000000088e00000, 0x0000000088e00000, 0x0000000088f00000|  0%| F|  |TAMS 0x0000000088e00000, 0x0000000088e00000| Untracked 
| 143|0x0000000088f00000, 0x0000000088f00000, 0x0000000089000000|  0%| F|  |TAMS 0x0000000088f00000, 0x0000000088f00000| Untracked 
| 144|0x0000000089000000, 0x0000000089000000, 0x0000000089100000|  0%| F|  |TAMS 0x0000000089000000, 0x0000000089000000| Untracked 
| 145|0x0000000089100000, 0x0000000089100000, 0x0000000089200000|  0%| F|  |TAMS 0x0000000089100000, 0x0000000089100000| Untracked 
| 146|0x0000000089200000, 0x0000000089200000, 0x0000000089300000|  0%| F|  |TAMS 0x0000000089200000, 0x0000000089200000| Untracked 
| 147|0x0000000089300000, 0x0000000089300000, 0x0000000089400000|  0%| F|  |TAMS 0x0000000089300000, 0x0000000089300000| Untracked 
| 148|0x0000000089400000, 0x0000000089400000, 0x0000000089500000|  0%| F|  |TAMS 0x0000000089400000, 0x0000000089400000| Untracked 
| 149|0x0000000089500000, 0x0000000089500000, 0x0000000089600000|  0%| F|  |TAMS 0x0000000089500000, 0x0000000089500000| Untracked 
| 150|0x0000000089600000, 0x0000000089600000, 0x0000000089700000|  0%| F|  |TAMS 0x0000000089600000, 0x0000000089600000| Untracked 
| 151|0x0000000089700000, 0x0000000089700000, 0x0000000089800000|  0%| F|  |TAMS 0x0000000089700000, 0x0000000089700000| Untracked 
| 152|0x0000000089800000, 0x0000000089800000, 0x0000000089900000|  0%| F|  |TAMS 0x0000000089800000, 0x0000000089800000| Untracked 
| 153|0x0000000089900000, 0x0000000089900000, 0x0000000089a00000|  0%| F|  |TAMS 0x0000000089900000, 0x0000000089900000| Untracked 
| 154|0x0000000089a00000, 0x0000000089a00000, 0x0000000089b00000|  0%| F|  |TAMS 0x0000000089a00000, 0x0000000089a00000| Untracked 
| 155|0x0000000089b00000, 0x0000000089b00000, 0x0000000089c00000|  0%| F|  |TAMS 0x0000000089b00000, 0x0000000089b00000| Untracked 
| 156|0x0000000089c00000, 0x0000000089c00000, 0x0000000089d00000|  0%| F|  |TAMS 0x0000000089c00000, 0x0000000089c00000| Untracked 
| 157|0x0000000089d00000, 0x0000000089d00000, 0x0000000089e00000|  0%| F|  |TAMS 0x0000000089d00000, 0x0000000089d00000| Untracked 
| 158|0x0000000089e00000, 0x0000000089e00000, 0x0000000089f00000|  0%| F|  |TAMS 0x0000000089e00000, 0x0000000089e00000| Untracked 
| 159|0x0000000089f00000, 0x0000000089f00000, 0x000000008a000000|  0%| F|  |TAMS 0x0000000089f00000, 0x0000000089f00000| Untracked 
| 160|0x000000008a000000, 0x000000008a000000, 0x000000008a100000|  0%| F|  |TAMS 0x000000008a000000, 0x000000008a000000| Untracked 
| 161|0x000000008a100000, 0x000000008a100000, 0x000000008a200000|  0%| F|  |TAMS 0x000000008a100000, 0x000000008a100000| Untracked 
| 162|0x000000008a200000, 0x000000008a200000, 0x000000008a300000|  0%| F|  |TAMS 0x000000008a200000, 0x000000008a200000| Untracked 
| 163|0x000000008a300000, 0x000000008a300000, 0x000000008a400000|  0%| F|  |TAMS 0x000000008a300000, 0x000000008a300000| Untracked 
| 164|0x000000008a400000, 0x000000008a400000, 0x000000008a500000|  0%| F|  |TAMS 0x000000008a400000, 0x000000008a400000| Untracked 
| 165|0x000000008a500000, 0x000000008a500000, 0x000000008a600000|  0%| F|  |TAMS 0x000000008a500000, 0x000000008a500000| Untracked 
| 166|0x000000008a600000, 0x000000008a600000, 0x000000008a700000|  0%| F|  |TAMS 0x000000008a600000, 0x000000008a600000| Untracked 
| 167|0x000000008a700000, 0x000000008a700000, 0x000000008a800000|  0%| F|  |TAMS 0x000000008a700000, 0x000000008a700000| Untracked 
| 168|0x000000008a800000, 0x000000008a800000, 0x000000008a900000|  0%| F|  |TAMS 0x000000008a800000, 0x000000008a800000| Untracked 
| 169|0x000000008a900000, 0x000000008a900000, 0x000000008aa00000|  0%| F|  |TAMS 0x000000008a900000, 0x000000008a900000| Untracked 
| 170|0x000000008aa00000, 0x000000008aa00000, 0x000000008ab00000|  0%| F|  |TAMS 0x000000008aa00000, 0x000000008aa00000| Untracked 
| 171|0x000000008ab00000, 0x000000008ab00000, 0x000000008ac00000|  0%| F|  |TAMS 0x000000008ab00000, 0x000000008ab00000| Untracked 
| 172|0x000000008ac00000, 0x000000008ac00000, 0x000000008ad00000|  0%| F|  |TAMS 0x000000008ac00000, 0x000000008ac00000| Untracked 
| 173|0x000000008ad00000, 0x000000008ad00000, 0x000000008ae00000|  0%| F|  |TAMS 0x000000008ad00000, 0x000000008ad00000| Untracked 
| 174|0x000000008ae00000, 0x000000008ae00000, 0x000000008af00000|  0%| F|  |TAMS 0x000000008ae00000, 0x000000008ae00000| Untracked 
| 175|0x000000008af00000, 0x000000008af00000, 0x000000008b000000|  0%| F|  |TAMS 0x000000008af00000, 0x000000008af00000| Untracked 
| 176|0x000000008b000000, 0x000000008b000000, 0x000000008b100000|  0%| F|  |TAMS 0x000000008b000000, 0x000000008b000000| Untracked 
| 177|0x000000008b100000, 0x000000008b100000, 0x000000008b200000|  0%| F|  |TAMS 0x000000008b100000, 0x000000008b100000| Untracked 
| 178|0x000000008b200000, 0x000000008b200000, 0x000000008b300000|  0%| F|  |TAMS 0x000000008b200000, 0x000000008b200000| Untracked 
| 179|0x000000008b300000, 0x000000008b300000, 0x000000008b400000|  0%| F|  |TAMS 0x000000008b300000, 0x000000008b300000| Untracked 
| 180|0x000000008b400000, 0x000000008b400000, 0x000000008b500000|  0%| F|  |TAMS 0x000000008b400000, 0x000000008b400000| Untracked 
| 181|0x000000008b500000, 0x000000008b500000, 0x000000008b600000|  0%| F|  |TAMS 0x000000008b500000, 0x000000008b500000| Untracked 
| 182|0x000000008b600000, 0x000000008b600000, 0x000000008b700000|  0%| F|  |TAMS 0x000000008b600000, 0x000000008b600000| Untracked 
| 183|0x000000008b700000, 0x000000008b700000, 0x000000008b800000|  0%| F|  |TAMS 0x000000008b700000, 0x000000008b700000| Untracked 
| 184|0x000000008b800000, 0x000000008b800000, 0x000000008b900000|  0%| F|  |TAMS 0x000000008b800000, 0x000000008b800000| Untracked 
| 185|0x000000008b900000, 0x000000008b900000, 0x000000008ba00000|  0%| F|  |TAMS 0x000000008b900000, 0x000000008b900000| Untracked 
| 186|0x000000008ba00000, 0x000000008ba00000, 0x000000008bb00000|  0%| F|  |TAMS 0x000000008ba00000, 0x000000008ba00000| Untracked 
| 187|0x000000008bb00000, 0x000000008bb00000, 0x000000008bc00000|  0%| F|  |TAMS 0x000000008bb00000, 0x000000008bb00000| Untracked 
| 188|0x000000008bc00000, 0x000000008bc00000, 0x000000008bd00000|  0%| F|  |TAMS 0x000000008bc00000, 0x000000008bc00000| Untracked 
| 189|0x000000008bd00000, 0x000000008bd00000, 0x000000008be00000|  0%| F|  |TAMS 0x000000008bd00000, 0x000000008bd00000| Untracked 
| 190|0x000000008be00000, 0x000000008be00000, 0x000000008bf00000|  0%| F|  |TAMS 0x000000008be00000, 0x000000008be00000| Untracked 
| 191|0x000000008bf00000, 0x000000008bf00000, 0x000000008c000000|  0%| F|  |TAMS 0x000000008bf00000, 0x000000008bf00000| Untracked 
| 192|0x000000008c000000, 0x000000008c000000, 0x000000008c100000|  0%| F|  |TAMS 0x000000008c000000, 0x000000008c000000| Untracked 
| 193|0x000000008c100000, 0x000000008c100000, 0x000000008c200000|  0%| F|  |TAMS 0x000000008c100000, 0x000000008c100000| Untracked 
| 194|0x000000008c200000, 0x000000008c200000, 0x000000008c300000|  0%| F|  |TAMS 0x000000008c200000, 0x000000008c200000| Untracked 
| 195|0x000000008c300000, 0x000000008c300000, 0x000000008c400000|  0%| F|  |TAMS 0x000000008c300000, 0x000000008c300000| Untracked 
| 196|0x000000008c400000, 0x000000008c400000, 0x000000008c500000|  0%| F|  |TAMS 0x000000008c400000, 0x000000008c400000| Untracked 
| 197|0x000000008c500000, 0x000000008c500000, 0x000000008c600000|  0%| F|  |TAMS 0x000000008c500000, 0x000000008c500000| Untracked 
| 198|0x000000008c600000, 0x000000008c600000, 0x000000008c700000|  0%| F|  |TAMS 0x000000008c600000, 0x000000008c600000| Untracked 
| 199|0x000000008c700000, 0x000000008c700000, 0x000000008c800000|  0%| F|  |TAMS 0x000000008c700000, 0x000000008c700000| Untracked 
| 200|0x000000008c800000, 0x000000008c800000, 0x000000008c900000|  0%| F|  |TAMS 0x000000008c800000, 0x000000008c800000| Untracked 
| 201|0x000000008c900000, 0x000000008c900000, 0x000000008ca00000|  0%| F|  |TAMS 0x000000008c900000, 0x000000008c900000| Untracked 
| 202|0x000000008ca00000, 0x000000008ca00000, 0x000000008cb00000|  0%| F|  |TAMS 0x000000008ca00000, 0x000000008ca00000| Untracked 
| 203|0x000000008cb00000, 0x000000008cb00000, 0x000000008cc00000|  0%| F|  |TAMS 0x000000008cb00000, 0x000000008cb00000| Untracked 
| 204|0x000000008cc00000, 0x000000008cc00000, 0x000000008cd00000|  0%| F|  |TAMS 0x000000008cc00000, 0x000000008cc00000| Untracked 
| 205|0x000000008cd00000, 0x000000008cd00000, 0x000000008ce00000|  0%| F|  |TAMS 0x000000008cd00000, 0x000000008cd00000| Untracked 
| 206|0x000000008ce00000, 0x000000008ce00000, 0x000000008cf00000|  0%| F|  |TAMS 0x000000008ce00000, 0x000000008ce00000| Untracked 
| 207|0x000000008cf00000, 0x000000008cf00000, 0x000000008d000000|  0%| F|  |TAMS 0x000000008cf00000, 0x000000008cf00000| Untracked 
| 208|0x000000008d000000, 0x000000008d000000, 0x000000008d100000|  0%| F|  |TAMS 0x000000008d000000, 0x000000008d000000| Untracked 
| 209|0x000000008d100000, 0x000000008d100000, 0x000000008d200000|  0%| F|  |TAMS 0x000000008d100000, 0x000000008d100000| Untracked 
| 210|0x000000008d200000, 0x000000008d200000, 0x000000008d300000|  0%| F|  |TAMS 0x000000008d200000, 0x000000008d200000| Untracked 
| 211|0x000000008d300000, 0x000000008d300000, 0x000000008d400000|  0%| F|  |TAMS 0x000000008d300000, 0x000000008d300000| Untracked 
| 212|0x000000008d400000, 0x000000008d400000, 0x000000008d500000|  0%| F|  |TAMS 0x000000008d400000, 0x000000008d400000| Untracked 
| 213|0x000000008d500000, 0x000000008d500000, 0x000000008d600000|  0%| F|  |TAMS 0x000000008d500000, 0x000000008d500000| Untracked 
| 214|0x000000008d600000, 0x000000008d600000, 0x000000008d700000|  0%| F|  |TAMS 0x000000008d600000, 0x000000008d600000| Untracked 
| 215|0x000000008d700000, 0x000000008d700000, 0x000000008d800000|  0%| F|  |TAMS 0x000000008d700000, 0x000000008d700000| Untracked 
| 216|0x000000008d800000, 0x000000008d800000, 0x000000008d900000|  0%| F|  |TAMS 0x000000008d800000, 0x000000008d800000| Untracked 
| 217|0x000000008d900000, 0x000000008d900000, 0x000000008da00000|  0%| F|  |TAMS 0x000000008d900000, 0x000000008d900000| Untracked 
| 218|0x000000008da00000, 0x000000008da00000, 0x000000008db00000|  0%| F|  |TAMS 0x000000008da00000, 0x000000008da00000| Untracked 
| 219|0x000000008db00000, 0x000000008db00000, 0x000000008dc00000|  0%| F|  |TAMS 0x000000008db00000, 0x000000008db00000| Untracked 
| 220|0x000000008dc00000, 0x000000008dc00000, 0x000000008dd00000|  0%| F|  |TAMS 0x000000008dc00000, 0x000000008dc00000| Untracked 
| 221|0x000000008dd00000, 0x000000008dd00000, 0x000000008de00000|  0%| F|  |TAMS 0x000000008dd00000, 0x000000008dd00000| Untracked 
| 222|0x000000008de00000, 0x000000008de00000, 0x000000008df00000|  0%| F|  |TAMS 0x000000008de00000, 0x000000008de00000| Untracked 
| 223|0x000000008df00000, 0x000000008df00000, 0x000000008e000000|  0%| F|  |TAMS 0x000000008df00000, 0x000000008df00000| Untracked 
| 224|0x000000008e000000, 0x000000008e000000, 0x000000008e100000|  0%| F|  |TAMS 0x000000008e000000, 0x000000008e000000| Untracked 
| 225|0x000000008e100000, 0x000000008e100000, 0x000000008e200000|  0%| F|  |TAMS 0x000000008e100000, 0x000000008e100000| Untracked 
| 226|0x000000008e200000, 0x000000008e200000, 0x000000008e300000|  0%| F|  |TAMS 0x000000008e200000, 0x000000008e200000| Untracked 
| 227|0x000000008e300000, 0x000000008e300000, 0x000000008e400000|  0%| F|  |TAMS 0x000000008e300000, 0x000000008e300000| Untracked 
| 228|0x000000008e400000, 0x000000008e400000, 0x000000008e500000|  0%| F|  |TAMS 0x000000008e400000, 0x000000008e400000| Untracked 
| 229|0x000000008e500000, 0x000000008e500000, 0x000000008e600000|  0%| F|  |TAMS 0x000000008e500000, 0x000000008e500000| Untracked 
| 230|0x000000008e600000, 0x000000008e600000, 0x000000008e700000|  0%| F|  |TAMS 0x000000008e600000, 0x000000008e600000| Untracked 
| 231|0x000000008e700000, 0x000000008e7602d0, 0x000000008e800000| 37%| E|  |TAMS 0x000000008e700000, 0x000000008e700000| Complete 
| 232|0x000000008e800000, 0x000000008e900000, 0x000000008e900000|100%| E|CS|TAMS 0x000000008e800000, 0x000000008e800000| Complete 
| 233|0x000000008e900000, 0x000000008ea00000, 0x000000008ea00000|100%| E|CS|TAMS 0x000000008e900000, 0x000000008e900000| Complete 
| 234|0x000000008ea00000, 0x000000008eb00000, 0x000000008eb00000|100%| E|CS|TAMS 0x000000008ea00000, 0x000000008ea00000| Complete 
| 235|0x000000008eb00000, 0x000000008ec00000, 0x000000008ec00000|100%| E|CS|TAMS 0x000000008eb00000, 0x000000008eb00000| Complete 
| 236|0x000000008ec00000, 0x000000008ed00000, 0x000000008ed00000|100%| E|CS|TAMS 0x000000008ec00000, 0x000000008ec00000| Complete 
| 237|0x000000008ed00000, 0x000000008ee00000, 0x000000008ee00000|100%| E|CS|TAMS 0x000000008ed00000, 0x000000008ed00000| Complete 
| 238|0x000000008ee00000, 0x000000008ef00000, 0x000000008ef00000|100%| E|CS|TAMS 0x000000008ee00000, 0x000000008ee00000| Complete 
| 239|0x000000008ef00000, 0x000000008f000000, 0x000000008f000000|100%| E|CS|TAMS 0x000000008ef00000, 0x000000008ef00000| Complete 
| 240|0x000000008f000000, 0x000000008f100000, 0x000000008f100000|100%| E|CS|TAMS 0x000000008f000000, 0x000000008f000000| Complete 
| 241|0x000000008f100000, 0x000000008f200000, 0x000000008f200000|100%| E|CS|TAMS 0x000000008f100000, 0x000000008f100000| Complete 
| 242|0x000000008f200000, 0x000000008f300000, 0x000000008f300000|100%| E|  |TAMS 0x000000008f200000, 0x000000008f200000| Complete 
| 243|0x000000008f300000, 0x000000008f400000, 0x000000008f400000|100%| E|CS|TAMS 0x000000008f300000, 0x000000008f300000| Complete 
| 244|0x000000008f400000, 0x000000008f500000, 0x000000008f500000|100%| E|CS|TAMS 0x000000008f400000, 0x000000008f400000| Complete 
| 245|0x000000008f500000, 0x000000008f600000, 0x000000008f600000|100%| E|CS|TAMS 0x000000008f500000, 0x000000008f500000| Complete 
| 246|0x000000008f600000, 0x000000008f700000, 0x000000008f700000|100%| E|CS|TAMS 0x000000008f600000, 0x000000008f600000| Complete 
| 247|0x000000008f700000, 0x000000008f800000, 0x000000008f800000|100%| E|CS|TAMS 0x000000008f700000, 0x000000008f700000| Complete 
| 248|0x000000008f800000, 0x000000008f900000, 0x000000008f900000|100%| E|CS|TAMS 0x000000008f800000, 0x000000008f800000| Complete 
| 249|0x000000008f900000, 0x000000008fa00000, 0x000000008fa00000|100%| E|CS|TAMS 0x000000008f900000, 0x000000008f900000| Complete 
| 250|0x000000008fa00000, 0x000000008fb00000, 0x000000008fb00000|100%| E|CS|TAMS 0x000000008fa00000, 0x000000008fa00000| Complete 
| 251|0x000000008fb00000, 0x000000008fc00000, 0x000000008fc00000|100%| E|CS|TAMS 0x000000008fb00000, 0x000000008fb00000| Complete 
| 252|0x000000008fc00000, 0x000000008fd00000, 0x000000008fd00000|100%| E|CS|TAMS 0x000000008fc00000, 0x000000008fc00000| Complete 
| 253|0x000000008fd00000, 0x000000008fe00000, 0x000000008fe00000|100%| E|CS|TAMS 0x000000008fd00000, 0x000000008fd00000| Complete 

Card table byte_map: [0x0000022a76070000,0x0000022a76470000] _byte_map_base: 0x0000022a75c70000

Marking Bits (Prev, Next): (CMBitMap*) 0x0000022a721934d0, (CMBitMap*) 0x0000022a72193498
 Prev Bits: [0x0000022a78870000, 0x0000022a7a870000)
 Next Bits: [0x0000022a76870000, 0x0000022a78870000)

Polling page: 0x0000022a700d0000

Metaspace:

Usage:
  Non-class:     74.43 MB capacity,    72.95 MB ( 98%) used,     1.26 MB (  2%) free+waste,   237.12 KB ( <1%) overhead. 
      Class:     11.61 MB capacity,    10.85 MB ( 93%) used,   670.20 KB (  6%) free+waste,   109.56 KB ( <1%) overhead. 
       Both:     86.05 MB capacity,    83.80 MB ( 97%) used,     1.91 MB (  2%) free+waste,   346.69 KB ( <1%) overhead. 

Virtual space:
  Non-class space:       76.00 MB reserved,      74.60 MB ( 98%) committed 
      Class space:        1.00 GB reserved,      11.62 MB (  1%) committed 
             Both:        1.07 GB reserved,      86.23 MB (  8%) committed 

Chunk freelists:
   Non-Class:  44.00 KB
       Class:  0 bytes
        Both:  44.00 KB

MaxMetaspaceSize: 17179869184.00 GB
CompressedClassSpaceSize: 1.00 GB
Initial GC threshold: 20.80 MB
Current GC threshold: 140.80 MB
CDS: off

CodeHeap 'non-profiled nmethods': size=120064Kb used=4985Kb max_used=4985Kb free=115079Kb
 bounds [0x0000022a07ac0000, 0x0000022a07fa0000, 0x0000022a0f000000]
CodeHeap 'profiled nmethods': size=120000Kb used=18510Kb max_used=18510Kb free=101489Kb
 bounds [0x0000022a00590000, 0x0000022a017b0000, 0x0000022a07ac0000]
CodeHeap 'non-nmethods': size=5696Kb used=2365Kb max_used=2416Kb free=3331Kb
 bounds [0x0000022a00000000, 0x0000022a00270000, 0x0000022a00590000]
 total_blobs=9489 nmethods=8599 adapters=803
 compilation: enabled
              stopped_count=0, restarted_count=0
 full_count=0

Compilation events (20 events):
Event: 23.779 Thread 0x0000022a7d646800 8621       3       com.esotericsoftware.kryo.io.Output::<init> (64 bytes)
Event: 23.780 Thread 0x0000022a7d646800 nmethod 8621 0x0000022a01797510 code [0x0000022a01797740, 0x0000022a01797c68]
Event: 23.780 Thread 0x0000022a7d646800 8623       1       org.gradle.api.internal.artifacts.ivyservice.ivyresolve.RepositoryChainModuleSource::getRepositoryName (5 bytes)
Event: 23.780 Thread 0x0000022a7d646800 nmethod 8623 0x0000022a07f9c910 code [0x0000022a07f9cac0, 0x0000022a07f9cb78]
Event: 23.780 Thread 0x0000022a7d646800 8624       1       org.gradle.api.internal.artifacts.ivyservice.modulecache.ResolvedArtifactCaches$ResolvedArtifactCacheProvidingModuleComponentRepository::getArtifactCache (5 bytes)
Event: 23.780 Thread 0x0000022a7d646800 nmethod 8624 0x0000022a07f9cc10 code [0x0000022a07f9cdc0, 0x0000022a07f9ce78]
Event: 23.781 Thread 0x0000022a7d646800 8625       3       org.gradle.internal.resources.AbstractTrackedResourceLock::isLockedByCurrentThread (9 bytes)
Event: 23.782 Thread 0x0000022a7d646800 nmethod 8625 0x0000022a01797e90 code [0x0000022a01798080, 0x0000022a01798428]
Event: 23.782 Thread 0x0000022a7d646800 8626       3       org.gradle.internal.file.impl.SingleDepthFileAccessTracker::markAccessed (79 bytes)
Event: 23.782 Thread 0x0000022a7d646800 nmethod 8626 0x0000022a01798610 code [0x0000022a01798840, 0x0000022a01798f98]
Event: 23.782 Thread 0x0000022a7d646800 8627       3       sun.nio.fs.WindowsPath::subpath (7 bytes)
Event: 23.782 Thread 0x0000022a7d646800 nmethod 8627 0x0000022a01799190 code [0x0000022a01799340, 0x0000022a017994e8]
Event: 23.782 Thread 0x0000022a7d646800 8629       3       org.gradle.cache.internal.btree.BTreePersistentIndexedCache$DataBlock::useNewValue (57 bytes)
Event: 23.783 Thread 0x0000022a7d646800 nmethod 8629 0x0000022a01799590 code [0x0000022a017997c0, 0x0000022a01799e28]
Event: 23.783 Thread 0x0000022a7d646800 8628       1       org.gradle.api.internal.artifacts.dsl.ArtifactFile::getExtension (5 bytes)
Event: 23.783 Thread 0x0000022a7d646800 nmethod 8628 0x0000022a07f9cf10 code [0x0000022a07f9d0c0, 0x0000022a07f9d178]
Event: 23.784 Thread 0x0000022a7d646800 8631       3       org.gradle.internal.hash.HashCode$HashCode128::equals (57 bytes)
Event: 23.784 Thread 0x0000022a7d646800 nmethod 8631 0x0000022a0179a090 code [0x0000022a0179a260, 0x0000022a0179a5f8]
Event: 23.785 Thread 0x0000022a7d646800 8632       1       com.google.common.collect.ImmutableSortedSet::comparator (5 bytes)
Event: 23.786 Thread 0x0000022a7d646800 nmethod 8632 0x0000022a07f9d210 code [0x0000022a07f9d3c0, 0x0000022a07f9d478]

GC Heap History (18 events):
Event: 1.956 GC heap before
{Heap before GC invocations=0 (full 0):
 garbage-first heap   total 260096K, used 16384K [0x0000000080000000, 0x0000000100000000)
  region size 1024K, 14 young (14336K), 0 survivors (0K)
 Metaspace       used 6747K, capacity 6989K, committed 7168K, reserved 1056768K
  class space    used 571K, capacity 650K, committed 768K, reserved 1048576K
}
Event: 2.034 GC heap after
{Heap after GC invocations=1 (full 0):
 garbage-first heap   total 260096K, used 4039K [0x0000000080000000, 0x0000000100000000)
  region size 1024K, 2 young (2048K), 2 survivors (2048K)
 Metaspace       used 6747K, capacity 6989K, committed 7168K, reserved 1056768K
  class space    used 571K, capacity 650K, committed 768K, reserved 1048576K
}
Event: 4.758 GC heap before
{Heap before GC invocations=1 (full 0):
 garbage-first heap   total 260096K, used 115655K [0x0000000080000000, 0x0000000100000000)
  region size 1024K, 108 young (110592K), 2 survivors (2048K)
 Metaspace       used 20884K, capacity 21213K, committed 21296K, reserved 1069056K
  class space    used 2509K, capacity 2651K, committed 2688K, reserved 1048576K
}
Event: 4.766 GC heap after
{Heap after GC invocations=2 (full 0):
 garbage-first heap   total 260096K, used 17549K [0x0000000080000000, 0x0000000100000000)
  region size 1024K, 13 young (13312K), 13 survivors (13312K)
 Metaspace       used 20884K, capacity 21213K, committed 21296K, reserved 1069056K
  class space    used 2509K, capacity 2651K, committed 2688K, reserved 1048576K
}
Event: 5.038 GC heap before
{Heap before GC invocations=3 (full 0):
 garbage-first heap   total 260096K, used 46221K [0x0000000080000000, 0x0000000100000000)
  region size 1024K, 42 young (43008K), 13 survivors (13312K)
 Metaspace       used 23993K, capacity 24515K, committed 24752K, reserved 1071104K
  class space    used 3006K, capacity 3226K, committed 3328K, reserved 1048576K
}
Event: 5.045 GC heap after
{Heap after GC invocations=4 (full 0):
 garbage-first heap   total 260096K, used 18108K [0x0000000080000000, 0x0000000100000000)
  region size 1024K, 2 young (2048K), 2 survivors (2048K)
 Metaspace       used 23993K, capacity 24515K, committed 24752K, reserved 1071104K
  class space    used 3006K, capacity 3226K, committed 3328K, reserved 1048576K
}
Event: 6.256 GC heap before
{Heap before GC invocations=4 (full 0):
 garbage-first heap   total 260096K, used 110268K [0x0000000080000000, 0x0000000100000000)
  region size 1024K, 93 young (95232K), 2 survivors (2048K)
 Metaspace       used 34958K, capacity 35761K, committed 35888K, reserved 1081344K
  class space    used 4555K, capacity 4921K, committed 4992K, reserved 1048576K
}
Event: 6.266 GC heap after
{Heap after GC invocations=5 (full 0):
 garbage-first heap   total 260096K, used 21996K [0x0000000080000000, 0x0000000100000000)
  region size 1024K, 6 young (6144K), 6 survivors (6144K)
 Metaspace       used 34958K, capacity 35761K, committed 35888K, reserved 1081344K
  class space    used 4555K, capacity 4921K, committed 4992K, reserved 1048576K
}
Event: 7.374 GC heap before
{Heap before GC invocations=6 (full 0):
 garbage-first heap   total 260096K, used 137708K [0x0000000080000000, 0x0000000100000000)
  region size 1024K, 116 young (118784K), 6 survivors (6144K)
 Metaspace       used 45099K, capacity 46320K, committed 46440K, reserved 1089536K
  class space    used 5705K, capacity 6122K, committed 6144K, reserved 1048576K
}
Event: 7.393 GC heap after
{Heap after GC invocations=7 (full 0):
 garbage-first heap   total 260096K, used 30290K [0x0000000080000000, 0x0000000100000000)
  region size 1024K, 14 young (14336K), 14 survivors (14336K)
 Metaspace       used 45099K, capacity 46320K, committed 46440K, reserved 1089536K
  class space    used 5705K, capacity 6122K, committed 6144K, reserved 1048576K
}
Event: 9.054 GC heap before
{Heap before GC invocations=8 (full 0):
 garbage-first heap   total 260096K, used 162386K [0x0000000080000000, 0x0000000100000000)
  region size 1024K, 139 young (142336K), 14 survivors (14336K)
 Metaspace       used 54689K, capacity 56256K, committed 56296K, reserved 1097728K
  class space    used 6958K, capacity 7525K, committed 7552K, reserved 1048576K
}
Event: 9.073 GC heap after
{Heap after GC invocations=9 (full 0):
 garbage-first heap   total 260096K, used 44221K [0x0000000080000000, 0x0000000100000000)
  region size 1024K, 18 young (18432K), 18 survivors (18432K)
 Metaspace       used 54689K, capacity 56256K, committed 56296K, reserved 1097728K
  class space    used 6958K, capacity 7525K, committed 7552K, reserved 1048576K
}
Event: 10.800 GC heap before
{Heap before GC invocations=9 (full 0):
 garbage-first heap   total 260096K, used 189629K [0x0000000080000000, 0x0000000100000000)
  region size 1024K, 152 young (155648K), 18 survivors (18432K)
 Metaspace       used 67408K, capacity 69064K, committed 69224K, reserved 1110016K
  class space    used 8504K, capacity 9102K, committed 9216K, reserved 1048576K
}
Event: 10.820 GC heap after
{Heap after GC invocations=10 (full 0):
 garbage-first heap   total 260096K, used 54190K [0x0000000080000000, 0x0000000100000000)
  region size 1024K, 10 young (10240K), 10 survivors (10240K)
 Metaspace       used 67408K, capacity 69064K, committed 69224K, reserved 1110016K
  class space    used 8504K, capacity 9102K, committed 9216K, reserved 1048576K
}
Event: 11.879 GC heap before
{Heap before GC invocations=10 (full 0):
 garbage-first heap   total 260096K, used 161710K [0x0000000080000000, 0x0000000100000000)
  region size 1024K, 116 young (118784K), 10 survivors (10240K)
 Metaspace       used 76012K, capacity 77893K, committed 77928K, reserved 1116160K
  class space    used 9815K, capacity 10480K, committed 10496K, reserved 1048576K
}
Event: 11.902 GC heap after
{Heap after GC invocations=11 (full 0):
 garbage-first heap   total 260096K, used 60846K [0x0000000080000000, 0x0000000100000000)
  region size 1024K, 17 young (17408K), 17 survivors (17408K)
 Metaspace       used 76012K, capacity 77893K, committed 77928K, reserved 1116160K
  class space    used 9815K, capacity 10480K, committed 10496K, reserved 1048576K
}
Event: 13.437 GC heap before
{Heap before GC invocations=12 (full 0):
 garbage-first heap   total 260096K, used 193966K [0x0000000080000000, 0x0000000100000000)
  region size 1024K, 148 young (151552K), 17 survivors (17408K)
 Metaspace       used 83791K, capacity 85787K, committed 85864K, reserved 1124352K
  class space    used 10744K, capacity 11463K, committed 11520K, reserved 1048576K
}
Event: 13.463 GC heap after
{Heap after GC invocations=13 (full 0):
 garbage-first heap   total 260096K, used 74339K [0x0000000080000000, 0x0000000100000000)
  region size 1024K, 19 young (19456K), 19 survivors (19456K)
 Metaspace       used 83791K, capacity 85787K, committed 85864K, reserved 1124352K
  class space    used 10744K, capacity 11463K, committed 11520K, reserved 1048576K
}

Deoptimization events (20 events):
Event: 23.642 Thread 0x0000022a0ff85800 DEOPT PACKING pc=0x0000022a07bee424 sp=0x0000005f766fda00
Event: 23.642 Thread 0x0000022a0ff85800 DEOPT UNPACKING pc=0x0000022a0004a1a9 sp=0x0000005f766fd9f8 mode 2
Event: 23.642 Thread 0x0000022a0ff85800 Uncommon trap: trap_request=0xffffffde fr.pc=0x0000022a07c6f174 relative=0x00000000000002b4
Event: 23.642 Thread 0x0000022a0ff85800 Uncommon trap: reason=class_check action=maybe_recompile pc=0x0000022a07c6f174 method=java.util.stream.StreamOpFlag.fromCharacteristics(Ljava/util/Spliterator;)I @ 14 c2
Event: 23.642 Thread 0x0000022a0ff85800 DEOPT PACKING pc=0x0000022a07c6f174 sp=0x0000005f766fd2f0
Event: 23.642 Thread 0x0000022a0ff85800 DEOPT UNPACKING pc=0x0000022a0004a1a9 sp=0x0000005f766fd1d8 mode 2
Event: 23.643 Thread 0x0000022a0ff84800 Uncommon trap: trap_request=0xffffffde fr.pc=0x0000022a07bee424 relative=0x00000000000002e4
Event: 23.643 Thread 0x0000022a0ff84800 Uncommon trap: reason=class_check action=maybe_recompile pc=0x0000022a07bee424 method=java.util.Collections$SetFromMap.remove(Ljava/lang/Object;)Z @ 5 c2
Event: 23.643 Thread 0x0000022a0ff84800 DEOPT PACKING pc=0x0000022a07bee424 sp=0x0000005f76afe960
Event: 23.643 Thread 0x0000022a0ff84800 DEOPT UNPACKING pc=0x0000022a0004a1a9 sp=0x0000005f76afe958 mode 2
Event: 23.665 Thread 0x0000022a0f3ca800 DEOPT PACKING pc=0x0000022a0145314b sp=0x0000005f728fe6e0
Event: 23.665 Thread 0x0000022a0f3ca800 DEOPT UNPACKING pc=0x0000022a0004a93f sp=0x0000005f728fdba0 mode 0
Event: 23.745 Thread 0x0000022a0f3ca800 DEOPT PACKING pc=0x0000022a01453cad sp=0x0000005f728fe1e0
Event: 23.745 Thread 0x0000022a0f3ca800 DEOPT UNPACKING pc=0x0000022a0004a93f sp=0x0000005f728fd6a8 mode 0
Event: 23.766 Thread 0x0000022a0ff84800 DEOPT PACKING pc=0x0000022a015e92c4 sp=0x0000005f76afb0f0
Event: 23.766 Thread 0x0000022a0ff84800 DEOPT UNPACKING pc=0x0000022a0004a93f sp=0x0000005f76afa690 mode 0
Event: 23.791 Thread 0x0000022a0ff84800 Uncommon trap: trap_request=0xffffff4d fr.pc=0x0000022a07d5e300 relative=0x0000000000000700
Event: 23.791 Thread 0x0000022a0ff84800 Uncommon trap: reason=unstable_if action=reinterpret pc=0x0000022a07d5e300 method=org.gradle.internal.snapshot.VfsRelativePath.isPrefix(Ljava/lang/String;ILjava/lang/String;ILorg/gradle/internal/snapshot/CaseSensitivity;)Z @ 89 c2
Event: 23.791 Thread 0x0000022a0ff84800 DEOPT PACKING pc=0x0000022a07d5e300 sp=0x0000005f76afa5a0
Event: 23.791 Thread 0x0000022a0ff84800 DEOPT UNPACKING pc=0x0000022a0004a1a9 sp=0x0000005f76afa520 mode 2

Classes redefined (0 events):
No events

Internal exceptions (20 events):
Event: 13.412 Thread 0x0000022a0f06f000 Exception <a 'sun/nio/fs/WindowsException'{0x0000000086ba6340}> (0x0000000086ba6340) thrown at [src/hotspot/share/prims/jni.cpp, line 617]
Event: 13.544 Thread 0x0000022a0f3ca800 Exception <a 'java/lang/NoSuchMethodError'{0x000000008fafd1e0}: <clinit>> (0x000000008fafd1e0) thrown at [src/hotspot/share/prims/jni.cpp, line 1367]
Event: 13.548 Thread 0x0000022a0f3ca800 Exception <a 'java/lang/NoSuchMethodError'{0x000000008f907a00}: <clinit>> (0x000000008f907a00) thrown at [src/hotspot/share/prims/jni.cpp, line 1367]
Event: 13.559 Thread 0x0000022a0ff85800 Exception <a 'java/lang/IncompatibleClassChangeError'{0x000000008f96efd8}: Found class java.lang.Object, but interface was expected> (0x000000008f96efd8) thrown at [src/hotspot/share/interpreter/linkResolver.cpp, line 839]
Event: 13.606 Thread 0x0000022a0ff85800 Implicit null exception at 0x0000022a07ebacf7 to 0x0000022a07ebae90
Event: 18.628 Thread 0x0000022a0ff85800 Exception <a 'net/rubygrapefruit/platform/NativeException'{0x000000008f755e20}: Execution timed out> (0x000000008f755e20) thrown at [src/hotspot/share/prims/jni.cpp, line 638]
Event: 23.634 Thread 0x0000022a0ff85800 Exception <a 'net/rubygrapefruit/platform/NativeException'{0x000000008f7738b0}: Execution timed out> (0x000000008f7738b0) thrown at [src/hotspot/share/prims/jni.cpp, line 638]
Event: 23.642 Thread 0x0000022a0f3ca800 Exception <a 'java/lang/NoSuchMethodError'{0x000000008f5c8aa8}: <clinit>> (0x000000008f5c8aa8) thrown at [src/hotspot/share/prims/jni.cpp, line 1367]
Event: 23.643 Thread 0x0000022a0f3ca800 Exception <a 'java/lang/NoSuchMethodError'{0x000000008f5edc08}: <clinit>> (0x000000008f5edc08) thrown at [src/hotspot/share/prims/jni.cpp, line 1367]
Event: 23.643 Thread 0x0000022a0f3ca800 Exception <a 'java/lang/NoSuchMethodError'{0x000000008f5ef300}: <clinit>> (0x000000008f5ef300) thrown at [src/hotspot/share/prims/jni.cpp, line 1367]
Event: 23.646 Thread 0x0000022a0f3ca800 Exception <a 'java/lang/NoSuchMethodError'{0x000000008f47cec8}: <clinit>> (0x000000008f47cec8) thrown at [src/hotspot/share/prims/jni.cpp, line 1367]
Event: 23.647 Thread 0x0000022a0f3ca800 Exception <a 'java/lang/NoSuchMethodError'{0x000000008f4e9850}: <clinit>> (0x000000008f4e9850) thrown at [src/hotspot/share/prims/jni.cpp, line 1367]
Event: 23.649 Thread 0x0000022a0f3ca800 Exception <a 'java/lang/NoSuchMethodError'{0x000000008f31cf40}: <clinit>> (0x000000008f31cf40) thrown at [src/hotspot/share/prims/jni.cpp, line 1367]
Event: 23.659 Thread 0x0000022a10acb800 Exception <a 'java/lang/NoSuchMethodError'{0x000000008f531c38}: <clinit>> (0x000000008f531c38) thrown at [src/hotspot/share/prims/jni.cpp, line 1367]
Event: 23.662 Thread 0x0000022a10acb800 Exception <a 'java/lang/NoSuchMethodError'{0x000000008f2c1ca0}: <clinit>> (0x000000008f2c1ca0) thrown at [src/hotspot/share/prims/jni.cpp, line 1367]
Event: 23.666 Thread 0x0000022a0f3ca800 Exception <a 'java/lang/NoSuchMethodError'{0x000000008f2f4050}: <clinit>> (0x000000008f2f4050) thrown at [src/hotspot/share/prims/jni.cpp, line 1367]
Event: 23.667 Thread 0x0000022a10acb800 Exception <a 'java/lang/NoSuchMethodError'{0x000000008f113ab0}: <clinit>> (0x000000008f113ab0) thrown at [src/hotspot/share/prims/jni.cpp, line 1367]
Event: 23.684 Thread 0x0000022a0ff85800 Exception <a 'java/lang/NoSuchMethodError'{0x000000008f07f9c0}: 'int java.lang.invoke.DirectMethodHandle$Holder.invokeSpecial(java.lang.Object, java.lang.Object, java.lang.Object, java.lang.Object, java.lang.Object)'> (0x000000008f07f9c0) thrown at [src/hotspot/share/interpreter/linkResolver.cpp, line 773]
Event: 23.709 Thread 0x0000022a0ff84800 Exception <a 'java/lang/IncompatibleClassChangeError'{0x000000008ef1d0a0}: Found class java.lang.Object, but interface was expected> (0x000000008ef1d0a0) thrown at [src/hotspot/share/interpreter/linkResolver.cpp, line 839]
Event: 23.734 Thread 0x0000022a0ff84800 Exception <a 'java/lang/NoSuchMethodError'{0x000000008ed26450}: 'int java.lang.invoke.DirectMethodHandle$Holder.invokeStaticInit(java.lang.Object, java.lang.Object, java.lang.Object, java.lang.Object, java.lang.Object)'> (0x000000008ed26450) thrown at [src/hotspot/share/interpreter/linkResolver.cpp, line 773]

Events (20 events):
Event: 23.792 loading class org/gradle/internal/snapshot/FileSystemNode
Event: 23.792 loading class org/gradle/internal/snapshot/FileSystemNode done
Event: 23.792 loading class org/gradle/internal/snapshot/FileSystemNode
Event: 23.792 loading class org/gradle/internal/snapshot/FileSystemNode done
Event: 23.792 loading class org/gradle/internal/vfs/impl/DefaultSnapshotHierarchy
Event: 23.792 loading class org/gradle/internal/vfs/impl/DefaultSnapshotHierarchy done
Event: 23.792 loading class org/gradle/internal/snapshot/SnapshotHierarchy
Event: 23.792 loading class org/gradle/internal/snapshot/SnapshotHierarchy done
Event: 23.792 loading class org/gradle/internal/snapshot/SnapshotHierarchy
Event: 23.792 loading class org/gradle/internal/snapshot/SnapshotHierarchy done
Event: 23.792 loading class org/gradle/internal/vfs/impl/DefaultSnapshotHierarchy
Event: 23.792 loading class org/gradle/internal/vfs/impl/DefaultSnapshotHierarchy done
Event: 23.792 loading class org/gradle/internal/vfs/impl/VersionHierarchy$2
Event: 23.792 loading class org/gradle/internal/vfs/impl/VersionHierarchy$2 done
Event: 23.793 loading class org/gradle/internal/execution/steps/CaptureStateAfterExecutionStep$3
Event: 23.793 loading class org/gradle/internal/execution/steps/CaptureStateAfterExecutionStep$3 done
Event: 23.793 loading class org/gradle/internal/execution/steps/CreateOutputsStep$1
Event: 23.793 loading class org/gradle/internal/execution/steps/CreateOutputsStep$1 done
Event: 23.794 loading class org/gradle/internal/execution/steps/CreateOutputsStep$2
Event: 23.794 loading class org/gradle/internal/execution/steps/CreateOutputsStep$2 done


Dynamic libraries:
0x00007ff74a1c0000 - 0x00007ff74a1ca000 	C:\Program Files\Android\Android Studio\jbr\bin\java.exe
0x00007ffecc570000 - 0x00007ffecc766000 	C:\Windows\SYSTEM32\ntdll.dll
0x00007ffecb340000 - 0x00007ffecb3fd000 	C:\Windows\System32\KERNEL32.DLL
0x00007ffec9cb0000 - 0x00007ffec9f79000 	C:\Windows\System32\KERNELBASE.dll
0x00007ffeca0c0000 - 0x00007ffeca1c0000 	C:\Windows\System32\ucrtbase.dll
0x00007ffeb1ff0000 - 0x00007ffeb2007000 	C:\Program Files\Android\Android Studio\jbr\bin\jli.dll
0x00007ffecb1a0000 - 0x00007ffecb340000 	C:\Windows\System32\USER32.dll
0x00007ffeca520000 - 0x00007ffeca542000 	C:\Windows\System32\win32u.dll
0x00007ffecbb30000 - 0x00007ffecbb5a000 	C:\Windows\System32\GDI32.dll
0x00007ffec9fb0000 - 0x00007ffeca0bb000 	C:\Windows\System32\gdi32full.dll
0x00007ffeca320000 - 0x00007ffeca3bd000 	C:\Windows\System32\msvcp_win.dll
0x00007ffeb0950000 - 0x00007ffeb096b000 	C:\Program Files\Android\Android Studio\jbr\bin\VCRUNTIME140.dll
0x00007ffebb550000 - 0x00007ffebb7eb000 	C:\Windows\WinSxS\amd64_microsoft.windows.common-controls_6595b64144ccf1df_6.0.19041.746_none_ca02b4b61b8320a4\COMCTL32.dll
0x00007ffecbc10000 - 0x00007ffecbcae000 	C:\Windows\System32\msvcrt.dll
0x00007ffecb500000 - 0x00007ffecb530000 	C:\Windows\System32\IMM32.DLL
0x00007ffeaa450000 - 0x00007ffeaa4ab000 	C:\ProgramData\Microsoft\DbgCtr\XShellDLL64_6015.dll
0x00007ffecbb60000 - 0x00007ffecbc0c000 	C:\Windows\System32\ADVAPI32.dll
0x00007ffecb400000 - 0x00007ffecb49c000 	C:\Windows\System32\sechost.dll
0x00007ffeca680000 - 0x00007ffeca7ab000 	C:\Windows\System32\RPCRT4.dll
0x00007ffecaa50000 - 0x00007ffecb192000 	C:\Windows\System32\SHELL32.dll
0x00007ffec4bd0000 - 0x00007ffec4bdc000 	C:\Program Files\Android\Android Studio\jbr\bin\vcruntime140_1.dll
0x00007ffea0000000 - 0x00007ffea008d000 	C:\Program Files\Android\Android Studio\jbr\bin\msvcp140.dll
0x00007ffe68bb0000 - 0x00007ffe6976c000 	C:\Program Files\Android\Android Studio\jbr\bin\server\jvm.dll
0x00007ffecb9d0000 - 0x00007ffecb9d8000 	C:\Windows\System32\PSAPI.DLL
0x00007ffeb8b80000 - 0x00007ffeb8b89000 	C:\Windows\SYSTEM32\WSOCK32.dll
0x00007ffecb6d0000 - 0x00007ffecb73b000 	C:\Windows\System32\WS2_32.dll
0x00007ffea4900000 - 0x00007ffea4927000 	C:\Windows\SYSTEM32\WINMM.dll
0x00007ffebe7a0000 - 0x00007ffebe7aa000 	C:\Windows\SYSTEM32\VERSION.dll
0x00007ffec7c20000 - 0x00007ffec7c32000 	C:\Windows\SYSTEM32\kernel.appcore.dll
0x00007ffebe6e0000 - 0x00007ffebe6f0000 	C:\Program Files\Android\Android Studio\jbr\bin\verify.dll
0x00007ffeb37f0000 - 0x00007ffeb39d4000 	C:\Windows\SYSTEM32\DBGHELP.DLL
0x00007ffeb37c0000 - 0x00007ffeb37ec000 	C:\Windows\SYSTEM32\dbgcore.DLL
0x00007ffeca550000 - 0x00007ffeca5d0000 	C:\Windows\System32\bcryptPrimitives.dll
0x00007ffeb1de0000 - 0x00007ffeb1e08000 	C:\Program Files\Android\Android Studio\jbr\bin\java.dll
0x00007ffebd490000 - 0x00007ffebd49a000 	C:\Program Files\Android\Android Studio\jbr\bin\jimage.dll
0x00007ffeb1d00000 - 0x00007ffeb1d18000 	C:\Program Files\Android\Android Studio\jbr\bin\zip.dll
0x00007ffec7e20000 - 0x00007ffec85b0000 	C:\Windows\SYSTEM32\windows.storage.dll
0x00007ffecbd60000 - 0x00007ffecc0b6000 	C:\Windows\System32\combase.dll
0x00007ffec9710000 - 0x00007ffec973c000 	C:\Windows\SYSTEM32\Wldp.dll
0x00007ffeca5d0000 - 0x00007ffeca67e000 	C:\Windows\System32\SHCORE.dll
0x00007ffecb830000 - 0x00007ffecb885000 	C:\Windows\System32\shlwapi.dll
0x00007ffec9be0000 - 0x00007ffec9c06000 	C:\Windows\SYSTEM32\profapi.dll
0x00007ffeb0840000 - 0x00007ffeb0859000 	C:\Program Files\Android\Android Studio\jbr\bin\net.dll
0x00007ffebd670000 - 0x00007ffebd770000 	C:\Windows\SYSTEM32\WINHTTP.dll
0x00007ffec9420000 - 0x00007ffec948a000 	C:\Windows\system32\mswsock.dll
0x00007ffeb06d0000 - 0x00007ffeb06e3000 	C:\Program Files\Android\Android Studio\jbr\bin\nio.dll
0x00007ffea75d0000 - 0x00007ffea75f7000 	C:\Users\it_04\.gradle\native\e1d6ef7f7dcc3fd88c89a11ec53ec762bb8ba0a96d01ffa2cd45eb1d1d8dd5c5\windows-amd64\native-platform.dll
0x00007ffe99920000 - 0x00007ffe99a64000 	C:\Users\it_04\.gradle\native\0d407fdbe67a94daf76414ababcb853783967236a71b16ec16e742cd7a986fd3\windows-amd64\native-platform-file-events.dll
0x00007ffeb4da0000 - 0x00007ffeb4daa000 	C:\Program Files\Android\Android Studio\jbr\bin\management.dll
0x00007ffeb2050000 - 0x00007ffeb205b000 	C:\Program Files\Android\Android Studio\jbr\bin\management_ext.dll
0x00007ffec95f0000 - 0x00007ffec9608000 	C:\Windows\SYSTEM32\CRYPTSP.dll
0x00007ffec8dc0000 - 0x00007ffec8df4000 	C:\Windows\system32\rsaenh.dll
0x00007ffec9f80000 - 0x00007ffec9fa7000 	C:\Windows\System32\bcrypt.dll
0x00007ffec9b60000 - 0x00007ffec9b8e000 	C:\Windows\SYSTEM32\USERENV.dll
0x00007ffec9610000 - 0x00007ffec961c000 	C:\Windows\SYSTEM32\CRYPTBASE.dll
0x00007ffec9110000 - 0x00007ffec914b000 	C:\Windows\SYSTEM32\IPHLPAPI.DLL
0x00007ffecba40000 - 0x00007ffecba48000 	C:\Windows\System32\NSI.dll
0x00007ffec39e0000 - 0x00007ffec39f7000 	C:\Windows\SYSTEM32\dhcpcsvc6.DLL
0x00007ffec39c0000 - 0x00007ffec39dd000 	C:\Windows\SYSTEM32\dhcpcsvc.DLL
0x00007ffec9150000 - 0x00007ffec921b000 	C:\Windows\SYSTEM32\DNSAPI.dll

dbghelp: loaded successfully - version: 4.0.5 - missing functions: none
symbol engine: initialized successfully - sym options: 0x614 - pdb path: .;C:\Program Files\Android\Android Studio\jbr\bin;C:\Windows\SYSTEM32;C:\Windows\WinSxS\amd64_microsoft.windows.common-controls_6595b64144ccf1df_6.0.19041.746_none_ca02b4b61b8320a4;C:\ProgramData\Microsoft\DbgCtr;C:\Program Files\Android\Android Studio\jbr\bin\server;C:\Users\it_04\.gradle\native\e1d6ef7f7dcc3fd88c89a11ec53ec762bb8ba0a96d01ffa2cd45eb1d1d8dd5c5\windows-amd64;C:\Users\it_04\.gradle\native\0d407fdbe67a94daf76414ababcb853783967236a71b16ec16e742cd7a986fd3\windows-amd64

VM Arguments:
jvm_args: --add-opens=java.base/java.util=ALL-UNNAMED --add-opens=java.base/java.lang=ALL-UNNAMED --add-opens=java.base/java.lang.invoke=ALL-UNNAMED --add-opens=java.base/java.util=ALL-UNNAMED --add-opens=java.prefs/java.util.prefs=ALL-UNNAMED --add-opens=java.prefs/java.util.prefs=ALL-UNNAMED --add-opens=java.base/java.nio.charset=ALL-UNNAMED --add-opens=java.base/java.net=ALL-UNNAMED --add-opens=java.base/java.util.concurrent.atomic=ALL-UNNAMED -Xmx2048m -Dfile.encoding=UTF-8 -Duser.country=US -Duser.language=en -Duser.variant 
java_command: org.gradle.launcher.daemon.bootstrap.GradleDaemon 7.5
java_class_path (initial): C:\Users\it_04\.gradle\wrapper\dists\gradle-7.5-bin\f1w0cc9nuo0eivz97x2xlu9sv\gradle-7.5\lib\gradle-launcher-7.5.jar
Launcher Type: SUN_STANDARD

[Global flags]
     intx CICompilerCount                          = 3                                         {product} {ergonomic}
     uint ConcGCThreads                            = 1                                         {product} {ergonomic}
     uint G1ConcRefinementThreads                  = 4                                         {product} {ergonomic}
   size_t G1HeapRegionSize                         = 1048576                                   {product} {ergonomic}
    uintx GCDrainStackTargetSize                   = 64                                        {product} {ergonomic}
   size_t InitialHeapSize                          = 266338304                                 {product} {ergonomic}
   size_t MarkStackSize                            = 4194304                                   {product} {ergonomic}
   size_t MaxHeapSize                              = 2147483648                                {product} {command line}
   size_t MaxNewSize                               = 1287651328                                {product} {ergonomic}
   size_t MinHeapDeltaBytes                        = 1048576                                   {product} {ergonomic}
    uintx NonNMethodCodeHeapSize                   = 5830732                                {pd product} {ergonomic}
    uintx NonProfiledCodeHeapSize                  = 122913754                              {pd product} {ergonomic}
    uintx ProfiledCodeHeapSize                     = 122913754                              {pd product} {ergonomic}
    uintx ReservedCodeCacheSize                    = 251658240                              {pd product} {ergonomic}
     bool SegmentedCodeCache                       = true                                      {product} {ergonomic}
     bool UseCompressedClassPointers               = true                                 {lp64_product} {ergonomic}
     bool UseCompressedOops                        = true                                 {lp64_product} {ergonomic}
     bool UseG1GC                                  = true                                      {product} {ergonomic}
     bool UseLargePagesIndividualAllocation        = false                                  {pd product} {ergonomic}

Logging:
Log output configuration:
 #0: stdout all=warning uptime,level,tags
 #1: stderr all=off uptime,level,tags

Environment Variables:
PATH=D:\app\it_07\product\11.2.0\client_1\bin;C:\Windows\system32;C:\Windows;C:\Windows\System32\Wbem;C:\Windows\System32\WindowsPowerShell\v1.0\;C:\Windows\System32\OpenSSH\;C:\Program Files\dotnet\;C:\Program Files\Git\cmd;C:\Users\it_04\AppData\Local\Microsoft\WindowsApps;C:\Users\it_04\.dotnet\tools
USERNAME=it_04
OS=Windows_NT
PROCESSOR_IDENTIFIER=Intel64 Family 6 Model 165 Stepping 3, GenuineIntel



---------------  S Y S T E M  ---------------

OS: Windows 10 , 64 bit Build 19041 (10.0.19041.804)
OS uptime: 0 days 1:07 hours

CPU:total 4 (initial active 4) (2 cores per cpu, 2 threads per core) family 6 model 165 stepping 3 microcode 0xe0, cmov, cx8, fxsr, mmx, sse, sse2, sse3, ssse3, sse4.1, sse4.2, popcnt, aes, clmul, erms, 3dnowpref, lzcnt, ht, tsc, tscinvbit

Memory: 4k page, system-wide physical 16242M (7763M free)
TotalPageFile size 18674M (AvailPageFile size 10174M)
current process WorkingSet (physical memory assigned to process): 456M, peak: 471M
current process commit charge ("private bytes"): 522M, peak: 534M

vm_info: OpenJDK 64-Bit Server VM (11.0.15+0-b2043.56-9505619) for windows-amd64 JRE (11.0.15+0-b2043.56-9505619), built on Jan 19 2023 02:48:00 by "builduser" with unknown MS VC++:1929

END.
