#
# A fatal error has been detected by the Java Runtime Environment:
#
#  EXCEPTION_ACCESS_VIOLATION (0xc0000005) at pc=0x00007ff8a1401820, pid=9636, tid=7784
#
# JRE version: OpenJDK Runtime Environment (11.0.15) (build 11.0.15+0-b2043.56-9505619)
# Java VM: OpenJDK 64-Bit Server VM (11.0.15+0-b2043.56-9505619, mixed mode, tiered, compressed oops, g1 gc, windows-amd64)
# Problematic frame:
# C  [native-platform-file-events.dll+0xf1820]
#
# No core dump will be written. Minidumps are not enabled by default on client versions of Windows
#
# If you would like to submit a bug report, please visit:
#   https://bugreport.java.com/bugreport/crash.jsp
# The crash happened outside the Java Virtual Machine in native code.
# See problematic frame for where to report the bug.
#

---------------  S U M M A R Y ------------

Command Line: --add-opens=java.base/java.util=ALL-UNNAMED --add-opens=java.base/java.lang=ALL-UNNAMED --add-opens=java.base/java.lang.invoke=ALL-UNNAMED --add-opens=java.base/java.util=ALL-UNNAMED --add-opens=java.prefs/java.util.prefs=ALL-UNNAMED --add-opens=java.prefs/java.util.prefs=ALL-UNNAMED --add-opens=java.base/java.nio.charset=ALL-UNNAMED --add-opens=java.base/java.net=ALL-UNNAMED --add-opens=java.base/java.util.concurrent.atomic=ALL-UNNAMED -Xmx2048m -Dfile.encoding=UTF-8 -Duser.country=US -Duser.language=en -Duser.variant org.gradle.launcher.daemon.bootstrap.GradleDaemon 7.5

Host: Intel(R) Pentium(R) Gold G6400 CPU @ 4.00GHz, 4 cores, 15G,  Windows 10 , 64 bit Build 19041 (10.0.19041.804)
Time: Mon Apr 24 08:55:03 2023 SE Asia Standard Time elapsed time: 17.741917 seconds (0d 0h 0m 17s)

---------------  T H R E A D  ---------------

Current thread (0x000001ebac792800):  JavaThread "File watcher server" daemon [_thread_in_native, id=7784, stack(0x0000004877300000,0x0000004877400000)]

Stack: [0x0000004877300000,0x0000004877400000],  sp=0x00000048773fe6c8,  free space=1017k
Native frames: (J=compiled Java code, j=interpreted, Vv=VM code, C=native code)
C  [native-platform-file-events.dll+0xf1820]

Java frames: (J=compiled Java code, j=interpreted, Vv=VM code)
j  net.rubygrapefruit.platform.internal.jni.AbstractFileEventFunctions$NativeFileWatcher.executeRunLoop0(Ljava/lang/Object;)V+0
j  net.rubygrapefruit.platform.internal.jni.AbstractFileEventFunctions$NativeFileWatcher.access$100(Lnet/rubygrapefruit/platform/internal/jni/AbstractFileEventFunctions$NativeFileWatcher;Ljava/lang/Object;)V+2
j  net.rubygrapefruit.platform.internal.jni.AbstractFileEventFunctions$NativeFileWatcher$1.run()V+26
v  ~StubRoutines::call_stub

siginfo: EXCEPTION_ACCESS_VIOLATION (0xc0000005), reading address 0xffffffffffffffff


Register to memory mapping:

RIP=0x00007ff8a1401820 native-platform-file-events.dll
RAX=0x24247c8324244489 is an unknown value
RBX=0x0 is NULL
RCX=0x000000487adf9808 is pointing into the stack for thread: 0x000001ebadb0f000
RDX=0x0 is NULL
RSP=0x00000048773fe6c8 is pointing into the stack for thread: 0x000001ebac792800
RBP=0x00000048773ff098 is pointing into the stack for thread: 0x000001ebac792800
RSI=0x000000487adf9800 is pointing into the stack for thread: 0x000001ebadb0f000
RDI=0x000000487adf97c0 is pointing into the stack for thread: 0x000001ebadb0f000
R8 =0x000001eb8d6d1200 points into unknown readable memory: 0x000001eb8d6d0cc0 | c0 0c 6d 8d eb 01 00 00
R9 =0x0000000000000001 is an unknown value
R10=0x0000000000008000 is an unknown value
R11=0x00000048773fe380 is pointing into the stack for thread: 0x000001ebac792800
R12=0x0 is NULL
R13={method} {0x000001ebaead3d18} 'executeRunLoop0' '(Ljava/lang/Object;)V' in 'net/rubygrapefruit/platform/internal/jni/AbstractFileEventFunctions$NativeFileWatcher'
R14=0x0 is NULL
R15=0x000001ebac792800 is a thread


Registers:
RAX=0x24247c8324244489, RBX=0x0000000000000000, RCX=0x000000487adf9808, RDX=0x0000000000000000
RSP=0x00000048773fe6c8, RBP=0x00000048773ff098, RSI=0x000000487adf9800, RDI=0x000000487adf97c0
R8 =0x000001eb8d6d1200, R9 =0x0000000000000001, R10=0x0000000000008000, R11=0x00000048773fe380
R12=0x0000000000000000, R13=0x000001ebaead3d10, R14=0x0000000000000000, R15=0x000001ebac792800
RIP=0x00007ff8a1401820, EFLAGS=0x0000000000010296

Top of Stack: (sp=0x00000048773fe6c8)
0x00000048773fe6c8:   00007ff8a13563b9 0000000000000000
0x00000048773fe6d8:   000001eb92b9fa7a 000001eba98b5990
0x00000048773fe6e8:   00007ff8a1333133 000001ebb33512b8
0x00000048773fe6f8:   000000008d680970 0000ada437248190
0x00000048773fe708:   00007ff8a133da83 00000048773ff0c0
0x00000048773fe718:   000000487adf97c0 00007ff8a132f150
0x00000048773fe728:   00007ff8a134709b 000000487adf9800
0x00000048773fe738:   00000000803203d8 0000000000000000
0x00000048773fe748:   00007ff8a133bfae 000001ebb33512b0
0x00000048773fe758:   00007ff8a13392a6 000000487adf9800
0x00000048773fe768:   0000000000000000 000001ebb33512b0
0x00000048773fe778:   00007ff8a13157b3 0000000000000000
0x00000048773fe788:   00007ff8a13464c2 00000048773fe7d0
0x00000048773fe798:   000000487adf9800 000001eba9544a20
0x00000048773fe7a8:   0000000000000000 0000000080c62501
0x00000048773fe7b8:   000001eba945fd50 0000000000000000 

Instructions: (pc=0x00007ff8a1401820)
0x00007ff8a1401720:   cc cc cc cc cc cc cc cc cc cc cc cc cc cc cc cc
0x00007ff8a1401730:   cc cc cc cc cc cc cc cc cc cc cc cc cc cc cc cc
0x00007ff8a1401740:   cc cc cc cc cc cc cc cc cc cc cc cc cc cc cc cc
0x00007ff8a1401750:   cc cc cc cc cc cc cc cc cc cc cc cc cc cc cc cc
0x00007ff8a1401760:   cc cc cc cc cc cc cc cc cc cc cc cc cc cc cc cc
0x00007ff8a1401770:   cc cc cc cc cc cc cc cc cc cc cc cc cc cc cc cc
0x00007ff8a1401780:   cc cc cc cc cc cc cc cc cc cc cc cc cc cc cc cc
0x00007ff8a1401790:   cc cc cc cc cc cc cc cc cc cc cc cc cc cc cc cc
0x00007ff8a14017a0:   cc cc cc cc cc cc cc cc cc cc cc cc cc cc cc cc
0x00007ff8a14017b0:   cc cc cc cc cc cc cc cc cc cc cc cc cc cc cc cc
0x00007ff8a14017c0:   cc cc cc cc cc cc cc cc cc cc cc cc cc cc cc cc
0x00007ff8a14017d0:   cc cc cc cc cc cc cc cc cc cc cc cc cc cc cc cc
0x00007ff8a14017e0:   cc cc cc cc cc cc cc cc cc cc cc cc cc cc cc cc
0x00007ff8a14017f0:   cc cc cc cc cc cc cc cc cc cc cc cc cc cc cc cc
0x00007ff8a1401800:   cc cc cc cc cc cc cc cc cc cc cc cc cc cc cc cc
0x00007ff8a1401810:   cc cc cc cc cc cc 66 66 0f 1f 84 00 00 00 00 00
0x00007ff8a1401820:   ff e0 cc cc cc cc cc cc cc cc cc cc cc cc cc cc
0x00007ff8a1401830:   cc cc cc cc cc cc 66 66 0f 1f 84 00 00 00 00 00
0x00007ff8a1401840:   ff 25 da e7 04 00 cc cc cc cc cc cc cc cc cc cc
0x00007ff8a1401850:   cc cc cc cc cc cc cc cc cc cc cc cc cc cc cc cc
0x00007ff8a1401860:   cc cc cc cc cc cc cc cc cc cc cc cc cc cc cc cc
0x00007ff8a1401870:   cc cc cc cc cc cc cc cc cc cc cc cc cc cc cc cc
0x00007ff8a1401880:   cc cc cc cc cc cc cc cc cc cc cc cc cc cc cc cc
0x00007ff8a1401890:   cc cc cc cc cc cc cc cc cc cc cc cc cc cc cc cc
0x00007ff8a14018a0:   cc cc cc cc cc cc cc cc cc cc cc cc cc cc cc cc
0x00007ff8a14018b0:   cc cc cc cc cc cc cc cc cc cc cc cc cc cc cc cc
0x00007ff8a14018c0:   cc cc cc cc cc cc cc cc cc cc cc cc cc cc cc cc
0x00007ff8a14018d0:   cc cc cc cc cc cc cc cc cc cc cc cc cc cc cc cc
0x00007ff8a14018e0:   cc cc cc cc cc cc cc cc cc cc cc cc cc cc cc cc
0x00007ff8a14018f0:   cc cc cc cc cc cc cc cc cc cc cc cc cc cc cc cc
0x00007ff8a1401900:   cc cc cc cc cc cc cc cc cc cc cc cc cc cc cc cc
0x00007ff8a1401910:   cc cc cc cc cc cc cc cc cc cc cc cc cc cc cc cc 


Stack slot to memory mapping:
stack at sp + 0 slots: 0x00007ff8a13563b9 native-platform-file-events.dll
stack at sp + 1 slots: 0x0 is NULL
stack at sp + 2 slots: 0x000001eb92b9fa7a is at code_begin+2458 in an Interpreter codelet
method entry point (kind = native)  [0x000001eb92b9f0e0, 0x000001eb92b9fb60]  2688 bytes
stack at sp + 3 slots: {method} {0x000001eba98b5998} 'findEntry' '(Ljava/lang/String;)J' in 'java/lang/ClassLoader$NativeLibrary'
stack at sp + 4 slots: 0x00007ff8a1333133 native-platform-file-events.dll
stack at sp + 5 slots: 0x000001ebb33512b8 points into unknown readable memory: 0x000001ebac796270 | 70 62 79 ac eb 01 00 00
stack at sp + 6 slots: 0x000000008d680970 is pointing into object: [B 
{0x000000008d67eb88} - klass: {type array byte}
 - length: 30340
stack at sp + 7 slots: 0x0000ada437248190 is an unknown value


---------------  P R O C E S S  ---------------

Threads class SMR info:
_java_thread_list=0x000001ebb15d10f0, length=86, elements={
0x000001eb8d8a2800, 0x000001eba9c76800, 0x000001eba9c78800, 0x000001eba9cd4800,
0x000001eba9cd5000, 0x000001eba9cd7000, 0x000001eba9ce3000, 0x000001eba9ceb000,
0x000001eba9cee000, 0x000001eba9e56000, 0x000001ebab224800, 0x000001ebabcd2000,
0x000001ebab283800, 0x000001ebab3e3000, 0x000001ebaa97c000, 0x000001ebac90b800,
0x000001ebac568000, 0x000001ebac0d4000, 0x000001ebaa6c9000, 0x000001ebab0c9000,
0x000001ebac78d800, 0x000001ebac78d000, 0x000001ebac791800, 0x000001ebac792800,
0x000001ebac793800, 0x000001ebac78e800, 0x000001ebac78f800, 0x000001ebac790000,
0x000001ebac791000, 0x000001ebad449800, 0x000001ebad447800, 0x000001ebad448800,
0x000001ebad44a000, 0x000001ebad44c000, 0x000001ebad446000, 0x000001ebad447000,
0x000001ebad452800, 0x000001ebad44d800, 0x000001ebad453000, 0x000001ebad454000,
0x000001ebad44e000, 0x000001ebad44f000, 0x000001ebad450000, 0x000001ebad451800,
0x000001ebad450800, 0x000001ebad19b000, 0x000001ebad19d000, 0x000001ebad19f000,
0x000001ebad1a1800, 0x000001ebad1a1000, 0x000001ebad19d800, 0x000001ebad19c000,
0x000001ebad1a2800, 0x000001ebad1a0000, 0x000001ebad1a3800, 0x000001ebad19e800,
0x000001ebad1a7800, 0x000001ebad1aa000, 0x000001ebad1a4000, 0x000001ebad1a8000,
0x000001ebad1a9000, 0x000001ebad1a5000, 0x000001ebad1a6000, 0x000001ebad1a6800,
0x000001ebadb01000, 0x000001ebadb06000, 0x000001ebadb02800, 0x000001ebadb00000,
0x000001ebadb03800, 0x000001ebadb01800, 0x000001ebadb08800, 0x000001ebadb09000,
0x000001ebadb05000, 0x000001ebadb0a000, 0x000001ebadb04000, 0x000001ebadb0b800,
0x000001ebadb0a800, 0x000001ebadb0c800, 0x000001ebadb0d000, 0x000001ebadb07800,
0x000001ebadb0e000, 0x000001ebadb0f000, 0x000001ebac5ed000, 0x000001ebac5ec000,
0x000001ebac5ed800, 0x000001ebac5ee800
}

Java Threads: ( => current thread )
  0x000001eb8d8a2800 JavaThread "main" [_thread_blocked, id=9956, stack(0x0000004874e00000,0x0000004874f00000)]
  0x000001eba9c76800 JavaThread "Reference Handler" daemon [_thread_blocked, id=3484, stack(0x0000004875800000,0x0000004875900000)]
  0x000001eba9c78800 JavaThread "Finalizer" daemon [_thread_blocked, id=6780, stack(0x0000004875900000,0x0000004875a00000)]
  0x000001eba9cd4800 JavaThread "Signal Dispatcher" daemon [_thread_blocked, id=8332, stack(0x0000004875a00000,0x0000004875b00000)]
  0x000001eba9cd5000 JavaThread "Attach Listener" daemon [_thread_blocked, id=8620, stack(0x0000004875b00000,0x0000004875c00000)]
  0x000001eba9cd7000 JavaThread "Service Thread" daemon [_thread_blocked, id=2560, stack(0x0000004875c00000,0x0000004875d00000)]
  0x000001eba9ce3000 JavaThread "C2 CompilerThread0" daemon [_thread_blocked, id=7456, stack(0x0000004875d00000,0x0000004875e00000)]
  0x000001eba9ceb000 JavaThread "C1 CompilerThread0" daemon [_thread_blocked, id=8316, stack(0x0000004875e00000,0x0000004875f00000)]
  0x000001eba9cee000 JavaThread "Sweeper thread" daemon [_thread_blocked, id=1436, stack(0x0000004875f00000,0x0000004876000000)]
  0x000001eba9e56000 JavaThread "Common-Cleaner" daemon [_thread_blocked, id=5856, stack(0x0000004876000000,0x0000004876100000)]
  0x000001ebab224800 JavaThread "Daemon health stats" [_thread_blocked, id=7380, stack(0x0000004876600000,0x0000004876700000)]
  0x000001ebabcd2000 JavaThread "Incoming local TCP Connector on port 50396" [_thread_in_native, id=2284, stack(0x0000004876700000,0x0000004876800000)]
  0x000001ebab283800 JavaThread "Daemon periodic checks" [_thread_blocked, id=2632, stack(0x0000004876800000,0x0000004876900000)]
  0x000001ebab3e3000 JavaThread "Daemon" [_thread_blocked, id=8740, stack(0x0000004876900000,0x0000004876a00000)]
  0x000001ebaa97c000 JavaThread "Handler for socket connection from /127.0.0.1:50396 to /127.0.0.1:50397" [_thread_in_native, id=6124, stack(0x0000004876a00000,0x0000004876b00000)]
  0x000001ebac90b800 JavaThread "Cancel handler" [_thread_blocked, id=6740, stack(0x0000004876b00000,0x0000004876c00000)]
  0x000001ebac568000 JavaThread "Daemon worker" [_thread_blocked, id=7140, stack(0x0000004876c00000,0x0000004876d00000)]
  0x000001ebac0d4000 JavaThread "Asynchronous log dispatcher for DefaultDaemonConnection: socket connection from /127.0.0.1:50396 to /127.0.0.1:50397" [_thread_blocked, id=9252, stack(0x0000004876d00000,0x0000004876e00000)]
  0x000001ebaa6c9000 JavaThread "Stdin handler" [_thread_blocked, id=6728, stack(0x0000004876e00000,0x0000004876f00000)]
  0x000001ebab0c9000 JavaThread "Daemon client event forwarder" [_thread_blocked, id=3616, stack(0x0000004876f00000,0x0000004877000000)]
  0x000001ebac78d800 JavaThread "Cache worker for journal cache (C:\Users\it_04\.gradle\caches\journal-1)" [_thread_blocked, id=1300, stack(0x0000004877000000,0x0000004877100000)]
  0x000001ebac78d000 JavaThread "File lock request listener" [_thread_in_native, id=7228, stack(0x0000004877100000,0x0000004877200000)]
  0x000001ebac791800 JavaThread "Cache worker for file hash cache (C:\Users\it_04\.gradle\caches\7.5\fileHashes)" [_thread_blocked, id=4568, stack(0x0000004877200000,0x0000004877300000)]
=>0x000001ebac792800 JavaThread "File watcher server" daemon [_thread_in_native, id=7784, stack(0x0000004877300000,0x0000004877400000)]
  0x000001ebac793800 JavaThread "File watcher consumer" daemon [_thread_blocked, id=7156, stack(0x0000004877400000,0x0000004877500000)]
  0x000001ebac78e800 JavaThread "Cache worker for checksums cache (D:\SourceAndroid\KyThuat\.gradle\7.5\checksums)" [_thread_blocked, id=7768, stack(0x0000004877500000,0x0000004877600000)]
  0x000001ebac78f800 JavaThread "Cache worker for cache directory md-rule (C:\Users\it_04\.gradle\caches\7.5\md-rule)" [_thread_blocked, id=9744, stack(0x0000004877600000,0x0000004877700000)]
  0x000001ebac790000 JavaThread "Cache worker for file content cache (C:\Users\it_04\.gradle\caches\7.5\fileContent)" [_thread_blocked, id=6964, stack(0x0000004877700000,0x0000004877800000)]
  0x000001ebac791000 JavaThread "Cache worker for file hash cache (D:\SourceAndroid\KyThuat\.gradle\7.5\fileHashes)" [_thread_blocked, id=8772, stack(0x0000004877800000,0x0000004877900000)]
  0x000001ebad449800 JavaThread "Cache worker for cache directory md-supplier (C:\Users\it_04\.gradle\caches\7.5\md-supplier)" [_thread_blocked, id=8324, stack(0x0000004877900000,0x0000004877a00000)]
  0x000001ebad447800 JavaThread "Cache worker for execution history cache (C:\Users\it_04\.gradle\caches\7.5\executionHistory)" [_thread_blocked, id=4216, stack(0x0000004877a00000,0x0000004877b00000)]
  0x000001ebad448800 JavaThread "jar transforms" [_thread_blocked, id=6688, stack(0x0000004877b00000,0x0000004877c00000)]
  0x000001ebad44a000 JavaThread "jar transforms Thread 2" [_thread_blocked, id=9720, stack(0x0000004877c00000,0x0000004877d00000)]
  0x000001ebad44c000 JavaThread "jar transforms Thread 3" [_thread_blocked, id=9504, stack(0x0000004877d00000,0x0000004877e00000)]
  0x000001ebad446000 JavaThread "jar transforms Thread 4" [_thread_blocked, id=6360, stack(0x0000004877e00000,0x0000004877f00000)]
  0x000001ebad447000 JavaThread "Cache worker for dependencies-accessors (D:\SourceAndroid\KyThuat\.gradle\7.5\dependencies-accessors)" [_thread_blocked, id=1884, stack(0x0000004877f00000,0x0000004878000000)]
  0x000001ebad452800 JavaThread "Cache worker for Build Output Cleanup Cache (D:\SourceAndroid\KyThuat\.gradle\buildOutputCleanup)" [_thread_blocked, id=9616, stack(0x0000004878000000,0x0000004878100000)]
  0x000001ebad44d800 JavaThread "Unconstrained build operations" [_thread_blocked, id=7788, stack(0x0000004878100000,0x0000004878200000)]
  0x000001ebad453000 JavaThread "Unconstrained build operations Thread 2" [_thread_blocked, id=4636, stack(0x0000004878200000,0x0000004878300000)]
  0x000001ebad454000 JavaThread "Unconstrained build operations Thread 3" [_thread_blocked, id=2032, stack(0x0000004878300000,0x0000004878400000)]
  0x000001ebad44e000 JavaThread "Unconstrained build operations Thread 4" [_thread_blocked, id=6900, stack(0x0000004878400000,0x0000004878500000)]
  0x000001ebad44f000 JavaThread "Unconstrained build operations Thread 5" [_thread_blocked, id=2868, stack(0x0000004878500000,0x0000004878600000)]
  0x000001ebad450000 JavaThread "Unconstrained build operations Thread 6" [_thread_blocked, id=6620, stack(0x0000004878600000,0x0000004878700000)]
  0x000001ebad451800 JavaThread "Unconstrained build operations Thread 7" [_thread_blocked, id=624, stack(0x0000004878700000,0x0000004878800000)]
  0x000001ebad450800 JavaThread "Unconstrained build operations Thread 8" [_thread_blocked, id=9112, stack(0x0000004878800000,0x0000004878900000)]
  0x000001ebad19b000 JavaThread "Unconstrained build operations Thread 9" [_thread_blocked, id=7664, stack(0x0000004878900000,0x0000004878a00000)]
  0x000001ebad19d000 JavaThread "Unconstrained build operations Thread 10" [_thread_blocked, id=6896, stack(0x0000004878a00000,0x0000004878b00000)]
  0x000001ebad19f000 JavaThread "Unconstrained build operations Thread 11" [_thread_blocked, id=9576, stack(0x0000004878b00000,0x0000004878c00000)]
  0x000001ebad1a1800 JavaThread "Unconstrained build operations Thread 12" [_thread_blocked, id=7216, stack(0x0000004878c00000,0x0000004878d00000)]
  0x000001ebad1a1000 JavaThread "Unconstrained build operations Thread 13" [_thread_blocked, id=120, stack(0x0000004878d00000,0x0000004878e00000)]
  0x000001ebad19d800 JavaThread "Unconstrained build operations Thread 14" [_thread_blocked, id=1632, stack(0x0000004878e00000,0x0000004878f00000)]
  0x000001ebad19c000 JavaThread "Unconstrained build operations Thread 15" [_thread_blocked, id=9240, stack(0x0000004878f00000,0x0000004879000000)]
  0x000001ebad1a2800 JavaThread "Unconstrained build operations Thread 16" [_thread_blocked, id=10064, stack(0x0000004879000000,0x0000004879100000)]
  0x000001ebad1a0000 JavaThread "Unconstrained build operations Thread 17" [_thread_blocked, id=3020, stack(0x0000004879100000,0x0000004879200000)]
  0x000001ebad1a3800 JavaThread "Unconstrained build operations Thread 18" [_thread_blocked, id=4536, stack(0x0000004879200000,0x0000004879300000)]
  0x000001ebad19e800 JavaThread "Unconstrained build operations Thread 19" [_thread_blocked, id=4408, stack(0x0000004879300000,0x0000004879400000)]
  0x000001ebad1a7800 JavaThread "Unconstrained build operations Thread 20" [_thread_blocked, id=1640, stack(0x0000004879400000,0x0000004879500000)]
  0x000001ebad1aa000 JavaThread "Unconstrained build operations Thread 21" [_thread_blocked, id=144, stack(0x0000004879500000,0x0000004879600000)]
  0x000001ebad1a4000 JavaThread "Unconstrained build operations Thread 22" [_thread_blocked, id=9412, stack(0x0000004879600000,0x0000004879700000)]
  0x000001ebad1a8000 JavaThread "Unconstrained build operations Thread 23" [_thread_blocked, id=5788, stack(0x0000004879700000,0x0000004879800000)]
  0x000001ebad1a9000 JavaThread "Unconstrained build operations Thread 24" [_thread_blocked, id=3320, stack(0x0000004879800000,0x0000004879900000)]
  0x000001ebad1a5000 JavaThread "Unconstrained build operations Thread 25" [_thread_blocked, id=3688, stack(0x0000004879900000,0x0000004879a00000)]
  0x000001ebad1a6000 JavaThread "Unconstrained build operations Thread 26" [_thread_blocked, id=3184, stack(0x0000004879a00000,0x0000004879b00000)]
  0x000001ebad1a6800 JavaThread "Unconstrained build operations Thread 27" [_thread_blocked, id=3112, stack(0x0000004879b00000,0x0000004879c00000)]
  0x000001ebadb01000 JavaThread "Unconstrained build operations Thread 28" [_thread_blocked, id=6952, stack(0x0000004879c00000,0x0000004879d00000)]
  0x000001ebadb06000 JavaThread "Unconstrained build operations Thread 29" [_thread_blocked, id=7112, stack(0x0000004879d00000,0x0000004879e00000)]
  0x000001ebadb02800 JavaThread "Unconstrained build operations Thread 30" [_thread_blocked, id=3936, stack(0x0000004879e00000,0x0000004879f00000)]
  0x000001ebadb00000 JavaThread "Unconstrained build operations Thread 31" [_thread_blocked, id=260, stack(0x0000004879f00000,0x000000487a000000)]
  0x000001ebadb03800 JavaThread "Unconstrained build operations Thread 32" [_thread_blocked, id=8300, stack(0x000000487a000000,0x000000487a100000)]
  0x000001ebadb01800 JavaThread "Unconstrained build operations Thread 33" [_thread_blocked, id=9596, stack(0x000000487a100000,0x000000487a200000)]
  0x000001ebadb08800 JavaThread "Unconstrained build operations Thread 34" [_thread_blocked, id=10196, stack(0x000000487a200000,0x000000487a300000)]
  0x000001ebadb09000 JavaThread "Unconstrained build operations Thread 35" [_thread_blocked, id=1232, stack(0x000000487a300000,0x000000487a400000)]
  0x000001ebadb05000 JavaThread "Unconstrained build operations Thread 36" [_thread_blocked, id=5996, stack(0x000000487a400000,0x000000487a500000)]
  0x000001ebadb0a000 JavaThread "Unconstrained build operations Thread 37" [_thread_blocked, id=9340, stack(0x000000487a500000,0x000000487a600000)]
  0x000001ebadb04000 JavaThread "Unconstrained build operations Thread 38" [_thread_blocked, id=1240, stack(0x000000487a600000,0x000000487a700000)]
  0x000001ebadb0b800 JavaThread "Unconstrained build operations Thread 39" [_thread_blocked, id=3104, stack(0x000000487a700000,0x000000487a800000)]
  0x000001ebadb0a800 JavaThread "Unconstrained build operations Thread 40" [_thread_blocked, id=5948, stack(0x000000487a800000,0x000000487a900000)]
  0x000001ebadb0c800 JavaThread "Memory manager" [_thread_blocked, id=9968, stack(0x000000487a900000,0x000000487aa00000)]
  0x000001ebadb0d000 JavaThread "build event listener" [_thread_blocked, id=9320, stack(0x000000487aa00000,0x000000487ab00000)]
  0x000001ebadb07800 JavaThread "pool-3-thread-1" [_thread_blocked, id=9828, stack(0x000000487ab00000,0x000000487ac00000)]
  0x000001ebadb0e000 JavaThread "build event listener" [_thread_blocked, id=3520, stack(0x000000487ac00000,0x000000487ad00000)]
  0x000001ebadb0f000 JavaThread "included builds" [_thread_in_native, id=6328, stack(0x000000487ad00000,0x000000487ae00000)]
  0x000001ebac5ed000 JavaThread "Execution worker" [_thread_blocked, id=6992, stack(0x000000487ae00000,0x000000487af00000)]
  0x000001ebac5ec000 JavaThread "Execution worker Thread 2" [_thread_blocked, id=5664, stack(0x000000487af00000,0x000000487b000000)]
  0x000001ebac5ed800 JavaThread "Execution worker Thread 3" [_thread_blocked, id=9584, stack(0x000000487b000000,0x000000487b100000)]
  0x000001ebac5ee800 JavaThread "Cache worker for execution history cache (D:\SourceAndroid\KyThuat\.gradle\7.5\executionHistory)" [_thread_blocked, id=9432, stack(0x000000487b100000,0x000000487b200000)]

Other Threads:
  0x000001eba9c73000 VMThread "VM Thread" [stack: 0x0000004875700000,0x0000004875800000] [id=1112]
  0x000001eba9e61800 WatcherThread [stack: 0x0000004876100000,0x0000004876200000] [id=9124]
  0x000001eb8d8ba000 GCTaskThread "GC Thread#0" [stack: 0x0000004875200000,0x0000004875300000] [id=5444]
  0x000001eba9d71000 GCTaskThread "GC Thread#1" [stack: 0x0000004876300000,0x0000004876400000] [id=2064]
  0x000001eba9d72800 GCTaskThread "GC Thread#2" [stack: 0x0000004876400000,0x0000004876500000] [id=7868]
  0x000001eba9d74800 GCTaskThread "GC Thread#3" [stack: 0x0000004876500000,0x0000004876600000] [id=7984]
  0x000001eb8d8ec000 ConcurrentGCThread "G1 Main Marker" [stack: 0x0000004875300000,0x0000004875400000] [id=7804]
  0x000001eb8d8ed800 ConcurrentGCThread "G1 Conc#0" [stack: 0x0000004875400000,0x0000004875500000] [id=6280]
  0x000001eb8d96e800 ConcurrentGCThread "G1 Refine#0" [stack: 0x0000004875500000,0x0000004875600000] [id=4760]
  0x000001eba92ba800 ConcurrentGCThread "G1 Young RemSet Sampling" [stack: 0x0000004875600000,0x0000004875700000] [id=9620]

Threads with active compile tasks:

VM state:not at safepoint (normal execution)

VM Mutex/Monitor currently owned by a thread: None

Heap address: 0x0000000080000000, size: 2048 MB, Compressed Oops mode: 32-bit
Narrow klass base: 0x0000000000000000, Narrow klass shift: 3
Compressed class space size: 1073741824 Address: 0x0000000100000000

Heap:
 garbage-first heap   total 312320K, used 170469K [0x0000000080000000, 0x0000000100000000)
  region size 1024K, 112 young (114688K), 8 survivors (8192K)
 Metaspace       used 85494K, capacity 87653K, committed 87984K, reserved 1126400K
  class space    used 11054K, capacity 11828K, committed 11904K, reserved 1048576K
Heap Regions: E=young(eden), S=young(survivor), O=old, HS=humongous(starts), HC=humongous(continues), CS=collection set, F=free, A=archive, TAMS=top-at-mark-start (previous, next)
|   0|0x0000000080000000, 0x0000000080100000, 0x0000000080100000|100%|HS|  |TAMS 0x0000000080100000, 0x0000000080000000| Complete 
|   1|0x0000000080100000, 0x0000000080200000, 0x0000000080200000|100%|HC|  |TAMS 0x0000000080200000, 0x0000000080100000| Complete 
|   2|0x0000000080200000, 0x0000000080300000, 0x0000000080300000|100%|HC|  |TAMS 0x0000000080300000, 0x0000000080200000| Complete 
|   3|0x0000000080300000, 0x0000000080400000, 0x0000000080400000|100%| O|  |TAMS 0x0000000080400000, 0x0000000080300000| Untracked 
|   4|0x0000000080400000, 0x0000000080500000, 0x0000000080500000|100%| O|  |TAMS 0x0000000080500000, 0x0000000080400000| Untracked 
|   5|0x0000000080500000, 0x0000000080600000, 0x0000000080600000|100%| O|  |TAMS 0x0000000080600000, 0x0000000080500000| Untracked 
|   6|0x0000000080600000, 0x0000000080700000, 0x0000000080700000|100%| O|  |TAMS 0x0000000080700000, 0x0000000080600000| Untracked 
|   7|0x0000000080700000, 0x0000000080800000, 0x0000000080800000|100%| O|  |TAMS 0x0000000080800000, 0x0000000080700000| Untracked 
|   8|0x0000000080800000, 0x0000000080900000, 0x0000000080900000|100%| O|  |TAMS 0x0000000080900000, 0x0000000080800000| Untracked 
|   9|0x0000000080900000, 0x0000000080a00000, 0x0000000080a00000|100%| O|  |TAMS 0x0000000080a00000, 0x0000000080900000| Untracked 
|  10|0x0000000080a00000, 0x0000000080b00000, 0x0000000080b00000|100%| O|  |TAMS 0x0000000080b00000, 0x0000000080a00000| Untracked 
|  11|0x0000000080b00000, 0x0000000080c00000, 0x0000000080c00000|100%| O|  |TAMS 0x0000000080c00000, 0x0000000080b00000| Untracked 
|  12|0x0000000080c00000, 0x0000000080d00000, 0x0000000080d00000|100%| O|  |TAMS 0x0000000080d00000, 0x0000000080c00000| Untracked 
|  13|0x0000000080d00000, 0x0000000080e00000, 0x0000000080e00000|100%| O|  |TAMS 0x0000000080e00000, 0x0000000080d00000| Untracked 
|  14|0x0000000080e00000, 0x0000000080f00000, 0x0000000080f00000|100%| O|  |TAMS 0x0000000080f00000, 0x0000000080e00000| Untracked 
|  15|0x0000000080f00000, 0x0000000081000000, 0x0000000081000000|100%| O|  |TAMS 0x0000000081000000, 0x0000000080f00000| Untracked 
|  16|0x0000000081000000, 0x0000000081100000, 0x0000000081100000|100%| O|  |TAMS 0x0000000081100000, 0x0000000081000000| Untracked 
|  17|0x0000000081100000, 0x0000000081200000, 0x0000000081200000|100%|HS|  |TAMS 0x0000000081200000, 0x0000000081100000| Complete 
|  18|0x0000000081200000, 0x0000000081300000, 0x0000000081300000|100%|HS|  |TAMS 0x0000000081300000, 0x0000000081200000| Complete 
|  19|0x0000000081300000, 0x0000000081400000, 0x0000000081400000|100%| O|  |TAMS 0x0000000081400000, 0x0000000081300000| Untracked 
|  20|0x0000000081400000, 0x0000000081500000, 0x0000000081500000|100%| O|  |TAMS 0x0000000081500000, 0x0000000081400000| Untracked 
|  21|0x0000000081500000, 0x0000000081600000, 0x0000000081600000|100%| O|  |TAMS 0x0000000081600000, 0x0000000081500000| Untracked 
|  22|0x0000000081600000, 0x0000000081700000, 0x0000000081700000|100%| O|  |TAMS 0x0000000081700000, 0x0000000081600000| Untracked 
|  23|0x0000000081700000, 0x0000000081800000, 0x0000000081800000|100%| O|  |TAMS 0x0000000081800000, 0x0000000081700000| Untracked 
|  24|0x0000000081800000, 0x0000000081900000, 0x0000000081900000|100%|HS|  |TAMS 0x0000000081900000, 0x0000000081800000| Complete 
|  25|0x0000000081900000, 0x0000000081a00000, 0x0000000081a00000|100%|HC|  |TAMS 0x0000000081a00000, 0x0000000081900000| Complete 
|  26|0x0000000081a00000, 0x0000000081b00000, 0x0000000081b00000|100%| O|  |TAMS 0x0000000081b00000, 0x0000000081a00000| Untracked 
|  27|0x0000000081b00000, 0x0000000081c00000, 0x0000000081c00000|100%| O|  |TAMS 0x0000000081c00000, 0x0000000081b00000| Untracked 
|  28|0x0000000081c00000, 0x0000000081d00000, 0x0000000081d00000|100%| O|  |TAMS 0x0000000081d00000, 0x0000000081c00000| Untracked 
|  29|0x0000000081d00000, 0x0000000081e00000, 0x0000000081e00000|100%| O|  |TAMS 0x0000000081e00000, 0x0000000081d00000| Untracked 
|  30|0x0000000081e00000, 0x0000000081f00000, 0x0000000081f00000|100%| O|  |TAMS 0x0000000081f00000, 0x0000000081e00000| Untracked 
|  31|0x0000000081f00000, 0x0000000082000000, 0x0000000082000000|100%| O|  |TAMS 0x0000000082000000, 0x0000000081f00000| Untracked 
|  32|0x0000000082000000, 0x0000000082100000, 0x0000000082100000|100%| O|  |TAMS 0x0000000082100000, 0x0000000082000000| Untracked 
|  33|0x0000000082100000, 0x0000000082200000, 0x0000000082200000|100%| O|  |TAMS 0x0000000082200000, 0x0000000082100000| Untracked 
|  34|0x0000000082200000, 0x0000000082300000, 0x0000000082300000|100%| O|  |TAMS 0x0000000082300000, 0x0000000082200000| Untracked 
|  35|0x0000000082300000, 0x0000000082400000, 0x0000000082400000|100%| O|  |TAMS 0x0000000082400000, 0x0000000082300000| Untracked 
|  36|0x0000000082400000, 0x0000000082500000, 0x0000000082500000|100%| O|  |TAMS 0x0000000082500000, 0x0000000082400000| Untracked 
|  37|0x0000000082500000, 0x0000000082600000, 0x0000000082600000|100%| O|  |TAMS 0x0000000082600000, 0x0000000082500000| Untracked 
|  38|0x0000000082600000, 0x0000000082700000, 0x0000000082700000|100%| O|  |TAMS 0x0000000082700000, 0x0000000082600000| Untracked 
|  39|0x0000000082700000, 0x0000000082800000, 0x0000000082800000|100%| O|  |TAMS 0x0000000082800000, 0x0000000082700000| Untracked 
|  40|0x0000000082800000, 0x0000000082900000, 0x0000000082900000|100%| O|  |TAMS 0x0000000082900000, 0x0000000082800000| Untracked 
|  41|0x0000000082900000, 0x0000000082a00000, 0x0000000082a00000|100%| O|  |TAMS 0x0000000082a00000, 0x0000000082900000| Untracked 
|  42|0x0000000082a00000, 0x0000000082b00000, 0x0000000082b00000|100%| O|  |TAMS 0x0000000082b00000, 0x0000000082a00000| Untracked 
|  43|0x0000000082b00000, 0x0000000082c00000, 0x0000000082c00000|100%| O|  |TAMS 0x0000000082c00000, 0x0000000082b00000| Untracked 
|  44|0x0000000082c00000, 0x0000000082d00000, 0x0000000082d00000|100%| O|  |TAMS 0x0000000082d00000, 0x0000000082c00000| Untracked 
|  45|0x0000000082d00000, 0x0000000082e00000, 0x0000000082e00000|100%| O|  |TAMS 0x0000000082e00000, 0x0000000082d00000| Untracked 
|  46|0x0000000082e00000, 0x0000000082f00000, 0x0000000082f00000|100%| O|  |TAMS 0x0000000082f00000, 0x0000000082e00000| Untracked 
|  47|0x0000000082f00000, 0x0000000083000000, 0x0000000083000000|100%| O|  |TAMS 0x0000000083000000, 0x0000000082f00000| Untracked 
|  48|0x0000000083000000, 0x0000000083100000, 0x0000000083100000|100%| O|  |TAMS 0x0000000083100000, 0x0000000083000000| Untracked 
|  49|0x0000000083100000, 0x0000000083200000, 0x0000000083200000|100%| O|  |TAMS 0x0000000083200000, 0x0000000083100000| Untracked 
|  50|0x0000000083200000, 0x0000000083300000, 0x0000000083300000|100%| O|  |TAMS 0x0000000083300000, 0x0000000083200000| Untracked 
|  51|0x0000000083300000, 0x0000000083400000, 0x0000000083400000|100%| O|  |TAMS 0x0000000083400000, 0x0000000083300000| Untracked 
|  52|0x0000000083400000, 0x0000000083500000, 0x0000000083500000|100%| O|  |TAMS 0x0000000083500000, 0x0000000083400000| Untracked 
|  53|0x0000000083500000, 0x0000000083600000, 0x0000000083600000|100%| O|  |TAMS 0x0000000083600000, 0x0000000083500000| Untracked 
|  54|0x0000000083600000, 0x0000000083700000, 0x0000000083700000|100%| O|  |TAMS 0x0000000083700000, 0x0000000083600000| Untracked 
|  55|0x0000000083700000, 0x0000000083800000, 0x0000000083800000|100%| O|  |TAMS 0x0000000083800000, 0x0000000083700000| Untracked 
|  56|0x0000000083800000, 0x000000008387ea00, 0x0000000083900000| 49%| O|  |TAMS 0x000000008387ea00, 0x0000000083800000| Untracked 
|  57|0x0000000083900000, 0x0000000083900000, 0x0000000083a00000|  0%| F|  |TAMS 0x0000000083900000, 0x0000000083900000| Untracked 
|  58|0x0000000083a00000, 0x0000000083a00000, 0x0000000083b00000|  0%| F|  |TAMS 0x0000000083a00000, 0x0000000083a00000| Untracked 
|  59|0x0000000083b00000, 0x0000000083b00000, 0x0000000083c00000|  0%| F|  |TAMS 0x0000000083b00000, 0x0000000083b00000| Untracked 
|  60|0x0000000083c00000, 0x0000000083c00000, 0x0000000083d00000|  0%| F|  |TAMS 0x0000000083c00000, 0x0000000083c00000| Untracked 
|  61|0x0000000083d00000, 0x0000000083d00000, 0x0000000083e00000|  0%| F|  |TAMS 0x0000000083d00000, 0x0000000083d00000| Untracked 
|  62|0x0000000083e00000, 0x0000000083e00000, 0x0000000083f00000|  0%| F|  |TAMS 0x0000000083e00000, 0x0000000083e00000| Untracked 
|  63|0x0000000083f00000, 0x0000000083f00000, 0x0000000084000000|  0%| F|  |TAMS 0x0000000083f00000, 0x0000000083f00000| Untracked 
|  64|0x0000000084000000, 0x0000000084000000, 0x0000000084100000|  0%| F|  |TAMS 0x0000000084000000, 0x0000000084000000| Untracked 
|  65|0x0000000084100000, 0x0000000084100000, 0x0000000084200000|  0%| F|  |TAMS 0x0000000084100000, 0x0000000084100000| Untracked 
|  66|0x0000000084200000, 0x0000000084200000, 0x0000000084300000|  0%| F|  |TAMS 0x0000000084200000, 0x0000000084200000| Untracked 
|  67|0x0000000084300000, 0x0000000084300000, 0x0000000084400000|  0%| F|  |TAMS 0x0000000084300000, 0x0000000084300000| Untracked 
|  68|0x0000000084400000, 0x0000000084400000, 0x0000000084500000|  0%| F|  |TAMS 0x0000000084400000, 0x0000000084400000| Untracked 
|  69|0x0000000084500000, 0x0000000084500000, 0x0000000084600000|  0%| F|  |TAMS 0x0000000084500000, 0x0000000084500000| Untracked 
|  70|0x0000000084600000, 0x0000000084600000, 0x0000000084700000|  0%| F|  |TAMS 0x0000000084600000, 0x0000000084600000| Untracked 
|  71|0x0000000084700000, 0x0000000084700000, 0x0000000084800000|  0%| F|  |TAMS 0x0000000084700000, 0x0000000084700000| Untracked 
|  72|0x0000000084800000, 0x0000000084800000, 0x0000000084900000|  0%| F|  |TAMS 0x0000000084800000, 0x0000000084800000| Untracked 
|  73|0x0000000084900000, 0x0000000084900000, 0x0000000084a00000|  0%| F|  |TAMS 0x0000000084900000, 0x0000000084900000| Untracked 
|  74|0x0000000084a00000, 0x0000000084a00000, 0x0000000084b00000|  0%| F|  |TAMS 0x0000000084a00000, 0x0000000084a00000| Untracked 
|  75|0x0000000084b00000, 0x0000000084b00000, 0x0000000084c00000|  0%| F|  |TAMS 0x0000000084b00000, 0x0000000084b00000| Untracked 
|  76|0x0000000084c00000, 0x0000000084c00000, 0x0000000084d00000|  0%| F|  |TAMS 0x0000000084c00000, 0x0000000084c00000| Untracked 
|  77|0x0000000084d00000, 0x0000000084d00000, 0x0000000084e00000|  0%| F|  |TAMS 0x0000000084d00000, 0x0000000084d00000| Untracked 
|  78|0x0000000084e00000, 0x0000000084e00000, 0x0000000084f00000|  0%| F|  |TAMS 0x0000000084e00000, 0x0000000084e00000| Untracked 
|  79|0x0000000084f00000, 0x0000000084f00000, 0x0000000085000000|  0%| F|  |TAMS 0x0000000084f00000, 0x0000000084f00000| Untracked 
|  80|0x0000000085000000, 0x0000000085000000, 0x0000000085100000|  0%| F|  |TAMS 0x0000000085000000, 0x0000000085000000| Untracked 
|  81|0x0000000085100000, 0x0000000085100000, 0x0000000085200000|  0%| F|  |TAMS 0x0000000085100000, 0x0000000085100000| Untracked 
|  82|0x0000000085200000, 0x0000000085200000, 0x0000000085300000|  0%| F|  |TAMS 0x0000000085200000, 0x0000000085200000| Untracked 
|  83|0x0000000085300000, 0x0000000085300000, 0x0000000085400000|  0%| F|  |TAMS 0x0000000085300000, 0x0000000085300000| Untracked 
|  84|0x0000000085400000, 0x0000000085400000, 0x0000000085500000|  0%| F|  |TAMS 0x0000000085400000, 0x0000000085400000| Untracked 
|  85|0x0000000085500000, 0x0000000085500000, 0x0000000085600000|  0%| F|  |TAMS 0x0000000085500000, 0x0000000085500000| Untracked 
|  86|0x0000000085600000, 0x0000000085600000, 0x0000000085700000|  0%| F|  |TAMS 0x0000000085600000, 0x0000000085600000| Untracked 
|  87|0x0000000085700000, 0x0000000085700000, 0x0000000085800000|  0%| F|  |TAMS 0x0000000085700000, 0x0000000085700000| Untracked 
|  88|0x0000000085800000, 0x0000000085800000, 0x0000000085900000|  0%| F|  |TAMS 0x0000000085800000, 0x0000000085800000| Untracked 
|  89|0x0000000085900000, 0x0000000085900000, 0x0000000085a00000|  0%| F|  |TAMS 0x0000000085900000, 0x0000000085900000| Untracked 
|  90|0x0000000085a00000, 0x0000000085a00000, 0x0000000085b00000|  0%| F|  |TAMS 0x0000000085a00000, 0x0000000085a00000| Untracked 
|  91|0x0000000085b00000, 0x0000000085b00000, 0x0000000085c00000|  0%| F|  |TAMS 0x0000000085b00000, 0x0000000085b00000| Untracked 
|  92|0x0000000085c00000, 0x0000000085c00000, 0x0000000085d00000|  0%| F|  |TAMS 0x0000000085c00000, 0x0000000085c00000| Untracked 
|  93|0x0000000085d00000, 0x0000000085d00000, 0x0000000085e00000|  0%| F|  |TAMS 0x0000000085d00000, 0x0000000085d00000| Untracked 
|  94|0x0000000085e00000, 0x0000000085e00000, 0x0000000085f00000|  0%| F|  |TAMS 0x0000000085e00000, 0x0000000085e00000| Untracked 
|  95|0x0000000085f00000, 0x0000000085f00000, 0x0000000086000000|  0%| F|  |TAMS 0x0000000085f00000, 0x0000000085f00000| Untracked 
|  96|0x0000000086000000, 0x0000000086000000, 0x0000000086100000|  0%| F|  |TAMS 0x0000000086000000, 0x0000000086000000| Untracked 
|  97|0x0000000086100000, 0x0000000086100000, 0x0000000086200000|  0%| F|  |TAMS 0x0000000086100000, 0x0000000086100000| Untracked 
|  98|0x0000000086200000, 0x0000000086200000, 0x0000000086300000|  0%| F|  |TAMS 0x0000000086200000, 0x0000000086200000| Untracked 
|  99|0x0000000086300000, 0x0000000086300000, 0x0000000086400000|  0%| F|  |TAMS 0x0000000086300000, 0x0000000086300000| Untracked 
| 100|0x0000000086400000, 0x0000000086400000, 0x0000000086500000|  0%| F|  |TAMS 0x0000000086400000, 0x0000000086400000| Untracked 
| 101|0x0000000086500000, 0x0000000086500000, 0x0000000086600000|  0%| F|  |TAMS 0x0000000086500000, 0x0000000086500000| Untracked 
| 102|0x0000000086600000, 0x0000000086600000, 0x0000000086700000|  0%| F|  |TAMS 0x0000000086600000, 0x0000000086600000| Untracked 
| 103|0x0000000086700000, 0x0000000086700000, 0x0000000086800000|  0%| F|  |TAMS 0x0000000086700000, 0x0000000086700000| Untracked 
| 104|0x0000000086800000, 0x0000000086800000, 0x0000000086900000|  0%| F|  |TAMS 0x0000000086800000, 0x0000000086800000| Untracked 
| 105|0x0000000086900000, 0x0000000086900000, 0x0000000086a00000|  0%| F|  |TAMS 0x0000000086900000, 0x0000000086900000| Untracked 
| 106|0x0000000086a00000, 0x0000000086a00000, 0x0000000086b00000|  0%| F|  |TAMS 0x0000000086a00000, 0x0000000086a00000| Untracked 
| 107|0x0000000086b00000, 0x0000000086b00000, 0x0000000086c00000|  0%| F|  |TAMS 0x0000000086b00000, 0x0000000086b00000| Untracked 
| 108|0x0000000086c00000, 0x0000000086c00000, 0x0000000086d00000|  0%| F|  |TAMS 0x0000000086c00000, 0x0000000086c00000| Untracked 
| 109|0x0000000086d00000, 0x0000000086d00000, 0x0000000086e00000|  0%| F|  |TAMS 0x0000000086d00000, 0x0000000086d00000| Untracked 
| 110|0x0000000086e00000, 0x0000000086e00000, 0x0000000086f00000|  0%| F|  |TAMS 0x0000000086e00000, 0x0000000086e00000| Untracked 
| 111|0x0000000086f00000, 0x0000000086f00000, 0x0000000087000000|  0%| F|  |TAMS 0x0000000086f00000, 0x0000000086f00000| Untracked 
| 112|0x0000000087000000, 0x0000000087000000, 0x0000000087100000|  0%| F|  |TAMS 0x0000000087000000, 0x0000000087000000| Untracked 
| 113|0x0000000087100000, 0x0000000087100000, 0x0000000087200000|  0%| F|  |TAMS 0x0000000087100000, 0x0000000087100000| Untracked 
| 114|0x0000000087200000, 0x0000000087200000, 0x0000000087300000|  0%| F|  |TAMS 0x0000000087200000, 0x0000000087200000| Untracked 
| 115|0x0000000087300000, 0x0000000087300000, 0x0000000087400000|  0%| F|  |TAMS 0x0000000087300000, 0x0000000087300000| Untracked 
| 116|0x0000000087400000, 0x0000000087400000, 0x0000000087500000|  0%| F|  |TAMS 0x0000000087400000, 0x0000000087400000| Untracked 
| 117|0x0000000087500000, 0x0000000087500000, 0x0000000087600000|  0%| F|  |TAMS 0x0000000087500000, 0x0000000087500000| Untracked 
| 118|0x0000000087600000, 0x0000000087600000, 0x0000000087700000|  0%| F|  |TAMS 0x0000000087600000, 0x0000000087600000| Untracked 
| 119|0x0000000087700000, 0x00000000877fad00, 0x0000000087800000| 97%| S|CS|TAMS 0x0000000087700000, 0x0000000087700000| Complete 
| 120|0x0000000087800000, 0x0000000087900000, 0x0000000087900000|100%| S|CS|TAMS 0x0000000087800000, 0x0000000087800000| Complete 
| 121|0x0000000087900000, 0x0000000087a00000, 0x0000000087a00000|100%| S|CS|TAMS 0x0000000087900000, 0x0000000087900000| Complete 
| 122|0x0000000087a00000, 0x0000000087b00000, 0x0000000087b00000|100%| S|CS|TAMS 0x0000000087a00000, 0x0000000087a00000| Complete 
| 123|0x0000000087b00000, 0x0000000087c00000, 0x0000000087c00000|100%| S|CS|TAMS 0x0000000087b00000, 0x0000000087b00000| Complete 
| 124|0x0000000087c00000, 0x0000000087d00000, 0x0000000087d00000|100%| S|CS|TAMS 0x0000000087c00000, 0x0000000087c00000| Complete 
| 125|0x0000000087d00000, 0x0000000087d00000, 0x0000000087e00000|  0%| F|  |TAMS 0x0000000087d00000, 0x0000000087d00000| Untracked 
| 126|0x0000000087e00000, 0x0000000087e00000, 0x0000000087f00000|  0%| F|  |TAMS 0x0000000087e00000, 0x0000000087e00000| Untracked 
| 127|0x0000000087f00000, 0x0000000087f00000, 0x0000000088000000|  0%| F|  |TAMS 0x0000000087f00000, 0x0000000087f00000| Untracked 
| 128|0x0000000088000000, 0x0000000088000000, 0x0000000088100000|  0%| F|  |TAMS 0x0000000088000000, 0x0000000088000000| Untracked 
| 129|0x0000000088100000, 0x0000000088100000, 0x0000000088200000|  0%| F|  |TAMS 0x0000000088100000, 0x0000000088100000| Untracked 
| 130|0x0000000088200000, 0x0000000088200000, 0x0000000088300000|  0%| F|  |TAMS 0x0000000088200000, 0x0000000088200000| Untracked 
| 131|0x0000000088300000, 0x0000000088300000, 0x0000000088400000|  0%| F|  |TAMS 0x0000000088300000, 0x0000000088300000| Untracked 
| 132|0x0000000088400000, 0x0000000088400000, 0x0000000088500000|  0%| F|  |TAMS 0x0000000088400000, 0x0000000088400000| Untracked 
| 133|0x0000000088500000, 0x0000000088600000, 0x0000000088600000|100%| S|CS|TAMS 0x0000000088500000, 0x0000000088500000| Complete 
| 134|0x0000000088600000, 0x0000000088700000, 0x0000000088700000|100%| S|CS|TAMS 0x0000000088600000, 0x0000000088600000| Complete 
| 135|0x0000000088700000, 0x0000000088700000, 0x0000000088800000|  0%| F|  |TAMS 0x0000000088700000, 0x0000000088700000| Untracked 
| 136|0x0000000088800000, 0x0000000088800000, 0x0000000088900000|  0%| F|  |TAMS 0x0000000088800000, 0x0000000088800000| Untracked 
| 137|0x0000000088900000, 0x0000000088900000, 0x0000000088a00000|  0%| F|  |TAMS 0x0000000088900000, 0x0000000088900000| Untracked 
| 138|0x0000000088a00000, 0x0000000088a00000, 0x0000000088b00000|  0%| F|  |TAMS 0x0000000088a00000, 0x0000000088a00000| Untracked 
| 139|0x0000000088b00000, 0x0000000088b00000, 0x0000000088c00000|  0%| F|  |TAMS 0x0000000088b00000, 0x0000000088b00000| Untracked 
| 140|0x0000000088c00000, 0x0000000088c00000, 0x0000000088d00000|  0%| F|  |TAMS 0x0000000088c00000, 0x0000000088c00000| Untracked 
| 141|0x0000000088d00000, 0x0000000088d00000, 0x0000000088e00000|  0%| F|  |TAMS 0x0000000088d00000, 0x0000000088d00000| Untracked 
| 142|0x0000000088e00000, 0x0000000088e00000, 0x0000000088f00000|  0%| F|  |TAMS 0x0000000088e00000, 0x0000000088e00000| Untracked 
| 143|0x0000000088f00000, 0x0000000088f00000, 0x0000000089000000|  0%| F|  |TAMS 0x0000000088f00000, 0x0000000088f00000| Untracked 
| 144|0x0000000089000000, 0x0000000089000000, 0x0000000089100000|  0%| F|  |TAMS 0x0000000089000000, 0x0000000089000000| Untracked 
| 145|0x0000000089100000, 0x0000000089100000, 0x0000000089200000|  0%| F|  |TAMS 0x0000000089100000, 0x0000000089100000| Untracked 
| 146|0x0000000089200000, 0x0000000089200000, 0x0000000089300000|  0%| F|  |TAMS 0x0000000089200000, 0x0000000089200000| Untracked 
| 147|0x0000000089300000, 0x0000000089300000, 0x0000000089400000|  0%| F|  |TAMS 0x0000000089300000, 0x0000000089300000| Untracked 
| 148|0x0000000089400000, 0x0000000089400000, 0x0000000089500000|  0%| F|  |TAMS 0x0000000089400000, 0x0000000089400000| Untracked 
| 149|0x0000000089500000, 0x0000000089500000, 0x0000000089600000|  0%| F|  |TAMS 0x0000000089500000, 0x0000000089500000| Untracked 
| 150|0x0000000089600000, 0x0000000089600000, 0x0000000089700000|  0%| F|  |TAMS 0x0000000089600000, 0x0000000089600000| Untracked 
| 151|0x0000000089700000, 0x0000000089700000, 0x0000000089800000|  0%| F|  |TAMS 0x0000000089700000, 0x0000000089700000| Untracked 
| 152|0x0000000089800000, 0x0000000089800000, 0x0000000089900000|  0%| F|  |TAMS 0x0000000089800000, 0x0000000089800000| Untracked 
| 153|0x0000000089900000, 0x0000000089900000, 0x0000000089a00000|  0%| F|  |TAMS 0x0000000089900000, 0x0000000089900000| Untracked 
| 154|0x0000000089a00000, 0x0000000089a00000, 0x0000000089b00000|  0%| F|  |TAMS 0x0000000089a00000, 0x0000000089a00000| Untracked 
| 155|0x0000000089b00000, 0x0000000089b00000, 0x0000000089c00000|  0%| F|  |TAMS 0x0000000089b00000, 0x0000000089b00000| Untracked 
| 156|0x0000000089c00000, 0x0000000089c00000, 0x0000000089d00000|  0%| F|  |TAMS 0x0000000089c00000, 0x0000000089c00000| Untracked 
| 157|0x0000000089d00000, 0x0000000089d00000, 0x0000000089e00000|  0%| F|  |TAMS 0x0000000089d00000, 0x0000000089d00000| Untracked 
| 158|0x0000000089e00000, 0x0000000089e00000, 0x0000000089f00000|  0%| F|  |TAMS 0x0000000089e00000, 0x0000000089e00000| Untracked 
| 159|0x0000000089f00000, 0x0000000089f00000, 0x000000008a000000|  0%| F|  |TAMS 0x0000000089f00000, 0x0000000089f00000| Untracked 
| 160|0x000000008a000000, 0x000000008a000000, 0x000000008a100000|  0%| F|  |TAMS 0x000000008a000000, 0x000000008a000000| Untracked 
| 161|0x000000008a100000, 0x000000008a100000, 0x000000008a200000|  0%| F|  |TAMS 0x000000008a100000, 0x000000008a100000| Untracked 
| 162|0x000000008a200000, 0x000000008a200000, 0x000000008a300000|  0%| F|  |TAMS 0x000000008a200000, 0x000000008a200000| Untracked 
| 163|0x000000008a300000, 0x000000008a300000, 0x000000008a400000|  0%| F|  |TAMS 0x000000008a300000, 0x000000008a300000| Untracked 
| 164|0x000000008a400000, 0x000000008a400000, 0x000000008a500000|  0%| F|  |TAMS 0x000000008a400000, 0x000000008a400000| Untracked 
| 165|0x000000008a500000, 0x000000008a500000, 0x000000008a600000|  0%| F|  |TAMS 0x000000008a500000, 0x000000008a500000| Untracked 
| 166|0x000000008a600000, 0x000000008a600000, 0x000000008a700000|  0%| F|  |TAMS 0x000000008a600000, 0x000000008a600000| Untracked 
| 167|0x000000008a700000, 0x000000008a700000, 0x000000008a800000|  0%| F|  |TAMS 0x000000008a700000, 0x000000008a700000| Untracked 
| 168|0x000000008a800000, 0x000000008a800000, 0x000000008a900000|  0%| F|  |TAMS 0x000000008a800000, 0x000000008a800000| Untracked 
| 169|0x000000008a900000, 0x000000008a900000, 0x000000008aa00000|  0%| F|  |TAMS 0x000000008a900000, 0x000000008a900000| Untracked 
| 170|0x000000008aa00000, 0x000000008aa00000, 0x000000008ab00000|  0%| F|  |TAMS 0x000000008aa00000, 0x000000008aa00000| Untracked 
| 171|0x000000008ab00000, 0x000000008ab00000, 0x000000008ac00000|  0%| F|  |TAMS 0x000000008ab00000, 0x000000008ab00000| Untracked 
| 172|0x000000008ac00000, 0x000000008ac00000, 0x000000008ad00000|  0%| F|  |TAMS 0x000000008ac00000, 0x000000008ac00000| Untracked 
| 173|0x000000008ad00000, 0x000000008ad00000, 0x000000008ae00000|  0%| F|  |TAMS 0x000000008ad00000, 0x000000008ad00000| Untracked 
| 174|0x000000008ae00000, 0x000000008ae00000, 0x000000008af00000|  0%| F|  |TAMS 0x000000008ae00000, 0x000000008ae00000| Untracked 
| 175|0x000000008af00000, 0x000000008af00000, 0x000000008b000000|  0%| F|  |TAMS 0x000000008af00000, 0x000000008af00000| Untracked 
| 176|0x000000008b000000, 0x000000008b000000, 0x000000008b100000|  0%| F|  |TAMS 0x000000008b000000, 0x000000008b000000| Untracked 
| 177|0x000000008b100000, 0x000000008b100000, 0x000000008b200000|  0%| F|  |TAMS 0x000000008b100000, 0x000000008b100000| Untracked 
| 178|0x000000008b200000, 0x000000008b200000, 0x000000008b300000|  0%| F|  |TAMS 0x000000008b200000, 0x000000008b200000| Untracked 
| 179|0x000000008b300000, 0x000000008b300000, 0x000000008b400000|  0%| F|  |TAMS 0x000000008b300000, 0x000000008b300000| Untracked 
| 180|0x000000008b400000, 0x000000008b400000, 0x000000008b500000|  0%| F|  |TAMS 0x000000008b400000, 0x000000008b400000| Untracked 
| 181|0x000000008b500000, 0x000000008b500000, 0x000000008b600000|  0%| F|  |TAMS 0x000000008b500000, 0x000000008b500000| Untracked 
| 182|0x000000008b600000, 0x000000008b600000, 0x000000008b700000|  0%| F|  |TAMS 0x000000008b600000, 0x000000008b600000| Untracked 
| 183|0x000000008b700000, 0x000000008b700000, 0x000000008b800000|  0%| F|  |TAMS 0x000000008b700000, 0x000000008b700000| Untracked 
| 184|0x000000008b800000, 0x000000008b800000, 0x000000008b900000|  0%| F|  |TAMS 0x000000008b800000, 0x000000008b800000| Untracked 
| 185|0x000000008b900000, 0x000000008b900000, 0x000000008ba00000|  0%| F|  |TAMS 0x000000008b900000, 0x000000008b900000| Untracked 
| 186|0x000000008ba00000, 0x000000008ba00000, 0x000000008bb00000|  0%| F|  |TAMS 0x000000008ba00000, 0x000000008ba00000| Untracked 
| 187|0x000000008bb00000, 0x000000008bb00000, 0x000000008bc00000|  0%| F|  |TAMS 0x000000008bb00000, 0x000000008bb00000| Untracked 
| 188|0x000000008bc00000, 0x000000008bc00000, 0x000000008bd00000|  0%| F|  |TAMS 0x000000008bc00000, 0x000000008bc00000| Untracked 
| 189|0x000000008bd00000, 0x000000008bd00000, 0x000000008be00000|  0%| F|  |TAMS 0x000000008bd00000, 0x000000008bd00000| Untracked 
| 190|0x000000008be00000, 0x000000008be00000, 0x000000008bf00000|  0%| F|  |TAMS 0x000000008be00000, 0x000000008be00000| Untracked 
| 191|0x000000008bf00000, 0x000000008bf00000, 0x000000008c000000|  0%| F|  |TAMS 0x000000008bf00000, 0x000000008bf00000| Untracked 
| 192|0x000000008c000000, 0x000000008c000000, 0x000000008c100000|  0%| F|  |TAMS 0x000000008c000000, 0x000000008c000000| Untracked 
| 193|0x000000008c100000, 0x000000008c100000, 0x000000008c200000|  0%| F|  |TAMS 0x000000008c100000, 0x000000008c100000| Untracked 
| 194|0x000000008c200000, 0x000000008c200000, 0x000000008c300000|  0%| F|  |TAMS 0x000000008c200000, 0x000000008c200000| Untracked 
| 195|0x000000008c300000, 0x000000008c300000, 0x000000008c400000|  0%| F|  |TAMS 0x000000008c300000, 0x000000008c300000| Untracked 
| 196|0x000000008c400000, 0x000000008c400000, 0x000000008c500000|  0%| F|  |TAMS 0x000000008c400000, 0x000000008c400000| Untracked 
| 197|0x000000008c500000, 0x000000008c500000, 0x000000008c600000|  0%| F|  |TAMS 0x000000008c500000, 0x000000008c500000| Untracked 
| 198|0x000000008c600000, 0x000000008c600000, 0x000000008c700000|  0%| F|  |TAMS 0x000000008c600000, 0x000000008c600000| Untracked 
| 199|0x000000008c700000, 0x000000008c700000, 0x000000008c800000|  0%| F|  |TAMS 0x000000008c700000, 0x000000008c700000| Untracked 
| 200|0x000000008c800000, 0x000000008c800000, 0x000000008c900000|  0%| F|  |TAMS 0x000000008c800000, 0x000000008c800000| Untracked 
| 201|0x000000008c900000, 0x000000008c919bb8, 0x000000008ca00000| 10%| E|  |TAMS 0x000000008c900000, 0x000000008c900000| Complete 
| 202|0x000000008ca00000, 0x000000008cb00000, 0x000000008cb00000|100%| E|CS|TAMS 0x000000008ca00000, 0x000000008ca00000| Complete 
| 203|0x000000008cb00000, 0x000000008cc00000, 0x000000008cc00000|100%| E|CS|TAMS 0x000000008cb00000, 0x000000008cb00000| Complete 
| 204|0x000000008cc00000, 0x000000008cd00000, 0x000000008cd00000|100%| E|CS|TAMS 0x000000008cc00000, 0x000000008cc00000| Complete 
| 205|0x000000008cd00000, 0x000000008ce00000, 0x000000008ce00000|100%| E|CS|TAMS 0x000000008cd00000, 0x000000008cd00000| Complete 
| 206|0x000000008ce00000, 0x000000008cf00000, 0x000000008cf00000|100%| E|CS|TAMS 0x000000008ce00000, 0x000000008ce00000| Complete 
| 207|0x000000008cf00000, 0x000000008d000000, 0x000000008d000000|100%| E|CS|TAMS 0x000000008cf00000, 0x000000008cf00000| Complete 
| 208|0x000000008d000000, 0x000000008d100000, 0x000000008d100000|100%| E|CS|TAMS 0x000000008d000000, 0x000000008d000000| Complete 
| 209|0x000000008d100000, 0x000000008d200000, 0x000000008d200000|100%| E|CS|TAMS 0x000000008d100000, 0x000000008d100000| Complete 
| 210|0x000000008d200000, 0x000000008d300000, 0x000000008d300000|100%| E|CS|TAMS 0x000000008d200000, 0x000000008d200000| Complete 
| 211|0x000000008d300000, 0x000000008d400000, 0x000000008d400000|100%| E|CS|TAMS 0x000000008d300000, 0x000000008d300000| Complete 
| 212|0x000000008d400000, 0x000000008d500000, 0x000000008d500000|100%| E|CS|TAMS 0x000000008d400000, 0x000000008d400000| Complete 
| 213|0x000000008d500000, 0x000000008d600000, 0x000000008d600000|100%| E|CS|TAMS 0x000000008d500000, 0x000000008d500000| Complete 
| 214|0x000000008d600000, 0x000000008d700000, 0x000000008d700000|100%| E|CS|TAMS 0x000000008d600000, 0x000000008d600000| Complete 
| 215|0x000000008d700000, 0x000000008d800000, 0x000000008d800000|100%| E|CS|TAMS 0x000000008d700000, 0x000000008d700000| Complete 
| 216|0x000000008d800000, 0x000000008d900000, 0x000000008d900000|100%| E|CS|TAMS 0x000000008d800000, 0x000000008d800000| Complete 
| 217|0x000000008d900000, 0x000000008da00000, 0x000000008da00000|100%| E|CS|TAMS 0x000000008d900000, 0x000000008d900000| Complete 
| 218|0x000000008da00000, 0x000000008db00000, 0x000000008db00000|100%| E|CS|TAMS 0x000000008da00000, 0x000000008da00000| Complete 
| 219|0x000000008db00000, 0x000000008dc00000, 0x000000008dc00000|100%| E|  |TAMS 0x000000008db00000, 0x000000008db00000| Complete 
| 220|0x000000008dc00000, 0x000000008dd00000, 0x000000008dd00000|100%| E|CS|TAMS 0x000000008dc00000, 0x000000008dc00000| Complete 
| 221|0x000000008dd00000, 0x000000008de00000, 0x000000008de00000|100%| E|CS|TAMS 0x000000008dd00000, 0x000000008dd00000| Complete 
| 222|0x000000008de00000, 0x000000008df00000, 0x000000008df00000|100%| E|CS|TAMS 0x000000008de00000, 0x000000008de00000| Complete 
| 223|0x000000008df00000, 0x000000008e000000, 0x000000008e000000|100%| E|CS|TAMS 0x000000008df00000, 0x000000008df00000| Complete 
| 224|0x000000008e000000, 0x000000008e100000, 0x000000008e100000|100%| E|CS|TAMS 0x000000008e000000, 0x000000008e000000| Complete 
| 225|0x000000008e100000, 0x000000008e200000, 0x000000008e200000|100%| E|CS|TAMS 0x000000008e100000, 0x000000008e100000| Complete 
| 226|0x000000008e200000, 0x000000008e300000, 0x000000008e300000|100%| E|CS|TAMS 0x000000008e200000, 0x000000008e200000| Complete 
| 227|0x000000008e300000, 0x000000008e400000, 0x000000008e400000|100%| E|CS|TAMS 0x000000008e300000, 0x000000008e300000| Complete 
| 228|0x000000008e400000, 0x000000008e500000, 0x000000008e500000|100%| E|CS|TAMS 0x000000008e400000, 0x000000008e400000| Complete 
| 229|0x000000008e500000, 0x000000008e600000, 0x000000008e600000|100%| E|CS|TAMS 0x000000008e500000, 0x000000008e500000| Complete 
| 230|0x000000008e600000, 0x000000008e700000, 0x000000008e700000|100%| E|CS|TAMS 0x000000008e600000, 0x000000008e600000| Complete 
| 231|0x000000008e700000, 0x000000008e800000, 0x000000008e800000|100%| E|CS|TAMS 0x000000008e700000, 0x000000008e700000| Complete 
| 232|0x000000008e800000, 0x000000008e900000, 0x000000008e900000|100%| E|CS|TAMS 0x000000008e800000, 0x000000008e800000| Complete 
| 233|0x000000008e900000, 0x000000008ea00000, 0x000000008ea00000|100%| E|CS|TAMS 0x000000008e900000, 0x000000008e900000| Complete 
| 234|0x000000008ea00000, 0x000000008eb00000, 0x000000008eb00000|100%| E|CS|TAMS 0x000000008ea00000, 0x000000008ea00000| Complete 
| 235|0x000000008eb00000, 0x000000008ec00000, 0x000000008ec00000|100%| E|CS|TAMS 0x000000008eb00000, 0x000000008eb00000| Complete 
| 236|0x000000008ec00000, 0x000000008ed00000, 0x000000008ed00000|100%| E|CS|TAMS 0x000000008ec00000, 0x000000008ec00000| Complete 
| 237|0x000000008ed00000, 0x000000008ee00000, 0x000000008ee00000|100%| E|CS|TAMS 0x000000008ed00000, 0x000000008ed00000| Complete 
| 238|0x000000008ee00000, 0x000000008ef00000, 0x000000008ef00000|100%| E|CS|TAMS 0x000000008ee00000, 0x000000008ee00000| Complete 
| 239|0x000000008ef00000, 0x000000008f000000, 0x000000008f000000|100%| E|CS|TAMS 0x000000008ef00000, 0x000000008ef00000| Complete 
| 240|0x000000008f000000, 0x000000008f100000, 0x000000008f100000|100%| E|CS|TAMS 0x000000008f000000, 0x000000008f000000| Complete 
| 241|0x000000008f100000, 0x000000008f200000, 0x000000008f200000|100%| E|CS|TAMS 0x000000008f100000, 0x000000008f100000| Complete 
| 242|0x000000008f200000, 0x000000008f300000, 0x000000008f300000|100%| E|CS|TAMS 0x000000008f200000, 0x000000008f200000| Complete 
| 243|0x000000008f300000, 0x000000008f400000, 0x000000008f400000|100%| E|CS|TAMS 0x000000008f300000, 0x000000008f300000| Complete 
| 244|0x000000008f400000, 0x000000008f500000, 0x000000008f500000|100%| E|CS|TAMS 0x000000008f400000, 0x000000008f400000| Complete 
| 245|0x000000008f500000, 0x000000008f600000, 0x000000008f600000|100%| E|CS|TAMS 0x000000008f500000, 0x000000008f500000| Complete 
| 246|0x000000008f600000, 0x000000008f700000, 0x000000008f700000|100%| E|CS|TAMS 0x000000008f600000, 0x000000008f600000| Complete 
| 247|0x000000008f700000, 0x000000008f800000, 0x000000008f800000|100%| E|CS|TAMS 0x000000008f700000, 0x000000008f700000| Complete 
| 248|0x000000008f800000, 0x000000008f900000, 0x000000008f900000|100%| E|CS|TAMS 0x000000008f800000, 0x000000008f800000| Complete 
| 249|0x000000008f900000, 0x000000008fa00000, 0x000000008fa00000|100%| E|CS|TAMS 0x000000008f900000, 0x000000008f900000| Complete 
| 250|0x000000008fa00000, 0x000000008fb00000, 0x000000008fb00000|100%| E|CS|TAMS 0x000000008fa00000, 0x000000008fa00000| Complete 
| 251|0x000000008fb00000, 0x000000008fc00000, 0x000000008fc00000|100%| E|CS|TAMS 0x000000008fb00000, 0x000000008fb00000| Complete 
| 252|0x000000008fc00000, 0x000000008fd00000, 0x000000008fd00000|100%| E|CS|TAMS 0x000000008fc00000, 0x000000008fc00000| Complete 
| 253|0x000000008fd00000, 0x000000008fe00000, 0x000000008fe00000|100%| E|CS|TAMS 0x000000008fd00000, 0x000000008fd00000| Complete 
| 254|0x000000008fe00000, 0x000000008ff00000, 0x000000008ff00000|100%| E|CS|TAMS 0x000000008fe00000, 0x000000008fe00000| Complete 
| 255|0x000000008ff00000, 0x0000000090000000, 0x0000000090000000|100%| E|CS|TAMS 0x000000008ff00000, 0x000000008ff00000| Complete 
| 256|0x0000000090000000, 0x0000000090100000, 0x0000000090100000|100%| E|CS|TAMS 0x0000000090000000, 0x0000000090000000| Complete 
| 257|0x0000000090100000, 0x0000000090200000, 0x0000000090200000|100%| E|CS|TAMS 0x0000000090100000, 0x0000000090100000| Complete 
| 258|0x0000000090200000, 0x0000000090300000, 0x0000000090300000|100%| E|CS|TAMS 0x0000000090200000, 0x0000000090200000| Complete 
| 259|0x0000000090300000, 0x0000000090400000, 0x0000000090400000|100%| E|CS|TAMS 0x0000000090300000, 0x0000000090300000| Complete 
| 260|0x0000000090400000, 0x0000000090500000, 0x0000000090500000|100%| E|CS|TAMS 0x0000000090400000, 0x0000000090400000| Complete 
| 261|0x0000000090500000, 0x0000000090600000, 0x0000000090600000|100%| E|CS|TAMS 0x0000000090500000, 0x0000000090500000| Complete 
| 262|0x0000000090600000, 0x0000000090700000, 0x0000000090700000|100%| E|CS|TAMS 0x0000000090600000, 0x0000000090600000| Complete 
| 263|0x0000000090700000, 0x0000000090800000, 0x0000000090800000|100%| E|CS|TAMS 0x0000000090700000, 0x0000000090700000| Complete 
| 264|0x0000000090800000, 0x0000000090900000, 0x0000000090900000|100%| E|CS|TAMS 0x0000000090800000, 0x0000000090800000| Complete 
| 265|0x0000000090900000, 0x0000000090a00000, 0x0000000090a00000|100%| E|CS|TAMS 0x0000000090900000, 0x0000000090900000| Complete 
| 266|0x0000000090a00000, 0x0000000090b00000, 0x0000000090b00000|100%| E|CS|TAMS 0x0000000090a00000, 0x0000000090a00000| Complete 
| 267|0x0000000090b00000, 0x0000000090c00000, 0x0000000090c00000|100%| E|CS|TAMS 0x0000000090b00000, 0x0000000090b00000| Complete 
| 268|0x0000000090c00000, 0x0000000090d00000, 0x0000000090d00000|100%| E|CS|TAMS 0x0000000090c00000, 0x0000000090c00000| Complete 
| 269|0x0000000090d00000, 0x0000000090e00000, 0x0000000090e00000|100%| E|CS|TAMS 0x0000000090d00000, 0x0000000090d00000| Complete 
| 270|0x0000000090e00000, 0x0000000090f00000, 0x0000000090f00000|100%| E|CS|TAMS 0x0000000090e00000, 0x0000000090e00000| Complete 
| 271|0x0000000090f00000, 0x0000000091000000, 0x0000000091000000|100%| E|CS|TAMS 0x0000000090f00000, 0x0000000090f00000| Complete 
| 272|0x0000000091000000, 0x0000000091100000, 0x0000000091100000|100%| E|CS|TAMS 0x0000000091000000, 0x0000000091000000| Complete 
| 273|0x0000000091100000, 0x0000000091200000, 0x0000000091200000|100%| E|CS|TAMS 0x0000000091100000, 0x0000000091100000| Complete 
| 274|0x0000000091200000, 0x0000000091300000, 0x0000000091300000|100%| E|CS|TAMS 0x0000000091200000, 0x0000000091200000| Complete 
| 275|0x0000000091300000, 0x0000000091400000, 0x0000000091400000|100%| E|CS|TAMS 0x0000000091300000, 0x0000000091300000| Complete 
| 276|0x0000000091400000, 0x0000000091500000, 0x0000000091500000|100%| E|CS|TAMS 0x0000000091400000, 0x0000000091400000| Complete 
| 277|0x0000000091500000, 0x0000000091600000, 0x0000000091600000|100%| E|CS|TAMS 0x0000000091500000, 0x0000000091500000| Complete 
| 278|0x0000000091600000, 0x0000000091700000, 0x0000000091700000|100%| E|CS|TAMS 0x0000000091600000, 0x0000000091600000| Complete 
| 279|0x0000000091700000, 0x0000000091800000, 0x0000000091800000|100%| E|CS|TAMS 0x0000000091700000, 0x0000000091700000| Complete 
| 280|0x0000000091800000, 0x0000000091900000, 0x0000000091900000|100%| E|CS|TAMS 0x0000000091800000, 0x0000000091800000| Complete 
| 281|0x0000000091900000, 0x0000000091a00000, 0x0000000091a00000|100%| E|CS|TAMS 0x0000000091900000, 0x0000000091900000| Complete 
| 282|0x0000000091a00000, 0x0000000091b00000, 0x0000000091b00000|100%| E|CS|TAMS 0x0000000091a00000, 0x0000000091a00000| Complete 
| 283|0x0000000091b00000, 0x0000000091c00000, 0x0000000091c00000|100%| E|CS|TAMS 0x0000000091b00000, 0x0000000091b00000| Complete 
| 284|0x0000000091c00000, 0x0000000091d00000, 0x0000000091d00000|100%| E|CS|TAMS 0x0000000091c00000, 0x0000000091c00000| Complete 
| 285|0x0000000091d00000, 0x0000000091e00000, 0x0000000091e00000|100%| E|CS|TAMS 0x0000000091d00000, 0x0000000091d00000| Complete 
| 286|0x0000000091e00000, 0x0000000091f00000, 0x0000000091f00000|100%| E|CS|TAMS 0x0000000091e00000, 0x0000000091e00000| Complete 
| 287|0x0000000091f00000, 0x0000000092000000, 0x0000000092000000|100%| E|CS|TAMS 0x0000000091f00000, 0x0000000091f00000| Complete 
| 288|0x0000000092000000, 0x0000000092100000, 0x0000000092100000|100%| E|CS|TAMS 0x0000000092000000, 0x0000000092000000| Complete 
| 289|0x0000000092100000, 0x0000000092200000, 0x0000000092200000|100%| E|CS|TAMS 0x0000000092100000, 0x0000000092100000| Complete 
| 290|0x0000000092200000, 0x0000000092300000, 0x0000000092300000|100%| E|CS|TAMS 0x0000000092200000, 0x0000000092200000| Complete 
| 291|0x0000000092300000, 0x0000000092400000, 0x0000000092400000|100%| E|CS|TAMS 0x0000000092300000, 0x0000000092300000| Complete 
| 292|0x0000000092400000, 0x0000000092500000, 0x0000000092500000|100%| E|CS|TAMS 0x0000000092400000, 0x0000000092400000| Complete 
| 293|0x0000000092500000, 0x0000000092600000, 0x0000000092600000|100%| E|CS|TAMS 0x0000000092500000, 0x0000000092500000| Complete 
| 294|0x0000000092600000, 0x0000000092700000, 0x0000000092700000|100%| E|CS|TAMS 0x0000000092600000, 0x0000000092600000| Complete 
| 295|0x0000000092700000, 0x0000000092800000, 0x0000000092800000|100%| E|CS|TAMS 0x0000000092700000, 0x0000000092700000| Complete 
| 296|0x0000000092800000, 0x0000000092900000, 0x0000000092900000|100%| E|CS|TAMS 0x0000000092800000, 0x0000000092800000| Complete 
| 297|0x0000000092900000, 0x0000000092a00000, 0x0000000092a00000|100%| E|CS|TAMS 0x0000000092900000, 0x0000000092900000| Complete 
| 298|0x0000000092a00000, 0x0000000092b00000, 0x0000000092b00000|100%| E|CS|TAMS 0x0000000092a00000, 0x0000000092a00000| Complete 
| 299|0x0000000092b00000, 0x0000000092c00000, 0x0000000092c00000|100%| E|CS|TAMS 0x0000000092b00000, 0x0000000092b00000| Complete 
| 300|0x0000000092c00000, 0x0000000092d00000, 0x0000000092d00000|100%| E|CS|TAMS 0x0000000092c00000, 0x0000000092c00000| Complete 
| 301|0x0000000092d00000, 0x0000000092e00000, 0x0000000092e00000|100%| E|CS|TAMS 0x0000000092d00000, 0x0000000092d00000| Complete 
| 302|0x0000000092e00000, 0x0000000092f00000, 0x0000000092f00000|100%| E|CS|TAMS 0x0000000092e00000, 0x0000000092e00000| Complete 
| 303|0x0000000092f00000, 0x0000000093000000, 0x0000000093000000|100%| E|CS|TAMS 0x0000000092f00000, 0x0000000092f00000| Complete 
| 304|0x0000000093000000, 0x0000000093100000, 0x0000000093100000|100%| E|CS|TAMS 0x0000000093000000, 0x0000000093000000| Complete 

Card table byte_map: [0x000001eba25b0000,0x000001eba29b0000] _byte_map_base: 0x000001eba21b0000

Marking Bits (Prev, Next): (CMBitMap*) 0x000001eb8d8e2fc0, (CMBitMap*) 0x000001eb8d8e2f88
 Prev Bits: [0x000001eba4db0000, 0x000001eba6db0000)
 Next Bits: [0x000001eba2db0000, 0x000001eba4db0000)

Polling page: 0x000001eb8d750000

Metaspace:

Usage:
  Non-class:     74.05 MB capacity,    72.69 MB ( 98%) used,     1.13 MB (  2%) free+waste,   233.25 KB ( <1%) overhead. 
      Class:     11.55 MB capacity,    10.80 MB ( 93%) used,   665.57 KB (  6%) free+waste,   107.44 KB ( <1%) overhead. 
       Both:     85.60 MB capacity,    83.49 MB ( 98%) used,     1.78 MB (  2%) free+waste,   340.69 KB ( <1%) overhead. 

Virtual space:
  Non-class space:       76.00 MB reserved,      74.30 MB ( 98%) committed 
      Class space:        1.00 GB reserved,      11.62 MB (  1%) committed 
             Both:        1.07 GB reserved,      85.92 MB (  8%) committed 

Chunk freelists:
   Non-Class:  0 bytes
       Class:  12.00 KB
        Both:  12.00 KB

MaxMetaspaceSize: 17179869184.00 GB
CompressedClassSpaceSize: 1.00 GB
Initial GC threshold: 20.80 MB
Current GC threshold: 135.91 MB
CDS: off

CodeHeap 'non-profiled nmethods': size=120064Kb used=4739Kb max_used=4739Kb free=115324Kb
 bounds [0x000001eb9a650000, 0x000001eb9ab00000, 0x000001eba1b90000]
CodeHeap 'profiled nmethods': size=120000Kb used=17885Kb max_used=17885Kb free=102114Kb
 bounds [0x000001eb93120000, 0x000001eb942a0000, 0x000001eb9a650000]
CodeHeap 'non-nmethods': size=5696Kb used=2365Kb max_used=2405Kb free=3330Kb
 bounds [0x000001eb92b90000, 0x000001eb92e00000, 0x000001eb93120000]
 total_blobs=9354 nmethods=8465 adapters=802
 compilation: enabled
              stopped_count=0, restarted_count=0
 full_count=0

Compilation events (20 events):
Event: 14.544 Thread 0x000001eba9ceb000 8535       1       javax.management.ObjectName::getCanonicalName (5 bytes)
Event: 14.545 Thread 0x000001eba9ceb000 nmethod 8535 0x000001eb9aaf0a90 code [0x000001eb9aaf0c40, 0x000001eb9aaf0cf8]
Event: 14.545 Thread 0x000001eba9ceb000 8536       3       sun.management.spi.PlatformMBeanProvider$PlatformComponent::getMBeans (87 bytes)
Event: 14.548 Thread 0x000001eba9ceb000 nmethod 8536 0x000001eb94292010 code [0x000001eb94292400, 0x000001eb94294018]
Event: 14.628 Thread 0x000001eba9ceb000 8537       3       org.gradle.internal.logging.sink.LogEventDispatcher::dispatch (12 bytes)
Event: 14.628 Thread 0x000001eba9ceb000 nmethod 8537 0x000001eb94294890 code [0x000001eb94294a40, 0x000001eb94294c28]
Event: 15.550 Thread 0x000001eba9ceb000 8538       3       java.util.Spliterators::emptySpliterator (4 bytes)
Event: 15.550 Thread 0x000001eba9ceb000 nmethod 8538 0x000001eb94294d10 code [0x000001eb94294ec0, 0x000001eb94294fb8]
Event: 15.550 Thread 0x000001eba9ceb000 8539       3       java.lang.management.ManagementFactory$$Lambda$62/0x0000000100162440::apply (12 bytes)
Event: 15.551 Thread 0x000001eba9ceb000 nmethod 8539 0x000001eb94295010 code [0x000001eb94295200, 0x000001eb942955d8]
Event: 16.551 Thread 0x000001eba9ceb000 8540       3       javax.management.ObjectName::addProperty (80 bytes)
Event: 16.552 Thread 0x000001eba9ceb000 nmethod 8540 0x000001eb94295710 code [0x000001eb94295940, 0x000001eb94296108]
Event: 16.552 Thread 0x000001eba9ceb000 8541       3       java.util.Collections$EmptyList::spliterator (4 bytes)
Event: 16.553 Thread 0x000001eba9ceb000 nmethod 8541 0x000001eb94296390 code [0x000001eb94296540, 0x000001eb94296698]
Event: 16.553 Thread 0x000001eba9ceb000 8542       3       java.util.Spliterators$EmptySpliterator$OfRef::forEachRemaining (6 bytes)
Event: 16.553 Thread 0x000001eba9ceb000 nmethod 8542 0x000001eb94296790 code [0x000001eb94296960, 0x000001eb94296c08]
Event: 17.545 Thread 0x000001eba9ceb000 8543       3       java.util.stream.AbstractPipeline::close (48 bytes)
Event: 17.546 Thread 0x000001eba9ceb000 nmethod 8543 0x000001eb94296d10 code [0x000001eb94296ee0, 0x000001eb94297168]
Event: 17.546 Thread 0x000001eba9ceb000 8544       3       sun.management.MemoryPoolImpl::getType (15 bytes)
Event: 17.546 Thread 0x000001eba9ceb000 nmethod 8544 0x000001eb94297290 code [0x000001eb94297440, 0x000001eb94297598]

GC Heap History (20 events):
Event: 0.601 GC heap before
{Heap before GC invocations=0 (full 0):
 garbage-first heap   total 260096K, used 16384K [0x0000000080000000, 0x0000000100000000)
  region size 1024K, 14 young (14336K), 0 survivors (0K)
 Metaspace       used 6747K, capacity 6929K, committed 7168K, reserved 1056768K
  class space    used 571K, capacity 650K, committed 768K, reserved 1048576K
}
Event: 0.607 GC heap after
{Heap after GC invocations=1 (full 0):
 garbage-first heap   total 260096K, used 4006K [0x0000000080000000, 0x0000000100000000)
  region size 1024K, 2 young (2048K), 2 survivors (2048K)
 Metaspace       used 6747K, capacity 6929K, committed 7168K, reserved 1056768K
  class space    used 571K, capacity 650K, committed 768K, reserved 1048576K
}
Event: 2.137 GC heap before
{Heap before GC invocations=1 (full 0):
 garbage-first heap   total 260096K, used 115622K [0x0000000080000000, 0x0000000100000000)
  region size 1024K, 108 young (110592K), 2 survivors (2048K)
 Metaspace       used 20850K, capacity 21153K, committed 21296K, reserved 1069056K
  class space    used 2510K, capacity 2651K, committed 2688K, reserved 1048576K
}
Event: 2.145 GC heap after
{Heap after GC invocations=2 (full 0):
 garbage-first heap   total 260096K, used 17156K [0x0000000080000000, 0x0000000100000000)
  region size 1024K, 12 young (12288K), 12 survivors (12288K)
 Metaspace       used 20850K, capacity 21153K, committed 21296K, reserved 1069056K
  class space    used 2510K, capacity 2651K, committed 2688K, reserved 1048576K
}
Event: 2.253 GC heap before
{Heap before GC invocations=3 (full 0):
 garbage-first heap   total 260096K, used 28420K [0x0000000080000000, 0x0000000100000000)
  region size 1024K, 24 young (24576K), 12 survivors (12288K)
 Metaspace       used 22369K, capacity 22880K, committed 23088K, reserved 1069056K
  class space    used 2761K, capacity 2935K, committed 2944K, reserved 1048576K
}
Event: 2.261 GC heap after
{Heap after GC invocations=4 (full 0):
 garbage-first heap   total 260096K, used 17558K [0x0000000080000000, 0x0000000100000000)
  region size 1024K, 1 young (1024K), 1 survivors (1024K)
 Metaspace       used 22369K, capacity 22880K, committed 23088K, reserved 1069056K
  class space    used 2761K, capacity 2935K, committed 2944K, reserved 1048576K
}
Event: 3.260 GC heap before
{Heap before GC invocations=4 (full 0):
 garbage-first heap   total 260096K, used 126102K [0x0000000080000000, 0x0000000100000000)
  region size 1024K, 107 young (109568K), 1 survivors (1024K)
 Metaspace       used 33796K, capacity 34621K, committed 34736K, reserved 1079296K
  class space    used 4478K, capacity 4816K, committed 4864K, reserved 1048576K
}
Event: 3.270 GC heap after
{Heap after GC invocations=5 (full 0):
 garbage-first heap   total 260096K, used 21687K [0x0000000080000000, 0x0000000100000000)
  region size 1024K, 5 young (5120K), 5 survivors (5120K)
 Metaspace       used 33796K, capacity 34621K, committed 34736K, reserved 1079296K
  class space    used 4478K, capacity 4816K, committed 4864K, reserved 1048576K
}
Event: 3.325 GC heap before
{Heap before GC invocations=5 (full 0):
 garbage-first heap   total 260096K, used 24759K [0x0000000080000000, 0x0000000100000000)
  region size 1024K, 9 young (9216K), 5 survivors (5120K)
 Metaspace       used 34913K, capacity 35733K, committed 35888K, reserved 1081344K
  class space    used 4555K, capacity 4889K, committed 4992K, reserved 1048576K
}
Event: 3.334 GC heap after
{Heap after GC invocations=6 (full 0):
 garbage-first heap   total 260096K, used 22337K [0x0000000080000000, 0x0000000100000000)
  region size 1024K, 6 young (6144K), 6 survivors (6144K)
 Metaspace       used 34913K, capacity 35733K, committed 35888K, reserved 1081344K
  class space    used 4555K, capacity 4889K, committed 4992K, reserved 1048576K
}
Event: 3.960 GC heap before
{Heap before GC invocations=7 (full 0):
 garbage-first heap   total 260096K, used 90945K [0x0000000080000000, 0x0000000100000000)
  region size 1024K, 71 young (72704K), 6 survivors (6144K)
 Metaspace       used 40971K, capacity 41982K, committed 42088K, reserved 1085440K
  class space    used 5199K, capacity 5560K, committed 5632K, reserved 1048576K
}
Event: 3.973 GC heap after
{Heap after GC invocations=8 (full 0):
 garbage-first heap   total 260096K, used 28046K [0x0000000080000000, 0x0000000100000000)
  region size 1024K, 7 young (7168K), 7 survivors (7168K)
 Metaspace       used 40971K, capacity 41982K, committed 42088K, reserved 1085440K
  class space    used 5199K, capacity 5560K, committed 5632K, reserved 1048576K
}
Event: 4.946 GC heap before
{Heap before GC invocations=9 (full 0):
 garbage-first heap   total 260096K, used 129422K [0x0000000080000000, 0x0000000100000000)
  region size 1024K, 106 young (108544K), 7 survivors (7168K)
 Metaspace       used 48957K, capacity 50231K, committed 50408K, reserved 1093632K
  class space    used 6237K, capacity 6701K, committed 6784K, reserved 1048576K
}
Event: 4.956 GC heap after
{Heap after GC invocations=10 (full 0):
 garbage-first heap   total 260096K, used 31944K [0x0000000080000000, 0x0000000100000000)
  region size 1024K, 11 young (11264K), 11 survivors (11264K)
 Metaspace       used 48957K, capacity 50231K, committed 50408K, reserved 1093632K
  class space    used 6237K, capacity 6701K, committed 6784K, reserved 1048576K
}
Event: 6.305 GC heap before
{Heap before GC invocations=10 (full 0):
 garbage-first heap   total 260096K, used 156872K [0x0000000080000000, 0x0000000100000000)
  region size 1024K, 129 young (132096K), 11 survivors (11264K)
 Metaspace       used 62166K, capacity 63848K, committed 64104K, reserved 1105920K
  class space    used 7824K, capacity 8430K, committed 8448K, reserved 1048576K
}
Event: 6.326 GC heap after
{Heap after GC invocations=11 (full 0):
 garbage-first heap   total 260096K, used 48094K [0x0000000080000000, 0x0000000100000000)
  region size 1024K, 17 young (17408K), 17 survivors (17408K)
 Metaspace       used 62166K, capacity 63848K, committed 64104K, reserved 1105920K
  class space    used 7824K, capacity 8430K, committed 8448K, reserved 1048576K
}
Event: 7.342 GC heap before
{Heap before GC invocations=11 (full 0):
 garbage-first heap   total 260096K, used 179166K [0x0000000080000000, 0x0000000100000000)
  region size 1024K, 138 young (141312K), 17 survivors (17408K)
 Metaspace       used 68752K, capacity 70487K, committed 70576K, reserved 1110016K
  class space    used 8672K, capacity 9297K, committed 9344K, reserved 1048576K
}
Event: 7.369 GC heap after
{Heap after GC invocations=12 (full 0):
 garbage-first heap   total 260096K, used 57207K [0x0000000080000000, 0x0000000100000000)
  region size 1024K, 10 young (10240K), 10 survivors (10240K)
 Metaspace       used 68752K, capacity 70487K, committed 70576K, reserved 1110016K
  class space    used 8672K, capacity 9297K, committed 9344K, reserved 1048576K
}
Event: 8.742 GC heap before
{Heap before GC invocations=13 (full 0):
 garbage-first heap   total 260096K, used 179063K [0x0000000080000000, 0x0000000100000000)
  region size 1024K, 129 young (132096K), 10 survivors (10240K)
 Metaspace       used 80944K, capacity 82901K, committed 82992K, reserved 1122304K
  class space    used 10507K, capacity 11194K, committed 11264K, reserved 1048576K
}
Event: 8.764 GC heap after
{Heap after GC invocations=14 (full 0):
 garbage-first heap   total 312320K, used 66021K [0x0000000080000000, 0x0000000100000000)
  region size 1024K, 8 young (8192K), 8 survivors (8192K)
 Metaspace       used 80944K, capacity 82901K, committed 82992K, reserved 1122304K
  class space    used 10507K, capacity 11194K, committed 11264K, reserved 1048576K
}

Deoptimization events (20 events):
Event: 9.511 Thread 0x000001ebadb0f000 Uncommon trap: trap_request=0xffffffde fr.pc=0x000001eb9a786628 relative=0x00000000000002e8
Event: 9.511 Thread 0x000001ebadb0f000 Uncommon trap: reason=class_check action=maybe_recompile pc=0x000001eb9a786628 method=java.util.Collections$SetFromMap.remove(Ljava/lang/Object;)Z @ 5 c2
Event: 9.511 Thread 0x000001ebadb0f000 DEOPT PACKING pc=0x000001eb9a786628 sp=0x000000487adfd500
Event: 9.511 Thread 0x000001ebadb0f000 DEOPT UNPACKING pc=0x000001eb92bda1a9 sp=0x000000487adfd4f8 mode 2
Event: 9.512 Thread 0x000001ebadb0f000 Uncommon trap: trap_request=0xffffffde fr.pc=0x000001eb9a786628 relative=0x00000000000002e8
Event: 9.512 Thread 0x000001ebadb0f000 Uncommon trap: reason=class_check action=maybe_recompile pc=0x000001eb9a786628 method=java.util.Collections$SetFromMap.remove(Ljava/lang/Object;)Z @ 5 c2
Event: 9.512 Thread 0x000001ebadb0f000 DEOPT PACKING pc=0x000001eb9a786628 sp=0x000000487adfd500
Event: 9.512 Thread 0x000001ebadb0f000 DEOPT UNPACKING pc=0x000001eb92bda1a9 sp=0x000000487adfd4f8 mode 2
Event: 9.513 Thread 0x000001ebadb0f000 Uncommon trap: trap_request=0xffffffde fr.pc=0x000001eb9a8027f4 relative=0x00000000000002b4
Event: 9.513 Thread 0x000001ebadb0f000 Uncommon trap: reason=class_check action=maybe_recompile pc=0x000001eb9a8027f4 method=java.util.stream.StreamOpFlag.fromCharacteristics(Ljava/util/Spliterator;)I @ 14 c2
Event: 9.513 Thread 0x000001ebadb0f000 DEOPT PACKING pc=0x000001eb9a8027f4 sp=0x000000487adfcdf0
Event: 9.513 Thread 0x000001ebadb0f000 DEOPT UNPACKING pc=0x000001eb92bda1a9 sp=0x000000487adfccd8 mode 2
Event: 9.513 Thread 0x000001ebadb0f000 Uncommon trap: trap_request=0xffffffde fr.pc=0x000001eb9aa4d57c relative=0x000000000000005c
Event: 9.513 Thread 0x000001ebadb0f000 Uncommon trap: reason=class_check action=maybe_recompile pc=0x000001eb9aa4d57c method=java.util.stream.StreamOpFlag.fromCharacteristics(Ljava/util/Spliterator;)I @ 14 c2
Event: 9.513 Thread 0x000001ebadb0f000 DEOPT PACKING pc=0x000001eb9aa4d57c sp=0x000000487adfcd00
Event: 9.513 Thread 0x000001ebadb0f000 DEOPT UNPACKING pc=0x000001eb92bda1a9 sp=0x000000487adfcc90 mode 2
Event: 9.609 Thread 0x000001ebadb0f000 Uncommon trap: trap_request=0xffffff4d fr.pc=0x000001eb9aa2339c relative=0x00000000000001dc
Event: 9.609 Thread 0x000001ebadb0f000 Uncommon trap: reason=unstable_if action=reinterpret pc=0x000001eb9aa2339c method=com.google.common.collect.RegularImmutableSet.contains(Ljava/lang/Object;)Z @ 10 c2
Event: 9.609 Thread 0x000001ebadb0f000 DEOPT PACKING pc=0x000001eb9aa2339c sp=0x000000487adf9790
Event: 9.609 Thread 0x000001ebadb0f000 DEOPT UNPACKING pc=0x000001eb92bda1a9 sp=0x000000487adf9728 mode 2

Classes redefined (0 events):
No events

Internal exceptions (20 events):
Event: 9.380 Thread 0x000001ebac568000 Exception <a 'java/lang/NoSuchMethodError'{0x000000008dc2d828}: <clinit>> (0x000000008dc2d828) thrown at [src/hotspot/share/prims/jni.cpp, line 1367]
Event: 9.383 Thread 0x000001ebac568000 Exception <a 'java/lang/NoSuchMethodError'{0x000000008dc60b80}: 'void java.lang.invoke.DirectMethodHandle$Holder.invokeSpecial(java.lang.Object, java.lang.Object, java.lang.Object, int)'> (0x000000008dc60b80) thrown at [src/hotspot/share/interpreter/linkResolver.cpp, line 773]
Event: 9.413 Thread 0x000001ebac568000 Exception <a 'sun/nio/fs/WindowsException'{0x000000008da7c538}> (0x000000008da7c538) thrown at [src/hotspot/share/prims/jni.cpp, line 617]
Event: 9.471 Thread 0x000001ebab0c9000 Exception <a 'java/lang/NoSuchMethodError'{0x000000008d66fa88}: <clinit>> (0x000000008d66fa88) thrown at [src/hotspot/share/prims/jni.cpp, line 1367]
Event: 9.472 Thread 0x000001ebab0c9000 Exception <a 'java/lang/NoSuchMethodError'{0x000000008d679de8}: <clinit>> (0x000000008d679de8) thrown at [src/hotspot/share/prims/jni.cpp, line 1367]
Event: 9.477 Thread 0x000001ebadb0f000 Exception <a 'java/lang/IncompatibleClassChangeError'{0x000000008d6c1770}: Found class java.lang.Object, but interface was expected> (0x000000008d6c1770) thrown at [src/hotspot/share/interpreter/linkResolver.cpp, line 839]
Event: 9.494 Thread 0x000001ebadb0f000 Exception <a 'java/lang/NoSuchMethodError'{0x000000008d45c728}: 'void java.lang.invoke.DirectMethodHandle$Holder.invokeVirtual(java.lang.Object, java.lang.Object)'> (0x000000008d45c728) thrown at [src/hotspot/share/interpreter/linkResolver.cpp, line 773]
Event: 9.512 Thread 0x000001ebab0c9000 Exception <a 'java/lang/NoSuchMethodError'{0x000000008d201aa8}: <clinit>> (0x000000008d201aa8) thrown at [src/hotspot/share/prims/jni.cpp, line 1367]
Event: 9.513 Thread 0x000001ebab0c9000 Exception <a 'java/lang/NoSuchMethodError'{0x000000008d212358}: <clinit>> (0x000000008d212358) thrown at [src/hotspot/share/prims/jni.cpp, line 1367]
Event: 9.513 Thread 0x000001ebab0c9000 Exception <a 'java/lang/NoSuchMethodError'{0x000000008d213910}: <clinit>> (0x000000008d213910) thrown at [src/hotspot/share/prims/jni.cpp, line 1367]
Event: 9.517 Thread 0x000001ebab0c9000 Exception <a 'java/lang/NoSuchMethodError'{0x000000008d25c630}: <clinit>> (0x000000008d25c630) thrown at [src/hotspot/share/prims/jni.cpp, line 1367]
Event: 9.532 Thread 0x000001ebadb0f000 Exception <a 'java/lang/IncompatibleClassChangeError'{0x000000008cf3b5c8}: Found class java.lang.Object, but interface was expected> (0x000000008cf3b5c8) thrown at [src/hotspot/share/interpreter/linkResolver.cpp, line 839]
Event: 9.539 Thread 0x000001ebadb0d000 Exception <a 'java/lang/NoSuchMethodError'{0x000000008e6888e8}: <clinit>> (0x000000008e6888e8) thrown at [src/hotspot/share/prims/jni.cpp, line 1367]
Event: 9.542 Thread 0x000001ebadb0d000 Exception <a 'java/lang/NoSuchMethodError'{0x000000008e69d3b8}: <clinit>> (0x000000008e69d3b8) thrown at [src/hotspot/share/prims/jni.cpp, line 1367]
Event: 9.547 Thread 0x000001ebadb0d000 Exception <a 'java/lang/NoSuchMethodError'{0x000000008cfbc108}: <clinit>> (0x000000008cfbc108) thrown at [src/hotspot/share/prims/jni.cpp, line 1367]
Event: 9.570 Thread 0x000001ebadb0f000 Exception <a 'java/lang/NoSuchMethodError'{0x000000008cc06bb0}: 'int java.lang.invoke.DirectMethodHandle$Holder.invokeStaticInit(java.lang.Object, java.lang.Object, java.lang.Object, java.lang.Object, java.lang.Object)'> (0x000000008cc06bb0) thrown at [src/hotspot/share/interpreter/linkResolver.cpp, line 773]
Event: 9.589 Thread 0x000001ebadb0f000 Exception <a 'sun/nio/fs/WindowsException'{0x000000008cceee30}> (0x000000008cceee30) thrown at [src/hotspot/share/prims/jni.cpp, line 617]
Event: 9.589 Thread 0x000001ebadb0f000 Exception <a 'sun/nio/fs/WindowsException'{0x000000008cceff20}> (0x000000008cceff20) thrown at [src/hotspot/share/prims/jni.cpp, line 617]
Event: 9.609 Thread 0x000001ebadb0f000 Implicit null exception at 0x000001eb9aa231f7 to 0x000001eb9aa23384
Event: 14.628 Thread 0x000001ebadb0f000 Exception <a 'net/rubygrapefruit/platform/NativeException'{0x000000008ca138f0}: Execution timed out> (0x000000008ca138f0) thrown at [src/hotspot/share/prims/jni.cpp, line 638]

Events (20 events):
Event: 14.625 loading class java/util/logging/LogRecord
Event: 14.626 loading class java/util/logging/LogRecord done
Event: 14.627 Executing VM operation: RevokeBias
Event: 14.627 Executing VM operation: RevokeBias done
Event: 14.629 loading class net/rubygrapefruit/platform/internal/jni/InotifyInstanceLimitTooLowException
Event: 14.629 loading class net/rubygrapefruit/platform/internal/jni/InotifyInstanceLimitTooLowException done
Event: 14.629 loading class net/rubygrapefruit/platform/internal/jni/InsufficientResourcesForWatchingException
Event: 14.629 loading class net/rubygrapefruit/platform/internal/jni/InsufficientResourcesForWatchingException done
Event: 14.629 Executing VM operation: RevokeBias
Event: 14.629 Executing VM operation: RevokeBias done
Event: 14.629 Executing VM operation: RevokeBias
Event: 14.630 Executing VM operation: RevokeBias done
Event: 14.630 loading class net/rubygrapefruit/platform/internal/jni/InotifyWatchesLimitTooLowException
Event: 14.630 loading class net/rubygrapefruit/platform/internal/jni/InotifyWatchesLimitTooLowException done
Event: 14.630 loading class org/gradle/internal/watch/WatchingNotSupportedException
Event: 14.630 loading class org/gradle/internal/watch/WatchingNotSupportedException done
Event: 14.636 loading class org/gradle/internal/serialize/Message
Event: 14.636 loading class org/gradle/internal/serialize/Message done
Event: 14.637 loading class org/gradle/internal/serialize/ExceptionReplacingObjectOutputStream$1
Event: 14.637 loading class org/gradle/internal/serialize/ExceptionReplacingObjectOutputStream$1 done


Dynamic libraries:
0x00007ff671f30000 - 0x00007ff671f3a000 	C:\Program Files\Android\Android Studio\jbr\bin\java.exe
0x00007ff8bf610000 - 0x00007ff8bf806000 	C:\Windows\SYSTEM32\ntdll.dll
0x00007ff8bd670000 - 0x00007ff8bd72d000 	C:\Windows\System32\KERNEL32.DLL
0x00007ff8bd300000 - 0x00007ff8bd5c9000 	C:\Windows\System32\KERNELBASE.dll
0x00007ff8bce60000 - 0x00007ff8bcf60000 	C:\Windows\System32\ucrtbase.dll
0x00007ff8a4220000 - 0x00007ff8a4237000 	C:\Program Files\Android\Android Studio\jbr\bin\jli.dll
0x00007ff8a25c0000 - 0x00007ff8a25db000 	C:\Program Files\Android\Android Studio\jbr\bin\VCRUNTIME140.dll
0x00007ff8beda0000 - 0x00007ff8bef40000 	C:\Windows\System32\USER32.dll
0x00007ff8bd1f0000 - 0x00007ff8bd212000 	C:\Windows\System32\win32u.dll
0x00007ff8beff0000 - 0x00007ff8bf01a000 	C:\Windows\System32\GDI32.dll
0x00007ff8bcd50000 - 0x00007ff8bce5b000 	C:\Windows\System32\gdi32full.dll
0x00007ff8921d0000 - 0x00007ff89246b000 	C:\Windows\WinSxS\amd64_microsoft.windows.common-controls_6595b64144ccf1df_6.0.19041.746_none_ca02b4b61b8320a4\COMCTL32.dll
0x00007ff8bd5d0000 - 0x00007ff8bd66d000 	C:\Windows\System32\msvcp_win.dll
0x00007ff8bed00000 - 0x00007ff8bed9e000 	C:\Windows\System32\msvcrt.dll
0x00007ff8bd860000 - 0x00007ff8bd890000 	C:\Windows\System32\IMM32.DLL
0x00007ff8a2220000 - 0x00007ff8a227b000 	C:\ProgramData\Microsoft\DbgCtr\XShellDLL64_6015.dll
0x00007ff8bef40000 - 0x00007ff8befec000 	C:\Windows\System32\ADVAPI32.dll
0x00007ff8bd7c0000 - 0x00007ff8bd85c000 	C:\Windows\System32\sechost.dll
0x00007ff8bdb50000 - 0x00007ff8bdc7b000 	C:\Windows\System32\RPCRT4.dll
0x00007ff8be4f0000 - 0x00007ff8bec32000 	C:\Windows\System32\SHELL32.dll
0x00007ff8a2170000 - 0x00007ff8a217c000 	C:\Program Files\Android\Android Studio\jbr\bin\vcruntime140_1.dll
0x00007ff8a1460000 - 0x00007ff8a14ed000 	C:\Program Files\Android\Android Studio\jbr\bin\msvcp140.dll
0x00007ff877160000 - 0x00007ff877d1c000 	C:\Program Files\Android\Android Studio\jbr\bin\server\jvm.dll
0x00007ff8be3c0000 - 0x00007ff8be3c8000 	C:\Windows\System32\PSAPI.DLL
0x00007ff8aad90000 - 0x00007ff8aad99000 	C:\Windows\SYSTEM32\WSOCK32.dll
0x00007ff895110000 - 0x00007ff895137000 	C:\Windows\SYSTEM32\WINMM.dll
0x00007ff8bdc90000 - 0x00007ff8bdcfb000 	C:\Windows\System32\WS2_32.dll
0x00007ff8b57d0000 - 0x00007ff8b57da000 	C:\Windows\SYSTEM32\VERSION.dll
0x00007ff8bacc0000 - 0x00007ff8bacd2000 	C:\Windows\SYSTEM32\kernel.appcore.dll
0x00007ff8a1ee0000 - 0x00007ff8a1ef0000 	C:\Program Files\Android\Android Studio\jbr\bin\verify.dll
0x00007ff8a4650000 - 0x00007ff8a4834000 	C:\Windows\SYSTEM32\DBGHELP.DLL
0x00007ff8a4540000 - 0x00007ff8a456c000 	C:\Windows\SYSTEM32\dbgcore.DLL
0x00007ff8bd220000 - 0x00007ff8bd2a0000 	C:\Windows\System32\bcryptPrimitives.dll
0x00007ff8a1560000 - 0x00007ff8a1588000 	C:\Program Files\Android\Android Studio\jbr\bin\java.dll
0x00007ff8a1ac0000 - 0x00007ff8a1aca000 	C:\Program Files\Android\Android Studio\jbr\bin\jimage.dll
0x00007ff8a1660000 - 0x00007ff8a1678000 	C:\Program Files\Android\Android Studio\jbr\bin\zip.dll
0x00007ff8baec0000 - 0x00007ff8bb650000 	C:\Windows\SYSTEM32\windows.storage.dll
0x00007ff8bdd00000 - 0x00007ff8be056000 	C:\Windows\System32\combase.dll
0x00007ff8bc7b0000 - 0x00007ff8bc7dc000 	C:\Windows\SYSTEM32\Wldp.dll
0x00007ff8bd890000 - 0x00007ff8bd93e000 	C:\Windows\System32\SHCORE.dll
0x00007ff8bdaf0000 - 0x00007ff8bdb45000 	C:\Windows\System32\shlwapi.dll
0x00007ff8bcc80000 - 0x00007ff8bcca6000 	C:\Windows\SYSTEM32\profapi.dll
0x00007ff8a15d0000 - 0x00007ff8a15e9000 	C:\Program Files\Android\Android Studio\jbr\bin\net.dll
0x00007ff8b5f20000 - 0x00007ff8b6020000 	C:\Windows\SYSTEM32\WINHTTP.dll
0x00007ff8bc4c0000 - 0x00007ff8bc52a000 	C:\Windows\system32\mswsock.dll
0x00007ff8a0f80000 - 0x00007ff8a0f93000 	C:\Program Files\Android\Android Studio\jbr\bin\nio.dll
0x00007ff8a1c50000 - 0x00007ff8a1c77000 	C:\Users\it_04\.gradle\native\e1d6ef7f7dcc3fd88c89a11ec53ec762bb8ba0a96d01ffa2cd45eb1d1d8dd5c5\windows-amd64\native-platform.dll
0x00007ff8a1310000 - 0x00007ff8a1454000 	C:\Users\it_04\.gradle\native\0d407fdbe67a94daf76414ababcb853783967236a71b16ec16e742cd7a986fd3\windows-amd64\native-platform-file-events.dll
0x00007ff8af710000 - 0x00007ff8af71a000 	C:\Program Files\Android\Android Studio\jbr\bin\management.dll
0x00007ff8a0f70000 - 0x00007ff8a0f7b000 	C:\Program Files\Android\Android Studio\jbr\bin\management_ext.dll
0x00007ff8bc690000 - 0x00007ff8bc6a8000 	C:\Windows\SYSTEM32\CRYPTSP.dll
0x00007ff8bbe60000 - 0x00007ff8bbe94000 	C:\Windows\system32\rsaenh.dll
0x00007ff8bd060000 - 0x00007ff8bd087000 	C:\Windows\System32\bcrypt.dll
0x00007ff8bcc40000 - 0x00007ff8bcc6e000 	C:\Windows\SYSTEM32\USERENV.dll
0x00007ff8bc6b0000 - 0x00007ff8bc6bc000 	C:\Windows\SYSTEM32\CRYPTBASE.dll
0x00007ff8bc1b0000 - 0x00007ff8bc1eb000 	C:\Windows\SYSTEM32\IPHLPAPI.DLL
0x00007ff8bdc80000 - 0x00007ff8bdc88000 	C:\Windows\System32\NSI.dll
0x00007ff8b64d0000 - 0x00007ff8b64e7000 	C:\Windows\SYSTEM32\dhcpcsvc6.DLL
0x00007ff8b64b0000 - 0x00007ff8b64cd000 	C:\Windows\SYSTEM32\dhcpcsvc.DLL
0x00007ff8bc1f0000 - 0x00007ff8bc2bb000 	C:\Windows\SYSTEM32\DNSAPI.dll

dbghelp: loaded successfully - version: 4.0.5 - missing functions: none
symbol engine: initialized successfully - sym options: 0x614 - pdb path: .;C:\Program Files\Android\Android Studio\jbr\bin;C:\Windows\SYSTEM32;C:\Windows\WinSxS\amd64_microsoft.windows.common-controls_6595b64144ccf1df_6.0.19041.746_none_ca02b4b61b8320a4;C:\ProgramData\Microsoft\DbgCtr;C:\Program Files\Android\Android Studio\jbr\bin\server;C:\Users\it_04\.gradle\native\e1d6ef7f7dcc3fd88c89a11ec53ec762bb8ba0a96d01ffa2cd45eb1d1d8dd5c5\windows-amd64;C:\Users\it_04\.gradle\native\0d407fdbe67a94daf76414ababcb853783967236a71b16ec16e742cd7a986fd3\windows-amd64

VM Arguments:
jvm_args: --add-opens=java.base/java.util=ALL-UNNAMED --add-opens=java.base/java.lang=ALL-UNNAMED --add-opens=java.base/java.lang.invoke=ALL-UNNAMED --add-opens=java.base/java.util=ALL-UNNAMED --add-opens=java.prefs/java.util.prefs=ALL-UNNAMED --add-opens=java.prefs/java.util.prefs=ALL-UNNAMED --add-opens=java.base/java.nio.charset=ALL-UNNAMED --add-opens=java.base/java.net=ALL-UNNAMED --add-opens=java.base/java.util.concurrent.atomic=ALL-UNNAMED -Xmx2048m -Dfile.encoding=UTF-8 -Duser.country=US -Duser.language=en -Duser.variant 
java_command: org.gradle.launcher.daemon.bootstrap.GradleDaemon 7.5
java_class_path (initial): C:\Users\it_04\.gradle\wrapper\dists\gradle-7.5-bin\f1w0cc9nuo0eivz97x2xlu9sv\gradle-7.5\lib\gradle-launcher-7.5.jar
Launcher Type: SUN_STANDARD

[Global flags]
     intx CICompilerCount                          = 3                                         {product} {ergonomic}
     uint ConcGCThreads                            = 1                                         {product} {ergonomic}
     uint G1ConcRefinementThreads                  = 4                                         {product} {ergonomic}
   size_t G1HeapRegionSize                         = 1048576                                   {product} {ergonomic}
    uintx GCDrainStackTargetSize                   = 64                                        {product} {ergonomic}
   size_t InitialHeapSize                          = 266338304                                 {product} {ergonomic}
   size_t MarkStackSize                            = 4194304                                   {product} {ergonomic}
   size_t MaxHeapSize                              = 2147483648                                {product} {command line}
   size_t MaxNewSize                               = 1287651328                                {product} {ergonomic}
   size_t MinHeapDeltaBytes                        = 1048576                                   {product} {ergonomic}
    uintx NonNMethodCodeHeapSize                   = 5830732                                {pd product} {ergonomic}
    uintx NonProfiledCodeHeapSize                  = 122913754                              {pd product} {ergonomic}
    uintx ProfiledCodeHeapSize                     = 122913754                              {pd product} {ergonomic}
    uintx ReservedCodeCacheSize                    = 251658240                              {pd product} {ergonomic}
     bool SegmentedCodeCache                       = true                                      {product} {ergonomic}
     bool UseCompressedClassPointers               = true                                 {lp64_product} {ergonomic}
     bool UseCompressedOops                        = true                                 {lp64_product} {ergonomic}
     bool UseG1GC                                  = true                                      {product} {ergonomic}
     bool UseLargePagesIndividualAllocation        = false                                  {pd product} {ergonomic}

Logging:
Log output configuration:
 #0: stdout all=warning uptime,level,tags
 #1: stderr all=off uptime,level,tags

Environment Variables:
PATH=D:\app\it_07\product\11.2.0\client_1\bin;C:\Windows\system32;C:\Windows;C:\Windows\System32\Wbem;C:\Windows\System32\WindowsPowerShell\v1.0\;C:\Windows\System32\OpenSSH\;C:\Program Files\dotnet\;C:\Program Files\Git\cmd;C:\Users\it_04\AppData\Local\Microsoft\WindowsApps;C:\Users\it_04\.dotnet\tools
USERNAME=it_04
OS=Windows_NT
PROCESSOR_IDENTIFIER=Intel64 Family 6 Model 165 Stepping 3, GenuineIntel



---------------  S Y S T E M  ---------------

OS: Windows 10 , 64 bit Build 19041 (10.0.19041.804)
OS uptime: 0 days 1:00 hours

CPU:total 4 (initial active 4) (2 cores per cpu, 2 threads per core) family 6 model 165 stepping 3 microcode 0xe0, cmov, cx8, fxsr, mmx, sse, sse2, sse3, ssse3, sse4.1, sse4.2, popcnt, aes, clmul, erms, 3dnowpref, lzcnt, ht, tsc, tscinvbit

Memory: 4k page, system-wide physical 16242M (8892M free)
TotalPageFile size 18674M (AvailPageFile size 11750M)
current process WorkingSet (physical memory assigned to process): 463M, peak: 502M
current process commit charge ("private bytes"): 549M, peak: 585M

vm_info: OpenJDK 64-Bit Server VM (11.0.15+0-b2043.56-9505619) for windows-amd64 JRE (11.0.15+0-b2043.56-9505619), built on Jan 19 2023 02:48:00 by "builduser" with unknown MS VC++:1929

END.
