#
# A fatal error has been detected by the Java Runtime Environment:
#
#  EXCEPTION_ACCESS_VIOLATION (0xc0000005) at pc=0x00007ffea7b963b0, pid=10552, tid=8044
#
# JRE version: OpenJDK Runtime Environment (11.0.15) (build 11.0.15+0-b2043.56-9505619)
# Java VM: OpenJDK 64-Bit Server VM (11.0.15+0-b2043.56-9505619, mixed mode, tiered, compressed oops, g1 gc, windows-amd64)
# Problematic frame:
# C  [native-platform-file-events.dll+0x463b0]
#
# No core dump will be written. Minidumps are not enabled by default on client versions of Windows
#
# If you would like to submit a bug report, please visit:
#   https://bugreport.java.com/bugreport/crash.jsp
# The crash happened outside the Java Virtual Machine in native code.
# See problematic frame for where to report the bug.
#

---------------  S U M M A R Y ------------

Command Line: --add-opens=java.base/java.util=ALL-UNNAMED --add-opens=java.base/java.lang=ALL-UNNAMED --add-opens=java.base/java.lang.invoke=ALL-UNNAMED --add-opens=java.base/java.util=ALL-UNNAMED --add-opens=java.prefs/java.util.prefs=ALL-UNNAMED --add-opens=java.prefs/java.util.prefs=ALL-UNNAMED --add-opens=java.base/java.nio.charset=ALL-UNNAMED --add-opens=java.base/java.net=ALL-UNNAMED --add-opens=java.base/java.util.concurrent.atomic=ALL-UNNAMED -Xmx2048m -Dfile.encoding=UTF-8 -Duser.country=US -Duser.language=en -Duser.variant org.gradle.launcher.daemon.bootstrap.GradleDaemon 7.5

Host: Intel(R) Pentium(R) Gold G6400 CPU @ 4.00GHz, 4 cores, 15G,  Windows 10 , 64 bit Build 19041 (10.0.19041.804)
Time: Sat Apr 15 09:12:48 2023 SE Asia Standard Time elapsed time: 32.809057 seconds (0d 0h 0m 32s)

---------------  T H R E A D  ---------------

Current thread (0x000001f48461c800):  JavaThread "File watcher server" daemon [_thread_in_native, id=8044, stack(0x0000009a55900000,0x0000009a55a00000)]

Stack: [0x0000009a55900000,0x0000009a55a00000],  sp=0x0000009a559fec70,  free space=1019k
Native frames: (J=compiled Java code, j=interpreted, Vv=VM code, C=native code)
C  [native-platform-file-events.dll+0x463b0]

Java frames: (J=compiled Java code, j=interpreted, Vv=VM code)
j  net.rubygrapefruit.platform.internal.jni.AbstractFileEventFunctions$NativeFileWatcher.executeRunLoop0(Ljava/lang/Object;)V+0
j  net.rubygrapefruit.platform.internal.jni.AbstractFileEventFunctions$NativeFileWatcher.access$100(Lnet/rubygrapefruit/platform/internal/jni/AbstractFileEventFunctions$NativeFileWatcher;Ljava/lang/Object;)V+2
j  net.rubygrapefruit.platform.internal.jni.AbstractFileEventFunctions$NativeFileWatcher$1.run()V+26
v  ~StubRoutines::call_stub

siginfo: EXCEPTION_ACCESS_VIOLATION (0xc0000005), reading address 0x0000000000000000


Register to memory mapping:

RIP=0x00007ffea7b963b0 native-platform-file-events.dll
RAX=0x0 is NULL
RBX=0x0 is NULL
RCX=0x0000009a597f9f58 is pointing into the stack for thread: 0x000001f483659000
RDX=0x0 is NULL
RSP=0x0000009a559fec70 is pointing into the stack for thread: 0x000001f48461c800
RBP=0x0000009a559ff638 is pointing into the stack for thread: 0x000001f48461c800
RSI=0x0000009a597f9f50 is pointing into the stack for thread: 0x000001f483659000
RDI=0x0000009a597f9f10 is pointing into the stack for thread: 0x000001f483659000
R8 =0x000001f4e5d56cc0 points into unknown readable memory: 0x000001f4e5d50d50 | 50 0d d5 e5 f4 01 00 00
R9 =0x0000000000000001 is an unknown value
R10=0x0000000000008000 is an unknown value
R11=0x0000009a559fe920 is pointing into the stack for thread: 0x000001f48461c800
R12=0x0 is NULL
R13={method} {0x000001f4871e4128} 'executeRunLoop0' '(Ljava/lang/Object;)V' in 'net/rubygrapefruit/platform/internal/jni/AbstractFileEventFunctions$NativeFileWatcher'
R14=0x0 is NULL
R15=0x000001f48461c800 is a thread


Registers:
RAX=0x0000000000000000, RBX=0x0000000000000000, RCX=0x0000009a597f9f58, RDX=0x0000000000000000
RSP=0x0000009a559fec70, RBP=0x0000009a559ff638, RSI=0x0000009a597f9f50, RDI=0x0000009a597f9f10
R8 =0x000001f4e5d56cc0, R9 =0x0000000000000001, R10=0x0000000000008000, R11=0x0000009a559fe920
R12=0x0000000000000000, R13=0x000001f4871e4120, R14=0x0000000000000000, R15=0x000001f48461c800
RIP=0x00007ffea7b963b0, EFLAGS=0x0000000000010292

Top of Stack: (sp=0x0000009a559fec70)
0x0000009a559fec70:   0000000000000000 000001f4eb9dfa7a
0x0000009a559fec80:   000001f482475990 00007ffea7b73133
0x0000009a559fec90:   000001f487f6d3f8 000000008cb5d4a8
0x0000009a559feca0:   00000279c1662a78 00007ffea7b7da83
0x0000009a559fecb0:   0000009a559ff660 0000009a597f9f10
0x0000009a559fecc0:   00007ffea7b6f150 00007ffea7b8709b
0x0000009a559fecd0:   0000009a597f9f50 000000008046dfe0
0x0000009a559fece0:   0000000000000000 00007ffea7b7bfae
0x0000009a559fecf0:   000001f487f6d3f0 00007ffea7b792a6
0x0000009a559fed00:   0000009a597f9f50 0000000000000000
0x0000009a559fed10:   000001f487f6d3f0 00007ffea7b557b3
0x0000009a559fed20:   0000000000000000 00007ffea7b864c2
0x0000009a559fed30:   0000009a559fed70 0000009a597f9f50
0x0000009a559fed40:   000001f482104a20 0000000000000000
0x0000009a559fed50:   000000008042b401 000001f48201fd50
0x0000009a559fed60:   0000000000000000 0000009a559feda8 

Instructions: (pc=0x00007ffea7b963b0)
0x00007ffea7b962b0:   7d 0b 00 48 89 01 48 83 c1 08 48 83 c4 28 48 ff
0x00007ffea7b962c0:   25 b3 7d 0f 00 48 8d 05 54 7d 0b 00 45 33 c0 48
0x00007ffea7b962d0:   89 01 ba a0 0f 00 00 48 83 c1 08 48 83 c4 28 48
0x00007ffea7b962e0:   ff 25 ba 7d 0f 00 e8 40 c3 fb ff cc cc cc cc cc
0x00007ffea7b962f0:   cc cc cc cc cc cc cc cc cc cc cc cc cc cc cc cc
0x00007ffea7b96300:   cc cc cc cc cc cc cc cc 48 83 c1 08 48 ff 25 9d
0x00007ffea7b96310:   7d 0f 00 cc cc cc cc cc c2 00 00 cc 48 83 c1 08
0x00007ffea7b96320:   48 ff 25 69 7d 0f 00 cc cc cc cc cc 48 83 c1 08
0x00007ffea7b96330:   48 ff 25 51 7d 0f 00 cc cc cc cc cc 48 89 5c 24
0x00007ffea7b96340:   18 56 57 41 56 48 83 ec 40 48 8b 05 f8 3e 0e 00
0x00007ffea7b96350:   48 33 c4 48 89 44 24 30 8b 01 4c 8b f2 0f ba f0
0x00007ffea7b96360:   08 48 8b f1 83 f8 01 75 2c ff 15 d1 7c 0f 00 39
0x00007ffea7b96370:   46 48 74 19 48 8d 4e 08 48 8b 01 48 8b 00 ff 15
0x00007ffea7b96380:   9c 9c 0f 00 ff 15 b6 7c 0f 00 89 46 48 ff 46 4c
0x00007ffea7b96390:   e9 f3 00 00 00 4d 85 f6 75 24 ff 15 a0 7c 0f 00
0x00007ffea7b963a0:   39 46 48 0f 84 9d 00 00 00 48 8d 4e 08 48 8b 01
0x00007ffea7b963b0:   48 8b 00 ff 15 67 9c 0f 00 e9 88 00 00 00 48 83
0x00007ffea7b963c0:   3a 00 7c 62 75 06 83 7a 08 00 7e 5a ba 01 00 00
0x00007ffea7b963d0:   00 48 8d 4c 24 20 e8 e0 e1 fb ff 48 8b 44 24 20
0x00007ffea7b963e0:   49 3b 06 7c 0c 75 7d 41 8b 46 08 39 44 24 28 7d
0x00007ffea7b963f0:   73 ff 15 49 7c 0f 00 39 46 48 74 4a 48 8b 46 08
0x00007ffea7b96400:   48 8d 54 24 20 49 8b ce 48 8b 58 10 e8 ef ec fb
0x00007ffea7b96410:   ff 8b d0 48 8d 4e 08 48 8b c3 ff 15 00 9c 0f 00
0x00007ffea7b96420:   84 c0 75 22 eb a6 ff 15 14 7c 0f 00 39 46 48 74
0x00007ffea7b96430:   15 48 8d 4e 08 48 8b 01 48 8b 40 08 ff 15 de 9b
0x00007ffea7b96440:   0f 00 84 c0 74 1e 8b 4e 4c 8d 41 01 89 46 4c 83
0x00007ffea7b96450:   f8 01 7e 2b f7 06 00 01 00 00 75 2c 89 4e 4c 4d
0x00007ffea7b96460:   85 f6 74 14 49 83 3e 00 75 07 41 83 7e 08 00 74
0x00007ffea7b96470:   07 b8 02 00 00 00 eb 12 b8 03 00 00 00 eb 0b ff
0x00007ffea7b96480:   15 bb 7b 0f 00 89 46 48 33 c0 48 8b 4c 24 30 48
0x00007ffea7b96490:   33 cc e8 47 d7 fb ff 48 8b 5c 24 70 48 83 c4 40
0x00007ffea7b964a0:   41 5e 5f 5e c3 cc cc cc cc cc cc cc cc cc cc cc 


Stack slot to memory mapping:
stack at sp + 0 slots: 0x0 is NULL
stack at sp + 1 slots: 0x000001f4eb9dfa7a is at code_begin+2458 in an Interpreter codelet
method entry point (kind = native)  [0x000001f4eb9df0e0, 0x000001f4eb9dfb60]  2688 bytes
stack at sp + 2 slots: {method} {0x000001f482475998} 'findEntry' '(Ljava/lang/String;)J' in 'java/lang/ClassLoader$NativeLibrary'
stack at sp + 3 slots: 0x00007ffea7b73133 native-platform-file-events.dll
stack at sp + 4 slots: 0x000001f487f6d3f8 points into unknown readable memory: 0x000001f48953c480 | 80 c4 53 89 f4 01 00 00
stack at sp + 5 slots: 0x000000008cb5d4a8 is an unallocated location in the heap
stack at sp + 6 slots: 0x00000279c1662a78 is an unknown value
stack at sp + 7 slots: 0x00007ffea7b7da83 native-platform-file-events.dll


---------------  P R O C E S S  ---------------

Threads class SMR info:
_java_thread_list=0x000001f488135450, length=89, elements={
0x000001f4e7eb3000, 0x000001f4ffb41800, 0x000001f4ffb4f800, 0x000001f4ffb9e800,
0x000001f4ffb9f000, 0x000001f4ffba2800, 0x000001f4ffba7800, 0x000001f4ffbb7000,
0x000001f4ffbba000, 0x000001f4ffd13800, 0x000001f4845f3800, 0x000001f4848bf000,
0x000001f483e53000, 0x000001f483cdc800, 0x000001f484228800, 0x000001f484621800,
0x000001f484620800, 0x000001f48461d800, 0x000001f48461c800, 0x000001f48461f000,
0x000001f485865000, 0x000001f485864800, 0x000001f485860000, 0x000001f485867800,
0x000001f485868800, 0x000001f486166000, 0x000001f486161800, 0x000001f486168800,
0x000001f48355d000, 0x000001f48355e000, 0x000001f48615f800, 0x000001f48615d000,
0x000001f48615a000, 0x000001f486160800, 0x000001f48615e000, 0x000001f48615b000,
0x000001f48615b800, 0x000001f48615c800, 0x000001f486162000, 0x000001f48615f000,
0x000001f486167000, 0x000001f486164800, 0x000001f486168000, 0x000001f486163000,
0x000001f486165800, 0x000001f486164000, 0x000001f48355b800, 0x000001f483558000,
0x000001f483559000, 0x000001f48355a000, 0x000001f48355a800, 0x000001f48355c800,
0x000001f483556800, 0x000001f48355e800, 0x000001f483563800, 0x000001f483561000,
0x000001f483560800, 0x000001f48355f800, 0x000001f483562000, 0x000001f483563000,
0x000001f483564800, 0x000001f483565800, 0x000001f485863800, 0x000001f485862800,
0x000001f48586f000, 0x000001f485869000, 0x000001f48586a000, 0x000001f48586b000,
0x000001f48586b800, 0x000001f48586c800, 0x000001f48586d800, 0x000001f48586e000,
0x000001f484622000, 0x000001f484623000, 0x000001f484620000, 0x000001f48c6d1800,
0x000001f48c6d0000, 0x000001f48c6d2800, 0x000001f48c6d3800, 0x000001f48c6cd800,
0x000001f48c6d4000, 0x000001f48c6ce800, 0x000001f48c6cf000, 0x000001f48c6d1000,
0x000001f483659000, 0x000001f48365b800, 0x000001f48365e000, 0x000001f48365c800,
0x000001f48365a000
}

Java Threads: ( => current thread )
  0x000001f4e7eb3000 JavaThread "main" [_thread_blocked, id=11112, stack(0x0000009a53400000,0x0000009a53500000)]
  0x000001f4ffb41800 JavaThread "Reference Handler" daemon [_thread_blocked, id=6756, stack(0x0000009a53e00000,0x0000009a53f00000)]
  0x000001f4ffb4f800 JavaThread "Finalizer" daemon [_thread_blocked, id=11092, stack(0x0000009a53f00000,0x0000009a54000000)]
  0x000001f4ffb9e800 JavaThread "Signal Dispatcher" daemon [_thread_blocked, id=3076, stack(0x0000009a54000000,0x0000009a54100000)]
  0x000001f4ffb9f000 JavaThread "Attach Listener" daemon [_thread_blocked, id=11836, stack(0x0000009a54100000,0x0000009a54200000)]
  0x000001f4ffba2800 JavaThread "Service Thread" daemon [_thread_blocked, id=9356, stack(0x0000009a54200000,0x0000009a54300000)]
  0x000001f4ffba7800 JavaThread "C2 CompilerThread0" daemon [_thread_blocked, id=11808, stack(0x0000009a54300000,0x0000009a54400000)]
  0x000001f4ffbb7000 JavaThread "C1 CompilerThread0" daemon [_thread_blocked, id=520, stack(0x0000009a54400000,0x0000009a54500000)]
  0x000001f4ffbba000 JavaThread "Sweeper thread" daemon [_thread_blocked, id=10768, stack(0x0000009a54500000,0x0000009a54600000)]
  0x000001f4ffd13800 JavaThread "Common-Cleaner" daemon [_thread_blocked, id=9064, stack(0x0000009a54600000,0x0000009a54700000)]
  0x000001f4845f3800 JavaThread "Daemon health stats" [_thread_blocked, id=2636, stack(0x0000009a54c00000,0x0000009a54d00000)]
  0x000001f4848bf000 JavaThread "Incoming local TCP Connector on port 56012" [_thread_in_native, id=8808, stack(0x0000009a54d00000,0x0000009a54e00000)]
  0x000001f483e53000 JavaThread "Daemon periodic checks" [_thread_blocked, id=11260, stack(0x0000009a54e00000,0x0000009a54f00000)]
  0x000001f483cdc800 JavaThread "Daemon" [_thread_blocked, id=664, stack(0x0000009a54f00000,0x0000009a55000000)]
  0x000001f484228800 JavaThread "Daemon worker" [_thread_blocked, id=11056, stack(0x0000009a55200000,0x0000009a55300000)]
  0x000001f484621800 JavaThread "Cache worker for journal cache (C:\Users\it_04\.gradle\caches\journal-1)" [_thread_blocked, id=9360, stack(0x0000009a55600000,0x0000009a55700000)]
  0x000001f484620800 JavaThread "File lock request listener" [_thread_in_native, id=4608, stack(0x0000009a55700000,0x0000009a55800000)]
  0x000001f48461d800 JavaThread "Cache worker for file hash cache (C:\Users\it_04\.gradle\caches\7.5\fileHashes)" [_thread_blocked, id=2828, stack(0x0000009a55800000,0x0000009a55900000)]
=>0x000001f48461c800 JavaThread "File watcher server" daemon [_thread_in_native, id=8044, stack(0x0000009a55900000,0x0000009a55a00000)]
  0x000001f48461f000 JavaThread "Cache worker for file content cache (C:\Users\it_04\.gradle\caches\7.5\fileContent)" [_thread_blocked, id=5696, stack(0x0000009a55d00000,0x0000009a55e00000)]
  0x000001f485865000 JavaThread "Cache worker for execution history cache (C:\Users\it_04\.gradle\caches\7.5\executionHistory)" [_thread_blocked, id=10356, stack(0x0000009a56000000,0x0000009a56100000)]
  0x000001f485864800 JavaThread "jar transforms" [_thread_blocked, id=4420, stack(0x0000009a56100000,0x0000009a56200000)]
  0x000001f485860000 JavaThread "jar transforms Thread 2" [_thread_blocked, id=916, stack(0x0000009a56200000,0x0000009a56300000)]
  0x000001f485867800 JavaThread "jar transforms Thread 3" [_thread_blocked, id=1304, stack(0x0000009a56300000,0x0000009a56400000)]
  0x000001f485868800 JavaThread "jar transforms Thread 4" [_thread_blocked, id=2640, stack(0x0000009a56400000,0x0000009a56500000)]
  0x000001f486166000 JavaThread "Memory manager" [_thread_blocked, id=12208, stack(0x0000009a58f00000,0x0000009a59000000)]
  0x000001f486161800 JavaThread "pool-3-thread-1" [_thread_blocked, id=4964, stack(0x0000009a59100000,0x0000009a59200000)]
  0x000001f486168800 JavaThread "included builds" [_thread_blocked, id=2100, stack(0x0000009a59300000,0x0000009a59400000)]
  0x000001f48355d000 JavaThread "pool-6-thread-1" [_thread_blocked, id=9676, stack(0x0000009a59000000,0x0000009a59100000)]
  0x000001f48355e000 JavaThread "included builds" [_thread_blocked, id=1272, stack(0x0000009a59200000,0x0000009a59300000)]
  0x000001f48615f800 JavaThread "Handler for socket connection from /127.0.0.1:56012 to /127.0.0.1:56035" [_thread_in_native, id=5220, stack(0x0000009a54800000,0x0000009a54900000)]
  0x000001f48615d000 JavaThread "Cancel handler" [_thread_blocked, id=5632, stack(0x0000009a55000000,0x0000009a55100000)]
  0x000001f48615a000 JavaThread "Asynchronous log dispatcher for DefaultDaemonConnection: socket connection from /127.0.0.1:56012 to /127.0.0.1:56035" [_thread_blocked, id=8932, stack(0x0000009a55100000,0x0000009a55200000)]
  0x000001f486160800 JavaThread "Stdin handler" [_thread_blocked, id=1360, stack(0x0000009a55300000,0x0000009a55400000)]
  0x000001f48615e000 JavaThread "Daemon client event forwarder" [_thread_blocked, id=10268, stack(0x0000009a55400000,0x0000009a55500000)]
  0x000001f48615b000 JavaThread "Cache worker for checksums cache (D:\SourceAndroid\KyThuat\.gradle\7.5\checksums)" [_thread_blocked, id=11832, stack(0x0000009a55b00000,0x0000009a55c00000)]
  0x000001f48615b800 JavaThread "Cache worker for cache directory md-rule (C:\Users\it_04\.gradle\caches\7.5\md-rule)" [_thread_blocked, id=10140, stack(0x0000009a55c00000,0x0000009a55d00000)]
  0x000001f48615c800 JavaThread "Cache worker for file hash cache (D:\SourceAndroid\KyThuat\.gradle\7.5\fileHashes)" [_thread_blocked, id=11128, stack(0x0000009a55e00000,0x0000009a55f00000)]
  0x000001f486162000 JavaThread "Cache worker for cache directory md-supplier (C:\Users\it_04\.gradle\caches\7.5\md-supplier)" [_thread_blocked, id=11584, stack(0x0000009a55f00000,0x0000009a56000000)]
  0x000001f48615f000 JavaThread "Cache worker for dependencies-accessors (D:\SourceAndroid\KyThuat\.gradle\7.5\dependencies-accessors)" [_thread_blocked, id=9188, stack(0x0000009a56500000,0x0000009a56600000)]
  0x000001f486167000 JavaThread "Cache worker for Build Output Cleanup Cache (D:\SourceAndroid\KyThuat\.gradle\buildOutputCleanup)" [_thread_blocked, id=8140, stack(0x0000009a56600000,0x0000009a56700000)]
  0x000001f486164800 JavaThread "Unconstrained build operations" [_thread_blocked, id=10460, stack(0x0000009a56700000,0x0000009a56800000)]
  0x000001f486168000 JavaThread "Unconstrained build operations Thread 2" [_thread_blocked, id=11468, stack(0x0000009a56800000,0x0000009a56900000)]
  0x000001f486163000 JavaThread "Unconstrained build operations Thread 3" [_thread_blocked, id=10996, stack(0x0000009a56900000,0x0000009a56a00000)]
  0x000001f486165800 JavaThread "Unconstrained build operations Thread 4" [_thread_blocked, id=11384, stack(0x0000009a56a00000,0x0000009a56b00000)]
  0x000001f486164000 JavaThread "Unconstrained build operations Thread 5" [_thread_blocked, id=3236, stack(0x0000009a56b00000,0x0000009a56c00000)]
  0x000001f48355b800 JavaThread "Unconstrained build operations Thread 6" [_thread_blocked, id=8968, stack(0x0000009a56c00000,0x0000009a56d00000)]
  0x000001f483558000 JavaThread "Unconstrained build operations Thread 7" [_thread_blocked, id=12136, stack(0x0000009a56d00000,0x0000009a56e00000)]
  0x000001f483559000 JavaThread "Unconstrained build operations Thread 8" [_thread_blocked, id=12156, stack(0x0000009a56e00000,0x0000009a56f00000)]
  0x000001f48355a000 JavaThread "Unconstrained build operations Thread 9" [_thread_blocked, id=12212, stack(0x0000009a56f00000,0x0000009a57000000)]
  0x000001f48355a800 JavaThread "Unconstrained build operations Thread 10" [_thread_blocked, id=9992, stack(0x0000009a57000000,0x0000009a57100000)]
  0x000001f48355c800 JavaThread "Unconstrained build operations Thread 11" [_thread_blocked, id=10820, stack(0x0000009a57100000,0x0000009a57200000)]
  0x000001f483556800 JavaThread "Unconstrained build operations Thread 12" [_thread_blocked, id=2104, stack(0x0000009a57200000,0x0000009a57300000)]
  0x000001f48355e800 JavaThread "Unconstrained build operations Thread 13" [_thread_blocked, id=4656, stack(0x0000009a57300000,0x0000009a57400000)]
  0x000001f483563800 JavaThread "Unconstrained build operations Thread 14" [_thread_blocked, id=10420, stack(0x0000009a57400000,0x0000009a57500000)]
  0x000001f483561000 JavaThread "Unconstrained build operations Thread 15" [_thread_blocked, id=4380, stack(0x0000009a57500000,0x0000009a57600000)]
  0x000001f483560800 JavaThread "Unconstrained build operations Thread 16" [_thread_blocked, id=10376, stack(0x0000009a57600000,0x0000009a57700000)]
  0x000001f48355f800 JavaThread "Unconstrained build operations Thread 17" [_thread_blocked, id=10588, stack(0x0000009a57700000,0x0000009a57800000)]
  0x000001f483562000 JavaThread "Unconstrained build operations Thread 18" [_thread_blocked, id=7596, stack(0x0000009a57800000,0x0000009a57900000)]
  0x000001f483563000 JavaThread "Unconstrained build operations Thread 19" [_thread_blocked, id=11080, stack(0x0000009a57900000,0x0000009a57a00000)]
  0x000001f483564800 JavaThread "Unconstrained build operations Thread 20" [_thread_blocked, id=8384, stack(0x0000009a57a00000,0x0000009a57b00000)]
  0x000001f483565800 JavaThread "Unconstrained build operations Thread 21" [_thread_blocked, id=3180, stack(0x0000009a57b00000,0x0000009a57c00000)]
  0x000001f485863800 JavaThread "Unconstrained build operations Thread 22" [_thread_blocked, id=11932, stack(0x0000009a57c00000,0x0000009a57d00000)]
  0x000001f485862800 JavaThread "Unconstrained build operations Thread 23" [_thread_blocked, id=3940, stack(0x0000009a57d00000,0x0000009a57e00000)]
  0x000001f48586f000 JavaThread "Unconstrained build operations Thread 24" [_thread_blocked, id=6864, stack(0x0000009a57e00000,0x0000009a57f00000)]
  0x000001f485869000 JavaThread "Unconstrained build operations Thread 25" [_thread_blocked, id=11392, stack(0x0000009a57f00000,0x0000009a58000000)]
  0x000001f48586a000 JavaThread "Unconstrained build operations Thread 26" [_thread_blocked, id=4368, stack(0x0000009a58000000,0x0000009a58100000)]
  0x000001f48586b000 JavaThread "Unconstrained build operations Thread 27" [_thread_blocked, id=8, stack(0x0000009a58100000,0x0000009a58200000)]
  0x000001f48586b800 JavaThread "Unconstrained build operations Thread 28" [_thread_blocked, id=10796, stack(0x0000009a58200000,0x0000009a58300000)]
  0x000001f48586c800 JavaThread "Unconstrained build operations Thread 29" [_thread_blocked, id=7688, stack(0x0000009a58300000,0x0000009a58400000)]
  0x000001f48586d800 JavaThread "Unconstrained build operations Thread 30" [_thread_blocked, id=1588, stack(0x0000009a58400000,0x0000009a58500000)]
  0x000001f48586e000 JavaThread "Unconstrained build operations Thread 31" [_thread_blocked, id=4164, stack(0x0000009a58500000,0x0000009a58600000)]
  0x000001f484622000 JavaThread "Unconstrained build operations Thread 32" [_thread_blocked, id=2736, stack(0x0000009a58600000,0x0000009a58700000)]
  0x000001f484623000 JavaThread "Unconstrained build operations Thread 33" [_thread_blocked, id=3716, stack(0x0000009a58700000,0x0000009a58800000)]
  0x000001f484620000 JavaThread "Unconstrained build operations Thread 34" [_thread_blocked, id=12092, stack(0x0000009a58800000,0x0000009a58900000)]
  0x000001f48c6d1800 JavaThread "Unconstrained build operations Thread 35" [_thread_blocked, id=1380, stack(0x0000009a58900000,0x0000009a58a00000)]
  0x000001f48c6d0000 JavaThread "Unconstrained build operations Thread 36" [_thread_blocked, id=2308, stack(0x0000009a58a00000,0x0000009a58b00000)]
  0x000001f48c6d2800 JavaThread "Unconstrained build operations Thread 37" [_thread_blocked, id=3000, stack(0x0000009a58b00000,0x0000009a58c00000)]
  0x000001f48c6d3800 JavaThread "Unconstrained build operations Thread 38" [_thread_blocked, id=11488, stack(0x0000009a58c00000,0x0000009a58d00000)]
  0x000001f48c6cd800 JavaThread "Unconstrained build operations Thread 39" [_thread_blocked, id=11744, stack(0x0000009a58d00000,0x0000009a58e00000)]
  0x000001f48c6d4000 JavaThread "Unconstrained build operations Thread 40" [_thread_blocked, id=11016, stack(0x0000009a58e00000,0x0000009a58f00000)]
  0x000001f48c6ce800 JavaThread "build event listener" [_thread_blocked, id=9284, stack(0x0000009a59400000,0x0000009a59500000)]
  0x000001f48c6cf000 JavaThread "pool-9-thread-1" [_thread_blocked, id=6736, stack(0x0000009a59500000,0x0000009a59600000)]
  0x000001f48c6d1000 JavaThread "build event listener" [_thread_blocked, id=2688, stack(0x0000009a59600000,0x0000009a59700000)]
  0x000001f483659000 JavaThread "included builds" [_thread_blocked, id=5920, stack(0x0000009a59700000,0x0000009a59800000)]
  0x000001f48365b800 JavaThread "Execution worker" [_thread_blocked, id=3808, stack(0x0000009a59800000,0x0000009a59900000)]
  0x000001f48365e000 JavaThread "Execution worker Thread 2" [_thread_blocked, id=3176, stack(0x0000009a59b00000,0x0000009a59c00000)]
  0x000001f48365c800 JavaThread "Execution worker Thread 3" [_thread_blocked, id=6440, stack(0x0000009a59c00000,0x0000009a59d00000)]
  0x000001f48365a000 JavaThread "Cache worker for execution history cache (D:\SourceAndroid\KyThuat\.gradle\7.5\executionHistory)" [_thread_blocked, id=11852, stack(0x0000009a59d00000,0x0000009a59e00000)]

Other Threads:
  0x000001f4ffb3f800 VMThread "VM Thread" [stack: 0x0000009a53d00000,0x0000009a53e00000] [id=6976]
  0x000001f4ffd14800 WatcherThread [stack: 0x0000009a54700000,0x0000009a54800000] [id=4488]
  0x000001f4e7ecc800 GCTaskThread "GC Thread#0" [stack: 0x0000009a53800000,0x0000009a53900000] [id=1216]
  0x000001f4ffdd0800 GCTaskThread "GC Thread#1" [stack: 0x0000009a54900000,0x0000009a54a00000] [id=10696]
  0x000001f483049000 GCTaskThread "GC Thread#2" [stack: 0x0000009a54a00000,0x0000009a54b00000] [id=2108]
  0x000001f482e0e000 GCTaskThread "GC Thread#3" [stack: 0x0000009a54b00000,0x0000009a54c00000] [id=10096]
  0x000001f4e7efc000 ConcurrentGCThread "G1 Main Marker" [stack: 0x0000009a53900000,0x0000009a53a00000] [id=2648]
  0x000001f4e7efe000 ConcurrentGCThread "G1 Conc#0" [stack: 0x0000009a53a00000,0x0000009a53b00000] [id=400]
  0x000001f4ff97c800 ConcurrentGCThread "G1 Refine#0" [stack: 0x0000009a53b00000,0x0000009a53c00000] [id=10304]
  0x000001f48c3d0800 ConcurrentGCThread "G1 Refine#1" [stack: 0x0000009a59900000,0x0000009a59a00000] [id=8076]
  0x000001f488ef0000 ConcurrentGCThread "G1 Refine#2" [stack: 0x0000009a59a00000,0x0000009a59b00000] [id=2792]
  0x000001f4ff97d800 ConcurrentGCThread "G1 Young RemSet Sampling" [stack: 0x0000009a53c00000,0x0000009a53d00000] [id=10988]

Threads with active compile tasks:
C1 CompilerThread0    32827 13007       3       java.io.ObjectStreamClass::writeNonProxy (161 bytes)

VM state:not at safepoint (normal execution)

VM Mutex/Monitor currently owned by a thread: None

Heap address: 0x0000000080000000, size: 2048 MB, Compressed Oops mode: 32-bit
Narrow klass base: 0x0000000000000000, Narrow klass shift: 3
Compressed class space size: 1073741824 Address: 0x0000000100000000

Heap:
 garbage-first heap   total 327680K, used 204128K [0x0000000080000000, 0x0000000100000000)
  region size 1024K, 19 young (19456K), 12 survivors (12288K)
 Metaspace       used 106981K, capacity 110077K, committed 110272K, reserved 1144832K
  class space    used 13361K, capacity 14458K, committed 14464K, reserved 1048576K
Heap Regions: E=young(eden), S=young(survivor), O=old, HS=humongous(starts), HC=humongous(continues), CS=collection set, F=free, A=archive, TAMS=top-at-mark-start (previous, next)
|   0|0x0000000080000000, 0x0000000080100000, 0x0000000080100000|100%|HS|  |TAMS 0x0000000080100000, 0x0000000080000000| Complete 
|   1|0x0000000080100000, 0x0000000080200000, 0x0000000080200000|100%|HC|  |TAMS 0x0000000080200000, 0x0000000080100000| Complete 
|   2|0x0000000080200000, 0x0000000080300000, 0x0000000080300000|100%|HC|  |TAMS 0x0000000080300000, 0x0000000080200000| Complete 
|   3|0x0000000080300000, 0x0000000080400000, 0x0000000080400000|100%| O|  |TAMS 0x0000000080400000, 0x0000000080300000| Untracked 
|   4|0x0000000080400000, 0x0000000080500000, 0x0000000080500000|100%| O|  |TAMS 0x0000000080500000, 0x0000000080400000| Untracked 
|   5|0x0000000080500000, 0x0000000080600000, 0x0000000080600000|100%| O|  |TAMS 0x0000000080600000, 0x0000000080500000| Untracked 
|   6|0x0000000080600000, 0x0000000080700000, 0x0000000080700000|100%| O|  |TAMS 0x0000000080700000, 0x0000000080600000| Untracked 
|   7|0x0000000080700000, 0x0000000080800000, 0x0000000080800000|100%| O|  |TAMS 0x0000000080800000, 0x0000000080700000| Untracked 
|   8|0x0000000080800000, 0x0000000080900000, 0x0000000080900000|100%| O|  |TAMS 0x0000000080900000, 0x0000000080800000| Untracked 
|   9|0x0000000080900000, 0x0000000080a00000, 0x0000000080a00000|100%| O|  |TAMS 0x0000000080a00000, 0x0000000080900000| Untracked 
|  10|0x0000000080a00000, 0x0000000080b00000, 0x0000000080b00000|100%| O|  |TAMS 0x0000000080b00000, 0x0000000080a00000| Untracked 
|  11|0x0000000080b00000, 0x0000000080c00000, 0x0000000080c00000|100%| O|  |TAMS 0x0000000080c00000, 0x0000000080b00000| Untracked 
|  12|0x0000000080c00000, 0x0000000080d00000, 0x0000000080d00000|100%| O|  |TAMS 0x0000000080d00000, 0x0000000080c00000| Untracked 
|  13|0x0000000080d00000, 0x0000000080e00000, 0x0000000080e00000|100%| O|  |TAMS 0x0000000080e00000, 0x0000000080d00000| Untracked 
|  14|0x0000000080e00000, 0x0000000080f00000, 0x0000000080f00000|100%| O|  |TAMS 0x0000000080f00000, 0x0000000080e00000| Untracked 
|  15|0x0000000080f00000, 0x0000000081000000, 0x0000000081000000|100%| O|  |TAMS 0x0000000081000000, 0x0000000080f00000| Untracked 
|  16|0x0000000081000000, 0x0000000081100000, 0x0000000081100000|100%| O|  |TAMS 0x0000000081100000, 0x0000000081000000| Untracked 
|  17|0x0000000081100000, 0x0000000081200000, 0x0000000081200000|100%|HS|  |TAMS 0x0000000081200000, 0x0000000081100000| Complete 
|  18|0x0000000081200000, 0x0000000081300000, 0x0000000081300000|100%|HS|  |TAMS 0x0000000081300000, 0x0000000081200000| Complete 
|  19|0x0000000081300000, 0x0000000081400000, 0x0000000081400000|100%| O|  |TAMS 0x0000000081400000, 0x0000000081300000| Untracked 
|  20|0x0000000081400000, 0x0000000081500000, 0x0000000081500000|100%|HS|  |TAMS 0x0000000081500000, 0x0000000081400000| Complete 
|  21|0x0000000081500000, 0x0000000081600000, 0x0000000081600000|100%|HC|  |TAMS 0x0000000081600000, 0x0000000081500000| Complete 
|  22|0x0000000081600000, 0x0000000081700000, 0x0000000081700000|100%| O|  |TAMS 0x0000000081700000, 0x0000000081600000| Untracked 
|  23|0x0000000081700000, 0x0000000081800000, 0x0000000081800000|100%| O|  |TAMS 0x0000000081800000, 0x0000000081700000| Untracked 
|  24|0x0000000081800000, 0x0000000081900000, 0x0000000081900000|100%| O|  |TAMS 0x0000000081900000, 0x0000000081800000| Untracked 
|  25|0x0000000081900000, 0x0000000081a00000, 0x0000000081a00000|100%| O|  |TAMS 0x0000000081a00000, 0x0000000081900000| Untracked 
|  26|0x0000000081a00000, 0x0000000081b00000, 0x0000000081b00000|100%| O|  |TAMS 0x0000000081b00000, 0x0000000081a00000| Untracked 
|  27|0x0000000081b00000, 0x0000000081c00000, 0x0000000081c00000|100%|HS|  |TAMS 0x0000000081c00000, 0x0000000081b00000| Complete 
|  28|0x0000000081c00000, 0x0000000081d00000, 0x0000000081d00000|100%|HC|  |TAMS 0x0000000081d00000, 0x0000000081c00000| Complete 
|  29|0x0000000081d00000, 0x0000000081e00000, 0x0000000081e00000|100%|HS|  |TAMS 0x0000000081e00000, 0x0000000081d00000| Complete 
|  30|0x0000000081e00000, 0x0000000081f00000, 0x0000000081f00000|100%|HC|  |TAMS 0x0000000081f00000, 0x0000000081e00000| Complete 
|  31|0x0000000081f00000, 0x0000000082000000, 0x0000000082000000|100%|HC|  |TAMS 0x0000000082000000, 0x0000000081f00000| Complete 
|  32|0x0000000082000000, 0x0000000082100000, 0x0000000082100000|100%|HS|  |TAMS 0x0000000082100000, 0x0000000082000000| Complete 
|  33|0x0000000082100000, 0x0000000082200000, 0x0000000082200000|100%|HC|  |TAMS 0x0000000082200000, 0x0000000082100000| Complete 
|  34|0x0000000082200000, 0x0000000082300000, 0x0000000082300000|100%| O|  |TAMS 0x0000000082300000, 0x0000000082200000| Untracked 
|  35|0x0000000082300000, 0x0000000082400000, 0x0000000082400000|100%| O|  |TAMS 0x0000000082400000, 0x0000000082300000| Untracked 
|  36|0x0000000082400000, 0x0000000082500000, 0x0000000082500000|100%| O|  |TAMS 0x0000000082500000, 0x0000000082400000| Untracked 
|  37|0x0000000082500000, 0x0000000082600000, 0x0000000082600000|100%| O|  |TAMS 0x0000000082600000, 0x0000000082500000| Untracked 
|  38|0x0000000082600000, 0x0000000082700000, 0x0000000082700000|100%| O|  |TAMS 0x0000000082700000, 0x0000000082600000| Untracked 
|  39|0x0000000082700000, 0x0000000082800000, 0x0000000082800000|100%| O|  |TAMS 0x0000000082800000, 0x0000000082700000| Untracked 
|  40|0x0000000082800000, 0x0000000082900000, 0x0000000082900000|100%| O|  |TAMS 0x0000000082900000, 0x0000000082800000| Untracked 
|  41|0x0000000082900000, 0x0000000082a00000, 0x0000000082a00000|100%| O|  |TAMS 0x0000000082a00000, 0x0000000082900000| Untracked 
|  42|0x0000000082a00000, 0x0000000082b00000, 0x0000000082b00000|100%| O|  |TAMS 0x0000000082b00000, 0x0000000082a00000| Untracked 
|  43|0x0000000082b00000, 0x0000000082c00000, 0x0000000082c00000|100%| O|  |TAMS 0x0000000082c00000, 0x0000000082b00000| Untracked 
|  44|0x0000000082c00000, 0x0000000082d00000, 0x0000000082d00000|100%| O|  |TAMS 0x0000000082d00000, 0x0000000082c00000| Untracked 
|  45|0x0000000082d00000, 0x0000000082e00000, 0x0000000082e00000|100%| O|  |TAMS 0x0000000082e00000, 0x0000000082d00000| Untracked 
|  46|0x0000000082e00000, 0x0000000082f00000, 0x0000000082f00000|100%| O|  |TAMS 0x0000000082f00000, 0x0000000082e00000| Untracked 
|  47|0x0000000082f00000, 0x0000000083000000, 0x0000000083000000|100%| O|  |TAMS 0x0000000083000000, 0x0000000082f00000| Untracked 
|  48|0x0000000083000000, 0x0000000083100000, 0x0000000083100000|100%| O|  |TAMS 0x0000000083100000, 0x0000000083000000| Untracked 
|  49|0x0000000083100000, 0x0000000083200000, 0x0000000083200000|100%| O|  |TAMS 0x0000000083200000, 0x0000000083100000| Untracked 
|  50|0x0000000083200000, 0x0000000083300000, 0x0000000083300000|100%| O|  |TAMS 0x0000000083300000, 0x0000000083200000| Untracked 
|  51|0x0000000083300000, 0x0000000083400000, 0x0000000083400000|100%| O|  |TAMS 0x0000000083400000, 0x0000000083300000| Untracked 
|  52|0x0000000083400000, 0x0000000083500000, 0x0000000083500000|100%|HS|  |TAMS 0x0000000083500000, 0x0000000083400000| Complete 
|  53|0x0000000083500000, 0x0000000083600000, 0x0000000083600000|100%|HC|  |TAMS 0x0000000083600000, 0x0000000083500000| Complete 
|  54|0x0000000083600000, 0x0000000083700000, 0x0000000083700000|100%|HC|  |TAMS 0x0000000083700000, 0x0000000083600000| Complete 
|  55|0x0000000083700000, 0x0000000083800000, 0x0000000083800000|100%|HS|  |TAMS 0x0000000083800000, 0x0000000083700000| Complete 
|  56|0x0000000083800000, 0x0000000083900000, 0x0000000083900000|100%|HC|  |TAMS 0x0000000083900000, 0x0000000083800000| Complete 
|  57|0x0000000083900000, 0x0000000083a00000, 0x0000000083a00000|100%|HC|  |TAMS 0x0000000083a00000, 0x0000000083900000| Complete 
|  58|0x0000000083a00000, 0x0000000083b00000, 0x0000000083b00000|100%|HC|  |TAMS 0x0000000083b00000, 0x0000000083a00000| Complete 
|  59|0x0000000083b00000, 0x0000000083c00000, 0x0000000083c00000|100%|HC|  |TAMS 0x0000000083c00000, 0x0000000083b00000| Complete 
|  60|0x0000000083c00000, 0x0000000083d00000, 0x0000000083d00000|100%|HC|  |TAMS 0x0000000083d00000, 0x0000000083c00000| Complete 
|  61|0x0000000083d00000, 0x0000000083e00000, 0x0000000083e00000|100%|HC|  |TAMS 0x0000000083e00000, 0x0000000083d00000| Complete 
|  62|0x0000000083e00000, 0x0000000083f00000, 0x0000000083f00000|100%|HC|  |TAMS 0x0000000083f00000, 0x0000000083e00000| Complete 
|  63|0x0000000083f00000, 0x0000000084000000, 0x0000000084000000|100%|HC|  |TAMS 0x0000000084000000, 0x0000000083f00000| Complete 
|  64|0x0000000084000000, 0x0000000084100000, 0x0000000084100000|100%|HC|  |TAMS 0x0000000084100000, 0x0000000084000000| Complete 
|  65|0x0000000084100000, 0x0000000084200000, 0x0000000084200000|100%|HS|  |TAMS 0x0000000084200000, 0x0000000084100000| Complete 
|  66|0x0000000084200000, 0x0000000084300000, 0x0000000084300000|100%|HC|  |TAMS 0x0000000084300000, 0x0000000084200000| Complete 
|  67|0x0000000084300000, 0x0000000084400000, 0x0000000084400000|100%|HS|  |TAMS 0x0000000084400000, 0x0000000084300000| Complete 
|  68|0x0000000084400000, 0x0000000084500000, 0x0000000084500000|100%|HC|  |TAMS 0x0000000084500000, 0x0000000084400000| Complete 
|  69|0x0000000084500000, 0x0000000084600000, 0x0000000084600000|100%|HC|  |TAMS 0x0000000084600000, 0x0000000084500000| Complete 
|  70|0x0000000084600000, 0x0000000084700000, 0x0000000084700000|100%|HC|  |TAMS 0x0000000084700000, 0x0000000084600000| Complete 
|  71|0x0000000084700000, 0x0000000084800000, 0x0000000084800000|100%|HC|  |TAMS 0x0000000084800000, 0x0000000084700000| Complete 
|  72|0x0000000084800000, 0x0000000084900000, 0x0000000084900000|100%|HS|  |TAMS 0x0000000084900000, 0x0000000084800000| Complete 
|  73|0x0000000084900000, 0x0000000084a00000, 0x0000000084a00000|100%|HC|  |TAMS 0x0000000084a00000, 0x0000000084900000| Complete 
|  74|0x0000000084a00000, 0x0000000084b00000, 0x0000000084b00000|100%|HC|  |TAMS 0x0000000084b00000, 0x0000000084a00000| Complete 
|  75|0x0000000084b00000, 0x0000000084c00000, 0x0000000084c00000|100%|HC|  |TAMS 0x0000000084c00000, 0x0000000084b00000| Complete 
|  76|0x0000000084c00000, 0x0000000084d00000, 0x0000000084d00000|100%|HC|  |TAMS 0x0000000084d00000, 0x0000000084c00000| Complete 
|  77|0x0000000084d00000, 0x0000000084e00000, 0x0000000084e00000|100%|HC|  |TAMS 0x0000000084e00000, 0x0000000084d00000| Complete 
|  78|0x0000000084e00000, 0x0000000084f00000, 0x0000000084f00000|100%|HC|  |TAMS 0x0000000084f00000, 0x0000000084e00000| Complete 
|  79|0x0000000084f00000, 0x0000000085000000, 0x0000000085000000|100%|HC|  |TAMS 0x0000000085000000, 0x0000000084f00000| Complete 
|  80|0x0000000085000000, 0x0000000085100000, 0x0000000085100000|100%|HC|  |TAMS 0x0000000085100000, 0x0000000085000000| Complete 
|  81|0x0000000085100000, 0x0000000085200000, 0x0000000085200000|100%|HC|  |TAMS 0x0000000085200000, 0x0000000085100000| Complete 
|  82|0x0000000085200000, 0x0000000085300000, 0x0000000085300000|100%|HS|  |TAMS 0x0000000085300000, 0x0000000085200000| Complete 
|  83|0x0000000085300000, 0x0000000085400000, 0x0000000085400000|100%|HC|  |TAMS 0x0000000085400000, 0x0000000085300000| Complete 
|  84|0x0000000085400000, 0x0000000085500000, 0x0000000085500000|100%|HS|  |TAMS 0x0000000085500000, 0x0000000085400000| Complete 
|  85|0x0000000085500000, 0x0000000085600000, 0x0000000085600000|100%|HC|  |TAMS 0x0000000085600000, 0x0000000085500000| Complete 
|  86|0x0000000085600000, 0x0000000085700000, 0x0000000085700000|100%|HC|  |TAMS 0x0000000085700000, 0x0000000085600000| Complete 
|  87|0x0000000085700000, 0x0000000085800000, 0x0000000085800000|100%|HS|  |TAMS 0x0000000085800000, 0x0000000085700000| Complete 
|  88|0x0000000085800000, 0x0000000085900000, 0x0000000085900000|100%|HC|  |TAMS 0x0000000085900000, 0x0000000085800000| Complete 
|  89|0x0000000085900000, 0x0000000085a00000, 0x0000000085a00000|100%|HS|  |TAMS 0x0000000085a00000, 0x0000000085900000| Complete 
|  90|0x0000000085a00000, 0x0000000085b00000, 0x0000000085b00000|100%|HC|  |TAMS 0x0000000085b00000, 0x0000000085a00000| Complete 
|  91|0x0000000085b00000, 0x0000000085c00000, 0x0000000085c00000|100%|HC|  |TAMS 0x0000000085c00000, 0x0000000085b00000| Complete 
|  92|0x0000000085c00000, 0x0000000085d00000, 0x0000000085d00000|100%|HS|  |TAMS 0x0000000085d00000, 0x0000000085c00000| Complete 
|  93|0x0000000085d00000, 0x0000000085e00000, 0x0000000085e00000|100%|HC|  |TAMS 0x0000000085e00000, 0x0000000085d00000| Complete 
|  94|0x0000000085e00000, 0x0000000085f00000, 0x0000000085f00000|100%|HC|  |TAMS 0x0000000085f00000, 0x0000000085e00000| Complete 
|  95|0x0000000085f00000, 0x0000000086000000, 0x0000000086000000|100%|HC|  |TAMS 0x0000000086000000, 0x0000000085f00000| Complete 
|  96|0x0000000086000000, 0x0000000086100000, 0x0000000086100000|100%|HC|  |TAMS 0x0000000086100000, 0x0000000086000000| Complete 
|  97|0x0000000086100000, 0x0000000086200000, 0x0000000086200000|100%|HS|  |TAMS 0x0000000086200000, 0x0000000086100000| Complete 
|  98|0x0000000086200000, 0x0000000086300000, 0x0000000086300000|100%|HC|  |TAMS 0x0000000086300000, 0x0000000086200000| Complete 
|  99|0x0000000086300000, 0x0000000086400000, 0x0000000086400000|100%|HS|  |TAMS 0x0000000086400000, 0x0000000086300000| Complete 
| 100|0x0000000086400000, 0x0000000086500000, 0x0000000086500000|100%|HC|  |TAMS 0x0000000086500000, 0x0000000086400000| Complete 
| 101|0x0000000086500000, 0x0000000086600000, 0x0000000086600000|100%|HC|  |TAMS 0x0000000086600000, 0x0000000086500000| Complete 
| 102|0x0000000086600000, 0x0000000086700000, 0x0000000086700000|100%|HS|  |TAMS 0x0000000086700000, 0x0000000086600000| Complete 
| 103|0x0000000086700000, 0x0000000086800000, 0x0000000086800000|100%|HC|  |TAMS 0x0000000086800000, 0x0000000086700000| Complete 
| 104|0x0000000086800000, 0x0000000086900000, 0x0000000086900000|100%|HC|  |TAMS 0x0000000086900000, 0x0000000086800000| Complete 
| 105|0x0000000086900000, 0x0000000086a00000, 0x0000000086a00000|100%|HS|  |TAMS 0x0000000086a00000, 0x0000000086900000| Complete 
| 106|0x0000000086a00000, 0x0000000086b00000, 0x0000000086b00000|100%|HC|  |TAMS 0x0000000086b00000, 0x0000000086a00000| Complete 
| 107|0x0000000086b00000, 0x0000000086c00000, 0x0000000086c00000|100%|HS|  |TAMS 0x0000000086c00000, 0x0000000086b00000| Complete 
| 108|0x0000000086c00000, 0x0000000086d00000, 0x0000000086d00000|100%|HC|  |TAMS 0x0000000086d00000, 0x0000000086c00000| Complete 
| 109|0x0000000086d00000, 0x0000000086e00000, 0x0000000086e00000|100%|HC|  |TAMS 0x0000000086e00000, 0x0000000086d00000| Complete 
| 110|0x0000000086e00000, 0x0000000086f00000, 0x0000000086f00000|100%|HC|  |TAMS 0x0000000086f00000, 0x0000000086e00000| Complete 
| 111|0x0000000086f00000, 0x0000000087000000, 0x0000000087000000|100%|HC|  |TAMS 0x0000000087000000, 0x0000000086f00000| Complete 
| 112|0x0000000087000000, 0x0000000087100000, 0x0000000087100000|100%|HC|  |TAMS 0x0000000087100000, 0x0000000087000000| Complete 
| 113|0x0000000087100000, 0x0000000087200000, 0x0000000087200000|100%|HC|  |TAMS 0x0000000087200000, 0x0000000087100000| Complete 
| 114|0x0000000087200000, 0x0000000087300000, 0x0000000087300000|100%|HC|  |TAMS 0x0000000087300000, 0x0000000087200000| Complete 
| 115|0x0000000087300000, 0x0000000087400000, 0x0000000087400000|100%|HC|  |TAMS 0x0000000087400000, 0x0000000087300000| Complete 
| 116|0x0000000087400000, 0x0000000087500000, 0x0000000087500000|100%|HC|  |TAMS 0x0000000087500000, 0x0000000087400000| Complete 
| 117|0x0000000087500000, 0x0000000087600000, 0x0000000087600000|100%|HS|  |TAMS 0x0000000087600000, 0x0000000087500000| Complete 
| 118|0x0000000087600000, 0x0000000087700000, 0x0000000087700000|100%|HC|  |TAMS 0x0000000087700000, 0x0000000087600000| Complete 
| 119|0x0000000087700000, 0x0000000087800000, 0x0000000087800000|100%|HS|  |TAMS 0x0000000087800000, 0x0000000087700000| Complete 
| 120|0x0000000087800000, 0x0000000087900000, 0x0000000087900000|100%|HC|  |TAMS 0x0000000087900000, 0x0000000087800000| Complete 
| 121|0x0000000087900000, 0x0000000087a00000, 0x0000000087a00000|100%|HC|  |TAMS 0x0000000087a00000, 0x0000000087900000| Complete 
| 122|0x0000000087a00000, 0x0000000087b00000, 0x0000000087b00000|100%|HC|  |TAMS 0x0000000087b00000, 0x0000000087a00000| Complete 
| 123|0x0000000087b00000, 0x0000000087c00000, 0x0000000087c00000|100%|HC|  |TAMS 0x0000000087c00000, 0x0000000087b00000| Complete 
| 124|0x0000000087c00000, 0x0000000087d00000, 0x0000000087d00000|100%| O|  |TAMS 0x0000000087d00000, 0x0000000087c00000| Untracked 
| 125|0x0000000087d00000, 0x0000000087e00000, 0x0000000087e00000|100%| O|  |TAMS 0x0000000087e00000, 0x0000000087d00000| Untracked 
| 126|0x0000000087e00000, 0x0000000087f00000, 0x0000000087f00000|100%| O|  |TAMS 0x0000000087f00000, 0x0000000087e00000| Untracked 
| 127|0x0000000087f00000, 0x0000000088000000, 0x0000000088000000|100%| O|  |TAMS 0x0000000088000000, 0x0000000087f00000| Untracked 
| 128|0x0000000088000000, 0x0000000088100000, 0x0000000088100000|100%| O|  |TAMS 0x0000000088100000, 0x0000000088000000| Untracked 
| 129|0x0000000088100000, 0x0000000088200000, 0x0000000088200000|100%| O|  |TAMS 0x0000000088200000, 0x0000000088100000| Untracked 
| 130|0x0000000088200000, 0x0000000088300000, 0x0000000088300000|100%| O|  |TAMS 0x0000000088300000, 0x0000000088200000| Untracked 
| 131|0x0000000088300000, 0x0000000088400000, 0x0000000088400000|100%| O|  |TAMS 0x0000000088400000, 0x0000000088300000| Untracked 
| 132|0x0000000088400000, 0x0000000088500000, 0x0000000088500000|100%| O|  |TAMS 0x0000000088500000, 0x0000000088400000| Untracked 
| 133|0x0000000088500000, 0x0000000088600000, 0x0000000088600000|100%| O|  |TAMS 0x0000000088600000, 0x0000000088500000| Untracked 
| 134|0x0000000088600000, 0x0000000088700000, 0x0000000088700000|100%| O|  |TAMS 0x0000000088700000, 0x0000000088600000| Untracked 
| 135|0x0000000088700000, 0x0000000088800000, 0x0000000088800000|100%| O|  |TAMS 0x0000000088800000, 0x0000000088700000| Untracked 
| 136|0x0000000088800000, 0x0000000088900000, 0x0000000088900000|100%| O|  |TAMS 0x0000000088900000, 0x0000000088800000| Untracked 
| 137|0x0000000088900000, 0x0000000088a00000, 0x0000000088a00000|100%| O|  |TAMS 0x0000000088a00000, 0x0000000088900000| Untracked 
| 138|0x0000000088a00000, 0x0000000088b00000, 0x0000000088b00000|100%| O|  |TAMS 0x0000000088b00000, 0x0000000088a00000| Untracked 
| 139|0x0000000088b00000, 0x0000000088c00000, 0x0000000088c00000|100%| O|  |TAMS 0x0000000088c00000, 0x0000000088b00000| Untracked 
| 140|0x0000000088c00000, 0x0000000088d00000, 0x0000000088d00000|100%| O|  |TAMS 0x0000000088d00000, 0x0000000088c00000| Untracked 
| 141|0x0000000088d00000, 0x0000000088e00000, 0x0000000088e00000|100%| O|  |TAMS 0x0000000088e00000, 0x0000000088d00000| Untracked 
| 142|0x0000000088e00000, 0x0000000088f00000, 0x0000000088f00000|100%| O|  |TAMS 0x0000000088f00000, 0x0000000088e00000| Untracked 
| 143|0x0000000088f00000, 0x0000000089000000, 0x0000000089000000|100%| O|  |TAMS 0x0000000089000000, 0x0000000088f00000| Untracked 
| 144|0x0000000089000000, 0x0000000089100000, 0x0000000089100000|100%| O|  |TAMS 0x0000000089100000, 0x0000000089000000| Untracked 
| 145|0x0000000089100000, 0x0000000089200000, 0x0000000089200000|100%| O|  |TAMS 0x0000000089200000, 0x0000000089100000| Untracked 
| 146|0x0000000089200000, 0x0000000089300000, 0x0000000089300000|100%| O|  |TAMS 0x0000000089300000, 0x0000000089200000| Untracked 
| 147|0x0000000089300000, 0x0000000089400000, 0x0000000089400000|100%| O|  |TAMS 0x0000000089400000, 0x0000000089300000| Untracked 
| 148|0x0000000089400000, 0x0000000089500000, 0x0000000089500000|100%| O|  |TAMS 0x0000000089500000, 0x0000000089400000| Untracked 
| 149|0x0000000089500000, 0x0000000089600000, 0x0000000089600000|100%| O|  |TAMS 0x0000000089600000, 0x0000000089500000| Untracked 
| 150|0x0000000089600000, 0x0000000089700000, 0x0000000089700000|100%| O|  |TAMS 0x0000000089700000, 0x0000000089600000| Untracked 
| 151|0x0000000089700000, 0x0000000089800000, 0x0000000089800000|100%| O|  |TAMS 0x0000000089800000, 0x0000000089700000| Untracked 
| 152|0x0000000089800000, 0x0000000089900000, 0x0000000089900000|100%| O|  |TAMS 0x0000000089900000, 0x0000000089800000| Untracked 
| 153|0x0000000089900000, 0x0000000089a00000, 0x0000000089a00000|100%| O|  |TAMS 0x0000000089a00000, 0x0000000089900000| Untracked 
| 154|0x0000000089a00000, 0x0000000089b00000, 0x0000000089b00000|100%| O|  |TAMS 0x0000000089b00000, 0x0000000089a00000| Untracked 
| 155|0x0000000089b00000, 0x0000000089c00000, 0x0000000089c00000|100%| O|  |TAMS 0x0000000089c00000, 0x0000000089b00000| Untracked 
| 156|0x0000000089c00000, 0x0000000089d00000, 0x0000000089d00000|100%| O|  |TAMS 0x0000000089d00000, 0x0000000089c00000| Untracked 
| 157|0x0000000089d00000, 0x0000000089e00000, 0x0000000089e00000|100%| O|  |TAMS 0x0000000089e00000, 0x0000000089d00000| Untracked 
| 158|0x0000000089e00000, 0x0000000089f00000, 0x0000000089f00000|100%| O|  |TAMS 0x0000000089f00000, 0x0000000089e00000| Untracked 
| 159|0x0000000089f00000, 0x000000008a000000, 0x000000008a000000|100%| O|  |TAMS 0x000000008a000000, 0x0000000089f00000| Untracked 
| 160|0x000000008a000000, 0x000000008a100000, 0x000000008a100000|100%| O|  |TAMS 0x000000008a100000, 0x000000008a000000| Untracked 
| 161|0x000000008a100000, 0x000000008a200000, 0x000000008a200000|100%| O|  |TAMS 0x000000008a100000, 0x000000008a100000| Untracked 
| 162|0x000000008a200000, 0x000000008a300000, 0x000000008a300000|100%| O|  |TAMS 0x000000008a200000, 0x000000008a200000| Untracked 
| 163|0x000000008a300000, 0x000000008a400000, 0x000000008a400000|100%| O|  |TAMS 0x000000008a300000, 0x000000008a300000| Untracked 
| 164|0x000000008a400000, 0x000000008a458200, 0x000000008a500000| 34%| O|  |TAMS 0x000000008a400000, 0x000000008a400000| Untracked 
| 165|0x000000008a500000, 0x000000008a600000, 0x000000008a600000|100%| O|  |TAMS 0x000000008a600000, 0x000000008a500000| Untracked 
| 166|0x000000008a600000, 0x000000008a700000, 0x000000008a700000|100%| O|  |TAMS 0x000000008a700000, 0x000000008a600000| Untracked 
| 167|0x000000008a700000, 0x000000008a800000, 0x000000008a800000|100%| O|  |TAMS 0x000000008a800000, 0x000000008a700000| Untracked 
| 168|0x000000008a800000, 0x000000008a800000, 0x000000008a900000|  0%| F|  |TAMS 0x000000008a800000, 0x000000008a800000| Untracked 
| 169|0x000000008a900000, 0x000000008a900000, 0x000000008aa00000|  0%| F|  |TAMS 0x000000008a900000, 0x000000008a900000| Untracked 
| 170|0x000000008aa00000, 0x000000008aa00000, 0x000000008ab00000|  0%| F|  |TAMS 0x000000008aa00000, 0x000000008aa00000| Untracked 
| 171|0x000000008ab00000, 0x000000008ab00000, 0x000000008ac00000|  0%| F|  |TAMS 0x000000008ab00000, 0x000000008ab00000| Untracked 
| 172|0x000000008ac00000, 0x000000008ac00000, 0x000000008ad00000|  0%| F|  |TAMS 0x000000008ac00000, 0x000000008ac00000| Untracked 
| 173|0x000000008ad00000, 0x000000008ad00000, 0x000000008ae00000|  0%| F|  |TAMS 0x000000008ad00000, 0x000000008ad00000| Untracked 
| 174|0x000000008ae00000, 0x000000008ae00000, 0x000000008af00000|  0%| F|  |TAMS 0x000000008ae00000, 0x000000008ae00000| Untracked 
| 175|0x000000008af00000, 0x000000008af00000, 0x000000008b000000|  0%| F|  |TAMS 0x000000008af00000, 0x000000008af00000| Untracked 
| 176|0x000000008b000000, 0x000000008b000000, 0x000000008b100000|  0%| F|  |TAMS 0x000000008b000000, 0x000000008b000000| Untracked 
| 177|0x000000008b100000, 0x000000008b100000, 0x000000008b200000|  0%| F|  |TAMS 0x000000008b100000, 0x000000008b100000| Untracked 
| 178|0x000000008b200000, 0x000000008b200000, 0x000000008b300000|  0%| F|  |TAMS 0x000000008b200000, 0x000000008b200000| Untracked 
| 179|0x000000008b300000, 0x000000008b300000, 0x000000008b400000|  0%| F|  |TAMS 0x000000008b300000, 0x000000008b300000| Untracked 
| 180|0x000000008b400000, 0x000000008b400000, 0x000000008b500000|  0%| F|  |TAMS 0x000000008b400000, 0x000000008b400000| Untracked 
| 181|0x000000008b500000, 0x000000008b500000, 0x000000008b600000|  0%| F|  |TAMS 0x000000008b500000, 0x000000008b500000| Untracked 
| 182|0x000000008b600000, 0x000000008b600000, 0x000000008b700000|  0%| F|  |TAMS 0x000000008b600000, 0x000000008b600000| Untracked 
| 183|0x000000008b700000, 0x000000008b700000, 0x000000008b800000|  0%| F|  |TAMS 0x000000008b700000, 0x000000008b700000| Untracked 
| 184|0x000000008b800000, 0x000000008b800000, 0x000000008b900000|  0%| F|  |TAMS 0x000000008b800000, 0x000000008b800000| Untracked 
| 185|0x000000008b900000, 0x000000008b900000, 0x000000008ba00000|  0%| F|  |TAMS 0x000000008b900000, 0x000000008b900000| Untracked 
| 186|0x000000008ba00000, 0x000000008ba00000, 0x000000008bb00000|  0%| F|  |TAMS 0x000000008ba00000, 0x000000008ba00000| Untracked 
| 187|0x000000008bb00000, 0x000000008bb00000, 0x000000008bc00000|  0%| F|  |TAMS 0x000000008bb00000, 0x000000008bb00000| Untracked 
| 188|0x000000008bc00000, 0x000000008bc00000, 0x000000008bd00000|  0%| F|  |TAMS 0x000000008bc00000, 0x000000008bc00000| Untracked 
| 189|0x000000008bd00000, 0x000000008bd00000, 0x000000008be00000|  0%| F|  |TAMS 0x000000008bd00000, 0x000000008bd00000| Untracked 
| 190|0x000000008be00000, 0x000000008be00000, 0x000000008bf00000|  0%| F|  |TAMS 0x000000008be00000, 0x000000008be00000| Untracked 
| 191|0x000000008bf00000, 0x000000008bf00000, 0x000000008c000000|  0%| F|  |TAMS 0x000000008bf00000, 0x000000008bf00000| Untracked 
| 192|0x000000008c000000, 0x000000008c000000, 0x000000008c100000|  0%| F|  |TAMS 0x000000008c000000, 0x000000008c000000| Untracked 
| 193|0x000000008c100000, 0x000000008c100000, 0x000000008c200000|  0%| F|  |TAMS 0x000000008c100000, 0x000000008c100000| Untracked 
| 194|0x000000008c200000, 0x000000008c200000, 0x000000008c300000|  0%| F|  |TAMS 0x000000008c200000, 0x000000008c200000| Untracked 
| 195|0x000000008c300000, 0x000000008c300000, 0x000000008c400000|  0%| F|  |TAMS 0x000000008c300000, 0x000000008c300000| Untracked 
| 196|0x000000008c400000, 0x000000008c400000, 0x000000008c500000|  0%| F|  |TAMS 0x000000008c400000, 0x000000008c400000| Untracked 
| 197|0x000000008c500000, 0x000000008c500000, 0x000000008c600000|  0%| F|  |TAMS 0x000000008c500000, 0x000000008c500000| Untracked 
| 198|0x000000008c600000, 0x000000008c600000, 0x000000008c700000|  0%| F|  |TAMS 0x000000008c600000, 0x000000008c600000| Untracked 
| 199|0x000000008c700000, 0x000000008c700000, 0x000000008c800000|  0%| F|  |TAMS 0x000000008c700000, 0x000000008c700000| Untracked 
| 200|0x000000008c800000, 0x000000008c800000, 0x000000008c900000|  0%| F|  |TAMS 0x000000008c800000, 0x000000008c800000| Untracked 
| 201|0x000000008c900000, 0x000000008c900000, 0x000000008ca00000|  0%| F|  |TAMS 0x000000008c900000, 0x000000008c900000| Untracked 
| 202|0x000000008ca00000, 0x000000008ca00000, 0x000000008cb00000|  0%| F|  |TAMS 0x000000008ca00000, 0x000000008ca00000| Untracked 
| 203|0x000000008cb00000, 0x000000008cb00000, 0x000000008cc00000|  0%| F|  |TAMS 0x000000008cb00000, 0x000000008cb00000| Untracked 
| 204|0x000000008cc00000, 0x000000008cd00000, 0x000000008cd00000|100%| S|CS|TAMS 0x000000008cc00000, 0x000000008cc00000| Complete 
| 205|0x000000008cd00000, 0x000000008ce00000, 0x000000008ce00000|100%| S|CS|TAMS 0x000000008cd00000, 0x000000008cd00000| Complete 
| 206|0x000000008ce00000, 0x000000008cf00000, 0x000000008cf00000|100%| S|CS|TAMS 0x000000008ce00000, 0x000000008ce00000| Complete 
| 207|0x000000008cf00000, 0x000000008d000000, 0x000000008d000000|100%| S|CS|TAMS 0x000000008cf00000, 0x000000008cf00000| Complete 
| 208|0x000000008d000000, 0x000000008d100000, 0x000000008d100000|100%| S|CS|TAMS 0x000000008d000000, 0x000000008d000000| Complete 
| 209|0x000000008d100000, 0x000000008d100000, 0x000000008d200000|  0%| F|  |TAMS 0x000000008d100000, 0x000000008d100000| Untracked 
| 210|0x000000008d200000, 0x000000008d300000, 0x000000008d300000|100%| S|CS|TAMS 0x000000008d200000, 0x000000008d200000| Complete 
| 211|0x000000008d300000, 0x000000008d400000, 0x000000008d400000|100%| S|CS|TAMS 0x000000008d300000, 0x000000008d300000| Complete 
| 212|0x000000008d400000, 0x000000008d500000, 0x000000008d500000|100%| S|CS|TAMS 0x000000008d400000, 0x000000008d400000| Complete 
| 213|0x000000008d500000, 0x000000008d600000, 0x000000008d600000|100%| S|CS|TAMS 0x000000008d500000, 0x000000008d500000| Complete 
| 214|0x000000008d600000, 0x000000008d700000, 0x000000008d700000|100%| S|CS|TAMS 0x000000008d600000, 0x000000008d600000| Complete 
| 215|0x000000008d700000, 0x000000008d700000, 0x000000008d800000|  0%| F|  |TAMS 0x000000008d700000, 0x000000008d700000| Untracked 
| 216|0x000000008d800000, 0x000000008d800000, 0x000000008d900000|  0%| F|  |TAMS 0x000000008d800000, 0x000000008d800000| Untracked 
| 217|0x000000008d900000, 0x000000008d900000, 0x000000008da00000|  0%| F|  |TAMS 0x000000008d900000, 0x000000008d900000| Untracked 
| 218|0x000000008da00000, 0x000000008da00000, 0x000000008db00000|  0%| F|  |TAMS 0x000000008da00000, 0x000000008da00000| Untracked 
| 219|0x000000008db00000, 0x000000008dc00000, 0x000000008dc00000|100%| S|CS|TAMS 0x000000008db00000, 0x000000008db00000| Complete 
| 220|0x000000008dc00000, 0x000000008dd00000, 0x000000008dd00000|100%| S|CS|TAMS 0x000000008dc00000, 0x000000008dc00000| Complete 
| 221|0x000000008dd00000, 0x000000008dd00000, 0x000000008de00000|  0%| F|  |TAMS 0x000000008dd00000, 0x000000008dd00000| Untracked 
| 222|0x000000008de00000, 0x000000008de00000, 0x000000008df00000|  0%| F|  |TAMS 0x000000008de00000, 0x000000008de00000| Untracked 
| 223|0x000000008df00000, 0x000000008df00000, 0x000000008e000000|  0%| F|  |TAMS 0x000000008df00000, 0x000000008df00000| Untracked 
| 224|0x000000008e000000, 0x000000008e000000, 0x000000008e100000|  0%| F|  |TAMS 0x000000008e000000, 0x000000008e000000| Untracked 
| 225|0x000000008e100000, 0x000000008e100000, 0x000000008e200000|  0%| F|  |TAMS 0x000000008e100000, 0x000000008e100000| Untracked 
| 226|0x000000008e200000, 0x000000008e200000, 0x000000008e300000|  0%| F|  |TAMS 0x000000008e200000, 0x000000008e200000| Untracked 
| 227|0x000000008e300000, 0x000000008e300000, 0x000000008e400000|  0%| F|  |TAMS 0x000000008e300000, 0x000000008e300000| Untracked 
| 228|0x000000008e400000, 0x000000008e400000, 0x000000008e500000|  0%| F|  |TAMS 0x000000008e400000, 0x000000008e400000| Untracked 
| 229|0x000000008e500000, 0x000000008e500000, 0x000000008e600000|  0%| F|  |TAMS 0x000000008e500000, 0x000000008e500000| Untracked 
| 230|0x000000008e600000, 0x000000008e600000, 0x000000008e700000|  0%| F|  |TAMS 0x000000008e600000, 0x000000008e600000| Untracked 
| 231|0x000000008e700000, 0x000000008e700000, 0x000000008e800000|  0%| F|  |TAMS 0x000000008e700000, 0x000000008e700000| Untracked 
| 232|0x000000008e800000, 0x000000008e800000, 0x000000008e900000|  0%| F|  |TAMS 0x000000008e800000, 0x000000008e800000| Untracked 
| 233|0x000000008e900000, 0x000000008e900000, 0x000000008ea00000|  0%| F|  |TAMS 0x000000008e900000, 0x000000008e900000| Untracked 
| 234|0x000000008ea00000, 0x000000008ea00000, 0x000000008eb00000|  0%| F|  |TAMS 0x000000008ea00000, 0x000000008ea00000| Untracked 
| 235|0x000000008eb00000, 0x000000008eb00000, 0x000000008ec00000|  0%| F|  |TAMS 0x000000008eb00000, 0x000000008eb00000| Untracked 
| 236|0x000000008ec00000, 0x000000008ec00000, 0x000000008ed00000|  0%| F|  |TAMS 0x000000008ec00000, 0x000000008ec00000| Untracked 
| 237|0x000000008ed00000, 0x000000008ed00000, 0x000000008ee00000|  0%| F|  |TAMS 0x000000008ed00000, 0x000000008ed00000| Untracked 
| 238|0x000000008ee00000, 0x000000008ee00000, 0x000000008ef00000|  0%| F|  |TAMS 0x000000008ee00000, 0x000000008ee00000| Untracked 
| 239|0x000000008ef00000, 0x000000008ef00000, 0x000000008f000000|  0%| F|  |TAMS 0x000000008ef00000, 0x000000008ef00000| Untracked 
| 240|0x000000008f000000, 0x000000008f000000, 0x000000008f100000|  0%| F|  |TAMS 0x000000008f000000, 0x000000008f000000| Untracked 
| 241|0x000000008f100000, 0x000000008f100000, 0x000000008f200000|  0%| F|  |TAMS 0x000000008f100000, 0x000000008f100000| Untracked 
| 242|0x000000008f200000, 0x000000008f200000, 0x000000008f300000|  0%| F|  |TAMS 0x000000008f200000, 0x000000008f200000| Untracked 
| 243|0x000000008f300000, 0x000000008f300000, 0x000000008f400000|  0%| F|  |TAMS 0x000000008f300000, 0x000000008f300000| Untracked 
| 244|0x000000008f400000, 0x000000008f400000, 0x000000008f500000|  0%| F|  |TAMS 0x000000008f400000, 0x000000008f400000| Untracked 
| 245|0x000000008f500000, 0x000000008f500000, 0x000000008f600000|  0%| F|  |TAMS 0x000000008f500000, 0x000000008f500000| Untracked 
| 246|0x000000008f600000, 0x000000008f600000, 0x000000008f700000|  0%| F|  |TAMS 0x000000008f600000, 0x000000008f600000| Untracked 
| 247|0x000000008f700000, 0x000000008f700000, 0x000000008f800000|  0%| F|  |TAMS 0x000000008f700000, 0x000000008f700000| Untracked 
| 248|0x000000008f800000, 0x000000008f800000, 0x000000008f900000|  0%| F|  |TAMS 0x000000008f800000, 0x000000008f800000| Untracked 
| 249|0x000000008f900000, 0x000000008f900000, 0x000000008fa00000|  0%| F|  |TAMS 0x000000008f900000, 0x000000008f900000| Untracked 
| 250|0x000000008fa00000, 0x000000008fa00000, 0x000000008fb00000|  0%| F|  |TAMS 0x000000008fa00000, 0x000000008fa00000| Untracked 
| 251|0x000000008fb00000, 0x000000008fb00000, 0x000000008fc00000|  0%| F|  |TAMS 0x000000008fb00000, 0x000000008fb00000| Untracked 
| 252|0x000000008fc00000, 0x000000008fc00000, 0x000000008fd00000|  0%| F|  |TAMS 0x000000008fc00000, 0x000000008fc00000| Untracked 
| 253|0x000000008fd00000, 0x000000008fd00000, 0x000000008fe00000|  0%| F|  |TAMS 0x000000008fd00000, 0x000000008fd00000| Untracked 
| 254|0x000000008fe00000, 0x000000008fe00000, 0x000000008ff00000|  0%| F|  |TAMS 0x000000008fe00000, 0x000000008fe00000| Untracked 
| 255|0x000000008ff00000, 0x000000008ff00000, 0x0000000090000000|  0%| F|  |TAMS 0x000000008ff00000, 0x000000008ff00000| Untracked 
| 256|0x0000000090000000, 0x0000000090000000, 0x0000000090100000|  0%| F|  |TAMS 0x0000000090000000, 0x0000000090000000| Untracked 
| 257|0x0000000090100000, 0x0000000090100000, 0x0000000090200000|  0%| F|  |TAMS 0x0000000090100000, 0x0000000090100000| Untracked 
| 258|0x0000000090200000, 0x0000000090200000, 0x0000000090300000|  0%| F|  |TAMS 0x0000000090200000, 0x0000000090200000| Untracked 
| 259|0x0000000090300000, 0x0000000090300000, 0x0000000090400000|  0%| F|  |TAMS 0x0000000090300000, 0x0000000090300000| Untracked 
| 260|0x0000000090400000, 0x0000000090400000, 0x0000000090500000|  0%| F|  |TAMS 0x0000000090400000, 0x0000000090400000| Untracked 
| 261|0x0000000090500000, 0x0000000090500000, 0x0000000090600000|  0%| F|  |TAMS 0x0000000090500000, 0x0000000090500000| Untracked 
| 262|0x0000000090600000, 0x0000000090600000, 0x0000000090700000|  0%| F|  |TAMS 0x0000000090600000, 0x0000000090600000| Untracked 
| 263|0x0000000090700000, 0x0000000090700000, 0x0000000090800000|  0%| F|  |TAMS 0x0000000090700000, 0x0000000090700000| Untracked 
| 264|0x0000000090800000, 0x0000000090800000, 0x0000000090900000|  0%| F|  |TAMS 0x0000000090800000, 0x0000000090800000| Untracked 
| 265|0x0000000090900000, 0x0000000090900000, 0x0000000090a00000|  0%| F|  |TAMS 0x0000000090900000, 0x0000000090900000| Untracked 
| 266|0x0000000090a00000, 0x0000000090a00000, 0x0000000090b00000|  0%| F|  |TAMS 0x0000000090a00000, 0x0000000090a00000| Untracked 
| 267|0x0000000090b00000, 0x0000000090b00000, 0x0000000090c00000|  0%| F|  |TAMS 0x0000000090b00000, 0x0000000090b00000| Untracked 
| 268|0x0000000090c00000, 0x0000000090c00000, 0x0000000090d00000|  0%| F|  |TAMS 0x0000000090c00000, 0x0000000090c00000| Untracked 
| 269|0x0000000090d00000, 0x0000000090d00000, 0x0000000090e00000|  0%| F|  |TAMS 0x0000000090d00000, 0x0000000090d00000| Untracked 
| 270|0x0000000090e00000, 0x0000000090e00000, 0x0000000090f00000|  0%| F|  |TAMS 0x0000000090e00000, 0x0000000090e00000| Untracked 
| 271|0x0000000090f00000, 0x0000000090f00000, 0x0000000091000000|  0%| F|  |TAMS 0x0000000090f00000, 0x0000000090f00000| Untracked 
| 272|0x0000000091000000, 0x0000000091000000, 0x0000000091100000|  0%| F|  |TAMS 0x0000000091000000, 0x0000000091000000| Untracked 
| 273|0x0000000091100000, 0x0000000091100000, 0x0000000091200000|  0%| F|  |TAMS 0x0000000091100000, 0x0000000091100000| Untracked 
| 274|0x0000000091200000, 0x0000000091200000, 0x0000000091300000|  0%| F|  |TAMS 0x0000000091200000, 0x0000000091200000| Untracked 
| 275|0x0000000091300000, 0x0000000091300000, 0x0000000091400000|  0%| F|  |TAMS 0x0000000091300000, 0x0000000091300000| Untracked 
| 276|0x0000000091400000, 0x0000000091400000, 0x0000000091500000|  0%| F|  |TAMS 0x0000000091400000, 0x0000000091400000| Untracked 
| 277|0x0000000091500000, 0x0000000091500000, 0x0000000091600000|  0%| F|  |TAMS 0x0000000091500000, 0x0000000091500000| Untracked 
| 278|0x0000000091600000, 0x0000000091600000, 0x0000000091700000|  0%| F|  |TAMS 0x0000000091600000, 0x0000000091600000| Untracked 
| 279|0x0000000091700000, 0x0000000091700000, 0x0000000091800000|  0%| F|  |TAMS 0x0000000091700000, 0x0000000091700000| Untracked 
| 280|0x0000000091800000, 0x0000000091800000, 0x0000000091900000|  0%| F|  |TAMS 0x0000000091800000, 0x0000000091800000| Untracked 
| 281|0x0000000091900000, 0x0000000091900000, 0x0000000091a00000|  0%| F|  |TAMS 0x0000000091900000, 0x0000000091900000| Untracked 
| 282|0x0000000091a00000, 0x0000000091a00000, 0x0000000091b00000|  0%| F|  |TAMS 0x0000000091a00000, 0x0000000091a00000| Untracked 
| 283|0x0000000091b00000, 0x0000000091b00000, 0x0000000091c00000|  0%| F|  |TAMS 0x0000000091b00000, 0x0000000091b00000| Untracked 
| 284|0x0000000091c00000, 0x0000000091c00000, 0x0000000091d00000|  0%| F|  |TAMS 0x0000000091c00000, 0x0000000091c00000| Untracked 
| 285|0x0000000091d00000, 0x0000000091d00000, 0x0000000091e00000|  0%| F|  |TAMS 0x0000000091d00000, 0x0000000091d00000| Untracked 
| 286|0x0000000091e00000, 0x0000000091e00000, 0x0000000091f00000|  0%| F|  |TAMS 0x0000000091e00000, 0x0000000091e00000| Untracked 
| 287|0x0000000091f00000, 0x0000000091f00000, 0x0000000092000000|  0%| F|  |TAMS 0x0000000091f00000, 0x0000000091f00000| Untracked 
| 288|0x0000000092000000, 0x0000000092000000, 0x0000000092100000|  0%| F|  |TAMS 0x0000000092000000, 0x0000000092000000| Untracked 
| 289|0x0000000092100000, 0x0000000092100000, 0x0000000092200000|  0%| F|  |TAMS 0x0000000092100000, 0x0000000092100000| Untracked 
| 290|0x0000000092200000, 0x0000000092200000, 0x0000000092300000|  0%| F|  |TAMS 0x0000000092200000, 0x0000000092200000| Untracked 
| 291|0x0000000092300000, 0x0000000092300000, 0x0000000092400000|  0%| F|  |TAMS 0x0000000092300000, 0x0000000092300000| Untracked 
| 292|0x0000000092400000, 0x0000000092400000, 0x0000000092500000|  0%| F|  |TAMS 0x0000000092400000, 0x0000000092400000| Untracked 
| 293|0x0000000092500000, 0x0000000092500000, 0x0000000092600000|  0%| F|  |TAMS 0x0000000092500000, 0x0000000092500000| Untracked 
| 294|0x0000000092600000, 0x0000000092600000, 0x0000000092700000|  0%| F|  |TAMS 0x0000000092600000, 0x0000000092600000| Untracked 
| 295|0x0000000092700000, 0x0000000092700000, 0x0000000092800000|  0%| F|  |TAMS 0x0000000092700000, 0x0000000092700000| Untracked 
| 296|0x0000000092800000, 0x0000000092800000, 0x0000000092900000|  0%| F|  |TAMS 0x0000000092800000, 0x0000000092800000| Untracked 
| 297|0x0000000092900000, 0x0000000092900000, 0x0000000092a00000|  0%| F|  |TAMS 0x0000000092900000, 0x0000000092900000| Untracked 
| 298|0x0000000092a00000, 0x0000000092a00000, 0x0000000092b00000|  0%| F|  |TAMS 0x0000000092a00000, 0x0000000092a00000| Untracked 
| 299|0x0000000092b00000, 0x0000000092bca100, 0x0000000092c00000| 78%| E|  |TAMS 0x0000000092b00000, 0x0000000092b00000| Complete 
| 300|0x0000000092c00000, 0x0000000092d00000, 0x0000000092d00000|100%| E|CS|TAMS 0x0000000092c00000, 0x0000000092c00000| Complete 
| 301|0x0000000092d00000, 0x0000000092e00000, 0x0000000092e00000|100%| E|CS|TAMS 0x0000000092d00000, 0x0000000092d00000| Complete 
| 302|0x0000000092e00000, 0x0000000092f00000, 0x0000000092f00000|100%| E|CS|TAMS 0x0000000092e00000, 0x0000000092e00000| Complete 
| 303|0x0000000092f00000, 0x0000000093000000, 0x0000000093000000|100%| E|CS|TAMS 0x0000000092f00000, 0x0000000092f00000| Complete 
| 304|0x0000000093000000, 0x0000000093100000, 0x0000000093100000|100%| E|CS|TAMS 0x0000000093000000, 0x0000000093000000| Complete 
| 305|0x0000000093100000, 0x0000000093200000, 0x0000000093200000|100%| E|CS|TAMS 0x0000000093100000, 0x0000000093100000| Complete 
| 306|0x0000000093200000, 0x0000000093300000, 0x0000000093300000|100%| O|  |TAMS 0x0000000093300000, 0x0000000093200000| Untracked 
| 307|0x0000000093300000, 0x0000000093400000, 0x0000000093400000|100%| O|  |TAMS 0x0000000093400000, 0x0000000093300000| Untracked 
| 308|0x0000000093400000, 0x0000000093500000, 0x0000000093500000|100%| O|  |TAMS 0x0000000093500000, 0x0000000093400000| Untracked 
| 309|0x0000000093500000, 0x0000000093600000, 0x0000000093600000|100%| O|  |TAMS 0x0000000093600000, 0x0000000093500000| Untracked 
| 310|0x0000000093600000, 0x0000000093700000, 0x0000000093700000|100%| O|  |TAMS 0x0000000093700000, 0x0000000093600000| Untracked 
| 311|0x0000000093700000, 0x0000000093800000, 0x0000000093800000|100%| O|  |TAMS 0x0000000093800000, 0x0000000093700000| Untracked 
| 312|0x0000000093800000, 0x0000000093900000, 0x0000000093900000|100%| O|  |TAMS 0x0000000093900000, 0x0000000093800000| Untracked 
| 313|0x0000000093900000, 0x0000000093a00000, 0x0000000093a00000|100%| O|  |TAMS 0x0000000093a00000, 0x0000000093900000| Untracked 
| 314|0x0000000093a00000, 0x0000000093b00000, 0x0000000093b00000|100%| O|  |TAMS 0x0000000093b00000, 0x0000000093a00000| Untracked 
| 315|0x0000000093b00000, 0x0000000093c00000, 0x0000000093c00000|100%| O|  |TAMS 0x0000000093c00000, 0x0000000093b00000| Untracked 
| 316|0x0000000093c00000, 0x0000000093d00000, 0x0000000093d00000|100%| O|  |TAMS 0x0000000093d00000, 0x0000000093c00000| Untracked 
| 317|0x0000000093d00000, 0x0000000093e00000, 0x0000000093e00000|100%| O|  |TAMS 0x0000000093e00000, 0x0000000093d00000| Untracked 
| 318|0x0000000093e00000, 0x0000000093f00000, 0x0000000093f00000|100%| O|  |TAMS 0x0000000093f00000, 0x0000000093e00000| Untracked 
| 319|0x0000000093f00000, 0x0000000094000000, 0x0000000094000000|100%| O|  |TAMS 0x0000000094000000, 0x0000000093f00000| Untracked 

Card table byte_map: [0x000001f4fadd0000,0x000001f4fb1d0000] _byte_map_base: 0x000001f4fa9d0000

Marking Bits (Prev, Next): (CMBitMap*) 0x000001f4e7ef3520, (CMBitMap*) 0x000001f4e7ef34e8
 Prev Bits: [0x000001f4fd5d0000, 0x000001f4ff5d0000)
 Next Bits: [0x000001f4fb5d0000, 0x000001f4fd5d0000)

Polling page: 0x000001f4e7680000

Metaspace:

Usage:
  Non-class:     93.38 MB capacity,    91.43 MB ( 98%) used,     1.63 MB (  2%) free+waste,   323.81 KB ( <1%) overhead. 
      Class:     14.12 MB capacity,    13.05 MB ( 92%) used,   951.91 KB (  7%) free+waste,   144.94 KB (  1%) overhead. 
       Both:    107.50 MB capacity,   104.47 MB ( 97%) used,     2.56 MB (  2%) free+waste,   468.75 KB ( <1%) overhead. 

Virtual space:
  Non-class space:       94.00 MB reserved,      93.56 MB (>99%) committed 
      Class space:        1.00 GB reserved,      14.12 MB (  1%) committed 
             Both:        1.09 GB reserved,     107.69 MB ( 10%) committed 

Chunk freelists:
   Non-Class:  0 bytes
       Class:  6.00 KB
        Both:  6.00 KB

MaxMetaspaceSize: 17179869184.00 GB
CompressedClassSpaceSize: 1.00 GB
Initial GC threshold: 20.80 MB
Current GC threshold: 175.73 MB
CDS: off

CodeHeap 'non-profiled nmethods': size=120064Kb used=7278Kb max_used=7278Kb free=112785Kb
 bounds [0x000001f4f3490000, 0x000001f4f3bb0000, 0x000001f4fa9d0000]
CodeHeap 'profiled nmethods': size=120000Kb used=28301Kb max_used=28301Kb free=91698Kb
 bounds [0x000001f4ebf60000, 0x000001f4edb10000, 0x000001f4f3490000]
CodeHeap 'non-nmethods': size=5696Kb used=2409Kb max_used=2480Kb free=3286Kb
 bounds [0x000001f4eb9d0000, 0x000001f4ebc50000, 0x000001f4ebf60000]
 total_blobs=13853 nmethods=12915 adapters=851
 compilation: enabled
              stopped_count=0, restarted_count=0
 full_count=0

Compilation events (20 events):
Event: 32.795 Thread 0x000001f4ffbb7000 12979       1       org.gradle.execution.plan.LocalTaskNode::getPrepareNode (5 bytes)
Event: 32.795 Thread 0x000001f4ffbb7000 nmethod 12979 0x000001f4f3ba8290 code [0x000001f4f3ba8440, 0x000001f4f3ba84f8]
Event: 32.795 Thread 0x000001f4ffbb7000 12980       1       org.gradle.execution.plan.Node::getDependencySuccessors (5 bytes)
Event: 32.795 Thread 0x000001f4ffbb7000 nmethod 12980 0x000001f4f3ba8590 code [0x000001f4f3ba8740, 0x000001f4f3ba87f8]
Event: 32.795 Thread 0x000001f4ffbb7000 12981       3       java.io.ObjectOutputStream::writeLong (9 bytes)
Event: 32.795 Thread 0x000001f4ffba7800 12982       4       java.io.ObjectStreamField::getSignature (39 bytes)
Event: 32.795 Thread 0x000001f4ffbb7000 nmethod 12981 0x000001f4edaf2c90 code [0x000001f4edaf2e40, 0x000001f4edaf2f88]
Event: 32.795 Thread 0x000001f4ffbb7000 12983       3       com.google.common.cache.AbstractCache$SimpleStatsCounter::recordHits (12 bytes)
Event: 32.796 Thread 0x000001f4ffbb7000 nmethod 12983 0x000001f4edaf3090 code [0x000001f4edaf3260, 0x000001f4edaf33e8]
Event: 32.797 Thread 0x000001f4ffbb7000 12984       3       org.gradle.internal.serialize.BaseSerializerFactory$StringSerializer::write (10 bytes)
Event: 32.797 Thread 0x000001f4ffbb7000 nmethod 12984 0x000001f4edaf3510 code [0x000001f4edaf36e0, 0x000001f4edaf3a08]
Event: 32.797 Thread 0x000001f4ffbb7000 12986       3       java.io.ObjectOutputStream$BlockDataOutputStream::drain (45 bytes)
Event: 32.797 Thread 0x000001f4ffbb7000 nmethod 12986 0x000001f4edaf3b10 code [0x000001f4edaf3ce0, 0x000001f4edaf3f98]
Event: 32.799 Thread 0x000001f4ffbb7000 12987       3       java.util.EnumSet::getUniverse (10 bytes)
Event: 32.799 Thread 0x000001f4ffbb7000 nmethod 12987 0x000001f4edaf4090 code [0x000001f4edaf4260, 0x000001f4edaf4568]
Event: 32.799 Thread 0x000001f4ffba7800 nmethod 12982 0x000001f4f3ba8890 code [0x000001f4f3ba8a60, 0x000001f4f3ba8e10]
Event: 32.799 Thread 0x000001f4ffba7800 12985   !   4       java.util.concurrent.ConcurrentHashMap::replaceNode (437 bytes)
Event: 32.802 Thread 0x000001f4ffbb7000 12988       3       com.google.common.collect.RegularImmutableSet::spliterator (11 bytes)
Event: 32.802 Thread 0x000001f4ffbb7000 nmethod 12988 0x000001f4edaf4710 code [0x000001f4edaf4900, 0x000001f4edaf4cb8]
Event: 32.805 Thread 0x000001f4ffbb7000 12989   !   3       sun.nio.ch.SocketChannelImpl::write (177 bytes)

GC Heap History (20 events):
Event: 4.294 GC heap before
{Heap before GC invocations=6 (full 0):
 garbage-first heap   total 260096K, used 136997K [0x0000000080000000, 0x0000000100000000)
  region size 1024K, 115 young (117760K), 6 survivors (6144K)
 Metaspace       used 44945K, capacity 46091K, committed 46256K, reserved 1089536K
  class space    used 5688K, capacity 6088K, committed 6144K, reserved 1048576K
}
Event: 4.309 GC heap after
{Heap after GC invocations=7 (full 0):
 garbage-first heap   total 260096K, used 30438K [0x0000000080000000, 0x0000000100000000)
  region size 1024K, 14 young (14336K), 14 survivors (14336K)
 Metaspace       used 44945K, capacity 46091K, committed 46256K, reserved 1089536K
  class space    used 5688K, capacity 6088K, committed 6144K, reserved 1048576K
}
Event: 5.588 GC heap before
{Heap before GC invocations=8 (full 0):
 garbage-first heap   total 260096K, used 162534K [0x0000000080000000, 0x0000000100000000)
  region size 1024K, 139 young (142336K), 14 survivors (14336K)
 Metaspace       used 54421K, capacity 55995K, committed 56112K, reserved 1097728K
  class space    used 6946K, capacity 7523K, committed 7552K, reserved 1048576K
}
Event: 5.605 GC heap after
{Heap after GC invocations=9 (full 0):
 garbage-first heap   total 260096K, used 44562K [0x0000000080000000, 0x0000000100000000)
  region size 1024K, 18 young (18432K), 18 survivors (18432K)
 Metaspace       used 54421K, capacity 55995K, committed 56112K, reserved 1097728K
  class space    used 6946K, capacity 7523K, committed 7552K, reserved 1048576K
}
Event: 7.009 GC heap before
{Heap before GC invocations=9 (full 0):
 garbage-first heap   total 260096K, used 189970K [0x0000000080000000, 0x0000000100000000)
  region size 1024K, 152 young (155648K), 18 survivors (18432K)
 Metaspace       used 67332K, capacity 68994K, committed 69296K, reserved 1110016K
  class space    used 8498K, capacity 9101K, committed 9216K, reserved 1048576K
}
Event: 7.028 GC heap after
{Heap after GC invocations=10 (full 0):
 garbage-first heap   total 260096K, used 55232K [0x0000000080000000, 0x0000000100000000)
  region size 1024K, 10 young (10240K), 10 survivors (10240K)
 Metaspace       used 67332K, capacity 68994K, committed 69296K, reserved 1110016K
  class space    used 8498K, capacity 9101K, committed 9216K, reserved 1048576K
}
Event: 8.004 GC heap before
{Heap before GC invocations=10 (full 0):
 garbage-first heap   total 260096K, used 160704K [0x0000000080000000, 0x0000000100000000)
  region size 1024K, 115 young (117760K), 10 survivors (10240K)
 Metaspace       used 75671K, capacity 77571K, committed 77736K, reserved 1116160K
  class space    used 9706K, capacity 10404K, committed 10496K, reserved 1048576K
}
Event: 8.028 GC heap after
{Heap after GC invocations=11 (full 0):
 garbage-first heap   total 312320K, used 65024K [0x0000000080000000, 0x0000000100000000)
  region size 1024K, 19 young (19456K), 19 survivors (19456K)
 Metaspace       used 75671K, capacity 77571K, committed 77736K, reserved 1116160K
  class space    used 9706K, capacity 10404K, committed 10496K, reserved 1048576K
}
Event: 13.588 GC heap before
{Heap before GC invocations=12 (full 0):
 garbage-first heap   total 312320K, used 288256K [0x0000000080000000, 0x0000000100000000)
  region size 1024K, 159 young (162816K), 19 survivors (19456K)
 Metaspace       used 86138K, capacity 88671K, committed 88896K, reserved 1126400K
  class space    used 10893K, capacity 11735K, committed 11776K, reserved 1048576K
}
Event: 13.626 GC heap after
{Heap after GC invocations=13 (full 0):
 garbage-first heap   total 327680K, used 164864K [0x0000000080000000, 0x0000000100000000)
  region size 1024K, 20 young (20480K), 20 survivors (20480K)
 Metaspace       used 86138K, capacity 88671K, committed 88896K, reserved 1126400K
  class space    used 10893K, capacity 11735K, committed 11776K, reserved 1048576K
}
Event: 14.250 GC heap before
{Heap before GC invocations=14 (full 0):
 garbage-first heap   total 327680K, used 263168K [0x0000000080000000, 0x0000000100000000)
  region size 1024K, 116 young (118784K), 20 survivors (20480K)
 Metaspace       used 91709K, capacity 94430K, committed 94784K, reserved 1132544K
  class space    used 11527K, capacity 12433K, committed 12544K, reserved 1048576K
}
Event: 14.266 GC heap after
{Heap after GC invocations=15 (full 0):
 garbage-first heap   total 327680K, used 168448K [0x0000000080000000, 0x0000000100000000)
  region size 1024K, 3 young (3072K), 3 survivors (3072K)
 Metaspace       used 91709K, capacity 94430K, committed 94784K, reserved 1132544K
  class space    used 11527K, capacity 12433K, committed 12544K, reserved 1048576K
}
Event: 15.436 GC heap before
{Heap before GC invocations=15 (full 0):
 garbage-first heap   total 327680K, used 266752K [0x0000000080000000, 0x0000000100000000)
  region size 1024K, 99 young (101376K), 3 survivors (3072K)
 Metaspace       used 100223K, capacity 103091K, committed 103360K, reserved 1138688K
  class space    used 12622K, capacity 13597K, committed 13696K, reserved 1048576K
}
Event: 15.452 GC heap after
{Heap after GC invocations=16 (full 0):
 garbage-first heap   total 327680K, used 176330K [0x0000000080000000, 0x0000000100000000)
  region size 1024K, 11 young (11264K), 11 survivors (11264K)
 Metaspace       used 100223K, capacity 103091K, committed 103360K, reserved 1138688K
  class space    used 12622K, capacity 13597K, committed 13696K, reserved 1048576K
}
Event: 16.503 GC heap before
{Heap before GC invocations=17 (full 0):
 garbage-first heap   total 327680K, used 268490K [0x0000000080000000, 0x0000000100000000)
  region size 1024K, 102 young (104448K), 11 survivors (11264K)
 Metaspace       used 102268K, capacity 105187K, committed 105280K, reserved 1140736K
  class space    used 12791K, capacity 13797K, committed 13824K, reserved 1048576K
}
Event: 16.521 GC heap after
{Heap after GC invocations=18 (full 0):
 garbage-first heap   total 327680K, used 182904K [0x0000000080000000, 0x0000000100000000)
  region size 1024K, 8 young (8192K), 8 survivors (8192K)
 Metaspace       used 102268K, capacity 105187K, committed 105280K, reserved 1140736K
  class space    used 12791K, capacity 13797K, committed 13824K, reserved 1048576K
}
Event: 21.928 GC heap before
{Heap before GC invocations=18 (full 0):
 garbage-first heap   total 327680K, used 271992K [0x0000000080000000, 0x0000000100000000)
  region size 1024K, 95 young (97280K), 8 survivors (8192K)
 Metaspace       used 104739K, capacity 107723K, committed 107968K, reserved 1142784K
  class space    used 13103K, capacity 14124K, committed 14208K, reserved 1048576K
}
Event: 21.941 GC heap after
{Heap after GC invocations=19 (full 0):
 garbage-first heap   total 327680K, used 187116K [0x0000000080000000, 0x0000000100000000)
  region size 1024K, 5 young (5120K), 5 survivors (5120K)
 Metaspace       used 104739K, capacity 107723K, committed 107968K, reserved 1142784K
  class space    used 13103K, capacity 14124K, committed 14208K, reserved 1048576K
}
Event: 22.682 GC heap before
{Heap before GC invocations=20 (full 0):
 garbage-first heap   total 327680K, used 274156K [0x0000000080000000, 0x0000000100000000)
  region size 1024K, 90 young (92160K), 5 survivors (5120K)
 Metaspace       used 106408K, capacity 109426K, committed 109632K, reserved 1144832K
  class space    used 13276K, capacity 14333K, committed 14336K, reserved 1048576K
}
Event: 22.698 GC heap after
{Heap after GC invocations=21 (full 0):
 garbage-first heap   total 327680K, used 197984K [0x0000000080000000, 0x0000000100000000)
  region size 1024K, 12 young (12288K), 12 survivors (12288K)
 Metaspace       used 106408K, capacity 109426K, committed 109632K, reserved 1144832K
  class space    used 13276K, capacity 14333K, committed 14336K, reserved 1048576K
}

Deoptimization events (20 events):
Event: 22.673 Thread 0x000001f483659000 Uncommon trap: trap_request=0xffffffde fr.pc=0x000001f4f3b47f3c relative=0x00000000000054fc
Event: 22.673 Thread 0x000001f483659000 Uncommon trap: reason=class_check action=maybe_recompile pc=0x000001f4f3b47f3c method=org.gradle.internal.snapshot.impl.AbstractValueProcessor.processValue(Ljava/lang/Object;Lorg/gradle/internal/snapshot/impl/AbstractValueProcessor$ValueVisitor;)Ljava/lan
Event: 22.673 Thread 0x000001f483659000 DEOPT PACKING pc=0x000001f4f3b47f3c sp=0x0000009a597fbe00
Event: 22.673 Thread 0x000001f483659000 DEOPT UNPACKING pc=0x000001f4eba1a1a9 sp=0x0000009a597fbdf8 mode 2
Event: 22.719 Thread 0x000001f483659000 Uncommon trap: trap_request=0xffffff4d fr.pc=0x000001f4f38bb89c relative=0x00000000000001dc
Event: 22.719 Thread 0x000001f483659000 Uncommon trap: reason=unstable_if action=reinterpret pc=0x000001f4f38bb89c method=com.google.common.collect.RegularImmutableSet.contains(Ljava/lang/Object;)Z @ 10 c2
Event: 22.719 Thread 0x000001f483659000 DEOPT PACKING pc=0x000001f4f38bb89c sp=0x0000009a597f9ee0
Event: 22.719 Thread 0x000001f483659000 DEOPT UNPACKING pc=0x000001f4eba1a1a9 sp=0x0000009a597f9e78 mode 2
Event: 27.737 Thread 0x000001f483659000 Uncommon trap: trap_request=0xffffff5c fr.pc=0x000001f4f3b31824 relative=0x00000000000017a4
Event: 27.737 Thread 0x000001f483659000 Uncommon trap: reason=speculate_null_assert action=make_not_entrant pc=0x000001f4f3b31824 method=org.gradle.internal.logging.sink.OutputEventTransformer.onOutput(Lorg/gradle/internal/logging/events/OutputEvent;)V @ 365 c2
Event: 27.737 Thread 0x000001f483659000 DEOPT PACKING pc=0x000001f4f3b31824 sp=0x0000009a597f6a70
Event: 27.737 Thread 0x000001f483659000 DEOPT UNPACKING pc=0x000001f4eba1a1a9 sp=0x0000009a597f6a48 mode 2
Event: 32.754 Thread 0x000001f48c6ce800 Uncommon trap: trap_request=0xffffffc6 fr.pc=0x000001f4f3b47b88 relative=0x0000000000005148
Event: 32.754 Thread 0x000001f48c6ce800 Uncommon trap: reason=bimorphic_or_optimized_type_check action=maybe_recompile pc=0x000001f4f3b47b88 method=org.gradle.internal.snapshot.impl.AbstractValueProcessor.processValue(Ljava/lang/Object;Lorg/gradle/internal/snapshot/impl/AbstractValueProcessor$V
Event: 32.754 Thread 0x000001f48c6ce800 DEOPT PACKING pc=0x000001f4f3b47b88 sp=0x0000009a594fe860
Event: 32.754 Thread 0x000001f48c6ce800 DEOPT UNPACKING pc=0x000001f4eba1a1a9 sp=0x0000009a594fe840 mode 2
Event: 32.800 Thread 0x000001f48365b800 Uncommon trap: trap_request=0xffffffde fr.pc=0x000001f4f3b47f3c relative=0x00000000000054fc
Event: 32.800 Thread 0x000001f48365b800 Uncommon trap: reason=class_check action=maybe_recompile pc=0x000001f4f3b47f3c method=org.gradle.internal.snapshot.impl.AbstractValueProcessor.processValue(Ljava/lang/Object;Lorg/gradle/internal/snapshot/impl/AbstractValueProcessor$ValueVisitor;)Ljava/lan
Event: 32.800 Thread 0x000001f48365b800 DEOPT PACKING pc=0x000001f4f3b47f3c sp=0x0000009a598fce50
Event: 32.800 Thread 0x000001f48365b800 DEOPT UNPACKING pc=0x000001f4eba1a1a9 sp=0x0000009a598fce48 mode 2

Classes redefined (0 events):
No events

Internal exceptions (20 events):
Event: 22.632 Thread 0x000001f484228800 Exception <a 'java/lang/ClassNotFoundException'{0x000000008e166d20}: com/android/build/gradle/tasks/PackageApplication_DecoratedBeanInfo> (0x000000008e166d20) thrown at [src/hotspot/share/classfile/systemDictionary.cpp, line 230]
Event: 22.633 Thread 0x000001f484228800 Exception <a 'java/lang/ClassNotFoundException'{0x000000008e17fc18}: com/android/build/gradle/tasks/PackageApplicationBeanInfo> (0x000000008e17fc18) thrown at [src/hotspot/share/classfile/systemDictionary.cpp, line 230]
Event: 22.633 Thread 0x000001f484228800 Exception <a 'java/lang/ClassNotFoundException'{0x000000008e199e90}: com/android/build/gradle/tasks/PackageAndroidArtifactBeanInfo> (0x000000008e199e90) thrown at [src/hotspot/share/classfile/systemDictionary.cpp, line 230]
Event: 22.634 Thread 0x000001f484228800 Exception <a 'java/lang/ClassNotFoundException'{0x000000008e1b4088}: com/android/build/gradle/tasks/PackageAndroidArtifactCustomizer> (0x000000008e1b4088) thrown at [src/hotspot/share/classfile/systemDictionary.cpp, line 230]
Event: 22.635 Thread 0x000001f484228800 Exception <a 'java/lang/ClassNotFoundException'{0x000000008e01ae58}: com/android/build/gradle/tasks/PackageApplicationCustomizer> (0x000000008e01ae58) thrown at [src/hotspot/share/classfile/systemDictionary.cpp, line 230]
Event: 22.636 Thread 0x000001f484228800 Exception <a 'java/lang/ClassNotFoundException'{0x000000008e052730}: com/android/build/gradle/tasks/PackageApplication_DecoratedCustomizer> (0x000000008e052730) thrown at [src/hotspot/share/classfile/systemDictionary.cpp, line 230]
Event: 22.640 Thread 0x000001f484228800 Exception <a 'java/lang/ClassNotFoundException'{0x000000008df35b58}: com/android/build/gradle/internal/tasks/ListingFileRedirectTask_DecoratedBeanInfo> (0x000000008df35b58) thrown at [src/hotspot/share/classfile/systemDictionary.cpp, line 230]
Event: 22.640 Thread 0x000001f484228800 Exception <a 'java/lang/ClassNotFoundException'{0x000000008df51250}: com/android/build/gradle/internal/tasks/ListingFileRedirectTaskBeanInfo> (0x000000008df51250) thrown at [src/hotspot/share/classfile/systemDictionary.cpp, line 230]
Event: 22.641 Thread 0x000001f484228800 Exception <a 'java/lang/ClassNotFoundException'{0x000000008df6c980}: com/android/build/gradle/internal/tasks/ListingFileRedirectTaskCustomizer> (0x000000008df6c980) thrown at [src/hotspot/share/classfile/systemDictionary.cpp, line 230]
Event: 22.642 Thread 0x000001f484228800 Exception <a 'java/lang/ClassNotFoundException'{0x000000008df9be60}: com/android/build/gradle/internal/tasks/ListingFileRedirectTask_DecoratedCustomizer> (0x000000008df9be60) thrown at [src/hotspot/share/classfile/systemDictionary.cpp, line 230]
Event: 22.658 Thread 0x000001f484228800 Exception <a 'sun/nio/fs/WindowsException'{0x000000008deb3058}> (0x000000008deb3058) thrown at [src/hotspot/share/prims/jni.cpp, line 617]
Event: 22.700 Thread 0x000001f483659000 Exception <a 'sun/nio/fs/WindowsException'{0x00000000931075c8}> (0x00000000931075c8) thrown at [src/hotspot/share/prims/jni.cpp, line 617]
Event: 22.700 Thread 0x000001f483659000 Exception <a 'sun/nio/fs/WindowsException'{0x00000000931086d8}> (0x00000000931086d8) thrown at [src/hotspot/share/prims/jni.cpp, line 617]
Event: 22.719 Thread 0x000001f483659000 Implicit null exception at 0x000001f4f38bb6f7 to 0x000001f4f38bb884
Event: 27.738 Thread 0x000001f483659000 Exception <a 'net/rubygrapefruit/platform/NativeException'{0x000000009303e4c8}: Execution timed out> (0x000000009303e4c8) thrown at [src/hotspot/share/prims/jni.cpp, line 638]
Event: 32.744 Thread 0x000001f483659000 Exception <a 'net/rubygrapefruit/platform/NativeException'{0x000000009305d878}: Execution timed out> (0x000000009305d878) thrown at [src/hotspot/share/prims/jni.cpp, line 638]
Event: 32.759 Thread 0x000001f48615e000 Exception <a 'java/lang/NoSuchMethodError'{0x0000000092eb0680}: <clinit>> (0x0000000092eb0680) thrown at [src/hotspot/share/prims/jni.cpp, line 1367]
Event: 32.761 Thread 0x000001f48615e000 Exception <a 'java/lang/NoSuchMethodError'{0x0000000092ec9430}: <clinit>> (0x0000000092ec9430) thrown at [src/hotspot/share/prims/jni.cpp, line 1367]
Event: 32.782 Thread 0x000001f48615e000 Exception <a 'java/lang/NoSuchMethodError'{0x0000000092d62690}: <clinit>> (0x0000000092d62690) thrown at [src/hotspot/share/prims/jni.cpp, line 1367]
Event: 32.790 Thread 0x000001f48365b800 Exception <a 'java/lang/NoSuchMethodError'{0x0000000092df3af0}: 'int java.lang.invoke.DirectMethodHandle$Holder.invokeSpecial(java.lang.Object, java.lang.Object, java.lang.Object, java.lang.Object, java.lang.Object)'> (0x0000000092df3af0) thrown at [src/hotspot/share/interpreter/linkResolver.cpp, line 773]

Events (20 events):
Event: 32.791 loading class org/gradle/internal/snapshot/impl/FileSystemSnapshotFilter$FilteringVisitor
Event: 32.791 loading class org/gradle/internal/snapshot/impl/FileSystemSnapshotFilter$FilteringVisitor done
Event: 32.791 loading class org/gradle/internal/snapshot/impl/FileSystemSnapshotFilter$FilteringVisitor$1
Event: 32.791 loading class org/gradle/internal/snapshot/impl/FileSystemSnapshotFilter$FilteringVisitor$1 done
Event: 32.791 loading class org/gradle/internal/fingerprint/impl/PatternSetSnapshottingFilter$LogicalFileTreeElement
Event: 32.791 loading class org/gradle/internal/fingerprint/impl/PatternSetSnapshottingFilter$LogicalFileTreeElement done
Event: 32.792 loading class org/gradle/api/tasks/util/internal/CachingPatternSpecFactory$CachingSpec$1
Event: 32.792 loading class org/gradle/api/tasks/util/internal/CachingPatternSpecFactory$CachingSpec$1 done
Event: 32.792 loading class org/gradle/internal/snapshot/UnknownFileSystemNode
Event: 32.792 loading class org/gradle/internal/snapshot/UnknownFileSystemNode done
Event: 32.792 Executing VM operation: Deoptimize
Event: 32.793 Executing VM operation: Deoptimize done
Event: 32.800 loading class com/android/build/gradle/tasks/GenerateBuildConfigKt
Event: 32.800 loading class com/android/build/gradle/tasks/GenerateBuildConfigKt done
Event: 32.801 loading class com/android/build/gradle/internal/core/VariantDslInfoImpl$computeVersionNameSuffix$2
Event: 32.801 loading class com/android/build/gradle/internal/core/VariantDslInfoImpl$computeVersionNameSuffix$2 done
Event: 32.802 loading class org/gradle/execution/plan/LocalTaskNodeExecutor$1
Event: 32.802 loading class org/gradle/execution/plan/LocalTaskNodeExecutor$1 done
Event: 32.803 Executing VM operation: RevokeBias
Event: 32.803 Executing VM operation: RevokeBias done


Dynamic libraries:
0x00007ff74a1c0000 - 0x00007ff74a1ca000 	C:\Program Files\Android\Android Studio\jbr\bin\java.exe
0x00007ffecc570000 - 0x00007ffecc766000 	C:\Windows\SYSTEM32\ntdll.dll
0x00007ffecb340000 - 0x00007ffecb3fd000 	C:\Windows\System32\KERNEL32.DLL
0x00007ffec9cb0000 - 0x00007ffec9f79000 	C:\Windows\System32\KERNELBASE.dll
0x00007ffeca0c0000 - 0x00007ffeca1c0000 	C:\Windows\System32\ucrtbase.dll
0x00007ffeb03f0000 - 0x00007ffeb0407000 	C:\Program Files\Android\Android Studio\jbr\bin\jli.dll
0x00007ffeb0950000 - 0x00007ffeb096b000 	C:\Program Files\Android\Android Studio\jbr\bin\VCRUNTIME140.dll
0x00007ffecb1a0000 - 0x00007ffecb340000 	C:\Windows\System32\USER32.dll
0x00007ffeca520000 - 0x00007ffeca542000 	C:\Windows\System32\win32u.dll
0x00007ffecbb30000 - 0x00007ffecbb5a000 	C:\Windows\System32\GDI32.dll
0x00007ffebb550000 - 0x00007ffebb7eb000 	C:\Windows\WinSxS\amd64_microsoft.windows.common-controls_6595b64144ccf1df_6.0.19041.746_none_ca02b4b61b8320a4\COMCTL32.dll
0x00007ffec9fb0000 - 0x00007ffeca0bb000 	C:\Windows\System32\gdi32full.dll
0x00007ffecbc10000 - 0x00007ffecbcae000 	C:\Windows\System32\msvcrt.dll
0x00007ffeca320000 - 0x00007ffeca3bd000 	C:\Windows\System32\msvcp_win.dll
0x00007ffecb500000 - 0x00007ffecb530000 	C:\Windows\System32\IMM32.DLL
0x00007ffeaa450000 - 0x00007ffeaa4ab000 	C:\ProgramData\Microsoft\DbgCtr\XShellDLL64_6015.dll
0x00007ffecbb60000 - 0x00007ffecbc0c000 	C:\Windows\System32\ADVAPI32.dll
0x00007ffecb400000 - 0x00007ffecb49c000 	C:\Windows\System32\sechost.dll
0x00007ffeca680000 - 0x00007ffeca7ab000 	C:\Windows\System32\RPCRT4.dll
0x00007ffecaa50000 - 0x00007ffecb192000 	C:\Windows\System32\SHELL32.dll
0x00007ffec4bd0000 - 0x00007ffec4bdc000 	C:\Program Files\Android\Android Studio\jbr\bin\vcruntime140_1.dll
0x00007ffea9fa0000 - 0x00007ffeaa02d000 	C:\Program Files\Android\Android Studio\jbr\bin\msvcp140.dll
0x00007ffe68bb0000 - 0x00007ffe6976c000 	C:\Program Files\Android\Android Studio\jbr\bin\server\jvm.dll
0x00007ffecb9d0000 - 0x00007ffecb9d8000 	C:\Windows\System32\PSAPI.DLL
0x00007ffea4900000 - 0x00007ffea4927000 	C:\Windows\SYSTEM32\WINMM.dll
0x00007ffebe7a0000 - 0x00007ffebe7aa000 	C:\Windows\SYSTEM32\VERSION.dll
0x00007ffeb8b80000 - 0x00007ffeb8b89000 	C:\Windows\SYSTEM32\WSOCK32.dll
0x00007ffecb6d0000 - 0x00007ffecb73b000 	C:\Windows\System32\WS2_32.dll
0x00007ffec7c20000 - 0x00007ffec7c32000 	C:\Windows\SYSTEM32\kernel.appcore.dll
0x00007ffebe6e0000 - 0x00007ffebe6f0000 	C:\Program Files\Android\Android Studio\jbr\bin\verify.dll
0x00007ffeb37f0000 - 0x00007ffeb39d4000 	C:\Windows\SYSTEM32\DBGHELP.DLL
0x00007ffeb37c0000 - 0x00007ffeb37ec000 	C:\Windows\SYSTEM32\dbgcore.DLL
0x00007ffeca550000 - 0x00007ffeca5d0000 	C:\Windows\System32\bcryptPrimitives.dll
0x00007ffeb1de0000 - 0x00007ffeb1e08000 	C:\Program Files\Android\Android Studio\jbr\bin\java.dll
0x00007ffebd490000 - 0x00007ffebd49a000 	C:\Program Files\Android\Android Studio\jbr\bin\jimage.dll
0x00007ffeb1d00000 - 0x00007ffeb1d18000 	C:\Program Files\Android\Android Studio\jbr\bin\zip.dll
0x00007ffec7e20000 - 0x00007ffec85b0000 	C:\Windows\SYSTEM32\windows.storage.dll
0x00007ffecbd60000 - 0x00007ffecc0b6000 	C:\Windows\System32\combase.dll
0x00007ffec9710000 - 0x00007ffec973c000 	C:\Windows\SYSTEM32\Wldp.dll
0x00007ffeca5d0000 - 0x00007ffeca67e000 	C:\Windows\System32\SHCORE.dll
0x00007ffecb830000 - 0x00007ffecb885000 	C:\Windows\System32\shlwapi.dll
0x00007ffec9be0000 - 0x00007ffec9c06000 	C:\Windows\SYSTEM32\profapi.dll
0x00007ffeb0840000 - 0x00007ffeb0859000 	C:\Program Files\Android\Android Studio\jbr\bin\net.dll
0x00007ffebd670000 - 0x00007ffebd770000 	C:\Windows\SYSTEM32\WINHTTP.dll
0x00007ffec9420000 - 0x00007ffec948a000 	C:\Windows\system32\mswsock.dll
0x00007ffeb06d0000 - 0x00007ffeb06e3000 	C:\Program Files\Android\Android Studio\jbr\bin\nio.dll
0x00007ffea75d0000 - 0x00007ffea75f7000 	C:\Users\it_04\.gradle\native\e1d6ef7f7dcc3fd88c89a11ec53ec762bb8ba0a96d01ffa2cd45eb1d1d8dd5c5\windows-amd64\native-platform.dll
0x00007ffea7b50000 - 0x00007ffea7c94000 	C:\Users\it_04\.gradle\native\0d407fdbe67a94daf76414ababcb853783967236a71b16ec16e742cd7a986fd3\windows-amd64\native-platform-file-events.dll
0x00007ffeb4da0000 - 0x00007ffeb4daa000 	C:\Program Files\Android\Android Studio\jbr\bin\management.dll
0x00007ffeb2050000 - 0x00007ffeb205b000 	C:\Program Files\Android\Android Studio\jbr\bin\management_ext.dll
0x00007ffec95f0000 - 0x00007ffec9608000 	C:\Windows\SYSTEM32\CRYPTSP.dll
0x00007ffec8dc0000 - 0x00007ffec8df4000 	C:\Windows\system32\rsaenh.dll
0x00007ffec9f80000 - 0x00007ffec9fa7000 	C:\Windows\System32\bcrypt.dll
0x00007ffec9b60000 - 0x00007ffec9b8e000 	C:\Windows\SYSTEM32\USERENV.dll
0x00007ffec9610000 - 0x00007ffec961c000 	C:\Windows\SYSTEM32\CRYPTBASE.dll
0x00007ffec9110000 - 0x00007ffec914b000 	C:\Windows\SYSTEM32\IPHLPAPI.DLL
0x00007ffecba40000 - 0x00007ffecba48000 	C:\Windows\System32\NSI.dll
0x00007ffec39e0000 - 0x00007ffec39f7000 	C:\Windows\SYSTEM32\dhcpcsvc6.DLL
0x00007ffec39c0000 - 0x00007ffec39dd000 	C:\Windows\SYSTEM32\dhcpcsvc.DLL
0x00007ffec9150000 - 0x00007ffec921b000 	C:\Windows\SYSTEM32\DNSAPI.dll

dbghelp: loaded successfully - version: 4.0.5 - missing functions: none
symbol engine: initialized successfully - sym options: 0x614 - pdb path: .;C:\Program Files\Android\Android Studio\jbr\bin;C:\Windows\SYSTEM32;C:\Windows\WinSxS\amd64_microsoft.windows.common-controls_6595b64144ccf1df_6.0.19041.746_none_ca02b4b61b8320a4;C:\ProgramData\Microsoft\DbgCtr;C:\Program Files\Android\Android Studio\jbr\bin\server;C:\Users\it_04\.gradle\native\e1d6ef7f7dcc3fd88c89a11ec53ec762bb8ba0a96d01ffa2cd45eb1d1d8dd5c5\windows-amd64;C:\Users\it_04\.gradle\native\0d407fdbe67a94daf76414ababcb853783967236a71b16ec16e742cd7a986fd3\windows-amd64

VM Arguments:
jvm_args: --add-opens=java.base/java.util=ALL-UNNAMED --add-opens=java.base/java.lang=ALL-UNNAMED --add-opens=java.base/java.lang.invoke=ALL-UNNAMED --add-opens=java.base/java.util=ALL-UNNAMED --add-opens=java.prefs/java.util.prefs=ALL-UNNAMED --add-opens=java.prefs/java.util.prefs=ALL-UNNAMED --add-opens=java.base/java.nio.charset=ALL-UNNAMED --add-opens=java.base/java.net=ALL-UNNAMED --add-opens=java.base/java.util.concurrent.atomic=ALL-UNNAMED -Xmx2048m -Dfile.encoding=UTF-8 -Duser.country=US -Duser.language=en -Duser.variant 
java_command: org.gradle.launcher.daemon.bootstrap.GradleDaemon 7.5
java_class_path (initial): C:\Users\it_04\.gradle\wrapper\dists\gradle-7.5-bin\f1w0cc9nuo0eivz97x2xlu9sv\gradle-7.5\lib\gradle-launcher-7.5.jar
Launcher Type: SUN_STANDARD

[Global flags]
     intx CICompilerCount                          = 3                                         {product} {ergonomic}
     uint ConcGCThreads                            = 1                                         {product} {ergonomic}
     uint G1ConcRefinementThreads                  = 4                                         {product} {ergonomic}
   size_t G1HeapRegionSize                         = 1048576                                   {product} {ergonomic}
    uintx GCDrainStackTargetSize                   = 64                                        {product} {ergonomic}
   size_t InitialHeapSize                          = 266338304                                 {product} {ergonomic}
   size_t MarkStackSize                            = 4194304                                   {product} {ergonomic}
   size_t MaxHeapSize                              = 2147483648                                {product} {command line}
   size_t MaxNewSize                               = 1287651328                                {product} {ergonomic}
   size_t MinHeapDeltaBytes                        = 1048576                                   {product} {ergonomic}
    uintx NonNMethodCodeHeapSize                   = 5830732                                {pd product} {ergonomic}
    uintx NonProfiledCodeHeapSize                  = 122913754                              {pd product} {ergonomic}
    uintx ProfiledCodeHeapSize                     = 122913754                              {pd product} {ergonomic}
    uintx ReservedCodeCacheSize                    = 251658240                              {pd product} {ergonomic}
     bool SegmentedCodeCache                       = true                                      {product} {ergonomic}
     bool UseCompressedClassPointers               = true                                 {lp64_product} {ergonomic}
     bool UseCompressedOops                        = true                                 {lp64_product} {ergonomic}
     bool UseG1GC                                  = true                                      {product} {ergonomic}
     bool UseLargePagesIndividualAllocation        = false                                  {pd product} {ergonomic}

Logging:
Log output configuration:
 #0: stdout all=warning uptime,level,tags
 #1: stderr all=off uptime,level,tags

Environment Variables:
PATH=D:\app\it_07\product\11.2.0\client_1\bin;C:\Windows\system32;C:\Windows;C:\Windows\System32\Wbem;C:\Windows\System32\WindowsPowerShell\v1.0\;C:\Windows\System32\OpenSSH\;C:\Program Files\dotnet\;C:\Program Files\Git\cmd;C:\Users\it_04\AppData\Local\Microsoft\WindowsApps;C:\Users\it_04\.dotnet\tools
USERNAME=it_04
OS=Windows_NT
PROCESSOR_IDENTIFIER=Intel64 Family 6 Model 165 Stepping 3, GenuineIntel



---------------  S Y S T E M  ---------------

OS: Windows 10 , 64 bit Build 19041 (10.0.19041.804)
OS uptime: 0 days 0:57 hours

CPU:total 4 (initial active 4) (2 cores per cpu, 2 threads per core) family 6 model 165 stepping 3 microcode 0xe0, cmov, cx8, fxsr, mmx, sse, sse2, sse3, ssse3, sse4.1, sse4.2, popcnt, aes, clmul, erms, 3dnowpref, lzcnt, ht, tsc, tscinvbit

Memory: 4k page, system-wide physical 16242M (7818M free)
TotalPageFile size 18674M (AvailPageFile size 10443M)
current process WorkingSet (physical memory assigned to process): 579M, peak: 630M
current process commit charge ("private bytes"): 621M, peak: 665M

vm_info: OpenJDK 64-Bit Server VM (11.0.15+0-b2043.56-9505619) for windows-amd64 JRE (11.0.15+0-b2043.56-9505619), built on Jan 19 2023 02:48:00 by "builduser" with unknown MS VC++:1929

END.
