#
# A fatal error has been detected by the Java Runtime Environment:
#
#  EXCEPTION_ACCESS_VIOLATION (0xc0000005) at pc=0x0000000000000000, pid=8960, tid=11596
#
# JRE version: OpenJDK Runtime Environment (11.0.15) (build 11.0.15+0-b2043.56-9505619)
# Java VM: OpenJDK 64-Bit Server VM (11.0.15+0-b2043.56-9505619, mixed mode, tiered, compressed oops, g1 gc, windows-amd64)
# Problematic frame:
# C  0x0000000000000000
#
# No core dump will be written. Minidumps are not enabled by default on client versions of Windows
#
# If you would like to submit a bug report, please visit:
#   https://bugreport.java.com/bugreport/crash.jsp
# The crash happened outside the Java Virtual Machine in native code.
# See problematic frame for where to report the bug.
#

---------------  S U M M A R Y ------------

Command Line: --add-opens=java.base/java.util=ALL-UNNAMED --add-opens=java.base/java.lang=ALL-UNNAMED --add-opens=java.base/java.lang.invoke=ALL-UNNAMED --add-opens=java.base/java.util=ALL-UNNAMED --add-opens=java.prefs/java.util.prefs=ALL-UNNAMED --add-opens=java.prefs/java.util.prefs=ALL-UNNAMED --add-opens=java.base/java.nio.charset=ALL-UNNAMED --add-opens=java.base/java.net=ALL-UNNAMED --add-opens=java.base/java.util.concurrent.atomic=ALL-UNNAMED -Xmx2048m -Dfile.encoding=UTF-8 -Duser.country=US -Duser.language=en -Duser.variant org.gradle.launcher.daemon.bootstrap.GradleDaemon 7.5

Host: Intel(R) Pentium(R) Gold G6400 CPU @ 4.00GHz, 4 cores, 15G,  Windows 10 , 64 bit Build 19041 (10.0.19041.804)
Time: Sat Apr 15 09:12:12 2023 SE Asia Standard Time elapsed time: 33.010774 seconds (0d 0h 0m 33s)

---------------  T H R E A D  ---------------

Current thread (0x0000024629576800):  JavaThread "File watcher server" daemon [_thread_in_native, id=11596, stack(0x000000dd3b400000,0x000000dd3b500000)]

Stack: [0x000000dd3b400000,0x000000dd3b500000],  sp=0x000000dd3b4fe648,  free space=1017k
Native frames: (J=compiled Java code, j=interpreted, Vv=VM code, C=native code)

Java frames: (J=compiled Java code, j=interpreted, Vv=VM code)
j  net.rubygrapefruit.platform.internal.jni.AbstractFileEventFunctions$NativeFileWatcher.executeRunLoop0(Ljava/lang/Object;)V+0
j  net.rubygrapefruit.platform.internal.jni.AbstractFileEventFunctions$NativeFileWatcher.access$100(Lnet/rubygrapefruit/platform/internal/jni/AbstractFileEventFunctions$NativeFileWatcher;Ljava/lang/Object;)V+2
j  net.rubygrapefruit.platform.internal.jni.AbstractFileEventFunctions$NativeFileWatcher$1.run()V+26
v  ~StubRoutines::call_stub

siginfo: EXCEPTION_ACCESS_VIOLATION (0xc0000005), data execution prevention violation at address 0x0000000000000000


Register to memory mapping:

RIP=0x0 is NULL
RAX=0x0 is NULL
RBX=0x0 is NULL
RCX=0x000000dd3f0f9ec8 is pointing into the stack for thread: 0x0000024630183800
RDX=0x0 is NULL
RSP=0x000000dd3b4fe648 is pointing into the stack for thread: 0x0000024629576800
RBP=0x000000dd3b4ff018 is pointing into the stack for thread: 0x0000024629576800
RSI=0x000000dd3f0f9ec0 is pointing into the stack for thread: 0x0000024630183800
RDI=0x000000dd3f0f9e80 is pointing into the stack for thread: 0x0000024630183800
R8 =0x000002460a0d0f00 points into unknown readable memory: 0x000002460a0d0cc0 | c0 0c 0d 0a 46 02 00 00
R9 =0x0000000000000001 is an unknown value
R10=0x0000000000008000 is an unknown value
R11=0x000000dd3b4fe300 is pointing into the stack for thread: 0x0000024629576800
R12=0x0 is NULL
R13={method} {0x000002462cc64f90} 'executeRunLoop0' '(Ljava/lang/Object;)V' in 'net/rubygrapefruit/platform/internal/jni/AbstractFileEventFunctions$NativeFileWatcher'
R14=0x0 is NULL
R15=0x0000024629576800 is a thread


Registers:
RAX=0x0000000000000000, RBX=0x0000000000000000, RCX=0x000000dd3f0f9ec8, RDX=0x0000000000000000
RSP=0x000000dd3b4fe648, RBP=0x000000dd3b4ff018, RSI=0x000000dd3f0f9ec0, RDI=0x000000dd3f0f9e80
R8 =0x000002460a0d0f00, R9 =0x0000000000000001, R10=0x0000000000008000, R11=0x000000dd3b4fe300
R12=0x0000000000000000, R13=0x000002462cc64f88, R14=0x0000000000000000, R15=0x0000024629576800
RIP=0x0000000000000000, EFLAGS=0x0000000000010216

Top of Stack: (sp=0x000000dd3b4fe648)
0x000000dd3b4fe648:   00007ffea7b963b9 0000000000000000
0x000000dd3b4fe658:   000002460fe2fa7a 00000246263e5990
0x000000dd3b4fe668:   00007ffea7b73133 000002462df39618
0x000000dd3b4fe678:   000000008fbd0a98 00001baa8703e3a2
0x000000dd3b4fe688:   00007ffea7b7da83 000000dd3b4ff040
0x000000dd3b4fe698:   000000dd3f0f9e80 00007ffea7b6f150
0x000000dd3b4fe6a8:   00007ffea7b8709b 000000dd3f0f9ec0
0x000000dd3b4fe6b8:   0000000080417ff8 0000000000000000
0x000000dd3b4fe6c8:   00007ffea7b7bfae 000002462df39610
0x000000dd3b4fe6d8:   00007ffea7b792a6 000000dd3f0f9ec0
0x000000dd3b4fe6e8:   0000000000000000 000002462df39610
0x000000dd3b4fe6f8:   00007ffea7b557b3 0000000000000000
0x000000dd3b4fe708:   00007ffea7b864c2 000000dd3b4fe750
0x000000dd3b4fe718:   000000dd3f0f9ec0 0000024626074a20
0x000000dd3b4fe728:   0000000000000000 000000008040b401
0x000000dd3b4fe738:   0000024625f8fd50 0000000000000000 

Instructions: (pc=0x0000000000000000)
0xffffffffffffff00:   


Stack slot to memory mapping:
stack at sp + 0 slots: 0x00007ffea7b963b9 native-platform-file-events.dll
stack at sp + 1 slots: 0x0 is NULL
stack at sp + 2 slots: 0x000002460fe2fa7a is at code_begin+2458 in an Interpreter codelet
method entry point (kind = native)  [0x000002460fe2f0e0, 0x000002460fe2fb60]  2688 bytes
stack at sp + 3 slots: {method} {0x00000246263e5998} 'findEntry' '(Ljava/lang/String;)J' in 'java/lang/ClassLoader$NativeLibrary'
stack at sp + 4 slots: 0x00007ffea7b73133 native-platform-file-events.dll
stack at sp + 5 slots: 0x000002462df39618 points into unknown readable memory: 0x0000024629548bf0 | f0 8b 54 29 46 02 00 00
stack at sp + 6 slots: 0x000000008fbd0a98 is pointing into object: [B 
{0x000000008fbd0a60} - klass: {type array byte}
 - length: 106
stack at sp + 7 slots: 0x00001baa8703e3a2 is an unknown value


---------------  P R O C E S S  ---------------

Threads class SMR info:
_java_thread_list=0x000002462df39580, length=87, elements={
0x000002460c302800, 0x00000246267a9000, 0x00000246267aa800, 0x0000024626805800,
0x0000024626806800, 0x000002462680a800, 0x000002462680e000, 0x0000024626813800,
0x000002462683c000, 0x000002462699b000, 0x00000246296c7800, 0x000002462998d800,
0x0000024629ea8000, 0x0000024629315000, 0x00000246294a7800, 0x0000024629572800,
0x0000024629575000, 0x0000024629570000, 0x0000024629576800, 0x0000024629575800,
0x000002462a629000, 0x000002462a630000, 0x000002462a62f000, 0x000002462a62c800,
0x000002462a632000, 0x000002462c3f4800, 0x000002462c3f5800, 0x000002462c3f1800,
0x000002462c3ee000, 0x000002462c3f2000, 0x000002462c3f0800, 0x000002462c3ef000,
0x000002462c3ef800, 0x000002462c3f6000, 0x000002462c3f3800, 0x000002462c3fc800,
0x000002462c3fc000, 0x000002462c3f8000, 0x000002462c3fb000, 0x000002462c3f7000,
0x000002462c3f8800, 0x000002462c3f9800, 0x000002462c3fa800, 0x000002462a631800,
0x000002462a62e000, 0x000002462a62d800, 0x000002462a634000, 0x000002462a634800,
0x000002462a636800, 0x000002462a630800, 0x000002462a637000, 0x000002462a638000,
0x0000024629573000, 0x0000024629571800, 0x0000024629574000, 0x0000024626ea8000,
0x0000024626ea3000, 0x0000024626ea8800, 0x0000024626ea9800, 0x0000024626ea7000,
0x0000024626ea3800, 0x0000024626eaa800, 0x0000024626ea5800, 0x0000024626ea4800,
0x0000024626eab000, 0x0000024626eac000, 0x0000024626ea6000, 0x0000024626eb0000,
0x0000024626eb1000, 0x0000024626eb1800, 0x0000024626ead800, 0x0000024626eac800,
0x0000024626eae800, 0x0000024626eaf000, 0x000002463017e800, 0x0000024630181800,
0x000002463017f800, 0x0000024630182800, 0x0000024630180000, 0x000002463017d000,
0x0000024630181000, 0x000002463017d800, 0x0000024630183800, 0x000002463018a000,
0x0000024630189000, 0x0000024630186000, 0x0000024630186800
}

Java Threads: ( => current thread )
  0x000002460c302800 JavaThread "main" [_thread_blocked, id=704, stack(0x000000dd38f00000,0x000000dd39000000)]
  0x00000246267a9000 JavaThread "Reference Handler" daemon [_thread_blocked, id=6724, stack(0x000000dd39900000,0x000000dd39a00000)]
  0x00000246267aa800 JavaThread "Finalizer" daemon [_thread_blocked, id=2984, stack(0x000000dd39a00000,0x000000dd39b00000)]
  0x0000024626805800 JavaThread "Signal Dispatcher" daemon [_thread_blocked, id=7304, stack(0x000000dd39b00000,0x000000dd39c00000)]
  0x0000024626806800 JavaThread "Attach Listener" daemon [_thread_blocked, id=8548, stack(0x000000dd39c00000,0x000000dd39d00000)]
  0x000002462680a800 JavaThread "Service Thread" daemon [_thread_blocked, id=6084, stack(0x000000dd39d00000,0x000000dd39e00000)]
  0x000002462680e000 JavaThread "C2 CompilerThread0" daemon [_thread_in_native, id=11052, stack(0x000000dd39e00000,0x000000dd39f00000)]
  0x0000024626813800 JavaThread "C1 CompilerThread0" daemon [_thread_blocked, id=9264, stack(0x000000dd39f00000,0x000000dd3a000000)]
  0x000002462683c000 JavaThread "Sweeper thread" daemon [_thread_blocked, id=10924, stack(0x000000dd3a000000,0x000000dd3a100000)]
  0x000002462699b000 JavaThread "Common-Cleaner" daemon [_thread_blocked, id=2024, stack(0x000000dd3a100000,0x000000dd3a200000)]
  0x00000246296c7800 JavaThread "Daemon health stats" [_thread_blocked, id=9520, stack(0x000000dd3a700000,0x000000dd3a800000)]
  0x000002462998d800 JavaThread "Incoming local TCP Connector on port 55967" [_thread_in_native, id=5912, stack(0x000000dd3a800000,0x000000dd3a900000)]
  0x0000024629ea8000 JavaThread "Daemon periodic checks" [_thread_blocked, id=10716, stack(0x000000dd3a900000,0x000000dd3aa00000)]
  0x0000024629315000 JavaThread "Daemon" [_thread_blocked, id=3652, stack(0x000000dd3aa00000,0x000000dd3ab00000)]
  0x00000246294a7800 JavaThread "Daemon worker" [_thread_blocked, id=11348, stack(0x000000dd3ad00000,0x000000dd3ae00000)]
  0x0000024629572800 JavaThread "Cache worker for journal cache (C:\Users\it_04\.gradle\caches\journal-1)" [_thread_blocked, id=1420, stack(0x000000dd3b100000,0x000000dd3b200000)]
  0x0000024629575000 JavaThread "File lock request listener" [_thread_in_native, id=11332, stack(0x000000dd3b200000,0x000000dd3b300000)]
  0x0000024629570000 JavaThread "Cache worker for file hash cache (C:\Users\it_04\.gradle\caches\7.5\fileHashes)" [_thread_blocked, id=11896, stack(0x000000dd3b300000,0x000000dd3b400000)]
=>0x0000024629576800 JavaThread "File watcher server" daemon [_thread_in_native, id=11596, stack(0x000000dd3b400000,0x000000dd3b500000)]
  0x0000024629575800 JavaThread "Cache worker for file content cache (C:\Users\it_04\.gradle\caches\7.5\fileContent)" [_thread_blocked, id=6468, stack(0x000000dd3b800000,0x000000dd3b900000)]
  0x000002462a629000 JavaThread "Cache worker for execution history cache (C:\Users\it_04\.gradle\caches\7.5\executionHistory)" [_thread_blocked, id=6636, stack(0x000000dd3bb00000,0x000000dd3bc00000)]
  0x000002462a630000 JavaThread "jar transforms" [_thread_blocked, id=7692, stack(0x000000dd3bc00000,0x000000dd3bd00000)]
  0x000002462a62f000 JavaThread "jar transforms Thread 2" [_thread_blocked, id=1676, stack(0x000000dd3bd00000,0x000000dd3be00000)]
  0x000002462a62c800 JavaThread "jar transforms Thread 3" [_thread_blocked, id=5536, stack(0x000000dd3be00000,0x000000dd3bf00000)]
  0x000002462a632000 JavaThread "jar transforms Thread 4" [_thread_blocked, id=3828, stack(0x000000dd3bf00000,0x000000dd3c000000)]
  0x000002462c3f4800 JavaThread "Memory manager" [_thread_blocked, id=10948, stack(0x000000dd3ea00000,0x000000dd3eb00000)]
  0x000002462c3f5800 JavaThread "pool-3-thread-1" [_thread_blocked, id=1160, stack(0x000000dd3ec00000,0x000000dd3ed00000)]
  0x000002462c3f1800 JavaThread "included builds" [_thread_blocked, id=12148, stack(0x000000dd3ee00000,0x000000dd3ef00000)]
  0x000002462c3ee000 JavaThread "Handler for socket connection from /127.0.0.1:55967 to /127.0.0.1:55992" [_thread_in_native, id=11576, stack(0x000000dd3a300000,0x000000dd3a400000)]
  0x000002462c3f2000 JavaThread "Cancel handler" [_thread_blocked, id=12008, stack(0x000000dd3ab00000,0x000000dd3ac00000)]
  0x000002462c3f0800 JavaThread "Asynchronous log dispatcher for DefaultDaemonConnection: socket connection from /127.0.0.1:55967 to /127.0.0.1:55992" [_thread_blocked, id=1472, stack(0x000000dd3ac00000,0x000000dd3ad00000)]
  0x000002462c3ef000 JavaThread "Stdin handler" [_thread_blocked, id=7976, stack(0x000000dd3ae00000,0x000000dd3af00000)]
  0x000002462c3ef800 JavaThread "Daemon client event forwarder" [_thread_blocked, id=6068, stack(0x000000dd3af00000,0x000000dd3b000000)]
  0x000002462c3f6000 JavaThread "Cache worker for checksums cache (D:\SourceAndroid\KyThuat\.gradle\7.5\checksums)" [_thread_blocked, id=3936, stack(0x000000dd3b000000,0x000000dd3b100000)]
  0x000002462c3f3800 JavaThread "Cache worker for cache directory md-rule (C:\Users\it_04\.gradle\caches\7.5\md-rule)" [_thread_blocked, id=8828, stack(0x000000dd3b600000,0x000000dd3b700000)]
  0x000002462c3fc800 JavaThread "Cache worker for file hash cache (D:\SourceAndroid\KyThuat\.gradle\7.5\fileHashes)" [_thread_blocked, id=11712, stack(0x000000dd3b700000,0x000000dd3b800000)]
  0x000002462c3fc000 JavaThread "Cache worker for cache directory md-supplier (C:\Users\it_04\.gradle\caches\7.5\md-supplier)" [_thread_blocked, id=11828, stack(0x000000dd3b900000,0x000000dd3ba00000)]
  0x000002462c3f8000 JavaThread "Cache worker for dependencies-accessors (D:\SourceAndroid\KyThuat\.gradle\7.5\dependencies-accessors)" [_thread_blocked, id=9924, stack(0x000000dd3ba00000,0x000000dd3bb00000)]
  0x000002462c3fb000 JavaThread "Cache worker for Build Output Cleanup Cache (D:\SourceAndroid\KyThuat\.gradle\buildOutputCleanup)" [_thread_blocked, id=5892, stack(0x000000dd3c100000,0x000000dd3c200000)]
  0x000002462c3f7000 JavaThread "Unconstrained build operations" [_thread_blocked, id=6164, stack(0x000000dd3c200000,0x000000dd3c300000)]
  0x000002462c3f8800 JavaThread "Unconstrained build operations Thread 2" [_thread_blocked, id=2412, stack(0x000000dd3c300000,0x000000dd3c400000)]
  0x000002462c3f9800 JavaThread "Unconstrained build operations Thread 3" [_thread_blocked, id=4640, stack(0x000000dd3c400000,0x000000dd3c500000)]
  0x000002462c3fa800 JavaThread "Unconstrained build operations Thread 4" [_thread_blocked, id=10812, stack(0x000000dd3c500000,0x000000dd3c600000)]
  0x000002462a631800 JavaThread "Unconstrained build operations Thread 5" [_thread_blocked, id=10912, stack(0x000000dd3c600000,0x000000dd3c700000)]
  0x000002462a62e000 JavaThread "Unconstrained build operations Thread 6" [_thread_blocked, id=1128, stack(0x000000dd3c700000,0x000000dd3c800000)]
  0x000002462a62d800 JavaThread "Unconstrained build operations Thread 7" [_thread_blocked, id=9316, stack(0x000000dd3c800000,0x000000dd3c900000)]
  0x000002462a634000 JavaThread "Unconstrained build operations Thread 8" [_thread_blocked, id=8832, stack(0x000000dd3c900000,0x000000dd3ca00000)]
  0x000002462a634800 JavaThread "Unconstrained build operations Thread 9" [_thread_blocked, id=8572, stack(0x000000dd3ca00000,0x000000dd3cb00000)]
  0x000002462a636800 JavaThread "Unconstrained build operations Thread 10" [_thread_blocked, id=8020, stack(0x000000dd3cb00000,0x000000dd3cc00000)]
  0x000002462a630800 JavaThread "Unconstrained build operations Thread 11" [_thread_blocked, id=10056, stack(0x000000dd3cc00000,0x000000dd3cd00000)]
  0x000002462a637000 JavaThread "Unconstrained build operations Thread 12" [_thread_blocked, id=11928, stack(0x000000dd3cd00000,0x000000dd3ce00000)]
  0x000002462a638000 JavaThread "Unconstrained build operations Thread 13" [_thread_blocked, id=10972, stack(0x000000dd3ce00000,0x000000dd3cf00000)]
  0x0000024629573000 JavaThread "Unconstrained build operations Thread 14" [_thread_blocked, id=11224, stack(0x000000dd3cf00000,0x000000dd3d000000)]
  0x0000024629571800 JavaThread "Unconstrained build operations Thread 15" [_thread_blocked, id=12248, stack(0x000000dd3d000000,0x000000dd3d100000)]
  0x0000024629574000 JavaThread "Unconstrained build operations Thread 16" [_thread_blocked, id=1152, stack(0x000000dd3d100000,0x000000dd3d200000)]
  0x0000024626ea8000 JavaThread "Unconstrained build operations Thread 17" [_thread_blocked, id=11328, stack(0x000000dd3d200000,0x000000dd3d300000)]
  0x0000024626ea3000 JavaThread "Unconstrained build operations Thread 18" [_thread_blocked, id=5620, stack(0x000000dd3d300000,0x000000dd3d400000)]
  0x0000024626ea8800 JavaThread "Unconstrained build operations Thread 19" [_thread_blocked, id=8916, stack(0x000000dd3d400000,0x000000dd3d500000)]
  0x0000024626ea9800 JavaThread "Unconstrained build operations Thread 20" [_thread_blocked, id=5828, stack(0x000000dd3d500000,0x000000dd3d600000)]
  0x0000024626ea7000 JavaThread "Unconstrained build operations Thread 21" [_thread_blocked, id=5024, stack(0x000000dd3d600000,0x000000dd3d700000)]
  0x0000024626ea3800 JavaThread "Unconstrained build operations Thread 22" [_thread_blocked, id=3172, stack(0x000000dd3d700000,0x000000dd3d800000)]
  0x0000024626eaa800 JavaThread "Unconstrained build operations Thread 23" [_thread_blocked, id=6076, stack(0x000000dd3d800000,0x000000dd3d900000)]
  0x0000024626ea5800 JavaThread "Unconstrained build operations Thread 24" [_thread_blocked, id=2612, stack(0x000000dd3d900000,0x000000dd3da00000)]
  0x0000024626ea4800 JavaThread "Unconstrained build operations Thread 25" [_thread_blocked, id=692, stack(0x000000dd3da00000,0x000000dd3db00000)]
  0x0000024626eab000 JavaThread "Unconstrained build operations Thread 26" [_thread_blocked, id=9884, stack(0x000000dd3db00000,0x000000dd3dc00000)]
  0x0000024626eac000 JavaThread "Unconstrained build operations Thread 27" [_thread_blocked, id=11608, stack(0x000000dd3dc00000,0x000000dd3dd00000)]
  0x0000024626ea6000 JavaThread "Unconstrained build operations Thread 28" [_thread_blocked, id=10852, stack(0x000000dd3dd00000,0x000000dd3de00000)]
  0x0000024626eb0000 JavaThread "Unconstrained build operations Thread 29" [_thread_blocked, id=5916, stack(0x000000dd3de00000,0x000000dd3df00000)]
  0x0000024626eb1000 JavaThread "Unconstrained build operations Thread 30" [_thread_blocked, id=11888, stack(0x000000dd3df00000,0x000000dd3e000000)]
  0x0000024626eb1800 JavaThread "Unconstrained build operations Thread 31" [_thread_blocked, id=6136, stack(0x000000dd3e000000,0x000000dd3e100000)]
  0x0000024626ead800 JavaThread "Unconstrained build operations Thread 32" [_thread_blocked, id=10008, stack(0x000000dd3e100000,0x000000dd3e200000)]
  0x0000024626eac800 JavaThread "Unconstrained build operations Thread 33" [_thread_blocked, id=4268, stack(0x000000dd3e200000,0x000000dd3e300000)]
  0x0000024626eae800 JavaThread "Unconstrained build operations Thread 34" [_thread_blocked, id=9352, stack(0x000000dd3e300000,0x000000dd3e400000)]
  0x0000024626eaf000 JavaThread "Unconstrained build operations Thread 35" [_thread_blocked, id=1208, stack(0x000000dd3e400000,0x000000dd3e500000)]
  0x000002463017e800 JavaThread "Unconstrained build operations Thread 36" [_thread_blocked, id=11340, stack(0x000000dd3e500000,0x000000dd3e600000)]
  0x0000024630181800 JavaThread "Unconstrained build operations Thread 37" [_thread_blocked, id=9504, stack(0x000000dd3e600000,0x000000dd3e700000)]
  0x000002463017f800 JavaThread "Unconstrained build operations Thread 38" [_thread_blocked, id=11288, stack(0x000000dd3e700000,0x000000dd3e800000)]
  0x0000024630182800 JavaThread "Unconstrained build operations Thread 39" [_thread_blocked, id=12216, stack(0x000000dd3e800000,0x000000dd3e900000)]
  0x0000024630180000 JavaThread "Unconstrained build operations Thread 40" [_thread_blocked, id=6008, stack(0x000000dd3e900000,0x000000dd3ea00000)]
  0x000002463017d000 JavaThread "build event listener" [_thread_blocked, id=2440, stack(0x000000dd3eb00000,0x000000dd3ec00000)]
  0x0000024630181000 JavaThread "pool-6-thread-1" [_thread_blocked, id=12020, stack(0x000000dd3ed00000,0x000000dd3ee00000)]
  0x000002463017d800 JavaThread "build event listener" [_thread_blocked, id=11692, stack(0x000000dd3ef00000,0x000000dd3f000000)]
  0x0000024630183800 JavaThread "included builds" [_thread_blocked, id=11096, stack(0x000000dd3f000000,0x000000dd3f100000)]
  0x000002463018a000 JavaThread "Execution worker" [_thread_blocked, id=4212, stack(0x000000dd3f100000,0x000000dd3f200000)]
  0x0000024630189000 JavaThread "Execution worker Thread 2" [_thread_blocked, id=4864, stack(0x000000dd3f200000,0x000000dd3f300000)]
  0x0000024630186000 JavaThread "Execution worker Thread 3" [_thread_in_vm, id=11344, stack(0x000000dd3f300000,0x000000dd3f400000)]
  0x0000024630186800 JavaThread "Cache worker for execution history cache (D:\SourceAndroid\KyThuat\.gradle\7.5\executionHistory)" [_thread_blocked, id=11352, stack(0x000000dd3f400000,0x000000dd3f500000)]

Other Threads:
  0x00000246267a7800 VMThread "VM Thread" [stack: 0x000000dd39800000,0x000000dd39900000] [id=1072]
  0x00000246269d4800 WatcherThread [stack: 0x000000dd3a200000,0x000000dd3a300000] [id=980]
  0x000002460c31b800 GCTaskThread "GC Thread#0" [stack: 0x000000dd39300000,0x000000dd39400000] [id=6324]
  0x0000024626a67000 GCTaskThread "GC Thread#1" [stack: 0x000000dd3a400000,0x000000dd3a500000] [id=8720]
  0x0000024627353800 GCTaskThread "GC Thread#2" [stack: 0x000000dd3a500000,0x000000dd3a600000] [id=11756]
  0x0000024626e33800 GCTaskThread "GC Thread#3" [stack: 0x000000dd3a600000,0x000000dd3a700000] [id=8404]
  0x000002460c34c000 ConcurrentGCThread "G1 Main Marker" [stack: 0x000000dd39400000,0x000000dd39500000] [id=2068]
  0x000002460c34e800 ConcurrentGCThread "G1 Conc#0" [stack: 0x000000dd39500000,0x000000dd39600000] [id=4872]
  0x000002460c3ce000 ConcurrentGCThread "G1 Refine#0" [stack: 0x000000dd39600000,0x000000dd39700000] [id=9464]
  0x0000024625dea800 ConcurrentGCThread "G1 Young RemSet Sampling" [stack: 0x000000dd39700000,0x000000dd39800000] [id=11636]

Threads with active compile tasks:
C2 CompilerThread0    33025 9404       4       sun.nio.cs.UTF_8$Encoder::encodeArrayLoop (489 bytes)

VM state:not at safepoint (normal execution)

VM Mutex/Monitor currently owned by a thread: None

Heap address: 0x0000000080000000, size: 2048 MB, Compressed Oops mode: 32-bit
Narrow klass base: 0x0000000000000000, Narrow klass shift: 3
Compressed class space size: 1073741824 Address: 0x0000000100000000

Heap:
 garbage-first heap   total 312320K, used 169984K [0x0000000080000000, 0x0000000100000000)
  region size 1024K, 115 young (117760K), 18 survivors (18432K)
 Metaspace       used 90300K, capacity 92638K, committed 92924K, reserved 1130496K
  class space    used 11453K, capacity 12240K, committed 12288K, reserved 1048576K
Heap Regions: E=young(eden), S=young(survivor), O=old, HS=humongous(starts), HC=humongous(continues), CS=collection set, F=free, A=archive, TAMS=top-at-mark-start (previous, next)
|   0|0x0000000080000000, 0x0000000080100000, 0x0000000080100000|100%|HS|  |TAMS 0x0000000080100000, 0x0000000080000000| Complete 
|   1|0x0000000080100000, 0x0000000080200000, 0x0000000080200000|100%|HC|  |TAMS 0x0000000080200000, 0x0000000080100000| Complete 
|   2|0x0000000080200000, 0x0000000080300000, 0x0000000080300000|100%|HC|  |TAMS 0x0000000080300000, 0x0000000080200000| Complete 
|   3|0x0000000080300000, 0x0000000080400000, 0x0000000080400000|100%| O|  |TAMS 0x0000000080400000, 0x0000000080300000| Untracked 
|   4|0x0000000080400000, 0x0000000080500000, 0x0000000080500000|100%| O|  |TAMS 0x0000000080500000, 0x0000000080400000| Untracked 
|   5|0x0000000080500000, 0x0000000080600000, 0x0000000080600000|100%| O|  |TAMS 0x0000000080600000, 0x0000000080500000| Untracked 
|   6|0x0000000080600000, 0x0000000080700000, 0x0000000080700000|100%| O|  |TAMS 0x0000000080700000, 0x0000000080600000| Untracked 
|   7|0x0000000080700000, 0x0000000080800000, 0x0000000080800000|100%| O|  |TAMS 0x0000000080800000, 0x0000000080700000| Untracked 
|   8|0x0000000080800000, 0x0000000080900000, 0x0000000080900000|100%| O|  |TAMS 0x0000000080900000, 0x0000000080800000| Untracked 
|   9|0x0000000080900000, 0x0000000080a00000, 0x0000000080a00000|100%| O|  |TAMS 0x0000000080a00000, 0x0000000080900000| Untracked 
|  10|0x0000000080a00000, 0x0000000080b00000, 0x0000000080b00000|100%| O|  |TAMS 0x0000000080b00000, 0x0000000080a00000| Untracked 
|  11|0x0000000080b00000, 0x0000000080c00000, 0x0000000080c00000|100%| O|  |TAMS 0x0000000080c00000, 0x0000000080b00000| Untracked 
|  12|0x0000000080c00000, 0x0000000080d00000, 0x0000000080d00000|100%| O|  |TAMS 0x0000000080d00000, 0x0000000080c00000| Untracked 
|  13|0x0000000080d00000, 0x0000000080e00000, 0x0000000080e00000|100%| O|  |TAMS 0x0000000080e00000, 0x0000000080d00000| Untracked 
|  14|0x0000000080e00000, 0x0000000080f00000, 0x0000000080f00000|100%| O|  |TAMS 0x0000000080f00000, 0x0000000080e00000| Untracked 
|  15|0x0000000080f00000, 0x0000000081000000, 0x0000000081000000|100%| O|  |TAMS 0x0000000081000000, 0x0000000080f00000| Untracked 
|  16|0x0000000081000000, 0x0000000081100000, 0x0000000081100000|100%| O|  |TAMS 0x0000000081100000, 0x0000000081000000| Untracked 
|  17|0x0000000081100000, 0x0000000081200000, 0x0000000081200000|100%| O|  |TAMS 0x0000000081200000, 0x0000000081100000| Untracked 
|  18|0x0000000081200000, 0x0000000081300000, 0x0000000081300000|100%|HS|  |TAMS 0x0000000081300000, 0x0000000081200000| Complete 
|  19|0x0000000081300000, 0x0000000081400000, 0x0000000081400000|100%|HS|  |TAMS 0x0000000081400000, 0x0000000081300000| Complete 
|  20|0x0000000081400000, 0x0000000081500000, 0x0000000081500000|100%| O|  |TAMS 0x0000000081500000, 0x0000000081400000| Untracked 
|  21|0x0000000081500000, 0x0000000081600000, 0x0000000081600000|100%|HS|  |TAMS 0x0000000081600000, 0x0000000081500000| Complete 
|  22|0x0000000081600000, 0x0000000081700000, 0x0000000081700000|100%|HC|  |TAMS 0x0000000081700000, 0x0000000081600000| Complete 
|  23|0x0000000081700000, 0x0000000081800000, 0x0000000081800000|100%| O|  |TAMS 0x0000000081800000, 0x0000000081700000| Untracked 
|  24|0x0000000081800000, 0x0000000081900000, 0x0000000081900000|100%| O|  |TAMS 0x0000000081900000, 0x0000000081800000| Untracked 
|  25|0x0000000081900000, 0x0000000081a00000, 0x0000000081a00000|100%| O|  |TAMS 0x0000000081a00000, 0x0000000081900000| Untracked 
|  26|0x0000000081a00000, 0x0000000081b00000, 0x0000000081b00000|100%| O|  |TAMS 0x0000000081b00000, 0x0000000081a00000| Untracked 
|  27|0x0000000081b00000, 0x0000000081c00000, 0x0000000081c00000|100%| O|  |TAMS 0x0000000081c00000, 0x0000000081b00000| Untracked 
|  28|0x0000000081c00000, 0x0000000081d00000, 0x0000000081d00000|100%| O|  |TAMS 0x0000000081d00000, 0x0000000081c00000| Untracked 
|  29|0x0000000081d00000, 0x0000000081e00000, 0x0000000081e00000|100%| O|  |TAMS 0x0000000081e00000, 0x0000000081d00000| Untracked 
|  30|0x0000000081e00000, 0x0000000081f00000, 0x0000000081f00000|100%| O|  |TAMS 0x0000000081f00000, 0x0000000081e00000| Untracked 
|  31|0x0000000081f00000, 0x0000000082000000, 0x0000000082000000|100%| O|  |TAMS 0x0000000082000000, 0x0000000081f00000| Untracked 
|  32|0x0000000082000000, 0x0000000082100000, 0x0000000082100000|100%| O|  |TAMS 0x0000000082100000, 0x0000000082000000| Untracked 
|  33|0x0000000082100000, 0x0000000082200000, 0x0000000082200000|100%| O|  |TAMS 0x0000000082200000, 0x0000000082100000| Untracked 
|  34|0x0000000082200000, 0x0000000082300000, 0x0000000082300000|100%| O|  |TAMS 0x0000000082300000, 0x0000000082200000| Untracked 
|  35|0x0000000082300000, 0x0000000082400000, 0x0000000082400000|100%| O|  |TAMS 0x0000000082400000, 0x0000000082300000| Untracked 
|  36|0x0000000082400000, 0x0000000082500000, 0x0000000082500000|100%| O|  |TAMS 0x0000000082500000, 0x0000000082400000| Untracked 
|  37|0x0000000082500000, 0x0000000082600000, 0x0000000082600000|100%| O|  |TAMS 0x0000000082600000, 0x0000000082500000| Untracked 
|  38|0x0000000082600000, 0x0000000082700000, 0x0000000082700000|100%| O|  |TAMS 0x0000000082700000, 0x0000000082600000| Untracked 
|  39|0x0000000082700000, 0x0000000082800000, 0x0000000082800000|100%| O|  |TAMS 0x0000000082800000, 0x0000000082700000| Untracked 
|  40|0x0000000082800000, 0x0000000082900000, 0x0000000082900000|100%| O|  |TAMS 0x0000000082900000, 0x0000000082800000| Untracked 
|  41|0x0000000082900000, 0x0000000082a00000, 0x0000000082a00000|100%| O|  |TAMS 0x0000000082a00000, 0x0000000082900000| Untracked 
|  42|0x0000000082a00000, 0x0000000082b00000, 0x0000000082b00000|100%| O|  |TAMS 0x0000000082b00000, 0x0000000082a00000| Untracked 
|  43|0x0000000082b00000, 0x0000000082c00000, 0x0000000082c00000|100%| O|  |TAMS 0x0000000082c00000, 0x0000000082b00000| Untracked 
|  44|0x0000000082c00000, 0x0000000082d00000, 0x0000000082d00000|100%| O|  |TAMS 0x0000000082d00000, 0x0000000082c00000| Untracked 
|  45|0x0000000082d00000, 0x0000000082e00000, 0x0000000082e00000|100%| O|  |TAMS 0x0000000082e00000, 0x0000000082d00000| Untracked 
|  46|0x0000000082e00000, 0x0000000082f00000, 0x0000000082f00000|100%| O|  |TAMS 0x0000000082f00000, 0x0000000082e00000| Untracked 
|  47|0x0000000082f00000, 0x0000000083000000, 0x0000000083000000|100%| O|  |TAMS 0x0000000083000000, 0x0000000082f00000| Untracked 
|  48|0x0000000083000000, 0x0000000083100000, 0x0000000083100000|100%| O|  |TAMS 0x0000000083100000, 0x0000000083000000| Untracked 
|  49|0x0000000083100000, 0x0000000083200000, 0x0000000083200000|100%| O|  |TAMS 0x0000000083200000, 0x0000000083100000| Untracked 
|  50|0x0000000083200000, 0x0000000083300000, 0x0000000083300000|100%| O|  |TAMS 0x0000000083300000, 0x0000000083200000| Untracked 
|  51|0x0000000083300000, 0x0000000083400000, 0x0000000083400000|100%| O|  |TAMS 0x0000000083400000, 0x0000000083300000| Untracked 
|  52|0x0000000083400000, 0x0000000083400000, 0x0000000083500000|  0%| F|  |TAMS 0x0000000083400000, 0x0000000083400000| Untracked 
|  53|0x0000000083500000, 0x0000000083500000, 0x0000000083600000|  0%| F|  |TAMS 0x0000000083500000, 0x0000000083500000| Untracked 
|  54|0x0000000083600000, 0x0000000083600000, 0x0000000083700000|  0%| F|  |TAMS 0x0000000083600000, 0x0000000083600000| Untracked 
|  55|0x0000000083700000, 0x0000000083700000, 0x0000000083800000|  0%| F|  |TAMS 0x0000000083700000, 0x0000000083700000| Untracked 
|  56|0x0000000083800000, 0x0000000083800000, 0x0000000083900000|  0%| F|  |TAMS 0x0000000083800000, 0x0000000083800000| Untracked 
|  57|0x0000000083900000, 0x0000000083900000, 0x0000000083a00000|  0%| F|  |TAMS 0x0000000083900000, 0x0000000083900000| Untracked 
|  58|0x0000000083a00000, 0x0000000083a00000, 0x0000000083b00000|  0%| F|  |TAMS 0x0000000083a00000, 0x0000000083a00000| Untracked 
|  59|0x0000000083b00000, 0x0000000083b00000, 0x0000000083c00000|  0%| F|  |TAMS 0x0000000083b00000, 0x0000000083b00000| Untracked 
|  60|0x0000000083c00000, 0x0000000083c00000, 0x0000000083d00000|  0%| F|  |TAMS 0x0000000083c00000, 0x0000000083c00000| Untracked 
|  61|0x0000000083d00000, 0x0000000083d00000, 0x0000000083e00000|  0%| F|  |TAMS 0x0000000083d00000, 0x0000000083d00000| Untracked 
|  62|0x0000000083e00000, 0x0000000083e00000, 0x0000000083f00000|  0%| F|  |TAMS 0x0000000083e00000, 0x0000000083e00000| Untracked 
|  63|0x0000000083f00000, 0x0000000083f00000, 0x0000000084000000|  0%| F|  |TAMS 0x0000000083f00000, 0x0000000083f00000| Untracked 
|  64|0x0000000084000000, 0x0000000084000000, 0x0000000084100000|  0%| F|  |TAMS 0x0000000084000000, 0x0000000084000000| Untracked 
|  65|0x0000000084100000, 0x0000000084100000, 0x0000000084200000|  0%| F|  |TAMS 0x0000000084100000, 0x0000000084100000| Untracked 
|  66|0x0000000084200000, 0x0000000084200000, 0x0000000084300000|  0%| F|  |TAMS 0x0000000084200000, 0x0000000084200000| Untracked 
|  67|0x0000000084300000, 0x0000000084300000, 0x0000000084400000|  0%| F|  |TAMS 0x0000000084300000, 0x0000000084300000| Untracked 
|  68|0x0000000084400000, 0x0000000084400000, 0x0000000084500000|  0%| F|  |TAMS 0x0000000084400000, 0x0000000084400000| Untracked 
|  69|0x0000000084500000, 0x0000000084500000, 0x0000000084600000|  0%| F|  |TAMS 0x0000000084500000, 0x0000000084500000| Untracked 
|  70|0x0000000084600000, 0x0000000084600000, 0x0000000084700000|  0%| F|  |TAMS 0x0000000084600000, 0x0000000084600000| Untracked 
|  71|0x0000000084700000, 0x0000000084700000, 0x0000000084800000|  0%| F|  |TAMS 0x0000000084700000, 0x0000000084700000| Untracked 
|  72|0x0000000084800000, 0x0000000084800000, 0x0000000084900000|  0%| F|  |TAMS 0x0000000084800000, 0x0000000084800000| Untracked 
|  73|0x0000000084900000, 0x0000000084900000, 0x0000000084a00000|  0%| F|  |TAMS 0x0000000084900000, 0x0000000084900000| Untracked 
|  74|0x0000000084a00000, 0x0000000084a00000, 0x0000000084b00000|  0%| F|  |TAMS 0x0000000084a00000, 0x0000000084a00000| Untracked 
|  75|0x0000000084b00000, 0x0000000084b00000, 0x0000000084c00000|  0%| F|  |TAMS 0x0000000084b00000, 0x0000000084b00000| Untracked 
|  76|0x0000000084c00000, 0x0000000084c00000, 0x0000000084d00000|  0%| F|  |TAMS 0x0000000084c00000, 0x0000000084c00000| Untracked 
|  77|0x0000000084d00000, 0x0000000084d00000, 0x0000000084e00000|  0%| F|  |TAMS 0x0000000084d00000, 0x0000000084d00000| Untracked 
|  78|0x0000000084e00000, 0x0000000084e00000, 0x0000000084f00000|  0%| F|  |TAMS 0x0000000084e00000, 0x0000000084e00000| Untracked 
|  79|0x0000000084f00000, 0x0000000084f00000, 0x0000000085000000|  0%| F|  |TAMS 0x0000000084f00000, 0x0000000084f00000| Untracked 
|  80|0x0000000085000000, 0x0000000085000000, 0x0000000085100000|  0%| F|  |TAMS 0x0000000085000000, 0x0000000085000000| Untracked 
|  81|0x0000000085100000, 0x0000000085100000, 0x0000000085200000|  0%| F|  |TAMS 0x0000000085100000, 0x0000000085100000| Untracked 
|  82|0x0000000085200000, 0x0000000085200000, 0x0000000085300000|  0%| F|  |TAMS 0x0000000085200000, 0x0000000085200000| Untracked 
|  83|0x0000000085300000, 0x0000000085300000, 0x0000000085400000|  0%| F|  |TAMS 0x0000000085300000, 0x0000000085300000| Untracked 
|  84|0x0000000085400000, 0x0000000085400000, 0x0000000085500000|  0%| F|  |TAMS 0x0000000085400000, 0x0000000085400000| Untracked 
|  85|0x0000000085500000, 0x0000000085500000, 0x0000000085600000|  0%| F|  |TAMS 0x0000000085500000, 0x0000000085500000| Untracked 
|  86|0x0000000085600000, 0x0000000085600000, 0x0000000085700000|  0%| F|  |TAMS 0x0000000085600000, 0x0000000085600000| Untracked 
|  87|0x0000000085700000, 0x0000000085700000, 0x0000000085800000|  0%| F|  |TAMS 0x0000000085700000, 0x0000000085700000| Untracked 
|  88|0x0000000085800000, 0x0000000085800000, 0x0000000085900000|  0%| F|  |TAMS 0x0000000085800000, 0x0000000085800000| Untracked 
|  89|0x0000000085900000, 0x0000000085900000, 0x0000000085a00000|  0%| F|  |TAMS 0x0000000085900000, 0x0000000085900000| Untracked 
|  90|0x0000000085a00000, 0x0000000085a00000, 0x0000000085b00000|  0%| F|  |TAMS 0x0000000085a00000, 0x0000000085a00000| Untracked 
|  91|0x0000000085b00000, 0x0000000085b00000, 0x0000000085c00000|  0%| F|  |TAMS 0x0000000085b00000, 0x0000000085b00000| Untracked 
|  92|0x0000000085c00000, 0x0000000085c00000, 0x0000000085d00000|  0%| F|  |TAMS 0x0000000085c00000, 0x0000000085c00000| Untracked 
|  93|0x0000000085d00000, 0x0000000085d00000, 0x0000000085e00000|  0%| F|  |TAMS 0x0000000085d00000, 0x0000000085d00000| Untracked 
|  94|0x0000000085e00000, 0x0000000085e00000, 0x0000000085f00000|  0%| F|  |TAMS 0x0000000085e00000, 0x0000000085e00000| Untracked 
|  95|0x0000000085f00000, 0x0000000085f00000, 0x0000000086000000|  0%| F|  |TAMS 0x0000000085f00000, 0x0000000085f00000| Untracked 
|  96|0x0000000086000000, 0x0000000086000000, 0x0000000086100000|  0%| F|  |TAMS 0x0000000086000000, 0x0000000086000000| Untracked 
|  97|0x0000000086100000, 0x0000000086100000, 0x0000000086200000|  0%| F|  |TAMS 0x0000000086100000, 0x0000000086100000| Untracked 
|  98|0x0000000086200000, 0x0000000086200000, 0x0000000086300000|  0%| F|  |TAMS 0x0000000086200000, 0x0000000086200000| Untracked 
|  99|0x0000000086300000, 0x0000000086300000, 0x0000000086400000|  0%| F|  |TAMS 0x0000000086300000, 0x0000000086300000| Untracked 
| 100|0x0000000086400000, 0x0000000086400000, 0x0000000086500000|  0%| F|  |TAMS 0x0000000086400000, 0x0000000086400000| Untracked 
| 101|0x0000000086500000, 0x0000000086500000, 0x0000000086600000|  0%| F|  |TAMS 0x0000000086500000, 0x0000000086500000| Untracked 
| 102|0x0000000086600000, 0x0000000086600000, 0x0000000086700000|  0%| F|  |TAMS 0x0000000086600000, 0x0000000086600000| Untracked 
| 103|0x0000000086700000, 0x0000000086700000, 0x0000000086800000|  0%| F|  |TAMS 0x0000000086700000, 0x0000000086700000| Untracked 
| 104|0x0000000086800000, 0x0000000086800000, 0x0000000086900000|  0%| F|  |TAMS 0x0000000086800000, 0x0000000086800000| Untracked 
| 105|0x0000000086900000, 0x0000000086900000, 0x0000000086a00000|  0%| F|  |TAMS 0x0000000086900000, 0x0000000086900000| Untracked 
| 106|0x0000000086a00000, 0x0000000086a00000, 0x0000000086b00000|  0%| F|  |TAMS 0x0000000086a00000, 0x0000000086a00000| Untracked 
| 107|0x0000000086b00000, 0x0000000086b00000, 0x0000000086c00000|  0%| F|  |TAMS 0x0000000086b00000, 0x0000000086b00000| Untracked 
| 108|0x0000000086c00000, 0x0000000086c00000, 0x0000000086d00000|  0%| F|  |TAMS 0x0000000086c00000, 0x0000000086c00000| Untracked 
| 109|0x0000000086d00000, 0x0000000086d00000, 0x0000000086e00000|  0%| F|  |TAMS 0x0000000086d00000, 0x0000000086d00000| Untracked 
| 110|0x0000000086e00000, 0x0000000086e00000, 0x0000000086f00000|  0%| F|  |TAMS 0x0000000086e00000, 0x0000000086e00000| Untracked 
| 111|0x0000000086f00000, 0x0000000086f00000, 0x0000000087000000|  0%| F|  |TAMS 0x0000000086f00000, 0x0000000086f00000| Untracked 
| 112|0x0000000087000000, 0x0000000087000000, 0x0000000087100000|  0%| F|  |TAMS 0x0000000087000000, 0x0000000087000000| Untracked 
| 113|0x0000000087100000, 0x0000000087100000, 0x0000000087200000|  0%| F|  |TAMS 0x0000000087100000, 0x0000000087100000| Untracked 
| 114|0x0000000087200000, 0x0000000087200000, 0x0000000087300000|  0%| F|  |TAMS 0x0000000087200000, 0x0000000087200000| Untracked 
| 115|0x0000000087300000, 0x0000000087300000, 0x0000000087400000|  0%| F|  |TAMS 0x0000000087300000, 0x0000000087300000| Untracked 
| 116|0x0000000087400000, 0x0000000087400000, 0x0000000087500000|  0%| F|  |TAMS 0x0000000087400000, 0x0000000087400000| Untracked 
| 117|0x0000000087500000, 0x0000000087500000, 0x0000000087600000|  0%| F|  |TAMS 0x0000000087500000, 0x0000000087500000| Untracked 
| 118|0x0000000087600000, 0x0000000087600000, 0x0000000087700000|  0%| F|  |TAMS 0x0000000087600000, 0x0000000087600000| Untracked 
| 119|0x0000000087700000, 0x0000000087700000, 0x0000000087800000|  0%| F|  |TAMS 0x0000000087700000, 0x0000000087700000| Untracked 
| 120|0x0000000087800000, 0x0000000087800000, 0x0000000087900000|  0%| F|  |TAMS 0x0000000087800000, 0x0000000087800000| Untracked 
| 121|0x0000000087900000, 0x0000000087900000, 0x0000000087a00000|  0%| F|  |TAMS 0x0000000087900000, 0x0000000087900000| Untracked 
| 122|0x0000000087a00000, 0x0000000087a00000, 0x0000000087b00000|  0%| F|  |TAMS 0x0000000087a00000, 0x0000000087a00000| Untracked 
| 123|0x0000000087b00000, 0x0000000087b00000, 0x0000000087c00000|  0%| F|  |TAMS 0x0000000087b00000, 0x0000000087b00000| Untracked 
| 124|0x0000000087c00000, 0x0000000087c00000, 0x0000000087d00000|  0%| F|  |TAMS 0x0000000087c00000, 0x0000000087c00000| Untracked 
| 125|0x0000000087d00000, 0x0000000087d00000, 0x0000000087e00000|  0%| F|  |TAMS 0x0000000087d00000, 0x0000000087d00000| Untracked 
| 126|0x0000000087e00000, 0x0000000087e00000, 0x0000000087f00000|  0%| F|  |TAMS 0x0000000087e00000, 0x0000000087e00000| Untracked 
| 127|0x0000000087f00000, 0x0000000087f00000, 0x0000000088000000|  0%| F|  |TAMS 0x0000000087f00000, 0x0000000087f00000| Untracked 
| 128|0x0000000088000000, 0x0000000088000000, 0x0000000088100000|  0%| F|  |TAMS 0x0000000088000000, 0x0000000088000000| Untracked 
| 129|0x0000000088100000, 0x0000000088100000, 0x0000000088200000|  0%| F|  |TAMS 0x0000000088100000, 0x0000000088100000| Untracked 
| 130|0x0000000088200000, 0x0000000088300000, 0x0000000088300000|100%| S|CS|TAMS 0x0000000088200000, 0x0000000088200000| Complete 
| 131|0x0000000088300000, 0x0000000088400000, 0x0000000088400000|100%| S|CS|TAMS 0x0000000088300000, 0x0000000088300000| Complete 
| 132|0x0000000088400000, 0x0000000088500000, 0x0000000088500000|100%| S|CS|TAMS 0x0000000088400000, 0x0000000088400000| Complete 
| 133|0x0000000088500000, 0x0000000088600000, 0x0000000088600000|100%| S|CS|TAMS 0x0000000088500000, 0x0000000088500000| Complete 
| 134|0x0000000088600000, 0x0000000088600000, 0x0000000088700000|  0%| F|  |TAMS 0x0000000088600000, 0x0000000088600000| Untracked 
| 135|0x0000000088700000, 0x0000000088700000, 0x0000000088800000|  0%| F|  |TAMS 0x0000000088700000, 0x0000000088700000| Untracked 
| 136|0x0000000088800000, 0x0000000088800000, 0x0000000088900000|  0%| F|  |TAMS 0x0000000088800000, 0x0000000088800000| Untracked 
| 137|0x0000000088900000, 0x0000000088900000, 0x0000000088a00000|  0%| F|  |TAMS 0x0000000088900000, 0x0000000088900000| Untracked 
| 138|0x0000000088a00000, 0x0000000088a00000, 0x0000000088b00000|  0%| F|  |TAMS 0x0000000088a00000, 0x0000000088a00000| Untracked 
| 139|0x0000000088b00000, 0x0000000088b00000, 0x0000000088c00000|  0%| F|  |TAMS 0x0000000088b00000, 0x0000000088b00000| Untracked 
| 140|0x0000000088c00000, 0x0000000088c00000, 0x0000000088d00000|  0%| F|  |TAMS 0x0000000088c00000, 0x0000000088c00000| Untracked 
| 141|0x0000000088d00000, 0x0000000088d00000, 0x0000000088e00000|  0%| F|  |TAMS 0x0000000088d00000, 0x0000000088d00000| Untracked 
| 142|0x0000000088e00000, 0x0000000088e00000, 0x0000000088f00000|  0%| F|  |TAMS 0x0000000088e00000, 0x0000000088e00000| Untracked 
| 143|0x0000000088f00000, 0x0000000088f00000, 0x0000000089000000|  0%| F|  |TAMS 0x0000000088f00000, 0x0000000088f00000| Untracked 
| 144|0x0000000089000000, 0x0000000089000000, 0x0000000089100000|  0%| F|  |TAMS 0x0000000089000000, 0x0000000089000000| Untracked 
| 145|0x0000000089100000, 0x0000000089100000, 0x0000000089200000|  0%| F|  |TAMS 0x0000000089100000, 0x0000000089100000| Untracked 
| 146|0x0000000089200000, 0x0000000089200000, 0x0000000089300000|  0%| F|  |TAMS 0x0000000089200000, 0x0000000089200000| Untracked 
| 147|0x0000000089300000, 0x0000000089300000, 0x0000000089400000|  0%| F|  |TAMS 0x0000000089300000, 0x0000000089300000| Untracked 
| 148|0x0000000089400000, 0x0000000089400000, 0x0000000089500000|  0%| F|  |TAMS 0x0000000089400000, 0x0000000089400000| Untracked 
| 149|0x0000000089500000, 0x0000000089500000, 0x0000000089600000|  0%| F|  |TAMS 0x0000000089500000, 0x0000000089500000| Untracked 
| 150|0x0000000089600000, 0x0000000089600000, 0x0000000089700000|  0%| F|  |TAMS 0x0000000089600000, 0x0000000089600000| Untracked 
| 151|0x0000000089700000, 0x0000000089800000, 0x0000000089800000|100%| S|CS|TAMS 0x0000000089700000, 0x0000000089700000| Complete 
| 152|0x0000000089800000, 0x0000000089900000, 0x0000000089900000|100%| S|CS|TAMS 0x0000000089800000, 0x0000000089800000| Complete 
| 153|0x0000000089900000, 0x0000000089a00000, 0x0000000089a00000|100%| S|CS|TAMS 0x0000000089900000, 0x0000000089900000| Complete 
| 154|0x0000000089a00000, 0x0000000089b00000, 0x0000000089b00000|100%| S|CS|TAMS 0x0000000089a00000, 0x0000000089a00000| Complete 
| 155|0x0000000089b00000, 0x0000000089c00000, 0x0000000089c00000|100%| S|CS|TAMS 0x0000000089b00000, 0x0000000089b00000| Complete 
| 156|0x0000000089c00000, 0x0000000089d00000, 0x0000000089d00000|100%| S|CS|TAMS 0x0000000089c00000, 0x0000000089c00000| Complete 
| 157|0x0000000089d00000, 0x0000000089e00000, 0x0000000089e00000|100%| S|CS|TAMS 0x0000000089d00000, 0x0000000089d00000| Complete 
| 158|0x0000000089e00000, 0x0000000089f00000, 0x0000000089f00000|100%| S|CS|TAMS 0x0000000089e00000, 0x0000000089e00000| Complete 
| 159|0x0000000089f00000, 0x000000008a000000, 0x000000008a000000|100%| S|CS|TAMS 0x0000000089f00000, 0x0000000089f00000| Complete 
| 160|0x000000008a000000, 0x000000008a100000, 0x000000008a100000|100%| S|CS|TAMS 0x000000008a000000, 0x000000008a000000| Complete 
| 161|0x000000008a100000, 0x000000008a200000, 0x000000008a200000|100%| S|CS|TAMS 0x000000008a100000, 0x000000008a100000| Complete 
| 162|0x000000008a200000, 0x000000008a300000, 0x000000008a300000|100%| S|CS|TAMS 0x000000008a200000, 0x000000008a200000| Complete 
| 163|0x000000008a300000, 0x000000008a400000, 0x000000008a400000|100%| S|CS|TAMS 0x000000008a300000, 0x000000008a300000| Complete 
| 164|0x000000008a400000, 0x000000008a500000, 0x000000008a500000|100%| S|CS|TAMS 0x000000008a400000, 0x000000008a400000| Complete 
| 165|0x000000008a500000, 0x000000008a500000, 0x000000008a600000|  0%| F|  |TAMS 0x000000008a500000, 0x000000008a500000| Untracked 
| 166|0x000000008a600000, 0x000000008a600000, 0x000000008a700000|  0%| F|  |TAMS 0x000000008a600000, 0x000000008a600000| Untracked 
| 167|0x000000008a700000, 0x000000008a700000, 0x000000008a800000|  0%| F|  |TAMS 0x000000008a700000, 0x000000008a700000| Untracked 
| 168|0x000000008a800000, 0x000000008a800000, 0x000000008a900000|  0%| F|  |TAMS 0x000000008a800000, 0x000000008a800000| Untracked 
| 169|0x000000008a900000, 0x000000008a900000, 0x000000008aa00000|  0%| F|  |TAMS 0x000000008a900000, 0x000000008a900000| Untracked 
| 170|0x000000008aa00000, 0x000000008aa00000, 0x000000008ab00000|  0%| F|  |TAMS 0x000000008aa00000, 0x000000008aa00000| Untracked 
| 171|0x000000008ab00000, 0x000000008ab00000, 0x000000008ac00000|  0%| F|  |TAMS 0x000000008ab00000, 0x000000008ab00000| Untracked 
| 172|0x000000008ac00000, 0x000000008ac00000, 0x000000008ad00000|  0%| F|  |TAMS 0x000000008ac00000, 0x000000008ac00000| Untracked 
| 173|0x000000008ad00000, 0x000000008ad00000, 0x000000008ae00000|  0%| F|  |TAMS 0x000000008ad00000, 0x000000008ad00000| Untracked 
| 174|0x000000008ae00000, 0x000000008ae00000, 0x000000008af00000|  0%| F|  |TAMS 0x000000008ae00000, 0x000000008ae00000| Untracked 
| 175|0x000000008af00000, 0x000000008af00000, 0x000000008b000000|  0%| F|  |TAMS 0x000000008af00000, 0x000000008af00000| Untracked 
| 176|0x000000008b000000, 0x000000008b000000, 0x000000008b100000|  0%| F|  |TAMS 0x000000008b000000, 0x000000008b000000| Untracked 
| 177|0x000000008b100000, 0x000000008b100000, 0x000000008b200000|  0%| F|  |TAMS 0x000000008b100000, 0x000000008b100000| Untracked 
| 178|0x000000008b200000, 0x000000008b200000, 0x000000008b300000|  0%| F|  |TAMS 0x000000008b200000, 0x000000008b200000| Untracked 
| 179|0x000000008b300000, 0x000000008b300000, 0x000000008b400000|  0%| F|  |TAMS 0x000000008b300000, 0x000000008b300000| Untracked 
| 180|0x000000008b400000, 0x000000008b400000, 0x000000008b500000|  0%| F|  |TAMS 0x000000008b400000, 0x000000008b400000| Untracked 
| 181|0x000000008b500000, 0x000000008b500000, 0x000000008b600000|  0%| F|  |TAMS 0x000000008b500000, 0x000000008b500000| Untracked 
| 182|0x000000008b600000, 0x000000008b600000, 0x000000008b700000|  0%| F|  |TAMS 0x000000008b600000, 0x000000008b600000| Untracked 
| 183|0x000000008b700000, 0x000000008b700000, 0x000000008b800000|  0%| F|  |TAMS 0x000000008b700000, 0x000000008b700000| Untracked 
| 184|0x000000008b800000, 0x000000008b800000, 0x000000008b900000|  0%| F|  |TAMS 0x000000008b800000, 0x000000008b800000| Untracked 
| 185|0x000000008b900000, 0x000000008b900000, 0x000000008ba00000|  0%| F|  |TAMS 0x000000008b900000, 0x000000008b900000| Untracked 
| 186|0x000000008ba00000, 0x000000008ba00000, 0x000000008bb00000|  0%| F|  |TAMS 0x000000008ba00000, 0x000000008ba00000| Untracked 
| 187|0x000000008bb00000, 0x000000008bb00000, 0x000000008bc00000|  0%| F|  |TAMS 0x000000008bb00000, 0x000000008bb00000| Untracked 
| 188|0x000000008bc00000, 0x000000008bc00000, 0x000000008bd00000|  0%| F|  |TAMS 0x000000008bc00000, 0x000000008bc00000| Untracked 
| 189|0x000000008bd00000, 0x000000008bd00000, 0x000000008be00000|  0%| F|  |TAMS 0x000000008bd00000, 0x000000008bd00000| Untracked 
| 190|0x000000008be00000, 0x000000008be00000, 0x000000008bf00000|  0%| F|  |TAMS 0x000000008be00000, 0x000000008be00000| Untracked 
| 191|0x000000008bf00000, 0x000000008bf00000, 0x000000008c000000|  0%| F|  |TAMS 0x000000008bf00000, 0x000000008bf00000| Untracked 
| 192|0x000000008c000000, 0x000000008c000000, 0x000000008c100000|  0%| F|  |TAMS 0x000000008c000000, 0x000000008c000000| Untracked 
| 193|0x000000008c100000, 0x000000008c100000, 0x000000008c200000|  0%| F|  |TAMS 0x000000008c100000, 0x000000008c100000| Untracked 
| 194|0x000000008c200000, 0x000000008c200000, 0x000000008c300000|  0%| F|  |TAMS 0x000000008c200000, 0x000000008c200000| Untracked 
| 195|0x000000008c300000, 0x000000008c300000, 0x000000008c400000|  0%| F|  |TAMS 0x000000008c300000, 0x000000008c300000| Untracked 
| 196|0x000000008c400000, 0x000000008c400000, 0x000000008c500000|  0%| F|  |TAMS 0x000000008c400000, 0x000000008c400000| Untracked 
| 197|0x000000008c500000, 0x000000008c500000, 0x000000008c600000|  0%| F|  |TAMS 0x000000008c500000, 0x000000008c500000| Untracked 
| 198|0x000000008c600000, 0x000000008c600000, 0x000000008c700000|  0%| F|  |TAMS 0x000000008c600000, 0x000000008c600000| Untracked 
| 199|0x000000008c700000, 0x000000008c700000, 0x000000008c800000|  0%| F|  |TAMS 0x000000008c700000, 0x000000008c700000| Untracked 
| 200|0x000000008c800000, 0x000000008c800000, 0x000000008c900000|  0%| F|  |TAMS 0x000000008c800000, 0x000000008c800000| Untracked 
| 201|0x000000008c900000, 0x000000008c900000, 0x000000008ca00000|  0%| F|  |TAMS 0x000000008c900000, 0x000000008c900000| Untracked 
| 202|0x000000008ca00000, 0x000000008ca00000, 0x000000008cb00000|  0%| F|  |TAMS 0x000000008ca00000, 0x000000008ca00000| Untracked 
| 203|0x000000008cb00000, 0x000000008cb00000, 0x000000008cc00000|  0%| F|  |TAMS 0x000000008cb00000, 0x000000008cb00000| Untracked 
| 204|0x000000008cc00000, 0x000000008cc00000, 0x000000008cd00000|  0%| F|  |TAMS 0x000000008cc00000, 0x000000008cc00000| Untracked 
| 205|0x000000008cd00000, 0x000000008cd00000, 0x000000008ce00000|  0%| F|  |TAMS 0x000000008cd00000, 0x000000008cd00000| Untracked 
| 206|0x000000008ce00000, 0x000000008ce00000, 0x000000008cf00000|  0%| F|  |TAMS 0x000000008ce00000, 0x000000008ce00000| Untracked 
| 207|0x000000008cf00000, 0x000000008cf00000, 0x000000008d000000|  0%| F|  |TAMS 0x000000008cf00000, 0x000000008cf00000| Untracked 
| 208|0x000000008d000000, 0x000000008d07b5d8, 0x000000008d100000| 48%| E|  |TAMS 0x000000008d000000, 0x000000008d000000| Complete 
| 209|0x000000008d100000, 0x000000008d200000, 0x000000008d200000|100%| E|CS|TAMS 0x000000008d100000, 0x000000008d100000| Complete 
| 210|0x000000008d200000, 0x000000008d300000, 0x000000008d300000|100%| E|CS|TAMS 0x000000008d200000, 0x000000008d200000| Complete 
| 211|0x000000008d300000, 0x000000008d400000, 0x000000008d400000|100%| E|CS|TAMS 0x000000008d300000, 0x000000008d300000| Complete 
| 212|0x000000008d400000, 0x000000008d500000, 0x000000008d500000|100%| E|CS|TAMS 0x000000008d400000, 0x000000008d400000| Complete 
| 213|0x000000008d500000, 0x000000008d600000, 0x000000008d600000|100%| E|CS|TAMS 0x000000008d500000, 0x000000008d500000| Complete 
| 214|0x000000008d600000, 0x000000008d700000, 0x000000008d700000|100%| E|CS|TAMS 0x000000008d600000, 0x000000008d600000| Complete 
| 215|0x000000008d700000, 0x000000008d800000, 0x000000008d800000|100%| E|CS|TAMS 0x000000008d700000, 0x000000008d700000| Complete 
| 216|0x000000008d800000, 0x000000008d900000, 0x000000008d900000|100%| E|CS|TAMS 0x000000008d800000, 0x000000008d800000| Complete 
| 217|0x000000008d900000, 0x000000008da00000, 0x000000008da00000|100%| E|CS|TAMS 0x000000008d900000, 0x000000008d900000| Complete 
| 218|0x000000008da00000, 0x000000008db00000, 0x000000008db00000|100%| E|CS|TAMS 0x000000008da00000, 0x000000008da00000| Complete 
| 219|0x000000008db00000, 0x000000008dc00000, 0x000000008dc00000|100%| E|CS|TAMS 0x000000008db00000, 0x000000008db00000| Complete 
| 220|0x000000008dc00000, 0x000000008dd00000, 0x000000008dd00000|100%| E|CS|TAMS 0x000000008dc00000, 0x000000008dc00000| Complete 
| 221|0x000000008dd00000, 0x000000008de00000, 0x000000008de00000|100%| E|CS|TAMS 0x000000008dd00000, 0x000000008dd00000| Complete 
| 222|0x000000008de00000, 0x000000008df00000, 0x000000008df00000|100%| E|CS|TAMS 0x000000008de00000, 0x000000008de00000| Complete 
| 223|0x000000008df00000, 0x000000008e000000, 0x000000008e000000|100%| E|CS|TAMS 0x000000008df00000, 0x000000008df00000| Complete 
| 224|0x000000008e000000, 0x000000008e100000, 0x000000008e100000|100%| E|CS|TAMS 0x000000008e000000, 0x000000008e000000| Complete 
| 225|0x000000008e100000, 0x000000008e200000, 0x000000008e200000|100%| E|CS|TAMS 0x000000008e100000, 0x000000008e100000| Complete 
| 226|0x000000008e200000, 0x000000008e300000, 0x000000008e300000|100%| E|CS|TAMS 0x000000008e200000, 0x000000008e200000| Complete 
| 227|0x000000008e300000, 0x000000008e400000, 0x000000008e400000|100%| E|CS|TAMS 0x000000008e300000, 0x000000008e300000| Complete 
| 228|0x000000008e400000, 0x000000008e500000, 0x000000008e500000|100%| E|CS|TAMS 0x000000008e400000, 0x000000008e400000| Complete 
| 229|0x000000008e500000, 0x000000008e600000, 0x000000008e600000|100%| E|CS|TAMS 0x000000008e500000, 0x000000008e500000| Complete 
| 230|0x000000008e600000, 0x000000008e700000, 0x000000008e700000|100%| E|CS|TAMS 0x000000008e600000, 0x000000008e600000| Complete 
| 231|0x000000008e700000, 0x000000008e800000, 0x000000008e800000|100%| E|CS|TAMS 0x000000008e700000, 0x000000008e700000| Complete 
| 232|0x000000008e800000, 0x000000008e900000, 0x000000008e900000|100%| E|CS|TAMS 0x000000008e800000, 0x000000008e800000| Complete 
| 233|0x000000008e900000, 0x000000008ea00000, 0x000000008ea00000|100%| E|CS|TAMS 0x000000008e900000, 0x000000008e900000| Complete 
| 234|0x000000008ea00000, 0x000000008eb00000, 0x000000008eb00000|100%| E|CS|TAMS 0x000000008ea00000, 0x000000008ea00000| Complete 
| 235|0x000000008eb00000, 0x000000008ec00000, 0x000000008ec00000|100%| E|CS|TAMS 0x000000008eb00000, 0x000000008eb00000| Complete 
| 236|0x000000008ec00000, 0x000000008ed00000, 0x000000008ed00000|100%| E|CS|TAMS 0x000000008ec00000, 0x000000008ec00000| Complete 
| 237|0x000000008ed00000, 0x000000008ee00000, 0x000000008ee00000|100%| E|CS|TAMS 0x000000008ed00000, 0x000000008ed00000| Complete 
| 238|0x000000008ee00000, 0x000000008ef00000, 0x000000008ef00000|100%| E|CS|TAMS 0x000000008ee00000, 0x000000008ee00000| Complete 
| 239|0x000000008ef00000, 0x000000008f000000, 0x000000008f000000|100%| E|CS|TAMS 0x000000008ef00000, 0x000000008ef00000| Complete 
| 240|0x000000008f000000, 0x000000008f100000, 0x000000008f100000|100%| E|CS|TAMS 0x000000008f000000, 0x000000008f000000| Complete 
| 241|0x000000008f100000, 0x000000008f200000, 0x000000008f200000|100%| E|CS|TAMS 0x000000008f100000, 0x000000008f100000| Complete 
| 242|0x000000008f200000, 0x000000008f300000, 0x000000008f300000|100%| E|CS|TAMS 0x000000008f200000, 0x000000008f200000| Complete 
| 243|0x000000008f300000, 0x000000008f400000, 0x000000008f400000|100%| E|CS|TAMS 0x000000008f300000, 0x000000008f300000| Complete 
| 244|0x000000008f400000, 0x000000008f500000, 0x000000008f500000|100%| E|CS|TAMS 0x000000008f400000, 0x000000008f400000| Complete 
| 245|0x000000008f500000, 0x000000008f600000, 0x000000008f600000|100%| E|CS|TAMS 0x000000008f500000, 0x000000008f500000| Complete 
| 246|0x000000008f600000, 0x000000008f700000, 0x000000008f700000|100%| E|CS|TAMS 0x000000008f600000, 0x000000008f600000| Complete 
| 247|0x000000008f700000, 0x000000008f800000, 0x000000008f800000|100%| E|CS|TAMS 0x000000008f700000, 0x000000008f700000| Complete 
| 248|0x000000008f800000, 0x000000008f900000, 0x000000008f900000|100%| E|CS|TAMS 0x000000008f800000, 0x000000008f800000| Complete 
| 249|0x000000008f900000, 0x000000008fa00000, 0x000000008fa00000|100%| E|CS|TAMS 0x000000008f900000, 0x000000008f900000| Complete 
| 250|0x000000008fa00000, 0x000000008fb00000, 0x000000008fb00000|100%| E|CS|TAMS 0x000000008fa00000, 0x000000008fa00000| Complete 
| 251|0x000000008fb00000, 0x000000008fc00000, 0x000000008fc00000|100%| E|CS|TAMS 0x000000008fb00000, 0x000000008fb00000| Complete 
| 252|0x000000008fc00000, 0x000000008fd00000, 0x000000008fd00000|100%| E|CS|TAMS 0x000000008fc00000, 0x000000008fc00000| Complete 
| 253|0x000000008fd00000, 0x000000008fe00000, 0x000000008fe00000|100%| E|CS|TAMS 0x000000008fd00000, 0x000000008fd00000| Complete 
| 254|0x000000008fe00000, 0x000000008ff00000, 0x000000008ff00000|100%| E|CS|TAMS 0x000000008fe00000, 0x000000008fe00000| Complete 
| 255|0x000000008ff00000, 0x0000000090000000, 0x0000000090000000|100%| E|CS|TAMS 0x000000008ff00000, 0x000000008ff00000| Complete 
| 256|0x0000000090000000, 0x0000000090100000, 0x0000000090100000|100%| E|CS|TAMS 0x0000000090000000, 0x0000000090000000| Complete 
| 257|0x0000000090100000, 0x0000000090200000, 0x0000000090200000|100%| E|CS|TAMS 0x0000000090100000, 0x0000000090100000| Complete 
| 258|0x0000000090200000, 0x0000000090300000, 0x0000000090300000|100%| E|CS|TAMS 0x0000000090200000, 0x0000000090200000| Complete 
| 259|0x0000000090300000, 0x0000000090400000, 0x0000000090400000|100%| E|CS|TAMS 0x0000000090300000, 0x0000000090300000| Complete 
| 260|0x0000000090400000, 0x0000000090500000, 0x0000000090500000|100%| E|CS|TAMS 0x0000000090400000, 0x0000000090400000| Complete 
| 261|0x0000000090500000, 0x0000000090600000, 0x0000000090600000|100%| E|CS|TAMS 0x0000000090500000, 0x0000000090500000| Complete 
| 262|0x0000000090600000, 0x0000000090700000, 0x0000000090700000|100%| E|CS|TAMS 0x0000000090600000, 0x0000000090600000| Complete 
| 263|0x0000000090700000, 0x0000000090800000, 0x0000000090800000|100%| E|CS|TAMS 0x0000000090700000, 0x0000000090700000| Complete 
| 264|0x0000000090800000, 0x0000000090900000, 0x0000000090900000|100%| E|CS|TAMS 0x0000000090800000, 0x0000000090800000| Complete 
| 265|0x0000000090900000, 0x0000000090a00000, 0x0000000090a00000|100%| E|CS|TAMS 0x0000000090900000, 0x0000000090900000| Complete 
| 266|0x0000000090a00000, 0x0000000090b00000, 0x0000000090b00000|100%| E|CS|TAMS 0x0000000090a00000, 0x0000000090a00000| Complete 
| 267|0x0000000090b00000, 0x0000000090c00000, 0x0000000090c00000|100%| E|CS|TAMS 0x0000000090b00000, 0x0000000090b00000| Complete 
| 268|0x0000000090c00000, 0x0000000090d00000, 0x0000000090d00000|100%| E|CS|TAMS 0x0000000090c00000, 0x0000000090c00000| Complete 
| 269|0x0000000090d00000, 0x0000000090e00000, 0x0000000090e00000|100%| E|CS|TAMS 0x0000000090d00000, 0x0000000090d00000| Complete 
| 270|0x0000000090e00000, 0x0000000090f00000, 0x0000000090f00000|100%| E|CS|TAMS 0x0000000090e00000, 0x0000000090e00000| Complete 
| 271|0x0000000090f00000, 0x0000000091000000, 0x0000000091000000|100%| E|CS|TAMS 0x0000000090f00000, 0x0000000090f00000| Complete 
| 272|0x0000000091000000, 0x0000000091100000, 0x0000000091100000|100%| E|CS|TAMS 0x0000000091000000, 0x0000000091000000| Complete 
| 273|0x0000000091100000, 0x0000000091200000, 0x0000000091200000|100%| E|CS|TAMS 0x0000000091100000, 0x0000000091100000| Complete 
| 274|0x0000000091200000, 0x0000000091300000, 0x0000000091300000|100%| E|CS|TAMS 0x0000000091200000, 0x0000000091200000| Complete 
| 275|0x0000000091300000, 0x0000000091400000, 0x0000000091400000|100%| E|CS|TAMS 0x0000000091300000, 0x0000000091300000| Complete 
| 276|0x0000000091400000, 0x0000000091500000, 0x0000000091500000|100%| E|CS|TAMS 0x0000000091400000, 0x0000000091400000| Complete 
| 277|0x0000000091500000, 0x0000000091600000, 0x0000000091600000|100%| E|CS|TAMS 0x0000000091500000, 0x0000000091500000| Complete 
| 278|0x0000000091600000, 0x0000000091700000, 0x0000000091700000|100%| E|CS|TAMS 0x0000000091600000, 0x0000000091600000| Complete 
| 279|0x0000000091700000, 0x0000000091800000, 0x0000000091800000|100%| E|CS|TAMS 0x0000000091700000, 0x0000000091700000| Complete 
| 280|0x0000000091800000, 0x0000000091900000, 0x0000000091900000|100%| E|CS|TAMS 0x0000000091800000, 0x0000000091800000| Complete 
| 281|0x0000000091900000, 0x0000000091a00000, 0x0000000091a00000|100%| E|CS|TAMS 0x0000000091900000, 0x0000000091900000| Complete 
| 282|0x0000000091a00000, 0x0000000091b00000, 0x0000000091b00000|100%| E|CS|TAMS 0x0000000091a00000, 0x0000000091a00000| Complete 
| 283|0x0000000091b00000, 0x0000000091c00000, 0x0000000091c00000|100%| E|CS|TAMS 0x0000000091b00000, 0x0000000091b00000| Complete 
| 284|0x0000000091c00000, 0x0000000091d00000, 0x0000000091d00000|100%| E|CS|TAMS 0x0000000091c00000, 0x0000000091c00000| Complete 
| 285|0x0000000091d00000, 0x0000000091e00000, 0x0000000091e00000|100%| E|CS|TAMS 0x0000000091d00000, 0x0000000091d00000| Complete 
| 286|0x0000000091e00000, 0x0000000091f00000, 0x0000000091f00000|100%| E|CS|TAMS 0x0000000091e00000, 0x0000000091e00000| Complete 
| 287|0x0000000091f00000, 0x0000000092000000, 0x0000000092000000|100%| E|CS|TAMS 0x0000000091f00000, 0x0000000091f00000| Complete 
| 288|0x0000000092000000, 0x0000000092100000, 0x0000000092100000|100%| E|CS|TAMS 0x0000000092000000, 0x0000000092000000| Complete 
| 289|0x0000000092100000, 0x0000000092200000, 0x0000000092200000|100%| E|CS|TAMS 0x0000000092100000, 0x0000000092100000| Complete 
| 290|0x0000000092200000, 0x0000000092300000, 0x0000000092300000|100%| E|CS|TAMS 0x0000000092200000, 0x0000000092200000| Complete 
| 291|0x0000000092300000, 0x0000000092400000, 0x0000000092400000|100%| E|CS|TAMS 0x0000000092300000, 0x0000000092300000| Complete 
| 292|0x0000000092400000, 0x0000000092500000, 0x0000000092500000|100%| E|CS|TAMS 0x0000000092400000, 0x0000000092400000| Complete 
| 293|0x0000000092500000, 0x0000000092600000, 0x0000000092600000|100%| E|CS|TAMS 0x0000000092500000, 0x0000000092500000| Complete 
| 294|0x0000000092600000, 0x0000000092700000, 0x0000000092700000|100%| E|CS|TAMS 0x0000000092600000, 0x0000000092600000| Complete 
| 295|0x0000000092700000, 0x0000000092800000, 0x0000000092800000|100%| E|CS|TAMS 0x0000000092700000, 0x0000000092700000| Complete 
| 296|0x0000000092800000, 0x0000000092900000, 0x0000000092900000|100%| E|CS|TAMS 0x0000000092800000, 0x0000000092800000| Complete 
| 297|0x0000000092900000, 0x0000000092a00000, 0x0000000092a00000|100%| E|CS|TAMS 0x0000000092900000, 0x0000000092900000| Complete 
| 298|0x0000000092a00000, 0x0000000092b00000, 0x0000000092b00000|100%| E|CS|TAMS 0x0000000092a00000, 0x0000000092a00000| Complete 
| 299|0x0000000092b00000, 0x0000000092c00000, 0x0000000092c00000|100%| E|CS|TAMS 0x0000000092b00000, 0x0000000092b00000| Complete 
| 300|0x0000000092c00000, 0x0000000092d00000, 0x0000000092d00000|100%| E|CS|TAMS 0x0000000092c00000, 0x0000000092c00000| Complete 
| 301|0x0000000092d00000, 0x0000000092e00000, 0x0000000092e00000|100%| E|CS|TAMS 0x0000000092d00000, 0x0000000092d00000| Complete 
| 302|0x0000000092e00000, 0x0000000092f00000, 0x0000000092f00000|100%| E|CS|TAMS 0x0000000092e00000, 0x0000000092e00000| Complete 
| 303|0x0000000092f00000, 0x0000000093000000, 0x0000000093000000|100%| E|CS|TAMS 0x0000000092f00000, 0x0000000092f00000| Complete 
| 304|0x0000000093000000, 0x0000000093100000, 0x0000000093100000|100%| E|CS|TAMS 0x0000000093000000, 0x0000000093000000| Complete 

Card table byte_map: [0x000002461f220000,0x000002461f620000] _byte_map_base: 0x000002461ee20000

Marking Bits (Prev, Next): (CMBitMap*) 0x000002460c343610, (CMBitMap*) 0x000002460c3435d8
 Prev Bits: [0x0000024621a20000, 0x0000024623a20000)
 Next Bits: [0x000002461fa20000, 0x0000024621a20000)

Polling page: 0x000002460bad0000

Metaspace:

Usage:
  Non-class:     78.52 MB capacity,    77.03 MB ( 98%) used,     1.25 MB (  2%) free+waste,   250.69 KB ( <1%) overhead. 
      Class:     11.99 MB capacity,    11.20 MB ( 93%) used,   696.63 KB (  6%) free+waste,   114.06 KB ( <1%) overhead. 
       Both:     90.51 MB capacity,    88.22 MB ( 97%) used,     1.93 MB (  2%) free+waste,   364.75 KB ( <1%) overhead. 

Virtual space:
  Non-class space:       80.00 MB reserved,      78.75 MB ( 98%) committed 
      Class space:        1.00 GB reserved,      12.00 MB (  1%) committed 
             Both:        1.08 GB reserved,      90.75 MB (  8%) committed 

Chunk freelists:
   Non-Class:  41.00 KB
       Class:  13.00 KB
        Both:  54.00 KB

MaxMetaspaceSize: 17179869184.00 GB
CompressedClassSpaceSize: 1.00 GB
Initial GC threshold: 20.80 MB
Current GC threshold: 144.58 MB
CDS: off

CodeHeap 'non-profiled nmethods': size=120064Kb used=5138Kb max_used=5138Kb free=114926Kb
 bounds [0x00000246178e0000, 0x0000024617df0000, 0x000002461ee20000]
CodeHeap 'profiled nmethods': size=120000Kb used=19920Kb max_used=19920Kb free=100079Kb
 bounds [0x00000246103b0000, 0x0000024611730000, 0x00000246178e0000]
CodeHeap 'non-nmethods': size=5696Kb used=2366Kb max_used=2411Kb free=3330Kb
 bounds [0x000002460fe20000, 0x0000024610090000, 0x00000246103b0000]
 total_blobs=10223 nmethods=9332 adapters=804
 compilation: enabled
              stopped_count=0, restarted_count=0
 full_count=0

Compilation events (20 events):
Event: 32.996 Thread 0x0000024626813800 9390       3       java.io.ObjectStreamClass::hasWriteObjectMethod (17 bytes)
Event: 32.996 Thread 0x0000024626813800 nmethod 9390 0x000002461171e710 code [0x000002461171e8e0, 0x000002461171eba8]
Event: 32.996 Thread 0x0000024626813800 9391       3       java.io.ObjectOutputStream::writeHandle (21 bytes)
Event: 32.997 Thread 0x0000024626813800 nmethod 9391 0x000002461171ed10 code [0x000002461171eee0, 0x000002461171f158]
Event: 32.997 Thread 0x0000024626813800 9388       3       java.io.ObjectStreamClass::getObjFieldValues (10 bytes)
Event: 32.997 Thread 0x0000024626813800 nmethod 9388 0x000002461171f310 code [0x000002461171f4c0, 0x000002461171f608]
Event: 32.997 Thread 0x0000024626813800 9395       3       com.google.common.collect.RegularImmutableSet::contains (56 bytes)
Event: 32.997 Thread 0x0000024626813800 nmethod 9395 0x000002461171f710 code [0x000002461171f920, 0x000002461171ff58]
Event: 32.997 Thread 0x0000024626813800 9396   !   3       java.io.ObjectOutputStream::writeOrdinaryObject (175 bytes)
Event: 32.998 Thread 0x0000024626813800 nmethod 9396 0x0000024611720190 code [0x0000024611720480, 0x0000024611721128]
Event: 32.998 Thread 0x0000024626813800 9397       1       org.gradle.api.internal.project.DefaultProjectStateRegistry$ProjectStateImpl::getTaskExecutionLock (5 bytes)
Event: 32.998 Thread 0x0000024626813800 nmethod 9397 0x0000024617de1390 code [0x0000024617de1540, 0x0000024617de15f8]
Event: 32.999 Thread 0x0000024626813800 9398   !   3       org.gradle.internal.resources.DefaultResourceLockCoordinationService$DefaultResourceLockState::releaseLocks (76 bytes)
Event: 32.999 Thread 0x0000024626813800 nmethod 9398 0x0000024611721990 code [0x0000024611721bc0, 0x00000246117222c8]
Event: 33.001 Thread 0x000002462680e000 nmethod 9378 0x0000024617de1690 code [0x0000024617de1860, 0x0000024617de1ca8]
Event: 33.001 Thread 0x000002462680e000 9393       4       java.util.concurrent.ConcurrentLinkedQueue::add (6 bytes)
Event: 33.003 Thread 0x0000024626813800 9399       3       com.google.common.collect.ImmutableMap::checkNoConflict (12 bytes)
Event: 33.003 Thread 0x0000024626813800 nmethod 9399 0x0000024611722610 code [0x00000246117227c0, 0x0000024611722928]
Event: 33.004 Thread 0x0000024626813800 9401       1       com.google.common.collect.ImmutableSortedSet::comparator (5 bytes)
Event: 33.004 Thread 0x0000024626813800 nmethod 9401 0x0000024617de2110 code [0x0000024617de22c0, 0x0000024617de2378]

GC Heap History (18 events):
Event: 0.594 GC heap before
{Heap before GC invocations=0 (full 0):
 garbage-first heap   total 260096K, used 16384K [0x0000000080000000, 0x0000000100000000)
  region size 1024K, 14 young (14336K), 0 survivors (0K)
 Metaspace       used 6751K, capacity 6993K, committed 7168K, reserved 1056768K
  class space    used 571K, capacity 650K, committed 768K, reserved 1048576K
}
Event: 0.615 GC heap after
{Heap after GC invocations=1 (full 0):
 garbage-first heap   total 260096K, used 3897K [0x0000000080000000, 0x0000000100000000)
  region size 1024K, 2 young (2048K), 2 survivors (2048K)
 Metaspace       used 6751K, capacity 6993K, committed 7168K, reserved 1056768K
  class space    used 571K, capacity 650K, committed 768K, reserved 1048576K
}
Event: 2.243 GC heap before
{Heap before GC invocations=1 (full 0):
 garbage-first heap   total 260096K, used 115513K [0x0000000080000000, 0x0000000100000000)
  region size 1024K, 108 young (110592K), 2 survivors (2048K)
 Metaspace       used 20821K, capacity 21153K, committed 21296K, reserved 1069056K
  class space    used 2508K, capacity 2651K, committed 2688K, reserved 1048576K
}
Event: 2.252 GC heap after
{Heap after GC invocations=2 (full 0):
 garbage-first heap   total 260096K, used 16822K [0x0000000080000000, 0x0000000100000000)
  region size 1024K, 12 young (12288K), 12 survivors (12288K)
 Metaspace       used 20821K, capacity 21153K, committed 21296K, reserved 1069056K
  class space    used 2508K, capacity 2651K, committed 2688K, reserved 1048576K
}
Event: 2.678 GC heap before
{Heap before GC invocations=3 (full 0):
 garbage-first heap   total 260096K, used 65974K [0x0000000080000000, 0x0000000100000000)
  region size 1024K, 60 young (61440K), 12 survivors (12288K)
 Metaspace       used 26009K, capacity 26623K, committed 26800K, reserved 1073152K
  class space    used 3339K, capacity 3547K, committed 3584K, reserved 1048576K
}
Event: 2.687 GC heap after
{Heap after GC invocations=4 (full 0):
 garbage-first heap   total 260096K, used 19485K [0x0000000080000000, 0x0000000100000000)
  region size 1024K, 3 young (3072K), 3 survivors (3072K)
 Metaspace       used 26009K, capacity 26623K, committed 26800K, reserved 1073152K
  class space    used 3339K, capacity 3547K, committed 3584K, reserved 1048576K
}
Event: 3.423 GC heap before
{Heap before GC invocations=4 (full 0):
 garbage-first heap   total 260096K, used 91165K [0x0000000080000000, 0x0000000100000000)
  region size 1024K, 74 young (75776K), 3 survivors (3072K)
 Metaspace       used 34920K, capacity 35733K, committed 35888K, reserved 1081344K
  class space    used 4557K, capacity 4889K, committed 4992K, reserved 1048576K
}
Event: 3.432 GC heap after
{Heap after GC invocations=5 (full 0):
 garbage-first heap   total 260096K, used 22462K [0x0000000080000000, 0x0000000100000000)
  region size 1024K, 6 young (6144K), 6 survivors (6144K)
 Metaspace       used 34920K, capacity 35733K, committed 35888K, reserved 1081344K
  class space    used 4557K, capacity 4889K, committed 4992K, reserved 1048576K
}
Event: 4.314 GC heap before
{Heap before GC invocations=6 (full 0):
 garbage-first heap   total 260096K, used 126910K [0x0000000080000000, 0x0000000100000000)
  region size 1024K, 105 young (107520K), 6 survivors (6144K)
 Metaspace       used 43678K, capacity 44873K, committed 45032K, reserved 1089536K
  class space    used 5617K, capacity 6004K, committed 6016K, reserved 1048576K
}
Event: 4.329 GC heap after
{Heap after GC invocations=7 (full 0):
 garbage-first heap   total 260096K, used 30191K [0x0000000080000000, 0x0000000100000000)
  region size 1024K, 13 young (13312K), 13 survivors (13312K)
 Metaspace       used 43678K, capacity 44873K, committed 45032K, reserved 1089536K
  class space    used 5617K, capacity 6004K, committed 6016K, reserved 1048576K
}
Event: 5.613 GC heap before
{Heap before GC invocations=8 (full 0):
 garbage-first heap   total 260096K, used 148975K [0x0000000080000000, 0x0000000100000000)
  region size 1024K, 124 young (126976K), 13 survivors (13312K)
 Metaspace       used 51496K, capacity 52959K, committed 53096K, reserved 1095680K
  class space    used 6551K, capacity 7088K, committed 7168K, reserved 1048576K
}
Event: 5.633 GC heap after
{Heap after GC invocations=9 (full 0):
 garbage-first heap   total 260096K, used 43572K [0x0000000080000000, 0x0000000100000000)
  region size 1024K, 16 young (16384K), 16 survivors (16384K)
 Metaspace       used 51496K, capacity 52959K, committed 53096K, reserved 1095680K
  class space    used 6551K, capacity 7088K, committed 7168K, reserved 1048576K
}
Event: 7.211 GC heap before
{Heap before GC invocations=9 (full 0):
 garbage-first heap   total 260096K, used 186932K [0x0000000080000000, 0x0000000100000000)
  region size 1024K, 148 young (151552K), 16 survivors (16384K)
 Metaspace       used 66556K, capacity 68241K, committed 68456K, reserved 1110016K
  class space    used 8365K, capacity 8957K, committed 8960K, reserved 1048576K
}
Event: 7.230 GC heap after
{Heap after GC invocations=10 (full 0):
 garbage-first heap   total 260096K, used 53693K [0x0000000080000000, 0x0000000100000000)
  region size 1024K, 19 young (19456K), 19 survivors (19456K)
 Metaspace       used 66556K, capacity 68241K, committed 68456K, reserved 1110016K
  class space    used 8365K, capacity 8957K, committed 8960K, reserved 1048576K
}
Event: 8.149 GC heap before
{Heap before GC invocations=10 (full 0):
 garbage-first heap   total 260096K, used 158141K [0x0000000080000000, 0x0000000100000000)
  region size 1024K, 122 young (124928K), 19 survivors (19456K)
 Metaspace       used 73757K, capacity 75523K, committed 75624K, reserved 1114112K
  class space    used 9500K, capacity 10150K, committed 10240K, reserved 1048576K
}
Event: 8.177 GC heap after
{Heap after GC invocations=11 (full 0):
 garbage-first heap   total 312320K, used 60795K [0x0000000080000000, 0x0000000100000000)
  region size 1024K, 17 young (17408K), 17 survivors (17408K)
 Metaspace       used 73757K, capacity 75523K, committed 75624K, reserved 1114112K
  class space    used 9500K, capacity 10150K, committed 10240K, reserved 1048576K
}
Event: 22.125 GC heap before
{Heap before GC invocations=12 (full 0):
 garbage-first heap   total 312320K, used 203131K [0x0000000080000000, 0x0000000100000000)
  region size 1024K, 157 young (160768K), 17 survivors (17408K)
 Metaspace       used 85776K, capacity 88048K, committed 88188K, reserved 1126400K
  class space    used 10869K, capacity 11636K, committed 11648K, reserved 1048576K
}
Event: 22.168 GC heap after
{Heap after GC invocations=13 (full 0):
 garbage-first heap   total 312320K, used 71680K [0x0000000080000000, 0x0000000100000000)
  region size 1024K, 18 young (18432K), 18 survivors (18432K)
 Metaspace       used 85776K, capacity 88048K, committed 88188K, reserved 1126400K
  class space    used 10869K, capacity 11636K, committed 11648K, reserved 1048576K
}

Deoptimization events (20 events):
Event: 22.835 Thread 0x0000024630183800 Uncommon trap: trap_request=0xffffffde fr.pc=0x00000246179e6f24 relative=0x00000000000002e4
Event: 22.835 Thread 0x0000024630183800 Uncommon trap: reason=class_check action=maybe_recompile pc=0x00000246179e6f24 method=java.util.Collections$SetFromMap.remove(Ljava/lang/Object;)Z @ 5 c2
Event: 22.835 Thread 0x0000024630183800 DEOPT PACKING pc=0x00000246179e6f24 sp=0x000000dd3f0fda60
Event: 22.835 Thread 0x0000024630183800 DEOPT UNPACKING pc=0x000002460fe6a1a9 sp=0x000000dd3f0fda58 mode 2
Event: 22.838 Thread 0x0000024630183800 Uncommon trap: trap_request=0xffffffde fr.pc=0x0000024617a85d74 relative=0x00000000000002b4
Event: 22.838 Thread 0x0000024630183800 Uncommon trap: reason=class_check action=maybe_recompile pc=0x0000024617a85d74 method=java.util.stream.StreamOpFlag.fromCharacteristics(Ljava/util/Spliterator;)I @ 14 c2
Event: 22.838 Thread 0x0000024630183800 DEOPT PACKING pc=0x0000024617a85d74 sp=0x000000dd3f0fd440
Event: 22.838 Thread 0x0000024630183800 DEOPT UNPACKING pc=0x000002460fe6a1a9 sp=0x000000dd3f0fd328 mode 2
Event: 22.838 Thread 0x0000024630183800 Uncommon trap: trap_request=0xffffffde fr.pc=0x0000024617cba57c relative=0x000000000000005c
Event: 22.838 Thread 0x0000024630183800 Uncommon trap: reason=class_check action=maybe_recompile pc=0x0000024617cba57c method=java.util.stream.StreamOpFlag.fromCharacteristics(Ljava/util/Spliterator;)I @ 14 c2
Event: 22.838 Thread 0x0000024630183800 DEOPT PACKING pc=0x0000024617cba57c sp=0x000000dd3f0fd340
Event: 22.838 Thread 0x0000024630183800 DEOPT UNPACKING pc=0x000002460fe6a1a9 sp=0x000000dd3f0fd2d0 mode 2
Event: 22.916 Thread 0x0000024630183800 Uncommon trap: trap_request=0xffffff4d fr.pc=0x0000024617d30f9c relative=0x00000000000001dc
Event: 22.916 Thread 0x0000024630183800 Uncommon trap: reason=unstable_if action=reinterpret pc=0x0000024617d30f9c method=com.google.common.collect.RegularImmutableSet.contains(Ljava/lang/Object;)Z @ 10 c2
Event: 22.916 Thread 0x0000024630183800 DEOPT PACKING pc=0x0000024617d30f9c sp=0x000000dd3f0f9e20
Event: 22.916 Thread 0x0000024630183800 DEOPT UNPACKING pc=0x000002460fe6a1a9 sp=0x000000dd3f0f9db8 mode 2
Event: 32.936 Thread 0x0000024630183800 Uncommon trap: trap_request=0xffffffc6 fr.pc=0x0000024617abeb50 relative=0x00000000000008f0
Event: 32.936 Thread 0x0000024630183800 Uncommon trap: reason=bimorphic_or_optimized_type_check action=maybe_recompile pc=0x0000024617abeb50 method=java.lang.Throwable.<init>(Ljava/lang/String;Ljava/lang/Throwable;)V @ 24 c2
Event: 32.936 Thread 0x0000024630183800 DEOPT PACKING pc=0x0000024617abeb50 sp=0x000000dd3f0fb0a0
Event: 32.936 Thread 0x0000024630183800 DEOPT UNPACKING pc=0x000002460fe6a1a9 sp=0x000000dd3f0fb080 mode 2

Classes redefined (0 events):
No events

Internal exceptions (20 events):
Event: 22.806 Thread 0x00000246294a7800 Exception <a 'java/lang/ClassNotFoundException'{0x000000008debc9a0}: com/android/build/gradle/tasks/PackageApplication_DecoratedCustomizer> (0x000000008debc9a0) thrown at [src/hotspot/share/classfile/systemDictionary.cpp, line 230]
Event: 22.810 Thread 0x00000246294a7800 Exception <a 'java/lang/ClassNotFoundException'{0x000000008dda0e10}: com/android/build/gradle/internal/tasks/ListingFileRedirectTask_DecoratedBeanInfo> (0x000000008dda0e10) thrown at [src/hotspot/share/classfile/systemDictionary.cpp, line 230]
Event: 22.810 Thread 0x00000246294a7800 Exception <a 'java/lang/ClassNotFoundException'{0x000000008ddbe420}: com/android/build/gradle/internal/tasks/ListingFileRedirectTaskBeanInfo> (0x000000008ddbe420) thrown at [src/hotspot/share/classfile/systemDictionary.cpp, line 230]
Event: 22.811 Thread 0x00000246294a7800 Exception <a 'java/lang/ClassNotFoundException'{0x000000008dddba78}: com/android/build/gradle/internal/tasks/ListingFileRedirectTaskCustomizer> (0x000000008dddba78) thrown at [src/hotspot/share/classfile/systemDictionary.cpp, line 230]
Event: 22.812 Thread 0x00000246294a7800 Exception <a 'java/lang/ClassNotFoundException'{0x000000008dc0d290}: com/android/build/gradle/internal/tasks/ListingFileRedirectTask_DecoratedCustomizer> (0x000000008dc0d290) thrown at [src/hotspot/share/classfile/systemDictionary.cpp, line 230]
Event: 22.821 Thread 0x00000246294a7800 Implicit null exception at 0x0000024617d597e1 to 0x0000024617d5a0ac
Event: 22.821 Thread 0x00000246294a7800 Implicit null exception at 0x0000024617d597e1 to 0x0000024617d5a0ac
Event: 22.821 Thread 0x00000246294a7800 Implicit null exception at 0x0000024617d597e1 to 0x0000024617d5a0ac
Event: 22.831 Thread 0x00000246294a7800 Exception <a 'sun/nio/fs/WindowsException'{0x000000008db38798}> (0x000000008db38798) thrown at [src/hotspot/share/prims/jni.cpp, line 617]
Event: 22.864 Thread 0x0000024630183800 Exception <a 'java/lang/IncompatibleClassChangeError'{0x000000008d97d838}: Found class java.lang.Object, but interface was expected> (0x000000008d97d838) thrown at [src/hotspot/share/interpreter/linkResolver.cpp, line 839]
Event: 22.883 Thread 0x0000024630183800 Exception <a 'java/lang/NoSuchMethodError'{0x000000008d714d80}: 'int java.lang.invoke.DirectMethodHandle$Holder.invokeStaticInit(java.lang.Object, java.lang.Object, java.lang.Object, java.lang.Object, java.lang.Object)'> (0x000000008d714d80) thrown at [src/hotspot/share/interpreter/linkResolver.cpp, line 773]
Event: 22.898 Thread 0x0000024630183800 Exception <a 'sun/nio/fs/WindowsException'{0x000000008d7fe0e0}> (0x000000008d7fe0e0) thrown at [src/hotspot/share/prims/jni.cpp, line 617]
Event: 22.898 Thread 0x0000024630183800 Exception <a 'sun/nio/fs/WindowsException'{0x000000008d7ff1f0}> (0x000000008d7ff1f0) thrown at [src/hotspot/share/prims/jni.cpp, line 617]
Event: 22.916 Thread 0x0000024630183800 Implicit null exception at 0x0000024617d30df7 to 0x0000024617d30f84
Event: 27.926 Thread 0x0000024630183800 Exception <a 'net/rubygrapefruit/platform/NativeException'{0x000000008d53d468}: Execution timed out> (0x000000008d53d468) thrown at [src/hotspot/share/prims/jni.cpp, line 638]
Event: 32.935 Thread 0x0000024630183800 Exception <a 'net/rubygrapefruit/platform/NativeException'{0x000000008d55b8a0}: Execution timed out> (0x000000008d55b8a0) thrown at [src/hotspot/share/prims/jni.cpp, line 638]
Event: 32.956 Thread 0x000002462c3ef800 Exception <a 'java/lang/NoSuchMethodError'{0x0000000093016638}: <clinit>> (0x0000000093016638) thrown at [src/hotspot/share/prims/jni.cpp, line 1367]
Event: 32.961 Thread 0x000002462c3ef800 Exception <a 'java/lang/NoSuchMethodError'{0x000000008d3d76e0}: <clinit>> (0x000000008d3d76e0) thrown at [src/hotspot/share/prims/jni.cpp, line 1367]
Event: 32.981 Thread 0x000002462c3ef800 Exception <a 'java/lang/NoSuchMethodError'{0x000000008d27c718}: <clinit>> (0x000000008d27c718) thrown at [src/hotspot/share/prims/jni.cpp, line 1367]
Event: 32.989 Thread 0x0000024630189000 Exception <a 'java/lang/NoSuchMethodError'{0x000000008d108668}: 'int java.lang.invoke.DirectMethodHandle$Holder.invokeSpecial(java.lang.Object, java.lang.Object, java.lang.Object, java.lang.Object, java.lang.Object)'> (0x000000008d108668) thrown at [src/hotspot/share/interpreter/linkResolver.cpp, line 773]

Events (20 events):
Event: 33.004 Executing VM operation: RevokeBias
Event: 33.004 Executing VM operation: RevokeBias done
Event: 33.004 loading class org/gradle/internal/snapshot/ChildMap
Event: 33.004 loading class org/gradle/internal/snapshot/ChildMap done
Event: 33.004 loading class org/gradle/internal/snapshot/ChildMap
Event: 33.004 loading class org/gradle/internal/snapshot/ChildMap done
Event: 33.004 loading class org/gradle/internal/snapshot/AbstractInvalidateChildHandler
Event: 33.004 loading class org/gradle/internal/snapshot/AbstractInvalidateChildHandler done
Event: 33.005 loading class org/gradle/internal/snapshot/ChildMap
Event: 33.005 loading class org/gradle/internal/snapshot/ChildMap done
Event: 33.005 loading class org/gradle/internal/snapshot/ChildMap
Event: 33.005 loading class org/gradle/internal/snapshot/ChildMap done
Event: 33.005 loading class org/gradle/internal/snapshot/AbstractInvalidateChildHandler
Event: 33.005 loading class org/gradle/internal/snapshot/AbstractInvalidateChildHandler done
Event: 33.005 Executing VM operation: RevokeBias
Event: 33.005 Executing VM operation: RevokeBias done
Event: 33.005 Executing VM operation: RevokeBias
Event: 33.005 Executing VM operation: RevokeBias done
Event: 33.005 Executing VM operation: RevokeBias
Event: 33.005 Executing VM operation: RevokeBias done


Dynamic libraries:
0x00007ff74a1c0000 - 0x00007ff74a1ca000 	C:\Program Files\Android\Android Studio\jbr\bin\java.exe
0x00007ffecc570000 - 0x00007ffecc766000 	C:\Windows\SYSTEM32\ntdll.dll
0x00007ffecb340000 - 0x00007ffecb3fd000 	C:\Windows\System32\KERNEL32.DLL
0x00007ffec9cb0000 - 0x00007ffec9f79000 	C:\Windows\System32\KERNELBASE.dll
0x00007ffeca0c0000 - 0x00007ffeca1c0000 	C:\Windows\System32\ucrtbase.dll
0x00007ffeb0950000 - 0x00007ffeb096b000 	C:\Program Files\Android\Android Studio\jbr\bin\VCRUNTIME140.dll
0x00007ffeb03f0000 - 0x00007ffeb0407000 	C:\Program Files\Android\Android Studio\jbr\bin\jli.dll
0x00007ffecb1a0000 - 0x00007ffecb340000 	C:\Windows\System32\USER32.dll
0x00007ffeca520000 - 0x00007ffeca542000 	C:\Windows\System32\win32u.dll
0x00007ffecbb30000 - 0x00007ffecbb5a000 	C:\Windows\System32\GDI32.dll
0x00007ffec9fb0000 - 0x00007ffeca0bb000 	C:\Windows\System32\gdi32full.dll
0x00007ffeca320000 - 0x00007ffeca3bd000 	C:\Windows\System32\msvcp_win.dll
0x00007ffebb550000 - 0x00007ffebb7eb000 	C:\Windows\WinSxS\amd64_microsoft.windows.common-controls_6595b64144ccf1df_6.0.19041.746_none_ca02b4b61b8320a4\COMCTL32.dll
0x00007ffecbc10000 - 0x00007ffecbcae000 	C:\Windows\System32\msvcrt.dll
0x00007ffecb500000 - 0x00007ffecb530000 	C:\Windows\System32\IMM32.DLL
0x00007ffeaa450000 - 0x00007ffeaa4ab000 	C:\ProgramData\Microsoft\DbgCtr\XShellDLL64_6015.dll
0x00007ffecbb60000 - 0x00007ffecbc0c000 	C:\Windows\System32\ADVAPI32.dll
0x00007ffecb400000 - 0x00007ffecb49c000 	C:\Windows\System32\sechost.dll
0x00007ffeca680000 - 0x00007ffeca7ab000 	C:\Windows\System32\RPCRT4.dll
0x00007ffecaa50000 - 0x00007ffecb192000 	C:\Windows\System32\SHELL32.dll
0x00007ffec4bd0000 - 0x00007ffec4bdc000 	C:\Program Files\Android\Android Studio\jbr\bin\vcruntime140_1.dll
0x00007ffea9fa0000 - 0x00007ffeaa02d000 	C:\Program Files\Android\Android Studio\jbr\bin\msvcp140.dll
0x00007ffe68bb0000 - 0x00007ffe6976c000 	C:\Program Files\Android\Android Studio\jbr\bin\server\jvm.dll
0x00007ffecb9d0000 - 0x00007ffecb9d8000 	C:\Windows\System32\PSAPI.DLL
0x00007ffeb8b80000 - 0x00007ffeb8b89000 	C:\Windows\SYSTEM32\WSOCK32.dll
0x00007ffebe7a0000 - 0x00007ffebe7aa000 	C:\Windows\SYSTEM32\VERSION.dll
0x00007ffecb6d0000 - 0x00007ffecb73b000 	C:\Windows\System32\WS2_32.dll
0x00007ffea4900000 - 0x00007ffea4927000 	C:\Windows\SYSTEM32\WINMM.dll
0x00007ffec7c20000 - 0x00007ffec7c32000 	C:\Windows\SYSTEM32\kernel.appcore.dll
0x00007ffebe6e0000 - 0x00007ffebe6f0000 	C:\Program Files\Android\Android Studio\jbr\bin\verify.dll
0x00007ffeb37f0000 - 0x00007ffeb39d4000 	C:\Windows\SYSTEM32\DBGHELP.DLL
0x00007ffeb37c0000 - 0x00007ffeb37ec000 	C:\Windows\SYSTEM32\dbgcore.DLL
0x00007ffeca550000 - 0x00007ffeca5d0000 	C:\Windows\System32\bcryptPrimitives.dll
0x00007ffeb1de0000 - 0x00007ffeb1e08000 	C:\Program Files\Android\Android Studio\jbr\bin\java.dll
0x00007ffebd490000 - 0x00007ffebd49a000 	C:\Program Files\Android\Android Studio\jbr\bin\jimage.dll
0x00007ffeb1d00000 - 0x00007ffeb1d18000 	C:\Program Files\Android\Android Studio\jbr\bin\zip.dll
0x00007ffec7e20000 - 0x00007ffec85b0000 	C:\Windows\SYSTEM32\windows.storage.dll
0x00007ffecbd60000 - 0x00007ffecc0b6000 	C:\Windows\System32\combase.dll
0x00007ffec9710000 - 0x00007ffec973c000 	C:\Windows\SYSTEM32\Wldp.dll
0x00007ffeca5d0000 - 0x00007ffeca67e000 	C:\Windows\System32\SHCORE.dll
0x00007ffecb830000 - 0x00007ffecb885000 	C:\Windows\System32\shlwapi.dll
0x00007ffec9be0000 - 0x00007ffec9c06000 	C:\Windows\SYSTEM32\profapi.dll
0x00007ffeb0840000 - 0x00007ffeb0859000 	C:\Program Files\Android\Android Studio\jbr\bin\net.dll
0x00007ffebd670000 - 0x00007ffebd770000 	C:\Windows\SYSTEM32\WINHTTP.dll
0x00007ffec9420000 - 0x00007ffec948a000 	C:\Windows\system32\mswsock.dll
0x00007ffeb06d0000 - 0x00007ffeb06e3000 	C:\Program Files\Android\Android Studio\jbr\bin\nio.dll
0x00007ffea75d0000 - 0x00007ffea75f7000 	C:\Users\it_04\.gradle\native\e1d6ef7f7dcc3fd88c89a11ec53ec762bb8ba0a96d01ffa2cd45eb1d1d8dd5c5\windows-amd64\native-platform.dll
0x00007ffea7b50000 - 0x00007ffea7c94000 	C:\Users\it_04\.gradle\native\0d407fdbe67a94daf76414ababcb853783967236a71b16ec16e742cd7a986fd3\windows-amd64\native-platform-file-events.dll
0x00007ffeb4da0000 - 0x00007ffeb4daa000 	C:\Program Files\Android\Android Studio\jbr\bin\management.dll
0x00007ffeb2050000 - 0x00007ffeb205b000 	C:\Program Files\Android\Android Studio\jbr\bin\management_ext.dll
0x00007ffec95f0000 - 0x00007ffec9608000 	C:\Windows\SYSTEM32\CRYPTSP.dll
0x00007ffec8dc0000 - 0x00007ffec8df4000 	C:\Windows\system32\rsaenh.dll
0x00007ffec9f80000 - 0x00007ffec9fa7000 	C:\Windows\System32\bcrypt.dll
0x00007ffec9b60000 - 0x00007ffec9b8e000 	C:\Windows\SYSTEM32\USERENV.dll
0x00007ffec9610000 - 0x00007ffec961c000 	C:\Windows\SYSTEM32\CRYPTBASE.dll
0x00007ffec9110000 - 0x00007ffec914b000 	C:\Windows\SYSTEM32\IPHLPAPI.DLL
0x00007ffecba40000 - 0x00007ffecba48000 	C:\Windows\System32\NSI.dll
0x00007ffec39e0000 - 0x00007ffec39f7000 	C:\Windows\SYSTEM32\dhcpcsvc6.DLL
0x00007ffec39c0000 - 0x00007ffec39dd000 	C:\Windows\SYSTEM32\dhcpcsvc.DLL
0x00007ffec9150000 - 0x00007ffec921b000 	C:\Windows\SYSTEM32\DNSAPI.dll

dbghelp: loaded successfully - version: 4.0.5 - missing functions: none
symbol engine: initialized successfully - sym options: 0x614 - pdb path: .;C:\Program Files\Android\Android Studio\jbr\bin;C:\Windows\SYSTEM32;C:\Windows\WinSxS\amd64_microsoft.windows.common-controls_6595b64144ccf1df_6.0.19041.746_none_ca02b4b61b8320a4;C:\ProgramData\Microsoft\DbgCtr;C:\Program Files\Android\Android Studio\jbr\bin\server;C:\Users\it_04\.gradle\native\e1d6ef7f7dcc3fd88c89a11ec53ec762bb8ba0a96d01ffa2cd45eb1d1d8dd5c5\windows-amd64;C:\Users\it_04\.gradle\native\0d407fdbe67a94daf76414ababcb853783967236a71b16ec16e742cd7a986fd3\windows-amd64

VM Arguments:
jvm_args: --add-opens=java.base/java.util=ALL-UNNAMED --add-opens=java.base/java.lang=ALL-UNNAMED --add-opens=java.base/java.lang.invoke=ALL-UNNAMED --add-opens=java.base/java.util=ALL-UNNAMED --add-opens=java.prefs/java.util.prefs=ALL-UNNAMED --add-opens=java.prefs/java.util.prefs=ALL-UNNAMED --add-opens=java.base/java.nio.charset=ALL-UNNAMED --add-opens=java.base/java.net=ALL-UNNAMED --add-opens=java.base/java.util.concurrent.atomic=ALL-UNNAMED -Xmx2048m -Dfile.encoding=UTF-8 -Duser.country=US -Duser.language=en -Duser.variant 
java_command: org.gradle.launcher.daemon.bootstrap.GradleDaemon 7.5
java_class_path (initial): C:\Users\it_04\.gradle\wrapper\dists\gradle-7.5-bin\f1w0cc9nuo0eivz97x2xlu9sv\gradle-7.5\lib\gradle-launcher-7.5.jar
Launcher Type: SUN_STANDARD

[Global flags]
     intx CICompilerCount                          = 3                                         {product} {ergonomic}
     uint ConcGCThreads                            = 1                                         {product} {ergonomic}
     uint G1ConcRefinementThreads                  = 4                                         {product} {ergonomic}
   size_t G1HeapRegionSize                         = 1048576                                   {product} {ergonomic}
    uintx GCDrainStackTargetSize                   = 64                                        {product} {ergonomic}
   size_t InitialHeapSize                          = 266338304                                 {product} {ergonomic}
   size_t MarkStackSize                            = 4194304                                   {product} {ergonomic}
   size_t MaxHeapSize                              = 2147483648                                {product} {command line}
   size_t MaxNewSize                               = 1287651328                                {product} {ergonomic}
   size_t MinHeapDeltaBytes                        = 1048576                                   {product} {ergonomic}
    uintx NonNMethodCodeHeapSize                   = 5830732                                {pd product} {ergonomic}
    uintx NonProfiledCodeHeapSize                  = 122913754                              {pd product} {ergonomic}
    uintx ProfiledCodeHeapSize                     = 122913754                              {pd product} {ergonomic}
    uintx ReservedCodeCacheSize                    = 251658240                              {pd product} {ergonomic}
     bool SegmentedCodeCache                       = true                                      {product} {ergonomic}
     bool UseCompressedClassPointers               = true                                 {lp64_product} {ergonomic}
     bool UseCompressedOops                        = true                                 {lp64_product} {ergonomic}
     bool UseG1GC                                  = true                                      {product} {ergonomic}
     bool UseLargePagesIndividualAllocation        = false                                  {pd product} {ergonomic}

Logging:
Log output configuration:
 #0: stdout all=warning uptime,level,tags
 #1: stderr all=off uptime,level,tags

Environment Variables:
PATH=D:\app\it_07\product\11.2.0\client_1\bin;C:\Windows\system32;C:\Windows;C:\Windows\System32\Wbem;C:\Windows\System32\WindowsPowerShell\v1.0\;C:\Windows\System32\OpenSSH\;C:\Program Files\dotnet\;C:\Program Files\Git\cmd;C:\Users\it_04\AppData\Local\Microsoft\WindowsApps;C:\Users\it_04\.dotnet\tools
USERNAME=it_04
OS=Windows_NT
PROCESSOR_IDENTIFIER=Intel64 Family 6 Model 165 Stepping 3, GenuineIntel



---------------  S Y S T E M  ---------------

OS: Windows 10 , 64 bit Build 19041 (10.0.19041.804)
OS uptime: 0 days 0:57 hours

CPU:total 4 (initial active 4) (2 cores per cpu, 2 threads per core) family 6 model 165 stepping 3 microcode 0xe0, cmov, cx8, fxsr, mmx, sse, sse2, sse3, ssse3, sse4.1, sse4.2, popcnt, aes, clmul, erms, 3dnowpref, lzcnt, ht, tsc, tscinvbit

Memory: 4k page, system-wide physical 16242M (7898M free)
TotalPageFile size 18674M (AvailPageFile size 10478M)
current process WorkingSet (physical memory assigned to process): 496M, peak: 528M
current process commit charge ("private bytes"): 562M, peak: 594M

vm_info: OpenJDK 64-Bit Server VM (11.0.15+0-b2043.56-9505619) for windows-amd64 JRE (11.0.15+0-b2043.56-9505619), built on Jan 19 2023 02:48:00 by "builduser" with unknown MS VC++:1929

END.
