#
# A fatal error has been detected by the Java Runtime Environment:
#
#  EXCEPTION_ACCESS_VIOLATION (0xc0000005) at pc=0x00007ffab32063b0, pid=9000, tid=12384
#
# JRE version: OpenJDK Runtime Environment (11.0.15) (build 11.0.15+0-b2043.56-9505619)
# Java VM: OpenJDK 64-Bit Server VM (11.0.15+0-b2043.56-9505619, mixed mode, tiered, compressed oops, g1 gc, windows-amd64)
# Problematic frame:
# C  [native-platform-file-events.dll+0x463b0]
#
# No core dump will be written. Minidumps are not enabled by default on client versions of Windows
#
# If you would like to submit a bug report, please visit:
#   https://bugreport.java.com/bugreport/crash.jsp
# The crash happened outside the Java Virtual Machine in native code.
# See problematic frame for where to report the bug.
#

---------------  S U M M A R Y ------------

Command Line: --add-opens=java.base/java.util=ALL-UNNAMED --add-opens=java.base/java.lang=ALL-UNNAMED --add-opens=java.base/java.lang.invoke=ALL-UNNAMED --add-opens=java.base/java.util=ALL-UNNAMED --add-opens=java.prefs/java.util.prefs=ALL-UNNAMED --add-opens=java.prefs/java.util.prefs=ALL-UNNAMED --add-opens=java.base/java.nio.charset=ALL-UNNAMED --add-opens=java.base/java.net=ALL-UNNAMED --add-opens=java.base/java.util.concurrent.atomic=ALL-UNNAMED -Xmx2048m -Dfile.encoding=UTF-8 -Duser.country=US -Duser.language=en -Duser.variant org.gradle.launcher.daemon.bootstrap.GradleDaemon 7.5

Host: Intel(R) Pentium(R) Gold G6400 CPU @ 4.00GHz, 4 cores, 15G,  Windows 10 , 64 bit Build 19041 (10.0.19041.804)
Time: Thu Mar 30 09:26:59 2023 SE Asia Standard Time elapsed time: 82.525070 seconds (0d 0h 1m 22s)

---------------  T H R E A D  ---------------

Current thread (0x0000028f7440c800):  JavaThread "File watcher server" daemon [_thread_in_native, id=12384, stack(0x000000d9b0e00000,0x000000d9b0f00000)]

Stack: [0x000000d9b0e00000,0x000000d9b0f00000],  sp=0x000000d9b0efec00,  free space=1019k
Native frames: (J=compiled Java code, j=interpreted, Vv=VM code, C=native code)
C  [native-platform-file-events.dll+0x463b0]

Java frames: (J=compiled Java code, j=interpreted, Vv=VM code)
j  net.rubygrapefruit.platform.internal.jni.AbstractFileEventFunctions$NativeFileWatcher.executeRunLoop0(Ljava/lang/Object;)V+0
j  net.rubygrapefruit.platform.internal.jni.AbstractFileEventFunctions$NativeFileWatcher.access$100(Lnet/rubygrapefruit/platform/internal/jni/AbstractFileEventFunctions$NativeFileWatcher;Ljava/lang/Object;)V+2
j  net.rubygrapefruit.platform.internal.jni.AbstractFileEventFunctions$NativeFileWatcher$1.run()V+26
v  ~StubRoutines::call_stub

siginfo: EXCEPTION_ACCESS_VIOLATION (0xc0000005), reading address 0x0000000000000011


Register to memory mapping:

RIP=0x00007ffab32063b0 native-platform-file-events.dll
RAX=0x0000000000000011 is an unknown value
RBX=0x0 is NULL
RCX=0x000000d9b4af9da8 is pointing into the stack for thread: 0x0000028f7b371000
RDX=0x0 is NULL
RSP=0x000000d9b0efec00 is pointing into the stack for thread: 0x0000028f7440c800
RBP=0x000000d9b0eff5c8 is pointing into the stack for thread: 0x0000028f7440c800
RSI=0x000000d9b4af9da0 is pointing into the stack for thread: 0x0000028f7b371000
RDI=0x000000d9b4af9d60 is pointing into the stack for thread: 0x0000028f7b371000
R8 =0x0000028f55340fc0 points into unknown readable memory: 0x0000028f55340cc0 | c0 0c 34 55 8f 02 00 00
R9 =0x0000000000000001 is an unknown value
R10=0x0000000000008000 is an unknown value
R11=0x000000d9b0efe8b0 is pointing into the stack for thread: 0x0000028f7440c800
R12=0x0 is NULL
R13={method} {0x0000028f77c81e80} 'executeRunLoop0' '(Ljava/lang/Object;)V' in 'net/rubygrapefruit/platform/internal/jni/AbstractFileEventFunctions$NativeFileWatcher'
R14=0x0 is NULL
R15=0x0000028f7440c800 is a thread


Registers:
RAX=0x0000000000000011, RBX=0x0000000000000000, RCX=0x000000d9b4af9da8, RDX=0x0000000000000000
RSP=0x000000d9b0efec00, RBP=0x000000d9b0eff5c8, RSI=0x000000d9b4af9da0, RDI=0x000000d9b4af9d60
R8 =0x0000028f55340fc0, R9 =0x0000000000000001, R10=0x0000000000008000, R11=0x000000d9b0efe8b0
R12=0x0000000000000000, R13=0x0000028f77c81e78, R14=0x0000000000000000, R15=0x0000028f7440c800
RIP=0x00007ffab32063b0, EFLAGS=0x0000000000010286

Top of Stack: (sp=0x000000d9b0efec00)
0x000000d9b0efec00:   0000000000000000 0000028f5b0afa7a
0x000000d9b0efec10:   0000028f71645990 00007ffab31e3133
0x000000d9b0efec20:   0000028f72bd86e8 000000008e600170
0x000000d9b0efec30:   0000a313e591c20e 00007ffab31eda83
0x000000d9b0efec40:   000000d9b0eff5f0 000000d9b4af9d60
0x000000d9b0efec50:   00007ffab31df150 00007ffab31f709b
0x000000d9b0efec60:   000000d9b4af9da0 0000000080466638
0x000000d9b0efec70:   0000000000000000 00007ffab31ebfae
0x000000d9b0efec80:   0000028f72bd86e0 00007ffab31e92a6
0x000000d9b0efec90:   000000d9b4af9da0 0000000000000000
0x000000d9b0efeca0:   0000028f72bd86e0 00007ffab31c57b3
0x000000d9b0efecb0:   0000000000000000 00007ffab31f64c2
0x000000d9b0efecc0:   000000d9b0efed00 000000d9b4af9da0
0x000000d9b0efecd0:   0000028f712d4a20 0000000000000000
0x000000d9b0efece0:   000000008044be01 0000028f711efd50
0x000000d9b0efecf0:   0000000000000000 000000d9b0efed38 

Instructions: (pc=0x00007ffab32063b0)
0x00007ffab32062b0:   7d 0b 00 48 89 01 48 83 c1 08 48 83 c4 28 48 ff
0x00007ffab32062c0:   25 b3 7d 0f 00 48 8d 05 54 7d 0b 00 45 33 c0 48
0x00007ffab32062d0:   89 01 ba a0 0f 00 00 48 83 c1 08 48 83 c4 28 48
0x00007ffab32062e0:   ff 25 ba 7d 0f 00 e8 40 c3 fb ff cc cc cc cc cc
0x00007ffab32062f0:   cc cc cc cc cc cc cc cc cc cc cc cc cc cc cc cc
0x00007ffab3206300:   cc cc cc cc cc cc cc cc 48 83 c1 08 48 ff 25 9d
0x00007ffab3206310:   7d 0f 00 cc cc cc cc cc c2 00 00 cc 48 83 c1 08
0x00007ffab3206320:   48 ff 25 69 7d 0f 00 cc cc cc cc cc 48 83 c1 08
0x00007ffab3206330:   48 ff 25 51 7d 0f 00 cc cc cc cc cc 48 89 5c 24
0x00007ffab3206340:   18 56 57 41 56 48 83 ec 40 48 8b 05 f8 3e 0e 00
0x00007ffab3206350:   48 33 c4 48 89 44 24 30 8b 01 4c 8b f2 0f ba f0
0x00007ffab3206360:   08 48 8b f1 83 f8 01 75 2c ff 15 d1 7c 0f 00 39
0x00007ffab3206370:   46 48 74 19 48 8d 4e 08 48 8b 01 48 8b 00 ff 15
0x00007ffab3206380:   9c 9c 0f 00 ff 15 b6 7c 0f 00 89 46 48 ff 46 4c
0x00007ffab3206390:   e9 f3 00 00 00 4d 85 f6 75 24 ff 15 a0 7c 0f 00
0x00007ffab32063a0:   39 46 48 0f 84 9d 00 00 00 48 8d 4e 08 48 8b 01
0x00007ffab32063b0:   48 8b 00 ff 15 67 9c 0f 00 e9 88 00 00 00 48 83
0x00007ffab32063c0:   3a 00 7c 62 75 06 83 7a 08 00 7e 5a ba 01 00 00
0x00007ffab32063d0:   00 48 8d 4c 24 20 e8 e0 e1 fb ff 48 8b 44 24 20
0x00007ffab32063e0:   49 3b 06 7c 0c 75 7d 41 8b 46 08 39 44 24 28 7d
0x00007ffab32063f0:   73 ff 15 49 7c 0f 00 39 46 48 74 4a 48 8b 46 08
0x00007ffab3206400:   48 8d 54 24 20 49 8b ce 48 8b 58 10 e8 ef ec fb
0x00007ffab3206410:   ff 8b d0 48 8d 4e 08 48 8b c3 ff 15 00 9c 0f 00
0x00007ffab3206420:   84 c0 75 22 eb a6 ff 15 14 7c 0f 00 39 46 48 74
0x00007ffab3206430:   15 48 8d 4e 08 48 8b 01 48 8b 40 08 ff 15 de 9b
0x00007ffab3206440:   0f 00 84 c0 74 1e 8b 4e 4c 8d 41 01 89 46 4c 83
0x00007ffab3206450:   f8 01 7e 2b f7 06 00 01 00 00 75 2c 89 4e 4c 4d
0x00007ffab3206460:   85 f6 74 14 49 83 3e 00 75 07 41 83 7e 08 00 74
0x00007ffab3206470:   07 b8 02 00 00 00 eb 12 b8 03 00 00 00 eb 0b ff
0x00007ffab3206480:   15 bb 7b 0f 00 89 46 48 33 c0 48 8b 4c 24 30 48
0x00007ffab3206490:   33 cc e8 47 d7 fb ff 48 8b 5c 24 70 48 83 c4 40
0x00007ffab32064a0:   41 5e 5f 5e c3 cc cc cc cc cc cc cc cc cc cc cc 


Stack slot to memory mapping:
stack at sp + 0 slots: 0x0 is NULL
stack at sp + 1 slots: 0x0000028f5b0afa7a is at code_begin+2458 in an Interpreter codelet
method entry point (kind = native)  [0x0000028f5b0af0e0, 0x0000028f5b0afb60]  2688 bytes
stack at sp + 2 slots: {method} {0x0000028f71645998} 'findEntry' '(Ljava/lang/String;)J' in 'java/lang/ClassLoader$NativeLibrary'
stack at sp + 3 slots: 0x00007ffab31e3133 native-platform-file-events.dll
stack at sp + 4 slots: 0x0000028f72bd86e8 points into unknown readable memory: 0x0000028f73db67e0 | e0 67 db 73 8f 02 00 00
stack at sp + 5 slots: 0x000000008e600170 is an unallocated location in the heap
stack at sp + 6 slots: 0x0000a313e591c20e is an unknown value
stack at sp + 7 slots: 0x00007ffab31eda83 native-platform-file-events.dll


---------------  P R O C E S S  ---------------

Threads class SMR info:
_java_thread_list=0x0000028f71f59890, length=88, elements={
0x0000028f57583000, 0x0000028f71a12000, 0x0000028f71a16000, 0x0000028f71a6c800,
0x0000028f71a6f000, 0x0000028f71a70000, 0x0000028f71a77000, 0x0000028f71a84800,
0x0000028f71a8a000, 0x0000028f71be5000, 0x0000028f73e25000, 0x0000028f73f5a800,
0x0000028f7432c800, 0x0000028f7290b800, 0x0000028f72992000, 0x0000028f7440b000,
0x0000028f74410800, 0x0000028f7440c000, 0x0000028f7440c800, 0x0000028f7440f000,
0x0000028f751e9000, 0x0000028f751ef800, 0x0000028f751ee000, 0x0000028f751eb800,
0x0000028f751ea000, 0x0000028f779d0000, 0x0000028f779ce000, 0x0000028f73f47000,
0x0000028f73f45800, 0x0000028f73f49000, 0x0000028f73f48000, 0x0000028f73f44000,
0x0000028f73f44800, 0x0000028f73f46800, 0x0000028f73f43000, 0x0000028f73f4f800,
0x0000028f73f4a800, 0x0000028f73f4b800, 0x0000028f73f4d000, 0x0000028f73f42800,
0x0000028f73f4c000, 0x0000028f73f49800, 0x0000028f73f4d800, 0x0000028f73f4e800,
0x0000028f73f50000, 0x0000028f73f51000, 0x0000028f779c6800, 0x0000028f779c2800,
0x0000028f779c5800, 0x0000028f779c5000, 0x0000028f779c7000, 0x0000028f779c9000,
0x0000028f779c8000, 0x0000028f779c3000, 0x0000028f779c9800, 0x0000028f779c4000,
0x0000028f779ce800, 0x0000028f779cf800, 0x0000028f779ca800, 0x0000028f779cd000,
0x0000028f779d1000, 0x0000028f779cb800, 0x0000028f779cc000, 0x0000028f751ee800,
0x0000028f751ea800, 0x0000028f751f0800, 0x0000028f751f1000, 0x0000028f751f2000,
0x0000028f751ed000, 0x0000028f751f3000, 0x0000028f751f7800, 0x0000028f751f3800,
0x0000028f751f4800, 0x0000028f751f7000, 0x0000028f751f5000, 0x0000028f751f6000,
0x0000028f7440d800, 0x0000028f7440e800, 0x0000028f74410000, 0x0000028f7b370800,
0x0000028f7b374800, 0x0000028f7b375000, 0x0000028f7b377000, 0x0000028f7b371000,
0x0000028f7b377800, 0x0000028f7b372000, 0x0000028f7b378800, 0x0000028f7b372800
}

Java Threads: ( => current thread )
  0x0000028f57583000 JavaThread "main" [_thread_blocked, id=7656, stack(0x000000d9ae900000,0x000000d9aea00000)]
  0x0000028f71a12000 JavaThread "Reference Handler" daemon [_thread_blocked, id=6928, stack(0x000000d9af300000,0x000000d9af400000)]
  0x0000028f71a16000 JavaThread "Finalizer" daemon [_thread_blocked, id=8212, stack(0x000000d9af400000,0x000000d9af500000)]
  0x0000028f71a6c800 JavaThread "Signal Dispatcher" daemon [_thread_blocked, id=10852, stack(0x000000d9af500000,0x000000d9af600000)]
  0x0000028f71a6f000 JavaThread "Attach Listener" daemon [_thread_blocked, id=3304, stack(0x000000d9af600000,0x000000d9af700000)]
  0x0000028f71a70000 JavaThread "Service Thread" daemon [_thread_blocked, id=1376, stack(0x000000d9af700000,0x000000d9af800000)]
  0x0000028f71a77000 JavaThread "C2 CompilerThread0" daemon [_thread_in_native, id=7908, stack(0x000000d9af800000,0x000000d9af900000)]
  0x0000028f71a84800 JavaThread "C1 CompilerThread0" daemon [_thread_blocked, id=6268, stack(0x000000d9af900000,0x000000d9afa00000)]
  0x0000028f71a8a000 JavaThread "Sweeper thread" daemon [_thread_blocked, id=12376, stack(0x000000d9afa00000,0x000000d9afb00000)]
  0x0000028f71be5000 JavaThread "Common-Cleaner" daemon [_thread_blocked, id=11996, stack(0x000000d9afb00000,0x000000d9afc00000)]
  0x0000028f73e25000 JavaThread "Daemon health stats" [_thread_blocked, id=11372, stack(0x000000d9b0100000,0x000000d9b0200000)]
  0x0000028f73f5a800 JavaThread "Incoming local TCP Connector on port 52712" [_thread_in_native, id=11384, stack(0x000000d9b0200000,0x000000d9b0300000)]
  0x0000028f7432c800 JavaThread "Daemon periodic checks" [_thread_blocked, id=2008, stack(0x000000d9b0300000,0x000000d9b0400000)]
  0x0000028f7290b800 JavaThread "Daemon" [_thread_blocked, id=10492, stack(0x000000d9b0400000,0x000000d9b0500000)]
  0x0000028f72992000 JavaThread "Daemon worker" [_thread_blocked, id=5948, stack(0x000000d9b0700000,0x000000d9b0800000)]
  0x0000028f7440b000 JavaThread "Cache worker for journal cache (C:\Users\it_04\.gradle\caches\journal-1)" [_thread_blocked, id=12844, stack(0x000000d9b0b00000,0x000000d9b0c00000)]
  0x0000028f74410800 JavaThread "File lock request listener" [_thread_in_native, id=10660, stack(0x000000d9b0c00000,0x000000d9b0d00000)]
  0x0000028f7440c000 JavaThread "Cache worker for file hash cache (C:\Users\it_04\.gradle\caches\7.5\fileHashes)" [_thread_blocked, id=8324, stack(0x000000d9b0d00000,0x000000d9b0e00000)]
=>0x0000028f7440c800 JavaThread "File watcher server" daemon [_thread_in_native, id=12384, stack(0x000000d9b0e00000,0x000000d9b0f00000)]
  0x0000028f7440f000 JavaThread "Cache worker for file content cache (C:\Users\it_04\.gradle\caches\7.5\fileContent)" [_thread_blocked, id=9624, stack(0x000000d9b1200000,0x000000d9b1300000)]
  0x0000028f751e9000 JavaThread "Cache worker for execution history cache (C:\Users\it_04\.gradle\caches\7.5\executionHistory)" [_thread_blocked, id=12104, stack(0x000000d9b1500000,0x000000d9b1600000)]
  0x0000028f751ef800 JavaThread "jar transforms" [_thread_blocked, id=10652, stack(0x000000d9b1600000,0x000000d9b1700000)]
  0x0000028f751ee000 JavaThread "jar transforms Thread 2" [_thread_blocked, id=8460, stack(0x000000d9b1700000,0x000000d9b1800000)]
  0x0000028f751eb800 JavaThread "jar transforms Thread 3" [_thread_blocked, id=12048, stack(0x000000d9b1800000,0x000000d9b1900000)]
  0x0000028f751ea000 JavaThread "jar transforms Thread 4" [_thread_blocked, id=11764, stack(0x000000d9b1900000,0x000000d9b1a00000)]
  0x0000028f779d0000 JavaThread "Memory manager" [_thread_blocked, id=11188, stack(0x000000d9b4400000,0x000000d9b4500000)]
  0x0000028f779ce000 JavaThread "pool-3-thread-1" [_thread_blocked, id=12388, stack(0x000000d9b4600000,0x000000d9b4700000)]
  0x0000028f73f47000 JavaThread "pool-6-thread-1" [_thread_blocked, id=4668, stack(0x000000d9b4500000,0x000000d9b4600000)]
  0x0000028f73f45800 JavaThread "included builds" [_thread_blocked, id=8592, stack(0x000000d9b4700000,0x000000d9b4800000)]
  0x0000028f73f49000 JavaThread "Handler for socket connection from /127.0.0.1:52712 to /127.0.0.1:52797" [_thread_in_native, id=3772, stack(0x000000d9aea00000,0x000000d9aeb00000)]
  0x0000028f73f48000 JavaThread "Cancel handler" [_thread_blocked, id=7228, stack(0x000000d9aec00000,0x000000d9aed00000)]
  0x0000028f73f44000 JavaThread "Asynchronous log dispatcher for DefaultDaemonConnection: socket connection from /127.0.0.1:52712 to /127.0.0.1:52797" [_thread_blocked, id=11088, stack(0x000000d9b0500000,0x000000d9b0600000)]
  0x0000028f73f44800 JavaThread "Stdin handler" [_thread_blocked, id=7036, stack(0x000000d9b0600000,0x000000d9b0700000)]
  0x0000028f73f46800 JavaThread "Daemon client event forwarder" [_thread_blocked, id=5944, stack(0x000000d9b0800000,0x000000d9b0900000)]
  0x0000028f73f43000 JavaThread "Cache worker for checksums cache (D:\SourceAndroid\KyThuat\.gradle\7.5\checksums)" [_thread_blocked, id=5324, stack(0x000000d9b0a00000,0x000000d9b0b00000)]
  0x0000028f73f4f800 JavaThread "Cache worker for cache directory md-rule (C:\Users\it_04\.gradle\caches\7.5\md-rule)" [_thread_blocked, id=11448, stack(0x000000d9b1000000,0x000000d9b1100000)]
  0x0000028f73f4a800 JavaThread "Cache worker for file hash cache (D:\SourceAndroid\KyThuat\.gradle\7.5\fileHashes)" [_thread_blocked, id=12196, stack(0x000000d9b1100000,0x000000d9b1200000)]
  0x0000028f73f4b800 JavaThread "Cache worker for cache directory md-supplier (C:\Users\it_04\.gradle\caches\7.5\md-supplier)" [_thread_blocked, id=7472, stack(0x000000d9b1300000,0x000000d9b1400000)]
  0x0000028f73f4d000 JavaThread "Cache worker for dependencies-accessors (D:\SourceAndroid\KyThuat\.gradle\7.5\dependencies-accessors)" [_thread_blocked, id=12132, stack(0x000000d9b1400000,0x000000d9b1500000)]
  0x0000028f73f42800 JavaThread "Cache worker for Build Output Cleanup Cache (D:\SourceAndroid\KyThuat\.gradle\buildOutputCleanup)" [_thread_blocked, id=11500, stack(0x000000d9b1a00000,0x000000d9b1b00000)]
  0x0000028f73f4c000 JavaThread "Unconstrained build operations" [_thread_blocked, id=11624, stack(0x000000d9b1b00000,0x000000d9b1c00000)]
  0x0000028f73f49800 JavaThread "Unconstrained build operations Thread 2" [_thread_blocked, id=12244, stack(0x000000d9b1c00000,0x000000d9b1d00000)]
  0x0000028f73f4d800 JavaThread "Unconstrained build operations Thread 3" [_thread_blocked, id=10724, stack(0x000000d9b1d00000,0x000000d9b1e00000)]
  0x0000028f73f4e800 JavaThread "Unconstrained build operations Thread 4" [_thread_blocked, id=12456, stack(0x000000d9b1e00000,0x000000d9b1f00000)]
  0x0000028f73f50000 JavaThread "Unconstrained build operations Thread 5" [_thread_blocked, id=12284, stack(0x000000d9b1f00000,0x000000d9b2000000)]
  0x0000028f73f51000 JavaThread "Unconstrained build operations Thread 6" [_thread_blocked, id=8560, stack(0x000000d9b2000000,0x000000d9b2100000)]
  0x0000028f779c6800 JavaThread "Unconstrained build operations Thread 7" [_thread_blocked, id=12488, stack(0x000000d9b2100000,0x000000d9b2200000)]
  0x0000028f779c2800 JavaThread "Unconstrained build operations Thread 8" [_thread_blocked, id=1516, stack(0x000000d9b2200000,0x000000d9b2300000)]
  0x0000028f779c5800 JavaThread "Unconstrained build operations Thread 9" [_thread_blocked, id=11656, stack(0x000000d9b2300000,0x000000d9b2400000)]
  0x0000028f779c5000 JavaThread "Unconstrained build operations Thread 10" [_thread_blocked, id=3692, stack(0x000000d9b2400000,0x000000d9b2500000)]
  0x0000028f779c7000 JavaThread "Unconstrained build operations Thread 11" [_thread_blocked, id=6028, stack(0x000000d9b2500000,0x000000d9b2600000)]
  0x0000028f779c9000 JavaThread "Unconstrained build operations Thread 12" [_thread_blocked, id=12756, stack(0x000000d9b2600000,0x000000d9b2700000)]
  0x0000028f779c8000 JavaThread "Unconstrained build operations Thread 13" [_thread_blocked, id=6692, stack(0x000000d9b2700000,0x000000d9b2800000)]
  0x0000028f779c3000 JavaThread "Unconstrained build operations Thread 14" [_thread_blocked, id=1748, stack(0x000000d9b2800000,0x000000d9b2900000)]
  0x0000028f779c9800 JavaThread "Unconstrained build operations Thread 15" [_thread_blocked, id=12208, stack(0x000000d9b2900000,0x000000d9b2a00000)]
  0x0000028f779c4000 JavaThread "Unconstrained build operations Thread 16" [_thread_blocked, id=6712, stack(0x000000d9b2a00000,0x000000d9b2b00000)]
  0x0000028f779ce800 JavaThread "Unconstrained build operations Thread 17" [_thread_blocked, id=12092, stack(0x000000d9b2b00000,0x000000d9b2c00000)]
  0x0000028f779cf800 JavaThread "Unconstrained build operations Thread 18" [_thread_blocked, id=13120, stack(0x000000d9b2c00000,0x000000d9b2d00000)]
  0x0000028f779ca800 JavaThread "Unconstrained build operations Thread 19" [_thread_blocked, id=13076, stack(0x000000d9b2d00000,0x000000d9b2e00000)]
  0x0000028f779cd000 JavaThread "Unconstrained build operations Thread 20" [_thread_blocked, id=11092, stack(0x000000d9b2e00000,0x000000d9b2f00000)]
  0x0000028f779d1000 JavaThread "Unconstrained build operations Thread 21" [_thread_blocked, id=12516, stack(0x000000d9b2f00000,0x000000d9b3000000)]
  0x0000028f779cb800 JavaThread "Unconstrained build operations Thread 22" [_thread_blocked, id=8744, stack(0x000000d9b3000000,0x000000d9b3100000)]
  0x0000028f779cc000 JavaThread "Unconstrained build operations Thread 23" [_thread_blocked, id=8416, stack(0x000000d9b3100000,0x000000d9b3200000)]
  0x0000028f751ee800 JavaThread "Unconstrained build operations Thread 24" [_thread_blocked, id=6284, stack(0x000000d9b3200000,0x000000d9b3300000)]
  0x0000028f751ea800 JavaThread "Unconstrained build operations Thread 25" [_thread_blocked, id=984, stack(0x000000d9b3300000,0x000000d9b3400000)]
  0x0000028f751f0800 JavaThread "Unconstrained build operations Thread 26" [_thread_blocked, id=8468, stack(0x000000d9b3400000,0x000000d9b3500000)]
  0x0000028f751f1000 JavaThread "Unconstrained build operations Thread 27" [_thread_blocked, id=5772, stack(0x000000d9b3500000,0x000000d9b3600000)]
  0x0000028f751f2000 JavaThread "Unconstrained build operations Thread 28" [_thread_blocked, id=6964, stack(0x000000d9b3600000,0x000000d9b3700000)]
  0x0000028f751ed000 JavaThread "Unconstrained build operations Thread 29" [_thread_blocked, id=11480, stack(0x000000d9b3700000,0x000000d9b3800000)]
  0x0000028f751f3000 JavaThread "Unconstrained build operations Thread 30" [_thread_blocked, id=11124, stack(0x000000d9b3800000,0x000000d9b3900000)]
  0x0000028f751f7800 JavaThread "Unconstrained build operations Thread 31" [_thread_blocked, id=8572, stack(0x000000d9b3900000,0x000000d9b3a00000)]
  0x0000028f751f3800 JavaThread "Unconstrained build operations Thread 32" [_thread_blocked, id=12536, stack(0x000000d9b3a00000,0x000000d9b3b00000)]
  0x0000028f751f4800 JavaThread "Unconstrained build operations Thread 33" [_thread_blocked, id=10172, stack(0x000000d9b3b00000,0x000000d9b3c00000)]
  0x0000028f751f7000 JavaThread "Unconstrained build operations Thread 34" [_thread_blocked, id=6872, stack(0x000000d9b3c00000,0x000000d9b3d00000)]
  0x0000028f751f5000 JavaThread "Unconstrained build operations Thread 35" [_thread_blocked, id=6512, stack(0x000000d9b3d00000,0x000000d9b3e00000)]
  0x0000028f751f6000 JavaThread "Unconstrained build operations Thread 36" [_thread_blocked, id=5404, stack(0x000000d9b3e00000,0x000000d9b3f00000)]
  0x0000028f7440d800 JavaThread "Unconstrained build operations Thread 37" [_thread_blocked, id=12216, stack(0x000000d9b3f00000,0x000000d9b4000000)]
  0x0000028f7440e800 JavaThread "Unconstrained build operations Thread 38" [_thread_blocked, id=12080, stack(0x000000d9b4000000,0x000000d9b4100000)]
  0x0000028f74410000 JavaThread "Unconstrained build operations Thread 39" [_thread_blocked, id=12464, stack(0x000000d9b4100000,0x000000d9b4200000)]
  0x0000028f7b370800 JavaThread "Unconstrained build operations Thread 40" [_thread_blocked, id=4656, stack(0x000000d9b4200000,0x000000d9b4300000)]
  0x0000028f7b374800 JavaThread "build event listener" [_thread_blocked, id=11800, stack(0x000000d9b4300000,0x000000d9b4400000)]
  0x0000028f7b375000 JavaThread "pool-9-thread-1" [_thread_blocked, id=7872, stack(0x000000d9b4800000,0x000000d9b4900000)]
  0x0000028f7b377000 JavaThread "build event listener" [_thread_blocked, id=9116, stack(0x000000d9b4900000,0x000000d9b4a00000)]
  0x0000028f7b371000 JavaThread "included builds" [_thread_blocked, id=12968, stack(0x000000d9b4a00000,0x000000d9b4b00000)]
  0x0000028f7b377800 JavaThread "Execution worker" [_thread_blocked, id=12468, stack(0x000000d9b4b00000,0x000000d9b4c00000)]
  0x0000028f7b372000 JavaThread "Execution worker Thread 2" [_thread_in_native, id=12928, stack(0x000000d9b4c00000,0x000000d9b4d00000)]
  0x0000028f7b378800 JavaThread "Execution worker Thread 3" [_thread_blocked, id=3464, stack(0x000000d9b4d00000,0x000000d9b4e00000)]
  0x0000028f7b372800 JavaThread "Cache worker for execution history cache (D:\SourceAndroid\KyThuat\.gradle\7.5\executionHistory)" [_thread_blocked, id=12944, stack(0x000000d9b5000000,0x000000d9b5100000)]

Other Threads:
  0x0000028f71a0f800 VMThread "VM Thread" [stack: 0x000000d9af200000,0x000000d9af300000] [id=11616]
  0x0000028f71c16000 WatcherThread [stack: 0x000000d9afc00000,0x000000d9afd00000] [id=11404]
  0x0000028f5759c800 GCTaskThread "GC Thread#0" [stack: 0x000000d9aed00000,0x000000d9aee00000] [id=11832]
  0x0000028f722ff000 GCTaskThread "GC Thread#1" [stack: 0x000000d9afe00000,0x000000d9aff00000] [id=3108]
  0x0000028f72331800 GCTaskThread "GC Thread#2" [stack: 0x000000d9aff00000,0x000000d9b0000000] [id=11620]
  0x0000028f71ee8800 GCTaskThread "GC Thread#3" [stack: 0x000000d9b0000000,0x000000d9b0100000] [id=13300]
  0x0000028f575cc000 ConcurrentGCThread "G1 Main Marker" [stack: 0x000000d9aee00000,0x000000d9aef00000] [id=13168]
  0x0000028f575cd800 ConcurrentGCThread "G1 Conc#0" [stack: 0x000000d9aef00000,0x000000d9af000000] [id=1296]
  0x0000028f5764d800 ConcurrentGCThread "G1 Refine#0" [stack: 0x000000d9af000000,0x000000d9af100000] [id=12924]
  0x0000028f7b04c000 ConcurrentGCThread "G1 Refine#1" [stack: 0x000000d9b4e00000,0x000000d9b4f00000] [id=11144]
  0x0000028f741de000 ConcurrentGCThread "G1 Refine#2" [stack: 0x000000d9b4f00000,0x000000d9b5000000] [id=13200]
  0x0000028f7104a800 ConcurrentGCThread "G1 Young RemSet Sampling" [stack: 0x000000d9af100000,0x000000d9af200000] [id=11704]

Threads with active compile tasks:
C2 CompilerThread0    82548 13306       4       java.io.ObjectStreamField::getTypeCode (9 bytes)

VM state:not at safepoint (normal execution)

VM Mutex/Monitor currently owned by a thread: None

Heap address: 0x0000000080000000, size: 2048 MB, Compressed Oops mode: 32-bit
Narrow klass base: 0x0000000000000000, Narrow klass shift: 3
Compressed class space size: 1073741824 Address: 0x0000000100000000

Heap:
 garbage-first heap   total 318464K, used 208823K [0x0000000080000000, 0x0000000100000000)
  region size 1024K, 21 young (21504K), 10 survivors (10240K)
 Metaspace       used 106889K, capacity 109984K, committed 110128K, reserved 1144832K
  class space    used 13337K, capacity 14332K, committed 14336K, reserved 1048576K
Heap Regions: E=young(eden), S=young(survivor), O=old, HS=humongous(starts), HC=humongous(continues), CS=collection set, F=free, A=archive, TAMS=top-at-mark-start (previous, next)
|   0|0x0000000080000000, 0x0000000080100000, 0x0000000080100000|100%|HS|  |TAMS 0x0000000080100000, 0x0000000080000000| Complete 
|   1|0x0000000080100000, 0x0000000080200000, 0x0000000080200000|100%|HC|  |TAMS 0x0000000080200000, 0x0000000080100000| Complete 
|   2|0x0000000080200000, 0x0000000080300000, 0x0000000080300000|100%|HC|  |TAMS 0x0000000080300000, 0x0000000080200000| Complete 
|   3|0x0000000080300000, 0x0000000080400000, 0x0000000080400000|100%| O|  |TAMS 0x0000000080400000, 0x0000000080300000| Untracked 
|   4|0x0000000080400000, 0x0000000080500000, 0x0000000080500000|100%| O|  |TAMS 0x0000000080500000, 0x0000000080400000| Untracked 
|   5|0x0000000080500000, 0x0000000080600000, 0x0000000080600000|100%| O|  |TAMS 0x0000000080600000, 0x0000000080500000| Untracked 
|   6|0x0000000080600000, 0x0000000080700000, 0x0000000080700000|100%| O|  |TAMS 0x0000000080700000, 0x0000000080600000| Untracked 
|   7|0x0000000080700000, 0x0000000080800000, 0x0000000080800000|100%| O|  |TAMS 0x0000000080800000, 0x0000000080700000| Untracked 
|   8|0x0000000080800000, 0x0000000080900000, 0x0000000080900000|100%| O|  |TAMS 0x0000000080900000, 0x0000000080800000| Untracked 
|   9|0x0000000080900000, 0x0000000080a00000, 0x0000000080a00000|100%| O|  |TAMS 0x0000000080a00000, 0x0000000080900000| Untracked 
|  10|0x0000000080a00000, 0x0000000080b00000, 0x0000000080b00000|100%| O|  |TAMS 0x0000000080b00000, 0x0000000080a00000| Untracked 
|  11|0x0000000080b00000, 0x0000000080c00000, 0x0000000080c00000|100%| O|  |TAMS 0x0000000080c00000, 0x0000000080b00000| Untracked 
|  12|0x0000000080c00000, 0x0000000080d00000, 0x0000000080d00000|100%| O|  |TAMS 0x0000000080d00000, 0x0000000080c00000| Untracked 
|  13|0x0000000080d00000, 0x0000000080e00000, 0x0000000080e00000|100%| O|  |TAMS 0x0000000080e00000, 0x0000000080d00000| Untracked 
|  14|0x0000000080e00000, 0x0000000080f00000, 0x0000000080f00000|100%| O|  |TAMS 0x0000000080f00000, 0x0000000080e00000| Untracked 
|  15|0x0000000080f00000, 0x0000000081000000, 0x0000000081000000|100%| O|  |TAMS 0x0000000081000000, 0x0000000080f00000| Untracked 
|  16|0x0000000081000000, 0x0000000081100000, 0x0000000081100000|100%| O|  |TAMS 0x0000000081100000, 0x0000000081000000| Untracked 
|  17|0x0000000081100000, 0x0000000081200000, 0x0000000081200000|100%|HS|  |TAMS 0x0000000081200000, 0x0000000081100000| Complete 
|  18|0x0000000081200000, 0x0000000081300000, 0x0000000081300000|100%|HS|  |TAMS 0x0000000081300000, 0x0000000081200000| Complete 
|  19|0x0000000081300000, 0x0000000081400000, 0x0000000081400000|100%| O|  |TAMS 0x0000000081400000, 0x0000000081300000| Untracked 
|  20|0x0000000081400000, 0x0000000081500000, 0x0000000081500000|100%|HS|  |TAMS 0x0000000081500000, 0x0000000081400000| Complete 
|  21|0x0000000081500000, 0x0000000081600000, 0x0000000081600000|100%|HC|  |TAMS 0x0000000081600000, 0x0000000081500000| Complete 
|  22|0x0000000081600000, 0x0000000081700000, 0x0000000081700000|100%| O|  |TAMS 0x0000000081700000, 0x0000000081600000| Untracked 
|  23|0x0000000081700000, 0x0000000081800000, 0x0000000081800000|100%| O|  |TAMS 0x0000000081800000, 0x0000000081700000| Untracked 
|  24|0x0000000081800000, 0x0000000081900000, 0x0000000081900000|100%| O|  |TAMS 0x0000000081900000, 0x0000000081800000| Untracked 
|  25|0x0000000081900000, 0x0000000081a00000, 0x0000000081a00000|100%| O|  |TAMS 0x0000000081a00000, 0x0000000081900000| Untracked 
|  26|0x0000000081a00000, 0x0000000081b00000, 0x0000000081b00000|100%| O|  |TAMS 0x0000000081b00000, 0x0000000081a00000| Untracked 
|  27|0x0000000081b00000, 0x0000000081c00000, 0x0000000081c00000|100%| O|  |TAMS 0x0000000081c00000, 0x0000000081b00000| Untracked 
|  28|0x0000000081c00000, 0x0000000081d00000, 0x0000000081d00000|100%| O|  |TAMS 0x0000000081d00000, 0x0000000081c00000| Untracked 
|  29|0x0000000081d00000, 0x0000000081e00000, 0x0000000081e00000|100%| O|  |TAMS 0x0000000081e00000, 0x0000000081d00000| Untracked 
|  30|0x0000000081e00000, 0x0000000081f00000, 0x0000000081f00000|100%| O|  |TAMS 0x0000000081f00000, 0x0000000081e00000| Untracked 
|  31|0x0000000081f00000, 0x0000000082000000, 0x0000000082000000|100%| O|  |TAMS 0x0000000082000000, 0x0000000081f00000| Untracked 
|  32|0x0000000082000000, 0x0000000082100000, 0x0000000082100000|100%| O|  |TAMS 0x0000000082100000, 0x0000000082000000| Untracked 
|  33|0x0000000082100000, 0x0000000082200000, 0x0000000082200000|100%| O|  |TAMS 0x0000000082200000, 0x0000000082100000| Untracked 
|  34|0x0000000082200000, 0x0000000082300000, 0x0000000082300000|100%| O|  |TAMS 0x0000000082300000, 0x0000000082200000| Untracked 
|  35|0x0000000082300000, 0x0000000082400000, 0x0000000082400000|100%| O|  |TAMS 0x0000000082400000, 0x0000000082300000| Untracked 
|  36|0x0000000082400000, 0x0000000082500000, 0x0000000082500000|100%| O|  |TAMS 0x0000000082500000, 0x0000000082400000| Untracked 
|  37|0x0000000082500000, 0x0000000082600000, 0x0000000082600000|100%| O|  |TAMS 0x0000000082600000, 0x0000000082500000| Untracked 
|  38|0x0000000082600000, 0x0000000082700000, 0x0000000082700000|100%| O|  |TAMS 0x0000000082700000, 0x0000000082600000| Untracked 
|  39|0x0000000082700000, 0x0000000082800000, 0x0000000082800000|100%| O|  |TAMS 0x0000000082800000, 0x0000000082700000| Untracked 
|  40|0x0000000082800000, 0x0000000082900000, 0x0000000082900000|100%| O|  |TAMS 0x0000000082900000, 0x0000000082800000| Untracked 
|  41|0x0000000082900000, 0x0000000082a00000, 0x0000000082a00000|100%| O|  |TAMS 0x0000000082a00000, 0x0000000082900000| Untracked 
|  42|0x0000000082a00000, 0x0000000082b00000, 0x0000000082b00000|100%| O|  |TAMS 0x0000000082b00000, 0x0000000082a00000| Untracked 
|  43|0x0000000082b00000, 0x0000000082c00000, 0x0000000082c00000|100%| O|  |TAMS 0x0000000082c00000, 0x0000000082b00000| Untracked 
|  44|0x0000000082c00000, 0x0000000082d00000, 0x0000000082d00000|100%| O|  |TAMS 0x0000000082d00000, 0x0000000082c00000| Untracked 
|  45|0x0000000082d00000, 0x0000000082e00000, 0x0000000082e00000|100%| O|  |TAMS 0x0000000082e00000, 0x0000000082d00000| Untracked 
|  46|0x0000000082e00000, 0x0000000082f00000, 0x0000000082f00000|100%| O|  |TAMS 0x0000000082f00000, 0x0000000082e00000| Untracked 
|  47|0x0000000082f00000, 0x0000000083000000, 0x0000000083000000|100%| O|  |TAMS 0x0000000083000000, 0x0000000082f00000| Untracked 
|  48|0x0000000083000000, 0x0000000083100000, 0x0000000083100000|100%| O|  |TAMS 0x0000000083100000, 0x0000000083000000| Untracked 
|  49|0x0000000083100000, 0x0000000083200000, 0x0000000083200000|100%| O|  |TAMS 0x0000000083200000, 0x0000000083100000| Untracked 
|  50|0x0000000083200000, 0x0000000083300000, 0x0000000083300000|100%| O|  |TAMS 0x0000000083300000, 0x0000000083200000| Untracked 
|  51|0x0000000083300000, 0x0000000083400000, 0x0000000083400000|100%| O|  |TAMS 0x0000000083400000, 0x0000000083300000| Untracked 
|  52|0x0000000083400000, 0x0000000083500000, 0x0000000083500000|100%| O|  |TAMS 0x0000000083500000, 0x0000000083400000| Untracked 
|  53|0x0000000083500000, 0x0000000083600000, 0x0000000083600000|100%| O|  |TAMS 0x0000000083600000, 0x0000000083500000| Untracked 
|  54|0x0000000083600000, 0x0000000083700000, 0x0000000083700000|100%| O|  |TAMS 0x0000000083700000, 0x0000000083600000| Untracked 
|  55|0x0000000083700000, 0x0000000083800000, 0x0000000083800000|100%|HS|  |TAMS 0x0000000083800000, 0x0000000083700000| Complete 
|  56|0x0000000083800000, 0x0000000083900000, 0x0000000083900000|100%|HC|  |TAMS 0x0000000083900000, 0x0000000083800000| Complete 
|  57|0x0000000083900000, 0x0000000083a00000, 0x0000000083a00000|100%|HS|  |TAMS 0x0000000083a00000, 0x0000000083900000| Complete 
|  58|0x0000000083a00000, 0x0000000083b00000, 0x0000000083b00000|100%|HC|  |TAMS 0x0000000083b00000, 0x0000000083a00000| Complete 
|  59|0x0000000083b00000, 0x0000000083c00000, 0x0000000083c00000|100%|HC|  |TAMS 0x0000000083c00000, 0x0000000083b00000| Complete 
|  60|0x0000000083c00000, 0x0000000083d00000, 0x0000000083d00000|100%|HS|  |TAMS 0x0000000083d00000, 0x0000000083c00000| Complete 
|  61|0x0000000083d00000, 0x0000000083e00000, 0x0000000083e00000|100%|HC|  |TAMS 0x0000000083e00000, 0x0000000083d00000| Complete 
|  62|0x0000000083e00000, 0x0000000083f00000, 0x0000000083f00000|100%|HC|  |TAMS 0x0000000083f00000, 0x0000000083e00000| Complete 
|  63|0x0000000083f00000, 0x0000000084000000, 0x0000000084000000|100%|HS|  |TAMS 0x0000000084000000, 0x0000000083f00000| Complete 
|  64|0x0000000084000000, 0x0000000084100000, 0x0000000084100000|100%|HC|  |TAMS 0x0000000084100000, 0x0000000084000000| Complete 
|  65|0x0000000084100000, 0x0000000084200000, 0x0000000084200000|100%|HS|  |TAMS 0x0000000084200000, 0x0000000084100000| Complete 
|  66|0x0000000084200000, 0x0000000084300000, 0x0000000084300000|100%|HC|  |TAMS 0x0000000084300000, 0x0000000084200000| Complete 
|  67|0x0000000084300000, 0x0000000084400000, 0x0000000084400000|100%|HC|  |TAMS 0x0000000084400000, 0x0000000084300000| Complete 
|  68|0x0000000084400000, 0x0000000084500000, 0x0000000084500000|100%|HC|  |TAMS 0x0000000084500000, 0x0000000084400000| Complete 
|  69|0x0000000084500000, 0x0000000084600000, 0x0000000084600000|100%|HC|  |TAMS 0x0000000084600000, 0x0000000084500000| Complete 
|  70|0x0000000084600000, 0x0000000084700000, 0x0000000084700000|100%|HS|  |TAMS 0x0000000084700000, 0x0000000084600000| Complete 
|  71|0x0000000084700000, 0x0000000084800000, 0x0000000084800000|100%|HC|  |TAMS 0x0000000084800000, 0x0000000084700000| Complete 
|  72|0x0000000084800000, 0x0000000084900000, 0x0000000084900000|100%|HC|  |TAMS 0x0000000084900000, 0x0000000084800000| Complete 
|  73|0x0000000084900000, 0x0000000084a00000, 0x0000000084a00000|100%|HC|  |TAMS 0x0000000084a00000, 0x0000000084900000| Complete 
|  74|0x0000000084a00000, 0x0000000084b00000, 0x0000000084b00000|100%|HC|  |TAMS 0x0000000084b00000, 0x0000000084a00000| Complete 
|  75|0x0000000084b00000, 0x0000000084c00000, 0x0000000084c00000|100%|HC|  |TAMS 0x0000000084c00000, 0x0000000084b00000| Complete 
|  76|0x0000000084c00000, 0x0000000084d00000, 0x0000000084d00000|100%|HC|  |TAMS 0x0000000084d00000, 0x0000000084c00000| Complete 
|  77|0x0000000084d00000, 0x0000000084e00000, 0x0000000084e00000|100%|HC|  |TAMS 0x0000000084e00000, 0x0000000084d00000| Complete 
|  78|0x0000000084e00000, 0x0000000084f00000, 0x0000000084f00000|100%|HC|  |TAMS 0x0000000084f00000, 0x0000000084e00000| Complete 
|  79|0x0000000084f00000, 0x0000000085000000, 0x0000000085000000|100%|HC|  |TAMS 0x0000000085000000, 0x0000000084f00000| Complete 
|  80|0x0000000085000000, 0x0000000085100000, 0x0000000085100000|100%|HS|  |TAMS 0x0000000085100000, 0x0000000085000000| Complete 
|  81|0x0000000085100000, 0x0000000085200000, 0x0000000085200000|100%|HC|  |TAMS 0x0000000085200000, 0x0000000085100000| Complete 
|  82|0x0000000085200000, 0x0000000085300000, 0x0000000085300000|100%|HS|  |TAMS 0x0000000085300000, 0x0000000085200000| Complete 
|  83|0x0000000085300000, 0x0000000085400000, 0x0000000085400000|100%|HC|  |TAMS 0x0000000085400000, 0x0000000085300000| Complete 
|  84|0x0000000085400000, 0x0000000085500000, 0x0000000085500000|100%|HC|  |TAMS 0x0000000085500000, 0x0000000085400000| Complete 
|  85|0x0000000085500000, 0x0000000085600000, 0x0000000085600000|100%|HS|  |TAMS 0x0000000085600000, 0x0000000085500000| Complete 
|  86|0x0000000085600000, 0x0000000085700000, 0x0000000085700000|100%|HC|  |TAMS 0x0000000085700000, 0x0000000085600000| Complete 
|  87|0x0000000085700000, 0x0000000085800000, 0x0000000085800000|100%|HS|  |TAMS 0x0000000085800000, 0x0000000085700000| Complete 
|  88|0x0000000085800000, 0x0000000085900000, 0x0000000085900000|100%|HC|  |TAMS 0x0000000085900000, 0x0000000085800000| Complete 
|  89|0x0000000085900000, 0x0000000085a00000, 0x0000000085a00000|100%|HC|  |TAMS 0x0000000085a00000, 0x0000000085900000| Complete 
|  90|0x0000000085a00000, 0x0000000085b00000, 0x0000000085b00000|100%|HS|  |TAMS 0x0000000085b00000, 0x0000000085a00000| Complete 
|  91|0x0000000085b00000, 0x0000000085c00000, 0x0000000085c00000|100%|HC|  |TAMS 0x0000000085c00000, 0x0000000085b00000| Complete 
|  92|0x0000000085c00000, 0x0000000085d00000, 0x0000000085d00000|100%|HC|  |TAMS 0x0000000085d00000, 0x0000000085c00000| Complete 
|  93|0x0000000085d00000, 0x0000000085e00000, 0x0000000085e00000|100%|HC|  |TAMS 0x0000000085e00000, 0x0000000085d00000| Complete 
|  94|0x0000000085e00000, 0x0000000085f00000, 0x0000000085f00000|100%|HC|  |TAMS 0x0000000085f00000, 0x0000000085e00000| Complete 
|  95|0x0000000085f00000, 0x0000000086000000, 0x0000000086000000|100%|HS|  |TAMS 0x0000000086000000, 0x0000000085f00000| Complete 
|  96|0x0000000086000000, 0x0000000086100000, 0x0000000086100000|100%|HC|  |TAMS 0x0000000086100000, 0x0000000086000000| Complete 
|  97|0x0000000086100000, 0x0000000086200000, 0x0000000086200000|100%|HC|  |TAMS 0x0000000086200000, 0x0000000086100000| Complete 
|  98|0x0000000086200000, 0x0000000086300000, 0x0000000086300000|100%|HC|  |TAMS 0x0000000086300000, 0x0000000086200000| Complete 
|  99|0x0000000086300000, 0x0000000086400000, 0x0000000086400000|100%|HC|  |TAMS 0x0000000086400000, 0x0000000086300000| Complete 
| 100|0x0000000086400000, 0x0000000086500000, 0x0000000086500000|100%|HC|  |TAMS 0x0000000086500000, 0x0000000086400000| Complete 
| 101|0x0000000086500000, 0x0000000086600000, 0x0000000086600000|100%|HC|  |TAMS 0x0000000086600000, 0x0000000086500000| Complete 
| 102|0x0000000086600000, 0x0000000086700000, 0x0000000086700000|100%|HC|  |TAMS 0x0000000086700000, 0x0000000086600000| Complete 
| 103|0x0000000086700000, 0x0000000086800000, 0x0000000086800000|100%|HC|  |TAMS 0x0000000086800000, 0x0000000086700000| Complete 
| 104|0x0000000086800000, 0x0000000086900000, 0x0000000086900000|100%|HC|  |TAMS 0x0000000086900000, 0x0000000086800000| Complete 
| 105|0x0000000086900000, 0x0000000086a00000, 0x0000000086a00000|100%|HS|  |TAMS 0x0000000086a00000, 0x0000000086900000| Complete 
| 106|0x0000000086a00000, 0x0000000086b00000, 0x0000000086b00000|100%|HC|  |TAMS 0x0000000086b00000, 0x0000000086a00000| Complete 
| 107|0x0000000086b00000, 0x0000000086c00000, 0x0000000086c00000|100%|HS|  |TAMS 0x0000000086c00000, 0x0000000086b00000| Complete 
| 108|0x0000000086c00000, 0x0000000086d00000, 0x0000000086d00000|100%|HC|  |TAMS 0x0000000086d00000, 0x0000000086c00000| Complete 
| 109|0x0000000086d00000, 0x0000000086e00000, 0x0000000086e00000|100%|HS|  |TAMS 0x0000000086e00000, 0x0000000086d00000| Complete 
| 110|0x0000000086e00000, 0x0000000086f00000, 0x0000000086f00000|100%|HC|  |TAMS 0x0000000086f00000, 0x0000000086e00000| Complete 
| 111|0x0000000086f00000, 0x0000000087000000, 0x0000000087000000|100%|HC|  |TAMS 0x0000000087000000, 0x0000000086f00000| Complete 
| 112|0x0000000087000000, 0x0000000087100000, 0x0000000087100000|100%|HS|  |TAMS 0x0000000087100000, 0x0000000087000000| Complete 
| 113|0x0000000087100000, 0x0000000087200000, 0x0000000087200000|100%|HC|  |TAMS 0x0000000087200000, 0x0000000087100000| Complete 
| 114|0x0000000087200000, 0x0000000087300000, 0x0000000087300000|100%|HC|  |TAMS 0x0000000087300000, 0x0000000087200000| Complete 
| 115|0x0000000087300000, 0x0000000087400000, 0x0000000087400000|100%|HS|  |TAMS 0x0000000087400000, 0x0000000087300000| Complete 
| 116|0x0000000087400000, 0x0000000087500000, 0x0000000087500000|100%|HC|  |TAMS 0x0000000087500000, 0x0000000087400000| Complete 
| 117|0x0000000087500000, 0x0000000087600000, 0x0000000087600000|100%|HS|  |TAMS 0x0000000087600000, 0x0000000087500000| Complete 
| 118|0x0000000087600000, 0x0000000087700000, 0x0000000087700000|100%|HC|  |TAMS 0x0000000087700000, 0x0000000087600000| Complete 
| 119|0x0000000087700000, 0x0000000087800000, 0x0000000087800000|100%|HC|  |TAMS 0x0000000087800000, 0x0000000087700000| Complete 
| 120|0x0000000087800000, 0x0000000087900000, 0x0000000087900000|100%|HC|  |TAMS 0x0000000087900000, 0x0000000087800000| Complete 
| 121|0x0000000087900000, 0x0000000087a00000, 0x0000000087a00000|100%|HC|  |TAMS 0x0000000087a00000, 0x0000000087900000| Complete 
| 122|0x0000000087a00000, 0x0000000087b00000, 0x0000000087b00000|100%|HS|  |TAMS 0x0000000087b00000, 0x0000000087a00000| Complete 
| 123|0x0000000087b00000, 0x0000000087c00000, 0x0000000087c00000|100%|HC|  |TAMS 0x0000000087c00000, 0x0000000087b00000| Complete 
| 124|0x0000000087c00000, 0x0000000087d00000, 0x0000000087d00000|100%|HC|  |TAMS 0x0000000087d00000, 0x0000000087c00000| Complete 
| 125|0x0000000087d00000, 0x0000000087e00000, 0x0000000087e00000|100%|HC|  |TAMS 0x0000000087e00000, 0x0000000087d00000| Complete 
| 126|0x0000000087e00000, 0x0000000087f00000, 0x0000000087f00000|100%|HC|  |TAMS 0x0000000087f00000, 0x0000000087e00000| Complete 
| 127|0x0000000087f00000, 0x0000000088000000, 0x0000000088000000|100%|HC|  |TAMS 0x0000000088000000, 0x0000000087f00000| Complete 
| 128|0x0000000088000000, 0x0000000088100000, 0x0000000088100000|100%|HC|  |TAMS 0x0000000088100000, 0x0000000088000000| Complete 
| 129|0x0000000088100000, 0x0000000088200000, 0x0000000088200000|100%|HC|  |TAMS 0x0000000088200000, 0x0000000088100000| Complete 
| 130|0x0000000088200000, 0x0000000088300000, 0x0000000088300000|100%|HC|  |TAMS 0x0000000088300000, 0x0000000088200000| Complete 
| 131|0x0000000088300000, 0x0000000088400000, 0x0000000088400000|100%|HC|  |TAMS 0x0000000088400000, 0x0000000088300000| Complete 
| 132|0x0000000088400000, 0x0000000088500000, 0x0000000088500000|100%|HS|  |TAMS 0x0000000088500000, 0x0000000088400000| Complete 
| 133|0x0000000088500000, 0x0000000088600000, 0x0000000088600000|100%|HC|  |TAMS 0x0000000088600000, 0x0000000088500000| Complete 
| 134|0x0000000088600000, 0x0000000088700000, 0x0000000088700000|100%| O|  |TAMS 0x0000000088700000, 0x0000000088600000| Untracked 
| 135|0x0000000088700000, 0x0000000088800000, 0x0000000088800000|100%| O|  |TAMS 0x0000000088800000, 0x0000000088700000| Untracked 
| 136|0x0000000088800000, 0x0000000088900000, 0x0000000088900000|100%| O|  |TAMS 0x0000000088900000, 0x0000000088800000| Untracked 
| 137|0x0000000088900000, 0x0000000088a00000, 0x0000000088a00000|100%| O|  |TAMS 0x0000000088a00000, 0x0000000088900000| Untracked 
| 138|0x0000000088a00000, 0x0000000088b00000, 0x0000000088b00000|100%| O|  |TAMS 0x0000000088b00000, 0x0000000088a00000| Untracked 
| 139|0x0000000088b00000, 0x0000000088c00000, 0x0000000088c00000|100%| O|  |TAMS 0x0000000088c00000, 0x0000000088b00000| Untracked 
| 140|0x0000000088c00000, 0x0000000088d00000, 0x0000000088d00000|100%| O|  |TAMS 0x0000000088d00000, 0x0000000088c00000| Untracked 
| 141|0x0000000088d00000, 0x0000000088e00000, 0x0000000088e00000|100%| O|  |TAMS 0x0000000088e00000, 0x0000000088d00000| Untracked 
| 142|0x0000000088e00000, 0x0000000088f00000, 0x0000000088f00000|100%| O|  |TAMS 0x0000000088f00000, 0x0000000088e00000| Untracked 
| 143|0x0000000088f00000, 0x0000000089000000, 0x0000000089000000|100%| O|  |TAMS 0x0000000089000000, 0x0000000088f00000| Untracked 
| 144|0x0000000089000000, 0x0000000089100000, 0x0000000089100000|100%| O|  |TAMS 0x0000000089100000, 0x0000000089000000| Untracked 
| 145|0x0000000089100000, 0x0000000089200000, 0x0000000089200000|100%| O|  |TAMS 0x0000000089200000, 0x0000000089100000| Untracked 
| 146|0x0000000089200000, 0x0000000089300000, 0x0000000089300000|100%| O|  |TAMS 0x0000000089300000, 0x0000000089200000| Untracked 
| 147|0x0000000089300000, 0x0000000089400000, 0x0000000089400000|100%| O|  |TAMS 0x0000000089400000, 0x0000000089300000| Untracked 
| 148|0x0000000089400000, 0x0000000089500000, 0x0000000089500000|100%| O|  |TAMS 0x0000000089500000, 0x0000000089400000| Untracked 
| 149|0x0000000089500000, 0x0000000089600000, 0x0000000089600000|100%| O|  |TAMS 0x0000000089600000, 0x0000000089500000| Untracked 
| 150|0x0000000089600000, 0x0000000089700000, 0x0000000089700000|100%| O|  |TAMS 0x0000000089700000, 0x0000000089600000| Untracked 
| 151|0x0000000089700000, 0x0000000089800000, 0x0000000089800000|100%| O|  |TAMS 0x0000000089800000, 0x0000000089700000| Untracked 
| 152|0x0000000089800000, 0x0000000089900000, 0x0000000089900000|100%| O|  |TAMS 0x0000000089900000, 0x0000000089800000| Untracked 
| 153|0x0000000089900000, 0x0000000089a00000, 0x0000000089a00000|100%| O|  |TAMS 0x0000000089a00000, 0x0000000089900000| Untracked 
| 154|0x0000000089a00000, 0x0000000089b00000, 0x0000000089b00000|100%| O|  |TAMS 0x0000000089b00000, 0x0000000089a00000| Untracked 
| 155|0x0000000089b00000, 0x0000000089c00000, 0x0000000089c00000|100%| O|  |TAMS 0x0000000089c00000, 0x0000000089b00000| Untracked 
| 156|0x0000000089c00000, 0x0000000089d00000, 0x0000000089d00000|100%| O|  |TAMS 0x0000000089d00000, 0x0000000089c00000| Untracked 
| 157|0x0000000089d00000, 0x0000000089e00000, 0x0000000089e00000|100%| O|  |TAMS 0x0000000089e00000, 0x0000000089d00000| Untracked 
| 158|0x0000000089e00000, 0x0000000089f00000, 0x0000000089f00000|100%| O|  |TAMS 0x0000000089f00000, 0x0000000089e00000| Untracked 
| 159|0x0000000089f00000, 0x000000008a000000, 0x000000008a000000|100%| O|  |TAMS 0x000000008a000000, 0x0000000089f00000| Untracked 
| 160|0x000000008a000000, 0x000000008a100000, 0x000000008a100000|100%| O|  |TAMS 0x000000008a100000, 0x000000008a000000| Untracked 
| 161|0x000000008a100000, 0x000000008a200000, 0x000000008a200000|100%| O|  |TAMS 0x000000008a200000, 0x000000008a100000| Untracked 
| 162|0x000000008a200000, 0x000000008a300000, 0x000000008a300000|100%| O|  |TAMS 0x000000008a300000, 0x000000008a200000| Untracked 
| 163|0x000000008a300000, 0x000000008a400000, 0x000000008a400000|100%| O|  |TAMS 0x000000008a400000, 0x000000008a300000| Untracked 
| 164|0x000000008a400000, 0x000000008a500000, 0x000000008a500000|100%| O|  |TAMS 0x000000008a466200, 0x000000008a400000| Untracked 
| 165|0x000000008a500000, 0x000000008a600000, 0x000000008a600000|100%| O|  |TAMS 0x000000008a600000, 0x000000008a500000| Untracked 
| 166|0x000000008a600000, 0x000000008a700000, 0x000000008a700000|100%| O|  |TAMS 0x000000008a700000, 0x000000008a600000| Untracked 
| 167|0x000000008a700000, 0x000000008a800000, 0x000000008a800000|100%| O|  |TAMS 0x000000008a800000, 0x000000008a700000| Untracked 
| 168|0x000000008a800000, 0x000000008a900000, 0x000000008a900000|100%| O|  |TAMS 0x000000008a900000, 0x000000008a800000| Untracked 
| 169|0x000000008a900000, 0x000000008aa00000, 0x000000008aa00000|100%| O|  |TAMS 0x000000008aa00000, 0x000000008a900000| Untracked 
| 170|0x000000008aa00000, 0x000000008ab00000, 0x000000008ab00000|100%| O|  |TAMS 0x000000008ab00000, 0x000000008aa00000| Untracked 
| 171|0x000000008ab00000, 0x000000008ac00000, 0x000000008ac00000|100%| O|  |TAMS 0x000000008ac00000, 0x000000008ab00000| Untracked 
| 172|0x000000008ac00000, 0x000000008ad00000, 0x000000008ad00000|100%| O|  |TAMS 0x000000008ad00000, 0x000000008ac00000| Untracked 
| 173|0x000000008ad00000, 0x000000008ae00000, 0x000000008ae00000|100%| O|  |TAMS 0x000000008ae00000, 0x000000008ad00000| Untracked 
| 174|0x000000008ae00000, 0x000000008af00000, 0x000000008af00000|100%| O|  |TAMS 0x000000008af00000, 0x000000008ae00000| Untracked 
| 175|0x000000008af00000, 0x000000008b000000, 0x000000008b000000|100%| O|  |TAMS 0x000000008af00000, 0x000000008af00000| Untracked 
| 176|0x000000008b000000, 0x000000008b100000, 0x000000008b100000|100%| O|  |TAMS 0x000000008b000000, 0x000000008b000000| Untracked 
| 177|0x000000008b100000, 0x000000008b1ede00, 0x000000008b200000| 92%| O|  |TAMS 0x000000008b100000, 0x000000008b100000| Untracked 
| 178|0x000000008b200000, 0x000000008b200000, 0x000000008b300000|  0%| F|  |TAMS 0x000000008b200000, 0x000000008b200000| Untracked 
| 179|0x000000008b300000, 0x000000008b300000, 0x000000008b400000|  0%| F|  |TAMS 0x000000008b300000, 0x000000008b300000| Untracked 
| 180|0x000000008b400000, 0x000000008b400000, 0x000000008b500000|  0%| F|  |TAMS 0x000000008b400000, 0x000000008b400000| Untracked 
| 181|0x000000008b500000, 0x000000008b500000, 0x000000008b600000|  0%| F|  |TAMS 0x000000008b500000, 0x000000008b500000| Untracked 
| 182|0x000000008b600000, 0x000000008b600000, 0x000000008b700000|  0%| F|  |TAMS 0x000000008b600000, 0x000000008b600000| Untracked 
| 183|0x000000008b700000, 0x000000008b700000, 0x000000008b800000|  0%| F|  |TAMS 0x000000008b700000, 0x000000008b700000| Untracked 
| 184|0x000000008b800000, 0x000000008b800000, 0x000000008b900000|  0%| F|  |TAMS 0x000000008b800000, 0x000000008b800000| Untracked 
| 185|0x000000008b900000, 0x000000008b900000, 0x000000008ba00000|  0%| F|  |TAMS 0x000000008b900000, 0x000000008b900000| Untracked 
| 186|0x000000008ba00000, 0x000000008ba00000, 0x000000008bb00000|  0%| F|  |TAMS 0x000000008ba00000, 0x000000008ba00000| Untracked 
| 187|0x000000008bb00000, 0x000000008bb00000, 0x000000008bc00000|  0%| F|  |TAMS 0x000000008bb00000, 0x000000008bb00000| Untracked 
| 188|0x000000008bc00000, 0x000000008bc00000, 0x000000008bd00000|  0%| F|  |TAMS 0x000000008bc00000, 0x000000008bc00000| Untracked 
| 189|0x000000008bd00000, 0x000000008bd00000, 0x000000008be00000|  0%| F|  |TAMS 0x000000008bd00000, 0x000000008bd00000| Untracked 
| 190|0x000000008be00000, 0x000000008be00000, 0x000000008bf00000|  0%| F|  |TAMS 0x000000008be00000, 0x000000008be00000| Untracked 
| 191|0x000000008bf00000, 0x000000008bf00000, 0x000000008c000000|  0%| F|  |TAMS 0x000000008bf00000, 0x000000008bf00000| Untracked 
| 192|0x000000008c000000, 0x000000008c000000, 0x000000008c100000|  0%| F|  |TAMS 0x000000008c000000, 0x000000008c000000| Untracked 
| 193|0x000000008c100000, 0x000000008c100000, 0x000000008c200000|  0%| F|  |TAMS 0x000000008c100000, 0x000000008c100000| Untracked 
| 194|0x000000008c200000, 0x000000008c200000, 0x000000008c300000|  0%| F|  |TAMS 0x000000008c200000, 0x000000008c200000| Untracked 
| 195|0x000000008c300000, 0x000000008c300000, 0x000000008c400000|  0%| F|  |TAMS 0x000000008c300000, 0x000000008c300000| Untracked 
| 196|0x000000008c400000, 0x000000008c400000, 0x000000008c500000|  0%| F|  |TAMS 0x000000008c400000, 0x000000008c400000| Untracked 
| 197|0x000000008c500000, 0x000000008c500000, 0x000000008c600000|  0%| F|  |TAMS 0x000000008c500000, 0x000000008c500000| Untracked 
| 198|0x000000008c600000, 0x000000008c600000, 0x000000008c700000|  0%| F|  |TAMS 0x000000008c600000, 0x000000008c600000| Untracked 
| 199|0x000000008c700000, 0x000000008c700000, 0x000000008c800000|  0%| F|  |TAMS 0x000000008c700000, 0x000000008c700000| Untracked 
| 200|0x000000008c800000, 0x000000008c800000, 0x000000008c900000|  0%| F|  |TAMS 0x000000008c800000, 0x000000008c800000| Untracked 
| 201|0x000000008c900000, 0x000000008c900000, 0x000000008ca00000|  0%| F|  |TAMS 0x000000008c900000, 0x000000008c900000| Untracked 
| 202|0x000000008ca00000, 0x000000008ca00000, 0x000000008cb00000|  0%| F|  |TAMS 0x000000008ca00000, 0x000000008ca00000| Untracked 
| 203|0x000000008cb00000, 0x000000008cb00000, 0x000000008cc00000|  0%| F|  |TAMS 0x000000008cb00000, 0x000000008cb00000| Untracked 
| 204|0x000000008cc00000, 0x000000008cc00000, 0x000000008cd00000|  0%| F|  |TAMS 0x000000008cc00000, 0x000000008cc00000| Untracked 
| 205|0x000000008cd00000, 0x000000008cd00000, 0x000000008ce00000|  0%| F|  |TAMS 0x000000008cd00000, 0x000000008cd00000| Untracked 
| 206|0x000000008ce00000, 0x000000008ce00000, 0x000000008cf00000|  0%| F|  |TAMS 0x000000008ce00000, 0x000000008ce00000| Untracked 
| 207|0x000000008cf00000, 0x000000008cf00000, 0x000000008d000000|  0%| F|  |TAMS 0x000000008cf00000, 0x000000008cf00000| Untracked 
| 208|0x000000008d000000, 0x000000008d000000, 0x000000008d100000|  0%| F|  |TAMS 0x000000008d000000, 0x000000008d000000| Untracked 
| 209|0x000000008d100000, 0x000000008d100000, 0x000000008d200000|  0%| F|  |TAMS 0x000000008d100000, 0x000000008d100000| Untracked 
| 210|0x000000008d200000, 0x000000008d200000, 0x000000008d300000|  0%| F|  |TAMS 0x000000008d200000, 0x000000008d200000| Untracked 
| 211|0x000000008d300000, 0x000000008d300000, 0x000000008d400000|  0%| F|  |TAMS 0x000000008d300000, 0x000000008d300000| Untracked 
| 212|0x000000008d400000, 0x000000008d400000, 0x000000008d500000|  0%| F|  |TAMS 0x000000008d400000, 0x000000008d400000| Untracked 
| 213|0x000000008d500000, 0x000000008d500000, 0x000000008d600000|  0%| F|  |TAMS 0x000000008d500000, 0x000000008d500000| Untracked 
| 214|0x000000008d600000, 0x000000008d600000, 0x000000008d700000|  0%| F|  |TAMS 0x000000008d600000, 0x000000008d600000| Untracked 
| 215|0x000000008d700000, 0x000000008d700000, 0x000000008d800000|  0%| F|  |TAMS 0x000000008d700000, 0x000000008d700000| Untracked 
| 216|0x000000008d800000, 0x000000008d900000, 0x000000008d900000|100%| S|CS|TAMS 0x000000008d800000, 0x000000008d800000| Complete 
| 217|0x000000008d900000, 0x000000008da00000, 0x000000008da00000|100%| S|CS|TAMS 0x000000008d900000, 0x000000008d900000| Complete 
| 218|0x000000008da00000, 0x000000008db00000, 0x000000008db00000|100%| S|CS|TAMS 0x000000008da00000, 0x000000008da00000| Complete 
| 219|0x000000008db00000, 0x000000008dc00000, 0x000000008dc00000|100%| S|CS|TAMS 0x000000008db00000, 0x000000008db00000| Complete 
| 220|0x000000008dc00000, 0x000000008dd00000, 0x000000008dd00000|100%| S|CS|TAMS 0x000000008dc00000, 0x000000008dc00000| Complete 
| 221|0x000000008dd00000, 0x000000008de00000, 0x000000008de00000|100%| S|CS|TAMS 0x000000008dd00000, 0x000000008dd00000| Complete 
| 222|0x000000008de00000, 0x000000008df00000, 0x000000008df00000|100%| S|CS|TAMS 0x000000008de00000, 0x000000008de00000| Complete 
| 223|0x000000008df00000, 0x000000008df00000, 0x000000008e000000|  0%| F|  |TAMS 0x000000008df00000, 0x000000008df00000| Untracked 
| 224|0x000000008e000000, 0x000000008e100000, 0x000000008e100000|100%| S|CS|TAMS 0x000000008e000000, 0x000000008e000000| Complete 
| 225|0x000000008e100000, 0x000000008e200000, 0x000000008e200000|100%| S|CS|TAMS 0x000000008e100000, 0x000000008e100000| Complete 
| 226|0x000000008e200000, 0x000000008e300000, 0x000000008e300000|100%| S|CS|TAMS 0x000000008e200000, 0x000000008e200000| Complete 
| 227|0x000000008e300000, 0x000000008e300000, 0x000000008e400000|  0%| F|  |TAMS 0x000000008e300000, 0x000000008e300000| Untracked 
| 228|0x000000008e400000, 0x000000008e400000, 0x000000008e500000|  0%| F|  |TAMS 0x000000008e400000, 0x000000008e400000| Untracked 
| 229|0x000000008e500000, 0x000000008e500000, 0x000000008e600000|  0%| F|  |TAMS 0x000000008e500000, 0x000000008e500000| Untracked 
| 230|0x000000008e600000, 0x000000008e600000, 0x000000008e700000|  0%| F|  |TAMS 0x000000008e600000, 0x000000008e600000| Untracked 
| 231|0x000000008e700000, 0x000000008e700000, 0x000000008e800000|  0%| F|  |TAMS 0x000000008e700000, 0x000000008e700000| Untracked 
| 232|0x000000008e800000, 0x000000008e800000, 0x000000008e900000|  0%| F|  |TAMS 0x000000008e800000, 0x000000008e800000| Untracked 
| 233|0x000000008e900000, 0x000000008e900000, 0x000000008ea00000|  0%| F|  |TAMS 0x000000008e900000, 0x000000008e900000| Untracked 
| 234|0x000000008ea00000, 0x000000008ea00000, 0x000000008eb00000|  0%| F|  |TAMS 0x000000008ea00000, 0x000000008ea00000| Untracked 
| 235|0x000000008eb00000, 0x000000008eb00000, 0x000000008ec00000|  0%| F|  |TAMS 0x000000008eb00000, 0x000000008eb00000| Untracked 
| 236|0x000000008ec00000, 0x000000008ec00000, 0x000000008ed00000|  0%| F|  |TAMS 0x000000008ec00000, 0x000000008ec00000| Untracked 
| 237|0x000000008ed00000, 0x000000008ed00000, 0x000000008ee00000|  0%| F|  |TAMS 0x000000008ed00000, 0x000000008ed00000| Untracked 
| 238|0x000000008ee00000, 0x000000008ee00000, 0x000000008ef00000|  0%| F|  |TAMS 0x000000008ee00000, 0x000000008ee00000| Untracked 
| 239|0x000000008ef00000, 0x000000008ef00000, 0x000000008f000000|  0%| F|  |TAMS 0x000000008ef00000, 0x000000008ef00000| Untracked 
| 240|0x000000008f000000, 0x000000008f000000, 0x000000008f100000|  0%| F|  |TAMS 0x000000008f000000, 0x000000008f000000| Untracked 
| 241|0x000000008f100000, 0x000000008f100000, 0x000000008f200000|  0%| F|  |TAMS 0x000000008f100000, 0x000000008f100000| Untracked 
| 242|0x000000008f200000, 0x000000008f200000, 0x000000008f300000|  0%| F|  |TAMS 0x000000008f200000, 0x000000008f200000| Untracked 
| 243|0x000000008f300000, 0x000000008f300000, 0x000000008f400000|  0%| F|  |TAMS 0x000000008f300000, 0x000000008f300000| Untracked 
| 244|0x000000008f400000, 0x000000008f400000, 0x000000008f500000|  0%| F|  |TAMS 0x000000008f400000, 0x000000008f400000| Untracked 
| 245|0x000000008f500000, 0x000000008f500000, 0x000000008f600000|  0%| F|  |TAMS 0x000000008f500000, 0x000000008f500000| Untracked 
| 246|0x000000008f600000, 0x000000008f600000, 0x000000008f700000|  0%| F|  |TAMS 0x000000008f600000, 0x000000008f600000| Untracked 
| 247|0x000000008f700000, 0x000000008f700000, 0x000000008f800000|  0%| F|  |TAMS 0x000000008f700000, 0x000000008f700000| Untracked 
| 248|0x000000008f800000, 0x000000008f800000, 0x000000008f900000|  0%| F|  |TAMS 0x000000008f800000, 0x000000008f800000| Untracked 
| 249|0x000000008f900000, 0x000000008f900000, 0x000000008fa00000|  0%| F|  |TAMS 0x000000008f900000, 0x000000008f900000| Untracked 
| 250|0x000000008fa00000, 0x000000008fa00000, 0x000000008fb00000|  0%| F|  |TAMS 0x000000008fa00000, 0x000000008fa00000| Untracked 
| 251|0x000000008fb00000, 0x000000008fb00000, 0x000000008fc00000|  0%| F|  |TAMS 0x000000008fb00000, 0x000000008fb00000| Untracked 
| 252|0x000000008fc00000, 0x000000008fc00000, 0x000000008fd00000|  0%| F|  |TAMS 0x000000008fc00000, 0x000000008fc00000| Untracked 
| 253|0x000000008fd00000, 0x000000008fd00000, 0x000000008fe00000|  0%| F|  |TAMS 0x000000008fd00000, 0x000000008fd00000| Untracked 
| 254|0x000000008fe00000, 0x000000008fe00000, 0x000000008ff00000|  0%| F|  |TAMS 0x000000008fe00000, 0x000000008fe00000| Untracked 
| 255|0x000000008ff00000, 0x000000008ff00000, 0x0000000090000000|  0%| F|  |TAMS 0x000000008ff00000, 0x000000008ff00000| Untracked 
| 256|0x0000000090000000, 0x0000000090000000, 0x0000000090100000|  0%| F|  |TAMS 0x0000000090000000, 0x0000000090000000| Untracked 
| 257|0x0000000090100000, 0x0000000090100000, 0x0000000090200000|  0%| F|  |TAMS 0x0000000090100000, 0x0000000090100000| Untracked 
| 258|0x0000000090200000, 0x0000000090200000, 0x0000000090300000|  0%| F|  |TAMS 0x0000000090200000, 0x0000000090200000| Untracked 
| 259|0x0000000090300000, 0x0000000090300000, 0x0000000090400000|  0%| F|  |TAMS 0x0000000090300000, 0x0000000090300000| Untracked 
| 260|0x0000000090400000, 0x0000000090400000, 0x0000000090500000|  0%| F|  |TAMS 0x0000000090400000, 0x0000000090400000| Untracked 
| 261|0x0000000090500000, 0x0000000090500000, 0x0000000090600000|  0%| F|  |TAMS 0x0000000090500000, 0x0000000090500000| Untracked 
| 262|0x0000000090600000, 0x0000000090600000, 0x0000000090700000|  0%| F|  |TAMS 0x0000000090600000, 0x0000000090600000| Untracked 
| 263|0x0000000090700000, 0x0000000090700000, 0x0000000090800000|  0%| F|  |TAMS 0x0000000090700000, 0x0000000090700000| Untracked 
| 264|0x0000000090800000, 0x0000000090800000, 0x0000000090900000|  0%| F|  |TAMS 0x0000000090800000, 0x0000000090800000| Untracked 
| 265|0x0000000090900000, 0x0000000090900000, 0x0000000090a00000|  0%| F|  |TAMS 0x0000000090900000, 0x0000000090900000| Untracked 
| 266|0x0000000090a00000, 0x0000000090a00000, 0x0000000090b00000|  0%| F|  |TAMS 0x0000000090a00000, 0x0000000090a00000| Untracked 
| 267|0x0000000090b00000, 0x0000000090b00000, 0x0000000090c00000|  0%| F|  |TAMS 0x0000000090b00000, 0x0000000090b00000| Untracked 
| 268|0x0000000090c00000, 0x0000000090c00000, 0x0000000090d00000|  0%| F|  |TAMS 0x0000000090c00000, 0x0000000090c00000| Untracked 
| 269|0x0000000090d00000, 0x0000000090d00000, 0x0000000090e00000|  0%| F|  |TAMS 0x0000000090d00000, 0x0000000090d00000| Untracked 
| 270|0x0000000090e00000, 0x0000000090e00000, 0x0000000090f00000|  0%| F|  |TAMS 0x0000000090e00000, 0x0000000090e00000| Untracked 
| 271|0x0000000090f00000, 0x0000000090f00000, 0x0000000091000000|  0%| F|  |TAMS 0x0000000090f00000, 0x0000000090f00000| Untracked 
| 272|0x0000000091000000, 0x0000000091000000, 0x0000000091100000|  0%| F|  |TAMS 0x0000000091000000, 0x0000000091000000| Untracked 
| 273|0x0000000091100000, 0x0000000091100000, 0x0000000091200000|  0%| F|  |TAMS 0x0000000091100000, 0x0000000091100000| Untracked 
| 274|0x0000000091200000, 0x0000000091200000, 0x0000000091300000|  0%| F|  |TAMS 0x0000000091200000, 0x0000000091200000| Untracked 
| 275|0x0000000091300000, 0x0000000091300000, 0x0000000091400000|  0%| F|  |TAMS 0x0000000091300000, 0x0000000091300000| Untracked 
| 276|0x0000000091400000, 0x0000000091400000, 0x0000000091500000|  0%| F|  |TAMS 0x0000000091400000, 0x0000000091400000| Untracked 
| 277|0x0000000091500000, 0x0000000091500000, 0x0000000091600000|  0%| F|  |TAMS 0x0000000091500000, 0x0000000091500000| Untracked 
| 278|0x0000000091600000, 0x0000000091600000, 0x0000000091700000|  0%| F|  |TAMS 0x0000000091600000, 0x0000000091600000| Untracked 
| 279|0x0000000091700000, 0x0000000091700000, 0x0000000091800000|  0%| F|  |TAMS 0x0000000091700000, 0x0000000091700000| Untracked 
| 280|0x0000000091800000, 0x0000000091800000, 0x0000000091900000|  0%| F|  |TAMS 0x0000000091800000, 0x0000000091800000| Untracked 
| 281|0x0000000091900000, 0x0000000091900000, 0x0000000091a00000|  0%| F|  |TAMS 0x0000000091900000, 0x0000000091900000| Untracked 
| 282|0x0000000091a00000, 0x0000000091a00000, 0x0000000091b00000|  0%| F|  |TAMS 0x0000000091a00000, 0x0000000091a00000| Untracked 
| 283|0x0000000091b00000, 0x0000000091b00000, 0x0000000091c00000|  0%| F|  |TAMS 0x0000000091b00000, 0x0000000091b00000| Untracked 
| 284|0x0000000091c00000, 0x0000000091c00000, 0x0000000091d00000|  0%| F|  |TAMS 0x0000000091c00000, 0x0000000091c00000| Untracked 
| 285|0x0000000091d00000, 0x0000000091d00000, 0x0000000091e00000|  0%| F|  |TAMS 0x0000000091d00000, 0x0000000091d00000| Untracked 
| 286|0x0000000091e00000, 0x0000000091e00000, 0x0000000091f00000|  0%| F|  |TAMS 0x0000000091e00000, 0x0000000091e00000| Untracked 
| 287|0x0000000091f00000, 0x0000000091f00000, 0x0000000092000000|  0%| F|  |TAMS 0x0000000091f00000, 0x0000000091f00000| Untracked 
| 288|0x0000000092000000, 0x0000000092000000, 0x0000000092100000|  0%| F|  |TAMS 0x0000000092000000, 0x0000000092000000| Untracked 
| 289|0x0000000092100000, 0x0000000092100000, 0x0000000092200000|  0%| F|  |TAMS 0x0000000092100000, 0x0000000092100000| Untracked 
| 290|0x0000000092200000, 0x0000000092200000, 0x0000000092300000|  0%| F|  |TAMS 0x0000000092200000, 0x0000000092200000| Untracked 
| 291|0x0000000092300000, 0x0000000092300000, 0x0000000092400000|  0%| F|  |TAMS 0x0000000092300000, 0x0000000092300000| Untracked 
| 292|0x0000000092400000, 0x0000000092400000, 0x0000000092500000|  0%| F|  |TAMS 0x0000000092400000, 0x0000000092400000| Untracked 
| 293|0x0000000092500000, 0x0000000092500000, 0x0000000092600000|  0%| F|  |TAMS 0x0000000092500000, 0x0000000092500000| Untracked 
| 294|0x0000000092600000, 0x00000000926b1c20, 0x0000000092700000| 69%| E|  |TAMS 0x0000000092600000, 0x0000000092600000| Complete 
| 295|0x0000000092700000, 0x0000000092800000, 0x0000000092800000|100%| E|CS|TAMS 0x0000000092700000, 0x0000000092700000| Complete 
| 296|0x0000000092800000, 0x0000000092900000, 0x0000000092900000|100%| E|CS|TAMS 0x0000000092800000, 0x0000000092800000| Complete 
| 297|0x0000000092900000, 0x0000000092a00000, 0x0000000092a00000|100%| E|CS|TAMS 0x0000000092900000, 0x0000000092900000| Complete 
| 298|0x0000000092a00000, 0x0000000092b00000, 0x0000000092b00000|100%| E|CS|TAMS 0x0000000092a00000, 0x0000000092a00000| Complete 
| 299|0x0000000092b00000, 0x0000000092c00000, 0x0000000092c00000|100%| E|CS|TAMS 0x0000000092b00000, 0x0000000092b00000| Complete 
| 300|0x0000000092c00000, 0x0000000092d00000, 0x0000000092d00000|100%| E|CS|TAMS 0x0000000092c00000, 0x0000000092c00000| Complete 
| 301|0x0000000092d00000, 0x0000000092e00000, 0x0000000092e00000|100%| E|CS|TAMS 0x0000000092d00000, 0x0000000092d00000| Complete 
| 302|0x0000000092e00000, 0x0000000092f00000, 0x0000000092f00000|100%| E|CS|TAMS 0x0000000092e00000, 0x0000000092e00000| Complete 
| 303|0x0000000092f00000, 0x0000000093000000, 0x0000000093000000|100%| E|CS|TAMS 0x0000000092f00000, 0x0000000092f00000| Complete 
| 304|0x0000000093000000, 0x0000000093100000, 0x0000000093100000|100%| E|CS|TAMS 0x0000000093000000, 0x0000000093000000| Complete 
| 305|0x0000000093100000, 0x0000000093200000, 0x0000000093200000|100%| O|  |TAMS 0x0000000093200000, 0x0000000093100000| Untracked 
| 306|0x0000000093200000, 0x0000000093300000, 0x0000000093300000|100%| O|  |TAMS 0x0000000093300000, 0x0000000093200000| Untracked 
| 307|0x0000000093300000, 0x0000000093400000, 0x0000000093400000|100%| O|  |TAMS 0x0000000093400000, 0x0000000093300000| Untracked 
| 308|0x0000000093400000, 0x0000000093500000, 0x0000000093500000|100%| O|  |TAMS 0x0000000093500000, 0x0000000093400000| Untracked 
| 309|0x0000000093500000, 0x0000000093600000, 0x0000000093600000|100%| O|  |TAMS 0x0000000093600000, 0x0000000093500000| Untracked 
| 310|0x0000000093600000, 0x0000000093700000, 0x0000000093700000|100%| O|  |TAMS 0x0000000093700000, 0x0000000093600000| Untracked 

Card table byte_map: [0x0000028f6a4a0000,0x0000028f6a8a0000] _byte_map_base: 0x0000028f6a0a0000

Marking Bits (Prev, Next): (CMBitMap*) 0x0000028f575c35e8, (CMBitMap*) 0x0000028f575c3620
 Prev Bits: [0x0000028f6aca0000, 0x0000028f6cca0000)
 Next Bits: [0x0000028f6cca0000, 0x0000028f6eca0000)

Polling page: 0x0000028f55590000

Metaspace:

Usage:
  Non-class:     93.41 MB capacity,    91.36 MB ( 98%) used,     1.73 MB (  2%) free+waste,   324.19 KB ( <1%) overhead. 
      Class:     14.00 MB capacity,    13.03 MB ( 93%) used,   849.59 KB (  6%) free+waste,   144.81 KB (  1%) overhead. 
       Both:    107.41 MB capacity,   104.38 MB ( 97%) used,     2.56 MB (  2%) free+waste,   469.00 KB ( <1%) overhead. 

Virtual space:
  Non-class space:       94.00 MB reserved,      93.55 MB (>99%) committed 
      Class space:        1.00 GB reserved,      14.00 MB (  1%) committed 
             Both:        1.09 GB reserved,     107.55 MB ( 10%) committed 

Chunk freelists:
   Non-Class:  12.00 KB
       Class:  4.00 KB
        Both:  16.00 KB

MaxMetaspaceSize: 17179869184.00 GB
CompressedClassSpaceSize: 1.00 GB
Initial GC threshold: 20.80 MB
Current GC threshold: 176.12 MB
CDS: off

CodeHeap 'non-profiled nmethods': size=120064Kb used=7740Kb max_used=7740Kb free=112323Kb
 bounds [0x0000028f62b60000, 0x0000028f632f0000, 0x0000028f6a0a0000]
CodeHeap 'profiled nmethods': size=120000Kb used=29161Kb max_used=29161Kb free=90838Kb
 bounds [0x0000028f5b630000, 0x0000028f5d2b0000, 0x0000028f62b60000]
CodeHeap 'non-nmethods': size=5696Kb used=2403Kb max_used=2458Kb free=3292Kb
 bounds [0x0000028f5b0a0000, 0x0000028f5b320000, 0x0000028f5b630000]
 total_blobs=14196 nmethods=13263 adapters=846
 compilation: enabled
              stopped_count=0, restarted_count=0
 full_count=0

Compilation events (20 events):
Event: 82.509 Thread 0x0000028f71a77000 13306       4       java.io.ObjectStreamField::getTypeCode (9 bytes)
Event: 82.510 Thread 0x0000028f71a84800 nmethod 13314 0x0000028f5d2a3d90 code [0x0000028f5d2a3fe0, 0x0000028f5d2a49b8]
Event: 82.510 Thread 0x0000028f71a84800 13316       3       org.gradle.execution.plan.Node::isComplete (43 bytes)
Event: 82.510 Thread 0x0000028f71a84800 nmethod 13316 0x0000028f5d2a4d10 code [0x0000028f5d2a4ec0, 0x0000028f5d2a50f8]
Event: 82.510 Thread 0x0000028f71a84800 13317       3       java.io.ObjectOutputStream$BlockDataOutputStream::writeLong (48 bytes)
Event: 82.510 Thread 0x0000028f71a84800 nmethod 13317 0x0000028f5d2a5190 code [0x0000028f5d2a5360, 0x0000028f5d2a5558]
Event: 82.510 Thread 0x0000028f71a84800 13315       3       org.gradle.api.internal.file.DefaultFileCollectionFactory$ResolvingFileCollection::<init> (28 bytes)
Event: 82.510 Thread 0x0000028f71a84800 nmethod 13315 0x0000028f5d2a5690 code [0x0000028f5d2a5860, 0x0000028f5d2a5c38]
Event: 82.510 Thread 0x0000028f71a84800 13318       3       java.util.EnumSet::noneOf (63 bytes)
Event: 82.511 Thread 0x0000028f71a84800 nmethod 13318 0x0000028f5d2a5d90 code [0x0000028f5d2a60a0, 0x0000028f5d2a70a8]
Event: 82.511 Thread 0x0000028f71a84800 13319       3       java.util.RegularEnumSet::<init> (12 bytes)
Event: 82.512 Thread 0x0000028f71a84800 nmethod 13319 0x0000028f5d2a7690 code [0x0000028f5d2a7860, 0x0000028f5d2a7b98]
Event: 82.516 Thread 0x0000028f71a84800 13320       3       com.google.common.collect.RegularImmutableSet::spliterator (11 bytes)
Event: 82.516 Thread 0x0000028f71a84800 nmethod 13320 0x0000028f5d2a7d10 code [0x0000028f5d2a7f00, 0x0000028f5d2a82b8]
Event: 82.517 Thread 0x0000028f71a84800 13321       3       java.util.Formatter$Flags::<init> (10 bytes)
Event: 82.518 Thread 0x0000028f71a84800 nmethod 13321 0x0000028f5d2a8490 code [0x0000028f5d2a8640, 0x0000028f5d2a8798]
Event: 82.518 Thread 0x0000028f71a84800 13322       3       org.gradle.internal.remote.internal.inet.SocketConnection$SocketOutputStream::flush (18 bytes)
Event: 82.519 Thread 0x0000028f71a84800 nmethod 13322 0x0000028f5d2a8890 code [0x0000028f5d2a8aa0, 0x0000028f5d2a8f58]
Event: 82.519 Thread 0x0000028f71a84800 13323   !   3       org.gradle.internal.remote.internal.inet.SocketConnection::flush (46 bytes)
Event: 82.520 Thread 0x0000028f71a84800 nmethod 13323 0x0000028f5d2a9110 code [0x0000028f5d2a93c0, 0x0000028f5d2aa0a8]

GC Heap History (20 events):
Event: 6.158 GC heap before
{Heap before GC invocations=9 (full 0):
 garbage-first heap   total 260096K, used 168827K [0x0000000080000000, 0x0000000100000000)
  region size 1024K, 144 young (147456K), 14 survivors (14336K)
 Metaspace       used 55479K, capacity 57010K, committed 57244K, reserved 1099776K
  class space    used 7059K, capacity 7603K, committed 7680K, reserved 1048576K
}
Event: 6.177 GC heap after
{Heap after GC invocations=10 (full 0):
 garbage-first heap   total 260096K, used 45622K [0x0000000080000000, 0x0000000100000000)
  region size 1024K, 18 young (18432K), 18 survivors (18432K)
 Metaspace       used 55479K, capacity 57010K, committed 57244K, reserved 1099776K
  class space    used 7059K, capacity 7603K, committed 7680K, reserved 1048576K
}
Event: 7.500 GC heap before
{Heap before GC invocations=10 (full 0):
 garbage-first heap   total 260096K, used 191030K [0x0000000080000000, 0x0000000100000000)
  region size 1024K, 152 young (155648K), 18 survivors (18432K)
 Metaspace       used 67408K, capacity 69154K, committed 69276K, reserved 1110016K
  class space    used 8507K, capacity 9132K, committed 9216K, reserved 1048576K
}
Event: 7.522 GC heap after
{Heap after GC invocations=11 (full 0):
 garbage-first heap   total 260096K, used 55655K [0x0000000080000000, 0x0000000100000000)
  region size 1024K, 11 young (11264K), 11 survivors (11264K)
 Metaspace       used 67408K, capacity 69154K, committed 69276K, reserved 1110016K
  class space    used 8507K, capacity 9132K, committed 9216K, reserved 1048576K
}
Event: 8.528 GC heap before
{Heap before GC invocations=11 (full 0):
 garbage-first heap   total 260096K, used 154983K [0x0000000080000000, 0x0000000100000000)
  region size 1024K, 109 young (111616K), 11 survivors (11264K)
 Metaspace       used 76096K, capacity 77952K, committed 78128K, reserved 1118208K
  class space    used 9717K, capacity 10400K, committed 10496K, reserved 1048576K
}
Event: 8.550 GC heap after
{Heap after GC invocations=12 (full 0):
 garbage-first heap   total 312320K, used 65024K [0x0000000080000000, 0x0000000100000000)
  region size 1024K, 9 young (9216K), 9 survivors (9216K)
 Metaspace       used 76096K, capacity 77952K, committed 78128K, reserved 1118208K
  class space    used 9717K, capacity 10400K, committed 10496K, reserved 1048576K
}
Event: 23.683 GC heap before
{Heap before GC invocations=13 (full 0):
 garbage-first heap   total 312320K, used 288256K [0x0000000080000000, 0x0000000100000000)
  region size 1024K, 149 young (152576K), 9 survivors (9216K)
 Metaspace       used 85757K, capacity 88273K, committed 88368K, reserved 1126400K
  class space    used 10856K, capacity 11695K, committed 11776K, reserved 1048576K
}
Event: 23.707 GC heap after
{Heap after GC invocations=14 (full 0):
 garbage-first heap   total 318464K, used 165376K [0x0000000080000000, 0x0000000100000000)
  region size 1024K, 19 young (19456K), 19 survivors (19456K)
 Metaspace       used 85757K, capacity 88273K, committed 88368K, reserved 1126400K
  class space    used 10856K, capacity 11695K, committed 11776K, reserved 1048576K
}
Event: 24.068 GC heap before
{Heap before GC invocations=15 (full 0):
 garbage-first heap   total 318464K, used 233984K [0x0000000080000000, 0x0000000100000000)
  region size 1024K, 88 young (90112K), 19 survivors (19456K)
 Metaspace       used 87842K, capacity 90458K, committed 90800K, reserved 1128448K
  class space    used 11099K, capacity 12033K, committed 12160K, reserved 1048576K
}
Event: 24.089 GC heap after
{Heap after GC invocations=16 (full 0):
 garbage-first heap   total 318464K, used 168755K [0x0000000080000000, 0x0000000100000000)
  region size 1024K, 3 young (3072K), 3 survivors (3072K)
 Metaspace       used 87842K, capacity 90458K, committed 90800K, reserved 1128448K
  class space    used 11099K, capacity 12033K, committed 12160K, reserved 1048576K
}
Event: 25.261 GC heap before
{Heap before GC invocations=17 (full 0):
 garbage-first heap   total 318464K, used 251699K [0x0000000080000000, 0x0000000100000000)
  region size 1024K, 83 young (84992K), 3 survivors (3072K)
 Metaspace       used 96780K, capacity 99665K, committed 99888K, reserved 1136640K
  class space    used 12252K, capacity 13238K, committed 13312K, reserved 1048576K
}
Event: 25.268 GC heap after
{Heap after GC invocations=18 (full 0):
 garbage-first heap   total 318464K, used 171534K [0x0000000080000000, 0x0000000100000000)
  region size 1024K, 6 young (6144K), 6 survivors (6144K)
 Metaspace       used 96780K, capacity 99665K, committed 99888K, reserved 1136640K
  class space    used 12252K, capacity 13238K, committed 13312K, reserved 1048576K
}
Event: 26.416 GC heap before
{Heap before GC invocations=18 (full 0):
 garbage-first heap   total 318464K, used 253454K [0x0000000080000000, 0x0000000100000000)
  region size 1024K, 87 young (89088K), 6 survivors (6144K)
 Metaspace       used 100281K, capacity 103124K, committed 103344K, reserved 1138688K
  class space    used 12607K, capacity 13622K, committed 13696K, reserved 1048576K
}
Event: 26.433 GC heap after
{Heap after GC invocations=19 (full 0):
 garbage-first heap   total 318464K, used 179188K [0x0000000080000000, 0x0000000100000000)
  region size 1024K, 11 young (11264K), 11 survivors (11264K)
 Metaspace       used 100281K, capacity 103124K, committed 103344K, reserved 1138688K
  class space    used 12607K, capacity 13622K, committed 13696K, reserved 1048576K
}
Event: 27.522 GC heap before
{Heap before GC invocations=20 (full 0):
 garbage-first heap   total 318464K, used 258036K [0x0000000080000000, 0x0000000100000000)
  region size 1024K, 89 young (91136K), 11 survivors (11264K)
 Metaspace       used 102724K, capacity 105563K, committed 105776K, reserved 1140736K
  class space    used 12848K, capacity 13817K, committed 13824K, reserved 1048576K
}
Event: 27.538 GC heap after
{Heap after GC invocations=21 (full 0):
 garbage-first heap   total 318464K, used 185122K [0x0000000080000000, 0x0000000100000000)
  region size 1024K, 7 young (7168K), 7 survivors (7168K)
 Metaspace       used 102724K, capacity 105563K, committed 105776K, reserved 1140736K
  class space    used 12848K, capacity 13817K, committed 13824K, reserved 1048576K
}
Event: 71.493 GC heap before
{Heap before GC invocations=21 (full 0):
 garbage-first heap   total 318464K, used 261922K [0x0000000080000000, 0x0000000100000000)
  region size 1024K, 82 young (83968K), 7 survivors (7168K)
 Metaspace       used 104760K, capacity 107867K, committed 108208K, reserved 1142784K
  class space    used 13087K, capacity 14094K, committed 14208K, reserved 1048576K
}
Event: 71.514 GC heap after
{Heap after GC invocations=22 (full 0):
 garbage-first heap   total 318464K, used 188814K [0x0000000080000000, 0x0000000100000000)
  region size 1024K, 4 young (4096K), 4 survivors (4096K)
 Metaspace       used 104760K, capacity 107867K, committed 108208K, reserved 1142784K
  class space    used 13087K, capacity 14094K, committed 14208K, reserved 1048576K
}
Event: 72.322 GC heap before
{Heap before GC invocations=23 (full 0):
 garbage-first heap   total 318464K, used 265614K [0x0000000080000000, 0x0000000100000000)
  region size 1024K, 79 young (80896K), 4 survivors (4096K)
 Metaspace       used 106302K, capacity 109375K, committed 109616K, reserved 1144832K
  class space    used 13251K, capacity 14266K, committed 14336K, reserved 1048576K
}
Event: 72.337 GC heap after
{Heap after GC invocations=24 (full 0):
 garbage-first heap   total 318464K, used 198583K [0x0000000080000000, 0x0000000100000000)
  region size 1024K, 10 young (10240K), 10 survivors (10240K)
 Metaspace       used 106302K, capacity 109375K, committed 109616K, reserved 1144832K
  class space    used 13251K, capacity 14266K, committed 14336K, reserved 1048576K
}

Deoptimization events (20 events):
Event: 82.511 Thread 0x0000028f7b372000 Uncommon trap: trap_request=0xffffffc6 fr.pc=0x0000028f63238888 relative=0x00000000000000e8
Event: 82.511 Thread 0x0000028f7b372000 Uncommon trap: reason=bimorphic_or_optimized_type_check action=maybe_recompile pc=0x0000028f63238888 method=org.gradle.internal.snapshot.DirectorySnapshot.accept(Lorg/gradle/internal/snapshot/FileSystemSnapshotHierarchyVisitor;)Lorg/gradle/internal/snapsh
Event: 82.511 Thread 0x0000028f7b372000 DEOPT PACKING pc=0x0000028f63238888 sp=0x000000d9b4cfcec0
Event: 82.511 Thread 0x0000028f7b372000 DEOPT UNPACKING pc=0x0000028f5b0ea1a9 sp=0x000000d9b4cfcdb0 mode 2
Event: 82.511 Thread 0x0000028f7b372000 Uncommon trap: trap_request=0xffffffc6 fr.pc=0x0000028f63238888 relative=0x00000000000000e8
Event: 82.511 Thread 0x0000028f7b372000 Uncommon trap: reason=bimorphic_or_optimized_type_check action=maybe_recompile pc=0x0000028f63238888 method=org.gradle.internal.snapshot.DirectorySnapshot.accept(Lorg/gradle/internal/snapshot/FileSystemSnapshotHierarchyVisitor;)Lorg/gradle/internal/snapsh
Event: 82.511 Thread 0x0000028f7b372000 DEOPT PACKING pc=0x0000028f63238888 sp=0x000000d9b4cfcb10
Event: 82.511 Thread 0x0000028f7b372000 DEOPT UNPACKING pc=0x0000028f5b0ea1a9 sp=0x000000d9b4cfca00 mode 2
Event: 82.511 Thread 0x0000028f7b372000 Uncommon trap: trap_request=0xffffffc6 fr.pc=0x0000028f63238888 relative=0x00000000000000e8
Event: 82.511 Thread 0x0000028f7b372000 Uncommon trap: reason=bimorphic_or_optimized_type_check action=maybe_recompile pc=0x0000028f63238888 method=org.gradle.internal.snapshot.DirectorySnapshot.accept(Lorg/gradle/internal/snapshot/FileSystemSnapshotHierarchyVisitor;)Lorg/gradle/internal/snapsh
Event: 82.511 Thread 0x0000028f7b372000 DEOPT PACKING pc=0x0000028f63238888 sp=0x000000d9b4cfc760
Event: 82.511 Thread 0x0000028f7b372000 DEOPT UNPACKING pc=0x0000028f5b0ea1a9 sp=0x000000d9b4cfc650 mode 2
Event: 82.512 Thread 0x0000028f7b372000 Uncommon trap: trap_request=0xffffffde fr.pc=0x0000028f63286028 relative=0x0000000000005568
Event: 82.512 Thread 0x0000028f7b372000 Uncommon trap: reason=class_check action=maybe_recompile pc=0x0000028f63286028 method=org.gradle.internal.snapshot.impl.AbstractValueProcessor.processValue(Ljava/lang/Object;Lorg/gradle/internal/snapshot/impl/AbstractValueProcessor$ValueVisitor;)Ljava/lan
Event: 82.512 Thread 0x0000028f7b372000 DEOPT PACKING pc=0x0000028f63286028 sp=0x000000d9b4cfcf00
Event: 82.512 Thread 0x0000028f7b372000 DEOPT UNPACKING pc=0x0000028f5b0ea1a9 sp=0x000000d9b4cfcef8 mode 2
Event: 82.517 Thread 0x0000028f7b372000 Uncommon trap: trap_request=0xffffffc6 fr.pc=0x0000028f63238888 relative=0x00000000000000e8
Event: 82.517 Thread 0x0000028f7b372000 Uncommon trap: reason=bimorphic_or_optimized_type_check action=maybe_recompile pc=0x0000028f63238888 method=org.gradle.internal.snapshot.DirectorySnapshot.accept(Lorg/gradle/internal/snapshot/FileSystemSnapshotHierarchyVisitor;)Lorg/gradle/internal/snapsh
Event: 82.517 Thread 0x0000028f7b372000 DEOPT PACKING pc=0x0000028f63238888 sp=0x000000d9b4cfc880
Event: 82.517 Thread 0x0000028f7b372000 DEOPT UNPACKING pc=0x0000028f5b0ea1a9 sp=0x000000d9b4cfc770 mode 2

Classes redefined (0 events):
No events

Internal exceptions (20 events):
Event: 72.341 Thread 0x0000028f72992000 Exception <a 'java/lang/ClassNotFoundException'{0x00000000930abaf0}: com/android/build/gradle/tasks/PackageApplicationBeanInfo> (0x00000000930abaf0) thrown at [src/hotspot/share/classfile/systemDictionary.cpp, line 230]
Event: 72.342 Thread 0x0000028f72992000 Exception <a 'java/lang/ClassNotFoundException'{0x00000000930c5aa8}: com/android/build/gradle/tasks/PackageAndroidArtifactBeanInfo> (0x00000000930c5aa8) thrown at [src/hotspot/share/classfile/systemDictionary.cpp, line 230]
Event: 72.342 Thread 0x0000028f72992000 Exception <a 'java/lang/ClassNotFoundException'{0x00000000930dfca0}: com/android/build/gradle/tasks/PackageAndroidArtifactCustomizer> (0x00000000930dfca0) thrown at [src/hotspot/share/classfile/systemDictionary.cpp, line 230]
Event: 72.344 Thread 0x0000028f72992000 Exception <a 'java/lang/ClassNotFoundException'{0x0000000092f46858}: com/android/build/gradle/tasks/PackageApplicationCustomizer> (0x0000000092f46858) thrown at [src/hotspot/share/classfile/systemDictionary.cpp, line 230]
Event: 72.345 Thread 0x0000028f72992000 Exception <a 'java/lang/ClassNotFoundException'{0x0000000092f7e100}: com/android/build/gradle/tasks/PackageApplication_DecoratedCustomizer> (0x0000000092f7e100) thrown at [src/hotspot/share/classfile/systemDictionary.cpp, line 230]
Event: 72.348 Thread 0x0000028f72992000 Exception <a 'java/lang/ClassNotFoundException'{0x0000000092e5f848}: com/android/build/gradle/internal/tasks/ListingFileRedirectTask_DecoratedBeanInfo> (0x0000000092e5f848) thrown at [src/hotspot/share/classfile/systemDictionary.cpp, line 230]
Event: 72.348 Thread 0x0000028f72992000 Exception <a 'java/lang/ClassNotFoundException'{0x0000000092e7af40}: com/android/build/gradle/internal/tasks/ListingFileRedirectTaskBeanInfo> (0x0000000092e7af40) thrown at [src/hotspot/share/classfile/systemDictionary.cpp, line 230]
Event: 72.348 Thread 0x0000028f72992000 Exception <a 'java/lang/ClassNotFoundException'{0x0000000092e968e0}: com/android/build/gradle/internal/tasks/ListingFileRedirectTaskCustomizer> (0x0000000092e968e0) thrown at [src/hotspot/share/classfile/systemDictionary.cpp, line 230]
Event: 72.349 Thread 0x0000028f72992000 Exception <a 'java/lang/ClassNotFoundException'{0x0000000092ec5b60}: com/android/build/gradle/internal/tasks/ListingFileRedirectTask_DecoratedCustomizer> (0x0000000092ec5b60) thrown at [src/hotspot/share/classfile/systemDictionary.cpp, line 230]
Event: 72.354 Thread 0x0000028f72992000 Implicit null exception at 0x0000028f632a165a to 0x0000028f632a20e0
Event: 72.363 Thread 0x0000028f72992000 Exception <a 'sun/nio/fs/WindowsException'{0x0000000092de0c60}> (0x0000000092de0c60) thrown at [src/hotspot/share/prims/jni.cpp, line 617]
Event: 72.394 Thread 0x0000028f7b371000 Exception <a 'sun/nio/fs/WindowsException'{0x0000000092b2a108}> (0x0000000092b2a108) thrown at [src/hotspot/share/prims/jni.cpp, line 617]
Event: 72.394 Thread 0x0000028f7b371000 Exception <a 'sun/nio/fs/WindowsException'{0x0000000092b2b218}> (0x0000000092b2b218) thrown at [src/hotspot/share/prims/jni.cpp, line 617]
Event: 72.419 Thread 0x0000028f7b371000 Implicit null exception at 0x0000028f62f94e77 to 0x0000028f62f95004
Event: 77.434 Thread 0x0000028f7b371000 Exception <a 'net/rubygrapefruit/platform/NativeException'{0x0000000092a61eb0}: Execution timed out> (0x0000000092a61eb0) thrown at [src/hotspot/share/prims/jni.cpp, line 638]
Event: 82.437 Thread 0x0000028f7b371000 Exception <a 'net/rubygrapefruit/platform/NativeException'{0x0000000092a80d08}: Execution timed out> (0x0000000092a80d08) thrown at [src/hotspot/share/prims/jni.cpp, line 638]
Event: 82.459 Thread 0x0000028f73f46800 Exception <a 'java/lang/NoSuchMethodError'{0x00000000928ac9d0}: <clinit>> (0x00000000928ac9d0) thrown at [src/hotspot/share/prims/jni.cpp, line 1367]
Event: 82.461 Thread 0x0000028f73f46800 Exception <a 'java/lang/NoSuchMethodError'{0x00000000928c5f18}: <clinit>> (0x00000000928c5f18) thrown at [src/hotspot/share/prims/jni.cpp, line 1367]
Event: 82.490 Thread 0x0000028f73f46800 Exception <a 'java/lang/NoSuchMethodError'{0x0000000092761d70}: <clinit>> (0x0000000092761d70) thrown at [src/hotspot/share/prims/jni.cpp, line 1367]
Event: 82.501 Thread 0x0000028f7b372000 Exception <a 'java/lang/NoSuchMethodError'{0x00000000927eaf38}: 'int java.lang.invoke.DirectMethodHandle$Holder.invokeSpecial(java.lang.Object, java.lang.Object, java.lang.Object, java.lang.Object, java.lang.Object)'> (0x00000000927eaf38) thrown at [src/hotspot/share/interpreter/linkResolver.cpp, line 773]

Events (20 events):
Event: 82.502 loading class org/gradle/internal/snapshot/impl/FileSystemSnapshotFilter$FilteringVisitor$1
Event: 82.502 loading class org/gradle/internal/snapshot/impl/FileSystemSnapshotFilter$FilteringVisitor$1 done
Event: 82.502 loading class org/gradle/internal/fingerprint/impl/PatternSetSnapshottingFilter$LogicalFileTreeElement
Event: 82.502 loading class org/gradle/internal/fingerprint/impl/PatternSetSnapshottingFilter$LogicalFileTreeElement done
Event: 82.503 loading class org/gradle/api/file/RelativePath
Event: 82.503 loading class org/gradle/api/file/RelativePath done
Event: 82.503 loading class org/gradle/api/tasks/util/internal/CachingPatternSpecFactory$CachingSpec$1
Event: 82.503 loading class org/gradle/api/tasks/util/internal/CachingPatternSpecFactory$CachingSpec$1 done
Event: 82.504 loading class org/gradle/internal/snapshot/UnknownFileSystemNode
Event: 82.504 loading class org/gradle/internal/snapshot/UnknownFileSystemNode done
Event: 82.504 Executing VM operation: Deoptimize
Event: 82.505 Executing VM operation: Deoptimize done
Event: 82.511 loading class com/android/build/gradle/tasks/GenerateBuildConfigKt
Event: 82.511 loading class com/android/build/gradle/tasks/GenerateBuildConfigKt done
Event: 82.512 loading class com/android/build/gradle/internal/core/VariantDslInfoImpl$computeVersionNameSuffix$2
Event: 82.512 loading class com/android/build/gradle/internal/core/VariantDslInfoImpl$computeVersionNameSuffix$2 done
Event: 82.516 loading class org/gradle/execution/plan/LocalTaskNodeExecutor$1
Event: 82.516 loading class org/gradle/execution/plan/LocalTaskNodeExecutor$1 done
Event: 82.517 Executing VM operation: RevokeBias
Event: 82.517 Executing VM operation: RevokeBias done


Dynamic libraries:
0x00007ff69d7d0000 - 0x00007ff69d7da000 	C:\Program Files\Android\Android Studio\jbr\bin\java.exe
0x00007ffaf4210000 - 0x00007ffaf4406000 	C:\Windows\SYSTEM32\ntdll.dll
0x00007ffaf3b40000 - 0x00007ffaf3bfd000 	C:\Windows\System32\KERNEL32.DLL
0x00007ffaf1c70000 - 0x00007ffaf1f39000 	C:\Windows\System32\KERNELBASE.dll
0x00007ffaf1a60000 - 0x00007ffaf1b60000 	C:\Windows\System32\ucrtbase.dll
0x00007ffad8e20000 - 0x00007ffad8e37000 	C:\Program Files\Android\Android Studio\jbr\bin\jli.dll
0x00007ffad7990000 - 0x00007ffad79ab000 	C:\Program Files\Android\Android Studio\jbr\bin\VCRUNTIME140.dll
0x00007ffaf39a0000 - 0x00007ffaf3b40000 	C:\Windows\System32\USER32.dll
0x00007ffaf1f40000 - 0x00007ffaf1f62000 	C:\Windows\System32\win32u.dll
0x00007ffaf2d10000 - 0x00007ffaf2d3a000 	C:\Windows\System32\GDI32.dll
0x00007ffaf1950000 - 0x00007ffaf1a5b000 	C:\Windows\System32\gdi32full.dll
0x00007ffae3810000 - 0x00007ffae3aab000 	C:\Windows\WinSxS\amd64_microsoft.windows.common-controls_6595b64144ccf1df_6.0.19041.746_none_ca02b4b61b8320a4\COMCTL32.dll
0x00007ffaf3900000 - 0x00007ffaf399e000 	C:\Windows\System32\msvcrt.dll
0x00007ffaf1fa0000 - 0x00007ffaf203d000 	C:\Windows\System32\msvcp_win.dll
0x00007ffaf3d20000 - 0x00007ffaf3d50000 	C:\Windows\System32\IMM32.DLL
0x00007ffab8970000 - 0x00007ffab89cb000 	C:\ProgramData\Microsoft\DbgCtr\XShellDLL64_6015.dll
0x00007ffaf2d40000 - 0x00007ffaf2dec000 	C:\Windows\System32\ADVAPI32.dll
0x00007ffaf2320000 - 0x00007ffaf23bc000 	C:\Windows\System32\sechost.dll
0x00007ffaf3d50000 - 0x00007ffaf3e7b000 	C:\Windows\System32\RPCRT4.dll
0x00007ffaf2fb0000 - 0x00007ffaf36f2000 	C:\Windows\System32\SHELL32.dll
0x00007ffad99c0000 - 0x00007ffad99cc000 	C:\Program Files\Android\Android Studio\jbr\bin\vcruntime140_1.dll
0x00007ffac9180000 - 0x00007ffac920d000 	C:\Program Files\Android\Android Studio\jbr\bin\msvcp140.dll
0x00007ffaab3e0000 - 0x00007ffaabf9c000 	C:\Program Files\Android\Android Studio\jbr\bin\server\jvm.dll
0x00007ffaf3e80000 - 0x00007ffaf3e88000 	C:\Windows\System32\PSAPI.DLL
0x00007ffae3410000 - 0x00007ffae3419000 	C:\Windows\SYSTEM32\WSOCK32.dll
0x00007ffaca860000 - 0x00007ffaca887000 	C:\Windows\SYSTEM32\WINMM.dll
0x00007ffaf2e50000 - 0x00007ffaf2ebb000 	C:\Windows\System32\WS2_32.dll
0x00007ffaef490000 - 0x00007ffaef49a000 	C:\Windows\SYSTEM32\VERSION.dll
0x00007ffaef950000 - 0x00007ffaef962000 	C:\Windows\SYSTEM32\kernel.appcore.dll
0x00007ffad99b0000 - 0x00007ffad99c0000 	C:\Program Files\Android\Android Studio\jbr\bin\verify.dll
0x00007ffadc7b0000 - 0x00007ffadc994000 	C:\Windows\SYSTEM32\DBGHELP.DLL
0x00007ffadc780000 - 0x00007ffadc7ac000 	C:\Windows\SYSTEM32\dbgcore.DLL
0x00007ffaf2040000 - 0x00007ffaf20c0000 	C:\Windows\System32\bcryptPrimitives.dll
0x00007ffad7b80000 - 0x00007ffad7ba8000 	C:\Program Files\Android\Android Studio\jbr\bin\java.dll
0x00007ffad7dc0000 - 0x00007ffad7dca000 	C:\Program Files\Android\Android Studio\jbr\bin\jimage.dll
0x00007ffad7b60000 - 0x00007ffad7b78000 	C:\Program Files\Android\Android Studio\jbr\bin\zip.dll
0x00007ffaefac0000 - 0x00007ffaf0250000 	C:\Windows\SYSTEM32\windows.storage.dll
0x00007ffaf2830000 - 0x00007ffaf2b86000 	C:\Windows\System32\combase.dll
0x00007ffaf13b0000 - 0x00007ffaf13dc000 	C:\Windows\SYSTEM32\Wldp.dll
0x00007ffaf3c70000 - 0x00007ffaf3d1e000 	C:\Windows\System32\SHCORE.dll
0x00007ffaf2df0000 - 0x00007ffaf2e45000 	C:\Windows\System32\shlwapi.dll
0x00007ffaf1880000 - 0x00007ffaf18a6000 	C:\Windows\SYSTEM32\profapi.dll
0x00007ffad60e0000 - 0x00007ffad60f9000 	C:\Program Files\Android\Android Studio\jbr\bin\net.dll
0x00007ffae4530000 - 0x00007ffae4630000 	C:\Windows\SYSTEM32\WINHTTP.dll
0x00007ffaf10c0000 - 0x00007ffaf112a000 	C:\Windows\system32\mswsock.dll
0x00007ffad60c0000 - 0x00007ffad60d3000 	C:\Program Files\Android\Android Studio\jbr\bin\nio.dll
0x00007ffad3890000 - 0x00007ffad38b7000 	C:\Users\it_04\.gradle\native\e1d6ef7f7dcc3fd88c89a11ec53ec762bb8ba0a96d01ffa2cd45eb1d1d8dd5c5\windows-amd64\native-platform.dll
0x00007ffab31c0000 - 0x00007ffab3304000 	C:\Users\it_04\.gradle\native\0d407fdbe67a94daf76414ababcb853783967236a71b16ec16e742cd7a986fd3\windows-amd64\native-platform-file-events.dll
0x00007ffad7b50000 - 0x00007ffad7b5a000 	C:\Program Files\Android\Android Studio\jbr\bin\management.dll
0x00007ffad60b0000 - 0x00007ffad60bb000 	C:\Program Files\Android\Android Studio\jbr\bin\management_ext.dll
0x00007ffaf1290000 - 0x00007ffaf12a8000 	C:\Windows\SYSTEM32\CRYPTSP.dll
0x00007ffaf0a60000 - 0x00007ffaf0a94000 	C:\Windows\system32\rsaenh.dll
0x00007ffaf1f70000 - 0x00007ffaf1f97000 	C:\Windows\System32\bcrypt.dll
0x00007ffaf1800000 - 0x00007ffaf182e000 	C:\Windows\SYSTEM32\USERENV.dll
0x00007ffaf12b0000 - 0x00007ffaf12bc000 	C:\Windows\SYSTEM32\CRYPTBASE.dll
0x00007ffaf0db0000 - 0x00007ffaf0deb000 	C:\Windows\SYSTEM32\IPHLPAPI.DLL
0x00007ffaf2ec0000 - 0x00007ffaf2ec8000 	C:\Windows\System32\NSI.dll
0x00007ffaec9c0000 - 0x00007ffaec9d7000 	C:\Windows\SYSTEM32\dhcpcsvc6.DLL
0x00007ffaec9a0000 - 0x00007ffaec9bd000 	C:\Windows\SYSTEM32\dhcpcsvc.DLL
0x00007ffaf0df0000 - 0x00007ffaf0ebb000 	C:\Windows\SYSTEM32\DNSAPI.dll

dbghelp: loaded successfully - version: 4.0.5 - missing functions: none
symbol engine: initialized successfully - sym options: 0x614 - pdb path: .;C:\Program Files\Android\Android Studio\jbr\bin;C:\Windows\SYSTEM32;C:\Windows\WinSxS\amd64_microsoft.windows.common-controls_6595b64144ccf1df_6.0.19041.746_none_ca02b4b61b8320a4;C:\ProgramData\Microsoft\DbgCtr;C:\Program Files\Android\Android Studio\jbr\bin\server;C:\Users\it_04\.gradle\native\e1d6ef7f7dcc3fd88c89a11ec53ec762bb8ba0a96d01ffa2cd45eb1d1d8dd5c5\windows-amd64;C:\Users\it_04\.gradle\native\0d407fdbe67a94daf76414ababcb853783967236a71b16ec16e742cd7a986fd3\windows-amd64

VM Arguments:
jvm_args: --add-opens=java.base/java.util=ALL-UNNAMED --add-opens=java.base/java.lang=ALL-UNNAMED --add-opens=java.base/java.lang.invoke=ALL-UNNAMED --add-opens=java.base/java.util=ALL-UNNAMED --add-opens=java.prefs/java.util.prefs=ALL-UNNAMED --add-opens=java.prefs/java.util.prefs=ALL-UNNAMED --add-opens=java.base/java.nio.charset=ALL-UNNAMED --add-opens=java.base/java.net=ALL-UNNAMED --add-opens=java.base/java.util.concurrent.atomic=ALL-UNNAMED -Xmx2048m -Dfile.encoding=UTF-8 -Duser.country=US -Duser.language=en -Duser.variant 
java_command: org.gradle.launcher.daemon.bootstrap.GradleDaemon 7.5
java_class_path (initial): C:\Users\it_04\.gradle\wrapper\dists\gradle-7.5-bin\f1w0cc9nuo0eivz97x2xlu9sv\gradle-7.5\lib\gradle-launcher-7.5.jar
Launcher Type: SUN_STANDARD

[Global flags]
     intx CICompilerCount                          = 3                                         {product} {ergonomic}
     uint ConcGCThreads                            = 1                                         {product} {ergonomic}
     uint G1ConcRefinementThreads                  = 4                                         {product} {ergonomic}
   size_t G1HeapRegionSize                         = 1048576                                   {product} {ergonomic}
    uintx GCDrainStackTargetSize                   = 64                                        {product} {ergonomic}
   size_t InitialHeapSize                          = 266338304                                 {product} {ergonomic}
   size_t MarkStackSize                            = 4194304                                   {product} {ergonomic}
   size_t MaxHeapSize                              = 2147483648                                {product} {command line}
   size_t MaxNewSize                               = 1287651328                                {product} {ergonomic}
   size_t MinHeapDeltaBytes                        = 1048576                                   {product} {ergonomic}
    uintx NonNMethodCodeHeapSize                   = 5830732                                {pd product} {ergonomic}
    uintx NonProfiledCodeHeapSize                  = 122913754                              {pd product} {ergonomic}
    uintx ProfiledCodeHeapSize                     = 122913754                              {pd product} {ergonomic}
    uintx ReservedCodeCacheSize                    = 251658240                              {pd product} {ergonomic}
     bool SegmentedCodeCache                       = true                                      {product} {ergonomic}
     bool UseCompressedClassPointers               = true                                 {lp64_product} {ergonomic}
     bool UseCompressedOops                        = true                                 {lp64_product} {ergonomic}
     bool UseG1GC                                  = true                                      {product} {ergonomic}
     bool UseLargePagesIndividualAllocation        = false                                  {pd product} {ergonomic}

Logging:
Log output configuration:
 #0: stdout all=warning uptime,level,tags
 #1: stderr all=off uptime,level,tags

Environment Variables:
PATH=D:\app\it_07\product\11.2.0\client_1\bin;C:\Windows\system32;C:\Windows;C:\Windows\System32\Wbem;C:\Windows\System32\WindowsPowerShell\v1.0\;C:\Windows\System32\OpenSSH\;C:\Program Files\dotnet\;C:\Program Files\Git\cmd;C:\Users\it_04\AppData\Local\Microsoft\WindowsApps;C:\Users\it_04\.dotnet\tools
USERNAME=it_04
OS=Windows_NT
PROCESSOR_IDENTIFIER=Intel64 Family 6 Model 165 Stepping 3, GenuineIntel



---------------  S Y S T E M  ---------------

OS: Windows 10 , 64 bit Build 19041 (10.0.19041.804)
OS uptime: 0 days 1:28 hours

CPU:total 4 (initial active 4) (2 cores per cpu, 2 threads per core) family 6 model 165 stepping 3 microcode 0xe0, cmov, cx8, fxsr, mmx, sse, sse2, sse3, ssse3, sse4.1, sse4.2, popcnt, aes, clmul, erms, 3dnowpref, lzcnt, ht, tsc, tscinvbit

Memory: 4k page, system-wide physical 16242M (8748M free)
TotalPageFile size 18674M (AvailPageFile size 10883M)
current process WorkingSet (physical memory assigned to process): 576M, peak: 605M
current process commit charge ("private bytes"): 616M, peak: 640M

vm_info: OpenJDK 64-Bit Server VM (11.0.15+0-b2043.56-9505619) for windows-amd64 JRE (11.0.15+0-b2043.56-9505619), built on Jan 19 2023 02:48:00 by "builduser" with unknown MS VC++:1929

END.
