#
# A fatal error has been detected by the Java Runtime Environment:
#
#  EXCEPTION_ACCESS_VIOLATION (0xc0000005) at pc=0x00007ffe10d863b0, pid=7936, tid=3556
#
# JRE version: OpenJDK Runtime Environment (11.0.15) (build 11.0.15+0-b2043.56-9505619)
# Java VM: OpenJDK 64-Bit Server VM (11.0.15+0-b2043.56-9505619, mixed mode, tiered, compressed oops, g1 gc, windows-amd64)
# Problematic frame:
# C  [native-platform-file-events.dll+0x463b0]
#
# No core dump will be written. Minidumps are not enabled by default on client versions of Windows
#
# If you would like to submit a bug report, please visit:
#   https://bugreport.java.com/bugreport/crash.jsp
# The crash happened outside the Java Virtual Machine in native code.
# See problematic frame for where to report the bug.
#

---------------  S U M M A R Y ------------

Command Line: --add-opens=java.base/java.util=ALL-UNNAMED --add-opens=java.base/java.lang=ALL-UNNAMED --add-opens=java.base/java.lang.invoke=ALL-UNNAMED --add-opens=java.base/java.util=ALL-UNNAMED --add-opens=java.prefs/java.util.prefs=ALL-UNNAMED --add-opens=java.prefs/java.util.prefs=ALL-UNNAMED --add-opens=java.base/java.nio.charset=ALL-UNNAMED --add-opens=java.base/java.net=ALL-UNNAMED --add-opens=java.base/java.util.concurrent.atomic=ALL-UNNAMED -Xmx2048m -Dfile.encoding=UTF-8 -Duser.country=US -Duser.language=en -Duser.variant org.gradle.launcher.daemon.bootstrap.GradleDaemon 7.5

Host: Intel(R) Pentium(R) Gold G6400 CPU @ 4.00GHz, 4 cores, 15G,  Windows 10 , 64 bit Build 19041 (10.0.19041.804)
Time: Fri Mar 24 08:33:21 2023 SE Asia Standard Time elapsed time: 38.839319 seconds (0d 0h 0m 38s)

---------------  T H R E A D  ---------------

Current thread (0x00000181564e0000):  JavaThread "File watcher server" daemon [_thread_in_native, id=3556, stack(0x00000069f8f00000,0x00000069f9000000)]

Stack: [0x00000069f8f00000,0x00000069f9000000],  sp=0x00000069f8ffea30,  free space=1018k
Native frames: (J=compiled Java code, j=interpreted, Vv=VM code, C=native code)
C  [native-platform-file-events.dll+0x463b0]

Java frames: (J=compiled Java code, j=interpreted, Vv=VM code)
j  net.rubygrapefruit.platform.internal.jni.AbstractFileEventFunctions$NativeFileWatcher.executeRunLoop0(Ljava/lang/Object;)V+0
j  net.rubygrapefruit.platform.internal.jni.AbstractFileEventFunctions$NativeFileWatcher.access$100(Lnet/rubygrapefruit/platform/internal/jni/AbstractFileEventFunctions$NativeFileWatcher;Ljava/lang/Object;)V+2
j  net.rubygrapefruit.platform.internal.jni.AbstractFileEventFunctions$NativeFileWatcher$1.run()V+26
v  ~StubRoutines::call_stub

siginfo: EXCEPTION_ACCESS_VIOLATION (0xc0000005), reading address 0x00007ffe6074bb48


Register to memory mapping:

RIP=0x00007ffe10d863b0 native-platform-file-events.dll
RAX=0x00007ffe6074bb48 is an unknown value
RBX=0x0 is NULL
RCX=0x00000069fcdfbb08 is pointing into the stack for thread: 0x00000181594a0800
RDX=0x0 is NULL
RSP=0x00000069f8ffea30 is pointing into the stack for thread: 0x00000181564e0000
RBP=0x00000069f8fff3f8 is pointing into the stack for thread: 0x00000181564e0000
RSI=0x00000069fcdfbb00 is pointing into the stack for thread: 0x00000181594a0800
RDI=0x00000069fcdfbac0 is pointing into the stack for thread: 0x00000181594a0800
R8 =0x00000181379f0f00 points into unknown readable memory: 0x00000181379f0cc0 | c0 0c 9f 37 81 01 00 00
R9 =0x0000000000000001 is an unknown value
R10=0x0000000000008000 is an unknown value
R11=0x00000069f8ffe6e0 is pointing into the stack for thread: 0x00000181564e0000
R12=0x0 is NULL
R13={method} {0x0000018159024aa8} 'executeRunLoop0' '(Ljava/lang/Object;)V' in 'net/rubygrapefruit/platform/internal/jni/AbstractFileEventFunctions$NativeFileWatcher'
R14=0x0 is NULL
R15=0x00000181564e0000 is a thread


Registers:
RAX=0x00007ffe6074bb48, RBX=0x0000000000000000, RCX=0x00000069fcdfbb08, RDX=0x0000000000000000
RSP=0x00000069f8ffea30, RBP=0x00000069f8fff3f8, RSI=0x00000069fcdfbb00, RDI=0x00000069fcdfbac0
R8 =0x00000181379f0f00, R9 =0x0000000000000001, R10=0x0000000000008000, R11=0x00000069f8ffe6e0
R12=0x0000000000000000, R13=0x0000018159024aa0, R14=0x0000000000000000, R15=0x00000181564e0000
RIP=0x00007ffe10d863b0, EFLAGS=0x0000000000010206

Top of Stack: (sp=0x00000069f8ffea30)
0x00000069f8ffea30:   0000000000000000 000001813d61fa7a
0x00000069f8ffea40:   0000018153bb5990 00007ffe10d63133
0x00000069f8ffea50:   0000018155456458 000000008fb00170
0x00000069f8ffea60:   00005ef56c8d2316 00007ffe10d6da83
0x00000069f8ffea70:   00000069f8fff420 00000069fcdfbac0
0x00000069f8ffea80:   00007ffe10d5f150 00007ffe10d7709b
0x00000069f8ffea90:   00000069fcdfbb00 00000000804321a0
0x00000069f8ffeaa0:   0000000000000000 00007ffe10d6bfae
0x00000069f8ffeab0:   0000018155456450 00007ffe10d692a6
0x00000069f8ffeac0:   00000069fcdfbb00 0000000000000000
0x00000069f8ffead0:   0000018155456450 00007ffe10d457b3
0x00000069f8ffeae0:   0000000000000000 00007ffe10d764c2
0x00000069f8ffeaf0:   00000069f8ffeb30 00000069fcdfbb00
0x00000069f8ffeb00:   0000018153844a20 0000000000000000
0x00000069f8ffeb10:   000000008042b601 000001815375fd50
0x00000069f8ffeb20:   0000000000000000 00000069f8ffeb68 

Instructions: (pc=0x00007ffe10d863b0)
0x00007ffe10d862b0:   7d 0b 00 48 89 01 48 83 c1 08 48 83 c4 28 48 ff
0x00007ffe10d862c0:   25 b3 7d 0f 00 48 8d 05 54 7d 0b 00 45 33 c0 48
0x00007ffe10d862d0:   89 01 ba a0 0f 00 00 48 83 c1 08 48 83 c4 28 48
0x00007ffe10d862e0:   ff 25 ba 7d 0f 00 e8 40 c3 fb ff cc cc cc cc cc
0x00007ffe10d862f0:   cc cc cc cc cc cc cc cc cc cc cc cc cc cc cc cc
0x00007ffe10d86300:   cc cc cc cc cc cc cc cc 48 83 c1 08 48 ff 25 9d
0x00007ffe10d86310:   7d 0f 00 cc cc cc cc cc c2 00 00 cc 48 83 c1 08
0x00007ffe10d86320:   48 ff 25 69 7d 0f 00 cc cc cc cc cc 48 83 c1 08
0x00007ffe10d86330:   48 ff 25 51 7d 0f 00 cc cc cc cc cc 48 89 5c 24
0x00007ffe10d86340:   18 56 57 41 56 48 83 ec 40 48 8b 05 f8 3e 0e 00
0x00007ffe10d86350:   48 33 c4 48 89 44 24 30 8b 01 4c 8b f2 0f ba f0
0x00007ffe10d86360:   08 48 8b f1 83 f8 01 75 2c ff 15 d1 7c 0f 00 39
0x00007ffe10d86370:   46 48 74 19 48 8d 4e 08 48 8b 01 48 8b 00 ff 15
0x00007ffe10d86380:   9c 9c 0f 00 ff 15 b6 7c 0f 00 89 46 48 ff 46 4c
0x00007ffe10d86390:   e9 f3 00 00 00 4d 85 f6 75 24 ff 15 a0 7c 0f 00
0x00007ffe10d863a0:   39 46 48 0f 84 9d 00 00 00 48 8d 4e 08 48 8b 01
0x00007ffe10d863b0:   48 8b 00 ff 15 67 9c 0f 00 e9 88 00 00 00 48 83
0x00007ffe10d863c0:   3a 00 7c 62 75 06 83 7a 08 00 7e 5a ba 01 00 00
0x00007ffe10d863d0:   00 48 8d 4c 24 20 e8 e0 e1 fb ff 48 8b 44 24 20
0x00007ffe10d863e0:   49 3b 06 7c 0c 75 7d 41 8b 46 08 39 44 24 28 7d
0x00007ffe10d863f0:   73 ff 15 49 7c 0f 00 39 46 48 74 4a 48 8b 46 08
0x00007ffe10d86400:   48 8d 54 24 20 49 8b ce 48 8b 58 10 e8 ef ec fb
0x00007ffe10d86410:   ff 8b d0 48 8d 4e 08 48 8b c3 ff 15 00 9c 0f 00
0x00007ffe10d86420:   84 c0 75 22 eb a6 ff 15 14 7c 0f 00 39 46 48 74
0x00007ffe10d86430:   15 48 8d 4e 08 48 8b 01 48 8b 40 08 ff 15 de 9b
0x00007ffe10d86440:   0f 00 84 c0 74 1e 8b 4e 4c 8d 41 01 89 46 4c 83
0x00007ffe10d86450:   f8 01 7e 2b f7 06 00 01 00 00 75 2c 89 4e 4c 4d
0x00007ffe10d86460:   85 f6 74 14 49 83 3e 00 75 07 41 83 7e 08 00 74
0x00007ffe10d86470:   07 b8 02 00 00 00 eb 12 b8 03 00 00 00 eb 0b ff
0x00007ffe10d86480:   15 bb 7b 0f 00 89 46 48 33 c0 48 8b 4c 24 30 48
0x00007ffe10d86490:   33 cc e8 47 d7 fb ff 48 8b 5c 24 70 48 83 c4 40
0x00007ffe10d864a0:   41 5e 5f 5e c3 cc cc cc cc cc cc cc cc cc cc cc 


Stack slot to memory mapping:
stack at sp + 0 slots: 0x0 is NULL
stack at sp + 1 slots: 0x000001813d61fa7a is at code_begin+2458 in an Interpreter codelet
method entry point (kind = native)  [0x000001813d61f0e0, 0x000001813d61fb60]  2688 bytes
stack at sp + 2 slots: {method} {0x0000018153bb5998} 'findEntry' '(Ljava/lang/String;)J' in 'java/lang/ClassLoader$NativeLibrary'
stack at sp + 3 slots: 0x00007ffe10d63133 native-platform-file-events.dll
stack at sp + 4 slots: 0x0000018155456458 points into unknown readable memory: 0x000001815a534cd0 | d0 4c 53 5a 81 01 00 00
stack at sp + 5 slots: 0x000000008fb00170 is pointing into object: [Ljava.lang.Object; 
{0x000000008fb00160} - klass: 'java/lang/Object'[]
 - length: 2
stack at sp + 6 slots: 0x00005ef56c8d2316 is an unknown value
stack at sp + 7 slots: 0x00007ffe10d6da83 native-platform-file-events.dll


---------------  P R O C E S S  ---------------

Threads class SMR info:
_java_thread_list=0x000001815d82a5d0, length=88, elements={
0x0000018139af2000, 0x0000018153f76800, 0x0000018153f78800, 0x0000018153fd2000,
0x0000018153fd3000, 0x0000018153fd4800, 0x0000018153fd6000, 0x0000018153fe5800,
0x0000018153feb000, 0x0000018154152000, 0x0000018155c08800, 0x00000181573f1800,
0x0000018157433800, 0x00000181560c8000, 0x0000018157377000, 0x00000181564e2800,
0x00000181564e1800, 0x00000181564e3000, 0x00000181564e0000, 0x00000181564df000,
0x00000181564de800, 0x00000181564e1000, 0x00000181564e5000, 0x0000018157aba800,
0x0000018157abb000, 0x000001815a060000, 0x000001815a05f000, 0x000001815a060800,
0x000001815a50e000, 0x000001815a50a000, 0x000001815a509000, 0x000001815a508800,
0x000001815a510800, 0x000001815a50a800, 0x000001815a50f000, 0x000001815a50f800,
0x000001815a511800, 0x000001815a512000, 0x000001815a50c800, 0x000001815a513000,
0x000001815a517000, 0x000001815a514800, 0x000001815a516000, 0x000001815a515800,
0x000001815a05c000, 0x000001815a05b000, 0x000001815a057800, 0x000001815a058800,
0x000001815a05c800, 0x000001815a057000, 0x000001815a05e800, 0x000001815a05d800,
0x000001815a05a000, 0x000001815a059800, 0x000001815a061800, 0x000001815a065800,
0x000001815a065000, 0x000001815a062800, 0x000001815a063000, 0x000001815a064000,
0x0000018157abc000, 0x0000018157abd000, 0x0000018157ab7000, 0x0000018157ab8000,
0x0000018157ab8800, 0x0000018157ab9800, 0x0000018157310800, 0x0000018157312000,
0x0000018157312800, 0x0000018157311000, 0x0000018157313800, 0x0000018157317000,
0x0000018157314800, 0x0000018157315000, 0x0000018157316000, 0x000001815949e000,
0x000001815949d000, 0x000001815949a800, 0x000001815949e800, 0x000001815949a000,
0x000001815949b800, 0x000001815949f800, 0x000001815949c000, 0x00000181594a0800,
0x000001815e748800, 0x000001815e74c800, 0x000001815e749800, 0x000001815e74a000
}

Java Threads: ( => current thread )
  0x0000018139af2000 JavaThread "main" [_thread_blocked, id=11056, stack(0x00000069f6a00000,0x00000069f6b00000)]
  0x0000018153f76800 JavaThread "Reference Handler" daemon [_thread_blocked, id=7300, stack(0x00000069f7400000,0x00000069f7500000)]
  0x0000018153f78800 JavaThread "Finalizer" daemon [_thread_blocked, id=3256, stack(0x00000069f7500000,0x00000069f7600000)]
  0x0000018153fd2000 JavaThread "Signal Dispatcher" daemon [_thread_blocked, id=12180, stack(0x00000069f7600000,0x00000069f7700000)]
  0x0000018153fd3000 JavaThread "Attach Listener" daemon [_thread_blocked, id=7096, stack(0x00000069f7700000,0x00000069f7800000)]
  0x0000018153fd4800 JavaThread "Service Thread" daemon [_thread_blocked, id=7972, stack(0x00000069f7800000,0x00000069f7900000)]
  0x0000018153fd6000 JavaThread "C2 CompilerThread0" daemon [_thread_in_vm, id=5148, stack(0x00000069f7900000,0x00000069f7a00000)]
  0x0000018153fe5800 JavaThread "C1 CompilerThread0" daemon [_thread_in_native, id=8804, stack(0x00000069f7a00000,0x00000069f7b00000)]
  0x0000018153feb000 JavaThread "Sweeper thread" daemon [_thread_blocked, id=4348, stack(0x00000069f7b00000,0x00000069f7c00000)]
  0x0000018154152000 JavaThread "Common-Cleaner" daemon [_thread_blocked, id=7980, stack(0x00000069f7c00000,0x00000069f7d00000)]
  0x0000018155c08800 JavaThread "Daemon health stats" [_thread_blocked, id=10136, stack(0x00000069f8200000,0x00000069f8300000)]
  0x00000181573f1800 JavaThread "Incoming local TCP Connector on port 50274" [_thread_in_native, id=6828, stack(0x00000069f8300000,0x00000069f8400000)]
  0x0000018157433800 JavaThread "Daemon periodic checks" [_thread_blocked, id=4152, stack(0x00000069f8400000,0x00000069f8500000)]
  0x00000181560c8000 JavaThread "Daemon" [_thread_blocked, id=4728, stack(0x00000069f8500000,0x00000069f8600000)]
  0x0000018157377000 JavaThread "Daemon worker" [_thread_blocked, id=6628, stack(0x00000069f8800000,0x00000069f8900000)]
  0x00000181564e2800 JavaThread "Cache worker for journal cache (C:\Users\it_04\.gradle\caches\journal-1)" [_thread_blocked, id=6048, stack(0x00000069f8c00000,0x00000069f8d00000)]
  0x00000181564e1800 JavaThread "File lock request listener" [_thread_in_native, id=3112, stack(0x00000069f8d00000,0x00000069f8e00000)]
  0x00000181564e3000 JavaThread "Cache worker for file hash cache (C:\Users\it_04\.gradle\caches\7.5\fileHashes)" [_thread_blocked, id=6432, stack(0x00000069f8e00000,0x00000069f8f00000)]
=>0x00000181564e0000 JavaThread "File watcher server" daemon [_thread_in_native, id=3556, stack(0x00000069f8f00000,0x00000069f9000000)]
  0x00000181564df000 JavaThread "jar transforms" [_thread_blocked, id=11480, stack(0x00000069f9100000,0x00000069f9200000)]
  0x00000181564de800 JavaThread "jar transforms Thread 2" [_thread_blocked, id=2152, stack(0x00000069f9200000,0x00000069f9300000)]
  0x00000181564e1000 JavaThread "jar transforms Thread 3" [_thread_blocked, id=10440, stack(0x00000069f9300000,0x00000069f9400000)]
  0x00000181564e5000 JavaThread "jar transforms Thread 4" [_thread_blocked, id=11576, stack(0x00000069f9400000,0x00000069f9500000)]
  0x0000018157aba800 JavaThread "Cache worker for file content cache (C:\Users\it_04\.gradle\caches\7.5\fileContent)" [_thread_blocked, id=12008, stack(0x00000069f9700000,0x00000069f9800000)]
  0x0000018157abb000 JavaThread "Cache worker for execution history cache (C:\Users\it_04\.gradle\caches\7.5\executionHistory)" [_thread_blocked, id=5192, stack(0x00000069f9a00000,0x00000069f9b00000)]
  0x000001815a060000 JavaThread "Memory manager" [_thread_blocked, id=1268, stack(0x00000069fc600000,0x00000069fc700000)]
  0x000001815a05f000 JavaThread "pool-3-thread-1" [_thread_blocked, id=1776, stack(0x00000069fc700000,0x00000069fc800000)]
  0x000001815a060800 JavaThread "included builds" [_thread_blocked, id=12116, stack(0x00000069fc800000,0x00000069fc900000)]
  0x000001815a50e000 JavaThread "Handler for socket connection from /127.0.0.1:50274 to /127.0.0.1:50305" [_thread_in_native, id=3928, stack(0x00000069f8100000,0x00000069f8200000)]
  0x000001815a50a000 JavaThread "Cancel handler" [_thread_blocked, id=8608, stack(0x00000069f8600000,0x00000069f8700000)]
  0x000001815a509000 JavaThread "Asynchronous log dispatcher for DefaultDaemonConnection: socket connection from /127.0.0.1:50274 to /127.0.0.1:50305" [_thread_blocked, id=2084, stack(0x00000069f8700000,0x00000069f8800000)]
  0x000001815a508800 JavaThread "Stdin handler" [_thread_blocked, id=1716, stack(0x00000069f8900000,0x00000069f8a00000)]
  0x000001815a510800 JavaThread "Daemon client event forwarder" [_thread_blocked, id=10072, stack(0x00000069f8a00000,0x00000069f8b00000)]
  0x000001815a50a800 JavaThread "Cache worker for checksums cache (D:\SourceAndroid\KyThuat\.gradle\7.5\checksums)" [_thread_blocked, id=2348, stack(0x00000069f8b00000,0x00000069f8c00000)]
  0x000001815a50f000 JavaThread "Cache worker for cache directory md-rule (C:\Users\it_04\.gradle\caches\7.5\md-rule)" [_thread_blocked, id=10368, stack(0x00000069f9500000,0x00000069f9600000)]
  0x000001815a50f800 JavaThread "Cache worker for file hash cache (D:\SourceAndroid\KyThuat\.gradle\7.5\fileHashes)" [_thread_blocked, id=4608, stack(0x00000069f9600000,0x00000069f9700000)]
  0x000001815a511800 JavaThread "Cache worker for cache directory md-supplier (C:\Users\it_04\.gradle\caches\7.5\md-supplier)" [_thread_blocked, id=4884, stack(0x00000069f9800000,0x00000069f9900000)]
  0x000001815a512000 JavaThread "Cache worker for dependencies-accessors (D:\SourceAndroid\KyThuat\.gradle\7.5\dependencies-accessors)" [_thread_blocked, id=2864, stack(0x00000069f9900000,0x00000069f9a00000)]
  0x000001815a50c800 JavaThread "Cache worker for Build Output Cleanup Cache (D:\SourceAndroid\KyThuat\.gradle\buildOutputCleanup)" [_thread_blocked, id=2228, stack(0x00000069f9d00000,0x00000069f9e00000)]
  0x000001815a513000 JavaThread "Unconstrained build operations" [_thread_blocked, id=3712, stack(0x00000069f9e00000,0x00000069f9f00000)]
  0x000001815a517000 JavaThread "Unconstrained build operations Thread 2" [_thread_blocked, id=9376, stack(0x00000069f9f00000,0x00000069fa000000)]
  0x000001815a514800 JavaThread "Unconstrained build operations Thread 3" [_thread_blocked, id=8764, stack(0x00000069fa000000,0x00000069fa100000)]
  0x000001815a516000 JavaThread "Unconstrained build operations Thread 4" [_thread_blocked, id=11612, stack(0x00000069fa100000,0x00000069fa200000)]
  0x000001815a515800 JavaThread "Unconstrained build operations Thread 5" [_thread_blocked, id=3756, stack(0x00000069fa200000,0x00000069fa300000)]
  0x000001815a05c000 JavaThread "Unconstrained build operations Thread 6" [_thread_blocked, id=6980, stack(0x00000069fa300000,0x00000069fa400000)]
  0x000001815a05b000 JavaThread "Unconstrained build operations Thread 7" [_thread_blocked, id=5020, stack(0x00000069fa400000,0x00000069fa500000)]
  0x000001815a057800 JavaThread "Unconstrained build operations Thread 8" [_thread_blocked, id=11776, stack(0x00000069fa500000,0x00000069fa600000)]
  0x000001815a058800 JavaThread "Unconstrained build operations Thread 9" [_thread_blocked, id=2704, stack(0x00000069fa600000,0x00000069fa700000)]
  0x000001815a05c800 JavaThread "Unconstrained build operations Thread 10" [_thread_blocked, id=8440, stack(0x00000069fa700000,0x00000069fa800000)]
  0x000001815a057000 JavaThread "Unconstrained build operations Thread 11" [_thread_blocked, id=6380, stack(0x00000069fa800000,0x00000069fa900000)]
  0x000001815a05e800 JavaThread "Unconstrained build operations Thread 12" [_thread_blocked, id=3892, stack(0x00000069fa900000,0x00000069faa00000)]
  0x000001815a05d800 JavaThread "Unconstrained build operations Thread 13" [_thread_blocked, id=6324, stack(0x00000069faa00000,0x00000069fab00000)]
  0x000001815a05a000 JavaThread "Unconstrained build operations Thread 14" [_thread_blocked, id=9644, stack(0x00000069fab00000,0x00000069fac00000)]
  0x000001815a059800 JavaThread "Unconstrained build operations Thread 15" [_thread_blocked, id=7756, stack(0x00000069fac00000,0x00000069fad00000)]
  0x000001815a061800 JavaThread "Unconstrained build operations Thread 16" [_thread_blocked, id=9480, stack(0x00000069fad00000,0x00000069fae00000)]
  0x000001815a065800 JavaThread "Unconstrained build operations Thread 17" [_thread_blocked, id=10424, stack(0x00000069fae00000,0x00000069faf00000)]
  0x000001815a065000 JavaThread "Unconstrained build operations Thread 18" [_thread_blocked, id=12224, stack(0x00000069faf00000,0x00000069fb000000)]
  0x000001815a062800 JavaThread "Unconstrained build operations Thread 19" [_thread_blocked, id=3284, stack(0x00000069fb000000,0x00000069fb100000)]
  0x000001815a063000 JavaThread "Unconstrained build operations Thread 20" [_thread_blocked, id=12032, stack(0x00000069fb100000,0x00000069fb200000)]
  0x000001815a064000 JavaThread "Unconstrained build operations Thread 21" [_thread_blocked, id=11864, stack(0x00000069fb200000,0x00000069fb300000)]
  0x0000018157abc000 JavaThread "Unconstrained build operations Thread 22" [_thread_blocked, id=11636, stack(0x00000069fb300000,0x00000069fb400000)]
  0x0000018157abd000 JavaThread "Unconstrained build operations Thread 23" [_thread_blocked, id=9380, stack(0x00000069fb400000,0x00000069fb500000)]
  0x0000018157ab7000 JavaThread "Unconstrained build operations Thread 24" [_thread_blocked, id=11604, stack(0x00000069fb500000,0x00000069fb600000)]
  0x0000018157ab8000 JavaThread "Unconstrained build operations Thread 25" [_thread_blocked, id=6860, stack(0x00000069fb600000,0x00000069fb700000)]
  0x0000018157ab8800 JavaThread "Unconstrained build operations Thread 26" [_thread_blocked, id=6916, stack(0x00000069fb700000,0x00000069fb800000)]
  0x0000018157ab9800 JavaThread "Unconstrained build operations Thread 27" [_thread_blocked, id=2460, stack(0x00000069fb800000,0x00000069fb900000)]
  0x0000018157310800 JavaThread "Unconstrained build operations Thread 28" [_thread_blocked, id=8216, stack(0x00000069fb900000,0x00000069fba00000)]
  0x0000018157312000 JavaThread "Unconstrained build operations Thread 29" [_thread_blocked, id=7272, stack(0x00000069fba00000,0x00000069fbb00000)]
  0x0000018157312800 JavaThread "Unconstrained build operations Thread 30" [_thread_blocked, id=1248, stack(0x00000069fbb00000,0x00000069fbc00000)]
  0x0000018157311000 JavaThread "Unconstrained build operations Thread 31" [_thread_blocked, id=9064, stack(0x00000069fbc00000,0x00000069fbd00000)]
  0x0000018157313800 JavaThread "Unconstrained build operations Thread 32" [_thread_blocked, id=8800, stack(0x00000069fbd00000,0x00000069fbe00000)]
  0x0000018157317000 JavaThread "Unconstrained build operations Thread 33" [_thread_blocked, id=10916, stack(0x00000069fbe00000,0x00000069fbf00000)]
  0x0000018157314800 JavaThread "Unconstrained build operations Thread 34" [_thread_blocked, id=7224, stack(0x00000069fbf00000,0x00000069fc000000)]
  0x0000018157315000 JavaThread "Unconstrained build operations Thread 35" [_thread_blocked, id=732, stack(0x00000069fc000000,0x00000069fc100000)]
  0x0000018157316000 JavaThread "Unconstrained build operations Thread 36" [_thread_blocked, id=7084, stack(0x00000069fc100000,0x00000069fc200000)]
  0x000001815949e000 JavaThread "Unconstrained build operations Thread 37" [_thread_blocked, id=8676, stack(0x00000069fc200000,0x00000069fc300000)]
  0x000001815949d000 JavaThread "Unconstrained build operations Thread 38" [_thread_blocked, id=11968, stack(0x00000069fc300000,0x00000069fc400000)]
  0x000001815949a800 JavaThread "Unconstrained build operations Thread 39" [_thread_blocked, id=12168, stack(0x00000069fc400000,0x00000069fc500000)]
  0x000001815949e800 JavaThread "Unconstrained build operations Thread 40" [_thread_blocked, id=10540, stack(0x00000069fc500000,0x00000069fc600000)]
  0x000001815949a000 JavaThread "build event listener" [_thread_blocked, id=5856, stack(0x00000069fc900000,0x00000069fca00000)]
  0x000001815949b800 JavaThread "pool-6-thread-1" [_thread_blocked, id=8540, stack(0x00000069fca00000,0x00000069fcb00000)]
  0x000001815949f800 JavaThread "build event listener" [_thread_blocked, id=5476, stack(0x00000069fcb00000,0x00000069fcc00000)]
  0x000001815949c000 JavaThread "included builds" [_thread_blocked, id=6960, stack(0x00000069fcc00000,0x00000069fcd00000)]
  0x00000181594a0800 JavaThread "Execution worker" [_thread_in_native, id=11552, stack(0x00000069fcd00000,0x00000069fce00000)]
  0x000001815e748800 JavaThread "Execution worker Thread 2" [_thread_blocked, id=10844, stack(0x00000069fce00000,0x00000069fcf00000)]
  0x000001815e74c800 JavaThread "Execution worker Thread 3" [_thread_blocked, id=2584, stack(0x00000069fcf00000,0x00000069fd000000)]
  0x000001815e749800 JavaThread "Cache worker for execution history cache (D:\SourceAndroid\KyThuat\.gradle\7.5\executionHistory)" [_thread_blocked, id=11420, stack(0x00000069fd000000,0x00000069fd100000)]
  0x000001815e74a000 JavaThread "WorkerExecutor Queue" [_thread_in_vm, id=828, stack(0x00000069f9000000,0x00000069f9100000)]

Other Threads:
  0x000001815373e800 VMThread "VM Thread" [stack: 0x00000069f7300000,0x00000069f7400000] [id=1076]
  0x000001815416e000 WatcherThread [stack: 0x00000069f7d00000,0x00000069f7e00000] [id=10512]
  0x0000018139b0b800 GCTaskThread "GC Thread#0" [stack: 0x00000069f6e00000,0x00000069f6f00000] [id=8112]
  0x0000018154c34000 GCTaskThread "GC Thread#1" [stack: 0x00000069f7e00000,0x00000069f7f00000] [id=3304]
  0x0000018154c34800 GCTaskThread "GC Thread#2" [stack: 0x00000069f7f00000,0x00000069f8000000] [id=11992]
  0x00000181547b2800 GCTaskThread "GC Thread#3" [stack: 0x00000069f8000000,0x00000069f8100000] [id=12000]
  0x0000018139b3b800 ConcurrentGCThread "G1 Main Marker" [stack: 0x00000069f6f00000,0x00000069f7000000] [id=4468]
  0x0000018139b3d000 ConcurrentGCThread "G1 Conc#0" [stack: 0x00000069f7000000,0x00000069f7100000] [id=11544]
  0x00000181535b8800 ConcurrentGCThread "G1 Refine#0" [stack: 0x00000069f7100000,0x00000069f7200000] [id=9608]
  0x000001815730b000 ConcurrentGCThread "G1 Refine#1" [stack: 0x00000069f9b00000,0x00000069f9c00000] [id=7708]
  0x00000181535b9800 ConcurrentGCThread "G1 Young RemSet Sampling" [stack: 0x00000069f7200000,0x00000069f7300000] [id=11072]

Threads with active compile tasks:
C2 CompilerThread0    38863 13346       4       org.gradle.internal.instantiation.generator.AbstractClassGenerator::inspectType (560 bytes)

VM state:not at safepoint (normal execution)

VM Mutex/Monitor currently owned by a thread: None

Heap address: 0x0000000080000000, size: 2048 MB, Compressed Oops mode: 32-bit
Narrow klass base: 0x0000000000000000, Narrow klass shift: 3
Compressed class space size: 1073741824 Address: 0x0000000100000000

Heap:
 garbage-first heap   total 260096K, used 210250K [0x0000000080000000, 0x0000000100000000)
  region size 1024K, 16 young (16384K), 5 survivors (5120K)
 Metaspace       used 111875K, capacity 115100K, committed 115408K, reserved 1148928K
  class space    used 14038K, capacity 15149K, committed 15232K, reserved 1048576K
Heap Regions: E=young(eden), S=young(survivor), O=old, HS=humongous(starts), HC=humongous(continues), CS=collection set, F=free, A=archive, TAMS=top-at-mark-start (previous, next)
|   0|0x0000000080000000, 0x0000000080100000, 0x0000000080100000|100%|HS|  |TAMS 0x0000000080100000, 0x0000000080100000| Complete 
|   1|0x0000000080100000, 0x0000000080200000, 0x0000000080200000|100%|HC|  |TAMS 0x0000000080200000, 0x0000000080200000| Complete 
|   2|0x0000000080200000, 0x0000000080300000, 0x0000000080300000|100%|HC|  |TAMS 0x0000000080300000, 0x0000000080300000| Complete 
|   3|0x0000000080300000, 0x0000000080400000, 0x0000000080400000|100%| O|  |TAMS 0x0000000080400000, 0x0000000080400000| Untracked 
|   4|0x0000000080400000, 0x0000000080500000, 0x0000000080500000|100%| O|  |TAMS 0x0000000080500000, 0x0000000080500000| Untracked 
|   5|0x0000000080500000, 0x0000000080600000, 0x0000000080600000|100%| O|  |TAMS 0x0000000080600000, 0x0000000080600000| Untracked 
|   6|0x0000000080600000, 0x0000000080700000, 0x0000000080700000|100%| O|  |TAMS 0x0000000080700000, 0x0000000080700000| Untracked 
|   7|0x0000000080700000, 0x0000000080800000, 0x0000000080800000|100%| O|  |TAMS 0x0000000080800000, 0x0000000080800000| Untracked 
|   8|0x0000000080800000, 0x0000000080900000, 0x0000000080900000|100%| O|  |TAMS 0x0000000080900000, 0x0000000080900000| Untracked 
|   9|0x0000000080900000, 0x0000000080a00000, 0x0000000080a00000|100%| O|  |TAMS 0x0000000080a00000, 0x0000000080a00000| Untracked 
|  10|0x0000000080a00000, 0x0000000080b00000, 0x0000000080b00000|100%| O|  |TAMS 0x0000000080b00000, 0x0000000080b00000| Untracked 
|  11|0x0000000080b00000, 0x0000000080c00000, 0x0000000080c00000|100%| O|  |TAMS 0x0000000080c00000, 0x0000000080c00000| Untracked 
|  12|0x0000000080c00000, 0x0000000080d00000, 0x0000000080d00000|100%| O|  |TAMS 0x0000000080d00000, 0x0000000080d00000| Untracked 
|  13|0x0000000080d00000, 0x0000000080e00000, 0x0000000080e00000|100%| O|  |TAMS 0x0000000080e00000, 0x0000000080e00000| Untracked 
|  14|0x0000000080e00000, 0x0000000080f00000, 0x0000000080f00000|100%| O|  |TAMS 0x0000000080f00000, 0x0000000080f00000| Untracked 
|  15|0x0000000080f00000, 0x0000000081000000, 0x0000000081000000|100%| O|  |TAMS 0x0000000081000000, 0x0000000081000000| Untracked 
|  16|0x0000000081000000, 0x0000000081100000, 0x0000000081100000|100%| O|  |TAMS 0x0000000081100000, 0x0000000081100000| Untracked 
|  17|0x0000000081100000, 0x0000000081200000, 0x0000000081200000|100%|HS|  |TAMS 0x0000000081200000, 0x0000000081200000| Complete 
|  18|0x0000000081200000, 0x0000000081300000, 0x0000000081300000|100%|HC|  |TAMS 0x0000000081300000, 0x0000000081300000| Complete 
|  19|0x0000000081300000, 0x0000000081400000, 0x0000000081400000|100%|HS|  |TAMS 0x0000000081400000, 0x0000000081400000| Complete 
|  20|0x0000000081400000, 0x0000000081500000, 0x0000000081500000|100%|HC|  |TAMS 0x0000000081500000, 0x0000000081500000| Complete 
|  21|0x0000000081500000, 0x0000000081600000, 0x0000000081600000|100%|HC|  |TAMS 0x0000000081600000, 0x0000000081600000| Complete 
|  22|0x0000000081600000, 0x0000000081700000, 0x0000000081700000|100%|HS|  |TAMS 0x0000000081700000, 0x0000000081700000| Complete 
|  23|0x0000000081700000, 0x0000000081800000, 0x0000000081800000|100%|HC|  |TAMS 0x0000000081800000, 0x0000000081800000| Complete 
|  24|0x0000000081800000, 0x0000000081900000, 0x0000000081900000|100%|HC|  |TAMS 0x0000000081900000, 0x0000000081900000| Complete 
|  25|0x0000000081900000, 0x0000000081a00000, 0x0000000081a00000|100%|HS|  |TAMS 0x0000000081a00000, 0x0000000081a00000| Complete 
|  26|0x0000000081a00000, 0x0000000081b00000, 0x0000000081b00000|100%|HC|  |TAMS 0x0000000081b00000, 0x0000000081b00000| Complete 
|  27|0x0000000081b00000, 0x0000000081c00000, 0x0000000081c00000|100%|HS|  |TAMS 0x0000000081c00000, 0x0000000081c00000| Complete 
|  28|0x0000000081c00000, 0x0000000081d00000, 0x0000000081d00000|100%|HC|  |TAMS 0x0000000081d00000, 0x0000000081d00000| Complete 
|  29|0x0000000081d00000, 0x0000000081e00000, 0x0000000081e00000|100%|HC|  |TAMS 0x0000000081e00000, 0x0000000081e00000| Complete 
|  30|0x0000000081e00000, 0x0000000081f00000, 0x0000000081f00000|100%|HC|  |TAMS 0x0000000081f00000, 0x0000000081f00000| Complete 
|  31|0x0000000081f00000, 0x0000000082000000, 0x0000000082000000|100%|HC|  |TAMS 0x0000000082000000, 0x0000000082000000| Complete 
|  32|0x0000000082000000, 0x0000000082100000, 0x0000000082100000|100%|HC|  |TAMS 0x0000000082100000, 0x0000000082100000| Complete 
|  33|0x0000000082100000, 0x0000000082200000, 0x0000000082200000|100%|HC|  |TAMS 0x0000000082200000, 0x0000000082200000| Complete 
|  34|0x0000000082200000, 0x0000000082300000, 0x0000000082300000|100%|HC|  |TAMS 0x0000000082300000, 0x0000000082300000| Complete 
|  35|0x0000000082300000, 0x0000000082400000, 0x0000000082400000|100%|HC|  |TAMS 0x0000000082400000, 0x0000000082400000| Complete 
|  36|0x0000000082400000, 0x0000000082500000, 0x0000000082500000|100%|HC|  |TAMS 0x0000000082500000, 0x0000000082500000| Complete 
|  37|0x0000000082500000, 0x0000000082600000, 0x0000000082600000|100%|HS|  |TAMS 0x0000000082600000, 0x0000000082600000| Complete 
|  38|0x0000000082600000, 0x0000000082700000, 0x0000000082700000|100%|HC|  |TAMS 0x0000000082700000, 0x0000000082700000| Complete 
|  39|0x0000000082700000, 0x0000000082800000, 0x0000000082800000|100%|HS|  |TAMS 0x0000000082800000, 0x0000000082800000| Complete 
|  40|0x0000000082800000, 0x0000000082900000, 0x0000000082900000|100%|HC|  |TAMS 0x0000000082900000, 0x0000000082900000| Complete 
|  41|0x0000000082900000, 0x0000000082a00000, 0x0000000082a00000|100%|HC|  |TAMS 0x0000000082a00000, 0x0000000082a00000| Complete 
|  42|0x0000000082a00000, 0x0000000082b00000, 0x0000000082b00000|100%|HC|  |TAMS 0x0000000082b00000, 0x0000000082b00000| Complete 
|  43|0x0000000082b00000, 0x0000000082c00000, 0x0000000082c00000|100%|HC|  |TAMS 0x0000000082c00000, 0x0000000082c00000| Complete 
|  44|0x0000000082c00000, 0x0000000082d00000, 0x0000000082d00000|100%| O|  |TAMS 0x0000000082d00000, 0x0000000082d00000| Untracked 
|  45|0x0000000082d00000, 0x0000000082e00000, 0x0000000082e00000|100%| O|  |TAMS 0x0000000082e00000, 0x0000000082e00000| Untracked 
|  46|0x0000000082e00000, 0x0000000082f00000, 0x0000000082f00000|100%| O|  |TAMS 0x0000000082f00000, 0x0000000082f00000| Untracked 
|  47|0x0000000082f00000, 0x0000000083000000, 0x0000000083000000|100%| O|  |TAMS 0x0000000083000000, 0x0000000083000000| Untracked 
|  48|0x0000000083000000, 0x0000000083100000, 0x0000000083100000|100%| O|  |TAMS 0x0000000083100000, 0x0000000083100000| Untracked 
|  49|0x0000000083100000, 0x0000000083200000, 0x0000000083200000|100%|HS|  |TAMS 0x0000000083200000, 0x0000000083200000| Complete 
|  50|0x0000000083200000, 0x0000000083300000, 0x0000000083300000|100%|HC|  |TAMS 0x0000000083300000, 0x0000000083300000| Complete 
|  51|0x0000000083300000, 0x0000000083400000, 0x0000000083400000|100%|HC|  |TAMS 0x0000000083400000, 0x0000000083400000| Complete 
|  52|0x0000000083400000, 0x0000000083500000, 0x0000000083500000|100%|HC|  |TAMS 0x0000000083500000, 0x0000000083500000| Complete 
|  53|0x0000000083500000, 0x0000000083600000, 0x0000000083600000|100%|HC|  |TAMS 0x0000000083600000, 0x0000000083600000| Complete 
|  54|0x0000000083600000, 0x0000000083700000, 0x0000000083700000|100%|HC|  |TAMS 0x0000000083700000, 0x0000000083700000| Complete 
|  55|0x0000000083700000, 0x0000000083800000, 0x0000000083800000|100%|HC|  |TAMS 0x0000000083800000, 0x0000000083800000| Complete 
|  56|0x0000000083800000, 0x0000000083900000, 0x0000000083900000|100%|HC|  |TAMS 0x0000000083900000, 0x0000000083900000| Complete 
|  57|0x0000000083900000, 0x0000000083a00000, 0x0000000083a00000|100%|HC|  |TAMS 0x0000000083a00000, 0x0000000083a00000| Complete 
|  58|0x0000000083a00000, 0x0000000083b00000, 0x0000000083b00000|100%|HC|  |TAMS 0x0000000083b00000, 0x0000000083b00000| Complete 
|  59|0x0000000083b00000, 0x0000000083c00000, 0x0000000083c00000|100%|HS|  |TAMS 0x0000000083c00000, 0x0000000083c00000| Complete 
|  60|0x0000000083c00000, 0x0000000083d00000, 0x0000000083d00000|100%|HC|  |TAMS 0x0000000083d00000, 0x0000000083d00000| Complete 
|  61|0x0000000083d00000, 0x0000000083e00000, 0x0000000083e00000|100%|HS|  |TAMS 0x0000000083e00000, 0x0000000083e00000| Complete 
|  62|0x0000000083e00000, 0x0000000083f00000, 0x0000000083f00000|100%|HC|  |TAMS 0x0000000083f00000, 0x0000000083f00000| Complete 
|  63|0x0000000083f00000, 0x0000000084000000, 0x0000000084000000|100%|HC|  |TAMS 0x0000000084000000, 0x0000000084000000| Complete 
|  64|0x0000000084000000, 0x0000000084100000, 0x0000000084100000|100%|HS|  |TAMS 0x0000000084100000, 0x0000000084100000| Complete 
|  65|0x0000000084100000, 0x0000000084200000, 0x0000000084200000|100%|HC|  |TAMS 0x0000000084200000, 0x0000000084200000| Complete 
|  66|0x0000000084200000, 0x0000000084300000, 0x0000000084300000|100%|HS|  |TAMS 0x0000000084300000, 0x0000000084300000| Complete 
|  67|0x0000000084300000, 0x0000000084400000, 0x0000000084400000|100%|HC|  |TAMS 0x0000000084400000, 0x0000000084400000| Complete 
|  68|0x0000000084400000, 0x0000000084500000, 0x0000000084500000|100%|HC|  |TAMS 0x0000000084500000, 0x0000000084500000| Complete 
|  69|0x0000000084500000, 0x0000000084600000, 0x0000000084600000|100%| O|  |TAMS 0x0000000084600000, 0x0000000084600000| Untracked 
|  70|0x0000000084600000, 0x0000000084700000, 0x0000000084700000|100%| O|  |TAMS 0x0000000084700000, 0x0000000084700000| Untracked 
|  71|0x0000000084700000, 0x0000000084800000, 0x0000000084800000|100%|HS|  |TAMS 0x0000000084800000, 0x0000000084800000| Complete 
|  72|0x0000000084800000, 0x0000000084900000, 0x0000000084900000|100%|HC|  |TAMS 0x0000000084900000, 0x0000000084900000| Complete 
|  73|0x0000000084900000, 0x0000000084a00000, 0x0000000084a00000|100%|HC|  |TAMS 0x0000000084a00000, 0x0000000084a00000| Complete 
|  74|0x0000000084a00000, 0x0000000084b00000, 0x0000000084b00000|100%|HC|  |TAMS 0x0000000084b00000, 0x0000000084b00000| Complete 
|  75|0x0000000084b00000, 0x0000000084c00000, 0x0000000084c00000|100%|HC|  |TAMS 0x0000000084c00000, 0x0000000084c00000| Complete 
|  76|0x0000000084c00000, 0x0000000084d00000, 0x0000000084d00000|100%| O|  |TAMS 0x0000000084d00000, 0x0000000084d00000| Untracked 
|  77|0x0000000084d00000, 0x0000000084e00000, 0x0000000084e00000|100%| O|  |TAMS 0x0000000084e00000, 0x0000000084e00000| Untracked 
|  78|0x0000000084e00000, 0x0000000084f00000, 0x0000000084f00000|100%| O|  |TAMS 0x0000000084f00000, 0x0000000084f00000| Untracked 
|  79|0x0000000084f00000, 0x0000000085000000, 0x0000000085000000|100%| O|  |TAMS 0x0000000085000000, 0x0000000085000000| Untracked 
|  80|0x0000000085000000, 0x0000000085100000, 0x0000000085100000|100%| O|  |TAMS 0x0000000085100000, 0x0000000085100000| Untracked 
|  81|0x0000000085100000, 0x0000000085200000, 0x0000000085200000|100%| O|  |TAMS 0x0000000085200000, 0x0000000085200000| Untracked 
|  82|0x0000000085200000, 0x0000000085300000, 0x0000000085300000|100%| O|  |TAMS 0x0000000085300000, 0x0000000085300000| Untracked 
|  83|0x0000000085300000, 0x0000000085400000, 0x0000000085400000|100%| O|  |TAMS 0x0000000085400000, 0x0000000085400000| Untracked 
|  84|0x0000000085400000, 0x0000000085500000, 0x0000000085500000|100%| O|  |TAMS 0x0000000085500000, 0x0000000085500000| Untracked 
|  85|0x0000000085500000, 0x0000000085600000, 0x0000000085600000|100%| O|  |TAMS 0x0000000085600000, 0x0000000085600000| Untracked 
|  86|0x0000000085600000, 0x0000000085700000, 0x0000000085700000|100%| O|  |TAMS 0x0000000085700000, 0x0000000085700000| Untracked 
|  87|0x0000000085700000, 0x0000000085800000, 0x0000000085800000|100%| O|  |TAMS 0x0000000085800000, 0x0000000085800000| Untracked 
|  88|0x0000000085800000, 0x0000000085900000, 0x0000000085900000|100%|HS|  |TAMS 0x0000000085900000, 0x0000000085900000| Complete 
|  89|0x0000000085900000, 0x0000000085a00000, 0x0000000085a00000|100%|HS|  |TAMS 0x0000000085a00000, 0x0000000085a00000| Complete 
|  90|0x0000000085a00000, 0x0000000085b00000, 0x0000000085b00000|100%| O|  |TAMS 0x0000000085b00000, 0x0000000085b00000| Untracked 
|  91|0x0000000085b00000, 0x0000000085c00000, 0x0000000085c00000|100%|HS|  |TAMS 0x0000000085c00000, 0x0000000085c00000| Complete 
|  92|0x0000000085c00000, 0x0000000085d00000, 0x0000000085d00000|100%|HC|  |TAMS 0x0000000085d00000, 0x0000000085d00000| Complete 
|  93|0x0000000085d00000, 0x0000000085e00000, 0x0000000085e00000|100%| O|  |TAMS 0x0000000085e00000, 0x0000000085e00000| Untracked 
|  94|0x0000000085e00000, 0x0000000085f00000, 0x0000000085f00000|100%| O|  |TAMS 0x0000000085f00000, 0x0000000085f00000| Untracked 
|  95|0x0000000085f00000, 0x0000000086000000, 0x0000000086000000|100%|HS|  |TAMS 0x0000000086000000, 0x0000000086000000| Complete 
|  96|0x0000000086000000, 0x0000000086100000, 0x0000000086100000|100%|HC|  |TAMS 0x0000000086100000, 0x0000000086100000| Complete 
|  97|0x0000000086100000, 0x0000000086200000, 0x0000000086200000|100%|HS|  |TAMS 0x0000000086200000, 0x0000000086200000| Complete 
|  98|0x0000000086200000, 0x0000000086300000, 0x0000000086300000|100%|HC|  |TAMS 0x0000000086300000, 0x0000000086300000| Complete 
|  99|0x0000000086300000, 0x0000000086400000, 0x0000000086400000|100%|HC|  |TAMS 0x0000000086400000, 0x0000000086400000| Complete 
| 100|0x0000000086400000, 0x0000000086500000, 0x0000000086500000|100%| O|  |TAMS 0x0000000086500000, 0x0000000086500000| Untracked 
| 101|0x0000000086500000, 0x0000000086600000, 0x0000000086600000|100%| O|  |TAMS 0x0000000086600000, 0x0000000086600000| Untracked 
| 102|0x0000000086600000, 0x0000000086700000, 0x0000000086700000|100%| O|  |TAMS 0x0000000086700000, 0x0000000086700000| Untracked 
| 103|0x0000000086700000, 0x0000000086800000, 0x0000000086800000|100%| O|  |TAMS 0x0000000086800000, 0x0000000086800000| Untracked 
| 104|0x0000000086800000, 0x0000000086900000, 0x0000000086900000|100%| O|  |TAMS 0x0000000086900000, 0x0000000086900000| Untracked 
| 105|0x0000000086900000, 0x0000000086a00000, 0x0000000086a00000|100%| O|  |TAMS 0x0000000086a00000, 0x0000000086a00000| Untracked 
| 106|0x0000000086a00000, 0x0000000086b00000, 0x0000000086b00000|100%| O|  |TAMS 0x0000000086b00000, 0x0000000086b00000| Untracked 
| 107|0x0000000086b00000, 0x0000000086c00000, 0x0000000086c00000|100%| O|  |TAMS 0x0000000086c00000, 0x0000000086c00000| Untracked 
| 108|0x0000000086c00000, 0x0000000086d00000, 0x0000000086d00000|100%| O|  |TAMS 0x0000000086d00000, 0x0000000086d00000| Untracked 
| 109|0x0000000086d00000, 0x0000000086e00000, 0x0000000086e00000|100%| O|  |TAMS 0x0000000086e00000, 0x0000000086e00000| Untracked 
| 110|0x0000000086e00000, 0x0000000086f00000, 0x0000000086f00000|100%| O|  |TAMS 0x0000000086f00000, 0x0000000086f00000| Untracked 
| 111|0x0000000086f00000, 0x0000000087000000, 0x0000000087000000|100%| O|  |TAMS 0x0000000087000000, 0x0000000087000000| Untracked 
| 112|0x0000000087000000, 0x0000000087100000, 0x0000000087100000|100%| O|  |TAMS 0x0000000087100000, 0x0000000087100000| Untracked 
| 113|0x0000000087100000, 0x0000000087200000, 0x0000000087200000|100%| O|  |TAMS 0x0000000087200000, 0x0000000087200000| Untracked 
| 114|0x0000000087200000, 0x0000000087300000, 0x0000000087300000|100%| O|  |TAMS 0x0000000087300000, 0x0000000087300000| Untracked 
| 115|0x0000000087300000, 0x0000000087400000, 0x0000000087400000|100%| O|  |TAMS 0x0000000087400000, 0x0000000087400000| Untracked 
| 116|0x0000000087400000, 0x0000000087500000, 0x0000000087500000|100%| O|  |TAMS 0x0000000087500000, 0x0000000087500000| Untracked 
| 117|0x0000000087500000, 0x0000000087600000, 0x0000000087600000|100%| O|  |TAMS 0x0000000087600000, 0x0000000087600000| Untracked 
| 118|0x0000000087600000, 0x0000000087700000, 0x0000000087700000|100%| O|  |TAMS 0x0000000087700000, 0x0000000087700000| Untracked 
| 119|0x0000000087700000, 0x0000000087800000, 0x0000000087800000|100%| O|  |TAMS 0x0000000087800000, 0x0000000087800000| Untracked 
| 120|0x0000000087800000, 0x0000000087900000, 0x0000000087900000|100%|HS|  |TAMS 0x0000000087900000, 0x0000000087900000| Complete 
| 121|0x0000000087900000, 0x0000000087a00000, 0x0000000087a00000|100%|HC|  |TAMS 0x0000000087a00000, 0x0000000087a00000| Complete 
| 122|0x0000000087a00000, 0x0000000087b00000, 0x0000000087b00000|100%|HC|  |TAMS 0x0000000087b00000, 0x0000000087b00000| Complete 
| 123|0x0000000087b00000, 0x0000000087c00000, 0x0000000087c00000|100%|HS|  |TAMS 0x0000000087c00000, 0x0000000087c00000| Complete 
| 124|0x0000000087c00000, 0x0000000087d00000, 0x0000000087d00000|100%|HC|  |TAMS 0x0000000087d00000, 0x0000000087d00000| Complete 
| 125|0x0000000087d00000, 0x0000000087e00000, 0x0000000087e00000|100%|HS|  |TAMS 0x0000000087e00000, 0x0000000087e00000| Complete 
| 126|0x0000000087e00000, 0x0000000087f00000, 0x0000000087f00000|100%|HC|  |TAMS 0x0000000087f00000, 0x0000000087f00000| Complete 
| 127|0x0000000087f00000, 0x0000000088000000, 0x0000000088000000|100%|HC|  |TAMS 0x0000000088000000, 0x0000000088000000| Complete 
| 128|0x0000000088000000, 0x0000000088100000, 0x0000000088100000|100%|HC|  |TAMS 0x0000000088100000, 0x0000000088100000| Complete 
| 129|0x0000000088100000, 0x0000000088200000, 0x0000000088200000|100%|HC|  |TAMS 0x0000000088200000, 0x0000000088200000| Complete 
| 130|0x0000000088200000, 0x0000000088300000, 0x0000000088300000|100%|HC|  |TAMS 0x0000000088300000, 0x0000000088300000| Complete 
| 131|0x0000000088300000, 0x0000000088400000, 0x0000000088400000|100%|HC|  |TAMS 0x0000000088400000, 0x0000000088400000| Complete 
| 132|0x0000000088400000, 0x0000000088500000, 0x0000000088500000|100%|HC|  |TAMS 0x0000000088500000, 0x0000000088500000| Complete 
| 133|0x0000000088500000, 0x0000000088600000, 0x0000000088600000|100%|HC|  |TAMS 0x0000000088600000, 0x0000000088600000| Complete 
| 134|0x0000000088600000, 0x0000000088700000, 0x0000000088700000|100%|HC|  |TAMS 0x0000000088700000, 0x0000000088700000| Complete 
| 135|0x0000000088700000, 0x0000000088800000, 0x0000000088800000|100%|HS|  |TAMS 0x0000000088800000, 0x0000000088800000| Complete 
| 136|0x0000000088800000, 0x0000000088900000, 0x0000000088900000|100%|HC|  |TAMS 0x0000000088900000, 0x0000000088900000| Complete 
| 137|0x0000000088900000, 0x0000000088a00000, 0x0000000088a00000|100%|HS|  |TAMS 0x0000000088a00000, 0x0000000088a00000| Complete 
| 138|0x0000000088a00000, 0x0000000088b00000, 0x0000000088b00000|100%|HC|  |TAMS 0x0000000088b00000, 0x0000000088b00000| Complete 
| 139|0x0000000088b00000, 0x0000000088c00000, 0x0000000088c00000|100%|HC|  |TAMS 0x0000000088c00000, 0x0000000088c00000| Complete 
| 140|0x0000000088c00000, 0x0000000088d00000, 0x0000000088d00000|100%|HC|  |TAMS 0x0000000088d00000, 0x0000000088d00000| Complete 
| 141|0x0000000088d00000, 0x0000000088e00000, 0x0000000088e00000|100%|HC|  |TAMS 0x0000000088e00000, 0x0000000088e00000| Complete 
| 142|0x0000000088e00000, 0x0000000088f00000, 0x0000000088f00000|100%| O|  |TAMS 0x0000000088f00000, 0x0000000088f00000| Untracked 
| 143|0x0000000088f00000, 0x0000000089000000, 0x0000000089000000|100%| O|  |TAMS 0x0000000089000000, 0x0000000089000000| Untracked 
| 144|0x0000000089000000, 0x0000000089100000, 0x0000000089100000|100%| O|  |TAMS 0x0000000089100000, 0x0000000089100000| Untracked 
| 145|0x0000000089100000, 0x0000000089200000, 0x0000000089200000|100%| O|  |TAMS 0x0000000089200000, 0x0000000089200000| Untracked 
| 146|0x0000000089200000, 0x0000000089300000, 0x0000000089300000|100%| O|  |TAMS 0x0000000089300000, 0x0000000089300000| Untracked 
| 147|0x0000000089300000, 0x0000000089400000, 0x0000000089400000|100%| O|  |TAMS 0x0000000089400000, 0x0000000089400000| Untracked 
| 148|0x0000000089400000, 0x0000000089500000, 0x0000000089500000|100%| O|  |TAMS 0x0000000089500000, 0x0000000089500000| Untracked 
| 149|0x0000000089500000, 0x0000000089600000, 0x0000000089600000|100%| O|  |TAMS 0x0000000089600000, 0x0000000089600000| Untracked 
| 150|0x0000000089600000, 0x0000000089700000, 0x0000000089700000|100%| O|  |TAMS 0x0000000089700000, 0x0000000089700000| Untracked 
| 151|0x0000000089700000, 0x0000000089800000, 0x0000000089800000|100%| O|  |TAMS 0x0000000089800000, 0x0000000089800000| Untracked 
| 152|0x0000000089800000, 0x0000000089900000, 0x0000000089900000|100%| O|  |TAMS 0x0000000089900000, 0x0000000089900000| Untracked 
| 153|0x0000000089900000, 0x0000000089a00000, 0x0000000089a00000|100%| O|  |TAMS 0x0000000089a00000, 0x0000000089a00000| Untracked 
| 154|0x0000000089a00000, 0x0000000089b00000, 0x0000000089b00000|100%| O|  |TAMS 0x0000000089b00000, 0x0000000089b00000| Untracked 
| 155|0x0000000089b00000, 0x0000000089c00000, 0x0000000089c00000|100%| O|  |TAMS 0x0000000089c00000, 0x0000000089c00000| Untracked 
| 156|0x0000000089c00000, 0x0000000089d00000, 0x0000000089d00000|100%| O|  |TAMS 0x0000000089d00000, 0x0000000089d00000| Untracked 
| 157|0x0000000089d00000, 0x0000000089e00000, 0x0000000089e00000|100%| O|  |TAMS 0x0000000089e00000, 0x0000000089e00000| Untracked 
| 158|0x0000000089e00000, 0x0000000089f00000, 0x0000000089f00000|100%| O|  |TAMS 0x0000000089f00000, 0x0000000089f00000| Untracked 
| 159|0x0000000089f00000, 0x000000008a000000, 0x000000008a000000|100%| O|  |TAMS 0x000000008a000000, 0x000000008a000000| Untracked 
| 160|0x000000008a000000, 0x000000008a100000, 0x000000008a100000|100%| O|  |TAMS 0x000000008a100000, 0x000000008a100000| Untracked 
| 161|0x000000008a100000, 0x000000008a200000, 0x000000008a200000|100%| O|  |TAMS 0x000000008a200000, 0x000000008a200000| Untracked 
| 162|0x000000008a200000, 0x000000008a300000, 0x000000008a300000|100%| O|  |TAMS 0x000000008a300000, 0x000000008a300000| Untracked 
| 163|0x000000008a300000, 0x000000008a400000, 0x000000008a400000|100%| O|  |TAMS 0x000000008a400000, 0x000000008a400000| Untracked 
| 164|0x000000008a400000, 0x000000008a500000, 0x000000008a500000|100%| O|  |TAMS 0x000000008a500000, 0x000000008a500000| Untracked 
| 165|0x000000008a500000, 0x000000008a600000, 0x000000008a600000|100%| O|  |TAMS 0x000000008a600000, 0x000000008a600000| Untracked 
| 166|0x000000008a600000, 0x000000008a700000, 0x000000008a700000|100%| O|  |TAMS 0x000000008a700000, 0x000000008a700000| Untracked 
| 167|0x000000008a700000, 0x000000008a800000, 0x000000008a800000|100%| O|  |TAMS 0x000000008a800000, 0x000000008a800000| Untracked 
| 168|0x000000008a800000, 0x000000008a900000, 0x000000008a900000|100%| O|  |TAMS 0x000000008a900000, 0x000000008a900000| Untracked 
| 169|0x000000008a900000, 0x000000008aa00000, 0x000000008aa00000|100%| O|  |TAMS 0x000000008aa00000, 0x000000008aa00000| Untracked 
| 170|0x000000008aa00000, 0x000000008ab00000, 0x000000008ab00000|100%| O|  |TAMS 0x000000008ab00000, 0x000000008ab00000| Untracked 
| 171|0x000000008ab00000, 0x000000008ac00000, 0x000000008ac00000|100%| O|  |TAMS 0x000000008ac00000, 0x000000008ac00000| Untracked 
| 172|0x000000008ac00000, 0x000000008ad00000, 0x000000008ad00000|100%| O|  |TAMS 0x000000008ad00000, 0x000000008ad00000| Untracked 
| 173|0x000000008ad00000, 0x000000008ae00000, 0x000000008ae00000|100%| O|  |TAMS 0x000000008ae00000, 0x000000008ae00000| Untracked 
| 174|0x000000008ae00000, 0x000000008af00000, 0x000000008af00000|100%| O|  |TAMS 0x000000008af00000, 0x000000008af00000| Untracked 
| 175|0x000000008af00000, 0x000000008b000000, 0x000000008b000000|100%| O|  |TAMS 0x000000008b000000, 0x000000008b000000| Untracked 
| 176|0x000000008b000000, 0x000000008b100000, 0x000000008b100000|100%| O|  |TAMS 0x000000008b100000, 0x000000008b100000| Untracked 
| 177|0x000000008b100000, 0x000000008b200000, 0x000000008b200000|100%| O|  |TAMS 0x000000008b200000, 0x000000008b200000| Untracked 
| 178|0x000000008b200000, 0x000000008b300000, 0x000000008b300000|100%| O|  |TAMS 0x000000008b300000, 0x000000008b300000| Untracked 
| 179|0x000000008b300000, 0x000000008b400000, 0x000000008b400000|100%| O|  |TAMS 0x000000008b3ff400, 0x000000008b400000| Untracked 
| 180|0x000000008b400000, 0x000000008b500000, 0x000000008b500000|100%| O|  |TAMS 0x000000008b400000, 0x000000008b500000| Untracked 
| 181|0x000000008b500000, 0x000000008b600000, 0x000000008b600000|100%| O|  |TAMS 0x000000008b500000, 0x000000008b600000| Untracked 
| 182|0x000000008b600000, 0x000000008b700000, 0x000000008b700000|100%| O|  |TAMS 0x000000008b600000, 0x000000008b700000| Untracked 
| 183|0x000000008b700000, 0x000000008b800000, 0x000000008b800000|100%| O|  |TAMS 0x000000008b700000, 0x000000008b800000| Untracked 
| 184|0x000000008b800000, 0x000000008b900000, 0x000000008b900000|100%| O|  |TAMS 0x000000008b800000, 0x000000008b900000| Untracked 
| 185|0x000000008b900000, 0x000000008ba00000, 0x000000008ba00000|100%| O|  |TAMS 0x000000008b900000, 0x000000008ba00000| Untracked 
| 186|0x000000008ba00000, 0x000000008bb00000, 0x000000008bb00000|100%| O|  |TAMS 0x000000008ba00000, 0x000000008bb00000| Untracked 
| 187|0x000000008bb00000, 0x000000008bc00000, 0x000000008bc00000|100%| O|  |TAMS 0x000000008bb00000, 0x000000008bc00000| Untracked 
| 188|0x000000008bc00000, 0x000000008bd00000, 0x000000008bd00000|100%| O|  |TAMS 0x000000008bc00000, 0x000000008bd00000| Untracked 
| 189|0x000000008bd00000, 0x000000008be00000, 0x000000008be00000|100%| O|  |TAMS 0x000000008bd00000, 0x000000008be00000| Untracked 
| 190|0x000000008be00000, 0x000000008be7bc00, 0x000000008bf00000| 48%| O|  |TAMS 0x000000008be00000, 0x000000008be7bc00| Untracked 
| 191|0x000000008bf00000, 0x000000008bf00000, 0x000000008c000000|  0%| F|  |TAMS 0x000000008bf00000, 0x000000008bf00000| Untracked 
| 192|0x000000008c000000, 0x000000008c000000, 0x000000008c100000|  0%| F|  |TAMS 0x000000008c000000, 0x000000008c000000| Untracked 
| 193|0x000000008c100000, 0x000000008c100000, 0x000000008c200000|  0%| F|  |TAMS 0x000000008c100000, 0x000000008c100000| Untracked 
| 194|0x000000008c200000, 0x000000008c200000, 0x000000008c300000|  0%| F|  |TAMS 0x000000008c200000, 0x000000008c200000| Untracked 
| 195|0x000000008c300000, 0x000000008c300000, 0x000000008c400000|  0%| F|  |TAMS 0x000000008c300000, 0x000000008c300000| Untracked 
| 196|0x000000008c400000, 0x000000008c400000, 0x000000008c500000|  0%| F|  |TAMS 0x000000008c400000, 0x000000008c400000| Untracked 
| 197|0x000000008c500000, 0x000000008c500000, 0x000000008c600000|  0%| F|  |TAMS 0x000000008c500000, 0x000000008c500000| Untracked 
| 198|0x000000008c600000, 0x000000008c600000, 0x000000008c700000|  0%| F|  |TAMS 0x000000008c600000, 0x000000008c600000| Untracked 
| 199|0x000000008c700000, 0x000000008c700000, 0x000000008c800000|  0%| F|  |TAMS 0x000000008c700000, 0x000000008c700000| Untracked 
| 200|0x000000008c800000, 0x000000008c800000, 0x000000008c900000|  0%| F|  |TAMS 0x000000008c800000, 0x000000008c800000| Untracked 
| 201|0x000000008c900000, 0x000000008c900000, 0x000000008ca00000|  0%| F|  |TAMS 0x000000008c900000, 0x000000008c900000| Untracked 
| 202|0x000000008ca00000, 0x000000008ca00000, 0x000000008cb00000|  0%| F|  |TAMS 0x000000008ca00000, 0x000000008ca00000| Untracked 
| 203|0x000000008cb00000, 0x000000008cb00000, 0x000000008cc00000|  0%| F|  |TAMS 0x000000008cb00000, 0x000000008cb00000| Untracked 
| 204|0x000000008cc00000, 0x000000008cc00000, 0x000000008cd00000|  0%| F|  |TAMS 0x000000008cc00000, 0x000000008cc00000| Untracked 
| 205|0x000000008cd00000, 0x000000008cd00000, 0x000000008ce00000|  0%| F|  |TAMS 0x000000008cd00000, 0x000000008cd00000| Untracked 
| 206|0x000000008ce00000, 0x000000008ce00000, 0x000000008cf00000|  0%| F|  |TAMS 0x000000008ce00000, 0x000000008ce00000| Untracked 
| 207|0x000000008cf00000, 0x000000008cf00000, 0x000000008d000000|  0%| F|  |TAMS 0x000000008cf00000, 0x000000008cf00000| Untracked 
| 208|0x000000008d000000, 0x000000008d000000, 0x000000008d100000|  0%| F|  |TAMS 0x000000008d000000, 0x000000008d000000| Untracked 
| 209|0x000000008d100000, 0x000000008d100000, 0x000000008d200000|  0%| F|  |TAMS 0x000000008d100000, 0x000000008d100000| Untracked 
| 210|0x000000008d200000, 0x000000008d200000, 0x000000008d300000|  0%| F|  |TAMS 0x000000008d200000, 0x000000008d200000| Untracked 
| 211|0x000000008d300000, 0x000000008d300000, 0x000000008d400000|  0%| F|  |TAMS 0x000000008d300000, 0x000000008d300000| Untracked 
| 212|0x000000008d400000, 0x000000008d400000, 0x000000008d500000|  0%| F|  |TAMS 0x000000008d400000, 0x000000008d400000| Untracked 
| 213|0x000000008d500000, 0x000000008d500000, 0x000000008d600000|  0%| F|  |TAMS 0x000000008d500000, 0x000000008d500000| Untracked 
| 214|0x000000008d600000, 0x000000008d600000, 0x000000008d700000|  0%| F|  |TAMS 0x000000008d600000, 0x000000008d600000| Untracked 
| 215|0x000000008d700000, 0x000000008d700000, 0x000000008d800000|  0%| F|  |TAMS 0x000000008d700000, 0x000000008d700000| Untracked 
| 216|0x000000008d800000, 0x000000008d800000, 0x000000008d900000|  0%| F|  |TAMS 0x000000008d800000, 0x000000008d800000| Untracked 
| 217|0x000000008d900000, 0x000000008d9d6f60, 0x000000008da00000| 83%| S|CS|TAMS 0x000000008d900000, 0x000000008d900000| Complete 
| 218|0x000000008da00000, 0x000000008da00000, 0x000000008db00000|  0%| F|  |TAMS 0x000000008da00000, 0x000000008da00000| Untracked 
| 219|0x000000008db00000, 0x000000008db00000, 0x000000008dc00000|  0%| F|  |TAMS 0x000000008db00000, 0x000000008db00000| Untracked 
| 220|0x000000008dc00000, 0x000000008dc00000, 0x000000008dd00000|  0%| F|  |TAMS 0x000000008dc00000, 0x000000008dc00000| Untracked 
| 221|0x000000008dd00000, 0x000000008de00000, 0x000000008de00000|100%| S|CS|TAMS 0x000000008dd00000, 0x000000008dd00000| Complete 
| 222|0x000000008de00000, 0x000000008df00000, 0x000000008df00000|100%| S|CS|TAMS 0x000000008de00000, 0x000000008de00000| Complete 
| 223|0x000000008df00000, 0x000000008e000000, 0x000000008e000000|100%| S|CS|TAMS 0x000000008df00000, 0x000000008df00000| Complete 
| 224|0x000000008e000000, 0x000000008e100000, 0x000000008e100000|100%| S|CS|TAMS 0x000000008e000000, 0x000000008e000000| Complete 
| 225|0x000000008e100000, 0x000000008e100000, 0x000000008e200000|  0%| F|  |TAMS 0x000000008e100000, 0x000000008e100000| Untracked 
| 226|0x000000008e200000, 0x000000008e200000, 0x000000008e300000|  0%| F|  |TAMS 0x000000008e200000, 0x000000008e200000| Untracked 
| 227|0x000000008e300000, 0x000000008e300000, 0x000000008e400000|  0%| F|  |TAMS 0x000000008e300000, 0x000000008e300000| Untracked 
| 228|0x000000008e400000, 0x000000008e400000, 0x000000008e500000|  0%| F|  |TAMS 0x000000008e400000, 0x000000008e400000| Untracked 
| 229|0x000000008e500000, 0x000000008e500000, 0x000000008e600000|  0%| F|  |TAMS 0x000000008e500000, 0x000000008e500000| Untracked 
| 230|0x000000008e600000, 0x000000008e600000, 0x000000008e700000|  0%| F|  |TAMS 0x000000008e600000, 0x000000008e600000| Untracked 
| 231|0x000000008e700000, 0x000000008e700000, 0x000000008e800000|  0%| F|  |TAMS 0x000000008e700000, 0x000000008e700000| Untracked 
| 232|0x000000008e800000, 0x000000008e800000, 0x000000008e900000|  0%| F|  |TAMS 0x000000008e800000, 0x000000008e800000| Untracked 
| 233|0x000000008e900000, 0x000000008e900000, 0x000000008ea00000|  0%| F|  |TAMS 0x000000008e900000, 0x000000008e900000| Untracked 
| 234|0x000000008ea00000, 0x000000008ea00000, 0x000000008eb00000|  0%| F|  |TAMS 0x000000008ea00000, 0x000000008ea00000| Untracked 
| 235|0x000000008eb00000, 0x000000008eb00000, 0x000000008ec00000|  0%| F|  |TAMS 0x000000008eb00000, 0x000000008eb00000| Untracked 
| 236|0x000000008ec00000, 0x000000008ec00000, 0x000000008ed00000|  0%| F|  |TAMS 0x000000008ec00000, 0x000000008ec00000| Untracked 
| 237|0x000000008ed00000, 0x000000008ed00000, 0x000000008ee00000|  0%| F|  |TAMS 0x000000008ed00000, 0x000000008ed00000| Untracked 
| 238|0x000000008ee00000, 0x000000008ee00000, 0x000000008ef00000|  0%| F|  |TAMS 0x000000008ee00000, 0x000000008ee00000| Untracked 
| 239|0x000000008ef00000, 0x000000008ef00000, 0x000000008f000000|  0%| F|  |TAMS 0x000000008ef00000, 0x000000008ef00000| Untracked 
| 240|0x000000008f000000, 0x000000008f000000, 0x000000008f100000|  0%| F|  |TAMS 0x000000008f000000, 0x000000008f000000| Untracked 
| 241|0x000000008f100000, 0x000000008f100000, 0x000000008f200000|  0%| F|  |TAMS 0x000000008f100000, 0x000000008f100000| Untracked 
| 242|0x000000008f200000, 0x000000008f200000, 0x000000008f300000|  0%| F|  |TAMS 0x000000008f200000, 0x000000008f200000| Untracked 
| 243|0x000000008f300000, 0x000000008f307988, 0x000000008f400000|  2%| E|  |TAMS 0x000000008f300000, 0x000000008f300000| Complete 
| 244|0x000000008f400000, 0x000000008f500000, 0x000000008f500000|100%| E|CS|TAMS 0x000000008f400000, 0x000000008f400000| Complete 
| 245|0x000000008f500000, 0x000000008f600000, 0x000000008f600000|100%| E|CS|TAMS 0x000000008f500000, 0x000000008f500000| Complete 
| 246|0x000000008f600000, 0x000000008f700000, 0x000000008f700000|100%| E|CS|TAMS 0x000000008f600000, 0x000000008f600000| Complete 
| 247|0x000000008f700000, 0x000000008f800000, 0x000000008f800000|100%| E|CS|TAMS 0x000000008f700000, 0x000000008f700000| Complete 
| 248|0x000000008f800000, 0x000000008f900000, 0x000000008f900000|100%| E|CS|TAMS 0x000000008f800000, 0x000000008f800000| Complete 
| 249|0x000000008f900000, 0x000000008fa00000, 0x000000008fa00000|100%| E|CS|TAMS 0x000000008f900000, 0x000000008f900000| Complete 
| 250|0x000000008fa00000, 0x000000008fb00000, 0x000000008fb00000|100%| E|CS|TAMS 0x000000008fa00000, 0x000000008fa00000| Complete 
| 251|0x000000008fb00000, 0x000000008fc00000, 0x000000008fc00000|100%| E|CS|TAMS 0x000000008fb00000, 0x000000008fb00000| Complete 
| 252|0x000000008fc00000, 0x000000008fd00000, 0x000000008fd00000|100%| E|CS|TAMS 0x000000008fc00000, 0x000000008fc00000| Complete 
| 253|0x000000008fd00000, 0x000000008fe00000, 0x000000008fe00000|100%| E|CS|TAMS 0x000000008fd00000, 0x000000008fd00000| Complete 

Card table byte_map: [0x000001814ca10000,0x000001814ce10000] _byte_map_base: 0x000001814c610000

Marking Bits (Prev, Next): (CMBitMap*) 0x0000018139b32f00, (CMBitMap*) 0x0000018139b32ec8
 Prev Bits: [0x000001814f210000, 0x0000018151210000)
 Next Bits: [0x000001814d210000, 0x000001814f210000)

Polling page: 0x0000018137a70000

Metaspace:

Usage:
  Non-class:     97.61 MB capacity,    95.54 MB ( 98%) used,     1.73 MB (  2%) free+waste,   338.25 KB ( <1%) overhead. 
      Class:     14.79 MB capacity,    13.71 MB ( 93%) used,   959.16 KB (  6%) free+waste,   151.31 KB ( <1%) overhead. 
       Both:    112.40 MB capacity,   109.25 MB ( 97%) used,     2.67 MB (  2%) free+waste,   489.56 KB ( <1%) overhead. 

Virtual space:
  Non-class space:       98.00 MB reserved,      97.83 MB (>99%) committed 
      Class space:        1.00 GB reserved,      14.88 MB (  1%) committed 
             Both:        1.10 GB reserved,     112.70 MB ( 10%) committed 

Chunk freelists:
   Non-Class:  33.00 KB
       Class:  19.00 KB
        Both:  52.00 KB

MaxMetaspaceSize: 17179869184.00 GB
CompressedClassSpaceSize: 1.00 GB
Initial GC threshold: 20.80 MB
Current GC threshold: 185.34 MB
CDS: off

CodeHeap 'non-profiled nmethods': size=120064Kb used=8308Kb max_used=8308Kb free=111755Kb
 bounds [0x00000181450d0000, 0x00000181458f0000, 0x000001814c610000]
CodeHeap 'profiled nmethods': size=120000Kb used=29838Kb max_used=29838Kb free=90161Kb
 bounds [0x000001813dba0000, 0x000001813f8d0000, 0x00000181450d0000]
CodeHeap 'non-nmethods': size=5696Kb used=2418Kb max_used=2477Kb free=3277Kb
 bounds [0x000001813d610000, 0x000001813d880000, 0x000001813dba0000]
 total_blobs=14239 nmethods=13289 adapters=863
 compilation: enabled
              stopped_count=0, restarted_count=0
 full_count=0

Compilation events (20 events):
Event: 38.807 Thread 0x0000018153fe5800 13322       3       org.gradle.internal.component.external.model.VariantMetadataRules::applyVariantFilesMetadataRulesToArtifacts (20 bytes)
Event: 38.807 Thread 0x0000018153fe5800 nmethod 13322 0x000001813f8b7410 code [0x000001813f8b75c0, 0x000001813f8b7728]
Event: 38.809 Thread 0x0000018153fd6000 13323   !   4       java.util.concurrent.ConcurrentHashMap::replaceNode (437 bytes)
Event: 38.809 Thread 0x0000018153fe5800 13325       3       org.gradle.internal.snapshot.AbstractListChildMap$2::<init> (18 bytes)
Event: 38.810 Thread 0x0000018153fe5800 nmethod 13325 0x000001813f8b7810 code [0x000001813f8b79e0, 0x000001813f8b7cb8]
Event: 38.812 Thread 0x0000018153fe5800 13326       3       org.gradle.internal.classloader.ConfigurableClassLoaderHierarchyHasher::getClassLoaderHash (20 bytes)
Event: 38.813 Thread 0x0000018153fe5800 nmethod 13326 0x000001813f8b7d90 code [0x000001813f8b80a0, 0x000001813f8b9118]
Event: 38.813 Thread 0x0000018153fe5800 13327       3       org.gradle.internal.classloader.ConfigurableClassLoaderHierarchyHasher$Visitor::<init> (6 bytes)
Event: 38.813 Thread 0x0000018153fe5800 nmethod 13327 0x000001813f8b9710 code [0x000001813f8b99a0, 0x000001813f8ba558]
Event: 38.813 Thread 0x0000018153fe5800 13328       3       org.gradle.internal.classloader.ConfigurableClassLoaderHierarchyHasher$Visitor::<init> (17 bytes)
Event: 38.814 Thread 0x0000018153fe5800 nmethod 13328 0x000001813f8ba990 code [0x000001813f8bac20, 0x000001813f8bb778]
Event: 38.814 Thread 0x0000018153fe5800 13329       3       org.gradle.internal.classloader.ConfigurableClassLoaderHierarchyHasher$Visitor::getHash (21 bytes)
Event: 38.814 Thread 0x0000018153fe5800 nmethod 13329 0x000001813f8bbb90 code [0x000001813f8bbda0, 0x000001813f8bc3e8]
Event: 38.822 Thread 0x0000018153fd6000 nmethod 13323 0x00000181458eaa10 code [0x00000181458eabc0, 0x00000181458eb4e8]
Event: 38.822 Thread 0x0000018153fd6000 13324       4       org.gradle.internal.snapshot.VfsRelativePath::length (13 bytes)
Event: 38.823 Thread 0x0000018153fd6000 nmethod 13324 0x00000181458eb990 code [0x00000181458ebb20, 0x00000181458ebbb8]
Event: 38.829 Thread 0x0000018153fd6000 13330       4       java.lang.ClassLoader::findClass (9 bytes)
Event: 38.830 Thread 0x0000018153fd6000 nmethod 13330 0x00000181458ebc90 code [0x00000181458ebe40, 0x00000181458ebf48]
Event: 38.831 Thread 0x0000018153fe5800 13331       1       org.gradle.api.internal.artifacts.ivyservice.DefaultLenientConfiguration::access$800 (5 bytes)
Event: 38.831 Thread 0x0000018153fe5800 nmethod 13331 0x00000181458ec010 code [0x00000181458ec1c0, 0x00000181458ec258]

GC Heap History (20 events):
Event: 16.246 GC heap before
{Heap before GC invocations=18 (full 0):
 garbage-first heap   total 260096K, used 220877K [0x0000000080000000, 0x0000000100000000)
  region size 1024K, 53 young (54272K), 2 survivors (2048K)
 Metaspace       used 94769K, capacity 97410K, committed 97616K, reserved 1134592K
  class space    used 12161K, capacity 13043K, committed 13056K, reserved 1048576K
}
Event: 16.251 GC heap after
{Heap after GC invocations=19 (full 0):
 garbage-first heap   total 260096K, used 168866K [0x0000000080000000, 0x0000000100000000)
  region size 1024K, 4 young (4096K), 4 survivors (4096K)
 Metaspace       used 94769K, capacity 97410K, committed 97616K, reserved 1134592K
  class space    used 12161K, capacity 13043K, committed 13056K, reserved 1048576K
}
Event: 17.175 GC heap before
{Heap before GC invocations=19 (full 0):
 garbage-first heap   total 260096K, used 220066K [0x0000000080000000, 0x0000000100000000)
  region size 1024K, 54 young (55296K), 4 survivors (4096K)
 Metaspace       used 99864K, capacity 102584K, committed 102736K, reserved 1138688K
  class space    used 12841K, capacity 13797K, committed 13824K, reserved 1048576K
}
Event: 17.187 GC heap after
{Heap after GC invocations=20 (full 0):
 garbage-first heap   total 260096K, used 171866K [0x0000000080000000, 0x0000000100000000)
  region size 1024K, 7 young (7168K), 7 survivors (7168K)
 Metaspace       used 99864K, capacity 102584K, committed 102736K, reserved 1138688K
  class space    used 12841K, capacity 13797K, committed 13824K, reserved 1048576K
}
Event: 18.166 GC heap before
{Heap before GC invocations=21 (full 0):
 garbage-first heap   total 260096K, used 221018K [0x0000000080000000, 0x0000000100000000)
  region size 1024K, 56 young (57344K), 7 survivors (7168K)
 Metaspace       used 100708K, capacity 103400K, committed 103632K, reserved 1138688K
  class space    used 12886K, capacity 13860K, committed 13952K, reserved 1048576K
}
Event: 18.183 GC heap after
{Heap after GC invocations=22 (full 0):
 garbage-first heap   total 260096K, used 177787K [0x0000000080000000, 0x0000000100000000)
  region size 1024K, 7 young (7168K), 7 survivors (7168K)
 Metaspace       used 100708K, capacity 103400K, committed 103632K, reserved 1138688K
  class space    used 12886K, capacity 13860K, committed 13952K, reserved 1048576K
}
Event: 18.809 GC heap before
{Heap before GC invocations=22 (full 0):
 garbage-first heap   total 260096K, used 220795K [0x0000000080000000, 0x0000000100000000)
  region size 1024K, 50 young (51200K), 7 survivors (7168K)
 Metaspace       used 101640K, capacity 104362K, committed 104656K, reserved 1140736K
  class space    used 12935K, capacity 13901K, committed 13952K, reserved 1048576K
}
Event: 18.824 GC heap after
{Heap after GC invocations=23 (full 0):
 garbage-first heap   total 260096K, used 181628K [0x0000000080000000, 0x0000000100000000)
  region size 1024K, 5 young (5120K), 5 survivors (5120K)
 Metaspace       used 101640K, capacity 104362K, committed 104656K, reserved 1140736K
  class space    used 12935K, capacity 13901K, committed 13952K, reserved 1048576K
}
Event: 19.474 GC heap before
{Heap before GC invocations=24 (full 0):
 garbage-first heap   total 260096K, used 221564K [0x0000000080000000, 0x0000000100000000)
  region size 1024K, 44 young (45056K), 5 survivors (5120K)
 Metaspace       used 103481K, capacity 106378K, committed 106704K, reserved 1142784K
  class space    used 13149K, capacity 14120K, committed 14208K, reserved 1048576K
}
Event: 19.483 GC heap after
{Heap after GC invocations=25 (full 0):
 garbage-first heap   total 260096K, used 184056K [0x0000000080000000, 0x0000000100000000)
  region size 1024K, 3 young (3072K), 3 survivors (3072K)
 Metaspace       used 103481K, capacity 106378K, committed 106704K, reserved 1142784K
  class space    used 13149K, capacity 14120K, committed 14208K, reserved 1048576K
}
Event: 19.886 GC heap before
{Heap before GC invocations=25 (full 0):
 garbage-first heap   total 260096K, used 222968K [0x0000000080000000, 0x0000000100000000)
  region size 1024K, 41 young (41984K), 3 survivors (3072K)
 Metaspace       used 104392K, capacity 107242K, committed 107344K, reserved 1142784K
  class space    used 13271K, capacity 14255K, committed 14336K, reserved 1048576K
}
Event: 19.896 GC heap after
{Heap after GC invocations=26 (full 0):
 garbage-first heap   total 260096K, used 184733K [0x0000000080000000, 0x0000000100000000)
  region size 1024K, 4 young (4096K), 4 survivors (4096K)
 Metaspace       used 104392K, capacity 107242K, committed 107344K, reserved 1142784K
  class space    used 13271K, capacity 14255K, committed 14336K, reserved 1048576K
}
Event: 27.261 GC heap before
{Heap before GC invocations=27 (full 0):
 garbage-first heap   total 260096K, used 222621K [0x0000000080000000, 0x0000000100000000)
  region size 1024K, 42 young (43008K), 4 survivors (4096K)
 Metaspace       used 108866K, capacity 111919K, committed 112208K, reserved 1146880K
  class space    used 13661K, capacity 14725K, committed 14848K, reserved 1048576K
}
Event: 27.273 GC heap after
{Heap after GC invocations=28 (full 0):
 garbage-first heap   total 260096K, used 186937K [0x0000000080000000, 0x0000000100000000)
  region size 1024K, 6 young (6144K), 6 survivors (6144K)
 Metaspace       used 108866K, capacity 111919K, committed 112208K, reserved 1146880K
  class space    used 13661K, capacity 14725K, committed 14848K, reserved 1048576K
}
Event: 28.070 GC heap before
{Heap before GC invocations=28 (full 0):
 garbage-first heap   total 260096K, used 222777K [0x0000000080000000, 0x0000000100000000)
  region size 1024K, 42 young (43008K), 6 survivors (6144K)
 Metaspace       used 110066K, capacity 113139K, committed 113232K, reserved 1148928K
  class space    used 13786K, capacity 14842K, committed 14848K, reserved 1048576K
}
Event: 28.091 GC heap after
{Heap after GC invocations=29 (full 0):
 garbage-first heap   total 260096K, used 190461K [0x0000000080000000, 0x0000000100000000)
  region size 1024K, 6 young (6144K), 6 survivors (6144K)
 Metaspace       used 110066K, capacity 113139K, committed 113232K, reserved 1148928K
  class space    used 13786K, capacity 14842K, committed 14848K, reserved 1048576K
}
Event: 28.436 GC heap before
{Heap before GC invocations=30 (full 0):
 garbage-first heap   total 260096K, used 224253K [0x0000000080000000, 0x0000000100000000)
  region size 1024K, 39 young (39936K), 6 survivors (6144K)
 Metaspace       used 110783K, capacity 113968K, committed 114128K, reserved 1148928K
  class space    used 13856K, capacity 14942K, committed 14976K, reserved 1048576K
}
Event: 28.450 GC heap after
{Heap after GC invocations=31 (full 0):
 garbage-first heap   total 260096K, used 194847K [0x0000000080000000, 0x0000000100000000)
  region size 1024K, 5 young (5120K), 5 survivors (5120K)
 Metaspace       used 110783K, capacity 113968K, committed 114128K, reserved 1148928K
  class space    used 13856K, capacity 14942K, committed 14976K, reserved 1048576K
}
Event: 38.692 GC heap before
{Heap before GC invocations=31 (full 0):
 garbage-first heap   total 260096K, used 224543K [0x0000000080000000, 0x0000000100000000)
  region size 1024K, 34 young (34816K), 5 survivors (5120K)
 Metaspace       used 111056K, capacity 114219K, committed 114384K, reserved 1148928K
  class space    used 13891K, capacity 14956K, committed 14976K, reserved 1048576K
}
Event: 38.701 GC heap after
{Heap after GC invocations=32 (full 0):
 garbage-first heap   total 260096K, used 200010K [0x0000000080000000, 0x0000000100000000)
  region size 1024K, 5 young (5120K), 5 survivors (5120K)
 Metaspace       used 111056K, capacity 114219K, committed 114384K, reserved 1148928K
  class space    used 13891K, capacity 14956K, committed 14976K, reserved 1048576K
}

Deoptimization events (20 events):
Event: 28.653 Thread 0x00000181594a0800 Uncommon trap: trap_request=0xffffff4d fr.pc=0x000001814576f8b8 relative=0x0000000000000618
Event: 28.654 Thread 0x00000181594a0800 Uncommon trap: reason=unstable_if action=reinterpret pc=0x000001814576f8b8 method=org.gradle.internal.snapshot.ChildMap$Entry.handleAncestorDescendantOrExactMatch(Lorg/gradle/internal/snapshot/VfsRelativePath;Lorg/gradle/internal/snapshot/CaseSensitivity;
Event: 28.654 Thread 0x00000181594a0800 DEOPT PACKING pc=0x000001814576f8b8 sp=0x00000069fcdfb8f0
Event: 28.654 Thread 0x00000181594a0800 DEOPT UNPACKING pc=0x000001813d65a1a9 sp=0x00000069fcdfb860 mode 2
Event: 28.654 Thread 0x00000181594a0800 Uncommon trap: trap_request=0xffffff4d fr.pc=0x0000018145806fb4 relative=0x0000000000000434
Event: 28.654 Thread 0x00000181594a0800 Uncommon trap: reason=unstable_if action=reinterpret pc=0x0000018145806fb4 method=org.gradle.internal.snapshot.ChildMap$Entry.handleAncestorDescendantOrExactMatch(Lorg/gradle/internal/snapshot/VfsRelativePath;Lorg/gradle/internal/snapshot/CaseSensitivity;
Event: 28.654 Thread 0x00000181594a0800 DEOPT PACKING pc=0x0000018145806fb4 sp=0x00000069fcdfb850
Event: 28.654 Thread 0x00000181594a0800 DEOPT UNPACKING pc=0x000001813d65a1a9 sp=0x00000069fcdfb830 mode 2
Event: 28.656 Thread 0x00000181594a0800 Uncommon trap: trap_request=0xffffff4d fr.pc=0x00000181453efea0 relative=0x00000000000001e0
Event: 28.656 Thread 0x00000181594a0800 Uncommon trap: reason=unstable_if action=reinterpret pc=0x00000181453efea0 method=com.google.common.collect.RegularImmutableSet.contains(Ljava/lang/Object;)Z @ 10 c2
Event: 28.656 Thread 0x00000181594a0800 DEOPT PACKING pc=0x00000181453efea0 sp=0x00000069fcdfba90
Event: 28.656 Thread 0x00000181594a0800 DEOPT UNPACKING pc=0x000001813d65a1a9 sp=0x00000069fcdfba28 mode 2
Event: 33.678 Thread 0x00000181594a0800 Uncommon trap: trap_request=0xffffff4d fr.pc=0x0000018145734bb0 relative=0x0000000000000070
Event: 33.678 Thread 0x00000181594a0800 Uncommon trap: reason=unstable_if action=reinterpret pc=0x0000018145734bb0 method=org.gradle.internal.logging.slf4j.OutputEventListenerBackedLogger.isLevelAtMost(Lorg/gradle/api/logging/LogLevel;)Z @ 11 c2
Event: 33.678 Thread 0x00000181594a0800 DEOPT PACKING pc=0x0000018145734bb0 sp=0x00000069fcdf8740
Event: 33.678 Thread 0x00000181594a0800 DEOPT UNPACKING pc=0x000001813d65a1a9 sp=0x00000069fcdf86e0 mode 2
Event: 38.702 Thread 0x00000181594a0800 Uncommon trap: trap_request=0xffffffde fr.pc=0x00000181451f4ca4 relative=0x00000000000002e4
Event: 38.702 Thread 0x00000181594a0800 Uncommon trap: reason=class_check action=maybe_recompile pc=0x00000181451f4ca4 method=java.util.Collections$SetFromMap.remove(Ljava/lang/Object;)Z @ 5 c2
Event: 38.702 Thread 0x00000181594a0800 DEOPT PACKING pc=0x00000181451f4ca4 sp=0x00000069fcdfe810
Event: 38.702 Thread 0x00000181594a0800 DEOPT UNPACKING pc=0x000001813d65a1a9 sp=0x00000069fcdfe808 mode 2

Classes redefined (0 events):
No events

Internal exceptions (20 events):
Event: 28.590 Thread 0x0000018157377000 Exception <a 'java/lang/ClassNotFoundException'{0x000000008e66c8e0}: com/android/build/gradle/tasks/PackageAndroidArtifactCustomizer> (0x000000008e66c8e0) thrown at [src/hotspot/share/classfile/systemDictionary.cpp, line 230]
Event: 28.592 Thread 0x0000018157377000 Exception <a 'java/lang/ClassNotFoundException'{0x000000008e6d3218}: com/android/build/gradle/tasks/PackageApplicationCustomizer> (0x000000008e6d3218) thrown at [src/hotspot/share/classfile/systemDictionary.cpp, line 230]
Event: 28.594 Thread 0x0000018157377000 Exception <a 'java/lang/ClassNotFoundException'{0x000000008e50b208}: com/android/build/gradle/tasks/PackageApplication_DecoratedCustomizer> (0x000000008e50b208) thrown at [src/hotspot/share/classfile/systemDictionary.cpp, line 230]
Event: 28.598 Thread 0x0000018157377000 Exception <a 'java/lang/ClassNotFoundException'{0x000000008e5e8c00}: com/android/build/gradle/internal/tasks/ListingFileRedirectTask_DecoratedBeanInfo> (0x000000008e5e8c00) thrown at [src/hotspot/share/classfile/systemDictionary.cpp, line 230]
Event: 28.599 Thread 0x0000018157377000 Exception <a 'java/lang/ClassNotFoundException'{0x000000008e4047e0}: com/android/build/gradle/internal/tasks/ListingFileRedirectTaskBeanInfo> (0x000000008e4047e0) thrown at [src/hotspot/share/classfile/systemDictionary.cpp, line 230]
Event: 28.600 Thread 0x0000018157377000 Exception <a 'java/lang/ClassNotFoundException'{0x000000008e41ff10}: com/android/build/gradle/internal/tasks/ListingFileRedirectTaskCustomizer> (0x000000008e41ff10) thrown at [src/hotspot/share/classfile/systemDictionary.cpp, line 230]
Event: 28.601 Thread 0x0000018157377000 Exception <a 'java/lang/ClassNotFoundException'{0x000000008e44f190}: com/android/build/gradle/internal/tasks/ListingFileRedirectTask_DecoratedCustomizer> (0x000000008e44f190) thrown at [src/hotspot/share/classfile/systemDictionary.cpp, line 230]
Event: 28.623 Thread 0x0000018157377000 Exception <a 'java/lang/NoSuchMethodError'{0x000000008e3313c0}: <clinit>> (0x000000008e3313c0) thrown at [src/hotspot/share/prims/jni.cpp, line 1367]
Event: 28.629 Thread 0x0000018157377000 Exception <a 'sun/nio/fs/WindowsException'{0x000000008e3a8598}> (0x000000008e3a8598) thrown at [src/hotspot/share/prims/jni.cpp, line 617]
Event: 28.656 Thread 0x00000181594a0800 Implicit null exception at 0x00000181453efcf7 to 0x00000181453efe88
Event: 33.679 Thread 0x00000181594a0800 Exception <a 'net/rubygrapefruit/platform/NativeException'{0x000000008e2e3c88}: Execution timed out> (0x000000008e2e3c88) thrown at [src/hotspot/share/prims/jni.cpp, line 638]
Event: 38.688 Thread 0x00000181594a0800 Exception <a 'net/rubygrapefruit/platform/NativeException'{0x000000008e100e10}: Execution timed out> (0x000000008e100e10) thrown at [src/hotspot/share/prims/jni.cpp, line 638]
Event: 38.705 Thread 0x000001815a510800 Exception <a 'java/lang/NoSuchMethodError'{0x000000008fde9460}: <clinit>> (0x000000008fde9460) thrown at [src/hotspot/share/prims/jni.cpp, line 1367]
Event: 38.708 Thread 0x000001815a510800 Exception <a 'java/lang/NoSuchMethodError'{0x000000008fc2c200}: <clinit>> (0x000000008fc2c200) thrown at [src/hotspot/share/prims/jni.cpp, line 1367]
Event: 38.708 Thread 0x000001815a510800 Exception <a 'java/lang/NoSuchMethodError'{0x000000008fc3d160}: <clinit>> (0x000000008fc3d160) thrown at [src/hotspot/share/prims/jni.cpp, line 1367]
Event: 38.721 Thread 0x000001815949a000 Exception <a 'java/lang/NoSuchMethodError'{0x000000008fab8518}: <clinit>> (0x000000008fab8518) thrown at [src/hotspot/share/prims/jni.cpp, line 1367]
Event: 38.721 Thread 0x000001815a510800 Exception <a 'java/lang/NoSuchMethodError'{0x000000008fac0258}: <clinit>> (0x000000008fac0258) thrown at [src/hotspot/share/prims/jni.cpp, line 1367]
Event: 38.722 Thread 0x000001815949a000 Exception <a 'java/lang/NoSuchMethodError'{0x000000008face768}: <clinit>> (0x000000008face768) thrown at [src/hotspot/share/prims/jni.cpp, line 1367]
Event: 38.724 Thread 0x000001815949a000 Exception <a 'java/lang/NoSuchMethodError'{0x000000008fae8ea0}: <clinit>> (0x000000008fae8ea0) thrown at [src/hotspot/share/prims/jni.cpp, line 1367]
Event: 38.747 Thread 0x00000181594a0800 Exception <a 'java/lang/NoSuchMethodError'{0x000000008f84d1a0}: 'int java.lang.invoke.DirectMethodHandle$Holder.invokeSpecial(java.lang.Object, java.lang.Object, java.lang.Object, java.lang.Object, java.lang.Object)'> (0x000000008f84d1a0) thrown at [src/hotspot/share/interpreter/linkResolver.cpp, line 773]

Events (20 events):
Event: 38.828 loading class org/gradle/api/internal/tasks/execution/ExecuteTaskActionBuildOperationType$Details
Event: 38.828 loading class org/gradle/api/internal/tasks/execution/ExecuteTaskActionBuildOperationType$Details done
Event: 38.828 loading class org/gradle/api/internal/tasks/execution/ExecuteTaskActionBuildOperationType$Result
Event: 38.828 loading class org/gradle/api/internal/tasks/execution/ExecuteTaskActionBuildOperationType$Result done
Event: 38.828 loading class org/gradle/api/internal/tasks/execution/ExecuteTaskActionBuildOperationType$1
Event: 38.828 loading class org/gradle/api/internal/tasks/execution/ExecuteTaskActionBuildOperationType$1 done
Event: 38.828 loading class org/gradle/api/internal/tasks/execution/ExecuteTaskActionBuildOperationType$2
Event: 38.828 loading class org/gradle/api/internal/tasks/execution/ExecuteTaskActionBuildOperationType$2 done
Event: 38.829 loading class com/android/build/gradle/internal/tasks/NonIncrementalTask$taskAction$$inlined$recordTaskAction$1
Event: 38.829 loading class com/android/build/gradle/internal/tasks/NonIncrementalTask$taskAction$$inlined$recordTaskAction$1 done
Event: 38.829 loading class com/android/build/gradle/internal/tasks/Blocks$ThrowingBlock
Event: 38.829 loading class com/android/build/gradle/internal/tasks/Blocks$ThrowingBlock done
Event: 38.829 loading class com/android/build/gradle/internal/tasks/Blocks
Event: 38.829 loading class com/android/build/gradle/internal/tasks/Blocks done
Event: 38.829 loading class com/android/build/gradle/internal/tasks/NonIncrementalTaskKt
Event: 38.829 loading class com/android/build/gradle/internal/tasks/NonIncrementalTaskKt done
Event: 38.830 loading class com/android/utils/PathUtils
Event: 38.830 loading class com/android/utils/PathUtils done
Event: 38.832 loading class com/android/build/gradle/tasks/SerializableArtifact
Event: 38.832 loading class com/android/build/gradle/tasks/SerializableArtifact done


Dynamic libraries:
0x00007ff76b1c0000 - 0x00007ff76b1ca000 	C:\Program Files\Android\Android Studio\jbr\bin\java.exe
0x00007ffe41b70000 - 0x00007ffe41d66000 	C:\Windows\SYSTEM32\ntdll.dll
0x00007ffe411e0000 - 0x00007ffe4129d000 	C:\Windows\System32\KERNEL32.DLL
0x00007ffe3f460000 - 0x00007ffe3f729000 	C:\Windows\System32\KERNELBASE.dll
0x00007ffe3f730000 - 0x00007ffe3f830000 	C:\Windows\System32\ucrtbase.dll
0x00007ffe29e10000 - 0x00007ffe29e2b000 	C:\Program Files\Android\Android Studio\jbr\bin\VCRUNTIME140.dll
0x00007ffe1e7c0000 - 0x00007ffe1e7d7000 	C:\Program Files\Android\Android Studio\jbr\bin\jli.dll
0x00007ffe3fdc0000 - 0x00007ffe3ff60000 	C:\Windows\System32\USER32.dll
0x00007ffe3f970000 - 0x00007ffe3f992000 	C:\Windows\System32\win32u.dll
0x00007ffe414a0000 - 0x00007ffe414ca000 	C:\Windows\System32\GDI32.dll
0x00007ffe3f860000 - 0x00007ffe3f96b000 	C:\Windows\System32\gdi32full.dll
0x00007ffe3fb30000 - 0x00007ffe3fbcd000 	C:\Windows\System32\msvcp_win.dll
0x00007ffe31db0000 - 0x00007ffe3204b000 	C:\Windows\WinSxS\amd64_microsoft.windows.common-controls_6595b64144ccf1df_6.0.19041.746_none_ca02b4b61b8320a4\COMCTL32.dll
0x00007ffe410e0000 - 0x00007ffe4117e000 	C:\Windows\System32\msvcrt.dll
0x00007ffe40840000 - 0x00007ffe40870000 	C:\Windows\System32\IMM32.DLL
0x00007ffe0d1f0000 - 0x00007ffe0d24b000 	C:\ProgramData\Microsoft\DbgCtr\XShellDLL64_6015.dll
0x00007ffe40fc0000 - 0x00007ffe4106c000 	C:\Windows\System32\ADVAPI32.dll
0x00007ffe3ff60000 - 0x00007ffe3fffc000 	C:\Windows\System32\sechost.dll
0x00007ffe3fc90000 - 0x00007ffe3fdbb000 	C:\Windows\System32\RPCRT4.dll
0x00007ffe40870000 - 0x00007ffe40fb2000 	C:\Windows\System32\SHELL32.dll
0x00007ffe25c00000 - 0x00007ffe25c0c000 	C:\Program Files\Android\Android Studio\jbr\bin\vcruntime140_1.dll
0x00007ffe1bc80000 - 0x00007ffe1bd0d000 	C:\Program Files\Android\Android Studio\jbr\bin\msvcp140.dll
0x00007ffde65d0000 - 0x00007ffde718c000 	C:\Program Files\Android\Android Studio\jbr\bin\server\jvm.dll
0x00007ffe40000000 - 0x00007ffe40008000 	C:\Windows\System32\PSAPI.DLL
0x00007ffe241d0000 - 0x00007ffe241f7000 	C:\Windows\SYSTEM32\WINMM.dll
0x00007ffe2cd60000 - 0x00007ffe2cd69000 	C:\Windows\SYSTEM32\WSOCK32.dll
0x00007ffe41070000 - 0x00007ffe410db000 	C:\Windows\System32\WS2_32.dll
0x00007ffe33540000 - 0x00007ffe3354a000 	C:\Windows\SYSTEM32\VERSION.dll
0x00007ffe3d220000 - 0x00007ffe3d232000 	C:\Windows\SYSTEM32\kernel.appcore.dll
0x00007ffe259f0000 - 0x00007ffe25a00000 	C:\Program Files\Android\Android Studio\jbr\bin\verify.dll
0x00007ffe23110000 - 0x00007ffe232f4000 	C:\Windows\SYSTEM32\DBGHELP.DLL
0x00007ffe230e0000 - 0x00007ffe2310c000 	C:\Windows\SYSTEM32\dbgcore.DLL
0x00007ffe3f9a0000 - 0x00007ffe3fa20000 	C:\Windows\System32\bcryptPrimitives.dll
0x00007ffe21300000 - 0x00007ffe21328000 	C:\Program Files\Android\Android Studio\jbr\bin\java.dll
0x00007ffe22290000 - 0x00007ffe2229a000 	C:\Program Files\Android\Android Studio\jbr\bin\jimage.dll
0x00007ffe21040000 - 0x00007ffe21058000 	C:\Program Files\Android\Android Studio\jbr\bin\zip.dll
0x00007ffe3d420000 - 0x00007ffe3dbb0000 	C:\Windows\SYSTEM32\windows.storage.dll
0x00007ffe415d0000 - 0x00007ffe41926000 	C:\Windows\System32\combase.dll
0x00007ffe3ed10000 - 0x00007ffe3ed3c000 	C:\Windows\SYSTEM32\Wldp.dll
0x00007ffe405e0000 - 0x00007ffe4068e000 	C:\Windows\System32\SHCORE.dll
0x00007ffe41180000 - 0x00007ffe411d5000 	C:\Windows\System32\shlwapi.dll
0x00007ffe3f1e0000 - 0x00007ffe3f206000 	C:\Windows\SYSTEM32\profapi.dll
0x00007ffe1b0d0000 - 0x00007ffe1b0e9000 	C:\Program Files\Android\Android Studio\jbr\bin\net.dll
0x00007ffe32520000 - 0x00007ffe32620000 	C:\Windows\SYSTEM32\WINHTTP.dll
0x00007ffe3ea20000 - 0x00007ffe3ea8a000 	C:\Windows\system32\mswsock.dll
0x00007ffe1a750000 - 0x00007ffe1a763000 	C:\Program Files\Android\Android Studio\jbr\bin\nio.dll
0x00007ffe25c40000 - 0x00007ffe25c67000 	C:\Users\it_04\.gradle\native\e1d6ef7f7dcc3fd88c89a11ec53ec762bb8ba0a96d01ffa2cd45eb1d1d8dd5c5\windows-amd64\native-platform.dll
0x00007ffe10d40000 - 0x00007ffe10e84000 	C:\Users\it_04\.gradle\native\0d407fdbe67a94daf76414ababcb853783967236a71b16ec16e742cd7a986fd3\windows-amd64\native-platform-file-events.dll
0x00007ffe212f0000 - 0x00007ffe212fa000 	C:\Program Files\Android\Android Studio\jbr\bin\management.dll
0x00007ffe20e70000 - 0x00007ffe20e7b000 	C:\Program Files\Android\Android Studio\jbr\bin\management_ext.dll
0x00007ffe3ebf0000 - 0x00007ffe3ec08000 	C:\Windows\SYSTEM32\CRYPTSP.dll
0x00007ffe3e3c0000 - 0x00007ffe3e3f4000 	C:\Windows\system32\rsaenh.dll
0x00007ffe3f830000 - 0x00007ffe3f857000 	C:\Windows\System32\bcrypt.dll
0x00007ffe3f160000 - 0x00007ffe3f18e000 	C:\Windows\SYSTEM32\USERENV.dll
0x00007ffe3ec10000 - 0x00007ffe3ec1c000 	C:\Windows\SYSTEM32\CRYPTBASE.dll
0x00007ffe3e710000 - 0x00007ffe3e74b000 	C:\Windows\SYSTEM32\IPHLPAPI.DLL
0x00007ffe3fbd0000 - 0x00007ffe3fbd8000 	C:\Windows\System32\NSI.dll
0x00007ffe394f0000 - 0x00007ffe39507000 	C:\Windows\SYSTEM32\dhcpcsvc6.DLL
0x00007ffe392b0000 - 0x00007ffe392cd000 	C:\Windows\SYSTEM32\dhcpcsvc.DLL
0x00007ffe3e750000 - 0x00007ffe3e81b000 	C:\Windows\SYSTEM32\DNSAPI.dll

dbghelp: loaded successfully - version: 4.0.5 - missing functions: none
symbol engine: initialized successfully - sym options: 0x614 - pdb path: .;C:\Program Files\Android\Android Studio\jbr\bin;C:\Windows\SYSTEM32;C:\Windows\WinSxS\amd64_microsoft.windows.common-controls_6595b64144ccf1df_6.0.19041.746_none_ca02b4b61b8320a4;C:\ProgramData\Microsoft\DbgCtr;C:\Program Files\Android\Android Studio\jbr\bin\server;C:\Users\it_04\.gradle\native\e1d6ef7f7dcc3fd88c89a11ec53ec762bb8ba0a96d01ffa2cd45eb1d1d8dd5c5\windows-amd64;C:\Users\it_04\.gradle\native\0d407fdbe67a94daf76414ababcb853783967236a71b16ec16e742cd7a986fd3\windows-amd64

VM Arguments:
jvm_args: --add-opens=java.base/java.util=ALL-UNNAMED --add-opens=java.base/java.lang=ALL-UNNAMED --add-opens=java.base/java.lang.invoke=ALL-UNNAMED --add-opens=java.base/java.util=ALL-UNNAMED --add-opens=java.prefs/java.util.prefs=ALL-UNNAMED --add-opens=java.prefs/java.util.prefs=ALL-UNNAMED --add-opens=java.base/java.nio.charset=ALL-UNNAMED --add-opens=java.base/java.net=ALL-UNNAMED --add-opens=java.base/java.util.concurrent.atomic=ALL-UNNAMED -Xmx2048m -Dfile.encoding=UTF-8 -Duser.country=US -Duser.language=en -Duser.variant 
java_command: org.gradle.launcher.daemon.bootstrap.GradleDaemon 7.5
java_class_path (initial): C:\Users\it_04\.gradle\wrapper\dists\gradle-7.5-bin\f1w0cc9nuo0eivz97x2xlu9sv\gradle-7.5\lib\gradle-launcher-7.5.jar
Launcher Type: SUN_STANDARD

[Global flags]
     intx CICompilerCount                          = 3                                         {product} {ergonomic}
     uint ConcGCThreads                            = 1                                         {product} {ergonomic}
     uint G1ConcRefinementThreads                  = 4                                         {product} {ergonomic}
   size_t G1HeapRegionSize                         = 1048576                                   {product} {ergonomic}
    uintx GCDrainStackTargetSize                   = 64                                        {product} {ergonomic}
   size_t InitialHeapSize                          = 266338304                                 {product} {ergonomic}
   size_t MarkStackSize                            = 4194304                                   {product} {ergonomic}
   size_t MaxHeapSize                              = 2147483648                                {product} {command line}
   size_t MaxNewSize                               = 1287651328                                {product} {ergonomic}
   size_t MinHeapDeltaBytes                        = 1048576                                   {product} {ergonomic}
    uintx NonNMethodCodeHeapSize                   = 5830732                                {pd product} {ergonomic}
    uintx NonProfiledCodeHeapSize                  = 122913754                              {pd product} {ergonomic}
    uintx ProfiledCodeHeapSize                     = 122913754                              {pd product} {ergonomic}
    uintx ReservedCodeCacheSize                    = 251658240                              {pd product} {ergonomic}
     bool SegmentedCodeCache                       = true                                      {product} {ergonomic}
     bool UseCompressedClassPointers               = true                                 {lp64_product} {ergonomic}
     bool UseCompressedOops                        = true                                 {lp64_product} {ergonomic}
     bool UseG1GC                                  = true                                      {product} {ergonomic}
     bool UseLargePagesIndividualAllocation        = false                                  {pd product} {ergonomic}

Logging:
Log output configuration:
 #0: stdout all=warning uptime,level,tags
 #1: stderr all=off uptime,level,tags

Environment Variables:
PATH=D:\app\it_07\product\11.2.0\client_1\bin;C:\Windows\system32;C:\Windows;C:\Windows\System32\Wbem;C:\Windows\System32\WindowsPowerShell\v1.0\;C:\Windows\System32\OpenSSH\;C:\Program Files\dotnet\;C:\Program Files\Git\cmd;C:\Users\it_04\AppData\Local\Microsoft\WindowsApps;C:\Users\it_04\.dotnet\tools
USERNAME=it_04
OS=Windows_NT
PROCESSOR_IDENTIFIER=Intel64 Family 6 Model 165 Stepping 3, GenuineIntel



---------------  S Y S T E M  ---------------

OS: Windows 10 , 64 bit Build 19041 (10.0.19041.804)
OS uptime: 0 days 0:34 hours

CPU:total 4 (initial active 4) (2 cores per cpu, 2 threads per core) family 6 model 165 stepping 3 microcode 0xe0, cmov, cx8, fxsr, mmx, sse, sse2, sse3, ssse3, sse4.1, sse4.2, popcnt, aes, clmul, erms, 3dnowpref, lzcnt, ht, tsc, tscinvbit

Memory: 4k page, system-wide physical 16242M (6797M free)
TotalPageFile size 18674M (AvailPageFile size 9180M)
current process WorkingSet (physical memory assigned to process): 519M, peak: 554M
current process commit charge ("private bytes"): 558M, peak: 593M

vm_info: OpenJDK 64-Bit Server VM (11.0.15+0-b2043.56-9505619) for windows-amd64 JRE (11.0.15+0-b2043.56-9505619), built on Jan 19 2023 02:48:00 by "builduser" with unknown MS VC++:1929

END.
