#
# A fatal error has been detected by the Java Runtime Environment:
#
#  EXCEPTION_ACCESS_VIOLATION (0xc0000005) at pc=0x00007ffaeea11820, pid=11856, tid=6432
#
# JRE version: OpenJDK Runtime Environment (11.0.15) (build 11.0.15+0-b2043.56-9505619)
# Java VM: OpenJDK 64-Bit Server VM (11.0.15+0-b2043.56-9505619, mixed mode, tiered, compressed oops, g1 gc, windows-amd64)
# Problematic frame:
# C  [native-platform-file-events.dll+0xf1820]
#
# No core dump will be written. Minidumps are not enabled by default on client versions of Windows
#
# If you would like to submit a bug report, please visit:
#   https://bugreport.java.com/bugreport/crash.jsp
# The crash happened outside the Java Virtual Machine in native code.
# See problematic frame for where to report the bug.
#

---------------  S U M M A R Y ------------

Command Line: --add-opens=java.base/java.util=ALL-UNNAMED --add-opens=java.base/java.lang=ALL-UNNAMED --add-opens=java.base/java.lang.invoke=ALL-UNNAMED --add-opens=java.base/java.util=ALL-UNNAMED --add-opens=java.prefs/java.util.prefs=ALL-UNNAMED --add-opens=java.prefs/java.util.prefs=ALL-UNNAMED --add-opens=java.base/java.nio.charset=ALL-UNNAMED --add-opens=java.base/java.net=ALL-UNNAMED --add-opens=java.base/java.util.concurrent.atomic=ALL-UNNAMED -Xmx2048m -Dfile.encoding=UTF-8 -Duser.country=US -Duser.language=en -Duser.variant org.gradle.launcher.daemon.bootstrap.GradleDaemon 7.5

Host: Intel(R) Pentium(R) Gold G6400 CPU @ 4.00GHz, 4 cores, 15G,  Windows 10 , 64 bit Build 19041 (10.0.19041.804)
Time: Wed Mar 29 15:16:07 2023 SE Asia Standard Time elapsed time: 24.575219 seconds (0d 0h 0m 24s)

---------------  T H R E A D  ---------------

Current thread (0x0000014ffcbe2800):  JavaThread "File watcher server" daemon [_thread_in_native, id=6432, stack(0x0000000b83800000,0x0000000b83900000)]

Stack: [0x0000000b83800000,0x0000000b83900000],  sp=0x0000000b838fe798,  free space=1017k
Native frames: (J=compiled Java code, j=interpreted, Vv=VM code, C=native code)
C  [native-platform-file-events.dll+0xf1820]

Java frames: (J=compiled Java code, j=interpreted, Vv=VM code)
j  net.rubygrapefruit.platform.internal.jni.AbstractFileEventFunctions$NativeFileWatcher.executeRunLoop0(Ljava/lang/Object;)V+0
j  net.rubygrapefruit.platform.internal.jni.AbstractFileEventFunctions$NativeFileWatcher.access$100(Lnet/rubygrapefruit/platform/internal/jni/AbstractFileEventFunctions$NativeFileWatcher;Ljava/lang/Object;)V+2
j  net.rubygrapefruit.platform.internal.jni.AbstractFileEventFunctions$NativeFileWatcher$1.run()V+26
v  ~StubRoutines::call_stub

siginfo: EXCEPTION_ACCESS_VIOLATION (0xc0000005), reading address 0xffffffffffffffff


Register to memory mapping:

RIP=0x00007ffaeea11820 native-platform-file-events.dll
RAX=0x5d00000180c48148 is an unknown value
RBX=0x0 is NULL
RCX=0x0000000b875fab58 is pointing into the stack for thread: 0x0000014ffe552000
RDX=0x0 is NULL
RSP=0x0000000b838fe798 is pointing into the stack for thread: 0x0000014ffcbe2800
RBP=0x0000000b838ff168 is pointing into the stack for thread: 0x0000014ffcbe2800
RSI=0x0000000b875fab50 is pointing into the stack for thread: 0x0000014ffe552000
RDI=0x0000000b875fab10 is pointing into the stack for thread: 0x0000014ffe552000
R8 =0x0000014fde1048c0 points into unknown readable memory: 0x0000014fde100cf0 | f0 0c 10 de 4f 01 00 00
R9 =0x0000000000000001 is an unknown value
R10=0x0000000000008000 is an unknown value
R11=0x0000000b838fe450 is pointing into the stack for thread: 0x0000014ffcbe2800
R12=0x0 is NULL
R13={method} {0x0000014fff450768} 'executeRunLoop0' '(Ljava/lang/Object;)V' in 'net/rubygrapefruit/platform/internal/jni/AbstractFileEventFunctions$NativeFileWatcher'
R14=0x0 is NULL
R15=0x0000014ffcbe2800 is a thread


Registers:
RAX=0x5d00000180c48148, RBX=0x0000000000000000, RCX=0x0000000b875fab58, RDX=0x0000000000000000
RSP=0x0000000b838fe798, RBP=0x0000000b838ff168, RSI=0x0000000b875fab50, RDI=0x0000000b875fab10
R8 =0x0000014fde1048c0, R9 =0x0000000000000001, R10=0x0000000000008000, R11=0x0000000b838fe450
R12=0x0000000000000000, R13=0x0000014fff450760, R14=0x0000000000000000, R15=0x0000014ffcbe2800
RIP=0x00007ffaeea11820, EFLAGS=0x0000000000010282

Top of Stack: (sp=0x0000000b838fe798)
0x0000000b838fe798:   00007ffaee9663b9 0000000000000000
0x0000000b838fe7a8:   0000014fe3c8fa7a 0000014ffa225990
0x0000000b838fe7b8:   00007ffaee943133 0000014ffbe7c918
0x0000000b838fe7c8:   000000008ca80970 0000dac0c7b21546
0x0000000b838fe7d8:   00007ffaee94da83 0000000b838ff190
0x0000000b838fe7e8:   0000000b875fab10 00007ffaee93f150
0x0000000b838fe7f8:   00007ffaee95709b 0000000b875fab50
0x0000000b838fe808:   00000000803827b8 0000000000000000
0x0000000b838fe818:   00007ffaee94bfae 0000014ffbe7c910
0x0000000b838fe828:   00007ffaee9492a6 0000000b875fab50
0x0000000b838fe838:   0000000000000000 0000014ffbe7c910
0x0000000b838fe848:   00007ffaee9257b3 0000000000000000
0x0000000b838fe858:   00007ffaee9564c2 0000000b838fe8a0
0x0000000b838fe868:   0000000b875fab50 0000014ff9eb4a20
0x0000000b838fe878:   0000000000000000 00000000805b5501
0x0000000b838fe888:   0000014ff9dcfd50 0000000000000000 

Instructions: (pc=0x00007ffaeea11820)
0x00007ffaeea11720:   cc cc cc cc cc cc cc cc cc cc cc cc cc cc cc cc
0x00007ffaeea11730:   cc cc cc cc cc cc cc cc cc cc cc cc cc cc cc cc
0x00007ffaeea11740:   cc cc cc cc cc cc cc cc cc cc cc cc cc cc cc cc
0x00007ffaeea11750:   cc cc cc cc cc cc cc cc cc cc cc cc cc cc cc cc
0x00007ffaeea11760:   cc cc cc cc cc cc cc cc cc cc cc cc cc cc cc cc
0x00007ffaeea11770:   cc cc cc cc cc cc cc cc cc cc cc cc cc cc cc cc
0x00007ffaeea11780:   cc cc cc cc cc cc cc cc cc cc cc cc cc cc cc cc
0x00007ffaeea11790:   cc cc cc cc cc cc cc cc cc cc cc cc cc cc cc cc
0x00007ffaeea117a0:   cc cc cc cc cc cc cc cc cc cc cc cc cc cc cc cc
0x00007ffaeea117b0:   cc cc cc cc cc cc cc cc cc cc cc cc cc cc cc cc
0x00007ffaeea117c0:   cc cc cc cc cc cc cc cc cc cc cc cc cc cc cc cc
0x00007ffaeea117d0:   cc cc cc cc cc cc cc cc cc cc cc cc cc cc cc cc
0x00007ffaeea117e0:   cc cc cc cc cc cc cc cc cc cc cc cc cc cc cc cc
0x00007ffaeea117f0:   cc cc cc cc cc cc cc cc cc cc cc cc cc cc cc cc
0x00007ffaeea11800:   cc cc cc cc cc cc cc cc cc cc cc cc cc cc cc cc
0x00007ffaeea11810:   cc cc cc cc cc cc 66 66 0f 1f 84 00 00 00 00 00
0x00007ffaeea11820:   ff e0 cc cc cc cc cc cc cc cc cc cc cc cc cc cc
0x00007ffaeea11830:   cc cc cc cc cc cc 66 66 0f 1f 84 00 00 00 00 00
0x00007ffaeea11840:   ff 25 da e7 04 00 cc cc cc cc cc cc cc cc cc cc
0x00007ffaeea11850:   cc cc cc cc cc cc cc cc cc cc cc cc cc cc cc cc
0x00007ffaeea11860:   cc cc cc cc cc cc cc cc cc cc cc cc cc cc cc cc
0x00007ffaeea11870:   cc cc cc cc cc cc cc cc cc cc cc cc cc cc cc cc
0x00007ffaeea11880:   cc cc cc cc cc cc cc cc cc cc cc cc cc cc cc cc
0x00007ffaeea11890:   cc cc cc cc cc cc cc cc cc cc cc cc cc cc cc cc
0x00007ffaeea118a0:   cc cc cc cc cc cc cc cc cc cc cc cc cc cc cc cc
0x00007ffaeea118b0:   cc cc cc cc cc cc cc cc cc cc cc cc cc cc cc cc
0x00007ffaeea118c0:   cc cc cc cc cc cc cc cc cc cc cc cc cc cc cc cc
0x00007ffaeea118d0:   cc cc cc cc cc cc cc cc cc cc cc cc cc cc cc cc
0x00007ffaeea118e0:   cc cc cc cc cc cc cc cc cc cc cc cc cc cc cc cc
0x00007ffaeea118f0:   cc cc cc cc cc cc cc cc cc cc cc cc cc cc cc cc
0x00007ffaeea11900:   cc cc cc cc cc cc cc cc cc cc cc cc cc cc cc cc
0x00007ffaeea11910:   cc cc cc cc cc cc cc cc cc cc cc cc cc cc cc cc 


Stack slot to memory mapping:
stack at sp + 0 slots: 0x00007ffaee9663b9 native-platform-file-events.dll
stack at sp + 1 slots: 0x0 is NULL
stack at sp + 2 slots: 0x0000014fe3c8fa7a is at code_begin+2458 in an Interpreter codelet
method entry point (kind = native)  [0x0000014fe3c8f0e0, 0x0000014fe3c8fb60]  2688 bytes
stack at sp + 3 slots: {method} {0x0000014ffa225998} 'findEntry' '(Ljava/lang/String;)J' in 'java/lang/ClassLoader$NativeLibrary'
stack at sp + 4 slots: 0x00007ffaee943133 native-platform-file-events.dll
stack at sp + 5 slots: 0x0000014ffbe7c918 points into unknown readable memory: 0x0000000000000000 | 00 00 00 00 00 00 00 00
stack at sp + 6 slots: 0x000000008ca80970 is an unallocated location in the heap
stack at sp + 7 slots: 0x0000dac0c7b21546 is an unknown value


---------------  P R O C E S S  ---------------

Threads class SMR info:
_java_thread_list=0x0000014f83cbadb0, length=86, elements={
0x0000014fe0160800, 0x0000014ffa5ed000, 0x0000014ffa5ee800, 0x0000014ffa64a800,
0x0000014ffa64b800, 0x0000014ffa64d000, 0x0000014ffa659800, 0x0000014ffa662800,
0x0000014ffa666000, 0x0000014ffa7c7000, 0x0000014ffbef5800, 0x0000014ffbdf0800,
0x0000014ffd2d2800, 0x0000014ffc63e000, 0x0000014ffbe92800, 0x0000014ffc7df800,
0x0000014ffc781800, 0x0000014ffcbe3000, 0x0000014ffcbe4800, 0x0000014ffcbe6800,
0x0000014ffcbe5800, 0x0000014ffcbe7000, 0x0000014ffcbe8000, 0x0000014ffcbe2800,
0x0000014ffcbe4000, 0x0000014ffcdb6800, 0x0000014ffcdb5000, 0x0000014ffcdb7800,
0x0000014ffcdb3800, 0x0000014ffcdb8800, 0x0000014ffcdb2800, 0x0000014ffcdb6000,
0x0000014ffcdba000, 0x0000014ffcdb4000, 0x0000014ffcdbd000, 0x0000014ffcdbf800,
0x0000014ffcdbf000, 0x0000014ffcdc0800, 0x0000014ffcdbe000, 0x0000014ffcdbb000,
0x0000014ffcdc1800, 0x0000014ffcdbb800, 0x0000014f80d61800, 0x0000014f80d62800,
0x0000014f80d60800, 0x0000014f80d65000, 0x0000014f80d63000, 0x0000014f80d60000,
0x0000014f80d64000, 0x0000014f80d5f000, 0x0000014f80d6b800, 0x0000014f80d68000,
0x0000014f80d67000, 0x0000014f80d69000, 0x0000014f80d69800, 0x0000014f80d6a800,
0x0000014f80d65800, 0x0000014f80d6c000, 0x0000014f80d66800, 0x0000014f80d6d000,
0x0000014f80d6d800, 0x0000014ffbf1f000, 0x0000014ffbf23000, 0x0000014ffbf1e000,
0x0000014ffbf24800, 0x0000014ffbf22000, 0x0000014ffbf25800, 0x0000014ffbf23800,
0x0000014ffbf20800, 0x0000014ffbf1f800, 0x0000014ffbf26000, 0x0000014ffbf27000,
0x0000014ffbf21800, 0x0000014ffbf2b000, 0x0000014ffbf2c000, 0x0000014ffbf28000,
0x0000014ffbf2c800, 0x0000014ffbf28800, 0x0000014ffbf29800, 0x0000014ffbf2a000,
0x0000014ffe554800, 0x0000014ffe552800, 0x0000014ffe553800, 0x0000014ffe552000,
0x0000014ffe54e800, 0x0000014f8263a800
}

Java Threads: ( => current thread )
  0x0000014fe0160800 JavaThread "main" [_thread_blocked, id=9432, stack(0x0000000b81300000,0x0000000b81400000)]
  0x0000014ffa5ed000 JavaThread "Reference Handler" daemon [_thread_blocked, id=5776, stack(0x0000000b81d00000,0x0000000b81e00000)]
  0x0000014ffa5ee800 JavaThread "Finalizer" daemon [_thread_blocked, id=12688, stack(0x0000000b81e00000,0x0000000b81f00000)]
  0x0000014ffa64a800 JavaThread "Signal Dispatcher" daemon [_thread_blocked, id=11988, stack(0x0000000b81f00000,0x0000000b82000000)]
  0x0000014ffa64b800 JavaThread "Attach Listener" daemon [_thread_blocked, id=5156, stack(0x0000000b82000000,0x0000000b82100000)]
  0x0000014ffa64d000 JavaThread "Service Thread" daemon [_thread_blocked, id=12740, stack(0x0000000b82100000,0x0000000b82200000)]
  0x0000014ffa659800 JavaThread "C2 CompilerThread0" daemon [_thread_blocked, id=1288, stack(0x0000000b82200000,0x0000000b82300000)]
  0x0000014ffa662800 JavaThread "C1 CompilerThread0" daemon [_thread_blocked, id=4232, stack(0x0000000b82300000,0x0000000b82400000)]
  0x0000014ffa666000 JavaThread "Sweeper thread" daemon [_thread_blocked, id=9064, stack(0x0000000b82400000,0x0000000b82500000)]
  0x0000014ffa7c7000 JavaThread "Common-Cleaner" daemon [_thread_blocked, id=9816, stack(0x0000000b82500000,0x0000000b82600000)]
  0x0000014ffbef5800 JavaThread "Daemon health stats" [_thread_blocked, id=1524, stack(0x0000000b82b00000,0x0000000b82c00000)]
  0x0000014ffbdf0800 JavaThread "Incoming local TCP Connector on port 63140" [_thread_in_native, id=7084, stack(0x0000000b82700000,0x0000000b82800000)]
  0x0000014ffd2d2800 JavaThread "Daemon periodic checks" [_thread_blocked, id=12528, stack(0x0000000b82c00000,0x0000000b82d00000)]
  0x0000014ffc63e000 JavaThread "Daemon" [_thread_blocked, id=3124, stack(0x0000000b82d00000,0x0000000b82e00000)]
  0x0000014ffbe92800 JavaThread "Handler for socket connection from /127.0.0.1:63140 to /127.0.0.1:63141" [_thread_in_native, id=10488, stack(0x0000000b82e00000,0x0000000b82f00000)]
  0x0000014ffc7df800 JavaThread "Cancel handler" [_thread_blocked, id=6724, stack(0x0000000b82f00000,0x0000000b83000000)]
  0x0000014ffc781800 JavaThread "Daemon worker" [_thread_blocked, id=10556, stack(0x0000000b83000000,0x0000000b83100000)]
  0x0000014ffcbe3000 JavaThread "Asynchronous log dispatcher for DefaultDaemonConnection: socket connection from /127.0.0.1:63140 to /127.0.0.1:63141" [_thread_blocked, id=8968, stack(0x0000000b83100000,0x0000000b83200000)]
  0x0000014ffcbe4800 JavaThread "Stdin handler" [_thread_blocked, id=12088, stack(0x0000000b83200000,0x0000000b83300000)]
  0x0000014ffcbe6800 JavaThread "Daemon client event forwarder" [_thread_blocked, id=6968, stack(0x0000000b83300000,0x0000000b83400000)]
  0x0000014ffcbe5800 JavaThread "Cache worker for journal cache (C:\Users\it_04\.gradle\caches\journal-1)" [_thread_blocked, id=2724, stack(0x0000000b83400000,0x0000000b83500000)]
  0x0000014ffcbe7000 JavaThread "File lock request listener" [_thread_in_native, id=11728, stack(0x0000000b83500000,0x0000000b83600000)]
  0x0000014ffcbe8000 JavaThread "Cache worker for file hash cache (C:\Users\it_04\.gradle\caches\7.5\fileHashes)" [_thread_blocked, id=6540, stack(0x0000000b83600000,0x0000000b83700000)]
=>0x0000014ffcbe2800 JavaThread "File watcher server" daemon [_thread_in_native, id=6432, stack(0x0000000b83800000,0x0000000b83900000)]
  0x0000014ffcbe4000 JavaThread "Cache worker for checksums cache (D:\SourceAndroid\KyThuat\.gradle\7.5\checksums)" [_thread_blocked, id=6064, stack(0x0000000b83a00000,0x0000000b83b00000)]
  0x0000014ffcdb6800 JavaThread "Cache worker for cache directory md-rule (C:\Users\it_04\.gradle\caches\7.5\md-rule)" [_thread_blocked, id=11928, stack(0x0000000b83b00000,0x0000000b83c00000)]
  0x0000014ffcdb5000 JavaThread "Cache worker for file content cache (C:\Users\it_04\.gradle\caches\7.5\fileContent)" [_thread_blocked, id=12064, stack(0x0000000b83c00000,0x0000000b83d00000)]
  0x0000014ffcdb7800 JavaThread "Cache worker for file hash cache (D:\SourceAndroid\KyThuat\.gradle\7.5\fileHashes)" [_thread_blocked, id=12240, stack(0x0000000b83d00000,0x0000000b83e00000)]
  0x0000014ffcdb3800 JavaThread "Cache worker for cache directory md-supplier (C:\Users\it_04\.gradle\caches\7.5\md-supplier)" [_thread_blocked, id=8116, stack(0x0000000b83e00000,0x0000000b83f00000)]
  0x0000014ffcdb8800 JavaThread "Cache worker for execution history cache (C:\Users\it_04\.gradle\caches\7.5\executionHistory)" [_thread_blocked, id=10324, stack(0x0000000b83f00000,0x0000000b84000000)]
  0x0000014ffcdb2800 JavaThread "jar transforms" [_thread_blocked, id=6588, stack(0x0000000b84000000,0x0000000b84100000)]
  0x0000014ffcdb6000 JavaThread "jar transforms Thread 2" [_thread_blocked, id=12140, stack(0x0000000b84100000,0x0000000b84200000)]
  0x0000014ffcdba000 JavaThread "jar transforms Thread 3" [_thread_blocked, id=2328, stack(0x0000000b84200000,0x0000000b84300000)]
  0x0000014ffcdb4000 JavaThread "jar transforms Thread 4" [_thread_blocked, id=6044, stack(0x0000000b84300000,0x0000000b84400000)]
  0x0000014ffcdbd000 JavaThread "Cache worker for dependencies-accessors (D:\SourceAndroid\KyThuat\.gradle\7.5\dependencies-accessors)" [_thread_blocked, id=11092, stack(0x0000000b84400000,0x0000000b84500000)]
  0x0000014ffcdbf800 JavaThread "Cache worker for Build Output Cleanup Cache (D:\SourceAndroid\KyThuat\.gradle\buildOutputCleanup)" [_thread_blocked, id=13184, stack(0x0000000b83700000,0x0000000b83800000)]
  0x0000014ffcdbf000 JavaThread "Unconstrained build operations" [_thread_blocked, id=2916, stack(0x0000000b84600000,0x0000000b84700000)]
  0x0000014ffcdc0800 JavaThread "Unconstrained build operations Thread 2" [_thread_blocked, id=6160, stack(0x0000000b84700000,0x0000000b84800000)]
  0x0000014ffcdbe000 JavaThread "Unconstrained build operations Thread 3" [_thread_blocked, id=3428, stack(0x0000000b84800000,0x0000000b84900000)]
  0x0000014ffcdbb000 JavaThread "Unconstrained build operations Thread 4" [_thread_blocked, id=2188, stack(0x0000000b84900000,0x0000000b84a00000)]
  0x0000014ffcdc1800 JavaThread "Unconstrained build operations Thread 5" [_thread_blocked, id=4380, stack(0x0000000b84a00000,0x0000000b84b00000)]
  0x0000014ffcdbb800 JavaThread "Unconstrained build operations Thread 6" [_thread_blocked, id=5596, stack(0x0000000b84b00000,0x0000000b84c00000)]
  0x0000014f80d61800 JavaThread "Unconstrained build operations Thread 7" [_thread_blocked, id=8416, stack(0x0000000b84c00000,0x0000000b84d00000)]
  0x0000014f80d62800 JavaThread "Unconstrained build operations Thread 8" [_thread_blocked, id=8068, stack(0x0000000b84d00000,0x0000000b84e00000)]
  0x0000014f80d60800 JavaThread "Unconstrained build operations Thread 9" [_thread_blocked, id=12464, stack(0x0000000b84e00000,0x0000000b84f00000)]
  0x0000014f80d65000 JavaThread "Unconstrained build operations Thread 10" [_thread_blocked, id=6152, stack(0x0000000b84f00000,0x0000000b85000000)]
  0x0000014f80d63000 JavaThread "Unconstrained build operations Thread 11" [_thread_blocked, id=13240, stack(0x0000000b85000000,0x0000000b85100000)]
  0x0000014f80d60000 JavaThread "Unconstrained build operations Thread 12" [_thread_blocked, id=4128, stack(0x0000000b85100000,0x0000000b85200000)]
  0x0000014f80d64000 JavaThread "Unconstrained build operations Thread 13" [_thread_blocked, id=7804, stack(0x0000000b85200000,0x0000000b85300000)]
  0x0000014f80d5f000 JavaThread "Unconstrained build operations Thread 14" [_thread_blocked, id=8388, stack(0x0000000b85300000,0x0000000b85400000)]
  0x0000014f80d6b800 JavaThread "Unconstrained build operations Thread 15" [_thread_blocked, id=7748, stack(0x0000000b85400000,0x0000000b85500000)]
  0x0000014f80d68000 JavaThread "Unconstrained build operations Thread 16" [_thread_blocked, id=10836, stack(0x0000000b85500000,0x0000000b85600000)]
  0x0000014f80d67000 JavaThread "Unconstrained build operations Thread 17" [_thread_blocked, id=12640, stack(0x0000000b85600000,0x0000000b85700000)]
  0x0000014f80d69000 JavaThread "Unconstrained build operations Thread 18" [_thread_blocked, id=2260, stack(0x0000000b85700000,0x0000000b85800000)]
  0x0000014f80d69800 JavaThread "Unconstrained build operations Thread 19" [_thread_blocked, id=9716, stack(0x0000000b85800000,0x0000000b85900000)]
  0x0000014f80d6a800 JavaThread "Unconstrained build operations Thread 20" [_thread_blocked, id=1424, stack(0x0000000b85900000,0x0000000b85a00000)]
  0x0000014f80d65800 JavaThread "Unconstrained build operations Thread 21" [_thread_blocked, id=12920, stack(0x0000000b85a00000,0x0000000b85b00000)]
  0x0000014f80d6c000 JavaThread "Unconstrained build operations Thread 22" [_thread_blocked, id=676, stack(0x0000000b85b00000,0x0000000b85c00000)]
  0x0000014f80d66800 JavaThread "Unconstrained build operations Thread 23" [_thread_blocked, id=1388, stack(0x0000000b85c00000,0x0000000b85d00000)]
  0x0000014f80d6d000 JavaThread "Unconstrained build operations Thread 24" [_thread_blocked, id=4272, stack(0x0000000b85d00000,0x0000000b85e00000)]
  0x0000014f80d6d800 JavaThread "Unconstrained build operations Thread 25" [_thread_blocked, id=8976, stack(0x0000000b85e00000,0x0000000b85f00000)]
  0x0000014ffbf1f000 JavaThread "Unconstrained build operations Thread 26" [_thread_blocked, id=10964, stack(0x0000000b85f00000,0x0000000b86000000)]
  0x0000014ffbf23000 JavaThread "Unconstrained build operations Thread 27" [_thread_blocked, id=4912, stack(0x0000000b86000000,0x0000000b86100000)]
  0x0000014ffbf1e000 JavaThread "Unconstrained build operations Thread 28" [_thread_blocked, id=10408, stack(0x0000000b86100000,0x0000000b86200000)]
  0x0000014ffbf24800 JavaThread "Unconstrained build operations Thread 29" [_thread_blocked, id=1176, stack(0x0000000b86200000,0x0000000b86300000)]
  0x0000014ffbf22000 JavaThread "Unconstrained build operations Thread 30" [_thread_blocked, id=10280, stack(0x0000000b86300000,0x0000000b86400000)]
  0x0000014ffbf25800 JavaThread "Unconstrained build operations Thread 31" [_thread_blocked, id=6644, stack(0x0000000b86400000,0x0000000b86500000)]
  0x0000014ffbf23800 JavaThread "Unconstrained build operations Thread 32" [_thread_blocked, id=7780, stack(0x0000000b86500000,0x0000000b86600000)]
  0x0000014ffbf20800 JavaThread "Unconstrained build operations Thread 33" [_thread_blocked, id=6948, stack(0x0000000b86600000,0x0000000b86700000)]
  0x0000014ffbf1f800 JavaThread "Unconstrained build operations Thread 34" [_thread_blocked, id=10236, stack(0x0000000b86700000,0x0000000b86800000)]
  0x0000014ffbf26000 JavaThread "Unconstrained build operations Thread 35" [_thread_blocked, id=5064, stack(0x0000000b86800000,0x0000000b86900000)]
  0x0000014ffbf27000 JavaThread "Unconstrained build operations Thread 36" [_thread_blocked, id=12720, stack(0x0000000b86900000,0x0000000b86a00000)]
  0x0000014ffbf21800 JavaThread "Unconstrained build operations Thread 37" [_thread_blocked, id=10524, stack(0x0000000b86a00000,0x0000000b86b00000)]
  0x0000014ffbf2b000 JavaThread "Unconstrained build operations Thread 38" [_thread_blocked, id=10652, stack(0x0000000b86b00000,0x0000000b86c00000)]
  0x0000014ffbf2c000 JavaThread "Unconstrained build operations Thread 39" [_thread_blocked, id=4572, stack(0x0000000b86c00000,0x0000000b86d00000)]
  0x0000014ffbf28000 JavaThread "Unconstrained build operations Thread 40" [_thread_blocked, id=8664, stack(0x0000000b86d00000,0x0000000b86e00000)]
  0x0000014ffbf2c800 JavaThread "Memory manager" [_thread_blocked, id=3216, stack(0x0000000b86e00000,0x0000000b86f00000)]
  0x0000014ffbf28800 JavaThread "build event listener" [_thread_blocked, id=11216, stack(0x0000000b86f00000,0x0000000b87000000)]
  0x0000014ffbf29800 JavaThread "pool-3-thread-1" [_thread_blocked, id=8072, stack(0x0000000b87000000,0x0000000b87100000)]
  0x0000014ffbf2a000 JavaThread "build event listener" [_thread_blocked, id=6796, stack(0x0000000b87100000,0x0000000b87200000)]
  0x0000014ffe554800 JavaThread "included builds" [_thread_blocked, id=11844, stack(0x0000000b87200000,0x0000000b87300000)]
  0x0000014ffe552800 JavaThread "Execution worker" [_thread_blocked, id=5148, stack(0x0000000b87300000,0x0000000b87400000)]
  0x0000014ffe553800 JavaThread "Execution worker Thread 2" [_thread_blocked, id=11680, stack(0x0000000b87400000,0x0000000b87500000)]
  0x0000014ffe552000 JavaThread "Execution worker Thread 3" [_thread_in_vm, id=11060, stack(0x0000000b87500000,0x0000000b87600000)]
  0x0000014ffe54e800 JavaThread "Cache worker for execution history cache (D:\SourceAndroid\KyThuat\.gradle\7.5\executionHistory)" [_thread_blocked, id=3012, stack(0x0000000b87600000,0x0000000b87700000)]
  0x0000014f8263a800 JavaThread "C2 CompilerThread1" daemon [_thread_blocked, id=11772, stack(0x0000000b83900000,0x0000000b83a00000)]

Other Threads:
  0x0000014ffa5ea800 VMThread "VM Thread" [stack: 0x0000000b81c00000,0x0000000b81d00000] [id=11768]
  0x0000014ffa7ca000 WatcherThread [stack: 0x0000000b82600000,0x0000000b82700000] [id=6120]
  0x0000014fe0179800 GCTaskThread "GC Thread#0" [stack: 0x0000000b81700000,0x0000000b81800000] [id=5788]
  0x0000014ffb358800 GCTaskThread "GC Thread#1" [stack: 0x0000000b82800000,0x0000000b82900000] [id=7288]
  0x0000014ffaf3e800 GCTaskThread "GC Thread#2" [stack: 0x0000000b82900000,0x0000000b82a00000] [id=13020]
  0x0000014ffafbb000 GCTaskThread "GC Thread#3" [stack: 0x0000000b82a00000,0x0000000b82b00000] [id=1060]
  0x0000014fe01aa800 ConcurrentGCThread "G1 Main Marker" [stack: 0x0000000b81800000,0x0000000b81900000] [id=4692]
  0x0000014fe01ad000 ConcurrentGCThread "G1 Conc#0" [stack: 0x0000000b81900000,0x0000000b81a00000] [id=8752]
  0x0000014fe022d800 ConcurrentGCThread "G1 Refine#0" [stack: 0x0000000b81a00000,0x0000000b81b00000] [id=11128]
  0x0000014ff9c28800 ConcurrentGCThread "G1 Young RemSet Sampling" [stack: 0x0000000b81b00000,0x0000000b81c00000] [id=6104]

Threads with active compile tasks:

VM state:not at safepoint (normal execution)

VM Mutex/Monitor currently owned by a thread: None

Heap address: 0x0000000080000000, size: 2048 MB, Compressed Oops mode: 32-bit
Narrow klass base: 0x0000000000000000, Narrow klass shift: 3
Compressed class space size: 1073741824 Address: 0x0000000100000000

Heap:
 garbage-first heap   total 260096K, used 110592K [0x0000000080000000, 0x0000000100000000)
  region size 1024K, 57 young (58368K), 18 survivors (18432K)
 Metaspace       used 85969K, capacity 88251K, committed 88400K, reserved 1126400K
  class space    used 11126K, capacity 11918K, committed 12056K, reserved 1048576K
Heap Regions: E=young(eden), S=young(survivor), O=old, HS=humongous(starts), HC=humongous(continues), CS=collection set, F=free, A=archive, TAMS=top-at-mark-start (previous, next)
|   0|0x0000000080000000, 0x0000000080100000, 0x0000000080100000|100%|HS|  |TAMS 0x0000000080100000, 0x0000000080000000| Complete 
|   1|0x0000000080100000, 0x0000000080200000, 0x0000000080200000|100%|HC|  |TAMS 0x0000000080200000, 0x0000000080100000| Complete 
|   2|0x0000000080200000, 0x0000000080300000, 0x0000000080300000|100%|HC|  |TAMS 0x0000000080300000, 0x0000000080200000| Complete 
|   3|0x0000000080300000, 0x0000000080400000, 0x0000000080400000|100%| O|  |TAMS 0x0000000080400000, 0x0000000080300000| Untracked 
|   4|0x0000000080400000, 0x0000000080500000, 0x0000000080500000|100%| O|  |TAMS 0x0000000080500000, 0x0000000080400000| Untracked 
|   5|0x0000000080500000, 0x0000000080600000, 0x0000000080600000|100%| O|  |TAMS 0x0000000080600000, 0x0000000080500000| Untracked 
|   6|0x0000000080600000, 0x0000000080700000, 0x0000000080700000|100%| O|  |TAMS 0x0000000080700000, 0x0000000080600000| Untracked 
|   7|0x0000000080700000, 0x0000000080800000, 0x0000000080800000|100%| O|  |TAMS 0x0000000080800000, 0x0000000080700000| Untracked 
|   8|0x0000000080800000, 0x0000000080900000, 0x0000000080900000|100%| O|  |TAMS 0x0000000080900000, 0x0000000080800000| Untracked 
|   9|0x0000000080900000, 0x0000000080a00000, 0x0000000080a00000|100%| O|  |TAMS 0x0000000080a00000, 0x0000000080900000| Untracked 
|  10|0x0000000080a00000, 0x0000000080b00000, 0x0000000080b00000|100%| O|  |TAMS 0x0000000080b00000, 0x0000000080a00000| Untracked 
|  11|0x0000000080b00000, 0x0000000080c00000, 0x0000000080c00000|100%| O|  |TAMS 0x0000000080c00000, 0x0000000080b00000| Untracked 
|  12|0x0000000080c00000, 0x0000000080d00000, 0x0000000080d00000|100%| O|  |TAMS 0x0000000080d00000, 0x0000000080c00000| Untracked 
|  13|0x0000000080d00000, 0x0000000080e00000, 0x0000000080e00000|100%| O|  |TAMS 0x0000000080e00000, 0x0000000080d00000| Untracked 
|  14|0x0000000080e00000, 0x0000000080f00000, 0x0000000080f00000|100%| O|  |TAMS 0x0000000080f00000, 0x0000000080e00000| Untracked 
|  15|0x0000000080f00000, 0x0000000081000000, 0x0000000081000000|100%| O|  |TAMS 0x0000000081000000, 0x0000000080f00000| Untracked 
|  16|0x0000000081000000, 0x0000000081100000, 0x0000000081100000|100%|HS|  |TAMS 0x0000000081100000, 0x0000000081000000| Complete 
|  17|0x0000000081100000, 0x0000000081200000, 0x0000000081200000|100%|HS|  |TAMS 0x0000000081200000, 0x0000000081100000| Complete 
|  18|0x0000000081200000, 0x0000000081300000, 0x0000000081300000|100%| O|  |TAMS 0x0000000081200000, 0x0000000081200000| Untracked 
|  19|0x0000000081300000, 0x0000000081400000, 0x0000000081400000|100%|HS|  |TAMS 0x0000000081400000, 0x0000000081300000| Complete 
|  20|0x0000000081400000, 0x0000000081500000, 0x0000000081500000|100%|HC|  |TAMS 0x0000000081500000, 0x0000000081400000| Complete 
|  21|0x0000000081500000, 0x0000000081600000, 0x0000000081600000|100%| O|  |TAMS 0x0000000081600000, 0x0000000081500000| Untracked 
|  22|0x0000000081600000, 0x0000000081700000, 0x0000000081700000|100%| O|  |TAMS 0x0000000081700000, 0x0000000081600000| Untracked 
|  23|0x0000000081700000, 0x0000000081800000, 0x0000000081800000|100%| O|  |TAMS 0x0000000081800000, 0x0000000081700000| Untracked 
|  24|0x0000000081800000, 0x0000000081900000, 0x0000000081900000|100%| O|  |TAMS 0x0000000081900000, 0x0000000081800000| Untracked 
|  25|0x0000000081900000, 0x0000000081a00000, 0x0000000081a00000|100%| O|  |TAMS 0x0000000081a00000, 0x0000000081900000| Untracked 
|  26|0x0000000081a00000, 0x0000000081b00000, 0x0000000081b00000|100%| O|  |TAMS 0x0000000081b00000, 0x0000000081a00000| Untracked 
|  27|0x0000000081b00000, 0x0000000081c00000, 0x0000000081c00000|100%| O|  |TAMS 0x0000000081b00000, 0x0000000081b00000| Untracked 
|  28|0x0000000081c00000, 0x0000000081d00000, 0x0000000081d00000|100%| O|  |TAMS 0x0000000081c00000, 0x0000000081c00000| Untracked 
|  29|0x0000000081d00000, 0x0000000081e00000, 0x0000000081e00000|100%| O|  |TAMS 0x0000000081d00000, 0x0000000081d00000| Untracked 
|  30|0x0000000081e00000, 0x0000000081f00000, 0x0000000081f00000|100%| O|  |TAMS 0x0000000081e00000, 0x0000000081e00000| Untracked 
|  31|0x0000000081f00000, 0x0000000082000000, 0x0000000082000000|100%| O|  |TAMS 0x0000000081f00000, 0x0000000081f00000| Untracked 
|  32|0x0000000082000000, 0x0000000082100000, 0x0000000082100000|100%| O|  |TAMS 0x0000000082000000, 0x0000000082000000| Untracked 
|  33|0x0000000082100000, 0x0000000082200000, 0x0000000082200000|100%| O|  |TAMS 0x0000000082100000, 0x0000000082100000| Untracked 
|  34|0x0000000082200000, 0x0000000082300000, 0x0000000082300000|100%| O|  |TAMS 0x0000000082300000, 0x0000000082200000| Untracked 
|  35|0x0000000082300000, 0x0000000082400000, 0x0000000082400000|100%| O|  |TAMS 0x0000000082400000, 0x0000000082300000| Untracked 
|  36|0x0000000082400000, 0x0000000082500000, 0x0000000082500000|100%| O|  |TAMS 0x0000000082500000, 0x0000000082400000| Untracked 
|  37|0x0000000082500000, 0x0000000082600000, 0x0000000082600000|100%| O|  |TAMS 0x0000000082600000, 0x0000000082500000| Untracked 
|  38|0x0000000082600000, 0x0000000082700000, 0x0000000082700000|100%| O|  |TAMS 0x0000000082700000, 0x0000000082600000| Untracked 
|  39|0x0000000082700000, 0x0000000082800000, 0x0000000082800000|100%| O|  |TAMS 0x0000000082800000, 0x0000000082700000| Untracked 
|  40|0x0000000082800000, 0x0000000082900000, 0x0000000082900000|100%| O|  |TAMS 0x0000000082900000, 0x0000000082800000| Untracked 
|  41|0x0000000082900000, 0x0000000082a00000, 0x0000000082a00000|100%| O|  |TAMS 0x0000000082a00000, 0x0000000082900000| Untracked 
|  42|0x0000000082a00000, 0x0000000082b00000, 0x0000000082b00000|100%| O|  |TAMS 0x0000000082b00000, 0x0000000082a00000| Untracked 
|  43|0x0000000082b00000, 0x0000000082c00000, 0x0000000082c00000|100%| O|  |TAMS 0x0000000082c00000, 0x0000000082b00000| Untracked 
|  44|0x0000000082c00000, 0x0000000082d00000, 0x0000000082d00000|100%| O|  |TAMS 0x0000000082d00000, 0x0000000082c00000| Untracked 
|  45|0x0000000082d00000, 0x0000000082e00000, 0x0000000082e00000|100%| O|  |TAMS 0x0000000082e00000, 0x0000000082d00000| Untracked 
|  46|0x0000000082e00000, 0x0000000082f00000, 0x0000000082f00000|100%| O|  |TAMS 0x0000000082f00000, 0x0000000082e00000| Untracked 
|  47|0x0000000082f00000, 0x0000000083000000, 0x0000000083000000|100%| O|  |TAMS 0x0000000083000000, 0x0000000082f00000| Untracked 
|  48|0x0000000083000000, 0x0000000083100000, 0x0000000083100000|100%| O|  |TAMS 0x0000000083100000, 0x0000000083000000| Untracked 
|  49|0x0000000083100000, 0x0000000083200000, 0x0000000083200000|100%| O|  |TAMS 0x0000000083200000, 0x0000000083100000| Untracked 
|  50|0x0000000083200000, 0x0000000083300000, 0x0000000083300000|100%| O|  |TAMS 0x0000000083300000, 0x0000000083200000| Untracked 
|  51|0x0000000083300000, 0x0000000083400000, 0x0000000083400000|100%| O|  |TAMS 0x00000000833af800, 0x0000000083300000| Untracked 
|  52|0x0000000083400000, 0x0000000083500000, 0x0000000083500000|100%| O|  |TAMS 0x0000000083400000, 0x0000000083400000| Untracked 
|  53|0x0000000083500000, 0x0000000083500000, 0x0000000083600000|  0%| F|  |TAMS 0x0000000083500000, 0x0000000083500000| Untracked 
|  54|0x0000000083600000, 0x0000000083600000, 0x0000000083700000|  0%| F|  |TAMS 0x0000000083600000, 0x0000000083600000| Untracked 
|  55|0x0000000083700000, 0x0000000083700000, 0x0000000083800000|  0%| F|  |TAMS 0x0000000083700000, 0x0000000083700000| Untracked 
|  56|0x0000000083800000, 0x0000000083800000, 0x0000000083900000|  0%| F|  |TAMS 0x0000000083800000, 0x0000000083800000| Untracked 
|  57|0x0000000083900000, 0x0000000083900000, 0x0000000083a00000|  0%| F|  |TAMS 0x0000000083900000, 0x0000000083900000| Untracked 
|  58|0x0000000083a00000, 0x0000000083a00000, 0x0000000083b00000|  0%| F|  |TAMS 0x0000000083a00000, 0x0000000083a00000| Untracked 
|  59|0x0000000083b00000, 0x0000000083b00000, 0x0000000083c00000|  0%| F|  |TAMS 0x0000000083b00000, 0x0000000083b00000| Untracked 
|  60|0x0000000083c00000, 0x0000000083c00000, 0x0000000083d00000|  0%| F|  |TAMS 0x0000000083c00000, 0x0000000083c00000| Untracked 
|  61|0x0000000083d00000, 0x0000000083d00000, 0x0000000083e00000|  0%| F|  |TAMS 0x0000000083d00000, 0x0000000083d00000| Untracked 
|  62|0x0000000083e00000, 0x0000000083e00000, 0x0000000083f00000|  0%| F|  |TAMS 0x0000000083e00000, 0x0000000083e00000| Untracked 
|  63|0x0000000083f00000, 0x0000000083f00000, 0x0000000084000000|  0%| F|  |TAMS 0x0000000083f00000, 0x0000000083f00000| Untracked 
|  64|0x0000000084000000, 0x0000000084000000, 0x0000000084100000|  0%| F|  |TAMS 0x0000000084000000, 0x0000000084000000| Untracked 
|  65|0x0000000084100000, 0x0000000084100000, 0x0000000084200000|  0%| F|  |TAMS 0x0000000084100000, 0x0000000084100000| Untracked 
|  66|0x0000000084200000, 0x0000000084200000, 0x0000000084300000|  0%| F|  |TAMS 0x0000000084200000, 0x0000000084200000| Untracked 
|  67|0x0000000084300000, 0x0000000084300000, 0x0000000084400000|  0%| F|  |TAMS 0x0000000084300000, 0x0000000084300000| Untracked 
|  68|0x0000000084400000, 0x0000000084400000, 0x0000000084500000|  0%| F|  |TAMS 0x0000000084400000, 0x0000000084400000| Untracked 
|  69|0x0000000084500000, 0x0000000084500000, 0x0000000084600000|  0%| F|  |TAMS 0x0000000084500000, 0x0000000084500000| Untracked 
|  70|0x0000000084600000, 0x0000000084600000, 0x0000000084700000|  0%| F|  |TAMS 0x0000000084600000, 0x0000000084600000| Untracked 
|  71|0x0000000084700000, 0x0000000084700000, 0x0000000084800000|  0%| F|  |TAMS 0x0000000084700000, 0x0000000084700000| Untracked 
|  72|0x0000000084800000, 0x0000000084800000, 0x0000000084900000|  0%| F|  |TAMS 0x0000000084800000, 0x0000000084800000| Untracked 
|  73|0x0000000084900000, 0x0000000084900000, 0x0000000084a00000|  0%| F|  |TAMS 0x0000000084900000, 0x0000000084900000| Untracked 
|  74|0x0000000084a00000, 0x0000000084a00000, 0x0000000084b00000|  0%| F|  |TAMS 0x0000000084a00000, 0x0000000084a00000| Untracked 
|  75|0x0000000084b00000, 0x0000000084b00000, 0x0000000084c00000|  0%| F|  |TAMS 0x0000000084b00000, 0x0000000084b00000| Untracked 
|  76|0x0000000084c00000, 0x0000000084c00000, 0x0000000084d00000|  0%| F|  |TAMS 0x0000000084c00000, 0x0000000084c00000| Untracked 
|  77|0x0000000084d00000, 0x0000000084d00000, 0x0000000084e00000|  0%| F|  |TAMS 0x0000000084d00000, 0x0000000084d00000| Untracked 
|  78|0x0000000084e00000, 0x0000000084e00000, 0x0000000084f00000|  0%| F|  |TAMS 0x0000000084e00000, 0x0000000084e00000| Untracked 
|  79|0x0000000084f00000, 0x0000000084f00000, 0x0000000085000000|  0%| F|  |TAMS 0x0000000084f00000, 0x0000000084f00000| Untracked 
|  80|0x0000000085000000, 0x0000000085000000, 0x0000000085100000|  0%| F|  |TAMS 0x0000000085000000, 0x0000000085000000| Untracked 
|  81|0x0000000085100000, 0x0000000085100000, 0x0000000085200000|  0%| F|  |TAMS 0x0000000085100000, 0x0000000085100000| Untracked 
|  82|0x0000000085200000, 0x0000000085200000, 0x0000000085300000|  0%| F|  |TAMS 0x0000000085200000, 0x0000000085200000| Untracked 
|  83|0x0000000085300000, 0x0000000085300000, 0x0000000085400000|  0%| F|  |TAMS 0x0000000085300000, 0x0000000085300000| Untracked 
|  84|0x0000000085400000, 0x0000000085400000, 0x0000000085500000|  0%| F|  |TAMS 0x0000000085400000, 0x0000000085400000| Untracked 
|  85|0x0000000085500000, 0x0000000085500000, 0x0000000085600000|  0%| F|  |TAMS 0x0000000085500000, 0x0000000085500000| Untracked 
|  86|0x0000000085600000, 0x0000000085600000, 0x0000000085700000|  0%| F|  |TAMS 0x0000000085600000, 0x0000000085600000| Untracked 
|  87|0x0000000085700000, 0x0000000085700000, 0x0000000085800000|  0%| F|  |TAMS 0x0000000085700000, 0x0000000085700000| Untracked 
|  88|0x0000000085800000, 0x0000000085800000, 0x0000000085900000|  0%| F|  |TAMS 0x0000000085800000, 0x0000000085800000| Untracked 
|  89|0x0000000085900000, 0x0000000085a00000, 0x0000000085a00000|100%| S|CS|TAMS 0x0000000085900000, 0x0000000085900000| Complete 
|  90|0x0000000085a00000, 0x0000000085b00000, 0x0000000085b00000|100%| S|CS|TAMS 0x0000000085a00000, 0x0000000085a00000| Complete 
|  91|0x0000000085b00000, 0x0000000085c00000, 0x0000000085c00000|100%| S|CS|TAMS 0x0000000085b00000, 0x0000000085b00000| Complete 
|  92|0x0000000085c00000, 0x0000000085d00000, 0x0000000085d00000|100%| S|CS|TAMS 0x0000000085c00000, 0x0000000085c00000| Complete 
|  93|0x0000000085d00000, 0x0000000085e00000, 0x0000000085e00000|100%| S|CS|TAMS 0x0000000085d00000, 0x0000000085d00000| Complete 
|  94|0x0000000085e00000, 0x0000000085f00000, 0x0000000085f00000|100%| S|CS|TAMS 0x0000000085e00000, 0x0000000085e00000| Complete 
|  95|0x0000000085f00000, 0x0000000086000000, 0x0000000086000000|100%| S|CS|TAMS 0x0000000085f00000, 0x0000000085f00000| Complete 
|  96|0x0000000086000000, 0x0000000086100000, 0x0000000086100000|100%| S|CS|TAMS 0x0000000086000000, 0x0000000086000000| Complete 
|  97|0x0000000086100000, 0x0000000086200000, 0x0000000086200000|100%| S|CS|TAMS 0x0000000086100000, 0x0000000086100000| Complete 
|  98|0x0000000086200000, 0x0000000086300000, 0x0000000086300000|100%| S|CS|TAMS 0x0000000086200000, 0x0000000086200000| Complete 
|  99|0x0000000086300000, 0x0000000086400000, 0x0000000086400000|100%| S|CS|TAMS 0x0000000086300000, 0x0000000086300000| Complete 
| 100|0x0000000086400000, 0x0000000086500000, 0x0000000086500000|100%| S|CS|TAMS 0x0000000086400000, 0x0000000086400000| Complete 
| 101|0x0000000086500000, 0x0000000086600000, 0x0000000086600000|100%| S|CS|TAMS 0x0000000086500000, 0x0000000086500000| Complete 
| 102|0x0000000086600000, 0x0000000086700000, 0x0000000086700000|100%| S|CS|TAMS 0x0000000086600000, 0x0000000086600000| Complete 
| 103|0x0000000086700000, 0x0000000086800000, 0x0000000086800000|100%| S|CS|TAMS 0x0000000086700000, 0x0000000086700000| Complete 
| 104|0x0000000086800000, 0x0000000086900000, 0x0000000086900000|100%| S|CS|TAMS 0x0000000086800000, 0x0000000086800000| Complete 
| 105|0x0000000086900000, 0x0000000086a00000, 0x0000000086a00000|100%| S|CS|TAMS 0x0000000086900000, 0x0000000086900000| Complete 
| 106|0x0000000086a00000, 0x0000000086b00000, 0x0000000086b00000|100%| S|CS|TAMS 0x0000000086a00000, 0x0000000086a00000| Complete 
| 107|0x0000000086b00000, 0x0000000086b00000, 0x0000000086c00000|  0%| F|  |TAMS 0x0000000086b00000, 0x0000000086b00000| Untracked 
| 108|0x0000000086c00000, 0x0000000086c00000, 0x0000000086d00000|  0%| F|  |TAMS 0x0000000086c00000, 0x0000000086c00000| Untracked 
| 109|0x0000000086d00000, 0x0000000086d00000, 0x0000000086e00000|  0%| F|  |TAMS 0x0000000086d00000, 0x0000000086d00000| Untracked 
| 110|0x0000000086e00000, 0x0000000086e00000, 0x0000000086f00000|  0%| F|  |TAMS 0x0000000086e00000, 0x0000000086e00000| Untracked 
| 111|0x0000000086f00000, 0x0000000086f00000, 0x0000000087000000|  0%| F|  |TAMS 0x0000000086f00000, 0x0000000086f00000| Untracked 
| 112|0x0000000087000000, 0x0000000087000000, 0x0000000087100000|  0%| F|  |TAMS 0x0000000087000000, 0x0000000087000000| Untracked 
| 113|0x0000000087100000, 0x0000000087100000, 0x0000000087200000|  0%| F|  |TAMS 0x0000000087100000, 0x0000000087100000| Untracked 
| 114|0x0000000087200000, 0x0000000087200000, 0x0000000087300000|  0%| F|  |TAMS 0x0000000087200000, 0x0000000087200000| Untracked 
| 115|0x0000000087300000, 0x0000000087300000, 0x0000000087400000|  0%| F|  |TAMS 0x0000000087300000, 0x0000000087300000| Untracked 
| 116|0x0000000087400000, 0x0000000087400000, 0x0000000087500000|  0%| F|  |TAMS 0x0000000087400000, 0x0000000087400000| Untracked 
| 117|0x0000000087500000, 0x0000000087500000, 0x0000000087600000|  0%| F|  |TAMS 0x0000000087500000, 0x0000000087500000| Untracked 
| 118|0x0000000087600000, 0x0000000087600000, 0x0000000087700000|  0%| F|  |TAMS 0x0000000087600000, 0x0000000087600000| Untracked 
| 119|0x0000000087700000, 0x0000000087700000, 0x0000000087800000|  0%| F|  |TAMS 0x0000000087700000, 0x0000000087700000| Untracked 
| 120|0x0000000087800000, 0x0000000087800000, 0x0000000087900000|  0%| F|  |TAMS 0x0000000087800000, 0x0000000087800000| Untracked 
| 121|0x0000000087900000, 0x0000000087900000, 0x0000000087a00000|  0%| F|  |TAMS 0x0000000087900000, 0x0000000087900000| Untracked 
| 122|0x0000000087a00000, 0x0000000087a00000, 0x0000000087b00000|  0%| F|  |TAMS 0x0000000087a00000, 0x0000000087a00000| Untracked 
| 123|0x0000000087b00000, 0x0000000087b00000, 0x0000000087c00000|  0%| F|  |TAMS 0x0000000087b00000, 0x0000000087b00000| Untracked 
| 124|0x0000000087c00000, 0x0000000087c00000, 0x0000000087d00000|  0%| F|  |TAMS 0x0000000087c00000, 0x0000000087c00000| Untracked 
| 125|0x0000000087d00000, 0x0000000087d00000, 0x0000000087e00000|  0%| F|  |TAMS 0x0000000087d00000, 0x0000000087d00000| Untracked 
| 126|0x0000000087e00000, 0x0000000087e00000, 0x0000000087f00000|  0%| F|  |TAMS 0x0000000087e00000, 0x0000000087e00000| Untracked 
| 127|0x0000000087f00000, 0x0000000087f00000, 0x0000000088000000|  0%| F|  |TAMS 0x0000000087f00000, 0x0000000087f00000| Untracked 
| 128|0x0000000088000000, 0x0000000088000000, 0x0000000088100000|  0%| F|  |TAMS 0x0000000088000000, 0x0000000088000000| Untracked 
| 129|0x0000000088100000, 0x0000000088100000, 0x0000000088200000|  0%| F|  |TAMS 0x0000000088100000, 0x0000000088100000| Untracked 
| 130|0x0000000088200000, 0x0000000088200000, 0x0000000088300000|  0%| F|  |TAMS 0x0000000088200000, 0x0000000088200000| Untracked 
| 131|0x0000000088300000, 0x0000000088300000, 0x0000000088400000|  0%| F|  |TAMS 0x0000000088300000, 0x0000000088300000| Untracked 
| 132|0x0000000088400000, 0x0000000088400000, 0x0000000088500000|  0%| F|  |TAMS 0x0000000088400000, 0x0000000088400000| Untracked 
| 133|0x0000000088500000, 0x0000000088500000, 0x0000000088600000|  0%| F|  |TAMS 0x0000000088500000, 0x0000000088500000| Untracked 
| 134|0x0000000088600000, 0x0000000088600000, 0x0000000088700000|  0%| F|  |TAMS 0x0000000088600000, 0x0000000088600000| Untracked 
| 135|0x0000000088700000, 0x0000000088700000, 0x0000000088800000|  0%| F|  |TAMS 0x0000000088700000, 0x0000000088700000| Untracked 
| 136|0x0000000088800000, 0x0000000088800000, 0x0000000088900000|  0%| F|  |TAMS 0x0000000088800000, 0x0000000088800000| Untracked 
| 137|0x0000000088900000, 0x0000000088900000, 0x0000000088a00000|  0%| F|  |TAMS 0x0000000088900000, 0x0000000088900000| Untracked 
| 138|0x0000000088a00000, 0x0000000088a00000, 0x0000000088b00000|  0%| F|  |TAMS 0x0000000088a00000, 0x0000000088a00000| Untracked 
| 139|0x0000000088b00000, 0x0000000088b00000, 0x0000000088c00000|  0%| F|  |TAMS 0x0000000088b00000, 0x0000000088b00000| Untracked 
| 140|0x0000000088c00000, 0x0000000088c00000, 0x0000000088d00000|  0%| F|  |TAMS 0x0000000088c00000, 0x0000000088c00000| Untracked 
| 141|0x0000000088d00000, 0x0000000088d00000, 0x0000000088e00000|  0%| F|  |TAMS 0x0000000088d00000, 0x0000000088d00000| Untracked 
| 142|0x0000000088e00000, 0x0000000088e00000, 0x0000000088f00000|  0%| F|  |TAMS 0x0000000088e00000, 0x0000000088e00000| Untracked 
| 143|0x0000000088f00000, 0x0000000088f00000, 0x0000000089000000|  0%| F|  |TAMS 0x0000000088f00000, 0x0000000088f00000| Untracked 
| 144|0x0000000089000000, 0x0000000089000000, 0x0000000089100000|  0%| F|  |TAMS 0x0000000089000000, 0x0000000089000000| Untracked 
| 145|0x0000000089100000, 0x0000000089100000, 0x0000000089200000|  0%| F|  |TAMS 0x0000000089100000, 0x0000000089100000| Untracked 
| 146|0x0000000089200000, 0x0000000089200000, 0x0000000089300000|  0%| F|  |TAMS 0x0000000089200000, 0x0000000089200000| Untracked 
| 147|0x0000000089300000, 0x0000000089300000, 0x0000000089400000|  0%| F|  |TAMS 0x0000000089300000, 0x0000000089300000| Untracked 
| 148|0x0000000089400000, 0x0000000089400000, 0x0000000089500000|  0%| F|  |TAMS 0x0000000089400000, 0x0000000089400000| Untracked 
| 149|0x0000000089500000, 0x0000000089500000, 0x0000000089600000|  0%| F|  |TAMS 0x0000000089500000, 0x0000000089500000| Untracked 
| 150|0x0000000089600000, 0x0000000089600000, 0x0000000089700000|  0%| F|  |TAMS 0x0000000089600000, 0x0000000089600000| Untracked 
| 151|0x0000000089700000, 0x0000000089700000, 0x0000000089800000|  0%| F|  |TAMS 0x0000000089700000, 0x0000000089700000| Untracked 
| 152|0x0000000089800000, 0x0000000089800000, 0x0000000089900000|  0%| F|  |TAMS 0x0000000089800000, 0x0000000089800000| Untracked 
| 153|0x0000000089900000, 0x0000000089900000, 0x0000000089a00000|  0%| F|  |TAMS 0x0000000089900000, 0x0000000089900000| Untracked 
| 154|0x0000000089a00000, 0x0000000089a00000, 0x0000000089b00000|  0%| F|  |TAMS 0x0000000089a00000, 0x0000000089a00000| Untracked 
| 155|0x0000000089b00000, 0x0000000089b00000, 0x0000000089c00000|  0%| F|  |TAMS 0x0000000089b00000, 0x0000000089b00000| Untracked 
| 156|0x0000000089c00000, 0x0000000089c00000, 0x0000000089d00000|  0%| F|  |TAMS 0x0000000089c00000, 0x0000000089c00000| Untracked 
| 157|0x0000000089d00000, 0x0000000089d00000, 0x0000000089e00000|  0%| F|  |TAMS 0x0000000089d00000, 0x0000000089d00000| Untracked 
| 158|0x0000000089e00000, 0x0000000089e00000, 0x0000000089f00000|  0%| F|  |TAMS 0x0000000089e00000, 0x0000000089e00000| Untracked 
| 159|0x0000000089f00000, 0x0000000089f00000, 0x000000008a000000|  0%| F|  |TAMS 0x0000000089f00000, 0x0000000089f00000| Untracked 
| 160|0x000000008a000000, 0x000000008a000000, 0x000000008a100000|  0%| F|  |TAMS 0x000000008a000000, 0x000000008a000000| Untracked 
| 161|0x000000008a100000, 0x000000008a100000, 0x000000008a200000|  0%| F|  |TAMS 0x000000008a100000, 0x000000008a100000| Untracked 
| 162|0x000000008a200000, 0x000000008a200000, 0x000000008a300000|  0%| F|  |TAMS 0x000000008a200000, 0x000000008a200000| Untracked 
| 163|0x000000008a300000, 0x000000008a300000, 0x000000008a400000|  0%| F|  |TAMS 0x000000008a300000, 0x000000008a300000| Untracked 
| 164|0x000000008a400000, 0x000000008a400000, 0x000000008a500000|  0%| F|  |TAMS 0x000000008a400000, 0x000000008a400000| Untracked 
| 165|0x000000008a500000, 0x000000008a500000, 0x000000008a600000|  0%| F|  |TAMS 0x000000008a500000, 0x000000008a500000| Untracked 
| 166|0x000000008a600000, 0x000000008a600000, 0x000000008a700000|  0%| F|  |TAMS 0x000000008a600000, 0x000000008a600000| Untracked 
| 167|0x000000008a700000, 0x000000008a700000, 0x000000008a800000|  0%| F|  |TAMS 0x000000008a700000, 0x000000008a700000| Untracked 
| 168|0x000000008a800000, 0x000000008a800000, 0x000000008a900000|  0%| F|  |TAMS 0x000000008a800000, 0x000000008a800000| Untracked 
| 169|0x000000008a900000, 0x000000008a900000, 0x000000008aa00000|  0%| F|  |TAMS 0x000000008a900000, 0x000000008a900000| Untracked 
| 170|0x000000008aa00000, 0x000000008aa00000, 0x000000008ab00000|  0%| F|  |TAMS 0x000000008aa00000, 0x000000008aa00000| Untracked 
| 171|0x000000008ab00000, 0x000000008ab00000, 0x000000008ac00000|  0%| F|  |TAMS 0x000000008ab00000, 0x000000008ab00000| Untracked 
| 172|0x000000008ac00000, 0x000000008ac00000, 0x000000008ad00000|  0%| F|  |TAMS 0x000000008ac00000, 0x000000008ac00000| Untracked 
| 173|0x000000008ad00000, 0x000000008ad00000, 0x000000008ae00000|  0%| F|  |TAMS 0x000000008ad00000, 0x000000008ad00000| Untracked 
| 174|0x000000008ae00000, 0x000000008ae00000, 0x000000008af00000|  0%| F|  |TAMS 0x000000008ae00000, 0x000000008ae00000| Untracked 
| 175|0x000000008af00000, 0x000000008af00000, 0x000000008b000000|  0%| F|  |TAMS 0x000000008af00000, 0x000000008af00000| Untracked 
| 176|0x000000008b000000, 0x000000008b000000, 0x000000008b100000|  0%| F|  |TAMS 0x000000008b000000, 0x000000008b000000| Untracked 
| 177|0x000000008b100000, 0x000000008b100000, 0x000000008b200000|  0%| F|  |TAMS 0x000000008b100000, 0x000000008b100000| Untracked 
| 178|0x000000008b200000, 0x000000008b200000, 0x000000008b300000|  0%| F|  |TAMS 0x000000008b200000, 0x000000008b200000| Untracked 
| 179|0x000000008b300000, 0x000000008b300000, 0x000000008b400000|  0%| F|  |TAMS 0x000000008b300000, 0x000000008b300000| Untracked 
| 180|0x000000008b400000, 0x000000008b400000, 0x000000008b500000|  0%| F|  |TAMS 0x000000008b400000, 0x000000008b400000| Untracked 
| 181|0x000000008b500000, 0x000000008b500000, 0x000000008b600000|  0%| F|  |TAMS 0x000000008b500000, 0x000000008b500000| Untracked 
| 182|0x000000008b600000, 0x000000008b600000, 0x000000008b700000|  0%| F|  |TAMS 0x000000008b600000, 0x000000008b600000| Untracked 
| 183|0x000000008b700000, 0x000000008b700000, 0x000000008b800000|  0%| F|  |TAMS 0x000000008b700000, 0x000000008b700000| Untracked 
| 184|0x000000008b800000, 0x000000008b800000, 0x000000008b900000|  0%| F|  |TAMS 0x000000008b800000, 0x000000008b800000| Untracked 
| 185|0x000000008b900000, 0x000000008b900000, 0x000000008ba00000|  0%| F|  |TAMS 0x000000008b900000, 0x000000008b900000| Untracked 
| 186|0x000000008ba00000, 0x000000008ba00000, 0x000000008bb00000|  0%| F|  |TAMS 0x000000008ba00000, 0x000000008ba00000| Untracked 
| 187|0x000000008bb00000, 0x000000008bb00000, 0x000000008bc00000|  0%| F|  |TAMS 0x000000008bb00000, 0x000000008bb00000| Untracked 
| 188|0x000000008bc00000, 0x000000008bc00000, 0x000000008bd00000|  0%| F|  |TAMS 0x000000008bc00000, 0x000000008bc00000| Untracked 
| 189|0x000000008bd00000, 0x000000008bd00000, 0x000000008be00000|  0%| F|  |TAMS 0x000000008bd00000, 0x000000008bd00000| Untracked 
| 190|0x000000008be00000, 0x000000008be00000, 0x000000008bf00000|  0%| F|  |TAMS 0x000000008be00000, 0x000000008be00000| Untracked 
| 191|0x000000008bf00000, 0x000000008bf00000, 0x000000008c000000|  0%| F|  |TAMS 0x000000008bf00000, 0x000000008bf00000| Untracked 
| 192|0x000000008c000000, 0x000000008c000000, 0x000000008c100000|  0%| F|  |TAMS 0x000000008c000000, 0x000000008c000000| Untracked 
| 193|0x000000008c100000, 0x000000008c100000, 0x000000008c200000|  0%| F|  |TAMS 0x000000008c100000, 0x000000008c100000| Untracked 
| 194|0x000000008c200000, 0x000000008c200000, 0x000000008c300000|  0%| F|  |TAMS 0x000000008c200000, 0x000000008c200000| Untracked 
| 195|0x000000008c300000, 0x000000008c300000, 0x000000008c400000|  0%| F|  |TAMS 0x000000008c300000, 0x000000008c300000| Untracked 
| 196|0x000000008c400000, 0x000000008c400000, 0x000000008c500000|  0%| F|  |TAMS 0x000000008c400000, 0x000000008c400000| Untracked 
| 197|0x000000008c500000, 0x000000008c500000, 0x000000008c600000|  0%| F|  |TAMS 0x000000008c500000, 0x000000008c500000| Untracked 
| 198|0x000000008c600000, 0x000000008c600000, 0x000000008c700000|  0%| F|  |TAMS 0x000000008c600000, 0x000000008c600000| Untracked 
| 199|0x000000008c700000, 0x000000008c700000, 0x000000008c800000|  0%| F|  |TAMS 0x000000008c700000, 0x000000008c700000| Untracked 
| 200|0x000000008c800000, 0x000000008c800000, 0x000000008c900000|  0%| F|  |TAMS 0x000000008c800000, 0x000000008c800000| Untracked 
| 201|0x000000008c900000, 0x000000008c900000, 0x000000008ca00000|  0%| F|  |TAMS 0x000000008c900000, 0x000000008c900000| Untracked 
| 202|0x000000008ca00000, 0x000000008ca00000, 0x000000008cb00000|  0%| F|  |TAMS 0x000000008ca00000, 0x000000008ca00000| Untracked 
| 203|0x000000008cb00000, 0x000000008cb00000, 0x000000008cc00000|  0%| F|  |TAMS 0x000000008cb00000, 0x000000008cb00000| Untracked 
| 204|0x000000008cc00000, 0x000000008cc00000, 0x000000008cd00000|  0%| F|  |TAMS 0x000000008cc00000, 0x000000008cc00000| Untracked 
| 205|0x000000008cd00000, 0x000000008cd00000, 0x000000008ce00000|  0%| F|  |TAMS 0x000000008cd00000, 0x000000008cd00000| Untracked 
| 206|0x000000008ce00000, 0x000000008ce00000, 0x000000008cf00000|  0%| F|  |TAMS 0x000000008ce00000, 0x000000008ce00000| Untracked 
| 207|0x000000008cf00000, 0x000000008cf00000, 0x000000008d000000|  0%| F|  |TAMS 0x000000008cf00000, 0x000000008cf00000| Untracked 
| 208|0x000000008d000000, 0x000000008d000000, 0x000000008d100000|  0%| F|  |TAMS 0x000000008d000000, 0x000000008d000000| Untracked 
| 209|0x000000008d100000, 0x000000008d100000, 0x000000008d200000|  0%| F|  |TAMS 0x000000008d100000, 0x000000008d100000| Untracked 
| 210|0x000000008d200000, 0x000000008d200000, 0x000000008d300000|  0%| F|  |TAMS 0x000000008d200000, 0x000000008d200000| Untracked 
| 211|0x000000008d300000, 0x000000008d300000, 0x000000008d400000|  0%| F|  |TAMS 0x000000008d300000, 0x000000008d300000| Untracked 
| 212|0x000000008d400000, 0x000000008d400000, 0x000000008d500000|  0%| F|  |TAMS 0x000000008d400000, 0x000000008d400000| Untracked 
| 213|0x000000008d500000, 0x000000008d500000, 0x000000008d600000|  0%| F|  |TAMS 0x000000008d500000, 0x000000008d500000| Untracked 
| 214|0x000000008d600000, 0x000000008d600000, 0x000000008d700000|  0%| F|  |TAMS 0x000000008d600000, 0x000000008d600000| Untracked 
| 215|0x000000008d700000, 0x000000008d7afe38, 0x000000008d800000| 68%| E|  |TAMS 0x000000008d700000, 0x000000008d700000| Complete 
| 216|0x000000008d800000, 0x000000008d900000, 0x000000008d900000|100%| E|CS|TAMS 0x000000008d800000, 0x000000008d800000| Complete 
| 217|0x000000008d900000, 0x000000008da00000, 0x000000008da00000|100%| E|CS|TAMS 0x000000008d900000, 0x000000008d900000| Complete 
| 218|0x000000008da00000, 0x000000008db00000, 0x000000008db00000|100%| E|CS|TAMS 0x000000008da00000, 0x000000008da00000| Complete 
| 219|0x000000008db00000, 0x000000008dc00000, 0x000000008dc00000|100%| E|CS|TAMS 0x000000008db00000, 0x000000008db00000| Complete 
| 220|0x000000008dc00000, 0x000000008dd00000, 0x000000008dd00000|100%| E|CS|TAMS 0x000000008dc00000, 0x000000008dc00000| Complete 
| 221|0x000000008dd00000, 0x000000008de00000, 0x000000008de00000|100%| E|CS|TAMS 0x000000008dd00000, 0x000000008dd00000| Complete 
| 222|0x000000008de00000, 0x000000008df00000, 0x000000008df00000|100%| E|CS|TAMS 0x000000008de00000, 0x000000008de00000| Complete 
| 223|0x000000008df00000, 0x000000008e000000, 0x000000008e000000|100%| E|CS|TAMS 0x000000008df00000, 0x000000008df00000| Complete 
| 224|0x000000008e000000, 0x000000008e100000, 0x000000008e100000|100%| E|CS|TAMS 0x000000008e000000, 0x000000008e000000| Complete 
| 225|0x000000008e100000, 0x000000008e200000, 0x000000008e200000|100%| E|CS|TAMS 0x000000008e100000, 0x000000008e100000| Complete 
| 226|0x000000008e200000, 0x000000008e300000, 0x000000008e300000|100%| E|CS|TAMS 0x000000008e200000, 0x000000008e200000| Complete 
| 227|0x000000008e300000, 0x000000008e400000, 0x000000008e400000|100%| E|CS|TAMS 0x000000008e300000, 0x000000008e300000| Complete 
| 228|0x000000008e400000, 0x000000008e500000, 0x000000008e500000|100%| E|CS|TAMS 0x000000008e400000, 0x000000008e400000| Complete 
| 229|0x000000008e500000, 0x000000008e600000, 0x000000008e600000|100%| E|CS|TAMS 0x000000008e500000, 0x000000008e500000| Complete 
| 230|0x000000008e600000, 0x000000008e700000, 0x000000008e700000|100%| E|CS|TAMS 0x000000008e600000, 0x000000008e600000| Complete 
| 231|0x000000008e700000, 0x000000008e800000, 0x000000008e800000|100%| E|CS|TAMS 0x000000008e700000, 0x000000008e700000| Complete 
| 232|0x000000008e800000, 0x000000008e900000, 0x000000008e900000|100%| E|CS|TAMS 0x000000008e800000, 0x000000008e800000| Complete 
| 233|0x000000008e900000, 0x000000008ea00000, 0x000000008ea00000|100%| E|CS|TAMS 0x000000008e900000, 0x000000008e900000| Complete 
| 234|0x000000008ea00000, 0x000000008eb00000, 0x000000008eb00000|100%| E|CS|TAMS 0x000000008ea00000, 0x000000008ea00000| Complete 
| 235|0x000000008eb00000, 0x000000008ec00000, 0x000000008ec00000|100%| E|CS|TAMS 0x000000008eb00000, 0x000000008eb00000| Complete 
| 236|0x000000008ec00000, 0x000000008ed00000, 0x000000008ed00000|100%| E|CS|TAMS 0x000000008ec00000, 0x000000008ec00000| Complete 
| 237|0x000000008ed00000, 0x000000008ee00000, 0x000000008ee00000|100%| E|CS|TAMS 0x000000008ed00000, 0x000000008ed00000| Complete 
| 238|0x000000008ee00000, 0x000000008ef00000, 0x000000008ef00000|100%| E|CS|TAMS 0x000000008ee00000, 0x000000008ee00000| Complete 
| 239|0x000000008ef00000, 0x000000008f000000, 0x000000008f000000|100%| E|CS|TAMS 0x000000008ef00000, 0x000000008ef00000| Complete 
| 240|0x000000008f000000, 0x000000008f100000, 0x000000008f100000|100%| E|CS|TAMS 0x000000008f000000, 0x000000008f000000| Complete 
| 241|0x000000008f100000, 0x000000008f200000, 0x000000008f200000|100%| E|CS|TAMS 0x000000008f100000, 0x000000008f100000| Complete 
| 242|0x000000008f200000, 0x000000008f300000, 0x000000008f300000|100%| E|CS|TAMS 0x000000008f200000, 0x000000008f200000| Complete 
| 243|0x000000008f300000, 0x000000008f400000, 0x000000008f400000|100%| E|CS|TAMS 0x000000008f300000, 0x000000008f300000| Complete 
| 244|0x000000008f400000, 0x000000008f500000, 0x000000008f500000|100%| E|CS|TAMS 0x000000008f400000, 0x000000008f400000| Complete 
| 245|0x000000008f500000, 0x000000008f600000, 0x000000008f600000|100%| E|CS|TAMS 0x000000008f500000, 0x000000008f500000| Complete 
| 246|0x000000008f600000, 0x000000008f700000, 0x000000008f700000|100%| E|CS|TAMS 0x000000008f600000, 0x000000008f600000| Complete 
| 247|0x000000008f700000, 0x000000008f800000, 0x000000008f800000|100%| E|  |TAMS 0x000000008f700000, 0x000000008f700000| Complete 
| 248|0x000000008f800000, 0x000000008f900000, 0x000000008f900000|100%| E|CS|TAMS 0x000000008f800000, 0x000000008f800000| Complete 
| 249|0x000000008f900000, 0x000000008fa00000, 0x000000008fa00000|100%| E|CS|TAMS 0x000000008f900000, 0x000000008f900000| Complete 
| 250|0x000000008fa00000, 0x000000008fb00000, 0x000000008fb00000|100%| E|CS|TAMS 0x000000008fa00000, 0x000000008fa00000| Complete 
| 251|0x000000008fb00000, 0x000000008fc00000, 0x000000008fc00000|100%| E|CS|TAMS 0x000000008fb00000, 0x000000008fb00000| Complete 
| 252|0x000000008fc00000, 0x000000008fd00000, 0x000000008fd00000|100%| E|CS|TAMS 0x000000008fc00000, 0x000000008fc00000| Complete 
| 253|0x000000008fd00000, 0x000000008fe00000, 0x000000008fe00000|100%| E|CS|TAMS 0x000000008fd00000, 0x000000008fd00000| Complete 

Card table byte_map: [0x0000014ff3080000,0x0000014ff3480000] _byte_map_base: 0x0000014ff2c80000

Marking Bits (Prev, Next): (CMBitMap*) 0x0000014fe01a1e48, (CMBitMap*) 0x0000014fe01a1e80
 Prev Bits: [0x0000014ff3880000, 0x0000014ff5880000)
 Next Bits: [0x0000014ff5880000, 0x0000014ff7880000)

Polling page: 0x0000014fdf930000

Metaspace:

Usage:
  Non-class:     74.55 MB capacity,    73.10 MB ( 98%) used,     1.22 MB (  2%) free+waste,   236.56 KB ( <1%) overhead. 
      Class:     11.64 MB capacity,    10.87 MB ( 93%) used,   682.58 KB (  6%) free+waste,   109.25 KB ( <1%) overhead. 
       Both:     86.19 MB capacity,    83.97 MB ( 97%) used,     1.89 MB (  2%) free+waste,   345.81 KB ( <1%) overhead. 

Virtual space:
  Non-class space:       76.00 MB reserved,      74.55 MB ( 98%) committed 
      Class space:        1.00 GB reserved,      11.77 MB (  1%) committed 
             Both:        1.07 GB reserved,      86.33 MB (  8%) committed 

Chunk freelists:
   Non-Class:  4.00 KB
       Class:  17.00 KB
        Both:  21.00 KB

MaxMetaspaceSize: 17179869184.00 GB
CompressedClassSpaceSize: 1.00 GB
Initial GC threshold: 20.80 MB
Current GC threshold: 125.96 MB
CDS: off

CodeHeap 'non-profiled nmethods': size=120064Kb used=4999Kb max_used=4999Kb free=115064Kb
 bounds [0x0000014feb740000, 0x0000014febc30000, 0x0000014ff2c80000]
CodeHeap 'profiled nmethods': size=120000Kb used=18653Kb max_used=18653Kb free=101346Kb
 bounds [0x0000014fe4210000, 0x0000014fe5450000, 0x0000014feb740000]
CodeHeap 'non-nmethods': size=5696Kb used=2364Kb max_used=2413Kb free=3331Kb
 bounds [0x0000014fe3c80000, 0x0000014fe3ef0000, 0x0000014fe4210000]
 total_blobs=9442 nmethods=8552 adapters=803
 compilation: enabled
              stopped_count=0, restarted_count=0
 full_count=0

Compilation events (20 events):
Event: 24.563 Thread 0x0000014ffa662800 8590       3       java.io.ObjectStreamClass::getClassDataLayout (20 bytes)
Event: 24.563 Thread 0x0000014ffa662800 nmethod 8590 0x0000014fe543a510 code [0x0000014fe543a6c0, 0x0000014fe543a888]
Event: 24.564 Thread 0x0000014ffa662800 8591       3       java.io.File::getParent (65 bytes)
Event: 24.565 Thread 0x0000014ffa662800 nmethod 8591 0x0000014fe543a910 code [0x0000014fe543ab60, 0x0000014fe543b218]
Event: 24.565 Thread 0x0000014ffa662800 8592       3       org.gradle.api.internal.file.DefaultFileCollectionFactory$ResolvingFileCollection::visitChildren (31 bytes)
Event: 24.565 Thread 0x0000014ffa662800 nmethod 8592 0x0000014fe543b510 code [0x0000014fe543b6e0, 0x0000014fe543bac8]
Event: 24.565 Thread 0x0000014ffa662800 8593       1       org.gradle.internal.fingerprint.impl.DefaultFileCollectionSnapshotter::access$100 (5 bytes)
Event: 24.566 Thread 0x0000014ffa662800 nmethod 8593 0x0000014febc1f510 code [0x0000014febc1f6c0, 0x0000014febc1f758]
Event: 24.566 Thread 0x0000014f8263a800 nmethod 8580 0x0000014febc1f810 code [0x0000014febc1f9c0, 0x0000014febc1ffe8]
Event: 24.566 Thread 0x0000014f8263a800 8582       4       java.lang.invoke.Invokers$Holder::linkToTargetMethod (13 bytes)
Event: 24.567 Thread 0x0000014ffa662800 8594       3       java.util.concurrent.atomic.AtomicInteger::getAndIncrement (12 bytes)
Event: 24.567 Thread 0x0000014f8263a800 nmethod 8582 0x0000014febc20490 code [0x0000014febc20640, 0x0000014febc20718]
Event: 24.567 Thread 0x0000014ffa662800 nmethod 8594 0x0000014fe543bc10 code [0x0000014fe543bdc0, 0x0000014fe543bed8]
Event: 24.567 Thread 0x0000014ffa662800 8595       3       java.util.ArrayList::remove (76 bytes)
Event: 24.567 Thread 0x0000014ffa662800 nmethod 8595 0x0000014fe543bf90 code [0x0000014fe543c180, 0x0000014fe543c658]
Event: 24.568 Thread 0x0000014ffa662800 8596       3       java.io.ObjectOutputStream::writeHandle (21 bytes)
Event: 24.568 Thread 0x0000014ffa662800 nmethod 8596 0x0000014fe543c890 code [0x0000014fe543ca60, 0x0000014fe543ccd8]
Event: 24.568 Thread 0x0000014ffa662800 8597       1       org.gradle.execution.plan.LocalTaskNode::getPrepareNode (5 bytes)
Event: 24.568 Thread 0x0000014ffa662800 nmethod 8597 0x0000014febc20810 code [0x0000014febc209c0, 0x0000014febc20a78]
Event: 24.569 Thread 0x0000014ffa659800 nmethod 8581 0x0000014febc20b10 code [0x0000014febc20cc0, 0x0000014febc211f8]

GC Heap History (20 events):
Event: 1.244 GC heap before
{Heap before GC invocations=1 (full 0):
 garbage-first heap   total 260096K, used 40119K [0x0000000080000000, 0x0000000100000000)
  region size 1024K, 34 young (34816K), 2 survivors (2048K)
 Metaspace       used 10855K, capacity 11077K, committed 11264K, reserved 1058816K
  class space    used 1113K, capacity 1207K, committed 1280K, reserved 1048576K
}
Event: 1.248 GC heap after
{Heap after GC invocations=2 (full 0):
 garbage-first heap   total 260096K, used 9787K [0x0000000080000000, 0x0000000100000000)
  region size 1024K, 5 young (5120K), 5 survivors (5120K)
 Metaspace       used 10855K, capacity 11077K, committed 11264K, reserved 1058816K
  class space    used 1113K, capacity 1207K, committed 1280K, reserved 1048576K
}
Event: 2.159 GC heap before
{Heap before GC invocations=2 (full 0):
 garbage-first heap   total 260096K, used 46651K [0x0000000080000000, 0x0000000100000000)
  region size 1024K, 40 young (40960K), 5 survivors (5120K)
 Metaspace       used 16295K, capacity 16643K, committed 16896K, reserved 1064960K
  class space    used 1836K, capacity 1933K, committed 2048K, reserved 1048576K
}
Event: 2.165 GC heap after
{Heap after GC invocations=3 (full 0):
 garbage-first heap   total 260096K, used 15723K [0x0000000080000000, 0x0000000100000000)
  region size 1024K, 5 young (5120K), 5 survivors (5120K)
 Metaspace       used 16295K, capacity 16643K, committed 16896K, reserved 1064960K
  class space    used 1836K, capacity 1933K, committed 2048K, reserved 1048576K
}
Event: 2.562 GC heap before
{Heap before GC invocations=3 (full 0):
 garbage-first heap   total 260096K, used 53611K [0x0000000080000000, 0x0000000100000000)
  region size 1024K, 44 young (45056K), 5 survivors (5120K)
 Metaspace       used 20760K, capacity 21191K, committed 21296K, reserved 1069056K
  class space    used 2521K, capacity 2685K, committed 2688K, reserved 1048576K
}
Event: 2.569 GC heap after
{Heap after GC invocations=4 (full 0):
 garbage-first heap   total 260096K, used 17512K [0x0000000080000000, 0x0000000100000000)
  region size 1024K, 2 young (2048K), 2 survivors (2048K)
 Metaspace       used 20760K, capacity 21191K, committed 21296K, reserved 1069056K
  class space    used 2521K, capacity 2685K, committed 2688K, reserved 1048576K
}
Event: 3.290 GC heap before
{Heap before GC invocations=5 (full 0):
 garbage-first heap   total 260096K, used 73832K [0x0000000080000000, 0x0000000100000000)
  region size 1024K, 57 young (58368K), 2 survivors (2048K)
 Metaspace       used 26909K, capacity 27487K, committed 27772K, reserved 1073152K
  class space    used 3493K, capacity 3734K, committed 3788K, reserved 1048576K
}
Event: 3.297 GC heap after
{Heap after GC invocations=6 (full 0):
 garbage-first heap   total 260096K, used 19335K [0x0000000080000000, 0x0000000100000000)
  region size 1024K, 4 young (4096K), 4 survivors (4096K)
 Metaspace       used 26909K, capacity 27487K, committed 27772K, reserved 1073152K
  class space    used 3493K, capacity 3734K, committed 3788K, reserved 1048576K
}
Event: 4.146 GC heap before
{Heap before GC invocations=6 (full 0):
 garbage-first heap   total 260096K, used 83847K [0x0000000080000000, 0x0000000100000000)
  region size 1024K, 68 young (69632K), 4 survivors (4096K)
 Metaspace       used 35071K, capacity 35957K, committed 36048K, reserved 1081344K
  class space    used 4567K, capacity 4921K, committed 4940K, reserved 1048576K
}
Event: 4.157 GC heap after
{Heap after GC invocations=7 (full 0):
 garbage-first heap   total 260096K, used 22630K [0x0000000080000000, 0x0000000100000000)
  region size 1024K, 7 young (7168K), 7 survivors (7168K)
 Metaspace       used 35071K, capacity 35957K, committed 36048K, reserved 1081344K
  class space    used 4567K, capacity 4921K, committed 4940K, reserved 1048576K
}
Event: 5.895 GC heap before
{Heap before GC invocations=8 (full 0):
 garbage-first heap   total 260096K, used 134246K [0x0000000080000000, 0x0000000100000000)
  region size 1024K, 113 young (115712K), 7 survivors (7168K)
 Metaspace       used 44839K, capacity 45992K, committed 46236K, reserved 1089536K
  class space    used 5668K, capacity 6075K, committed 6168K, reserved 1048576K
}
Event: 5.918 GC heap after
{Heap after GC invocations=9 (full 0):
 garbage-first heap   total 260096K, used 30547K [0x0000000080000000, 0x0000000100000000)
  region size 1024K, 15 young (15360K), 15 survivors (15360K)
 Metaspace       used 44839K, capacity 45992K, committed 46236K, reserved 1089536K
  class space    used 5668K, capacity 6075K, committed 6168K, reserved 1048576K
}
Event: 8.719 GC heap before
{Heap before GC invocations=10 (full 0):
 garbage-first heap   total 260096K, used 161619K [0x0000000080000000, 0x0000000100000000)
  region size 1024K, 138 young (141312K), 15 survivors (15360K)
 Metaspace       used 53803K, capacity 55349K, committed 55452K, reserved 1097728K
  class space    used 6829K, capacity 7391K, committed 7448K, reserved 1048576K
}
Event: 8.739 GC heap after
{Heap after GC invocations=11 (full 0):
 garbage-first heap   total 260096K, used 44952K [0x0000000080000000, 0x0000000100000000)
  region size 1024K, 18 young (18432K), 18 survivors (18432K)
 Metaspace       used 53803K, capacity 55349K, committed 55452K, reserved 1097728K
  class space    used 6829K, capacity 7391K, committed 7448K, reserved 1048576K
}
Event: 10.861 GC heap before
{Heap before GC invocations=11 (full 0):
 garbage-first heap   total 260096K, used 190360K [0x0000000080000000, 0x0000000100000000)
  region size 1024K, 152 young (155648K), 18 survivors (18432K)
 Metaspace       used 67577K, capacity 69182K, committed 69532K, reserved 1110016K
  class space    used 8517K, capacity 9097K, committed 9240K, reserved 1048576K
}
Event: 10.884 GC heap after
{Heap after GC invocations=12 (full 0):
 garbage-first heap   total 260096K, used 55486K [0x0000000080000000, 0x0000000100000000)
  region size 1024K, 11 young (11264K), 11 survivors (11264K)
 Metaspace       used 67577K, capacity 69182K, committed 69532K, reserved 1110016K
  class space    used 8517K, capacity 9097K, committed 9240K, reserved 1048576K
}
Event: 12.303 GC heap before
{Heap before GC invocations=12 (full 0):
 garbage-first heap   total 260096K, used 151742K [0x0000000080000000, 0x0000000100000000)
  region size 1024K, 106 young (108544K), 11 survivors (11264K)
 Metaspace       used 75085K, capacity 76942K, committed 77060K, reserved 1116160K
  class space    used 9684K, capacity 10344K, committed 10392K, reserved 1048576K
}
Event: 12.322 GC heap after
{Heap after GC invocations=13 (full 0):
 garbage-first heap   total 260096K, used 60606K [0x0000000080000000, 0x0000000100000000)
  region size 1024K, 16 young (16384K), 16 survivors (16384K)
 Metaspace       used 75085K, capacity 76942K, committed 77060K, reserved 1116160K
  class space    used 9684K, capacity 10344K, committed 10392K, reserved 1048576K
}
Event: 13.988 GC heap before
{Heap before GC invocations=14 (full 0):
 garbage-first heap   total 260096K, used 194750K [0x0000000080000000, 0x0000000100000000)
  region size 1024K, 147 young (150528K), 16 survivors (16384K)
 Metaspace       used 82343K, capacity 84399K, committed 84688K, reserved 1122304K
  class space    used 10654K, capacity 11347K, committed 11416K, reserved 1048576K
}
Event: 14.016 GC heap after
{Heap after GC invocations=15 (full 0):
 garbage-first heap   total 260096K, used 72704K [0x0000000080000000, 0x0000000100000000)
  region size 1024K, 18 young (18432K), 18 survivors (18432K)
 Metaspace       used 82343K, capacity 84399K, committed 84688K, reserved 1122304K
  class space    used 10654K, capacity 11347K, committed 11416K, reserved 1048576K
}

Deoptimization events (20 events):
Event: 24.491 Thread 0x0000014ffe554800 DEOPT PACKING pc=0x0000014feb84f160 sp=0x0000000b872fd410
Event: 24.491 Thread 0x0000014ffe554800 DEOPT UNPACKING pc=0x0000014fe3cca1a9 sp=0x0000000b872fd3f8 mode 2
Event: 24.492 Thread 0x0000014ffe552000 DEOPT PACKING pc=0x0000014febb77f7c sp=0x0000000b875fe050
Event: 24.492 Thread 0x0000014ffe552000 DEOPT UNPACKING pc=0x0000014fe3cca1a9 sp=0x0000000b875fdfe0 mode 2
Event: 24.511 Thread 0x0000014ffe552000 Uncommon trap: trap_request=0xffffff4d fr.pc=0x0000014feb818c88 relative=0x0000000000001308
Event: 24.511 Thread 0x0000014ffe552000 Uncommon trap: reason=unstable_if action=reinterpret pc=0x0000014feb818c88 method=java.util.concurrent.ConcurrentHashMap.transfer([Ljava/util/concurrent/ConcurrentHashMap$Node;[Ljava/util/concurrent/ConcurrentHashMap$Node;)V @ 34 c2
Event: 24.511 Thread 0x0000014ffe552000 DEOPT PACKING pc=0x0000014feb818c88 sp=0x0000000b875fbe00
Event: 24.511 Thread 0x0000014ffe552000 DEOPT UNPACKING pc=0x0000014fe3cca1a9 sp=0x0000000b875fbdc0 mode 2
Event: 24.511 Thread 0x0000014ffbf2a000 Uncommon trap: trap_request=0xffffff4d fr.pc=0x0000014feb818da8 relative=0x0000000000001428
Event: 24.511 Thread 0x0000014ffbf2a000 Uncommon trap: reason=unstable_if action=reinterpret pc=0x0000014feb818da8 method=java.util.concurrent.ConcurrentHashMap.transfer([Ljava/util/concurrent/ConcurrentHashMap$Node;[Ljava/util/concurrent/ConcurrentHashMap$Node;)V @ 273 c2
Event: 24.511 Thread 0x0000014ffbf2a000 DEOPT PACKING pc=0x0000014feb818da8 sp=0x0000000b871fa790
Event: 24.511 Thread 0x0000014ffbf2a000 DEOPT UNPACKING pc=0x0000014fe3cca1a9 sp=0x0000000b871fa730 mode 2
Event: 24.511 Thread 0x0000014ffbf2a000 Uncommon trap: trap_request=0xffffff4d fr.pc=0x0000014feb833284 relative=0x00000000000001a4
Event: 24.511 Thread 0x0000014ffbf2a000 Uncommon trap: reason=unstable_if action=reinterpret pc=0x0000014feb833284 method=java.util.concurrent.ConcurrentHashMap.addCount(JI)V @ 168 c2
Event: 24.511 Thread 0x0000014ffbf2a000 DEOPT PACKING pc=0x0000014feb833284 sp=0x0000000b871fa8a0
Event: 24.511 Thread 0x0000014ffbf2a000 DEOPT UNPACKING pc=0x0000014fe3cca1a9 sp=0x0000000b871fa7e0 mode 2
Event: 24.559 Thread 0x0000014ffcbe6800 DEOPT PACKING pc=0x0000014fe511faad sp=0x0000000b833fe3c0
Event: 24.559 Thread 0x0000014ffcbe6800 DEOPT UNPACKING pc=0x0000014fe3cca93f sp=0x0000000b833fd888 mode 0
Event: 24.559 Thread 0x0000014ffcbe6800 DEOPT PACKING pc=0x0000014fe511ef4b sp=0x0000000b833fe510
Event: 24.559 Thread 0x0000014ffcbe6800 DEOPT UNPACKING pc=0x0000014fe3cca93f sp=0x0000000b833fd9d0 mode 0

Classes redefined (0 events):
No events

Internal exceptions (20 events):
Event: 14.330 Thread 0x0000014ffe552000 Exception <a 'java/lang/IncompatibleClassChangeError'{0x000000008e6eb388}: Found class java.lang.Object, but interface was expected> (0x000000008e6eb388) thrown at [src/hotspot/share/interpreter/linkResolver.cpp, line 839]
Event: 14.367 Thread 0x0000014ffe552000 Exception <a 'java/lang/IncompatibleClassChangeError'{0x000000008e474d08}: Found class java.lang.Object, but interface was expected> (0x000000008e474d08) thrown at [src/hotspot/share/interpreter/linkResolver.cpp, line 839]
Event: 14.402 Thread 0x0000014ffe552000 Exception <a 'java/lang/NoSuchMethodError'{0x000000008e2746d8}: 'int java.lang.invoke.DirectMethodHandle$Holder.invokeStaticInit(java.lang.Object, java.lang.Object, java.lang.Object, java.lang.Object, java.lang.Object)'> (0x000000008e2746d8) thrown at [src/hotspot/share/interpreter/linkResolver.cpp, line 773]
Event: 14.420 Thread 0x0000014ffe552000 Exception <a 'java/lang/NoSuchMethodError'{0x000000008e17b8b8}: 'void java.lang.invoke.DirectMethodHandle$Holder.invokeVirtual(java.lang.Object, java.lang.Object)'> (0x000000008e17b8b8) thrown at [src/hotspot/share/interpreter/linkResolver.cpp, line 773]
Event: 14.432 Thread 0x0000014ffe552000 Exception <a 'sun/nio/fs/WindowsException'{0x000000008e00d4b8}> (0x000000008e00d4b8) thrown at [src/hotspot/share/prims/jni.cpp, line 617]
Event: 14.432 Thread 0x0000014ffe552000 Exception <a 'sun/nio/fs/WindowsException'{0x000000008e00e320}> (0x000000008e00e320) thrown at [src/hotspot/share/prims/jni.cpp, line 617]
Event: 14.464 Thread 0x0000014ffe552000 Implicit null exception at 0x0000014febb759f7 to 0x0000014febb75b90
Event: 19.470 Thread 0x0000014ffe552000 Exception <a 'net/rubygrapefruit/platform/NativeException'{0x000000008dfcd4f8}: Execution timed out> (0x000000008dfcd4f8) thrown at [src/hotspot/share/prims/jni.cpp, line 638]
Event: 24.478 Thread 0x0000014ffe552000 Exception <a 'net/rubygrapefruit/platform/NativeException'{0x000000008dfeb050}: Execution timed out> (0x000000008dfeb050) thrown at [src/hotspot/share/prims/jni.cpp, line 638]
Event: 24.491 Thread 0x0000014ffcbe6800 Exception <a 'java/lang/NoSuchMethodError'{0x000000008dc7f040}: <clinit>> (0x000000008dc7f040) thrown at [src/hotspot/share/prims/jni.cpp, line 1367]
Event: 24.493 Thread 0x0000014ffcbe6800 Exception <a 'java/lang/NoSuchMethodError'{0x000000008dc8f410}: <clinit>> (0x000000008dc8f410) thrown at [src/hotspot/share/prims/jni.cpp, line 1367]
Event: 24.493 Thread 0x0000014ffcbe6800 Exception <a 'java/lang/NoSuchMethodError'{0x000000008dc908a0}: <clinit>> (0x000000008dc908a0) thrown at [src/hotspot/share/prims/jni.cpp, line 1367]
Event: 24.496 Thread 0x0000014ffcbe6800 Exception <a 'java/lang/NoSuchMethodError'{0x000000008dcded38}: <clinit>> (0x000000008dcded38) thrown at [src/hotspot/share/prims/jni.cpp, line 1367]
Event: 24.498 Thread 0x0000014ffcbe6800 Exception <a 'java/lang/NoSuchMethodError'{0x000000008db0b770}: <clinit>> (0x000000008db0b770) thrown at [src/hotspot/share/prims/jni.cpp, line 1367]
Event: 24.501 Thread 0x0000014ffcbe6800 Exception <a 'java/lang/NoSuchMethodError'{0x000000008db80330}: <clinit>> (0x000000008db80330) thrown at [src/hotspot/share/prims/jni.cpp, line 1367]
Event: 24.519 Thread 0x0000014ffbf28800 Exception <a 'java/lang/NoSuchMethodError'{0x000000008f7a76a8}: <clinit>> (0x000000008f7a76a8) thrown at [src/hotspot/share/prims/jni.cpp, line 1367]
Event: 24.520 Thread 0x0000014ffcbe6800 Exception <a 'java/lang/NoSuchMethodError'{0x000000008d907a88}: <clinit>> (0x000000008d907a88) thrown at [src/hotspot/share/prims/jni.cpp, line 1367]
Event: 24.524 Thread 0x0000014ffbf28800 Exception <a 'java/lang/NoSuchMethodError'{0x000000008d92b3c0}: <clinit>> (0x000000008d92b3c0) thrown at [src/hotspot/share/prims/jni.cpp, line 1367]
Event: 24.526 Thread 0x0000014ffbf28800 Exception <a 'java/lang/NoSuchMethodError'{0x000000008d94d818}: <clinit>> (0x000000008d94d818) thrown at [src/hotspot/share/prims/jni.cpp, line 1367]
Event: 24.544 Thread 0x0000014ffe552000 Exception <a 'java/lang/NoSuchMethodError'{0x000000008d8ac408}: 'int java.lang.invoke.DirectMethodHandle$Holder.invokeSpecial(java.lang.Object, java.lang.Object, java.lang.Object, java.lang.Object, java.lang.Object)'> (0x000000008d8ac408) thrown at [src/hotspot/share/interpreter/linkResolver.cpp, line 773]

Events (20 events):
Event: 24.544 loading class org/gradle/api/specs/Spec
Event: 24.544 loading class org/gradle/api/specs/Spec done
Event: 24.544 loading class org/gradle/internal/fingerprint/impl/PatternSetSnapshottingFilter
Event: 24.544 loading class org/gradle/internal/fingerprint/impl/PatternSetSnapshottingFilter done
Event: 24.544 loading class org/gradle/internal/snapshot/SnapshottingFilter$FileSystemSnapshotPredicate
Event: 24.544 loading class org/gradle/internal/snapshot/SnapshottingFilter$FileSystemSnapshotPredicate done
Event: 24.545 loading class org/gradle/internal/snapshot/impl/FileSystemSnapshotFilter
Event: 24.545 loading class org/gradle/internal/snapshot/impl/FileSystemSnapshotFilter done
Event: 24.545 loading class org/gradle/internal/snapshot/impl/FileSystemSnapshotFilter$FilteringVisitor
Event: 24.545 loading class org/gradle/internal/snapshot/impl/FileSystemSnapshotFilter$FilteringVisitor done
Event: 24.552 loading class org/gradle/internal/snapshot/impl/FileSystemSnapshotFilter$FilteringVisitor$1
Event: 24.552 loading class org/gradle/internal/snapshot/impl/FileSystemSnapshotFilter$FilteringVisitor$1 done
Event: 24.552 loading class org/gradle/internal/fingerprint/impl/PatternSetSnapshottingFilter$LogicalFileTreeElement
Event: 24.552 loading class org/gradle/internal/fingerprint/impl/PatternSetSnapshottingFilter$LogicalFileTreeElement done
Event: 24.553 loading class org/gradle/api/file/RelativePath
Event: 24.553 loading class org/gradle/api/file/RelativePath done
Event: 24.554 loading class org/gradle/api/tasks/util/internal/CachingPatternSpecFactory$CachingSpec$1
Event: 24.554 loading class org/gradle/api/tasks/util/internal/CachingPatternSpecFactory$CachingSpec$1 done
Event: 24.557 loading class org/gradle/internal/snapshot/UnknownFileSystemNode
Event: 24.557 loading class org/gradle/internal/snapshot/UnknownFileSystemNode done


Dynamic libraries:
0x00007ff7462d0000 - 0x00007ff7462da000 	C:\Program Files\Android\Android Studio\jbr\bin\java.exe
0x00007ffb13930000 - 0x00007ffb13b26000 	C:\Windows\SYSTEM32\ntdll.dll
0x00007ffb12d90000 - 0x00007ffb12e4d000 	C:\Windows\System32\KERNEL32.DLL
0x00007ffb113b0000 - 0x00007ffb11679000 	C:\Windows\System32\KERNELBASE.dll
0x00007ffb117f0000 - 0x00007ffb118f0000 	C:\Windows\System32\ucrtbase.dll
0x00007ffaffdb0000 - 0x00007ffaffdc7000 	C:\Program Files\Android\Android Studio\jbr\bin\jli.dll
0x00007ffaff7a0000 - 0x00007ffaff7bb000 	C:\Program Files\Android\Android Studio\jbr\bin\VCRUNTIME140.dll
0x00007ffb13070000 - 0x00007ffb13210000 	C:\Windows\System32\USER32.dll
0x00007ffb11380000 - 0x00007ffb113a2000 	C:\Windows\System32\win32u.dll
0x00007ffb11b40000 - 0x00007ffb11b6a000 	C:\Windows\System32\GDI32.dll
0x00007ffb11680000 - 0x00007ffb1178b000 	C:\Windows\System32\gdi32full.dll
0x00007ffb118f0000 - 0x00007ffb1198d000 	C:\Windows\System32\msvcp_win.dll
0x00007ffaf5450000 - 0x00007ffaf56eb000 	C:\Windows\WinSxS\amd64_microsoft.windows.common-controls_6595b64144ccf1df_6.0.19041.746_none_ca02b4b61b8320a4\COMCTL32.dll
0x00007ffb11f30000 - 0x00007ffb11fce000 	C:\Windows\System32\msvcrt.dll
0x00007ffb127f0000 - 0x00007ffb12820000 	C:\Windows\System32\IMM32.DLL
0x00007ffab6e80000 - 0x00007ffab6edb000 	C:\ProgramData\Microsoft\DbgCtr\XShellDLL64_6015.dll
0x00007ffb128d0000 - 0x00007ffb1297c000 	C:\Windows\System32\ADVAPI32.dll
0x00007ffb13210000 - 0x00007ffb132ac000 	C:\Windows\System32\sechost.dll
0x00007ffb12980000 - 0x00007ffb12aab000 	C:\Windows\System32\RPCRT4.dll
0x00007ffb120a0000 - 0x00007ffb127e2000 	C:\Windows\System32\SHELL32.dll
0x00007ffb0f020000 - 0x00007ffb0f02c000 	C:\Program Files\Android\Android Studio\jbr\bin\vcruntime140_1.dll
0x00007ffaf0f80000 - 0x00007ffaf100d000 	C:\Program Files\Android\Android Studio\jbr\bin\msvcp140.dll
0x00007ffab4a40000 - 0x00007ffab55fc000 	C:\Program Files\Android\Android Studio\jbr\bin\server\jvm.dll
0x00007ffb12f30000 - 0x00007ffb12f38000 	C:\Windows\System32\PSAPI.DLL
0x00007ffafa1f0000 - 0x00007ffafa1f9000 	C:\Windows\SYSTEM32\WSOCK32.dll
0x00007ffb13000000 - 0x00007ffb1306b000 	C:\Windows\System32\WS2_32.dll
0x00007ffaea7b0000 - 0x00007ffaea7d7000 	C:\Windows\SYSTEM32\WINMM.dll
0x00007ffb0ef30000 - 0x00007ffb0ef3a000 	C:\Windows\SYSTEM32\VERSION.dll
0x00007ffb0f070000 - 0x00007ffb0f082000 	C:\Windows\SYSTEM32\kernel.appcore.dll
0x00007ffb0f010000 - 0x00007ffb0f020000 	C:\Program Files\Android\Android Studio\jbr\bin\verify.dll
0x00007ffaf8b20000 - 0x00007ffaf8d04000 	C:\Windows\SYSTEM32\DBGHELP.DLL
0x00007ffaf8a80000 - 0x00007ffaf8aac000 	C:\Windows\SYSTEM32\dbgcore.DLL
0x00007ffb11300000 - 0x00007ffb11380000 	C:\Windows\System32\bcryptPrimitives.dll
0x00007ffb0efe0000 - 0x00007ffb0f008000 	C:\Program Files\Android\Android Studio\jbr\bin\java.dll
0x00007ffb0efd0000 - 0x00007ffb0efda000 	C:\Program Files\Android\Android Studio\jbr\bin\jimage.dll
0x00007ffb0e810000 - 0x00007ffb0e828000 	C:\Program Files\Android\Android Studio\jbr\bin\zip.dll
0x00007ffb0f1e0000 - 0x00007ffb0f970000 	C:\Windows\SYSTEM32\windows.storage.dll
0x00007ffb11bd0000 - 0x00007ffb11f26000 	C:\Windows\System32\combase.dll
0x00007ffb10ad0000 - 0x00007ffb10afc000 	C:\Windows\SYSTEM32\Wldp.dll
0x00007ffb13780000 - 0x00007ffb1382e000 	C:\Windows\System32\SHCORE.dll
0x00007ffb12f40000 - 0x00007ffb12f95000 	C:\Windows\System32\shlwapi.dll
0x00007ffb10fa0000 - 0x00007ffb10fc6000 	C:\Windows\SYSTEM32\profapi.dll
0x00007ffb0e470000 - 0x00007ffb0e489000 	C:\Program Files\Android\Android Studio\jbr\bin\net.dll
0x00007ffb03ff0000 - 0x00007ffb040f0000 	C:\Windows\SYSTEM32\WINHTTP.dll
0x00007ffb10850000 - 0x00007ffb108ba000 	C:\Windows\system32\mswsock.dll
0x00007ffb0e420000 - 0x00007ffb0e433000 	C:\Program Files\Android\Android Studio\jbr\bin\nio.dll
0x00007ffaf49b0000 - 0x00007ffaf49d7000 	C:\Users\it_04\.gradle\native\e1d6ef7f7dcc3fd88c89a11ec53ec762bb8ba0a96d01ffa2cd45eb1d1d8dd5c5\windows-amd64\native-platform.dll
0x00007ffaee920000 - 0x00007ffaeea64000 	C:\Users\it_04\.gradle\native\0d407fdbe67a94daf76414ababcb853783967236a71b16ec16e742cd7a986fd3\windows-amd64\native-platform-file-events.dll
0x00007ffb0efc0000 - 0x00007ffb0efca000 	C:\Program Files\Android\Android Studio\jbr\bin\management.dll
0x00007ffb0ef60000 - 0x00007ffb0ef6b000 	C:\Program Files\Android\Android Studio\jbr\bin\management_ext.dll
0x00007ffb10a20000 - 0x00007ffb10a38000 	C:\Windows\SYSTEM32\CRYPTSP.dll
0x00007ffb10180000 - 0x00007ffb101b4000 	C:\Windows\system32\rsaenh.dll
0x00007ffb11070000 - 0x00007ffb11097000 	C:\Windows\System32\bcrypt.dll
0x00007ffb10f20000 - 0x00007ffb10f4e000 	C:\Windows\SYSTEM32\USERENV.dll
0x00007ffb10a40000 - 0x00007ffb10a4c000 	C:\Windows\SYSTEM32\CRYPTBASE.dll
0x00007ffb104f0000 - 0x00007ffb1052b000 	C:\Windows\SYSTEM32\IPHLPAPI.DLL
0x00007ffb13830000 - 0x00007ffb13838000 	C:\Windows\System32\NSI.dll
0x00007ffb0ae50000 - 0x00007ffb0ae67000 	C:\Windows\SYSTEM32\dhcpcsvc6.DLL
0x00007ffb0ae30000 - 0x00007ffb0ae4d000 	C:\Windows\SYSTEM32\dhcpcsvc.DLL
0x00007ffb10540000 - 0x00007ffb1060b000 	C:\Windows\SYSTEM32\DNSAPI.dll

dbghelp: loaded successfully - version: 4.0.5 - missing functions: none
symbol engine: initialized successfully - sym options: 0x614 - pdb path: .;C:\Program Files\Android\Android Studio\jbr\bin;C:\Windows\SYSTEM32;C:\Windows\WinSxS\amd64_microsoft.windows.common-controls_6595b64144ccf1df_6.0.19041.746_none_ca02b4b61b8320a4;C:\ProgramData\Microsoft\DbgCtr;C:\Program Files\Android\Android Studio\jbr\bin\server;C:\Users\it_04\.gradle\native\e1d6ef7f7dcc3fd88c89a11ec53ec762bb8ba0a96d01ffa2cd45eb1d1d8dd5c5\windows-amd64;C:\Users\it_04\.gradle\native\0d407fdbe67a94daf76414ababcb853783967236a71b16ec16e742cd7a986fd3\windows-amd64

VM Arguments:
jvm_args: --add-opens=java.base/java.util=ALL-UNNAMED --add-opens=java.base/java.lang=ALL-UNNAMED --add-opens=java.base/java.lang.invoke=ALL-UNNAMED --add-opens=java.base/java.util=ALL-UNNAMED --add-opens=java.prefs/java.util.prefs=ALL-UNNAMED --add-opens=java.prefs/java.util.prefs=ALL-UNNAMED --add-opens=java.base/java.nio.charset=ALL-UNNAMED --add-opens=java.base/java.net=ALL-UNNAMED --add-opens=java.base/java.util.concurrent.atomic=ALL-UNNAMED -Xmx2048m -Dfile.encoding=UTF-8 -Duser.country=US -Duser.language=en -Duser.variant 
java_command: org.gradle.launcher.daemon.bootstrap.GradleDaemon 7.5
java_class_path (initial): C:\Users\it_04\.gradle\wrapper\dists\gradle-7.5-bin\f1w0cc9nuo0eivz97x2xlu9sv\gradle-7.5\lib\gradle-launcher-7.5.jar
Launcher Type: SUN_STANDARD

[Global flags]
     intx CICompilerCount                          = 3                                         {product} {ergonomic}
     uint ConcGCThreads                            = 1                                         {product} {ergonomic}
     uint G1ConcRefinementThreads                  = 4                                         {product} {ergonomic}
   size_t G1HeapRegionSize                         = 1048576                                   {product} {ergonomic}
    uintx GCDrainStackTargetSize                   = 64                                        {product} {ergonomic}
   size_t InitialHeapSize                          = 266338304                                 {product} {ergonomic}
   size_t MarkStackSize                            = 4194304                                   {product} {ergonomic}
   size_t MaxHeapSize                              = 2147483648                                {product} {command line}
   size_t MaxNewSize                               = 1287651328                                {product} {ergonomic}
   size_t MinHeapDeltaBytes                        = 1048576                                   {product} {ergonomic}
    uintx NonNMethodCodeHeapSize                   = 5830732                                {pd product} {ergonomic}
    uintx NonProfiledCodeHeapSize                  = 122913754                              {pd product} {ergonomic}
    uintx ProfiledCodeHeapSize                     = 122913754                              {pd product} {ergonomic}
    uintx ReservedCodeCacheSize                    = 251658240                              {pd product} {ergonomic}
     bool SegmentedCodeCache                       = true                                      {product} {ergonomic}
     bool UseCompressedClassPointers               = true                                 {lp64_product} {ergonomic}
     bool UseCompressedOops                        = true                                 {lp64_product} {ergonomic}
     bool UseG1GC                                  = true                                      {product} {ergonomic}
     bool UseLargePagesIndividualAllocation        = false                                  {pd product} {ergonomic}

Logging:
Log output configuration:
 #0: stdout all=warning uptime,level,tags
 #1: stderr all=off uptime,level,tags

Environment Variables:
PATH=D:\app\it_07\product\11.2.0\client_1\bin;C:\Windows\system32;C:\Windows;C:\Windows\System32\Wbem;C:\Windows\System32\WindowsPowerShell\v1.0\;C:\Windows\System32\OpenSSH\;C:\Program Files\dotnet\;C:\Program Files\Git\cmd;C:\Users\it_04\AppData\Local\Microsoft\WindowsApps;C:\Users\it_04\.dotnet\tools
USERNAME=it_04
OS=Windows_NT
PROCESSOR_IDENTIFIER=Intel64 Family 6 Model 165 Stepping 3, GenuineIntel



---------------  S Y S T E M  ---------------

OS: Windows 10 , 64 bit Build 19041 (10.0.19041.804)
OS uptime: 0 days 6:48 hours

CPU:total 4 (initial active 4) (2 cores per cpu, 2 threads per core) family 6 model 165 stepping 3 microcode 0xe0, cmov, cx8, fxsr, mmx, sse, sse2, sse3, ssse3, sse4.1, sse4.2, popcnt, aes, clmul, erms, 3dnowpref, lzcnt, ht, tsc, tscinvbit

Memory: 4k page, system-wide physical 16242M (7514M free)
TotalPageFile size 18674M (AvailPageFile size 7644M)
current process WorkingSet (physical memory assigned to process): 436M, peak: 477M
current process commit charge ("private bytes"): 508M, peak: 542M

vm_info: OpenJDK 64-Bit Server VM (11.0.15+0-b2043.56-9505619) for windows-amd64 JRE (11.0.15+0-b2043.56-9505619), built on Jan 19 2023 02:48:00 by "builduser" with unknown MS VC++:1929

END.
