#
# A fatal error has been detected by the Java Runtime Environment:
#
#  EXCEPTION_ACCESS_VIOLATION (0xc0000005) at pc=0x00007fff3cf8d0a8, pid=9752, tid=10356
#
# JRE version: OpenJDK Runtime Environment (11.0.15) (build 11.0.15+0-b2043.56-9505619)
# Java VM: OpenJDK 64-Bit Server VM (11.0.15+0-b2043.56-9505619, mixed mode, tiered, compressed oops, g1 gc, windows-amd64)
# Problematic frame:
# V  [jvm.dll+0x91d0a8]
#
# No core dump will be written. Minidumps are not enabled by default on client versions of Windows
#
# If you would like to submit a bug report, please visit:
#   https://bugreport.java.com/bugreport/crash.jsp
# The crash happened outside the Java Virtual Machine in native code.
# See problematic frame for where to report the bug.
#

---------------  S U M M A R Y ------------

Command Line: --add-opens=java.base/java.util=ALL-UNNAMED --add-opens=java.base/java.lang=ALL-UNNAMED --add-opens=java.base/java.lang.invoke=ALL-UNNAMED --add-opens=java.base/java.util=ALL-UNNAMED --add-opens=java.prefs/java.util.prefs=ALL-UNNAMED --add-opens=java.prefs/java.util.prefs=ALL-UNNAMED --add-opens=java.base/java.nio.charset=ALL-UNNAMED --add-opens=java.base/java.net=ALL-UNNAMED --add-opens=java.base/java.util.concurrent.atomic=ALL-UNNAMED -Xmx2048m -Dfile.encoding=UTF-8 -Duser.country=US -Duser.language=en -Duser.variant org.gradle.launcher.daemon.bootstrap.GradleDaemon 7.5

Host: Intel(R) Pentium(R) Gold G6400 CPU @ 4.00GHz, 4 cores, 15G,  Windows 10 , 64 bit Build 19041 (10.0.19041.804)
Time: Sat Apr 22 09:01:07 2023 SE Asia Standard Time elapsed time: 111.810154 seconds (0d 0h 1m 51s)

---------------  T H R E A D  ---------------

Current thread (0x00000203516f0000):  JavaThread "File watcher server" daemon [_thread_in_native, id=10356, stack(0x00000071cdd00000,0x00000071cde00000)]

Stack: [0x00000071cdd00000,0x00000071cde00000],  sp=0x00000071cddfe5e8,  free space=1017k
Native frames: (J=compiled Java code, j=interpreted, Vv=VM code, C=native code)
V  [jvm.dll+0x91d0a8]

Java frames: (J=compiled Java code, j=interpreted, Vv=VM code)
j  net.rubygrapefruit.platform.internal.jni.AbstractFileEventFunctions$NativeFileWatcher.executeRunLoop0(Ljava/lang/Object;)V+0
j  net.rubygrapefruit.platform.internal.jni.AbstractFileEventFunctions$NativeFileWatcher.access$100(Lnet/rubygrapefruit/platform/internal/jni/AbstractFileEventFunctions$NativeFileWatcher;Ljava/lang/Object;)V+2
j  net.rubygrapefruit.platform.internal.jni.AbstractFileEventFunctions$NativeFileWatcher$1.run()V+26
v  ~StubRoutines::call_stub

siginfo: EXCEPTION_ACCESS_VIOLATION (0xc0000005), data execution prevention violation at address 0x00007fff3cf8d0a8


Register to memory mapping:

RIP=0x00007fff3cf8d0a8 jvm.dll
RAX=0x00007fff3cf8d0a8 jvm.dll
RBX=0x0 is NULL
RCX=0x00000071d1af9dd8 is pointing into the stack for thread: 0x00000203596ba000
RDX=0x0 is NULL
RSP=0x00000071cddfe5e8 is pointing into the stack for thread: 0x00000203516f0000
RBP=0x00000071cddfefb8 is pointing into the stack for thread: 0x00000203516f0000
RSI=0x00000071d1af9dd0 is pointing into the stack for thread: 0x00000203596ba000
RDI=0x00000071d1af9d90 is pointing into the stack for thread: 0x00000203596ba000
R8 =0x0000020332b98700 points into unknown readable memory: 0x0000020332b90d20 | 20 0d b9 32 03 02 00 00
R9 =0x0000000000000001 is an unknown value
R10=0x0000000000008000 is an unknown value
R11=0x00000071cddfe2a0 is pointing into the stack for thread: 0x00000203516f0000
R12=0x0 is NULL
R13={method} {0x00000203544e4fd8} 'executeRunLoop0' '(Ljava/lang/Object;)V' in 'net/rubygrapefruit/platform/internal/jni/AbstractFileEventFunctions$NativeFileWatcher'
R14=0x0 is NULL
R15=0x00000203516f0000 is a thread


Registers:
RAX=0x00007fff3cf8d0a8, RBX=0x0000000000000000, RCX=0x00000071d1af9dd8, RDX=0x0000000000000000
RSP=0x00000071cddfe5e8, RBP=0x00000071cddfefb8, RSI=0x00000071d1af9dd0, RDI=0x00000071d1af9d90
R8 =0x0000020332b98700, R9 =0x0000000000000001, R10=0x0000000000008000, R11=0x00000071cddfe2a0
R12=0x0000000000000000, R13=0x00000203544e4fd0, R14=0x0000000000000000, R15=0x00000203516f0000
RIP=0x00007fff3cf8d0a8, EFLAGS=0x0000000000010292

Top of Stack: (sp=0x00000071cddfe5e8)
0x00000071cddfe5e8:   00007fff3a8863b9 0000000000000000
0x00000071cddfe5f8:   00000203388efa7a 000002034ee85990
0x00000071cddfe608:   00007fff3a863133 0000020354d80f18
0x00000071cddfe618:   000000008c780970 0000f4756b53da87
0x00000071cddfe628:   00007fff3a86da83 00000071cddfefe0
0x00000071cddfe638:   00000071d1af9d90 00007fff3a85f150
0x00000071cddfe648:   00007fff3a87709b 00000071d1af9dd0
0x00000071cddfe658:   0000000080419fd8 0000000000000000
0x00000071cddfe668:   00007fff3a86bfae 0000020354d80f10
0x00000071cddfe678:   00007fff3a8692a6 00000071d1af9dd0
0x00000071cddfe688:   0000000000000000 0000020354d80f10
0x00000071cddfe698:   00007fff3a8457b3 0000000000000000
0x00000071cddfe6a8:   00007fff3a8764c2 00000071cddfe6f0
0x00000071cddfe6b8:   00000071d1af9dd0 000002034eb14a20
0x00000071cddfe6c8:   0000000000000000 000000008040d401
0x00000071cddfe6d8:   000002034ea2fd50 0000000000000000 

Instructions: (pc=0x00007fff3cf8d0a8)
0x00007fff3cf8cfa8:   6c 65 64 00 00 00 00 00 20 fc 03 3d ff 7f 00 00
0x00007fff3cf8cfb8:   50 19 6e 3c ff 7f 00 00 30 9a 72 3c ff 7f 00 00
0x00007fff3cf8cfc8:   f0 4c c6 3c ff 7f 00 00 40 2e c6 3c ff 7f 00 00
0x00007fff3cf8cfd8:   00 2f c6 3c ff 7f 00 00 e0 34 6e 3c ff 7f 00 00
0x00007fff3cf8cfe8:   80 0a 68 3c ff 7f 00 00 a0 fc 03 3d ff 7f 00 00
0x00007fff3cf8cff8:   50 19 6e 3c ff 7f 00 00 30 9a 72 3c ff 7f 00 00
0x00007fff3cf8d008:   70 bd 73 3c ff 7f 00 00 c0 b9 73 3c ff 7f 00 00
0x00007fff3cf8d018:   f0 ba 73 3c ff 7f 00 00 00 bb 73 3c ff 7f 00 00
0x00007fff3cf8d028:   30 99 67 3c ff 7f 00 00 20 fd 03 3d ff 7f 00 00
0x00007fff3cf8d038:   50 19 6e 3c ff 7f 00 00 30 9a 72 3c ff 7f 00 00
0x00007fff3cf8d048:   70 bd 73 3c ff 7f 00 00 c0 b9 73 3c ff 7f 00 00
0x00007fff3cf8d058:   f0 ba 73 3c ff 7f 00 00 00 bb 73 3c ff 7f 00 00
0x00007fff3cf8d068:   30 99 67 3c ff 7f 00 00 4d 65 74 68 6f 64 73 20
0x00007fff3cf8d078:   25 73 20 6e 6f 6e 2d 63 6f 6d 70 61 72 61 62 6c
0x00007fff3cf8d088:   65 20 77 69 74 68 20 64 69 61 67 6e 6f 73 69 73
0x00007fff3cf8d098:   20 25 64 00 00 00 00 00 a0 fd 03 3d ff 7f 00 00
0x00007fff3cf8d0a8:   80 0a 68 3c ff 7f 00 00 30 99 67 3c ff 7f 00 00
0x00007fff3cf8d0b8:   30 99 67 3c ff 7f 00 00 30 99 67 3c ff 7f 00 00
0x00007fff3cf8d0c8:   30 99 67 3c ff 7f 00 00 80 0a 68 3c ff 7f 00 00
0x00007fff3cf8d0d8:   20 31 6e 3c ff 7f 00 00 30 73 6e 3c ff 7f 00 00
0x00007fff3cf8d0e8:   00 66 c6 3c ff 7f 00 00 10 66 c6 3c ff 7f 00 00
0x00007fff3cf8d0f8:   a0 f5 b7 3c ff 7f 00 00 70 66 c6 3c ff 7f 00 00
0x00007fff3cf8d108:   30 99 67 3c ff 7f 00 00 30 89 67 3c ff 7f 00 00
0x00007fff3cf8d118:   7b 6d 65 74 68 6f 64 20 63 6f 75 6e 74 65 72 73
0x00007fff3cf8d128:   7d 00 00 00 00 00 00 00 49 74 65 72 28 4d 65 74
0x00007fff3cf8d138:   68 6f 64 43 6f 75 6e 74 65 72 73 29 3a 20 25 70
0x00007fff3cf8d148:   00 00 00 00 00 00 00 00 6d 65 74 68 6f 64 20 63
0x00007fff3cf8d158:   6f 75 6e 74 65 72 73 00 28 fe 03 3d ff 7f 00 00
0x00007fff3cf8d168:   80 0a 68 3c ff 7f 00 00 30 99 67 3c ff 7f 00 00
0x00007fff3cf8d178:   30 99 67 3c ff 7f 00 00 80 0a 68 3c ff 7f 00 00
0x00007fff3cf8d188:   30 99 67 3c ff 7f 00 00 30 99 67 3c ff 7f 00 00
0x00007fff3cf8d198:   80 b6 c6 3c ff 7f 00 00 30 74 6e 3c ff 7f 00 00 


Stack slot to memory mapping:
stack at sp + 0 slots: 0x00007fff3a8863b9 native-platform-file-events.dll
stack at sp + 1 slots: 0x0 is NULL
stack at sp + 2 slots: 0x00000203388efa7a is at code_begin+2458 in an Interpreter codelet
method entry point (kind = native)  [0x00000203388ef0e0, 0x00000203388efb60]  2688 bytes
stack at sp + 3 slots: {method} {0x000002034ee85998} 'findEntry' '(Ljava/lang/String;)J' in 'java/lang/ClassLoader$NativeLibrary'
stack at sp + 4 slots: 0x00007fff3a863133 native-platform-file-events.dll
stack at sp + 5 slots: 0x0000020354d80f18 points into unknown readable memory: 0x000002035c941de0 | e0 1d 94 5c 03 02 00 00
stack at sp + 6 slots: 0x000000008c780970 is an unallocated location in the heap
stack at sp + 7 slots: 0x0000f4756b53da87 is an unknown value


---------------  P R O C E S S  ---------------

Threads class SMR info:
_java_thread_list=0x0000020354f95b80, length=88, elements={
0x0000020334dc2000, 0x000002034f250800, 0x000002034f254800, 0x000002034f2ab800,
0x000002034f2ad000, 0x000002034f2b0000, 0x000002034f2bb000, 0x000002034f2c2800,
0x000002034f2c5800, 0x000002034f41b000, 0x00000203514bb800, 0x0000020350e9e800,
0x0000020350b4f800, 0x0000020350a43800, 0x00000203509d5800, 0x00000203516f3800,
0x00000203516ee800, 0x00000203516f1000, 0x00000203516f0000, 0x00000203516ed800,
0x000002035192b800, 0x000002035192c800, 0x000002035192d000, 0x000002035192f000,
0x0000020351929000, 0x000002034f71b800, 0x000002034f71f000, 0x000002035544d800,
0x000002035544f000, 0x000002034f710800, 0x000002034f715000, 0x000002034f717000,
0x000002034f716000, 0x000002034f712800, 0x000002034f711000, 0x000002034f717800,
0x000002034f712000, 0x000002034f718800, 0x000002034f719800, 0x000002034f71a000,
0x000002034f714800, 0x000002034f71b000, 0x000002034f71d800, 0x000002034f71c800,
0x000002034f71e000, 0x0000020355441800, 0x0000020355444800, 0x0000020355447000,
0x0000020355446000, 0x0000020355443000, 0x0000020355443800, 0x0000020355448000,
0x0000020355442000, 0x0000020355448800, 0x0000020355449800, 0x000002035544b000,
0x0000020355445800, 0x0000020355450000, 0x000002035544c000, 0x000002035544c800,
0x000002035544e800, 0x000002035192f800, 0x0000020351930800, 0x000002035192a800,
0x0000020351931000, 0x0000020351935800, 0x0000020351936000, 0x0000020351937000,
0x0000020351932000, 0x0000020351933000, 0x0000020351933800, 0x0000020351934800,
0x00000203516f4000, 0x00000203516f2800, 0x00000203516f2000, 0x00000203596b9000,
0x00000203596ba800, 0x00000203596bc800, 0x00000203596b6800, 0x00000203596bd000,
0x00000203596bb800, 0x00000203596b7800, 0x00000203596b8000, 0x00000203596ba000,
0x000002034f713800, 0x0000020352011000, 0x000002035200c800, 0x000002035200b800
}

Java Threads: ( => current thread )
  0x0000020334dc2000 JavaThread "main" [_thread_blocked, id=9828, stack(0x00000071cb800000,0x00000071cb900000)]
  0x000002034f250800 JavaThread "Reference Handler" daemon [_thread_blocked, id=6988, stack(0x00000071cc200000,0x00000071cc300000)]
  0x000002034f254800 JavaThread "Finalizer" daemon [_thread_blocked, id=6420, stack(0x00000071cc300000,0x00000071cc400000)]
  0x000002034f2ab800 JavaThread "Signal Dispatcher" daemon [_thread_blocked, id=5736, stack(0x00000071cc400000,0x00000071cc500000)]
  0x000002034f2ad000 JavaThread "Attach Listener" daemon [_thread_blocked, id=3892, stack(0x00000071cc500000,0x00000071cc600000)]
  0x000002034f2b0000 JavaThread "Service Thread" daemon [_thread_blocked, id=10324, stack(0x00000071cc600000,0x00000071cc700000)]
  0x000002034f2bb000 JavaThread "C2 CompilerThread0" daemon [_thread_blocked, id=7272, stack(0x00000071cc700000,0x00000071cc800000)]
  0x000002034f2c2800 JavaThread "C1 CompilerThread0" daemon [_thread_blocked, id=2900, stack(0x00000071cc800000,0x00000071cc900000)]
  0x000002034f2c5800 JavaThread "Sweeper thread" daemon [_thread_blocked, id=4172, stack(0x00000071cc900000,0x00000071cca00000)]
  0x000002034f41b000 JavaThread "Common-Cleaner" daemon [_thread_blocked, id=3840, stack(0x00000071cca00000,0x00000071ccb00000)]
  0x00000203514bb800 JavaThread "Daemon health stats" [_thread_blocked, id=8980, stack(0x00000071cd000000,0x00000071cd100000)]
  0x0000020350e9e800 JavaThread "Incoming local TCP Connector on port 58184" [_thread_in_native, id=7876, stack(0x00000071cd100000,0x00000071cd200000)]
  0x0000020350b4f800 JavaThread "Daemon periodic checks" [_thread_blocked, id=10284, stack(0x00000071cd200000,0x00000071cd300000)]
  0x0000020350a43800 JavaThread "Daemon" [_thread_blocked, id=7008, stack(0x00000071cd300000,0x00000071cd400000)]
  0x00000203509d5800 JavaThread "Daemon worker" [_thread_blocked, id=3928, stack(0x00000071cd600000,0x00000071cd700000)]
  0x00000203516f3800 JavaThread "Cache worker for journal cache (C:\Users\it_04\.gradle\caches\journal-1)" [_thread_blocked, id=6256, stack(0x00000071cda00000,0x00000071cdb00000)]
  0x00000203516ee800 JavaThread "File lock request listener" [_thread_in_native, id=9412, stack(0x00000071cdb00000,0x00000071cdc00000)]
  0x00000203516f1000 JavaThread "Cache worker for file hash cache (C:\Users\it_04\.gradle\caches\7.5\fileHashes)" [_thread_blocked, id=1884, stack(0x00000071cdc00000,0x00000071cdd00000)]
=>0x00000203516f0000 JavaThread "File watcher server" daemon [_thread_in_native, id=10356, stack(0x00000071cdd00000,0x00000071cde00000)]
  0x00000203516ed800 JavaThread "Cache worker for file content cache (C:\Users\it_04\.gradle\caches\7.5\fileContent)" [_thread_blocked, id=10364, stack(0x00000071ce100000,0x00000071ce200000)]
  0x000002035192b800 JavaThread "Cache worker for execution history cache (C:\Users\it_04\.gradle\caches\7.5\executionHistory)" [_thread_blocked, id=11256, stack(0x00000071ce400000,0x00000071ce500000)]
  0x000002035192c800 JavaThread "jar transforms" [_thread_blocked, id=7116, stack(0x00000071ce500000,0x00000071ce600000)]
  0x000002035192d000 JavaThread "jar transforms Thread 2" [_thread_blocked, id=4200, stack(0x00000071ce600000,0x00000071ce700000)]
  0x000002035192f000 JavaThread "jar transforms Thread 3" [_thread_blocked, id=9192, stack(0x00000071ce700000,0x00000071ce800000)]
  0x0000020351929000 JavaThread "jar transforms Thread 4" [_thread_blocked, id=5932, stack(0x00000071ce800000,0x00000071ce900000)]
  0x000002034f71b800 JavaThread "Memory manager" [_thread_blocked, id=10740, stack(0x00000071d1400000,0x00000071d1500000)]
  0x000002034f71f000 JavaThread "pool-3-thread-1" [_thread_blocked, id=5340, stack(0x00000071d1600000,0x00000071d1700000)]
  0x000002035544d800 JavaThread "pool-6-thread-1" [_thread_blocked, id=11008, stack(0x00000071d1700000,0x00000071d1800000)]
  0x000002035544f000 JavaThread "included builds" [_thread_blocked, id=11208, stack(0x00000071ce900000,0x00000071cea00000)]
  0x000002034f710800 JavaThread "Handler for socket connection from /127.0.0.1:58184 to /127.0.0.1:58257" [_thread_in_native, id=7220, stack(0x00000071cb900000,0x00000071cba00000)]
  0x000002034f715000 JavaThread "Cancel handler" [_thread_blocked, id=904, stack(0x00000071cbb00000,0x00000071cbc00000)]
  0x000002034f717000 JavaThread "Asynchronous log dispatcher for DefaultDaemonConnection: socket connection from /127.0.0.1:58184 to /127.0.0.1:58257" [_thread_blocked, id=10444, stack(0x00000071cd400000,0x00000071cd500000)]
  0x000002034f716000 JavaThread "Stdin handler" [_thread_blocked, id=10360, stack(0x00000071cd500000,0x00000071cd600000)]
  0x000002034f712800 JavaThread "Daemon client event forwarder" [_thread_blocked, id=7840, stack(0x00000071cd700000,0x00000071cd800000)]
  0x000002034f711000 JavaThread "Cache worker for checksums cache (D:\SourceAndroid\KyThuat\.gradle\7.5\checksums)" [_thread_blocked, id=10404, stack(0x00000071cd900000,0x00000071cda00000)]
  0x000002034f717800 JavaThread "Cache worker for cache directory md-rule (C:\Users\it_04\.gradle\caches\7.5\md-rule)" [_thread_blocked, id=10388, stack(0x00000071cdf00000,0x00000071ce000000)]
  0x000002034f712000 JavaThread "Cache worker for file hash cache (D:\SourceAndroid\KyThuat\.gradle\7.5\fileHashes)" [_thread_blocked, id=10280, stack(0x00000071ce000000,0x00000071ce100000)]
  0x000002034f718800 JavaThread "Cache worker for cache directory md-supplier (C:\Users\it_04\.gradle\caches\7.5\md-supplier)" [_thread_blocked, id=4704, stack(0x00000071ce200000,0x00000071ce300000)]
  0x000002034f719800 JavaThread "Cache worker for dependencies-accessors (D:\SourceAndroid\KyThuat\.gradle\7.5\dependencies-accessors)" [_thread_blocked, id=8776, stack(0x00000071ce300000,0x00000071ce400000)]
  0x000002034f71a000 JavaThread "Cache worker for Build Output Cleanup Cache (D:\SourceAndroid\KyThuat\.gradle\buildOutputCleanup)" [_thread_blocked, id=8700, stack(0x00000071cea00000,0x00000071ceb00000)]
  0x000002034f714800 JavaThread "Unconstrained build operations" [_thread_blocked, id=10180, stack(0x00000071cec00000,0x00000071ced00000)]
  0x000002034f71b000 JavaThread "Unconstrained build operations Thread 2" [_thread_blocked, id=7380, stack(0x00000071ced00000,0x00000071cee00000)]
  0x000002034f71d800 JavaThread "Unconstrained build operations Thread 3" [_thread_blocked, id=5148, stack(0x00000071cee00000,0x00000071cef00000)]
  0x000002034f71c800 JavaThread "Unconstrained build operations Thread 4" [_thread_blocked, id=10848, stack(0x00000071cef00000,0x00000071cf000000)]
  0x000002034f71e000 JavaThread "Unconstrained build operations Thread 5" [_thread_blocked, id=8280, stack(0x00000071cf000000,0x00000071cf100000)]
  0x0000020355441800 JavaThread "Unconstrained build operations Thread 6" [_thread_blocked, id=6032, stack(0x00000071cf100000,0x00000071cf200000)]
  0x0000020355444800 JavaThread "Unconstrained build operations Thread 7" [_thread_blocked, id=6896, stack(0x00000071cf200000,0x00000071cf300000)]
  0x0000020355447000 JavaThread "Unconstrained build operations Thread 8" [_thread_blocked, id=8272, stack(0x00000071cf300000,0x00000071cf400000)]
  0x0000020355446000 JavaThread "Unconstrained build operations Thread 9" [_thread_blocked, id=6916, stack(0x00000071cf400000,0x00000071cf500000)]
  0x0000020355443000 JavaThread "Unconstrained build operations Thread 10" [_thread_blocked, id=9068, stack(0x00000071cf500000,0x00000071cf600000)]
  0x0000020355443800 JavaThread "Unconstrained build operations Thread 11" [_thread_blocked, id=6136, stack(0x00000071cf600000,0x00000071cf700000)]
  0x0000020355448000 JavaThread "Unconstrained build operations Thread 12" [_thread_blocked, id=10456, stack(0x00000071cf700000,0x00000071cf800000)]
  0x0000020355442000 JavaThread "Unconstrained build operations Thread 13" [_thread_blocked, id=6436, stack(0x00000071cf800000,0x00000071cf900000)]
  0x0000020355448800 JavaThread "Unconstrained build operations Thread 14" [_thread_blocked, id=10684, stack(0x00000071cf900000,0x00000071cfa00000)]
  0x0000020355449800 JavaThread "Unconstrained build operations Thread 15" [_thread_blocked, id=8664, stack(0x00000071cfa00000,0x00000071cfb00000)]
  0x000002035544b000 JavaThread "Unconstrained build operations Thread 16" [_thread_blocked, id=2996, stack(0x00000071cfb00000,0x00000071cfc00000)]
  0x0000020355445800 JavaThread "Unconstrained build operations Thread 17" [_thread_blocked, id=2892, stack(0x00000071cfc00000,0x00000071cfd00000)]
  0x0000020355450000 JavaThread "Unconstrained build operations Thread 18" [_thread_blocked, id=6092, stack(0x00000071cfd00000,0x00000071cfe00000)]
  0x000002035544c000 JavaThread "Unconstrained build operations Thread 19" [_thread_blocked, id=8720, stack(0x00000071cfe00000,0x00000071cff00000)]
  0x000002035544c800 JavaThread "Unconstrained build operations Thread 20" [_thread_blocked, id=10868, stack(0x00000071cff00000,0x00000071d0000000)]
  0x000002035544e800 JavaThread "Unconstrained build operations Thread 21" [_thread_blocked, id=11180, stack(0x00000071d0000000,0x00000071d0100000)]
  0x000002035192f800 JavaThread "Unconstrained build operations Thread 22" [_thread_blocked, id=6432, stack(0x00000071d0100000,0x00000071d0200000)]
  0x0000020351930800 JavaThread "Unconstrained build operations Thread 23" [_thread_blocked, id=4252, stack(0x00000071d0200000,0x00000071d0300000)]
  0x000002035192a800 JavaThread "Unconstrained build operations Thread 24" [_thread_blocked, id=7332, stack(0x00000071d0300000,0x00000071d0400000)]
  0x0000020351931000 JavaThread "Unconstrained build operations Thread 25" [_thread_blocked, id=3044, stack(0x00000071d0400000,0x00000071d0500000)]
  0x0000020351935800 JavaThread "Unconstrained build operations Thread 26" [_thread_blocked, id=4112, stack(0x00000071d0500000,0x00000071d0600000)]
  0x0000020351936000 JavaThread "Unconstrained build operations Thread 27" [_thread_blocked, id=6488, stack(0x00000071d0600000,0x00000071d0700000)]
  0x0000020351937000 JavaThread "Unconstrained build operations Thread 28" [_thread_blocked, id=1084, stack(0x00000071d0700000,0x00000071d0800000)]
  0x0000020351932000 JavaThread "Unconstrained build operations Thread 29" [_thread_blocked, id=9556, stack(0x00000071d0800000,0x00000071d0900000)]
  0x0000020351933000 JavaThread "Unconstrained build operations Thread 30" [_thread_blocked, id=9724, stack(0x00000071d0900000,0x00000071d0a00000)]
  0x0000020351933800 JavaThread "Unconstrained build operations Thread 31" [_thread_blocked, id=2856, stack(0x00000071d0a00000,0x00000071d0b00000)]
  0x0000020351934800 JavaThread "Unconstrained build operations Thread 32" [_thread_blocked, id=11072, stack(0x00000071d0b00000,0x00000071d0c00000)]
  0x00000203516f4000 JavaThread "Unconstrained build operations Thread 33" [_thread_blocked, id=10628, stack(0x00000071d0c00000,0x00000071d0d00000)]
  0x00000203516f2800 JavaThread "Unconstrained build operations Thread 34" [_thread_blocked, id=11196, stack(0x00000071d0d00000,0x00000071d0e00000)]
  0x00000203516f2000 JavaThread "Unconstrained build operations Thread 35" [_thread_blocked, id=6068, stack(0x00000071d0e00000,0x00000071d0f00000)]
  0x00000203596b9000 JavaThread "Unconstrained build operations Thread 36" [_thread_blocked, id=272, stack(0x00000071d0f00000,0x00000071d1000000)]
  0x00000203596ba800 JavaThread "Unconstrained build operations Thread 37" [_thread_blocked, id=5136, stack(0x00000071d1000000,0x00000071d1100000)]
  0x00000203596bc800 JavaThread "Unconstrained build operations Thread 38" [_thread_blocked, id=3452, stack(0x00000071d1100000,0x00000071d1200000)]
  0x00000203596b6800 JavaThread "Unconstrained build operations Thread 39" [_thread_blocked, id=10808, stack(0x00000071d1200000,0x00000071d1300000)]
  0x00000203596bd000 JavaThread "Unconstrained build operations Thread 40" [_thread_blocked, id=800, stack(0x00000071d1300000,0x00000071d1400000)]
  0x00000203596bb800 JavaThread "build event listener" [_thread_blocked, id=9908, stack(0x00000071d1500000,0x00000071d1600000)]
  0x00000203596b7800 JavaThread "pool-9-thread-1" [_thread_blocked, id=11032, stack(0x00000071d1800000,0x00000071d1900000)]
  0x00000203596b8000 JavaThread "build event listener" [_thread_blocked, id=1816, stack(0x00000071d1900000,0x00000071d1a00000)]
  0x00000203596ba000 JavaThread "included builds" [_thread_in_vm, id=2788, stack(0x00000071d1a00000,0x00000071d1b00000)]
  0x000002034f713800 JavaThread "Execution worker" [_thread_blocked, id=8184, stack(0x00000071d1b00000,0x00000071d1c00000)]
  0x0000020352011000 JavaThread "Execution worker Thread 2" [_thread_blocked, id=5188, stack(0x00000071d1c00000,0x00000071d1d00000)]
  0x000002035200c800 JavaThread "Execution worker Thread 3" [_thread_blocked, id=1344, stack(0x00000071d1d00000,0x00000071d1e00000)]
  0x000002035200b800 JavaThread "Cache worker for execution history cache (D:\SourceAndroid\KyThuat\.gradle\7.5\executionHistory)" [_thread_blocked, id=6208, stack(0x00000071d1e00000,0x00000071d1f00000)]

Other Threads:
  0x000002034f24e800 VMThread "VM Thread" [stack: 0x00000071cc100000,0x00000071cc200000] [id=11104]
  0x000002034f42c000 WatcherThread [stack: 0x00000071ccb00000,0x00000071ccc00000] [id=8936]
  0x0000020334ddb800 GCTaskThread "GC Thread#0" [stack: 0x00000071cbc00000,0x00000071cbd00000] [id=8140]
  0x000002034ff9f800 GCTaskThread "GC Thread#1" [stack: 0x00000071ccd00000,0x00000071cce00000] [id=2252]
  0x000002034fc9b800 GCTaskThread "GC Thread#2" [stack: 0x00000071cce00000,0x00000071ccf00000] [id=6736]
  0x000002034fff1000 GCTaskThread "GC Thread#3" [stack: 0x00000071ccf00000,0x00000071cd000000] [id=4236]
  0x0000020334e0c000 ConcurrentGCThread "G1 Main Marker" [stack: 0x00000071cbd00000,0x00000071cbe00000] [id=6456]
  0x0000020334e0e800 ConcurrentGCThread "G1 Conc#0" [stack: 0x00000071cbe00000,0x00000071cbf00000] [id=10844]
  0x000002034e88c800 ConcurrentGCThread "G1 Refine#0" [stack: 0x00000071cbf00000,0x00000071cc000000] [id=10928]
  0x000002034e88d800 ConcurrentGCThread "G1 Young RemSet Sampling" [stack: 0x00000071cc000000,0x00000071cc100000] [id=8788]

Threads with active compile tasks:

VM state:not at safepoint (normal execution)

VM Mutex/Monitor currently owned by a thread: None

Heap address: 0x0000000080000000, size: 2048 MB, Compressed Oops mode: 32-bit
Narrow klass base: 0x0000000000000000, Narrow klass shift: 3
Compressed class space size: 1073741824 Address: 0x0000000100000000

Heap:
 garbage-first heap   total 312320K, used 241664K [0x0000000080000000, 0x0000000100000000)
  region size 1024K, 55 young (56320K), 8 survivors (8192K)
 Metaspace       used 112034K, capacity 115138K, committed 115376K, reserved 1148928K
  class space    used 13982K, capacity 15061K, committed 15104K, reserved 1048576K
Heap Regions: E=young(eden), S=young(survivor), O=old, HS=humongous(starts), HC=humongous(continues), CS=collection set, F=free, A=archive, TAMS=top-at-mark-start (previous, next)
|   0|0x0000000080000000, 0x0000000080100000, 0x0000000080100000|100%|HS|  |TAMS 0x0000000080100000, 0x0000000080000000| Complete 
|   1|0x0000000080100000, 0x0000000080200000, 0x0000000080200000|100%|HC|  |TAMS 0x0000000080200000, 0x0000000080100000| Complete 
|   2|0x0000000080200000, 0x0000000080300000, 0x0000000080300000|100%|HC|  |TAMS 0x0000000080300000, 0x0000000080200000| Complete 
|   3|0x0000000080300000, 0x0000000080400000, 0x0000000080400000|100%| O|  |TAMS 0x0000000080400000, 0x0000000080300000| Untracked 
|   4|0x0000000080400000, 0x0000000080500000, 0x0000000080500000|100%| O|  |TAMS 0x0000000080500000, 0x0000000080400000| Untracked 
|   5|0x0000000080500000, 0x0000000080600000, 0x0000000080600000|100%| O|  |TAMS 0x0000000080600000, 0x0000000080500000| Untracked 
|   6|0x0000000080600000, 0x0000000080700000, 0x0000000080700000|100%| O|  |TAMS 0x0000000080700000, 0x0000000080600000| Untracked 
|   7|0x0000000080700000, 0x0000000080800000, 0x0000000080800000|100%| O|  |TAMS 0x0000000080800000, 0x0000000080700000| Untracked 
|   8|0x0000000080800000, 0x0000000080900000, 0x0000000080900000|100%| O|  |TAMS 0x0000000080900000, 0x0000000080800000| Untracked 
|   9|0x0000000080900000, 0x0000000080a00000, 0x0000000080a00000|100%| O|  |TAMS 0x0000000080a00000, 0x0000000080900000| Untracked 
|  10|0x0000000080a00000, 0x0000000080b00000, 0x0000000080b00000|100%| O|  |TAMS 0x0000000080b00000, 0x0000000080a00000| Untracked 
|  11|0x0000000080b00000, 0x0000000080c00000, 0x0000000080c00000|100%| O|  |TAMS 0x0000000080c00000, 0x0000000080b00000| Untracked 
|  12|0x0000000080c00000, 0x0000000080d00000, 0x0000000080d00000|100%| O|  |TAMS 0x0000000080d00000, 0x0000000080c00000| Untracked 
|  13|0x0000000080d00000, 0x0000000080e00000, 0x0000000080e00000|100%| O|  |TAMS 0x0000000080e00000, 0x0000000080d00000| Untracked 
|  14|0x0000000080e00000, 0x0000000080f00000, 0x0000000080f00000|100%|HS|  |TAMS 0x0000000080f00000, 0x0000000080e00000| Complete 
|  15|0x0000000080f00000, 0x0000000081000000, 0x0000000081000000|100%|HS|  |TAMS 0x0000000081000000, 0x0000000080f00000| Complete 
|  16|0x0000000081000000, 0x0000000081100000, 0x0000000081100000|100%| O|  |TAMS 0x0000000081100000, 0x0000000081000000| Untracked 
|  17|0x0000000081100000, 0x0000000081200000, 0x0000000081200000|100%| O|  |TAMS 0x0000000081200000, 0x0000000081100000| Untracked 
|  18|0x0000000081200000, 0x0000000081300000, 0x0000000081300000|100%| O|  |TAMS 0x0000000081300000, 0x0000000081200000| Untracked 
|  19|0x0000000081300000, 0x0000000081400000, 0x0000000081400000|100%| O|  |TAMS 0x0000000081400000, 0x0000000081300000| Untracked 
|  20|0x0000000081400000, 0x0000000081500000, 0x0000000081500000|100%|HS|  |TAMS 0x0000000081500000, 0x0000000081400000| Complete 
|  21|0x0000000081500000, 0x0000000081600000, 0x0000000081600000|100%|HC|  |TAMS 0x0000000081600000, 0x0000000081500000| Complete 
|  22|0x0000000081600000, 0x0000000081700000, 0x0000000081700000|100%| O|  |TAMS 0x0000000081700000, 0x0000000081600000| Untracked 
|  23|0x0000000081700000, 0x0000000081800000, 0x0000000081800000|100%| O|  |TAMS 0x0000000081800000, 0x0000000081700000| Untracked 
|  24|0x0000000081800000, 0x0000000081900000, 0x0000000081900000|100%| O|  |TAMS 0x0000000081900000, 0x0000000081800000| Untracked 
|  25|0x0000000081900000, 0x0000000081a00000, 0x0000000081a00000|100%| O|  |TAMS 0x0000000081a00000, 0x0000000081900000| Untracked 
|  26|0x0000000081a00000, 0x0000000081b00000, 0x0000000081b00000|100%| O|  |TAMS 0x0000000081b00000, 0x0000000081a00000| Untracked 
|  27|0x0000000081b00000, 0x0000000081c00000, 0x0000000081c00000|100%| O|  |TAMS 0x0000000081c00000, 0x0000000081b00000| Untracked 
|  28|0x0000000081c00000, 0x0000000081d00000, 0x0000000081d00000|100%| O|  |TAMS 0x0000000081d00000, 0x0000000081c00000| Untracked 
|  29|0x0000000081d00000, 0x0000000081e00000, 0x0000000081e00000|100%|HS|  |TAMS 0x0000000081e00000, 0x0000000081d00000| Complete 
|  30|0x0000000081e00000, 0x0000000081f00000, 0x0000000081f00000|100%|HC|  |TAMS 0x0000000081f00000, 0x0000000081e00000| Complete 
|  31|0x0000000081f00000, 0x0000000082000000, 0x0000000082000000|100%|HS|  |TAMS 0x0000000082000000, 0x0000000081f00000| Complete 
|  32|0x0000000082000000, 0x0000000082100000, 0x0000000082100000|100%|HC|  |TAMS 0x0000000082100000, 0x0000000082000000| Complete 
|  33|0x0000000082100000, 0x0000000082200000, 0x0000000082200000|100%|HC|  |TAMS 0x0000000082200000, 0x0000000082100000| Complete 
|  34|0x0000000082200000, 0x0000000082300000, 0x0000000082300000|100%| O|  |TAMS 0x0000000082300000, 0x0000000082200000| Untracked 
|  35|0x0000000082300000, 0x0000000082400000, 0x0000000082400000|100%| O|  |TAMS 0x0000000082400000, 0x0000000082300000| Untracked 
|  36|0x0000000082400000, 0x0000000082500000, 0x0000000082500000|100%| O|  |TAMS 0x0000000082500000, 0x0000000082400000| Untracked 
|  37|0x0000000082500000, 0x0000000082600000, 0x0000000082600000|100%| O|  |TAMS 0x0000000082600000, 0x0000000082500000| Untracked 
|  38|0x0000000082600000, 0x0000000082700000, 0x0000000082700000|100%| O|  |TAMS 0x0000000082700000, 0x0000000082600000| Untracked 
|  39|0x0000000082700000, 0x0000000082800000, 0x0000000082800000|100%| O|  |TAMS 0x0000000082800000, 0x0000000082700000| Untracked 
|  40|0x0000000082800000, 0x0000000082900000, 0x0000000082900000|100%| O|  |TAMS 0x0000000082900000, 0x0000000082800000| Untracked 
|  41|0x0000000082900000, 0x0000000082a00000, 0x0000000082a00000|100%| O|  |TAMS 0x0000000082a00000, 0x0000000082900000| Untracked 
|  42|0x0000000082a00000, 0x0000000082b00000, 0x0000000082b00000|100%| O|  |TAMS 0x0000000082b00000, 0x0000000082a00000| Untracked 
|  43|0x0000000082b00000, 0x0000000082c00000, 0x0000000082c00000|100%| O|  |TAMS 0x0000000082c00000, 0x0000000082b00000| Untracked 
|  44|0x0000000082c00000, 0x0000000082d00000, 0x0000000082d00000|100%| O|  |TAMS 0x0000000082d00000, 0x0000000082c00000| Untracked 
|  45|0x0000000082d00000, 0x0000000082e00000, 0x0000000082e00000|100%| O|  |TAMS 0x0000000082e00000, 0x0000000082d00000| Untracked 
|  46|0x0000000082e00000, 0x0000000082f00000, 0x0000000082f00000|100%| O|  |TAMS 0x0000000082f00000, 0x0000000082e00000| Untracked 
|  47|0x0000000082f00000, 0x0000000083000000, 0x0000000083000000|100%| O|  |TAMS 0x0000000083000000, 0x0000000082f00000| Untracked 
|  48|0x0000000083000000, 0x0000000083100000, 0x0000000083100000|100%| O|  |TAMS 0x0000000083100000, 0x0000000083000000| Untracked 
|  49|0x0000000083100000, 0x0000000083200000, 0x0000000083200000|100%| O|  |TAMS 0x0000000083200000, 0x0000000083100000| Untracked 
|  50|0x0000000083200000, 0x0000000083300000, 0x0000000083300000|100%| O|  |TAMS 0x0000000083300000, 0x0000000083200000| Untracked 
|  51|0x0000000083300000, 0x0000000083400000, 0x0000000083400000|100%| O|  |TAMS 0x0000000083400000, 0x0000000083300000| Untracked 
|  52|0x0000000083400000, 0x0000000083500000, 0x0000000083500000|100%| O|  |TAMS 0x0000000083500000, 0x0000000083400000| Untracked 
|  53|0x0000000083500000, 0x0000000083600000, 0x0000000083600000|100%| O|  |TAMS 0x0000000083600000, 0x0000000083500000| Untracked 
|  54|0x0000000083600000, 0x0000000083700000, 0x0000000083700000|100%|HS|  |TAMS 0x0000000083700000, 0x0000000083600000| Complete 
|  55|0x0000000083700000, 0x0000000083800000, 0x0000000083800000|100%|HC|  |TAMS 0x0000000083800000, 0x0000000083700000| Complete 
|  56|0x0000000083800000, 0x0000000083900000, 0x0000000083900000|100%|HC|  |TAMS 0x0000000083900000, 0x0000000083800000| Complete 
|  57|0x0000000083900000, 0x0000000083a00000, 0x0000000083a00000|100%|HS|  |TAMS 0x0000000083a00000, 0x0000000083900000| Complete 
|  58|0x0000000083a00000, 0x0000000083b00000, 0x0000000083b00000|100%|HC|  |TAMS 0x0000000083b00000, 0x0000000083a00000| Complete 
|  59|0x0000000083b00000, 0x0000000083c00000, 0x0000000083c00000|100%|HS|  |TAMS 0x0000000083c00000, 0x0000000083b00000| Complete 
|  60|0x0000000083c00000, 0x0000000083d00000, 0x0000000083d00000|100%|HC|  |TAMS 0x0000000083d00000, 0x0000000083c00000| Complete 
|  61|0x0000000083d00000, 0x0000000083e00000, 0x0000000083e00000|100%|HC|  |TAMS 0x0000000083e00000, 0x0000000083d00000| Complete 
|  62|0x0000000083e00000, 0x0000000083f00000, 0x0000000083f00000|100%|HC|  |TAMS 0x0000000083f00000, 0x0000000083e00000| Complete 
|  63|0x0000000083f00000, 0x0000000084000000, 0x0000000084000000|100%|HC|  |TAMS 0x0000000084000000, 0x0000000083f00000| Complete 
|  64|0x0000000084000000, 0x0000000084100000, 0x0000000084100000|100%|HS|  |TAMS 0x0000000084100000, 0x0000000084000000| Complete 
|  65|0x0000000084100000, 0x0000000084200000, 0x0000000084200000|100%|HC|  |TAMS 0x0000000084200000, 0x0000000084100000| Complete 
|  66|0x0000000084200000, 0x0000000084300000, 0x0000000084300000|100%|HC|  |TAMS 0x0000000084300000, 0x0000000084200000| Complete 
|  67|0x0000000084300000, 0x0000000084400000, 0x0000000084400000|100%|HC|  |TAMS 0x0000000084400000, 0x0000000084300000| Complete 
|  68|0x0000000084400000, 0x0000000084500000, 0x0000000084500000|100%|HC|  |TAMS 0x0000000084500000, 0x0000000084400000| Complete 
|  69|0x0000000084500000, 0x0000000084600000, 0x0000000084600000|100%|HC|  |TAMS 0x0000000084600000, 0x0000000084500000| Complete 
|  70|0x0000000084600000, 0x0000000084700000, 0x0000000084700000|100%|HC|  |TAMS 0x0000000084700000, 0x0000000084600000| Complete 
|  71|0x0000000084700000, 0x0000000084800000, 0x0000000084800000|100%|HC|  |TAMS 0x0000000084800000, 0x0000000084700000| Complete 
|  72|0x0000000084800000, 0x0000000084900000, 0x0000000084900000|100%|HC|  |TAMS 0x0000000084900000, 0x0000000084800000| Complete 
|  73|0x0000000084900000, 0x0000000084a00000, 0x0000000084a00000|100%|HC|  |TAMS 0x0000000084a00000, 0x0000000084900000| Complete 
|  74|0x0000000084a00000, 0x0000000084b00000, 0x0000000084b00000|100%|HS|  |TAMS 0x0000000084b00000, 0x0000000084a00000| Complete 
|  75|0x0000000084b00000, 0x0000000084c00000, 0x0000000084c00000|100%|HC|  |TAMS 0x0000000084c00000, 0x0000000084b00000| Complete 
|  76|0x0000000084c00000, 0x0000000084d00000, 0x0000000084d00000|100%|HS|  |TAMS 0x0000000084d00000, 0x0000000084c00000| Complete 
|  77|0x0000000084d00000, 0x0000000084e00000, 0x0000000084e00000|100%|HC|  |TAMS 0x0000000084e00000, 0x0000000084d00000| Complete 
|  78|0x0000000084e00000, 0x0000000084f00000, 0x0000000084f00000|100%|HC|  |TAMS 0x0000000084f00000, 0x0000000084e00000| Complete 
|  79|0x0000000084f00000, 0x0000000085000000, 0x0000000085000000|100%|HS|  |TAMS 0x0000000085000000, 0x0000000084f00000| Complete 
|  80|0x0000000085000000, 0x0000000085100000, 0x0000000085100000|100%|HC|  |TAMS 0x0000000085100000, 0x0000000085000000| Complete 
|  81|0x0000000085100000, 0x0000000085200000, 0x0000000085200000|100%|HS|  |TAMS 0x0000000085200000, 0x0000000085100000| Complete 
|  82|0x0000000085200000, 0x0000000085300000, 0x0000000085300000|100%|HC|  |TAMS 0x0000000085300000, 0x0000000085200000| Complete 
|  83|0x0000000085300000, 0x0000000085400000, 0x0000000085400000|100%|HC|  |TAMS 0x0000000085400000, 0x0000000085300000| Complete 
|  84|0x0000000085400000, 0x0000000085500000, 0x0000000085500000|100%| O|  |TAMS 0x0000000085500000, 0x0000000085400000| Untracked 
|  85|0x0000000085500000, 0x0000000085600000, 0x0000000085600000|100%| O|  |TAMS 0x0000000085600000, 0x0000000085500000| Untracked 
|  86|0x0000000085600000, 0x0000000085700000, 0x0000000085700000|100%| O|  |TAMS 0x0000000085700000, 0x0000000085600000| Untracked 
|  87|0x0000000085700000, 0x0000000085800000, 0x0000000085800000|100%| O|  |TAMS 0x0000000085800000, 0x0000000085700000| Untracked 
|  88|0x0000000085800000, 0x0000000085900000, 0x0000000085900000|100%| O|  |TAMS 0x0000000085900000, 0x0000000085800000| Untracked 
|  89|0x0000000085900000, 0x0000000085a00000, 0x0000000085a00000|100%| O|  |TAMS 0x0000000085a00000, 0x0000000085900000| Untracked 
|  90|0x0000000085a00000, 0x0000000085b00000, 0x0000000085b00000|100%| O|  |TAMS 0x0000000085b00000, 0x0000000085a00000| Untracked 
|  91|0x0000000085b00000, 0x0000000085c00000, 0x0000000085c00000|100%|HS|  |TAMS 0x0000000085c00000, 0x0000000085b00000| Complete 
|  92|0x0000000085c00000, 0x0000000085d00000, 0x0000000085d00000|100%|HC|  |TAMS 0x0000000085d00000, 0x0000000085c00000| Complete 
|  93|0x0000000085d00000, 0x0000000085e00000, 0x0000000085e00000|100%|HC|  |TAMS 0x0000000085e00000, 0x0000000085d00000| Complete 
|  94|0x0000000085e00000, 0x0000000085f00000, 0x0000000085f00000|100%|HC|  |TAMS 0x0000000085f00000, 0x0000000085e00000| Complete 
|  95|0x0000000085f00000, 0x0000000086000000, 0x0000000086000000|100%|HC|  |TAMS 0x0000000086000000, 0x0000000085f00000| Complete 
|  96|0x0000000086000000, 0x0000000086100000, 0x0000000086100000|100%|HS|  |TAMS 0x0000000086100000, 0x0000000086000000| Complete 
|  97|0x0000000086100000, 0x0000000086200000, 0x0000000086200000|100%|HC|  |TAMS 0x0000000086200000, 0x0000000086100000| Complete 
|  98|0x0000000086200000, 0x0000000086300000, 0x0000000086300000|100%|HC|  |TAMS 0x0000000086300000, 0x0000000086200000| Complete 
|  99|0x0000000086300000, 0x0000000086400000, 0x0000000086400000|100%|HC|  |TAMS 0x0000000086400000, 0x0000000086300000| Complete 
| 100|0x0000000086400000, 0x0000000086500000, 0x0000000086500000|100%|HC|  |TAMS 0x0000000086500000, 0x0000000086400000| Complete 
| 101|0x0000000086500000, 0x0000000086600000, 0x0000000086600000|100%|HC|  |TAMS 0x0000000086600000, 0x0000000086500000| Complete 
| 102|0x0000000086600000, 0x0000000086700000, 0x0000000086700000|100%|HC|  |TAMS 0x0000000086700000, 0x0000000086600000| Complete 
| 103|0x0000000086700000, 0x0000000086800000, 0x0000000086800000|100%|HC|  |TAMS 0x0000000086800000, 0x0000000086700000| Complete 
| 104|0x0000000086800000, 0x0000000086900000, 0x0000000086900000|100%|HC|  |TAMS 0x0000000086900000, 0x0000000086800000| Complete 
| 105|0x0000000086900000, 0x0000000086a00000, 0x0000000086a00000|100%|HC|  |TAMS 0x0000000086a00000, 0x0000000086900000| Complete 
| 106|0x0000000086a00000, 0x0000000086b00000, 0x0000000086b00000|100%|HS|  |TAMS 0x0000000086b00000, 0x0000000086a00000| Complete 
| 107|0x0000000086b00000, 0x0000000086c00000, 0x0000000086c00000|100%|HC|  |TAMS 0x0000000086c00000, 0x0000000086b00000| Complete 
| 108|0x0000000086c00000, 0x0000000086d00000, 0x0000000086d00000|100%|HS|  |TAMS 0x0000000086d00000, 0x0000000086c00000| Complete 
| 109|0x0000000086d00000, 0x0000000086e00000, 0x0000000086e00000|100%|HC|  |TAMS 0x0000000086e00000, 0x0000000086d00000| Complete 
| 110|0x0000000086e00000, 0x0000000086f00000, 0x0000000086f00000|100%|HS|  |TAMS 0x0000000086f00000, 0x0000000086e00000| Complete 
| 111|0x0000000086f00000, 0x0000000087000000, 0x0000000087000000|100%|HC|  |TAMS 0x0000000087000000, 0x0000000086f00000| Complete 
| 112|0x0000000087000000, 0x0000000087100000, 0x0000000087100000|100%|HC|  |TAMS 0x0000000087100000, 0x0000000087000000| Complete 
| 113|0x0000000087100000, 0x0000000087200000, 0x0000000087200000|100%|HS|  |TAMS 0x0000000087200000, 0x0000000087100000| Complete 
| 114|0x0000000087200000, 0x0000000087300000, 0x0000000087300000|100%|HC|  |TAMS 0x0000000087300000, 0x0000000087200000| Complete 
| 115|0x0000000087300000, 0x0000000087400000, 0x0000000087400000|100%|HC|  |TAMS 0x0000000087400000, 0x0000000087300000| Complete 
| 116|0x0000000087400000, 0x0000000087500000, 0x0000000087500000|100%|HS|  |TAMS 0x0000000087500000, 0x0000000087400000| Complete 
| 117|0x0000000087500000, 0x0000000087600000, 0x0000000087600000|100%|HC|  |TAMS 0x0000000087600000, 0x0000000087500000| Complete 
| 118|0x0000000087600000, 0x0000000087700000, 0x0000000087700000|100%|HS|  |TAMS 0x0000000087700000, 0x0000000087600000| Complete 
| 119|0x0000000087700000, 0x0000000087800000, 0x0000000087800000|100%|HC|  |TAMS 0x0000000087800000, 0x0000000087700000| Complete 
| 120|0x0000000087800000, 0x0000000087900000, 0x0000000087900000|100%|HC|  |TAMS 0x0000000087900000, 0x0000000087800000| Complete 
| 121|0x0000000087900000, 0x0000000087a00000, 0x0000000087a00000|100%|HC|  |TAMS 0x0000000087a00000, 0x0000000087900000| Complete 
| 122|0x0000000087a00000, 0x0000000087b00000, 0x0000000087b00000|100%|HC|  |TAMS 0x0000000087b00000, 0x0000000087a00000| Complete 
| 123|0x0000000087b00000, 0x0000000087c00000, 0x0000000087c00000|100%|HS|  |TAMS 0x0000000087c00000, 0x0000000087b00000| Complete 
| 124|0x0000000087c00000, 0x0000000087d00000, 0x0000000087d00000|100%|HC|  |TAMS 0x0000000087d00000, 0x0000000087c00000| Complete 
| 125|0x0000000087d00000, 0x0000000087e00000, 0x0000000087e00000|100%|HC|  |TAMS 0x0000000087e00000, 0x0000000087d00000| Complete 
| 126|0x0000000087e00000, 0x0000000087f00000, 0x0000000087f00000|100%|HC|  |TAMS 0x0000000087f00000, 0x0000000087e00000| Complete 
| 127|0x0000000087f00000, 0x0000000088000000, 0x0000000088000000|100%|HC|  |TAMS 0x0000000088000000, 0x0000000087f00000| Complete 
| 128|0x0000000088000000, 0x0000000088100000, 0x0000000088100000|100%|HC|  |TAMS 0x0000000088100000, 0x0000000088000000| Complete 
| 129|0x0000000088100000, 0x0000000088200000, 0x0000000088200000|100%|HC|  |TAMS 0x0000000088200000, 0x0000000088100000| Complete 
| 130|0x0000000088200000, 0x0000000088300000, 0x0000000088300000|100%|HC|  |TAMS 0x0000000088300000, 0x0000000088200000| Complete 
| 131|0x0000000088300000, 0x0000000088400000, 0x0000000088400000|100%|HC|  |TAMS 0x0000000088400000, 0x0000000088300000| Complete 
| 132|0x0000000088400000, 0x0000000088500000, 0x0000000088500000|100%|HC|  |TAMS 0x0000000088500000, 0x0000000088400000| Complete 
| 133|0x0000000088500000, 0x0000000088600000, 0x0000000088600000|100%|HS|  |TAMS 0x0000000088600000, 0x0000000088500000| Complete 
| 134|0x0000000088600000, 0x0000000088700000, 0x0000000088700000|100%|HC|  |TAMS 0x0000000088700000, 0x0000000088600000| Complete 
| 135|0x0000000088700000, 0x0000000088800000, 0x0000000088800000|100%| O|  |TAMS 0x0000000088800000, 0x0000000088700000| Untracked 
| 136|0x0000000088800000, 0x0000000088900000, 0x0000000088900000|100%| O|  |TAMS 0x0000000088900000, 0x0000000088800000| Untracked 
| 137|0x0000000088900000, 0x0000000088a00000, 0x0000000088a00000|100%| O|  |TAMS 0x0000000088a00000, 0x0000000088900000| Untracked 
| 138|0x0000000088a00000, 0x0000000088b00000, 0x0000000088b00000|100%| O|  |TAMS 0x0000000088b00000, 0x0000000088a00000| Untracked 
| 139|0x0000000088b00000, 0x0000000088c00000, 0x0000000088c00000|100%| O|  |TAMS 0x0000000088c00000, 0x0000000088b00000| Untracked 
| 140|0x0000000088c00000, 0x0000000088d00000, 0x0000000088d00000|100%| O|  |TAMS 0x0000000088d00000, 0x0000000088c00000| Untracked 
| 141|0x0000000088d00000, 0x0000000088e00000, 0x0000000088e00000|100%| O|  |TAMS 0x0000000088e00000, 0x0000000088d00000| Untracked 
| 142|0x0000000088e00000, 0x0000000088f00000, 0x0000000088f00000|100%| O|  |TAMS 0x0000000088f00000, 0x0000000088e00000| Untracked 
| 143|0x0000000088f00000, 0x0000000089000000, 0x0000000089000000|100%| O|  |TAMS 0x0000000089000000, 0x0000000088f00000| Untracked 
| 144|0x0000000089000000, 0x0000000089100000, 0x0000000089100000|100%| O|  |TAMS 0x0000000089100000, 0x0000000089000000| Untracked 
| 145|0x0000000089100000, 0x0000000089200000, 0x0000000089200000|100%| O|  |TAMS 0x0000000089200000, 0x0000000089100000| Untracked 
| 146|0x0000000089200000, 0x0000000089300000, 0x0000000089300000|100%| O|  |TAMS 0x0000000089300000, 0x0000000089200000| Untracked 
| 147|0x0000000089300000, 0x0000000089400000, 0x0000000089400000|100%| O|  |TAMS 0x0000000089400000, 0x0000000089300000| Untracked 
| 148|0x0000000089400000, 0x0000000089500000, 0x0000000089500000|100%| O|  |TAMS 0x0000000089500000, 0x0000000089400000| Untracked 
| 149|0x0000000089500000, 0x0000000089600000, 0x0000000089600000|100%| O|  |TAMS 0x0000000089600000, 0x0000000089500000| Untracked 
| 150|0x0000000089600000, 0x0000000089700000, 0x0000000089700000|100%| O|  |TAMS 0x0000000089700000, 0x0000000089600000| Untracked 
| 151|0x0000000089700000, 0x0000000089800000, 0x0000000089800000|100%| O|  |TAMS 0x0000000089800000, 0x0000000089700000| Untracked 
| 152|0x0000000089800000, 0x0000000089900000, 0x0000000089900000|100%| O|  |TAMS 0x0000000089900000, 0x0000000089800000| Untracked 
| 153|0x0000000089900000, 0x0000000089a00000, 0x0000000089a00000|100%| O|  |TAMS 0x0000000089a00000, 0x0000000089900000| Untracked 
| 154|0x0000000089a00000, 0x0000000089b00000, 0x0000000089b00000|100%| O|  |TAMS 0x0000000089b00000, 0x0000000089a00000| Untracked 
| 155|0x0000000089b00000, 0x0000000089c00000, 0x0000000089c00000|100%| O|  |TAMS 0x0000000089c00000, 0x0000000089b00000| Untracked 
| 156|0x0000000089c00000, 0x0000000089d00000, 0x0000000089d00000|100%| O|  |TAMS 0x0000000089d00000, 0x0000000089c00000| Untracked 
| 157|0x0000000089d00000, 0x0000000089e00000, 0x0000000089e00000|100%| O|  |TAMS 0x0000000089e00000, 0x0000000089d00000| Untracked 
| 158|0x0000000089e00000, 0x0000000089f00000, 0x0000000089f00000|100%| O|  |TAMS 0x0000000089f00000, 0x0000000089e00000| Untracked 
| 159|0x0000000089f00000, 0x000000008a000000, 0x000000008a000000|100%| O|  |TAMS 0x000000008a000000, 0x0000000089f00000| Untracked 
| 160|0x000000008a000000, 0x000000008a100000, 0x000000008a100000|100%| O|  |TAMS 0x000000008a100000, 0x000000008a000000| Untracked 
| 161|0x000000008a100000, 0x000000008a200000, 0x000000008a200000|100%| O|  |TAMS 0x000000008a200000, 0x000000008a100000| Untracked 
| 162|0x000000008a200000, 0x000000008a300000, 0x000000008a300000|100%| O|  |TAMS 0x000000008a300000, 0x000000008a200000| Untracked 
| 163|0x000000008a300000, 0x000000008a400000, 0x000000008a400000|100%| O|  |TAMS 0x000000008a400000, 0x000000008a300000| Untracked 
| 164|0x000000008a400000, 0x000000008a500000, 0x000000008a500000|100%| O|  |TAMS 0x000000008a500000, 0x000000008a400000| Untracked 
| 165|0x000000008a500000, 0x000000008a600000, 0x000000008a600000|100%| O|  |TAMS 0x000000008a600000, 0x000000008a500000| Untracked 
| 166|0x000000008a600000, 0x000000008a700000, 0x000000008a700000|100%| O|  |TAMS 0x000000008a700000, 0x000000008a600000| Untracked 
| 167|0x000000008a700000, 0x000000008a800000, 0x000000008a800000|100%| O|  |TAMS 0x000000008a800000, 0x000000008a700000| Untracked 
| 168|0x000000008a800000, 0x000000008a900000, 0x000000008a900000|100%| O|  |TAMS 0x000000008a900000, 0x000000008a800000| Untracked 
| 169|0x000000008a900000, 0x000000008aa00000, 0x000000008aa00000|100%| O|  |TAMS 0x000000008aa00000, 0x000000008a900000| Untracked 
| 170|0x000000008aa00000, 0x000000008ab00000, 0x000000008ab00000|100%| O|  |TAMS 0x000000008ab00000, 0x000000008aa00000| Untracked 
| 171|0x000000008ab00000, 0x000000008ac00000, 0x000000008ac00000|100%| O|  |TAMS 0x000000008ac00000, 0x000000008ab00000| Untracked 
| 172|0x000000008ac00000, 0x000000008ad00000, 0x000000008ad00000|100%| O|  |TAMS 0x000000008ad00000, 0x000000008ac00000| Untracked 
| 173|0x000000008ad00000, 0x000000008ae00000, 0x000000008ae00000|100%| O|  |TAMS 0x000000008ae00000, 0x000000008ad00000| Untracked 
| 174|0x000000008ae00000, 0x000000008af00000, 0x000000008af00000|100%| O|  |TAMS 0x000000008af00000, 0x000000008ae00000| Untracked 
| 175|0x000000008af00000, 0x000000008b000000, 0x000000008b000000|100%| O|  |TAMS 0x000000008b000000, 0x000000008af00000| Untracked 
| 176|0x000000008b000000, 0x000000008b100000, 0x000000008b100000|100%| O|  |TAMS 0x000000008b100000, 0x000000008b000000| Untracked 
| 177|0x000000008b100000, 0x000000008b200000, 0x000000008b200000|100%| O|  |TAMS 0x000000008b200000, 0x000000008b100000| Untracked 
| 178|0x000000008b200000, 0x000000008b300000, 0x000000008b300000|100%| O|  |TAMS 0x000000008b300000, 0x000000008b200000| Untracked 
| 179|0x000000008b300000, 0x000000008b400000, 0x000000008b400000|100%| O|  |TAMS 0x000000008b400000, 0x000000008b300000| Untracked 
| 180|0x000000008b400000, 0x000000008b500000, 0x000000008b500000|100%| O|  |TAMS 0x000000008b500000, 0x000000008b400000| Untracked 
| 181|0x000000008b500000, 0x000000008b600000, 0x000000008b600000|100%| O|  |TAMS 0x000000008b600000, 0x000000008b500000| Untracked 
| 182|0x000000008b600000, 0x000000008b600000, 0x000000008b700000|  0%| F|  |TAMS 0x000000008b600000, 0x000000008b600000| Untracked 
| 183|0x000000008b700000, 0x000000008b700000, 0x000000008b800000|  0%| F|  |TAMS 0x000000008b700000, 0x000000008b700000| Untracked 
| 184|0x000000008b800000, 0x000000008b800000, 0x000000008b900000|  0%| F|  |TAMS 0x000000008b800000, 0x000000008b800000| Untracked 
| 185|0x000000008b900000, 0x000000008b900000, 0x000000008ba00000|  0%| F|  |TAMS 0x000000008b900000, 0x000000008b900000| Untracked 
| 186|0x000000008ba00000, 0x000000008ba00000, 0x000000008bb00000|  0%| F|  |TAMS 0x000000008ba00000, 0x000000008ba00000| Untracked 
| 187|0x000000008bb00000, 0x000000008bb00000, 0x000000008bc00000|  0%| F|  |TAMS 0x000000008bb00000, 0x000000008bb00000| Untracked 
| 188|0x000000008bc00000, 0x000000008bc00000, 0x000000008bd00000|  0%| F|  |TAMS 0x000000008bc00000, 0x000000008bc00000| Untracked 
| 189|0x000000008bd00000, 0x000000008bd00000, 0x000000008be00000|  0%| F|  |TAMS 0x000000008bd00000, 0x000000008bd00000| Untracked 
| 190|0x000000008be00000, 0x000000008be00000, 0x000000008bf00000|  0%| F|  |TAMS 0x000000008be00000, 0x000000008be00000| Untracked 
| 191|0x000000008bf00000, 0x000000008bf00000, 0x000000008c000000|  0%| F|  |TAMS 0x000000008bf00000, 0x000000008bf00000| Untracked 
| 192|0x000000008c000000, 0x000000008c000000, 0x000000008c100000|  0%| F|  |TAMS 0x000000008c000000, 0x000000008c000000| Untracked 
| 193|0x000000008c100000, 0x000000008c100000, 0x000000008c200000|  0%| F|  |TAMS 0x000000008c100000, 0x000000008c100000| Untracked 
| 194|0x000000008c200000, 0x000000008c200000, 0x000000008c300000|  0%| F|  |TAMS 0x000000008c200000, 0x000000008c200000| Untracked 
| 195|0x000000008c300000, 0x000000008c300000, 0x000000008c400000|  0%| F|  |TAMS 0x000000008c300000, 0x000000008c300000| Untracked 
| 196|0x000000008c400000, 0x000000008c400000, 0x000000008c500000|  0%| F|  |TAMS 0x000000008c400000, 0x000000008c400000| Untracked 
| 197|0x000000008c500000, 0x000000008c500000, 0x000000008c600000|  0%| F|  |TAMS 0x000000008c500000, 0x000000008c500000| Untracked 
| 198|0x000000008c600000, 0x000000008c600000, 0x000000008c700000|  0%| F|  |TAMS 0x000000008c600000, 0x000000008c600000| Untracked 
| 199|0x000000008c700000, 0x000000008c700000, 0x000000008c800000|  0%| F|  |TAMS 0x000000008c700000, 0x000000008c700000| Untracked 
| 200|0x000000008c800000, 0x000000008c800000, 0x000000008c900000|  0%| F|  |TAMS 0x000000008c800000, 0x000000008c800000| Untracked 
| 201|0x000000008c900000, 0x000000008c900000, 0x000000008ca00000|  0%| F|  |TAMS 0x000000008c900000, 0x000000008c900000| Untracked 
| 202|0x000000008ca00000, 0x000000008ca00000, 0x000000008cb00000|  0%| F|  |TAMS 0x000000008ca00000, 0x000000008ca00000| Untracked 
| 203|0x000000008cb00000, 0x000000008cb00000, 0x000000008cc00000|  0%| F|  |TAMS 0x000000008cb00000, 0x000000008cb00000| Untracked 
| 204|0x000000008cc00000, 0x000000008cc00000, 0x000000008cd00000|  0%| F|  |TAMS 0x000000008cc00000, 0x000000008cc00000| Untracked 
| 205|0x000000008cd00000, 0x000000008cd00000, 0x000000008ce00000|  0%| F|  |TAMS 0x000000008cd00000, 0x000000008cd00000| Untracked 
| 206|0x000000008ce00000, 0x000000008ce00000, 0x000000008cf00000|  0%| F|  |TAMS 0x000000008ce00000, 0x000000008ce00000| Untracked 
| 207|0x000000008cf00000, 0x000000008cf00000, 0x000000008d000000|  0%| F|  |TAMS 0x000000008cf00000, 0x000000008cf00000| Untracked 
| 208|0x000000008d000000, 0x000000008d000000, 0x000000008d100000|  0%| F|  |TAMS 0x000000008d000000, 0x000000008d000000| Untracked 
| 209|0x000000008d100000, 0x000000008d100000, 0x000000008d200000|  0%| F|  |TAMS 0x000000008d100000, 0x000000008d100000| Untracked 
| 210|0x000000008d200000, 0x000000008d200000, 0x000000008d300000|  0%| F|  |TAMS 0x000000008d200000, 0x000000008d200000| Untracked 
| 211|0x000000008d300000, 0x000000008d300000, 0x000000008d400000|  0%| F|  |TAMS 0x000000008d300000, 0x000000008d300000| Untracked 
| 212|0x000000008d400000, 0x000000008d400000, 0x000000008d500000|  0%| F|  |TAMS 0x000000008d400000, 0x000000008d400000| Untracked 
| 213|0x000000008d500000, 0x000000008d500000, 0x000000008d600000|  0%| F|  |TAMS 0x000000008d500000, 0x000000008d500000| Untracked 
| 214|0x000000008d600000, 0x000000008d600000, 0x000000008d700000|  0%| F|  |TAMS 0x000000008d600000, 0x000000008d600000| Untracked 
| 215|0x000000008d700000, 0x000000008d700000, 0x000000008d800000|  0%| F|  |TAMS 0x000000008d700000, 0x000000008d700000| Untracked 
| 216|0x000000008d800000, 0x000000008d800000, 0x000000008d900000|  0%| F|  |TAMS 0x000000008d800000, 0x000000008d800000| Untracked 
| 217|0x000000008d900000, 0x000000008d900000, 0x000000008da00000|  0%| F|  |TAMS 0x000000008d900000, 0x000000008d900000| Untracked 
| 218|0x000000008da00000, 0x000000008da00000, 0x000000008db00000|  0%| F|  |TAMS 0x000000008da00000, 0x000000008da00000| Untracked 
| 219|0x000000008db00000, 0x000000008dc00000, 0x000000008dc00000|100%| S|CS|TAMS 0x000000008db00000, 0x000000008db00000| Complete 
| 220|0x000000008dc00000, 0x000000008dd00000, 0x000000008dd00000|100%| S|CS|TAMS 0x000000008dc00000, 0x000000008dc00000| Complete 
| 221|0x000000008dd00000, 0x000000008de00000, 0x000000008de00000|100%| S|CS|TAMS 0x000000008dd00000, 0x000000008dd00000| Complete 
| 222|0x000000008de00000, 0x000000008de00000, 0x000000008df00000|  0%| F|  |TAMS 0x000000008de00000, 0x000000008de00000| Untracked 
| 223|0x000000008df00000, 0x000000008df00000, 0x000000008e000000|  0%| F|  |TAMS 0x000000008df00000, 0x000000008df00000| Untracked 
| 224|0x000000008e000000, 0x000000008e100000, 0x000000008e100000|100%| S|CS|TAMS 0x000000008e000000, 0x000000008e000000| Complete 
| 225|0x000000008e100000, 0x000000008e200000, 0x000000008e200000|100%| S|CS|TAMS 0x000000008e100000, 0x000000008e100000| Complete 
| 226|0x000000008e200000, 0x000000008e200000, 0x000000008e300000|  0%| F|  |TAMS 0x000000008e200000, 0x000000008e200000| Untracked 
| 227|0x000000008e300000, 0x000000008e300000, 0x000000008e400000|  0%| F|  |TAMS 0x000000008e300000, 0x000000008e300000| Untracked 
| 228|0x000000008e400000, 0x000000008e400000, 0x000000008e500000|  0%| F|  |TAMS 0x000000008e400000, 0x000000008e400000| Untracked 
| 229|0x000000008e500000, 0x000000008e500000, 0x000000008e600000|  0%| F|  |TAMS 0x000000008e500000, 0x000000008e500000| Untracked 
| 230|0x000000008e600000, 0x000000008e600000, 0x000000008e700000|  0%| F|  |TAMS 0x000000008e600000, 0x000000008e600000| Untracked 
| 231|0x000000008e700000, 0x000000008e800000, 0x000000008e800000|100%| S|CS|TAMS 0x000000008e700000, 0x000000008e700000| Complete 
| 232|0x000000008e800000, 0x000000008e900000, 0x000000008e900000|100%| S|CS|TAMS 0x000000008e800000, 0x000000008e800000| Complete 
| 233|0x000000008e900000, 0x000000008ea00000, 0x000000008ea00000|100%| S|CS|TAMS 0x000000008e900000, 0x000000008e900000| Complete 
| 234|0x000000008ea00000, 0x000000008ea00000, 0x000000008eb00000|  0%| F|  |TAMS 0x000000008ea00000, 0x000000008ea00000| Untracked 
| 235|0x000000008eb00000, 0x000000008eb00000, 0x000000008ec00000|  0%| F|  |TAMS 0x000000008eb00000, 0x000000008eb00000| Untracked 
| 236|0x000000008ec00000, 0x000000008ec00000, 0x000000008ed00000|  0%| F|  |TAMS 0x000000008ec00000, 0x000000008ec00000| Untracked 
| 237|0x000000008ed00000, 0x000000008ed00000, 0x000000008ee00000|  0%| F|  |TAMS 0x000000008ed00000, 0x000000008ed00000| Untracked 
| 238|0x000000008ee00000, 0x000000008ee00000, 0x000000008ef00000|  0%| F|  |TAMS 0x000000008ee00000, 0x000000008ee00000| Untracked 
| 239|0x000000008ef00000, 0x000000008ef00000, 0x000000008f000000|  0%| F|  |TAMS 0x000000008ef00000, 0x000000008ef00000| Untracked 
| 240|0x000000008f000000, 0x000000008f000000, 0x000000008f100000|  0%| F|  |TAMS 0x000000008f000000, 0x000000008f000000| Untracked 
| 241|0x000000008f100000, 0x000000008f100000, 0x000000008f200000|  0%| F|  |TAMS 0x000000008f100000, 0x000000008f100000| Untracked 
| 242|0x000000008f200000, 0x000000008f200000, 0x000000008f300000|  0%| F|  |TAMS 0x000000008f200000, 0x000000008f200000| Untracked 
| 243|0x000000008f300000, 0x000000008f300000, 0x000000008f400000|  0%| F|  |TAMS 0x000000008f300000, 0x000000008f300000| Untracked 
| 244|0x000000008f400000, 0x000000008f400000, 0x000000008f500000|  0%| F|  |TAMS 0x000000008f400000, 0x000000008f400000| Untracked 
| 245|0x000000008f500000, 0x000000008f500000, 0x000000008f600000|  0%| F|  |TAMS 0x000000008f500000, 0x000000008f500000| Untracked 
| 246|0x000000008f600000, 0x000000008f600000, 0x000000008f700000|  0%| F|  |TAMS 0x000000008f600000, 0x000000008f600000| Untracked 
| 247|0x000000008f700000, 0x000000008f700000, 0x000000008f800000|  0%| F|  |TAMS 0x000000008f700000, 0x000000008f700000| Untracked 
| 248|0x000000008f800000, 0x000000008f800000, 0x000000008f900000|  0%| F|  |TAMS 0x000000008f800000, 0x000000008f800000| Untracked 
| 249|0x000000008f900000, 0x000000008f900000, 0x000000008fa00000|  0%| F|  |TAMS 0x000000008f900000, 0x000000008f900000| Untracked 
| 250|0x000000008fa00000, 0x000000008fa00000, 0x000000008fb00000|  0%| F|  |TAMS 0x000000008fa00000, 0x000000008fa00000| Untracked 
| 251|0x000000008fb00000, 0x000000008fb00000, 0x000000008fc00000|  0%| F|  |TAMS 0x000000008fb00000, 0x000000008fb00000| Untracked 
| 252|0x000000008fc00000, 0x000000008fc00000, 0x000000008fd00000|  0%| F|  |TAMS 0x000000008fc00000, 0x000000008fc00000| Untracked 
| 253|0x000000008fd00000, 0x000000008fd00000, 0x000000008fe00000|  0%| F|  |TAMS 0x000000008fd00000, 0x000000008fd00000| Untracked 
| 254|0x000000008fe00000, 0x000000008fe00000, 0x000000008ff00000|  0%| F|  |TAMS 0x000000008fe00000, 0x000000008fe00000| Untracked 
| 255|0x000000008ff00000, 0x000000008ff00000, 0x0000000090000000|  0%| F|  |TAMS 0x000000008ff00000, 0x000000008ff00000| Untracked 
| 256|0x0000000090000000, 0x0000000090000000, 0x0000000090100000|  0%| F|  |TAMS 0x0000000090000000, 0x0000000090000000| Untracked 
| 257|0x0000000090100000, 0x0000000090100000, 0x0000000090200000|  0%| F|  |TAMS 0x0000000090100000, 0x0000000090100000| Untracked 
| 258|0x0000000090200000, 0x00000000902bdb08, 0x0000000090300000| 74%| E|  |TAMS 0x0000000090200000, 0x0000000090200000| Complete 
| 259|0x0000000090300000, 0x0000000090400000, 0x0000000090400000|100%| E|CS|TAMS 0x0000000090300000, 0x0000000090300000| Complete 
| 260|0x0000000090400000, 0x0000000090500000, 0x0000000090500000|100%| E|CS|TAMS 0x0000000090400000, 0x0000000090400000| Complete 
| 261|0x0000000090500000, 0x0000000090600000, 0x0000000090600000|100%| E|CS|TAMS 0x0000000090500000, 0x0000000090500000| Complete 
| 262|0x0000000090600000, 0x0000000090700000, 0x0000000090700000|100%| E|CS|TAMS 0x0000000090600000, 0x0000000090600000| Complete 
| 263|0x0000000090700000, 0x0000000090800000, 0x0000000090800000|100%| E|CS|TAMS 0x0000000090700000, 0x0000000090700000| Complete 
| 264|0x0000000090800000, 0x0000000090900000, 0x0000000090900000|100%| E|CS|TAMS 0x0000000090800000, 0x0000000090800000| Complete 
| 265|0x0000000090900000, 0x0000000090a00000, 0x0000000090a00000|100%| E|CS|TAMS 0x0000000090900000, 0x0000000090900000| Complete 
| 266|0x0000000090a00000, 0x0000000090b00000, 0x0000000090b00000|100%| E|CS|TAMS 0x0000000090a00000, 0x0000000090a00000| Complete 
| 267|0x0000000090b00000, 0x0000000090c00000, 0x0000000090c00000|100%| E|CS|TAMS 0x0000000090b00000, 0x0000000090b00000| Complete 
| 268|0x0000000090c00000, 0x0000000090d00000, 0x0000000090d00000|100%| E|CS|TAMS 0x0000000090c00000, 0x0000000090c00000| Complete 
| 269|0x0000000090d00000, 0x0000000090e00000, 0x0000000090e00000|100%| E|CS|TAMS 0x0000000090d00000, 0x0000000090d00000| Complete 
| 270|0x0000000090e00000, 0x0000000090f00000, 0x0000000090f00000|100%| E|CS|TAMS 0x0000000090e00000, 0x0000000090e00000| Complete 
| 271|0x0000000090f00000, 0x0000000091000000, 0x0000000091000000|100%| E|CS|TAMS 0x0000000090f00000, 0x0000000090f00000| Complete 
| 272|0x0000000091000000, 0x0000000091100000, 0x0000000091100000|100%| E|CS|TAMS 0x0000000091000000, 0x0000000091000000| Complete 
| 273|0x0000000091100000, 0x0000000091200000, 0x0000000091200000|100%| E|CS|TAMS 0x0000000091100000, 0x0000000091100000| Complete 
| 274|0x0000000091200000, 0x0000000091300000, 0x0000000091300000|100%| E|CS|TAMS 0x0000000091200000, 0x0000000091200000| Complete 
| 275|0x0000000091300000, 0x0000000091400000, 0x0000000091400000|100%| E|CS|TAMS 0x0000000091300000, 0x0000000091300000| Complete 
| 276|0x0000000091400000, 0x0000000091500000, 0x0000000091500000|100%| E|CS|TAMS 0x0000000091400000, 0x0000000091400000| Complete 
| 277|0x0000000091500000, 0x0000000091600000, 0x0000000091600000|100%| E|CS|TAMS 0x0000000091500000, 0x0000000091500000| Complete 
| 278|0x0000000091600000, 0x0000000091700000, 0x0000000091700000|100%| E|CS|TAMS 0x0000000091600000, 0x0000000091600000| Complete 
| 279|0x0000000091700000, 0x0000000091800000, 0x0000000091800000|100%| E|CS|TAMS 0x0000000091700000, 0x0000000091700000| Complete 
| 280|0x0000000091800000, 0x0000000091900000, 0x0000000091900000|100%| E|CS|TAMS 0x0000000091800000, 0x0000000091800000| Complete 
| 281|0x0000000091900000, 0x0000000091a00000, 0x0000000091a00000|100%| E|CS|TAMS 0x0000000091900000, 0x0000000091900000| Complete 
| 282|0x0000000091a00000, 0x0000000091b00000, 0x0000000091b00000|100%| E|CS|TAMS 0x0000000091a00000, 0x0000000091a00000| Complete 
| 283|0x0000000091b00000, 0x0000000091c00000, 0x0000000091c00000|100%| E|CS|TAMS 0x0000000091b00000, 0x0000000091b00000| Complete 
| 284|0x0000000091c00000, 0x0000000091d00000, 0x0000000091d00000|100%| E|CS|TAMS 0x0000000091c00000, 0x0000000091c00000| Complete 
| 285|0x0000000091d00000, 0x0000000091e00000, 0x0000000091e00000|100%| E|CS|TAMS 0x0000000091d00000, 0x0000000091d00000| Complete 
| 286|0x0000000091e00000, 0x0000000091f00000, 0x0000000091f00000|100%| E|CS|TAMS 0x0000000091e00000, 0x0000000091e00000| Complete 
| 287|0x0000000091f00000, 0x0000000092000000, 0x0000000092000000|100%| E|CS|TAMS 0x0000000091f00000, 0x0000000091f00000| Complete 
| 288|0x0000000092000000, 0x0000000092100000, 0x0000000092100000|100%| E|CS|TAMS 0x0000000092000000, 0x0000000092000000| Complete 
| 289|0x0000000092100000, 0x0000000092200000, 0x0000000092200000|100%| E|CS|TAMS 0x0000000092100000, 0x0000000092100000| Complete 
| 290|0x0000000092200000, 0x0000000092300000, 0x0000000092300000|100%| E|CS|TAMS 0x0000000092200000, 0x0000000092200000| Complete 
| 291|0x0000000092300000, 0x0000000092400000, 0x0000000092400000|100%| E|CS|TAMS 0x0000000092300000, 0x0000000092300000| Complete 
| 292|0x0000000092400000, 0x0000000092500000, 0x0000000092500000|100%| E|CS|TAMS 0x0000000092400000, 0x0000000092400000| Complete 
| 293|0x0000000092500000, 0x0000000092600000, 0x0000000092600000|100%| E|CS|TAMS 0x0000000092500000, 0x0000000092500000| Complete 
| 294|0x0000000092600000, 0x0000000092700000, 0x0000000092700000|100%| E|CS|TAMS 0x0000000092600000, 0x0000000092600000| Complete 
| 295|0x0000000092700000, 0x0000000092800000, 0x0000000092800000|100%| E|CS|TAMS 0x0000000092700000, 0x0000000092700000| Complete 
| 296|0x0000000092800000, 0x0000000092900000, 0x0000000092900000|100%| E|CS|TAMS 0x0000000092800000, 0x0000000092800000| Complete 
| 297|0x0000000092900000, 0x0000000092a00000, 0x0000000092a00000|100%| E|CS|TAMS 0x0000000092900000, 0x0000000092900000| Complete 
| 298|0x0000000092a00000, 0x0000000092b00000, 0x0000000092b00000|100%| E|CS|TAMS 0x0000000092a00000, 0x0000000092a00000| Complete 
| 299|0x0000000092b00000, 0x0000000092c00000, 0x0000000092c00000|100%| E|CS|TAMS 0x0000000092b00000, 0x0000000092b00000| Complete 
| 300|0x0000000092c00000, 0x0000000092d00000, 0x0000000092d00000|100%| E|CS|TAMS 0x0000000092c00000, 0x0000000092c00000| Complete 
| 301|0x0000000092d00000, 0x0000000092e00000, 0x0000000092e00000|100%| E|CS|TAMS 0x0000000092d00000, 0x0000000092d00000| Complete 
| 302|0x0000000092e00000, 0x0000000092f00000, 0x0000000092f00000|100%| E|CS|TAMS 0x0000000092e00000, 0x0000000092e00000| Complete 
| 303|0x0000000092f00000, 0x0000000093000000, 0x0000000093000000|100%| E|CS|TAMS 0x0000000092f00000, 0x0000000092f00000| Complete 
| 304|0x0000000093000000, 0x0000000093100000, 0x0000000093100000|100%| E|CS|TAMS 0x0000000093000000, 0x0000000093000000| Complete 

Card table byte_map: [0x0000020347ce0000,0x00000203480e0000] _byte_map_base: 0x00000203478e0000

Marking Bits (Prev, Next): (CMBitMap*) 0x0000020334e03558, (CMBitMap*) 0x0000020334e03590
 Prev Bits: [0x00000203484e0000, 0x000002034a4e0000)
 Next Bits: [0x000002034a4e0000, 0x000002034c4e0000)

Polling page: 0x0000020334590000

Metaspace:

Usage:
  Non-class:     97.73 MB capacity,    95.76 MB ( 98%) used,     1.65 MB (  2%) free+waste,   331.69 KB ( <1%) overhead. 
      Class:     14.71 MB capacity,    13.66 MB ( 93%) used,   930.03 KB (  6%) free+waste,   147.81 KB ( <1%) overhead. 
       Both:    112.44 MB capacity,   109.41 MB ( 97%) used,     2.56 MB (  2%) free+waste,   479.50 KB ( <1%) overhead. 

Virtual space:
  Non-class space:       98.00 MB reserved,      97.92 MB (>99%) committed 
      Class space:        1.00 GB reserved,      14.75 MB (  1%) committed 
             Both:        1.10 GB reserved,     112.67 MB ( 10%) committed 

Chunk freelists:
   Non-Class:  3.00 KB
       Class:  11.00 KB
        Both:  14.00 KB

MaxMetaspaceSize: 17179869184.00 GB
CompressedClassSpaceSize: 1.00 GB
Initial GC threshold: 20.80 MB
Current GC threshold: 186.75 MB
CDS: off

CodeHeap 'non-profiled nmethods': size=120064Kb used=8125Kb max_used=8125Kb free=111938Kb
 bounds [0x00000203403a0000, 0x0000020340b90000, 0x00000203478e0000]
CodeHeap 'profiled nmethods': size=120000Kb used=30067Kb max_used=30067Kb free=89932Kb
 bounds [0x0000020338e70000, 0x000002033abd0000, 0x00000203403a0000]
CodeHeap 'non-nmethods': size=5696Kb used=2426Kb max_used=2507Kb free=3270Kb
 bounds [0x00000203388e0000, 0x0000020338b60000, 0x0000020338e70000]
 total_blobs=14373 nmethods=13415 adapters=871
 compilation: enabled
              stopped_count=0, restarted_count=0
 full_count=0

Compilation events (20 events):
Event: 111.777 Thread 0x000002034f2c2800 13476       3       org.gradle.internal.serialize.BaseSerializerFactory$StringSerializer::write (10 bytes)
Event: 111.777 Thread 0x000002034f2c2800 nmethod 13476 0x000002033abc8310 code [0x000002033abc84e0, 0x000002033abc8808]
Event: 111.777 Thread 0x000002034f2c2800 13477       3       org.gradle.api.internal.file.DefaultFileCollectionFactory::resolving (33 bytes)
Event: 111.778 Thread 0x000002034f2c2800 nmethod 13477 0x000002033abc8910 code [0x000002033abc8b60, 0x000002033abc9538]
Event: 111.778 Thread 0x000002034f2c2800 13478       3       org.gradle.execution.plan.Node::isComplete (43 bytes)
Event: 111.778 Thread 0x000002034f2c2800 nmethod 13478 0x000002033abc9890 code [0x000002033abc9a40, 0x000002033abc9c78]
Event: 111.778 Thread 0x000002034f2c2800 13479       3       org.gradle.internal.resources.ExclusiveAccessResourceLock::acquireLock (37 bytes)
Event: 111.778 Thread 0x000002034f2c2800 nmethod 13479 0x000002033abc9d10 code [0x000002033abc9ee0, 0x000002033abca1e8]
Event: 111.778 Thread 0x000002034f2c2800 13480       1       org.gradle.api.internal.project.DefaultProjectStateRegistry$ProjectStateImpl::getTaskExecutionLock (5 bytes)
Event: 111.778 Thread 0x000002034f2c2800 nmethod 13480 0x0000020340b8f490 code [0x0000020340b8f640, 0x0000020340b8f6f8]
Event: 111.779 Thread 0x000002034f2c2800 13481       3       java.io.ObjectOutputStream$BlockDataOutputStream::writeLong (48 bytes)
Event: 111.779 Thread 0x000002034f2c2800 nmethod 13481 0x000002033abca290 code [0x000002033abca460, 0x000002033abca658]
Event: 111.779 Thread 0x000002034f2c2800 13482       3       org.gradle.internal.serialize.Serializers$StatefulSerializerAdapter$2::write (18 bytes)
Event: 111.779 Thread 0x000002034f2c2800 nmethod 13482 0x000002033abca790 code [0x000002033abca960, 0x000002033abcab48]
Event: 111.779 Thread 0x000002034f2c2800 13483   !   3       org.gradle.internal.remote.internal.inet.SocketConnection::flush (46 bytes)
Event: 111.780 Thread 0x000002034f2c2800 nmethod 13483 0x000002033abcac90 code [0x000002033abcaf40, 0x000002033abcbc28]
Event: 111.783 Thread 0x000002034f2c2800 13484       3       com.google.common.collect.RegularImmutableSet::spliterator (11 bytes)
Event: 111.783 Thread 0x000002034f2c2800 nmethod 13484 0x000002033abcc110 code [0x000002033abcc300, 0x000002033abcc6b8]
Event: 111.785 Thread 0x000002034f2c2800 13485       3       java.util.Formatter$Flags::<init> (10 bytes)
Event: 111.785 Thread 0x000002034f2c2800 nmethod 13485 0x000002033abcc890 code [0x000002033abcca40, 0x000002033abccb98]

GC Heap History (20 events):
Event: 6.406 GC heap before
{Heap before GC invocations=11 (full 0):
 garbage-first heap   total 260096K, used 176891K [0x0000000080000000, 0x0000000100000000)
  region size 1024K, 152 young (155648K), 14 survivors (14336K)
 Metaspace       used 57438K, capacity 58993K, committed 59312K, reserved 1101824K
  class space    used 7266K, capacity 7809K, committed 7936K, reserved 1048576K
}
Event: 6.425 GC heap after
{Heap after GC invocations=12 (full 0):
 garbage-first heap   total 312320K, used 46443K [0x0000000080000000, 0x0000000100000000)
  region size 1024K, 19 young (19456K), 19 survivors (19456K)
 Metaspace       used 57438K, capacity 58993K, committed 59312K, reserved 1101824K
  class space    used 7266K, capacity 7809K, committed 7936K, reserved 1048576K
}
Event: 8.066 GC heap before
{Heap before GC invocations=12 (full 0):
 garbage-first heap   total 312320K, used 222571K [0x0000000080000000, 0x0000000100000000)
  region size 1024K, 183 young (187392K), 19 survivors (19456K)
 Metaspace       used 72426K, capacity 74211K, committed 74544K, reserved 1114112K
  class space    used 9138K, capacity 9764K, committed 9856K, reserved 1048576K
}
Event: 8.087 GC heap after
{Heap after GC invocations=13 (full 0):
 garbage-first heap   total 312320K, used 57858K [0x0000000080000000, 0x0000000100000000)
  region size 1024K, 11 young (11264K), 11 survivors (11264K)
 Metaspace       used 72426K, capacity 74211K, committed 74544K, reserved 1114112K
  class space    used 9138K, capacity 9764K, committed 9856K, reserved 1048576K
}
Event: 8.389 GC heap before
{Heap before GC invocations=13 (full 0):
 garbage-first heap   total 312320K, used 97794K [0x0000000080000000, 0x0000000100000000)
  region size 1024K, 51 young (52224K), 11 survivors (11264K)
 Metaspace       used 74763K, capacity 76538K, committed 76592K, reserved 1116160K
  class space    used 9435K, capacity 10088K, committed 10112K, reserved 1048576K
}
Event: 8.402 GC heap after
{Heap after GC invocations=14 (full 0):
 garbage-first heap   total 312320K, used 60418K [0x0000000080000000, 0x0000000100000000)
  region size 1024K, 14 young (14336K), 14 survivors (14336K)
 Metaspace       used 74763K, capacity 76538K, committed 76592K, reserved 1116160K
  class space    used 9435K, capacity 10088K, committed 10112K, reserved 1048576K
}
Event: 51.629 GC heap before
{Heap before GC invocations=15 (full 0):
 garbage-first heap   total 312320K, used 233474K [0x0000000080000000, 0x0000000100000000)
  region size 1024K, 149 young (152576K), 14 survivors (14336K)
 Metaspace       used 87868K, capacity 90329K, committed 90544K, reserved 1128448K
  class space    used 11169K, capacity 12017K, committed 12032K, reserved 1048576K
}
Event: 51.650 GC heap after
{Heap after GC invocations=16 (full 0):
 garbage-first heap   total 312320K, used 110764K [0x0000000080000000, 0x0000000100000000)
  region size 1024K, 18 young (18432K), 18 survivors (18432K)
 Metaspace       used 87868K, capacity 90329K, committed 90544K, reserved 1128448K
  class space    used 11169K, capacity 12017K, committed 12032K, reserved 1048576K
}
Event: 53.701 GC heap before
{Heap before GC invocations=17 (full 0):
 garbage-first heap   total 312320K, used 266412K [0x0000000080000000, 0x0000000100000000)
  region size 1024K, 127 young (130048K), 18 survivors (18432K)
 Metaspace       used 92001K, capacity 94620K, committed 94640K, reserved 1132544K
  class space    used 11646K, capacity 12536K, committed 12544K, reserved 1048576K
}
Event: 53.720 GC heap after
{Heap after GC invocations=18 (full 0):
 garbage-first heap   total 312320K, used 167077K [0x0000000080000000, 0x0000000100000000)
  region size 1024K, 12 young (12288K), 12 survivors (12288K)
 Metaspace       used 92001K, capacity 94620K, committed 94640K, reserved 1132544K
  class space    used 11646K, capacity 12536K, committed 12544K, reserved 1048576K
}
Event: 54.431 GC heap before
{Heap before GC invocations=18 (full 0):
 garbage-first heap   total 312320K, used 240805K [0x0000000080000000, 0x0000000100000000)
  region size 1024K, 86 young (88064K), 12 survivors (12288K)
 Metaspace       used 95221K, capacity 97952K, committed 98224K, reserved 1134592K
  class space    used 12046K, capacity 13024K, committed 13056K, reserved 1048576K
}
Event: 54.457 GC heap after
{Heap after GC invocations=19 (full 0):
 garbage-first heap   total 312320K, used 171417K [0x0000000080000000, 0x0000000100000000)
  region size 1024K, 4 young (4096K), 4 survivors (4096K)
 Metaspace       used 95221K, capacity 97952K, committed 98224K, reserved 1134592K
  class space    used 12046K, capacity 13024K, committed 13056K, reserved 1048576K
}
Event: 55.461 GC heap before
{Heap before GC invocations=20 (full 0):
 garbage-first heap   total 312320K, used 251289K [0x0000000080000000, 0x0000000100000000)
  region size 1024K, 81 young (82944K), 4 survivors (4096K)
 Metaspace       used 103066K, capacity 105916K, committed 106160K, reserved 1140736K
  class space    used 13035K, capacity 13994K, committed 14080K, reserved 1048576K
}
Event: 55.470 GC heap after
{Heap after GC invocations=21 (full 0):
 garbage-first heap   total 312320K, used 173056K [0x0000000080000000, 0x0000000100000000)
  region size 1024K, 5 young (5120K), 5 survivors (5120K)
 Metaspace       used 103066K, capacity 105916K, committed 106160K, reserved 1140736K
  class space    used 13035K, capacity 13994K, committed 14080K, reserved 1048576K
}
Event: 56.661 GC heap before
{Heap before GC invocations=21 (full 0):
 garbage-first heap   total 312320K, used 252928K [0x0000000080000000, 0x0000000100000000)
  region size 1024K, 84 young (86016K), 5 survivors (5120K)
 Metaspace       used 107324K, capacity 110299K, committed 110512K, reserved 1144832K
  class space    used 13511K, capacity 14516K, committed 14592K, reserved 1048576K
}
Event: 56.683 GC heap after
{Heap after GC invocations=22 (full 0):
 garbage-first heap   total 312320K, used 180954K [0x0000000080000000, 0x0000000100000000)
  region size 1024K, 11 young (11264K), 11 survivors (11264K)
 Metaspace       used 107324K, capacity 110299K, committed 110512K, reserved 1144832K
  class space    used 13511K, capacity 14516K, committed 14592K, reserved 1048576K
}
Event: 58.299 GC heap before
{Heap before GC invocations=23 (full 0):
 garbage-first heap   total 312320K, used 255706K [0x0000000080000000, 0x0000000100000000)
  region size 1024K, 85 young (87040K), 11 survivors (11264K)
 Metaspace       used 109160K, capacity 112094K, committed 112176K, reserved 1146880K
  class space    used 13663K, capacity 14683K, committed 14720K, reserved 1048576K
}
Event: 58.315 GC heap after
{Heap after GC invocations=24 (full 0):
 garbage-first heap   total 312320K, used 187130K [0x0000000080000000, 0x0000000100000000)
  region size 1024K, 7 young (7168K), 7 survivors (7168K)
 Metaspace       used 109160K, capacity 112094K, committed 112176K, reserved 1146880K
  class space    used 13663K, capacity 14683K, committed 14720K, reserved 1048576K
}
Event: 101.109 GC heap before
{Heap before GC invocations=24 (full 0):
 garbage-first heap   total 312320K, used 259834K [0x0000000080000000, 0x0000000100000000)
  region size 1024K, 78 young (79872K), 7 survivors (7168K)
 Metaspace       used 111408K, capacity 114518K, committed 114736K, reserved 1148928K
  class space    used 13900K, capacity 14971K, committed 14976K, reserved 1048576K
}
Event: 101.131 GC heap after
{Heap after GC invocations=25 (full 0):
 garbage-first heap   total 312320K, used 194560K [0x0000000080000000, 0x0000000100000000)
  region size 1024K, 8 young (8192K), 8 survivors (8192K)
 Metaspace       used 111408K, capacity 114518K, committed 114736K, reserved 1148928K
  class space    used 13900K, capacity 14971K, committed 14976K, reserved 1048576K
}

Deoptimization events (20 events):
Event: 101.616 Thread 0x00000203596ba000 Uncommon trap: trap_request=0xffffff4d fr.pc=0x00000203407b9fa8 relative=0x00000000000001e8
Event: 101.616 Thread 0x00000203596ba000 Uncommon trap: reason=unstable_if action=reinterpret pc=0x00000203407b9fa8 method=com.google.common.collect.RegularImmutableSet.contains(Ljava/lang/Object;)Z @ 10 c2
Event: 101.616 Thread 0x00000203596ba000 DEOPT PACKING pc=0x00000203407b9fa8 sp=0x00000071d1af9d60
Event: 101.616 Thread 0x00000203596ba000 DEOPT UNPACKING pc=0x000002033892a1a9 sp=0x00000071d1af9cf8 mode 2
Event: 106.634 Thread 0x00000203596ba000 Uncommon trap: trap_request=0xffffffde fr.pc=0x0000020340b15f9c relative=0x000000000000051c
Event: 106.634 Thread 0x00000203596ba000 Uncommon trap: reason=class_check action=maybe_recompile pc=0x0000020340b15f9c method=org.gradle.internal.operations.logging.LoggingBuildOperationProgressBroadcaster.onOutput(Lorg/gradle/internal/logging/events/OutputEvent;)V @ 8 c2
Event: 106.634 Thread 0x00000203596ba000 DEOPT PACKING pc=0x0000020340b15f9c sp=0x00000071d1af6920
Event: 106.634 Thread 0x00000203596ba000 DEOPT UNPACKING pc=0x000002033892a1a9 sp=0x00000071d1af6890 mode 2
Event: 111.646 Thread 0x00000203596ba000 Uncommon trap: trap_request=0xffffffde fr.pc=0x0000020340b15f9c relative=0x000000000000051c
Event: 111.646 Thread 0x00000203596ba000 Uncommon trap: reason=class_check action=maybe_recompile pc=0x0000020340b15f9c method=org.gradle.internal.operations.logging.LoggingBuildOperationProgressBroadcaster.onOutput(Lorg/gradle/internal/logging/events/OutputEvent;)V @ 8 c2
Event: 111.646 Thread 0x00000203596ba000 DEOPT PACKING pc=0x0000020340b15f9c sp=0x00000071d1af6ab0
Event: 111.646 Thread 0x00000203596ba000 DEOPT UNPACKING pc=0x000002033892a1a9 sp=0x00000071d1af6a20 mode 2
Event: 111.659 Thread 0x000002034f71a000 Uncommon trap: trap_request=0xffffff4d fr.pc=0x00000203409ed8cc relative=0x00000000000010cc
Event: 111.659 Thread 0x000002034f71a000 Uncommon trap: reason=unstable_if action=reinterpret pc=0x00000203409ed8cc method=org.gradle.cache.internal.btree.BlockPointer.isNull()Z @ 6 c2
Event: 111.659 Thread 0x000002034f71a000 DEOPT PACKING pc=0x00000203409ed8cc sp=0x00000071ceafdfe0
Event: 111.659 Thread 0x000002034f71a000 DEOPT UNPACKING pc=0x000002033892a1a9 sp=0x00000071ceafdeb8 mode 2
Event: 111.781 Thread 0x00000203596ba000 Uncommon trap: trap_request=0xffffffde fr.pc=0x0000020340a744e8 relative=0x0000000000004ba8
Event: 111.781 Thread 0x00000203596ba000 Uncommon trap: reason=class_check action=maybe_recompile pc=0x0000020340a744e8 method=org.gradle.internal.snapshot.impl.AbstractValueProcessor.processValue(Ljava/lang/Object;Lorg/gradle/internal/snapshot/impl/AbstractValueProcessor$ValueVisitor;)Ljava/lan
Event: 111.781 Thread 0x00000203596ba000 DEOPT PACKING pc=0x0000020340a744e8 sp=0x00000071d1afbc80
Event: 111.781 Thread 0x00000203596ba000 DEOPT UNPACKING pc=0x000002033892a1a9 sp=0x00000071d1afbc78 mode 2

Classes redefined (0 events):
No events

Internal exceptions (20 events):
Event: 101.505 Thread 0x00000203509d5800 Exception <a 'java/lang/ClassNotFoundException'{0x0000000090c473d0}: com/android/build/gradle/tasks/PackageApplication_DecoratedBeanInfo> (0x0000000090c473d0) thrown at [src/hotspot/share/classfile/systemDictionary.cpp, line 230]
Event: 101.506 Thread 0x00000203509d5800 Exception <a 'java/lang/ClassNotFoundException'{0x0000000090c602c8}: com/android/build/gradle/tasks/PackageApplicationBeanInfo> (0x0000000090c602c8) thrown at [src/hotspot/share/classfile/systemDictionary.cpp, line 230]
Event: 101.506 Thread 0x00000203509d5800 Exception <a 'java/lang/ClassNotFoundException'{0x0000000090c7a280}: com/android/build/gradle/tasks/PackageAndroidArtifactBeanInfo> (0x0000000090c7a280) thrown at [src/hotspot/share/classfile/systemDictionary.cpp, line 230]
Event: 101.507 Thread 0x00000203509d5800 Exception <a 'java/lang/ClassNotFoundException'{0x0000000090c946c0}: com/android/build/gradle/tasks/PackageAndroidArtifactCustomizer> (0x0000000090c946c0) thrown at [src/hotspot/share/classfile/systemDictionary.cpp, line 230]
Event: 101.509 Thread 0x00000203509d5800 Exception <a 'java/lang/ClassNotFoundException'{0x0000000090cfade8}: com/android/build/gradle/tasks/PackageApplicationCustomizer> (0x0000000090cfade8) thrown at [src/hotspot/share/classfile/systemDictionary.cpp, line 230]
Event: 101.510 Thread 0x00000203509d5800 Exception <a 'java/lang/ClassNotFoundException'{0x0000000090b32b70}: com/android/build/gradle/tasks/PackageApplication_DecoratedCustomizer> (0x0000000090b32b70) thrown at [src/hotspot/share/classfile/systemDictionary.cpp, line 230]
Event: 101.515 Thread 0x00000203509d5800 Exception <a 'java/lang/ClassNotFoundException'{0x0000000090a15e68}: com/android/build/gradle/internal/tasks/ListingFileRedirectTask_DecoratedBeanInfo> (0x0000000090a15e68) thrown at [src/hotspot/share/classfile/systemDictionary.cpp, line 230]
Event: 101.516 Thread 0x00000203509d5800 Exception <a 'java/lang/ClassNotFoundException'{0x0000000090a31560}: com/android/build/gradle/internal/tasks/ListingFileRedirectTaskBeanInfo> (0x0000000090a31560) thrown at [src/hotspot/share/classfile/systemDictionary.cpp, line 230]
Event: 101.517 Thread 0x00000203509d5800 Exception <a 'java/lang/ClassNotFoundException'{0x0000000090a4cc90}: com/android/build/gradle/internal/tasks/ListingFileRedirectTaskCustomizer> (0x0000000090a4cc90) thrown at [src/hotspot/share/classfile/systemDictionary.cpp, line 230]
Event: 101.518 Thread 0x00000203509d5800 Exception <a 'java/lang/ClassNotFoundException'{0x0000000090a7bf10}: com/android/build/gradle/internal/tasks/ListingFileRedirectTask_DecoratedCustomizer> (0x0000000090a7bf10) thrown at [src/hotspot/share/classfile/systemDictionary.cpp, line 230]
Event: 101.535 Thread 0x00000203509d5800 Exception <a 'sun/nio/fs/WindowsException'{0x00000000909938e0}> (0x00000000909938e0) thrown at [src/hotspot/share/prims/jni.cpp, line 617]
Event: 101.576 Thread 0x00000203596ba000 Exception <a 'sun/nio/fs/WindowsException'{0x0000000090724250}> (0x0000000090724250) thrown at [src/hotspot/share/prims/jni.cpp, line 617]
Event: 101.576 Thread 0x00000203596ba000 Exception <a 'sun/nio/fs/WindowsException'{0x0000000090725360}> (0x0000000090725360) thrown at [src/hotspot/share/prims/jni.cpp, line 617]
Event: 101.616 Thread 0x00000203596ba000 Implicit null exception at 0x00000203407b9df7 to 0x00000203407b9f90
Event: 106.634 Thread 0x00000203596ba000 Exception <a 'net/rubygrapefruit/platform/NativeException'{0x00000000906804e8}: Execution timed out> (0x00000000906804e8) thrown at [src/hotspot/share/prims/jni.cpp, line 638]
Event: 111.646 Thread 0x00000203596ba000 Exception <a 'net/rubygrapefruit/platform/NativeException'{0x000000009069ee40}: Execution timed out> (0x000000009069ee40) thrown at [src/hotspot/share/prims/jni.cpp, line 638]
Event: 111.655 Thread 0x000002034f712800 Exception <a 'java/lang/NoSuchMethodError'{0x00000000904bde98}: <clinit>> (0x00000000904bde98) thrown at [src/hotspot/share/prims/jni.cpp, line 1367]
Event: 111.657 Thread 0x000002034f712800 Exception <a 'java/lang/NoSuchMethodError'{0x00000000904d41b8}: <clinit>> (0x00000000904d41b8) thrown at [src/hotspot/share/prims/jni.cpp, line 1367]
Event: 111.741 Thread 0x000002034f712800 Exception <a 'java/lang/NoSuchMethodError'{0x000000009036fdb0}: <clinit>> (0x000000009036fdb0) thrown at [src/hotspot/share/prims/jni.cpp, line 1367]
Event: 111.754 Thread 0x00000203596ba000 Exception <a 'java/lang/NoSuchMethodError'{0x00000000903ff740}: 'int java.lang.invoke.DirectMethodHandle$Holder.invokeSpecial(java.lang.Object, java.lang.Object, java.lang.Object, java.lang.Object, java.lang.Object)'> (0x00000000903ff740) thrown at [src/hotspot/share/interpreter/linkResolver.cpp, line 773]

Events (20 events):
Event: 111.756 loading class org/gradle/internal/snapshot/impl/FileSystemSnapshotFilter$FilteringVisitor
Event: 111.756 loading class org/gradle/internal/snapshot/impl/FileSystemSnapshotFilter$FilteringVisitor done
Event: 111.757 loading class org/gradle/internal/snapshot/impl/FileSystemSnapshotFilter$FilteringVisitor$1
Event: 111.757 loading class org/gradle/internal/snapshot/impl/FileSystemSnapshotFilter$FilteringVisitor$1 done
Event: 111.757 loading class org/gradle/internal/fingerprint/impl/PatternSetSnapshottingFilter$LogicalFileTreeElement
Event: 111.757 loading class org/gradle/internal/fingerprint/impl/PatternSetSnapshottingFilter$LogicalFileTreeElement done
Event: 111.758 loading class org/gradle/api/file/RelativePath
Event: 111.758 loading class org/gradle/api/file/RelativePath done
Event: 111.759 loading class org/gradle/api/tasks/util/internal/CachingPatternSpecFactory$CachingSpec$1
Event: 111.759 loading class org/gradle/api/tasks/util/internal/CachingPatternSpecFactory$CachingSpec$1 done
Event: 111.761 loading class org/gradle/internal/snapshot/UnknownFileSystemNode
Event: 111.761 loading class org/gradle/internal/snapshot/UnknownFileSystemNode done
Event: 111.761 Executing VM operation: Deoptimize
Event: 111.763 Executing VM operation: Deoptimize done
Event: 111.780 loading class com/android/build/gradle/tasks/GenerateBuildConfigKt
Event: 111.780 loading class com/android/build/gradle/tasks/GenerateBuildConfigKt done
Event: 111.781 loading class com/android/build/gradle/internal/core/VariantDslInfoImpl$computeVersionNameSuffix$2
Event: 111.781 loading class com/android/build/gradle/internal/core/VariantDslInfoImpl$computeVersionNameSuffix$2 done
Event: 111.783 loading class org/gradle/execution/plan/LocalTaskNodeExecutor$1
Event: 111.783 loading class org/gradle/execution/plan/LocalTaskNodeExecutor$1 done


Dynamic libraries:
0x00007ff70f250000 - 0x00007ff70f25a000 	C:\Program Files\Android\Android Studio\jbr\bin\java.exe
0x00007fffa44d0000 - 0x00007fffa46c6000 	C:\Windows\SYSTEM32\ntdll.dll
0x00007fffa2530000 - 0x00007fffa25ed000 	C:\Windows\System32\KERNEL32.DLL
0x00007fffa1f70000 - 0x00007fffa2239000 	C:\Windows\System32\KERNELBASE.dll
0x00007fffa1e70000 - 0x00007fffa1f70000 	C:\Windows\System32\ucrtbase.dll
0x00007fff88260000 - 0x00007fff8827b000 	C:\Program Files\Android\Android Studio\jbr\bin\VCRUNTIME140.dll
0x00007fff7f300000 - 0x00007fff7f317000 	C:\Program Files\Android\Android Studio\jbr\bin\jli.dll
0x00007fffa32a0000 - 0x00007fffa3440000 	C:\Windows\System32\USER32.dll
0x00007fffa2500000 - 0x00007fffa2522000 	C:\Windows\System32\win32u.dll
0x00007fffa3960000 - 0x00007fffa398a000 	C:\Windows\System32\GDI32.dll
0x00007fffa1cb0000 - 0x00007fffa1dbb000 	C:\Windows\System32\gdi32full.dll
0x00007fffa1c10000 - 0x00007fffa1cad000 	C:\Windows\System32\msvcp_win.dll
0x00007fff92c10000 - 0x00007fff92eab000 	C:\Windows\WinSxS\amd64_microsoft.windows.common-controls_6595b64144ccf1df_6.0.19041.746_none_ca02b4b61b8320a4\COMCTL32.dll
0x00007fffa2da0000 - 0x00007fffa2e3e000 	C:\Windows\System32\msvcrt.dll
0x00007fffa2d60000 - 0x00007fffa2d90000 	C:\Windows\System32\IMM32.DLL
0x00007fff82ca0000 - 0x00007fff82cfb000 	C:\ProgramData\Microsoft\DbgCtr\XShellDLL64_6015.dll
0x00007fffa3a80000 - 0x00007fffa3b2c000 	C:\Windows\System32\ADVAPI32.dll
0x00007fffa2e60000 - 0x00007fffa2efc000 	C:\Windows\System32\sechost.dll
0x00007fffa2f00000 - 0x00007fffa302b000 	C:\Windows\System32\RPCRT4.dll
0x00007fffa3d40000 - 0x00007fffa4482000 	C:\Windows\System32\SHELL32.dll
0x00007fff9cb80000 - 0x00007fff9cb8c000 	C:\Program Files\Android\Android Studio\jbr\bin\vcruntime140_1.dll
0x00007fff7e510000 - 0x00007fff7e59d000 	C:\Program Files\Android\Android Studio\jbr\bin\msvcp140.dll
0x00007fff3c670000 - 0x00007fff3d22c000 	C:\Program Files\Android\Android Studio\jbr\bin\server\jvm.dll
0x00007fffa2d90000 - 0x00007fffa2d98000 	C:\Windows\System32\PSAPI.DLL
0x00007fff8f0c0000 - 0x00007fff8f0c9000 	C:\Windows\SYSTEM32\WSOCK32.dll
0x00007fff7b2c0000 - 0x00007fff7b2e7000 	C:\Windows\SYSTEM32\WINMM.dll
0x00007fffa2990000 - 0x00007fffa29fb000 	C:\Windows\System32\WS2_32.dll
0x00007fff9b670000 - 0x00007fff9b67a000 	C:\Windows\SYSTEM32\VERSION.dll
0x00007fff9fb80000 - 0x00007fff9fb92000 	C:\Windows\SYSTEM32\kernel.appcore.dll
0x00007fff88160000 - 0x00007fff88170000 	C:\Program Files\Android\Android Studio\jbr\bin\verify.dll
0x00007fff8b790000 - 0x00007fff8b974000 	C:\Windows\SYSTEM32\DBGHELP.DLL
0x00007fff8b760000 - 0x00007fff8b78c000 	C:\Windows\SYSTEM32\dbgcore.DLL
0x00007fffa2240000 - 0x00007fffa22c0000 	C:\Windows\System32\bcryptPrimitives.dll
0x00007fff86f50000 - 0x00007fff86f78000 	C:\Program Files\Android\Android Studio\jbr\bin\java.dll
0x00007fff87b50000 - 0x00007fff87b5a000 	C:\Program Files\Android\Android Studio\jbr\bin\jimage.dll
0x00007fff871a0000 - 0x00007fff871b8000 	C:\Program Files\Android\Android Studio\jbr\bin\zip.dll
0x00007fff9fd80000 - 0x00007fffa0510000 	C:\Windows\SYSTEM32\windows.storage.dll
0x00007fffa2a00000 - 0x00007fffa2d56000 	C:\Windows\System32\combase.dll
0x00007fffa1670000 - 0x00007fffa169c000 	C:\Windows\SYSTEM32\Wldp.dll
0x00007fffa31f0000 - 0x00007fffa329e000 	C:\Windows\System32\SHCORE.dll
0x00007fffa3c10000 - 0x00007fffa3c65000 	C:\Windows\System32\shlwapi.dll
0x00007fffa1b40000 - 0x00007fffa1b66000 	C:\Windows\SYSTEM32\profapi.dll
0x00007fff87060000 - 0x00007fff87079000 	C:\Program Files\Android\Android Studio\jbr\bin\net.dll
0x00007fff9af40000 - 0x00007fff9b040000 	C:\Windows\SYSTEM32\WINHTTP.dll
0x00007fffa1380000 - 0x00007fffa13ea000 	C:\Windows\system32\mswsock.dll
0x00007fff869d0000 - 0x00007fff869e3000 	C:\Program Files\Android\Android Studio\jbr\bin\nio.dll
0x00007fff88280000 - 0x00007fff882a7000 	C:\Users\it_04\.gradle\native\e1d6ef7f7dcc3fd88c89a11ec53ec762bb8ba0a96d01ffa2cd45eb1d1d8dd5c5\windows-amd64\native-platform.dll
0x00007fff3a840000 - 0x00007fff3a984000 	C:\Users\it_04\.gradle\native\0d407fdbe67a94daf76414ababcb853783967236a71b16ec16e742cd7a986fd3\windows-amd64\native-platform-file-events.dll
0x00007fff862b0000 - 0x00007fff862ba000 	C:\Program Files\Android\Android Studio\jbr\bin\management.dll
0x00007fff86140000 - 0x00007fff8614b000 	C:\Program Files\Android\Android Studio\jbr\bin\management_ext.dll
0x00007fffa1550000 - 0x00007fffa1568000 	C:\Windows\SYSTEM32\CRYPTSP.dll
0x00007fffa0cc0000 - 0x00007fffa0cf4000 	C:\Windows\system32\rsaenh.dll
0x00007fffa24d0000 - 0x00007fffa24f7000 	C:\Windows\System32\bcrypt.dll
0x00007fffa1ac0000 - 0x00007fffa1aee000 	C:\Windows\SYSTEM32\USERENV.dll
0x00007fffa1570000 - 0x00007fffa157c000 	C:\Windows\SYSTEM32\CRYPTBASE.dll
0x00007fffa1070000 - 0x00007fffa10ab000 	C:\Windows\SYSTEM32\IPHLPAPI.DLL
0x00007fffa3a70000 - 0x00007fffa3a78000 	C:\Windows\System32\NSI.dll
0x00007fff9b870000 - 0x00007fff9b887000 	C:\Windows\SYSTEM32\dhcpcsvc6.DLL
0x00007fff9b830000 - 0x00007fff9b84d000 	C:\Windows\SYSTEM32\dhcpcsvc.DLL
0x00007fffa10b0000 - 0x00007fffa117b000 	C:\Windows\SYSTEM32\DNSAPI.dll
0x00007fff826a0000 - 0x00007fff826c7000 	C:\Program Files\Android\Android Studio\jbr\bin\sunec.dll
0x00007fff95530000 - 0x00007fff9553a000 	C:\Windows\System32\rasadhlp.dll
0x00007fff9bae0000 - 0x00007fff9bb5f000 	C:\Windows\System32\fwpuclnt.dll

dbghelp: loaded successfully - version: 4.0.5 - missing functions: none
symbol engine: initialized successfully - sym options: 0x614 - pdb path: .;C:\Program Files\Android\Android Studio\jbr\bin;C:\Windows\SYSTEM32;C:\Windows\WinSxS\amd64_microsoft.windows.common-controls_6595b64144ccf1df_6.0.19041.746_none_ca02b4b61b8320a4;C:\ProgramData\Microsoft\DbgCtr;C:\Program Files\Android\Android Studio\jbr\bin\server;C:\Users\it_04\.gradle\native\e1d6ef7f7dcc3fd88c89a11ec53ec762bb8ba0a96d01ffa2cd45eb1d1d8dd5c5\windows-amd64;C:\Users\it_04\.gradle\native\0d407fdbe67a94daf76414ababcb853783967236a71b16ec16e742cd7a986fd3\windows-amd64

VM Arguments:
jvm_args: --add-opens=java.base/java.util=ALL-UNNAMED --add-opens=java.base/java.lang=ALL-UNNAMED --add-opens=java.base/java.lang.invoke=ALL-UNNAMED --add-opens=java.base/java.util=ALL-UNNAMED --add-opens=java.prefs/java.util.prefs=ALL-UNNAMED --add-opens=java.prefs/java.util.prefs=ALL-UNNAMED --add-opens=java.base/java.nio.charset=ALL-UNNAMED --add-opens=java.base/java.net=ALL-UNNAMED --add-opens=java.base/java.util.concurrent.atomic=ALL-UNNAMED -Xmx2048m -Dfile.encoding=UTF-8 -Duser.country=US -Duser.language=en -Duser.variant 
java_command: org.gradle.launcher.daemon.bootstrap.GradleDaemon 7.5
java_class_path (initial): C:\Users\it_04\.gradle\wrapper\dists\gradle-7.5-bin\f1w0cc9nuo0eivz97x2xlu9sv\gradle-7.5\lib\gradle-launcher-7.5.jar
Launcher Type: SUN_STANDARD

[Global flags]
     intx CICompilerCount                          = 3                                         {product} {ergonomic}
     uint ConcGCThreads                            = 1                                         {product} {ergonomic}
     uint G1ConcRefinementThreads                  = 4                                         {product} {ergonomic}
   size_t G1HeapRegionSize                         = 1048576                                   {product} {ergonomic}
    uintx GCDrainStackTargetSize                   = 64                                        {product} {ergonomic}
   size_t InitialHeapSize                          = 266338304                                 {product} {ergonomic}
   size_t MarkStackSize                            = 4194304                                   {product} {ergonomic}
   size_t MaxHeapSize                              = 2147483648                                {product} {command line}
   size_t MaxNewSize                               = 1287651328                                {product} {ergonomic}
   size_t MinHeapDeltaBytes                        = 1048576                                   {product} {ergonomic}
    uintx NonNMethodCodeHeapSize                   = 5830732                                {pd product} {ergonomic}
    uintx NonProfiledCodeHeapSize                  = 122913754                              {pd product} {ergonomic}
    uintx ProfiledCodeHeapSize                     = 122913754                              {pd product} {ergonomic}
    uintx ReservedCodeCacheSize                    = 251658240                              {pd product} {ergonomic}
     bool SegmentedCodeCache                       = true                                      {product} {ergonomic}
     bool UseCompressedClassPointers               = true                                 {lp64_product} {ergonomic}
     bool UseCompressedOops                        = true                                 {lp64_product} {ergonomic}
     bool UseG1GC                                  = true                                      {product} {ergonomic}
     bool UseLargePagesIndividualAllocation        = false                                  {pd product} {ergonomic}

Logging:
Log output configuration:
 #0: stdout all=warning uptime,level,tags
 #1: stderr all=off uptime,level,tags

Environment Variables:
PATH=D:\app\it_07\product\11.2.0\client_1\bin;C:\Windows\system32;C:\Windows;C:\Windows\System32\Wbem;C:\Windows\System32\WindowsPowerShell\v1.0\;C:\Windows\System32\OpenSSH\;C:\Program Files\dotnet\;C:\Program Files\Git\cmd;C:\Users\it_04\AppData\Local\Microsoft\WindowsApps;C:\Users\it_04\.dotnet\tools
USERNAME=it_04
OS=Windows_NT
PROCESSOR_IDENTIFIER=Intel64 Family 6 Model 165 Stepping 3, GenuineIntel



---------------  S Y S T E M  ---------------

OS: Windows 10 , 64 bit Build 19041 (10.0.19041.804)
OS uptime: 0 days 0:51 hours

CPU:total 4 (initial active 4) (2 cores per cpu, 2 threads per core) family 6 model 165 stepping 3 microcode 0xe0, cmov, cx8, fxsr, mmx, sse, sse2, sse3, ssse3, sse4.1, sse4.2, popcnt, aes, clmul, erms, 3dnowpref, lzcnt, ht, tsc, tscinvbit

Memory: 4k page, system-wide physical 16242M (9406M free)
TotalPageFile size 18674M (AvailPageFile size 12426M)
current process WorkingSet (physical memory assigned to process): 575M, peak: 639M
current process commit charge ("private bytes"): 610M, peak: 670M

vm_info: OpenJDK 64-Bit Server VM (11.0.15+0-b2043.56-9505619) for windows-amd64 JRE (11.0.15+0-b2043.56-9505619), built on Jan 19 2023 02:48:00 by "builduser" with unknown MS VC++:1929

END.
