#
# A fatal error has been detected by the Java Runtime Environment:
#
#  EXCEPTION_ACCESS_VIOLATION (0xc0000005) at pc=0x00007ffed88b63b0, pid=12884, tid=12080
#
# JRE version: OpenJDK Runtime Environment (11.0.15) (build 11.0.15+0-b2043.56-9505619)
# Java VM: OpenJDK 64-Bit Server VM (11.0.15+0-b2043.56-9505619, mixed mode, tiered, compressed oops, g1 gc, windows-amd64)
# Problematic frame:
# C  [native-platform-file-events.dll+0x463b0]
#
# No core dump will be written. Minidumps are not enabled by default on client versions of Windows
#
# If you would like to submit a bug report, please visit:
#   https://bugreport.java.com/bugreport/crash.jsp
# The crash happened outside the Java Virtual Machine in native code.
# See problematic frame for where to report the bug.
#

---------------  S U M M A R Y ------------

Command Line: --add-opens=java.base/java.util=ALL-UNNAMED --add-opens=java.base/java.lang=ALL-UNNAMED --add-opens=java.base/java.lang.invoke=ALL-UNNAMED --add-opens=java.base/java.util=ALL-UNNAMED --add-opens=java.prefs/java.util.prefs=ALL-UNNAMED --add-opens=java.prefs/java.util.prefs=ALL-UNNAMED --add-opens=java.base/java.nio.charset=ALL-UNNAMED --add-opens=java.base/java.net=ALL-UNNAMED --add-opens=java.base/java.util.concurrent.atomic=ALL-UNNAMED -Xmx2048m -Dfile.encoding=UTF-8 -Duser.country=US -Duser.language=en -Duser.variant org.gradle.launcher.daemon.bootstrap.GradleDaemon 7.5

Host: Intel(R) Pentium(R) Gold G6400 CPU @ 4.00GHz, 4 cores, 15G,  Windows 10 , 64 bit Build 19041 (10.0.19041.804)
Time: Tue Apr 11 09:59:40 2023 SE Asia Standard Time elapsed time: 34.185354 seconds (0d 0h 0m 34s)

---------------  T H R E A D  ---------------

Current thread (0x00000199f8f34800):  JavaThread "File watcher server" daemon [_thread_in_native, id=12080, stack(0x00000019cef00000,0x00000019cf000000)]

Stack: [0x00000019cef00000,0x00000019cf000000],  sp=0x00000019ceffeaa0,  free space=1018k
Native frames: (J=compiled Java code, j=interpreted, Vv=VM code, C=native code)
C  [native-platform-file-events.dll+0x463b0]

Java frames: (J=compiled Java code, j=interpreted, Vv=VM code)
j  net.rubygrapefruit.platform.internal.jni.AbstractFileEventFunctions$NativeFileWatcher.executeRunLoop0(Ljava/lang/Object;)V+0
j  net.rubygrapefruit.platform.internal.jni.AbstractFileEventFunctions$NativeFileWatcher.access$100(Lnet/rubygrapefruit/platform/internal/jni/AbstractFileEventFunctions$NativeFileWatcher;Ljava/lang/Object;)V+2
j  net.rubygrapefruit.platform.internal.jni.AbstractFileEventFunctions$NativeFileWatcher$1.run()V+26
v  ~StubRoutines::call_stub

siginfo: EXCEPTION_ACCESS_VIOLATION (0xc0000005), reading address 0xffffffffffffffff


Register to memory mapping:

RIP=0x00007ffed88b63b0 native-platform-file-events.dll
RAX=0x40b38800231214ac is an unknown value
RBX=0x0 is NULL
RCX=0x00000019d2cf99d8 is pointing into the stack for thread: 0x000001998052d800
RDX=0x0 is NULL
RSP=0x00000019ceffeaa0 is pointing into the stack for thread: 0x00000199f8f34800
RBP=0x00000019cefff468 is pointing into the stack for thread: 0x00000199f8f34800
RSI=0x00000019d2cf99d0 is pointing into the stack for thread: 0x000001998052d800
RDI=0x00000019d2cf9990 is pointing into the stack for thread: 0x000001998052d800
R8 =0x00000199da4f5a00 points into unknown readable memory: 0x00000199da4f0d20 | 20 0d 4f da 99 01 00 00
R9 =0x0000000000000001 is an unknown value
R10=0x0000000000008000 is an unknown value
R11=0x00000019ceffe750 is pointing into the stack for thread: 0x00000199f8f34800
R12=0x0 is NULL
R13={method} {0x00000199fba37008} 'executeRunLoop0' '(Ljava/lang/Object;)V' in 'net/rubygrapefruit/platform/internal/jni/AbstractFileEventFunctions$NativeFileWatcher'
R14=0x0 is NULL
R15=0x00000199f8f34800 is a thread


Registers:
RAX=0x40b38800231214ac, RBX=0x0000000000000000, RCX=0x00000019d2cf99d8, RDX=0x0000000000000000
RSP=0x00000019ceffeaa0, RBP=0x00000019cefff468, RSI=0x00000019d2cf99d0, RDI=0x00000019d2cf9990
R8 =0x00000199da4f5a00, R9 =0x0000000000000001, R10=0x0000000000008000, R11=0x00000019ceffe750
R12=0x0000000000000000, R13=0x00000199fba37000, R14=0x0000000000000000, R15=0x00000199f8f34800
RIP=0x00007ffed88b63b0, EFLAGS=0x0000000000010286

Top of Stack: (sp=0x00000019ceffeaa0)
0x00000019ceffeaa0:   0000000000000000 00000199dfa8fa7a
0x00000019ceffeab0:   00000199f67a5990 00007ffed8893133
0x00000019ceffeac0:   00000199fa9b4618 000000008f980970
0x00000019ceffead0:   00003c3f68667ca3 00007ffed889da83
0x00000019ceffeae0:   00000019cefff490 00000019d2cf9990
0x00000019ceffeaf0:   00007ffed888f150 00007ffed88a709b
0x00000019ceffeb00:   00000019d2cf99d0 0000000080433708
0x00000019ceffeb10:   0000000000000000 00007ffed889bfae
0x00000019ceffeb20:   00000199fa9b4610 00007ffed88992a6
0x00000019ceffeb30:   00000019d2cf99d0 0000000000000000
0x00000019ceffeb40:   00000199fa9b4610 00007ffed88757b3
0x00000019ceffeb50:   0000000000000000 00007ffed88a64c2
0x00000019ceffeb60:   00000019ceffeba0 00000019d2cf99d0
0x00000019ceffeb70:   00000199f6434a20 0000000000000000
0x00000019ceffeb80:   000000008042c401 00000199f634fd50
0x00000019ceffeb90:   0000000000000000 00000019ceffebd8 

Instructions: (pc=0x00007ffed88b63b0)
0x00007ffed88b62b0:   7d 0b 00 48 89 01 48 83 c1 08 48 83 c4 28 48 ff
0x00007ffed88b62c0:   25 b3 7d 0f 00 48 8d 05 54 7d 0b 00 45 33 c0 48
0x00007ffed88b62d0:   89 01 ba a0 0f 00 00 48 83 c1 08 48 83 c4 28 48
0x00007ffed88b62e0:   ff 25 ba 7d 0f 00 e8 40 c3 fb ff cc cc cc cc cc
0x00007ffed88b62f0:   cc cc cc cc cc cc cc cc cc cc cc cc cc cc cc cc
0x00007ffed88b6300:   cc cc cc cc cc cc cc cc 48 83 c1 08 48 ff 25 9d
0x00007ffed88b6310:   7d 0f 00 cc cc cc cc cc c2 00 00 cc 48 83 c1 08
0x00007ffed88b6320:   48 ff 25 69 7d 0f 00 cc cc cc cc cc 48 83 c1 08
0x00007ffed88b6330:   48 ff 25 51 7d 0f 00 cc cc cc cc cc 48 89 5c 24
0x00007ffed88b6340:   18 56 57 41 56 48 83 ec 40 48 8b 05 f8 3e 0e 00
0x00007ffed88b6350:   48 33 c4 48 89 44 24 30 8b 01 4c 8b f2 0f ba f0
0x00007ffed88b6360:   08 48 8b f1 83 f8 01 75 2c ff 15 d1 7c 0f 00 39
0x00007ffed88b6370:   46 48 74 19 48 8d 4e 08 48 8b 01 48 8b 00 ff 15
0x00007ffed88b6380:   9c 9c 0f 00 ff 15 b6 7c 0f 00 89 46 48 ff 46 4c
0x00007ffed88b6390:   e9 f3 00 00 00 4d 85 f6 75 24 ff 15 a0 7c 0f 00
0x00007ffed88b63a0:   39 46 48 0f 84 9d 00 00 00 48 8d 4e 08 48 8b 01
0x00007ffed88b63b0:   48 8b 00 ff 15 67 9c 0f 00 e9 88 00 00 00 48 83
0x00007ffed88b63c0:   3a 00 7c 62 75 06 83 7a 08 00 7e 5a ba 01 00 00
0x00007ffed88b63d0:   00 48 8d 4c 24 20 e8 e0 e1 fb ff 48 8b 44 24 20
0x00007ffed88b63e0:   49 3b 06 7c 0c 75 7d 41 8b 46 08 39 44 24 28 7d
0x00007ffed88b63f0:   73 ff 15 49 7c 0f 00 39 46 48 74 4a 48 8b 46 08
0x00007ffed88b6400:   48 8d 54 24 20 49 8b ce 48 8b 58 10 e8 ef ec fb
0x00007ffed88b6410:   ff 8b d0 48 8d 4e 08 48 8b c3 ff 15 00 9c 0f 00
0x00007ffed88b6420:   84 c0 75 22 eb a6 ff 15 14 7c 0f 00 39 46 48 74
0x00007ffed88b6430:   15 48 8d 4e 08 48 8b 01 48 8b 40 08 ff 15 de 9b
0x00007ffed88b6440:   0f 00 84 c0 74 1e 8b 4e 4c 8d 41 01 89 46 4c 83
0x00007ffed88b6450:   f8 01 7e 2b f7 06 00 01 00 00 75 2c 89 4e 4c 4d
0x00007ffed88b6460:   85 f6 74 14 49 83 3e 00 75 07 41 83 7e 08 00 74
0x00007ffed88b6470:   07 b8 02 00 00 00 eb 12 b8 03 00 00 00 eb 0b ff
0x00007ffed88b6480:   15 bb 7b 0f 00 89 46 48 33 c0 48 8b 4c 24 30 48
0x00007ffed88b6490:   33 cc e8 47 d7 fb ff 48 8b 5c 24 70 48 83 c4 40
0x00007ffed88b64a0:   41 5e 5f 5e c3 cc cc cc cc cc cc cc cc cc cc cc 


Stack slot to memory mapping:
stack at sp + 0 slots: 0x0 is NULL
stack at sp + 1 slots: 0x00000199dfa8fa7a is at code_begin+2458 in an Interpreter codelet
method entry point (kind = native)  [0x00000199dfa8f0e0, 0x00000199dfa8fb60]  2688 bytes
stack at sp + 2 slots: {method} {0x00000199f67a5998} 'findEntry' '(Ljava/lang/String;)J' in 'java/lang/ClassLoader$NativeLibrary'
stack at sp + 3 slots: 0x00007ffed8893133 native-platform-file-events.dll
stack at sp + 4 slots: 0x00000199fa9b4618 points into unknown readable memory: 0x00000199fa9b4610 | 10 46 9b fa 99 01 00 00
stack at sp + 5 slots: 0x000000008f980970 is pointing into object: [B 
{0x000000008f9808c8} - klass: {type array byte}
 - length: 172
stack at sp + 6 slots: 0x00003c3f68667ca3 is an unknown value
stack at sp + 7 slots: 0x00007ffed889da83 native-platform-file-events.dll


---------------  P R O C E S S  ---------------

Threads class SMR info:
_java_thread_list=0x00000199fbf77d70, length=88, elements={
0x00000199da773800, 0x00000199f6b69000, 0x00000199f6b6a800, 0x00000199f6bc4800,
0x00000199f6bc7000, 0x00000199f6bca000, 0x00000199f6bef800, 0x00000199f6bf4800,
0x00000199f6bfa000, 0x00000199f6d5f000, 0x00000199f8745800, 0x00000199f9417800,
0x00000199f9e7c800, 0x00000199f9bd0800, 0x00000199f8f05800, 0x00000199f8f33800,
0x00000199f8f38800, 0x00000199f8f37800, 0x00000199f8f34800, 0x00000199f8f33000,
0x00000199f8f35000, 0x00000199f8f36000, 0x00000199f8f37000, 0x00000199f8f39800,
0x00000199fab72000, 0x00000199fab73000, 0x00000199f82dc000, 0x00000199f82de800,
0x00000199f82db800, 0x0000019980cdd000, 0x0000019980ce3000, 0x0000019980cde000,
0x0000019980ce4000, 0x0000019980cdf800, 0x0000019980ce4800, 0x0000019980ce1800,
0x0000019980ce5800, 0x0000019980ce6000, 0x0000019980ce7000, 0x0000019980ce8000,
0x0000019980ce2000, 0x0000019980ce8800, 0x0000019980ce9800, 0x0000019980ceb000,
0x0000019980cea800, 0x0000019980cec000, 0x00000199f82d6800, 0x00000199f82d0800,
0x00000199f82d7800, 0x00000199f82d3000, 0x00000199f82d5000, 0x00000199f82d2800,
0x00000199f82d5800, 0x00000199f82d1800, 0x00000199f82d8000, 0x00000199f82d9800,
0x00000199f82d4000, 0x00000199f82d9000, 0x00000199f82dd000, 0x00000199f82de000,
0x00000199f82df800, 0x00000199f82da800, 0x00000199fab78000, 0x00000199fab78800,
0x00000199fab79800, 0x00000199fab73800, 0x00000199fab7a800, 0x00000199fab75800,
0x00000199fab76000, 0x00000199fab74800, 0x00000199fab7b000, 0x00000199fab7f000,
0x00000199fab7c000, 0x00000199fab7c800, 0x00000199fab7e800, 0x00000199fab7d800,
0x0000019980528000, 0x0000019980528800, 0x0000019980526000, 0x000001998052b000,
0x0000019980529800, 0x000001998052c000, 0x0000019980527000, 0x000001998052d800,
0x000001998052f000, 0x000001998052e800, 0x0000019980530000, 0x000001998052a800
}

Java Threads: ( => current thread )
  0x00000199da773800 JavaThread "main" [_thread_blocked, id=5680, stack(0x00000019cca00000,0x00000019ccb00000)]
  0x00000199f6b69000 JavaThread "Reference Handler" daemon [_thread_blocked, id=6988, stack(0x00000019cd400000,0x00000019cd500000)]
  0x00000199f6b6a800 JavaThread "Finalizer" daemon [_thread_blocked, id=12184, stack(0x00000019cd500000,0x00000019cd600000)]
  0x00000199f6bc4800 JavaThread "Signal Dispatcher" daemon [_thread_blocked, id=11680, stack(0x00000019cd600000,0x00000019cd700000)]
  0x00000199f6bc7000 JavaThread "Attach Listener" daemon [_thread_blocked, id=5716, stack(0x00000019cd700000,0x00000019cd800000)]
  0x00000199f6bca000 JavaThread "Service Thread" daemon [_thread_blocked, id=11840, stack(0x00000019cd800000,0x00000019cd900000)]
  0x00000199f6bef800 JavaThread "C2 CompilerThread0" daemon [_thread_blocked, id=10688, stack(0x00000019cd900000,0x00000019cda00000)]
  0x00000199f6bf4800 JavaThread "C1 CompilerThread0" daemon [_thread_blocked, id=3108, stack(0x00000019cda00000,0x00000019cdb00000)]
  0x00000199f6bfa000 JavaThread "Sweeper thread" daemon [_thread_blocked, id=12452, stack(0x00000019cdb00000,0x00000019cdc00000)]
  0x00000199f6d5f000 JavaThread "Common-Cleaner" daemon [_thread_blocked, id=12460, stack(0x00000019cdc00000,0x00000019cdd00000)]
  0x00000199f8745800 JavaThread "Daemon health stats" [_thread_blocked, id=13360, stack(0x00000019ce200000,0x00000019ce300000)]
  0x00000199f9417800 JavaThread "Incoming local TCP Connector on port 60528" [_thread_in_native, id=12832, stack(0x00000019ce300000,0x00000019ce400000)]
  0x00000199f9e7c800 JavaThread "Daemon periodic checks" [_thread_blocked, id=13140, stack(0x00000019ce400000,0x00000019ce500000)]
  0x00000199f9bd0800 JavaThread "Daemon" [_thread_blocked, id=13136, stack(0x00000019ce500000,0x00000019ce600000)]
  0x00000199f8f05800 JavaThread "Daemon worker" [_thread_blocked, id=13696, stack(0x00000019ce800000,0x00000019ce900000)]
  0x00000199f8f33800 JavaThread "Cache worker for journal cache (C:\Users\it_04\.gradle\caches\journal-1)" [_thread_blocked, id=3384, stack(0x00000019cec00000,0x00000019ced00000)]
  0x00000199f8f38800 JavaThread "File lock request listener" [_thread_in_native, id=12684, stack(0x00000019ced00000,0x00000019cee00000)]
  0x00000199f8f37800 JavaThread "Cache worker for file hash cache (C:\Users\it_04\.gradle\caches\7.5\fileHashes)" [_thread_blocked, id=12728, stack(0x00000019cee00000,0x00000019cef00000)]
=>0x00000199f8f34800 JavaThread "File watcher server" daemon [_thread_in_native, id=12080, stack(0x00000019cef00000,0x00000019cf000000)]
  0x00000199f8f33000 JavaThread "File watcher consumer" daemon [_thread_blocked, id=7512, stack(0x00000019cf000000,0x00000019cf100000)]
  0x00000199f8f35000 JavaThread "jar transforms" [_thread_blocked, id=11604, stack(0x00000019cf100000,0x00000019cf200000)]
  0x00000199f8f36000 JavaThread "jar transforms Thread 2" [_thread_blocked, id=8632, stack(0x00000019cf200000,0x00000019cf300000)]
  0x00000199f8f37000 JavaThread "jar transforms Thread 3" [_thread_blocked, id=10068, stack(0x00000019cf300000,0x00000019cf400000)]
  0x00000199f8f39800 JavaThread "jar transforms Thread 4" [_thread_blocked, id=12444, stack(0x00000019cf400000,0x00000019cf500000)]
  0x00000199fab72000 JavaThread "Cache worker for file content cache (C:\Users\it_04\.gradle\caches\7.5\fileContent)" [_thread_blocked, id=13732, stack(0x00000019cf600000,0x00000019cf700000)]
  0x00000199fab73000 JavaThread "Cache worker for execution history cache (C:\Users\it_04\.gradle\caches\7.5\executionHistory)" [_thread_blocked, id=13296, stack(0x00000019cfa00000,0x00000019cfb00000)]
  0x00000199f82dc000 JavaThread "Memory manager" [_thread_blocked, id=13024, stack(0x00000019d2600000,0x00000019d2700000)]
  0x00000199f82de800 JavaThread "pool-3-thread-1" [_thread_blocked, id=13036, stack(0x00000019d2700000,0x00000019d2800000)]
  0x00000199f82db800 JavaThread "included builds" [_thread_blocked, id=13044, stack(0x00000019d2800000,0x00000019d2900000)]
  0x0000019980cdd000 JavaThread "Handler for socket connection from /127.0.0.1:60528 to /127.0.0.1:60549" [_thread_in_native, id=14092, stack(0x00000019cde00000,0x00000019cdf00000)]
  0x0000019980ce3000 JavaThread "Cancel handler" [_thread_blocked, id=14040, stack(0x00000019ce600000,0x00000019ce700000)]
  0x0000019980cde000 JavaThread "Asynchronous log dispatcher for DefaultDaemonConnection: socket connection from /127.0.0.1:60528 to /127.0.0.1:60549" [_thread_blocked, id=14064, stack(0x00000019ce700000,0x00000019ce800000)]
  0x0000019980ce4000 JavaThread "Stdin handler" [_thread_blocked, id=11620, stack(0x00000019ce900000,0x00000019cea00000)]
  0x0000019980cdf800 JavaThread "Daemon client event forwarder" [_thread_blocked, id=13204, stack(0x00000019cea00000,0x00000019ceb00000)]
  0x0000019980ce4800 JavaThread "Cache worker for checksums cache (D:\SourceAndroid\KyThuat\.gradle\7.5\checksums)" [_thread_blocked, id=10952, stack(0x00000019cf500000,0x00000019cf600000)]
  0x0000019980ce1800 JavaThread "Cache worker for cache directory md-rule (C:\Users\it_04\.gradle\caches\7.5\md-rule)" [_thread_blocked, id=11608, stack(0x00000019cf700000,0x00000019cf800000)]
  0x0000019980ce5800 JavaThread "Cache worker for file hash cache (D:\SourceAndroid\KyThuat\.gradle\7.5\fileHashes)" [_thread_blocked, id=4864, stack(0x00000019cf800000,0x00000019cf900000)]
  0x0000019980ce6000 JavaThread "Cache worker for cache directory md-supplier (C:\Users\it_04\.gradle\caches\7.5\md-supplier)" [_thread_blocked, id=12868, stack(0x00000019cf900000,0x00000019cfa00000)]
  0x0000019980ce7000 JavaThread "Cache worker for dependencies-accessors (D:\SourceAndroid\KyThuat\.gradle\7.5\dependencies-accessors)" [_thread_blocked, id=12632, stack(0x00000019cfb00000,0x00000019cfc00000)]
  0x0000019980ce8000 JavaThread "Cache worker for Build Output Cleanup Cache (D:\SourceAndroid\KyThuat\.gradle\buildOutputCleanup)" [_thread_blocked, id=12472, stack(0x00000019cfd00000,0x00000019cfe00000)]
  0x0000019980ce2000 JavaThread "Unconstrained build operations" [_thread_blocked, id=1888, stack(0x00000019cfe00000,0x00000019cff00000)]
  0x0000019980ce8800 JavaThread "Unconstrained build operations Thread 2" [_thread_blocked, id=12700, stack(0x00000019cff00000,0x00000019d0000000)]
  0x0000019980ce9800 JavaThread "Unconstrained build operations Thread 3" [_thread_blocked, id=12476, stack(0x00000019d0000000,0x00000019d0100000)]
  0x0000019980ceb000 JavaThread "Unconstrained build operations Thread 4" [_thread_blocked, id=12644, stack(0x00000019d0100000,0x00000019d0200000)]
  0x0000019980cea800 JavaThread "Unconstrained build operations Thread 5" [_thread_blocked, id=13108, stack(0x00000019d0200000,0x00000019d0300000)]
  0x0000019980cec000 JavaThread "Unconstrained build operations Thread 6" [_thread_blocked, id=12640, stack(0x00000019d0300000,0x00000019d0400000)]
  0x00000199f82d6800 JavaThread "Unconstrained build operations Thread 7" [_thread_blocked, id=10612, stack(0x00000019d0400000,0x00000019d0500000)]
  0x00000199f82d0800 JavaThread "Unconstrained build operations Thread 8" [_thread_blocked, id=10236, stack(0x00000019d0500000,0x00000019d0600000)]
  0x00000199f82d7800 JavaThread "Unconstrained build operations Thread 9" [_thread_blocked, id=11756, stack(0x00000019d0600000,0x00000019d0700000)]
  0x00000199f82d3000 JavaThread "Unconstrained build operations Thread 10" [_thread_blocked, id=11952, stack(0x00000019d0700000,0x00000019d0800000)]
  0x00000199f82d5000 JavaThread "Unconstrained build operations Thread 11" [_thread_blocked, id=12592, stack(0x00000019d0800000,0x00000019d0900000)]
  0x00000199f82d2800 JavaThread "Unconstrained build operations Thread 12" [_thread_blocked, id=11964, stack(0x00000019d0900000,0x00000019d0a00000)]
  0x00000199f82d5800 JavaThread "Unconstrained build operations Thread 13" [_thread_blocked, id=12888, stack(0x00000019d0a00000,0x00000019d0b00000)]
  0x00000199f82d1800 JavaThread "Unconstrained build operations Thread 14" [_thread_blocked, id=12860, stack(0x00000019d0b00000,0x00000019d0c00000)]
  0x00000199f82d8000 JavaThread "Unconstrained build operations Thread 15" [_thread_blocked, id=11768, stack(0x00000019d0c00000,0x00000019d0d00000)]
  0x00000199f82d9800 JavaThread "Unconstrained build operations Thread 16" [_thread_blocked, id=13412, stack(0x00000019d0d00000,0x00000019d0e00000)]
  0x00000199f82d4000 JavaThread "Unconstrained build operations Thread 17" [_thread_blocked, id=13368, stack(0x00000019d0e00000,0x00000019d0f00000)]
  0x00000199f82d9000 JavaThread "Unconstrained build operations Thread 18" [_thread_blocked, id=14308, stack(0x00000019d0f00000,0x00000019d1000000)]
  0x00000199f82dd000 JavaThread "Unconstrained build operations Thread 19" [_thread_blocked, id=1528, stack(0x00000019d1000000,0x00000019d1100000)]
  0x00000199f82de000 JavaThread "Unconstrained build operations Thread 20" [_thread_blocked, id=10084, stack(0x00000019d1100000,0x00000019d1200000)]
  0x00000199f82df800 JavaThread "Unconstrained build operations Thread 21" [_thread_blocked, id=12652, stack(0x00000019d1200000,0x00000019d1300000)]
  0x00000199f82da800 JavaThread "Unconstrained build operations Thread 22" [_thread_blocked, id=13436, stack(0x00000019d1300000,0x00000019d1400000)]
  0x00000199fab78000 JavaThread "Unconstrained build operations Thread 23" [_thread_blocked, id=13364, stack(0x00000019d1400000,0x00000019d1500000)]
  0x00000199fab78800 JavaThread "Unconstrained build operations Thread 24" [_thread_blocked, id=13416, stack(0x00000019d1500000,0x00000019d1600000)]
  0x00000199fab79800 JavaThread "Unconstrained build operations Thread 25" [_thread_blocked, id=13456, stack(0x00000019d1600000,0x00000019d1700000)]
  0x00000199fab73800 JavaThread "Unconstrained build operations Thread 26" [_thread_blocked, id=14216, stack(0x00000019d1700000,0x00000019d1800000)]
  0x00000199fab7a800 JavaThread "Unconstrained build operations Thread 27" [_thread_blocked, id=13452, stack(0x00000019d1800000,0x00000019d1900000)]
  0x00000199fab75800 JavaThread "Unconstrained build operations Thread 28" [_thread_blocked, id=14004, stack(0x00000019d1900000,0x00000019d1a00000)]
  0x00000199fab76000 JavaThread "Unconstrained build operations Thread 29" [_thread_blocked, id=14000, stack(0x00000019d1a00000,0x00000019d1b00000)]
  0x00000199fab74800 JavaThread "Unconstrained build operations Thread 30" [_thread_blocked, id=8268, stack(0x00000019d1b00000,0x00000019d1c00000)]
  0x00000199fab7b000 JavaThread "Unconstrained build operations Thread 31" [_thread_blocked, id=11472, stack(0x00000019d1c00000,0x00000019d1d00000)]
  0x00000199fab7f000 JavaThread "Unconstrained build operations Thread 32" [_thread_blocked, id=12908, stack(0x00000019d1d00000,0x00000019d1e00000)]
  0x00000199fab7c000 JavaThread "Unconstrained build operations Thread 33" [_thread_blocked, id=13972, stack(0x00000019d1e00000,0x00000019d1f00000)]
  0x00000199fab7c800 JavaThread "Unconstrained build operations Thread 34" [_thread_blocked, id=4420, stack(0x00000019d1f00000,0x00000019d2000000)]
  0x00000199fab7e800 JavaThread "Unconstrained build operations Thread 35" [_thread_blocked, id=13616, stack(0x00000019d2000000,0x00000019d2100000)]
  0x00000199fab7d800 JavaThread "Unconstrained build operations Thread 36" [_thread_blocked, id=13620, stack(0x00000019d2100000,0x00000019d2200000)]
  0x0000019980528000 JavaThread "Unconstrained build operations Thread 37" [_thread_blocked, id=14032, stack(0x00000019d2200000,0x00000019d2300000)]
  0x0000019980528800 JavaThread "Unconstrained build operations Thread 38" [_thread_blocked, id=14212, stack(0x00000019d2300000,0x00000019d2400000)]
  0x0000019980526000 JavaThread "Unconstrained build operations Thread 39" [_thread_blocked, id=12032, stack(0x00000019d2400000,0x00000019d2500000)]
  0x000001998052b000 JavaThread "Unconstrained build operations Thread 40" [_thread_blocked, id=3052, stack(0x00000019d2500000,0x00000019d2600000)]
  0x0000019980529800 JavaThread "build event listener" [_thread_blocked, id=3032, stack(0x00000019d2900000,0x00000019d2a00000)]
  0x000001998052c000 JavaThread "pool-6-thread-1" [_thread_blocked, id=13372, stack(0x00000019d2a00000,0x00000019d2b00000)]
  0x0000019980527000 JavaThread "build event listener" [_thread_blocked, id=10212, stack(0x00000019d2b00000,0x00000019d2c00000)]
  0x000001998052d800 JavaThread "included builds" [_thread_in_native, id=11360, stack(0x00000019d2c00000,0x00000019d2d00000)]
  0x000001998052f000 JavaThread "Execution worker" [_thread_blocked, id=2300, stack(0x00000019d2d00000,0x00000019d2e00000)]
  0x000001998052e800 JavaThread "Execution worker Thread 2" [_thread_blocked, id=12892, stack(0x00000019d2e00000,0x00000019d2f00000)]
  0x0000019980530000 JavaThread "Execution worker Thread 3" [_thread_blocked, id=12160, stack(0x00000019d2f00000,0x00000019d3000000)]
  0x000001998052a800 JavaThread "Cache worker for execution history cache (D:\SourceAndroid\KyThuat\.gradle\7.5\executionHistory)" [_thread_blocked, id=10860, stack(0x00000019d3000000,0x00000019d3100000)]

Other Threads:
  0x00000199f6b66800 VMThread "VM Thread" [stack: 0x00000019cd300000,0x00000019cd400000] [id=2716]
  0x00000199f6d80000 WatcherThread [stack: 0x00000019cdd00000,0x00000019cde00000] [id=14152]
  0x00000199da78d000 GCTaskThread "GC Thread#0" [stack: 0x00000019cce00000,0x00000019ccf00000] [id=13464]
  0x00000199f7919000 GCTaskThread "GC Thread#1" [stack: 0x00000019cdf00000,0x00000019ce000000] [id=13728]
  0x00000199f70fe800 GCTaskThread "GC Thread#2" [stack: 0x00000019ce000000,0x00000019ce100000] [id=13996]
  0x00000199f70ff800 GCTaskThread "GC Thread#3" [stack: 0x00000019ce100000,0x00000019ce200000] [id=11444]
  0x00000199da7bc800 ConcurrentGCThread "G1 Main Marker" [stack: 0x00000019ccf00000,0x00000019cd000000] [id=13460]
  0x00000199da7bf000 ConcurrentGCThread "G1 Conc#0" [stack: 0x00000019cd000000,0x00000019cd100000] [id=13944]
  0x00000199f61aa800 ConcurrentGCThread "G1 Refine#0" [stack: 0x00000019cd100000,0x00000019cd200000] [id=13668]
  0x00000199fa056800 ConcurrentGCThread "G1 Refine#1" [stack: 0x00000019cfc00000,0x00000019cfd00000] [id=14104]
  0x00000199f61ab800 ConcurrentGCThread "G1 Young RemSet Sampling" [stack: 0x00000019cd200000,0x00000019cd300000] [id=12148]

Threads with active compile tasks:

VM state:not at safepoint (normal execution)

VM Mutex/Monitor currently owned by a thread: None

Heap address: 0x0000000080000000, size: 2048 MB, Compressed Oops mode: 32-bit
Narrow klass base: 0x0000000000000000, Narrow klass shift: 3
Compressed class space size: 1073741824 Address: 0x0000000100000000

Heap:
 garbage-first heap   total 260096K, used 214162K [0x0000000080000000, 0x0000000100000000)
  region size 1024K, 29 young (29696K), 5 survivors (5120K)
 Metaspace       used 106325K, capacity 109462K, committed 109672K, reserved 1144832K
  class space    used 13270K, capacity 14301K, committed 14360K, reserved 1048576K
Heap Regions: E=young(eden), S=young(survivor), O=old, HS=humongous(starts), HC=humongous(continues), CS=collection set, F=free, A=archive, TAMS=top-at-mark-start (previous, next)
|   0|0x0000000080000000, 0x0000000080100000, 0x0000000080100000|100%|HS|  |TAMS 0x0000000080100000, 0x0000000080000000| Complete 
|   1|0x0000000080100000, 0x0000000080200000, 0x0000000080200000|100%|HC|  |TAMS 0x0000000080200000, 0x0000000080100000| Complete 
|   2|0x0000000080200000, 0x0000000080300000, 0x0000000080300000|100%|HC|  |TAMS 0x0000000080300000, 0x0000000080200000| Complete 
|   3|0x0000000080300000, 0x0000000080400000, 0x0000000080400000|100%| O|  |TAMS 0x0000000080400000, 0x0000000080300000| Untracked 
|   4|0x0000000080400000, 0x0000000080500000, 0x0000000080500000|100%| O|  |TAMS 0x0000000080500000, 0x0000000080400000| Untracked 
|   5|0x0000000080500000, 0x0000000080600000, 0x0000000080600000|100%| O|  |TAMS 0x0000000080600000, 0x0000000080500000| Untracked 
|   6|0x0000000080600000, 0x0000000080700000, 0x0000000080700000|100%| O|  |TAMS 0x0000000080700000, 0x0000000080600000| Untracked 
|   7|0x0000000080700000, 0x0000000080800000, 0x0000000080800000|100%| O|  |TAMS 0x0000000080800000, 0x0000000080700000| Untracked 
|   8|0x0000000080800000, 0x0000000080900000, 0x0000000080900000|100%| O|  |TAMS 0x0000000080900000, 0x0000000080800000| Untracked 
|   9|0x0000000080900000, 0x0000000080a00000, 0x0000000080a00000|100%| O|  |TAMS 0x0000000080a00000, 0x0000000080900000| Untracked 
|  10|0x0000000080a00000, 0x0000000080b00000, 0x0000000080b00000|100%| O|  |TAMS 0x0000000080b00000, 0x0000000080a00000| Untracked 
|  11|0x0000000080b00000, 0x0000000080c00000, 0x0000000080c00000|100%| O|  |TAMS 0x0000000080c00000, 0x0000000080b00000| Untracked 
|  12|0x0000000080c00000, 0x0000000080d00000, 0x0000000080d00000|100%| O|  |TAMS 0x0000000080d00000, 0x0000000080c00000| Untracked 
|  13|0x0000000080d00000, 0x0000000080e00000, 0x0000000080e00000|100%| O|  |TAMS 0x0000000080e00000, 0x0000000080d00000| Untracked 
|  14|0x0000000080e00000, 0x0000000080f00000, 0x0000000080f00000|100%| O|  |TAMS 0x0000000080f00000, 0x0000000080e00000| Untracked 
|  15|0x0000000080f00000, 0x0000000081000000, 0x0000000081000000|100%| O|  |TAMS 0x0000000081000000, 0x0000000080f00000| Untracked 
|  16|0x0000000081000000, 0x0000000081100000, 0x0000000081100000|100%|HS|  |TAMS 0x0000000081100000, 0x0000000081000000| Complete 
|  17|0x0000000081100000, 0x0000000081200000, 0x0000000081200000|100%|HC|  |TAMS 0x0000000081200000, 0x0000000081100000| Complete 
|  18|0x0000000081200000, 0x0000000081300000, 0x0000000081300000|100%|HS|  |TAMS 0x0000000081300000, 0x0000000081200000| Complete 
|  19|0x0000000081300000, 0x0000000081400000, 0x0000000081400000|100%|HC|  |TAMS 0x0000000081400000, 0x0000000081300000| Complete 
|  20|0x0000000081400000, 0x0000000081500000, 0x0000000081500000|100%|HC|  |TAMS 0x0000000081500000, 0x0000000081400000| Complete 
|  21|0x0000000081500000, 0x0000000081600000, 0x0000000081600000|100%|HS|  |TAMS 0x0000000081600000, 0x0000000081500000| Complete 
|  22|0x0000000081600000, 0x0000000081700000, 0x0000000081700000|100%|HC|  |TAMS 0x0000000081700000, 0x0000000081600000| Complete 
|  23|0x0000000081700000, 0x0000000081800000, 0x0000000081800000|100%|HC|  |TAMS 0x0000000081800000, 0x0000000081700000| Complete 
|  24|0x0000000081800000, 0x0000000081900000, 0x0000000081900000|100%|HS|  |TAMS 0x0000000081900000, 0x0000000081800000| Complete 
|  25|0x0000000081900000, 0x0000000081a00000, 0x0000000081a00000|100%|HC|  |TAMS 0x0000000081a00000, 0x0000000081900000| Complete 
|  26|0x0000000081a00000, 0x0000000081b00000, 0x0000000081b00000|100%|HS|  |TAMS 0x0000000081b00000, 0x0000000081a00000| Complete 
|  27|0x0000000081b00000, 0x0000000081c00000, 0x0000000081c00000|100%|HC|  |TAMS 0x0000000081c00000, 0x0000000081b00000| Complete 
|  28|0x0000000081c00000, 0x0000000081d00000, 0x0000000081d00000|100%|HC|  |TAMS 0x0000000081d00000, 0x0000000081c00000| Complete 
|  29|0x0000000081d00000, 0x0000000081e00000, 0x0000000081e00000|100%|HC|  |TAMS 0x0000000081e00000, 0x0000000081d00000| Complete 
|  30|0x0000000081e00000, 0x0000000081f00000, 0x0000000081f00000|100%|HC|  |TAMS 0x0000000081f00000, 0x0000000081e00000| Complete 
|  31|0x0000000081f00000, 0x0000000082000000, 0x0000000082000000|100%|HC|  |TAMS 0x0000000082000000, 0x0000000081f00000| Complete 
|  32|0x0000000082000000, 0x0000000082100000, 0x0000000082100000|100%|HC|  |TAMS 0x0000000082100000, 0x0000000082000000| Complete 
|  33|0x0000000082100000, 0x0000000082200000, 0x0000000082200000|100%|HC|  |TAMS 0x0000000082200000, 0x0000000082100000| Complete 
|  34|0x0000000082200000, 0x0000000082300000, 0x0000000082300000|100%|HC|  |TAMS 0x0000000082300000, 0x0000000082200000| Complete 
|  35|0x0000000082300000, 0x0000000082400000, 0x0000000082400000|100%|HC|  |TAMS 0x0000000082400000, 0x0000000082300000| Complete 
|  36|0x0000000082400000, 0x0000000082500000, 0x0000000082500000|100%|HS|  |TAMS 0x0000000082500000, 0x0000000082400000| Complete 
|  37|0x0000000082500000, 0x0000000082600000, 0x0000000082600000|100%|HC|  |TAMS 0x0000000082600000, 0x0000000082500000| Complete 
|  38|0x0000000082600000, 0x0000000082700000, 0x0000000082700000|100%|HS|  |TAMS 0x0000000082700000, 0x0000000082600000| Complete 
|  39|0x0000000082700000, 0x0000000082800000, 0x0000000082800000|100%|HC|  |TAMS 0x0000000082800000, 0x0000000082700000| Complete 
|  40|0x0000000082800000, 0x0000000082900000, 0x0000000082900000|100%|HC|  |TAMS 0x0000000082900000, 0x0000000082800000| Complete 
|  41|0x0000000082900000, 0x0000000082a00000, 0x0000000082a00000|100%|HC|  |TAMS 0x0000000082a00000, 0x0000000082900000| Complete 
|  42|0x0000000082a00000, 0x0000000082b00000, 0x0000000082b00000|100%|HC|  |TAMS 0x0000000082b00000, 0x0000000082a00000| Complete 
|  43|0x0000000082b00000, 0x0000000082c00000, 0x0000000082c00000|100%| O|  |TAMS 0x0000000082c00000, 0x0000000082b00000| Untracked 
|  44|0x0000000082c00000, 0x0000000082d00000, 0x0000000082d00000|100%| O|  |TAMS 0x0000000082d00000, 0x0000000082c00000| Untracked 
|  45|0x0000000082d00000, 0x0000000082e00000, 0x0000000082e00000|100%| O|  |TAMS 0x0000000082e00000, 0x0000000082d00000| Untracked 
|  46|0x0000000082e00000, 0x0000000082f00000, 0x0000000082f00000|100%| O|  |TAMS 0x0000000082f00000, 0x0000000082e00000| Untracked 
|  47|0x0000000082f00000, 0x0000000083000000, 0x0000000083000000|100%| O|  |TAMS 0x0000000083000000, 0x0000000082f00000| Untracked 
|  48|0x0000000083000000, 0x0000000083100000, 0x0000000083100000|100%| O|  |TAMS 0x0000000083100000, 0x0000000083000000| Untracked 
|  49|0x0000000083100000, 0x0000000083200000, 0x0000000083200000|100%| O|  |TAMS 0x0000000083200000, 0x0000000083100000| Untracked 
|  50|0x0000000083200000, 0x0000000083300000, 0x0000000083300000|100%| O|  |TAMS 0x0000000083300000, 0x0000000083200000| Untracked 
|  51|0x0000000083300000, 0x0000000083400000, 0x0000000083400000|100%| O|  |TAMS 0x0000000083400000, 0x0000000083300000| Untracked 
|  52|0x0000000083400000, 0x0000000083500000, 0x0000000083500000|100%| O|  |TAMS 0x0000000083500000, 0x0000000083400000| Untracked 
|  53|0x0000000083500000, 0x0000000083600000, 0x0000000083600000|100%|HS|  |TAMS 0x0000000083600000, 0x0000000083500000| Complete 
|  54|0x0000000083600000, 0x0000000083700000, 0x0000000083700000|100%|HC|  |TAMS 0x0000000083700000, 0x0000000083600000| Complete 
|  55|0x0000000083700000, 0x0000000083800000, 0x0000000083800000|100%|HC|  |TAMS 0x0000000083800000, 0x0000000083700000| Complete 
|  56|0x0000000083800000, 0x0000000083900000, 0x0000000083900000|100%|HC|  |TAMS 0x0000000083900000, 0x0000000083800000| Complete 
|  57|0x0000000083900000, 0x0000000083a00000, 0x0000000083a00000|100%|HC|  |TAMS 0x0000000083a00000, 0x0000000083900000| Complete 
|  58|0x0000000083a00000, 0x0000000083b00000, 0x0000000083b00000|100%|HC|  |TAMS 0x0000000083b00000, 0x0000000083a00000| Complete 
|  59|0x0000000083b00000, 0x0000000083c00000, 0x0000000083c00000|100%|HC|  |TAMS 0x0000000083c00000, 0x0000000083b00000| Complete 
|  60|0x0000000083c00000, 0x0000000083d00000, 0x0000000083d00000|100%|HC|  |TAMS 0x0000000083d00000, 0x0000000083c00000| Complete 
|  61|0x0000000083d00000, 0x0000000083e00000, 0x0000000083e00000|100%|HC|  |TAMS 0x0000000083e00000, 0x0000000083d00000| Complete 
|  62|0x0000000083e00000, 0x0000000083f00000, 0x0000000083f00000|100%|HC|  |TAMS 0x0000000083f00000, 0x0000000083e00000| Complete 
|  63|0x0000000083f00000, 0x0000000084000000, 0x0000000084000000|100%|HS|  |TAMS 0x0000000084000000, 0x0000000083f00000| Complete 
|  64|0x0000000084000000, 0x0000000084100000, 0x0000000084100000|100%|HC|  |TAMS 0x0000000084100000, 0x0000000084000000| Complete 
|  65|0x0000000084100000, 0x0000000084200000, 0x0000000084200000|100%|HS|  |TAMS 0x0000000084200000, 0x0000000084100000| Complete 
|  66|0x0000000084200000, 0x0000000084300000, 0x0000000084300000|100%|HC|  |TAMS 0x0000000084300000, 0x0000000084200000| Complete 
|  67|0x0000000084300000, 0x0000000084400000, 0x0000000084400000|100%|HC|  |TAMS 0x0000000084400000, 0x0000000084300000| Complete 
|  68|0x0000000084400000, 0x0000000084500000, 0x0000000084500000|100%|HS|  |TAMS 0x0000000084500000, 0x0000000084400000| Complete 
|  69|0x0000000084500000, 0x0000000084600000, 0x0000000084600000|100%|HC|  |TAMS 0x0000000084600000, 0x0000000084500000| Complete 
|  70|0x0000000084600000, 0x0000000084700000, 0x0000000084700000|100%|HS|  |TAMS 0x0000000084700000, 0x0000000084600000| Complete 
|  71|0x0000000084700000, 0x0000000084800000, 0x0000000084800000|100%|HC|  |TAMS 0x0000000084800000, 0x0000000084700000| Complete 
|  72|0x0000000084800000, 0x0000000084900000, 0x0000000084900000|100%|HC|  |TAMS 0x0000000084900000, 0x0000000084800000| Complete 
|  73|0x0000000084900000, 0x0000000084a00000, 0x0000000084a00000|100%|HS|  |TAMS 0x0000000084a00000, 0x0000000084900000| Complete 
|  74|0x0000000084a00000, 0x0000000084b00000, 0x0000000084b00000|100%|HS|  |TAMS 0x0000000084b00000, 0x0000000084a00000| Complete 
|  75|0x0000000084b00000, 0x0000000084c00000, 0x0000000084c00000|100%|HC|  |TAMS 0x0000000084c00000, 0x0000000084b00000| Complete 
|  76|0x0000000084c00000, 0x0000000084d00000, 0x0000000084d00000|100%|HC|  |TAMS 0x0000000084d00000, 0x0000000084c00000| Complete 
|  77|0x0000000084d00000, 0x0000000084e00000, 0x0000000084e00000|100%|HC|  |TAMS 0x0000000084e00000, 0x0000000084d00000| Complete 
|  78|0x0000000084e00000, 0x0000000084f00000, 0x0000000084f00000|100%|HC|  |TAMS 0x0000000084f00000, 0x0000000084e00000| Complete 
|  79|0x0000000084f00000, 0x0000000085000000, 0x0000000085000000|100%| O|  |TAMS 0x0000000085000000, 0x0000000084f00000| Untracked 
|  80|0x0000000085000000, 0x0000000085100000, 0x0000000085100000|100%| O|  |TAMS 0x0000000085100000, 0x0000000085000000| Untracked 
|  81|0x0000000085100000, 0x0000000085200000, 0x0000000085200000|100%|HS|  |TAMS 0x0000000085200000, 0x0000000085100000| Complete 
|  82|0x0000000085200000, 0x0000000085300000, 0x0000000085300000|100%| O|  |TAMS 0x0000000085300000, 0x0000000085200000| Untracked 
|  83|0x0000000085300000, 0x0000000085400000, 0x0000000085400000|100%|HS|  |TAMS 0x0000000085400000, 0x0000000085300000| Complete 
|  84|0x0000000085400000, 0x0000000085500000, 0x0000000085500000|100%|HC|  |TAMS 0x0000000085500000, 0x0000000085400000| Complete 
|  85|0x0000000085500000, 0x0000000085600000, 0x0000000085600000|100%| O|  |TAMS 0x0000000085600000, 0x0000000085500000| Untracked 
|  86|0x0000000085600000, 0x0000000085700000, 0x0000000085700000|100%| O|  |TAMS 0x0000000085700000, 0x0000000085600000| Untracked 
|  87|0x0000000085700000, 0x0000000085800000, 0x0000000085800000|100%| O|  |TAMS 0x0000000085800000, 0x0000000085700000| Untracked 
|  88|0x0000000085800000, 0x0000000085900000, 0x0000000085900000|100%| O|  |TAMS 0x0000000085900000, 0x0000000085800000| Untracked 
|  89|0x0000000085900000, 0x0000000085a00000, 0x0000000085a00000|100%| O|  |TAMS 0x0000000085a00000, 0x0000000085900000| Untracked 
|  90|0x0000000085a00000, 0x0000000085b00000, 0x0000000085b00000|100%| O|  |TAMS 0x0000000085b00000, 0x0000000085a00000| Untracked 
|  91|0x0000000085b00000, 0x0000000085c00000, 0x0000000085c00000|100%| O|  |TAMS 0x0000000085c00000, 0x0000000085b00000| Untracked 
|  92|0x0000000085c00000, 0x0000000085d00000, 0x0000000085d00000|100%| O|  |TAMS 0x0000000085d00000, 0x0000000085c00000| Untracked 
|  93|0x0000000085d00000, 0x0000000085e00000, 0x0000000085e00000|100%| O|  |TAMS 0x0000000085e00000, 0x0000000085d00000| Untracked 
|  94|0x0000000085e00000, 0x0000000085f00000, 0x0000000085f00000|100%| O|  |TAMS 0x0000000085f00000, 0x0000000085e00000| Untracked 
|  95|0x0000000085f00000, 0x0000000086000000, 0x0000000086000000|100%| O|  |TAMS 0x0000000086000000, 0x0000000085f00000| Untracked 
|  96|0x0000000086000000, 0x0000000086100000, 0x0000000086100000|100%| O|  |TAMS 0x0000000086100000, 0x0000000086000000| Untracked 
|  97|0x0000000086100000, 0x0000000086200000, 0x0000000086200000|100%| O|  |TAMS 0x0000000086200000, 0x0000000086100000| Untracked 
|  98|0x0000000086200000, 0x0000000086300000, 0x0000000086300000|100%| O|  |TAMS 0x0000000086300000, 0x0000000086200000| Untracked 
|  99|0x0000000086300000, 0x0000000086400000, 0x0000000086400000|100%| O|  |TAMS 0x0000000086400000, 0x0000000086300000| Untracked 
| 100|0x0000000086400000, 0x0000000086500000, 0x0000000086500000|100%| O|  |TAMS 0x0000000086500000, 0x0000000086400000| Untracked 
| 101|0x0000000086500000, 0x0000000086600000, 0x0000000086600000|100%| O|  |TAMS 0x0000000086600000, 0x0000000086500000| Untracked 
| 102|0x0000000086600000, 0x0000000086700000, 0x0000000086700000|100%| O|  |TAMS 0x0000000086700000, 0x0000000086600000| Untracked 
| 103|0x0000000086700000, 0x0000000086800000, 0x0000000086800000|100%| O|  |TAMS 0x0000000086800000, 0x0000000086700000| Untracked 
| 104|0x0000000086800000, 0x0000000086900000, 0x0000000086900000|100%| O|  |TAMS 0x0000000086900000, 0x0000000086800000| Untracked 
| 105|0x0000000086900000, 0x0000000086a00000, 0x0000000086a00000|100%| O|  |TAMS 0x0000000086a00000, 0x0000000086900000| Untracked 
| 106|0x0000000086a00000, 0x0000000086b00000, 0x0000000086b00000|100%| O|  |TAMS 0x0000000086b00000, 0x0000000086a00000| Untracked 
| 107|0x0000000086b00000, 0x0000000086c00000, 0x0000000086c00000|100%| O|  |TAMS 0x0000000086c00000, 0x0000000086b00000| Untracked 
| 108|0x0000000086c00000, 0x0000000086d00000, 0x0000000086d00000|100%| O|  |TAMS 0x0000000086d00000, 0x0000000086c00000| Untracked 
| 109|0x0000000086d00000, 0x0000000086e00000, 0x0000000086e00000|100%| O|  |TAMS 0x0000000086e00000, 0x0000000086d00000| Untracked 
| 110|0x0000000086e00000, 0x0000000086f00000, 0x0000000086f00000|100%| O|  |TAMS 0x0000000086f00000, 0x0000000086e00000| Untracked 
| 111|0x0000000086f00000, 0x0000000087000000, 0x0000000087000000|100%| O|  |TAMS 0x0000000087000000, 0x0000000086f00000| Untracked 
| 112|0x0000000087000000, 0x0000000087100000, 0x0000000087100000|100%| O|  |TAMS 0x0000000087100000, 0x0000000087000000| Untracked 
| 113|0x0000000087100000, 0x0000000087200000, 0x0000000087200000|100%| O|  |TAMS 0x0000000087200000, 0x0000000087100000| Untracked 
| 114|0x0000000087200000, 0x0000000087300000, 0x0000000087300000|100%|HS|  |TAMS 0x0000000087300000, 0x0000000087200000| Complete 
| 115|0x0000000087300000, 0x0000000087400000, 0x0000000087400000|100%|HC|  |TAMS 0x0000000087400000, 0x0000000087300000| Complete 
| 116|0x0000000087400000, 0x0000000087500000, 0x0000000087500000|100%|HS|  |TAMS 0x0000000087500000, 0x0000000087400000| Complete 
| 117|0x0000000087500000, 0x0000000087600000, 0x0000000087600000|100%|HC|  |TAMS 0x0000000087600000, 0x0000000087500000| Complete 
| 118|0x0000000087600000, 0x0000000087700000, 0x0000000087700000|100%|HC|  |TAMS 0x0000000087700000, 0x0000000087600000| Complete 
| 119|0x0000000087700000, 0x0000000087800000, 0x0000000087800000|100%|HS|  |TAMS 0x0000000087800000, 0x0000000087700000| Complete 
| 120|0x0000000087800000, 0x0000000087900000, 0x0000000087900000|100%|HC|  |TAMS 0x0000000087900000, 0x0000000087800000| Complete 
| 121|0x0000000087900000, 0x0000000087a00000, 0x0000000087a00000|100%|HC|  |TAMS 0x0000000087a00000, 0x0000000087900000| Complete 
| 122|0x0000000087a00000, 0x0000000087b00000, 0x0000000087b00000|100%|HS|  |TAMS 0x0000000087b00000, 0x0000000087a00000| Complete 
| 123|0x0000000087b00000, 0x0000000087c00000, 0x0000000087c00000|100%|HC|  |TAMS 0x0000000087c00000, 0x0000000087b00000| Complete 
| 124|0x0000000087c00000, 0x0000000087d00000, 0x0000000087d00000|100%|HS|  |TAMS 0x0000000087d00000, 0x0000000087c00000| Complete 
| 125|0x0000000087d00000, 0x0000000087e00000, 0x0000000087e00000|100%|HC|  |TAMS 0x0000000087e00000, 0x0000000087d00000| Complete 
| 126|0x0000000087e00000, 0x0000000087f00000, 0x0000000087f00000|100%|HC|  |TAMS 0x0000000087f00000, 0x0000000087e00000| Complete 
| 127|0x0000000087f00000, 0x0000000088000000, 0x0000000088000000|100%|HC|  |TAMS 0x0000000088000000, 0x0000000087f00000| Complete 
| 128|0x0000000088000000, 0x0000000088100000, 0x0000000088100000|100%|HC|  |TAMS 0x0000000088100000, 0x0000000088000000| Complete 
| 129|0x0000000088100000, 0x0000000088200000, 0x0000000088200000|100%|HC|  |TAMS 0x0000000088200000, 0x0000000088100000| Complete 
| 130|0x0000000088200000, 0x0000000088300000, 0x0000000088300000|100%|HC|  |TAMS 0x0000000088300000, 0x0000000088200000| Complete 
| 131|0x0000000088300000, 0x0000000088400000, 0x0000000088400000|100%|HC|  |TAMS 0x0000000088400000, 0x0000000088300000| Complete 
| 132|0x0000000088400000, 0x0000000088500000, 0x0000000088500000|100%|HC|  |TAMS 0x0000000088500000, 0x0000000088400000| Complete 
| 133|0x0000000088500000, 0x0000000088600000, 0x0000000088600000|100%|HC|  |TAMS 0x0000000088600000, 0x0000000088500000| Complete 
| 134|0x0000000088600000, 0x0000000088700000, 0x0000000088700000|100%|HS|  |TAMS 0x0000000088700000, 0x0000000088600000| Complete 
| 135|0x0000000088700000, 0x0000000088800000, 0x0000000088800000|100%|HC|  |TAMS 0x0000000088800000, 0x0000000088700000| Complete 
| 136|0x0000000088800000, 0x0000000088900000, 0x0000000088900000|100%|HS|  |TAMS 0x0000000088900000, 0x0000000088800000| Complete 
| 137|0x0000000088900000, 0x0000000088a00000, 0x0000000088a00000|100%|HC|  |TAMS 0x0000000088a00000, 0x0000000088900000| Complete 
| 138|0x0000000088a00000, 0x0000000088b00000, 0x0000000088b00000|100%|HC|  |TAMS 0x0000000088b00000, 0x0000000088a00000| Complete 
| 139|0x0000000088b00000, 0x0000000088c00000, 0x0000000088c00000|100%|HC|  |TAMS 0x0000000088c00000, 0x0000000088b00000| Complete 
| 140|0x0000000088c00000, 0x0000000088d00000, 0x0000000088d00000|100%|HC|  |TAMS 0x0000000088d00000, 0x0000000088c00000| Complete 
| 141|0x0000000088d00000, 0x0000000088e00000, 0x0000000088e00000|100%| O|  |TAMS 0x0000000088e00000, 0x0000000088d00000| Untracked 
| 142|0x0000000088e00000, 0x0000000088f00000, 0x0000000088f00000|100%| O|  |TAMS 0x0000000088f00000, 0x0000000088e00000| Untracked 
| 143|0x0000000088f00000, 0x0000000089000000, 0x0000000089000000|100%| O|  |TAMS 0x0000000089000000, 0x0000000088f00000| Untracked 
| 144|0x0000000089000000, 0x0000000089100000, 0x0000000089100000|100%| O|  |TAMS 0x0000000089100000, 0x0000000089000000| Untracked 
| 145|0x0000000089100000, 0x0000000089200000, 0x0000000089200000|100%| O|  |TAMS 0x0000000089200000, 0x0000000089100000| Untracked 
| 146|0x0000000089200000, 0x0000000089300000, 0x0000000089300000|100%| O|  |TAMS 0x0000000089300000, 0x0000000089200000| Untracked 
| 147|0x0000000089300000, 0x0000000089400000, 0x0000000089400000|100%| O|  |TAMS 0x0000000089400000, 0x0000000089300000| Untracked 
| 148|0x0000000089400000, 0x0000000089500000, 0x0000000089500000|100%| O|  |TAMS 0x0000000089500000, 0x0000000089400000| Untracked 
| 149|0x0000000089500000, 0x0000000089600000, 0x0000000089600000|100%| O|  |TAMS 0x0000000089600000, 0x0000000089500000| Untracked 
| 150|0x0000000089600000, 0x0000000089700000, 0x0000000089700000|100%| O|  |TAMS 0x0000000089700000, 0x0000000089600000| Untracked 
| 151|0x0000000089700000, 0x0000000089800000, 0x0000000089800000|100%| O|  |TAMS 0x0000000089800000, 0x0000000089700000| Untracked 
| 152|0x0000000089800000, 0x0000000089900000, 0x0000000089900000|100%| O|  |TAMS 0x0000000089900000, 0x0000000089800000| Untracked 
| 153|0x0000000089900000, 0x0000000089a00000, 0x0000000089a00000|100%| O|  |TAMS 0x0000000089a00000, 0x0000000089900000| Untracked 
| 154|0x0000000089a00000, 0x0000000089b00000, 0x0000000089b00000|100%| O|  |TAMS 0x0000000089b00000, 0x0000000089a00000| Untracked 
| 155|0x0000000089b00000, 0x0000000089c00000, 0x0000000089c00000|100%| O|  |TAMS 0x0000000089c00000, 0x0000000089b00000| Untracked 
| 156|0x0000000089c00000, 0x0000000089d00000, 0x0000000089d00000|100%| O|  |TAMS 0x0000000089d00000, 0x0000000089c00000| Untracked 
| 157|0x0000000089d00000, 0x0000000089e00000, 0x0000000089e00000|100%| O|  |TAMS 0x0000000089e00000, 0x0000000089d00000| Untracked 
| 158|0x0000000089e00000, 0x0000000089f00000, 0x0000000089f00000|100%| O|  |TAMS 0x0000000089f00000, 0x0000000089e00000| Untracked 
| 159|0x0000000089f00000, 0x000000008a000000, 0x000000008a000000|100%| O|  |TAMS 0x000000008a000000, 0x0000000089f00000| Untracked 
| 160|0x000000008a000000, 0x000000008a100000, 0x000000008a100000|100%| O|  |TAMS 0x000000008a100000, 0x000000008a000000| Untracked 
| 161|0x000000008a100000, 0x000000008a200000, 0x000000008a200000|100%| O|  |TAMS 0x000000008a200000, 0x000000008a100000| Untracked 
| 162|0x000000008a200000, 0x000000008a300000, 0x000000008a300000|100%| O|  |TAMS 0x000000008a300000, 0x000000008a200000| Untracked 
| 163|0x000000008a300000, 0x000000008a400000, 0x000000008a400000|100%| O|  |TAMS 0x000000008a400000, 0x000000008a300000| Untracked 
| 164|0x000000008a400000, 0x000000008a500000, 0x000000008a500000|100%| O|  |TAMS 0x000000008a500000, 0x000000008a400000| Untracked 
| 165|0x000000008a500000, 0x000000008a600000, 0x000000008a600000|100%| O|  |TAMS 0x000000008a600000, 0x000000008a500000| Untracked 
| 166|0x000000008a600000, 0x000000008a700000, 0x000000008a700000|100%| O|  |TAMS 0x000000008a700000, 0x000000008a600000| Untracked 
| 167|0x000000008a700000, 0x000000008a800000, 0x000000008a800000|100%| O|  |TAMS 0x000000008a800000, 0x000000008a700000| Untracked 
| 168|0x000000008a800000, 0x000000008a900000, 0x000000008a900000|100%| O|  |TAMS 0x000000008a900000, 0x000000008a800000| Untracked 
| 169|0x000000008a900000, 0x000000008aa00000, 0x000000008aa00000|100%| O|  |TAMS 0x000000008aa00000, 0x000000008a900000| Untracked 
| 170|0x000000008aa00000, 0x000000008ab00000, 0x000000008ab00000|100%| O|  |TAMS 0x000000008ab00000, 0x000000008aa00000| Untracked 
| 171|0x000000008ab00000, 0x000000008ac00000, 0x000000008ac00000|100%| O|  |TAMS 0x000000008ac00000, 0x000000008ab00000| Untracked 
| 172|0x000000008ac00000, 0x000000008ad00000, 0x000000008ad00000|100%| O|  |TAMS 0x000000008ad00000, 0x000000008ac00000| Untracked 
| 173|0x000000008ad00000, 0x000000008ae00000, 0x000000008ae00000|100%| O|  |TAMS 0x000000008ae00000, 0x000000008ad00000| Untracked 
| 174|0x000000008ae00000, 0x000000008af00000, 0x000000008af00000|100%| O|  |TAMS 0x000000008af00000, 0x000000008ae00000| Untracked 
| 175|0x000000008af00000, 0x000000008b000000, 0x000000008b000000|100%| O|  |TAMS 0x000000008b000000, 0x000000008af00000| Untracked 
| 176|0x000000008b000000, 0x000000008b100000, 0x000000008b100000|100%| O|  |TAMS 0x000000008b100000, 0x000000008b000000| Untracked 
| 177|0x000000008b100000, 0x000000008b200000, 0x000000008b200000|100%| O|  |TAMS 0x000000008b200000, 0x000000008b100000| Untracked 
| 178|0x000000008b200000, 0x000000008b300000, 0x000000008b300000|100%| O|  |TAMS 0x000000008b300000, 0x000000008b200000| Untracked 
| 179|0x000000008b300000, 0x000000008b400000, 0x000000008b400000|100%| O|  |TAMS 0x000000008b400000, 0x000000008b300000| Untracked 
| 180|0x000000008b400000, 0x000000008b500000, 0x000000008b500000|100%| O|  |TAMS 0x000000008b500000, 0x000000008b400000| Untracked 
| 181|0x000000008b500000, 0x000000008b600000, 0x000000008b600000|100%| O|  |TAMS 0x000000008b600000, 0x000000008b500000| Untracked 
| 182|0x000000008b600000, 0x000000008b624a00, 0x000000008b700000| 14%| O|  |TAMS 0x000000008b624a00, 0x000000008b600000| Untracked 
| 183|0x000000008b700000, 0x000000008b700000, 0x000000008b800000|  0%| F|  |TAMS 0x000000008b700000, 0x000000008b700000| Untracked 
| 184|0x000000008b800000, 0x000000008b800000, 0x000000008b900000|  0%| F|  |TAMS 0x000000008b800000, 0x000000008b800000| Untracked 
| 185|0x000000008b900000, 0x000000008b900000, 0x000000008ba00000|  0%| F|  |TAMS 0x000000008b900000, 0x000000008b900000| Untracked 
| 186|0x000000008ba00000, 0x000000008ba00000, 0x000000008bb00000|  0%| F|  |TAMS 0x000000008ba00000, 0x000000008ba00000| Untracked 
| 187|0x000000008bb00000, 0x000000008bb00000, 0x000000008bc00000|  0%| F|  |TAMS 0x000000008bb00000, 0x000000008bb00000| Untracked 
| 188|0x000000008bc00000, 0x000000008bc00000, 0x000000008bd00000|  0%| F|  |TAMS 0x000000008bc00000, 0x000000008bc00000| Untracked 
| 189|0x000000008bd00000, 0x000000008bd00000, 0x000000008be00000|  0%| F|  |TAMS 0x000000008bd00000, 0x000000008bd00000| Untracked 
| 190|0x000000008be00000, 0x000000008be00000, 0x000000008bf00000|  0%| F|  |TAMS 0x000000008be00000, 0x000000008be00000| Untracked 
| 191|0x000000008bf00000, 0x000000008bf00000, 0x000000008c000000|  0%| F|  |TAMS 0x000000008bf00000, 0x000000008bf00000| Untracked 
| 192|0x000000008c000000, 0x000000008c000000, 0x000000008c100000|  0%| F|  |TAMS 0x000000008c000000, 0x000000008c000000| Untracked 
| 193|0x000000008c100000, 0x000000008c100000, 0x000000008c200000|  0%| F|  |TAMS 0x000000008c100000, 0x000000008c100000| Untracked 
| 194|0x000000008c200000, 0x000000008c200000, 0x000000008c300000|  0%| F|  |TAMS 0x000000008c200000, 0x000000008c200000| Untracked 
| 195|0x000000008c300000, 0x000000008c300000, 0x000000008c400000|  0%| F|  |TAMS 0x000000008c300000, 0x000000008c300000| Untracked 
| 196|0x000000008c400000, 0x000000008c400000, 0x000000008c500000|  0%| F|  |TAMS 0x000000008c400000, 0x000000008c400000| Untracked 
| 197|0x000000008c500000, 0x000000008c500000, 0x000000008c600000|  0%| F|  |TAMS 0x000000008c500000, 0x000000008c500000| Untracked 
| 198|0x000000008c600000, 0x000000008c600000, 0x000000008c700000|  0%| F|  |TAMS 0x000000008c600000, 0x000000008c600000| Untracked 
| 199|0x000000008c700000, 0x000000008c700000, 0x000000008c800000|  0%| F|  |TAMS 0x000000008c700000, 0x000000008c700000| Untracked 
| 200|0x000000008c800000, 0x000000008c800000, 0x000000008c900000|  0%| F|  |TAMS 0x000000008c800000, 0x000000008c800000| Untracked 
| 201|0x000000008c900000, 0x000000008c900000, 0x000000008ca00000|  0%| F|  |TAMS 0x000000008c900000, 0x000000008c900000| Untracked 
| 202|0x000000008ca00000, 0x000000008ca00000, 0x000000008cb00000|  0%| F|  |TAMS 0x000000008ca00000, 0x000000008ca00000| Untracked 
| 203|0x000000008cb00000, 0x000000008cb00000, 0x000000008cc00000|  0%| F|  |TAMS 0x000000008cb00000, 0x000000008cb00000| Untracked 
| 204|0x000000008cc00000, 0x000000008cc00000, 0x000000008cd00000|  0%| F|  |TAMS 0x000000008cc00000, 0x000000008cc00000| Untracked 
| 205|0x000000008cd00000, 0x000000008cd00000, 0x000000008ce00000|  0%| F|  |TAMS 0x000000008cd00000, 0x000000008cd00000| Untracked 
| 206|0x000000008ce00000, 0x000000008ce00000, 0x000000008cf00000|  0%| F|  |TAMS 0x000000008ce00000, 0x000000008ce00000| Untracked 
| 207|0x000000008cf00000, 0x000000008cf00000, 0x000000008d000000|  0%| F|  |TAMS 0x000000008cf00000, 0x000000008cf00000| Untracked 
| 208|0x000000008d000000, 0x000000008d000000, 0x000000008d100000|  0%| F|  |TAMS 0x000000008d000000, 0x000000008d000000| Untracked 
| 209|0x000000008d100000, 0x000000008d100000, 0x000000008d200000|  0%| F|  |TAMS 0x000000008d100000, 0x000000008d100000| Untracked 
| 210|0x000000008d200000, 0x000000008d200000, 0x000000008d300000|  0%| F|  |TAMS 0x000000008d200000, 0x000000008d200000| Untracked 
| 211|0x000000008d300000, 0x000000008d300000, 0x000000008d400000|  0%| F|  |TAMS 0x000000008d300000, 0x000000008d300000| Untracked 
| 212|0x000000008d400000, 0x000000008d400000, 0x000000008d500000|  0%| F|  |TAMS 0x000000008d400000, 0x000000008d400000| Untracked 
| 213|0x000000008d500000, 0x000000008d500000, 0x000000008d600000|  0%| F|  |TAMS 0x000000008d500000, 0x000000008d500000| Untracked 
| 214|0x000000008d600000, 0x000000008d700000, 0x000000008d700000|100%| S|CS|TAMS 0x000000008d600000, 0x000000008d600000| Complete 
| 215|0x000000008d700000, 0x000000008d800000, 0x000000008d800000|100%| S|CS|TAMS 0x000000008d700000, 0x000000008d700000| Complete 
| 216|0x000000008d800000, 0x000000008d900000, 0x000000008d900000|100%| S|CS|TAMS 0x000000008d800000, 0x000000008d800000| Complete 
| 217|0x000000008d900000, 0x000000008da00000, 0x000000008da00000|100%| S|CS|TAMS 0x000000008d900000, 0x000000008d900000| Complete 
| 218|0x000000008da00000, 0x000000008db00000, 0x000000008db00000|100%| S|CS|TAMS 0x000000008da00000, 0x000000008da00000| Complete 
| 219|0x000000008db00000, 0x000000008db00000, 0x000000008dc00000|  0%| F|  |TAMS 0x000000008db00000, 0x000000008db00000| Untracked 
| 220|0x000000008dc00000, 0x000000008dc00000, 0x000000008dd00000|  0%| F|  |TAMS 0x000000008dc00000, 0x000000008dc00000| Untracked 
| 221|0x000000008dd00000, 0x000000008dd00000, 0x000000008de00000|  0%| F|  |TAMS 0x000000008dd00000, 0x000000008dd00000| Untracked 
| 222|0x000000008de00000, 0x000000008de00000, 0x000000008df00000|  0%| F|  |TAMS 0x000000008de00000, 0x000000008de00000| Untracked 
| 223|0x000000008df00000, 0x000000008df00000, 0x000000008e000000|  0%| F|  |TAMS 0x000000008df00000, 0x000000008df00000| Untracked 
| 224|0x000000008e000000, 0x000000008e000000, 0x000000008e100000|  0%| F|  |TAMS 0x000000008e000000, 0x000000008e000000| Untracked 
| 225|0x000000008e100000, 0x000000008e100000, 0x000000008e200000|  0%| F|  |TAMS 0x000000008e100000, 0x000000008e100000| Untracked 
| 226|0x000000008e200000, 0x000000008e200000, 0x000000008e300000|  0%| F|  |TAMS 0x000000008e200000, 0x000000008e200000| Untracked 
| 227|0x000000008e300000, 0x000000008e300000, 0x000000008e400000|  0%| F|  |TAMS 0x000000008e300000, 0x000000008e300000| Untracked 
| 228|0x000000008e400000, 0x000000008e400000, 0x000000008e500000|  0%| F|  |TAMS 0x000000008e400000, 0x000000008e400000| Untracked 
| 229|0x000000008e500000, 0x000000008e500000, 0x000000008e600000|  0%| F|  |TAMS 0x000000008e500000, 0x000000008e500000| Untracked 
| 230|0x000000008e600000, 0x000000008e6e9380, 0x000000008e700000| 91%| E|  |TAMS 0x000000008e600000, 0x000000008e600000| Complete 
| 231|0x000000008e700000, 0x000000008e800000, 0x000000008e800000|100%| E|CS|TAMS 0x000000008e700000, 0x000000008e700000| Complete 
| 232|0x000000008e800000, 0x000000008e900000, 0x000000008e900000|100%| E|CS|TAMS 0x000000008e800000, 0x000000008e800000| Complete 
| 233|0x000000008e900000, 0x000000008ea00000, 0x000000008ea00000|100%| E|CS|TAMS 0x000000008e900000, 0x000000008e900000| Complete 
| 234|0x000000008ea00000, 0x000000008eb00000, 0x000000008eb00000|100%| E|CS|TAMS 0x000000008ea00000, 0x000000008ea00000| Complete 
| 235|0x000000008eb00000, 0x000000008ec00000, 0x000000008ec00000|100%| E|CS|TAMS 0x000000008eb00000, 0x000000008eb00000| Complete 
| 236|0x000000008ec00000, 0x000000008ed00000, 0x000000008ed00000|100%| E|CS|TAMS 0x000000008ec00000, 0x000000008ec00000| Complete 
| 237|0x000000008ed00000, 0x000000008ee00000, 0x000000008ee00000|100%| E|  |TAMS 0x000000008ed00000, 0x000000008ed00000| Complete 
| 238|0x000000008ee00000, 0x000000008ef00000, 0x000000008ef00000|100%| E|CS|TAMS 0x000000008ee00000, 0x000000008ee00000| Complete 
| 239|0x000000008ef00000, 0x000000008f000000, 0x000000008f000000|100%| E|CS|TAMS 0x000000008ef00000, 0x000000008ef00000| Complete 
| 240|0x000000008f000000, 0x000000008f100000, 0x000000008f100000|100%| E|CS|TAMS 0x000000008f000000, 0x000000008f000000| Complete 
| 241|0x000000008f100000, 0x000000008f200000, 0x000000008f200000|100%| E|CS|TAMS 0x000000008f100000, 0x000000008f100000| Complete 
| 242|0x000000008f200000, 0x000000008f300000, 0x000000008f300000|100%| E|CS|TAMS 0x000000008f200000, 0x000000008f200000| Complete 
| 243|0x000000008f300000, 0x000000008f400000, 0x000000008f400000|100%| E|CS|TAMS 0x000000008f300000, 0x000000008f300000| Complete 
| 244|0x000000008f400000, 0x000000008f500000, 0x000000008f500000|100%| E|CS|TAMS 0x000000008f400000, 0x000000008f400000| Complete 
| 245|0x000000008f500000, 0x000000008f600000, 0x000000008f600000|100%| E|CS|TAMS 0x000000008f500000, 0x000000008f500000| Complete 
| 246|0x000000008f600000, 0x000000008f700000, 0x000000008f700000|100%| E|CS|TAMS 0x000000008f600000, 0x000000008f600000| Complete 
| 247|0x000000008f700000, 0x000000008f800000, 0x000000008f800000|100%| E|CS|TAMS 0x000000008f700000, 0x000000008f700000| Complete 
| 248|0x000000008f800000, 0x000000008f900000, 0x000000008f900000|100%| E|CS|TAMS 0x000000008f800000, 0x000000008f800000| Complete 
| 249|0x000000008f900000, 0x000000008fa00000, 0x000000008fa00000|100%| E|CS|TAMS 0x000000008f900000, 0x000000008f900000| Complete 
| 250|0x000000008fa00000, 0x000000008fb00000, 0x000000008fb00000|100%| E|CS|TAMS 0x000000008fa00000, 0x000000008fa00000| Complete 
| 251|0x000000008fb00000, 0x000000008fc00000, 0x000000008fc00000|100%| E|CS|TAMS 0x000000008fb00000, 0x000000008fb00000| Complete 
| 252|0x000000008fc00000, 0x000000008fd00000, 0x000000008fd00000|100%| E|CS|TAMS 0x000000008fc00000, 0x000000008fc00000| Complete 
| 253|0x000000008fd00000, 0x000000008fe00000, 0x000000008fe00000|100%| E|CS|TAMS 0x000000008fd00000, 0x000000008fd00000| Complete 

Card table byte_map: [0x00000199ef4a0000,0x00000199ef8a0000] _byte_map_base: 0x00000199ef0a0000

Marking Bits (Prev, Next): (CMBitMap*) 0x00000199da7b3d28, (CMBitMap*) 0x00000199da7b3d60
 Prev Bits: [0x00000199efca0000, 0x00000199f1ca0000)
 Next Bits: [0x00000199f1ca0000, 0x00000199f3ca0000)

Polling page: 0x00000199da840000

Metaspace:

Usage:
  Non-class:     92.93 MB capacity,    90.87 MB ( 98%) used,     1.74 MB (  2%) free+waste,   320.12 KB ( <1%) overhead. 
      Class:     13.97 MB capacity,    12.96 MB ( 93%) used,   887.79 KB (  6%) free+waste,   142.94 KB ( <1%) overhead. 
       Both:    106.90 MB capacity,   103.83 MB ( 97%) used,     2.61 MB (  2%) free+waste,   463.06 KB ( <1%) overhead. 

Virtual space:
  Non-class space:       94.00 MB reserved,      93.08 MB (>99%) committed 
      Class space:        1.00 GB reserved,      14.02 MB (  1%) committed 
             Both:        1.09 GB reserved,     107.10 MB ( 10%) committed 

Chunk freelists:
   Non-Class:  23.00 KB
       Class:  3.00 KB
        Both:  26.00 KB

MaxMetaspaceSize: 17179869184.00 GB
CompressedClassSpaceSize: 1.00 GB
Initial GC threshold: 20.80 MB
Current GC threshold: 177.05 MB
CDS: off

CodeHeap 'non-profiled nmethods': size=120064Kb used=7679Kb max_used=7679Kb free=112384Kb
 bounds [0x00000199e7540000, 0x00000199e7cc0000, 0x00000199eea80000]
CodeHeap 'profiled nmethods': size=120000Kb used=28141Kb max_used=28141Kb free=91858Kb
 bounds [0x00000199e0010000, 0x00000199e1b90000, 0x00000199e7540000]
CodeHeap 'non-nmethods': size=5696Kb used=2404Kb max_used=2468Kb free=3291Kb
 bounds [0x00000199dfa80000, 0x00000199dfd00000, 0x00000199e0010000]
 total_blobs=13568 nmethods=12636 adapters=845
 compilation: enabled
              stopped_count=0, restarted_count=0
 full_count=0

Compilation events (20 events):
Event: 26.604 Thread 0x00000199f8666800 nmethod 12675 0x00000199e7cb3f90 code [0x00000199e7cb4140, 0x00000199e7cb42e8]
Event: 26.607 Thread 0x00000199f6bf4800 12684       3       javax.management.ObjectName::getInstance (9 bytes)
Event: 26.608 Thread 0x00000199f6bf4800 nmethod 12684 0x00000199e1b83d10 code [0x00000199e1b83ee0, 0x00000199e1b84108]
Event: 26.612 Thread 0x00000199f6bef800 nmethod 12418 0x00000199e7cb4510 code [0x00000199e7cb4ac0, 0x00000199e7cbb6e0]
Event: 28.602 Thread 0x00000199f8666800 12685       4       java.util.Collection::stream (11 bytes)
Event: 28.604 Thread 0x00000199f8666800 nmethod 12685 0x00000199e7cbed90 code [0x00000199e7cbef40, 0x00000199e7cbf2b8]
Event: 29.612 Thread 0x00000199f6bf4800 12686       3       java.lang.invoke.DelegatingMethodHandle$Holder::reinvoke_L (18 bytes)
Event: 29.612 Thread 0x00000199f6bf4800 nmethod 12686 0x00000199e1b84210 code [0x00000199e1b843e0, 0x00000199e1b848d8]
Event: 29.612 Thread 0x00000199f6bf4800 12687       3       java.lang.invoke.LambdaForm$MH/0x000000010017f040::invoke (240 bytes)
Event: 29.613 Thread 0x00000199f6bf4800 nmethod 12687 0x00000199e1b84a10 code [0x00000199e1b84d00, 0x00000199e1b863f8]
Event: 30.600 Thread 0x00000199f6bf4800 12688       3       sun.management.spi.PlatformMBeanProvider$PlatformComponent$$Lambda$66/0x000000010017f440::test (9 bytes)
Event: 30.600 Thread 0x00000199f6bf4800 nmethod 12688 0x00000199e1b86a90 code [0x00000199e1b86c40, 0x00000199e1b86d78]
Event: 30.601 Thread 0x00000199f6bf4800 12689       3       sun.management.spi.PlatformMBeanProvider$PlatformComponent$$Lambda$67/0x000000010017e840::apply (9 bytes)
Event: 30.601 Thread 0x00000199f6bf4800 nmethod 12689 0x00000199e1b86e10 code [0x00000199e1b87000, 0x00000199e1b87318]
Event: 31.607 Thread 0x00000199f6bf4800 12690       3       sun.management.MemoryPoolImpl::getObjectName (10 bytes)
Event: 31.615 Thread 0x00000199f6bf4800 nmethod 12690 0x00000199e1b87490 code [0x00000199e1b879c0, 0x00000199e1b8a288]
Event: 31.935 Thread 0x00000199f6bef800 12691       4       org.gradle.internal.serialize.AbstractDecoder::readBinary (16 bytes)
Event: 31.939 Thread 0x00000199f6bef800 nmethod 12691 0x00000199e7cbf490 code [0x00000199e7cbf680, 0x00000199e7cbfb70]
Event: 33.665 Thread 0x00000199f6bf4800 12692       3       java.util.HashMap$ValueSpliterator::characteristics (28 bytes)
Event: 33.665 Thread 0x00000199f6bf4800 nmethod 12692 0x00000199e1b8b390 code [0x00000199e1b8b540, 0x00000199e1b8b6f8]

GC Heap History (20 events):
Event: 11.377 GC heap before
{Heap before GC invocations=17 (full 0):
 garbage-first heap   total 260096K, used 225901K [0x0000000080000000, 0x0000000100000000)
  region size 1024K, 81 young (82944K), 9 survivors (9216K)
 Metaspace       used 81081K, capacity 83348K, committed 83560K, reserved 1122304K
  class space    used 10441K, capacity 11241K, committed 11288K, reserved 1048576K
}
Event: 11.388 GC heap after
{Heap after GC invocations=18 (full 0):
 garbage-first heap   total 260096K, used 160383K [0x0000000080000000, 0x0000000100000000)
  region size 1024K, 11 young (11264K), 11 survivors (11264K)
 Metaspace       used 81081K, capacity 83348K, committed 83560K, reserved 1122304K
  class space    used 10441K, capacity 11241K, committed 11288K, reserved 1048576K
}
Event: 11.851 GC heap before
{Heap before GC invocations=18 (full 0):
 garbage-first heap   total 260096K, used 216703K [0x0000000080000000, 0x0000000100000000)
  region size 1024K, 66 young (67584K), 11 survivors (11264K)
 Metaspace       used 83487K, capacity 85893K, committed 85992K, reserved 1124352K
  class space    used 10756K, capacity 11636K, committed 11672K, reserved 1048576K
}
Event: 11.860 GC heap after
{Heap after GC invocations=19 (full 0):
 garbage-first heap   total 260096K, used 163984K [0x0000000080000000, 0x0000000100000000)
  region size 1024K, 3 young (3072K), 3 survivors (3072K)
 Metaspace       used 83487K, capacity 85893K, committed 85992K, reserved 1124352K
  class space    used 10756K, capacity 11636K, committed 11672K, reserved 1048576K
}
Event: 12.317 GC heap before
{Heap before GC invocations=20 (full 0):
 garbage-first heap   total 260096K, used 219280K [0x0000000080000000, 0x0000000100000000)
  region size 1024K, 57 young (58368K), 3 survivors (3072K)
 Metaspace       used 87232K, capacity 89684K, committed 89960K, reserved 1128448K
  class space    used 11148K, capacity 12000K, committed 12056K, reserved 1048576K
}
Event: 12.321 GC heap after
{Heap after GC invocations=21 (full 0):
 garbage-first heap   total 260096K, used 164077K [0x0000000080000000, 0x0000000100000000)
  region size 1024K, 3 young (3072K), 3 survivors (3072K)
 Metaspace       used 87232K, capacity 89684K, committed 89960K, reserved 1128448K
  class space    used 11148K, capacity 12000K, committed 12056K, reserved 1048576K
}
Event: 13.008 GC heap before
{Heap before GC invocations=21 (full 0):
 garbage-first heap   total 260096K, used 220397K [0x0000000080000000, 0x0000000100000000)
  region size 1024K, 58 young (59392K), 3 survivors (3072K)
 Metaspace       used 93016K, capacity 95615K, committed 95976K, reserved 1132544K
  class space    used 11935K, capacity 12822K, committed 12952K, reserved 1048576K
}
Event: 13.016 GC heap after
{Heap after GC invocations=22 (full 0):
 garbage-first heap   total 260096K, used 167029K [0x0000000080000000, 0x0000000100000000)
  region size 1024K, 6 young (6144K), 6 survivors (6144K)
 Metaspace       used 93016K, capacity 95615K, committed 95976K, reserved 1132544K
  class space    used 11935K, capacity 12822K, committed 12952K, reserved 1048576K
}
Event: 14.015 GC heap before
{Heap before GC invocations=23 (full 0):
 garbage-first heap   total 260096K, used 220277K [0x0000000080000000, 0x0000000100000000)
  region size 1024K, 59 young (60416K), 6 survivors (6144K)
 Metaspace       used 96922K, capacity 99569K, committed 99688K, reserved 1136640K
  class space    used 12397K, capacity 13319K, committed 13336K, reserved 1048576K
}
Event: 14.033 GC heap after
{Heap after GC invocations=24 (full 0):
 garbage-first heap   total 260096K, used 172688K [0x0000000080000000, 0x0000000100000000)
  region size 1024K, 8 young (8192K), 8 survivors (8192K)
 Metaspace       used 96922K, capacity 99569K, committed 99688K, reserved 1136640K
  class space    used 12397K, capacity 13319K, committed 13336K, reserved 1048576K
}
Event: 14.652 GC heap before
{Heap before GC invocations=24 (full 0):
 garbage-first heap   total 260096K, used 220816K [0x0000000080000000, 0x0000000100000000)
  region size 1024K, 56 young (57344K), 8 survivors (8192K)
 Metaspace       used 97648K, capacity 100306K, committed 100584K, reserved 1136640K
  class space    used 12435K, capacity 13353K, committed 13464K, reserved 1048576K
}
Event: 14.665 GC heap after
{Heap after GC invocations=25 (full 0):
 garbage-first heap   total 260096K, used 177520K [0x0000000080000000, 0x0000000100000000)
  region size 1024K, 6 young (6144K), 6 survivors (6144K)
 Metaspace       used 97648K, capacity 100306K, committed 100584K, reserved 1136640K
  class space    used 12435K, capacity 13353K, committed 13464K, reserved 1048576K
}
Event: 15.401 GC heap before
{Heap before GC invocations=26 (full 0):
 garbage-first heap   total 260096K, used 220528K [0x0000000080000000, 0x0000000100000000)
  region size 1024K, 49 young (50176K), 6 survivors (6144K)
 Metaspace       used 98800K, capacity 101499K, committed 101736K, reserved 1138688K
  class space    used 12534K, capacity 13456K, committed 13592K, reserved 1048576K
}
Event: 15.410 GC heap after
{Heap after GC invocations=27 (full 0):
 garbage-first heap   total 260096K, used 180084K [0x0000000080000000, 0x0000000100000000)
  region size 1024K, 4 young (4096K), 4 survivors (4096K)
 Metaspace       used 98800K, capacity 101499K, committed 101736K, reserved 1138688K
  class space    used 12534K, capacity 13456K, committed 13592K, reserved 1048576K
}
Event: 25.073 GC heap before
{Heap before GC invocations=27 (full 0):
 garbage-first heap   total 260096K, used 221044K [0x0000000080000000, 0x0000000100000000)
  region size 1024K, 45 young (46080K), 4 survivors (4096K)
 Metaspace       used 103437K, capacity 106467K, committed 106728K, reserved 1142784K
  class space    used 12926K, capacity 13934K, committed 13976K, reserved 1048576K
}
Event: 25.085 GC heap after
{Heap after GC invocations=28 (full 0):
 garbage-first heap   total 260096K, used 182383K [0x0000000080000000, 0x0000000100000000)
  region size 1024K, 6 young (6144K), 6 survivors (6144K)
 Metaspace       used 103437K, capacity 106467K, committed 106728K, reserved 1142784K
  class space    used 12926K, capacity 13934K, committed 13976K, reserved 1048576K
}
Event: 25.868 GC heap before
{Heap before GC invocations=29 (full 0):
 garbage-first heap   total 260096K, used 223343K [0x0000000080000000, 0x0000000100000000)
  region size 1024K, 46 young (47104K), 6 survivors (6144K)
 Metaspace       used 105116K, capacity 108201K, committed 108520K, reserved 1144832K
  class space    used 13095K, capacity 14111K, committed 14232K, reserved 1048576K
}
Event: 25.879 GC heap after
{Heap after GC invocations=30 (full 0):
 garbage-first heap   total 260096K, used 186489K [0x0000000080000000, 0x0000000100000000)
  region size 1024K, 6 young (6144K), 6 survivors (6144K)
 Metaspace       used 105116K, capacity 108201K, committed 108520K, reserved 1144832K
  class space    used 13095K, capacity 14111K, committed 14232K, reserved 1048576K
}
Event: 26.068 GC heap before
{Heap before GC invocations=30 (full 0):
 garbage-first heap   total 260096K, used 222329K [0x0000000080000000, 0x0000000100000000)
  region size 1024K, 41 young (41984K), 6 survivors (6144K)
 Metaspace       used 105399K, capacity 108460K, committed 108776K, reserved 1144832K
  class space    used 13124K, capacity 14150K, committed 14232K, reserved 1048576K
}
Event: 26.093 GC heap after
{Heap after GC invocations=31 (full 0):
 garbage-first heap   total 260096K, used 191634K [0x0000000080000000, 0x0000000100000000)
  region size 1024K, 5 young (5120K), 5 survivors (5120K)
 Metaspace       used 105399K, capacity 108460K, committed 108776K, reserved 1144832K
  class space    used 13124K, capacity 14150K, committed 14232K, reserved 1048576K
}

Deoptimization events (20 events):
Event: 26.395 Thread 0x0000019980529800 Uncommon trap: trap_request=0xffffffde fr.pc=0x00000199e7bdbfe8 relative=0x0000000000004468
Event: 26.395 Thread 0x0000019980529800 Uncommon trap: reason=class_check action=maybe_recompile pc=0x00000199e7bdbfe8 method=org.gradle.internal.snapshot.impl.AbstractValueProcessor.processValue(Ljava/lang/Object;Lorg/gradle/internal/snapshot/impl/AbstractValueProcessor$ValueVisitor;)Ljava/lan
Event: 26.395 Thread 0x0000019980529800 DEOPT PACKING pc=0x00000199e7bdbfe8 sp=0x00000019d29fe310
Event: 26.395 Thread 0x0000019980529800 DEOPT UNPACKING pc=0x00000199dfaca1a9 sp=0x00000019d29fe310 mode 2
Event: 26.399 Thread 0x0000019980529800 Uncommon trap: trap_request=0xffffffde fr.pc=0x00000199e7bdc044 relative=0x00000000000044c4
Event: 26.399 Thread 0x0000019980529800 Uncommon trap: reason=class_check action=maybe_recompile pc=0x00000199e7bdc044 method=org.gradle.internal.snapshot.impl.AbstractValueProcessor.processValue(Ljava/lang/Object;Lorg/gradle/internal/snapshot/impl/AbstractValueProcessor$ValueVisitor;)Ljava/lan
Event: 26.399 Thread 0x0000019980529800 DEOPT PACKING pc=0x00000199e7bdc044 sp=0x00000019d29fe310
Event: 26.399 Thread 0x0000019980529800 DEOPT UNPACKING pc=0x00000199dfaca1a9 sp=0x00000019d29fe310 mode 2
Event: 26.442 Thread 0x000001998052d800 Uncommon trap: trap_request=0xffffff4d fr.pc=0x00000199e79ec824 relative=0x00000000000001e4
Event: 26.442 Thread 0x000001998052d800 Uncommon trap: reason=unstable_if action=reinterpret pc=0x00000199e79ec824 method=com.google.common.collect.RegularImmutableSet.contains(Ljava/lang/Object;)Z @ 10 c2
Event: 26.442 Thread 0x000001998052d800 DEOPT PACKING pc=0x00000199e79ec824 sp=0x00000019d2cf9980
Event: 26.442 Thread 0x000001998052d800 DEOPT UNPACKING pc=0x00000199dfaca1a9 sp=0x00000019d2cf9918 mode 2
Event: 31.454 Thread 0x000001998052d800 Uncommon trap: trap_request=0xffffff4d fr.pc=0x00000199e7b23930 relative=0x0000000000000070
Event: 31.454 Thread 0x000001998052d800 Uncommon trap: reason=unstable_if action=reinterpret pc=0x00000199e7b23930 method=org.gradle.internal.logging.slf4j.OutputEventListenerBackedLogger.isLevelAtMost(Lorg/gradle/api/logging/LogLevel;)Z @ 11 c2
Event: 31.454 Thread 0x000001998052d800 DEOPT PACKING pc=0x00000199e7b23930 sp=0x00000019d2cf6610
Event: 31.454 Thread 0x000001998052d800 DEOPT UNPACKING pc=0x00000199dfaca1a9 sp=0x00000019d2cf65b0 mode 2
Event: 31.454 Thread 0x000001998052d800 Uncommon trap: trap_request=0xffffffde fr.pc=0x00000199e7c51d88 relative=0x00000000000000c8
Event: 31.454 Thread 0x000001998052d800 Uncommon trap: reason=class_check action=maybe_recompile pc=0x00000199e7c51d88 method=org.gradle.internal.operations.logging.LoggingBuildOperationProgressBroadcaster.onOutput(Lorg/gradle/internal/logging/events/OutputEvent;)V @ 8 c2
Event: 31.454 Thread 0x000001998052d800 DEOPT PACKING pc=0x00000199e7c51d88 sp=0x00000019d2cf6550
Event: 31.454 Thread 0x000001998052d800 DEOPT UNPACKING pc=0x00000199dfaca1a9 sp=0x00000019d2cf64d0 mode 2

Classes redefined (0 events):
No events

Internal exceptions (20 events):
Event: 26.176 Thread 0x00000199f8f05800 Exception <a 'java/lang/ClassNotFoundException'{0x000000008f1c1fb8}: com/android/build/gradle/tasks/PackageApplicationBeanInfo> (0x000000008f1c1fb8) thrown at [src/hotspot/share/classfile/systemDictionary.cpp, line 230]
Event: 26.177 Thread 0x00000199f8f05800 Exception <a 'java/lang/ClassNotFoundException'{0x000000008f1dbf70}: com/android/build/gradle/tasks/PackageAndroidArtifactBeanInfo> (0x000000008f1dbf70) thrown at [src/hotspot/share/classfile/systemDictionary.cpp, line 230]
Event: 26.179 Thread 0x00000199f8f05800 Exception <a 'java/lang/ClassNotFoundException'{0x000000008f1f6168}: com/android/build/gradle/tasks/PackageAndroidArtifactCustomizer> (0x000000008f1f6168) thrown at [src/hotspot/share/classfile/systemDictionary.cpp, line 230]
Event: 26.181 Thread 0x00000199f8f05800 Exception <a 'java/lang/ClassNotFoundException'{0x000000008f05cfa0}: com/android/build/gradle/tasks/PackageApplicationCustomizer> (0x000000008f05cfa0) thrown at [src/hotspot/share/classfile/systemDictionary.cpp, line 230]
Event: 26.182 Thread 0x00000199f8f05800 Exception <a 'java/lang/ClassNotFoundException'{0x000000008f094a90}: com/android/build/gradle/tasks/PackageApplication_DecoratedCustomizer> (0x000000008f094a90) thrown at [src/hotspot/share/classfile/systemDictionary.cpp, line 230]
Event: 26.190 Thread 0x00000199f8f05800 Exception <a 'java/lang/ClassNotFoundException'{0x000000008ef75ed0}: com/android/build/gradle/internal/tasks/ListingFileRedirectTask_DecoratedBeanInfo> (0x000000008ef75ed0) thrown at [src/hotspot/share/classfile/systemDictionary.cpp, line 230]
Event: 26.191 Thread 0x00000199f8f05800 Exception <a 'java/lang/ClassNotFoundException'{0x000000008ef91808}: com/android/build/gradle/internal/tasks/ListingFileRedirectTaskBeanInfo> (0x000000008ef91808) thrown at [src/hotspot/share/classfile/systemDictionary.cpp, line 230]
Event: 26.191 Thread 0x00000199f8f05800 Exception <a 'java/lang/ClassNotFoundException'{0x000000008efacf38}: com/android/build/gradle/internal/tasks/ListingFileRedirectTaskCustomizer> (0x000000008efacf38) thrown at [src/hotspot/share/classfile/systemDictionary.cpp, line 230]
Event: 26.192 Thread 0x00000199f8f05800 Exception <a 'java/lang/ClassNotFoundException'{0x000000008efdc1b8}: com/android/build/gradle/internal/tasks/ListingFileRedirectTask_DecoratedCustomizer> (0x000000008efdc1b8) thrown at [src/hotspot/share/classfile/systemDictionary.cpp, line 230]
Event: 26.219 Thread 0x00000199f8f05800 Exception <a 'java/lang/NoSuchMethodError'{0x000000008eebe828}: <clinit>> (0x000000008eebe828) thrown at [src/hotspot/share/prims/jni.cpp, line 1367]
Event: 26.238 Thread 0x00000199f8f05800 Exception <a 'sun/nio/fs/WindowsException'{0x000000008ed32ec0}> (0x000000008ed32ec0) thrown at [src/hotspot/share/prims/jni.cpp, line 617]
Event: 26.278 Thread 0x000001998052d800 Exception <a 'java/lang/NoSuchMethodError'{0x000000008ec81400}: 'void java.lang.invoke.DirectMethodHandle$Holder.invokeVirtual(java.lang.Object, java.lang.Object)'> (0x000000008ec81400) thrown at [src/hotspot/share/interpreter/linkResolver.cpp, line 773]
Event: 26.385 Thread 0x0000019980cdf800 Exception <a 'java/lang/NoSuchMethodError'{0x000000008eacfd50}: <clinit>> (0x000000008eacfd50) thrown at [src/hotspot/share/prims/jni.cpp, line 1367]
Event: 26.394 Thread 0x0000019980529800 Exception <a 'java/lang/NoSuchMethodError'{0x000000008e849388}: <clinit>> (0x000000008e849388) thrown at [src/hotspot/share/prims/jni.cpp, line 1367]
Event: 26.396 Thread 0x0000019980529800 Exception <a 'java/lang/NoSuchMethodError'{0x000000008e85ce58}: <clinit>> (0x000000008e85ce58) thrown at [src/hotspot/share/prims/jni.cpp, line 1367]
Event: 26.399 Thread 0x0000019980529800 Exception <a 'java/lang/NoSuchMethodError'{0x000000008e8a6810}: <clinit>> (0x000000008e8a6810) thrown at [src/hotspot/share/prims/jni.cpp, line 1367]
Event: 26.407 Thread 0x000001998052d800 Exception <a 'sun/nio/fs/WindowsException'{0x000000008e77bfa0}> (0x000000008e77bfa0) thrown at [src/hotspot/share/prims/jni.cpp, line 617]
Event: 26.408 Thread 0x000001998052d800 Exception <a 'sun/nio/fs/WindowsException'{0x000000008e77d090}> (0x000000008e77d090) thrown at [src/hotspot/share/prims/jni.cpp, line 617]
Event: 26.442 Thread 0x000001998052d800 Implicit null exception at 0x00000199e79ec677 to 0x00000199e79ec80c
Event: 31.454 Thread 0x000001998052d800 Exception <a 'net/rubygrapefruit/platform/NativeException'{0x000000008e6ab618}: Execution timed out> (0x000000008e6ab618) thrown at [src/hotspot/share/prims/jni.cpp, line 638]

Events (20 events):
Event: 26.442 loading class com/google/common/collect/ImmutableSet done
Event: 26.442 loading class org/gradle/internal/watch/registry/impl/HierarchicalFileWatcherUpdater$FileSystemLocationToWatchValidator
Event: 26.442 loading class org/gradle/internal/watch/registry/impl/HierarchicalFileWatcherUpdater$FileSystemLocationToWatchValidator done
Event: 29.612 Thread 0x00000199f8666800 Thread exited: 0x00000199f8666800
Event: 31.453 loading class net/rubygrapefruit/platform/internal/jni/NativeLogger$LogLevel
Event: 31.453 loading class net/rubygrapefruit/platform/internal/jni/NativeLogger$LogLevel done
Event: 31.453 loading class java/util/logging/LogRecord
Event: 31.454 loading class java/util/logging/LogRecord done
Event: 31.454 Executing VM operation: RevokeBias
Event: 31.454 Executing VM operation: RevokeBias done
Event: 31.454 loading class net/rubygrapefruit/platform/internal/jni/InotifyInstanceLimitTooLowException
Event: 31.454 loading class net/rubygrapefruit/platform/internal/jni/InotifyInstanceLimitTooLowException done
Event: 31.455 loading class net/rubygrapefruit/platform/internal/jni/InsufficientResourcesForWatchingException
Event: 31.455 loading class net/rubygrapefruit/platform/internal/jni/InsufficientResourcesForWatchingException done
Event: 31.455 loading class net/rubygrapefruit/platform/internal/jni/InotifyWatchesLimitTooLowException
Event: 31.455 loading class net/rubygrapefruit/platform/internal/jni/InotifyWatchesLimitTooLowException done
Event: 31.455 loading class org/gradle/internal/watch/WatchingNotSupportedException
Event: 31.455 loading class org/gradle/internal/watch/WatchingNotSupportedException done
Event: 31.469 loading class org/gradle/internal/serialize/Message
Event: 31.469 loading class org/gradle/internal/serialize/Message done


Dynamic libraries:
0x00007ff7d2210000 - 0x00007ff7d221a000 	C:\Program Files\Android\Android Studio\jbr\bin\java.exe
0x00007fff257b0000 - 0x00007fff259a6000 	C:\Windows\SYSTEM32\ntdll.dll
0x00007fff25600000 - 0x00007fff256bd000 	C:\Windows\System32\KERNEL32.DLL
0x00007fff23040000 - 0x00007fff23309000 	C:\Windows\System32\KERNELBASE.dll
0x00007fff22ef0000 - 0x00007fff22ff0000 	C:\Windows\System32\ucrtbase.dll
0x00007fff1ea30000 - 0x00007fff1ea4b000 	C:\Program Files\Android\Android Studio\jbr\bin\VCRUNTIME140.dll
0x00007fff10460000 - 0x00007fff10477000 	C:\Program Files\Android\Android Studio\jbr\bin\jli.dll
0x00007fff249f0000 - 0x00007fff24b90000 	C:\Windows\System32\USER32.dll
0x00007fff23370000 - 0x00007fff23392000 	C:\Windows\System32\win32u.dll
0x00007fff251d0000 - 0x00007fff251fa000 	C:\Windows\System32\GDI32.dll
0x00007fff235a0000 - 0x00007fff236ab000 	C:\Windows\System32\gdi32full.dll
0x00007fff233a0000 - 0x00007fff2343d000 	C:\Windows\System32\msvcp_win.dll
0x00007fff152b0000 - 0x00007fff1554b000 	C:\Windows\WinSxS\amd64_microsoft.windows.common-controls_6595b64144ccf1df_6.0.19041.746_none_ca02b4b61b8320a4\COMCTL32.dll
0x00007fff24580000 - 0x00007fff2461e000 	C:\Windows\System32\msvcrt.dll
0x00007fff24550000 - 0x00007fff24580000 	C:\Windows\System32\IMM32.DLL
0x00007ffef4d60000 - 0x00007ffef4dbb000 	C:\ProgramData\Microsoft\DbgCtr\XShellDLL64_6015.dll
0x00007fff24100000 - 0x00007fff241ac000 	C:\Windows\System32\ADVAPI32.dll
0x00007fff25560000 - 0x00007fff255fc000 	C:\Windows\System32\sechost.dll
0x00007fff24390000 - 0x00007fff244bb000 	C:\Windows\System32\RPCRT4.dll
0x00007fff239b0000 - 0x00007fff240f2000 	C:\Windows\System32\SHELL32.dll
0x00007fff1eaf0000 - 0x00007fff1eafc000 	C:\Program Files\Android\Android Studio\jbr\bin\vcruntime140_1.dll
0x00007fff0ffc0000 - 0x00007fff1004d000 	C:\Program Files\Android\Android Studio\jbr\bin\msvcp140.dll
0x00007ffeb8ff0000 - 0x00007ffeb9bac000 	C:\Program Files\Android\Android Studio\jbr\bin\server\jvm.dll
0x00007fff24620000 - 0x00007fff24628000 	C:\Windows\System32\PSAPI.DLL
0x00007fff0cba0000 - 0x00007fff0cba9000 	C:\Windows\SYSTEM32\WSOCK32.dll
0x00007fff244e0000 - 0x00007fff2454b000 	C:\Windows\System32\WS2_32.dll
0x00007ffefdea0000 - 0x00007ffefdec7000 	C:\Windows\SYSTEM32\WINMM.dll
0x00007fff216e0000 - 0x00007fff216ea000 	C:\Windows\SYSTEM32\VERSION.dll
0x00007fff217e0000 - 0x00007fff217f2000 	C:\Windows\SYSTEM32\kernel.appcore.dll
0x00007fff1eae0000 - 0x00007fff1eaf0000 	C:\Program Files\Android\Android Studio\jbr\bin\verify.dll
0x00007fff073a0000 - 0x00007fff07584000 	C:\Windows\SYSTEM32\DBGHELP.DLL
0x00007fff07370000 - 0x00007fff0739c000 	C:\Windows\SYSTEM32\dbgcore.DLL
0x00007fff23470000 - 0x00007fff234f0000 	C:\Windows\System32\bcryptPrimitives.dll
0x00007fff04d50000 - 0x00007fff04d78000 	C:\Program Files\Android\Android Studio\jbr\bin\java.dll
0x00007fff111f0000 - 0x00007fff111fa000 	C:\Program Files\Android\Android Studio\jbr\bin\jimage.dll
0x00007fff0fa90000 - 0x00007fff0faa8000 	C:\Program Files\Android\Android Studio\jbr\bin\zip.dll
0x00007fff20ea0000 - 0x00007fff21630000 	C:\Windows\SYSTEM32\windows.storage.dll
0x00007fff25200000 - 0x00007fff25556000 	C:\Windows\System32\combase.dll
0x00007fff22950000 - 0x00007fff2297c000 	C:\Windows\SYSTEM32\Wldp.dll
0x00007fff24c50000 - 0x00007fff24cfe000 	C:\Windows\System32\SHCORE.dll
0x00007fff25170000 - 0x00007fff251c5000 	C:\Windows\System32\shlwapi.dll
0x00007fff22e20000 - 0x00007fff22e46000 	C:\Windows\SYSTEM32\profapi.dll
0x00007fff04d30000 - 0x00007fff04d49000 	C:\Program Files\Android\Android Studio\jbr\bin\net.dll
0x00007fff16b60000 - 0x00007fff16c60000 	C:\Windows\SYSTEM32\WINHTTP.dll
0x00007fff22660000 - 0x00007fff226ca000 	C:\Windows\system32\mswsock.dll
0x00007fff04d10000 - 0x00007fff04d23000 	C:\Program Files\Android\Android Studio\jbr\bin\nio.dll
0x00007ffeeb260000 - 0x00007ffeeb287000 	C:\Users\it_04\.gradle\native\e1d6ef7f7dcc3fd88c89a11ec53ec762bb8ba0a96d01ffa2cd45eb1d1d8dd5c5\windows-amd64\native-platform.dll
0x00007ffed8870000 - 0x00007ffed89b4000 	C:\Users\it_04\.gradle\native\0d407fdbe67a94daf76414ababcb853783967236a71b16ec16e742cd7a986fd3\windows-amd64\native-platform-file-events.dll
0x00007fff10980000 - 0x00007fff1098a000 	C:\Program Files\Android\Android Studio\jbr\bin\management.dll
0x00007fff10840000 - 0x00007fff1084b000 	C:\Program Files\Android\Android Studio\jbr\bin\management_ext.dll
0x00007fff22830000 - 0x00007fff22848000 	C:\Windows\SYSTEM32\CRYPTSP.dll
0x00007fff22000000 - 0x00007fff22034000 	C:\Windows\system32\rsaenh.dll
0x00007fff23440000 - 0x00007fff23467000 	C:\Windows\System32\bcrypt.dll
0x00007fff22da0000 - 0x00007fff22dce000 	C:\Windows\SYSTEM32\USERENV.dll
0x00007fff22850000 - 0x00007fff2285c000 	C:\Windows\SYSTEM32\CRYPTBASE.dll
0x00007fff22350000 - 0x00007fff2238b000 	C:\Windows\SYSTEM32\IPHLPAPI.DLL
0x00007fff241b0000 - 0x00007fff241b8000 	C:\Windows\System32\NSI.dll
0x00007fff1d9c0000 - 0x00007fff1d9d7000 	C:\Windows\SYSTEM32\dhcpcsvc6.DLL
0x00007fff1d9a0000 - 0x00007fff1d9bd000 	C:\Windows\SYSTEM32\dhcpcsvc.DLL
0x00007fff22390000 - 0x00007fff2245b000 	C:\Windows\SYSTEM32\DNSAPI.dll

dbghelp: loaded successfully - version: 4.0.5 - missing functions: none
symbol engine: initialized successfully - sym options: 0x614 - pdb path: .;C:\Program Files\Android\Android Studio\jbr\bin;C:\Windows\SYSTEM32;C:\Windows\WinSxS\amd64_microsoft.windows.common-controls_6595b64144ccf1df_6.0.19041.746_none_ca02b4b61b8320a4;C:\ProgramData\Microsoft\DbgCtr;C:\Program Files\Android\Android Studio\jbr\bin\server;C:\Users\it_04\.gradle\native\e1d6ef7f7dcc3fd88c89a11ec53ec762bb8ba0a96d01ffa2cd45eb1d1d8dd5c5\windows-amd64;C:\Users\it_04\.gradle\native\0d407fdbe67a94daf76414ababcb853783967236a71b16ec16e742cd7a986fd3\windows-amd64

VM Arguments:
jvm_args: --add-opens=java.base/java.util=ALL-UNNAMED --add-opens=java.base/java.lang=ALL-UNNAMED --add-opens=java.base/java.lang.invoke=ALL-UNNAMED --add-opens=java.base/java.util=ALL-UNNAMED --add-opens=java.prefs/java.util.prefs=ALL-UNNAMED --add-opens=java.prefs/java.util.prefs=ALL-UNNAMED --add-opens=java.base/java.nio.charset=ALL-UNNAMED --add-opens=java.base/java.net=ALL-UNNAMED --add-opens=java.base/java.util.concurrent.atomic=ALL-UNNAMED -Xmx2048m -Dfile.encoding=UTF-8 -Duser.country=US -Duser.language=en -Duser.variant 
java_command: org.gradle.launcher.daemon.bootstrap.GradleDaemon 7.5
java_class_path (initial): C:\Users\it_04\.gradle\wrapper\dists\gradle-7.5-bin\f1w0cc9nuo0eivz97x2xlu9sv\gradle-7.5\lib\gradle-launcher-7.5.jar
Launcher Type: SUN_STANDARD

[Global flags]
     intx CICompilerCount                          = 3                                         {product} {ergonomic}
     uint ConcGCThreads                            = 1                                         {product} {ergonomic}
     uint G1ConcRefinementThreads                  = 4                                         {product} {ergonomic}
   size_t G1HeapRegionSize                         = 1048576                                   {product} {ergonomic}
    uintx GCDrainStackTargetSize                   = 64                                        {product} {ergonomic}
   size_t InitialHeapSize                          = 266338304                                 {product} {ergonomic}
   size_t MarkStackSize                            = 4194304                                   {product} {ergonomic}
   size_t MaxHeapSize                              = 2147483648                                {product} {command line}
   size_t MaxNewSize                               = 1287651328                                {product} {ergonomic}
   size_t MinHeapDeltaBytes                        = 1048576                                   {product} {ergonomic}
    uintx NonNMethodCodeHeapSize                   = 5830732                                {pd product} {ergonomic}
    uintx NonProfiledCodeHeapSize                  = 122913754                              {pd product} {ergonomic}
    uintx ProfiledCodeHeapSize                     = 122913754                              {pd product} {ergonomic}
    uintx ReservedCodeCacheSize                    = 251658240                              {pd product} {ergonomic}
     bool SegmentedCodeCache                       = true                                      {product} {ergonomic}
     bool UseCompressedClassPointers               = true                                 {lp64_product} {ergonomic}
     bool UseCompressedOops                        = true                                 {lp64_product} {ergonomic}
     bool UseG1GC                                  = true                                      {product} {ergonomic}
     bool UseLargePagesIndividualAllocation        = false                                  {pd product} {ergonomic}

Logging:
Log output configuration:
 #0: stdout all=warning uptime,level,tags
 #1: stderr all=off uptime,level,tags

Environment Variables:
PATH=D:\app\it_07\product\11.2.0\client_1\bin;C:\Windows\system32;C:\Windows;C:\Windows\System32\Wbem;C:\Windows\System32\WindowsPowerShell\v1.0\;C:\Windows\System32\OpenSSH\;C:\Program Files\dotnet\;C:\Program Files\Git\cmd;C:\Users\it_04\AppData\Local\Microsoft\WindowsApps;C:\Users\it_04\.dotnet\tools
USERNAME=it_04
OS=Windows_NT
PROCESSOR_IDENTIFIER=Intel64 Family 6 Model 165 Stepping 3, GenuineIntel



---------------  S Y S T E M  ---------------

OS: Windows 10 , 64 bit Build 19041 (10.0.19041.804)
OS uptime: 0 days 1:57 hours

CPU:total 4 (initial active 4) (2 cores per cpu, 2 threads per core) family 6 model 165 stepping 3 microcode 0xe0, cmov, cx8, fxsr, mmx, sse, sse2, sse3, ssse3, sse4.1, sse4.2, popcnt, aes, clmul, erms, 3dnowpref, lzcnt, ht, tsc, tscinvbit

Memory: 4k page, system-wide physical 16242M (8021M free)
TotalPageFile size 18674M (AvailPageFile size 9612M)
current process WorkingSet (physical memory assigned to process): 500M, peak: 543M
current process commit charge ("private bytes"): 543M, peak: 583M

vm_info: OpenJDK 64-Bit Server VM (11.0.15+0-b2043.56-9505619) for windows-amd64 JRE (11.0.15+0-b2043.56-9505619), built on Jan 19 2023 02:48:00 by "builduser" with unknown MS VC++:1929

END.
