#
# A fatal error has been detected by the Java Runtime Environment:
#
#  EXCEPTION_ACCESS_VIOLATION (0xc0000005) at pc=0x00007ffea7b963b0, pid=5936, tid=10768
#
# JRE version: OpenJDK Runtime Environment (11.0.15) (build 11.0.15+0-b2043.56-9505619)
# Java VM: OpenJDK 64-Bit Server VM (11.0.15+0-b2043.56-9505619, mixed mode, tiered, compressed oops, g1 gc, windows-amd64)
# Problematic frame:
# C  [native-platform-file-events.dll+0x463b0]
#
# No core dump will be written. Minidumps are not enabled by default on client versions of Windows
#
# If you would like to submit a bug report, please visit:
#   https://bugreport.java.com/bugreport/crash.jsp
# The crash happened outside the Java Virtual Machine in native code.
# See problematic frame for where to report the bug.
#

---------------  S U M M A R Y ------------

Command Line: --add-opens=java.base/java.util=ALL-UNNAMED --add-opens=java.base/java.lang=ALL-UNNAMED --add-opens=java.base/java.lang.invoke=ALL-UNNAMED --add-opens=java.base/java.util=ALL-UNNAMED --add-opens=java.prefs/java.util.prefs=ALL-UNNAMED --add-opens=java.prefs/java.util.prefs=ALL-UNNAMED --add-opens=java.base/java.nio.charset=ALL-UNNAMED --add-opens=java.base/java.net=ALL-UNNAMED --add-opens=java.base/java.util.concurrent.atomic=ALL-UNNAMED -Xmx2048m -Dfile.encoding=UTF-8 -Duser.country=US -Duser.language=en -Duser.variant org.gradle.launcher.daemon.bootstrap.GradleDaemon 7.5

Host: Intel(R) Pentium(R) Gold G6400 CPU @ 4.00GHz, 4 cores, 15G,  Windows 10 , 64 bit Build 19041 (10.0.19041.804)
Time: Sat Apr 15 09:16:56 2023 SE Asia Standard Time elapsed time: 36.347492 seconds (0d 0h 0m 36s)

---------------  T H R E A D  ---------------

Current thread (0x000001aec4395800):  JavaThread "File watcher server" daemon [_thread_in_native, id=10768, stack(0x0000006545b00000,0x0000006545c00000)]

Stack: [0x0000006545b00000,0x0000006545c00000],  sp=0x0000006545bfecf0,  free space=1019k
Native frames: (J=compiled Java code, j=interpreted, Vv=VM code, C=native code)
C  [native-platform-file-events.dll+0x463b0]

Java frames: (J=compiled Java code, j=interpreted, Vv=VM code)
j  net.rubygrapefruit.platform.internal.jni.AbstractFileEventFunctions$NativeFileWatcher.executeRunLoop0(Ljava/lang/Object;)V+0
j  net.rubygrapefruit.platform.internal.jni.AbstractFileEventFunctions$NativeFileWatcher.access$100(Lnet/rubygrapefruit/platform/internal/jni/AbstractFileEventFunctions$NativeFileWatcher;Ljava/lang/Object;)V+2
j  net.rubygrapefruit.platform.internal.jni.AbstractFileEventFunctions$NativeFileWatcher$1.run()V+26
v  ~StubRoutines::call_stub

siginfo: EXCEPTION_ACCESS_VIOLATION (0xc0000005), reading address 0x000000000000002c


Register to memory mapping:

RIP=0x00007ffea7b963b0 native-platform-file-events.dll
RAX=0x000000000000002c is an unknown value
RBX=0x0 is NULL
RCX=0x00000065497fa3c8 is pointing into the stack for thread: 0x000001aecc04b000
RDX=0x0 is NULL
RSP=0x0000006545bfecf0 is pointing into the stack for thread: 0x000001aec4395800
RBP=0x0000006545bff6b8 is pointing into the stack for thread: 0x000001aec4395800
RSI=0x00000065497fa3c0 is pointing into the stack for thread: 0x000001aecc04b000
RDI=0x00000065497fa380 is pointing into the stack for thread: 0x000001aecc04b000
R8 =0x000001aea5881080 points into unknown readable memory: 0x000001aea5880cc0 | c0 0c 88 a5 ae 01 00 00
R9 =0x0000000000000001 is an unknown value
R10=0x0000000000008000 is an unknown value
R11=0x0000006545bfe9a0 is pointing into the stack for thread: 0x000001aec4395800
R12=0x0 is NULL
R13={method} {0x000001aec7456098} 'executeRunLoop0' '(Ljava/lang/Object;)V' in 'net/rubygrapefruit/platform/internal/jni/AbstractFileEventFunctions$NativeFileWatcher'
R14=0x0 is NULL
R15=0x000001aec4395800 is a thread


Registers:
RAX=0x000000000000002c, RBX=0x0000000000000000, RCX=0x00000065497fa3c8, RDX=0x0000000000000000
RSP=0x0000006545bfecf0, RBP=0x0000006545bff6b8, RSI=0x00000065497fa3c0, RDI=0x00000065497fa380
R8 =0x000001aea5881080, R9 =0x0000000000000001, R10=0x0000000000008000, R11=0x0000006545bfe9a0
R12=0x0000000000000000, R13=0x000001aec7456090, R14=0x0000000000000000, R15=0x000001aec4395800
RIP=0x00007ffea7b963b0, EFLAGS=0x0000000000010286

Top of Stack: (sp=0x0000006545bfecf0)
0x0000006545bfecf0:   0000000000000000 000001aeab61fa7a
0x0000006545bfed00:   000001aec1bb5990 00007ffea7b73133
0x0000006545bfed10:   000001aec99b6be8 000000008fb80970
0x0000006545bfed20:   00009d3c046aaa16 00007ffea7b7da83
0x0000006545bfed30:   0000006545bff6e0 00000065497fa380
0x0000006545bfed40:   00007ffea7b6f150 00007ffea7b8709b
0x0000006545bfed50:   00000065497fa3c0 0000000080418330
0x0000006545bfed60:   0000000000000000 00007ffea7b7bfae
0x0000006545bfed70:   000001aec99b6be0 00007ffea7b792a6
0x0000006545bfed80:   00000065497fa3c0 0000000000000000
0x0000006545bfed90:   000001aec99b6be0 00007ffea7b557b3
0x0000006545bfeda0:   0000000000000000 00007ffea7b864c2
0x0000006545bfedb0:   0000006545bfedf0 00000065497fa3c0
0x0000006545bfedc0:   000001aec1844a20 0000000000000000
0x0000006545bfedd0:   000000008040af01 000001aec175fd50
0x0000006545bfede0:   0000000000000000 0000006545bfee28 

Instructions: (pc=0x00007ffea7b963b0)
0x00007ffea7b962b0:   7d 0b 00 48 89 01 48 83 c1 08 48 83 c4 28 48 ff
0x00007ffea7b962c0:   25 b3 7d 0f 00 48 8d 05 54 7d 0b 00 45 33 c0 48
0x00007ffea7b962d0:   89 01 ba a0 0f 00 00 48 83 c1 08 48 83 c4 28 48
0x00007ffea7b962e0:   ff 25 ba 7d 0f 00 e8 40 c3 fb ff cc cc cc cc cc
0x00007ffea7b962f0:   cc cc cc cc cc cc cc cc cc cc cc cc cc cc cc cc
0x00007ffea7b96300:   cc cc cc cc cc cc cc cc 48 83 c1 08 48 ff 25 9d
0x00007ffea7b96310:   7d 0f 00 cc cc cc cc cc c2 00 00 cc 48 83 c1 08
0x00007ffea7b96320:   48 ff 25 69 7d 0f 00 cc cc cc cc cc 48 83 c1 08
0x00007ffea7b96330:   48 ff 25 51 7d 0f 00 cc cc cc cc cc 48 89 5c 24
0x00007ffea7b96340:   18 56 57 41 56 48 83 ec 40 48 8b 05 f8 3e 0e 00
0x00007ffea7b96350:   48 33 c4 48 89 44 24 30 8b 01 4c 8b f2 0f ba f0
0x00007ffea7b96360:   08 48 8b f1 83 f8 01 75 2c ff 15 d1 7c 0f 00 39
0x00007ffea7b96370:   46 48 74 19 48 8d 4e 08 48 8b 01 48 8b 00 ff 15
0x00007ffea7b96380:   9c 9c 0f 00 ff 15 b6 7c 0f 00 89 46 48 ff 46 4c
0x00007ffea7b96390:   e9 f3 00 00 00 4d 85 f6 75 24 ff 15 a0 7c 0f 00
0x00007ffea7b963a0:   39 46 48 0f 84 9d 00 00 00 48 8d 4e 08 48 8b 01
0x00007ffea7b963b0:   48 8b 00 ff 15 67 9c 0f 00 e9 88 00 00 00 48 83
0x00007ffea7b963c0:   3a 00 7c 62 75 06 83 7a 08 00 7e 5a ba 01 00 00
0x00007ffea7b963d0:   00 48 8d 4c 24 20 e8 e0 e1 fb ff 48 8b 44 24 20
0x00007ffea7b963e0:   49 3b 06 7c 0c 75 7d 41 8b 46 08 39 44 24 28 7d
0x00007ffea7b963f0:   73 ff 15 49 7c 0f 00 39 46 48 74 4a 48 8b 46 08
0x00007ffea7b96400:   48 8d 54 24 20 49 8b ce 48 8b 58 10 e8 ef ec fb
0x00007ffea7b96410:   ff 8b d0 48 8d 4e 08 48 8b c3 ff 15 00 9c 0f 00
0x00007ffea7b96420:   84 c0 75 22 eb a6 ff 15 14 7c 0f 00 39 46 48 74
0x00007ffea7b96430:   15 48 8d 4e 08 48 8b 01 48 8b 40 08 ff 15 de 9b
0x00007ffea7b96440:   0f 00 84 c0 74 1e 8b 4e 4c 8d 41 01 89 46 4c 83
0x00007ffea7b96450:   f8 01 7e 2b f7 06 00 01 00 00 75 2c 89 4e 4c 4d
0x00007ffea7b96460:   85 f6 74 14 49 83 3e 00 75 07 41 83 7e 08 00 74
0x00007ffea7b96470:   07 b8 02 00 00 00 eb 12 b8 03 00 00 00 eb 0b ff
0x00007ffea7b96480:   15 bb 7b 0f 00 89 46 48 33 c0 48 8b 4c 24 30 48
0x00007ffea7b96490:   33 cc e8 47 d7 fb ff 48 8b 5c 24 70 48 83 c4 40
0x00007ffea7b964a0:   41 5e 5f 5e c3 cc cc cc cc cc cc cc cc cc cc cc 


Stack slot to memory mapping:
stack at sp + 0 slots: 0x0 is NULL
stack at sp + 1 slots: 0x000001aeab61fa7a is at code_begin+2458 in an Interpreter codelet
method entry point (kind = native)  [0x000001aeab61f0e0, 0x000001aeab61fb60]  2688 bytes
stack at sp + 2 slots: {method} {0x000001aec1bb5998} 'findEntry' '(Ljava/lang/String;)J' in 'java/lang/ClassLoader$NativeLibrary'
stack at sp + 3 slots: 0x00007ffea7b73133 native-platform-file-events.dll
stack at sp + 4 slots: 0x000001aec99b6be8 points into unknown readable memory: 0x656c646172672f67 | 67 2f 67 72 61 64 6c 65
stack at sp + 5 slots: 0x000000008fb80970 is an unallocated location in the heap
stack at sp + 6 slots: 0x00009d3c046aaa16 is an unknown value
stack at sp + 7 slots: 0x00007ffea7b7da83 native-platform-file-events.dll


---------------  P R O C E S S  ---------------

Threads class SMR info:
_java_thread_list=0x000001aec9f52ff0, length=87, elements={
0x000001aea7af3000, 0x000001aec1f81800, 0x000001aec1f84800, 0x000001aec173b800,
0x000001aec173c800, 0x000001aec173d800, 0x000001aec1fe1800, 0x000001aec1ff0800,
0x000001aec1ff6000, 0x000001aec2164800, 0x000001aec429e000, 0x000001aec33f1000,
0x000001aec353f800, 0x000001aec3964000, 0x000001aec3006800, 0x000001aec4396000,
0x000001aec4398000, 0x000001aec4397000, 0x000001aec4395800, 0x000001aec439a000,
0x000001aec5683000, 0x000001aec567f000, 0x000001aec5684000, 0x000001aec5680800,
0x000001aec5681800, 0x000001aec824b000, 0x000001aec8249800, 0x000001aec824d000,
0x000001aec8243000, 0x000001aec8240800, 0x000001aec8241800, 0x000001aec8242000,
0x000001aec8244000, 0x000001aec8244800, 0x000001aec8245800, 0x000001aec823f800,
0x000001aec8246800, 0x000001aec8248000, 0x000001aec824c000, 0x000001aec824a800,
0x000001aec8247000, 0x000001aec824d800, 0x000001aec824e800, 0x000001aec8248800,
0x000001aec5685000, 0x000001aec5685800, 0x000001aec5682800, 0x000001aec5680000,
0x000001aec568b800, 0x000001aec5689000, 0x000001aec5686800, 0x000001aec568c000,
0x000001aec568d000, 0x000001aec5688000, 0x000001aec5687000, 0x000001aec5689800,
0x000001aec568a800, 0x000001aec4398800, 0x000001aec439b000, 0x000001aec4399800,
0x000001aec7c21000, 0x000001aec7c21800, 0x000001aec7c20000, 0x000001aec7c22800,
0x000001aec7c24000, 0x000001aec7c23800, 0x000001aec7c25000, 0x000001aec7c1f000,
0x000001aec7c29000, 0x000001aec7c27800, 0x000001aec7c26800, 0x000001aec7c28000,
0x000001aec7c2a000, 0x000001aec7c2a800, 0x000001aec7c2b800, 0x000001aec7c25800,
0x000001aec7c2d000, 0x000001aec7c2c000, 0x000001aec7c2e000, 0x000001aecc04f000,
0x000001aecc04d800, 0x000001aecc04a800, 0x000001aecc04b000, 0x000001aecc04c000,
0x000001aecc051000, 0x000001aecc052800, 0x000001aecc04e800
}

Java Threads: ( => current thread )
  0x000001aea7af3000 JavaThread "main" [_thread_blocked, id=11536, stack(0x0000006543600000,0x0000006543700000)]
  0x000001aec1f81800 JavaThread "Reference Handler" daemon [_thread_blocked, id=8872, stack(0x0000006544000000,0x0000006544100000)]
  0x000001aec1f84800 JavaThread "Finalizer" daemon [_thread_blocked, id=12188, stack(0x0000006544100000,0x0000006544200000)]
  0x000001aec173b800 JavaThread "Signal Dispatcher" daemon [_thread_blocked, id=10628, stack(0x0000006544200000,0x0000006544300000)]
  0x000001aec173c800 JavaThread "Attach Listener" daemon [_thread_blocked, id=3728, stack(0x0000006544300000,0x0000006544400000)]
  0x000001aec173d800 JavaThread "Service Thread" daemon [_thread_blocked, id=10764, stack(0x0000006544400000,0x0000006544500000)]
  0x000001aec1fe1800 JavaThread "C2 CompilerThread0" daemon [_thread_blocked, id=5540, stack(0x0000006544500000,0x0000006544600000)]
  0x000001aec1ff0800 JavaThread "C1 CompilerThread0" daemon [_thread_blocked, id=7824, stack(0x0000006544600000,0x0000006544700000)]
  0x000001aec1ff6000 JavaThread "Sweeper thread" daemon [_thread_blocked, id=8228, stack(0x0000006544700000,0x0000006544800000)]
  0x000001aec2164800 JavaThread "Common-Cleaner" daemon [_thread_blocked, id=11372, stack(0x0000006544800000,0x0000006544900000)]
  0x000001aec429e000 JavaThread "Daemon health stats" [_thread_blocked, id=11916, stack(0x0000006544e00000,0x0000006544f00000)]
  0x000001aec33f1000 JavaThread "Incoming local TCP Connector on port 56240" [_thread_in_native, id=11656, stack(0x0000006544f00000,0x0000006545000000)]
  0x000001aec353f800 JavaThread "Daemon periodic checks" [_thread_blocked, id=10904, stack(0x0000006545000000,0x0000006545100000)]
  0x000001aec3964000 JavaThread "Daemon" [_thread_blocked, id=10472, stack(0x0000006545100000,0x0000006545200000)]
  0x000001aec3006800 JavaThread "Daemon worker" [_thread_blocked, id=1180, stack(0x0000006545400000,0x0000006545500000)]
  0x000001aec4396000 JavaThread "Cache worker for journal cache (C:\Users\it_04\.gradle\caches\journal-1)" [_thread_blocked, id=10140, stack(0x0000006545800000,0x0000006545900000)]
  0x000001aec4398000 JavaThread "File lock request listener" [_thread_in_native, id=4548, stack(0x0000006545900000,0x0000006545a00000)]
  0x000001aec4397000 JavaThread "Cache worker for file hash cache (C:\Users\it_04\.gradle\caches\7.5\fileHashes)" [_thread_blocked, id=11576, stack(0x0000006545a00000,0x0000006545b00000)]
=>0x000001aec4395800 JavaThread "File watcher server" daemon [_thread_in_native, id=10768, stack(0x0000006545b00000,0x0000006545c00000)]
  0x000001aec439a000 JavaThread "Cache worker for file content cache (C:\Users\it_04\.gradle\caches\7.5\fileContent)" [_thread_blocked, id=2108, stack(0x0000006545f00000,0x0000006546000000)]
  0x000001aec5683000 JavaThread "Cache worker for execution history cache (C:\Users\it_04\.gradle\caches\7.5\executionHistory)" [_thread_blocked, id=4872, stack(0x0000006546200000,0x0000006546300000)]
  0x000001aec567f000 JavaThread "jar transforms" [_thread_blocked, id=1696, stack(0x0000006546300000,0x0000006546400000)]
  0x000001aec5684000 JavaThread "jar transforms Thread 2" [_thread_blocked, id=11900, stack(0x0000006546400000,0x0000006546500000)]
  0x000001aec5680800 JavaThread "jar transforms Thread 3" [_thread_blocked, id=6068, stack(0x0000006546500000,0x0000006546600000)]
  0x000001aec5681800 JavaThread "jar transforms Thread 4" [_thread_blocked, id=6768, stack(0x0000006546600000,0x0000006546700000)]
  0x000001aec824b000 JavaThread "Memory manager" [_thread_blocked, id=6724, stack(0x0000006549100000,0x0000006549200000)]
  0x000001aec8249800 JavaThread "pool-3-thread-1" [_thread_blocked, id=11672, stack(0x0000006549300000,0x0000006549400000)]
  0x000001aec824d000 JavaThread "included builds" [_thread_blocked, id=4648, stack(0x0000006549500000,0x0000006549600000)]
  0x000001aec8243000 JavaThread "Handler for socket connection from /127.0.0.1:56240 to /127.0.0.1:56293" [_thread_in_native, id=4656, stack(0x0000006544a00000,0x0000006544b00000)]
  0x000001aec8240800 JavaThread "Cancel handler" [_thread_blocked, id=5904, stack(0x0000006545200000,0x0000006545300000)]
  0x000001aec8241800 JavaThread "Asynchronous log dispatcher for DefaultDaemonConnection: socket connection from /127.0.0.1:56240 to /127.0.0.1:56293" [_thread_blocked, id=5940, stack(0x0000006545300000,0x0000006545400000)]
  0x000001aec8242000 JavaThread "Stdin handler" [_thread_blocked, id=3940, stack(0x0000006545500000,0x0000006545600000)]
  0x000001aec8244000 JavaThread "Daemon client event forwarder" [_thread_blocked, id=2640, stack(0x0000006545600000,0x0000006545700000)]
  0x000001aec8244800 JavaThread "Cache worker for checksums cache (D:\SourceAndroid\KyThuat\.gradle\7.5\checksums)" [_thread_blocked, id=3992, stack(0x0000006545700000,0x0000006545800000)]
  0x000001aec8245800 JavaThread "Cache worker for cache directory md-rule (C:\Users\it_04\.gradle\caches\7.5\md-rule)" [_thread_blocked, id=10460, stack(0x0000006545d00000,0x0000006545e00000)]
  0x000001aec823f800 JavaThread "Cache worker for file hash cache (D:\SourceAndroid\KyThuat\.gradle\7.5\fileHashes)" [_thread_blocked, id=2288, stack(0x0000006545e00000,0x0000006545f00000)]
  0x000001aec8246800 JavaThread "Cache worker for cache directory md-supplier (C:\Users\it_04\.gradle\caches\7.5\md-supplier)" [_thread_blocked, id=10820, stack(0x0000006546000000,0x0000006546100000)]
  0x000001aec8248000 JavaThread "Cache worker for dependencies-accessors (D:\SourceAndroid\KyThuat\.gradle\7.5\dependencies-accessors)" [_thread_blocked, id=6008, stack(0x0000006546100000,0x0000006546200000)]
  0x000001aec824c000 JavaThread "Cache worker for Build Output Cleanup Cache (D:\SourceAndroid\KyThuat\.gradle\buildOutputCleanup)" [_thread_blocked, id=8880, stack(0x0000006546700000,0x0000006546800000)]
  0x000001aec824a800 JavaThread "Unconstrained build operations" [_thread_blocked, id=4268, stack(0x0000006546900000,0x0000006546a00000)]
  0x000001aec8247000 JavaThread "Unconstrained build operations Thread 2" [_thread_blocked, id=8972, stack(0x0000006546a00000,0x0000006546b00000)]
  0x000001aec824d800 JavaThread "Unconstrained build operations Thread 3" [_thread_blocked, id=12028, stack(0x0000006546b00000,0x0000006546c00000)]
  0x000001aec824e800 JavaThread "Unconstrained build operations Thread 4" [_thread_blocked, id=5712, stack(0x0000006546c00000,0x0000006546d00000)]
  0x000001aec8248800 JavaThread "Unconstrained build operations Thread 5" [_thread_blocked, id=1588, stack(0x0000006546d00000,0x0000006546e00000)]
  0x000001aec5685000 JavaThread "Unconstrained build operations Thread 6" [_thread_blocked, id=8460, stack(0x0000006546e00000,0x0000006546f00000)]
  0x000001aec5685800 JavaThread "Unconstrained build operations Thread 7" [_thread_blocked, id=11212, stack(0x0000006546f00000,0x0000006547000000)]
  0x000001aec5682800 JavaThread "Unconstrained build operations Thread 8" [_thread_blocked, id=12036, stack(0x0000006547000000,0x0000006547100000)]
  0x000001aec5680000 JavaThread "Unconstrained build operations Thread 9" [_thread_blocked, id=11152, stack(0x0000006547100000,0x0000006547200000)]
  0x000001aec568b800 JavaThread "Unconstrained build operations Thread 10" [_thread_blocked, id=7820, stack(0x0000006547200000,0x0000006547300000)]
  0x000001aec5689000 JavaThread "Unconstrained build operations Thread 11" [_thread_blocked, id=11588, stack(0x0000006547300000,0x0000006547400000)]
  0x000001aec5686800 JavaThread "Unconstrained build operations Thread 12" [_thread_blocked, id=11728, stack(0x0000006547400000,0x0000006547500000)]
  0x000001aec568c000 JavaThread "Unconstrained build operations Thread 13" [_thread_blocked, id=1208, stack(0x0000006547500000,0x0000006547600000)]
  0x000001aec568d000 JavaThread "Unconstrained build operations Thread 14" [_thread_blocked, id=4368, stack(0x0000006547600000,0x0000006547700000)]
  0x000001aec5688000 JavaThread "Unconstrained build operations Thread 15" [_thread_blocked, id=9996, stack(0x0000006547700000,0x0000006547800000)]
  0x000001aec5687000 JavaThread "Unconstrained build operations Thread 16" [_thread_blocked, id=11748, stack(0x0000006547800000,0x0000006547900000)]
  0x000001aec5689800 JavaThread "Unconstrained build operations Thread 17" [_thread_blocked, id=9952, stack(0x0000006547900000,0x0000006547a00000)]
  0x000001aec568a800 JavaThread "Unconstrained build operations Thread 18" [_thread_blocked, id=5888, stack(0x0000006547a00000,0x0000006547b00000)]
  0x000001aec4398800 JavaThread "Unconstrained build operations Thread 19" [_thread_blocked, id=3972, stack(0x0000006547b00000,0x0000006547c00000)]
  0x000001aec439b000 JavaThread "Unconstrained build operations Thread 20" [_thread_blocked, id=7844, stack(0x0000006547c00000,0x0000006547d00000)]
  0x000001aec4399800 JavaThread "Unconstrained build operations Thread 21" [_thread_blocked, id=6684, stack(0x0000006547d00000,0x0000006547e00000)]
  0x000001aec7c21000 JavaThread "Unconstrained build operations Thread 22" [_thread_blocked, id=10328, stack(0x0000006547e00000,0x0000006547f00000)]
  0x000001aec7c21800 JavaThread "Unconstrained build operations Thread 23" [_thread_blocked, id=7244, stack(0x0000006547f00000,0x0000006548000000)]
  0x000001aec7c20000 JavaThread "Unconstrained build operations Thread 24" [_thread_blocked, id=11568, stack(0x0000006548000000,0x0000006548100000)]
  0x000001aec7c22800 JavaThread "Unconstrained build operations Thread 25" [_thread_blocked, id=9568, stack(0x0000006548100000,0x0000006548200000)]
  0x000001aec7c24000 JavaThread "Unconstrained build operations Thread 26" [_thread_blocked, id=2828, stack(0x0000006548200000,0x0000006548300000)]
  0x000001aec7c23800 JavaThread "Unconstrained build operations Thread 27" [_thread_blocked, id=7640, stack(0x0000006548300000,0x0000006548400000)]
  0x000001aec7c25000 JavaThread "Unconstrained build operations Thread 28" [_thread_blocked, id=10972, stack(0x0000006548400000,0x0000006548500000)]
  0x000001aec7c1f000 JavaThread "Unconstrained build operations Thread 29" [_thread_blocked, id=6648, stack(0x0000006548500000,0x0000006548600000)]
  0x000001aec7c29000 JavaThread "Unconstrained build operations Thread 30" [_thread_blocked, id=8468, stack(0x0000006548600000,0x0000006548700000)]
  0x000001aec7c27800 JavaThread "Unconstrained build operations Thread 31" [_thread_blocked, id=12104, stack(0x0000006548700000,0x0000006548800000)]
  0x000001aec7c26800 JavaThread "Unconstrained build operations Thread 32" [_thread_blocked, id=196, stack(0x0000006548800000,0x0000006548900000)]
  0x000001aec7c28000 JavaThread "Unconstrained build operations Thread 33" [_thread_blocked, id=6996, stack(0x0000006548900000,0x0000006548a00000)]
  0x000001aec7c2a000 JavaThread "Unconstrained build operations Thread 34" [_thread_blocked, id=3964, stack(0x0000006548a00000,0x0000006548b00000)]
  0x000001aec7c2a800 JavaThread "Unconstrained build operations Thread 35" [_thread_blocked, id=6932, stack(0x0000006548b00000,0x0000006548c00000)]
  0x000001aec7c2b800 JavaThread "Unconstrained build operations Thread 36" [_thread_blocked, id=11984, stack(0x0000006548c00000,0x0000006548d00000)]
  0x000001aec7c25800 JavaThread "Unconstrained build operations Thread 37" [_thread_blocked, id=11716, stack(0x0000006548d00000,0x0000006548e00000)]
  0x000001aec7c2d000 JavaThread "Unconstrained build operations Thread 38" [_thread_blocked, id=1456, stack(0x0000006548e00000,0x0000006548f00000)]
  0x000001aec7c2c000 JavaThread "Unconstrained build operations Thread 39" [_thread_blocked, id=9348, stack(0x0000006548f00000,0x0000006549000000)]
  0x000001aec7c2e000 JavaThread "Unconstrained build operations Thread 40" [_thread_blocked, id=3464, stack(0x0000006549000000,0x0000006549100000)]
  0x000001aecc04f000 JavaThread "build event listener" [_thread_blocked, id=2112, stack(0x0000006549200000,0x0000006549300000)]
  0x000001aecc04d800 JavaThread "pool-6-thread-1" [_thread_blocked, id=8384, stack(0x0000006549400000,0x0000006549500000)]
  0x000001aecc04a800 JavaThread "build event listener" [_thread_in_Java, id=11560, stack(0x0000006549600000,0x0000006549700000)]
  0x000001aecc04b000 JavaThread "included builds" [_thread_blocked, id=11188, stack(0x0000006549700000,0x0000006549800000)]
  0x000001aecc04c000 JavaThread "Execution worker" [_thread_in_Java, id=8356, stack(0x0000006549800000,0x0000006549900000)]
  0x000001aecc051000 JavaThread "Execution worker Thread 2" [_thread_blocked, id=11060, stack(0x0000006549900000,0x0000006549a00000)]
  0x000001aecc052800 JavaThread "Execution worker Thread 3" [_thread_blocked, id=10364, stack(0x0000006549a00000,0x0000006549b00000)]
  0x000001aecc04e800 JavaThread "Cache worker for execution history cache (D:\SourceAndroid\KyThuat\.gradle\7.5\executionHistory)" [_thread_in_Java, id=1404, stack(0x0000006549b00000,0x0000006549c00000)]

Other Threads:
  0x000001aec1f7f800 VMThread "VM Thread" [stack: 0x0000006543f00000,0x0000006544000000] [id=5028]
  0x000001aec2165800 WatcherThread [stack: 0x0000006544900000,0x0000006544a00000] [id=10436]
  0x000001aea7b0b000 GCTaskThread "GC Thread#0" [stack: 0x0000006543a00000,0x0000006543b00000] [id=2648]
  0x000001aec2c78800 GCTaskThread "GC Thread#1" [stack: 0x0000006544b00000,0x0000006544c00000] [id=3724]
  0x000001aec2cd2800 GCTaskThread "GC Thread#2" [stack: 0x0000006544c00000,0x0000006544d00000] [id=1572]
  0x000001aec27fe000 GCTaskThread "GC Thread#3" [stack: 0x0000006544d00000,0x0000006544e00000] [id=3872]
  0x000001aea7b3a800 ConcurrentGCThread "G1 Main Marker" [stack: 0x0000006543b00000,0x0000006543c00000] [id=7068]
  0x000001aea7b3d000 ConcurrentGCThread "G1 Conc#0" [stack: 0x0000006543c00000,0x0000006543d00000] [id=2032]
  0x000001aea7bbe000 ConcurrentGCThread "G1 Refine#0" [stack: 0x0000006543d00000,0x0000006543e00000] [id=11912]
  0x000001aec15b8800 ConcurrentGCThread "G1 Young RemSet Sampling" [stack: 0x0000006543e00000,0x0000006543f00000] [id=10044]

Threads with active compile tasks:
C2 CompilerThread0    36368 9500       4       java.util.TreeMap$PrivateEntryIterator::<init> (28 bytes)
C1 CompilerThread0    36368 9503       3       java.io.ObjectOutputStream$BlockDataOutputStream::writeShort (47 bytes)

VM state:not at safepoint (normal execution)

VM Mutex/Monitor currently owned by a thread: None

Heap address: 0x0000000080000000, size: 2048 MB, Compressed Oops mode: 32-bit
Narrow klass base: 0x0000000000000000, Narrow klass shift: 3
Compressed class space size: 1073741824 Address: 0x0000000100000000

Heap:
 garbage-first heap   total 339968K, used 131026K [0x0000000080000000, 0x0000000100000000)
  region size 1024K, 75 young (76800K), 19 survivors (19456K)
 Metaspace       used 90405K, capacity 92744K, committed 92848K, reserved 1130496K
  class space    used 11458K, capacity 12275K, committed 12360K, reserved 1048576K
Heap Regions: E=young(eden), S=young(survivor), O=old, HS=humongous(starts), HC=humongous(continues), CS=collection set, F=free, A=archive, TAMS=top-at-mark-start (previous, next)
|   0|0x0000000080000000, 0x0000000080100000, 0x0000000080100000|100%|HS|  |TAMS 0x0000000080100000, 0x0000000080000000| Complete 
|   1|0x0000000080100000, 0x0000000080200000, 0x0000000080200000|100%|HC|  |TAMS 0x0000000080200000, 0x0000000080100000| Complete 
|   2|0x0000000080200000, 0x0000000080300000, 0x0000000080300000|100%|HC|  |TAMS 0x0000000080300000, 0x0000000080200000| Complete 
|   3|0x0000000080300000, 0x0000000080400000, 0x0000000080400000|100%| O|  |TAMS 0x0000000080400000, 0x0000000080300000| Untracked 
|   4|0x0000000080400000, 0x0000000080500000, 0x0000000080500000|100%| O|  |TAMS 0x0000000080500000, 0x0000000080400000| Untracked 
|   5|0x0000000080500000, 0x0000000080600000, 0x0000000080600000|100%| O|  |TAMS 0x0000000080600000, 0x0000000080500000| Untracked 
|   6|0x0000000080600000, 0x0000000080700000, 0x0000000080700000|100%| O|  |TAMS 0x0000000080700000, 0x0000000080600000| Untracked 
|   7|0x0000000080700000, 0x0000000080800000, 0x0000000080800000|100%| O|  |TAMS 0x0000000080800000, 0x0000000080700000| Untracked 
|   8|0x0000000080800000, 0x0000000080900000, 0x0000000080900000|100%| O|  |TAMS 0x0000000080900000, 0x0000000080800000| Untracked 
|   9|0x0000000080900000, 0x0000000080a00000, 0x0000000080a00000|100%| O|  |TAMS 0x0000000080a00000, 0x0000000080900000| Untracked 
|  10|0x0000000080a00000, 0x0000000080b00000, 0x0000000080b00000|100%| O|  |TAMS 0x0000000080b00000, 0x0000000080a00000| Untracked 
|  11|0x0000000080b00000, 0x0000000080c00000, 0x0000000080c00000|100%| O|  |TAMS 0x0000000080c00000, 0x0000000080b00000| Untracked 
|  12|0x0000000080c00000, 0x0000000080d00000, 0x0000000080d00000|100%| O|  |TAMS 0x0000000080d00000, 0x0000000080c00000| Untracked 
|  13|0x0000000080d00000, 0x0000000080e00000, 0x0000000080e00000|100%| O|  |TAMS 0x0000000080e00000, 0x0000000080d00000| Untracked 
|  14|0x0000000080e00000, 0x0000000080f00000, 0x0000000080f00000|100%| O|  |TAMS 0x0000000080f00000, 0x0000000080e00000| Untracked 
|  15|0x0000000080f00000, 0x0000000081000000, 0x0000000081000000|100%| O|  |TAMS 0x0000000081000000, 0x0000000080f00000| Untracked 
|  16|0x0000000081000000, 0x0000000081100000, 0x0000000081100000|100%| O|  |TAMS 0x0000000081100000, 0x0000000081000000| Untracked 
|  17|0x0000000081100000, 0x0000000081200000, 0x0000000081200000|100%|HS|  |TAMS 0x0000000081200000, 0x0000000081100000| Complete 
|  18|0x0000000081200000, 0x0000000081300000, 0x0000000081300000|100%|HS|  |TAMS 0x0000000081300000, 0x0000000081200000| Complete 
|  19|0x0000000081300000, 0x0000000081400000, 0x0000000081400000|100%| O|  |TAMS 0x0000000081400000, 0x0000000081300000| Untracked 
|  20|0x0000000081400000, 0x0000000081500000, 0x0000000081500000|100%|HS|  |TAMS 0x0000000081500000, 0x0000000081400000| Complete 
|  21|0x0000000081500000, 0x0000000081600000, 0x0000000081600000|100%|HC|  |TAMS 0x0000000081600000, 0x0000000081500000| Complete 
|  22|0x0000000081600000, 0x0000000081700000, 0x0000000081700000|100%| O|  |TAMS 0x0000000081700000, 0x0000000081600000| Untracked 
|  23|0x0000000081700000, 0x0000000081800000, 0x0000000081800000|100%| O|  |TAMS 0x0000000081800000, 0x0000000081700000| Untracked 
|  24|0x0000000081800000, 0x0000000081900000, 0x0000000081900000|100%| O|  |TAMS 0x0000000081900000, 0x0000000081800000| Untracked 
|  25|0x0000000081900000, 0x0000000081a00000, 0x0000000081a00000|100%| O|  |TAMS 0x0000000081a00000, 0x0000000081900000| Untracked 
|  26|0x0000000081a00000, 0x0000000081b00000, 0x0000000081b00000|100%| O|  |TAMS 0x0000000081b00000, 0x0000000081a00000| Untracked 
|  27|0x0000000081b00000, 0x0000000081c00000, 0x0000000081c00000|100%| O|  |TAMS 0x0000000081c00000, 0x0000000081b00000| Untracked 
|  28|0x0000000081c00000, 0x0000000081d00000, 0x0000000081d00000|100%| O|  |TAMS 0x0000000081d00000, 0x0000000081c00000| Untracked 
|  29|0x0000000081d00000, 0x0000000081e00000, 0x0000000081e00000|100%| O|  |TAMS 0x0000000081e00000, 0x0000000081d00000| Untracked 
|  30|0x0000000081e00000, 0x0000000081f00000, 0x0000000081f00000|100%| O|  |TAMS 0x0000000081f00000, 0x0000000081e00000| Untracked 
|  31|0x0000000081f00000, 0x0000000082000000, 0x0000000082000000|100%| O|  |TAMS 0x0000000082000000, 0x0000000081f00000| Untracked 
|  32|0x0000000082000000, 0x0000000082100000, 0x0000000082100000|100%| O|  |TAMS 0x0000000082100000, 0x0000000082000000| Untracked 
|  33|0x0000000082100000, 0x0000000082200000, 0x0000000082200000|100%| O|  |TAMS 0x0000000082200000, 0x0000000082100000| Untracked 
|  34|0x0000000082200000, 0x0000000082300000, 0x0000000082300000|100%| O|  |TAMS 0x0000000082300000, 0x0000000082200000| Untracked 
|  35|0x0000000082300000, 0x0000000082400000, 0x0000000082400000|100%| O|  |TAMS 0x0000000082400000, 0x0000000082300000| Untracked 
|  36|0x0000000082400000, 0x0000000082500000, 0x0000000082500000|100%| O|  |TAMS 0x0000000082500000, 0x0000000082400000| Untracked 
|  37|0x0000000082500000, 0x0000000082600000, 0x0000000082600000|100%| O|  |TAMS 0x0000000082600000, 0x0000000082500000| Untracked 
|  38|0x0000000082600000, 0x0000000082700000, 0x0000000082700000|100%| O|  |TAMS 0x0000000082700000, 0x0000000082600000| Untracked 
|  39|0x0000000082700000, 0x0000000082800000, 0x0000000082800000|100%| O|  |TAMS 0x0000000082800000, 0x0000000082700000| Untracked 
|  40|0x0000000082800000, 0x0000000082900000, 0x0000000082900000|100%| O|  |TAMS 0x0000000082900000, 0x0000000082800000| Untracked 
|  41|0x0000000082900000, 0x0000000082a00000, 0x0000000082a00000|100%| O|  |TAMS 0x0000000082a00000, 0x0000000082900000| Untracked 
|  42|0x0000000082a00000, 0x0000000082b00000, 0x0000000082b00000|100%| O|  |TAMS 0x0000000082b00000, 0x0000000082a00000| Untracked 
|  43|0x0000000082b00000, 0x0000000082c00000, 0x0000000082c00000|100%| O|  |TAMS 0x0000000082c00000, 0x0000000082b00000| Untracked 
|  44|0x0000000082c00000, 0x0000000082d00000, 0x0000000082d00000|100%| O|  |TAMS 0x0000000082d00000, 0x0000000082c00000| Untracked 
|  45|0x0000000082d00000, 0x0000000082e00000, 0x0000000082e00000|100%| O|  |TAMS 0x0000000082e00000, 0x0000000082d00000| Untracked 
|  46|0x0000000082e00000, 0x0000000082f00000, 0x0000000082f00000|100%| O|  |TAMS 0x0000000082f00000, 0x0000000082e00000| Untracked 
|  47|0x0000000082f00000, 0x0000000083000000, 0x0000000083000000|100%| O|  |TAMS 0x0000000083000000, 0x0000000082f00000| Untracked 
|  48|0x0000000083000000, 0x0000000083100000, 0x0000000083100000|100%| O|  |TAMS 0x0000000083100000, 0x0000000083000000| Untracked 
|  49|0x0000000083100000, 0x0000000083200000, 0x0000000083200000|100%| O|  |TAMS 0x0000000083200000, 0x0000000083100000| Untracked 
|  50|0x0000000083200000, 0x0000000083300000, 0x0000000083300000|100%| O|  |TAMS 0x0000000083300000, 0x0000000083200000| Untracked 
|  51|0x0000000083300000, 0x0000000083400000, 0x0000000083400000|100%| O|  |TAMS 0x0000000083400000, 0x0000000083300000| Untracked 
|  52|0x0000000083400000, 0x0000000083500000, 0x0000000083500000|100%| O|  |TAMS 0x0000000083500000, 0x0000000083400000| Untracked 
|  53|0x0000000083500000, 0x0000000083600000, 0x0000000083600000|100%| O|  |TAMS 0x0000000083600000, 0x0000000083500000| Untracked 
|  54|0x0000000083600000, 0x0000000083680000, 0x0000000083700000| 50%| O|  |TAMS 0x0000000083680000, 0x0000000083600000| Untracked 
|  55|0x0000000083700000, 0x0000000083700000, 0x0000000083800000|  0%| F|  |TAMS 0x0000000083700000, 0x0000000083700000| Untracked 
|  56|0x0000000083800000, 0x0000000083800000, 0x0000000083900000|  0%| F|  |TAMS 0x0000000083800000, 0x0000000083800000| Untracked 
|  57|0x0000000083900000, 0x0000000083900000, 0x0000000083a00000|  0%| F|  |TAMS 0x0000000083900000, 0x0000000083900000| Untracked 
|  58|0x0000000083a00000, 0x0000000083a00000, 0x0000000083b00000|  0%| F|  |TAMS 0x0000000083a00000, 0x0000000083a00000| Untracked 
|  59|0x0000000083b00000, 0x0000000083b00000, 0x0000000083c00000|  0%| F|  |TAMS 0x0000000083b00000, 0x0000000083b00000| Untracked 
|  60|0x0000000083c00000, 0x0000000083c00000, 0x0000000083d00000|  0%| F|  |TAMS 0x0000000083c00000, 0x0000000083c00000| Untracked 
|  61|0x0000000083d00000, 0x0000000083d00000, 0x0000000083e00000|  0%| F|  |TAMS 0x0000000083d00000, 0x0000000083d00000| Untracked 
|  62|0x0000000083e00000, 0x0000000083e00000, 0x0000000083f00000|  0%| F|  |TAMS 0x0000000083e00000, 0x0000000083e00000| Untracked 
|  63|0x0000000083f00000, 0x0000000083f00000, 0x0000000084000000|  0%| F|  |TAMS 0x0000000083f00000, 0x0000000083f00000| Untracked 
|  64|0x0000000084000000, 0x0000000084000000, 0x0000000084100000|  0%| F|  |TAMS 0x0000000084000000, 0x0000000084000000| Untracked 
|  65|0x0000000084100000, 0x0000000084100000, 0x0000000084200000|  0%| F|  |TAMS 0x0000000084100000, 0x0000000084100000| Untracked 
|  66|0x0000000084200000, 0x0000000084200000, 0x0000000084300000|  0%| F|  |TAMS 0x0000000084200000, 0x0000000084200000| Untracked 
|  67|0x0000000084300000, 0x0000000084300000, 0x0000000084400000|  0%| F|  |TAMS 0x0000000084300000, 0x0000000084300000| Untracked 
|  68|0x0000000084400000, 0x0000000084400000, 0x0000000084500000|  0%| F|  |TAMS 0x0000000084400000, 0x0000000084400000| Untracked 
|  69|0x0000000084500000, 0x0000000084500000, 0x0000000084600000|  0%| F|  |TAMS 0x0000000084500000, 0x0000000084500000| Untracked 
|  70|0x0000000084600000, 0x0000000084600000, 0x0000000084700000|  0%| F|  |TAMS 0x0000000084600000, 0x0000000084600000| Untracked 
|  71|0x0000000084700000, 0x0000000084700000, 0x0000000084800000|  0%| F|  |TAMS 0x0000000084700000, 0x0000000084700000| Untracked 
|  72|0x0000000084800000, 0x0000000084800000, 0x0000000084900000|  0%| F|  |TAMS 0x0000000084800000, 0x0000000084800000| Untracked 
|  73|0x0000000084900000, 0x0000000084900000, 0x0000000084a00000|  0%| F|  |TAMS 0x0000000084900000, 0x0000000084900000| Untracked 
|  74|0x0000000084a00000, 0x0000000084a00000, 0x0000000084b00000|  0%| F|  |TAMS 0x0000000084a00000, 0x0000000084a00000| Untracked 
|  75|0x0000000084b00000, 0x0000000084b00000, 0x0000000084c00000|  0%| F|  |TAMS 0x0000000084b00000, 0x0000000084b00000| Untracked 
|  76|0x0000000084c00000, 0x0000000084c00000, 0x0000000084d00000|  0%| F|  |TAMS 0x0000000084c00000, 0x0000000084c00000| Untracked 
|  77|0x0000000084d00000, 0x0000000084d00000, 0x0000000084e00000|  0%| F|  |TAMS 0x0000000084d00000, 0x0000000084d00000| Untracked 
|  78|0x0000000084e00000, 0x0000000084e00000, 0x0000000084f00000|  0%| F|  |TAMS 0x0000000084e00000, 0x0000000084e00000| Untracked 
|  79|0x0000000084f00000, 0x0000000084f00000, 0x0000000085000000|  0%| F|  |TAMS 0x0000000084f00000, 0x0000000084f00000| Untracked 
|  80|0x0000000085000000, 0x0000000085000000, 0x0000000085100000|  0%| F|  |TAMS 0x0000000085000000, 0x0000000085000000| Untracked 
|  81|0x0000000085100000, 0x0000000085100000, 0x0000000085200000|  0%| F|  |TAMS 0x0000000085100000, 0x0000000085100000| Untracked 
|  82|0x0000000085200000, 0x0000000085200000, 0x0000000085300000|  0%| F|  |TAMS 0x0000000085200000, 0x0000000085200000| Untracked 
|  83|0x0000000085300000, 0x0000000085300000, 0x0000000085400000|  0%| F|  |TAMS 0x0000000085300000, 0x0000000085300000| Untracked 
|  84|0x0000000085400000, 0x0000000085400000, 0x0000000085500000|  0%| F|  |TAMS 0x0000000085400000, 0x0000000085400000| Untracked 
|  85|0x0000000085500000, 0x0000000085500000, 0x0000000085600000|  0%| F|  |TAMS 0x0000000085500000, 0x0000000085500000| Untracked 
|  86|0x0000000085600000, 0x0000000085600000, 0x0000000085700000|  0%| F|  |TAMS 0x0000000085600000, 0x0000000085600000| Untracked 
|  87|0x0000000085700000, 0x0000000085700000, 0x0000000085800000|  0%| F|  |TAMS 0x0000000085700000, 0x0000000085700000| Untracked 
|  88|0x0000000085800000, 0x0000000085800000, 0x0000000085900000|  0%| F|  |TAMS 0x0000000085800000, 0x0000000085800000| Untracked 
|  89|0x0000000085900000, 0x0000000085900000, 0x0000000085a00000|  0%| F|  |TAMS 0x0000000085900000, 0x0000000085900000| Untracked 
|  90|0x0000000085a00000, 0x0000000085a00000, 0x0000000085b00000|  0%| F|  |TAMS 0x0000000085a00000, 0x0000000085a00000| Untracked 
|  91|0x0000000085b00000, 0x0000000085b00000, 0x0000000085c00000|  0%| F|  |TAMS 0x0000000085b00000, 0x0000000085b00000| Untracked 
|  92|0x0000000085c00000, 0x0000000085c00000, 0x0000000085d00000|  0%| F|  |TAMS 0x0000000085c00000, 0x0000000085c00000| Untracked 
|  93|0x0000000085d00000, 0x0000000085d00000, 0x0000000085e00000|  0%| F|  |TAMS 0x0000000085d00000, 0x0000000085d00000| Untracked 
|  94|0x0000000085e00000, 0x0000000085e00000, 0x0000000085f00000|  0%| F|  |TAMS 0x0000000085e00000, 0x0000000085e00000| Untracked 
|  95|0x0000000085f00000, 0x0000000085f00000, 0x0000000086000000|  0%| F|  |TAMS 0x0000000085f00000, 0x0000000085f00000| Untracked 
|  96|0x0000000086000000, 0x0000000086000000, 0x0000000086100000|  0%| F|  |TAMS 0x0000000086000000, 0x0000000086000000| Untracked 
|  97|0x0000000086100000, 0x0000000086100000, 0x0000000086200000|  0%| F|  |TAMS 0x0000000086100000, 0x0000000086100000| Untracked 
|  98|0x0000000086200000, 0x0000000086200000, 0x0000000086300000|  0%| F|  |TAMS 0x0000000086200000, 0x0000000086200000| Untracked 
|  99|0x0000000086300000, 0x0000000086300000, 0x0000000086400000|  0%| F|  |TAMS 0x0000000086300000, 0x0000000086300000| Untracked 
| 100|0x0000000086400000, 0x0000000086400000, 0x0000000086500000|  0%| F|  |TAMS 0x0000000086400000, 0x0000000086400000| Untracked 
| 101|0x0000000086500000, 0x0000000086500000, 0x0000000086600000|  0%| F|  |TAMS 0x0000000086500000, 0x0000000086500000| Untracked 
| 102|0x0000000086600000, 0x0000000086600000, 0x0000000086700000|  0%| F|  |TAMS 0x0000000086600000, 0x0000000086600000| Untracked 
| 103|0x0000000086700000, 0x0000000086700000, 0x0000000086800000|  0%| F|  |TAMS 0x0000000086700000, 0x0000000086700000| Untracked 
| 104|0x0000000086800000, 0x0000000086800000, 0x0000000086900000|  0%| F|  |TAMS 0x0000000086800000, 0x0000000086800000| Untracked 
| 105|0x0000000086900000, 0x0000000086900000, 0x0000000086a00000|  0%| F|  |TAMS 0x0000000086900000, 0x0000000086900000| Untracked 
| 106|0x0000000086a00000, 0x0000000086a00000, 0x0000000086b00000|  0%| F|  |TAMS 0x0000000086a00000, 0x0000000086a00000| Untracked 
| 107|0x0000000086b00000, 0x0000000086b00000, 0x0000000086c00000|  0%| F|  |TAMS 0x0000000086b00000, 0x0000000086b00000| Untracked 
| 108|0x0000000086c00000, 0x0000000086c00000, 0x0000000086d00000|  0%| F|  |TAMS 0x0000000086c00000, 0x0000000086c00000| Untracked 
| 109|0x0000000086d00000, 0x0000000086d00000, 0x0000000086e00000|  0%| F|  |TAMS 0x0000000086d00000, 0x0000000086d00000| Untracked 
| 110|0x0000000086e00000, 0x0000000086e00000, 0x0000000086f00000|  0%| F|  |TAMS 0x0000000086e00000, 0x0000000086e00000| Untracked 
| 111|0x0000000086f00000, 0x0000000086f00000, 0x0000000087000000|  0%| F|  |TAMS 0x0000000086f00000, 0x0000000086f00000| Untracked 
| 112|0x0000000087000000, 0x0000000087000000, 0x0000000087100000|  0%| F|  |TAMS 0x0000000087000000, 0x0000000087000000| Untracked 
| 113|0x0000000087100000, 0x0000000087100000, 0x0000000087200000|  0%| F|  |TAMS 0x0000000087100000, 0x0000000087100000| Untracked 
| 114|0x0000000087200000, 0x0000000087200000, 0x0000000087300000|  0%| F|  |TAMS 0x0000000087200000, 0x0000000087200000| Untracked 
| 115|0x0000000087300000, 0x0000000087300000, 0x0000000087400000|  0%| F|  |TAMS 0x0000000087300000, 0x0000000087300000| Untracked 
| 116|0x0000000087400000, 0x0000000087400000, 0x0000000087500000|  0%| F|  |TAMS 0x0000000087400000, 0x0000000087400000| Untracked 
| 117|0x0000000087500000, 0x0000000087500000, 0x0000000087600000|  0%| F|  |TAMS 0x0000000087500000, 0x0000000087500000| Untracked 
| 118|0x0000000087600000, 0x0000000087600000, 0x0000000087700000|  0%| F|  |TAMS 0x0000000087600000, 0x0000000087600000| Untracked 
| 119|0x0000000087700000, 0x0000000087700000, 0x0000000087800000|  0%| F|  |TAMS 0x0000000087700000, 0x0000000087700000| Untracked 
| 120|0x0000000087800000, 0x0000000087800000, 0x0000000087900000|  0%| F|  |TAMS 0x0000000087800000, 0x0000000087800000| Untracked 
| 121|0x0000000087900000, 0x0000000087900000, 0x0000000087a00000|  0%| F|  |TAMS 0x0000000087900000, 0x0000000087900000| Untracked 
| 122|0x0000000087a00000, 0x0000000087a00000, 0x0000000087b00000|  0%| F|  |TAMS 0x0000000087a00000, 0x0000000087a00000| Untracked 
| 123|0x0000000087b00000, 0x0000000087b00000, 0x0000000087c00000|  0%| F|  |TAMS 0x0000000087b00000, 0x0000000087b00000| Untracked 
| 124|0x0000000087c00000, 0x0000000087c00000, 0x0000000087d00000|  0%| F|  |TAMS 0x0000000087c00000, 0x0000000087c00000| Untracked 
| 125|0x0000000087d00000, 0x0000000087d00000, 0x0000000087e00000|  0%| F|  |TAMS 0x0000000087d00000, 0x0000000087d00000| Untracked 
| 126|0x0000000087e00000, 0x0000000087e00000, 0x0000000087f00000|  0%| F|  |TAMS 0x0000000087e00000, 0x0000000087e00000| Untracked 
| 127|0x0000000087f00000, 0x0000000087f00000, 0x0000000088000000|  0%| F|  |TAMS 0x0000000087f00000, 0x0000000087f00000| Untracked 
| 128|0x0000000088000000, 0x0000000088000000, 0x0000000088100000|  0%| F|  |TAMS 0x0000000088000000, 0x0000000088000000| Untracked 
| 129|0x0000000088100000, 0x0000000088100000, 0x0000000088200000|  0%| F|  |TAMS 0x0000000088100000, 0x0000000088100000| Untracked 
| 130|0x0000000088200000, 0x0000000088200000, 0x0000000088300000|  0%| F|  |TAMS 0x0000000088200000, 0x0000000088200000| Untracked 
| 131|0x0000000088300000, 0x0000000088300000, 0x0000000088400000|  0%| F|  |TAMS 0x0000000088300000, 0x0000000088300000| Untracked 
| 132|0x0000000088400000, 0x0000000088400000, 0x0000000088500000|  0%| F|  |TAMS 0x0000000088400000, 0x0000000088400000| Untracked 
| 133|0x0000000088500000, 0x0000000088500000, 0x0000000088600000|  0%| F|  |TAMS 0x0000000088500000, 0x0000000088500000| Untracked 
| 134|0x0000000088600000, 0x0000000088600000, 0x0000000088700000|  0%| F|  |TAMS 0x0000000088600000, 0x0000000088600000| Untracked 
| 135|0x0000000088700000, 0x0000000088700000, 0x0000000088800000|  0%| F|  |TAMS 0x0000000088700000, 0x0000000088700000| Untracked 
| 136|0x0000000088800000, 0x0000000088800000, 0x0000000088900000|  0%| F|  |TAMS 0x0000000088800000, 0x0000000088800000| Untracked 
| 137|0x0000000088900000, 0x0000000088900000, 0x0000000088a00000|  0%| F|  |TAMS 0x0000000088900000, 0x0000000088900000| Untracked 
| 138|0x0000000088a00000, 0x0000000088a00000, 0x0000000088b00000|  0%| F|  |TAMS 0x0000000088a00000, 0x0000000088a00000| Untracked 
| 139|0x0000000088b00000, 0x0000000088b00000, 0x0000000088c00000|  0%| F|  |TAMS 0x0000000088b00000, 0x0000000088b00000| Untracked 
| 140|0x0000000088c00000, 0x0000000088c00000, 0x0000000088d00000|  0%| F|  |TAMS 0x0000000088c00000, 0x0000000088c00000| Untracked 
| 141|0x0000000088d00000, 0x0000000088d00000, 0x0000000088e00000|  0%| F|  |TAMS 0x0000000088d00000, 0x0000000088d00000| Untracked 
| 142|0x0000000088e00000, 0x0000000088e00000, 0x0000000088f00000|  0%| F|  |TAMS 0x0000000088e00000, 0x0000000088e00000| Untracked 
| 143|0x0000000088f00000, 0x0000000088f00000, 0x0000000089000000|  0%| F|  |TAMS 0x0000000088f00000, 0x0000000088f00000| Untracked 
| 144|0x0000000089000000, 0x0000000089000000, 0x0000000089100000|  0%| F|  |TAMS 0x0000000089000000, 0x0000000089000000| Untracked 
| 145|0x0000000089100000, 0x0000000089100000, 0x0000000089200000|  0%| F|  |TAMS 0x0000000089100000, 0x0000000089100000| Untracked 
| 146|0x0000000089200000, 0x0000000089200000, 0x0000000089300000|  0%| F|  |TAMS 0x0000000089200000, 0x0000000089200000| Untracked 
| 147|0x0000000089300000, 0x0000000089300000, 0x0000000089400000|  0%| F|  |TAMS 0x0000000089300000, 0x0000000089300000| Untracked 
| 148|0x0000000089400000, 0x0000000089400000, 0x0000000089500000|  0%| F|  |TAMS 0x0000000089400000, 0x0000000089400000| Untracked 
| 149|0x0000000089500000, 0x0000000089500000, 0x0000000089600000|  0%| F|  |TAMS 0x0000000089500000, 0x0000000089500000| Untracked 
| 150|0x0000000089600000, 0x0000000089600000, 0x0000000089700000|  0%| F|  |TAMS 0x0000000089600000, 0x0000000089600000| Untracked 
| 151|0x0000000089700000, 0x0000000089700000, 0x0000000089800000|  0%| F|  |TAMS 0x0000000089700000, 0x0000000089700000| Untracked 
| 152|0x0000000089800000, 0x0000000089800000, 0x0000000089900000|  0%| F|  |TAMS 0x0000000089800000, 0x0000000089800000| Untracked 
| 153|0x0000000089900000, 0x0000000089900000, 0x0000000089a00000|  0%| F|  |TAMS 0x0000000089900000, 0x0000000089900000| Untracked 
| 154|0x0000000089a00000, 0x0000000089a00000, 0x0000000089b00000|  0%| F|  |TAMS 0x0000000089a00000, 0x0000000089a00000| Untracked 
| 155|0x0000000089b00000, 0x0000000089b00000, 0x0000000089c00000|  0%| F|  |TAMS 0x0000000089b00000, 0x0000000089b00000| Untracked 
| 156|0x0000000089c00000, 0x0000000089c749b8, 0x0000000089d00000| 45%| S|CS|TAMS 0x0000000089c00000, 0x0000000089c00000| Complete 
| 157|0x0000000089d00000, 0x0000000089e00000, 0x0000000089e00000|100%| S|CS|TAMS 0x0000000089d00000, 0x0000000089d00000| Complete 
| 158|0x0000000089e00000, 0x0000000089f00000, 0x0000000089f00000|100%| S|CS|TAMS 0x0000000089e00000, 0x0000000089e00000| Complete 
| 159|0x0000000089f00000, 0x000000008a000000, 0x000000008a000000|100%| S|CS|TAMS 0x0000000089f00000, 0x0000000089f00000| Complete 
| 160|0x000000008a000000, 0x000000008a100000, 0x000000008a100000|100%| S|CS|TAMS 0x000000008a000000, 0x000000008a000000| Complete 
| 161|0x000000008a100000, 0x000000008a200000, 0x000000008a200000|100%| S|CS|TAMS 0x000000008a100000, 0x000000008a100000| Complete 
| 162|0x000000008a200000, 0x000000008a300000, 0x000000008a300000|100%| S|CS|TAMS 0x000000008a200000, 0x000000008a200000| Complete 
| 163|0x000000008a300000, 0x000000008a400000, 0x000000008a400000|100%| S|CS|TAMS 0x000000008a300000, 0x000000008a300000| Complete 
| 164|0x000000008a400000, 0x000000008a500000, 0x000000008a500000|100%| S|CS|TAMS 0x000000008a400000, 0x000000008a400000| Complete 
| 165|0x000000008a500000, 0x000000008a600000, 0x000000008a600000|100%| S|CS|TAMS 0x000000008a500000, 0x000000008a500000| Complete 
| 166|0x000000008a600000, 0x000000008a700000, 0x000000008a700000|100%| S|CS|TAMS 0x000000008a600000, 0x000000008a600000| Complete 
| 167|0x000000008a700000, 0x000000008a800000, 0x000000008a800000|100%| S|CS|TAMS 0x000000008a700000, 0x000000008a700000| Complete 
| 168|0x000000008a800000, 0x000000008a900000, 0x000000008a900000|100%| S|CS|TAMS 0x000000008a800000, 0x000000008a800000| Complete 
| 169|0x000000008a900000, 0x000000008aa00000, 0x000000008aa00000|100%| S|CS|TAMS 0x000000008a900000, 0x000000008a900000| Complete 
| 170|0x000000008aa00000, 0x000000008ab00000, 0x000000008ab00000|100%| S|CS|TAMS 0x000000008aa00000, 0x000000008aa00000| Complete 
| 171|0x000000008ab00000, 0x000000008ac00000, 0x000000008ac00000|100%| S|CS|TAMS 0x000000008ab00000, 0x000000008ab00000| Complete 
| 172|0x000000008ac00000, 0x000000008ad00000, 0x000000008ad00000|100%| S|CS|TAMS 0x000000008ac00000, 0x000000008ac00000| Complete 
| 173|0x000000008ad00000, 0x000000008ae00000, 0x000000008ae00000|100%| S|CS|TAMS 0x000000008ad00000, 0x000000008ad00000| Complete 
| 174|0x000000008ae00000, 0x000000008af00000, 0x000000008af00000|100%| S|CS|TAMS 0x000000008ae00000, 0x000000008ae00000| Complete 
| 175|0x000000008af00000, 0x000000008af00000, 0x000000008b000000|  0%| F|  |TAMS 0x000000008af00000, 0x000000008af00000| Untracked 
| 176|0x000000008b000000, 0x000000008b000000, 0x000000008b100000|  0%| F|  |TAMS 0x000000008b000000, 0x000000008b000000| Untracked 
| 177|0x000000008b100000, 0x000000008b100000, 0x000000008b200000|  0%| F|  |TAMS 0x000000008b100000, 0x000000008b100000| Untracked 
| 178|0x000000008b200000, 0x000000008b200000, 0x000000008b300000|  0%| F|  |TAMS 0x000000008b200000, 0x000000008b200000| Untracked 
| 179|0x000000008b300000, 0x000000008b300000, 0x000000008b400000|  0%| F|  |TAMS 0x000000008b300000, 0x000000008b300000| Untracked 
| 180|0x000000008b400000, 0x000000008b400000, 0x000000008b500000|  0%| F|  |TAMS 0x000000008b400000, 0x000000008b400000| Untracked 
| 181|0x000000008b500000, 0x000000008b500000, 0x000000008b600000|  0%| F|  |TAMS 0x000000008b500000, 0x000000008b500000| Untracked 
| 182|0x000000008b600000, 0x000000008b600000, 0x000000008b700000|  0%| F|  |TAMS 0x000000008b600000, 0x000000008b600000| Untracked 
| 183|0x000000008b700000, 0x000000008b700000, 0x000000008b800000|  0%| F|  |TAMS 0x000000008b700000, 0x000000008b700000| Untracked 
| 184|0x000000008b800000, 0x000000008b800000, 0x000000008b900000|  0%| F|  |TAMS 0x000000008b800000, 0x000000008b800000| Untracked 
| 185|0x000000008b900000, 0x000000008b900000, 0x000000008ba00000|  0%| F|  |TAMS 0x000000008b900000, 0x000000008b900000| Untracked 
| 186|0x000000008ba00000, 0x000000008ba00000, 0x000000008bb00000|  0%| F|  |TAMS 0x000000008ba00000, 0x000000008ba00000| Untracked 
| 187|0x000000008bb00000, 0x000000008bb00000, 0x000000008bc00000|  0%| F|  |TAMS 0x000000008bb00000, 0x000000008bb00000| Untracked 
| 188|0x000000008bc00000, 0x000000008bc00000, 0x000000008bd00000|  0%| F|  |TAMS 0x000000008bc00000, 0x000000008bc00000| Untracked 
| 189|0x000000008bd00000, 0x000000008bd00000, 0x000000008be00000|  0%| F|  |TAMS 0x000000008bd00000, 0x000000008bd00000| Untracked 
| 190|0x000000008be00000, 0x000000008be00000, 0x000000008bf00000|  0%| F|  |TAMS 0x000000008be00000, 0x000000008be00000| Untracked 
| 191|0x000000008bf00000, 0x000000008bf00000, 0x000000008c000000|  0%| F|  |TAMS 0x000000008bf00000, 0x000000008bf00000| Untracked 
| 192|0x000000008c000000, 0x000000008c000000, 0x000000008c100000|  0%| F|  |TAMS 0x000000008c000000, 0x000000008c000000| Untracked 
| 193|0x000000008c100000, 0x000000008c100000, 0x000000008c200000|  0%| F|  |TAMS 0x000000008c100000, 0x000000008c100000| Untracked 
| 194|0x000000008c200000, 0x000000008c200000, 0x000000008c300000|  0%| F|  |TAMS 0x000000008c200000, 0x000000008c200000| Untracked 
| 195|0x000000008c300000, 0x000000008c300000, 0x000000008c400000|  0%| F|  |TAMS 0x000000008c300000, 0x000000008c300000| Untracked 
| 196|0x000000008c400000, 0x000000008c400000, 0x000000008c500000|  0%| F|  |TAMS 0x000000008c400000, 0x000000008c400000| Untracked 
| 197|0x000000008c500000, 0x000000008c500000, 0x000000008c600000|  0%| F|  |TAMS 0x000000008c500000, 0x000000008c500000| Untracked 
| 198|0x000000008c600000, 0x000000008c600000, 0x000000008c700000|  0%| F|  |TAMS 0x000000008c600000, 0x000000008c600000| Untracked 
| 199|0x000000008c700000, 0x000000008c700000, 0x000000008c800000|  0%| F|  |TAMS 0x000000008c700000, 0x000000008c700000| Untracked 
| 200|0x000000008c800000, 0x000000008c800000, 0x000000008c900000|  0%| F|  |TAMS 0x000000008c800000, 0x000000008c800000| Untracked 
| 201|0x000000008c900000, 0x000000008c900000, 0x000000008ca00000|  0%| F|  |TAMS 0x000000008c900000, 0x000000008c900000| Untracked 
| 202|0x000000008ca00000, 0x000000008ca00000, 0x000000008cb00000|  0%| F|  |TAMS 0x000000008ca00000, 0x000000008ca00000| Untracked 
| 203|0x000000008cb00000, 0x000000008cb00000, 0x000000008cc00000|  0%| F|  |TAMS 0x000000008cb00000, 0x000000008cb00000| Untracked 
| 204|0x000000008cc00000, 0x000000008cc00000, 0x000000008cd00000|  0%| F|  |TAMS 0x000000008cc00000, 0x000000008cc00000| Untracked 
| 205|0x000000008cd00000, 0x000000008cd00000, 0x000000008ce00000|  0%| F|  |TAMS 0x000000008cd00000, 0x000000008cd00000| Untracked 
| 206|0x000000008ce00000, 0x000000008ce00000, 0x000000008cf00000|  0%| F|  |TAMS 0x000000008ce00000, 0x000000008ce00000| Untracked 
| 207|0x000000008cf00000, 0x000000008cf00000, 0x000000008d000000|  0%| F|  |TAMS 0x000000008cf00000, 0x000000008cf00000| Untracked 
| 208|0x000000008d000000, 0x000000008d000000, 0x000000008d100000|  0%| F|  |TAMS 0x000000008d000000, 0x000000008d000000| Untracked 
| 209|0x000000008d100000, 0x000000008d100000, 0x000000008d200000|  0%| F|  |TAMS 0x000000008d100000, 0x000000008d100000| Untracked 
| 210|0x000000008d200000, 0x000000008d200000, 0x000000008d300000|  0%| F|  |TAMS 0x000000008d200000, 0x000000008d200000| Untracked 
| 211|0x000000008d300000, 0x000000008d300000, 0x000000008d400000|  0%| F|  |TAMS 0x000000008d300000, 0x000000008d300000| Untracked 
| 212|0x000000008d400000, 0x000000008d400000, 0x000000008d500000|  0%| F|  |TAMS 0x000000008d400000, 0x000000008d400000| Untracked 
| 213|0x000000008d500000, 0x000000008d500000, 0x000000008d600000|  0%| F|  |TAMS 0x000000008d500000, 0x000000008d500000| Untracked 
| 214|0x000000008d600000, 0x000000008d600000, 0x000000008d700000|  0%| F|  |TAMS 0x000000008d600000, 0x000000008d600000| Untracked 
| 215|0x000000008d700000, 0x000000008d700000, 0x000000008d800000|  0%| F|  |TAMS 0x000000008d700000, 0x000000008d700000| Untracked 
| 216|0x000000008d800000, 0x000000008d800000, 0x000000008d900000|  0%| F|  |TAMS 0x000000008d800000, 0x000000008d800000| Untracked 
| 217|0x000000008d900000, 0x000000008d900000, 0x000000008da00000|  0%| F|  |TAMS 0x000000008d900000, 0x000000008d900000| Untracked 
| 218|0x000000008da00000, 0x000000008da00000, 0x000000008db00000|  0%| F|  |TAMS 0x000000008da00000, 0x000000008da00000| Untracked 
| 219|0x000000008db00000, 0x000000008db00000, 0x000000008dc00000|  0%| F|  |TAMS 0x000000008db00000, 0x000000008db00000| Untracked 
| 220|0x000000008dc00000, 0x000000008dc00000, 0x000000008dd00000|  0%| F|  |TAMS 0x000000008dc00000, 0x000000008dc00000| Untracked 
| 221|0x000000008dd00000, 0x000000008dd00000, 0x000000008de00000|  0%| F|  |TAMS 0x000000008dd00000, 0x000000008dd00000| Untracked 
| 222|0x000000008de00000, 0x000000008de00000, 0x000000008df00000|  0%| F|  |TAMS 0x000000008de00000, 0x000000008de00000| Untracked 
| 223|0x000000008df00000, 0x000000008df00000, 0x000000008e000000|  0%| F|  |TAMS 0x000000008df00000, 0x000000008df00000| Untracked 
| 224|0x000000008e000000, 0x000000008e000000, 0x000000008e100000|  0%| F|  |TAMS 0x000000008e000000, 0x000000008e000000| Untracked 
| 225|0x000000008e100000, 0x000000008e100000, 0x000000008e200000|  0%| F|  |TAMS 0x000000008e100000, 0x000000008e100000| Untracked 
| 226|0x000000008e200000, 0x000000008e200000, 0x000000008e300000|  0%| F|  |TAMS 0x000000008e200000, 0x000000008e200000| Untracked 
| 227|0x000000008e300000, 0x000000008e300000, 0x000000008e400000|  0%| F|  |TAMS 0x000000008e300000, 0x000000008e300000| Untracked 
| 228|0x000000008e400000, 0x000000008e400000, 0x000000008e500000|  0%| F|  |TAMS 0x000000008e400000, 0x000000008e400000| Untracked 
| 229|0x000000008e500000, 0x000000008e500000, 0x000000008e600000|  0%| F|  |TAMS 0x000000008e500000, 0x000000008e500000| Untracked 
| 230|0x000000008e600000, 0x000000008e600000, 0x000000008e700000|  0%| F|  |TAMS 0x000000008e600000, 0x000000008e600000| Untracked 
| 231|0x000000008e700000, 0x000000008e700000, 0x000000008e800000|  0%| F|  |TAMS 0x000000008e700000, 0x000000008e700000| Untracked 
| 232|0x000000008e800000, 0x000000008e800000, 0x000000008e900000|  0%| F|  |TAMS 0x000000008e800000, 0x000000008e800000| Untracked 
| 233|0x000000008e900000, 0x000000008e900000, 0x000000008ea00000|  0%| F|  |TAMS 0x000000008e900000, 0x000000008e900000| Untracked 
| 234|0x000000008ea00000, 0x000000008ea00000, 0x000000008eb00000|  0%| F|  |TAMS 0x000000008ea00000, 0x000000008ea00000| Untracked 
| 235|0x000000008eb00000, 0x000000008eb00000, 0x000000008ec00000|  0%| F|  |TAMS 0x000000008eb00000, 0x000000008eb00000| Untracked 
| 236|0x000000008ec00000, 0x000000008ec00000, 0x000000008ed00000|  0%| F|  |TAMS 0x000000008ec00000, 0x000000008ec00000| Untracked 
| 237|0x000000008ed00000, 0x000000008ed00000, 0x000000008ee00000|  0%| F|  |TAMS 0x000000008ed00000, 0x000000008ed00000| Untracked 
| 238|0x000000008ee00000, 0x000000008ee00000, 0x000000008ef00000|  0%| F|  |TAMS 0x000000008ee00000, 0x000000008ee00000| Untracked 
| 239|0x000000008ef00000, 0x000000008ef00000, 0x000000008f000000|  0%| F|  |TAMS 0x000000008ef00000, 0x000000008ef00000| Untracked 
| 240|0x000000008f000000, 0x000000008f000000, 0x000000008f100000|  0%| F|  |TAMS 0x000000008f000000, 0x000000008f000000| Untracked 
| 241|0x000000008f100000, 0x000000008f100000, 0x000000008f200000|  0%| F|  |TAMS 0x000000008f100000, 0x000000008f100000| Untracked 
| 242|0x000000008f200000, 0x000000008f200000, 0x000000008f300000|  0%| F|  |TAMS 0x000000008f200000, 0x000000008f200000| Untracked 
| 243|0x000000008f300000, 0x000000008f300000, 0x000000008f400000|  0%| F|  |TAMS 0x000000008f300000, 0x000000008f300000| Untracked 
| 244|0x000000008f400000, 0x000000008f400000, 0x000000008f500000|  0%| F|  |TAMS 0x000000008f400000, 0x000000008f400000| Untracked 
| 245|0x000000008f500000, 0x000000008f500000, 0x000000008f600000|  0%| F|  |TAMS 0x000000008f500000, 0x000000008f500000| Untracked 
| 246|0x000000008f600000, 0x000000008f600000, 0x000000008f700000|  0%| F|  |TAMS 0x000000008f600000, 0x000000008f600000| Untracked 
| 247|0x000000008f700000, 0x000000008f700000, 0x000000008f800000|  0%| F|  |TAMS 0x000000008f700000, 0x000000008f700000| Untracked 
| 248|0x000000008f800000, 0x000000008f800000, 0x000000008f900000|  0%| F|  |TAMS 0x000000008f800000, 0x000000008f800000| Untracked 
| 249|0x000000008f900000, 0x000000008f900000, 0x000000008fa00000|  0%| F|  |TAMS 0x000000008f900000, 0x000000008f900000| Untracked 
| 250|0x000000008fa00000, 0x000000008fa00000, 0x000000008fb00000|  0%| F|  |TAMS 0x000000008fa00000, 0x000000008fa00000| Untracked 
| 251|0x000000008fb00000, 0x000000008fb00000, 0x000000008fc00000|  0%| F|  |TAMS 0x000000008fb00000, 0x000000008fb00000| Untracked 
| 252|0x000000008fc00000, 0x000000008fc00000, 0x000000008fd00000|  0%| F|  |TAMS 0x000000008fc00000, 0x000000008fc00000| Untracked 
| 253|0x000000008fd00000, 0x000000008fd00000, 0x000000008fe00000|  0%| F|  |TAMS 0x000000008fd00000, 0x000000008fd00000| Untracked 
| 254|0x000000008fe00000, 0x000000008fe00000, 0x000000008ff00000|  0%| F|  |TAMS 0x000000008fe00000, 0x000000008fe00000| Untracked 
| 255|0x000000008ff00000, 0x000000008ff00000, 0x0000000090000000|  0%| F|  |TAMS 0x000000008ff00000, 0x000000008ff00000| Untracked 
| 256|0x0000000090000000, 0x0000000090000000, 0x0000000090100000|  0%| F|  |TAMS 0x0000000090000000, 0x0000000090000000| Untracked 
| 257|0x0000000090100000, 0x0000000090100000, 0x0000000090200000|  0%| F|  |TAMS 0x0000000090100000, 0x0000000090100000| Untracked 
| 258|0x0000000090200000, 0x0000000090200000, 0x0000000090300000|  0%| F|  |TAMS 0x0000000090200000, 0x0000000090200000| Untracked 
| 259|0x0000000090300000, 0x0000000090300000, 0x0000000090400000|  0%| F|  |TAMS 0x0000000090300000, 0x0000000090300000| Untracked 
| 260|0x0000000090400000, 0x0000000090400000, 0x0000000090500000|  0%| F|  |TAMS 0x0000000090400000, 0x0000000090400000| Untracked 
| 261|0x0000000090500000, 0x0000000090500000, 0x0000000090600000|  0%| F|  |TAMS 0x0000000090500000, 0x0000000090500000| Untracked 
| 262|0x0000000090600000, 0x0000000090600000, 0x0000000090700000|  0%| F|  |TAMS 0x0000000090600000, 0x0000000090600000| Untracked 
| 263|0x0000000090700000, 0x0000000090700000, 0x0000000090800000|  0%| F|  |TAMS 0x0000000090700000, 0x0000000090700000| Untracked 
| 264|0x0000000090800000, 0x0000000090800000, 0x0000000090900000|  0%| F|  |TAMS 0x0000000090800000, 0x0000000090800000| Untracked 
| 265|0x0000000090900000, 0x0000000090900000, 0x0000000090a00000|  0%| F|  |TAMS 0x0000000090900000, 0x0000000090900000| Untracked 
| 266|0x0000000090a00000, 0x0000000090a00000, 0x0000000090b00000|  0%| F|  |TAMS 0x0000000090a00000, 0x0000000090a00000| Untracked 
| 267|0x0000000090b00000, 0x0000000090b00000, 0x0000000090c00000|  0%| F|  |TAMS 0x0000000090b00000, 0x0000000090b00000| Untracked 
| 268|0x0000000090c00000, 0x0000000090c00000, 0x0000000090d00000|  0%| F|  |TAMS 0x0000000090c00000, 0x0000000090c00000| Untracked 
| 269|0x0000000090d00000, 0x0000000090d00000, 0x0000000090e00000|  0%| F|  |TAMS 0x0000000090d00000, 0x0000000090d00000| Untracked 
| 270|0x0000000090e00000, 0x0000000090e00000, 0x0000000090f00000|  0%| F|  |TAMS 0x0000000090e00000, 0x0000000090e00000| Untracked 
| 271|0x0000000090f00000, 0x0000000090f00000, 0x0000000091000000|  0%| F|  |TAMS 0x0000000090f00000, 0x0000000090f00000| Untracked 
| 272|0x0000000091000000, 0x0000000091000000, 0x0000000091100000|  0%| F|  |TAMS 0x0000000091000000, 0x0000000091000000| Untracked 
| 273|0x0000000091100000, 0x0000000091100000, 0x0000000091200000|  0%| F|  |TAMS 0x0000000091100000, 0x0000000091100000| Untracked 
| 274|0x0000000091200000, 0x0000000091200000, 0x0000000091300000|  0%| F|  |TAMS 0x0000000091200000, 0x0000000091200000| Untracked 
| 275|0x0000000091300000, 0x0000000091300000, 0x0000000091400000|  0%| F|  |TAMS 0x0000000091300000, 0x0000000091300000| Untracked 
| 276|0x0000000091400000, 0x000000009149def8, 0x0000000091500000| 61%| E|  |TAMS 0x0000000091400000, 0x0000000091400000| Complete 
| 277|0x0000000091500000, 0x0000000091600000, 0x0000000091600000|100%| E|CS|TAMS 0x0000000091500000, 0x0000000091500000| Complete 
| 278|0x0000000091600000, 0x0000000091700000, 0x0000000091700000|100%| E|CS|TAMS 0x0000000091600000, 0x0000000091600000| Complete 
| 279|0x0000000091700000, 0x0000000091800000, 0x0000000091800000|100%| E|CS|TAMS 0x0000000091700000, 0x0000000091700000| Complete 
| 280|0x0000000091800000, 0x0000000091900000, 0x0000000091900000|100%| E|CS|TAMS 0x0000000091800000, 0x0000000091800000| Complete 
| 281|0x0000000091900000, 0x0000000091a00000, 0x0000000091a00000|100%| E|CS|TAMS 0x0000000091900000, 0x0000000091900000| Complete 
| 282|0x0000000091a00000, 0x0000000091b00000, 0x0000000091b00000|100%| E|CS|TAMS 0x0000000091a00000, 0x0000000091a00000| Complete 
| 283|0x0000000091b00000, 0x0000000091c00000, 0x0000000091c00000|100%| E|CS|TAMS 0x0000000091b00000, 0x0000000091b00000| Complete 
| 284|0x0000000091c00000, 0x0000000091d00000, 0x0000000091d00000|100%| E|CS|TAMS 0x0000000091c00000, 0x0000000091c00000| Complete 
| 285|0x0000000091d00000, 0x0000000091e00000, 0x0000000091e00000|100%| E|CS|TAMS 0x0000000091d00000, 0x0000000091d00000| Complete 
| 286|0x0000000091e00000, 0x0000000091f00000, 0x0000000091f00000|100%| E|CS|TAMS 0x0000000091e00000, 0x0000000091e00000| Complete 
| 287|0x0000000091f00000, 0x0000000092000000, 0x0000000092000000|100%| E|CS|TAMS 0x0000000091f00000, 0x0000000091f00000| Complete 
| 288|0x0000000092000000, 0x0000000092100000, 0x0000000092100000|100%| E|CS|TAMS 0x0000000092000000, 0x0000000092000000| Complete 
| 289|0x0000000092100000, 0x0000000092200000, 0x0000000092200000|100%| E|CS|TAMS 0x0000000092100000, 0x0000000092100000| Complete 
| 290|0x0000000092200000, 0x0000000092300000, 0x0000000092300000|100%| E|CS|TAMS 0x0000000092200000, 0x0000000092200000| Complete 
| 291|0x0000000092300000, 0x0000000092400000, 0x0000000092400000|100%| E|CS|TAMS 0x0000000092300000, 0x0000000092300000| Complete 
| 292|0x0000000092400000, 0x0000000092500000, 0x0000000092500000|100%| E|CS|TAMS 0x0000000092400000, 0x0000000092400000| Complete 
| 293|0x0000000092500000, 0x0000000092600000, 0x0000000092600000|100%| E|CS|TAMS 0x0000000092500000, 0x0000000092500000| Complete 
| 294|0x0000000092600000, 0x0000000092700000, 0x0000000092700000|100%| E|CS|TAMS 0x0000000092600000, 0x0000000092600000| Complete 
| 295|0x0000000092700000, 0x0000000092800000, 0x0000000092800000|100%| E|CS|TAMS 0x0000000092700000, 0x0000000092700000| Complete 
| 296|0x0000000092800000, 0x0000000092900000, 0x0000000092900000|100%| E|CS|TAMS 0x0000000092800000, 0x0000000092800000| Complete 
| 297|0x0000000092900000, 0x0000000092a00000, 0x0000000092a00000|100%| E|CS|TAMS 0x0000000092900000, 0x0000000092900000| Complete 
| 298|0x0000000092a00000, 0x0000000092b00000, 0x0000000092b00000|100%| E|CS|TAMS 0x0000000092a00000, 0x0000000092a00000| Complete 
| 299|0x0000000092b00000, 0x0000000092c00000, 0x0000000092c00000|100%| E|CS|TAMS 0x0000000092b00000, 0x0000000092b00000| Complete 
| 300|0x0000000092c00000, 0x0000000092d00000, 0x0000000092d00000|100%| E|CS|TAMS 0x0000000092c00000, 0x0000000092c00000| Complete 
| 301|0x0000000092d00000, 0x0000000092e00000, 0x0000000092e00000|100%| E|CS|TAMS 0x0000000092d00000, 0x0000000092d00000| Complete 
| 302|0x0000000092e00000, 0x0000000092f00000, 0x0000000092f00000|100%| E|CS|TAMS 0x0000000092e00000, 0x0000000092e00000| Complete 
| 303|0x0000000092f00000, 0x0000000093000000, 0x0000000093000000|100%| E|CS|TAMS 0x0000000092f00000, 0x0000000092f00000| Complete 
| 304|0x0000000093000000, 0x0000000093100000, 0x0000000093100000|100%| E|CS|TAMS 0x0000000093000000, 0x0000000093000000| Complete 
| 305|0x0000000093100000, 0x0000000093200000, 0x0000000093200000|100%| E|CS|TAMS 0x0000000093100000, 0x0000000093100000| Complete 
| 306|0x0000000093200000, 0x0000000093300000, 0x0000000093300000|100%| E|CS|TAMS 0x0000000093200000, 0x0000000093200000| Complete 
| 307|0x0000000093300000, 0x0000000093400000, 0x0000000093400000|100%| E|CS|TAMS 0x0000000093300000, 0x0000000093300000| Complete 
| 308|0x0000000093400000, 0x0000000093500000, 0x0000000093500000|100%| E|CS|TAMS 0x0000000093400000, 0x0000000093400000| Complete 
| 309|0x0000000093500000, 0x0000000093600000, 0x0000000093600000|100%| E|CS|TAMS 0x0000000093500000, 0x0000000093500000| Complete 
| 310|0x0000000093600000, 0x0000000093700000, 0x0000000093700000|100%| E|CS|TAMS 0x0000000093600000, 0x0000000093600000| Complete 
| 311|0x0000000093700000, 0x0000000093800000, 0x0000000093800000|100%| E|CS|TAMS 0x0000000093700000, 0x0000000093700000| Complete 
| 312|0x0000000093800000, 0x0000000093900000, 0x0000000093900000|100%| E|CS|TAMS 0x0000000093800000, 0x0000000093800000| Complete 
| 313|0x0000000093900000, 0x0000000093a00000, 0x0000000093a00000|100%| E|CS|TAMS 0x0000000093900000, 0x0000000093900000| Complete 
| 314|0x0000000093a00000, 0x0000000093b00000, 0x0000000093b00000|100%| E|CS|TAMS 0x0000000093a00000, 0x0000000093a00000| Complete 
| 315|0x0000000093b00000, 0x0000000093c00000, 0x0000000093c00000|100%| E|CS|TAMS 0x0000000093b00000, 0x0000000093b00000| Complete 
| 316|0x0000000093c00000, 0x0000000093d00000, 0x0000000093d00000|100%| E|CS|TAMS 0x0000000093c00000, 0x0000000093c00000| Complete 
| 317|0x0000000093d00000, 0x0000000093e00000, 0x0000000093e00000|100%| E|CS|TAMS 0x0000000093d00000, 0x0000000093d00000| Complete 
| 318|0x0000000093e00000, 0x0000000093f00000, 0x0000000093f00000|100%| E|CS|TAMS 0x0000000093e00000, 0x0000000093e00000| Complete 
| 319|0x0000000093f00000, 0x0000000094000000, 0x0000000094000000|100%| E|CS|TAMS 0x0000000093f00000, 0x0000000093f00000| Complete 
| 320|0x0000000094000000, 0x0000000094100000, 0x0000000094100000|100%| E|CS|TAMS 0x0000000094000000, 0x0000000094000000| Complete 
| 321|0x0000000094100000, 0x0000000094200000, 0x0000000094200000|100%| E|CS|TAMS 0x0000000094100000, 0x0000000094100000| Complete 
| 322|0x0000000094200000, 0x0000000094300000, 0x0000000094300000|100%| E|CS|TAMS 0x0000000094200000, 0x0000000094200000| Complete 
| 323|0x0000000094300000, 0x0000000094400000, 0x0000000094400000|100%| E|CS|TAMS 0x0000000094300000, 0x0000000094300000| Complete 
| 324|0x0000000094400000, 0x0000000094500000, 0x0000000094500000|100%| E|CS|TAMS 0x0000000094400000, 0x0000000094400000| Complete 
| 325|0x0000000094500000, 0x0000000094600000, 0x0000000094600000|100%| E|CS|TAMS 0x0000000094500000, 0x0000000094500000| Complete 
| 326|0x0000000094600000, 0x0000000094700000, 0x0000000094700000|100%| E|CS|TAMS 0x0000000094600000, 0x0000000094600000| Complete 
| 327|0x0000000094700000, 0x0000000094800000, 0x0000000094800000|100%| E|CS|TAMS 0x0000000094700000, 0x0000000094700000| Complete 
| 328|0x0000000094800000, 0x0000000094900000, 0x0000000094900000|100%| E|CS|TAMS 0x0000000094800000, 0x0000000094800000| Complete 
| 329|0x0000000094900000, 0x0000000094a00000, 0x0000000094a00000|100%| E|CS|TAMS 0x0000000094900000, 0x0000000094900000| Complete 
| 330|0x0000000094a00000, 0x0000000094b00000, 0x0000000094b00000|100%| E|CS|TAMS 0x0000000094a00000, 0x0000000094a00000| Complete 
| 331|0x0000000094b00000, 0x0000000094c00000, 0x0000000094c00000|100%| E|CS|TAMS 0x0000000094b00000, 0x0000000094b00000| Complete 

Card table byte_map: [0x000001aebaa10000,0x000001aebae10000] _byte_map_base: 0x000001aeba610000

Marking Bits (Prev, Next): (CMBitMap*) 0x000001aea7b31f10, (CMBitMap*) 0x000001aea7b31ed8
 Prev Bits: [0x000001aebd210000, 0x000001aebf210000)
 Next Bits: [0x000001aebb210000, 0x000001aebd210000)

Polling page: 0x000001aea5c80000

Metaspace:

Usage:
  Non-class:     78.58 MB capacity,    77.12 MB ( 98%) used,     1.22 MB (  2%) free+waste,   251.19 KB ( <1%) overhead. 
      Class:     11.99 MB capacity,    11.20 MB ( 93%) used,   697.89 KB (  6%) free+waste,   114.12 KB ( <1%) overhead. 
       Both:     90.57 MB capacity,    88.32 MB ( 98%) used,     1.90 MB (  2%) free+waste,   365.31 KB ( <1%) overhead. 

Virtual space:
  Non-class space:       80.00 MB reserved,      78.60 MB ( 98%) committed 
      Class space:        1.00 GB reserved,      12.07 MB (  1%) committed 
             Both:        1.08 GB reserved,      90.67 MB (  8%) committed 

Chunk freelists:
   Non-Class:  17.00 KB
       Class:  12.00 KB
        Both:  29.00 KB

MaxMetaspaceSize: 17179869184.00 GB
CompressedClassSpaceSize: 1.00 GB
Initial GC threshold: 20.80 MB
Current GC threshold: 149.45 MB
CDS: off

CodeHeap 'non-profiled nmethods': size=120064Kb used=5217Kb max_used=5217Kb free=114847Kb
 bounds [0x000001aeb30d0000, 0x000001aeb35f0000, 0x000001aeba610000]
CodeHeap 'profiled nmethods': size=120000Kb used=20432Kb max_used=20432Kb free=99568Kb
 bounds [0x000001aeabba0000, 0x000001aeacfa0000, 0x000001aeb30d0000]
CodeHeap 'non-nmethods': size=5696Kb used=2366Kb max_used=2406Kb free=3329Kb
 bounds [0x000001aeab610000, 0x000001aeab880000, 0x000001aeabba0000]
 total_blobs=10347 nmethods=9456 adapters=804
 compilation: enabled
              stopped_count=0, restarted_count=0
 full_count=0

Compilation events (20 events):
Event: 36.333 Thread 0x000001aec1ff0800 9488       3       com.google.common.collect.RegularImmutableSet::contains (56 bytes)
Event: 36.333 Thread 0x000001aec1ff0800 nmethod 9488 0x000001aeacf8d390 code [0x000001aeacf8d5a0, 0x000001aeacf8dbd8]
Event: 36.333 Thread 0x000001aec1ff0800 9485       3       com.google.common.base.Stopwatch::elapsedNanos (32 bytes)
Event: 36.334 Thread 0x000001aec1ff0800 nmethod 9485 0x000001aeacf8de10 code [0x000001aeacf8dfe0, 0x000001aeacf8e228]
Event: 36.334 Thread 0x000001aec1ff0800 9490       1       org.gradle.execution.plan.Node::getExecutionFailure (5 bytes)
Event: 36.334 Thread 0x000001aec1ff0800 nmethod 9490 0x000001aeb35e5510 code [0x000001aeb35e56c0, 0x000001aeb35e5778]
Event: 36.334 Thread 0x000001aec1ff0800 9489       1       org.gradle.execution.plan.Node::getDependencySuccessors (5 bytes)
Event: 36.334 Thread 0x000001aec1ff0800 nmethod 9489 0x000001aeb35e5810 code [0x000001aeb35e59c0, 0x000001aeb35e5a78]
Event: 36.334 Thread 0x000001aec1ff0800 9492   !   3       java.io.ObjectOutputStream::writeOrdinaryObject (175 bytes)
Event: 36.335 Thread 0x000001aec1ff0800 nmethod 9492 0x000001aeacf8e310 code [0x000001aeacf8e600, 0x000001aeacf8f2a8]
Event: 36.335 Thread 0x000001aec1ff0800 9493       1       org.gradle.execution.plan.LocalTaskNode::getPrepareNode (5 bytes)
Event: 36.335 Thread 0x000001aec1ff0800 nmethod 9493 0x000001aeb35e5b10 code [0x000001aeb35e5cc0, 0x000001aeb35e5d78]
Event: 36.335 Thread 0x000001aec1ff0800 9487       3       org.gradle.internal.snapshot.RelativePathTracker::isRoot (10 bytes)
Event: 36.335 Thread 0x000001aec1ff0800 nmethod 9487 0x000001aeacf8fb10 code [0x000001aeacf8fcc0, 0x000001aeacf8fe88]
Event: 36.339 Thread 0x000001aec1ff0800 9495       3       org.gradle.internal.snapshot.ChildMapFactory::childMapFromSorted (84 bytes)
Event: 36.340 Thread 0x000001aec1ff0800 nmethod 9495 0x000001aeacf8ff90 code [0x000001aeacf901e0, 0x000001aeacf90b98]
Event: 36.341 Thread 0x000001aec1fe1800 nmethod 9491 0x000001aeb35e5e10 code [0x000001aeb35e5fc0, 0x000001aeb35e6498]
Event: 36.341 Thread 0x000001aec1fe1800 9478       4       sun.invoke.util.VerifyAccess::isTypeVisible (118 bytes)
Event: 36.342 Thread 0x000001aec1ff0800 9496       1       com.google.common.collect.ImmutableSortedSet::comparator (5 bytes)
Event: 36.342 Thread 0x000001aec1ff0800 nmethod 9496 0x000001aeb35e6810 code [0x000001aeb35e69c0, 0x000001aeb35e6a78]

GC Heap History (20 events):
Event: 0.446 GC heap before
{Heap before GC invocations=0 (full 0):
 garbage-first heap   total 260096K, used 16384K [0x0000000080000000, 0x0000000100000000)
  region size 1024K, 14 young (14336K), 0 survivors (0K)
 Metaspace       used 6743K, capacity 6925K, committed 7168K, reserved 1056768K
  class space    used 571K, capacity 650K, committed 768K, reserved 1048576K
}
Event: 0.468 GC heap after
{Heap after GC invocations=1 (full 0):
 garbage-first heap   total 260096K, used 3890K [0x0000000080000000, 0x0000000100000000)
  region size 1024K, 2 young (2048K), 2 survivors (2048K)
 Metaspace       used 6743K, capacity 6925K, committed 7168K, reserved 1056768K
  class space    used 571K, capacity 650K, committed 768K, reserved 1048576K
}
Event: 2.060 GC heap before
{Heap before GC invocations=1 (full 0):
 garbage-first heap   total 260096K, used 115506K [0x0000000080000000, 0x0000000100000000)
  region size 1024K, 108 young (110592K), 2 survivors (2048K)
 Metaspace       used 20818K, capacity 21149K, committed 21296K, reserved 1069056K
  class space    used 2505K, capacity 2651K, committed 2688K, reserved 1048576K
}
Event: 2.069 GC heap after
{Heap after GC invocations=2 (full 0):
 garbage-first heap   total 260096K, used 17202K [0x0000000080000000, 0x0000000100000000)
  region size 1024K, 12 young (12288K), 12 survivors (12288K)
 Metaspace       used 20818K, capacity 21149K, committed 21296K, reserved 1069056K
  class space    used 2505K, capacity 2651K, committed 2688K, reserved 1048576K
}
Event: 2.540 GC heap before
{Heap before GC invocations=3 (full 0):
 garbage-first heap   total 260096K, used 66354K [0x0000000080000000, 0x0000000100000000)
  region size 1024K, 60 young (61440K), 12 survivors (12288K)
 Metaspace       used 26041K, capacity 26657K, committed 26800K, reserved 1073152K
  class space    used 3346K, capacity 3581K, committed 3584K, reserved 1048576K
}
Event: 2.549 GC heap after
{Heap after GC invocations=4 (full 0):
 garbage-first heap   total 260096K, used 19138K [0x0000000080000000, 0x0000000100000000)
  region size 1024K, 3 young (3072K), 3 survivors (3072K)
 Metaspace       used 26041K, capacity 26657K, committed 26800K, reserved 1073152K
  class space    used 3346K, capacity 3581K, committed 3584K, reserved 1048576K
}
Event: 3.359 GC heap before
{Heap before GC invocations=4 (full 0):
 garbage-first heap   total 260096K, used 88770K [0x0000000080000000, 0x0000000100000000)
  region size 1024K, 71 young (72704K), 3 survivors (3072K)
 Metaspace       used 34170K, capacity 35040K, committed 35248K, reserved 1079296K
  class space    used 4510K, capacity 4850K, committed 4864K, reserved 1048576K
}
Event: 3.366 GC heap after
{Heap after GC invocations=5 (full 0):
 garbage-first heap   total 260096K, used 21928K [0x0000000080000000, 0x0000000100000000)
  region size 1024K, 6 young (6144K), 6 survivors (6144K)
 Metaspace       used 34170K, capacity 35040K, committed 35248K, reserved 1079296K
  class space    used 4510K, capacity 4850K, committed 4864K, reserved 1048576K
}
Event: 3.414 GC heap before
{Heap before GC invocations=5 (full 0):
 garbage-first heap   total 260096K, used 23976K [0x0000000080000000, 0x0000000100000000)
  region size 1024K, 9 young (9216K), 6 survivors (6144K)
 Metaspace       used 34932K, capacity 35730K, committed 35888K, reserved 1081344K
  class space    used 4554K, capacity 4889K, committed 4992K, reserved 1048576K
}
Event: 3.422 GC heap after
{Heap after GC invocations=6 (full 0):
 garbage-first heap   total 260096K, used 22444K [0x0000000080000000, 0x0000000100000000)
  region size 1024K, 6 young (6144K), 6 survivors (6144K)
 Metaspace       used 34932K, capacity 35730K, committed 35888K, reserved 1081344K
  class space    used 4554K, capacity 4889K, committed 4992K, reserved 1048576K
}
Event: 4.642 GC heap before
{Heap before GC invocations=7 (full 0):
 garbage-first heap   total 260096K, used 141228K [0x0000000080000000, 0x0000000100000000)
  region size 1024K, 119 young (121856K), 6 survivors (6144K)
 Metaspace       used 45232K, capacity 46416K, committed 46568K, reserved 1089536K
  class space    used 5736K, capacity 6154K, committed 6272K, reserved 1048576K
}
Event: 4.658 GC heap after
{Heap after GC invocations=8 (full 0):
 garbage-first heap   total 260096K, used 30469K [0x0000000080000000, 0x0000000100000000)
  region size 1024K, 14 young (14336K), 14 survivors (14336K)
 Metaspace       used 45232K, capacity 46416K, committed 46568K, reserved 1089536K
  class space    used 5736K, capacity 6154K, committed 6272K, reserved 1048576K
}
Event: 6.188 GC heap before
{Heap before GC invocations=9 (full 0):
 garbage-first heap   total 260096K, used 168709K [0x0000000080000000, 0x0000000100000000)
  region size 1024K, 145 young (148480K), 14 survivors (14336K)
 Metaspace       used 55588K, capacity 57142K, committed 57448K, reserved 1099776K
  class space    used 7065K, capacity 7607K, committed 7680K, reserved 1048576K
}
Event: 6.205 GC heap after
{Heap after GC invocations=10 (full 0):
 garbage-first heap   total 260096K, used 45024K [0x0000000080000000, 0x0000000100000000)
  region size 1024K, 19 young (19456K), 19 survivors (19456K)
 Metaspace       used 55588K, capacity 57142K, committed 57448K, reserved 1099776K
  class space    used 7065K, capacity 7607K, committed 7680K, reserved 1048576K
}
Event: 7.473 GC heap before
{Heap before GC invocations=10 (full 0):
 garbage-first heap   total 260096K, used 188384K [0x0000000080000000, 0x0000000100000000)
  region size 1024K, 152 young (155648K), 19 survivors (19456K)
 Metaspace       used 67357K, capacity 69161K, committed 69480K, reserved 1110016K
  class space    used 8501K, capacity 9136K, committed 9216K, reserved 1048576K
}
Event: 7.498 GC heap after
{Heap after GC invocations=11 (full 0):
 garbage-first heap   total 260096K, used 55626K [0x0000000080000000, 0x0000000100000000)
  region size 1024K, 11 young (11264K), 11 survivors (11264K)
 Metaspace       used 67357K, capacity 69161K, committed 69480K, reserved 1110016K
  class space    used 8501K, capacity 9136K, committed 9216K, reserved 1048576K
}
Event: 8.449 GC heap before
{Heap before GC invocations=11 (full 0):
 garbage-first heap   total 260096K, used 153930K [0x0000000080000000, 0x0000000100000000)
  region size 1024K, 109 young (111616K), 11 survivors (11264K)
 Metaspace       used 75667K, capacity 77576K, committed 77616K, reserved 1116160K
  class space    used 9702K, capacity 10405K, committed 10440K, reserved 1048576K
}
Event: 8.474 GC heap after
{Heap after GC invocations=12 (full 0):
 garbage-first heap   total 339968K, used 65536K [0x0000000080000000, 0x0000000100000000)
  region size 1024K, 10 young (10240K), 10 survivors (10240K)
 Metaspace       used 75667K, capacity 77576K, committed 77616K, reserved 1116160K
  class space    used 9702K, capacity 10405K, committed 10440K, reserved 1048576K
}
Event: 25.824 GC heap before
{Heap before GC invocations=13 (full 0):
 garbage-first heap   total 339968K, used 225280K [0x0000000080000000, 0x0000000100000000)
  region size 1024K, 167 young (171008K), 10 survivors (10240K)
 Metaspace       used 89227K, capacity 91483K, committed 91568K, reserved 1128448K
  class space    used 11278K, capacity 12041K, committed 12104K, reserved 1048576K
}
Event: 25.852 GC heap after
{Heap after GC invocations=14 (full 0):
 garbage-first heap   total 339968K, used 74706K [0x0000000080000000, 0x0000000100000000)
  region size 1024K, 19 young (19456K), 19 survivors (19456K)
 Metaspace       used 89227K, capacity 91483K, committed 91568K, reserved 1128448K
  class space    used 11278K, capacity 12041K, committed 12104K, reserved 1048576K
}

Deoptimization events (20 events):
Event: 26.154 Thread 0x000001aecc04b000 Uncommon trap: trap_request=0xffffffde fr.pc=0x000001aeb31e3ba8 relative=0x00000000000002e8
Event: 26.154 Thread 0x000001aecc04b000 Uncommon trap: reason=class_check action=maybe_recompile pc=0x000001aeb31e3ba8 method=java.util.Collections$SetFromMap.remove(Ljava/lang/Object;)Z @ 5 c2
Event: 26.154 Thread 0x000001aecc04b000 DEOPT PACKING pc=0x000001aeb31e3ba8 sp=0x00000065497fde60
Event: 26.154 Thread 0x000001aecc04b000 DEOPT UNPACKING pc=0x000001aeab65a1a9 sp=0x00000065497fde58 mode 2
Event: 26.158 Thread 0x000001aecc04b000 Uncommon trap: trap_request=0xffffffde fr.pc=0x000001aeb32faa60 relative=0x0000000000000220
Event: 26.158 Thread 0x000001aecc04b000 Uncommon trap: reason=class_check action=maybe_recompile pc=0x000001aeb32faa60 method=java.util.stream.StreamOpFlag.fromCharacteristics(Ljava/util/Spliterator;)I @ 14 c2
Event: 26.158 Thread 0x000001aecc04b000 DEOPT PACKING pc=0x000001aeb32faa60 sp=0x00000065497fd840
Event: 26.158 Thread 0x000001aecc04b000 DEOPT UNPACKING pc=0x000001aeab65a1a9 sp=0x00000065497fd728 mode 2
Event: 26.158 Thread 0x000001aecc04b000 Uncommon trap: trap_request=0xffffffde fr.pc=0x000001aeb32d2cfc relative=0x000000000000005c
Event: 26.158 Thread 0x000001aecc04b000 Uncommon trap: reason=class_check action=maybe_recompile pc=0x000001aeb32d2cfc method=java.util.stream.StreamOpFlag.fromCharacteristics(Ljava/util/Spliterator;)I @ 14 c2
Event: 26.158 Thread 0x000001aecc04b000 DEOPT PACKING pc=0x000001aeb32d2cfc sp=0x00000065497fd740
Event: 26.158 Thread 0x000001aecc04b000 DEOPT UNPACKING pc=0x000001aeab65a1a9 sp=0x00000065497fd6d0 mode 2
Event: 26.260 Thread 0x000001aecc04b000 Uncommon trap: trap_request=0xffffff4d fr.pc=0x000001aeb3527f28 relative=0x00000000000001e8
Event: 26.260 Thread 0x000001aecc04b000 Uncommon trap: reason=unstable_if action=reinterpret pc=0x000001aeb3527f28 method=com.google.common.collect.RegularImmutableSet.contains(Ljava/lang/Object;)Z @ 10 c2
Event: 26.260 Thread 0x000001aecc04b000 DEOPT PACKING pc=0x000001aeb3527f28 sp=0x00000065497fa340
Event: 26.260 Thread 0x000001aecc04b000 DEOPT UNPACKING pc=0x000001aeab65a1a9 sp=0x00000065497fa2d8 mode 2
Event: 36.301 Thread 0x000001aecc04b000 Uncommon trap: trap_request=0xffffff4d fr.pc=0x000001aeb35e04f4 relative=0x0000000000000054
Event: 36.301 Thread 0x000001aecc04b000 Uncommon trap: reason=unstable_if action=reinterpret pc=0x000001aeb35e04f4 method=java.lang.Enum.equals(Ljava/lang/Object;)Z @ 2 c2
Event: 36.301 Thread 0x000001aecc04b000 DEOPT PACKING pc=0x000001aeb35e04f4 sp=0x00000065497fdaa0
Event: 36.301 Thread 0x000001aecc04b000 DEOPT UNPACKING pc=0x000001aeab65a1a9 sp=0x00000065497fda28 mode 2

Classes redefined (0 events):
No events

Internal exceptions (20 events):
Event: 26.118 Thread 0x000001aec3006800 Exception <a 'java/lang/ClassNotFoundException'{0x00000000922426b8}: com/android/build/gradle/tasks/PackageApplication_DecoratedCustomizer> (0x00000000922426b8) thrown at [src/hotspot/share/classfile/systemDictionary.cpp, line 230]
Event: 26.122 Thread 0x000001aec3006800 Exception <a 'java/lang/ClassNotFoundException'{0x0000000092125b20}: com/android/build/gradle/internal/tasks/ListingFileRedirectTask_DecoratedBeanInfo> (0x0000000092125b20) thrown at [src/hotspot/share/classfile/systemDictionary.cpp, line 230]
Event: 26.122 Thread 0x000001aec3006800 Exception <a 'java/lang/ClassNotFoundException'{0x0000000092141348}: com/android/build/gradle/internal/tasks/ListingFileRedirectTaskBeanInfo> (0x0000000092141348) thrown at [src/hotspot/share/classfile/systemDictionary.cpp, line 230]
Event: 26.123 Thread 0x000001aec3006800 Exception <a 'java/lang/ClassNotFoundException'{0x000000009215cbb8}: com/android/build/gradle/internal/tasks/ListingFileRedirectTaskCustomizer> (0x000000009215cbb8) thrown at [src/hotspot/share/classfile/systemDictionary.cpp, line 230]
Event: 26.124 Thread 0x000001aec3006800 Exception <a 'java/lang/ClassNotFoundException'{0x000000009218c200}: com/android/build/gradle/internal/tasks/ListingFileRedirectTask_DecoratedCustomizer> (0x000000009218c200) thrown at [src/hotspot/share/classfile/systemDictionary.cpp, line 230]
Event: 26.138 Thread 0x000001aec3006800 Implicit null exception at 0x000001aeb3560766 to 0x000001aeb35611b4
Event: 26.138 Thread 0x000001aec3006800 Implicit null exception at 0x000001aeb3560766 to 0x000001aeb35611b4
Event: 26.138 Thread 0x000001aec3006800 Implicit null exception at 0x000001aeb3560766 to 0x000001aeb35611b4
Event: 26.150 Thread 0x000001aec3006800 Exception <a 'sun/nio/fs/WindowsException'{0x00000000920df238}> (0x00000000920df238) thrown at [src/hotspot/share/prims/jni.cpp, line 617]
Event: 26.193 Thread 0x000001aecc04b000 Exception <a 'java/lang/IncompatibleClassChangeError'{0x0000000091ee8d60}: Found class java.lang.Object, but interface was expected> (0x0000000091ee8d60) thrown at [src/hotspot/share/interpreter/linkResolver.cpp, line 839]
Event: 26.215 Thread 0x000001aecc04b000 Exception <a 'java/lang/NoSuchMethodError'{0x0000000091c7fb50}: 'int java.lang.invoke.DirectMethodHandle$Holder.invokeStaticInit(java.lang.Object, java.lang.Object, java.lang.Object, java.lang.Object, java.lang.Object)'> (0x0000000091c7fb50) thrown at [src/hotspot/share/interpreter/linkResolver.cpp, line 773]
Event: 26.236 Thread 0x000001aecc04b000 Exception <a 'sun/nio/fs/WindowsException'{0x0000000091b690b8}> (0x0000000091b690b8) thrown at [src/hotspot/share/prims/jni.cpp, line 617]
Event: 26.236 Thread 0x000001aecc04b000 Exception <a 'sun/nio/fs/WindowsException'{0x0000000091b6a4c0}> (0x0000000091b6a4c0) thrown at [src/hotspot/share/prims/jni.cpp, line 617]
Event: 26.260 Thread 0x000001aecc04b000 Implicit null exception at 0x000001aeb3527d77 to 0x000001aeb3527f10
Event: 31.272 Thread 0x000001aecc04b000 Exception <a 'net/rubygrapefruit/platform/NativeException'{0x0000000091a860a0}: Execution timed out> (0x0000000091a860a0) thrown at [src/hotspot/share/prims/jni.cpp, line 638]
Event: 36.288 Thread 0x000001aecc04b000 Exception <a 'net/rubygrapefruit/platform/NativeException'{0x0000000091ac6ae8}: Execution timed out> (0x0000000091ac6ae8) thrown at [src/hotspot/share/prims/jni.cpp, line 638]
Event: 36.300 Thread 0x000001aec8244000 Exception <a 'java/lang/NoSuchMethodError'{0x0000000094b162b8}: <clinit>> (0x0000000094b162b8) thrown at [src/hotspot/share/prims/jni.cpp, line 1367]
Event: 36.302 Thread 0x000001aec8244000 Exception <a 'java/lang/NoSuchMethodError'{0x000000009172d560}: <clinit>> (0x000000009172d560) thrown at [src/hotspot/share/prims/jni.cpp, line 1367]
Event: 36.316 Thread 0x000001aec8244000 Exception <a 'java/lang/NoSuchMethodError'{0x00000000917c6d98}: <clinit>> (0x00000000917c6d98) thrown at [src/hotspot/share/prims/jni.cpp, line 1367]
Event: 36.324 Thread 0x000001aecc04c000 Exception <a 'java/lang/NoSuchMethodError'{0x000000009164f960}: 'int java.lang.invoke.DirectMethodHandle$Holder.invokeSpecial(java.lang.Object, java.lang.Object, java.lang.Object, java.lang.Object, java.lang.Object)'> (0x000000009164f960) thrown at [src/hotspot/share/interpreter/linkResolver.cpp, line 773]

Events (20 events):
Event: 36.341 Executing VM operation: RevokeBias
Event: 36.342 Executing VM operation: RevokeBias done
Event: 36.342 loading class org/gradle/internal/snapshot/ChildMap
Event: 36.342 loading class org/gradle/internal/snapshot/ChildMap done
Event: 36.342 loading class org/gradle/internal/snapshot/ChildMap
Event: 36.342 loading class org/gradle/internal/snapshot/ChildMap done
Event: 36.342 loading class org/gradle/internal/snapshot/AbstractInvalidateChildHandler
Event: 36.342 loading class org/gradle/internal/snapshot/AbstractInvalidateChildHandler done
Event: 36.343 loading class org/gradle/internal/snapshot/ChildMap
Event: 36.343 loading class org/gradle/internal/snapshot/ChildMap done
Event: 36.343 loading class org/gradle/internal/snapshot/ChildMap
Event: 36.343 loading class org/gradle/internal/snapshot/ChildMap done
Event: 36.343 loading class org/gradle/internal/snapshot/AbstractInvalidateChildHandler
Event: 36.343 loading class org/gradle/internal/snapshot/AbstractInvalidateChildHandler done
Event: 36.343 Executing VM operation: RevokeBias
Event: 36.343 Executing VM operation: RevokeBias done
Event: 36.343 Executing VM operation: RevokeBias
Event: 36.343 Executing VM operation: RevokeBias done
Event: 36.343 Executing VM operation: RevokeBias
Event: 36.343 Executing VM operation: RevokeBias done


Dynamic libraries:
0x00007ff74a1c0000 - 0x00007ff74a1ca000 	C:\Program Files\Android\Android Studio\jbr\bin\java.exe
0x00007ffecc570000 - 0x00007ffecc766000 	C:\Windows\SYSTEM32\ntdll.dll
0x00007ffecb340000 - 0x00007ffecb3fd000 	C:\Windows\System32\KERNEL32.DLL
0x00007ffec9cb0000 - 0x00007ffec9f79000 	C:\Windows\System32\KERNELBASE.dll
0x00007ffeca0c0000 - 0x00007ffeca1c0000 	C:\Windows\System32\ucrtbase.dll
0x00007ffeb1ff0000 - 0x00007ffeb200b000 	C:\Program Files\Android\Android Studio\jbr\bin\VCRUNTIME140.dll
0x00007ffeb0950000 - 0x00007ffeb0967000 	C:\Program Files\Android\Android Studio\jbr\bin\jli.dll
0x00007ffecb1a0000 - 0x00007ffecb340000 	C:\Windows\System32\USER32.dll
0x00007ffeca520000 - 0x00007ffeca542000 	C:\Windows\System32\win32u.dll
0x00007ffecbb30000 - 0x00007ffecbb5a000 	C:\Windows\System32\GDI32.dll
0x00007ffec9fb0000 - 0x00007ffeca0bb000 	C:\Windows\System32\gdi32full.dll
0x00007ffeca320000 - 0x00007ffeca3bd000 	C:\Windows\System32\msvcp_win.dll
0x00007ffebb550000 - 0x00007ffebb7eb000 	C:\Windows\WinSxS\amd64_microsoft.windows.common-controls_6595b64144ccf1df_6.0.19041.746_none_ca02b4b61b8320a4\COMCTL32.dll
0x00007ffecbc10000 - 0x00007ffecbcae000 	C:\Windows\System32\msvcrt.dll
0x00007ffecb500000 - 0x00007ffecb530000 	C:\Windows\System32\IMM32.DLL
0x00007ffeaa450000 - 0x00007ffeaa4ab000 	C:\ProgramData\Microsoft\DbgCtr\XShellDLL64_6015.dll
0x00007ffecbb60000 - 0x00007ffecbc0c000 	C:\Windows\System32\ADVAPI32.dll
0x00007ffecb400000 - 0x00007ffecb49c000 	C:\Windows\System32\sechost.dll
0x00007ffeca680000 - 0x00007ffeca7ab000 	C:\Windows\System32\RPCRT4.dll
0x00007ffecaa50000 - 0x00007ffecb192000 	C:\Windows\System32\SHELL32.dll
0x00007ffec4bd0000 - 0x00007ffec4bdc000 	C:\Program Files\Android\Android Studio\jbr\bin\vcruntime140_1.dll
0x00007ffea9fa0000 - 0x00007ffeaa02d000 	C:\Program Files\Android\Android Studio\jbr\bin\msvcp140.dll
0x00007ffe68bb0000 - 0x00007ffe6976c000 	C:\Program Files\Android\Android Studio\jbr\bin\server\jvm.dll
0x00007ffecb9d0000 - 0x00007ffecb9d8000 	C:\Windows\System32\PSAPI.DLL
0x00007ffeb8b80000 - 0x00007ffeb8b89000 	C:\Windows\SYSTEM32\WSOCK32.dll
0x00007ffebe7a0000 - 0x00007ffebe7aa000 	C:\Windows\SYSTEM32\VERSION.dll
0x00007ffea4900000 - 0x00007ffea4927000 	C:\Windows\SYSTEM32\WINMM.dll
0x00007ffecb6d0000 - 0x00007ffecb73b000 	C:\Windows\System32\WS2_32.dll
0x00007ffec7c20000 - 0x00007ffec7c32000 	C:\Windows\SYSTEM32\kernel.appcore.dll
0x00007ffebe6e0000 - 0x00007ffebe6f0000 	C:\Program Files\Android\Android Studio\jbr\bin\verify.dll
0x00007ffeb37f0000 - 0x00007ffeb39d4000 	C:\Windows\SYSTEM32\DBGHELP.DLL
0x00007ffeb37c0000 - 0x00007ffeb37ec000 	C:\Windows\SYSTEM32\dbgcore.DLL
0x00007ffeca550000 - 0x00007ffeca5d0000 	C:\Windows\System32\bcryptPrimitives.dll
0x00007ffeb1de0000 - 0x00007ffeb1e08000 	C:\Program Files\Android\Android Studio\jbr\bin\java.dll
0x00007ffebd490000 - 0x00007ffebd49a000 	C:\Program Files\Android\Android Studio\jbr\bin\jimage.dll
0x00007ffeb1d00000 - 0x00007ffeb1d18000 	C:\Program Files\Android\Android Studio\jbr\bin\zip.dll
0x00007ffec7e20000 - 0x00007ffec85b0000 	C:\Windows\SYSTEM32\windows.storage.dll
0x00007ffecbd60000 - 0x00007ffecc0b6000 	C:\Windows\System32\combase.dll
0x00007ffec9710000 - 0x00007ffec973c000 	C:\Windows\SYSTEM32\Wldp.dll
0x00007ffeca5d0000 - 0x00007ffeca67e000 	C:\Windows\System32\SHCORE.dll
0x00007ffecb830000 - 0x00007ffecb885000 	C:\Windows\System32\shlwapi.dll
0x00007ffec9be0000 - 0x00007ffec9c06000 	C:\Windows\SYSTEM32\profapi.dll
0x00007ffeb0840000 - 0x00007ffeb0859000 	C:\Program Files\Android\Android Studio\jbr\bin\net.dll
0x00007ffebd670000 - 0x00007ffebd770000 	C:\Windows\SYSTEM32\WINHTTP.dll
0x00007ffec9420000 - 0x00007ffec948a000 	C:\Windows\system32\mswsock.dll
0x00007ffeb06d0000 - 0x00007ffeb06e3000 	C:\Program Files\Android\Android Studio\jbr\bin\nio.dll
0x00007ffea75d0000 - 0x00007ffea75f7000 	C:\Users\it_04\.gradle\native\e1d6ef7f7dcc3fd88c89a11ec53ec762bb8ba0a96d01ffa2cd45eb1d1d8dd5c5\windows-amd64\native-platform.dll
0x00007ffea7b50000 - 0x00007ffea7c94000 	C:\Users\it_04\.gradle\native\0d407fdbe67a94daf76414ababcb853783967236a71b16ec16e742cd7a986fd3\windows-amd64\native-platform-file-events.dll
0x00007ffeb4da0000 - 0x00007ffeb4daa000 	C:\Program Files\Android\Android Studio\jbr\bin\management.dll
0x00007ffeb2050000 - 0x00007ffeb205b000 	C:\Program Files\Android\Android Studio\jbr\bin\management_ext.dll
0x00007ffec95f0000 - 0x00007ffec9608000 	C:\Windows\SYSTEM32\CRYPTSP.dll
0x00007ffec8dc0000 - 0x00007ffec8df4000 	C:\Windows\system32\rsaenh.dll
0x00007ffec9f80000 - 0x00007ffec9fa7000 	C:\Windows\System32\bcrypt.dll
0x00007ffec9b60000 - 0x00007ffec9b8e000 	C:\Windows\SYSTEM32\USERENV.dll
0x00007ffec9610000 - 0x00007ffec961c000 	C:\Windows\SYSTEM32\CRYPTBASE.dll
0x00007ffec9110000 - 0x00007ffec914b000 	C:\Windows\SYSTEM32\IPHLPAPI.DLL
0x00007ffecba40000 - 0x00007ffecba48000 	C:\Windows\System32\NSI.dll
0x00007ffec39e0000 - 0x00007ffec39f7000 	C:\Windows\SYSTEM32\dhcpcsvc6.DLL
0x00007ffec39c0000 - 0x00007ffec39dd000 	C:\Windows\SYSTEM32\dhcpcsvc.DLL
0x00007ffec9150000 - 0x00007ffec921b000 	C:\Windows\SYSTEM32\DNSAPI.dll

dbghelp: loaded successfully - version: 4.0.5 - missing functions: none
symbol engine: initialized successfully - sym options: 0x614 - pdb path: .;C:\Program Files\Android\Android Studio\jbr\bin;C:\Windows\SYSTEM32;C:\Windows\WinSxS\amd64_microsoft.windows.common-controls_6595b64144ccf1df_6.0.19041.746_none_ca02b4b61b8320a4;C:\ProgramData\Microsoft\DbgCtr;C:\Program Files\Android\Android Studio\jbr\bin\server;C:\Users\it_04\.gradle\native\e1d6ef7f7dcc3fd88c89a11ec53ec762bb8ba0a96d01ffa2cd45eb1d1d8dd5c5\windows-amd64;C:\Users\it_04\.gradle\native\0d407fdbe67a94daf76414ababcb853783967236a71b16ec16e742cd7a986fd3\windows-amd64

VM Arguments:
jvm_args: --add-opens=java.base/java.util=ALL-UNNAMED --add-opens=java.base/java.lang=ALL-UNNAMED --add-opens=java.base/java.lang.invoke=ALL-UNNAMED --add-opens=java.base/java.util=ALL-UNNAMED --add-opens=java.prefs/java.util.prefs=ALL-UNNAMED --add-opens=java.prefs/java.util.prefs=ALL-UNNAMED --add-opens=java.base/java.nio.charset=ALL-UNNAMED --add-opens=java.base/java.net=ALL-UNNAMED --add-opens=java.base/java.util.concurrent.atomic=ALL-UNNAMED -Xmx2048m -Dfile.encoding=UTF-8 -Duser.country=US -Duser.language=en -Duser.variant 
java_command: org.gradle.launcher.daemon.bootstrap.GradleDaemon 7.5
java_class_path (initial): C:\Users\it_04\.gradle\wrapper\dists\gradle-7.5-bin\f1w0cc9nuo0eivz97x2xlu9sv\gradle-7.5\lib\gradle-launcher-7.5.jar
Launcher Type: SUN_STANDARD

[Global flags]
     intx CICompilerCount                          = 3                                         {product} {ergonomic}
     uint ConcGCThreads                            = 1                                         {product} {ergonomic}
     uint G1ConcRefinementThreads                  = 4                                         {product} {ergonomic}
   size_t G1HeapRegionSize                         = 1048576                                   {product} {ergonomic}
    uintx GCDrainStackTargetSize                   = 64                                        {product} {ergonomic}
   size_t InitialHeapSize                          = 266338304                                 {product} {ergonomic}
   size_t MarkStackSize                            = 4194304                                   {product} {ergonomic}
   size_t MaxHeapSize                              = 2147483648                                {product} {command line}
   size_t MaxNewSize                               = 1287651328                                {product} {ergonomic}
   size_t MinHeapDeltaBytes                        = 1048576                                   {product} {ergonomic}
    uintx NonNMethodCodeHeapSize                   = 5830732                                {pd product} {ergonomic}
    uintx NonProfiledCodeHeapSize                  = 122913754                              {pd product} {ergonomic}
    uintx ProfiledCodeHeapSize                     = 122913754                              {pd product} {ergonomic}
    uintx ReservedCodeCacheSize                    = 251658240                              {pd product} {ergonomic}
     bool SegmentedCodeCache                       = true                                      {product} {ergonomic}
     bool UseCompressedClassPointers               = true                                 {lp64_product} {ergonomic}
     bool UseCompressedOops                        = true                                 {lp64_product} {ergonomic}
     bool UseG1GC                                  = true                                      {product} {ergonomic}
     bool UseLargePagesIndividualAllocation        = false                                  {pd product} {ergonomic}

Logging:
Log output configuration:
 #0: stdout all=warning uptime,level,tags
 #1: stderr all=off uptime,level,tags

Environment Variables:
PATH=D:\app\it_07\product\11.2.0\client_1\bin;C:\Windows\system32;C:\Windows;C:\Windows\System32\Wbem;C:\Windows\System32\WindowsPowerShell\v1.0\;C:\Windows\System32\OpenSSH\;C:\Program Files\dotnet\;C:\Program Files\Git\cmd;C:\Users\it_04\AppData\Local\Microsoft\WindowsApps;C:\Users\it_04\.dotnet\tools
USERNAME=it_04
OS=Windows_NT
PROCESSOR_IDENTIFIER=Intel64 Family 6 Model 165 Stepping 3, GenuineIntel



---------------  S Y S T E M  ---------------

OS: Windows 10 , 64 bit Build 19041 (10.0.19041.804)
OS uptime: 0 days 1:01 hours

CPU:total 4 (initial active 4) (2 cores per cpu, 2 threads per core) family 6 model 165 stepping 3 microcode 0xe0, cmov, cx8, fxsr, mmx, sse, sse2, sse3, ssse3, sse4.1, sse4.2, popcnt, aes, clmul, erms, 3dnowpref, lzcnt, ht, tsc, tscinvbit

Memory: 4k page, system-wide physical 16242M (7484M free)
TotalPageFile size 18674M (AvailPageFile size 10012M)
current process WorkingSet (physical memory assigned to process): 521M, peak: 549M
current process commit charge ("private bytes"): 593M, peak: 625M

vm_info: OpenJDK 64-Bit Server VM (11.0.15+0-b2043.56-9505619) for windows-amd64 JRE (11.0.15+0-b2043.56-9505619), built on Jan 19 2023 02:48:00 by "builduser" with unknown MS VC++:1929

END.
