#
# A fatal error has been detected by the Java Runtime Environment:
#
#  EXCEPTION_ACCESS_VIOLATION (0xc0000005) at pc=0x00007ffaeea11820, pid=6448, tid=2884
#
# JRE version: OpenJDK Runtime Environment (11.0.15) (build 11.0.15+0-b2043.56-9505619)
# Java VM: OpenJDK 64-Bit Server VM (11.0.15+0-b2043.56-9505619, mixed mode, tiered, compressed oops, g1 gc, windows-amd64)
# Problematic frame:
# C  [native-platform-file-events.dll+0xf1820]
#
# No core dump will be written. Minidumps are not enabled by default on client versions of Windows
#
# If you would like to submit a bug report, please visit:
#   https://bugreport.java.com/bugreport/crash.jsp
# The crash happened outside the Java Virtual Machine in native code.
# See problematic frame for where to report the bug.
#

---------------  S U M M A R Y ------------

Command Line: --add-opens=java.base/java.util=ALL-UNNAMED --add-opens=java.base/java.lang=ALL-UNNAMED --add-opens=java.base/java.lang.invoke=ALL-UNNAMED --add-opens=java.base/java.util=ALL-UNNAMED --add-opens=java.prefs/java.util.prefs=ALL-UNNAMED --add-opens=java.prefs/java.util.prefs=ALL-UNNAMED --add-opens=java.base/java.nio.charset=ALL-UNNAMED --add-opens=java.base/java.net=ALL-UNNAMED --add-opens=java.base/java.util.concurrent.atomic=ALL-UNNAMED -Xmx2048m -Dfile.encoding=UTF-8 -Duser.country=US -Duser.language=en -Duser.variant org.gradle.launcher.daemon.bootstrap.GradleDaemon 7.5

Host: Intel(R) Pentium(R) Gold G6400 CPU @ 4.00GHz, 4 cores, 15G,  Windows 10 , 64 bit Build 19041 (10.0.19041.804)
Time: Wed Mar 29 12:57:54 2023 SE Asia Standard Time elapsed time: 22.818442 seconds (0d 0h 0m 22s)

---------------  T H R E A D  ---------------

Current thread (0x000001328613b800):  JavaThread "File watcher server" daemon [_thread_in_native, id=2884, stack(0x0000000a4a100000,0x0000000a4a200000)]

Stack: [0x0000000a4a100000,0x0000000a4a200000],  sp=0x0000000a4a1fe518,  free space=1017k
Native frames: (J=compiled Java code, j=interpreted, Vv=VM code, C=native code)
C  [native-platform-file-events.dll+0xf1820]

Java frames: (J=compiled Java code, j=interpreted, Vv=VM code)
j  net.rubygrapefruit.platform.internal.jni.AbstractFileEventFunctions$NativeFileWatcher.executeRunLoop0(Ljava/lang/Object;)V+0
j  net.rubygrapefruit.platform.internal.jni.AbstractFileEventFunctions$NativeFileWatcher.access$100(Lnet/rubygrapefruit/platform/internal/jni/AbstractFileEventFunctions$NativeFileWatcher;Ljava/lang/Object;)V+2
j  net.rubygrapefruit.platform.internal.jni.AbstractFileEventFunctions$NativeFileWatcher$1.run()V+26
v  ~StubRoutines::call_stub

siginfo: EXCEPTION_ACCESS_VIOLATION (0xc0000005), reading address 0xffffffffffffffff


Register to memory mapping:

RIP=0x00007ffaeea11820 native-platform-file-events.dll
RAX=0x000a000400000001 is an unknown value
RBX=0x0 is NULL
RCX=0x0000000a4dcfad78 is pointing into the stack for thread: 0x00000132850cc000
RDX=0x0 is NULL
RSP=0x0000000a4a1fe518 is pointing into the stack for thread: 0x000001328613b800
RBP=0x0000000a4a1feee8 is pointing into the stack for thread: 0x000001328613b800
RSI=0x0000000a4dcfad70 is pointing into the stack for thread: 0x00000132850cc000
RDI=0x0000000a4dcfad30 is pointing into the stack for thread: 0x00000132850cc000
R8 =0x00000132e72f4ec0 points into unknown readable memory: 0x00000132e72f0d50 | 50 0d 2f e7 32 01 00 00
R9 =0x0000000000000001 is an unknown value
R10=0x0000000000008000 is an unknown value
R11=0x0000000a4a1fe1d0 is pointing into the stack for thread: 0x000001328613b800
R12=0x0 is NULL
R13={method} {0x0000013288bc2a00} 'executeRunLoop0' '(Ljava/lang/Object;)V' in 'net/rubygrapefruit/platform/internal/jni/AbstractFileEventFunctions$NativeFileWatcher'
R14=0x0 is NULL
R15=0x000001328613b800 is a thread


Registers:
RAX=0x000a000400000001, RBX=0x0000000000000000, RCX=0x0000000a4dcfad78, RDX=0x0000000000000000
RSP=0x0000000a4a1fe518, RBP=0x0000000a4a1feee8, RSI=0x0000000a4dcfad70, RDI=0x0000000a4dcfad30
R8 =0x00000132e72f4ec0, R9 =0x0000000000000001, R10=0x0000000000008000, R11=0x0000000a4a1fe1d0
R12=0x0000000000000000, R13=0x0000013288bc29f8, R14=0x0000000000000000, R15=0x000001328613b800
RIP=0x00007ffaeea11820, EFLAGS=0x0000000000010292

Top of Stack: (sp=0x0000000a4a1fe518)
0x0000000a4a1fe518:   00007ffaee9663b9 0000000000000000
0x0000000a4a1fe528:   00000132ecf8fa7a 00000132ff525990
0x0000000a4a1fe538:   00007ffaee943133 000001328d5ac8d8
0x0000000a4a1fe548:   000000008fcd60b0 00008b8d0516884e
0x0000000a4a1fe558:   00007ffaee94da83 0000000a4a1fef10
0x0000000a4a1fe568:   0000000a4dcfad30 00007ffaee93f150
0x0000000a4a1fe578:   00007ffaee95709b 0000000a4dcfad70
0x0000000a4a1fe588:   00000000804332d0 0000000000000000
0x0000000a4a1fe598:   00007ffaee94bfae 000001328d5ac8d0
0x0000000a4a1fe5a8:   00007ffaee9492a6 0000000a4dcfad70
0x0000000a4a1fe5b8:   0000000000000000 000001328d5ac8d0
0x0000000a4a1fe5c8:   00007ffaee9257b3 0000000000000000
0x0000000a4a1fe5d8:   00007ffaee9564c2 0000000a4a1fe620
0x0000000a4a1fe5e8:   0000000a4dcfad70 00000132ff1b4a20
0x0000000a4a1fe5f8:   0000000000000000 000000008042c701
0x0000000a4a1fe608:   00000132ff0cfd50 0000000000000000 

Instructions: (pc=0x00007ffaeea11820)
0x00007ffaeea11720:   cc cc cc cc cc cc cc cc cc cc cc cc cc cc cc cc
0x00007ffaeea11730:   cc cc cc cc cc cc cc cc cc cc cc cc cc cc cc cc
0x00007ffaeea11740:   cc cc cc cc cc cc cc cc cc cc cc cc cc cc cc cc
0x00007ffaeea11750:   cc cc cc cc cc cc cc cc cc cc cc cc cc cc cc cc
0x00007ffaeea11760:   cc cc cc cc cc cc cc cc cc cc cc cc cc cc cc cc
0x00007ffaeea11770:   cc cc cc cc cc cc cc cc cc cc cc cc cc cc cc cc
0x00007ffaeea11780:   cc cc cc cc cc cc cc cc cc cc cc cc cc cc cc cc
0x00007ffaeea11790:   cc cc cc cc cc cc cc cc cc cc cc cc cc cc cc cc
0x00007ffaeea117a0:   cc cc cc cc cc cc cc cc cc cc cc cc cc cc cc cc
0x00007ffaeea117b0:   cc cc cc cc cc cc cc cc cc cc cc cc cc cc cc cc
0x00007ffaeea117c0:   cc cc cc cc cc cc cc cc cc cc cc cc cc cc cc cc
0x00007ffaeea117d0:   cc cc cc cc cc cc cc cc cc cc cc cc cc cc cc cc
0x00007ffaeea117e0:   cc cc cc cc cc cc cc cc cc cc cc cc cc cc cc cc
0x00007ffaeea117f0:   cc cc cc cc cc cc cc cc cc cc cc cc cc cc cc cc
0x00007ffaeea11800:   cc cc cc cc cc cc cc cc cc cc cc cc cc cc cc cc
0x00007ffaeea11810:   cc cc cc cc cc cc 66 66 0f 1f 84 00 00 00 00 00
0x00007ffaeea11820:   ff e0 cc cc cc cc cc cc cc cc cc cc cc cc cc cc
0x00007ffaeea11830:   cc cc cc cc cc cc 66 66 0f 1f 84 00 00 00 00 00
0x00007ffaeea11840:   ff 25 da e7 04 00 cc cc cc cc cc cc cc cc cc cc
0x00007ffaeea11850:   cc cc cc cc cc cc cc cc cc cc cc cc cc cc cc cc
0x00007ffaeea11860:   cc cc cc cc cc cc cc cc cc cc cc cc cc cc cc cc
0x00007ffaeea11870:   cc cc cc cc cc cc cc cc cc cc cc cc cc cc cc cc
0x00007ffaeea11880:   cc cc cc cc cc cc cc cc cc cc cc cc cc cc cc cc
0x00007ffaeea11890:   cc cc cc cc cc cc cc cc cc cc cc cc cc cc cc cc
0x00007ffaeea118a0:   cc cc cc cc cc cc cc cc cc cc cc cc cc cc cc cc
0x00007ffaeea118b0:   cc cc cc cc cc cc cc cc cc cc cc cc cc cc cc cc
0x00007ffaeea118c0:   cc cc cc cc cc cc cc cc cc cc cc cc cc cc cc cc
0x00007ffaeea118d0:   cc cc cc cc cc cc cc cc cc cc cc cc cc cc cc cc
0x00007ffaeea118e0:   cc cc cc cc cc cc cc cc cc cc cc cc cc cc cc cc
0x00007ffaeea118f0:   cc cc cc cc cc cc cc cc cc cc cc cc cc cc cc cc
0x00007ffaeea11900:   cc cc cc cc cc cc cc cc cc cc cc cc cc cc cc cc
0x00007ffaeea11910:   cc cc cc cc cc cc cc cc cc cc cc cc cc cc cc cc 


Stack slot to memory mapping:
stack at sp + 0 slots: 0x00007ffaee9663b9 native-platform-file-events.dll
stack at sp + 1 slots: 0x0 is NULL
stack at sp + 2 slots: 0x00000132ecf8fa7a is at code_begin+2458 in an Interpreter codelet
method entry point (kind = native)  [0x00000132ecf8f0e0, 0x00000132ecf8fb60]  2688 bytes
stack at sp + 3 slots: {method} {0x00000132ff525998} 'findEntry' '(Ljava/lang/String;)J' in 'java/lang/ClassLoader$NativeLibrary'
stack at sp + 4 slots: 0x00007ffaee943133 native-platform-file-events.dll
stack at sp + 5 slots: 0x000001328d5ac8d8 points into unknown readable memory: 0x000001328d43bb20 | 20 bb 43 8d 32 01 00 00
stack at sp + 6 slots: 0x000000008fcd60b0 points into unknown readable memory: 0x0000000000000000 | 00 00 00 00 00 00 00 00
stack at sp + 7 slots: 0x00008b8d0516884e is an unknown value


---------------  P R O C E S S  ---------------

Threads class SMR info:
_java_thread_list=0x00000132865de4b0, length=87, elements={
0x00000132e944b800, 0x00000132ff0ae800, 0x00000132ff8d3800, 0x00000132ff931800,
0x00000132ff948800, 0x00000132ff94a800, 0x00000132ff94c000, 0x00000132ff95a800,
0x00000132ff960800, 0x00000132ffac9800, 0x0000013285baa000, 0x0000013284e0d800,
0x0000013285a18000, 0x00000132853f2000, 0x0000013285d7c800, 0x0000013285e78000,
0x0000013285761800, 0x0000013285897000, 0x0000013285b61000, 0x000001328571e800,
0x0000013286139800, 0x000001328613a000, 0x0000013286138800, 0x000001328613b800,
0x000001328613b000, 0x0000013286137000, 0x0000013286137800, 0x000001328613d800,
0x000001328752d000, 0x000001328752e000, 0x0000013287528800, 0x000001328752f000,
0x000001328752c800, 0x0000013287529000, 0x000001328752a800, 0x000001328752f800,
0x000001328752a000, 0x0000013287535800, 0x0000013287531800, 0x0000013287530800,
0x0000013287533800, 0x0000013287537000, 0x0000013287536000, 0x0000013287532000,
0x0000013287533000, 0x0000013287534800, 0x0000013286473000, 0x0000013286470800,
0x0000013286471800, 0x000001328646f000, 0x0000013286470000, 0x0000013286472000,
0x000001328646e000, 0x000001328646d800, 0x0000013286478000, 0x0000013286476800,
0x0000013286479800, 0x0000013286477000, 0x0000013286475800, 0x0000013286474000,
0x0000013286474800, 0x000001328647b000, 0x0000013286479000, 0x000001328647a800,
0x000001328647c000, 0x00000132850c2000, 0x00000132850c3800, 0x00000132850c3000,
0x00000132850c0800, 0x00000132850c4800, 0x00000132850bf000, 0x00000132850c5800,
0x00000132850c1000, 0x00000132850bf800, 0x00000132850c8800, 0x00000132850c7000,
0x00000132850c9800, 0x00000132850c6000, 0x00000132850ca000, 0x00000132850cc800,
0x00000132850cb000, 0x00000132850cc000, 0x00000132850cd800, 0x00000132850c7800,
0x00000132891aa800, 0x000001328b1bf000, 0x00000132891ad000
}

Java Threads: ( => current thread )
  0x00000132e944b800 JavaThread "main" [_thread_blocked, id=8640, stack(0x0000000a48000000,0x0000000a48100000)]
  0x00000132ff0ae800 JavaThread "Reference Handler" daemon [_thread_blocked, id=13252, stack(0x0000000a48700000,0x0000000a48800000)]
  0x00000132ff8d3800 JavaThread "Finalizer" daemon [_thread_blocked, id=11588, stack(0x0000000a48800000,0x0000000a48900000)]
  0x00000132ff931800 JavaThread "Signal Dispatcher" daemon [_thread_blocked, id=12640, stack(0x0000000a47c00000,0x0000000a47d00000)]
  0x00000132ff948800 JavaThread "Attach Listener" daemon [_thread_blocked, id=1492, stack(0x0000000a48900000,0x0000000a48a00000)]
  0x00000132ff94a800 JavaThread "Service Thread" daemon [_thread_blocked, id=8492, stack(0x0000000a48a00000,0x0000000a48b00000)]
  0x00000132ff94c000 JavaThread "C2 CompilerThread0" daemon [_thread_blocked, id=1348, stack(0x0000000a48b00000,0x0000000a48c00000)]
  0x00000132ff95a800 JavaThread "C1 CompilerThread0" daemon [_thread_blocked, id=8388, stack(0x0000000a48c00000,0x0000000a48d00000)]
  0x00000132ff960800 JavaThread "Sweeper thread" daemon [_thread_blocked, id=10760, stack(0x0000000a48d00000,0x0000000a48e00000)]
  0x00000132ffac9800 JavaThread "Common-Cleaner" daemon [_thread_blocked, id=12252, stack(0x0000000a48e00000,0x0000000a48f00000)]
  0x0000013285baa000 JavaThread "Daemon health stats" [_thread_blocked, id=5504, stack(0x0000000a49400000,0x0000000a49500000)]
  0x0000013284e0d800 JavaThread "Incoming local TCP Connector on port 54580" [_thread_in_native, id=9584, stack(0x0000000a49500000,0x0000000a49600000)]
  0x0000013285a18000 JavaThread "Daemon periodic checks" [_thread_blocked, id=11192, stack(0x0000000a49600000,0x0000000a49700000)]
  0x00000132853f2000 JavaThread "Daemon" [_thread_blocked, id=7000, stack(0x0000000a49700000,0x0000000a49800000)]
  0x0000013285d7c800 JavaThread "Handler for socket connection from /127.0.0.1:54580 to /127.0.0.1:54581" [_thread_in_native, id=3180, stack(0x0000000a49800000,0x0000000a49900000)]
  0x0000013285e78000 JavaThread "Cancel handler" [_thread_blocked, id=12420, stack(0x0000000a49900000,0x0000000a49a00000)]
  0x0000013285761800 JavaThread "Daemon worker" [_thread_blocked, id=1656, stack(0x0000000a49a00000,0x0000000a49b00000)]
  0x0000013285897000 JavaThread "Asynchronous log dispatcher for DefaultDaemonConnection: socket connection from /127.0.0.1:54580 to /127.0.0.1:54581" [_thread_blocked, id=7804, stack(0x0000000a49b00000,0x0000000a49c00000)]
  0x0000013285b61000 JavaThread "Stdin handler" [_thread_blocked, id=8952, stack(0x0000000a49c00000,0x0000000a49d00000)]
  0x000001328571e800 JavaThread "Daemon client event forwarder" [_thread_in_Java, id=12072, stack(0x0000000a49d00000,0x0000000a49e00000)]
  0x0000013286139800 JavaThread "Cache worker for journal cache (C:\Users\it_04\.gradle\caches\journal-1)" [_thread_blocked, id=6892, stack(0x0000000a49e00000,0x0000000a49f00000)]
  0x000001328613a000 JavaThread "File lock request listener" [_thread_in_native, id=8252, stack(0x0000000a49f00000,0x0000000a4a000000)]
  0x0000013286138800 JavaThread "Cache worker for file hash cache (C:\Users\it_04\.gradle\caches\7.5\fileHashes)" [_thread_blocked, id=3828, stack(0x0000000a4a000000,0x0000000a4a100000)]
=>0x000001328613b800 JavaThread "File watcher server" daemon [_thread_in_native, id=2884, stack(0x0000000a4a100000,0x0000000a4a200000)]
  0x000001328613b000 JavaThread "Cache worker for checksums cache (D:\SourceAndroid\KyThuat\.gradle\7.5\checksums)" [_thread_blocked, id=12456, stack(0x0000000a4a300000,0x0000000a4a400000)]
  0x0000013286137000 JavaThread "Cache worker for cache directory md-rule (C:\Users\it_04\.gradle\caches\7.5\md-rule)" [_thread_blocked, id=5060, stack(0x0000000a4a400000,0x0000000a4a500000)]
  0x0000013286137800 JavaThread "Cache worker for file content cache (C:\Users\it_04\.gradle\caches\7.5\fileContent)" [_thread_blocked, id=2932, stack(0x0000000a4a500000,0x0000000a4a600000)]
  0x000001328613d800 JavaThread "Cache worker for file hash cache (D:\SourceAndroid\KyThuat\.gradle\7.5\fileHashes)" [_thread_blocked, id=10572, stack(0x0000000a4a600000,0x0000000a4a700000)]
  0x000001328752d000 JavaThread "Cache worker for cache directory md-supplier (C:\Users\it_04\.gradle\caches\7.5\md-supplier)" [_thread_blocked, id=11976, stack(0x0000000a4a700000,0x0000000a4a800000)]
  0x000001328752e000 JavaThread "Cache worker for execution history cache (C:\Users\it_04\.gradle\caches\7.5\executionHistory)" [_thread_blocked, id=13232, stack(0x0000000a4a800000,0x0000000a4a900000)]
  0x0000013287528800 JavaThread "jar transforms" [_thread_blocked, id=6200, stack(0x0000000a4a900000,0x0000000a4aa00000)]
  0x000001328752f000 JavaThread "jar transforms Thread 2" [_thread_blocked, id=972, stack(0x0000000a4aa00000,0x0000000a4ab00000)]
  0x000001328752c800 JavaThread "jar transforms Thread 3" [_thread_blocked, id=6432, stack(0x0000000a4ab00000,0x0000000a4ac00000)]
  0x0000013287529000 JavaThread "jar transforms Thread 4" [_thread_blocked, id=8272, stack(0x0000000a4ac00000,0x0000000a4ad00000)]
  0x000001328752a800 JavaThread "Cache worker for dependencies-accessors (D:\SourceAndroid\KyThuat\.gradle\7.5\dependencies-accessors)" [_thread_blocked, id=8748, stack(0x0000000a4ad00000,0x0000000a4ae00000)]
  0x000001328752f800 JavaThread "Cache worker for Build Output Cleanup Cache (D:\SourceAndroid\KyThuat\.gradle\buildOutputCleanup)" [_thread_blocked, id=11212, stack(0x0000000a4ae00000,0x0000000a4af00000)]
  0x000001328752a000 JavaThread "Unconstrained build operations" [_thread_blocked, id=10280, stack(0x0000000a4af00000,0x0000000a4b000000)]
  0x0000013287535800 JavaThread "Unconstrained build operations Thread 2" [_thread_blocked, id=8668, stack(0x0000000a4b000000,0x0000000a4b100000)]
  0x0000013287531800 JavaThread "Unconstrained build operations Thread 3" [_thread_blocked, id=6104, stack(0x0000000a4b100000,0x0000000a4b200000)]
  0x0000013287530800 JavaThread "Unconstrained build operations Thread 4" [_thread_blocked, id=400, stack(0x0000000a4b200000,0x0000000a4b300000)]
  0x0000013287533800 JavaThread "Unconstrained build operations Thread 5" [_thread_blocked, id=7084, stack(0x0000000a4b300000,0x0000000a4b400000)]
  0x0000013287537000 JavaThread "Unconstrained build operations Thread 6" [_thread_blocked, id=2032, stack(0x0000000a4b400000,0x0000000a4b500000)]
  0x0000013287536000 JavaThread "Unconstrained build operations Thread 7" [_thread_blocked, id=11308, stack(0x0000000a4b500000,0x0000000a4b600000)]
  0x0000013287532000 JavaThread "Unconstrained build operations Thread 8" [_thread_blocked, id=13184, stack(0x0000000a4b600000,0x0000000a4b700000)]
  0x0000013287533000 JavaThread "Unconstrained build operations Thread 9" [_thread_blocked, id=10652, stack(0x0000000a4b700000,0x0000000a4b800000)]
  0x0000013287534800 JavaThread "Unconstrained build operations Thread 10" [_thread_blocked, id=4540, stack(0x0000000a4b800000,0x0000000a4b900000)]
  0x0000013286473000 JavaThread "Unconstrained build operations Thread 11" [_thread_blocked, id=3312, stack(0x0000000a4b900000,0x0000000a4ba00000)]
  0x0000013286470800 JavaThread "Unconstrained build operations Thread 12" [_thread_blocked, id=8008, stack(0x0000000a4ba00000,0x0000000a4bb00000)]
  0x0000013286471800 JavaThread "Unconstrained build operations Thread 13" [_thread_blocked, id=12696, stack(0x0000000a4bb00000,0x0000000a4bc00000)]
  0x000001328646f000 JavaThread "Unconstrained build operations Thread 14" [_thread_blocked, id=11244, stack(0x0000000a4bc00000,0x0000000a4bd00000)]
  0x0000013286470000 JavaThread "Unconstrained build operations Thread 15" [_thread_blocked, id=10536, stack(0x0000000a4bd00000,0x0000000a4be00000)]
  0x0000013286472000 JavaThread "Unconstrained build operations Thread 16" [_thread_blocked, id=8416, stack(0x0000000a4be00000,0x0000000a4bf00000)]
  0x000001328646e000 JavaThread "Unconstrained build operations Thread 17" [_thread_blocked, id=13024, stack(0x0000000a4bf00000,0x0000000a4c000000)]
  0x000001328646d800 JavaThread "Unconstrained build operations Thread 18" [_thread_blocked, id=10544, stack(0x0000000a4c000000,0x0000000a4c100000)]
  0x0000013286478000 JavaThread "Unconstrained build operations Thread 19" [_thread_blocked, id=12968, stack(0x0000000a4c100000,0x0000000a4c200000)]
  0x0000013286476800 JavaThread "Unconstrained build operations Thread 20" [_thread_blocked, id=6388, stack(0x0000000a4c200000,0x0000000a4c300000)]
  0x0000013286479800 JavaThread "Unconstrained build operations Thread 21" [_thread_blocked, id=8912, stack(0x0000000a4c300000,0x0000000a4c400000)]
  0x0000013286477000 JavaThread "Unconstrained build operations Thread 22" [_thread_blocked, id=9624, stack(0x0000000a4c400000,0x0000000a4c500000)]
  0x0000013286475800 JavaThread "Unconstrained build operations Thread 23" [_thread_blocked, id=8068, stack(0x0000000a4c500000,0x0000000a4c600000)]
  0x0000013286474000 JavaThread "Unconstrained build operations Thread 24" [_thread_blocked, id=8784, stack(0x0000000a4c600000,0x0000000a4c700000)]
  0x0000013286474800 JavaThread "Unconstrained build operations Thread 25" [_thread_blocked, id=3052, stack(0x0000000a4c700000,0x0000000a4c800000)]
  0x000001328647b000 JavaThread "Unconstrained build operations Thread 26" [_thread_blocked, id=7584, stack(0x0000000a4c800000,0x0000000a4c900000)]
  0x0000013286479000 JavaThread "Unconstrained build operations Thread 27" [_thread_blocked, id=12472, stack(0x0000000a4c900000,0x0000000a4ca00000)]
  0x000001328647a800 JavaThread "Unconstrained build operations Thread 28" [_thread_blocked, id=6932, stack(0x0000000a4ca00000,0x0000000a4cb00000)]
  0x000001328647c000 JavaThread "Unconstrained build operations Thread 29" [_thread_blocked, id=3420, stack(0x0000000a4cb00000,0x0000000a4cc00000)]
  0x00000132850c2000 JavaThread "Unconstrained build operations Thread 30" [_thread_blocked, id=12644, stack(0x0000000a4cc00000,0x0000000a4cd00000)]
  0x00000132850c3800 JavaThread "Unconstrained build operations Thread 31" [_thread_blocked, id=9940, stack(0x0000000a4cd00000,0x0000000a4ce00000)]
  0x00000132850c3000 JavaThread "Unconstrained build operations Thread 32" [_thread_blocked, id=2692, stack(0x0000000a4ce00000,0x0000000a4cf00000)]
  0x00000132850c0800 JavaThread "Unconstrained build operations Thread 33" [_thread_blocked, id=7348, stack(0x0000000a4cf00000,0x0000000a4d000000)]
  0x00000132850c4800 JavaThread "Unconstrained build operations Thread 34" [_thread_blocked, id=6504, stack(0x0000000a4d000000,0x0000000a4d100000)]
  0x00000132850bf000 JavaThread "Unconstrained build operations Thread 35" [_thread_blocked, id=4076, stack(0x0000000a4d100000,0x0000000a4d200000)]
  0x00000132850c5800 JavaThread "Unconstrained build operations Thread 36" [_thread_blocked, id=8464, stack(0x0000000a4d200000,0x0000000a4d300000)]
  0x00000132850c1000 JavaThread "Unconstrained build operations Thread 37" [_thread_blocked, id=8660, stack(0x0000000a4d300000,0x0000000a4d400000)]
  0x00000132850bf800 JavaThread "Unconstrained build operations Thread 38" [_thread_blocked, id=7032, stack(0x0000000a4d400000,0x0000000a4d500000)]
  0x00000132850c8800 JavaThread "Unconstrained build operations Thread 39" [_thread_blocked, id=11876, stack(0x0000000a4d500000,0x0000000a4d600000)]
  0x00000132850c7000 JavaThread "Unconstrained build operations Thread 40" [_thread_blocked, id=9504, stack(0x0000000a4d600000,0x0000000a4d700000)]
  0x00000132850c9800 JavaThread "Memory manager" [_thread_blocked, id=8216, stack(0x0000000a4d700000,0x0000000a4d800000)]
  0x00000132850c6000 JavaThread "build event listener" [_thread_blocked, id=12792, stack(0x0000000a4d800000,0x0000000a4d900000)]
  0x00000132850ca000 JavaThread "pool-3-thread-1" [_thread_blocked, id=6792, stack(0x0000000a4d900000,0x0000000a4da00000)]
  0x00000132850cc800 JavaThread "build event listener" [_thread_blocked, id=5596, stack(0x0000000a4da00000,0x0000000a4db00000)]
  0x00000132850cb000 JavaThread "included builds" [_thread_blocked, id=5500, stack(0x0000000a4db00000,0x0000000a4dc00000)]
  0x00000132850cc000 JavaThread "Execution worker" [_thread_blocked, id=12524, stack(0x0000000a4dc00000,0x0000000a4dd00000)]
  0x00000132850cd800 JavaThread "Execution worker Thread 2" [_thread_blocked, id=6588, stack(0x0000000a4dd00000,0x0000000a4de00000)]
  0x00000132850c7800 JavaThread "Execution worker Thread 3" [_thread_blocked, id=11788, stack(0x0000000a4de00000,0x0000000a4df00000)]
  0x00000132891aa800 JavaThread "Cache worker for execution history cache (D:\SourceAndroid\KyThuat\.gradle\7.5\executionHistory)" [_thread_blocked, id=3772, stack(0x0000000a4df00000,0x0000000a4e000000)]
  0x000001328b1bf000 JavaThread "C2 CompilerThread1" daemon [_thread_blocked, id=2500, stack(0x0000000a49000000,0x0000000a49100000)]
  0x00000132891ad000 JavaThread "WorkerExecutor Queue" [_thread_in_vm, id=5844, stack(0x0000000a4a200000,0x0000000a4a300000)]

Other Threads:
  0x00000132ff0ad800 VMThread "VM Thread" [stack: 0x0000000a48600000,0x0000000a48700000] [id=5496]
  0x00000132ffacc800 WatcherThread [stack: 0x0000000a48f00000,0x0000000a49000000] [id=3552]
  0x00000132e9468000 GCTaskThread "GC Thread#0" [stack: 0x0000000a48100000,0x0000000a48200000] [id=10512]
  0x0000013284960000 GCTaskThread "GC Thread#1" [stack: 0x0000000a49100000,0x0000000a49200000] [id=9832]
  0x00000132ffca7000 GCTaskThread "GC Thread#2" [stack: 0x0000000a49200000,0x0000000a49300000] [id=8104]
  0x00000132840da800 GCTaskThread "GC Thread#3" [stack: 0x0000000a49300000,0x0000000a49400000] [id=6760]
  0x00000132e9498800 ConcurrentGCThread "G1 Main Marker" [stack: 0x0000000a48200000,0x0000000a48300000] [id=4072]
  0x00000132e949b000 ConcurrentGCThread "G1 Conc#0" [stack: 0x0000000a48300000,0x0000000a48400000] [id=6992]
  0x00000132fef1a800 ConcurrentGCThread "G1 Refine#0" [stack: 0x0000000a48400000,0x0000000a48500000] [id=12300]
  0x00000132fef1b000 ConcurrentGCThread "G1 Young RemSet Sampling" [stack: 0x0000000a48500000,0x0000000a48600000] [id=3216]

Threads with active compile tasks:
C2 CompilerThread0    22847 9775       4       org.gradle.internal.reflect.ClassInspector::inspectClass (179 bytes)

VM state:not at safepoint (normal execution)

VM Mutex/Monitor currently owned by a thread: None

Heap address: 0x0000000080000000, size: 2048 MB, Compressed Oops mode: 32-bit
Narrow klass base: 0x0000000000000000, Narrow klass shift: 3
Compressed class space size: 1073741824 Address: 0x0000000100000000

Heap:
 garbage-first heap   total 322560K, used 152551K [0x0000000080000000, 0x0000000100000000)
  region size 1024K, 98 young (100352K), 21 survivors (21504K)
 Metaspace       used 86986K, capacity 89370K, committed 89552K, reserved 1126400K
  class space    used 11222K, capacity 12056K, committed 12132K, reserved 1048576K
Heap Regions: E=young(eden), S=young(survivor), O=old, HS=humongous(starts), HC=humongous(continues), CS=collection set, F=free, A=archive, TAMS=top-at-mark-start (previous, next)
|   0|0x0000000080000000, 0x0000000080100000, 0x0000000080100000|100%|HS|  |TAMS 0x0000000080100000, 0x0000000080000000| Complete 
|   1|0x0000000080100000, 0x0000000080200000, 0x0000000080200000|100%|HC|  |TAMS 0x0000000080200000, 0x0000000080100000| Complete 
|   2|0x0000000080200000, 0x0000000080300000, 0x0000000080300000|100%|HC|  |TAMS 0x0000000080300000, 0x0000000080200000| Complete 
|   3|0x0000000080300000, 0x0000000080400000, 0x0000000080400000|100%| O|  |TAMS 0x0000000080400000, 0x0000000080300000| Untracked 
|   4|0x0000000080400000, 0x0000000080500000, 0x0000000080500000|100%| O|  |TAMS 0x0000000080500000, 0x0000000080400000| Untracked 
|   5|0x0000000080500000, 0x0000000080600000, 0x0000000080600000|100%| O|  |TAMS 0x0000000080600000, 0x0000000080500000| Untracked 
|   6|0x0000000080600000, 0x0000000080700000, 0x0000000080700000|100%| O|  |TAMS 0x0000000080700000, 0x0000000080600000| Untracked 
|   7|0x0000000080700000, 0x0000000080800000, 0x0000000080800000|100%| O|  |TAMS 0x0000000080800000, 0x0000000080700000| Untracked 
|   8|0x0000000080800000, 0x0000000080900000, 0x0000000080900000|100%| O|  |TAMS 0x0000000080900000, 0x0000000080800000| Untracked 
|   9|0x0000000080900000, 0x0000000080a00000, 0x0000000080a00000|100%| O|  |TAMS 0x0000000080a00000, 0x0000000080900000| Untracked 
|  10|0x0000000080a00000, 0x0000000080b00000, 0x0000000080b00000|100%| O|  |TAMS 0x0000000080b00000, 0x0000000080a00000| Untracked 
|  11|0x0000000080b00000, 0x0000000080c00000, 0x0000000080c00000|100%| O|  |TAMS 0x0000000080c00000, 0x0000000080b00000| Untracked 
|  12|0x0000000080c00000, 0x0000000080d00000, 0x0000000080d00000|100%| O|  |TAMS 0x0000000080d00000, 0x0000000080c00000| Untracked 
|  13|0x0000000080d00000, 0x0000000080e00000, 0x0000000080e00000|100%| O|  |TAMS 0x0000000080e00000, 0x0000000080d00000| Untracked 
|  14|0x0000000080e00000, 0x0000000080f00000, 0x0000000080f00000|100%| O|  |TAMS 0x0000000080f00000, 0x0000000080e00000| Untracked 
|  15|0x0000000080f00000, 0x0000000081000000, 0x0000000081000000|100%| O|  |TAMS 0x0000000081000000, 0x0000000080f00000| Untracked 
|  16|0x0000000081000000, 0x0000000081100000, 0x0000000081100000|100%| O|  |TAMS 0x0000000081100000, 0x0000000081000000| Untracked 
|  17|0x0000000081100000, 0x0000000081200000, 0x0000000081200000|100%|HS|  |TAMS 0x0000000081200000, 0x0000000081100000| Complete 
|  18|0x0000000081200000, 0x0000000081300000, 0x0000000081300000|100%|HS|  |TAMS 0x0000000081300000, 0x0000000081200000| Complete 
|  19|0x0000000081300000, 0x0000000081400000, 0x0000000081400000|100%| O|  |TAMS 0x0000000081400000, 0x0000000081300000| Untracked 
|  20|0x0000000081400000, 0x0000000081500000, 0x0000000081500000|100%|HS|  |TAMS 0x0000000081500000, 0x0000000081400000| Complete 
|  21|0x0000000081500000, 0x0000000081600000, 0x0000000081600000|100%|HC|  |TAMS 0x0000000081600000, 0x0000000081500000| Complete 
|  22|0x0000000081600000, 0x0000000081700000, 0x0000000081700000|100%| O|  |TAMS 0x0000000081700000, 0x0000000081600000| Untracked 
|  23|0x0000000081700000, 0x0000000081800000, 0x0000000081800000|100%| O|  |TAMS 0x0000000081800000, 0x0000000081700000| Untracked 
|  24|0x0000000081800000, 0x0000000081900000, 0x0000000081900000|100%| O|  |TAMS 0x0000000081900000, 0x0000000081800000| Untracked 
|  25|0x0000000081900000, 0x0000000081a00000, 0x0000000081a00000|100%| O|  |TAMS 0x0000000081a00000, 0x0000000081900000| Untracked 
|  26|0x0000000081a00000, 0x0000000081b00000, 0x0000000081b00000|100%| O|  |TAMS 0x0000000081b00000, 0x0000000081a00000| Untracked 
|  27|0x0000000081b00000, 0x0000000081c00000, 0x0000000081c00000|100%| O|  |TAMS 0x0000000081c00000, 0x0000000081b00000| Untracked 
|  28|0x0000000081c00000, 0x0000000081d00000, 0x0000000081d00000|100%| O|  |TAMS 0x0000000081d00000, 0x0000000081c00000| Untracked 
|  29|0x0000000081d00000, 0x0000000081e00000, 0x0000000081e00000|100%| O|  |TAMS 0x0000000081e00000, 0x0000000081d00000| Untracked 
|  30|0x0000000081e00000, 0x0000000081f00000, 0x0000000081f00000|100%| O|  |TAMS 0x0000000081f00000, 0x0000000081e00000| Untracked 
|  31|0x0000000081f00000, 0x0000000082000000, 0x0000000082000000|100%| O|  |TAMS 0x0000000082000000, 0x0000000081f00000| Untracked 
|  32|0x0000000082000000, 0x0000000082100000, 0x0000000082100000|100%| O|  |TAMS 0x0000000082100000, 0x0000000082000000| Untracked 
|  33|0x0000000082100000, 0x0000000082200000, 0x0000000082200000|100%| O|  |TAMS 0x0000000082200000, 0x0000000082100000| Untracked 
|  34|0x0000000082200000, 0x0000000082300000, 0x0000000082300000|100%| O|  |TAMS 0x0000000082300000, 0x0000000082200000| Untracked 
|  35|0x0000000082300000, 0x0000000082400000, 0x0000000082400000|100%| O|  |TAMS 0x0000000082400000, 0x0000000082300000| Untracked 
|  36|0x0000000082400000, 0x0000000082500000, 0x0000000082500000|100%| O|  |TAMS 0x0000000082500000, 0x0000000082400000| Untracked 
|  37|0x0000000082500000, 0x0000000082600000, 0x0000000082600000|100%| O|  |TAMS 0x0000000082600000, 0x0000000082500000| Untracked 
|  38|0x0000000082600000, 0x0000000082700000, 0x0000000082700000|100%| O|  |TAMS 0x0000000082700000, 0x0000000082600000| Untracked 
|  39|0x0000000082700000, 0x0000000082800000, 0x0000000082800000|100%| O|  |TAMS 0x0000000082800000, 0x0000000082700000| Untracked 
|  40|0x0000000082800000, 0x0000000082900000, 0x0000000082900000|100%| O|  |TAMS 0x0000000082900000, 0x0000000082800000| Untracked 
|  41|0x0000000082900000, 0x0000000082a00000, 0x0000000082a00000|100%| O|  |TAMS 0x0000000082a00000, 0x0000000082900000| Untracked 
|  42|0x0000000082a00000, 0x0000000082b00000, 0x0000000082b00000|100%| O|  |TAMS 0x0000000082b00000, 0x0000000082a00000| Untracked 
|  43|0x0000000082b00000, 0x0000000082c00000, 0x0000000082c00000|100%| O|  |TAMS 0x0000000082c00000, 0x0000000082b00000| Untracked 
|  44|0x0000000082c00000, 0x0000000082d00000, 0x0000000082d00000|100%| O|  |TAMS 0x0000000082d00000, 0x0000000082c00000| Untracked 
|  45|0x0000000082d00000, 0x0000000082e00000, 0x0000000082e00000|100%| O|  |TAMS 0x0000000082e00000, 0x0000000082d00000| Untracked 
|  46|0x0000000082e00000, 0x0000000082f00000, 0x0000000082f00000|100%| O|  |TAMS 0x0000000082f00000, 0x0000000082e00000| Untracked 
|  47|0x0000000082f00000, 0x0000000083000000, 0x0000000083000000|100%| O|  |TAMS 0x0000000083000000, 0x0000000082f00000| Untracked 
|  48|0x0000000083000000, 0x0000000083100000, 0x0000000083100000|100%| O|  |TAMS 0x0000000083100000, 0x0000000083000000| Untracked 
|  49|0x0000000083100000, 0x0000000083200000, 0x0000000083200000|100%| O|  |TAMS 0x0000000083200000, 0x0000000083100000| Untracked 
|  50|0x0000000083200000, 0x0000000083300000, 0x0000000083300000|100%| O|  |TAMS 0x0000000083300000, 0x0000000083200000| Untracked 
|  51|0x0000000083300000, 0x0000000083400000, 0x0000000083400000|100%| O|  |TAMS 0x0000000083400000, 0x0000000083300000| Untracked 
|  52|0x0000000083400000, 0x00000000834f9e00, 0x0000000083500000| 97%| O|  |TAMS 0x00000000834f9e00, 0x0000000083400000| Untracked 
|  53|0x0000000083500000, 0x0000000083500000, 0x0000000083600000|  0%| F|  |TAMS 0x0000000083500000, 0x0000000083500000| Untracked 
|  54|0x0000000083600000, 0x0000000083600000, 0x0000000083700000|  0%| F|  |TAMS 0x0000000083600000, 0x0000000083600000| Untracked 
|  55|0x0000000083700000, 0x0000000083700000, 0x0000000083800000|  0%| F|  |TAMS 0x0000000083700000, 0x0000000083700000| Untracked 
|  56|0x0000000083800000, 0x0000000083800000, 0x0000000083900000|  0%| F|  |TAMS 0x0000000083800000, 0x0000000083800000| Untracked 
|  57|0x0000000083900000, 0x0000000083900000, 0x0000000083a00000|  0%| F|  |TAMS 0x0000000083900000, 0x0000000083900000| Untracked 
|  58|0x0000000083a00000, 0x0000000083a00000, 0x0000000083b00000|  0%| F|  |TAMS 0x0000000083a00000, 0x0000000083a00000| Untracked 
|  59|0x0000000083b00000, 0x0000000083b00000, 0x0000000083c00000|  0%| F|  |TAMS 0x0000000083b00000, 0x0000000083b00000| Untracked 
|  60|0x0000000083c00000, 0x0000000083c00000, 0x0000000083d00000|  0%| F|  |TAMS 0x0000000083c00000, 0x0000000083c00000| Untracked 
|  61|0x0000000083d00000, 0x0000000083d00000, 0x0000000083e00000|  0%| F|  |TAMS 0x0000000083d00000, 0x0000000083d00000| Untracked 
|  62|0x0000000083e00000, 0x0000000083e00000, 0x0000000083f00000|  0%| F|  |TAMS 0x0000000083e00000, 0x0000000083e00000| Untracked 
|  63|0x0000000083f00000, 0x0000000083f00000, 0x0000000084000000|  0%| F|  |TAMS 0x0000000083f00000, 0x0000000083f00000| Untracked 
|  64|0x0000000084000000, 0x0000000084000000, 0x0000000084100000|  0%| F|  |TAMS 0x0000000084000000, 0x0000000084000000| Untracked 
|  65|0x0000000084100000, 0x0000000084100000, 0x0000000084200000|  0%| F|  |TAMS 0x0000000084100000, 0x0000000084100000| Untracked 
|  66|0x0000000084200000, 0x0000000084200000, 0x0000000084300000|  0%| F|  |TAMS 0x0000000084200000, 0x0000000084200000| Untracked 
|  67|0x0000000084300000, 0x0000000084300000, 0x0000000084400000|  0%| F|  |TAMS 0x0000000084300000, 0x0000000084300000| Untracked 
|  68|0x0000000084400000, 0x0000000084400000, 0x0000000084500000|  0%| F|  |TAMS 0x0000000084400000, 0x0000000084400000| Untracked 
|  69|0x0000000084500000, 0x0000000084500000, 0x0000000084600000|  0%| F|  |TAMS 0x0000000084500000, 0x0000000084500000| Untracked 
|  70|0x0000000084600000, 0x0000000084600000, 0x0000000084700000|  0%| F|  |TAMS 0x0000000084600000, 0x0000000084600000| Untracked 
|  71|0x0000000084700000, 0x0000000084700000, 0x0000000084800000|  0%| F|  |TAMS 0x0000000084700000, 0x0000000084700000| Untracked 
|  72|0x0000000084800000, 0x0000000084800000, 0x0000000084900000|  0%| F|  |TAMS 0x0000000084800000, 0x0000000084800000| Untracked 
|  73|0x0000000084900000, 0x0000000084900000, 0x0000000084a00000|  0%| F|  |TAMS 0x0000000084900000, 0x0000000084900000| Untracked 
|  74|0x0000000084a00000, 0x0000000084a00000, 0x0000000084b00000|  0%| F|  |TAMS 0x0000000084a00000, 0x0000000084a00000| Untracked 
|  75|0x0000000084b00000, 0x0000000084b00000, 0x0000000084c00000|  0%| F|  |TAMS 0x0000000084b00000, 0x0000000084b00000| Untracked 
|  76|0x0000000084c00000, 0x0000000084c00000, 0x0000000084d00000|  0%| F|  |TAMS 0x0000000084c00000, 0x0000000084c00000| Untracked 
|  77|0x0000000084d00000, 0x0000000084d00000, 0x0000000084e00000|  0%| F|  |TAMS 0x0000000084d00000, 0x0000000084d00000| Untracked 
|  78|0x0000000084e00000, 0x0000000084e00000, 0x0000000084f00000|  0%| F|  |TAMS 0x0000000084e00000, 0x0000000084e00000| Untracked 
|  79|0x0000000084f00000, 0x0000000084f00000, 0x0000000085000000|  0%| F|  |TAMS 0x0000000084f00000, 0x0000000084f00000| Untracked 
|  80|0x0000000085000000, 0x0000000085000000, 0x0000000085100000|  0%| F|  |TAMS 0x0000000085000000, 0x0000000085000000| Untracked 
|  81|0x0000000085100000, 0x0000000085100000, 0x0000000085200000|  0%| F|  |TAMS 0x0000000085100000, 0x0000000085100000| Untracked 
|  82|0x0000000085200000, 0x0000000085200000, 0x0000000085300000|  0%| F|  |TAMS 0x0000000085200000, 0x0000000085200000| Untracked 
|  83|0x0000000085300000, 0x0000000085300000, 0x0000000085400000|  0%| F|  |TAMS 0x0000000085300000, 0x0000000085300000| Untracked 
|  84|0x0000000085400000, 0x0000000085400000, 0x0000000085500000|  0%| F|  |TAMS 0x0000000085400000, 0x0000000085400000| Untracked 
|  85|0x0000000085500000, 0x0000000085500000, 0x0000000085600000|  0%| F|  |TAMS 0x0000000085500000, 0x0000000085500000| Untracked 
|  86|0x0000000085600000, 0x0000000085600000, 0x0000000085700000|  0%| F|  |TAMS 0x0000000085600000, 0x0000000085600000| Untracked 
|  87|0x0000000085700000, 0x0000000085700000, 0x0000000085800000|  0%| F|  |TAMS 0x0000000085700000, 0x0000000085700000| Untracked 
|  88|0x0000000085800000, 0x0000000085800000, 0x0000000085900000|  0%| F|  |TAMS 0x0000000085800000, 0x0000000085800000| Untracked 
|  89|0x0000000085900000, 0x0000000085900000, 0x0000000085a00000|  0%| F|  |TAMS 0x0000000085900000, 0x0000000085900000| Untracked 
|  90|0x0000000085a00000, 0x0000000085a00000, 0x0000000085b00000|  0%| F|  |TAMS 0x0000000085a00000, 0x0000000085a00000| Untracked 
|  91|0x0000000085b00000, 0x0000000085b00000, 0x0000000085c00000|  0%| F|  |TAMS 0x0000000085b00000, 0x0000000085b00000| Untracked 
|  92|0x0000000085c00000, 0x0000000085c00000, 0x0000000085d00000|  0%| F|  |TAMS 0x0000000085c00000, 0x0000000085c00000| Untracked 
|  93|0x0000000085d00000, 0x0000000085d00000, 0x0000000085e00000|  0%| F|  |TAMS 0x0000000085d00000, 0x0000000085d00000| Untracked 
|  94|0x0000000085e00000, 0x0000000085e00000, 0x0000000085f00000|  0%| F|  |TAMS 0x0000000085e00000, 0x0000000085e00000| Untracked 
|  95|0x0000000085f00000, 0x0000000085f00000, 0x0000000086000000|  0%| F|  |TAMS 0x0000000085f00000, 0x0000000085f00000| Untracked 
|  96|0x0000000086000000, 0x0000000086000000, 0x0000000086100000|  0%| F|  |TAMS 0x0000000086000000, 0x0000000086000000| Untracked 
|  97|0x0000000086100000, 0x0000000086100000, 0x0000000086200000|  0%| F|  |TAMS 0x0000000086100000, 0x0000000086100000| Untracked 
|  98|0x0000000086200000, 0x0000000086200000, 0x0000000086300000|  0%| F|  |TAMS 0x0000000086200000, 0x0000000086200000| Untracked 
|  99|0x0000000086300000, 0x0000000086300000, 0x0000000086400000|  0%| F|  |TAMS 0x0000000086300000, 0x0000000086300000| Untracked 
| 100|0x0000000086400000, 0x0000000086400000, 0x0000000086500000|  0%| F|  |TAMS 0x0000000086400000, 0x0000000086400000| Untracked 
| 101|0x0000000086500000, 0x0000000086500000, 0x0000000086600000|  0%| F|  |TAMS 0x0000000086500000, 0x0000000086500000| Untracked 
| 102|0x0000000086600000, 0x0000000086600000, 0x0000000086700000|  0%| F|  |TAMS 0x0000000086600000, 0x0000000086600000| Untracked 
| 103|0x0000000086700000, 0x0000000086700000, 0x0000000086800000|  0%| F|  |TAMS 0x0000000086700000, 0x0000000086700000| Untracked 
| 104|0x0000000086800000, 0x0000000086800000, 0x0000000086900000|  0%| F|  |TAMS 0x0000000086800000, 0x0000000086800000| Untracked 
| 105|0x0000000086900000, 0x0000000086900000, 0x0000000086a00000|  0%| F|  |TAMS 0x0000000086900000, 0x0000000086900000| Untracked 
| 106|0x0000000086a00000, 0x0000000086a00000, 0x0000000086b00000|  0%| F|  |TAMS 0x0000000086a00000, 0x0000000086a00000| Untracked 
| 107|0x0000000086b00000, 0x0000000086b00000, 0x0000000086c00000|  0%| F|  |TAMS 0x0000000086b00000, 0x0000000086b00000| Untracked 
| 108|0x0000000086c00000, 0x0000000086c00000, 0x0000000086d00000|  0%| F|  |TAMS 0x0000000086c00000, 0x0000000086c00000| Untracked 
| 109|0x0000000086d00000, 0x0000000086d00000, 0x0000000086e00000|  0%| F|  |TAMS 0x0000000086d00000, 0x0000000086d00000| Untracked 
| 110|0x0000000086e00000, 0x0000000086e00000, 0x0000000086f00000|  0%| F|  |TAMS 0x0000000086e00000, 0x0000000086e00000| Untracked 
| 111|0x0000000086f00000, 0x0000000086f00000, 0x0000000087000000|  0%| F|  |TAMS 0x0000000086f00000, 0x0000000086f00000| Untracked 
| 112|0x0000000087000000, 0x0000000087000000, 0x0000000087100000|  0%| F|  |TAMS 0x0000000087000000, 0x0000000087000000| Untracked 
| 113|0x0000000087100000, 0x0000000087100000, 0x0000000087200000|  0%| F|  |TAMS 0x0000000087100000, 0x0000000087100000| Untracked 
| 114|0x0000000087200000, 0x0000000087200000, 0x0000000087300000|  0%| F|  |TAMS 0x0000000087200000, 0x0000000087200000| Untracked 
| 115|0x0000000087300000, 0x0000000087300000, 0x0000000087400000|  0%| F|  |TAMS 0x0000000087300000, 0x0000000087300000| Untracked 
| 116|0x0000000087400000, 0x0000000087400000, 0x0000000087500000|  0%| F|  |TAMS 0x0000000087400000, 0x0000000087400000| Untracked 
| 117|0x0000000087500000, 0x0000000087500000, 0x0000000087600000|  0%| F|  |TAMS 0x0000000087500000, 0x0000000087500000| Untracked 
| 118|0x0000000087600000, 0x0000000087600000, 0x0000000087700000|  0%| F|  |TAMS 0x0000000087600000, 0x0000000087600000| Untracked 
| 119|0x0000000087700000, 0x0000000087700000, 0x0000000087800000|  0%| F|  |TAMS 0x0000000087700000, 0x0000000087700000| Untracked 
| 120|0x0000000087800000, 0x0000000087800000, 0x0000000087900000|  0%| F|  |TAMS 0x0000000087800000, 0x0000000087800000| Untracked 
| 121|0x0000000087900000, 0x0000000087900000, 0x0000000087a00000|  0%| F|  |TAMS 0x0000000087900000, 0x0000000087900000| Untracked 
| 122|0x0000000087a00000, 0x0000000087a00000, 0x0000000087b00000|  0%| F|  |TAMS 0x0000000087a00000, 0x0000000087a00000| Untracked 
| 123|0x0000000087b00000, 0x0000000087b00000, 0x0000000087c00000|  0%| F|  |TAMS 0x0000000087b00000, 0x0000000087b00000| Untracked 
| 124|0x0000000087c00000, 0x0000000087c00000, 0x0000000087d00000|  0%| F|  |TAMS 0x0000000087c00000, 0x0000000087c00000| Untracked 
| 125|0x0000000087d00000, 0x0000000087d00000, 0x0000000087e00000|  0%| F|  |TAMS 0x0000000087d00000, 0x0000000087d00000| Untracked 
| 126|0x0000000087e00000, 0x0000000087e00000, 0x0000000087f00000|  0%| F|  |TAMS 0x0000000087e00000, 0x0000000087e00000| Untracked 
| 127|0x0000000087f00000, 0x0000000087f00000, 0x0000000088000000|  0%| F|  |TAMS 0x0000000087f00000, 0x0000000087f00000| Untracked 
| 128|0x0000000088000000, 0x0000000088000000, 0x0000000088100000|  0%| F|  |TAMS 0x0000000088000000, 0x0000000088000000| Untracked 
| 129|0x0000000088100000, 0x0000000088200000, 0x0000000088200000|100%| S|CS|TAMS 0x0000000088100000, 0x0000000088100000| Complete 
| 130|0x0000000088200000, 0x0000000088300000, 0x0000000088300000|100%| S|CS|TAMS 0x0000000088200000, 0x0000000088200000| Complete 
| 131|0x0000000088300000, 0x0000000088400000, 0x0000000088400000|100%| S|CS|TAMS 0x0000000088300000, 0x0000000088300000| Complete 
| 132|0x0000000088400000, 0x0000000088500000, 0x0000000088500000|100%| S|CS|TAMS 0x0000000088400000, 0x0000000088400000| Complete 
| 133|0x0000000088500000, 0x0000000088600000, 0x0000000088600000|100%| S|CS|TAMS 0x0000000088500000, 0x0000000088500000| Complete 
| 134|0x0000000088600000, 0x0000000088700000, 0x0000000088700000|100%| S|CS|TAMS 0x0000000088600000, 0x0000000088600000| Complete 
| 135|0x0000000088700000, 0x0000000088800000, 0x0000000088800000|100%| S|CS|TAMS 0x0000000088700000, 0x0000000088700000| Complete 
| 136|0x0000000088800000, 0x0000000088900000, 0x0000000088900000|100%| S|CS|TAMS 0x0000000088800000, 0x0000000088800000| Complete 
| 137|0x0000000088900000, 0x0000000088a00000, 0x0000000088a00000|100%| S|CS|TAMS 0x0000000088900000, 0x0000000088900000| Complete 
| 138|0x0000000088a00000, 0x0000000088b00000, 0x0000000088b00000|100%| S|CS|TAMS 0x0000000088a00000, 0x0000000088a00000| Complete 
| 139|0x0000000088b00000, 0x0000000088c00000, 0x0000000088c00000|100%| S|CS|TAMS 0x0000000088b00000, 0x0000000088b00000| Complete 
| 140|0x0000000088c00000, 0x0000000088d00000, 0x0000000088d00000|100%| S|CS|TAMS 0x0000000088c00000, 0x0000000088c00000| Complete 
| 141|0x0000000088d00000, 0x0000000088e00000, 0x0000000088e00000|100%| S|CS|TAMS 0x0000000088d00000, 0x0000000088d00000| Complete 
| 142|0x0000000088e00000, 0x0000000088f00000, 0x0000000088f00000|100%| S|CS|TAMS 0x0000000088e00000, 0x0000000088e00000| Complete 
| 143|0x0000000088f00000, 0x0000000089000000, 0x0000000089000000|100%| S|CS|TAMS 0x0000000088f00000, 0x0000000088f00000| Complete 
| 144|0x0000000089000000, 0x0000000089100000, 0x0000000089100000|100%| S|CS|TAMS 0x0000000089000000, 0x0000000089000000| Complete 
| 145|0x0000000089100000, 0x0000000089200000, 0x0000000089200000|100%| S|CS|TAMS 0x0000000089100000, 0x0000000089100000| Complete 
| 146|0x0000000089200000, 0x0000000089300000, 0x0000000089300000|100%| S|CS|TAMS 0x0000000089200000, 0x0000000089200000| Complete 
| 147|0x0000000089300000, 0x0000000089400000, 0x0000000089400000|100%| S|CS|TAMS 0x0000000089300000, 0x0000000089300000| Complete 
| 148|0x0000000089400000, 0x0000000089500000, 0x0000000089500000|100%| S|CS|TAMS 0x0000000089400000, 0x0000000089400000| Complete 
| 149|0x0000000089500000, 0x0000000089600000, 0x0000000089600000|100%| S|CS|TAMS 0x0000000089500000, 0x0000000089500000| Complete 
| 150|0x0000000089600000, 0x0000000089600000, 0x0000000089700000|  0%| F|  |TAMS 0x0000000089600000, 0x0000000089600000| Untracked 
| 151|0x0000000089700000, 0x0000000089700000, 0x0000000089800000|  0%| F|  |TAMS 0x0000000089700000, 0x0000000089700000| Untracked 
| 152|0x0000000089800000, 0x0000000089800000, 0x0000000089900000|  0%| F|  |TAMS 0x0000000089800000, 0x0000000089800000| Untracked 
| 153|0x0000000089900000, 0x0000000089900000, 0x0000000089a00000|  0%| F|  |TAMS 0x0000000089900000, 0x0000000089900000| Untracked 
| 154|0x0000000089a00000, 0x0000000089a00000, 0x0000000089b00000|  0%| F|  |TAMS 0x0000000089a00000, 0x0000000089a00000| Untracked 
| 155|0x0000000089b00000, 0x0000000089b00000, 0x0000000089c00000|  0%| F|  |TAMS 0x0000000089b00000, 0x0000000089b00000| Untracked 
| 156|0x0000000089c00000, 0x0000000089c00000, 0x0000000089d00000|  0%| F|  |TAMS 0x0000000089c00000, 0x0000000089c00000| Untracked 
| 157|0x0000000089d00000, 0x0000000089d00000, 0x0000000089e00000|  0%| F|  |TAMS 0x0000000089d00000, 0x0000000089d00000| Untracked 
| 158|0x0000000089e00000, 0x0000000089e00000, 0x0000000089f00000|  0%| F|  |TAMS 0x0000000089e00000, 0x0000000089e00000| Untracked 
| 159|0x0000000089f00000, 0x0000000089f00000, 0x000000008a000000|  0%| F|  |TAMS 0x0000000089f00000, 0x0000000089f00000| Untracked 
| 160|0x000000008a000000, 0x000000008a000000, 0x000000008a100000|  0%| F|  |TAMS 0x000000008a000000, 0x000000008a000000| Untracked 
| 161|0x000000008a100000, 0x000000008a100000, 0x000000008a200000|  0%| F|  |TAMS 0x000000008a100000, 0x000000008a100000| Untracked 
| 162|0x000000008a200000, 0x000000008a200000, 0x000000008a300000|  0%| F|  |TAMS 0x000000008a200000, 0x000000008a200000| Untracked 
| 163|0x000000008a300000, 0x000000008a300000, 0x000000008a400000|  0%| F|  |TAMS 0x000000008a300000, 0x000000008a300000| Untracked 
| 164|0x000000008a400000, 0x000000008a400000, 0x000000008a500000|  0%| F|  |TAMS 0x000000008a400000, 0x000000008a400000| Untracked 
| 165|0x000000008a500000, 0x000000008a500000, 0x000000008a600000|  0%| F|  |TAMS 0x000000008a500000, 0x000000008a500000| Untracked 
| 166|0x000000008a600000, 0x000000008a600000, 0x000000008a700000|  0%| F|  |TAMS 0x000000008a600000, 0x000000008a600000| Untracked 
| 167|0x000000008a700000, 0x000000008a700000, 0x000000008a800000|  0%| F|  |TAMS 0x000000008a700000, 0x000000008a700000| Untracked 
| 168|0x000000008a800000, 0x000000008a800000, 0x000000008a900000|  0%| F|  |TAMS 0x000000008a800000, 0x000000008a800000| Untracked 
| 169|0x000000008a900000, 0x000000008a900000, 0x000000008aa00000|  0%| F|  |TAMS 0x000000008a900000, 0x000000008a900000| Untracked 
| 170|0x000000008aa00000, 0x000000008aa00000, 0x000000008ab00000|  0%| F|  |TAMS 0x000000008aa00000, 0x000000008aa00000| Untracked 
| 171|0x000000008ab00000, 0x000000008ab00000, 0x000000008ac00000|  0%| F|  |TAMS 0x000000008ab00000, 0x000000008ab00000| Untracked 
| 172|0x000000008ac00000, 0x000000008ac00000, 0x000000008ad00000|  0%| F|  |TAMS 0x000000008ac00000, 0x000000008ac00000| Untracked 
| 173|0x000000008ad00000, 0x000000008ad00000, 0x000000008ae00000|  0%| F|  |TAMS 0x000000008ad00000, 0x000000008ad00000| Untracked 
| 174|0x000000008ae00000, 0x000000008ae00000, 0x000000008af00000|  0%| F|  |TAMS 0x000000008ae00000, 0x000000008ae00000| Untracked 
| 175|0x000000008af00000, 0x000000008af00000, 0x000000008b000000|  0%| F|  |TAMS 0x000000008af00000, 0x000000008af00000| Untracked 
| 176|0x000000008b000000, 0x000000008b000000, 0x000000008b100000|  0%| F|  |TAMS 0x000000008b000000, 0x000000008b000000| Untracked 
| 177|0x000000008b100000, 0x000000008b100000, 0x000000008b200000|  0%| F|  |TAMS 0x000000008b100000, 0x000000008b100000| Untracked 
| 178|0x000000008b200000, 0x000000008b200000, 0x000000008b300000|  0%| F|  |TAMS 0x000000008b200000, 0x000000008b200000| Untracked 
| 179|0x000000008b300000, 0x000000008b300000, 0x000000008b400000|  0%| F|  |TAMS 0x000000008b300000, 0x000000008b300000| Untracked 
| 180|0x000000008b400000, 0x000000008b400000, 0x000000008b500000|  0%| F|  |TAMS 0x000000008b400000, 0x000000008b400000| Untracked 
| 181|0x000000008b500000, 0x000000008b500000, 0x000000008b600000|  0%| F|  |TAMS 0x000000008b500000, 0x000000008b500000| Untracked 
| 182|0x000000008b600000, 0x000000008b600000, 0x000000008b700000|  0%| F|  |TAMS 0x000000008b600000, 0x000000008b600000| Untracked 
| 183|0x000000008b700000, 0x000000008b700000, 0x000000008b800000|  0%| F|  |TAMS 0x000000008b700000, 0x000000008b700000| Untracked 
| 184|0x000000008b800000, 0x000000008b800000, 0x000000008b900000|  0%| F|  |TAMS 0x000000008b800000, 0x000000008b800000| Untracked 
| 185|0x000000008b900000, 0x000000008b900000, 0x000000008ba00000|  0%| F|  |TAMS 0x000000008b900000, 0x000000008b900000| Untracked 
| 186|0x000000008ba00000, 0x000000008ba00000, 0x000000008bb00000|  0%| F|  |TAMS 0x000000008ba00000, 0x000000008ba00000| Untracked 
| 187|0x000000008bb00000, 0x000000008bb00000, 0x000000008bc00000|  0%| F|  |TAMS 0x000000008bb00000, 0x000000008bb00000| Untracked 
| 188|0x000000008bc00000, 0x000000008bc00000, 0x000000008bd00000|  0%| F|  |TAMS 0x000000008bc00000, 0x000000008bc00000| Untracked 
| 189|0x000000008bd00000, 0x000000008bd00000, 0x000000008be00000|  0%| F|  |TAMS 0x000000008bd00000, 0x000000008bd00000| Untracked 
| 190|0x000000008be00000, 0x000000008be00000, 0x000000008bf00000|  0%| F|  |TAMS 0x000000008be00000, 0x000000008be00000| Untracked 
| 191|0x000000008bf00000, 0x000000008bf00000, 0x000000008c000000|  0%| F|  |TAMS 0x000000008bf00000, 0x000000008bf00000| Untracked 
| 192|0x000000008c000000, 0x000000008c000000, 0x000000008c100000|  0%| F|  |TAMS 0x000000008c000000, 0x000000008c000000| Untracked 
| 193|0x000000008c100000, 0x000000008c100000, 0x000000008c200000|  0%| F|  |TAMS 0x000000008c100000, 0x000000008c100000| Untracked 
| 194|0x000000008c200000, 0x000000008c200000, 0x000000008c300000|  0%| F|  |TAMS 0x000000008c200000, 0x000000008c200000| Untracked 
| 195|0x000000008c300000, 0x000000008c300000, 0x000000008c400000|  0%| F|  |TAMS 0x000000008c300000, 0x000000008c300000| Untracked 
| 196|0x000000008c400000, 0x000000008c400000, 0x000000008c500000|  0%| F|  |TAMS 0x000000008c400000, 0x000000008c400000| Untracked 
| 197|0x000000008c500000, 0x000000008c500000, 0x000000008c600000|  0%| F|  |TAMS 0x000000008c500000, 0x000000008c500000| Untracked 
| 198|0x000000008c600000, 0x000000008c600000, 0x000000008c700000|  0%| F|  |TAMS 0x000000008c600000, 0x000000008c600000| Untracked 
| 199|0x000000008c700000, 0x000000008c700000, 0x000000008c800000|  0%| F|  |TAMS 0x000000008c700000, 0x000000008c700000| Untracked 
| 200|0x000000008c800000, 0x000000008c800000, 0x000000008c900000|  0%| F|  |TAMS 0x000000008c800000, 0x000000008c800000| Untracked 
| 201|0x000000008c900000, 0x000000008c900000, 0x000000008ca00000|  0%| F|  |TAMS 0x000000008c900000, 0x000000008c900000| Untracked 
| 202|0x000000008ca00000, 0x000000008ca00000, 0x000000008cb00000|  0%| F|  |TAMS 0x000000008ca00000, 0x000000008ca00000| Untracked 
| 203|0x000000008cb00000, 0x000000008cb00000, 0x000000008cc00000|  0%| F|  |TAMS 0x000000008cb00000, 0x000000008cb00000| Untracked 
| 204|0x000000008cc00000, 0x000000008cc00000, 0x000000008cd00000|  0%| F|  |TAMS 0x000000008cc00000, 0x000000008cc00000| Untracked 
| 205|0x000000008cd00000, 0x000000008cd00000, 0x000000008ce00000|  0%| F|  |TAMS 0x000000008cd00000, 0x000000008cd00000| Untracked 
| 206|0x000000008ce00000, 0x000000008ce00000, 0x000000008cf00000|  0%| F|  |TAMS 0x000000008ce00000, 0x000000008ce00000| Untracked 
| 207|0x000000008cf00000, 0x000000008cf00000, 0x000000008d000000|  0%| F|  |TAMS 0x000000008cf00000, 0x000000008cf00000| Untracked 
| 208|0x000000008d000000, 0x000000008d000000, 0x000000008d100000|  0%| F|  |TAMS 0x000000008d000000, 0x000000008d000000| Untracked 
| 209|0x000000008d100000, 0x000000008d100000, 0x000000008d200000|  0%| F|  |TAMS 0x000000008d100000, 0x000000008d100000| Untracked 
| 210|0x000000008d200000, 0x000000008d200000, 0x000000008d300000|  0%| F|  |TAMS 0x000000008d200000, 0x000000008d200000| Untracked 
| 211|0x000000008d300000, 0x000000008d300000, 0x000000008d400000|  0%| F|  |TAMS 0x000000008d300000, 0x000000008d300000| Untracked 
| 212|0x000000008d400000, 0x000000008d400000, 0x000000008d500000|  0%| F|  |TAMS 0x000000008d400000, 0x000000008d400000| Untracked 
| 213|0x000000008d500000, 0x000000008d500000, 0x000000008d600000|  0%| F|  |TAMS 0x000000008d500000, 0x000000008d500000| Untracked 
| 214|0x000000008d600000, 0x000000008d600000, 0x000000008d700000|  0%| F|  |TAMS 0x000000008d600000, 0x000000008d600000| Untracked 
| 215|0x000000008d700000, 0x000000008d700000, 0x000000008d800000|  0%| F|  |TAMS 0x000000008d700000, 0x000000008d700000| Untracked 
| 216|0x000000008d800000, 0x000000008d800000, 0x000000008d900000|  0%| F|  |TAMS 0x000000008d800000, 0x000000008d800000| Untracked 
| 217|0x000000008d900000, 0x000000008d900000, 0x000000008da00000|  0%| F|  |TAMS 0x000000008d900000, 0x000000008d900000| Untracked 
| 218|0x000000008da00000, 0x000000008da00000, 0x000000008db00000|  0%| F|  |TAMS 0x000000008da00000, 0x000000008da00000| Untracked 
| 219|0x000000008db00000, 0x000000008db00000, 0x000000008dc00000|  0%| F|  |TAMS 0x000000008db00000, 0x000000008db00000| Untracked 
| 220|0x000000008dc00000, 0x000000008dc00000, 0x000000008dd00000|  0%| F|  |TAMS 0x000000008dc00000, 0x000000008dc00000| Untracked 
| 221|0x000000008dd00000, 0x000000008dd00000, 0x000000008de00000|  0%| F|  |TAMS 0x000000008dd00000, 0x000000008dd00000| Untracked 
| 222|0x000000008de00000, 0x000000008de00000, 0x000000008df00000|  0%| F|  |TAMS 0x000000008de00000, 0x000000008de00000| Untracked 
| 223|0x000000008df00000, 0x000000008df00000, 0x000000008e000000|  0%| F|  |TAMS 0x000000008df00000, 0x000000008df00000| Untracked 
| 224|0x000000008e000000, 0x000000008e000000, 0x000000008e100000|  0%| F|  |TAMS 0x000000008e000000, 0x000000008e000000| Untracked 
| 225|0x000000008e100000, 0x000000008e100000, 0x000000008e200000|  0%| F|  |TAMS 0x000000008e100000, 0x000000008e100000| Untracked 
| 226|0x000000008e200000, 0x000000008e200000, 0x000000008e300000|  0%| F|  |TAMS 0x000000008e200000, 0x000000008e200000| Untracked 
| 227|0x000000008e300000, 0x000000008e300000, 0x000000008e400000|  0%| F|  |TAMS 0x000000008e300000, 0x000000008e300000| Untracked 
| 228|0x000000008e400000, 0x000000008e400000, 0x000000008e500000|  0%| F|  |TAMS 0x000000008e400000, 0x000000008e400000| Untracked 
| 229|0x000000008e500000, 0x000000008e500000, 0x000000008e600000|  0%| F|  |TAMS 0x000000008e500000, 0x000000008e500000| Untracked 
| 230|0x000000008e600000, 0x000000008e600000, 0x000000008e700000|  0%| F|  |TAMS 0x000000008e600000, 0x000000008e600000| Untracked 
| 231|0x000000008e700000, 0x000000008e700000, 0x000000008e800000|  0%| F|  |TAMS 0x000000008e700000, 0x000000008e700000| Untracked 
| 232|0x000000008e800000, 0x000000008e800000, 0x000000008e900000|  0%| F|  |TAMS 0x000000008e800000, 0x000000008e800000| Untracked 
| 233|0x000000008e900000, 0x000000008e900000, 0x000000008ea00000|  0%| F|  |TAMS 0x000000008e900000, 0x000000008e900000| Untracked 
| 234|0x000000008ea00000, 0x000000008ea00000, 0x000000008eb00000|  0%| F|  |TAMS 0x000000008ea00000, 0x000000008ea00000| Untracked 
| 235|0x000000008eb00000, 0x000000008eb00000, 0x000000008ec00000|  0%| F|  |TAMS 0x000000008eb00000, 0x000000008eb00000| Untracked 
| 236|0x000000008ec00000, 0x000000008ec00000, 0x000000008ed00000|  0%| F|  |TAMS 0x000000008ec00000, 0x000000008ec00000| Untracked 
| 237|0x000000008ed00000, 0x000000008ed8f2e0, 0x000000008ee00000| 55%| E|  |TAMS 0x000000008ed00000, 0x000000008ed00000| Complete 
| 238|0x000000008ee00000, 0x000000008ef00000, 0x000000008ef00000|100%| E|CS|TAMS 0x000000008ee00000, 0x000000008ee00000| Complete 
| 239|0x000000008ef00000, 0x000000008f000000, 0x000000008f000000|100%| E|CS|TAMS 0x000000008ef00000, 0x000000008ef00000| Complete 
| 240|0x000000008f000000, 0x000000008f100000, 0x000000008f100000|100%| E|CS|TAMS 0x000000008f000000, 0x000000008f000000| Complete 
| 241|0x000000008f100000, 0x000000008f200000, 0x000000008f200000|100%| E|CS|TAMS 0x000000008f100000, 0x000000008f100000| Complete 
| 242|0x000000008f200000, 0x000000008f300000, 0x000000008f300000|100%| E|CS|TAMS 0x000000008f200000, 0x000000008f200000| Complete 
| 243|0x000000008f300000, 0x000000008f400000, 0x000000008f400000|100%| E|CS|TAMS 0x000000008f300000, 0x000000008f300000| Complete 
| 244|0x000000008f400000, 0x000000008f500000, 0x000000008f500000|100%| E|CS|TAMS 0x000000008f400000, 0x000000008f400000| Complete 
| 245|0x000000008f500000, 0x000000008f600000, 0x000000008f600000|100%| E|CS|TAMS 0x000000008f500000, 0x000000008f500000| Complete 
| 246|0x000000008f600000, 0x000000008f700000, 0x000000008f700000|100%| E|CS|TAMS 0x000000008f600000, 0x000000008f600000| Complete 
| 247|0x000000008f700000, 0x000000008f800000, 0x000000008f800000|100%| E|CS|TAMS 0x000000008f700000, 0x000000008f700000| Complete 
| 248|0x000000008f800000, 0x000000008f900000, 0x000000008f900000|100%| E|CS|TAMS 0x000000008f800000, 0x000000008f800000| Complete 
| 249|0x000000008f900000, 0x000000008fa00000, 0x000000008fa00000|100%| E|CS|TAMS 0x000000008f900000, 0x000000008f900000| Complete 
| 250|0x000000008fa00000, 0x000000008fb00000, 0x000000008fb00000|100%| E|CS|TAMS 0x000000008fa00000, 0x000000008fa00000| Complete 
| 251|0x000000008fb00000, 0x000000008fc00000, 0x000000008fc00000|100%| E|CS|TAMS 0x000000008fb00000, 0x000000008fb00000| Complete 
| 252|0x000000008fc00000, 0x000000008fd00000, 0x000000008fd00000|100%| E|CS|TAMS 0x000000008fc00000, 0x000000008fc00000| Complete 
| 253|0x000000008fd00000, 0x000000008fe00000, 0x000000008fe00000|100%| E|CS|TAMS 0x000000008fd00000, 0x000000008fd00000| Complete 
| 254|0x000000008fe00000, 0x000000008ff00000, 0x000000008ff00000|100%| E|CS|TAMS 0x000000008fe00000, 0x000000008fe00000| Complete 
| 255|0x000000008ff00000, 0x0000000090000000, 0x0000000090000000|100%| E|CS|TAMS 0x000000008ff00000, 0x000000008ff00000| Complete 
| 256|0x0000000090000000, 0x0000000090100000, 0x0000000090100000|100%| E|CS|TAMS 0x0000000090000000, 0x0000000090000000| Complete 
| 257|0x0000000090100000, 0x0000000090200000, 0x0000000090200000|100%| E|CS|TAMS 0x0000000090100000, 0x0000000090100000| Complete 
| 258|0x0000000090200000, 0x0000000090300000, 0x0000000090300000|100%| E|CS|TAMS 0x0000000090200000, 0x0000000090200000| Complete 
| 259|0x0000000090300000, 0x0000000090400000, 0x0000000090400000|100%| E|CS|TAMS 0x0000000090300000, 0x0000000090300000| Complete 
| 260|0x0000000090400000, 0x0000000090500000, 0x0000000090500000|100%| E|CS|TAMS 0x0000000090400000, 0x0000000090400000| Complete 
| 261|0x0000000090500000, 0x0000000090600000, 0x0000000090600000|100%| E|CS|TAMS 0x0000000090500000, 0x0000000090500000| Complete 
| 262|0x0000000090600000, 0x0000000090700000, 0x0000000090700000|100%| E|CS|TAMS 0x0000000090600000, 0x0000000090600000| Complete 
| 263|0x0000000090700000, 0x0000000090800000, 0x0000000090800000|100%| E|CS|TAMS 0x0000000090700000, 0x0000000090700000| Complete 
| 264|0x0000000090800000, 0x0000000090900000, 0x0000000090900000|100%| E|CS|TAMS 0x0000000090800000, 0x0000000090800000| Complete 
| 265|0x0000000090900000, 0x0000000090a00000, 0x0000000090a00000|100%| E|CS|TAMS 0x0000000090900000, 0x0000000090900000| Complete 
| 266|0x0000000090a00000, 0x0000000090b00000, 0x0000000090b00000|100%| E|CS|TAMS 0x0000000090a00000, 0x0000000090a00000| Complete 
| 267|0x0000000090b00000, 0x0000000090c00000, 0x0000000090c00000|100%| E|  |TAMS 0x0000000090b00000, 0x0000000090b00000| Complete 
| 268|0x0000000090c00000, 0x0000000090d00000, 0x0000000090d00000|100%| E|CS|TAMS 0x0000000090c00000, 0x0000000090c00000| Complete 
| 269|0x0000000090d00000, 0x0000000090e00000, 0x0000000090e00000|100%| E|CS|TAMS 0x0000000090d00000, 0x0000000090d00000| Complete 
| 270|0x0000000090e00000, 0x0000000090f00000, 0x0000000090f00000|100%| E|CS|TAMS 0x0000000090e00000, 0x0000000090e00000| Complete 
| 271|0x0000000090f00000, 0x0000000091000000, 0x0000000091000000|100%| E|CS|TAMS 0x0000000090f00000, 0x0000000090f00000| Complete 
| 272|0x0000000091000000, 0x0000000091100000, 0x0000000091100000|100%| E|CS|TAMS 0x0000000091000000, 0x0000000091000000| Complete 
| 273|0x0000000091100000, 0x0000000091200000, 0x0000000091200000|100%| E|CS|TAMS 0x0000000091100000, 0x0000000091100000| Complete 
| 274|0x0000000091200000, 0x0000000091300000, 0x0000000091300000|100%| E|CS|TAMS 0x0000000091200000, 0x0000000091200000| Complete 
| 275|0x0000000091300000, 0x0000000091400000, 0x0000000091400000|100%| E|CS|TAMS 0x0000000091300000, 0x0000000091300000| Complete 
| 276|0x0000000091400000, 0x0000000091500000, 0x0000000091500000|100%| E|CS|TAMS 0x0000000091400000, 0x0000000091400000| Complete 
| 277|0x0000000091500000, 0x0000000091600000, 0x0000000091600000|100%| E|CS|TAMS 0x0000000091500000, 0x0000000091500000| Complete 
| 278|0x0000000091600000, 0x0000000091700000, 0x0000000091700000|100%| E|CS|TAMS 0x0000000091600000, 0x0000000091600000| Complete 
| 279|0x0000000091700000, 0x0000000091800000, 0x0000000091800000|100%| E|CS|TAMS 0x0000000091700000, 0x0000000091700000| Complete 
| 280|0x0000000091800000, 0x0000000091900000, 0x0000000091900000|100%| E|CS|TAMS 0x0000000091800000, 0x0000000091800000| Complete 
| 281|0x0000000091900000, 0x0000000091a00000, 0x0000000091a00000|100%| E|CS|TAMS 0x0000000091900000, 0x0000000091900000| Complete 
| 282|0x0000000091a00000, 0x0000000091b00000, 0x0000000091b00000|100%| E|CS|TAMS 0x0000000091a00000, 0x0000000091a00000| Complete 
| 283|0x0000000091b00000, 0x0000000091c00000, 0x0000000091c00000|100%| E|CS|TAMS 0x0000000091b00000, 0x0000000091b00000| Complete 
| 284|0x0000000091c00000, 0x0000000091d00000, 0x0000000091d00000|100%| E|CS|TAMS 0x0000000091c00000, 0x0000000091c00000| Complete 
| 285|0x0000000091d00000, 0x0000000091e00000, 0x0000000091e00000|100%| E|CS|TAMS 0x0000000091d00000, 0x0000000091d00000| Complete 
| 286|0x0000000091e00000, 0x0000000091f00000, 0x0000000091f00000|100%| E|CS|TAMS 0x0000000091e00000, 0x0000000091e00000| Complete 
| 287|0x0000000091f00000, 0x0000000092000000, 0x0000000092000000|100%| E|CS|TAMS 0x0000000091f00000, 0x0000000091f00000| Complete 
| 288|0x0000000092000000, 0x0000000092100000, 0x0000000092100000|100%| E|CS|TAMS 0x0000000092000000, 0x0000000092000000| Complete 
| 289|0x0000000092100000, 0x0000000092200000, 0x0000000092200000|100%| E|CS|TAMS 0x0000000092100000, 0x0000000092100000| Complete 
| 290|0x0000000092200000, 0x0000000092300000, 0x0000000092300000|100%| E|CS|TAMS 0x0000000092200000, 0x0000000092200000| Complete 
| 291|0x0000000092300000, 0x0000000092400000, 0x0000000092400000|100%| E|CS|TAMS 0x0000000092300000, 0x0000000092300000| Complete 
| 292|0x0000000092400000, 0x0000000092500000, 0x0000000092500000|100%| E|CS|TAMS 0x0000000092400000, 0x0000000092400000| Complete 
| 293|0x0000000092500000, 0x0000000092600000, 0x0000000092600000|100%| E|CS|TAMS 0x0000000092500000, 0x0000000092500000| Complete 
| 294|0x0000000092600000, 0x0000000092700000, 0x0000000092700000|100%| E|CS|TAMS 0x0000000092600000, 0x0000000092600000| Complete 
| 295|0x0000000092700000, 0x0000000092800000, 0x0000000092800000|100%| E|CS|TAMS 0x0000000092700000, 0x0000000092700000| Complete 
| 296|0x0000000092800000, 0x0000000092900000, 0x0000000092900000|100%| E|CS|TAMS 0x0000000092800000, 0x0000000092800000| Complete 
| 297|0x0000000092900000, 0x0000000092a00000, 0x0000000092a00000|100%| E|CS|TAMS 0x0000000092900000, 0x0000000092900000| Complete 
| 298|0x0000000092a00000, 0x0000000092b00000, 0x0000000092b00000|100%| E|CS|TAMS 0x0000000092a00000, 0x0000000092a00000| Complete 
| 299|0x0000000092b00000, 0x0000000092c00000, 0x0000000092c00000|100%| E|CS|TAMS 0x0000000092b00000, 0x0000000092b00000| Complete 
| 300|0x0000000092c00000, 0x0000000092d00000, 0x0000000092d00000|100%| E|CS|TAMS 0x0000000092c00000, 0x0000000092c00000| Complete 
| 301|0x0000000092d00000, 0x0000000092e00000, 0x0000000092e00000|100%| E|CS|TAMS 0x0000000092d00000, 0x0000000092d00000| Complete 
| 302|0x0000000092e00000, 0x0000000092f00000, 0x0000000092f00000|100%| E|CS|TAMS 0x0000000092e00000, 0x0000000092e00000| Complete 
| 303|0x0000000092f00000, 0x0000000093000000, 0x0000000093000000|100%| E|CS|TAMS 0x0000000092f00000, 0x0000000092f00000| Complete 
| 304|0x0000000093000000, 0x0000000093100000, 0x0000000093100000|100%| E|CS|TAMS 0x0000000093000000, 0x0000000093000000| Complete 
| 305|0x0000000093100000, 0x0000000093200000, 0x0000000093200000|100%| E|CS|TAMS 0x0000000093100000, 0x0000000093100000| Complete 
| 306|0x0000000093200000, 0x0000000093300000, 0x0000000093300000|100%| E|CS|TAMS 0x0000000093200000, 0x0000000093200000| Complete 
| 307|0x0000000093300000, 0x0000000093400000, 0x0000000093400000|100%| E|CS|TAMS 0x0000000093300000, 0x0000000093300000| Complete 
| 308|0x0000000093400000, 0x0000000093500000, 0x0000000093500000|100%| E|CS|TAMS 0x0000000093400000, 0x0000000093400000| Complete 
| 309|0x0000000093500000, 0x0000000093600000, 0x0000000093600000|100%| E|CS|TAMS 0x0000000093500000, 0x0000000093500000| Complete 
| 310|0x0000000093600000, 0x0000000093700000, 0x0000000093700000|100%| E|CS|TAMS 0x0000000093600000, 0x0000000093600000| Complete 
| 311|0x0000000093700000, 0x0000000093800000, 0x0000000093800000|100%| E|CS|TAMS 0x0000000093700000, 0x0000000093700000| Complete 
| 312|0x0000000093800000, 0x0000000093900000, 0x0000000093900000|100%| E|CS|TAMS 0x0000000093800000, 0x0000000093800000| Complete 
| 313|0x0000000093900000, 0x0000000093a00000, 0x0000000093a00000|100%| E|CS|TAMS 0x0000000093900000, 0x0000000093900000| Complete 
| 314|0x0000000093a00000, 0x0000000093b00000, 0x0000000093b00000|100%| E|CS|TAMS 0x0000000093a00000, 0x0000000093a00000| Complete 

Card table byte_map: [0x00000132fc380000,0x00000132fc780000] _byte_map_base: 0x00000132fbf80000

Marking Bits (Prev, Next): (CMBitMap*) 0x00000132e948fce0, (CMBitMap*) 0x00000132e948fca8
 Prev Bits: [0x0000013280000000, 0x0000013282000000)
 Next Bits: [0x00000132fcb80000, 0x00000132feb80000)

Polling page: 0x00000132e7460000

Metaspace:

Usage:
  Non-class:     75.58 MB capacity,    74.03 MB ( 98%) used,     1.30 MB (  2%) free+waste,   249.44 KB ( <1%) overhead. 
      Class:     11.78 MB capacity,    10.96 MB ( 93%) used,   716.91 KB (  6%) free+waste,   114.12 KB ( <1%) overhead. 
       Both:     87.35 MB capacity,    85.00 MB ( 97%) used,     2.00 MB (  2%) free+waste,   363.56 KB ( <1%) overhead. 

Virtual space:
  Non-class space:       76.00 MB reserved,      75.61 MB (>99%) committed 
      Class space:        1.00 GB reserved,      11.85 MB (  1%) committed 
             Both:        1.07 GB reserved,      87.45 MB (  8%) committed 

Chunk freelists:
   Non-Class:  31.00 KB
       Class:  0 bytes
        Both:  31.00 KB

MaxMetaspaceSize: 17179869184.00 GB
CompressedClassSpaceSize: 1.00 GB
Initial GC threshold: 20.80 MB
Current GC threshold: 141.80 MB
CDS: off

CodeHeap 'non-profiled nmethods': size=120064Kb used=5463Kb max_used=5463Kb free=114600Kb
 bounds [0x00000132f4a40000, 0x00000132f4fa0000, 0x00000132fbf80000]
CodeHeap 'profiled nmethods': size=120000Kb used=20651Kb max_used=20651Kb free=99349Kb
 bounds [0x00000132ed510000, 0x00000132ee940000, 0x00000132f4a40000]
CodeHeap 'non-nmethods': size=5696Kb used=2366Kb max_used=2414Kb free=3329Kb
 bounds [0x00000132ecf80000, 0x00000132ed1f0000, 0x00000132ed510000]
 total_blobs=10659 nmethods=9768 adapters=803
 compilation: enabled
              stopped_count=0, restarted_count=0
 full_count=0

Compilation events (20 events):
Event: 22.805 Thread 0x00000132ff95a800 nmethod 9765 0x00000132ee925390 code [0x00000132ee925540, 0x00000132ee925668]
Event: 22.805 Thread 0x00000132ff94c000 nmethod 9762 0x00000132f4f8ec90 code [0x00000132f4f8ee40, 0x00000132f4f8f238]
Event: 22.807 Thread 0x00000132ff95a800 9766       1       org.gradle.api.internal.artifacts.transform.TransformationSubject$SubsequentTransformationSubject::getFiles (5 bytes)
Event: 22.808 Thread 0x00000132ff95a800 nmethod 9766 0x00000132f4f8f490 code [0x00000132f4f8f640, 0x00000132f4f8f6f8]
Event: 22.809 Thread 0x00000132ff95a800 9767       3       org.gradle.internal.snapshot.AbstractFileSystemLocationSnapshot::getSnapshot (7 bytes)
Event: 22.809 Thread 0x00000132ff95a800 nmethod 9767 0x00000132ee925710 code [0x00000132ee9258c0, 0x00000132ee925a68]
Event: 22.809 Thread 0x00000132ff95a800 9768       3       org.gradle.internal.snapshot.DirectorySnapshot::getChildSnapshot (30 bytes)
Event: 22.810 Thread 0x00000132ff95a800 nmethod 9768 0x00000132ee925b10 code [0x00000132ee925e20, 0x00000132ee927118]
Event: 22.811 Thread 0x00000132ff95a800 9769       3       org.gradle.internal.snapshot.DirectorySnapshot$$Lambda$1018/0x0000000100bc1c40::<init> (10 bytes)
Event: 22.811 Thread 0x00000132ff95a800 nmethod 9769 0x00000132ee927790 code [0x00000132ee927940, 0x00000132ee927af8]
Event: 22.811 Thread 0x00000132ff95a800 9770       3       java.util.LinkedHashMap::clear (15 bytes)
Event: 22.811 Thread 0x00000132ff95a800 nmethod 9770 0x00000132ee927b90 code [0x00000132ee927d40, 0x00000132ee927ec8]
Event: 22.811 Thread 0x00000132ff95a800 9771       3       org.gradle.internal.component.external.model.DefaultModuleComponentArtifactIdentifier::getComponentIdentifier (5 bytes)
Event: 22.811 Thread 0x00000132ff95a800 nmethod 9771 0x00000132ee927f90 code [0x00000132ee928140, 0x00000132ee928258]
Event: 22.811 Thread 0x00000132ff95a800 9772       3       org.gradle.api.internal.artifacts.ivyservice.ResolvedFileCollectionVisitor::endVisitCollection (24 bytes)
Event: 22.811 Thread 0x00000132ff94c000 9773       4       org.gradle.internal.snapshot.PathUtil::equalChars (60 bytes)
Event: 22.812 Thread 0x00000132ff95a800 nmethod 9772 0x00000132ee928310 code [0x00000132ee9284e0, 0x00000132ee928898]
Event: 22.812 Thread 0x00000132ff95a800 9774       3       com.google.common.collect.RegularImmutableSet::spliterator (11 bytes)
Event: 22.812 Thread 0x00000132ff95a800 nmethod 9774 0x00000132ee928990 code [0x00000132ee928b80, 0x00000132ee928f38]
Event: 22.815 Thread 0x00000132ff94c000 nmethod 9773 0x00000132f4f8f790 code [0x00000132f4f8f940, 0x00000132f4f8fc38]

GC Heap History (20 events):
Event: 0.457 GC heap before
{Heap before GC invocations=0 (full 0):
 garbage-first heap   total 260096K, used 16384K [0x0000000080000000, 0x0000000100000000)
  region size 1024K, 14 young (14336K), 0 survivors (0K)
 Metaspace       used 6747K, capacity 6929K, committed 7168K, reserved 1056768K
  class space    used 571K, capacity 650K, committed 768K, reserved 1048576K
}
Event: 0.472 GC heap after
{Heap after GC invocations=1 (full 0):
 garbage-first heap   total 260096K, used 4040K [0x0000000080000000, 0x0000000100000000)
  region size 1024K, 2 young (2048K), 2 survivors (2048K)
 Metaspace       used 6747K, capacity 6929K, committed 7168K, reserved 1056768K
  class space    used 571K, capacity 650K, committed 768K, reserved 1048576K
}
Event: 2.054 GC heap before
{Heap before GC invocations=1 (full 0):
 garbage-first heap   total 260096K, used 113608K [0x0000000080000000, 0x0000000100000000)
  region size 1024K, 105 young (107520K), 2 survivors (2048K)
 Metaspace       used 20469K, capacity 20885K, committed 21120K, reserved 1067008K
  class space    used 2472K, capacity 2648K, committed 2688K, reserved 1048576K
}
Event: 2.061 GC heap after
{Heap after GC invocations=2 (full 0):
 garbage-first heap   total 260096K, used 16993K [0x0000000080000000, 0x0000000100000000)
  region size 1024K, 12 young (12288K), 12 survivors (12288K)
 Metaspace       used 20469K, capacity 20885K, committed 21120K, reserved 1067008K
  class space    used 2472K, capacity 2648K, committed 2688K, reserved 1048576K
}
Event: 2.082 GC heap before
{Heap before GC invocations=2 (full 0):
 garbage-first heap   total 260096K, used 20065K [0x0000000080000000, 0x0000000100000000)
  region size 1024K, 16 young (16384K), 12 survivors (12288K)
 Metaspace       used 20757K, capacity 21191K, committed 21296K, reserved 1069056K
  class space    used 2519K, capacity 2685K, committed 2688K, reserved 1048576K
}
Event: 2.089 GC heap after
{Heap after GC invocations=3 (full 0):
 garbage-first heap   total 260096K, used 17355K [0x0000000080000000, 0x0000000100000000)
  region size 1024K, 1 young (1024K), 1 survivors (1024K)
 Metaspace       used 20757K, capacity 21191K, committed 21296K, reserved 1069056K
  class space    used 2519K, capacity 2685K, committed 2688K, reserved 1048576K
}
Event: 2.570 GC heap before
{Heap before GC invocations=4 (full 0):
 garbage-first heap   total 260096K, used 65483K [0x0000000080000000, 0x0000000100000000)
  region size 1024K, 49 young (50176K), 1 survivors (1024K)
 Metaspace       used 25961K, capacity 26597K, committed 26876K, reserved 1073152K
  class space    used 3360K, capacity 3581K, committed 3660K, reserved 1048576K
}
Event: 2.575 GC heap after
{Heap after GC invocations=5 (full 0):
 garbage-first heap   total 260096K, used 18774K [0x0000000080000000, 0x0000000100000000)
  region size 1024K, 3 young (3072K), 3 survivors (3072K)
 Metaspace       used 25961K, capacity 26597K, committed 26876K, reserved 1073152K
  class space    used 3360K, capacity 3581K, committed 3660K, reserved 1048576K
}
Event: 3.365 GC heap before
{Heap before GC invocations=5 (full 0):
 garbage-first heap   total 260096K, used 90454K [0x0000000080000000, 0x0000000100000000)
  region size 1024K, 74 young (75776K), 3 survivors (3072K)
 Metaspace       used 35065K, capacity 35957K, committed 36048K, reserved 1081344K
  class space    used 4567K, capacity 4921K, committed 4940K, reserved 1048576K
}
Event: 3.378 GC heap after
{Heap after GC invocations=6 (full 0):
 garbage-first heap   total 260096K, used 22302K [0x0000000080000000, 0x0000000100000000)
  region size 1024K, 6 young (6144K), 6 survivors (6144K)
 Metaspace       used 35065K, capacity 35957K, committed 36048K, reserved 1081344K
  class space    used 4567K, capacity 4921K, committed 4940K, reserved 1048576K
}
Event: 4.586 GC heap before
{Heap before GC invocations=7 (full 0):
 garbage-first heap   total 260096K, used 132894K [0x0000000080000000, 0x0000000100000000)
  region size 1024K, 111 young (113664K), 6 survivors (6144K)
 Metaspace       used 44757K, capacity 45895K, committed 46236K, reserved 1089536K
  class space    used 5653K, capacity 6068K, committed 6168K, reserved 1048576K
}
Event: 4.608 GC heap after
{Heap after GC invocations=8 (full 0):
 garbage-first heap   total 260096K, used 30332K [0x0000000080000000, 0x0000000100000000)
  region size 1024K, 14 young (14336K), 14 survivors (14336K)
 Metaspace       used 44757K, capacity 45895K, committed 46236K, reserved 1089536K
  class space    used 5653K, capacity 6068K, committed 6168K, reserved 1048576K
}
Event: 6.492 GC heap before
{Heap before GC invocations=9 (full 0):
 garbage-first heap   total 260096K, used 153212K [0x0000000080000000, 0x0000000100000000)
  region size 1024K, 129 young (132096K), 14 survivors (14336K)
 Metaspace       used 52453K, capacity 53918K, committed 54044K, reserved 1095680K
  class space    used 6664K, capacity 7194K, committed 7320K, reserved 1048576K
}
Event: 6.515 GC heap after
{Heap after GC invocations=10 (full 0):
 garbage-first heap   total 260096K, used 43728K [0x0000000080000000, 0x0000000100000000)
  region size 1024K, 17 young (17408K), 17 survivors (17408K)
 Metaspace       used 52453K, capacity 53918K, committed 54044K, reserved 1095680K
  class space    used 6664K, capacity 7194K, committed 7320K, reserved 1048576K
}
Event: 8.796 GC heap before
{Heap before GC invocations=10 (full 0):
 garbage-first heap   total 260096K, used 189136K [0x0000000080000000, 0x0000000100000000)
  region size 1024K, 152 young (155648K), 17 survivors (17408K)
 Metaspace       used 67312K, capacity 68997K, committed 69276K, reserved 1110016K
  class space    used 8484K, capacity 9101K, committed 9240K, reserved 1048576K
}
Event: 8.820 GC heap after
{Heap after GC invocations=11 (full 0):
 garbage-first heap   total 322560K, used 54472K [0x0000000080000000, 0x0000000100000000)
  region size 1024K, 10 young (10240K), 10 survivors (10240K)
 Metaspace       used 67312K, capacity 68997K, committed 69276K, reserved 1110016K
  class space    used 8484K, capacity 9101K, committed 9240K, reserved 1048576K
}
Event: 9.991 GC heap before
{Heap before GC invocations=11 (full 0):
 garbage-first heap   total 322560K, used 163016K [0x0000000080000000, 0x0000000100000000)
  region size 1024K, 117 young (119808K), 10 survivors (10240K)
 Metaspace       used 75125K, capacity 76927K, committed 77060K, reserved 1116160K
  class space    used 9698K, capacity 10357K, committed 10392K, reserved 1048576K
}
Event: 10.014 GC heap after
{Heap after GC invocations=12 (full 0):
 garbage-first heap   total 322560K, used 61128K [0x0000000080000000, 0x0000000100000000)
  region size 1024K, 17 young (17408K), 17 survivors (17408K)
 Metaspace       used 75125K, capacity 76927K, committed 77060K, reserved 1116160K
  class space    used 9698K, capacity 10357K, committed 10392K, reserved 1048576K
}
Event: 11.498 GC heap before
{Heap before GC invocations=13 (full 0):
 garbage-first heap   total 322560K, used 211656K [0x0000000080000000, 0x0000000100000000)
  region size 1024K, 165 young (168960K), 17 survivors (17408K)
 Metaspace       used 84170K, capacity 86210K, committed 86480K, reserved 1124352K
  class space    used 10821K, capacity 11560K, committed 11620K, reserved 1048576K
}
Event: 11.532 GC heap after
{Heap after GC invocations=14 (full 0):
 garbage-first heap   total 322560K, used 75751K [0x0000000080000000, 0x0000000100000000)
  region size 1024K, 21 young (21504K), 21 survivors (21504K)
 Metaspace       used 84170K, capacity 86210K, committed 86480K, reserved 1124352K
  class space    used 10821K, capacity 11560K, committed 11620K, reserved 1048576K
}

Deoptimization events (20 events):
Event: 22.696 Thread 0x00000132850bf800 DEOPT PACKING pc=0x00000132f4f76c5c sp=0x0000000a4d4fe670
Event: 22.696 Thread 0x00000132850bf800 DEOPT UNPACKING pc=0x00000132ecfca1a9 sp=0x0000000a4d4fe628 mode 2
Event: 22.772 Thread 0x00000132850c4800 DEOPT PACKING pc=0x00000132ee4d5544 sp=0x0000000a4d0fd320
Event: 22.772 Thread 0x00000132850c4800 DEOPT UNPACKING pc=0x00000132ecfca93f sp=0x0000000a4d0fc8c0 mode 0
Event: 22.811 Thread 0x00000132850cc000 Uncommon trap: trap_request=0xffffff4d fr.pc=0x00000132f4f4f164 relative=0x0000000000000204
Event: 22.811 Thread 0x00000132850cc000 Uncommon trap: reason=unstable_if action=reinterpret pc=0x00000132f4f4f164 method=org.gradle.internal.file.FileHierarchySet$Node.isChildOfOrThis(Ljava/lang/String;I)Z @ 72 c2
Event: 22.811 Thread 0x00000132850cc000 DEOPT PACKING pc=0x00000132f4f4f164 sp=0x0000000a4dcfd330
Event: 22.811 Thread 0x00000132850cc000 DEOPT UNPACKING pc=0x00000132ecfca1a9 sp=0x0000000a4dcfd2b8 mode 2
Event: 22.813 Thread 0x00000132850cc000 Uncommon trap: trap_request=0xffffffde fr.pc=0x00000132f4f6757c relative=0x00000000000006bc
Event: 22.813 Thread 0x00000132850cc000 Uncommon trap: reason=class_check action=maybe_recompile pc=0x00000132f4f6757c method=org.gradle.internal.snapshot.ChildMap$Entry.handleAncestorDescendantOrExactMatch(Lorg/gradle/internal/snapshot/VfsRelativePath;Lorg/gradle/internal/snapshot/CaseSensitiv
Event: 22.813 Thread 0x00000132850cc000 DEOPT PACKING pc=0x00000132f4f6757c sp=0x0000000a4dcfb160
Event: 22.813 Thread 0x00000132850cc000 DEOPT UNPACKING pc=0x00000132ecfca1a9 sp=0x0000000a4dcfb110 mode 2
Event: 22.813 Thread 0x00000132850cc000 Uncommon trap: trap_request=0xffffffde fr.pc=0x00000132f4f6757c relative=0x00000000000006bc
Event: 22.813 Thread 0x00000132850cc000 Uncommon trap: reason=class_check action=maybe_recompile pc=0x00000132f4f6757c method=org.gradle.internal.snapshot.ChildMap$Entry.handleAncestorDescendantOrExactMatch(Lorg/gradle/internal/snapshot/VfsRelativePath;Lorg/gradle/internal/snapshot/CaseSensitiv
Event: 22.813 Thread 0x00000132850cc000 DEOPT PACKING pc=0x00000132f4f6757c sp=0x0000000a4dcfad10
Event: 22.813 Thread 0x00000132850cc000 DEOPT UNPACKING pc=0x00000132ecfca1a9 sp=0x0000000a4dcfacc0 mode 2
Event: 22.813 Thread 0x00000132850cc000 Uncommon trap: trap_request=0xffffffde fr.pc=0x00000132f4f6757c relative=0x00000000000006bc
Event: 22.813 Thread 0x00000132850cc000 Uncommon trap: reason=class_check action=maybe_recompile pc=0x00000132f4f6757c method=org.gradle.internal.snapshot.ChildMap$Entry.handleAncestorDescendantOrExactMatch(Lorg/gradle/internal/snapshot/VfsRelativePath;Lorg/gradle/internal/snapshot/CaseSensitiv
Event: 22.813 Thread 0x00000132850cc000 DEOPT PACKING pc=0x00000132f4f6757c sp=0x0000000a4dcfa8c0
Event: 22.813 Thread 0x00000132850cc000 DEOPT UNPACKING pc=0x00000132ecfca1a9 sp=0x0000000a4dcfa870 mode 2

Classes redefined (0 events):
No events

Internal exceptions (20 events):
Event: 16.690 Thread 0x00000132850cc000 Exception <a 'net/rubygrapefruit/platform/NativeException'{0x000000009328c000}: Execution timed out> (0x000000009328c000) thrown at [src/hotspot/share/prims/jni.cpp, line 638]
Event: 21.709 Thread 0x00000132850cc000 Exception <a 'net/rubygrapefruit/platform/NativeException'{0x00000000932a99e8}: Execution timed out> (0x00000000932a99e8) thrown at [src/hotspot/share/prims/jni.cpp, line 638]
Event: 21.729 Thread 0x000001328571e800 Exception <a 'java/lang/NoSuchMethodError'{0x00000000930a9490}: <clinit>> (0x00000000930a9490) thrown at [src/hotspot/share/prims/jni.cpp, line 1367]
Event: 21.734 Thread 0x000001328571e800 Exception <a 'java/lang/NoSuchMethodError'{0x00000000930ef7c8}: <clinit>> (0x00000000930ef7c8) thrown at [src/hotspot/share/prims/jni.cpp, line 1367]
Event: 21.734 Thread 0x000001328571e800 Exception <a 'java/lang/NoSuchMethodError'{0x00000000930f0c58}: <clinit>> (0x00000000930f0c58) thrown at [src/hotspot/share/prims/jni.cpp, line 1367]
Event: 21.737 Thread 0x000001328571e800 Exception <a 'java/lang/NoSuchMethodError'{0x0000000092fc0958}: <clinit>> (0x0000000092fc0958) thrown at [src/hotspot/share/prims/jni.cpp, line 1367]
Event: 21.738 Thread 0x000001328571e800 Exception <a 'java/lang/NoSuchMethodError'{0x0000000092feaab0}: <clinit>> (0x0000000092feaab0) thrown at [src/hotspot/share/prims/jni.cpp, line 1367]
Event: 21.741 Thread 0x000001328571e800 Exception <a 'java/lang/NoSuchMethodError'{0x0000000092e7a6b8}: <clinit>> (0x0000000092e7a6b8) thrown at [src/hotspot/share/prims/jni.cpp, line 1367]
Event: 21.751 Thread 0x00000132850c6000 Exception <a 'java/lang/NoSuchMethodError'{0x0000000092dc7130}: <clinit>> (0x0000000092dc7130) thrown at [src/hotspot/share/prims/jni.cpp, line 1367]
Event: 21.753 Thread 0x00000132850c6000 Exception <a 'java/lang/NoSuchMethodError'{0x0000000092dfde30}: <clinit>> (0x0000000092dfde30) thrown at [src/hotspot/share/prims/jni.cpp, line 1367]
Event: 21.755 Thread 0x000001328571e800 Exception <a 'java/lang/NoSuchMethodError'{0x0000000092c32cb8}: <clinit>> (0x0000000092c32cb8) thrown at [src/hotspot/share/prims/jni.cpp, line 1367]
Event: 21.758 Thread 0x00000132850c6000 Exception <a 'java/lang/NoSuchMethodError'{0x0000000092c596c0}: <clinit>> (0x0000000092c596c0) thrown at [src/hotspot/share/prims/jni.cpp, line 1367]
Event: 21.769 Thread 0x00000132850cc000 Exception <a 'java/lang/NoSuchMethodError'{0x0000000092b65c58}: 'int java.lang.invoke.DirectMethodHandle$Holder.invokeSpecial(java.lang.Object, java.lang.Object, java.lang.Object, java.lang.Object, java.lang.Object)'> (0x0000000092b65c58) thrown at [src/hotspot/share/interpreter/linkResolver.cpp, line 773]
Event: 22.067 Thread 0x00000132850cc000 Exception <a 'java/lang/NoSuchMethodError'{0x00000000921436e0}: 'void java.lang.invoke.DirectMethodHandle$Holder.invokeStatic(java.lang.Object, java.lang.Object, java.lang.Object, java.lang.Object, int, java.lang.Object, java.lang.Object)'> (0x00000000921436e0) thrown at [src/hotspot/share/interpreter/linkResolver.cpp, line 773]
Event: 22.157 Thread 0x00000132850c7000 Exception <a 'java/lang/NoSuchMethodError'{0x0000000091aa7a08}: 'java.lang.Object java.lang.invoke.DirectMethodHandle$Holder.invokeSpecialIFC(java.lang.Object, java.lang.Object, java.lang.Object)'> (0x0000000091aa7a08) thrown at [src/hotspot/share/interpreter/linkResolver.cpp, line 773]
Event: 22.588 Thread 0x0000013286475800 Implicit null exception at 0x00000132f4f6cfa4 to 0x00000132f4f6d144
Event: 22.695 Thread 0x000001328647c000 Implicit null exception at 0x00000132f4f76242 to 0x00000132f4f76c44
Event: 22.695 Thread 0x000001328647c000 Implicit null exception at 0x00000132f4f76242 to 0x00000132f4f76c44
Event: 22.695 Thread 0x000001328647c000 Implicit null exception at 0x00000132f4f76242 to 0x00000132f4f76c44
Event: 22.696 Thread 0x00000132850bf800 Implicit null exception at 0x00000132f4f76242 to 0x00000132f4f76c44

Events (20 events):
Event: 22.808 Executing VM operation: RevokeBias
Event: 22.808 Executing VM operation: RevokeBias done
Event: 22.808 Executing VM operation: RevokeBias
Event: 22.808 Executing VM operation: RevokeBias done
Event: 22.808 Executing VM operation: RevokeBias
Event: 22.808 Executing VM operation: RevokeBias done
Event: 22.808 Executing VM operation: BulkRevokeBias
Event: 22.809 Executing VM operation: BulkRevokeBias done
Event: 22.813 loading class org/gradle/internal/snapshot/ChildMap
Event: 22.813 loading class org/gradle/internal/snapshot/ChildMap done
Event: 22.813 loading class org/gradle/internal/snapshot/ChildMap
Event: 22.813 loading class org/gradle/internal/snapshot/ChildMap done
Event: 22.813 loading class org/gradle/internal/snapshot/AbstractInvalidateChildHandler
Event: 22.813 loading class org/gradle/internal/snapshot/AbstractInvalidateChildHandler done
Event: 22.814 loading class org/gradle/internal/snapshot/ChildMap
Event: 22.814 loading class org/gradle/internal/snapshot/ChildMap done
Event: 22.814 loading class org/gradle/internal/snapshot/ChildMap
Event: 22.814 loading class org/gradle/internal/snapshot/ChildMap done
Event: 22.814 loading class org/gradle/internal/snapshot/AbstractInvalidateChildHandler
Event: 22.814 loading class org/gradle/internal/snapshot/AbstractInvalidateChildHandler done


Dynamic libraries:
0x00007ff7462d0000 - 0x00007ff7462da000 	C:\Program Files\Android\Android Studio\jbr\bin\java.exe
0x00007ffb13930000 - 0x00007ffb13b26000 	C:\Windows\SYSTEM32\ntdll.dll
0x00007ffb12d90000 - 0x00007ffb12e4d000 	C:\Windows\System32\KERNEL32.DLL
0x00007ffb113b0000 - 0x00007ffb11679000 	C:\Windows\System32\KERNELBASE.dll
0x00007ffb117f0000 - 0x00007ffb118f0000 	C:\Windows\System32\ucrtbase.dll
0x00007ffaff7a0000 - 0x00007ffaff7bb000 	C:\Program Files\Android\Android Studio\jbr\bin\VCRUNTIME140.dll
0x00007ffaffdb0000 - 0x00007ffaffdc7000 	C:\Program Files\Android\Android Studio\jbr\bin\jli.dll
0x00007ffb13070000 - 0x00007ffb13210000 	C:\Windows\System32\USER32.dll
0x00007ffb11380000 - 0x00007ffb113a2000 	C:\Windows\System32\win32u.dll
0x00007ffb11b40000 - 0x00007ffb11b6a000 	C:\Windows\System32\GDI32.dll
0x00007ffb11680000 - 0x00007ffb1178b000 	C:\Windows\System32\gdi32full.dll
0x00007ffb118f0000 - 0x00007ffb1198d000 	C:\Windows\System32\msvcp_win.dll
0x00007ffaf5450000 - 0x00007ffaf56eb000 	C:\Windows\WinSxS\amd64_microsoft.windows.common-controls_6595b64144ccf1df_6.0.19041.746_none_ca02b4b61b8320a4\COMCTL32.dll
0x00007ffb11f30000 - 0x00007ffb11fce000 	C:\Windows\System32\msvcrt.dll
0x00007ffb127f0000 - 0x00007ffb12820000 	C:\Windows\System32\IMM32.DLL
0x00007ffb0f020000 - 0x00007ffb0f02c000 	C:\Program Files\Android\Android Studio\jbr\bin\vcruntime140_1.dll
0x00007ffaf0f80000 - 0x00007ffaf100d000 	C:\Program Files\Android\Android Studio\jbr\bin\msvcp140.dll
0x00007ffab4a40000 - 0x00007ffab55fc000 	C:\Program Files\Android\Android Studio\jbr\bin\server\jvm.dll
0x00007ffb128d0000 - 0x00007ffb1297c000 	C:\Windows\System32\ADVAPI32.dll
0x00007ffb13210000 - 0x00007ffb132ac000 	C:\Windows\System32\sechost.dll
0x00007ffb12980000 - 0x00007ffb12aab000 	C:\Windows\System32\RPCRT4.dll
0x00007ffb12f30000 - 0x00007ffb12f38000 	C:\Windows\System32\PSAPI.DLL
0x00007ffafa1f0000 - 0x00007ffafa1f9000 	C:\Windows\SYSTEM32\WSOCK32.dll
0x00007ffaea7b0000 - 0x00007ffaea7d7000 	C:\Windows\SYSTEM32\WINMM.dll
0x00007ffb13000000 - 0x00007ffb1306b000 	C:\Windows\System32\WS2_32.dll
0x00007ffb0ef30000 - 0x00007ffb0ef3a000 	C:\Windows\SYSTEM32\VERSION.dll
0x00007ffb0f070000 - 0x00007ffb0f082000 	C:\Windows\SYSTEM32\kernel.appcore.dll
0x00007ffb0f010000 - 0x00007ffb0f020000 	C:\Program Files\Android\Android Studio\jbr\bin\verify.dll
0x00007ffaf8b20000 - 0x00007ffaf8d04000 	C:\Windows\SYSTEM32\DBGHELP.DLL
0x00007ffaf8a80000 - 0x00007ffaf8aac000 	C:\Windows\SYSTEM32\dbgcore.DLL
0x00007ffb11300000 - 0x00007ffb11380000 	C:\Windows\System32\bcryptPrimitives.dll
0x00007ffb0efe0000 - 0x00007ffb0f008000 	C:\Program Files\Android\Android Studio\jbr\bin\java.dll
0x00007ffb0efd0000 - 0x00007ffb0efda000 	C:\Program Files\Android\Android Studio\jbr\bin\jimage.dll
0x00007ffb0e810000 - 0x00007ffb0e828000 	C:\Program Files\Android\Android Studio\jbr\bin\zip.dll
0x00007ffb120a0000 - 0x00007ffb127e2000 	C:\Windows\System32\SHELL32.dll
0x00007ffb0f1e0000 - 0x00007ffb0f970000 	C:\Windows\SYSTEM32\windows.storage.dll
0x00007ffb11bd0000 - 0x00007ffb11f26000 	C:\Windows\System32\combase.dll
0x00007ffb10ad0000 - 0x00007ffb10afc000 	C:\Windows\SYSTEM32\Wldp.dll
0x00007ffb13780000 - 0x00007ffb1382e000 	C:\Windows\System32\SHCORE.dll
0x00007ffb12f40000 - 0x00007ffb12f95000 	C:\Windows\System32\shlwapi.dll
0x00007ffb10fa0000 - 0x00007ffb10fc6000 	C:\Windows\SYSTEM32\profapi.dll
0x00007ffab6e80000 - 0x00007ffab6edb000 	C:\ProgramData\Microsoft\DbgCtr\XShellDLL64_6015.dll
0x00007ffb0e470000 - 0x00007ffb0e489000 	C:\Program Files\Android\Android Studio\jbr\bin\net.dll
0x00007ffb03ff0000 - 0x00007ffb040f0000 	C:\Windows\SYSTEM32\WINHTTP.dll
0x00007ffb10850000 - 0x00007ffb108ba000 	C:\Windows\system32\mswsock.dll
0x00007ffb0e420000 - 0x00007ffb0e433000 	C:\Program Files\Android\Android Studio\jbr\bin\nio.dll
0x00007ffaf49b0000 - 0x00007ffaf49d7000 	C:\Users\it_04\.gradle\native\e1d6ef7f7dcc3fd88c89a11ec53ec762bb8ba0a96d01ffa2cd45eb1d1d8dd5c5\windows-amd64\native-platform.dll
0x00007ffaee920000 - 0x00007ffaeea64000 	C:\Users\it_04\.gradle\native\0d407fdbe67a94daf76414ababcb853783967236a71b16ec16e742cd7a986fd3\windows-amd64\native-platform-file-events.dll
0x00007ffb0efc0000 - 0x00007ffb0efca000 	C:\Program Files\Android\Android Studio\jbr\bin\management.dll
0x00007ffb0ef60000 - 0x00007ffb0ef6b000 	C:\Program Files\Android\Android Studio\jbr\bin\management_ext.dll
0x00007ffb10a20000 - 0x00007ffb10a38000 	C:\Windows\SYSTEM32\CRYPTSP.dll
0x00007ffb10180000 - 0x00007ffb101b4000 	C:\Windows\system32\rsaenh.dll
0x00007ffb11070000 - 0x00007ffb11097000 	C:\Windows\System32\bcrypt.dll
0x00007ffb10f20000 - 0x00007ffb10f4e000 	C:\Windows\SYSTEM32\USERENV.dll
0x00007ffb10a40000 - 0x00007ffb10a4c000 	C:\Windows\SYSTEM32\CRYPTBASE.dll
0x00007ffb104f0000 - 0x00007ffb1052b000 	C:\Windows\SYSTEM32\IPHLPAPI.DLL
0x00007ffb13830000 - 0x00007ffb13838000 	C:\Windows\System32\NSI.dll
0x00007ffb0ae50000 - 0x00007ffb0ae67000 	C:\Windows\SYSTEM32\dhcpcsvc6.DLL
0x00007ffb0ae30000 - 0x00007ffb0ae4d000 	C:\Windows\SYSTEM32\dhcpcsvc.DLL
0x00007ffb10540000 - 0x00007ffb1060b000 	C:\Windows\SYSTEM32\DNSAPI.dll

dbghelp: loaded successfully - version: 4.0.5 - missing functions: none
symbol engine: initialized successfully - sym options: 0x614 - pdb path: .;C:\Program Files\Android\Android Studio\jbr\bin;C:\Windows\SYSTEM32;C:\Windows\WinSxS\amd64_microsoft.windows.common-controls_6595b64144ccf1df_6.0.19041.746_none_ca02b4b61b8320a4;C:\Program Files\Android\Android Studio\jbr\bin\server;C:\ProgramData\Microsoft\DbgCtr;C:\Users\it_04\.gradle\native\e1d6ef7f7dcc3fd88c89a11ec53ec762bb8ba0a96d01ffa2cd45eb1d1d8dd5c5\windows-amd64;C:\Users\it_04\.gradle\native\0d407fdbe67a94daf76414ababcb853783967236a71b16ec16e742cd7a986fd3\windows-amd64

VM Arguments:
jvm_args: --add-opens=java.base/java.util=ALL-UNNAMED --add-opens=java.base/java.lang=ALL-UNNAMED --add-opens=java.base/java.lang.invoke=ALL-UNNAMED --add-opens=java.base/java.util=ALL-UNNAMED --add-opens=java.prefs/java.util.prefs=ALL-UNNAMED --add-opens=java.prefs/java.util.prefs=ALL-UNNAMED --add-opens=java.base/java.nio.charset=ALL-UNNAMED --add-opens=java.base/java.net=ALL-UNNAMED --add-opens=java.base/java.util.concurrent.atomic=ALL-UNNAMED -Xmx2048m -Dfile.encoding=UTF-8 -Duser.country=US -Duser.language=en -Duser.variant 
java_command: org.gradle.launcher.daemon.bootstrap.GradleDaemon 7.5
java_class_path (initial): C:\Users\it_04\.gradle\wrapper\dists\gradle-7.5-bin\f1w0cc9nuo0eivz97x2xlu9sv\gradle-7.5\lib\gradle-launcher-7.5.jar
Launcher Type: SUN_STANDARD

[Global flags]
     intx CICompilerCount                          = 3                                         {product} {ergonomic}
     uint ConcGCThreads                            = 1                                         {product} {ergonomic}
     uint G1ConcRefinementThreads                  = 4                                         {product} {ergonomic}
   size_t G1HeapRegionSize                         = 1048576                                   {product} {ergonomic}
    uintx GCDrainStackTargetSize                   = 64                                        {product} {ergonomic}
   size_t InitialHeapSize                          = 266338304                                 {product} {ergonomic}
   size_t MarkStackSize                            = 4194304                                   {product} {ergonomic}
   size_t MaxHeapSize                              = 2147483648                                {product} {command line}
   size_t MaxNewSize                               = 1287651328                                {product} {ergonomic}
   size_t MinHeapDeltaBytes                        = 1048576                                   {product} {ergonomic}
    uintx NonNMethodCodeHeapSize                   = 5830732                                {pd product} {ergonomic}
    uintx NonProfiledCodeHeapSize                  = 122913754                              {pd product} {ergonomic}
    uintx ProfiledCodeHeapSize                     = 122913754                              {pd product} {ergonomic}
    uintx ReservedCodeCacheSize                    = 251658240                              {pd product} {ergonomic}
     bool SegmentedCodeCache                       = true                                      {product} {ergonomic}
     bool UseCompressedClassPointers               = true                                 {lp64_product} {ergonomic}
     bool UseCompressedOops                        = true                                 {lp64_product} {ergonomic}
     bool UseG1GC                                  = true                                      {product} {ergonomic}
     bool UseLargePagesIndividualAllocation        = false                                  {pd product} {ergonomic}

Logging:
Log output configuration:
 #0: stdout all=warning uptime,level,tags
 #1: stderr all=off uptime,level,tags

Environment Variables:
PATH=D:\app\it_07\product\11.2.0\client_1\bin;C:\Windows\system32;C:\Windows;C:\Windows\System32\Wbem;C:\Windows\System32\WindowsPowerShell\v1.0\;C:\Windows\System32\OpenSSH\;C:\Program Files\dotnet\;C:\Program Files\Git\cmd;C:\Users\it_04\AppData\Local\Microsoft\WindowsApps;C:\Users\it_04\.dotnet\tools
USERNAME=it_04
OS=Windows_NT
PROCESSOR_IDENTIFIER=Intel64 Family 6 Model 165 Stepping 3, GenuineIntel



---------------  S Y S T E M  ---------------

OS: Windows 10 , 64 bit Build 19041 (10.0.19041.804)
OS uptime: 0 days 4:30 hours

CPU:total 4 (initial active 4) (2 cores per cpu, 2 threads per core) family 6 model 165 stepping 3 microcode 0xe0, cmov, cx8, fxsr, mmx, sse, sse2, sse3, ssse3, sse4.1, sse4.2, popcnt, aes, clmul, erms, 3dnowpref, lzcnt, ht, tsc, tscinvbit

Memory: 4k page, system-wide physical 16242M (7800M free)
TotalPageFile size 18674M (AvailPageFile size 7959M)
current process WorkingSet (physical memory assigned to process): 524M, peak: 524M
current process commit charge ("private bytes"): 595M, peak: 595M

vm_info: OpenJDK 64-Bit Server VM (11.0.15+0-b2043.56-9505619) for windows-amd64 JRE (11.0.15+0-b2043.56-9505619), built on Jan 19 2023 02:48:00 by "builduser" with unknown MS VC++:1929

END.
