#
# A fatal error has been detected by the Java Runtime Environment:
#
#  EXCEPTION_ACCESS_VIOLATION (0xc0000005) at pc=0x00007ffd96a4d0a8, pid=8024, tid=3936
#
# JRE version: OpenJDK Runtime Environment (11.0.15) (build 11.0.15+0-b2043.56-9505619)
# Java VM: OpenJDK 64-Bit Server VM (11.0.15+0-b2043.56-9505619, mixed mode, tiered, compressed oops, g1 gc, windows-amd64)
# Problematic frame:
# V  [jvm.dll+0x91d0a8]
#
# No core dump will be written. Minidumps are not enabled by default on client versions of Windows
#
# If you would like to submit a bug report, please visit:
#   https://bugreport.java.com/bugreport/crash.jsp
# The crash happened outside the Java Virtual Machine in native code.
# See problematic frame for where to report the bug.
#

---------------  S U M M A R Y ------------

Command Line: --add-opens=java.base/java.util=ALL-UNNAMED --add-opens=java.base/java.lang=ALL-UNNAMED --add-opens=java.base/java.lang.invoke=ALL-UNNAMED --add-opens=java.base/java.util=ALL-UNNAMED --add-opens=java.prefs/java.util.prefs=ALL-UNNAMED --add-opens=java.prefs/java.util.prefs=ALL-UNNAMED --add-opens=java.base/java.nio.charset=ALL-UNNAMED --add-opens=java.base/java.net=ALL-UNNAMED --add-opens=java.base/java.util.concurrent.atomic=ALL-UNNAMED -Xmx2048m -Dfile.encoding=UTF-8 -Duser.country=US -Duser.language=en -Duser.variant org.gradle.launcher.daemon.bootstrap.GradleDaemon 7.5

Host: Intel(R) Pentium(R) Gold G6400 CPU @ 4.00GHz, 4 cores, 15G,  Windows 10 , 64 bit Build 19041 (10.0.19041.804)
Time: Mon Apr  3 09:29:12 2023 SE Asia Standard Time elapsed time: 19.849956 seconds (0d 0h 0m 19s)

---------------  T H R E A D  ---------------

Current thread (0x0000028e47eab000):  JavaThread "File watcher server" daemon [_thread_in_native, id=3936, stack(0x0000009d2a400000,0x0000009d2a500000)]

Stack: [0x0000009d2a400000,0x0000009d2a500000],  sp=0x0000009d2a4fea08,  free space=1018k
Native frames: (J=compiled Java code, j=interpreted, Vv=VM code, C=native code)
V  [jvm.dll+0x91d0a8]

Java frames: (J=compiled Java code, j=interpreted, Vv=VM code)
j  net.rubygrapefruit.platform.internal.jni.AbstractFileEventFunctions$NativeFileWatcher.executeRunLoop0(Ljava/lang/Object;)V+0
j  net.rubygrapefruit.platform.internal.jni.AbstractFileEventFunctions$NativeFileWatcher.access$100(Lnet/rubygrapefruit/platform/internal/jni/AbstractFileEventFunctions$NativeFileWatcher;Ljava/lang/Object;)V+2
j  net.rubygrapefruit.platform.internal.jni.AbstractFileEventFunctions$NativeFileWatcher$1.run()V+26
v  ~StubRoutines::call_stub

siginfo: EXCEPTION_ACCESS_VIOLATION (0xc0000005), data execution prevention violation at address 0x00007ffd96a4d0a8


Register to memory mapping:

RIP=0x00007ffd96a4d0a8 jvm.dll
RAX=0x00007ffd96a4d0a8 jvm.dll
RBX=0x0 is NULL
RCX=0x0000009d2e0fa7a8 is pointing into the stack for thread: 0x0000028e4b292800
RDX=0x0 is NULL
RSP=0x0000009d2a4fea08 is pointing into the stack for thread: 0x0000028e47eab000
RBP=0x0000009d2a4ff3d8 is pointing into the stack for thread: 0x0000028e47eab000
RSI=0x0000009d2e0fa7a0 is pointing into the stack for thread: 0x0000028e4b292800
RDI=0x0000009d2e0fa760 is pointing into the stack for thread: 0x0000028e4b292800
R8 =0x0000028e29140fc0 points into unknown readable memory: 0x0000028e29140cc0 | c0 0c 14 29 8e 02 00 00
R9 =0x0000000000000001 is an unknown value
R10=0x0000000000008000 is an unknown value
R11=0x0000009d2a4fe6c0 is pointing into the stack for thread: 0x0000028e47eab000
R12=0x0 is NULL
R13={method} {0x0000028e4bab03a0} 'executeRunLoop0' '(Ljava/lang/Object;)V' in 'net/rubygrapefruit/platform/internal/jni/AbstractFileEventFunctions$NativeFileWatcher'
R14=0x0 is NULL
R15=0x0000028e47eab000 is a thread


Registers:
RAX=0x00007ffd96a4d0a8, RBX=0x0000000000000000, RCX=0x0000009d2e0fa7a8, RDX=0x0000000000000000
RSP=0x0000009d2a4fea08, RBP=0x0000009d2a4ff3d8, RSI=0x0000009d2e0fa7a0, RDI=0x0000009d2e0fa760
R8 =0x0000028e29140fc0, R9 =0x0000000000000001, R10=0x0000000000008000, R11=0x0000009d2a4fe6c0
R12=0x0000000000000000, R13=0x0000028e4bab0398, R14=0x0000000000000000, R15=0x0000028e47eab000
RIP=0x00007ffd96a4d0a8, EFLAGS=0x0000000000010282

Top of Stack: (sp=0x0000009d2a4fea08)
0x0000009d2a4fea08:   00007ffda91963b9 0000000000000000
0x0000009d2a4fea18:   0000028e2eebfa7a 0000028e45455990
0x0000009d2a4fea28:   00007ffda9173133 0000028e4d36b8e8
0x0000009d2a4fea38:   000000008f884180 0000b654294bc941
0x0000009d2a4fea48:   00007ffda917da83 0000009d2a4ff400
0x0000009d2a4fea58:   0000009d2e0fa760 00007ffda916f150
0x0000009d2a4fea68:   00007ffda918709b 0000009d2e0fa7a0
0x0000009d2a4fea78:   000000008041dfe8 0000000000000000
0x0000009d2a4fea88:   00007ffda917bfae 0000028e4d36b8e0
0x0000009d2a4fea98:   00007ffda91792a6 0000009d2e0fa7a0
0x0000009d2a4feaa8:   0000000000000000 0000028e4d36b8e0
0x0000009d2a4feab8:   00007ffda91557b3 0000000000000000
0x0000009d2a4feac8:   00007ffda91864c2 0000009d2a4feb10
0x0000009d2a4fead8:   0000009d2e0fa7a0 0000028e450e4a20
0x0000009d2a4feae8:   0000000000000000 0000000080411101
0x0000009d2a4feaf8:   0000028e44fffd50 0000000000000000 

Instructions: (pc=0x00007ffd96a4d0a8)
0x00007ffd96a4cfa8:   6c 65 64 00 00 00 00 00 20 fc af 96 fd 7f 00 00
0x00007ffd96a4cfb8:   50 19 1a 96 fd 7f 00 00 30 9a 1e 96 fd 7f 00 00
0x00007ffd96a4cfc8:   f0 4c 72 96 fd 7f 00 00 40 2e 72 96 fd 7f 00 00
0x00007ffd96a4cfd8:   00 2f 72 96 fd 7f 00 00 e0 34 1a 96 fd 7f 00 00
0x00007ffd96a4cfe8:   80 0a 14 96 fd 7f 00 00 a0 fc af 96 fd 7f 00 00
0x00007ffd96a4cff8:   50 19 1a 96 fd 7f 00 00 30 9a 1e 96 fd 7f 00 00
0x00007ffd96a4d008:   70 bd 1f 96 fd 7f 00 00 c0 b9 1f 96 fd 7f 00 00
0x00007ffd96a4d018:   f0 ba 1f 96 fd 7f 00 00 00 bb 1f 96 fd 7f 00 00
0x00007ffd96a4d028:   30 99 13 96 fd 7f 00 00 20 fd af 96 fd 7f 00 00
0x00007ffd96a4d038:   50 19 1a 96 fd 7f 00 00 30 9a 1e 96 fd 7f 00 00
0x00007ffd96a4d048:   70 bd 1f 96 fd 7f 00 00 c0 b9 1f 96 fd 7f 00 00
0x00007ffd96a4d058:   f0 ba 1f 96 fd 7f 00 00 00 bb 1f 96 fd 7f 00 00
0x00007ffd96a4d068:   30 99 13 96 fd 7f 00 00 4d 65 74 68 6f 64 73 20
0x00007ffd96a4d078:   25 73 20 6e 6f 6e 2d 63 6f 6d 70 61 72 61 62 6c
0x00007ffd96a4d088:   65 20 77 69 74 68 20 64 69 61 67 6e 6f 73 69 73
0x00007ffd96a4d098:   20 25 64 00 00 00 00 00 a0 fd af 96 fd 7f 00 00
0x00007ffd96a4d0a8:   80 0a 14 96 fd 7f 00 00 30 99 13 96 fd 7f 00 00
0x00007ffd96a4d0b8:   30 99 13 96 fd 7f 00 00 30 99 13 96 fd 7f 00 00
0x00007ffd96a4d0c8:   30 99 13 96 fd 7f 00 00 80 0a 14 96 fd 7f 00 00
0x00007ffd96a4d0d8:   20 31 1a 96 fd 7f 00 00 30 73 1a 96 fd 7f 00 00
0x00007ffd96a4d0e8:   00 66 72 96 fd 7f 00 00 10 66 72 96 fd 7f 00 00
0x00007ffd96a4d0f8:   a0 f5 63 96 fd 7f 00 00 70 66 72 96 fd 7f 00 00
0x00007ffd96a4d108:   30 99 13 96 fd 7f 00 00 30 89 13 96 fd 7f 00 00
0x00007ffd96a4d118:   7b 6d 65 74 68 6f 64 20 63 6f 75 6e 74 65 72 73
0x00007ffd96a4d128:   7d 00 00 00 00 00 00 00 49 74 65 72 28 4d 65 74
0x00007ffd96a4d138:   68 6f 64 43 6f 75 6e 74 65 72 73 29 3a 20 25 70
0x00007ffd96a4d148:   00 00 00 00 00 00 00 00 6d 65 74 68 6f 64 20 63
0x00007ffd96a4d158:   6f 75 6e 74 65 72 73 00 28 fe af 96 fd 7f 00 00
0x00007ffd96a4d168:   80 0a 14 96 fd 7f 00 00 30 99 13 96 fd 7f 00 00
0x00007ffd96a4d178:   30 99 13 96 fd 7f 00 00 80 0a 14 96 fd 7f 00 00
0x00007ffd96a4d188:   30 99 13 96 fd 7f 00 00 30 99 13 96 fd 7f 00 00
0x00007ffd96a4d198:   80 b6 72 96 fd 7f 00 00 30 74 1a 96 fd 7f 00 00 


Stack slot to memory mapping:
stack at sp + 0 slots: 0x00007ffda91963b9 native-platform-file-events.dll
stack at sp + 1 slots: 0x0 is NULL
stack at sp + 2 slots: 0x0000028e2eebfa7a is at code_begin+2458 in an Interpreter codelet
method entry point (kind = native)  [0x0000028e2eebf0e0, 0x0000028e2eebfb60]  2688 bytes
stack at sp + 3 slots: {method} {0x0000028e45455998} 'findEntry' '(Ljava/lang/String;)J' in 'java/lang/ClassLoader$NativeLibrary'
stack at sp + 4 slots: 0x00007ffda9173133 native-platform-file-events.dll
stack at sp + 5 slots: 0x0000028e4d36b8e8 points into unknown readable memory: 0x000000010014e798 | 98 e7 14 00 01 00 00 00
stack at sp + 6 slots: 0x000000008f884180 is pointing into object: [B 
{0x000000008f8840e8} - klass: {type array byte}
 - length: 1024
stack at sp + 7 slots: 0x0000b654294bc941 is an unknown value


---------------  P R O C E S S  ---------------

Threads class SMR info:
_java_thread_list=0x0000028e4d36b430, length=86, elements={
0x0000028e2b397800, 0x0000028e45844000, 0x0000028e45846000, 0x0000028e45860000,
0x0000028e45860800, 0x0000028e45863800, 0x0000028e45869800, 0x0000028e45871800,
0x0000028e458c1800, 0x0000028e45a1e800, 0x0000028e47d34800, 0x0000028e47e9a800,
0x0000028e47ed1800, 0x0000028e48b33800, 0x0000028e485e9000, 0x0000028e491d3800,
0x0000028e481b8000, 0x0000028e47bab800, 0x0000028e48cce000, 0x0000028e47cdd800,
0x0000028e47eaf000, 0x0000028e47eac800, 0x0000028e47eaa800, 0x0000028e47eab000,
0x0000028e47eb0000, 0x0000028e47eae800, 0x0000028e47eac000, 0x0000028e47ead800,
0x0000028e4a75e000, 0x0000028e4a760800, 0x0000028e4a75f000, 0x0000028e4a75f800,
0x0000028e4a75b800, 0x0000028e4a75c800, 0x0000028e49286800, 0x0000028e49287800,
0x0000028e49288800, 0x0000028e49289000, 0x0000028e4928a000, 0x0000028e4928a800,
0x0000028e49285000, 0x0000028e4928b800, 0x0000028e49286000, 0x0000028e49290800,
0x0000028e4928e000, 0x0000028e4928c800, 0x0000028e49291800, 0x0000028e49292000,
0x0000028e49293000, 0x0000028e4928f800, 0x0000028e4928d000, 0x0000028e49293800,
0x0000028e4928f000, 0x0000028e4959a000, 0x0000028e49599000, 0x0000028e49598000,
0x0000028e49595800, 0x0000028e49595000, 0x0000028e49596800, 0x0000028e4959a800,
0x0000028e4959c000, 0x0000028e4959b800, 0x0000028e4959d000, 0x0000028e49597800,
0x0000028e495a3000, 0x0000028e495a3800, 0x0000028e4959e000, 0x0000028e4959e800,
0x0000028e495a0800, 0x0000028e4959f800, 0x0000028e495a1000, 0x0000028e495a2000,
0x0000028e4b28d800, 0x0000028e4b28f000, 0x0000028e4b289800, 0x0000028e4b28e000,
0x0000028e4b290000, 0x0000028e4b28b800, 0x0000028e4b28a000, 0x0000028e4b28b000,
0x0000028e4b291800, 0x0000028e4b290800, 0x0000028e4b292800, 0x0000028e4b28c800,
0x0000028e4b296800, 0x0000028e45a90800
}

Java Threads: ( => current thread )
  0x0000028e2b397800 JavaThread "main" [_thread_blocked, id=264, stack(0x0000009d27d00000,0x0000009d27e00000)]
  0x0000028e45844000 JavaThread "Reference Handler" daemon [_thread_blocked, id=10544, stack(0x0000009d28700000,0x0000009d28800000)]
  0x0000028e45846000 JavaThread "Finalizer" daemon [_thread_blocked, id=9872, stack(0x0000009d28800000,0x0000009d28900000)]
  0x0000028e45860000 JavaThread "Signal Dispatcher" daemon [_thread_blocked, id=8544, stack(0x0000009d28900000,0x0000009d28a00000)]
  0x0000028e45860800 JavaThread "Attach Listener" daemon [_thread_blocked, id=6044, stack(0x0000009d28a00000,0x0000009d28b00000)]
  0x0000028e45863800 JavaThread "Service Thread" daemon [_thread_blocked, id=5600, stack(0x0000009d28b00000,0x0000009d28c00000)]
  0x0000028e45869800 JavaThread "C2 CompilerThread0" daemon [_thread_blocked, id=7048, stack(0x0000009d28c00000,0x0000009d28d00000)]
  0x0000028e45871800 JavaThread "C1 CompilerThread0" daemon [_thread_blocked, id=6068, stack(0x0000009d28d00000,0x0000009d28e00000)]
  0x0000028e458c1800 JavaThread "Sweeper thread" daemon [_thread_blocked, id=2924, stack(0x0000009d28e00000,0x0000009d28f00000)]
  0x0000028e45a1e800 JavaThread "Common-Cleaner" daemon [_thread_blocked, id=10212, stack(0x0000009d28f00000,0x0000009d29000000)]
  0x0000028e47d34800 JavaThread "Daemon health stats" [_thread_blocked, id=6424, stack(0x0000009d29500000,0x0000009d29600000)]
  0x0000028e47e9a800 JavaThread "Incoming local TCP Connector on port 57844" [_thread_in_native, id=7820, stack(0x0000009d29600000,0x0000009d29700000)]
  0x0000028e47ed1800 JavaThread "Daemon periodic checks" [_thread_blocked, id=8596, stack(0x0000009d29700000,0x0000009d29800000)]
  0x0000028e48b33800 JavaThread "Daemon" [_thread_blocked, id=9488, stack(0x0000009d29800000,0x0000009d29900000)]
  0x0000028e485e9000 JavaThread "Handler for socket connection from /127.0.0.1:57844 to /127.0.0.1:57845" [_thread_in_native, id=5672, stack(0x0000009d29900000,0x0000009d29a00000)]
  0x0000028e491d3800 JavaThread "Cancel handler" [_thread_blocked, id=10276, stack(0x0000009d29a00000,0x0000009d29b00000)]
  0x0000028e481b8000 JavaThread "Daemon worker" [_thread_blocked, id=9144, stack(0x0000009d29b00000,0x0000009d29c00000)]
  0x0000028e47bab800 JavaThread "Asynchronous log dispatcher for DefaultDaemonConnection: socket connection from /127.0.0.1:57844 to /127.0.0.1:57845" [_thread_blocked, id=3732, stack(0x0000009d29c00000,0x0000009d29d00000)]
  0x0000028e48cce000 JavaThread "Stdin handler" [_thread_blocked, id=10208, stack(0x0000009d29d00000,0x0000009d29e00000)]
  0x0000028e47cdd800 JavaThread "Daemon client event forwarder" [_thread_blocked, id=3600, stack(0x0000009d29e00000,0x0000009d29f00000)]
  0x0000028e47eaf000 JavaThread "Cache worker for journal cache (C:\Users\it_04\.gradle\caches\journal-1)" [_thread_blocked, id=8136, stack(0x0000009d2a100000,0x0000009d2a200000)]
  0x0000028e47eac800 JavaThread "File lock request listener" [_thread_in_native, id=4248, stack(0x0000009d2a200000,0x0000009d2a300000)]
  0x0000028e47eaa800 JavaThread "Cache worker for file hash cache (C:\Users\it_04\.gradle\caches\7.5\fileHashes)" [_thread_blocked, id=9952, stack(0x0000009d2a300000,0x0000009d2a400000)]
=>0x0000028e47eab000 JavaThread "File watcher server" daemon [_thread_in_native, id=3936, stack(0x0000009d2a400000,0x0000009d2a500000)]
  0x0000028e47eb0000 JavaThread "Cache worker for checksums cache (D:\SourceAndroid\KyThuat\.gradle\7.5\checksums)" [_thread_blocked, id=5144, stack(0x0000009d2a600000,0x0000009d2a700000)]
  0x0000028e47eae800 JavaThread "Cache worker for cache directory md-rule (C:\Users\it_04\.gradle\caches\7.5\md-rule)" [_thread_blocked, id=6468, stack(0x0000009d2a700000,0x0000009d2a800000)]
  0x0000028e47eac000 JavaThread "Cache worker for file content cache (C:\Users\it_04\.gradle\caches\7.5\fileContent)" [_thread_blocked, id=8536, stack(0x0000009d2a800000,0x0000009d2a900000)]
  0x0000028e47ead800 JavaThread "Cache worker for file hash cache (D:\SourceAndroid\KyThuat\.gradle\7.5\fileHashes)" [_thread_blocked, id=2892, stack(0x0000009d2a900000,0x0000009d2aa00000)]
  0x0000028e4a75e000 JavaThread "Cache worker for cache directory md-supplier (C:\Users\it_04\.gradle\caches\7.5\md-supplier)" [_thread_blocked, id=8348, stack(0x0000009d2aa00000,0x0000009d2ab00000)]
  0x0000028e4a760800 JavaThread "Cache worker for execution history cache (C:\Users\it_04\.gradle\caches\7.5\executionHistory)" [_thread_blocked, id=8856, stack(0x0000009d2ab00000,0x0000009d2ac00000)]
  0x0000028e4a75f000 JavaThread "jar transforms" [_thread_blocked, id=11108, stack(0x0000009d2ac00000,0x0000009d2ad00000)]
  0x0000028e4a75f800 JavaThread "jar transforms Thread 2" [_thread_blocked, id=1164, stack(0x0000009d2ad00000,0x0000009d2ae00000)]
  0x0000028e4a75b800 JavaThread "jar transforms Thread 3" [_thread_blocked, id=4964, stack(0x0000009d2ae00000,0x0000009d2af00000)]
  0x0000028e4a75c800 JavaThread "jar transforms Thread 4" [_thread_blocked, id=9696, stack(0x0000009d2af00000,0x0000009d2b000000)]
  0x0000028e49286800 JavaThread "Cache worker for dependencies-accessors (D:\SourceAndroid\KyThuat\.gradle\7.5\dependencies-accessors)" [_thread_blocked, id=10996, stack(0x0000009d2b000000,0x0000009d2b100000)]
  0x0000028e49287800 JavaThread "Cache worker for Build Output Cleanup Cache (D:\SourceAndroid\KyThuat\.gradle\buildOutputCleanup)" [_thread_blocked, id=732, stack(0x0000009d2b100000,0x0000009d2b200000)]
  0x0000028e49288800 JavaThread "Unconstrained build operations" [_thread_blocked, id=3944, stack(0x0000009d2b200000,0x0000009d2b300000)]
  0x0000028e49289000 JavaThread "Unconstrained build operations Thread 2" [_thread_blocked, id=5608, stack(0x0000009d2b300000,0x0000009d2b400000)]
  0x0000028e4928a000 JavaThread "Unconstrained build operations Thread 3" [_thread_blocked, id=6104, stack(0x0000009d2b400000,0x0000009d2b500000)]
  0x0000028e4928a800 JavaThread "Unconstrained build operations Thread 4" [_thread_blocked, id=9752, stack(0x0000009d2b500000,0x0000009d2b600000)]
  0x0000028e49285000 JavaThread "Unconstrained build operations Thread 5" [_thread_blocked, id=10868, stack(0x0000009d2b600000,0x0000009d2b700000)]
  0x0000028e4928b800 JavaThread "Unconstrained build operations Thread 6" [_thread_blocked, id=4524, stack(0x0000009d2b700000,0x0000009d2b800000)]
  0x0000028e49286000 JavaThread "Unconstrained build operations Thread 7" [_thread_blocked, id=1908, stack(0x0000009d2b800000,0x0000009d2b900000)]
  0x0000028e49290800 JavaThread "Unconstrained build operations Thread 8" [_thread_blocked, id=5692, stack(0x0000009d2b900000,0x0000009d2ba00000)]
  0x0000028e4928e000 JavaThread "Unconstrained build operations Thread 9" [_thread_blocked, id=3340, stack(0x0000009d2ba00000,0x0000009d2bb00000)]
  0x0000028e4928c800 JavaThread "Unconstrained build operations Thread 10" [_thread_blocked, id=4928, stack(0x0000009d2bb00000,0x0000009d2bc00000)]
  0x0000028e49291800 JavaThread "Unconstrained build operations Thread 11" [_thread_blocked, id=1732, stack(0x0000009d2bc00000,0x0000009d2bd00000)]
  0x0000028e49292000 JavaThread "Unconstrained build operations Thread 12" [_thread_blocked, id=6612, stack(0x0000009d2bd00000,0x0000009d2be00000)]
  0x0000028e49293000 JavaThread "Unconstrained build operations Thread 13" [_thread_blocked, id=1904, stack(0x0000009d2be00000,0x0000009d2bf00000)]
  0x0000028e4928f800 JavaThread "Unconstrained build operations Thread 14" [_thread_blocked, id=7232, stack(0x0000009d2bf00000,0x0000009d2c000000)]
  0x0000028e4928d000 JavaThread "Unconstrained build operations Thread 15" [_thread_blocked, id=4676, stack(0x0000009d2c000000,0x0000009d2c100000)]
  0x0000028e49293800 JavaThread "Unconstrained build operations Thread 16" [_thread_blocked, id=3108, stack(0x0000009d2c100000,0x0000009d2c200000)]
  0x0000028e4928f000 JavaThread "Unconstrained build operations Thread 17" [_thread_blocked, id=3648, stack(0x0000009d2c200000,0x0000009d2c300000)]
  0x0000028e4959a000 JavaThread "Unconstrained build operations Thread 18" [_thread_blocked, id=7040, stack(0x0000009d2c300000,0x0000009d2c400000)]
  0x0000028e49599000 JavaThread "Unconstrained build operations Thread 19" [_thread_blocked, id=3052, stack(0x0000009d2c400000,0x0000009d2c500000)]
  0x0000028e49598000 JavaThread "Unconstrained build operations Thread 20" [_thread_blocked, id=4324, stack(0x0000009d2c500000,0x0000009d2c600000)]
  0x0000028e49595800 JavaThread "Unconstrained build operations Thread 21" [_thread_blocked, id=9556, stack(0x0000009d2c600000,0x0000009d2c700000)]
  0x0000028e49595000 JavaThread "Unconstrained build operations Thread 22" [_thread_blocked, id=3264, stack(0x0000009d2c700000,0x0000009d2c800000)]
  0x0000028e49596800 JavaThread "Unconstrained build operations Thread 23" [_thread_blocked, id=2784, stack(0x0000009d2c800000,0x0000009d2c900000)]
  0x0000028e4959a800 JavaThread "Unconstrained build operations Thread 24" [_thread_blocked, id=10040, stack(0x0000009d2c900000,0x0000009d2ca00000)]
  0x0000028e4959c000 JavaThread "Unconstrained build operations Thread 25" [_thread_blocked, id=9252, stack(0x0000009d2ca00000,0x0000009d2cb00000)]
  0x0000028e4959b800 JavaThread "Unconstrained build operations Thread 26" [_thread_blocked, id=8564, stack(0x0000009d2cb00000,0x0000009d2cc00000)]
  0x0000028e4959d000 JavaThread "Unconstrained build operations Thread 27" [_thread_blocked, id=4492, stack(0x0000009d2cc00000,0x0000009d2cd00000)]
  0x0000028e49597800 JavaThread "Unconstrained build operations Thread 28" [_thread_blocked, id=640, stack(0x0000009d2cd00000,0x0000009d2ce00000)]
  0x0000028e495a3000 JavaThread "Unconstrained build operations Thread 29" [_thread_blocked, id=5544, stack(0x0000009d2ce00000,0x0000009d2cf00000)]
  0x0000028e495a3800 JavaThread "Unconstrained build operations Thread 30" [_thread_blocked, id=8124, stack(0x0000009d2cf00000,0x0000009d2d000000)]
  0x0000028e4959e000 JavaThread "Unconstrained build operations Thread 31" [_thread_blocked, id=10672, stack(0x0000009d2d000000,0x0000009d2d100000)]
  0x0000028e4959e800 JavaThread "Unconstrained build operations Thread 32" [_thread_blocked, id=6624, stack(0x0000009d2d100000,0x0000009d2d200000)]
  0x0000028e495a0800 JavaThread "Unconstrained build operations Thread 33" [_thread_blocked, id=6964, stack(0x0000009d2d200000,0x0000009d2d300000)]
  0x0000028e4959f800 JavaThread "Unconstrained build operations Thread 34" [_thread_blocked, id=6548, stack(0x0000009d2d300000,0x0000009d2d400000)]
  0x0000028e495a1000 JavaThread "Unconstrained build operations Thread 35" [_thread_blocked, id=11012, stack(0x0000009d2d400000,0x0000009d2d500000)]
  0x0000028e495a2000 JavaThread "Unconstrained build operations Thread 36" [_thread_blocked, id=11240, stack(0x0000009d2d500000,0x0000009d2d600000)]
  0x0000028e4b28d800 JavaThread "Unconstrained build operations Thread 37" [_thread_blocked, id=6748, stack(0x0000009d2d600000,0x0000009d2d700000)]
  0x0000028e4b28f000 JavaThread "Unconstrained build operations Thread 38" [_thread_blocked, id=9900, stack(0x0000009d2d700000,0x0000009d2d800000)]
  0x0000028e4b289800 JavaThread "Unconstrained build operations Thread 39" [_thread_blocked, id=10576, stack(0x0000009d2d800000,0x0000009d2d900000)]
  0x0000028e4b28e000 JavaThread "Unconstrained build operations Thread 40" [_thread_blocked, id=2692, stack(0x0000009d2d900000,0x0000009d2da00000)]
  0x0000028e4b290000 JavaThread "Memory manager" [_thread_blocked, id=8988, stack(0x0000009d2da00000,0x0000009d2db00000)]
  0x0000028e4b28b800 JavaThread "build event listener" [_thread_blocked, id=10316, stack(0x0000009d2db00000,0x0000009d2dc00000)]
  0x0000028e4b28a000 JavaThread "pool-3-thread-1" [_thread_blocked, id=8592, stack(0x0000009d2dc00000,0x0000009d2dd00000)]
  0x0000028e4b28b000 JavaThread "build event listener" [_thread_blocked, id=11188, stack(0x0000009d2dd00000,0x0000009d2de00000)]
  0x0000028e4b291800 JavaThread "included builds" [_thread_in_vm, id=11184, stack(0x0000009d2de00000,0x0000009d2df00000)]
  0x0000028e4b290800 JavaThread "Execution worker" [_thread_blocked, id=8480, stack(0x0000009d2df00000,0x0000009d2e000000)]
  0x0000028e4b292800 JavaThread "Execution worker Thread 2" [_thread_blocked, id=4372, stack(0x0000009d2e000000,0x0000009d2e100000)]
  0x0000028e4b28c800 JavaThread "Execution worker Thread 3" [_thread_blocked, id=10640, stack(0x0000009d2e100000,0x0000009d2e200000)]
  0x0000028e4b296800 JavaThread "Cache worker for execution history cache (D:\SourceAndroid\KyThuat\.gradle\7.5\executionHistory)" [_thread_blocked, id=2356, stack(0x0000009d2e200000,0x0000009d2e300000)]
  0x0000028e45a90800 JavaThread "C2 CompilerThread1" daemon [_thread_blocked, id=9516, stack(0x0000009d29100000,0x0000009d29200000)]

Other Threads:
  0x0000028e457ff000 VMThread "VM Thread" [stack: 0x0000009d28600000,0x0000009d28700000] [id=9408]
  0x0000028e45a28000 WatcherThread [stack: 0x0000009d29000000,0x0000009d29100000] [id=1420]
  0x0000028e2b3b0000 GCTaskThread "GC Thread#0" [stack: 0x0000009d28100000,0x0000009d28200000] [id=1480]
  0x0000028e465f1800 GCTaskThread "GC Thread#1" [stack: 0x0000009d29200000,0x0000009d29300000] [id=8600]
  0x0000028e46633000 GCTaskThread "GC Thread#2" [stack: 0x0000009d29300000,0x0000009d29400000] [id=11144]
  0x0000028e4666b800 GCTaskThread "GC Thread#3" [stack: 0x0000009d29400000,0x0000009d29500000] [id=10376]
  0x0000028e2b3df800 ConcurrentGCThread "G1 Main Marker" [stack: 0x0000009d28200000,0x0000009d28300000] [id=9756]
  0x0000028e2b3e1800 ConcurrentGCThread "G1 Conc#0" [stack: 0x0000009d28300000,0x0000009d28400000] [id=2288]
  0x0000028e44e5e800 ConcurrentGCThread "G1 Refine#0" [stack: 0x0000009d28400000,0x0000009d28500000] [id=8728]
  0x0000028e463da000 ConcurrentGCThread "G1 Refine#1" [stack: 0x0000009d29f00000,0x0000009d2a000000] [id=10812]
  0x0000028e46a48800 ConcurrentGCThread "G1 Refine#2" [stack: 0x0000009d2a000000,0x0000009d2a100000] [id=1956]
  0x0000028e44e5f800 ConcurrentGCThread "G1 Young RemSet Sampling" [stack: 0x0000009d28500000,0x0000009d28600000] [id=2120]

Threads with active compile tasks:

VM state:not at safepoint (normal execution)

VM Mutex/Monitor currently owned by a thread: None

Heap address: 0x0000000080000000, size: 2048 MB, Compressed Oops mode: 32-bit
Narrow klass base: 0x0000000000000000, Narrow klass shift: 3
Compressed class space size: 1073741824 Address: 0x0000000100000000

Heap:
 garbage-first heap   total 312320K, used 147861K [0x0000000080000000, 0x0000000100000000)
  region size 1024K, 96 young (98304K), 16 survivors (16384K)
 Metaspace       used 85910K, capacity 88149K, committed 88436K, reserved 1126400K
  class space    used 11122K, capacity 11922K, committed 12056K, reserved 1048576K
Heap Regions: E=young(eden), S=young(survivor), O=old, HS=humongous(starts), HC=humongous(continues), CS=collection set, F=free, A=archive, TAMS=top-at-mark-start (previous, next)
|   0|0x0000000080000000, 0x0000000080100000, 0x0000000080100000|100%|HS|  |TAMS 0x0000000080100000, 0x0000000080000000| Complete 
|   1|0x0000000080100000, 0x0000000080200000, 0x0000000080200000|100%|HC|  |TAMS 0x0000000080200000, 0x0000000080100000| Complete 
|   2|0x0000000080200000, 0x0000000080300000, 0x0000000080300000|100%|HC|  |TAMS 0x0000000080300000, 0x0000000080200000| Complete 
|   3|0x0000000080300000, 0x0000000080400000, 0x0000000080400000|100%| O|  |TAMS 0x0000000080400000, 0x0000000080300000| Untracked 
|   4|0x0000000080400000, 0x0000000080500000, 0x0000000080500000|100%| O|  |TAMS 0x0000000080500000, 0x0000000080400000| Untracked 
|   5|0x0000000080500000, 0x0000000080600000, 0x0000000080600000|100%| O|  |TAMS 0x0000000080600000, 0x0000000080500000| Untracked 
|   6|0x0000000080600000, 0x0000000080700000, 0x0000000080700000|100%| O|  |TAMS 0x0000000080700000, 0x0000000080600000| Untracked 
|   7|0x0000000080700000, 0x0000000080800000, 0x0000000080800000|100%| O|  |TAMS 0x0000000080800000, 0x0000000080700000| Untracked 
|   8|0x0000000080800000, 0x0000000080900000, 0x0000000080900000|100%| O|  |TAMS 0x0000000080900000, 0x0000000080800000| Untracked 
|   9|0x0000000080900000, 0x0000000080a00000, 0x0000000080a00000|100%| O|  |TAMS 0x0000000080a00000, 0x0000000080900000| Untracked 
|  10|0x0000000080a00000, 0x0000000080b00000, 0x0000000080b00000|100%| O|  |TAMS 0x0000000080b00000, 0x0000000080a00000| Untracked 
|  11|0x0000000080b00000, 0x0000000080c00000, 0x0000000080c00000|100%| O|  |TAMS 0x0000000080c00000, 0x0000000080b00000| Untracked 
|  12|0x0000000080c00000, 0x0000000080d00000, 0x0000000080d00000|100%| O|  |TAMS 0x0000000080d00000, 0x0000000080c00000| Untracked 
|  13|0x0000000080d00000, 0x0000000080e00000, 0x0000000080e00000|100%| O|  |TAMS 0x0000000080e00000, 0x0000000080d00000| Untracked 
|  14|0x0000000080e00000, 0x0000000080f00000, 0x0000000080f00000|100%| O|  |TAMS 0x0000000080f00000, 0x0000000080e00000| Untracked 
|  15|0x0000000080f00000, 0x0000000081000000, 0x0000000081000000|100%| O|  |TAMS 0x0000000081000000, 0x0000000080f00000| Untracked 
|  16|0x0000000081000000, 0x0000000081100000, 0x0000000081100000|100%| O|  |TAMS 0x0000000081100000, 0x0000000081000000| Untracked 
|  17|0x0000000081100000, 0x0000000081200000, 0x0000000081200000|100%|HS|  |TAMS 0x0000000081200000, 0x0000000081100000| Complete 
|  18|0x0000000081200000, 0x0000000081300000, 0x0000000081300000|100%|HS|  |TAMS 0x0000000081300000, 0x0000000081200000| Complete 
|  19|0x0000000081300000, 0x0000000081400000, 0x0000000081400000|100%| O|  |TAMS 0x0000000081400000, 0x0000000081300000| Untracked 
|  20|0x0000000081400000, 0x0000000081500000, 0x0000000081500000|100%| O|  |TAMS 0x0000000081500000, 0x0000000081400000| Untracked 
|  21|0x0000000081500000, 0x0000000081600000, 0x0000000081600000|100%| O|  |TAMS 0x0000000081600000, 0x0000000081500000| Untracked 
|  22|0x0000000081600000, 0x0000000081700000, 0x0000000081700000|100%|HS|  |TAMS 0x0000000081700000, 0x0000000081600000| Complete 
|  23|0x0000000081700000, 0x0000000081800000, 0x0000000081800000|100%|HC|  |TAMS 0x0000000081800000, 0x0000000081700000| Complete 
|  24|0x0000000081800000, 0x0000000081900000, 0x0000000081900000|100%| O|  |TAMS 0x0000000081900000, 0x0000000081800000| Untracked 
|  25|0x0000000081900000, 0x0000000081a00000, 0x0000000081a00000|100%| O|  |TAMS 0x0000000081a00000, 0x0000000081900000| Untracked 
|  26|0x0000000081a00000, 0x0000000081b00000, 0x0000000081b00000|100%| O|  |TAMS 0x0000000081b00000, 0x0000000081a00000| Untracked 
|  27|0x0000000081b00000, 0x0000000081c00000, 0x0000000081c00000|100%| O|  |TAMS 0x0000000081c00000, 0x0000000081b00000| Untracked 
|  28|0x0000000081c00000, 0x0000000081d00000, 0x0000000081d00000|100%| O|  |TAMS 0x0000000081d00000, 0x0000000081c00000| Untracked 
|  29|0x0000000081d00000, 0x0000000081e00000, 0x0000000081e00000|100%| O|  |TAMS 0x0000000081e00000, 0x0000000081d00000| Untracked 
|  30|0x0000000081e00000, 0x0000000081f00000, 0x0000000081f00000|100%| O|  |TAMS 0x0000000081f00000, 0x0000000081e00000| Untracked 
|  31|0x0000000081f00000, 0x0000000082000000, 0x0000000082000000|100%| O|  |TAMS 0x0000000082000000, 0x0000000081f00000| Untracked 
|  32|0x0000000082000000, 0x0000000082100000, 0x0000000082100000|100%| O|  |TAMS 0x0000000082100000, 0x0000000082000000| Untracked 
|  33|0x0000000082100000, 0x0000000082200000, 0x0000000082200000|100%| O|  |TAMS 0x0000000082200000, 0x0000000082100000| Untracked 
|  34|0x0000000082200000, 0x0000000082265600, 0x0000000082300000| 39%| O|  |TAMS 0x0000000082265600, 0x0000000082200000| Untracked 
|  35|0x0000000082300000, 0x0000000082400000, 0x0000000082400000|100%| O|  |TAMS 0x0000000082400000, 0x0000000082300000| Untracked 
|  36|0x0000000082400000, 0x0000000082500000, 0x0000000082500000|100%| O|  |TAMS 0x0000000082500000, 0x0000000082400000| Untracked 
|  37|0x0000000082500000, 0x0000000082600000, 0x0000000082600000|100%| O|  |TAMS 0x0000000082600000, 0x0000000082500000| Untracked 
|  38|0x0000000082600000, 0x0000000082700000, 0x0000000082700000|100%| O|  |TAMS 0x0000000082700000, 0x0000000082600000| Untracked 
|  39|0x0000000082700000, 0x0000000082800000, 0x0000000082800000|100%| O|  |TAMS 0x0000000082800000, 0x0000000082700000| Untracked 
|  40|0x0000000082800000, 0x0000000082900000, 0x0000000082900000|100%| O|  |TAMS 0x0000000082900000, 0x0000000082800000| Untracked 
|  41|0x0000000082900000, 0x0000000082a00000, 0x0000000082a00000|100%| O|  |TAMS 0x0000000082a00000, 0x0000000082900000| Untracked 
|  42|0x0000000082a00000, 0x0000000082b00000, 0x0000000082b00000|100%| O|  |TAMS 0x0000000082b00000, 0x0000000082a00000| Untracked 
|  43|0x0000000082b00000, 0x0000000082c00000, 0x0000000082c00000|100%| O|  |TAMS 0x0000000082c00000, 0x0000000082b00000| Untracked 
|  44|0x0000000082c00000, 0x0000000082d00000, 0x0000000082d00000|100%| O|  |TAMS 0x0000000082d00000, 0x0000000082c00000| Untracked 
|  45|0x0000000082d00000, 0x0000000082e00000, 0x0000000082e00000|100%| O|  |TAMS 0x0000000082e00000, 0x0000000082d00000| Untracked 
|  46|0x0000000082e00000, 0x0000000082f00000, 0x0000000082f00000|100%| O|  |TAMS 0x0000000082f00000, 0x0000000082e00000| Untracked 
|  47|0x0000000082f00000, 0x0000000083000000, 0x0000000083000000|100%| O|  |TAMS 0x0000000083000000, 0x0000000082f00000| Untracked 
|  48|0x0000000083000000, 0x0000000083100000, 0x0000000083100000|100%| O|  |TAMS 0x0000000083100000, 0x0000000083000000| Untracked 
|  49|0x0000000083100000, 0x0000000083200000, 0x0000000083200000|100%| O|  |TAMS 0x0000000083200000, 0x0000000083100000| Untracked 
|  50|0x0000000083200000, 0x0000000083300000, 0x0000000083300000|100%| O|  |TAMS 0x0000000083300000, 0x0000000083200000| Untracked 
|  51|0x0000000083300000, 0x0000000083300000, 0x0000000083400000|  0%| F|  |TAMS 0x0000000083300000, 0x0000000083300000| Untracked 
|  52|0x0000000083400000, 0x0000000083400000, 0x0000000083500000|  0%| F|  |TAMS 0x0000000083400000, 0x0000000083400000| Untracked 
|  53|0x0000000083500000, 0x0000000083500000, 0x0000000083600000|  0%| F|  |TAMS 0x0000000083500000, 0x0000000083500000| Untracked 
|  54|0x0000000083600000, 0x0000000083600000, 0x0000000083700000|  0%| F|  |TAMS 0x0000000083600000, 0x0000000083600000| Untracked 
|  55|0x0000000083700000, 0x0000000083700000, 0x0000000083800000|  0%| F|  |TAMS 0x0000000083700000, 0x0000000083700000| Untracked 
|  56|0x0000000083800000, 0x0000000083800000, 0x0000000083900000|  0%| F|  |TAMS 0x0000000083800000, 0x0000000083800000| Untracked 
|  57|0x0000000083900000, 0x0000000083900000, 0x0000000083a00000|  0%| F|  |TAMS 0x0000000083900000, 0x0000000083900000| Untracked 
|  58|0x0000000083a00000, 0x0000000083a00000, 0x0000000083b00000|  0%| F|  |TAMS 0x0000000083a00000, 0x0000000083a00000| Untracked 
|  59|0x0000000083b00000, 0x0000000083b00000, 0x0000000083c00000|  0%| F|  |TAMS 0x0000000083b00000, 0x0000000083b00000| Untracked 
|  60|0x0000000083c00000, 0x0000000083c00000, 0x0000000083d00000|  0%| F|  |TAMS 0x0000000083c00000, 0x0000000083c00000| Untracked 
|  61|0x0000000083d00000, 0x0000000083d00000, 0x0000000083e00000|  0%| F|  |TAMS 0x0000000083d00000, 0x0000000083d00000| Untracked 
|  62|0x0000000083e00000, 0x0000000083e00000, 0x0000000083f00000|  0%| F|  |TAMS 0x0000000083e00000, 0x0000000083e00000| Untracked 
|  63|0x0000000083f00000, 0x0000000083f00000, 0x0000000084000000|  0%| F|  |TAMS 0x0000000083f00000, 0x0000000083f00000| Untracked 
|  64|0x0000000084000000, 0x0000000084000000, 0x0000000084100000|  0%| F|  |TAMS 0x0000000084000000, 0x0000000084000000| Untracked 
|  65|0x0000000084100000, 0x0000000084100000, 0x0000000084200000|  0%| F|  |TAMS 0x0000000084100000, 0x0000000084100000| Untracked 
|  66|0x0000000084200000, 0x0000000084200000, 0x0000000084300000|  0%| F|  |TAMS 0x0000000084200000, 0x0000000084200000| Untracked 
|  67|0x0000000084300000, 0x0000000084300000, 0x0000000084400000|  0%| F|  |TAMS 0x0000000084300000, 0x0000000084300000| Untracked 
|  68|0x0000000084400000, 0x0000000084400000, 0x0000000084500000|  0%| F|  |TAMS 0x0000000084400000, 0x0000000084400000| Untracked 
|  69|0x0000000084500000, 0x0000000084500000, 0x0000000084600000|  0%| F|  |TAMS 0x0000000084500000, 0x0000000084500000| Untracked 
|  70|0x0000000084600000, 0x0000000084600000, 0x0000000084700000|  0%| F|  |TAMS 0x0000000084600000, 0x0000000084600000| Untracked 
|  71|0x0000000084700000, 0x0000000084700000, 0x0000000084800000|  0%| F|  |TAMS 0x0000000084700000, 0x0000000084700000| Untracked 
|  72|0x0000000084800000, 0x0000000084800000, 0x0000000084900000|  0%| F|  |TAMS 0x0000000084800000, 0x0000000084800000| Untracked 
|  73|0x0000000084900000, 0x0000000084900000, 0x0000000084a00000|  0%| F|  |TAMS 0x0000000084900000, 0x0000000084900000| Untracked 
|  74|0x0000000084a00000, 0x0000000084a00000, 0x0000000084b00000|  0%| F|  |TAMS 0x0000000084a00000, 0x0000000084a00000| Untracked 
|  75|0x0000000084b00000, 0x0000000084b00000, 0x0000000084c00000|  0%| F|  |TAMS 0x0000000084b00000, 0x0000000084b00000| Untracked 
|  76|0x0000000084c00000, 0x0000000084c00000, 0x0000000084d00000|  0%| F|  |TAMS 0x0000000084c00000, 0x0000000084c00000| Untracked 
|  77|0x0000000084d00000, 0x0000000084d00000, 0x0000000084e00000|  0%| F|  |TAMS 0x0000000084d00000, 0x0000000084d00000| Untracked 
|  78|0x0000000084e00000, 0x0000000084e00000, 0x0000000084f00000|  0%| F|  |TAMS 0x0000000084e00000, 0x0000000084e00000| Untracked 
|  79|0x0000000084f00000, 0x0000000084f00000, 0x0000000085000000|  0%| F|  |TAMS 0x0000000084f00000, 0x0000000084f00000| Untracked 
|  80|0x0000000085000000, 0x0000000085000000, 0x0000000085100000|  0%| F|  |TAMS 0x0000000085000000, 0x0000000085000000| Untracked 
|  81|0x0000000085100000, 0x0000000085100000, 0x0000000085200000|  0%| F|  |TAMS 0x0000000085100000, 0x0000000085100000| Untracked 
|  82|0x0000000085200000, 0x0000000085200000, 0x0000000085300000|  0%| F|  |TAMS 0x0000000085200000, 0x0000000085200000| Untracked 
|  83|0x0000000085300000, 0x0000000085300000, 0x0000000085400000|  0%| F|  |TAMS 0x0000000085300000, 0x0000000085300000| Untracked 
|  84|0x0000000085400000, 0x0000000085400000, 0x0000000085500000|  0%| F|  |TAMS 0x0000000085400000, 0x0000000085400000| Untracked 
|  85|0x0000000085500000, 0x0000000085500000, 0x0000000085600000|  0%| F|  |TAMS 0x0000000085500000, 0x0000000085500000| Untracked 
|  86|0x0000000085600000, 0x0000000085600000, 0x0000000085700000|  0%| F|  |TAMS 0x0000000085600000, 0x0000000085600000| Untracked 
|  87|0x0000000085700000, 0x0000000085700000, 0x0000000085800000|  0%| F|  |TAMS 0x0000000085700000, 0x0000000085700000| Untracked 
|  88|0x0000000085800000, 0x0000000085800000, 0x0000000085900000|  0%| F|  |TAMS 0x0000000085800000, 0x0000000085800000| Untracked 
|  89|0x0000000085900000, 0x0000000085900000, 0x0000000085a00000|  0%| F|  |TAMS 0x0000000085900000, 0x0000000085900000| Untracked 
|  90|0x0000000085a00000, 0x0000000085a00000, 0x0000000085b00000|  0%| F|  |TAMS 0x0000000085a00000, 0x0000000085a00000| Untracked 
|  91|0x0000000085b00000, 0x0000000085b00000, 0x0000000085c00000|  0%| F|  |TAMS 0x0000000085b00000, 0x0000000085b00000| Untracked 
|  92|0x0000000085c00000, 0x0000000085c00000, 0x0000000085d00000|  0%| F|  |TAMS 0x0000000085c00000, 0x0000000085c00000| Untracked 
|  93|0x0000000085d00000, 0x0000000085d00000, 0x0000000085e00000|  0%| F|  |TAMS 0x0000000085d00000, 0x0000000085d00000| Untracked 
|  94|0x0000000085e00000, 0x0000000085e00000, 0x0000000085f00000|  0%| F|  |TAMS 0x0000000085e00000, 0x0000000085e00000| Untracked 
|  95|0x0000000085f00000, 0x0000000085f00000, 0x0000000086000000|  0%| F|  |TAMS 0x0000000085f00000, 0x0000000085f00000| Untracked 
|  96|0x0000000086000000, 0x0000000086000000, 0x0000000086100000|  0%| F|  |TAMS 0x0000000086000000, 0x0000000086000000| Untracked 
|  97|0x0000000086100000, 0x0000000086100000, 0x0000000086200000|  0%| F|  |TAMS 0x0000000086100000, 0x0000000086100000| Untracked 
|  98|0x0000000086200000, 0x0000000086200000, 0x0000000086300000|  0%| F|  |TAMS 0x0000000086200000, 0x0000000086200000| Untracked 
|  99|0x0000000086300000, 0x0000000086300000, 0x0000000086400000|  0%| F|  |TAMS 0x0000000086300000, 0x0000000086300000| Untracked 
| 100|0x0000000086400000, 0x0000000086400000, 0x0000000086500000|  0%| F|  |TAMS 0x0000000086400000, 0x0000000086400000| Untracked 
| 101|0x0000000086500000, 0x0000000086500000, 0x0000000086600000|  0%| F|  |TAMS 0x0000000086500000, 0x0000000086500000| Untracked 
| 102|0x0000000086600000, 0x0000000086600000, 0x0000000086700000|  0%| F|  |TAMS 0x0000000086600000, 0x0000000086600000| Untracked 
| 103|0x0000000086700000, 0x0000000086700000, 0x0000000086800000|  0%| F|  |TAMS 0x0000000086700000, 0x0000000086700000| Untracked 
| 104|0x0000000086800000, 0x0000000086800000, 0x0000000086900000|  0%| F|  |TAMS 0x0000000086800000, 0x0000000086800000| Untracked 
| 105|0x0000000086900000, 0x0000000086900000, 0x0000000086a00000|  0%| F|  |TAMS 0x0000000086900000, 0x0000000086900000| Untracked 
| 106|0x0000000086a00000, 0x0000000086a00000, 0x0000000086b00000|  0%| F|  |TAMS 0x0000000086a00000, 0x0000000086a00000| Untracked 
| 107|0x0000000086b00000, 0x0000000086b00000, 0x0000000086c00000|  0%| F|  |TAMS 0x0000000086b00000, 0x0000000086b00000| Untracked 
| 108|0x0000000086c00000, 0x0000000086c00000, 0x0000000086d00000|  0%| F|  |TAMS 0x0000000086c00000, 0x0000000086c00000| Untracked 
| 109|0x0000000086d00000, 0x0000000086d00000, 0x0000000086e00000|  0%| F|  |TAMS 0x0000000086d00000, 0x0000000086d00000| Untracked 
| 110|0x0000000086e00000, 0x0000000086e00000, 0x0000000086f00000|  0%| F|  |TAMS 0x0000000086e00000, 0x0000000086e00000| Untracked 
| 111|0x0000000086f00000, 0x0000000086f00000, 0x0000000087000000|  0%| F|  |TAMS 0x0000000086f00000, 0x0000000086f00000| Untracked 
| 112|0x0000000087000000, 0x0000000087000000, 0x0000000087100000|  0%| F|  |TAMS 0x0000000087000000, 0x0000000087000000| Untracked 
| 113|0x0000000087100000, 0x0000000087100000, 0x0000000087200000|  0%| F|  |TAMS 0x0000000087100000, 0x0000000087100000| Untracked 
| 114|0x0000000087200000, 0x0000000087200000, 0x0000000087300000|  0%| F|  |TAMS 0x0000000087200000, 0x0000000087200000| Untracked 
| 115|0x0000000087300000, 0x0000000087300000, 0x0000000087400000|  0%| F|  |TAMS 0x0000000087300000, 0x0000000087300000| Untracked 
| 116|0x0000000087400000, 0x0000000087400000, 0x0000000087500000|  0%| F|  |TAMS 0x0000000087400000, 0x0000000087400000| Untracked 
| 117|0x0000000087500000, 0x0000000087500000, 0x0000000087600000|  0%| F|  |TAMS 0x0000000087500000, 0x0000000087500000| Untracked 
| 118|0x0000000087600000, 0x0000000087600000, 0x0000000087700000|  0%| F|  |TAMS 0x0000000087600000, 0x0000000087600000| Untracked 
| 119|0x0000000087700000, 0x0000000087700000, 0x0000000087800000|  0%| F|  |TAMS 0x0000000087700000, 0x0000000087700000| Untracked 
| 120|0x0000000087800000, 0x0000000087800000, 0x0000000087900000|  0%| F|  |TAMS 0x0000000087800000, 0x0000000087800000| Untracked 
| 121|0x0000000087900000, 0x0000000087900000, 0x0000000087a00000|  0%| F|  |TAMS 0x0000000087900000, 0x0000000087900000| Untracked 
| 122|0x0000000087a00000, 0x0000000087a00000, 0x0000000087b00000|  0%| F|  |TAMS 0x0000000087a00000, 0x0000000087a00000| Untracked 
| 123|0x0000000087b00000, 0x0000000087b00000, 0x0000000087c00000|  0%| F|  |TAMS 0x0000000087b00000, 0x0000000087b00000| Untracked 
| 124|0x0000000087c00000, 0x0000000087c00000, 0x0000000087d00000|  0%| F|  |TAMS 0x0000000087c00000, 0x0000000087c00000| Untracked 
| 125|0x0000000087d00000, 0x0000000087d00000, 0x0000000087e00000|  0%| F|  |TAMS 0x0000000087d00000, 0x0000000087d00000| Untracked 
| 126|0x0000000087e00000, 0x0000000087e00000, 0x0000000087f00000|  0%| F|  |TAMS 0x0000000087e00000, 0x0000000087e00000| Untracked 
| 127|0x0000000087f00000, 0x0000000087f00000, 0x0000000088000000|  0%| F|  |TAMS 0x0000000087f00000, 0x0000000087f00000| Untracked 
| 128|0x0000000088000000, 0x0000000088000000, 0x0000000088100000|  0%| F|  |TAMS 0x0000000088000000, 0x0000000088000000| Untracked 
| 129|0x0000000088100000, 0x0000000088100000, 0x0000000088200000|  0%| F|  |TAMS 0x0000000088100000, 0x0000000088100000| Untracked 
| 130|0x0000000088200000, 0x0000000088200000, 0x0000000088300000|  0%| F|  |TAMS 0x0000000088200000, 0x0000000088200000| Untracked 
| 131|0x0000000088300000, 0x0000000088300000, 0x0000000088400000|  0%| F|  |TAMS 0x0000000088300000, 0x0000000088300000| Untracked 
| 132|0x0000000088400000, 0x0000000088400000, 0x0000000088500000|  0%| F|  |TAMS 0x0000000088400000, 0x0000000088400000| Untracked 
| 133|0x0000000088500000, 0x0000000088500000, 0x0000000088600000|  0%| F|  |TAMS 0x0000000088500000, 0x0000000088500000| Untracked 
| 134|0x0000000088600000, 0x0000000088600000, 0x0000000088700000|  0%| F|  |TAMS 0x0000000088600000, 0x0000000088600000| Untracked 
| 135|0x0000000088700000, 0x0000000088700000, 0x0000000088800000|  0%| F|  |TAMS 0x0000000088700000, 0x0000000088700000| Untracked 
| 136|0x0000000088800000, 0x0000000088800000, 0x0000000088900000|  0%| F|  |TAMS 0x0000000088800000, 0x0000000088800000| Untracked 
| 137|0x0000000088900000, 0x0000000088900000, 0x0000000088a00000|  0%| F|  |TAMS 0x0000000088900000, 0x0000000088900000| Untracked 
| 138|0x0000000088a00000, 0x0000000088a00000, 0x0000000088b00000|  0%| F|  |TAMS 0x0000000088a00000, 0x0000000088a00000| Untracked 
| 139|0x0000000088b00000, 0x0000000088b00000, 0x0000000088c00000|  0%| F|  |TAMS 0x0000000088b00000, 0x0000000088b00000| Untracked 
| 140|0x0000000088c00000, 0x0000000088c00000, 0x0000000088d00000|  0%| F|  |TAMS 0x0000000088c00000, 0x0000000088c00000| Untracked 
| 141|0x0000000088d00000, 0x0000000088d00000, 0x0000000088e00000|  0%| F|  |TAMS 0x0000000088d00000, 0x0000000088d00000| Untracked 
| 142|0x0000000088e00000, 0x0000000088e00000, 0x0000000088f00000|  0%| F|  |TAMS 0x0000000088e00000, 0x0000000088e00000| Untracked 
| 143|0x0000000088f00000, 0x0000000088f00000, 0x0000000089000000|  0%| F|  |TAMS 0x0000000088f00000, 0x0000000088f00000| Untracked 
| 144|0x0000000089000000, 0x0000000089000000, 0x0000000089100000|  0%| F|  |TAMS 0x0000000089000000, 0x0000000089000000| Untracked 
| 145|0x0000000089100000, 0x0000000089100000, 0x0000000089200000|  0%| F|  |TAMS 0x0000000089100000, 0x0000000089100000| Untracked 
| 146|0x0000000089200000, 0x0000000089200000, 0x0000000089300000|  0%| F|  |TAMS 0x0000000089200000, 0x0000000089200000| Untracked 
| 147|0x0000000089300000, 0x0000000089300000, 0x0000000089400000|  0%| F|  |TAMS 0x0000000089300000, 0x0000000089300000| Untracked 
| 148|0x0000000089400000, 0x0000000089400000, 0x0000000089500000|  0%| F|  |TAMS 0x0000000089400000, 0x0000000089400000| Untracked 
| 149|0x0000000089500000, 0x0000000089500000, 0x0000000089600000|  0%| F|  |TAMS 0x0000000089500000, 0x0000000089500000| Untracked 
| 150|0x0000000089600000, 0x0000000089600000, 0x0000000089700000|  0%| F|  |TAMS 0x0000000089600000, 0x0000000089600000| Untracked 
| 151|0x0000000089700000, 0x0000000089700000, 0x0000000089800000|  0%| F|  |TAMS 0x0000000089700000, 0x0000000089700000| Untracked 
| 152|0x0000000089800000, 0x0000000089800000, 0x0000000089900000|  0%| F|  |TAMS 0x0000000089800000, 0x0000000089800000| Untracked 
| 153|0x0000000089900000, 0x0000000089900000, 0x0000000089a00000|  0%| F|  |TAMS 0x0000000089900000, 0x0000000089900000| Untracked 
| 154|0x0000000089a00000, 0x0000000089a00000, 0x0000000089b00000|  0%| F|  |TAMS 0x0000000089a00000, 0x0000000089a00000| Untracked 
| 155|0x0000000089b00000, 0x0000000089b00000, 0x0000000089c00000|  0%| F|  |TAMS 0x0000000089b00000, 0x0000000089b00000| Untracked 
| 156|0x0000000089c00000, 0x0000000089c00000, 0x0000000089d00000|  0%| F|  |TAMS 0x0000000089c00000, 0x0000000089c00000| Untracked 
| 157|0x0000000089d00000, 0x0000000089e00000, 0x0000000089e00000|100%| S|CS|TAMS 0x0000000089d00000, 0x0000000089d00000| Complete 
| 158|0x0000000089e00000, 0x0000000089f00000, 0x0000000089f00000|100%| S|CS|TAMS 0x0000000089e00000, 0x0000000089e00000| Complete 
| 159|0x0000000089f00000, 0x000000008a000000, 0x000000008a000000|100%| S|CS|TAMS 0x0000000089f00000, 0x0000000089f00000| Complete 
| 160|0x000000008a000000, 0x000000008a100000, 0x000000008a100000|100%| S|CS|TAMS 0x000000008a000000, 0x000000008a000000| Complete 
| 161|0x000000008a100000, 0x000000008a200000, 0x000000008a200000|100%| S|CS|TAMS 0x000000008a100000, 0x000000008a100000| Complete 
| 162|0x000000008a200000, 0x000000008a300000, 0x000000008a300000|100%| S|CS|TAMS 0x000000008a200000, 0x000000008a200000| Complete 
| 163|0x000000008a300000, 0x000000008a400000, 0x000000008a400000|100%| S|CS|TAMS 0x000000008a300000, 0x000000008a300000| Complete 
| 164|0x000000008a400000, 0x000000008a500000, 0x000000008a500000|100%| S|CS|TAMS 0x000000008a400000, 0x000000008a400000| Complete 
| 165|0x000000008a500000, 0x000000008a600000, 0x000000008a600000|100%| S|CS|TAMS 0x000000008a500000, 0x000000008a500000| Complete 
| 166|0x000000008a600000, 0x000000008a700000, 0x000000008a700000|100%| S|CS|TAMS 0x000000008a600000, 0x000000008a600000| Complete 
| 167|0x000000008a700000, 0x000000008a800000, 0x000000008a800000|100%| S|CS|TAMS 0x000000008a700000, 0x000000008a700000| Complete 
| 168|0x000000008a800000, 0x000000008a900000, 0x000000008a900000|100%| S|CS|TAMS 0x000000008a800000, 0x000000008a800000| Complete 
| 169|0x000000008a900000, 0x000000008aa00000, 0x000000008aa00000|100%| S|CS|TAMS 0x000000008a900000, 0x000000008a900000| Complete 
| 170|0x000000008aa00000, 0x000000008ab00000, 0x000000008ab00000|100%| S|CS|TAMS 0x000000008aa00000, 0x000000008aa00000| Complete 
| 171|0x000000008ab00000, 0x000000008ac00000, 0x000000008ac00000|100%| S|CS|TAMS 0x000000008ab00000, 0x000000008ab00000| Complete 
| 172|0x000000008ac00000, 0x000000008ad00000, 0x000000008ad00000|100%| S|CS|TAMS 0x000000008ac00000, 0x000000008ac00000| Complete 
| 173|0x000000008ad00000, 0x000000008ad00000, 0x000000008ae00000|  0%| F|  |TAMS 0x000000008ad00000, 0x000000008ad00000| Untracked 
| 174|0x000000008ae00000, 0x000000008ae00000, 0x000000008af00000|  0%| F|  |TAMS 0x000000008ae00000, 0x000000008ae00000| Untracked 
| 175|0x000000008af00000, 0x000000008af00000, 0x000000008b000000|  0%| F|  |TAMS 0x000000008af00000, 0x000000008af00000| Untracked 
| 176|0x000000008b000000, 0x000000008b000000, 0x000000008b100000|  0%| F|  |TAMS 0x000000008b000000, 0x000000008b000000| Untracked 
| 177|0x000000008b100000, 0x000000008b100000, 0x000000008b200000|  0%| F|  |TAMS 0x000000008b100000, 0x000000008b100000| Untracked 
| 178|0x000000008b200000, 0x000000008b200000, 0x000000008b300000|  0%| F|  |TAMS 0x000000008b200000, 0x000000008b200000| Untracked 
| 179|0x000000008b300000, 0x000000008b300000, 0x000000008b400000|  0%| F|  |TAMS 0x000000008b300000, 0x000000008b300000| Untracked 
| 180|0x000000008b400000, 0x000000008b400000, 0x000000008b500000|  0%| F|  |TAMS 0x000000008b400000, 0x000000008b400000| Untracked 
| 181|0x000000008b500000, 0x000000008b500000, 0x000000008b600000|  0%| F|  |TAMS 0x000000008b500000, 0x000000008b500000| Untracked 
| 182|0x000000008b600000, 0x000000008b600000, 0x000000008b700000|  0%| F|  |TAMS 0x000000008b600000, 0x000000008b600000| Untracked 
| 183|0x000000008b700000, 0x000000008b700000, 0x000000008b800000|  0%| F|  |TAMS 0x000000008b700000, 0x000000008b700000| Untracked 
| 184|0x000000008b800000, 0x000000008b800000, 0x000000008b900000|  0%| F|  |TAMS 0x000000008b800000, 0x000000008b800000| Untracked 
| 185|0x000000008b900000, 0x000000008b900000, 0x000000008ba00000|  0%| F|  |TAMS 0x000000008b900000, 0x000000008b900000| Untracked 
| 186|0x000000008ba00000, 0x000000008ba00000, 0x000000008bb00000|  0%| F|  |TAMS 0x000000008ba00000, 0x000000008ba00000| Untracked 
| 187|0x000000008bb00000, 0x000000008bb00000, 0x000000008bc00000|  0%| F|  |TAMS 0x000000008bb00000, 0x000000008bb00000| Untracked 
| 188|0x000000008bc00000, 0x000000008bc00000, 0x000000008bd00000|  0%| F|  |TAMS 0x000000008bc00000, 0x000000008bc00000| Untracked 
| 189|0x000000008bd00000, 0x000000008bd00000, 0x000000008be00000|  0%| F|  |TAMS 0x000000008bd00000, 0x000000008bd00000| Untracked 
| 190|0x000000008be00000, 0x000000008be00000, 0x000000008bf00000|  0%| F|  |TAMS 0x000000008be00000, 0x000000008be00000| Untracked 
| 191|0x000000008bf00000, 0x000000008bf00000, 0x000000008c000000|  0%| F|  |TAMS 0x000000008bf00000, 0x000000008bf00000| Untracked 
| 192|0x000000008c000000, 0x000000008c000000, 0x000000008c100000|  0%| F|  |TAMS 0x000000008c000000, 0x000000008c000000| Untracked 
| 193|0x000000008c100000, 0x000000008c100000, 0x000000008c200000|  0%| F|  |TAMS 0x000000008c100000, 0x000000008c100000| Untracked 
| 194|0x000000008c200000, 0x000000008c200000, 0x000000008c300000|  0%| F|  |TAMS 0x000000008c200000, 0x000000008c200000| Untracked 
| 195|0x000000008c300000, 0x000000008c300000, 0x000000008c400000|  0%| F|  |TAMS 0x000000008c300000, 0x000000008c300000| Untracked 
| 196|0x000000008c400000, 0x000000008c400000, 0x000000008c500000|  0%| F|  |TAMS 0x000000008c400000, 0x000000008c400000| Untracked 
| 197|0x000000008c500000, 0x000000008c500000, 0x000000008c600000|  0%| F|  |TAMS 0x000000008c500000, 0x000000008c500000| Untracked 
| 198|0x000000008c600000, 0x000000008c600000, 0x000000008c700000|  0%| F|  |TAMS 0x000000008c600000, 0x000000008c600000| Untracked 
| 199|0x000000008c700000, 0x000000008c700000, 0x000000008c800000|  0%| F|  |TAMS 0x000000008c700000, 0x000000008c700000| Untracked 
| 200|0x000000008c800000, 0x000000008c800000, 0x000000008c900000|  0%| F|  |TAMS 0x000000008c800000, 0x000000008c800000| Untracked 
| 201|0x000000008c900000, 0x000000008c900000, 0x000000008ca00000|  0%| F|  |TAMS 0x000000008c900000, 0x000000008c900000| Untracked 
| 202|0x000000008ca00000, 0x000000008ca00000, 0x000000008cb00000|  0%| F|  |TAMS 0x000000008ca00000, 0x000000008ca00000| Untracked 
| 203|0x000000008cb00000, 0x000000008cb00000, 0x000000008cc00000|  0%| F|  |TAMS 0x000000008cb00000, 0x000000008cb00000| Untracked 
| 204|0x000000008cc00000, 0x000000008cc00000, 0x000000008cd00000|  0%| F|  |TAMS 0x000000008cc00000, 0x000000008cc00000| Untracked 
| 205|0x000000008cd00000, 0x000000008cd00000, 0x000000008ce00000|  0%| F|  |TAMS 0x000000008cd00000, 0x000000008cd00000| Untracked 
| 206|0x000000008ce00000, 0x000000008ce00000, 0x000000008cf00000|  0%| F|  |TAMS 0x000000008ce00000, 0x000000008ce00000| Untracked 
| 207|0x000000008cf00000, 0x000000008cf00000, 0x000000008d000000|  0%| F|  |TAMS 0x000000008cf00000, 0x000000008cf00000| Untracked 
| 208|0x000000008d000000, 0x000000008d000000, 0x000000008d100000|  0%| F|  |TAMS 0x000000008d000000, 0x000000008d000000| Untracked 
| 209|0x000000008d100000, 0x000000008d100000, 0x000000008d200000|  0%| F|  |TAMS 0x000000008d100000, 0x000000008d100000| Untracked 
| 210|0x000000008d200000, 0x000000008d200000, 0x000000008d300000|  0%| F|  |TAMS 0x000000008d200000, 0x000000008d200000| Untracked 
| 211|0x000000008d300000, 0x000000008d300000, 0x000000008d400000|  0%| F|  |TAMS 0x000000008d300000, 0x000000008d300000| Untracked 
| 212|0x000000008d400000, 0x000000008d400000, 0x000000008d500000|  0%| F|  |TAMS 0x000000008d400000, 0x000000008d400000| Untracked 
| 213|0x000000008d500000, 0x000000008d500000, 0x000000008d600000|  0%| F|  |TAMS 0x000000008d500000, 0x000000008d500000| Untracked 
| 214|0x000000008d600000, 0x000000008d600000, 0x000000008d700000|  0%| F|  |TAMS 0x000000008d600000, 0x000000008d600000| Untracked 
| 215|0x000000008d700000, 0x000000008d700000, 0x000000008d800000|  0%| F|  |TAMS 0x000000008d700000, 0x000000008d700000| Untracked 
| 216|0x000000008d800000, 0x000000008d800000, 0x000000008d900000|  0%| F|  |TAMS 0x000000008d800000, 0x000000008d800000| Untracked 
| 217|0x000000008d900000, 0x000000008d900000, 0x000000008da00000|  0%| F|  |TAMS 0x000000008d900000, 0x000000008d900000| Untracked 
| 218|0x000000008da00000, 0x000000008da00000, 0x000000008db00000|  0%| F|  |TAMS 0x000000008da00000, 0x000000008da00000| Untracked 
| 219|0x000000008db00000, 0x000000008db00000, 0x000000008dc00000|  0%| F|  |TAMS 0x000000008db00000, 0x000000008db00000| Untracked 
| 220|0x000000008dc00000, 0x000000008dc00000, 0x000000008dd00000|  0%| F|  |TAMS 0x000000008dc00000, 0x000000008dc00000| Untracked 
| 221|0x000000008dd00000, 0x000000008dd00000, 0x000000008de00000|  0%| F|  |TAMS 0x000000008dd00000, 0x000000008dd00000| Untracked 
| 222|0x000000008de00000, 0x000000008de00000, 0x000000008df00000|  0%| F|  |TAMS 0x000000008de00000, 0x000000008de00000| Untracked 
| 223|0x000000008df00000, 0x000000008df00000, 0x000000008e000000|  0%| F|  |TAMS 0x000000008df00000, 0x000000008df00000| Untracked 
| 224|0x000000008e000000, 0x000000008e000000, 0x000000008e100000|  0%| F|  |TAMS 0x000000008e000000, 0x000000008e000000| Untracked 
| 225|0x000000008e100000, 0x000000008e1fc138, 0x000000008e200000| 98%| E|  |TAMS 0x000000008e100000, 0x000000008e100000| Complete 
| 226|0x000000008e200000, 0x000000008e300000, 0x000000008e300000|100%| E|CS|TAMS 0x000000008e200000, 0x000000008e200000| Complete 
| 227|0x000000008e300000, 0x000000008e400000, 0x000000008e400000|100%| E|CS|TAMS 0x000000008e300000, 0x000000008e300000| Complete 
| 228|0x000000008e400000, 0x000000008e500000, 0x000000008e500000|100%| E|CS|TAMS 0x000000008e400000, 0x000000008e400000| Complete 
| 229|0x000000008e500000, 0x000000008e600000, 0x000000008e600000|100%| E|CS|TAMS 0x000000008e500000, 0x000000008e500000| Complete 
| 230|0x000000008e600000, 0x000000008e700000, 0x000000008e700000|100%| E|CS|TAMS 0x000000008e600000, 0x000000008e600000| Complete 
| 231|0x000000008e700000, 0x000000008e800000, 0x000000008e800000|100%| E|CS|TAMS 0x000000008e700000, 0x000000008e700000| Complete 
| 232|0x000000008e800000, 0x000000008e900000, 0x000000008e900000|100%| E|CS|TAMS 0x000000008e800000, 0x000000008e800000| Complete 
| 233|0x000000008e900000, 0x000000008ea00000, 0x000000008ea00000|100%| E|CS|TAMS 0x000000008e900000, 0x000000008e900000| Complete 
| 234|0x000000008ea00000, 0x000000008eb00000, 0x000000008eb00000|100%| E|CS|TAMS 0x000000008ea00000, 0x000000008ea00000| Complete 
| 235|0x000000008eb00000, 0x000000008ec00000, 0x000000008ec00000|100%| E|CS|TAMS 0x000000008eb00000, 0x000000008eb00000| Complete 
| 236|0x000000008ec00000, 0x000000008ed00000, 0x000000008ed00000|100%| E|CS|TAMS 0x000000008ec00000, 0x000000008ec00000| Complete 
| 237|0x000000008ed00000, 0x000000008ee00000, 0x000000008ee00000|100%| E|CS|TAMS 0x000000008ed00000, 0x000000008ed00000| Complete 
| 238|0x000000008ee00000, 0x000000008ef00000, 0x000000008ef00000|100%| E|CS|TAMS 0x000000008ee00000, 0x000000008ee00000| Complete 
| 239|0x000000008ef00000, 0x000000008f000000, 0x000000008f000000|100%| E|CS|TAMS 0x000000008ef00000, 0x000000008ef00000| Complete 
| 240|0x000000008f000000, 0x000000008f100000, 0x000000008f100000|100%| E|CS|TAMS 0x000000008f000000, 0x000000008f000000| Complete 
| 241|0x000000008f100000, 0x000000008f200000, 0x000000008f200000|100%| E|CS|TAMS 0x000000008f100000, 0x000000008f100000| Complete 
| 242|0x000000008f200000, 0x000000008f300000, 0x000000008f300000|100%| E|CS|TAMS 0x000000008f200000, 0x000000008f200000| Complete 
| 243|0x000000008f300000, 0x000000008f400000, 0x000000008f400000|100%| E|CS|TAMS 0x000000008f300000, 0x000000008f300000| Complete 
| 244|0x000000008f400000, 0x000000008f500000, 0x000000008f500000|100%| E|CS|TAMS 0x000000008f400000, 0x000000008f400000| Complete 
| 245|0x000000008f500000, 0x000000008f600000, 0x000000008f600000|100%| E|CS|TAMS 0x000000008f500000, 0x000000008f500000| Complete 
| 246|0x000000008f600000, 0x000000008f700000, 0x000000008f700000|100%| E|CS|TAMS 0x000000008f600000, 0x000000008f600000| Complete 
| 247|0x000000008f700000, 0x000000008f800000, 0x000000008f800000|100%| E|  |TAMS 0x000000008f700000, 0x000000008f700000| Complete 
| 248|0x000000008f800000, 0x000000008f900000, 0x000000008f900000|100%| E|CS|TAMS 0x000000008f800000, 0x000000008f800000| Complete 
| 249|0x000000008f900000, 0x000000008fa00000, 0x000000008fa00000|100%| E|CS|TAMS 0x000000008f900000, 0x000000008f900000| Complete 
| 250|0x000000008fa00000, 0x000000008fb00000, 0x000000008fb00000|100%| E|CS|TAMS 0x000000008fa00000, 0x000000008fa00000| Complete 
| 251|0x000000008fb00000, 0x000000008fc00000, 0x000000008fc00000|100%| E|CS|TAMS 0x000000008fb00000, 0x000000008fb00000| Complete 
| 252|0x000000008fc00000, 0x000000008fd00000, 0x000000008fd00000|100%| E|CS|TAMS 0x000000008fc00000, 0x000000008fc00000| Complete 
| 253|0x000000008fd00000, 0x000000008fe00000, 0x000000008fe00000|100%| E|CS|TAMS 0x000000008fd00000, 0x000000008fd00000| Complete 
| 254|0x000000008fe00000, 0x000000008ff00000, 0x000000008ff00000|100%| E|CS|TAMS 0x000000008fe00000, 0x000000008fe00000| Complete 
| 255|0x000000008ff00000, 0x0000000090000000, 0x0000000090000000|100%| E|CS|TAMS 0x000000008ff00000, 0x000000008ff00000| Complete 
| 256|0x0000000090000000, 0x0000000090100000, 0x0000000090100000|100%| E|CS|TAMS 0x0000000090000000, 0x0000000090000000| Complete 
| 257|0x0000000090100000, 0x0000000090200000, 0x0000000090200000|100%| E|CS|TAMS 0x0000000090100000, 0x0000000090100000| Complete 
| 258|0x0000000090200000, 0x0000000090300000, 0x0000000090300000|100%| E|CS|TAMS 0x0000000090200000, 0x0000000090200000| Complete 
| 259|0x0000000090300000, 0x0000000090400000, 0x0000000090400000|100%| E|CS|TAMS 0x0000000090300000, 0x0000000090300000| Complete 
| 260|0x0000000090400000, 0x0000000090500000, 0x0000000090500000|100%| E|CS|TAMS 0x0000000090400000, 0x0000000090400000| Complete 
| 261|0x0000000090500000, 0x0000000090600000, 0x0000000090600000|100%| E|CS|TAMS 0x0000000090500000, 0x0000000090500000| Complete 
| 262|0x0000000090600000, 0x0000000090700000, 0x0000000090700000|100%| E|CS|TAMS 0x0000000090600000, 0x0000000090600000| Complete 
| 263|0x0000000090700000, 0x0000000090800000, 0x0000000090800000|100%| E|CS|TAMS 0x0000000090700000, 0x0000000090700000| Complete 
| 264|0x0000000090800000, 0x0000000090900000, 0x0000000090900000|100%| E|CS|TAMS 0x0000000090800000, 0x0000000090800000| Complete 
| 265|0x0000000090900000, 0x0000000090a00000, 0x0000000090a00000|100%| E|CS|TAMS 0x0000000090900000, 0x0000000090900000| Complete 
| 266|0x0000000090a00000, 0x0000000090b00000, 0x0000000090b00000|100%| E|CS|TAMS 0x0000000090a00000, 0x0000000090a00000| Complete 
| 267|0x0000000090b00000, 0x0000000090c00000, 0x0000000090c00000|100%| E|CS|TAMS 0x0000000090b00000, 0x0000000090b00000| Complete 
| 268|0x0000000090c00000, 0x0000000090d00000, 0x0000000090d00000|100%| E|CS|TAMS 0x0000000090c00000, 0x0000000090c00000| Complete 
| 269|0x0000000090d00000, 0x0000000090e00000, 0x0000000090e00000|100%| E|CS|TAMS 0x0000000090d00000, 0x0000000090d00000| Complete 
| 270|0x0000000090e00000, 0x0000000090f00000, 0x0000000090f00000|100%| E|CS|TAMS 0x0000000090e00000, 0x0000000090e00000| Complete 
| 271|0x0000000090f00000, 0x0000000091000000, 0x0000000091000000|100%| E|CS|TAMS 0x0000000090f00000, 0x0000000090f00000| Complete 
| 272|0x0000000091000000, 0x0000000091100000, 0x0000000091100000|100%| E|CS|TAMS 0x0000000091000000, 0x0000000091000000| Complete 
| 273|0x0000000091100000, 0x0000000091200000, 0x0000000091200000|100%| E|CS|TAMS 0x0000000091100000, 0x0000000091100000| Complete 
| 274|0x0000000091200000, 0x0000000091300000, 0x0000000091300000|100%| E|CS|TAMS 0x0000000091200000, 0x0000000091200000| Complete 
| 275|0x0000000091300000, 0x0000000091400000, 0x0000000091400000|100%| E|CS|TAMS 0x0000000091300000, 0x0000000091300000| Complete 
| 276|0x0000000091400000, 0x0000000091500000, 0x0000000091500000|100%| E|CS|TAMS 0x0000000091400000, 0x0000000091400000| Complete 
| 277|0x0000000091500000, 0x0000000091600000, 0x0000000091600000|100%| E|CS|TAMS 0x0000000091500000, 0x0000000091500000| Complete 
| 278|0x0000000091600000, 0x0000000091700000, 0x0000000091700000|100%| E|CS|TAMS 0x0000000091600000, 0x0000000091600000| Complete 
| 279|0x0000000091700000, 0x0000000091800000, 0x0000000091800000|100%| E|CS|TAMS 0x0000000091700000, 0x0000000091700000| Complete 
| 280|0x0000000091800000, 0x0000000091900000, 0x0000000091900000|100%| E|CS|TAMS 0x0000000091800000, 0x0000000091800000| Complete 
| 281|0x0000000091900000, 0x0000000091a00000, 0x0000000091a00000|100%| E|CS|TAMS 0x0000000091900000, 0x0000000091900000| Complete 
| 282|0x0000000091a00000, 0x0000000091b00000, 0x0000000091b00000|100%| E|CS|TAMS 0x0000000091a00000, 0x0000000091a00000| Complete 
| 283|0x0000000091b00000, 0x0000000091c00000, 0x0000000091c00000|100%| E|CS|TAMS 0x0000000091b00000, 0x0000000091b00000| Complete 
| 284|0x0000000091c00000, 0x0000000091d00000, 0x0000000091d00000|100%| E|CS|TAMS 0x0000000091c00000, 0x0000000091c00000| Complete 
| 285|0x0000000091d00000, 0x0000000091e00000, 0x0000000091e00000|100%| E|CS|TAMS 0x0000000091d00000, 0x0000000091d00000| Complete 
| 286|0x0000000091e00000, 0x0000000091f00000, 0x0000000091f00000|100%| E|CS|TAMS 0x0000000091e00000, 0x0000000091e00000| Complete 
| 287|0x0000000091f00000, 0x0000000092000000, 0x0000000092000000|100%| E|CS|TAMS 0x0000000091f00000, 0x0000000091f00000| Complete 
| 288|0x0000000092000000, 0x0000000092100000, 0x0000000092100000|100%| E|CS|TAMS 0x0000000092000000, 0x0000000092000000| Complete 
| 289|0x0000000092100000, 0x0000000092200000, 0x0000000092200000|100%| E|CS|TAMS 0x0000000092100000, 0x0000000092100000| Complete 
| 290|0x0000000092200000, 0x0000000092300000, 0x0000000092300000|100%| E|CS|TAMS 0x0000000092200000, 0x0000000092200000| Complete 
| 291|0x0000000092300000, 0x0000000092400000, 0x0000000092400000|100%| E|CS|TAMS 0x0000000092300000, 0x0000000092300000| Complete 
| 292|0x0000000092400000, 0x0000000092500000, 0x0000000092500000|100%| E|CS|TAMS 0x0000000092400000, 0x0000000092400000| Complete 
| 293|0x0000000092500000, 0x0000000092600000, 0x0000000092600000|100%| E|CS|TAMS 0x0000000092500000, 0x0000000092500000| Complete 
| 294|0x0000000092600000, 0x0000000092700000, 0x0000000092700000|100%| E|CS|TAMS 0x0000000092600000, 0x0000000092600000| Complete 
| 295|0x0000000092700000, 0x0000000092800000, 0x0000000092800000|100%| E|CS|TAMS 0x0000000092700000, 0x0000000092700000| Complete 
| 296|0x0000000092800000, 0x0000000092900000, 0x0000000092900000|100%| E|CS|TAMS 0x0000000092800000, 0x0000000092800000| Complete 
| 297|0x0000000092900000, 0x0000000092a00000, 0x0000000092a00000|100%| E|CS|TAMS 0x0000000092900000, 0x0000000092900000| Complete 
| 298|0x0000000092a00000, 0x0000000092b00000, 0x0000000092b00000|100%| E|CS|TAMS 0x0000000092a00000, 0x0000000092a00000| Complete 
| 299|0x0000000092b00000, 0x0000000092c00000, 0x0000000092c00000|100%| E|CS|TAMS 0x0000000092b00000, 0x0000000092b00000| Complete 
| 300|0x0000000092c00000, 0x0000000092d00000, 0x0000000092d00000|100%| E|CS|TAMS 0x0000000092c00000, 0x0000000092c00000| Complete 
| 301|0x0000000092d00000, 0x0000000092e00000, 0x0000000092e00000|100%| E|CS|TAMS 0x0000000092d00000, 0x0000000092d00000| Complete 
| 302|0x0000000092e00000, 0x0000000092f00000, 0x0000000092f00000|100%| E|CS|TAMS 0x0000000092e00000, 0x0000000092e00000| Complete 
| 303|0x0000000092f00000, 0x0000000093000000, 0x0000000093000000|100%| E|CS|TAMS 0x0000000092f00000, 0x0000000092f00000| Complete 
| 304|0x0000000093000000, 0x0000000093100000, 0x0000000093100000|100%| E|CS|TAMS 0x0000000093000000, 0x0000000093000000| Complete 

Card table byte_map: [0x0000028e3e2b0000,0x0000028e3e6b0000] _byte_map_base: 0x0000028e3deb0000

Marking Bits (Prev, Next): (CMBitMap*) 0x0000028e2b3d6800, (CMBitMap*) 0x0000028e2b3d67c8
 Prev Bits: [0x0000028e40ab0000, 0x0000028e42ab0000)
 Next Bits: [0x0000028e3eab0000, 0x0000028e40ab0000)

Polling page: 0x0000028e2ab60000

Metaspace:

Usage:
  Non-class:     74.45 MB capacity,    73.07 MB ( 98%) used,     1.15 MB (  2%) free+waste,   237.31 KB ( <1%) overhead. 
      Class:     11.65 MB capacity,    10.87 MB ( 93%) used,   684.16 KB (  6%) free+waste,   109.62 KB ( <1%) overhead. 
       Both:     86.09 MB capacity,    83.94 MB ( 97%) used,     1.81 MB (  2%) free+waste,   346.94 KB ( <1%) overhead. 

Virtual space:
  Non-class space:       76.00 MB reserved,      74.59 MB ( 98%) committed 
      Class space:        1.00 GB reserved,      11.77 MB (  1%) committed 
             Both:        1.07 GB reserved,      86.36 MB (  8%) committed 

Chunk freelists:
   Non-Class:  20.00 KB
       Class:  11.00 KB
        Both:  31.00 KB

MaxMetaspaceSize: 17179869184.00 GB
CompressedClassSpaceSize: 1.00 GB
Initial GC threshold: 20.80 MB
Current GC threshold: 137.48 MB
CDS: off

CodeHeap 'non-profiled nmethods': size=120064Kb used=4804Kb max_used=4804Kb free=115260Kb
 bounds [0x0000028e36970000, 0x0000028e36e30000, 0x0000028e3deb0000]
CodeHeap 'profiled nmethods': size=120000Kb used=18252Kb max_used=18252Kb free=101747Kb
 bounds [0x0000028e2f440000, 0x0000028e30620000, 0x0000028e36970000]
CodeHeap 'non-nmethods': size=5696Kb used=2365Kb max_used=2416Kb free=3330Kb
 bounds [0x0000028e2eeb0000, 0x0000028e2f120000, 0x0000028e2f440000]
 total_blobs=9434 nmethods=8544 adapters=803
 compilation: enabled
              stopped_count=0, restarted_count=0
 full_count=0

Compilation events (20 events):
Event: 19.825 Thread 0x0000028e45871800 nmethod 8602 0x0000028e30607610 code [0x0000028e30607820, 0x0000028e30607c08]
Event: 19.825 Thread 0x0000028e45871800 8600   !   3       java.io.ObjectOutputStream::writeOrdinaryObject (175 bytes)
Event: 19.825 Thread 0x0000028e45871800 nmethod 8600 0x0000028e30607e10 code [0x0000028e30608100, 0x0000028e30608da8]
Event: 19.825 Thread 0x0000028e45871800 8604       1       org.gradle.execution.plan.Node::getDependencySuccessors (5 bytes)
Event: 19.825 Thread 0x0000028e45871800 nmethod 8604 0x0000028e36e1de90 code [0x0000028e36e1e040, 0x0000028e36e1e0f8]
Event: 19.826 Thread 0x0000028e45a90800 nmethod 8588 0x0000028e36e1e190 code [0x0000028e36e1e340, 0x0000028e36e1ea18]
Event: 19.826 Thread 0x0000028e45871800 8605       1       org.gradle.api.internal.project.DefaultProjectStateRegistry$ProjectStateImpl::getTaskExecutionLock (5 bytes)
Event: 19.827 Thread 0x0000028e45869800 nmethod 8592 0x0000028e36e1ed10 code [0x0000028e36e1eec0, 0x0000028e36e1f1d8]
Event: 19.827 Thread 0x0000028e45871800 nmethod 8605 0x0000028e36e1f490 code [0x0000028e36e1f640, 0x0000028e36e1f6f8]
Event: 19.829 Thread 0x0000028e45871800 8606       1       com.google.common.collect.MapMakerInternalMap$AbstractWeakKeyEntry::getNext (5 bytes)
Event: 19.829 Thread 0x0000028e45871800 nmethod 8606 0x0000028e36e1f790 code [0x0000028e36e1f940, 0x0000028e36e1f9f8]
Event: 19.829 Thread 0x0000028e45871800 8607       3       java.lang.invoke.MethodHandles::constant (87 bytes)
Event: 19.830 Thread 0x0000028e45871800 nmethod 8607 0x0000028e30609610 code [0x0000028e30609920, 0x0000028e3060a7f8]
Event: 19.832 Thread 0x0000028e45871800 8608       3       org.gradle.internal.hash.Hashing::newHasher (9 bytes)
Event: 19.833 Thread 0x0000028e45871800 nmethod 8608 0x0000028e3060ad10 code [0x0000028e3060af80, 0x0000028e3060baf8]
Event: 19.834 Thread 0x0000028e45a90800 8609       4       jdk.internal.org.objectweb.asm.ClassWriter::newNameTypeItem (71 bytes)
Event: 19.840 Thread 0x0000028e45871800 8610       1       com.google.common.collect.ImmutableSortedSet::comparator (5 bytes)
Event: 19.840 Thread 0x0000028e45871800 nmethod 8610 0x0000028e36e1fa90 code [0x0000028e36e1fc40, 0x0000028e36e1fcf8]
Event: 19.840 Thread 0x0000028e45871800 8611       3       org.gradle.internal.hash.HashCode$HashCode128::equals (57 bytes)
Event: 19.840 Thread 0x0000028e45871800 nmethod 8611 0x0000028e3060bf10 code [0x0000028e3060c0e0, 0x0000028e3060c478]

GC Heap History (20 events):
Event: 1.988 GC heap before
{Heap before GC invocations=1 (full 0):
 garbage-first heap   total 260096K, used 85819K [0x0000000080000000, 0x0000000100000000)
  region size 1024K, 78 young (79872K), 2 survivors (2048K)
 Metaspace       used 17570K, capacity 17979K, committed 18048K, reserved 1064960K
  class space    used 2032K, capacity 2145K, committed 2176K, reserved 1048576K
}
Event: 1.996 GC heap after
{Heap after GC invocations=2 (full 0):
 garbage-first heap   total 260096K, used 16303K [0x0000000080000000, 0x0000000100000000)
  region size 1024K, 10 young (10240K), 10 survivors (10240K)
 Metaspace       used 17570K, capacity 17979K, committed 18048K, reserved 1064960K
  class space    used 2032K, capacity 2145K, committed 2176K, reserved 1048576K
}
Event: 2.233 GC heap before
{Heap before GC invocations=2 (full 0):
 garbage-first heap   total 260096K, used 45999K [0x0000000080000000, 0x0000000100000000)
  region size 1024K, 40 young (40960K), 10 survivors (10240K)
 Metaspace       used 20807K, capacity 21197K, committed 21296K, reserved 1069056K
  class space    used 2522K, capacity 2687K, committed 2688K, reserved 1048576K
}
Event: 2.239 GC heap after
{Heap after GC invocations=3 (full 0):
 garbage-first heap   total 260096K, used 17635K [0x0000000080000000, 0x0000000100000000)
  region size 1024K, 2 young (2048K), 2 survivors (2048K)
 Metaspace       used 20807K, capacity 21197K, committed 21296K, reserved 1069056K
  class space    used 2522K, capacity 2687K, committed 2688K, reserved 1048576K
}
Event: 2.625 GC heap before
{Heap before GC invocations=4 (full 0):
 garbage-first heap   total 260096K, used 62691K [0x0000000080000000, 0x0000000100000000)
  region size 1024K, 46 young (47104K), 2 survivors (2048K)
 Metaspace       used 25342K, capacity 25883K, committed 25984K, reserved 1071104K
  class space    used 3263K, capacity 3448K, committed 3456K, reserved 1048576K
}
Event: 2.629 GC heap after
{Heap after GC invocations=5 (full 0):
 garbage-first heap   total 260096K, used 19154K [0x0000000080000000, 0x0000000100000000)
  region size 1024K, 3 young (3072K), 3 survivors (3072K)
 Metaspace       used 25342K, capacity 25883K, committed 25984K, reserved 1071104K
  class space    used 3263K, capacity 3448K, committed 3456K, reserved 1048576K
}
Event: 3.366 GC heap before
{Heap before GC invocations=5 (full 0):
 garbage-first heap   total 260096K, used 91858K [0x0000000080000000, 0x0000000100000000)
  region size 1024K, 74 young (75776K), 3 survivors (3072K)
 Metaspace       used 33844K, capacity 34625K, committed 34816K, reserved 1079296K
  class space    used 4486K, capacity 4816K, committed 4864K, reserved 1048576K
}
Event: 3.373 GC heap after
{Heap after GC invocations=6 (full 0):
 garbage-first heap   total 260096K, used 22274K [0x0000000080000000, 0x0000000100000000)
  region size 1024K, 6 young (6144K), 6 survivors (6144K)
 Metaspace       used 33844K, capacity 34625K, committed 34816K, reserved 1079296K
  class space    used 4486K, capacity 4816K, committed 4864K, reserved 1048576K
}
Event: 3.432 GC heap before
{Heap before GC invocations=6 (full 0):
 garbage-first heap   total 260096K, used 25346K [0x0000000080000000, 0x0000000100000000)
  region size 1024K, 10 young (10240K), 6 survivors (6144K)
 Metaspace       used 35011K, capacity 35897K, committed 35968K, reserved 1081344K
  class space    used 4563K, capacity 4921K, committed 4992K, reserved 1048576K
}
Event: 3.438 GC heap after
{Heap after GC invocations=7 (full 0):
 garbage-first heap   total 260096K, used 22961K [0x0000000080000000, 0x0000000100000000)
  region size 1024K, 7 young (7168K), 7 survivors (7168K)
 Metaspace       used 35011K, capacity 35897K, committed 35968K, reserved 1081344K
  class space    used 4563K, capacity 4921K, committed 4992K, reserved 1048576K
}
Event: 4.172 GC heap before
{Heap before GC invocations=8 (full 0):
 garbage-first heap   total 260096K, used 108977K [0x0000000080000000, 0x0000000100000000)
  region size 1024K, 88 young (90112K), 7 survivors (7168K)
 Metaspace       used 41832K, capacity 42991K, committed 43292K, reserved 1087488K
  class space    used 5314K, capacity 5681K, committed 5760K, reserved 1048576K
}
Event: 4.185 GC heap after
{Heap after GC invocations=9 (full 0):
 garbage-first heap   total 260096K, used 29324K [0x0000000080000000, 0x0000000100000000)
  region size 1024K, 11 young (11264K), 11 survivors (11264K)
 Metaspace       used 41832K, capacity 42991K, committed 43292K, reserved 1087488K
  class space    used 5314K, capacity 5681K, committed 5760K, reserved 1048576K
}
Event: 5.407 GC heap before
{Heap before GC invocations=10 (full 0):
 garbage-first heap   total 260096K, used 153228K [0x0000000080000000, 0x0000000100000000)
  region size 1024K, 127 young (130048K), 11 survivors (11264K)
 Metaspace       used 49713K, capacity 51156K, committed 51228K, reserved 1093632K
  class space    used 6306K, capacity 6782K, committed 6784K, reserved 1048576K
}
Event: 5.429 GC heap after
{Heap after GC invocations=11 (full 0):
 garbage-first heap   total 260096K, used 44387K [0x0000000080000000, 0x0000000100000000)
  region size 1024K, 16 young (16384K), 16 survivors (16384K)
 Metaspace       used 49713K, capacity 51156K, committed 51228K, reserved 1093632K
  class space    used 6306K, capacity 6782K, committed 6784K, reserved 1048576K
}
Event: 6.777 GC heap before
{Heap before GC invocations=11 (full 0):
 garbage-first heap   total 260096K, used 171363K [0x0000000080000000, 0x0000000100000000)
  region size 1024K, 133 young (136192K), 16 survivors (16384K)
 Metaspace       used 64571K, capacity 66184K, committed 66332K, reserved 1107968K
  class space    used 8108K, capacity 8726K, committed 8832K, reserved 1048576K
}
Event: 6.793 GC heap after
{Heap after GC invocations=12 (full 0):
 garbage-first heap   total 260096K, used 52155K [0x0000000080000000, 0x0000000100000000)
  region size 1024K, 8 young (8192K), 8 survivors (8192K)
 Metaspace       used 64571K, capacity 66184K, committed 66332K, reserved 1107968K
  class space    used 8108K, capacity 8726K, committed 8832K, reserved 1048576K
}
Event: 7.637 GC heap before
{Heap before GC invocations=12 (full 0):
 garbage-first heap   total 260096K, used 156603K [0x0000000080000000, 0x0000000100000000)
  region size 1024K, 111 young (113664K), 8 survivors (8192K)
 Metaspace       used 70382K, capacity 72096K, committed 72156K, reserved 1112064K
  class space    used 8921K, capacity 9553K, committed 9600K, reserved 1048576K
}
Event: 7.652 GC heap after
{Heap after GC invocations=13 (full 0):
 garbage-first heap   total 312320K, used 58811K [0x0000000080000000, 0x0000000100000000)
  region size 1024K, 14 young (14336K), 14 survivors (14336K)
 Metaspace       used 70382K, capacity 72096K, committed 72156K, reserved 1112064K
  class space    used 8921K, capacity 9553K, committed 9600K, reserved 1048576K
}
Event: 9.155 GC heap before
{Heap before GC invocations=14 (full 0):
 garbage-first heap   total 312320K, used 193979K [0x0000000080000000, 0x0000000100000000)
  region size 1024K, 146 young (149504K), 14 survivors (14336K)
 Metaspace       used 82104K, capacity 84147K, committed 84468K, reserved 1122304K
  class space    used 10625K, capacity 11306K, committed 11416K, reserved 1048576K
}
Event: 9.188 GC heap after
{Heap after GC invocations=15 (full 0):
 garbage-first heap   total 312320K, used 67989K [0x0000000080000000, 0x0000000100000000)
  region size 1024K, 16 young (16384K), 16 survivors (16384K)
 Metaspace       used 82104K, capacity 84147K, committed 84468K, reserved 1122304K
  class space    used 10625K, capacity 11306K, committed 11416K, reserved 1048576K
}

Deoptimization events (20 events):
Event: 9.692 Thread 0x0000028e4b292800 Uncommon trap: trap_request=0xffffffde fr.pc=0x0000028e36cc6960 relative=0x0000000000000220
Event: 9.692 Thread 0x0000028e4b292800 Uncommon trap: reason=class_check action=maybe_recompile pc=0x0000028e36cc6960 method=java.util.stream.StreamOpFlag.fromCharacteristics(Ljava/util/Spliterator;)I @ 14 c2
Event: 9.692 Thread 0x0000028e4b292800 DEOPT PACKING pc=0x0000028e36cc6960 sp=0x0000009d2e0fdd50
Event: 9.692 Thread 0x0000028e4b292800 DEOPT UNPACKING pc=0x0000028e2eefa1a9 sp=0x0000009d2e0fdc38 mode 2
Event: 9.692 Thread 0x0000028e4b292800 Uncommon trap: trap_request=0xffffffde fr.pc=0x0000028e36c020cc relative=0x000000000000020c
Event: 9.692 Thread 0x0000028e4b292800 Uncommon trap: reason=class_check action=maybe_recompile pc=0x0000028e36c020cc method=java.util.stream.StreamOpFlag.fromCharacteristics(Ljava/util/Spliterator;)I @ 14 c2
Event: 9.692 Thread 0x0000028e4b292800 DEOPT PACKING pc=0x0000028e36c020cc sp=0x0000009d2e0fdcf0
Event: 9.692 Thread 0x0000028e4b292800 DEOPT UNPACKING pc=0x0000028e2eefa1a9 sp=0x0000009d2e0fdc40 mode 2
Event: 9.692 Thread 0x0000028e4b292800 Uncommon trap: trap_request=0xffffffde fr.pc=0x0000028e36b6ad7c relative=0x000000000000005c
Event: 9.692 Thread 0x0000028e4b292800 Uncommon trap: reason=class_check action=maybe_recompile pc=0x0000028e36b6ad7c method=java.util.stream.StreamOpFlag.fromCharacteristics(Ljava/util/Spliterator;)I @ 14 c2
Event: 9.692 Thread 0x0000028e4b292800 DEOPT PACKING pc=0x0000028e36b6ad7c sp=0x0000009d2e0fdca0
Event: 9.692 Thread 0x0000028e4b292800 DEOPT UNPACKING pc=0x0000028e2eefa1a9 sp=0x0000009d2e0fdc38 mode 2
Event: 9.736 Thread 0x0000028e4b292800 Uncommon trap: trap_request=0xffffff4d fr.pc=0x0000028e36bfd408 relative=0x0000000000000708
Event: 9.736 Thread 0x0000028e4b292800 Uncommon trap: reason=unstable_if action=reinterpret pc=0x0000028e36bfd408 method=org.gradle.internal.snapshot.VfsRelativePath.isPrefix(Ljava/lang/String;ILjava/lang/String;ILorg/gradle/internal/snapshot/CaseSensitivity;)Z @ 89 c2
Event: 9.736 Thread 0x0000028e4b292800 DEOPT PACKING pc=0x0000028e36bfd408 sp=0x0000009d2e0faa10
Event: 9.736 Thread 0x0000028e4b292800 DEOPT UNPACKING pc=0x0000028e2eefa1a9 sp=0x0000009d2e0fa990 mode 2
Event: 9.761 Thread 0x0000028e4b292800 Uncommon trap: trap_request=0xffffff4d fr.pc=0x0000028e36d6f828 relative=0x00000000000001e8
Event: 9.761 Thread 0x0000028e4b292800 Uncommon trap: reason=unstable_if action=reinterpret pc=0x0000028e36d6f828 method=com.google.common.collect.RegularImmutableSet.contains(Ljava/lang/Object;)Z @ 10 c2
Event: 9.761 Thread 0x0000028e4b292800 DEOPT PACKING pc=0x0000028e36d6f828 sp=0x0000009d2e0fa730
Event: 9.761 Thread 0x0000028e4b292800 DEOPT UNPACKING pc=0x0000028e2eefa1a9 sp=0x0000009d2e0fa6c8 mode 2

Classes redefined (0 events):
No events

Internal exceptions (20 events):
Event: 9.650 Thread 0x0000028e4b292800 Exception <a 'java/lang/IncompatibleClassChangeError'{0x000000008f17c050}: Found class java.lang.Object, but interface was expected> (0x000000008f17c050) thrown at [src/hotspot/share/interpreter/linkResolver.cpp, line 839]
Event: 9.672 Thread 0x0000028e4b292800 Exception <a 'java/lang/NoSuchMethodError'{0x000000008ef0ced8}: 'void java.lang.invoke.DirectMethodHandle$Holder.invokeVirtual(java.lang.Object, java.lang.Object)'> (0x000000008ef0ced8) thrown at [src/hotspot/share/interpreter/linkResolver.cpp, line 773]
Event: 9.691 Thread 0x0000028e47cdd800 Exception <a 'java/lang/NoSuchMethodError'{0x000000008ee8b8e0}: <clinit>> (0x000000008ee8b8e0) thrown at [src/hotspot/share/prims/jni.cpp, line 1367]
Event: 9.692 Thread 0x0000028e47cdd800 Exception <a 'java/lang/NoSuchMethodError'{0x000000008eeaf4a8}: <clinit>> (0x000000008eeaf4a8) thrown at [src/hotspot/share/prims/jni.cpp, line 1367]
Event: 9.692 Thread 0x0000028e47cdd800 Exception <a 'java/lang/NoSuchMethodError'{0x000000008eeb09d8}: <clinit>> (0x000000008eeb09d8) thrown at [src/hotspot/share/prims/jni.cpp, line 1367]
Event: 9.695 Thread 0x0000028e47cdd800 Exception <a 'java/lang/NoSuchMethodError'{0x000000008ed048a8}: <clinit>> (0x000000008ed048a8) thrown at [src/hotspot/share/prims/jni.cpp, line 1367]
Event: 9.708 Thread 0x0000028e4b28b800 Exception <a 'java/lang/NoSuchMethodError'{0x000000008ecc6170}: <clinit>> (0x000000008ecc6170) thrown at [src/hotspot/share/prims/jni.cpp, line 1367]
Event: 9.710 Thread 0x0000028e4b28b800 Exception <a 'java/lang/NoSuchMethodError'{0x000000008eb97b70}: <clinit>> (0x000000008eb97b70) thrown at [src/hotspot/share/prims/jni.cpp, line 1367]
Event: 9.712 Thread 0x0000028e4b28b800 Exception <a 'java/lang/NoSuchMethodError'{0x000000008ebb9d38}: <clinit>> (0x000000008ebb9d38) thrown at [src/hotspot/share/prims/jni.cpp, line 1367]
Event: 9.713 Thread 0x0000028e4b292800 Exception <a 'java/lang/IncompatibleClassChangeError'{0x000000008ebd5330}: Found class java.lang.Object, but interface was expected> (0x000000008ebd5330) thrown at [src/hotspot/share/interpreter/linkResolver.cpp, line 839]
Event: 9.729 Thread 0x0000028e4b292800 Exception <a 'java/lang/NoSuchMethodError'{0x000000008e82a5a0}: 'int java.lang.invoke.DirectMethodHandle$Holder.invokeStaticInit(java.lang.Object, java.lang.Object, java.lang.Object, java.lang.Object, java.lang.Object)'> (0x000000008e82a5a0) thrown at [src/hotspot/share/interpreter/linkResolver.cpp, line 773]
Event: 9.742 Thread 0x0000028e4b292800 Exception <a 'sun/nio/fs/WindowsException'{0x000000008e70b340}> (0x000000008e70b340) thrown at [src/hotspot/share/prims/jni.cpp, line 617]
Event: 9.742 Thread 0x0000028e4b292800 Exception <a 'sun/nio/fs/WindowsException'{0x000000008e70c188}> (0x000000008e70c188) thrown at [src/hotspot/share/prims/jni.cpp, line 617]
Event: 9.761 Thread 0x0000028e4b292800 Implicit null exception at 0x0000028e36d6f677 to 0x0000028e36d6f810
Event: 14.764 Thread 0x0000028e4b292800 Exception <a 'net/rubygrapefruit/platform/NativeException'{0x000000008e6e1238}: Execution timed out> (0x000000008e6e1238) thrown at [src/hotspot/share/prims/jni.cpp, line 638]
Event: 19.776 Thread 0x0000028e4b292800 Exception <a 'net/rubygrapefruit/platform/NativeException'{0x000000008e6fe9d0}: Execution timed out> (0x000000008e6fe9d0) thrown at [src/hotspot/share/prims/jni.cpp, line 638]
Event: 19.785 Thread 0x0000028e47cdd800 Exception <a 'java/lang/NoSuchMethodError'{0x000000008e4d5d58}: <clinit>> (0x000000008e4d5d58) thrown at [src/hotspot/share/prims/jni.cpp, line 1367]
Event: 19.787 Thread 0x0000028e47cdd800 Exception <a 'java/lang/NoSuchMethodError'{0x000000008e4ebb78}: <clinit>> (0x000000008e4ebb78) thrown at [src/hotspot/share/prims/jni.cpp, line 1367]
Event: 19.803 Thread 0x0000028e47cdd800 Exception <a 'java/lang/NoSuchMethodError'{0x000000008e390178}: <clinit>> (0x000000008e390178) thrown at [src/hotspot/share/prims/jni.cpp, line 1367]
Event: 19.815 Thread 0x0000028e4b292800 Exception <a 'java/lang/NoSuchMethodError'{0x000000008e3e5508}: 'int java.lang.invoke.DirectMethodHandle$Holder.invokeSpecial(java.lang.Object, java.lang.Object, java.lang.Object, java.lang.Object, java.lang.Object)'> (0x000000008e3e5508) thrown at [src/hotspot/share/interpreter/linkResolver.cpp, line 773]

Events (20 events):
Event: 19.840 Executing VM operation: RevokeBias
Event: 19.841 Executing VM operation: RevokeBias done
Event: 19.841 loading class org/gradle/internal/snapshot/ChildMap
Event: 19.841 loading class org/gradle/internal/snapshot/ChildMap done
Event: 19.841 loading class org/gradle/internal/snapshot/ChildMap
Event: 19.841 loading class org/gradle/internal/snapshot/ChildMap done
Event: 19.841 loading class org/gradle/internal/snapshot/AbstractInvalidateChildHandler
Event: 19.841 loading class org/gradle/internal/snapshot/AbstractInvalidateChildHandler done
Event: 19.841 loading class org/gradle/internal/snapshot/ChildMap
Event: 19.841 loading class org/gradle/internal/snapshot/ChildMap done
Event: 19.841 loading class org/gradle/internal/snapshot/ChildMap
Event: 19.841 loading class org/gradle/internal/snapshot/ChildMap done
Event: 19.841 loading class org/gradle/internal/snapshot/AbstractInvalidateChildHandler
Event: 19.841 loading class org/gradle/internal/snapshot/AbstractInvalidateChildHandler done
Event: 19.841 Executing VM operation: RevokeBias
Event: 19.841 Executing VM operation: RevokeBias done
Event: 19.841 Executing VM operation: RevokeBias
Event: 19.841 Executing VM operation: RevokeBias done
Event: 19.841 Executing VM operation: RevokeBias
Event: 19.841 Executing VM operation: RevokeBias done


Dynamic libraries:
0x00007ff78bb70000 - 0x00007ff78bb7a000 	C:\Program Files\Android\Android Studio\jbr\bin\java.exe
0x00007ffddd7d0000 - 0x00007ffddd9c6000 	C:\Windows\SYSTEM32\ntdll.dll
0x00007ffddc7f0000 - 0x00007ffddc8ad000 	C:\Windows\System32\KERNEL32.DLL
0x00007ffddb310000 - 0x00007ffddb5d9000 	C:\Windows\System32\KERNELBASE.dll
0x00007ffddb020000 - 0x00007ffddb120000 	C:\Windows\System32\ucrtbase.dll
0x00007ffdc3720000 - 0x00007ffdc3737000 	C:\Program Files\Android\Android Studio\jbr\bin\jli.dll
0x00007ffdc3070000 - 0x00007ffdc308b000 	C:\Program Files\Android\Android Studio\jbr\bin\VCRUNTIME140.dll
0x00007ffddc3c0000 - 0x00007ffddc560000 	C:\Windows\System32\USER32.dll
0x00007ffddb230000 - 0x00007ffddb252000 	C:\Windows\System32\win32u.dll
0x00007ffddcad0000 - 0x00007ffddcafa000 	C:\Windows\System32\GDI32.dll
0x00007ffddaf10000 - 0x00007ffddb01b000 	C:\Windows\System32\gdi32full.dll
0x00007ffddb740000 - 0x00007ffddb7dd000 	C:\Windows\System32\msvcp_win.dll
0x00007ffdbcec0000 - 0x00007ffdbd15b000 	C:\Windows\WinSxS\amd64_microsoft.windows.common-controls_6595b64144ccf1df_6.0.19041.746_none_ca02b4b61b8320a4\COMCTL32.dll
0x00007ffddc320000 - 0x00007ffddc3be000 	C:\Windows\System32\msvcrt.dll
0x00007ffddc730000 - 0x00007ffddc760000 	C:\Windows\System32\IMM32.DLL
0x00007ffda4200000 - 0x00007ffda425b000 	C:\ProgramData\Microsoft\DbgCtr\XShellDLL64_6015.dll
0x00007ffddc680000 - 0x00007ffddc72c000 	C:\Windows\System32\ADVAPI32.dll
0x00007ffddc560000 - 0x00007ffddc5fc000 	C:\Windows\System32\sechost.dll
0x00007ffddc980000 - 0x00007ffddcaab000 	C:\Windows\System32\RPCRT4.dll
0x00007ffddba20000 - 0x00007ffddc162000 	C:\Windows\System32\SHELL32.dll
0x00007ffdd6030000 - 0x00007ffdd603c000 	C:\Program Files\Android\Android Studio\jbr\bin\vcruntime140_1.dll
0x00007ffdb73a0000 - 0x00007ffdb742d000 	C:\Program Files\Android\Android Studio\jbr\bin\msvcp140.dll
0x00007ffd96130000 - 0x00007ffd96cec000 	C:\Program Files\Android\Android Studio\jbr\bin\server\jvm.dll
0x00007ffddba10000 - 0x00007ffddba18000 	C:\Windows\System32\PSAPI.DLL
0x00007ffdc85b0000 - 0x00007ffdc85b9000 	C:\Windows\SYSTEM32\WSOCK32.dll
0x00007ffdb4db0000 - 0x00007ffdb4dd7000 	C:\Windows\SYSTEM32\WINMM.dll
0x00007ffddc610000 - 0x00007ffddc67b000 	C:\Windows\System32\WS2_32.dll
0x00007ffdd4230000 - 0x00007ffdd423a000 	C:\Windows\SYSTEM32\VERSION.dll
0x00007ffdd8e80000 - 0x00007ffdd8e92000 	C:\Windows\SYSTEM32\kernel.appcore.dll
0x00007ffdcc7e0000 - 0x00007ffdcc7f0000 	C:\Program Files\Android\Android Studio\jbr\bin\verify.dll
0x00007ffdc3cc0000 - 0x00007ffdc3ea4000 	C:\Windows\SYSTEM32\DBGHELP.DLL
0x00007ffdc3c90000 - 0x00007ffdc3cbc000 	C:\Windows\SYSTEM32\dbgcore.DLL
0x00007ffddb260000 - 0x00007ffddb2e0000 	C:\Windows\System32\bcryptPrimitives.dll
0x00007ffdc3790000 - 0x00007ffdc37b8000 	C:\Program Files\Android\Android Studio\jbr\bin\java.dll
0x00007ffdcbef0000 - 0x00007ffdcbefa000 	C:\Program Files\Android\Android Studio\jbr\bin\jimage.dll
0x00007ffdc3580000 - 0x00007ffdc3598000 	C:\Program Files\Android\Android Studio\jbr\bin\zip.dll
0x00007ffdd9080000 - 0x00007ffdd9810000 	C:\Windows\SYSTEM32\windows.storage.dll
0x00007ffddd3d0000 - 0x00007ffddd726000 	C:\Windows\System32\combase.dll
0x00007ffdda970000 - 0x00007ffdda99c000 	C:\Windows\SYSTEM32\Wldp.dll
0x00007ffddb830000 - 0x00007ffddb8de000 	C:\Windows\System32\SHCORE.dll
0x00007ffddc170000 - 0x00007ffddc1c5000 	C:\Windows\System32\shlwapi.dll
0x00007ffddae40000 - 0x00007ffddae66000 	C:\Windows\SYSTEM32\profapi.dll
0x00007ffdc30d0000 - 0x00007ffdc30e9000 	C:\Program Files\Android\Android Studio\jbr\bin\net.dll
0x00007ffdd4cc0000 - 0x00007ffdd4dc0000 	C:\Windows\SYSTEM32\WINHTTP.dll
0x00007ffdda680000 - 0x00007ffdda6ea000 	C:\Windows\system32\mswsock.dll
0x00007ffdc30b0000 - 0x00007ffdc30c3000 	C:\Program Files\Android\Android Studio\jbr\bin\nio.dll
0x00007ffdc2910000 - 0x00007ffdc2937000 	C:\Users\it_04\.gradle\native\e1d6ef7f7dcc3fd88c89a11ec53ec762bb8ba0a96d01ffa2cd45eb1d1d8dd5c5\windows-amd64\native-platform.dll
0x00007ffda9150000 - 0x00007ffda9294000 	C:\Users\it_04\.gradle\native\0d407fdbe67a94daf76414ababcb853783967236a71b16ec16e742cd7a986fd3\windows-amd64\native-platform-file-events.dll
0x00007ffdc5190000 - 0x00007ffdc519a000 	C:\Program Files\Android\Android Studio\jbr\bin\management.dll
0x00007ffdc3600000 - 0x00007ffdc360b000 	C:\Program Files\Android\Android Studio\jbr\bin\management_ext.dll
0x00007ffdda850000 - 0x00007ffdda868000 	C:\Windows\SYSTEM32\CRYPTSP.dll
0x00007ffdda020000 - 0x00007ffdda054000 	C:\Windows\system32\rsaenh.dll
0x00007ffddb2e0000 - 0x00007ffddb307000 	C:\Windows\System32\bcrypt.dll
0x00007ffddadc0000 - 0x00007ffddadee000 	C:\Windows\SYSTEM32\USERENV.dll
0x00007ffdda870000 - 0x00007ffdda87c000 	C:\Windows\SYSTEM32\CRYPTBASE.dll
0x00007ffdda370000 - 0x00007ffdda3ab000 	C:\Windows\SYSTEM32\IPHLPAPI.DLL
0x00007ffddc7e0000 - 0x00007ffddc7e8000 	C:\Windows\System32\NSI.dll
0x00007ffdd43f0000 - 0x00007ffdd4407000 	C:\Windows\SYSTEM32\dhcpcsvc6.DLL
0x00007ffdd43d0000 - 0x00007ffdd43ed000 	C:\Windows\SYSTEM32\dhcpcsvc.DLL
0x00007ffdda3b0000 - 0x00007ffdda47b000 	C:\Windows\SYSTEM32\DNSAPI.dll

dbghelp: loaded successfully - version: 4.0.5 - missing functions: none
symbol engine: initialized successfully - sym options: 0x614 - pdb path: .;C:\Program Files\Android\Android Studio\jbr\bin;C:\Windows\SYSTEM32;C:\Windows\WinSxS\amd64_microsoft.windows.common-controls_6595b64144ccf1df_6.0.19041.746_none_ca02b4b61b8320a4;C:\ProgramData\Microsoft\DbgCtr;C:\Program Files\Android\Android Studio\jbr\bin\server;C:\Users\it_04\.gradle\native\e1d6ef7f7dcc3fd88c89a11ec53ec762bb8ba0a96d01ffa2cd45eb1d1d8dd5c5\windows-amd64;C:\Users\it_04\.gradle\native\0d407fdbe67a94daf76414ababcb853783967236a71b16ec16e742cd7a986fd3\windows-amd64

VM Arguments:
jvm_args: --add-opens=java.base/java.util=ALL-UNNAMED --add-opens=java.base/java.lang=ALL-UNNAMED --add-opens=java.base/java.lang.invoke=ALL-UNNAMED --add-opens=java.base/java.util=ALL-UNNAMED --add-opens=java.prefs/java.util.prefs=ALL-UNNAMED --add-opens=java.prefs/java.util.prefs=ALL-UNNAMED --add-opens=java.base/java.nio.charset=ALL-UNNAMED --add-opens=java.base/java.net=ALL-UNNAMED --add-opens=java.base/java.util.concurrent.atomic=ALL-UNNAMED -Xmx2048m -Dfile.encoding=UTF-8 -Duser.country=US -Duser.language=en -Duser.variant 
java_command: org.gradle.launcher.daemon.bootstrap.GradleDaemon 7.5
java_class_path (initial): C:\Users\it_04\.gradle\wrapper\dists\gradle-7.5-bin\f1w0cc9nuo0eivz97x2xlu9sv\gradle-7.5\lib\gradle-launcher-7.5.jar
Launcher Type: SUN_STANDARD

[Global flags]
     intx CICompilerCount                          = 3                                         {product} {ergonomic}
     uint ConcGCThreads                            = 1                                         {product} {ergonomic}
     uint G1ConcRefinementThreads                  = 4                                         {product} {ergonomic}
   size_t G1HeapRegionSize                         = 1048576                                   {product} {ergonomic}
    uintx GCDrainStackTargetSize                   = 64                                        {product} {ergonomic}
   size_t InitialHeapSize                          = 266338304                                 {product} {ergonomic}
   size_t MarkStackSize                            = 4194304                                   {product} {ergonomic}
   size_t MaxHeapSize                              = 2147483648                                {product} {command line}
   size_t MaxNewSize                               = 1287651328                                {product} {ergonomic}
   size_t MinHeapDeltaBytes                        = 1048576                                   {product} {ergonomic}
    uintx NonNMethodCodeHeapSize                   = 5830732                                {pd product} {ergonomic}
    uintx NonProfiledCodeHeapSize                  = 122913754                              {pd product} {ergonomic}
    uintx ProfiledCodeHeapSize                     = 122913754                              {pd product} {ergonomic}
    uintx ReservedCodeCacheSize                    = 251658240                              {pd product} {ergonomic}
     bool SegmentedCodeCache                       = true                                      {product} {ergonomic}
     bool UseCompressedClassPointers               = true                                 {lp64_product} {ergonomic}
     bool UseCompressedOops                        = true                                 {lp64_product} {ergonomic}
     bool UseG1GC                                  = true                                      {product} {ergonomic}
     bool UseLargePagesIndividualAllocation        = false                                  {pd product} {ergonomic}

Logging:
Log output configuration:
 #0: stdout all=warning uptime,level,tags
 #1: stderr all=off uptime,level,tags

Environment Variables:
PATH=D:\app\it_07\product\11.2.0\client_1\bin;C:\Windows\system32;C:\Windows;C:\Windows\System32\Wbem;C:\Windows\System32\WindowsPowerShell\v1.0\;C:\Windows\System32\OpenSSH\;C:\Program Files\dotnet\;C:\Program Files\Git\cmd;C:\Users\it_04\AppData\Local\Microsoft\WindowsApps;C:\Users\it_04\.dotnet\tools
USERNAME=it_04
OS=Windows_NT
PROCESSOR_IDENTIFIER=Intel64 Family 6 Model 165 Stepping 3, GenuineIntel



---------------  S Y S T E M  ---------------

OS: Windows 10 , 64 bit Build 19041 (10.0.19041.804)
OS uptime: 0 days 1:26 hours

CPU:total 4 (initial active 4) (2 cores per cpu, 2 threads per core) family 6 model 165 stepping 3 microcode 0xe0, cmov, cx8, fxsr, mmx, sse, sse2, sse3, ssse3, sse4.1, sse4.2, popcnt, aes, clmul, erms, 3dnowpref, lzcnt, ht, tsc, tscinvbit

Memory: 4k page, system-wide physical 16242M (9301M free)
TotalPageFile size 18674M (AvailPageFile size 12087M)
current process WorkingSet (physical memory assigned to process): 465M, peak: 498M
current process commit charge ("private bytes"): 557M, peak: 587M

vm_info: OpenJDK 64-Bit Server VM (11.0.15+0-b2043.56-9505619) for windows-amd64 JRE (11.0.15+0-b2043.56-9505619), built on Jan 19 2023 02:48:00 by "builduser" with unknown MS VC++:1929

END.
