#
# A fatal error has been detected by the Java Runtime Environment:
#
#  EXCEPTION_ACCESS_VIOLATION (0xc0000005) at pc=0x0000003dcfc2bf01, pid=8588, tid=9864
#
# JRE version: OpenJDK Runtime Environment (11.0.15) (build 11.0.15+0-b2043.56-9505619)
# Java VM: OpenJDK 64-Bit Server VM (11.0.15+0-b2043.56-9505619, mixed mode, tiered, compressed oops, g1 gc, windows-amd64)
# Problematic frame:
# C  0x0000003dcfc2bf01
#
# No core dump will be written. Minidumps are not enabled by default on client versions of Windows
#
# If you would like to submit a bug report, please visit:
#   https://bugreport.java.com/bugreport/crash.jsp
# The crash happened outside the Java Virtual Machine in native code.
# See problematic frame for where to report the bug.
#

---------------  S U M M A R Y ------------

Command Line: --add-opens=java.base/java.util=ALL-UNNAMED --add-opens=java.base/java.lang=ALL-UNNAMED --add-opens=java.base/java.lang.invoke=ALL-UNNAMED --add-opens=java.base/java.util=ALL-UNNAMED --add-opens=java.prefs/java.util.prefs=ALL-UNNAMED --add-opens=java.prefs/java.util.prefs=ALL-UNNAMED --add-opens=java.base/java.nio.charset=ALL-UNNAMED --add-opens=java.base/java.net=ALL-UNNAMED --add-opens=java.base/java.util.concurrent.atomic=ALL-UNNAMED -Xmx2048m -Dfile.encoding=UTF-8 -Duser.country=US -Duser.language=en -Duser.variant org.gradle.launcher.daemon.bootstrap.GradleDaemon 7.5

Host: Intel(R) Pentium(R) Gold G6400 CPU @ 4.00GHz, 4 cores, 15G,  Windows 10 , 64 bit Build 19041 (10.0.19041.804)
Time: Mon Apr 24 08:15:32 2023 SE Asia Standard Time elapsed time: 14.573443 seconds (0d 0h 0m 14s)

---------------  T H R E A D  ---------------

Current thread (0x000001d6b9486800):  JavaThread "File watcher server" daemon [_thread_in_native, id=9864, stack(0x00000075d9800000,0x00000075d9900000)]

Stack: [0x00000075d9800000,0x00000075d9900000],  sp=0x00000075d98fe508,  free space=1017k
Native frames: (J=compiled Java code, j=interpreted, Vv=VM code, C=native code)
C  0x0000003dcfc2bf01

Java frames: (J=compiled Java code, j=interpreted, Vv=VM code)
j  net.rubygrapefruit.platform.internal.jni.AbstractFileEventFunctions$NativeFileWatcher.executeRunLoop0(Ljava/lang/Object;)V+0
j  net.rubygrapefruit.platform.internal.jni.AbstractFileEventFunctions$NativeFileWatcher.access$100(Lnet/rubygrapefruit/platform/internal/jni/AbstractFileEventFunctions$NativeFileWatcher;Ljava/lang/Object;)V+2
j  net.rubygrapefruit.platform.internal.jni.AbstractFileEventFunctions$NativeFileWatcher$1.run()V+26
v  ~StubRoutines::call_stub

siginfo: EXCEPTION_ACCESS_VIOLATION (0xc0000005), data execution prevention violation at address 0x0000003dcfc2bf01


Register to memory mapping:

RIP=0x0000003dcfc2bf01 is an unknown value
RAX=0x0000003dcfc2bf01 is an unknown value
RBX=0x0 is NULL
RCX=0x00000075dd2fa4f8 is pointing into the stack for thread: 0x000001d6bdab4800
RDX=0x0 is NULL
RSP=0x00000075d98fe508 is pointing into the stack for thread: 0x000001d6b9486800
RBP=0x00000075d98feed8 is pointing into the stack for thread: 0x000001d6b9486800
RSI=0x00000075dd2fa4f0 is pointing into the stack for thread: 0x000001d6bdab4800
RDI=0x00000075dd2fa4b0 is pointing into the stack for thread: 0x000001d6bdab4800
R8 =0x000001d69a280f00 points into unknown readable memory: 0x000001d69a280cc0 | c0 0c 28 9a d6 01 00 00
R9 =0x0000000000000001 is an unknown value
R10=0x0000000000008000 is an unknown value
R11=0x00000075d98fe1c0 is pointing into the stack for thread: 0x000001d6b9486800
R12=0x0 is NULL
R13={method} {0x000001d6bbb756b8} 'executeRunLoop0' '(Ljava/lang/Object;)V' in 'net/rubygrapefruit/platform/internal/jni/AbstractFileEventFunctions$NativeFileWatcher'
R14=0x0 is NULL
R15=0x000001d6b9486800 is a thread


Registers:
RAX=0x0000003dcfc2bf01, RBX=0x0000000000000000, RCX=0x00000075dd2fa4f8, RDX=0x0000000000000000
RSP=0x00000075d98fe508, RBP=0x00000075d98feed8, RSI=0x00000075dd2fa4f0, RDI=0x00000075dd2fa4b0
R8 =0x000001d69a280f00, R9 =0x0000000000000001, R10=0x0000000000008000, R11=0x00000075d98fe1c0
R12=0x0000000000000000, R13=0x000001d6bbb756b0, R14=0x0000000000000000, R15=0x000001d6b9486800
RIP=0x0000003dcfc2bf01, EFLAGS=0x0000000000010292

Top of Stack: (sp=0x00000075d98fe508)
0x00000075d98fe508:   00007ff898be63b9 0000000000000000
0x00000075d98fe518:   000001d69ff8fa7a 000001d6b6525990
0x00000075d98fe528:   00007ff898bc3133 000001d6be1492f8
0x00000075d98fe538:   000000008fa80970 0000dcb0659131ec
0x00000075d98fe548:   00007ff898bcda83 00000075d98fef00
0x00000075d98fe558:   00000075dd2fa4b0 00007ff898bbf150
0x00000075d98fe568:   00007ff898bd709b 00000075dd2fa4f0
0x00000075d98fe578:   000000008047a688 0000000000000000
0x00000075d98fe588:   00007ff898bcbfae 000001d6be1492f0
0x00000075d98fe598:   00007ff898bc92a6 00000075dd2fa4f0
0x00000075d98fe5a8:   0000000000000000 000001d6be1492f0
0x00000075d98fe5b8:   00007ff898ba57b3 0000000000000000
0x00000075d98fe5c8:   00007ff898bd64c2 00000075d98fe610
0x00000075d98fe5d8:   00000075dd2fa4f0 000001d6b61b4a20
0x00000075d98fe5e8:   0000000000000000 000000008042a901
0x00000075d98fe5f8:   000001d6b60cfd50 0000000000000000 

Instructions: (pc=0x0000003dcfc2bf01)
0x0000003dcfc2be01:   ?? ?? ?? ?? ?? ?? ?? ?? ?? ?? ?? ?? ?? ?? ?? ??
0x0000003dcfc2be11:   ?? ?? ?? ?? ?? ?? ?? ?? ?? ?? ?? ?? ?? ?? ?? ??
0x0000003dcfc2be21:   ?? ?? ?? ?? ?? ?? ?? ?? ?? ?? ?? ?? ?? ?? ?? ??
0x0000003dcfc2be31:   ?? ?? ?? ?? ?? ?? ?? ?? ?? ?? ?? ?? ?? ?? ?? ??
0x0000003dcfc2be41:   ?? ?? ?? ?? ?? ?? ?? ?? ?? ?? ?? ?? ?? ?? ?? ??
0x0000003dcfc2be51:   ?? ?? ?? ?? ?? ?? ?? ?? ?? ?? ?? ?? ?? ?? ?? ??
0x0000003dcfc2be61:   ?? ?? ?? ?? ?? ?? ?? ?? ?? ?? ?? ?? ?? ?? ?? ??
0x0000003dcfc2be71:   ?? ?? ?? ?? ?? ?? ?? ?? ?? ?? ?? ?? ?? ?? ?? ??
0x0000003dcfc2be81:   ?? ?? ?? ?? ?? ?? ?? ?? ?? ?? ?? ?? ?? ?? ?? ??
0x0000003dcfc2be91:   ?? ?? ?? ?? ?? ?? ?? ?? ?? ?? ?? ?? ?? ?? ?? ??
0x0000003dcfc2bea1:   ?? ?? ?? ?? ?? ?? ?? ?? ?? ?? ?? ?? ?? ?? ?? ??
0x0000003dcfc2beb1:   ?? ?? ?? ?? ?? ?? ?? ?? ?? ?? ?? ?? ?? ?? ?? ??
0x0000003dcfc2bec1:   ?? ?? ?? ?? ?? ?? ?? ?? ?? ?? ?? ?? ?? ?? ?? ??
0x0000003dcfc2bed1:   ?? ?? ?? ?? ?? ?? ?? ?? ?? ?? ?? ?? ?? ?? ?? ??
0x0000003dcfc2bee1:   ?? ?? ?? ?? ?? ?? ?? ?? ?? ?? ?? ?? ?? ?? ?? ??
0x0000003dcfc2bef1:   ?? ?? ?? ?? ?? ?? ?? ?? ?? ?? ?? ?? ?? ?? ?? ??
0x0000003dcfc2bf01:   ?? ?? ?? ?? ?? ?? ?? ?? ?? ?? ?? ?? ?? ?? ?? ??
0x0000003dcfc2bf11:   ?? ?? ?? ?? ?? ?? ?? ?? ?? ?? ?? ?? ?? ?? ?? ??
0x0000003dcfc2bf21:   ?? ?? ?? ?? ?? ?? ?? ?? ?? ?? ?? ?? ?? ?? ?? ??
0x0000003dcfc2bf31:   ?? ?? ?? ?? ?? ?? ?? ?? ?? ?? ?? ?? ?? ?? ?? ??
0x0000003dcfc2bf41:   ?? ?? ?? ?? ?? ?? ?? ?? ?? ?? ?? ?? ?? ?? ?? ??
0x0000003dcfc2bf51:   ?? ?? ?? ?? ?? ?? ?? ?? ?? ?? ?? ?? ?? ?? ?? ??
0x0000003dcfc2bf61:   ?? ?? ?? ?? ?? ?? ?? ?? ?? ?? ?? ?? ?? ?? ?? ??
0x0000003dcfc2bf71:   ?? ?? ?? ?? ?? ?? ?? ?? ?? ?? ?? ?? ?? ?? ?? ??
0x0000003dcfc2bf81:   ?? ?? ?? ?? ?? ?? ?? ?? ?? ?? ?? ?? ?? ?? ?? ??
0x0000003dcfc2bf91:   ?? ?? ?? ?? ?? ?? ?? ?? ?? ?? ?? ?? ?? ?? ?? ??
0x0000003dcfc2bfa1:   ?? ?? ?? ?? ?? ?? ?? ?? ?? ?? ?? ?? ?? ?? ?? ??
0x0000003dcfc2bfb1:   ?? ?? ?? ?? ?? ?? ?? ?? ?? ?? ?? ?? ?? ?? ?? ??
0x0000003dcfc2bfc1:   ?? ?? ?? ?? ?? ?? ?? ?? ?? ?? ?? ?? ?? ?? ?? ??
0x0000003dcfc2bfd1:   ?? ?? ?? ?? ?? ?? ?? ?? ?? ?? ?? ?? ?? ?? ?? ??
0x0000003dcfc2bfe1:   ?? ?? ?? ?? ?? ?? ?? ?? ?? ?? ?? ?? ?? ?? ?? ??
0x0000003dcfc2bff1:   ?? ?? ?? ?? ?? ?? ?? ?? ?? ?? ?? ?? ?? ?? ?? ?? 


Stack slot to memory mapping:
stack at sp + 0 slots: 0x00007ff898be63b9 native-platform-file-events.dll
stack at sp + 1 slots: 0x0 is NULL
stack at sp + 2 slots: 0x000001d69ff8fa7a is at code_begin+2458 in an Interpreter codelet
method entry point (kind = native)  [0x000001d69ff8f0e0, 0x000001d69ff8fb60]  2688 bytes
stack at sp + 3 slots: {method} {0x000001d6b6525998} 'findEntry' '(Ljava/lang/String;)J' in 'java/lang/ClassLoader$NativeLibrary'
stack at sp + 4 slots: 0x00007ff898bc3133 native-platform-file-events.dll
stack at sp + 5 slots: 0x000001d6be1492f8 points into unknown readable memory: 0x000001d6b9decdc0 | c0 cd de b9 d6 01 00 00
stack at sp + 6 slots: 0x000000008fa80970 is an unallocated location in the heap
stack at sp + 7 slots: 0x0000dcb0659131ec is an unknown value


---------------  P R O C E S S  ---------------

Threads class SMR info:
_java_thread_list=0x000001d6c096e090, length=86, elements={
0x000001d69c461000, 0x000001d6b68e9800, 0x000001d6b68f7000, 0x000001d6b6943800,
0x000001d6b6944000, 0x000001d6b6945800, 0x000001d6b694a800, 0x000001d6b6956000,
0x000001d6b695f000, 0x000001d6b6ab9800, 0x000001d6b920d800, 0x000001d6b6ed4800,
0x000001d6b8d48000, 0x000001d6b8fa1800, 0x000001d6b87d8000, 0x000001d6b93e4000,
0x000001d6b9333000, 0x000001d6b90ac800, 0x000001d6b9460800, 0x000001d6b8f98800,
0x000001d6b9487000, 0x000001d6b9485000, 0x000001d6b9488000, 0x000001d6b9486800,
0x000001d6b9485800, 0x000001d6b9489000, 0x000001d6b9489800, 0x000001d6b9484000,
0x000001d6b948a800, 0x000001d6bd382000, 0x000001d6bd37e000, 0x000001d6bd381800,
0x000001d6bd380800, 0x000001d6bd37f800, 0x000001d6bd383000, 0x000001d6bd384000,
0x000001d6bd384800, 0x000001d6bd37f000, 0x000001d6bd38b000, 0x000001d6bd388000,
0x000001d6bd386000, 0x000001d6bd388800, 0x000001d6bd387000, 0x000001d6bd385800,
0x000001d6bd389800, 0x000001d6bd38a800, 0x000001d6bd38c000, 0x000001d6bd8ed000,
0x000001d6bd8ec800, 0x000001d6bd8e8800, 0x000001d6bd8ef000, 0x000001d6bd8ee000,
0x000001d6bd8e9000, 0x000001d6bd8ea000, 0x000001d6bd8ef800, 0x000001d6bd8f0800,
0x000001d6bd8eb000, 0x000001d6bd8eb800, 0x000001d6bd8f5800, 0x000001d6bd8f6000,
0x000001d6bd8f4800, 0x000001d6bd8f7000, 0x000001d6bd8f3000, 0x000001d6bd8f1800,
0x000001d6bd8f3800, 0x000001d6bd8f2000, 0x000001d6bdaaf000, 0x000001d6bdaab000,
0x000001d6bdaab800, 0x000001d6bdaaa000, 0x000001d6bdab0000, 0x000001d6bdaae000,
0x000001d6bdab0800, 0x000001d6bdab1800, 0x000001d6bdab2000, 0x000001d6bdaac800,
0x000001d6bdab3000, 0x000001d6bdaad800, 0x000001d6bdab6800, 0x000001d6bdab5800,
0x000001d6bdab4000, 0x000001d6bdab4800, 0x000001d6bdab7000, 0x000001d6bdab8000,
0x000001d6bdab8800, 0x000001d6bcd21000
}

Java Threads: ( => current thread )
  0x000001d69c461000 JavaThread "main" [_thread_blocked, id=9192, stack(0x00000075d7200000,0x00000075d7300000)]
  0x000001d6b68e9800 JavaThread "Reference Handler" daemon [_thread_blocked, id=6484, stack(0x00000075d7c00000,0x00000075d7d00000)]
  0x000001d6b68f7000 JavaThread "Finalizer" daemon [_thread_blocked, id=7288, stack(0x00000075d7d00000,0x00000075d7e00000)]
  0x000001d6b6943800 JavaThread "Signal Dispatcher" daemon [_thread_blocked, id=6068, stack(0x00000075d7e00000,0x00000075d7f00000)]
  0x000001d6b6944000 JavaThread "Attach Listener" daemon [_thread_blocked, id=5156, stack(0x00000075d7f00000,0x00000075d8000000)]
  0x000001d6b6945800 JavaThread "Service Thread" daemon [_thread_blocked, id=8844, stack(0x00000075d8000000,0x00000075d8100000)]
  0x000001d6b694a800 JavaThread "C2 CompilerThread0" daemon [_thread_blocked, id=10160, stack(0x00000075d8100000,0x00000075d8200000)]
  0x000001d6b6956000 JavaThread "C1 CompilerThread0" daemon [_thread_blocked, id=10016, stack(0x00000075d8200000,0x00000075d8300000)]
  0x000001d6b695f000 JavaThread "Sweeper thread" daemon [_thread_blocked, id=10044, stack(0x00000075d8300000,0x00000075d8400000)]
  0x000001d6b6ab9800 JavaThread "Common-Cleaner" daemon [_thread_blocked, id=3096, stack(0x00000075d8400000,0x00000075d8500000)]
  0x000001d6b920d800 JavaThread "Daemon health stats" [_thread_blocked, id=3408, stack(0x00000075d8a00000,0x00000075d8b00000)]
  0x000001d6b6ed4800 JavaThread "Incoming local TCP Connector on port 65145" [_thread_in_native, id=2760, stack(0x00000075d8b00000,0x00000075d8c00000)]
  0x000001d6b8d48000 JavaThread "Daemon periodic checks" [_thread_blocked, id=3144, stack(0x00000075d8c00000,0x00000075d8d00000)]
  0x000001d6b8fa1800 JavaThread "Daemon" [_thread_blocked, id=8396, stack(0x00000075d8d00000,0x00000075d8e00000)]
  0x000001d6b87d8000 JavaThread "Handler for socket connection from /127.0.0.1:65145 to /127.0.0.1:65146" [_thread_in_native, id=8464, stack(0x00000075d8e00000,0x00000075d8f00000)]
  0x000001d6b93e4000 JavaThread "Cancel handler" [_thread_blocked, id=6816, stack(0x00000075d8f00000,0x00000075d9000000)]
  0x000001d6b9333000 JavaThread "Daemon worker" [_thread_blocked, id=4216, stack(0x00000075d9000000,0x00000075d9100000)]
  0x000001d6b90ac800 JavaThread "Asynchronous log dispatcher for DefaultDaemonConnection: socket connection from /127.0.0.1:65145 to /127.0.0.1:65146" [_thread_blocked, id=2424, stack(0x00000075d9100000,0x00000075d9200000)]
  0x000001d6b9460800 JavaThread "Stdin handler" [_thread_blocked, id=5832, stack(0x00000075d9200000,0x00000075d9300000)]
  0x000001d6b8f98800 JavaThread "Daemon client event forwarder" [_thread_blocked, id=2408, stack(0x00000075d9300000,0x00000075d9400000)]
  0x000001d6b9487000 JavaThread "Cache worker for journal cache (C:\Users\it_04\.gradle\caches\journal-1)" [_thread_blocked, id=7524, stack(0x00000075d9500000,0x00000075d9600000)]
  0x000001d6b9485000 JavaThread "File lock request listener" [_thread_in_native, id=3324, stack(0x00000075d9600000,0x00000075d9700000)]
  0x000001d6b9488000 JavaThread "Cache worker for file hash cache (C:\Users\it_04\.gradle\caches\7.5\fileHashes)" [_thread_blocked, id=9724, stack(0x00000075d9700000,0x00000075d9800000)]
=>0x000001d6b9486800 JavaThread "File watcher server" daemon [_thread_in_native, id=9864, stack(0x00000075d9800000,0x00000075d9900000)]
  0x000001d6b9485800 JavaThread "File watcher consumer" daemon [_thread_blocked, id=4568, stack(0x00000075d9900000,0x00000075d9a00000)]
  0x000001d6b9489000 JavaThread "Cache worker for checksums cache (D:\SourceAndroid\KyThuat\.gradle\7.5\checksums)" [_thread_blocked, id=260, stack(0x00000075d9a00000,0x00000075d9b00000)]
  0x000001d6b9489800 JavaThread "Cache worker for cache directory md-rule (C:\Users\it_04\.gradle\caches\7.5\md-rule)" [_thread_blocked, id=9484, stack(0x00000075d9b00000,0x00000075d9c00000)]
  0x000001d6b9484000 JavaThread "Cache worker for file content cache (C:\Users\it_04\.gradle\caches\7.5\fileContent)" [_thread_blocked, id=7768, stack(0x00000075d9c00000,0x00000075d9d00000)]
  0x000001d6b948a800 JavaThread "Cache worker for file hash cache (D:\SourceAndroid\KyThuat\.gradle\7.5\fileHashes)" [_thread_blocked, id=6552, stack(0x00000075d9d00000,0x00000075d9e00000)]
  0x000001d6bd382000 JavaThread "Cache worker for cache directory md-supplier (C:\Users\it_04\.gradle\caches\7.5\md-supplier)" [_thread_blocked, id=5276, stack(0x00000075d9e00000,0x00000075d9f00000)]
  0x000001d6bd37e000 JavaThread "Cache worker for execution history cache (C:\Users\it_04\.gradle\caches\7.5\executionHistory)" [_thread_blocked, id=3288, stack(0x00000075d9f00000,0x00000075da000000)]
  0x000001d6bd381800 JavaThread "jar transforms" [_thread_blocked, id=7712, stack(0x00000075da000000,0x00000075da100000)]
  0x000001d6bd380800 JavaThread "jar transforms Thread 2" [_thread_blocked, id=7508, stack(0x00000075da100000,0x00000075da200000)]
  0x000001d6bd37f800 JavaThread "jar transforms Thread 3" [_thread_blocked, id=660, stack(0x00000075da200000,0x00000075da300000)]
  0x000001d6bd383000 JavaThread "jar transforms Thread 4" [_thread_blocked, id=9092, stack(0x00000075da300000,0x00000075da400000)]
  0x000001d6bd384000 JavaThread "Cache worker for dependencies-accessors (D:\SourceAndroid\KyThuat\.gradle\7.5\dependencies-accessors)" [_thread_blocked, id=1716, stack(0x00000075da400000,0x00000075da500000)]
  0x000001d6bd384800 JavaThread "Cache worker for Build Output Cleanup Cache (D:\SourceAndroid\KyThuat\.gradle\buildOutputCleanup)" [_thread_blocked, id=6244, stack(0x00000075da500000,0x00000075da600000)]
  0x000001d6bd37f000 JavaThread "Unconstrained build operations" [_thread_blocked, id=5740, stack(0x00000075da600000,0x00000075da700000)]
  0x000001d6bd38b000 JavaThread "Unconstrained build operations Thread 2" [_thread_blocked, id=7820, stack(0x00000075da700000,0x00000075da800000)]
  0x000001d6bd388000 JavaThread "Unconstrained build operations Thread 3" [_thread_blocked, id=7220, stack(0x00000075da800000,0x00000075da900000)]
  0x000001d6bd386000 JavaThread "Unconstrained build operations Thread 4" [_thread_blocked, id=6388, stack(0x00000075da900000,0x00000075daa00000)]
  0x000001d6bd388800 JavaThread "Unconstrained build operations Thread 5" [_thread_blocked, id=7516, stack(0x00000075daa00000,0x00000075dab00000)]
  0x000001d6bd387000 JavaThread "Unconstrained build operations Thread 6" [_thread_blocked, id=7912, stack(0x00000075dab00000,0x00000075dac00000)]
  0x000001d6bd385800 JavaThread "Unconstrained build operations Thread 7" [_thread_blocked, id=9296, stack(0x00000075dac00000,0x00000075dad00000)]
  0x000001d6bd389800 JavaThread "Unconstrained build operations Thread 8" [_thread_blocked, id=5896, stack(0x00000075dad00000,0x00000075dae00000)]
  0x000001d6bd38a800 JavaThread "Unconstrained build operations Thread 9" [_thread_blocked, id=9428, stack(0x00000075dae00000,0x00000075daf00000)]
  0x000001d6bd38c000 JavaThread "Unconstrained build operations Thread 10" [_thread_blocked, id=6780, stack(0x00000075daf00000,0x00000075db000000)]
  0x000001d6bd8ed000 JavaThread "Unconstrained build operations Thread 11" [_thread_blocked, id=1356, stack(0x00000075db000000,0x00000075db100000)]
  0x000001d6bd8ec800 JavaThread "Unconstrained build operations Thread 12" [_thread_blocked, id=8728, stack(0x00000075db100000,0x00000075db200000)]
  0x000001d6bd8e8800 JavaThread "Unconstrained build operations Thread 13" [_thread_blocked, id=9996, stack(0x00000075db200000,0x00000075db300000)]
  0x000001d6bd8ef000 JavaThread "Unconstrained build operations Thread 14" [_thread_blocked, id=7604, stack(0x00000075db300000,0x00000075db400000)]
  0x000001d6bd8ee000 JavaThread "Unconstrained build operations Thread 15" [_thread_blocked, id=2864, stack(0x00000075db400000,0x00000075db500000)]
  0x000001d6bd8e9000 JavaThread "Unconstrained build operations Thread 16" [_thread_blocked, id=5828, stack(0x00000075db500000,0x00000075db600000)]
  0x000001d6bd8ea000 JavaThread "Unconstrained build operations Thread 17" [_thread_blocked, id=8952, stack(0x00000075db600000,0x00000075db700000)]
  0x000001d6bd8ef800 JavaThread "Unconstrained build operations Thread 18" [_thread_blocked, id=8244, stack(0x00000075db700000,0x00000075db800000)]
  0x000001d6bd8f0800 JavaThread "Unconstrained build operations Thread 19" [_thread_blocked, id=1096, stack(0x00000075db800000,0x00000075db900000)]
  0x000001d6bd8eb000 JavaThread "Unconstrained build operations Thread 20" [_thread_blocked, id=8468, stack(0x00000075db900000,0x00000075dba00000)]
  0x000001d6bd8eb800 JavaThread "Unconstrained build operations Thread 21" [_thread_blocked, id=9284, stack(0x00000075dba00000,0x00000075dbb00000)]
  0x000001d6bd8f5800 JavaThread "Unconstrained build operations Thread 22" [_thread_blocked, id=6560, stack(0x00000075dbb00000,0x00000075dbc00000)]
  0x000001d6bd8f6000 JavaThread "Unconstrained build operations Thread 23" [_thread_blocked, id=6164, stack(0x00000075dbc00000,0x00000075dbd00000)]
  0x000001d6bd8f4800 JavaThread "Unconstrained build operations Thread 24" [_thread_blocked, id=7968, stack(0x00000075dbd00000,0x00000075dbe00000)]
  0x000001d6bd8f7000 JavaThread "Unconstrained build operations Thread 25" [_thread_blocked, id=5012, stack(0x00000075dbe00000,0x00000075dbf00000)]
  0x000001d6bd8f3000 JavaThread "Unconstrained build operations Thread 26" [_thread_blocked, id=3772, stack(0x00000075dbf00000,0x00000075dc000000)]
  0x000001d6bd8f1800 JavaThread "Unconstrained build operations Thread 27" [_thread_blocked, id=7576, stack(0x00000075dc000000,0x00000075dc100000)]
  0x000001d6bd8f3800 JavaThread "Unconstrained build operations Thread 28" [_thread_blocked, id=8948, stack(0x00000075dc100000,0x00000075dc200000)]
  0x000001d6bd8f2000 JavaThread "Unconstrained build operations Thread 29" [_thread_blocked, id=10136, stack(0x00000075dc200000,0x00000075dc300000)]
  0x000001d6bdaaf000 JavaThread "Unconstrained build operations Thread 30" [_thread_blocked, id=9700, stack(0x00000075dc300000,0x00000075dc400000)]
  0x000001d6bdaab000 JavaThread "Unconstrained build operations Thread 31" [_thread_blocked, id=5020, stack(0x00000075dc400000,0x00000075dc500000)]
  0x000001d6bdaab800 JavaThread "Unconstrained build operations Thread 32" [_thread_blocked, id=9276, stack(0x00000075dc500000,0x00000075dc600000)]
  0x000001d6bdaaa000 JavaThread "Unconstrained build operations Thread 33" [_thread_blocked, id=10048, stack(0x00000075dc600000,0x00000075dc700000)]
  0x000001d6bdab0000 JavaThread "Unconstrained build operations Thread 34" [_thread_blocked, id=2500, stack(0x00000075dc700000,0x00000075dc800000)]
  0x000001d6bdaae000 JavaThread "Unconstrained build operations Thread 35" [_thread_blocked, id=6680, stack(0x00000075dc800000,0x00000075dc900000)]
  0x000001d6bdab0800 JavaThread "Unconstrained build operations Thread 36" [_thread_blocked, id=6984, stack(0x00000075dc900000,0x00000075dca00000)]
  0x000001d6bdab1800 JavaThread "Unconstrained build operations Thread 37" [_thread_blocked, id=5108, stack(0x00000075dca00000,0x00000075dcb00000)]
  0x000001d6bdab2000 JavaThread "Unconstrained build operations Thread 38" [_thread_blocked, id=2664, stack(0x00000075dcb00000,0x00000075dcc00000)]
  0x000001d6bdaac800 JavaThread "Unconstrained build operations Thread 39" [_thread_blocked, id=4612, stack(0x00000075dcc00000,0x00000075dcd00000)]
  0x000001d6bdab3000 JavaThread "Unconstrained build operations Thread 40" [_thread_blocked, id=6812, stack(0x00000075dcd00000,0x00000075dce00000)]
  0x000001d6bdaad800 JavaThread "Memory manager" [_thread_blocked, id=4136, stack(0x00000075dce00000,0x00000075dcf00000)]
  0x000001d6bdab6800 JavaThread "build event listener" [_thread_blocked, id=2476, stack(0x00000075dcf00000,0x00000075dd000000)]
  0x000001d6bdab5800 JavaThread "pool-3-thread-1" [_thread_blocked, id=7584, stack(0x00000075dd000000,0x00000075dd100000)]
  0x000001d6bdab4000 JavaThread "build event listener" [_thread_blocked, id=9384, stack(0x00000075dd100000,0x00000075dd200000)]
  0x000001d6bdab4800 JavaThread "included builds" [_thread_in_vm, id=6476, stack(0x00000075dd200000,0x00000075dd300000)]
  0x000001d6bdab7000 JavaThread "Execution worker" [_thread_blocked, id=4608, stack(0x00000075dd300000,0x00000075dd400000)]
  0x000001d6bdab8000 JavaThread "Execution worker Thread 2" [_thread_blocked, id=6804, stack(0x00000075dd400000,0x00000075dd500000)]
  0x000001d6bdab8800 JavaThread "Execution worker Thread 3" [_thread_blocked, id=8020, stack(0x00000075dd500000,0x00000075dd600000)]
  0x000001d6bcd21000 JavaThread "Cache worker for execution history cache (D:\SourceAndroid\KyThuat\.gradle\7.5\executionHistory)" [_thread_blocked, id=4624, stack(0x00000075dd600000,0x00000075dd700000)]

Other Threads:
  0x000001d6b68e5800 VMThread "VM Thread" [stack: 0x00000075d7b00000,0x00000075d7c00000] [id=9412]
  0x000001d6b6ac4800 WatcherThread [stack: 0x00000075d8500000,0x00000075d8600000] [id=1704]
  0x000001d69c47b000 GCTaskThread "GC Thread#0" [stack: 0x00000075d7600000,0x00000075d7700000] [id=5316]
  0x000001d6b76ad800 GCTaskThread "GC Thread#1" [stack: 0x00000075d8700000,0x00000075d8800000] [id=2644]
  0x000001d6b6f4a800 GCTaskThread "GC Thread#2" [stack: 0x00000075d8800000,0x00000075d8900000] [id=7000]
  0x000001d6b76ae800 GCTaskThread "GC Thread#3" [stack: 0x00000075d8900000,0x00000075d8a00000] [id=3816]
  0x000001d69c4ac000 ConcurrentGCThread "G1 Main Marker" [stack: 0x00000075d7700000,0x00000075d7800000] [id=10040]
  0x000001d69c4ad800 ConcurrentGCThread "G1 Conc#0" [stack: 0x00000075d7800000,0x00000075d7900000] [id=4640]
  0x000001d6b5f28800 ConcurrentGCThread "G1 Refine#0" [stack: 0x00000075d7900000,0x00000075d7a00000] [id=4852]
  0x000001d6b78d1800 ConcurrentGCThread "G1 Refine#1" [stack: 0x00000075d9400000,0x00000075d9500000] [id=9780]
  0x000001d6b5f29000 ConcurrentGCThread "G1 Young RemSet Sampling" [stack: 0x00000075d7a00000,0x00000075d7b00000] [id=624]

Threads with active compile tasks:

VM state:not at safepoint (normal execution)

VM Mutex/Monitor currently owned by a thread: None

Heap address: 0x0000000080000000, size: 2048 MB, Compressed Oops mode: 32-bit
Narrow klass base: 0x0000000000000000, Narrow klass shift: 3
Compressed class space size: 1073741824 Address: 0x0000000100000000

Heap:
 garbage-first heap   total 312320K, used 117077K [0x0000000080000000, 0x0000000100000000)
  region size 1024K, 65 young (66560K), 17 survivors (17408K)
 Metaspace       used 84748K, capacity 86903K, committed 87120K, reserved 1124352K
  class space    used 10931K, capacity 11686K, committed 11776K, reserved 1048576K
Heap Regions: E=young(eden), S=young(survivor), O=old, HS=humongous(starts), HC=humongous(continues), CS=collection set, F=free, A=archive, TAMS=top-at-mark-start (previous, next)
|   0|0x0000000080000000, 0x0000000080100000, 0x0000000080100000|100%|HS|  |TAMS 0x0000000080100000, 0x0000000080000000| Complete 
|   1|0x0000000080100000, 0x0000000080200000, 0x0000000080200000|100%|HC|  |TAMS 0x0000000080200000, 0x0000000080100000| Complete 
|   2|0x0000000080200000, 0x0000000080300000, 0x0000000080300000|100%|HC|  |TAMS 0x0000000080300000, 0x0000000080200000| Complete 
|   3|0x0000000080300000, 0x0000000080400000, 0x0000000080400000|100%| O|  |TAMS 0x0000000080400000, 0x0000000080300000| Untracked 
|   4|0x0000000080400000, 0x0000000080500000, 0x0000000080500000|100%| O|  |TAMS 0x0000000080500000, 0x0000000080400000| Untracked 
|   5|0x0000000080500000, 0x0000000080600000, 0x0000000080600000|100%| O|  |TAMS 0x0000000080600000, 0x0000000080500000| Untracked 
|   6|0x0000000080600000, 0x0000000080700000, 0x0000000080700000|100%| O|  |TAMS 0x0000000080700000, 0x0000000080600000| Untracked 
|   7|0x0000000080700000, 0x0000000080800000, 0x0000000080800000|100%| O|  |TAMS 0x0000000080800000, 0x0000000080700000| Untracked 
|   8|0x0000000080800000, 0x0000000080900000, 0x0000000080900000|100%| O|  |TAMS 0x0000000080900000, 0x0000000080800000| Untracked 
|   9|0x0000000080900000, 0x0000000080a00000, 0x0000000080a00000|100%| O|  |TAMS 0x0000000080a00000, 0x0000000080900000| Untracked 
|  10|0x0000000080a00000, 0x0000000080b00000, 0x0000000080b00000|100%| O|  |TAMS 0x0000000080b00000, 0x0000000080a00000| Untracked 
|  11|0x0000000080b00000, 0x0000000080c00000, 0x0000000080c00000|100%| O|  |TAMS 0x0000000080c00000, 0x0000000080b00000| Untracked 
|  12|0x0000000080c00000, 0x0000000080d00000, 0x0000000080d00000|100%| O|  |TAMS 0x0000000080d00000, 0x0000000080c00000| Untracked 
|  13|0x0000000080d00000, 0x0000000080e00000, 0x0000000080e00000|100%| O|  |TAMS 0x0000000080e00000, 0x0000000080d00000| Untracked 
|  14|0x0000000080e00000, 0x0000000080f00000, 0x0000000080f00000|100%| O|  |TAMS 0x0000000080f00000, 0x0000000080e00000| Untracked 
|  15|0x0000000080f00000, 0x0000000081000000, 0x0000000081000000|100%| O|  |TAMS 0x0000000081000000, 0x0000000080f00000| Untracked 
|  16|0x0000000081000000, 0x0000000081100000, 0x0000000081100000|100%| O|  |TAMS 0x0000000081100000, 0x0000000081000000| Untracked 
|  17|0x0000000081100000, 0x0000000081200000, 0x0000000081200000|100%| O|  |TAMS 0x0000000081200000, 0x0000000081100000| Untracked 
|  18|0x0000000081200000, 0x0000000081300000, 0x0000000081300000|100%|HS|  |TAMS 0x0000000081300000, 0x0000000081200000| Complete 
|  19|0x0000000081300000, 0x0000000081400000, 0x0000000081400000|100%|HS|  |TAMS 0x0000000081400000, 0x0000000081300000| Complete 
|  20|0x0000000081400000, 0x0000000081500000, 0x0000000081500000|100%| O|  |TAMS 0x0000000081500000, 0x0000000081400000| Untracked 
|  21|0x0000000081500000, 0x0000000081600000, 0x0000000081600000|100%|HS|  |TAMS 0x0000000081600000, 0x0000000081500000| Complete 
|  22|0x0000000081600000, 0x0000000081700000, 0x0000000081700000|100%|HC|  |TAMS 0x0000000081700000, 0x0000000081600000| Complete 
|  23|0x0000000081700000, 0x0000000081800000, 0x0000000081800000|100%| O|  |TAMS 0x0000000081800000, 0x0000000081700000| Untracked 
|  24|0x0000000081800000, 0x0000000081900000, 0x0000000081900000|100%| O|  |TAMS 0x0000000081900000, 0x0000000081800000| Untracked 
|  25|0x0000000081900000, 0x0000000081a00000, 0x0000000081a00000|100%| O|  |TAMS 0x0000000081a00000, 0x0000000081900000| Untracked 
|  26|0x0000000081a00000, 0x0000000081b00000, 0x0000000081b00000|100%| O|  |TAMS 0x0000000081b00000, 0x0000000081a00000| Untracked 
|  27|0x0000000081b00000, 0x0000000081c00000, 0x0000000081c00000|100%| O|  |TAMS 0x0000000081c00000, 0x0000000081b00000| Untracked 
|  28|0x0000000081c00000, 0x0000000081d00000, 0x0000000081d00000|100%| O|  |TAMS 0x0000000081d00000, 0x0000000081c00000| Untracked 
|  29|0x0000000081d00000, 0x0000000081e00000, 0x0000000081e00000|100%| O|  |TAMS 0x0000000081e00000, 0x0000000081d00000| Untracked 
|  30|0x0000000081e00000, 0x0000000081f00000, 0x0000000081f00000|100%| O|  |TAMS 0x0000000081f00000, 0x0000000081e00000| Untracked 
|  31|0x0000000081f00000, 0x0000000082000000, 0x0000000082000000|100%| O|  |TAMS 0x0000000082000000, 0x0000000081f00000| Untracked 
|  32|0x0000000082000000, 0x0000000082100000, 0x0000000082100000|100%| O|  |TAMS 0x0000000082100000, 0x0000000082000000| Untracked 
|  33|0x0000000082100000, 0x0000000082200000, 0x0000000082200000|100%| O|  |TAMS 0x0000000082200000, 0x0000000082100000| Untracked 
|  34|0x0000000082200000, 0x0000000082300000, 0x0000000082300000|100%| O|  |TAMS 0x0000000082300000, 0x0000000082200000| Untracked 
|  35|0x0000000082300000, 0x0000000082400000, 0x0000000082400000|100%| O|  |TAMS 0x0000000082400000, 0x0000000082300000| Untracked 
|  36|0x0000000082400000, 0x0000000082500000, 0x0000000082500000|100%| O|  |TAMS 0x0000000082500000, 0x0000000082400000| Untracked 
|  37|0x0000000082500000, 0x0000000082600000, 0x0000000082600000|100%| O|  |TAMS 0x0000000082600000, 0x0000000082500000| Untracked 
|  38|0x0000000082600000, 0x0000000082700000, 0x0000000082700000|100%| O|  |TAMS 0x0000000082700000, 0x0000000082600000| Untracked 
|  39|0x0000000082700000, 0x0000000082800000, 0x0000000082800000|100%| O|  |TAMS 0x0000000082800000, 0x0000000082700000| Untracked 
|  40|0x0000000082800000, 0x0000000082900000, 0x0000000082900000|100%| O|  |TAMS 0x0000000082900000, 0x0000000082800000| Untracked 
|  41|0x0000000082900000, 0x0000000082a00000, 0x0000000082a00000|100%| O|  |TAMS 0x0000000082a00000, 0x0000000082900000| Untracked 
|  42|0x0000000082a00000, 0x0000000082b00000, 0x0000000082b00000|100%| O|  |TAMS 0x0000000082b00000, 0x0000000082a00000| Untracked 
|  43|0x0000000082b00000, 0x0000000082c00000, 0x0000000082c00000|100%| O|  |TAMS 0x0000000082c00000, 0x0000000082b00000| Untracked 
|  44|0x0000000082c00000, 0x0000000082d00000, 0x0000000082d00000|100%| O|  |TAMS 0x0000000082d00000, 0x0000000082c00000| Untracked 
|  45|0x0000000082d00000, 0x0000000082e00000, 0x0000000082e00000|100%| O|  |TAMS 0x0000000082e00000, 0x0000000082d00000| Untracked 
|  46|0x0000000082e00000, 0x0000000082f00000, 0x0000000082f00000|100%| O|  |TAMS 0x0000000082f00000, 0x0000000082e00000| Untracked 
|  47|0x0000000082f00000, 0x0000000083000000, 0x0000000083000000|100%| O|  |TAMS 0x0000000083000000, 0x0000000082f00000| Untracked 
|  48|0x0000000083000000, 0x0000000083100000, 0x0000000083100000|100%| O|  |TAMS 0x0000000083100000, 0x0000000083000000| Untracked 
|  49|0x0000000083100000, 0x0000000083200000, 0x0000000083200000|100%| O|  |TAMS 0x0000000083200000, 0x0000000083100000| Untracked 
|  50|0x0000000083200000, 0x0000000083300000, 0x0000000083300000|100%| O|  |TAMS 0x0000000083300000, 0x0000000083200000| Untracked 
|  51|0x0000000083300000, 0x0000000083400000, 0x0000000083400000|100%| O|  |TAMS 0x0000000083400000, 0x0000000083300000| Untracked 
|  52|0x0000000083400000, 0x0000000083400000, 0x0000000083500000|  0%| F|  |TAMS 0x0000000083400000, 0x0000000083400000| Untracked 
|  53|0x0000000083500000, 0x0000000083500000, 0x0000000083600000|  0%| F|  |TAMS 0x0000000083500000, 0x0000000083500000| Untracked 
|  54|0x0000000083600000, 0x0000000083600000, 0x0000000083700000|  0%| F|  |TAMS 0x0000000083600000, 0x0000000083600000| Untracked 
|  55|0x0000000083700000, 0x0000000083700000, 0x0000000083800000|  0%| F|  |TAMS 0x0000000083700000, 0x0000000083700000| Untracked 
|  56|0x0000000083800000, 0x0000000083800000, 0x0000000083900000|  0%| F|  |TAMS 0x0000000083800000, 0x0000000083800000| Untracked 
|  57|0x0000000083900000, 0x0000000083900000, 0x0000000083a00000|  0%| F|  |TAMS 0x0000000083900000, 0x0000000083900000| Untracked 
|  58|0x0000000083a00000, 0x0000000083a00000, 0x0000000083b00000|  0%| F|  |TAMS 0x0000000083a00000, 0x0000000083a00000| Untracked 
|  59|0x0000000083b00000, 0x0000000083b00000, 0x0000000083c00000|  0%| F|  |TAMS 0x0000000083b00000, 0x0000000083b00000| Untracked 
|  60|0x0000000083c00000, 0x0000000083c00000, 0x0000000083d00000|  0%| F|  |TAMS 0x0000000083c00000, 0x0000000083c00000| Untracked 
|  61|0x0000000083d00000, 0x0000000083d00000, 0x0000000083e00000|  0%| F|  |TAMS 0x0000000083d00000, 0x0000000083d00000| Untracked 
|  62|0x0000000083e00000, 0x0000000083e00000, 0x0000000083f00000|  0%| F|  |TAMS 0x0000000083e00000, 0x0000000083e00000| Untracked 
|  63|0x0000000083f00000, 0x0000000083f00000, 0x0000000084000000|  0%| F|  |TAMS 0x0000000083f00000, 0x0000000083f00000| Untracked 
|  64|0x0000000084000000, 0x0000000084000000, 0x0000000084100000|  0%| F|  |TAMS 0x0000000084000000, 0x0000000084000000| Untracked 
|  65|0x0000000084100000, 0x0000000084100000, 0x0000000084200000|  0%| F|  |TAMS 0x0000000084100000, 0x0000000084100000| Untracked 
|  66|0x0000000084200000, 0x0000000084200000, 0x0000000084300000|  0%| F|  |TAMS 0x0000000084200000, 0x0000000084200000| Untracked 
|  67|0x0000000084300000, 0x0000000084300000, 0x0000000084400000|  0%| F|  |TAMS 0x0000000084300000, 0x0000000084300000| Untracked 
|  68|0x0000000084400000, 0x0000000084400000, 0x0000000084500000|  0%| F|  |TAMS 0x0000000084400000, 0x0000000084400000| Untracked 
|  69|0x0000000084500000, 0x0000000084500000, 0x0000000084600000|  0%| F|  |TAMS 0x0000000084500000, 0x0000000084500000| Untracked 
|  70|0x0000000084600000, 0x0000000084600000, 0x0000000084700000|  0%| F|  |TAMS 0x0000000084600000, 0x0000000084600000| Untracked 
|  71|0x0000000084700000, 0x0000000084700000, 0x0000000084800000|  0%| F|  |TAMS 0x0000000084700000, 0x0000000084700000| Untracked 
|  72|0x0000000084800000, 0x0000000084800000, 0x0000000084900000|  0%| F|  |TAMS 0x0000000084800000, 0x0000000084800000| Untracked 
|  73|0x0000000084900000, 0x0000000084900000, 0x0000000084a00000|  0%| F|  |TAMS 0x0000000084900000, 0x0000000084900000| Untracked 
|  74|0x0000000084a00000, 0x0000000084a00000, 0x0000000084b00000|  0%| F|  |TAMS 0x0000000084a00000, 0x0000000084a00000| Untracked 
|  75|0x0000000084b00000, 0x0000000084b00000, 0x0000000084c00000|  0%| F|  |TAMS 0x0000000084b00000, 0x0000000084b00000| Untracked 
|  76|0x0000000084c00000, 0x0000000084c00000, 0x0000000084d00000|  0%| F|  |TAMS 0x0000000084c00000, 0x0000000084c00000| Untracked 
|  77|0x0000000084d00000, 0x0000000084d00000, 0x0000000084e00000|  0%| F|  |TAMS 0x0000000084d00000, 0x0000000084d00000| Untracked 
|  78|0x0000000084e00000, 0x0000000084e00000, 0x0000000084f00000|  0%| F|  |TAMS 0x0000000084e00000, 0x0000000084e00000| Untracked 
|  79|0x0000000084f00000, 0x0000000084f00000, 0x0000000085000000|  0%| F|  |TAMS 0x0000000084f00000, 0x0000000084f00000| Untracked 
|  80|0x0000000085000000, 0x0000000085000000, 0x0000000085100000|  0%| F|  |TAMS 0x0000000085000000, 0x0000000085000000| Untracked 
|  81|0x0000000085100000, 0x0000000085100000, 0x0000000085200000|  0%| F|  |TAMS 0x0000000085100000, 0x0000000085100000| Untracked 
|  82|0x0000000085200000, 0x0000000085200000, 0x0000000085300000|  0%| F|  |TAMS 0x0000000085200000, 0x0000000085200000| Untracked 
|  83|0x0000000085300000, 0x0000000085300000, 0x0000000085400000|  0%| F|  |TAMS 0x0000000085300000, 0x0000000085300000| Untracked 
|  84|0x0000000085400000, 0x0000000085400000, 0x0000000085500000|  0%| F|  |TAMS 0x0000000085400000, 0x0000000085400000| Untracked 
|  85|0x0000000085500000, 0x0000000085500000, 0x0000000085600000|  0%| F|  |TAMS 0x0000000085500000, 0x0000000085500000| Untracked 
|  86|0x0000000085600000, 0x0000000085600000, 0x0000000085700000|  0%| F|  |TAMS 0x0000000085600000, 0x0000000085600000| Untracked 
|  87|0x0000000085700000, 0x0000000085700000, 0x0000000085800000|  0%| F|  |TAMS 0x0000000085700000, 0x0000000085700000| Untracked 
|  88|0x0000000085800000, 0x0000000085800000, 0x0000000085900000|  0%| F|  |TAMS 0x0000000085800000, 0x0000000085800000| Untracked 
|  89|0x0000000085900000, 0x0000000085900000, 0x0000000085a00000|  0%| F|  |TAMS 0x0000000085900000, 0x0000000085900000| Untracked 
|  90|0x0000000085a00000, 0x0000000085a00000, 0x0000000085b00000|  0%| F|  |TAMS 0x0000000085a00000, 0x0000000085a00000| Untracked 
|  91|0x0000000085b00000, 0x0000000085b00000, 0x0000000085c00000|  0%| F|  |TAMS 0x0000000085b00000, 0x0000000085b00000| Untracked 
|  92|0x0000000085c00000, 0x0000000085c00000, 0x0000000085d00000|  0%| F|  |TAMS 0x0000000085c00000, 0x0000000085c00000| Untracked 
|  93|0x0000000085d00000, 0x0000000085d00000, 0x0000000085e00000|  0%| F|  |TAMS 0x0000000085d00000, 0x0000000085d00000| Untracked 
|  94|0x0000000085e00000, 0x0000000085e00000, 0x0000000085f00000|  0%| F|  |TAMS 0x0000000085e00000, 0x0000000085e00000| Untracked 
|  95|0x0000000085f00000, 0x0000000085f00000, 0x0000000086000000|  0%| F|  |TAMS 0x0000000085f00000, 0x0000000085f00000| Untracked 
|  96|0x0000000086000000, 0x0000000086000000, 0x0000000086100000|  0%| F|  |TAMS 0x0000000086000000, 0x0000000086000000| Untracked 
|  97|0x0000000086100000, 0x0000000086155740, 0x0000000086200000| 33%| S|CS|TAMS 0x0000000086100000, 0x0000000086100000| Complete 
|  98|0x0000000086200000, 0x0000000086300000, 0x0000000086300000|100%| S|CS|TAMS 0x0000000086200000, 0x0000000086200000| Complete 
|  99|0x0000000086300000, 0x0000000086400000, 0x0000000086400000|100%| S|CS|TAMS 0x0000000086300000, 0x0000000086300000| Complete 
| 100|0x0000000086400000, 0x0000000086500000, 0x0000000086500000|100%| S|CS|TAMS 0x0000000086400000, 0x0000000086400000| Complete 
| 101|0x0000000086500000, 0x0000000086600000, 0x0000000086600000|100%| S|CS|TAMS 0x0000000086500000, 0x0000000086500000| Complete 
| 102|0x0000000086600000, 0x0000000086700000, 0x0000000086700000|100%| S|CS|TAMS 0x0000000086600000, 0x0000000086600000| Complete 
| 103|0x0000000086700000, 0x0000000086800000, 0x0000000086800000|100%| S|CS|TAMS 0x0000000086700000, 0x0000000086700000| Complete 
| 104|0x0000000086800000, 0x0000000086900000, 0x0000000086900000|100%| S|CS|TAMS 0x0000000086800000, 0x0000000086800000| Complete 
| 105|0x0000000086900000, 0x0000000086a00000, 0x0000000086a00000|100%| S|CS|TAMS 0x0000000086900000, 0x0000000086900000| Complete 
| 106|0x0000000086a00000, 0x0000000086b00000, 0x0000000086b00000|100%| S|CS|TAMS 0x0000000086a00000, 0x0000000086a00000| Complete 
| 107|0x0000000086b00000, 0x0000000086c00000, 0x0000000086c00000|100%| S|CS|TAMS 0x0000000086b00000, 0x0000000086b00000| Complete 
| 108|0x0000000086c00000, 0x0000000086d00000, 0x0000000086d00000|100%| S|CS|TAMS 0x0000000086c00000, 0x0000000086c00000| Complete 
| 109|0x0000000086d00000, 0x0000000086e00000, 0x0000000086e00000|100%| S|CS|TAMS 0x0000000086d00000, 0x0000000086d00000| Complete 
| 110|0x0000000086e00000, 0x0000000086f00000, 0x0000000086f00000|100%| S|CS|TAMS 0x0000000086e00000, 0x0000000086e00000| Complete 
| 111|0x0000000086f00000, 0x0000000087000000, 0x0000000087000000|100%| S|CS|TAMS 0x0000000086f00000, 0x0000000086f00000| Complete 
| 112|0x0000000087000000, 0x0000000087100000, 0x0000000087100000|100%| S|CS|TAMS 0x0000000087000000, 0x0000000087000000| Complete 
| 113|0x0000000087100000, 0x0000000087200000, 0x0000000087200000|100%| S|CS|TAMS 0x0000000087100000, 0x0000000087100000| Complete 
| 114|0x0000000087200000, 0x0000000087200000, 0x0000000087300000|  0%| F|  |TAMS 0x0000000087200000, 0x0000000087200000| Untracked 
| 115|0x0000000087300000, 0x0000000087300000, 0x0000000087400000|  0%| F|  |TAMS 0x0000000087300000, 0x0000000087300000| Untracked 
| 116|0x0000000087400000, 0x0000000087400000, 0x0000000087500000|  0%| F|  |TAMS 0x0000000087400000, 0x0000000087400000| Untracked 
| 117|0x0000000087500000, 0x0000000087500000, 0x0000000087600000|  0%| F|  |TAMS 0x0000000087500000, 0x0000000087500000| Untracked 
| 118|0x0000000087600000, 0x0000000087600000, 0x0000000087700000|  0%| F|  |TAMS 0x0000000087600000, 0x0000000087600000| Untracked 
| 119|0x0000000087700000, 0x0000000087700000, 0x0000000087800000|  0%| F|  |TAMS 0x0000000087700000, 0x0000000087700000| Untracked 
| 120|0x0000000087800000, 0x0000000087800000, 0x0000000087900000|  0%| F|  |TAMS 0x0000000087800000, 0x0000000087800000| Untracked 
| 121|0x0000000087900000, 0x0000000087900000, 0x0000000087a00000|  0%| F|  |TAMS 0x0000000087900000, 0x0000000087900000| Untracked 
| 122|0x0000000087a00000, 0x0000000087a00000, 0x0000000087b00000|  0%| F|  |TAMS 0x0000000087a00000, 0x0000000087a00000| Untracked 
| 123|0x0000000087b00000, 0x0000000087b00000, 0x0000000087c00000|  0%| F|  |TAMS 0x0000000087b00000, 0x0000000087b00000| Untracked 
| 124|0x0000000087c00000, 0x0000000087c00000, 0x0000000087d00000|  0%| F|  |TAMS 0x0000000087c00000, 0x0000000087c00000| Untracked 
| 125|0x0000000087d00000, 0x0000000087d00000, 0x0000000087e00000|  0%| F|  |TAMS 0x0000000087d00000, 0x0000000087d00000| Untracked 
| 126|0x0000000087e00000, 0x0000000087e00000, 0x0000000087f00000|  0%| F|  |TAMS 0x0000000087e00000, 0x0000000087e00000| Untracked 
| 127|0x0000000087f00000, 0x0000000087f00000, 0x0000000088000000|  0%| F|  |TAMS 0x0000000087f00000, 0x0000000087f00000| Untracked 
| 128|0x0000000088000000, 0x0000000088000000, 0x0000000088100000|  0%| F|  |TAMS 0x0000000088000000, 0x0000000088000000| Untracked 
| 129|0x0000000088100000, 0x0000000088100000, 0x0000000088200000|  0%| F|  |TAMS 0x0000000088100000, 0x0000000088100000| Untracked 
| 130|0x0000000088200000, 0x0000000088200000, 0x0000000088300000|  0%| F|  |TAMS 0x0000000088200000, 0x0000000088200000| Untracked 
| 131|0x0000000088300000, 0x0000000088300000, 0x0000000088400000|  0%| F|  |TAMS 0x0000000088300000, 0x0000000088300000| Untracked 
| 132|0x0000000088400000, 0x0000000088400000, 0x0000000088500000|  0%| F|  |TAMS 0x0000000088400000, 0x0000000088400000| Untracked 
| 133|0x0000000088500000, 0x0000000088500000, 0x0000000088600000|  0%| F|  |TAMS 0x0000000088500000, 0x0000000088500000| Untracked 
| 134|0x0000000088600000, 0x0000000088600000, 0x0000000088700000|  0%| F|  |TAMS 0x0000000088600000, 0x0000000088600000| Untracked 
| 135|0x0000000088700000, 0x0000000088700000, 0x0000000088800000|  0%| F|  |TAMS 0x0000000088700000, 0x0000000088700000| Untracked 
| 136|0x0000000088800000, 0x0000000088800000, 0x0000000088900000|  0%| F|  |TAMS 0x0000000088800000, 0x0000000088800000| Untracked 
| 137|0x0000000088900000, 0x0000000088900000, 0x0000000088a00000|  0%| F|  |TAMS 0x0000000088900000, 0x0000000088900000| Untracked 
| 138|0x0000000088a00000, 0x0000000088a00000, 0x0000000088b00000|  0%| F|  |TAMS 0x0000000088a00000, 0x0000000088a00000| Untracked 
| 139|0x0000000088b00000, 0x0000000088b00000, 0x0000000088c00000|  0%| F|  |TAMS 0x0000000088b00000, 0x0000000088b00000| Untracked 
| 140|0x0000000088c00000, 0x0000000088c00000, 0x0000000088d00000|  0%| F|  |TAMS 0x0000000088c00000, 0x0000000088c00000| Untracked 
| 141|0x0000000088d00000, 0x0000000088d00000, 0x0000000088e00000|  0%| F|  |TAMS 0x0000000088d00000, 0x0000000088d00000| Untracked 
| 142|0x0000000088e00000, 0x0000000088e00000, 0x0000000088f00000|  0%| F|  |TAMS 0x0000000088e00000, 0x0000000088e00000| Untracked 
| 143|0x0000000088f00000, 0x0000000088f00000, 0x0000000089000000|  0%| F|  |TAMS 0x0000000088f00000, 0x0000000088f00000| Untracked 
| 144|0x0000000089000000, 0x0000000089000000, 0x0000000089100000|  0%| F|  |TAMS 0x0000000089000000, 0x0000000089000000| Untracked 
| 145|0x0000000089100000, 0x0000000089100000, 0x0000000089200000|  0%| F|  |TAMS 0x0000000089100000, 0x0000000089100000| Untracked 
| 146|0x0000000089200000, 0x0000000089200000, 0x0000000089300000|  0%| F|  |TAMS 0x0000000089200000, 0x0000000089200000| Untracked 
| 147|0x0000000089300000, 0x0000000089300000, 0x0000000089400000|  0%| F|  |TAMS 0x0000000089300000, 0x0000000089300000| Untracked 
| 148|0x0000000089400000, 0x0000000089400000, 0x0000000089500000|  0%| F|  |TAMS 0x0000000089400000, 0x0000000089400000| Untracked 
| 149|0x0000000089500000, 0x0000000089500000, 0x0000000089600000|  0%| F|  |TAMS 0x0000000089500000, 0x0000000089500000| Untracked 
| 150|0x0000000089600000, 0x0000000089600000, 0x0000000089700000|  0%| F|  |TAMS 0x0000000089600000, 0x0000000089600000| Untracked 
| 151|0x0000000089700000, 0x0000000089700000, 0x0000000089800000|  0%| F|  |TAMS 0x0000000089700000, 0x0000000089700000| Untracked 
| 152|0x0000000089800000, 0x0000000089800000, 0x0000000089900000|  0%| F|  |TAMS 0x0000000089800000, 0x0000000089800000| Untracked 
| 153|0x0000000089900000, 0x0000000089900000, 0x0000000089a00000|  0%| F|  |TAMS 0x0000000089900000, 0x0000000089900000| Untracked 
| 154|0x0000000089a00000, 0x0000000089a00000, 0x0000000089b00000|  0%| F|  |TAMS 0x0000000089a00000, 0x0000000089a00000| Untracked 
| 155|0x0000000089b00000, 0x0000000089b00000, 0x0000000089c00000|  0%| F|  |TAMS 0x0000000089b00000, 0x0000000089b00000| Untracked 
| 156|0x0000000089c00000, 0x0000000089c00000, 0x0000000089d00000|  0%| F|  |TAMS 0x0000000089c00000, 0x0000000089c00000| Untracked 
| 157|0x0000000089d00000, 0x0000000089d00000, 0x0000000089e00000|  0%| F|  |TAMS 0x0000000089d00000, 0x0000000089d00000| Untracked 
| 158|0x0000000089e00000, 0x0000000089e00000, 0x0000000089f00000|  0%| F|  |TAMS 0x0000000089e00000, 0x0000000089e00000| Untracked 
| 159|0x0000000089f00000, 0x0000000089f00000, 0x000000008a000000|  0%| F|  |TAMS 0x0000000089f00000, 0x0000000089f00000| Untracked 
| 160|0x000000008a000000, 0x000000008a000000, 0x000000008a100000|  0%| F|  |TAMS 0x000000008a000000, 0x000000008a000000| Untracked 
| 161|0x000000008a100000, 0x000000008a100000, 0x000000008a200000|  0%| F|  |TAMS 0x000000008a100000, 0x000000008a100000| Untracked 
| 162|0x000000008a200000, 0x000000008a200000, 0x000000008a300000|  0%| F|  |TAMS 0x000000008a200000, 0x000000008a200000| Untracked 
| 163|0x000000008a300000, 0x000000008a300000, 0x000000008a400000|  0%| F|  |TAMS 0x000000008a300000, 0x000000008a300000| Untracked 
| 164|0x000000008a400000, 0x000000008a400000, 0x000000008a500000|  0%| F|  |TAMS 0x000000008a400000, 0x000000008a400000| Untracked 
| 165|0x000000008a500000, 0x000000008a500000, 0x000000008a600000|  0%| F|  |TAMS 0x000000008a500000, 0x000000008a500000| Untracked 
| 166|0x000000008a600000, 0x000000008a600000, 0x000000008a700000|  0%| F|  |TAMS 0x000000008a600000, 0x000000008a600000| Untracked 
| 167|0x000000008a700000, 0x000000008a700000, 0x000000008a800000|  0%| F|  |TAMS 0x000000008a700000, 0x000000008a700000| Untracked 
| 168|0x000000008a800000, 0x000000008a800000, 0x000000008a900000|  0%| F|  |TAMS 0x000000008a800000, 0x000000008a800000| Untracked 
| 169|0x000000008a900000, 0x000000008a900000, 0x000000008aa00000|  0%| F|  |TAMS 0x000000008a900000, 0x000000008a900000| Untracked 
| 170|0x000000008aa00000, 0x000000008aa00000, 0x000000008ab00000|  0%| F|  |TAMS 0x000000008aa00000, 0x000000008aa00000| Untracked 
| 171|0x000000008ab00000, 0x000000008ab00000, 0x000000008ac00000|  0%| F|  |TAMS 0x000000008ab00000, 0x000000008ab00000| Untracked 
| 172|0x000000008ac00000, 0x000000008ac00000, 0x000000008ad00000|  0%| F|  |TAMS 0x000000008ac00000, 0x000000008ac00000| Untracked 
| 173|0x000000008ad00000, 0x000000008ad00000, 0x000000008ae00000|  0%| F|  |TAMS 0x000000008ad00000, 0x000000008ad00000| Untracked 
| 174|0x000000008ae00000, 0x000000008ae00000, 0x000000008af00000|  0%| F|  |TAMS 0x000000008ae00000, 0x000000008ae00000| Untracked 
| 175|0x000000008af00000, 0x000000008af00000, 0x000000008b000000|  0%| F|  |TAMS 0x000000008af00000, 0x000000008af00000| Untracked 
| 176|0x000000008b000000, 0x000000008b000000, 0x000000008b100000|  0%| F|  |TAMS 0x000000008b000000, 0x000000008b000000| Untracked 
| 177|0x000000008b100000, 0x000000008b100000, 0x000000008b200000|  0%| F|  |TAMS 0x000000008b100000, 0x000000008b100000| Untracked 
| 178|0x000000008b200000, 0x000000008b200000, 0x000000008b300000|  0%| F|  |TAMS 0x000000008b200000, 0x000000008b200000| Untracked 
| 179|0x000000008b300000, 0x000000008b300000, 0x000000008b400000|  0%| F|  |TAMS 0x000000008b300000, 0x000000008b300000| Untracked 
| 180|0x000000008b400000, 0x000000008b400000, 0x000000008b500000|  0%| F|  |TAMS 0x000000008b400000, 0x000000008b400000| Untracked 
| 181|0x000000008b500000, 0x000000008b500000, 0x000000008b600000|  0%| F|  |TAMS 0x000000008b500000, 0x000000008b500000| Untracked 
| 182|0x000000008b600000, 0x000000008b600000, 0x000000008b700000|  0%| F|  |TAMS 0x000000008b600000, 0x000000008b600000| Untracked 
| 183|0x000000008b700000, 0x000000008b700000, 0x000000008b800000|  0%| F|  |TAMS 0x000000008b700000, 0x000000008b700000| Untracked 
| 184|0x000000008b800000, 0x000000008b800000, 0x000000008b900000|  0%| F|  |TAMS 0x000000008b800000, 0x000000008b800000| Untracked 
| 185|0x000000008b900000, 0x000000008b900000, 0x000000008ba00000|  0%| F|  |TAMS 0x000000008b900000, 0x000000008b900000| Untracked 
| 186|0x000000008ba00000, 0x000000008ba00000, 0x000000008bb00000|  0%| F|  |TAMS 0x000000008ba00000, 0x000000008ba00000| Untracked 
| 187|0x000000008bb00000, 0x000000008bb00000, 0x000000008bc00000|  0%| F|  |TAMS 0x000000008bb00000, 0x000000008bb00000| Untracked 
| 188|0x000000008bc00000, 0x000000008bc00000, 0x000000008bd00000|  0%| F|  |TAMS 0x000000008bc00000, 0x000000008bc00000| Untracked 
| 189|0x000000008bd00000, 0x000000008bd00000, 0x000000008be00000|  0%| F|  |TAMS 0x000000008bd00000, 0x000000008bd00000| Untracked 
| 190|0x000000008be00000, 0x000000008be00000, 0x000000008bf00000|  0%| F|  |TAMS 0x000000008be00000, 0x000000008be00000| Untracked 
| 191|0x000000008bf00000, 0x000000008bf00000, 0x000000008c000000|  0%| F|  |TAMS 0x000000008bf00000, 0x000000008bf00000| Untracked 
| 192|0x000000008c000000, 0x000000008c000000, 0x000000008c100000|  0%| F|  |TAMS 0x000000008c000000, 0x000000008c000000| Untracked 
| 193|0x000000008c100000, 0x000000008c100000, 0x000000008c200000|  0%| F|  |TAMS 0x000000008c100000, 0x000000008c100000| Untracked 
| 194|0x000000008c200000, 0x000000008c200000, 0x000000008c300000|  0%| F|  |TAMS 0x000000008c200000, 0x000000008c200000| Untracked 
| 195|0x000000008c300000, 0x000000008c300000, 0x000000008c400000|  0%| F|  |TAMS 0x000000008c300000, 0x000000008c300000| Untracked 
| 196|0x000000008c400000, 0x000000008c400000, 0x000000008c500000|  0%| F|  |TAMS 0x000000008c400000, 0x000000008c400000| Untracked 
| 197|0x000000008c500000, 0x000000008c500000, 0x000000008c600000|  0%| F|  |TAMS 0x000000008c500000, 0x000000008c500000| Untracked 
| 198|0x000000008c600000, 0x000000008c600000, 0x000000008c700000|  0%| F|  |TAMS 0x000000008c600000, 0x000000008c600000| Untracked 
| 199|0x000000008c700000, 0x000000008c700000, 0x000000008c800000|  0%| F|  |TAMS 0x000000008c700000, 0x000000008c700000| Untracked 
| 200|0x000000008c800000, 0x000000008c800000, 0x000000008c900000|  0%| F|  |TAMS 0x000000008c800000, 0x000000008c800000| Untracked 
| 201|0x000000008c900000, 0x000000008c900000, 0x000000008ca00000|  0%| F|  |TAMS 0x000000008c900000, 0x000000008c900000| Untracked 
| 202|0x000000008ca00000, 0x000000008ca00000, 0x000000008cb00000|  0%| F|  |TAMS 0x000000008ca00000, 0x000000008ca00000| Untracked 
| 203|0x000000008cb00000, 0x000000008cb00000, 0x000000008cc00000|  0%| F|  |TAMS 0x000000008cb00000, 0x000000008cb00000| Untracked 
| 204|0x000000008cc00000, 0x000000008cc00000, 0x000000008cd00000|  0%| F|  |TAMS 0x000000008cc00000, 0x000000008cc00000| Untracked 
| 205|0x000000008cd00000, 0x000000008cd00000, 0x000000008ce00000|  0%| F|  |TAMS 0x000000008cd00000, 0x000000008cd00000| Untracked 
| 206|0x000000008ce00000, 0x000000008ce00000, 0x000000008cf00000|  0%| F|  |TAMS 0x000000008ce00000, 0x000000008ce00000| Untracked 
| 207|0x000000008cf00000, 0x000000008cf00000, 0x000000008d000000|  0%| F|  |TAMS 0x000000008cf00000, 0x000000008cf00000| Untracked 
| 208|0x000000008d000000, 0x000000008d000000, 0x000000008d100000|  0%| F|  |TAMS 0x000000008d000000, 0x000000008d000000| Untracked 
| 209|0x000000008d100000, 0x000000008d100000, 0x000000008d200000|  0%| F|  |TAMS 0x000000008d100000, 0x000000008d100000| Untracked 
| 210|0x000000008d200000, 0x000000008d200000, 0x000000008d300000|  0%| F|  |TAMS 0x000000008d200000, 0x000000008d200000| Untracked 
| 211|0x000000008d300000, 0x000000008d300000, 0x000000008d400000|  0%| F|  |TAMS 0x000000008d300000, 0x000000008d300000| Untracked 
| 212|0x000000008d400000, 0x000000008d400000, 0x000000008d500000|  0%| F|  |TAMS 0x000000008d400000, 0x000000008d400000| Untracked 
| 213|0x000000008d500000, 0x000000008d500000, 0x000000008d600000|  0%| F|  |TAMS 0x000000008d500000, 0x000000008d500000| Untracked 
| 214|0x000000008d600000, 0x000000008d600000, 0x000000008d700000|  0%| F|  |TAMS 0x000000008d600000, 0x000000008d600000| Untracked 
| 215|0x000000008d700000, 0x000000008d700000, 0x000000008d800000|  0%| F|  |TAMS 0x000000008d700000, 0x000000008d700000| Untracked 
| 216|0x000000008d800000, 0x000000008d800000, 0x000000008d900000|  0%| F|  |TAMS 0x000000008d800000, 0x000000008d800000| Untracked 
| 217|0x000000008d900000, 0x000000008d900000, 0x000000008da00000|  0%| F|  |TAMS 0x000000008d900000, 0x000000008d900000| Untracked 
| 218|0x000000008da00000, 0x000000008da00000, 0x000000008db00000|  0%| F|  |TAMS 0x000000008da00000, 0x000000008da00000| Untracked 
| 219|0x000000008db00000, 0x000000008db00000, 0x000000008dc00000|  0%| F|  |TAMS 0x000000008db00000, 0x000000008db00000| Untracked 
| 220|0x000000008dc00000, 0x000000008dc00000, 0x000000008dd00000|  0%| F|  |TAMS 0x000000008dc00000, 0x000000008dc00000| Untracked 
| 221|0x000000008dd00000, 0x000000008dd00000, 0x000000008de00000|  0%| F|  |TAMS 0x000000008dd00000, 0x000000008dd00000| Untracked 
| 222|0x000000008de00000, 0x000000008de00000, 0x000000008df00000|  0%| F|  |TAMS 0x000000008de00000, 0x000000008de00000| Untracked 
| 223|0x000000008df00000, 0x000000008df00000, 0x000000008e000000|  0%| F|  |TAMS 0x000000008df00000, 0x000000008df00000| Untracked 
| 224|0x000000008e000000, 0x000000008e000000, 0x000000008e100000|  0%| F|  |TAMS 0x000000008e000000, 0x000000008e000000| Untracked 
| 225|0x000000008e100000, 0x000000008e100000, 0x000000008e200000|  0%| F|  |TAMS 0x000000008e100000, 0x000000008e100000| Untracked 
| 226|0x000000008e200000, 0x000000008e200000, 0x000000008e300000|  0%| F|  |TAMS 0x000000008e200000, 0x000000008e200000| Untracked 
| 227|0x000000008e300000, 0x000000008e300000, 0x000000008e400000|  0%| F|  |TAMS 0x000000008e300000, 0x000000008e300000| Untracked 
| 228|0x000000008e400000, 0x000000008e400000, 0x000000008e500000|  0%| F|  |TAMS 0x000000008e400000, 0x000000008e400000| Untracked 
| 229|0x000000008e500000, 0x000000008e500000, 0x000000008e600000|  0%| F|  |TAMS 0x000000008e500000, 0x000000008e500000| Untracked 
| 230|0x000000008e600000, 0x000000008e600000, 0x000000008e700000|  0%| F|  |TAMS 0x000000008e600000, 0x000000008e600000| Untracked 
| 231|0x000000008e700000, 0x000000008e700000, 0x000000008e800000|  0%| F|  |TAMS 0x000000008e700000, 0x000000008e700000| Untracked 
| 232|0x000000008e800000, 0x000000008e800000, 0x000000008e900000|  0%| F|  |TAMS 0x000000008e800000, 0x000000008e800000| Untracked 
| 233|0x000000008e900000, 0x000000008e900000, 0x000000008ea00000|  0%| F|  |TAMS 0x000000008e900000, 0x000000008e900000| Untracked 
| 234|0x000000008ea00000, 0x000000008ea00000, 0x000000008eb00000|  0%| F|  |TAMS 0x000000008ea00000, 0x000000008ea00000| Untracked 
| 235|0x000000008eb00000, 0x000000008eb00000, 0x000000008ec00000|  0%| F|  |TAMS 0x000000008eb00000, 0x000000008eb00000| Untracked 
| 236|0x000000008ec00000, 0x000000008ec00000, 0x000000008ed00000|  0%| F|  |TAMS 0x000000008ec00000, 0x000000008ec00000| Untracked 
| 237|0x000000008ed00000, 0x000000008ed00000, 0x000000008ee00000|  0%| F|  |TAMS 0x000000008ed00000, 0x000000008ed00000| Untracked 
| 238|0x000000008ee00000, 0x000000008ee00000, 0x000000008ef00000|  0%| F|  |TAMS 0x000000008ee00000, 0x000000008ee00000| Untracked 
| 239|0x000000008ef00000, 0x000000008ef00000, 0x000000008f000000|  0%| F|  |TAMS 0x000000008ef00000, 0x000000008ef00000| Untracked 
| 240|0x000000008f000000, 0x000000008f000000, 0x000000008f100000|  0%| F|  |TAMS 0x000000008f000000, 0x000000008f000000| Untracked 
| 241|0x000000008f100000, 0x000000008f100000, 0x000000008f200000|  0%| F|  |TAMS 0x000000008f100000, 0x000000008f100000| Untracked 
| 242|0x000000008f200000, 0x000000008f200000, 0x000000008f300000|  0%| F|  |TAMS 0x000000008f200000, 0x000000008f200000| Untracked 
| 243|0x000000008f300000, 0x000000008f300000, 0x000000008f400000|  0%| F|  |TAMS 0x000000008f300000, 0x000000008f300000| Untracked 
| 244|0x000000008f400000, 0x000000008f400000, 0x000000008f500000|  0%| F|  |TAMS 0x000000008f400000, 0x000000008f400000| Untracked 
| 245|0x000000008f500000, 0x000000008f500000, 0x000000008f600000|  0%| F|  |TAMS 0x000000008f500000, 0x000000008f500000| Untracked 
| 246|0x000000008f600000, 0x000000008f600000, 0x000000008f700000|  0%| F|  |TAMS 0x000000008f600000, 0x000000008f600000| Untracked 
| 247|0x000000008f700000, 0x000000008f700000, 0x000000008f800000|  0%| F|  |TAMS 0x000000008f700000, 0x000000008f700000| Untracked 
| 248|0x000000008f800000, 0x000000008f800000, 0x000000008f900000|  0%| F|  |TAMS 0x000000008f800000, 0x000000008f800000| Untracked 
| 249|0x000000008f900000, 0x000000008f900000, 0x000000008fa00000|  0%| F|  |TAMS 0x000000008f900000, 0x000000008f900000| Untracked 
| 250|0x000000008fa00000, 0x000000008fa00000, 0x000000008fb00000|  0%| F|  |TAMS 0x000000008fa00000, 0x000000008fa00000| Untracked 
| 251|0x000000008fb00000, 0x000000008fb00000, 0x000000008fc00000|  0%| F|  |TAMS 0x000000008fb00000, 0x000000008fb00000| Untracked 
| 252|0x000000008fc00000, 0x000000008fc00000, 0x000000008fd00000|  0%| F|  |TAMS 0x000000008fc00000, 0x000000008fc00000| Untracked 
| 253|0x000000008fd00000, 0x000000008fd00000, 0x000000008fe00000|  0%| F|  |TAMS 0x000000008fd00000, 0x000000008fd00000| Untracked 
| 254|0x000000008fe00000, 0x000000008fe00000, 0x000000008ff00000|  0%| F|  |TAMS 0x000000008fe00000, 0x000000008fe00000| Untracked 
| 255|0x000000008ff00000, 0x000000008ff00000, 0x0000000090000000|  0%| F|  |TAMS 0x000000008ff00000, 0x000000008ff00000| Untracked 
| 256|0x0000000090000000, 0x000000009008a540, 0x0000000090100000| 54%| E|  |TAMS 0x0000000090000000, 0x0000000090000000| Complete 
| 257|0x0000000090100000, 0x0000000090200000, 0x0000000090200000|100%| E|CS|TAMS 0x0000000090100000, 0x0000000090100000| Complete 
| 258|0x0000000090200000, 0x0000000090300000, 0x0000000090300000|100%| E|CS|TAMS 0x0000000090200000, 0x0000000090200000| Complete 
| 259|0x0000000090300000, 0x0000000090400000, 0x0000000090400000|100%| E|CS|TAMS 0x0000000090300000, 0x0000000090300000| Complete 
| 260|0x0000000090400000, 0x0000000090500000, 0x0000000090500000|100%| E|CS|TAMS 0x0000000090400000, 0x0000000090400000| Complete 
| 261|0x0000000090500000, 0x0000000090600000, 0x0000000090600000|100%| E|CS|TAMS 0x0000000090500000, 0x0000000090500000| Complete 
| 262|0x0000000090600000, 0x0000000090700000, 0x0000000090700000|100%| E|CS|TAMS 0x0000000090600000, 0x0000000090600000| Complete 
| 263|0x0000000090700000, 0x0000000090800000, 0x0000000090800000|100%| E|CS|TAMS 0x0000000090700000, 0x0000000090700000| Complete 
| 264|0x0000000090800000, 0x0000000090900000, 0x0000000090900000|100%| E|CS|TAMS 0x0000000090800000, 0x0000000090800000| Complete 
| 265|0x0000000090900000, 0x0000000090a00000, 0x0000000090a00000|100%| E|CS|TAMS 0x0000000090900000, 0x0000000090900000| Complete 
| 266|0x0000000090a00000, 0x0000000090b00000, 0x0000000090b00000|100%| E|CS|TAMS 0x0000000090a00000, 0x0000000090a00000| Complete 
| 267|0x0000000090b00000, 0x0000000090c00000, 0x0000000090c00000|100%| E|CS|TAMS 0x0000000090b00000, 0x0000000090b00000| Complete 
| 268|0x0000000090c00000, 0x0000000090d00000, 0x0000000090d00000|100%| E|CS|TAMS 0x0000000090c00000, 0x0000000090c00000| Complete 
| 269|0x0000000090d00000, 0x0000000090e00000, 0x0000000090e00000|100%| E|CS|TAMS 0x0000000090d00000, 0x0000000090d00000| Complete 
| 270|0x0000000090e00000, 0x0000000090f00000, 0x0000000090f00000|100%| E|CS|TAMS 0x0000000090e00000, 0x0000000090e00000| Complete 
| 271|0x0000000090f00000, 0x0000000091000000, 0x0000000091000000|100%| E|CS|TAMS 0x0000000090f00000, 0x0000000090f00000| Complete 
| 272|0x0000000091000000, 0x0000000091100000, 0x0000000091100000|100%| E|CS|TAMS 0x0000000091000000, 0x0000000091000000| Complete 
| 273|0x0000000091100000, 0x0000000091200000, 0x0000000091200000|100%| E|CS|TAMS 0x0000000091100000, 0x0000000091100000| Complete 
| 274|0x0000000091200000, 0x0000000091300000, 0x0000000091300000|100%| E|CS|TAMS 0x0000000091200000, 0x0000000091200000| Complete 
| 275|0x0000000091300000, 0x0000000091400000, 0x0000000091400000|100%| E|CS|TAMS 0x0000000091300000, 0x0000000091300000| Complete 
| 276|0x0000000091400000, 0x0000000091500000, 0x0000000091500000|100%| E|CS|TAMS 0x0000000091400000, 0x0000000091400000| Complete 
| 277|0x0000000091500000, 0x0000000091600000, 0x0000000091600000|100%| E|CS|TAMS 0x0000000091500000, 0x0000000091500000| Complete 
| 278|0x0000000091600000, 0x0000000091700000, 0x0000000091700000|100%| E|  |TAMS 0x0000000091600000, 0x0000000091600000| Complete 
| 279|0x0000000091700000, 0x0000000091800000, 0x0000000091800000|100%| E|CS|TAMS 0x0000000091700000, 0x0000000091700000| Complete 
| 280|0x0000000091800000, 0x0000000091900000, 0x0000000091900000|100%| E|CS|TAMS 0x0000000091800000, 0x0000000091800000| Complete 
| 281|0x0000000091900000, 0x0000000091a00000, 0x0000000091a00000|100%| E|CS|TAMS 0x0000000091900000, 0x0000000091900000| Complete 
| 282|0x0000000091a00000, 0x0000000091b00000, 0x0000000091b00000|100%| E|CS|TAMS 0x0000000091a00000, 0x0000000091a00000| Complete 
| 283|0x0000000091b00000, 0x0000000091c00000, 0x0000000091c00000|100%| E|CS|TAMS 0x0000000091b00000, 0x0000000091b00000| Complete 
| 284|0x0000000091c00000, 0x0000000091d00000, 0x0000000091d00000|100%| E|CS|TAMS 0x0000000091c00000, 0x0000000091c00000| Complete 
| 285|0x0000000091d00000, 0x0000000091e00000, 0x0000000091e00000|100%| E|CS|TAMS 0x0000000091d00000, 0x0000000091d00000| Complete 
| 286|0x0000000091e00000, 0x0000000091f00000, 0x0000000091f00000|100%| E|CS|TAMS 0x0000000091e00000, 0x0000000091e00000| Complete 
| 287|0x0000000091f00000, 0x0000000092000000, 0x0000000092000000|100%| E|CS|TAMS 0x0000000091f00000, 0x0000000091f00000| Complete 
| 288|0x0000000092000000, 0x0000000092100000, 0x0000000092100000|100%| E|CS|TAMS 0x0000000092000000, 0x0000000092000000| Complete 
| 289|0x0000000092100000, 0x0000000092200000, 0x0000000092200000|100%| E|CS|TAMS 0x0000000092100000, 0x0000000092100000| Complete 
| 290|0x0000000092200000, 0x0000000092300000, 0x0000000092300000|100%| E|CS|TAMS 0x0000000092200000, 0x0000000092200000| Complete 
| 291|0x0000000092300000, 0x0000000092400000, 0x0000000092400000|100%| E|CS|TAMS 0x0000000092300000, 0x0000000092300000| Complete 
| 292|0x0000000092400000, 0x0000000092500000, 0x0000000092500000|100%| E|CS|TAMS 0x0000000092400000, 0x0000000092400000| Complete 
| 293|0x0000000092500000, 0x0000000092600000, 0x0000000092600000|100%| E|CS|TAMS 0x0000000092500000, 0x0000000092500000| Complete 
| 294|0x0000000092600000, 0x0000000092700000, 0x0000000092700000|100%| E|CS|TAMS 0x0000000092600000, 0x0000000092600000| Complete 
| 295|0x0000000092700000, 0x0000000092800000, 0x0000000092800000|100%| E|CS|TAMS 0x0000000092700000, 0x0000000092700000| Complete 
| 296|0x0000000092800000, 0x0000000092900000, 0x0000000092900000|100%| E|CS|TAMS 0x0000000092800000, 0x0000000092800000| Complete 
| 297|0x0000000092900000, 0x0000000092a00000, 0x0000000092a00000|100%| E|CS|TAMS 0x0000000092900000, 0x0000000092900000| Complete 
| 298|0x0000000092a00000, 0x0000000092b00000, 0x0000000092b00000|100%| E|CS|TAMS 0x0000000092a00000, 0x0000000092a00000| Complete 
| 299|0x0000000092b00000, 0x0000000092c00000, 0x0000000092c00000|100%| E|CS|TAMS 0x0000000092b00000, 0x0000000092b00000| Complete 
| 300|0x0000000092c00000, 0x0000000092d00000, 0x0000000092d00000|100%| E|CS|TAMS 0x0000000092c00000, 0x0000000092c00000| Complete 
| 301|0x0000000092d00000, 0x0000000092e00000, 0x0000000092e00000|100%| E|CS|TAMS 0x0000000092d00000, 0x0000000092d00000| Complete 
| 302|0x0000000092e00000, 0x0000000092f00000, 0x0000000092f00000|100%| E|CS|TAMS 0x0000000092e00000, 0x0000000092e00000| Complete 
| 303|0x0000000092f00000, 0x0000000093000000, 0x0000000093000000|100%| E|CS|TAMS 0x0000000092f00000, 0x0000000092f00000| Complete 
| 304|0x0000000093000000, 0x0000000093100000, 0x0000000093100000|100%| E|CS|TAMS 0x0000000093000000, 0x0000000093000000| Complete 

Card table byte_map: [0x000001d6af380000,0x000001d6af780000] _byte_map_base: 0x000001d6aef80000

Marking Bits (Prev, Next): (CMBitMap*) 0x000001d69c4a33d0, (CMBitMap*) 0x000001d69c4a3398
 Prev Bits: [0x000001d6b1b80000, 0x000001d6b3b80000)
 Next Bits: [0x000001d6afb80000, 0x000001d6b1b80000)

Polling page: 0x000001d69a300000

Metaspace:

Usage:
  Non-class:     73.53 MB capacity,    72.13 MB ( 98%) used,     1.18 MB (  2%) free+waste,   226.75 KB ( <1%) overhead. 
      Class:     11.45 MB capacity,    10.69 MB ( 93%) used,   677.23 KB (  6%) free+waste,   104.88 KB ( <1%) overhead. 
       Both:     84.98 MB capacity,    82.82 MB ( 97%) used,     1.84 MB (  2%) free+waste,   331.62 KB ( <1%) overhead. 

Virtual space:
  Non-class space:       74.00 MB reserved,      73.58 MB (>99%) committed 
      Class space:        1.00 GB reserved,      11.50 MB (  1%) committed 
             Both:        1.07 GB reserved,      85.08 MB (  8%) committed 

Chunk freelists:
   Non-Class:  47.00 KB
       Class:  18.00 KB
        Both:  65.00 KB

MaxMetaspaceSize: 17179869184.00 GB
CompressedClassSpaceSize: 1.00 GB
Initial GC threshold: 20.80 MB
Current GC threshold: 137.42 MB
CDS: off

CodeHeap 'non-profiled nmethods': size=120064Kb used=4641Kb max_used=4641Kb free=115422Kb
 bounds [0x000001d6a7a40000, 0x000001d6a7ed0000, 0x000001d6aef80000]
CodeHeap 'profiled nmethods': size=120000Kb used=17739Kb max_used=17739Kb free=102260Kb
 bounds [0x000001d6a0510000, 0x000001d6a1670000, 0x000001d6a7a40000]
CodeHeap 'non-nmethods': size=5696Kb used=2364Kb max_used=2419Kb free=3331Kb
 bounds [0x000001d69ff80000, 0x000001d6a01f0000, 0x000001d6a0510000]
 total_blobs=9267 nmethods=8380 adapters=800
 compilation: enabled
              stopped_count=0, restarted_count=0
 full_count=0

Compilation events (20 events):
Event: 11.888 Thread 0x000001d6b6956000 nmethod 8416 0x000001d6a165dd10 code [0x000001d6a165dec0, 0x000001d6a165dfe8]
Event: 11.893 Thread 0x000001d6b6956000 8418       3       org.gradle.internal.serialize.InputStreamBackedDecoder::readLong (8 bytes)
Event: 11.894 Thread 0x000001d6b6956000 nmethod 8418 0x000001d6a165e090 code [0x000001d6a165e240, 0x000001d6a165e368]
Event: 11.894 Thread 0x000001d6b6956000 8419       3       org.gradle.internal.serialize.InputStreamBackedDecoder::readBoolean (8 bytes)
Event: 11.895 Thread 0x000001d6b6956000 nmethod 8419 0x000001d6a165e410 code [0x000001d6a165e600, 0x000001d6a165e978]
Event: 11.895 Thread 0x000001d6b6956000 8420       3       java.io.DataInputStream::readBoolean (30 bytes)
Event: 11.896 Thread 0x000001d6b6956000 nmethod 8420 0x000001d6a165eb10 code [0x000001d6a165ece0, 0x000001d6a165efd8]
Event: 11.901 Thread 0x000001d6b6956000 8422       3       java.lang.Long::equals (30 bytes)
Event: 11.902 Thread 0x000001d6b6956000 nmethod 8422 0x000001d6a165f110 code [0x000001d6a165f2e0, 0x000001d6a165f678]
Event: 11.917 Thread 0x000001d6b694a800 nmethod 8417% 0x000001d6a7ec4510 code [0x000001d6a7ec46e0, 0x000001d6a7ec4ff8]
Event: 11.917 Thread 0x000001d6b694a800 8421  s    4       java.io.BufferedInputStream::read (113 bytes)
Event: 11.926 Thread 0x000001d6b694a800 nmethod 8421 0x000001d6a7ec5410 code [0x000001d6a7ec5600, 0x000001d6a7ec61b0]
Event: 12.560 Thread 0x000001d6b6956000 8423       3       java.util.stream.Collectors$$Lambda$64/0x0000000100161c40::accept (11 bytes)
Event: 12.560 Thread 0x000001d6b6956000 nmethod 8423 0x000001d6a165f790 code [0x000001d6a165f960, 0x000001d6a165fc28]
Event: 13.553 Thread 0x000001d6b694a800 8424       4       java.util.HashMap::<init> (8 bytes)
Event: 13.555 Thread 0x000001d6b694a800 nmethod 8424 0x000001d6a7ec6790 code [0x000001d6a7ec6920, 0x000001d6a7ec69d8]
Event: 14.562 Thread 0x000001d6b694a800 8425       4       java.lang.String::valueOf (14 bytes)
Event: 14.562 Thread 0x000001d6b6956000 8426       1       javax.management.ObjectName::getCanonicalName (5 bytes)
Event: 14.562 Thread 0x000001d6b6956000 nmethod 8426 0x000001d6a7ec6b10 code [0x000001d6a7ec6cc0, 0x000001d6a7ec6d78]
Event: 14.564 Thread 0x000001d6b694a800 nmethod 8425 0x000001d6a7ec6e10 code [0x000001d6a7ec6fa0, 0x000001d6a7ec7018]

GC Heap History (20 events):
Event: 1.964 GC heap before
{Heap before GC invocations=1 (full 0):
 garbage-first heap   total 260096K, used 83858K [0x0000000080000000, 0x0000000100000000)
  region size 1024K, 76 young (77824K), 2 survivors (2048K)
 Metaspace       used 17449K, capacity 17843K, committed 18048K, reserved 1064960K
  class space    used 2011K, capacity 2145K, committed 2176K, reserved 1048576K
}
Event: 1.970 GC heap after
{Heap after GC invocations=2 (full 0):
 garbage-first heap   total 260096K, used 16237K [0x0000000080000000, 0x0000000100000000)
  region size 1024K, 10 young (10240K), 10 survivors (10240K)
 Metaspace       used 17449K, capacity 17843K, committed 18048K, reserved 1064960K
  class space    used 2011K, capacity 2145K, committed 2176K, reserved 1048576K
}
Event: 2.180 GC heap before
{Heap before GC invocations=2 (full 0):
 garbage-first heap   total 260096K, used 47981K [0x0000000080000000, 0x0000000100000000)
  region size 1024K, 42 young (43008K), 10 survivors (10240K)
 Metaspace       used 20819K, capacity 21149K, committed 21296K, reserved 1069056K
  class space    used 2507K, capacity 2651K, committed 2688K, reserved 1048576K
}
Event: 2.186 GC heap after
{Heap after GC invocations=3 (full 0):
 garbage-first heap   total 260096K, used 17313K [0x0000000080000000, 0x0000000100000000)
  region size 1024K, 2 young (2048K), 2 survivors (2048K)
 Metaspace       used 20819K, capacity 21149K, committed 21296K, reserved 1069056K
  class space    used 2507K, capacity 2651K, committed 2688K, reserved 1048576K
}
Event: 2.569 GC heap before
{Heap before GC invocations=4 (full 0):
 garbage-first heap   total 260096K, used 65441K [0x0000000080000000, 0x0000000100000000)
  region size 1024K, 49 young (50176K), 2 survivors (2048K)
 Metaspace       used 25884K, capacity 26491K, committed 26544K, reserved 1073152K
  class space    used 3321K, capacity 3547K, committed 3584K, reserved 1048576K
}
Event: 2.573 GC heap after
{Heap after GC invocations=5 (full 0):
 garbage-first heap   total 260096K, used 19038K [0x0000000080000000, 0x0000000100000000)
  region size 1024K, 3 young (3072K), 3 survivors (3072K)
 Metaspace       used 25884K, capacity 26491K, committed 26544K, reserved 1073152K
  class space    used 3321K, capacity 3547K, committed 3584K, reserved 1048576K
}
Event: 3.327 GC heap before
{Heap before GC invocations=5 (full 0):
 garbage-first heap   total 260096K, used 92766K [0x0000000080000000, 0x0000000100000000)
  region size 1024K, 75 young (76800K), 3 survivors (3072K)
 Metaspace       used 34807K, capacity 35725K, committed 35888K, reserved 1081344K
  class space    used 4551K, capacity 4885K, committed 4992K, reserved 1048576K
}
Event: 3.333 GC heap after
{Heap after GC invocations=6 (full 0):
 garbage-first heap   total 260096K, used 22369K [0x0000000080000000, 0x0000000100000000)
  region size 1024K, 7 young (7168K), 7 survivors (7168K)
 Metaspace       used 34807K, capacity 35725K, committed 35888K, reserved 1081344K
  class space    used 4551K, capacity 4885K, committed 4992K, reserved 1048576K
}
Event: 3.340 GC heap before
{Heap before GC invocations=6 (full 0):
 garbage-first heap   total 260096K, used 22369K [0x0000000080000000, 0x0000000100000000)
  region size 1024K, 8 young (8192K), 7 survivors (7168K)
 Metaspace       used 34923K, capacity 35729K, committed 35888K, reserved 1081344K
  class space    used 4557K, capacity 4889K, committed 4992K, reserved 1048576K
}
Event: 3.349 GC heap after
{Heap after GC invocations=7 (full 0):
 garbage-first heap   total 260096K, used 22852K [0x0000000080000000, 0x0000000100000000)
  region size 1024K, 6 young (6144K), 6 survivors (6144K)
 Metaspace       used 34923K, capacity 35729K, committed 35888K, reserved 1081344K
  class space    used 4557K, capacity 4889K, committed 4992K, reserved 1048576K
}
Event: 4.207 GC heap before
{Heap before GC invocations=8 (full 0):
 garbage-first heap   total 260096K, used 123204K [0x0000000080000000, 0x0000000100000000)
  region size 1024K, 102 young (104448K), 6 survivors (6144K)
 Metaspace       used 43303K, capacity 44423K, committed 44520K, reserved 1087488K
  class space    used 5560K, capacity 5962K, committed 6016K, reserved 1048576K
}
Event: 4.225 GC heap after
{Heap after GC invocations=9 (full 0):
 garbage-first heap   total 260096K, used 30231K [0x0000000080000000, 0x0000000100000000)
  region size 1024K, 13 young (13312K), 13 survivors (13312K)
 Metaspace       used 43303K, capacity 44423K, committed 44520K, reserved 1087488K
  class space    used 5560K, capacity 5962K, committed 6016K, reserved 1048576K
}
Event: 5.481 GC heap before
{Heap before GC invocations=10 (full 0):
 garbage-first heap   total 260096K, used 156183K [0x0000000080000000, 0x0000000100000000)
  region size 1024K, 131 young (134144K), 13 survivors (13312K)
 Metaspace       used 51615K, capacity 53124K, committed 53352K, reserved 1095680K
  class space    used 6570K, capacity 7123K, committed 7168K, reserved 1048576K
}
Event: 5.497 GC heap after
{Heap after GC invocations=11 (full 0):
 garbage-first heap   total 260096K, used 43807K [0x0000000080000000, 0x0000000100000000)
  region size 1024K, 17 young (17408K), 17 survivors (17408K)
 Metaspace       used 51615K, capacity 53124K, committed 53352K, reserved 1095680K
  class space    used 6570K, capacity 7123K, committed 7168K, reserved 1048576K
}
Event: 7.001 GC heap before
{Heap before GC invocations=11 (full 0):
 garbage-first heap   total 260096K, used 189215K [0x0000000080000000, 0x0000000100000000)
  region size 1024K, 152 young (155648K), 17 survivors (17408K)
 Metaspace       used 66970K, capacity 68625K, committed 68840K, reserved 1110016K
  class space    used 8417K, capacity 9021K, committed 9088K, reserved 1048576K
}
Event: 7.021 GC heap after
{Heap after GC invocations=12 (full 0):
 garbage-first heap   total 260096K, used 54727K [0x0000000080000000, 0x0000000100000000)
  region size 1024K, 11 young (11264K), 11 survivors (11264K)
 Metaspace       used 66970K, capacity 68625K, committed 68840K, reserved 1110016K
  class space    used 8417K, capacity 9021K, committed 9088K, reserved 1048576K
}
Event: 7.759 GC heap before
{Heap before GC invocations=12 (full 0):
 garbage-first heap   total 260096K, used 141767K [0x0000000080000000, 0x0000000100000000)
  region size 1024K, 97 young (99328K), 11 survivors (11264K)
 Metaspace       used 72781K, capacity 74516K, committed 74600K, reserved 1114112K
  class space    used 9368K, capacity 9975K, committed 9984K, reserved 1048576K
}
Event: 7.776 GC heap after
{Heap after GC invocations=13 (full 0):
 garbage-first heap   total 260096K, used 59392K [0x0000000080000000, 0x0000000100000000)
  region size 1024K, 6 young (6144K), 6 survivors (6144K)
 Metaspace       used 72781K, capacity 74516K, committed 74600K, reserved 1114112K
  class space    used 9368K, capacity 9975K, committed 9984K, reserved 1048576K
}
Event: 9.060 GC heap before
{Heap before GC invocations=14 (full 0):
 garbage-first heap   total 260096K, used 196608K [0x0000000080000000, 0x0000000100000000)
  region size 1024K, 140 young (143360K), 6 survivors (6144K)
 Metaspace       used 82157K, capacity 84163K, committed 84432K, reserved 1122304K
  class space    used 10634K, capacity 11313K, committed 11392K, reserved 1048576K
}
Event: 9.087 GC heap after
{Heap after GC invocations=15 (full 0):
 garbage-first heap   total 312320K, used 69973K [0x0000000080000000, 0x0000000100000000)
  region size 1024K, 17 young (17408K), 17 survivors (17408K)
 Metaspace       used 82157K, capacity 84163K, committed 84432K, reserved 1122304K
  class space    used 10634K, capacity 11313K, committed 11392K, reserved 1048576K
}

Deoptimization events (20 events):
Event: 9.461 Thread 0x000001d6bdab8800 Uncommon trap: trap_request=0xffffff4d fr.pc=0x000001d6a7dbc574 relative=0x0000000000000354
Event: 9.461 Thread 0x000001d6bdab8800 Uncommon trap: reason=unstable_if action=reinterpret pc=0x000001d6a7dbc574 method=java.util.HashMap$HashIterator.<init>(Ljava/util/HashMap;)V @ 45 c2
Event: 9.461 Thread 0x000001d6bdab8800 DEOPT PACKING pc=0x000001d6a7dbc574 sp=0x00000075dd5fec20
Event: 9.461 Thread 0x000001d6bdab8800 DEOPT UNPACKING pc=0x000001d69ffca1a9 sp=0x00000075dd5febd8 mode 2
Event: 9.498 Thread 0x000001d6bdab4800 Uncommon trap: trap_request=0xffffffde fr.pc=0x000001d6a7bf19f4 relative=0x00000000000002b4
Event: 9.499 Thread 0x000001d6bdab4800 Uncommon trap: reason=class_check action=maybe_recompile pc=0x000001d6a7bf19f4 method=java.util.stream.StreamOpFlag.fromCharacteristics(Ljava/util/Spliterator;)I @ 14 c2
Event: 9.499 Thread 0x000001d6bdab4800 DEOPT PACKING pc=0x000001d6a7bf19f4 sp=0x00000075dd2fcee0
Event: 9.499 Thread 0x000001d6bdab4800 DEOPT UNPACKING pc=0x000001d69ffca1a9 sp=0x00000075dd2fcdc8 mode 2
Event: 9.504 Thread 0x000001d6bdab4800 Uncommon trap: trap_request=0xffffffde fr.pc=0x000001d6a7bf19f4 relative=0x00000000000002b4
Event: 9.504 Thread 0x000001d6bdab4800 Uncommon trap: reason=class_check action=maybe_recompile pc=0x000001d6a7bf19f4 method=java.util.stream.StreamOpFlag.fromCharacteristics(Ljava/util/Spliterator;)I @ 14 c2
Event: 9.504 Thread 0x000001d6bdab4800 DEOPT PACKING pc=0x000001d6a7bf19f4 sp=0x00000075dd2fcee0
Event: 9.504 Thread 0x000001d6bdab4800 DEOPT UNPACKING pc=0x000001d69ffca1a9 sp=0x00000075dd2fcdc8 mode 2
Event: 9.509 Thread 0x000001d6bdab4800 Uncommon trap: trap_request=0xffffffde fr.pc=0x000001d6a7bf19f4 relative=0x00000000000002b4
Event: 9.509 Thread 0x000001d6bdab4800 Uncommon trap: reason=class_check action=maybe_recompile pc=0x000001d6a7bf19f4 method=java.util.stream.StreamOpFlag.fromCharacteristics(Ljava/util/Spliterator;)I @ 14 c2
Event: 9.509 Thread 0x000001d6bdab4800 DEOPT PACKING pc=0x000001d6a7bf19f4 sp=0x00000075dd2fcee0
Event: 9.509 Thread 0x000001d6bdab4800 DEOPT UNPACKING pc=0x000001d69ffca1a9 sp=0x00000075dd2fcdc8 mode 2
Event: 9.552 Thread 0x000001d6bdab4800 Uncommon trap: trap_request=0xffffff4d fr.pc=0x000001d6a7e3b3a8 relative=0x00000000000001e8
Event: 9.552 Thread 0x000001d6bdab4800 Uncommon trap: reason=unstable_if action=reinterpret pc=0x000001d6a7e3b3a8 method=com.google.common.collect.RegularImmutableSet.contains(Ljava/lang/Object;)Z @ 10 c2
Event: 9.552 Thread 0x000001d6bdab4800 DEOPT PACKING pc=0x000001d6a7e3b3a8 sp=0x00000075dd2fa450
Event: 9.552 Thread 0x000001d6bdab4800 DEOPT UNPACKING pc=0x000001d69ffca1a9 sp=0x00000075dd2fa3e8 mode 2

Classes redefined (0 events):
No events

Internal exceptions (20 events):
Event: 9.218 Thread 0x000001d6b9333000 Exception <a 'java/lang/ClassNotFoundException'{0x0000000091c97928}: com/android/build/gradle/internal/tasks/SigningConfigVersionsWriterTask_DecoratedCustomizer> (0x0000000091c97928) thrown at [src/hotspot/share/classfile/systemDictionary.cpp, line 230]
Event: 9.223 Thread 0x000001d6b9333000 Exception <a 'java/lang/ClassNotFoundException'{0x0000000091b9d498}: com/android/build/gradle/tasks/PackageApplication_DecoratedBeanInfo> (0x0000000091b9d498) thrown at [src/hotspot/share/classfile/systemDictionary.cpp, line 230]
Event: 9.224 Thread 0x000001d6b9333000 Exception <a 'java/lang/ClassNotFoundException'{0x0000000091bb8078}: com/android/build/gradle/tasks/PackageApplicationBeanInfo> (0x0000000091bb8078) thrown at [src/hotspot/share/classfile/systemDictionary.cpp, line 230]
Event: 9.224 Thread 0x000001d6b9333000 Exception <a 'java/lang/ClassNotFoundException'{0x0000000091bd3d20}: com/android/build/gradle/tasks/PackageAndroidArtifactBeanInfo> (0x0000000091bd3d20) thrown at [src/hotspot/share/classfile/systemDictionary.cpp, line 230]
Event: 9.225 Thread 0x000001d6b9333000 Exception <a 'java/lang/ClassNotFoundException'{0x0000000091befd10}: com/android/build/gradle/tasks/PackageAndroidArtifactCustomizer> (0x0000000091befd10) thrown at [src/hotspot/share/classfile/systemDictionary.cpp, line 230]
Event: 9.227 Thread 0x000001d6b9333000 Exception <a 'java/lang/ClassNotFoundException'{0x0000000091a58898}: com/android/build/gradle/tasks/PackageApplicationCustomizer> (0x0000000091a58898) thrown at [src/hotspot/share/classfile/systemDictionary.cpp, line 230]
Event: 9.229 Thread 0x000001d6b9333000 Exception <a 'java/lang/ClassNotFoundException'{0x0000000091a921f0}: com/android/build/gradle/tasks/PackageApplication_DecoratedCustomizer> (0x0000000091a921f0) thrown at [src/hotspot/share/classfile/systemDictionary.cpp, line 230]
Event: 9.234 Thread 0x000001d6b9333000 Exception <a 'java/lang/ClassNotFoundException'{0x0000000091986fe8}: com/android/build/gradle/internal/tasks/ListingFileRedirectTask_DecoratedBeanInfo> (0x0000000091986fe8) thrown at [src/hotspot/share/classfile/systemDictionary.cpp, line 230]
Event: 9.235 Thread 0x000001d6b9333000 Exception <a 'java/lang/ClassNotFoundException'{0x00000000919a45f8}: com/android/build/gradle/internal/tasks/ListingFileRedirectTaskBeanInfo> (0x00000000919a45f8) thrown at [src/hotspot/share/classfile/systemDictionary.cpp, line 230]
Event: 9.235 Thread 0x000001d6b9333000 Exception <a 'java/lang/ClassNotFoundException'{0x00000000919c1c50}: com/android/build/gradle/internal/tasks/ListingFileRedirectTaskCustomizer> (0x00000000919c1c50) thrown at [src/hotspot/share/classfile/systemDictionary.cpp, line 230]
Event: 9.237 Thread 0x000001d6b9333000 Exception <a 'java/lang/ClassNotFoundException'{0x00000000919f2f18}: com/android/build/gradle/internal/tasks/ListingFileRedirectTask_DecoratedCustomizer> (0x00000000919f2f18) thrown at [src/hotspot/share/classfile/systemDictionary.cpp, line 230]
Event: 9.242 Thread 0x000001d6b9333000 Exception <a 'java/lang/NoSuchMethodError'{0x000000009185f8b0}: 'java.lang.Object java.lang.invoke.Invokers$Holder.linkToTargetMethod(java.lang.Object, java.lang.Object, java.lang.Object, int, java.lang.Object, java.lang.Object)'> (0x000000009185f8b0) thrown at [src/hotspot/share/interpreter/linkResolver.cpp, line 773]
Event: 9.349 Thread 0x000001d6b9333000 Exception <a 'java/lang/NoSuchMethodError'{0x0000000090eeba70}: <clinit>> (0x0000000090eeba70) thrown at [src/hotspot/share/prims/jni.cpp, line 1367]
Event: 9.363 Thread 0x000001d6b9333000 Exception <a 'java/lang/NoSuchMethodError'{0x0000000090d350a0}: <clinit>> (0x0000000090d350a0) thrown at [src/hotspot/share/prims/jni.cpp, line 1367]
Event: 9.375 Thread 0x000001d6b9333000 Exception <a 'java/lang/NoSuchMethodError'{0x0000000090d67358}: 'void java.lang.invoke.DirectMethodHandle$Holder.invokeSpecial(java.lang.Object, java.lang.Object, java.lang.Object, int)'> (0x0000000090d67358) thrown at [src/hotspot/share/interpreter/linkResolver.cpp, line 773]
Event: 9.417 Thread 0x000001d6b9333000 Exception <a 'sun/nio/fs/WindowsException'{0x0000000090b80ef8}> (0x0000000090b80ef8) thrown at [src/hotspot/share/prims/jni.cpp, line 617]
Event: 9.505 Thread 0x000001d6b8f98800 Exception <a 'java/lang/NoSuchMethodError'{0x0000000090648640}: <clinit>> (0x0000000090648640) thrown at [src/hotspot/share/prims/jni.cpp, line 1367]
Event: 9.510 Thread 0x000001d6b8f98800 Exception <a 'java/lang/NoSuchMethodError'{0x0000000090652958}: <clinit>> (0x0000000090652958) thrown at [src/hotspot/share/prims/jni.cpp, line 1367]
Event: 9.519 Thread 0x000001d6bdab4800 Exception <a 'java/lang/IncompatibleClassChangeError'{0x00000000906d2930}: Found class java.lang.Object, but interface was expected> (0x00000000906d2930) thrown at [src/hotspot/share/interpreter/linkResolver.cpp, line 839]
Event: 9.552 Thread 0x000001d6bdab4800 Implicit null exception at 0x000001d6a7e3b1f7 to 0x000001d6a7e3b390

Events (20 events):
Event: 11.895 loading class org/gradle/launcher/daemon/server/DaemonRegistryUnavailableExpirationStrategy$1
Event: 11.895 loading class org/gradle/launcher/daemon/server/DaemonRegistryUnavailableExpirationStrategy$1 done
Event: 11.896 loading class com/google/common/collect/Lists$TransformingSequentialList
Event: 11.896 loading class com/google/common/collect/Lists$TransformingSequentialList done
Event: 11.899 loading class com/google/common/collect/Lists$TransformingSequentialList$1
Event: 11.899 loading class com/google/common/collect/Lists$TransformingSequentialList$1 done
Event: 11.900 loading class com/google/common/collect/TransformedListIterator
Event: 11.900 loading class com/google/common/collect/TransformedListIterator done
Event: 14.562 loading class org/gradle/internal/watch/registry/impl/AbstractFileWatcherUpdater
Event: 14.562 loading class org/gradle/internal/watch/registry/impl/AbstractFileWatcherUpdater done
Event: 14.563 loading class org/gradle/internal/watch/registry/impl/AbstractFileWatcherUpdater
Event: 14.563 loading class org/gradle/internal/watch/registry/impl/AbstractFileWatcherUpdater done
Event: 14.563 loading class com/google/common/collect/ImmutableSet
Event: 14.563 loading class com/google/common/collect/ImmutableSet done
Event: 14.563 loading class com/google/common/collect/ImmutableSet
Event: 14.563 loading class com/google/common/collect/ImmutableSet done
Event: 14.564 loading class org/gradle/internal/watch/registry/impl/AbstractFileWatcherUpdater
Event: 14.564 loading class org/gradle/internal/watch/registry/impl/AbstractFileWatcherUpdater done
Event: 14.565 loading class org/gradle/internal/watch/registry/impl/DefaultFileWatcherProbeRegistry$1
Event: 14.565 loading class org/gradle/internal/watch/registry/impl/DefaultFileWatcherProbeRegistry$1 done


Dynamic libraries:
0x00007ff671f30000 - 0x00007ff671f3a000 	C:\Program Files\Android\Android Studio\jbr\bin\java.exe
0x00007ff8bf610000 - 0x00007ff8bf806000 	C:\Windows\SYSTEM32\ntdll.dll
0x00007ff8bd670000 - 0x00007ff8bd72d000 	C:\Windows\System32\KERNEL32.DLL
0x00007ff8bd300000 - 0x00007ff8bd5c9000 	C:\Windows\System32\KERNELBASE.dll
0x00007ff8bce60000 - 0x00007ff8bcf60000 	C:\Windows\System32\ucrtbase.dll
0x00007ff8b8ad0000 - 0x00007ff8b8ae7000 	C:\Program Files\Android\Android Studio\jbr\bin\jli.dll
0x00007ff8b8ab0000 - 0x00007ff8b8acb000 	C:\Program Files\Android\Android Studio\jbr\bin\VCRUNTIME140.dll
0x00007ff8beda0000 - 0x00007ff8bef40000 	C:\Windows\System32\USER32.dll
0x00007ff8bd1f0000 - 0x00007ff8bd212000 	C:\Windows\System32\win32u.dll
0x00007ff8beff0000 - 0x00007ff8bf01a000 	C:\Windows\System32\GDI32.dll
0x00007ff8bcd50000 - 0x00007ff8bce5b000 	C:\Windows\System32\gdi32full.dll
0x00007ff8bd5d0000 - 0x00007ff8bd66d000 	C:\Windows\System32\msvcp_win.dll
0x00007ff8921d0000 - 0x00007ff89246b000 	C:\Windows\WinSxS\amd64_microsoft.windows.common-controls_6595b64144ccf1df_6.0.19041.746_none_ca02b4b61b8320a4\COMCTL32.dll
0x00007ff8bed00000 - 0x00007ff8bed9e000 	C:\Windows\System32\msvcrt.dll
0x00007ff8bd860000 - 0x00007ff8bd890000 	C:\Windows\System32\IMM32.DLL
0x00007ff8a2220000 - 0x00007ff8a227b000 	C:\ProgramData\Microsoft\DbgCtr\XShellDLL64_6015.dll
0x00007ff8bef40000 - 0x00007ff8befec000 	C:\Windows\System32\ADVAPI32.dll
0x00007ff8bd7c0000 - 0x00007ff8bd85c000 	C:\Windows\System32\sechost.dll
0x00007ff8bdb50000 - 0x00007ff8bdc7b000 	C:\Windows\System32\RPCRT4.dll
0x00007ff8be4f0000 - 0x00007ff8bec32000 	C:\Windows\System32\SHELL32.dll
0x00007ff8a2170000 - 0x00007ff8a217c000 	C:\Program Files\Android\Android Studio\jbr\bin\vcruntime140_1.dll
0x00007ff8b8a20000 - 0x00007ff8b8aad000 	C:\Program Files\Android\Android Studio\jbr\bin\msvcp140.dll
0x00007ff877160000 - 0x00007ff877d1c000 	C:\Program Files\Android\Android Studio\jbr\bin\server\jvm.dll
0x00007ff8be3c0000 - 0x00007ff8be3c8000 	C:\Windows\System32\PSAPI.DLL
0x00007ff8aad90000 - 0x00007ff8aad99000 	C:\Windows\SYSTEM32\WSOCK32.dll
0x00007ff8bdc90000 - 0x00007ff8bdcfb000 	C:\Windows\System32\WS2_32.dll
0x00007ff895110000 - 0x00007ff895137000 	C:\Windows\SYSTEM32\WINMM.dll
0x00007ff8b57d0000 - 0x00007ff8b57da000 	C:\Windows\SYSTEM32\VERSION.dll
0x00007ff8bacc0000 - 0x00007ff8bacd2000 	C:\Windows\SYSTEM32\kernel.appcore.dll
0x00007ff8a1ee0000 - 0x00007ff8a1ef0000 	C:\Program Files\Android\Android Studio\jbr\bin\verify.dll
0x00007ff8a4650000 - 0x00007ff8a4834000 	C:\Windows\SYSTEM32\DBGHELP.DLL
0x00007ff8a4540000 - 0x00007ff8a456c000 	C:\Windows\SYSTEM32\dbgcore.DLL
0x00007ff8bd220000 - 0x00007ff8bd2a0000 	C:\Windows\System32\bcryptPrimitives.dll
0x00007ff8a1560000 - 0x00007ff8a1588000 	C:\Program Files\Android\Android Studio\jbr\bin\java.dll
0x00007ff8a1ac0000 - 0x00007ff8a1aca000 	C:\Program Files\Android\Android Studio\jbr\bin\jimage.dll
0x00007ff8a1660000 - 0x00007ff8a1678000 	C:\Program Files\Android\Android Studio\jbr\bin\zip.dll
0x00007ff8baec0000 - 0x00007ff8bb650000 	C:\Windows\SYSTEM32\windows.storage.dll
0x00007ff8bdd00000 - 0x00007ff8be056000 	C:\Windows\System32\combase.dll
0x00007ff8bc7b0000 - 0x00007ff8bc7dc000 	C:\Windows\SYSTEM32\Wldp.dll
0x00007ff8bd890000 - 0x00007ff8bd93e000 	C:\Windows\System32\SHCORE.dll
0x00007ff8bdaf0000 - 0x00007ff8bdb45000 	C:\Windows\System32\shlwapi.dll
0x00007ff8bcc80000 - 0x00007ff8bcca6000 	C:\Windows\SYSTEM32\profapi.dll
0x00007ff8a15d0000 - 0x00007ff8a15e9000 	C:\Program Files\Android\Android Studio\jbr\bin\net.dll
0x00007ff8b5f20000 - 0x00007ff8b6020000 	C:\Windows\SYSTEM32\WINHTTP.dll
0x00007ff8bc4c0000 - 0x00007ff8bc52a000 	C:\Windows\system32\mswsock.dll
0x00007ff8a0f80000 - 0x00007ff8a0f93000 	C:\Program Files\Android\Android Studio\jbr\bin\nio.dll
0x00007ff8a1c50000 - 0x00007ff8a1c77000 	C:\Users\it_04\.gradle\native\e1d6ef7f7dcc3fd88c89a11ec53ec762bb8ba0a96d01ffa2cd45eb1d1d8dd5c5\windows-amd64\native-platform.dll
0x00007ff898ba0000 - 0x00007ff898ce4000 	C:\Users\it_04\.gradle\native\0d407fdbe67a94daf76414ababcb853783967236a71b16ec16e742cd7a986fd3\windows-amd64\native-platform-file-events.dll
0x00007ff8af710000 - 0x00007ff8af71a000 	C:\Program Files\Android\Android Studio\jbr\bin\management.dll
0x00007ff8a0f70000 - 0x00007ff8a0f7b000 	C:\Program Files\Android\Android Studio\jbr\bin\management_ext.dll
0x00007ff8bc690000 - 0x00007ff8bc6a8000 	C:\Windows\SYSTEM32\CRYPTSP.dll
0x00007ff8bbe60000 - 0x00007ff8bbe94000 	C:\Windows\system32\rsaenh.dll
0x00007ff8bd060000 - 0x00007ff8bd087000 	C:\Windows\System32\bcrypt.dll
0x00007ff8bcc40000 - 0x00007ff8bcc6e000 	C:\Windows\SYSTEM32\USERENV.dll
0x00007ff8bc6b0000 - 0x00007ff8bc6bc000 	C:\Windows\SYSTEM32\CRYPTBASE.dll
0x00007ff8bc1b0000 - 0x00007ff8bc1eb000 	C:\Windows\SYSTEM32\IPHLPAPI.DLL
0x00007ff8bdc80000 - 0x00007ff8bdc88000 	C:\Windows\System32\NSI.dll
0x00007ff8b64d0000 - 0x00007ff8b64e7000 	C:\Windows\SYSTEM32\dhcpcsvc6.DLL
0x00007ff8b64b0000 - 0x00007ff8b64cd000 	C:\Windows\SYSTEM32\dhcpcsvc.DLL
0x00007ff8bc1f0000 - 0x00007ff8bc2bb000 	C:\Windows\SYSTEM32\DNSAPI.dll

dbghelp: loaded successfully - version: 4.0.5 - missing functions: none
symbol engine: initialized successfully - sym options: 0x614 - pdb path: .;C:\Program Files\Android\Android Studio\jbr\bin;C:\Windows\SYSTEM32;C:\Windows\WinSxS\amd64_microsoft.windows.common-controls_6595b64144ccf1df_6.0.19041.746_none_ca02b4b61b8320a4;C:\ProgramData\Microsoft\DbgCtr;C:\Program Files\Android\Android Studio\jbr\bin\server;C:\Users\it_04\.gradle\native\e1d6ef7f7dcc3fd88c89a11ec53ec762bb8ba0a96d01ffa2cd45eb1d1d8dd5c5\windows-amd64;C:\Users\it_04\.gradle\native\0d407fdbe67a94daf76414ababcb853783967236a71b16ec16e742cd7a986fd3\windows-amd64

VM Arguments:
jvm_args: --add-opens=java.base/java.util=ALL-UNNAMED --add-opens=java.base/java.lang=ALL-UNNAMED --add-opens=java.base/java.lang.invoke=ALL-UNNAMED --add-opens=java.base/java.util=ALL-UNNAMED --add-opens=java.prefs/java.util.prefs=ALL-UNNAMED --add-opens=java.prefs/java.util.prefs=ALL-UNNAMED --add-opens=java.base/java.nio.charset=ALL-UNNAMED --add-opens=java.base/java.net=ALL-UNNAMED --add-opens=java.base/java.util.concurrent.atomic=ALL-UNNAMED -Xmx2048m -Dfile.encoding=UTF-8 -Duser.country=US -Duser.language=en -Duser.variant 
java_command: org.gradle.launcher.daemon.bootstrap.GradleDaemon 7.5
java_class_path (initial): C:\Users\it_04\.gradle\wrapper\dists\gradle-7.5-bin\f1w0cc9nuo0eivz97x2xlu9sv\gradle-7.5\lib\gradle-launcher-7.5.jar
Launcher Type: SUN_STANDARD

[Global flags]
     intx CICompilerCount                          = 3                                         {product} {ergonomic}
     uint ConcGCThreads                            = 1                                         {product} {ergonomic}
     uint G1ConcRefinementThreads                  = 4                                         {product} {ergonomic}
   size_t G1HeapRegionSize                         = 1048576                                   {product} {ergonomic}
    uintx GCDrainStackTargetSize                   = 64                                        {product} {ergonomic}
   size_t InitialHeapSize                          = 266338304                                 {product} {ergonomic}
   size_t MarkStackSize                            = 4194304                                   {product} {ergonomic}
   size_t MaxHeapSize                              = 2147483648                                {product} {command line}
   size_t MaxNewSize                               = 1287651328                                {product} {ergonomic}
   size_t MinHeapDeltaBytes                        = 1048576                                   {product} {ergonomic}
    uintx NonNMethodCodeHeapSize                   = 5830732                                {pd product} {ergonomic}
    uintx NonProfiledCodeHeapSize                  = 122913754                              {pd product} {ergonomic}
    uintx ProfiledCodeHeapSize                     = 122913754                              {pd product} {ergonomic}
    uintx ReservedCodeCacheSize                    = 251658240                              {pd product} {ergonomic}
     bool SegmentedCodeCache                       = true                                      {product} {ergonomic}
     bool UseCompressedClassPointers               = true                                 {lp64_product} {ergonomic}
     bool UseCompressedOops                        = true                                 {lp64_product} {ergonomic}
     bool UseG1GC                                  = true                                      {product} {ergonomic}
     bool UseLargePagesIndividualAllocation        = false                                  {pd product} {ergonomic}

Logging:
Log output configuration:
 #0: stdout all=warning uptime,level,tags
 #1: stderr all=off uptime,level,tags

Environment Variables:
PATH=D:\app\it_07\product\11.2.0\client_1\bin;C:\Windows\system32;C:\Windows;C:\Windows\System32\Wbem;C:\Windows\System32\WindowsPowerShell\v1.0\;C:\Windows\System32\OpenSSH\;C:\Program Files\dotnet\;C:\Program Files\Git\cmd;C:\Users\it_04\AppData\Local\Microsoft\WindowsApps;C:\Users\it_04\.dotnet\tools
USERNAME=it_04
OS=Windows_NT
PROCESSOR_IDENTIFIER=Intel64 Family 6 Model 165 Stepping 3, GenuineIntel



---------------  S Y S T E M  ---------------

OS: Windows 10 , 64 bit Build 19041 (10.0.19041.804)
OS uptime: 0 days 0:20 hours

CPU:total 4 (initial active 4) (2 cores per cpu, 2 threads per core) family 6 model 165 stepping 3 microcode 0xe0, cmov, cx8, fxsr, mmx, sse, sse2, sse3, ssse3, sse4.1, sse4.2, popcnt, aes, clmul, erms, 3dnowpref, lzcnt, ht, tsc, tscinvbit

Memory: 4k page, system-wide physical 16242M (10717M free)
TotalPageFile size 18674M (AvailPageFile size 13676M)
current process WorkingSet (physical memory assigned to process): 475M, peak: 498M
current process commit charge ("private bytes"): 558M, peak: 580M

vm_info: OpenJDK 64-Bit Server VM (11.0.15+0-b2043.56-9505619) for windows-amd64 JRE (11.0.15+0-b2043.56-9505619), built on Jan 19 2023 02:48:00 by "builduser" with unknown MS VC++:1929

END.
