#
# A fatal error has been detected by the Java Runtime Environment:
#
#  EXCEPTION_ACCESS_VIOLATION (0xc0000005) at pc=0x00000000b10003b7, pid=9680, tid=8364
#
# JRE version: OpenJDK Runtime Environment (11.0.15) (build 11.0.15+0-b2043.56-9505619)
# Java VM: OpenJDK 64-Bit Server VM (11.0.15+0-b2043.56-9505619, mixed mode, tiered, compressed oops, g1 gc, windows-amd64)
# Problematic frame:
# C  0x00000000b10003b7
#
# No core dump will be written. Minidumps are not enabled by default on client versions of Windows
#
# If you would like to submit a bug report, please visit:
#   https://bugreport.java.com/bugreport/crash.jsp
# The crash happened outside the Java Virtual Machine in native code.
# See problematic frame for where to report the bug.
#

---------------  S U M M A R Y ------------

Command Line: --add-opens=java.base/java.util=ALL-UNNAMED --add-opens=java.base/java.lang=ALL-UNNAMED --add-opens=java.base/java.lang.invoke=ALL-UNNAMED --add-opens=java.base/java.util=ALL-UNNAMED --add-opens=java.prefs/java.util.prefs=ALL-UNNAMED --add-opens=java.prefs/java.util.prefs=ALL-UNNAMED --add-opens=java.base/java.nio.charset=ALL-UNNAMED --add-opens=java.base/java.net=ALL-UNNAMED --add-opens=java.base/java.util.concurrent.atomic=ALL-UNNAMED -Xmx2048m -Dfile.encoding=UTF-8 -Duser.country=US -Duser.language=en -Duser.variant org.gradle.launcher.daemon.bootstrap.GradleDaemon 7.5

Host: Intel(R) Pentium(R) Gold G6400 CPU @ 4.00GHz, 4 cores, 15G,  Windows 10 , 64 bit Build 19041 (10.0.19041.804)
Time: Tue Apr 25 08:39:35 2023 SE Asia Standard Time elapsed time: 15.012274 seconds (0d 0h 0m 15s)

---------------  T H R E A D  ---------------

Current thread (0x00000195f517a000):  JavaThread "File watcher server" daemon [_thread_in_native, id=8364, stack(0x00000013caf00000,0x00000013cb000000)]

Stack: [0x00000013caf00000,0x00000013cb000000],  sp=0x00000013caffe768,  free space=1017k
Native frames: (J=compiled Java code, j=interpreted, Vv=VM code, C=native code)
C  0x00000000b10003b7

Java frames: (J=compiled Java code, j=interpreted, Vv=VM code)
j  net.rubygrapefruit.platform.internal.jni.AbstractFileEventFunctions$NativeFileWatcher.executeRunLoop0(Ljava/lang/Object;)V+0
j  net.rubygrapefruit.platform.internal.jni.AbstractFileEventFunctions$NativeFileWatcher.access$100(Lnet/rubygrapefruit/platform/internal/jni/AbstractFileEventFunctions$NativeFileWatcher;Ljava/lang/Object;)V+2
j  net.rubygrapefruit.platform.internal.jni.AbstractFileEventFunctions$NativeFileWatcher$1.run()V+26
v  ~StubRoutines::call_stub

siginfo: EXCEPTION_ACCESS_VIOLATION (0xc0000005), data execution prevention violation at address 0x00000000b10003b7


Register to memory mapping:

RIP=
[error occurred during error reporting (printing register info), id 0xc0000005, EXCEPTION_ACCESS_VIOLATION (0xc0000005) at pc=0x00000195d732fe96]

Registers:
RAX=0x00000000b10003b7, RBX=0x0000000000000000, RCX=0x00000013cebfb928, RDX=0x0000000000000000
RSP=0x00000013caffe768, RBP=0x00000013cafff138, RSI=0x00000013cebfb920, RDI=0x00000013cebfb8e0
R8 =0x00000195d5827800, R9 =0x0000000000000001, R10=0x0000000000008000, R11=0x00000013caffe420
R12=0x0000000000000000, R13=0x00000195f7d97268, R14=0x0000000000000000, R15=0x00000195f517a000
RIP=0x00000000b10003b7, EFLAGS=0x0000000000010292

Top of Stack: (sp=0x00000013caffe768)
0x00000013caffe768:   00007ffe850463b9 0000000000000000
0x00000013caffe778:   00000195dbf5f45c 00000195f24f5990
0x00000013caffe788:   00007ffe85023133 00000195fd8c8de8
0x00000013caffe798:   000000008c780970 000036f2684621d8
0x00000013caffe7a8:   00007ffe8502da83 00000013cafff160
0x00000013caffe7b8:   00000013cebfb8e0 00007ffe8501f150
0x00000013caffe7c8:   00007ffe8503709b 00000013cebfb920
0x00000013caffe7d8:   00000000804a5238 0000000000000000
0x00000013caffe7e8:   00007ffe8502bfae 00000195fd8c8de0
0x00000013caffe7f8:   00007ffe850292a6 00000013cebfb920
0x00000013caffe808:   0000000000000000 00000195fd8c8de0
0x00000013caffe818:   00007ffe850057b3 0000000000000000
0x00000013caffe828:   00007ffe850364c2 00000013caffe870
0x00000013caffe838:   00000013cebfb920 00000195f2184a20
0x00000013caffe848:   0000000000000000 0000000080496c01
0x00000013caffe858:   00000195f209fd50 0000000000000000 

Instructions: (pc=0x00000000b10003b7)
0x00000000b10002b7:   ?? ?? ?? ?? ?? ?? ?? ?? ?? ?? ?? ?? ?? ?? ?? ??
0x00000000b10002c7:   ?? ?? ?? ?? ?? ?? ?? ?? ?? ?? ?? ?? ?? ?? ?? ??
0x00000000b10002d7:   ?? ?? ?? ?? ?? ?? ?? ?? ?? ?? ?? ?? ?? ?? ?? ??
0x00000000b10002e7:   ?? ?? ?? ?? ?? ?? ?? ?? ?? ?? ?? ?? ?? ?? ?? ??
0x00000000b10002f7:   ?? ?? ?? ?? ?? ?? ?? ?? ?? ?? ?? ?? ?? ?? ?? ??
0x00000000b1000307:   ?? ?? ?? ?? ?? ?? ?? ?? ?? ?? ?? ?? ?? ?? ?? ??
0x00000000b1000317:   ?? ?? ?? ?? ?? ?? ?? ?? ?? ?? ?? ?? ?? ?? ?? ??
0x00000000b1000327:   ?? ?? ?? ?? ?? ?? ?? ?? ?? ?? ?? ?? ?? ?? ?? ??
0x00000000b1000337:   ?? ?? ?? ?? ?? ?? ?? ?? ?? ?? ?? ?? ?? ?? ?? ??
0x00000000b1000347:   ?? ?? ?? ?? ?? ?? ?? ?? ?? ?? ?? ?? ?? ?? ?? ??
0x00000000b1000357:   ?? ?? ?? ?? ?? ?? ?? ?? ?? ?? ?? ?? ?? ?? ?? ??
0x00000000b1000367:   ?? ?? ?? ?? ?? ?? ?? ?? ?? ?? ?? ?? ?? ?? ?? ??
0x00000000b1000377:   ?? ?? ?? ?? ?? ?? ?? ?? ?? ?? ?? ?? ?? ?? ?? ??
0x00000000b1000387:   ?? ?? ?? ?? ?? ?? ?? ?? ?? ?? ?? ?? ?? ?? ?? ??
0x00000000b1000397:   ?? ?? ?? ?? ?? ?? ?? ?? ?? ?? ?? ?? ?? ?? ?? ??
0x00000000b10003a7:   ?? ?? ?? ?? ?? ?? ?? ?? ?? ?? ?? ?? ?? ?? ?? ??
0x00000000b10003b7:   ?? ?? ?? ?? ?? ?? ?? ?? ?? ?? ?? ?? ?? ?? ?? ??
0x00000000b10003c7:   ?? ?? ?? ?? ?? ?? ?? ?? ?? ?? ?? ?? ?? ?? ?? ??
0x00000000b10003d7:   ?? ?? ?? ?? ?? ?? ?? ?? ?? ?? ?? ?? ?? ?? ?? ??
0x00000000b10003e7:   ?? ?? ?? ?? ?? ?? ?? ?? ?? ?? ?? ?? ?? ?? ?? ??
0x00000000b10003f7:   ?? ?? ?? ?? ?? ?? ?? ?? ?? ?? ?? ?? ?? ?? ?? ??
0x00000000b1000407:   ?? ?? ?? ?? ?? ?? ?? ?? ?? ?? ?? ?? ?? ?? ?? ??
0x00000000b1000417:   ?? ?? ?? ?? ?? ?? ?? ?? ?? ?? ?? ?? ?? ?? ?? ??
0x00000000b1000427:   ?? ?? ?? ?? ?? ?? ?? ?? ?? ?? ?? ?? ?? ?? ?? ??
0x00000000b1000437:   ?? ?? ?? ?? ?? ?? ?? ?? ?? ?? ?? ?? ?? ?? ?? ??
0x00000000b1000447:   ?? ?? ?? ?? ?? ?? ?? ?? ?? ?? ?? ?? ?? ?? ?? ??
0x00000000b1000457:   ?? ?? ?? ?? ?? ?? ?? ?? ?? ?? ?? ?? ?? ?? ?? ??
0x00000000b1000467:   ?? ?? ?? ?? ?? ?? ?? ?? ?? ?? ?? ?? ?? ?? ?? ??
0x00000000b1000477:   ?? ?? ?? ?? ?? ?? ?? ?? ?? ?? ?? ?? ?? ?? ?? ??
0x00000000b1000487:   ?? ?? ?? ?? ?? ?? ?? ?? ?? ?? ?? ?? ?? ?? ?? ??
0x00000000b1000497:   ?? ?? ?? ?? ?? ?? ?? ?? ?? ?? ?? ?? ?? ?? ?? ??
0x00000000b10004a7:   ?? ?? ?? ?? ?? ?? ?? ?? ?? ?? ?? ?? ?? ?? ?? ?? 


Stack slot to memory mapping:
stack at sp + 0 slots: 0x00007ffe850463b9 native-platform-file-events.dll
stack at sp + 1 slots: 0x0 is NULL
stack at sp + 2 slots: 0x00000195dbf5f45c is at code_begin+2268 in an Interpreter codelet
method entry point (kind = native)  [0x00000195dbf5eb80, 0x00000195dbf5f520]  2464 bytes
stack at sp + 3 slots: {method} {0x00000195f24f5998} 'findEntry' '(Ljava/lang/String;)J' in 'java/lang/ClassLoader$NativeLibrary'
stack at sp + 4 slots: 0x00007ffe85023133 native-platform-file-events.dll
stack at sp + 5 slots: 0x00000195fd8c8de8 points into unknown readable memory: 0x00000195f4b7c890 | 90 c8 b7 f4 95 01 00 00
stack at sp + 6 slots: 0x000000008c780970 is an unallocated location in the heap
stack at sp + 7 slots: 0x000036f2684621d8 is an unknown value


---------------  P R O C E S S  ---------------

Threads class SMR info:
_java_thread_list=0x00000195fd94c940, length=86, elements={
0x00000195d8432000, 0x00000195f28b3000, 0x00000195f28b5800, 0x00000195f28c0800,
0x00000195f290f800, 0x00000195f2911000, 0x00000195f291a000, 0x00000195f2922000,
0x00000195f2927800, 0x00000195f2a9e000, 0x00000195f4f96800, 0x00000195f53ae800,
0x00000195f5a6e800, 0x00000195f403e800, 0x00000195f403f000, 0x00000195f4905800,
0x00000195f3adb800, 0x00000195f4cb0800, 0x00000195f5a05000, 0x00000195f3adc000,
0x00000195f5179000, 0x00000195f517d000, 0x00000195f517c800, 0x00000195f517a000,
0x00000195f517e000, 0x00000195f517b000, 0x00000195f5178800, 0x00000195f517f000,
0x00000195f517b800, 0x00000195f5da5000, 0x00000195f5da2800, 0x00000195f5da6000,
0x00000195f5da7000, 0x00000195f5da7800, 0x00000195f5da3800, 0x00000195f5da4800,
0x00000195f5da2000, 0x00000195f5dab000, 0x00000195f5da9000, 0x00000195f5dac800,
0x00000195f5dab800, 0x00000195f5daa000, 0x00000195f5dad800, 0x00000195f5dae000,
0x00000195f5da8800, 0x00000195f5daf800, 0x00000195f5daf000, 0x00000195f3228000,
0x00000195f322a800, 0x00000195f3229800, 0x00000195f322c000, 0x00000195f3226800,
0x00000195f3227000, 0x00000195f322d000, 0x00000195f322d800, 0x00000195f322e800,
0x00000195f3229000, 0x00000195f3231000, 0x00000195f322f800, 0x00000195f322b800,
0x00000195f3230000, 0x00000195f3232000, 0x00000195f3232800, 0x00000195f3233800,
0x00000195f3234800, 0x00000195f3235000, 0x00000195f2dda000, 0x00000195f2ddb800,
0x00000195f2dde000, 0x00000195f2dd8800, 0x00000195f2ddc800, 0x00000195f2dd9000,
0x00000195f2ddf000, 0x00000195f2ddf800, 0x00000195f2de0800, 0x00000195f2dda800,
0x00000195f2de1000, 0x00000195f2de2000, 0x00000195f2de3000, 0x00000195f2ddd000,
0x00000195f2de6000, 0x00000195f2de3800, 0x00000195f2de5800, 0x00000195f2de4800,
0x00000195f2de7000, 0x00000195fd5fb800
}

Java Threads: ( => current thread )
  0x00000195d8432000 JavaThread "main" [_thread_blocked, id=2116, stack(0x00000013c8a00000,0x00000013c8b00000)]
  0x00000195f28b3000 JavaThread "Reference Handler" daemon [_thread_blocked, id=6072, stack(0x00000013c9400000,0x00000013c9500000)]
  0x00000195f28b5800 JavaThread "Finalizer" daemon [_thread_blocked, id=8040, stack(0x00000013c9500000,0x00000013c9600000)]
  0x00000195f28c0800 JavaThread "Signal Dispatcher" daemon [_thread_blocked, id=3340, stack(0x00000013c9600000,0x00000013c9700000)]
  0x00000195f290f800 JavaThread "Attach Listener" daemon [_thread_blocked, id=5376, stack(0x00000013c9700000,0x00000013c9800000)]
  0x00000195f2911000 JavaThread "Service Thread" daemon [_thread_blocked, id=9916, stack(0x00000013c9800000,0x00000013c9900000)]
  0x00000195f291a000 JavaThread "C2 CompilerThread0" daemon [_thread_blocked, id=8456, stack(0x00000013c9900000,0x00000013c9a00000)]
  0x00000195f2922000 JavaThread "C1 CompilerThread0" daemon [_thread_blocked, id=2456, stack(0x00000013c9a00000,0x00000013c9b00000)]
  0x00000195f2927800 JavaThread "Sweeper thread" daemon [_thread_blocked, id=7940, stack(0x00000013c9b00000,0x00000013c9c00000)]
  0x00000195f2a9e000 JavaThread "Common-Cleaner" daemon [_thread_blocked, id=3032, stack(0x00000013c9c00000,0x00000013c9d00000)]
  0x00000195f4f96800 JavaThread "Daemon health stats" [_thread_blocked, id=1724, stack(0x00000013ca200000,0x00000013ca300000)]
  0x00000195f53ae800 JavaThread "Incoming local TCP Connector on port 49217" [_thread_in_native, id=9468, stack(0x00000013ca300000,0x00000013ca400000)]
  0x00000195f5a6e800 JavaThread "Daemon periodic checks" [_thread_blocked, id=3632, stack(0x00000013ca400000,0x00000013ca500000)]
  0x00000195f403e800 JavaThread "Daemon" [_thread_blocked, id=10300, stack(0x00000013ca500000,0x00000013ca600000)]
  0x00000195f403f000 JavaThread "Handler for socket connection from /127.0.0.1:49217 to /127.0.0.1:49218" [_thread_in_native, id=7104, stack(0x00000013ca600000,0x00000013ca700000)]
  0x00000195f4905800 JavaThread "Cancel handler" [_thread_blocked, id=4180, stack(0x00000013ca700000,0x00000013ca800000)]
  0x00000195f3adb800 JavaThread "Daemon worker" [_thread_blocked, id=4816, stack(0x00000013ca800000,0x00000013ca900000)]
  0x00000195f4cb0800 JavaThread "Asynchronous log dispatcher for DefaultDaemonConnection: socket connection from /127.0.0.1:49217 to /127.0.0.1:49218" [_thread_blocked, id=8308, stack(0x00000013ca900000,0x00000013caa00000)]
  0x00000195f5a05000 JavaThread "Stdin handler" [_thread_blocked, id=8336, stack(0x00000013caa00000,0x00000013cab00000)]
  0x00000195f3adc000 JavaThread "Daemon client event forwarder" [_thread_blocked, id=6780, stack(0x00000013cab00000,0x00000013cac00000)]
  0x00000195f5179000 JavaThread "Cache worker for journal cache (C:\Users\it_04\.gradle\caches\journal-1)" [_thread_blocked, id=9572, stack(0x00000013cac00000,0x00000013cad00000)]
  0x00000195f517d000 JavaThread "File lock request listener" [_thread_in_native, id=3164, stack(0x00000013cad00000,0x00000013cae00000)]
  0x00000195f517c800 JavaThread "Cache worker for file hash cache (C:\Users\it_04\.gradle\caches\7.5\fileHashes)" [_thread_blocked, id=7848, stack(0x00000013cae00000,0x00000013caf00000)]
=>0x00000195f517a000 JavaThread "File watcher server" daemon [_thread_in_native, id=8364, stack(0x00000013caf00000,0x00000013cb000000)]
  0x00000195f517e000 JavaThread "File watcher consumer" daemon [_thread_blocked, id=6124, stack(0x00000013cb000000,0x00000013cb100000)]
  0x00000195f517b000 JavaThread "Cache worker for checksums cache (D:\SourceAndroid\KyThuat\.gradle\7.5\checksums)" [_thread_blocked, id=10884, stack(0x00000013cb100000,0x00000013cb200000)]
  0x00000195f5178800 JavaThread "Cache worker for cache directory md-rule (C:\Users\it_04\.gradle\caches\7.5\md-rule)" [_thread_blocked, id=6684, stack(0x00000013cb200000,0x00000013cb300000)]
  0x00000195f517f000 JavaThread "Cache worker for file content cache (C:\Users\it_04\.gradle\caches\7.5\fileContent)" [_thread_blocked, id=11012, stack(0x00000013cb300000,0x00000013cb400000)]
  0x00000195f517b800 JavaThread "Cache worker for file hash cache (D:\SourceAndroid\KyThuat\.gradle\7.5\fileHashes)" [_thread_blocked, id=1536, stack(0x00000013cb400000,0x00000013cb500000)]
  0x00000195f5da5000 JavaThread "Cache worker for cache directory md-supplier (C:\Users\it_04\.gradle\caches\7.5\md-supplier)" [_thread_blocked, id=9936, stack(0x00000013cb500000,0x00000013cb600000)]
  0x00000195f5da2800 JavaThread "Cache worker for execution history cache (C:\Users\it_04\.gradle\caches\7.5\executionHistory)" [_thread_blocked, id=6744, stack(0x00000013cb600000,0x00000013cb700000)]
  0x00000195f5da6000 JavaThread "jar transforms" [_thread_blocked, id=6688, stack(0x00000013cb700000,0x00000013cb800000)]
  0x00000195f5da7000 JavaThread "jar transforms Thread 2" [_thread_blocked, id=10280, stack(0x00000013cb800000,0x00000013cb900000)]
  0x00000195f5da7800 JavaThread "jar transforms Thread 3" [_thread_blocked, id=9228, stack(0x00000013cb900000,0x00000013cba00000)]
  0x00000195f5da3800 JavaThread "jar transforms Thread 4" [_thread_blocked, id=10016, stack(0x00000013cba00000,0x00000013cbb00000)]
  0x00000195f5da4800 JavaThread "Cache worker for dependencies-accessors (D:\SourceAndroid\KyThuat\.gradle\7.5\dependencies-accessors)" [_thread_blocked, id=6580, stack(0x00000013cbb00000,0x00000013cbc00000)]
  0x00000195f5da2000 JavaThread "Cache worker for Build Output Cleanup Cache (D:\SourceAndroid\KyThuat\.gradle\buildOutputCleanup)" [_thread_blocked, id=10972, stack(0x00000013cbc00000,0x00000013cbd00000)]
  0x00000195f5dab000 JavaThread "Unconstrained build operations" [_thread_blocked, id=8676, stack(0x00000013cbe00000,0x00000013cbf00000)]
  0x00000195f5da9000 JavaThread "Unconstrained build operations Thread 2" [_thread_blocked, id=3884, stack(0x00000013cbf00000,0x00000013cc000000)]
  0x00000195f5dac800 JavaThread "Unconstrained build operations Thread 3" [_thread_blocked, id=9480, stack(0x00000013cc000000,0x00000013cc100000)]
  0x00000195f5dab800 JavaThread "Unconstrained build operations Thread 4" [_thread_blocked, id=5096, stack(0x00000013cc100000,0x00000013cc200000)]
  0x00000195f5daa000 JavaThread "Unconstrained build operations Thread 5" [_thread_blocked, id=8912, stack(0x00000013cc200000,0x00000013cc300000)]
  0x00000195f5dad800 JavaThread "Unconstrained build operations Thread 6" [_thread_blocked, id=2884, stack(0x00000013cc300000,0x00000013cc400000)]
  0x00000195f5dae000 JavaThread "Unconstrained build operations Thread 7" [_thread_blocked, id=5676, stack(0x00000013cc400000,0x00000013cc500000)]
  0x00000195f5da8800 JavaThread "Unconstrained build operations Thread 8" [_thread_blocked, id=11144, stack(0x00000013cc500000,0x00000013cc600000)]
  0x00000195f5daf800 JavaThread "Unconstrained build operations Thread 9" [_thread_blocked, id=7080, stack(0x00000013cc600000,0x00000013cc700000)]
  0x00000195f5daf000 JavaThread "Unconstrained build operations Thread 10" [_thread_blocked, id=10484, stack(0x00000013cc700000,0x00000013cc800000)]
  0x00000195f3228000 JavaThread "Unconstrained build operations Thread 11" [_thread_blocked, id=2040, stack(0x00000013cc800000,0x00000013cc900000)]
  0x00000195f322a800 JavaThread "Unconstrained build operations Thread 12" [_thread_blocked, id=9540, stack(0x00000013cc900000,0x00000013cca00000)]
  0x00000195f3229800 JavaThread "Unconstrained build operations Thread 13" [_thread_blocked, id=9744, stack(0x00000013cca00000,0x00000013ccb00000)]
  0x00000195f322c000 JavaThread "Unconstrained build operations Thread 14" [_thread_blocked, id=2212, stack(0x00000013ccb00000,0x00000013ccc00000)]
  0x00000195f3226800 JavaThread "Unconstrained build operations Thread 15" [_thread_blocked, id=10028, stack(0x00000013ccc00000,0x00000013ccd00000)]
  0x00000195f3227000 JavaThread "Unconstrained build operations Thread 16" [_thread_blocked, id=8344, stack(0x00000013ccd00000,0x00000013cce00000)]
  0x00000195f322d000 JavaThread "Unconstrained build operations Thread 17" [_thread_blocked, id=10464, stack(0x00000013cce00000,0x00000013ccf00000)]
  0x00000195f322d800 JavaThread "Unconstrained build operations Thread 18" [_thread_blocked, id=9832, stack(0x00000013ccf00000,0x00000013cd000000)]
  0x00000195f322e800 JavaThread "Unconstrained build operations Thread 19" [_thread_blocked, id=2332, stack(0x00000013cd000000,0x00000013cd100000)]
  0x00000195f3229000 JavaThread "Unconstrained build operations Thread 20" [_thread_blocked, id=10748, stack(0x00000013cd100000,0x00000013cd200000)]
  0x00000195f3231000 JavaThread "Unconstrained build operations Thread 21" [_thread_blocked, id=5196, stack(0x00000013cd200000,0x00000013cd300000)]
  0x00000195f322f800 JavaThread "Unconstrained build operations Thread 22" [_thread_blocked, id=11116, stack(0x00000013cd300000,0x00000013cd400000)]
  0x00000195f322b800 JavaThread "Unconstrained build operations Thread 23" [_thread_blocked, id=2028, stack(0x00000013cd400000,0x00000013cd500000)]
  0x00000195f3230000 JavaThread "Unconstrained build operations Thread 24" [_thread_blocked, id=6228, stack(0x00000013cd500000,0x00000013cd600000)]
  0x00000195f3232000 JavaThread "Unconstrained build operations Thread 25" [_thread_blocked, id=7600, stack(0x00000013cd600000,0x00000013cd700000)]
  0x00000195f3232800 JavaThread "Unconstrained build operations Thread 26" [_thread_blocked, id=9768, stack(0x00000013cd700000,0x00000013cd800000)]
  0x00000195f3233800 JavaThread "Unconstrained build operations Thread 27" [_thread_blocked, id=6364, stack(0x00000013cd800000,0x00000013cd900000)]
  0x00000195f3234800 JavaThread "Unconstrained build operations Thread 28" [_thread_blocked, id=1352, stack(0x00000013cd900000,0x00000013cda00000)]
  0x00000195f3235000 JavaThread "Unconstrained build operations Thread 29" [_thread_blocked, id=6756, stack(0x00000013cda00000,0x00000013cdb00000)]
  0x00000195f2dda000 JavaThread "Unconstrained build operations Thread 30" [_thread_blocked, id=11104, stack(0x00000013cdb00000,0x00000013cdc00000)]
  0x00000195f2ddb800 JavaThread "Unconstrained build operations Thread 31" [_thread_blocked, id=8624, stack(0x00000013cdc00000,0x00000013cdd00000)]
  0x00000195f2dde000 JavaThread "Unconstrained build operations Thread 32" [_thread_blocked, id=4656, stack(0x00000013cdd00000,0x00000013cde00000)]
  0x00000195f2dd8800 JavaThread "Unconstrained build operations Thread 33" [_thread_blocked, id=10144, stack(0x00000013cde00000,0x00000013cdf00000)]
  0x00000195f2ddc800 JavaThread "Unconstrained build operations Thread 34" [_thread_blocked, id=8884, stack(0x00000013cdf00000,0x00000013ce000000)]
  0x00000195f2dd9000 JavaThread "Unconstrained build operations Thread 35" [_thread_blocked, id=5772, stack(0x00000013ce000000,0x00000013ce100000)]
  0x00000195f2ddf000 JavaThread "Unconstrained build operations Thread 36" [_thread_blocked, id=732, stack(0x00000013ce100000,0x00000013ce200000)]
  0x00000195f2ddf800 JavaThread "Unconstrained build operations Thread 37" [_thread_blocked, id=3864, stack(0x00000013ce200000,0x00000013ce300000)]
  0x00000195f2de0800 JavaThread "Unconstrained build operations Thread 38" [_thread_blocked, id=10672, stack(0x00000013ce300000,0x00000013ce400000)]
  0x00000195f2dda800 JavaThread "Unconstrained build operations Thread 39" [_thread_blocked, id=8448, stack(0x00000013ce400000,0x00000013ce500000)]
  0x00000195f2de1000 JavaThread "Unconstrained build operations Thread 40" [_thread_blocked, id=11032, stack(0x00000013ce500000,0x00000013ce600000)]
  0x00000195f2de2000 JavaThread "Memory manager" [_thread_blocked, id=6992, stack(0x00000013ce600000,0x00000013ce700000)]
  0x00000195f2de3000 JavaThread "build event listener" [_thread_blocked, id=8068, stack(0x00000013ce700000,0x00000013ce800000)]
  0x00000195f2ddd000 JavaThread "pool-3-thread-1" [_thread_blocked, id=2360, stack(0x00000013ce800000,0x00000013ce900000)]
  0x00000195f2de6000 JavaThread "build event listener" [_thread_blocked, id=8088, stack(0x00000013ce900000,0x00000013cea00000)]
  0x00000195f2de3800 JavaThread "included builds" [_thread_blocked, id=4844, stack(0x00000013cea00000,0x00000013ceb00000)]
  0x00000195f2de5800 JavaThread "Execution worker" [_thread_in_vm, id=9256, stack(0x00000013ceb00000,0x00000013cec00000)]
  0x00000195f2de4800 JavaThread "Execution worker Thread 2" [_thread_blocked, id=3388, stack(0x00000013cec00000,0x00000013ced00000)]
  0x00000195f2de7000 JavaThread "Execution worker Thread 3" [_thread_blocked, id=9044, stack(0x00000013ced00000,0x00000013cee00000)]
  0x00000195fd5fb800 JavaThread "Cache worker for execution history cache (D:\SourceAndroid\KyThuat\.gradle\7.5\executionHistory)" [_thread_blocked, id=8064, stack(0x00000013cee00000,0x00000013cef00000)]

Other Threads:
  0x00000195f28af000 VMThread "VM Thread" [stack: 0x00000013c9300000,0x00000013c9400000] [id=8320]
  0x00000195f2ac9800 WatcherThread [stack: 0x00000013c9d00000,0x00000013c9e00000] [id=6120]
  0x00000195d844b000 GCTaskThread "GC Thread#0" [stack: 0x00000013c8e00000,0x00000013c8f00000] [id=648]
  0x00000195f2e4f800 GCTaskThread "GC Thread#1" [stack: 0x00000013c9f00000,0x00000013ca000000] [id=3124]
  0x00000195f3528000 GCTaskThread "GC Thread#2" [stack: 0x00000013ca000000,0x00000013ca100000] [id=6928]
  0x00000195f33e5000 GCTaskThread "GC Thread#3" [stack: 0x00000013ca100000,0x00000013ca200000] [id=8028]
  0x00000195d847b000 ConcurrentGCThread "G1 Main Marker" [stack: 0x00000013c8f00000,0x00000013c9000000] [id=8628]
  0x00000195d847c000 ConcurrentGCThread "G1 Conc#0" [stack: 0x00000013c9000000,0x00000013c9100000] [id=1052]
  0x00000195f1ef6800 ConcurrentGCThread "G1 Refine#0" [stack: 0x00000013c9100000,0x00000013c9200000] [id=2832]
  0x00000195f1ef7800 ConcurrentGCThread "G1 Young RemSet Sampling" [stack: 0x00000013c9200000,0x00000013c9300000] [id=5780]

Threads with active compile tasks:

VM state:not at safepoint (normal execution)

VM Mutex/Monitor currently owned by a thread: None

Heap address: 0x0000000080000000, size: 2048 MB, Compressed Oops mode: 32-bit
Narrow klass base: 0x0000000000000000, Narrow klass shift: 3
Compressed class space size: 1073741824 Address: 0x0000000100000000

Heap:
 garbage-first heap   total 312320K, used 136882K [0x0000000080000000, 0x0000000100000000)
  region size 1024K, 81 young (82944K), 16 survivors (16384K)
 Metaspace       used 89685K, capacity 92007K, committed 92284K, reserved 1128448K
  class space    used 11569K, capacity 12375K, committed 12492K, reserved 1048576K
Heap Regions: E=young(eden), S=young(survivor), O=old, HS=humongous(starts), HC=humongous(continues), CS=collection set, F=free, A=archive, TAMS=top-at-mark-start (previous, next)
|   0|0x0000000080000000, 0x0000000080100000, 0x0000000080100000|100%|HS|  |TAMS 0x0000000080100000, 0x0000000080000000| Complete 
|   1|0x0000000080100000, 0x0000000080200000, 0x0000000080200000|100%|HC|  |TAMS 0x0000000080200000, 0x0000000080100000| Complete 
|   2|0x0000000080200000, 0x0000000080300000, 0x0000000080300000|100%|HC|  |TAMS 0x0000000080300000, 0x0000000080200000| Complete 
|   3|0x0000000080300000, 0x0000000080400000, 0x0000000080400000|100%| O|  |TAMS 0x0000000080400000, 0x0000000080300000| Untracked 
|   4|0x0000000080400000, 0x0000000080500000, 0x0000000080500000|100%| O|  |TAMS 0x0000000080500000, 0x0000000080400000| Untracked 
|   5|0x0000000080500000, 0x0000000080600000, 0x0000000080600000|100%| O|  |TAMS 0x0000000080600000, 0x0000000080500000| Untracked 
|   6|0x0000000080600000, 0x0000000080700000, 0x0000000080700000|100%| O|  |TAMS 0x0000000080700000, 0x0000000080600000| Untracked 
|   7|0x0000000080700000, 0x0000000080800000, 0x0000000080800000|100%| O|  |TAMS 0x0000000080800000, 0x0000000080700000| Untracked 
|   8|0x0000000080800000, 0x0000000080900000, 0x0000000080900000|100%| O|  |TAMS 0x0000000080900000, 0x0000000080800000| Untracked 
|   9|0x0000000080900000, 0x0000000080a00000, 0x0000000080a00000|100%| O|  |TAMS 0x0000000080a00000, 0x0000000080900000| Untracked 
|  10|0x0000000080a00000, 0x0000000080b00000, 0x0000000080b00000|100%| O|  |TAMS 0x0000000080b00000, 0x0000000080a00000| Untracked 
|  11|0x0000000080b00000, 0x0000000080c00000, 0x0000000080c00000|100%| O|  |TAMS 0x0000000080c00000, 0x0000000080b00000| Untracked 
|  12|0x0000000080c00000, 0x0000000080d00000, 0x0000000080d00000|100%| O|  |TAMS 0x0000000080d00000, 0x0000000080c00000| Untracked 
|  13|0x0000000080d00000, 0x0000000080e00000, 0x0000000080e00000|100%| O|  |TAMS 0x0000000080e00000, 0x0000000080d00000| Untracked 
|  14|0x0000000080e00000, 0x0000000080f00000, 0x0000000080f00000|100%| O|  |TAMS 0x0000000080f00000, 0x0000000080e00000| Untracked 
|  15|0x0000000080f00000, 0x0000000081000000, 0x0000000081000000|100%|HS|  |TAMS 0x0000000081000000, 0x0000000080f00000| Complete 
|  16|0x0000000081000000, 0x0000000081100000, 0x0000000081100000|100%|HS|  |TAMS 0x0000000081100000, 0x0000000081000000| Complete 
|  17|0x0000000081100000, 0x0000000081200000, 0x0000000081200000|100%| O|  |TAMS 0x0000000081200000, 0x0000000081100000| Untracked 
|  18|0x0000000081200000, 0x0000000081300000, 0x0000000081300000|100%| O|  |TAMS 0x0000000081300000, 0x0000000081200000| Untracked 
|  19|0x0000000081300000, 0x0000000081400000, 0x0000000081400000|100%| O|  |TAMS 0x0000000081400000, 0x0000000081300000| Untracked 
|  20|0x0000000081400000, 0x0000000081500000, 0x0000000081500000|100%| O|  |TAMS 0x0000000081500000, 0x0000000081400000| Untracked 
|  21|0x0000000081500000, 0x0000000081600000, 0x0000000081600000|100%|HS|  |TAMS 0x0000000081600000, 0x0000000081500000| Complete 
|  22|0x0000000081600000, 0x0000000081700000, 0x0000000081700000|100%|HC|  |TAMS 0x0000000081700000, 0x0000000081600000| Complete 
|  23|0x0000000081700000, 0x0000000081800000, 0x0000000081800000|100%| O|  |TAMS 0x0000000081800000, 0x0000000081700000| Untracked 
|  24|0x0000000081800000, 0x0000000081900000, 0x0000000081900000|100%| O|  |TAMS 0x0000000081900000, 0x0000000081800000| Untracked 
|  25|0x0000000081900000, 0x0000000081a00000, 0x0000000081a00000|100%| O|  |TAMS 0x0000000081a00000, 0x0000000081900000| Untracked 
|  26|0x0000000081a00000, 0x0000000081b00000, 0x0000000081b00000|100%| O|  |TAMS 0x0000000081b00000, 0x0000000081a00000| Untracked 
|  27|0x0000000081b00000, 0x0000000081c00000, 0x0000000081c00000|100%| O|  |TAMS 0x0000000081c00000, 0x0000000081b00000| Untracked 
|  28|0x0000000081c00000, 0x0000000081d00000, 0x0000000081d00000|100%| O|  |TAMS 0x0000000081d00000, 0x0000000081c00000| Untracked 
|  29|0x0000000081d00000, 0x0000000081e00000, 0x0000000081e00000|100%| O|  |TAMS 0x0000000081e00000, 0x0000000081d00000| Untracked 
|  30|0x0000000081e00000, 0x0000000081f00000, 0x0000000081f00000|100%| O|  |TAMS 0x0000000081f00000, 0x0000000081e00000| Untracked 
|  31|0x0000000081f00000, 0x0000000082000000, 0x0000000082000000|100%| O|  |TAMS 0x0000000082000000, 0x0000000081f00000| Untracked 
|  32|0x0000000082000000, 0x0000000082100000, 0x0000000082100000|100%| O|  |TAMS 0x0000000082100000, 0x0000000082000000| Untracked 
|  33|0x0000000082100000, 0x0000000082200000, 0x0000000082200000|100%| O|  |TAMS 0x0000000082200000, 0x0000000082100000| Untracked 
|  34|0x0000000082200000, 0x0000000082300000, 0x0000000082300000|100%| O|  |TAMS 0x0000000082300000, 0x0000000082200000| Untracked 
|  35|0x0000000082300000, 0x0000000082400000, 0x0000000082400000|100%| O|  |TAMS 0x0000000082400000, 0x0000000082300000| Untracked 
|  36|0x0000000082400000, 0x0000000082500000, 0x0000000082500000|100%| O|  |TAMS 0x0000000082500000, 0x0000000082400000| Untracked 
|  37|0x0000000082500000, 0x0000000082600000, 0x0000000082600000|100%| O|  |TAMS 0x0000000082600000, 0x0000000082500000| Untracked 
|  38|0x0000000082600000, 0x0000000082700000, 0x0000000082700000|100%| O|  |TAMS 0x0000000082700000, 0x0000000082600000| Untracked 
|  39|0x0000000082700000, 0x0000000082800000, 0x0000000082800000|100%| O|  |TAMS 0x0000000082800000, 0x0000000082700000| Untracked 
|  40|0x0000000082800000, 0x0000000082900000, 0x0000000082900000|100%| O|  |TAMS 0x0000000082900000, 0x0000000082800000| Untracked 
|  41|0x0000000082900000, 0x0000000082a00000, 0x0000000082a00000|100%| O|  |TAMS 0x0000000082a00000, 0x0000000082900000| Untracked 
|  42|0x0000000082a00000, 0x0000000082b00000, 0x0000000082b00000|100%| O|  |TAMS 0x0000000082b00000, 0x0000000082a00000| Untracked 
|  43|0x0000000082b00000, 0x0000000082c00000, 0x0000000082c00000|100%| O|  |TAMS 0x0000000082c00000, 0x0000000082b00000| Untracked 
|  44|0x0000000082c00000, 0x0000000082d00000, 0x0000000082d00000|100%| O|  |TAMS 0x0000000082d00000, 0x0000000082c00000| Untracked 
|  45|0x0000000082d00000, 0x0000000082e00000, 0x0000000082e00000|100%| O|  |TAMS 0x0000000082e00000, 0x0000000082d00000| Untracked 
|  46|0x0000000082e00000, 0x0000000082f00000, 0x0000000082f00000|100%| O|  |TAMS 0x0000000082f00000, 0x0000000082e00000| Untracked 
|  47|0x0000000082f00000, 0x0000000083000000, 0x0000000083000000|100%| O|  |TAMS 0x0000000083000000, 0x0000000082f00000| Untracked 
|  48|0x0000000083000000, 0x0000000083100000, 0x0000000083100000|100%| O|  |TAMS 0x0000000083100000, 0x0000000083000000| Untracked 
|  49|0x0000000083100000, 0x0000000083200000, 0x0000000083200000|100%| O|  |TAMS 0x0000000083200000, 0x0000000083100000| Untracked 
|  50|0x0000000083200000, 0x0000000083300000, 0x0000000083300000|100%| O|  |TAMS 0x0000000083300000, 0x0000000083200000| Untracked 
|  51|0x0000000083300000, 0x0000000083400000, 0x0000000083400000|100%| O|  |TAMS 0x0000000083400000, 0x0000000083300000| Untracked 
|  52|0x0000000083400000, 0x0000000083500000, 0x0000000083500000|100%| O|  |TAMS 0x0000000083500000, 0x0000000083400000| Untracked 
|  53|0x0000000083500000, 0x00000000835ac800, 0x0000000083600000| 67%| O|  |TAMS 0x00000000835ac800, 0x0000000083500000| Untracked 
|  54|0x0000000083600000, 0x0000000083600000, 0x0000000083700000|  0%| F|  |TAMS 0x0000000083600000, 0x0000000083600000| Untracked 
|  55|0x0000000083700000, 0x0000000083700000, 0x0000000083800000|  0%| F|  |TAMS 0x0000000083700000, 0x0000000083700000| Untracked 
|  56|0x0000000083800000, 0x0000000083800000, 0x0000000083900000|  0%| F|  |TAMS 0x0000000083800000, 0x0000000083800000| Untracked 
|  57|0x0000000083900000, 0x0000000083900000, 0x0000000083a00000|  0%| F|  |TAMS 0x0000000083900000, 0x0000000083900000| Untracked 
|  58|0x0000000083a00000, 0x0000000083a00000, 0x0000000083b00000|  0%| F|  |TAMS 0x0000000083a00000, 0x0000000083a00000| Untracked 
|  59|0x0000000083b00000, 0x0000000083b00000, 0x0000000083c00000|  0%| F|  |TAMS 0x0000000083b00000, 0x0000000083b00000| Untracked 
|  60|0x0000000083c00000, 0x0000000083c00000, 0x0000000083d00000|  0%| F|  |TAMS 0x0000000083c00000, 0x0000000083c00000| Untracked 
|  61|0x0000000083d00000, 0x0000000083d00000, 0x0000000083e00000|  0%| F|  |TAMS 0x0000000083d00000, 0x0000000083d00000| Untracked 
|  62|0x0000000083e00000, 0x0000000083e00000, 0x0000000083f00000|  0%| F|  |TAMS 0x0000000083e00000, 0x0000000083e00000| Untracked 
|  63|0x0000000083f00000, 0x0000000083f00000, 0x0000000084000000|  0%| F|  |TAMS 0x0000000083f00000, 0x0000000083f00000| Untracked 
|  64|0x0000000084000000, 0x0000000084000000, 0x0000000084100000|  0%| F|  |TAMS 0x0000000084000000, 0x0000000084000000| Untracked 
|  65|0x0000000084100000, 0x0000000084100000, 0x0000000084200000|  0%| F|  |TAMS 0x0000000084100000, 0x0000000084100000| Untracked 
|  66|0x0000000084200000, 0x0000000084200000, 0x0000000084300000|  0%| F|  |TAMS 0x0000000084200000, 0x0000000084200000| Untracked 
|  67|0x0000000084300000, 0x0000000084300000, 0x0000000084400000|  0%| F|  |TAMS 0x0000000084300000, 0x0000000084300000| Untracked 
|  68|0x0000000084400000, 0x0000000084400000, 0x0000000084500000|  0%| F|  |TAMS 0x0000000084400000, 0x0000000084400000| Untracked 
|  69|0x0000000084500000, 0x0000000084500000, 0x0000000084600000|  0%| F|  |TAMS 0x0000000084500000, 0x0000000084500000| Untracked 
|  70|0x0000000084600000, 0x0000000084600000, 0x0000000084700000|  0%| F|  |TAMS 0x0000000084600000, 0x0000000084600000| Untracked 
|  71|0x0000000084700000, 0x0000000084700000, 0x0000000084800000|  0%| F|  |TAMS 0x0000000084700000, 0x0000000084700000| Untracked 
|  72|0x0000000084800000, 0x0000000084800000, 0x0000000084900000|  0%| F|  |TAMS 0x0000000084800000, 0x0000000084800000| Untracked 
|  73|0x0000000084900000, 0x0000000084900000, 0x0000000084a00000|  0%| F|  |TAMS 0x0000000084900000, 0x0000000084900000| Untracked 
|  74|0x0000000084a00000, 0x0000000084a00000, 0x0000000084b00000|  0%| F|  |TAMS 0x0000000084a00000, 0x0000000084a00000| Untracked 
|  75|0x0000000084b00000, 0x0000000084b00000, 0x0000000084c00000|  0%| F|  |TAMS 0x0000000084b00000, 0x0000000084b00000| Untracked 
|  76|0x0000000084c00000, 0x0000000084c00000, 0x0000000084d00000|  0%| F|  |TAMS 0x0000000084c00000, 0x0000000084c00000| Untracked 
|  77|0x0000000084d00000, 0x0000000084d00000, 0x0000000084e00000|  0%| F|  |TAMS 0x0000000084d00000, 0x0000000084d00000| Untracked 
|  78|0x0000000084e00000, 0x0000000084e00000, 0x0000000084f00000|  0%| F|  |TAMS 0x0000000084e00000, 0x0000000084e00000| Untracked 
|  79|0x0000000084f00000, 0x0000000084f00000, 0x0000000085000000|  0%| F|  |TAMS 0x0000000084f00000, 0x0000000084f00000| Untracked 
|  80|0x0000000085000000, 0x0000000085000000, 0x0000000085100000|  0%| F|  |TAMS 0x0000000085000000, 0x0000000085000000| Untracked 
|  81|0x0000000085100000, 0x0000000085100000, 0x0000000085200000|  0%| F|  |TAMS 0x0000000085100000, 0x0000000085100000| Untracked 
|  82|0x0000000085200000, 0x0000000085200000, 0x0000000085300000|  0%| F|  |TAMS 0x0000000085200000, 0x0000000085200000| Untracked 
|  83|0x0000000085300000, 0x0000000085300000, 0x0000000085400000|  0%| F|  |TAMS 0x0000000085300000, 0x0000000085300000| Untracked 
|  84|0x0000000085400000, 0x0000000085400000, 0x0000000085500000|  0%| F|  |TAMS 0x0000000085400000, 0x0000000085400000| Untracked 
|  85|0x0000000085500000, 0x0000000085500000, 0x0000000085600000|  0%| F|  |TAMS 0x0000000085500000, 0x0000000085500000| Untracked 
|  86|0x0000000085600000, 0x0000000085600000, 0x0000000085700000|  0%| F|  |TAMS 0x0000000085600000, 0x0000000085600000| Untracked 
|  87|0x0000000085700000, 0x0000000085700000, 0x0000000085800000|  0%| F|  |TAMS 0x0000000085700000, 0x0000000085700000| Untracked 
|  88|0x0000000085800000, 0x0000000085800000, 0x0000000085900000|  0%| F|  |TAMS 0x0000000085800000, 0x0000000085800000| Untracked 
|  89|0x0000000085900000, 0x0000000085900000, 0x0000000085a00000|  0%| F|  |TAMS 0x0000000085900000, 0x0000000085900000| Untracked 
|  90|0x0000000085a00000, 0x0000000085a00000, 0x0000000085b00000|  0%| F|  |TAMS 0x0000000085a00000, 0x0000000085a00000| Untracked 
|  91|0x0000000085b00000, 0x0000000085b00000, 0x0000000085c00000|  0%| F|  |TAMS 0x0000000085b00000, 0x0000000085b00000| Untracked 
|  92|0x0000000085c00000, 0x0000000085c00000, 0x0000000085d00000|  0%| F|  |TAMS 0x0000000085c00000, 0x0000000085c00000| Untracked 
|  93|0x0000000085d00000, 0x0000000085d00000, 0x0000000085e00000|  0%| F|  |TAMS 0x0000000085d00000, 0x0000000085d00000| Untracked 
|  94|0x0000000085e00000, 0x0000000085e00000, 0x0000000085f00000|  0%| F|  |TAMS 0x0000000085e00000, 0x0000000085e00000| Untracked 
|  95|0x0000000085f00000, 0x0000000085f00000, 0x0000000086000000|  0%| F|  |TAMS 0x0000000085f00000, 0x0000000085f00000| Untracked 
|  96|0x0000000086000000, 0x0000000086000000, 0x0000000086100000|  0%| F|  |TAMS 0x0000000086000000, 0x0000000086000000| Untracked 
|  97|0x0000000086100000, 0x0000000086100000, 0x0000000086200000|  0%| F|  |TAMS 0x0000000086100000, 0x0000000086100000| Untracked 
|  98|0x0000000086200000, 0x0000000086200000, 0x0000000086300000|  0%| F|  |TAMS 0x0000000086200000, 0x0000000086200000| Untracked 
|  99|0x0000000086300000, 0x0000000086300000, 0x0000000086400000|  0%| F|  |TAMS 0x0000000086300000, 0x0000000086300000| Untracked 
| 100|0x0000000086400000, 0x0000000086400000, 0x0000000086500000|  0%| F|  |TAMS 0x0000000086400000, 0x0000000086400000| Untracked 
| 101|0x0000000086500000, 0x0000000086500000, 0x0000000086600000|  0%| F|  |TAMS 0x0000000086500000, 0x0000000086500000| Untracked 
| 102|0x0000000086600000, 0x0000000086600000, 0x0000000086700000|  0%| F|  |TAMS 0x0000000086600000, 0x0000000086600000| Untracked 
| 103|0x0000000086700000, 0x0000000086700000, 0x0000000086800000|  0%| F|  |TAMS 0x0000000086700000, 0x0000000086700000| Untracked 
| 104|0x0000000086800000, 0x0000000086800000, 0x0000000086900000|  0%| F|  |TAMS 0x0000000086800000, 0x0000000086800000| Untracked 
| 105|0x0000000086900000, 0x0000000086900000, 0x0000000086a00000|  0%| F|  |TAMS 0x0000000086900000, 0x0000000086900000| Untracked 
| 106|0x0000000086a00000, 0x0000000086a00000, 0x0000000086b00000|  0%| F|  |TAMS 0x0000000086a00000, 0x0000000086a00000| Untracked 
| 107|0x0000000086b00000, 0x0000000086b00000, 0x0000000086c00000|  0%| F|  |TAMS 0x0000000086b00000, 0x0000000086b00000| Untracked 
| 108|0x0000000086c00000, 0x0000000086c00000, 0x0000000086d00000|  0%| F|  |TAMS 0x0000000086c00000, 0x0000000086c00000| Untracked 
| 109|0x0000000086d00000, 0x0000000086d00000, 0x0000000086e00000|  0%| F|  |TAMS 0x0000000086d00000, 0x0000000086d00000| Untracked 
| 110|0x0000000086e00000, 0x0000000086e00000, 0x0000000086f00000|  0%| F|  |TAMS 0x0000000086e00000, 0x0000000086e00000| Untracked 
| 111|0x0000000086f00000, 0x0000000086f00000, 0x0000000087000000|  0%| F|  |TAMS 0x0000000086f00000, 0x0000000086f00000| Untracked 
| 112|0x0000000087000000, 0x0000000087000000, 0x0000000087100000|  0%| F|  |TAMS 0x0000000087000000, 0x0000000087000000| Untracked 
| 113|0x0000000087100000, 0x0000000087100000, 0x0000000087200000|  0%| F|  |TAMS 0x0000000087100000, 0x0000000087100000| Untracked 
| 114|0x0000000087200000, 0x0000000087200000, 0x0000000087300000|  0%| F|  |TAMS 0x0000000087200000, 0x0000000087200000| Untracked 
| 115|0x0000000087300000, 0x0000000087300000, 0x0000000087400000|  0%| F|  |TAMS 0x0000000087300000, 0x0000000087300000| Untracked 
| 116|0x0000000087400000, 0x0000000087400000, 0x0000000087500000|  0%| F|  |TAMS 0x0000000087400000, 0x0000000087400000| Untracked 
| 117|0x0000000087500000, 0x0000000087500000, 0x0000000087600000|  0%| F|  |TAMS 0x0000000087500000, 0x0000000087500000| Untracked 
| 118|0x0000000087600000, 0x0000000087600000, 0x0000000087700000|  0%| F|  |TAMS 0x0000000087600000, 0x0000000087600000| Untracked 
| 119|0x0000000087700000, 0x0000000087700000, 0x0000000087800000|  0%| F|  |TAMS 0x0000000087700000, 0x0000000087700000| Untracked 
| 120|0x0000000087800000, 0x0000000087800000, 0x0000000087900000|  0%| F|  |TAMS 0x0000000087800000, 0x0000000087800000| Untracked 
| 121|0x0000000087900000, 0x0000000087900000, 0x0000000087a00000|  0%| F|  |TAMS 0x0000000087900000, 0x0000000087900000| Untracked 
| 122|0x0000000087a00000, 0x0000000087a00000, 0x0000000087b00000|  0%| F|  |TAMS 0x0000000087a00000, 0x0000000087a00000| Untracked 
| 123|0x0000000087b00000, 0x0000000087b00000, 0x0000000087c00000|  0%| F|  |TAMS 0x0000000087b00000, 0x0000000087b00000| Untracked 
| 124|0x0000000087c00000, 0x0000000087c00000, 0x0000000087d00000|  0%| F|  |TAMS 0x0000000087c00000, 0x0000000087c00000| Untracked 
| 125|0x0000000087d00000, 0x0000000087d00000, 0x0000000087e00000|  0%| F|  |TAMS 0x0000000087d00000, 0x0000000087d00000| Untracked 
| 126|0x0000000087e00000, 0x0000000087e00000, 0x0000000087f00000|  0%| F|  |TAMS 0x0000000087e00000, 0x0000000087e00000| Untracked 
| 127|0x0000000087f00000, 0x0000000087f00000, 0x0000000088000000|  0%| F|  |TAMS 0x0000000087f00000, 0x0000000087f00000| Untracked 
| 128|0x0000000088000000, 0x0000000088000000, 0x0000000088100000|  0%| F|  |TAMS 0x0000000088000000, 0x0000000088000000| Untracked 
| 129|0x0000000088100000, 0x0000000088100000, 0x0000000088200000|  0%| F|  |TAMS 0x0000000088100000, 0x0000000088100000| Untracked 
| 130|0x0000000088200000, 0x0000000088200000, 0x0000000088300000|  0%| F|  |TAMS 0x0000000088200000, 0x0000000088200000| Untracked 
| 131|0x0000000088300000, 0x0000000088300000, 0x0000000088400000|  0%| F|  |TAMS 0x0000000088300000, 0x0000000088300000| Untracked 
| 132|0x0000000088400000, 0x0000000088400000, 0x0000000088500000|  0%| F|  |TAMS 0x0000000088400000, 0x0000000088400000| Untracked 
| 133|0x0000000088500000, 0x0000000088500000, 0x0000000088600000|  0%| F|  |TAMS 0x0000000088500000, 0x0000000088500000| Untracked 
| 134|0x0000000088600000, 0x0000000088700000, 0x0000000088700000|100%| S|CS|TAMS 0x0000000088600000, 0x0000000088600000| Complete 
| 135|0x0000000088700000, 0x0000000088800000, 0x0000000088800000|100%| S|CS|TAMS 0x0000000088700000, 0x0000000088700000| Complete 
| 136|0x0000000088800000, 0x0000000088900000, 0x0000000088900000|100%| S|CS|TAMS 0x0000000088800000, 0x0000000088800000| Complete 
| 137|0x0000000088900000, 0x0000000088a00000, 0x0000000088a00000|100%| S|CS|TAMS 0x0000000088900000, 0x0000000088900000| Complete 
| 138|0x0000000088a00000, 0x0000000088b00000, 0x0000000088b00000|100%| S|CS|TAMS 0x0000000088a00000, 0x0000000088a00000| Complete 
| 139|0x0000000088b00000, 0x0000000088c00000, 0x0000000088c00000|100%| S|CS|TAMS 0x0000000088b00000, 0x0000000088b00000| Complete 
| 140|0x0000000088c00000, 0x0000000088d00000, 0x0000000088d00000|100%| S|CS|TAMS 0x0000000088c00000, 0x0000000088c00000| Complete 
| 141|0x0000000088d00000, 0x0000000088e00000, 0x0000000088e00000|100%| S|CS|TAMS 0x0000000088d00000, 0x0000000088d00000| Complete 
| 142|0x0000000088e00000, 0x0000000088f00000, 0x0000000088f00000|100%| S|CS|TAMS 0x0000000088e00000, 0x0000000088e00000| Complete 
| 143|0x0000000088f00000, 0x0000000089000000, 0x0000000089000000|100%| S|CS|TAMS 0x0000000088f00000, 0x0000000088f00000| Complete 
| 144|0x0000000089000000, 0x0000000089100000, 0x0000000089100000|100%| S|CS|TAMS 0x0000000089000000, 0x0000000089000000| Complete 
| 145|0x0000000089100000, 0x0000000089200000, 0x0000000089200000|100%| S|CS|TAMS 0x0000000089100000, 0x0000000089100000| Complete 
| 146|0x0000000089200000, 0x0000000089300000, 0x0000000089300000|100%| S|CS|TAMS 0x0000000089200000, 0x0000000089200000| Complete 
| 147|0x0000000089300000, 0x0000000089400000, 0x0000000089400000|100%| S|CS|TAMS 0x0000000089300000, 0x0000000089300000| Complete 
| 148|0x0000000089400000, 0x0000000089500000, 0x0000000089500000|100%| S|CS|TAMS 0x0000000089400000, 0x0000000089400000| Complete 
| 149|0x0000000089500000, 0x0000000089600000, 0x0000000089600000|100%| S|CS|TAMS 0x0000000089500000, 0x0000000089500000| Complete 
| 150|0x0000000089600000, 0x0000000089600000, 0x0000000089700000|  0%| F|  |TAMS 0x0000000089600000, 0x0000000089600000| Untracked 
| 151|0x0000000089700000, 0x0000000089700000, 0x0000000089800000|  0%| F|  |TAMS 0x0000000089700000, 0x0000000089700000| Untracked 
| 152|0x0000000089800000, 0x0000000089800000, 0x0000000089900000|  0%| F|  |TAMS 0x0000000089800000, 0x0000000089800000| Untracked 
| 153|0x0000000089900000, 0x0000000089900000, 0x0000000089a00000|  0%| F|  |TAMS 0x0000000089900000, 0x0000000089900000| Untracked 
| 154|0x0000000089a00000, 0x0000000089a00000, 0x0000000089b00000|  0%| F|  |TAMS 0x0000000089a00000, 0x0000000089a00000| Untracked 
| 155|0x0000000089b00000, 0x0000000089b00000, 0x0000000089c00000|  0%| F|  |TAMS 0x0000000089b00000, 0x0000000089b00000| Untracked 
| 156|0x0000000089c00000, 0x0000000089c00000, 0x0000000089d00000|  0%| F|  |TAMS 0x0000000089c00000, 0x0000000089c00000| Untracked 
| 157|0x0000000089d00000, 0x0000000089d00000, 0x0000000089e00000|  0%| F|  |TAMS 0x0000000089d00000, 0x0000000089d00000| Untracked 
| 158|0x0000000089e00000, 0x0000000089e00000, 0x0000000089f00000|  0%| F|  |TAMS 0x0000000089e00000, 0x0000000089e00000| Untracked 
| 159|0x0000000089f00000, 0x0000000089f00000, 0x000000008a000000|  0%| F|  |TAMS 0x0000000089f00000, 0x0000000089f00000| Untracked 
| 160|0x000000008a000000, 0x000000008a000000, 0x000000008a100000|  0%| F|  |TAMS 0x000000008a000000, 0x000000008a000000| Untracked 
| 161|0x000000008a100000, 0x000000008a100000, 0x000000008a200000|  0%| F|  |TAMS 0x000000008a100000, 0x000000008a100000| Untracked 
| 162|0x000000008a200000, 0x000000008a200000, 0x000000008a300000|  0%| F|  |TAMS 0x000000008a200000, 0x000000008a200000| Untracked 
| 163|0x000000008a300000, 0x000000008a300000, 0x000000008a400000|  0%| F|  |TAMS 0x000000008a300000, 0x000000008a300000| Untracked 
| 164|0x000000008a400000, 0x000000008a400000, 0x000000008a500000|  0%| F|  |TAMS 0x000000008a400000, 0x000000008a400000| Untracked 
| 165|0x000000008a500000, 0x000000008a500000, 0x000000008a600000|  0%| F|  |TAMS 0x000000008a500000, 0x000000008a500000| Untracked 
| 166|0x000000008a600000, 0x000000008a600000, 0x000000008a700000|  0%| F|  |TAMS 0x000000008a600000, 0x000000008a600000| Untracked 
| 167|0x000000008a700000, 0x000000008a700000, 0x000000008a800000|  0%| F|  |TAMS 0x000000008a700000, 0x000000008a700000| Untracked 
| 168|0x000000008a800000, 0x000000008a800000, 0x000000008a900000|  0%| F|  |TAMS 0x000000008a800000, 0x000000008a800000| Untracked 
| 169|0x000000008a900000, 0x000000008a900000, 0x000000008aa00000|  0%| F|  |TAMS 0x000000008a900000, 0x000000008a900000| Untracked 
| 170|0x000000008aa00000, 0x000000008aa00000, 0x000000008ab00000|  0%| F|  |TAMS 0x000000008aa00000, 0x000000008aa00000| Untracked 
| 171|0x000000008ab00000, 0x000000008ab00000, 0x000000008ac00000|  0%| F|  |TAMS 0x000000008ab00000, 0x000000008ab00000| Untracked 
| 172|0x000000008ac00000, 0x000000008ac00000, 0x000000008ad00000|  0%| F|  |TAMS 0x000000008ac00000, 0x000000008ac00000| Untracked 
| 173|0x000000008ad00000, 0x000000008ad00000, 0x000000008ae00000|  0%| F|  |TAMS 0x000000008ad00000, 0x000000008ad00000| Untracked 
| 174|0x000000008ae00000, 0x000000008ae00000, 0x000000008af00000|  0%| F|  |TAMS 0x000000008ae00000, 0x000000008ae00000| Untracked 
| 175|0x000000008af00000, 0x000000008af00000, 0x000000008b000000|  0%| F|  |TAMS 0x000000008af00000, 0x000000008af00000| Untracked 
| 176|0x000000008b000000, 0x000000008b000000, 0x000000008b100000|  0%| F|  |TAMS 0x000000008b000000, 0x000000008b000000| Untracked 
| 177|0x000000008b100000, 0x000000008b100000, 0x000000008b200000|  0%| F|  |TAMS 0x000000008b100000, 0x000000008b100000| Untracked 
| 178|0x000000008b200000, 0x000000008b200000, 0x000000008b300000|  0%| F|  |TAMS 0x000000008b200000, 0x000000008b200000| Untracked 
| 179|0x000000008b300000, 0x000000008b300000, 0x000000008b400000|  0%| F|  |TAMS 0x000000008b300000, 0x000000008b300000| Untracked 
| 180|0x000000008b400000, 0x000000008b400000, 0x000000008b500000|  0%| F|  |TAMS 0x000000008b400000, 0x000000008b400000| Untracked 
| 181|0x000000008b500000, 0x000000008b500000, 0x000000008b600000|  0%| F|  |TAMS 0x000000008b500000, 0x000000008b500000| Untracked 
| 182|0x000000008b600000, 0x000000008b600000, 0x000000008b700000|  0%| F|  |TAMS 0x000000008b600000, 0x000000008b600000| Untracked 
| 183|0x000000008b700000, 0x000000008b700000, 0x000000008b800000|  0%| F|  |TAMS 0x000000008b700000, 0x000000008b700000| Untracked 
| 184|0x000000008b800000, 0x000000008b800000, 0x000000008b900000|  0%| F|  |TAMS 0x000000008b800000, 0x000000008b800000| Untracked 
| 185|0x000000008b900000, 0x000000008b900000, 0x000000008ba00000|  0%| F|  |TAMS 0x000000008b900000, 0x000000008b900000| Untracked 
| 186|0x000000008ba00000, 0x000000008ba00000, 0x000000008bb00000|  0%| F|  |TAMS 0x000000008ba00000, 0x000000008ba00000| Untracked 
| 187|0x000000008bb00000, 0x000000008bb00000, 0x000000008bc00000|  0%| F|  |TAMS 0x000000008bb00000, 0x000000008bb00000| Untracked 
| 188|0x000000008bc00000, 0x000000008bc00000, 0x000000008bd00000|  0%| F|  |TAMS 0x000000008bc00000, 0x000000008bc00000| Untracked 
| 189|0x000000008bd00000, 0x000000008bd00000, 0x000000008be00000|  0%| F|  |TAMS 0x000000008bd00000, 0x000000008bd00000| Untracked 
| 190|0x000000008be00000, 0x000000008be00000, 0x000000008bf00000|  0%| F|  |TAMS 0x000000008be00000, 0x000000008be00000| Untracked 
| 191|0x000000008bf00000, 0x000000008bf00000, 0x000000008c000000|  0%| F|  |TAMS 0x000000008bf00000, 0x000000008bf00000| Untracked 
| 192|0x000000008c000000, 0x000000008c000000, 0x000000008c100000|  0%| F|  |TAMS 0x000000008c000000, 0x000000008c000000| Untracked 
| 193|0x000000008c100000, 0x000000008c100000, 0x000000008c200000|  0%| F|  |TAMS 0x000000008c100000, 0x000000008c100000| Untracked 
| 194|0x000000008c200000, 0x000000008c200000, 0x000000008c300000|  0%| F|  |TAMS 0x000000008c200000, 0x000000008c200000| Untracked 
| 195|0x000000008c300000, 0x000000008c300000, 0x000000008c400000|  0%| F|  |TAMS 0x000000008c300000, 0x000000008c300000| Untracked 
| 196|0x000000008c400000, 0x000000008c400000, 0x000000008c500000|  0%| F|  |TAMS 0x000000008c400000, 0x000000008c400000| Untracked 
| 197|0x000000008c500000, 0x000000008c500000, 0x000000008c600000|  0%| F|  |TAMS 0x000000008c500000, 0x000000008c500000| Untracked 
| 198|0x000000008c600000, 0x000000008c600000, 0x000000008c700000|  0%| F|  |TAMS 0x000000008c600000, 0x000000008c600000| Untracked 
| 199|0x000000008c700000, 0x000000008c700000, 0x000000008c800000|  0%| F|  |TAMS 0x000000008c700000, 0x000000008c700000| Untracked 
| 200|0x000000008c800000, 0x000000008c800000, 0x000000008c900000|  0%| F|  |TAMS 0x000000008c800000, 0x000000008c800000| Untracked 
| 201|0x000000008c900000, 0x000000008c900000, 0x000000008ca00000|  0%| F|  |TAMS 0x000000008c900000, 0x000000008c900000| Untracked 
| 202|0x000000008ca00000, 0x000000008ca00000, 0x000000008cb00000|  0%| F|  |TAMS 0x000000008ca00000, 0x000000008ca00000| Untracked 
| 203|0x000000008cb00000, 0x000000008cb00000, 0x000000008cc00000|  0%| F|  |TAMS 0x000000008cb00000, 0x000000008cb00000| Untracked 
| 204|0x000000008cc00000, 0x000000008cc00000, 0x000000008cd00000|  0%| F|  |TAMS 0x000000008cc00000, 0x000000008cc00000| Untracked 
| 205|0x000000008cd00000, 0x000000008cd00000, 0x000000008ce00000|  0%| F|  |TAMS 0x000000008cd00000, 0x000000008cd00000| Untracked 
| 206|0x000000008ce00000, 0x000000008ce00000, 0x000000008cf00000|  0%| F|  |TAMS 0x000000008ce00000, 0x000000008ce00000| Untracked 
| 207|0x000000008cf00000, 0x000000008cf00000, 0x000000008d000000|  0%| F|  |TAMS 0x000000008cf00000, 0x000000008cf00000| Untracked 
| 208|0x000000008d000000, 0x000000008d000000, 0x000000008d100000|  0%| F|  |TAMS 0x000000008d000000, 0x000000008d000000| Untracked 
| 209|0x000000008d100000, 0x000000008d100000, 0x000000008d200000|  0%| F|  |TAMS 0x000000008d100000, 0x000000008d100000| Untracked 
| 210|0x000000008d200000, 0x000000008d200000, 0x000000008d300000|  0%| F|  |TAMS 0x000000008d200000, 0x000000008d200000| Untracked 
| 211|0x000000008d300000, 0x000000008d300000, 0x000000008d400000|  0%| F|  |TAMS 0x000000008d300000, 0x000000008d300000| Untracked 
| 212|0x000000008d400000, 0x000000008d400000, 0x000000008d500000|  0%| F|  |TAMS 0x000000008d400000, 0x000000008d400000| Untracked 
| 213|0x000000008d500000, 0x000000008d500000, 0x000000008d600000|  0%| F|  |TAMS 0x000000008d500000, 0x000000008d500000| Untracked 
| 214|0x000000008d600000, 0x000000008d600000, 0x000000008d700000|  0%| F|  |TAMS 0x000000008d600000, 0x000000008d600000| Untracked 
| 215|0x000000008d700000, 0x000000008d700000, 0x000000008d800000|  0%| F|  |TAMS 0x000000008d700000, 0x000000008d700000| Untracked 
| 216|0x000000008d800000, 0x000000008d800000, 0x000000008d900000|  0%| F|  |TAMS 0x000000008d800000, 0x000000008d800000| Untracked 
| 217|0x000000008d900000, 0x000000008d900000, 0x000000008da00000|  0%| F|  |TAMS 0x000000008d900000, 0x000000008d900000| Untracked 
| 218|0x000000008da00000, 0x000000008da00000, 0x000000008db00000|  0%| F|  |TAMS 0x000000008da00000, 0x000000008da00000| Untracked 
| 219|0x000000008db00000, 0x000000008db00000, 0x000000008dc00000|  0%| F|  |TAMS 0x000000008db00000, 0x000000008db00000| Untracked 
| 220|0x000000008dc00000, 0x000000008dc00000, 0x000000008dd00000|  0%| F|  |TAMS 0x000000008dc00000, 0x000000008dc00000| Untracked 
| 221|0x000000008dd00000, 0x000000008dd00000, 0x000000008de00000|  0%| F|  |TAMS 0x000000008dd00000, 0x000000008dd00000| Untracked 
| 222|0x000000008de00000, 0x000000008de00000, 0x000000008df00000|  0%| F|  |TAMS 0x000000008de00000, 0x000000008de00000| Untracked 
| 223|0x000000008df00000, 0x000000008df00000, 0x000000008e000000|  0%| F|  |TAMS 0x000000008df00000, 0x000000008df00000| Untracked 
| 224|0x000000008e000000, 0x000000008e000000, 0x000000008e100000|  0%| F|  |TAMS 0x000000008e000000, 0x000000008e000000| Untracked 
| 225|0x000000008e100000, 0x000000008e100000, 0x000000008e200000|  0%| F|  |TAMS 0x000000008e100000, 0x000000008e100000| Untracked 
| 226|0x000000008e200000, 0x000000008e200000, 0x000000008e300000|  0%| F|  |TAMS 0x000000008e200000, 0x000000008e200000| Untracked 
| 227|0x000000008e300000, 0x000000008e300000, 0x000000008e400000|  0%| F|  |TAMS 0x000000008e300000, 0x000000008e300000| Untracked 
| 228|0x000000008e400000, 0x000000008e400000, 0x000000008e500000|  0%| F|  |TAMS 0x000000008e400000, 0x000000008e400000| Untracked 
| 229|0x000000008e500000, 0x000000008e500000, 0x000000008e600000|  0%| F|  |TAMS 0x000000008e500000, 0x000000008e500000| Untracked 
| 230|0x000000008e600000, 0x000000008e600000, 0x000000008e700000|  0%| F|  |TAMS 0x000000008e600000, 0x000000008e600000| Untracked 
| 231|0x000000008e700000, 0x000000008e700000, 0x000000008e800000|  0%| F|  |TAMS 0x000000008e700000, 0x000000008e700000| Untracked 
| 232|0x000000008e800000, 0x000000008e800000, 0x000000008e900000|  0%| F|  |TAMS 0x000000008e800000, 0x000000008e800000| Untracked 
| 233|0x000000008e900000, 0x000000008e900000, 0x000000008ea00000|  0%| F|  |TAMS 0x000000008e900000, 0x000000008e900000| Untracked 
| 234|0x000000008ea00000, 0x000000008ea00000, 0x000000008eb00000|  0%| F|  |TAMS 0x000000008ea00000, 0x000000008ea00000| Untracked 
| 235|0x000000008eb00000, 0x000000008eb00000, 0x000000008ec00000|  0%| F|  |TAMS 0x000000008eb00000, 0x000000008eb00000| Untracked 
| 236|0x000000008ec00000, 0x000000008ec00000, 0x000000008ed00000|  0%| F|  |TAMS 0x000000008ec00000, 0x000000008ec00000| Untracked 
| 237|0x000000008ed00000, 0x000000008ed00000, 0x000000008ee00000|  0%| F|  |TAMS 0x000000008ed00000, 0x000000008ed00000| Untracked 
| 238|0x000000008ee00000, 0x000000008ee00000, 0x000000008ef00000|  0%| F|  |TAMS 0x000000008ee00000, 0x000000008ee00000| Untracked 
| 239|0x000000008ef00000, 0x000000008ef7dff0, 0x000000008f000000| 49%| E|  |TAMS 0x000000008ef00000, 0x000000008ef00000| Complete 
| 240|0x000000008f000000, 0x000000008f100000, 0x000000008f100000|100%| E|CS|TAMS 0x000000008f000000, 0x000000008f000000| Complete 
| 241|0x000000008f100000, 0x000000008f200000, 0x000000008f200000|100%| E|CS|TAMS 0x000000008f100000, 0x000000008f100000| Complete 
| 242|0x000000008f200000, 0x000000008f300000, 0x000000008f300000|100%| E|CS|TAMS 0x000000008f200000, 0x000000008f200000| Complete 
| 243|0x000000008f300000, 0x000000008f400000, 0x000000008f400000|100%| E|CS|TAMS 0x000000008f300000, 0x000000008f300000| Complete 
| 244|0x000000008f400000, 0x000000008f500000, 0x000000008f500000|100%| E|CS|TAMS 0x000000008f400000, 0x000000008f400000| Complete 
| 245|0x000000008f500000, 0x000000008f600000, 0x000000008f600000|100%| E|CS|TAMS 0x000000008f500000, 0x000000008f500000| Complete 
| 246|0x000000008f600000, 0x000000008f700000, 0x000000008f700000|100%| E|CS|TAMS 0x000000008f600000, 0x000000008f600000| Complete 
| 247|0x000000008f700000, 0x000000008f800000, 0x000000008f800000|100%| E|CS|TAMS 0x000000008f700000, 0x000000008f700000| Complete 
| 248|0x000000008f800000, 0x000000008f900000, 0x000000008f900000|100%| E|CS|TAMS 0x000000008f800000, 0x000000008f800000| Complete 
| 249|0x000000008f900000, 0x000000008fa00000, 0x000000008fa00000|100%| E|CS|TAMS 0x000000008f900000, 0x000000008f900000| Complete 
| 250|0x000000008fa00000, 0x000000008fb00000, 0x000000008fb00000|100%| E|CS|TAMS 0x000000008fa00000, 0x000000008fa00000| Complete 
| 251|0x000000008fb00000, 0x000000008fc00000, 0x000000008fc00000|100%| E|CS|TAMS 0x000000008fb00000, 0x000000008fb00000| Complete 
| 252|0x000000008fc00000, 0x000000008fd00000, 0x000000008fd00000|100%| E|CS|TAMS 0x000000008fc00000, 0x000000008fc00000| Complete 
| 253|0x000000008fd00000, 0x000000008fe00000, 0x000000008fe00000|100%| E|CS|TAMS 0x000000008fd00000, 0x000000008fd00000| Complete 
| 254|0x000000008fe00000, 0x000000008ff00000, 0x000000008ff00000|100%| E|CS|TAMS 0x000000008fe00000, 0x000000008fe00000| Complete 
| 255|0x000000008ff00000, 0x0000000090000000, 0x0000000090000000|100%| E|CS|TAMS 0x000000008ff00000, 0x000000008ff00000| Complete 
| 256|0x0000000090000000, 0x0000000090100000, 0x0000000090100000|100%| E|CS|TAMS 0x0000000090000000, 0x0000000090000000| Complete 
| 257|0x0000000090100000, 0x0000000090200000, 0x0000000090200000|100%| E|CS|TAMS 0x0000000090100000, 0x0000000090100000| Complete 
| 258|0x0000000090200000, 0x0000000090300000, 0x0000000090300000|100%| E|CS|TAMS 0x0000000090200000, 0x0000000090200000| Complete 
| 259|0x0000000090300000, 0x0000000090400000, 0x0000000090400000|100%| E|CS|TAMS 0x0000000090300000, 0x0000000090300000| Complete 
| 260|0x0000000090400000, 0x0000000090500000, 0x0000000090500000|100%| E|CS|TAMS 0x0000000090400000, 0x0000000090400000| Complete 
| 261|0x0000000090500000, 0x0000000090600000, 0x0000000090600000|100%| E|CS|TAMS 0x0000000090500000, 0x0000000090500000| Complete 
| 262|0x0000000090600000, 0x0000000090700000, 0x0000000090700000|100%| E|CS|TAMS 0x0000000090600000, 0x0000000090600000| Complete 
| 263|0x0000000090700000, 0x0000000090800000, 0x0000000090800000|100%| E|CS|TAMS 0x0000000090700000, 0x0000000090700000| Complete 
| 264|0x0000000090800000, 0x0000000090900000, 0x0000000090900000|100%| E|CS|TAMS 0x0000000090800000, 0x0000000090800000| Complete 
| 265|0x0000000090900000, 0x0000000090a00000, 0x0000000090a00000|100%| E|CS|TAMS 0x0000000090900000, 0x0000000090900000| Complete 
| 266|0x0000000090a00000, 0x0000000090b00000, 0x0000000090b00000|100%| E|CS|TAMS 0x0000000090a00000, 0x0000000090a00000| Complete 
| 267|0x0000000090b00000, 0x0000000090c00000, 0x0000000090c00000|100%| E|CS|TAMS 0x0000000090b00000, 0x0000000090b00000| Complete 
| 268|0x0000000090c00000, 0x0000000090d00000, 0x0000000090d00000|100%| E|CS|TAMS 0x0000000090c00000, 0x0000000090c00000| Complete 
| 269|0x0000000090d00000, 0x0000000090e00000, 0x0000000090e00000|100%| E|CS|TAMS 0x0000000090d00000, 0x0000000090d00000| Complete 
| 270|0x0000000090e00000, 0x0000000090f00000, 0x0000000090f00000|100%| E|CS|TAMS 0x0000000090e00000, 0x0000000090e00000| Complete 
| 271|0x0000000090f00000, 0x0000000091000000, 0x0000000091000000|100%| E|CS|TAMS 0x0000000090f00000, 0x0000000090f00000| Complete 
| 272|0x0000000091000000, 0x0000000091100000, 0x0000000091100000|100%| E|CS|TAMS 0x0000000091000000, 0x0000000091000000| Complete 
| 273|0x0000000091100000, 0x0000000091200000, 0x0000000091200000|100%| E|CS|TAMS 0x0000000091100000, 0x0000000091100000| Complete 
| 274|0x0000000091200000, 0x0000000091300000, 0x0000000091300000|100%| E|CS|TAMS 0x0000000091200000, 0x0000000091200000| Complete 
| 275|0x0000000091300000, 0x0000000091400000, 0x0000000091400000|100%| E|CS|TAMS 0x0000000091300000, 0x0000000091300000| Complete 
| 276|0x0000000091400000, 0x0000000091500000, 0x0000000091500000|100%| E|CS|TAMS 0x0000000091400000, 0x0000000091400000| Complete 
| 277|0x0000000091500000, 0x0000000091600000, 0x0000000091600000|100%| E|CS|TAMS 0x0000000091500000, 0x0000000091500000| Complete 
| 278|0x0000000091600000, 0x0000000091700000, 0x0000000091700000|100%| E|CS|TAMS 0x0000000091600000, 0x0000000091600000| Complete 
| 279|0x0000000091700000, 0x0000000091800000, 0x0000000091800000|100%| E|CS|TAMS 0x0000000091700000, 0x0000000091700000| Complete 
| 280|0x0000000091800000, 0x0000000091900000, 0x0000000091900000|100%| E|CS|TAMS 0x0000000091800000, 0x0000000091800000| Complete 
| 281|0x0000000091900000, 0x0000000091a00000, 0x0000000091a00000|100%| E|CS|TAMS 0x0000000091900000, 0x0000000091900000| Complete 
| 282|0x0000000091a00000, 0x0000000091b00000, 0x0000000091b00000|100%| E|CS|TAMS 0x0000000091a00000, 0x0000000091a00000| Complete 
| 283|0x0000000091b00000, 0x0000000091c00000, 0x0000000091c00000|100%| E|CS|TAMS 0x0000000091b00000, 0x0000000091b00000| Complete 
| 284|0x0000000091c00000, 0x0000000091d00000, 0x0000000091d00000|100%| E|CS|TAMS 0x0000000091c00000, 0x0000000091c00000| Complete 
| 285|0x0000000091d00000, 0x0000000091e00000, 0x0000000091e00000|100%| E|CS|TAMS 0x0000000091d00000, 0x0000000091d00000| Complete 
| 286|0x0000000091e00000, 0x0000000091f00000, 0x0000000091f00000|100%| E|CS|TAMS 0x0000000091e00000, 0x0000000091e00000| Complete 
| 287|0x0000000091f00000, 0x0000000092000000, 0x0000000092000000|100%| E|CS|TAMS 0x0000000091f00000, 0x0000000091f00000| Complete 
| 288|0x0000000092000000, 0x0000000092100000, 0x0000000092100000|100%| E|CS|TAMS 0x0000000092000000, 0x0000000092000000| Complete 
| 289|0x0000000092100000, 0x0000000092200000, 0x0000000092200000|100%| E|CS|TAMS 0x0000000092100000, 0x0000000092100000| Complete 
| 290|0x0000000092200000, 0x0000000092300000, 0x0000000092300000|100%| E|CS|TAMS 0x0000000092200000, 0x0000000092200000| Complete 
| 291|0x0000000092300000, 0x0000000092400000, 0x0000000092400000|100%| E|CS|TAMS 0x0000000092300000, 0x0000000092300000| Complete 
| 292|0x0000000092400000, 0x0000000092500000, 0x0000000092500000|100%| E|CS|TAMS 0x0000000092400000, 0x0000000092400000| Complete 
| 293|0x0000000092500000, 0x0000000092600000, 0x0000000092600000|100%| E|CS|TAMS 0x0000000092500000, 0x0000000092500000| Complete 
| 294|0x0000000092600000, 0x0000000092700000, 0x0000000092700000|100%| E|CS|TAMS 0x0000000092600000, 0x0000000092600000| Complete 
| 295|0x0000000092700000, 0x0000000092800000, 0x0000000092800000|100%| E|CS|TAMS 0x0000000092700000, 0x0000000092700000| Complete 
| 296|0x0000000092800000, 0x0000000092900000, 0x0000000092900000|100%| E|CS|TAMS 0x0000000092800000, 0x0000000092800000| Complete 
| 297|0x0000000092900000, 0x0000000092a00000, 0x0000000092a00000|100%| E|CS|TAMS 0x0000000092900000, 0x0000000092900000| Complete 
| 298|0x0000000092a00000, 0x0000000092b00000, 0x0000000092b00000|100%| E|CS|TAMS 0x0000000092a00000, 0x0000000092a00000| Complete 
| 299|0x0000000092b00000, 0x0000000092c00000, 0x0000000092c00000|100%| E|CS|TAMS 0x0000000092b00000, 0x0000000092b00000| Complete 
| 300|0x0000000092c00000, 0x0000000092d00000, 0x0000000092d00000|100%| E|CS|TAMS 0x0000000092c00000, 0x0000000092c00000| Complete 
| 301|0x0000000092d00000, 0x0000000092e00000, 0x0000000092e00000|100%| E|CS|TAMS 0x0000000092d00000, 0x0000000092d00000| Complete 
| 302|0x0000000092e00000, 0x0000000092f00000, 0x0000000092f00000|100%| E|CS|TAMS 0x0000000092e00000, 0x0000000092e00000| Complete 
| 303|0x0000000092f00000, 0x0000000093000000, 0x0000000093000000|100%| E|CS|TAMS 0x0000000092f00000, 0x0000000092f00000| Complete 
| 304|0x0000000093000000, 0x0000000093100000, 0x0000000093100000|100%| E|CS|TAMS 0x0000000093000000, 0x0000000093000000| Complete 

Card table byte_map: [0x00000195eb350000,0x00000195eb750000] _byte_map_base: 0x00000195eaf50000

Marking Bits (Prev, Next): (CMBitMap*) 0x00000195d84720d0, (CMBitMap*) 0x00000195d8472098
 Prev Bits: [0x00000195edb50000, 0x00000195efb50000)
 Next Bits: [0x00000195ebb50000, 0x00000195edb50000)

Polling page: 0x00000195d7c00000

Metaspace:

Usage:
  Non-class:     77.77 MB capacity,    76.33 MB ( 98%) used,     1.21 MB (  2%) free+waste,   232.88 KB ( <1%) overhead. 
      Class:     12.09 MB capacity,    11.31 MB ( 94%) used,   692.45 KB (  6%) free+waste,   107.12 KB ( <1%) overhead. 
       Both:     89.87 MB capacity,    87.64 MB ( 98%) used,     1.89 MB (  2%) free+waste,   340.00 KB ( <1%) overhead. 

Virtual space:
  Non-class space:       78.00 MB reserved,      77.92 MB (>99%) committed 
      Class space:        1.00 GB reserved,      12.20 MB (  1%) committed 
             Both:        1.08 GB reserved,      90.12 MB (  8%) committed 

Chunk freelists:
   Non-Class:  23.00 KB
       Class:  0 bytes
        Both:  23.00 KB

MaxMetaspaceSize: 17179869184.00 GB
CompressedClassSpaceSize: 1.00 GB
Initial GC threshold: 20.80 MB
Current GC threshold: 145.41 MB
CDS: off

CodeHeap 'non-profiled nmethods': size=120064Kb used=5054Kb max_used=5054Kb free=115009Kb
 bounds [0x00000195e3a10000, 0x00000195e3f00000, 0x00000195eaf50000]
CodeHeap 'profiled nmethods': size=120000Kb used=18371Kb max_used=18371Kb free=101628Kb
 bounds [0x00000195dc4e0000, 0x00000195dd6e0000, 0x00000195e3a10000]
CodeHeap 'non-nmethods': size=5696Kb used=2374Kb max_used=2425Kb free=3321Kb
 bounds [0x00000195dbf50000, 0x00000195dc1c0000, 0x00000195dc4e0000]
 total_blobs=9539 nmethods=8625 adapters=825
 compilation: enabled
              stopped_count=0, restarted_count=0
 full_count=0

Compilation events (20 events):
Event: 11.691 Thread 0x00000195f2922000 8670       3       org.gradle.internal.serialize.InputStreamBackedDecoder::readLong (8 bytes)
Event: 11.692 Thread 0x00000195f2922000 nmethod 8670 0x00000195dd6c8310 code [0x00000195dd6c84c0, 0x00000195dd6c85e0]
Event: 11.692 Thread 0x00000195f2922000 8671       3       org.gradle.internal.serialize.InputStreamBackedDecoder::readBoolean (8 bytes)
Event: 11.692 Thread 0x00000195f2922000 nmethod 8671 0x00000195dd6c8690 code [0x00000195dd6c8880, 0x00000195dd6c8bf0]
Event: 11.692 Thread 0x00000195f2922000 8672       3       java.io.DataInputStream::readBoolean (30 bytes)
Event: 11.692 Thread 0x00000195f2922000 nmethod 8672 0x00000195dd6c8d90 code [0x00000195dd6c8f60, 0x00000195dd6c9250]
Event: 11.693 Thread 0x00000195f2922000 8673       3       org.gradle.internal.serialize.InputStreamBackedDecoder::readBytes (11 bytes)
Event: 11.693 Thread 0x00000195f2922000 nmethod 8673 0x00000195dd6c9390 code [0x00000195dd6c9540, 0x00000195dd6c9660]
Event: 11.693 Thread 0x00000195f2922000 8675       3       org.gradle.launcher.daemon.context.DefaultDaemonContext$Serializer::read (182 bytes)
Event: 11.694 Thread 0x00000195f2922000 nmethod 8675 0x00000195dd6c9790 code [0x00000195dd6c9b20, 0x00000195dd6cb380]
Event: 11.694 Thread 0x00000195f2922000 8674       3       org.gradle.internal.serialize.InputStreamBackedDecoder::readByte (13 bytes)
Event: 11.694 Thread 0x00000195f2922000 nmethod 8674 0x00000195dd6cbc10 code [0x00000195dd6cbde0, 0x00000195dd6cc110]
Event: 11.694 Thread 0x00000195f2922000 8676       3       java.lang.Long::equals (30 bytes)
Event: 11.694 Thread 0x00000195f2922000 nmethod 8676 0x00000195dd6cc290 code [0x00000195dd6cc460, 0x00000195dd6cc7f0]
Event: 12.392 Thread 0x00000195f2922000 8677       3       java.util.stream.Collectors$$Lambda$64/0x0000000100161c40::accept (11 bytes)
Event: 12.393 Thread 0x00000195f2922000 nmethod 8677 0x00000195dd6cc890 code [0x00000195dd6cca60, 0x00000195dd6ccd20]
Event: 14.407 Thread 0x00000195f291a000 8678       4       java.lang.String::valueOf (14 bytes)
Event: 14.407 Thread 0x00000195f2922000 8679       1       javax.management.ObjectName::getCanonicalName (5 bytes)
Event: 14.408 Thread 0x00000195f2922000 nmethod 8679 0x00000195e3eff590 code [0x00000195e3eff740, 0x00000195e3eff7f0]
Event: 14.409 Thread 0x00000195f291a000 nmethod 8678 0x00000195e3eff890 code [0x00000195e3effa20, 0x00000195e3effa98]

GC Heap History (20 events):
Event: 1.256 GC heap before
{Heap before GC invocations=2 (full 0):
 garbage-first heap   total 260096K, used 39533K [0x0000000080000000, 0x0000000100000000)
  region size 1024K, 32 young (32768K), 4 survivors (4096K)
 Metaspace       used 11308K, capacity 11513K, committed 11648K, reserved 1058816K
  class space    used 1207K, capacity 1311K, committed 1408K, reserved 1048576K
}
Event: 1.260 GC heap after
{Heap after GC invocations=3 (full 0):
 garbage-first heap   total 260096K, used 14130K [0x0000000080000000, 0x0000000100000000)
  region size 1024K, 4 young (4096K), 4 survivors (4096K)
 Metaspace       used 11308K, capacity 11513K, committed 11648K, reserved 1058816K
  class space    used 1207K, capacity 1311K, committed 1408K, reserved 1048576K
}
Event: 1.917 GC heap before
{Heap before GC invocations=3 (full 0):
 garbage-first heap   total 260096K, used 53042K [0x0000000080000000, 0x0000000100000000)
  region size 1024K, 42 young (43008K), 4 survivors (4096K)
 Metaspace       used 19830K, capacity 20269K, committed 20480K, reserved 1067008K
  class space    used 2355K, capacity 2487K, committed 2560K, reserved 1048576K
}
Event: 1.923 GC heap after
{Heap after GC invocations=4 (full 0):
 garbage-first heap   total 260096K, used 17089K [0x0000000080000000, 0x0000000100000000)
  region size 1024K, 3 young (3072K), 3 survivors (3072K)
 Metaspace       used 19830K, capacity 20269K, committed 20480K, reserved 1067008K
  class space    used 2355K, capacity 2487K, committed 2560K, reserved 1048576K
}
Event: 2.012 GC heap before
{Heap before GC invocations=4 (full 0):
 garbage-first heap   total 260096K, used 30401K [0x0000000080000000, 0x0000000100000000)
  region size 1024K, 17 young (17408K), 3 survivors (3072K)
 Metaspace       used 20844K, capacity 21149K, committed 21296K, reserved 1069056K
  class space    used 2512K, capacity 2651K, committed 2688K, reserved 1048576K
}
Event: 2.016 GC heap after
{Heap after GC invocations=5 (full 0):
 garbage-first heap   total 260096K, used 17505K [0x0000000080000000, 0x0000000100000000)
  region size 1024K, 4 young (4096K), 4 survivors (4096K)
 Metaspace       used 20844K, capacity 21149K, committed 21296K, reserved 1069056K
  class space    used 2512K, capacity 2651K, committed 2688K, reserved 1048576K
}
Event: 2.577 GC heap before
{Heap before GC invocations=6 (full 0):
 garbage-first heap   total 260096K, used 73825K [0x0000000080000000, 0x0000000100000000)
  region size 1024K, 59 young (60416K), 4 survivors (4096K)
 Metaspace       used 26922K, capacity 27547K, committed 27824K, reserved 1073152K
  class space    used 3495K, capacity 3734K, committed 3840K, reserved 1048576K
}
Event: 2.583 GC heap after
{Heap after GC invocations=7 (full 0):
 garbage-first heap   total 260096K, used 19444K [0x0000000080000000, 0x0000000100000000)
  region size 1024K, 5 young (5120K), 5 survivors (5120K)
 Metaspace       used 26922K, capacity 27547K, committed 27824K, reserved 1073152K
  class space    used 3495K, capacity 3734K, committed 3840K, reserved 1048576K
}
Event: 3.215 GC heap before
{Heap before GC invocations=7 (full 0):
 garbage-first heap   total 260096K, used 84980K [0x0000000080000000, 0x0000000100000000)
  region size 1024K, 70 young (71680K), 5 survivors (5120K)
 Metaspace       used 34895K, capacity 35727K, committed 35888K, reserved 1081344K
  class space    used 4554K, capacity 4887K, committed 4992K, reserved 1048576K
}
Event: 3.230 GC heap after
{Heap after GC invocations=8 (full 0):
 garbage-first heap   total 260096K, used 22955K [0x0000000080000000, 0x0000000100000000)
  region size 1024K, 9 young (9216K), 9 survivors (9216K)
 Metaspace       used 34895K, capacity 35727K, committed 35888K, reserved 1081344K
  class space    used 4554K, capacity 4887K, committed 4992K, reserved 1048576K
}
Event: 4.146 GC heap before
{Heap before GC invocations=9 (full 0):
 garbage-first heap   total 260096K, used 129451K [0x0000000080000000, 0x0000000100000000)
  region size 1024K, 110 young (112640K), 9 survivors (9216K)
 Metaspace       used 43829K, capacity 44930K, committed 45104K, reserved 1089536K
  class space    used 5627K, capacity 6004K, committed 6016K, reserved 1048576K
}
Event: 4.164 GC heap after
{Heap after GC invocations=10 (full 0):
 garbage-first heap   total 260096K, used 30944K [0x0000000080000000, 0x0000000100000000)
  region size 1024K, 14 young (14336K), 14 survivors (14336K)
 Metaspace       used 43829K, capacity 44930K, committed 45104K, reserved 1089536K
  class space    used 5627K, capacity 6004K, committed 6016K, reserved 1048576K
}
Event: 5.850 GC heap before
{Heap before GC invocations=11 (full 0):
 garbage-first heap   total 260096K, used 170208K [0x0000000080000000, 0x0000000100000000)
  region size 1024K, 145 young (148480K), 14 survivors (14336K)
 Metaspace       used 56061K, capacity 57547K, committed 57776K, reserved 1099776K
  class space    used 7101K, capacity 7647K, committed 7680K, reserved 1048576K
}
Event: 5.868 GC heap after
{Heap after GC invocations=12 (full 0):
 garbage-first heap   total 260096K, used 46249K [0x0000000080000000, 0x0000000100000000)
  region size 1024K, 19 young (19456K), 19 survivors (19456K)
 Metaspace       used 56061K, capacity 57547K, committed 57776K, reserved 1099776K
  class space    used 7101K, capacity 7647K, committed 7680K, reserved 1048576K
}
Event: 7.280 GC heap before
{Heap before GC invocations=12 (full 0):
 garbage-first heap   total 260096K, used 189609K [0x0000000080000000, 0x0000000100000000)
  region size 1024K, 152 young (155648K), 19 survivors (19456K)
 Metaspace       used 70430K, capacity 72144K, committed 72496K, reserved 1112064K
  class space    used 8864K, capacity 9490K, committed 9600K, reserved 1048576K
}
Event: 7.300 GC heap after
{Heap after GC invocations=13 (full 0):
 garbage-first heap   total 312320K, used 55772K [0x0000000080000000, 0x0000000100000000)
  region size 1024K, 9 young (9216K), 9 survivors (9216K)
 Metaspace       used 70430K, capacity 72144K, committed 72496K, reserved 1112064K
  class space    used 8864K, capacity 9490K, committed 9600K, reserved 1048576K
}
Event: 7.970 GC heap before
{Heap before GC invocations=13 (full 0):
 garbage-first heap   total 312320K, used 141788K [0x0000000080000000, 0x0000000100000000)
  region size 1024K, 94 young (96256K), 9 survivors (9216K)
 Metaspace       used 74819K, capacity 76560K, committed 76668K, reserved 1116160K
  class space    used 9460K, capacity 10119K, committed 10188K, reserved 1048576K
}
Event: 7.983 GC heap after
{Heap after GC invocations=14 (full 0):
 garbage-first heap   total 312320K, used 60882K [0x0000000080000000, 0x0000000100000000)
  region size 1024K, 14 young (14336K), 14 survivors (14336K)
 Metaspace       used 74819K, capacity 76560K, committed 76668K, reserved 1116160K
  class space    used 9460K, capacity 10119K, committed 10188K, reserved 1048576K
}
Event: 9.516 GC heap before
{Heap before GC invocations=15 (full 0):
 garbage-first heap   total 312320K, used 205266K [0x0000000080000000, 0x0000000100000000)
  region size 1024K, 155 young (158720K), 14 survivors (14336K)
 Metaspace       used 87156K, capacity 89207K, committed 89340K, reserved 1126400K
  class space    used 11281K, capacity 12005K, committed 12108K, reserved 1048576K
}
Event: 9.546 GC heap after
{Heap after GC invocations=16 (full 0):
 garbage-first heap   total 312320K, used 71346K [0x0000000080000000, 0x0000000100000000)
  region size 1024K, 16 young (16384K), 16 survivors (16384K)
 Metaspace       used 87156K, capacity 89207K, committed 89340K, reserved 1126400K
  class space    used 11281K, capacity 12005K, committed 12108K, reserved 1048576K
}

Deoptimization events (20 events):
Event: 9.922 Thread 0x00000195f2de3800 DEOPT PACKING pc=0x00000195e3b31f28 sp=0x00000013ceafd910
Event: 9.922 Thread 0x00000195f2de3800 DEOPT UNPACKING pc=0x00000195dbf9a1a1 sp=0x00000013ceafd908 mode 2
Event: 9.952 Thread 0x00000195f2de5800 Uncommon trap: trap_request=0xffffffde fr.pc=0x00000195e3e14be0 relative=0x0000000000000220
Event: 9.952 Thread 0x00000195f2de5800 Uncommon trap: reason=class_check action=maybe_recompile pc=0x00000195e3e14be0 method=java.util.stream.StreamOpFlag.fromCharacteristics(Ljava/util/Spliterator;)I @ 14 c2
Event: 9.952 Thread 0x00000195f2de5800 DEOPT PACKING pc=0x00000195e3e14be0 sp=0x00000013cebfe310
Event: 9.952 Thread 0x00000195f2de5800 DEOPT UNPACKING pc=0x00000195dbf9a1a1 sp=0x00000013cebfe1f8 mode 2
Event: 9.955 Thread 0x00000195f2de5800 Uncommon trap: trap_request=0xffffffde fr.pc=0x00000195e3e14be0 relative=0x0000000000000220
Event: 9.955 Thread 0x00000195f2de5800 Uncommon trap: reason=class_check action=maybe_recompile pc=0x00000195e3e14be0 method=java.util.stream.StreamOpFlag.fromCharacteristics(Ljava/util/Spliterator;)I @ 14 c2
Event: 9.955 Thread 0x00000195f2de5800 DEOPT PACKING pc=0x00000195e3e14be0 sp=0x00000013cebfe310
Event: 9.955 Thread 0x00000195f2de5800 DEOPT UNPACKING pc=0x00000195dbf9a1a1 sp=0x00000013cebfe1f8 mode 2
Event: 9.956 Thread 0x00000195f2de5800 Uncommon trap: trap_request=0xffffffde fr.pc=0x00000195e3e14be0 relative=0x0000000000000220
Event: 9.956 Thread 0x00000195f2de5800 Uncommon trap: reason=class_check action=maybe_recompile pc=0x00000195e3e14be0 method=java.util.stream.StreamOpFlag.fromCharacteristics(Ljava/util/Spliterator;)I @ 14 c2
Event: 9.956 Thread 0x00000195f2de5800 DEOPT PACKING pc=0x00000195e3e14be0 sp=0x00000013cebfe310
Event: 9.956 Thread 0x00000195f2de5800 DEOPT UNPACKING pc=0x00000195dbf9a1a1 sp=0x00000013cebfe1f8 mode 2
Event: 9.956 Thread 0x00000195f3adc000 DEOPT PACKING pc=0x00000195dd4313ad sp=0x00000013cabfe760
Event: 9.956 Thread 0x00000195f3adc000 DEOPT UNPACKING pc=0x00000195dbf9a937 sp=0x00000013cabfdc30 mode 0
Event: 9.995 Thread 0x00000195f2de5800 Uncommon trap: trap_request=0xffffff4d fr.pc=0x00000195e3e7c624 relative=0x00000000000001e4
Event: 9.995 Thread 0x00000195f2de5800 Uncommon trap: reason=unstable_if action=reinterpret pc=0x00000195e3e7c624 method=com.google.common.collect.RegularImmutableSet.contains(Ljava/lang/Object;)Z @ 10 c2
Event: 9.995 Thread 0x00000195f2de5800 DEOPT PACKING pc=0x00000195e3e7c624 sp=0x00000013cebfb8a0
Event: 9.995 Thread 0x00000195f2de5800 DEOPT UNPACKING pc=0x00000195dbf9a1a1 sp=0x00000013cebfb838 mode 2

Classes redefined (0 events):
No events

Internal exceptions (20 events):
Event: 9.754 Thread 0x00000195f3adb800 Exception <a 'java/lang/ClassNotFoundException'{0x0000000090b4ed40}: com/android/build/gradle/internal/tasks/SigningConfigVersionsWriterTask_DecoratedCustomizer> (0x0000000090b4ed40) thrown at [src/hotspot/share/classfile/systemDictionary.cpp, line 230]
Event: 9.759 Thread 0x00000195f3adb800 Exception <a 'java/lang/ClassNotFoundException'{0x0000000090a547f8}: com/android/build/gradle/tasks/PackageApplication_DecoratedBeanInfo> (0x0000000090a547f8) thrown at [src/hotspot/share/classfile/systemDictionary.cpp, line 230]
Event: 9.759 Thread 0x00000195f3adb800 Exception <a 'java/lang/ClassNotFoundException'{0x0000000090a6f3d8}: com/android/build/gradle/tasks/PackageApplicationBeanInfo> (0x0000000090a6f3d8) thrown at [src/hotspot/share/classfile/systemDictionary.cpp, line 230]
Event: 9.759 Thread 0x00000195f3adb800 Exception <a 'java/lang/ClassNotFoundException'{0x0000000090a8b2c0}: com/android/build/gradle/tasks/PackageAndroidArtifactBeanInfo> (0x0000000090a8b2c0) thrown at [src/hotspot/share/classfile/systemDictionary.cpp, line 230]
Event: 9.760 Thread 0x00000195f3adb800 Exception <a 'java/lang/ClassNotFoundException'{0x0000000090aa72b0}: com/android/build/gradle/tasks/PackageAndroidArtifactCustomizer> (0x0000000090aa72b0) thrown at [src/hotspot/share/classfile/systemDictionary.cpp, line 230]
Event: 9.761 Thread 0x00000195f3adb800 Exception <a 'java/lang/ClassNotFoundException'{0x000000009090fdb8}: com/android/build/gradle/tasks/PackageApplicationCustomizer> (0x000000009090fdb8) thrown at [src/hotspot/share/classfile/systemDictionary.cpp, line 230]
Event: 9.761 Thread 0x00000195f3adb800 Exception <a 'java/lang/ClassNotFoundException'{0x00000000909494a0}: com/android/build/gradle/tasks/PackageApplication_DecoratedCustomizer> (0x00000000909494a0) thrown at [src/hotspot/share/classfile/systemDictionary.cpp, line 230]
Event: 9.764 Thread 0x00000195f3adb800 Exception <a 'java/lang/ClassNotFoundException'{0x000000009083e240}: com/android/build/gradle/internal/tasks/ListingFileRedirectTask_DecoratedBeanInfo> (0x000000009083e240) thrown at [src/hotspot/share/classfile/systemDictionary.cpp, line 230]
Event: 9.765 Thread 0x00000195f3adb800 Exception <a 'java/lang/ClassNotFoundException'{0x000000009085b850}: com/android/build/gradle/internal/tasks/ListingFileRedirectTaskBeanInfo> (0x000000009085b850) thrown at [src/hotspot/share/classfile/systemDictionary.cpp, line 230]
Event: 9.765 Thread 0x00000195f3adb800 Exception <a 'java/lang/ClassNotFoundException'{0x0000000090878ea8}: com/android/build/gradle/internal/tasks/ListingFileRedirectTaskCustomizer> (0x0000000090878ea8) thrown at [src/hotspot/share/classfile/systemDictionary.cpp, line 230]
Event: 9.765 Thread 0x00000195f3adb800 Exception <a 'java/lang/ClassNotFoundException'{0x00000000908aa3d0}: com/android/build/gradle/internal/tasks/ListingFileRedirectTask_DecoratedCustomizer> (0x00000000908aa3d0) thrown at [src/hotspot/share/classfile/systemDictionary.cpp, line 230]
Event: 9.770 Thread 0x00000195f3adb800 Exception <a 'java/lang/NoSuchMethodError'{0x0000000090717a00}: 'java.lang.Object java.lang.invoke.Invokers$Holder.linkToTargetMethod(java.lang.Object, java.lang.Object, java.lang.Object, int, java.lang.Object, java.lang.Object)'> (0x0000000090717a00) thrown at [src/hotspot/share/interpreter/linkResolver.cpp, line 773]
Event: 9.856 Thread 0x00000195f3adb800 Exception <a 'java/lang/NoSuchMethodError'{0x000000008fd90940}: <clinit>> (0x000000008fd90940) thrown at [src/hotspot/share/prims/jni.cpp, line 1367]
Event: 9.864 Thread 0x00000195f3adb800 Exception <a 'java/lang/NoSuchMethodError'{0x000000008fdd9ae8}: <clinit>> (0x000000008fdd9ae8) thrown at [src/hotspot/share/prims/jni.cpp, line 1367]
Event: 9.866 Thread 0x00000195f3adb800 Exception <a 'java/lang/NoSuchMethodError'{0x000000008fc0c400}: 'void java.lang.invoke.DirectMethodHandle$Holder.invokeSpecial(java.lang.Object, java.lang.Object, java.lang.Object, int)'> (0x000000008fc0c400) thrown at [src/hotspot/share/interpreter/linkResolver.cpp, line 773]
Event: 9.894 Thread 0x00000195f3adb800 Exception <a 'sun/nio/fs/WindowsException'{0x000000008fa264a0}> (0x000000008fa264a0) thrown at [src/hotspot/share/prims/jni.cpp, line 617]
Event: 9.955 Thread 0x00000195f3adc000 Exception <a 'java/lang/NoSuchMethodError'{0x0000000092e87d58}: <clinit>> (0x0000000092e87d58) thrown at [src/hotspot/share/prims/jni.cpp, line 1367]
Event: 9.957 Thread 0x00000195f3adc000 Exception <a 'java/lang/NoSuchMethodError'{0x000000008f5fe390}: <clinit>> (0x000000008f5fe390) thrown at [src/hotspot/share/prims/jni.cpp, line 1367]
Event: 9.973 Thread 0x00000195f2de5800 Exception <a 'java/lang/IncompatibleClassChangeError'{0x000000008f4549f0}: Found class java.lang.Object, but interface was expected> (0x000000008f4549f0) thrown at [src/hotspot/share/interpreter/linkResolver.cpp, line 839]
Event: 9.995 Thread 0x00000195f2de5800 Implicit null exception at 0x00000195e3e7c477 to 0x00000195e3e7c60c

Events (20 events):
Event: 11.694 loading class com/google/common/collect/TransformedListIterator
Event: 11.694 loading class com/google/common/collect/TransformedListIterator done
Event: 11.767 loading class org/gradle/process/internal/health/memory/JvmMemoryStatusSnapshot
Event: 11.767 loading class org/gradle/process/internal/health/memory/JvmMemoryStatusSnapshot done
Event: 11.767 Executing VM operation: RevokeBias
Event: 11.768 Executing VM operation: RevokeBias done
Event: 11.768 Executing VM operation: RevokeBias
Event: 11.768 Executing VM operation: RevokeBias done
Event: 15.001 loading class org/gradle/internal/watch/registry/impl/AbstractFileWatcherUpdater
Event: 15.001 loading class org/gradle/internal/watch/registry/impl/AbstractFileWatcherUpdater done
Event: 15.002 loading class org/gradle/internal/watch/registry/impl/AbstractFileWatcherUpdater
Event: 15.002 loading class org/gradle/internal/watch/registry/impl/AbstractFileWatcherUpdater done
Event: 15.002 loading class com/google/common/collect/ImmutableSet
Event: 15.002 loading class com/google/common/collect/ImmutableSet done
Event: 15.002 loading class com/google/common/collect/ImmutableSet
Event: 15.002 loading class com/google/common/collect/ImmutableSet done
Event: 15.003 loading class org/gradle/internal/watch/registry/impl/AbstractFileWatcherUpdater
Event: 15.003 loading class org/gradle/internal/watch/registry/impl/AbstractFileWatcherUpdater done
Event: 15.003 loading class org/gradle/internal/watch/registry/impl/DefaultFileWatcherProbeRegistry$1
Event: 15.003 loading class org/gradle/internal/watch/registry/impl/DefaultFileWatcherProbeRegistry$1 done


Dynamic libraries:
0x00007ff638960000 - 0x00007ff63896a000 	C:\Program Files\Android\Android Studio\jbr\bin\java.exe
0x00007ffeaa210000 - 0x00007ffeaa406000 	C:\Windows\SYSTEM32\ntdll.dll
0x00007ffea85c0000 - 0x00007ffea867d000 	C:\Windows\System32\KERNEL32.DLL
0x00007ffea7ae0000 - 0x00007ffea7da9000 	C:\Windows\System32\KERNELBASE.dll
0x00007ffea8140000 - 0x00007ffea8240000 	C:\Windows\System32\ucrtbase.dll
0x00007ffea35f0000 - 0x00007ffea3607000 	C:\Program Files\Android\Android Studio\jbr\bin\jli.dll
0x00007ffea3640000 - 0x00007ffea365b000 	C:\Program Files\Android\Android Studio\jbr\bin\VCRUNTIME140.dll
0x00007ffea9340000 - 0x00007ffea94e0000 	C:\Windows\System32\USER32.dll
0x00007ffea7ab0000 - 0x00007ffea7ad2000 	C:\Windows\System32\win32u.dll
0x00007ffea8590000 - 0x00007ffea85ba000 	C:\Windows\System32\GDI32.dll
0x00007ffea8030000 - 0x00007ffea813b000 	C:\Windows\System32\gdi32full.dll
0x00007ffea7ee0000 - 0x00007ffea7f7d000 	C:\Windows\System32\msvcp_win.dll
0x00007ffe7ec90000 - 0x00007ffe7ef2b000 	C:\Windows\WinSxS\amd64_microsoft.windows.common-controls_6595b64144ccf1df_6.0.19041.746_none_ca02b4b61b8320a4\COMCTL32.dll
0x00007ffea8860000 - 0x00007ffea88fe000 	C:\Windows\System32\msvcrt.dll
0x00007ffea8270000 - 0x00007ffea82a0000 	C:\Windows\System32\IMM32.DLL
0x00007ffe84420000 - 0x00007ffe8447b000 	C:\ProgramData\Microsoft\DbgCtr\XShellDLL64_6015.dll
0x00007ffea9290000 - 0x00007ffea933c000 	C:\Windows\System32\ADVAPI32.dll
0x00007ffea91f0000 - 0x00007ffea928c000 	C:\Windows\System32\sechost.dll
0x00007ffea99c0000 - 0x00007ffea9aeb000 	C:\Windows\System32\RPCRT4.dll
0x00007ffea8900000 - 0x00007ffea9042000 	C:\Windows\System32\SHELL32.dll
0x00007ffea35d0000 - 0x00007ffea35dc000 	C:\Program Files\Android\Android Studio\jbr\bin\vcruntime140_1.dll
0x00007ffe92d60000 - 0x00007ffe92ded000 	C:\Program Files\Android\Android Studio\jbr\bin\msvcp140.dll
0x00000195d7030000 - 0x00000195d7bec000 	C:\Program Files\Android\Android Studio\jbr\bin\server\jvm.dll
0x00007ffea8850000 - 0x00007ffea8858000 	C:\Windows\System32\PSAPI.DLL
0x00007ffe94c80000 - 0x00007ffe94c89000 	C:\Windows\SYSTEM32\WSOCK32.dll
0x00007ffe7f6f0000 - 0x00007ffe7f717000 	C:\Windows\SYSTEM32\WINMM.dll
0x00007ffea0e40000 - 0x00007ffea0e4a000 	C:\Windows\SYSTEM32\VERSION.dll
0x00007ffea94e0000 - 0x00007ffea954b000 	C:\Windows\System32\WS2_32.dll
0x00007ffea58c0000 - 0x00007ffea58d2000 	C:\Windows\SYSTEM32\kernel.appcore.dll
0x00007ffea35c0000 - 0x00007ffea35d0000 	C:\Program Files\Android\Android Studio\jbr\bin\verify.dll
0x00007ffe8eff0000 - 0x00007ffe8f1d4000 	C:\Windows\SYSTEM32\DBGHELP.DLL
0x00007ffe8f480000 - 0x00007ffe8f4ac000 	C:\Windows\SYSTEM32\dbgcore.DLL
0x00007ffea7e10000 - 0x00007ffea7e90000 	C:\Windows\System32\bcryptPrimitives.dll
0x00007ffea28c0000 - 0x00007ffea28e8000 	C:\Program Files\Android\Android Studio\jbr\bin\java.dll
0x00007ffea35b0000 - 0x00007ffea35ba000 	C:\Program Files\Android\Android Studio\jbr\bin\jimage.dll
0x00007ffe8a0e0000 - 0x00007ffe8a0f8000 	C:\Program Files\Android\Android Studio\jbr\bin\zip.dll
0x00007ffea5ac0000 - 0x00007ffea6250000 	C:\Windows\SYSTEM32\windows.storage.dll
0x00007ffea9d50000 - 0x00007ffeaa0a6000 	C:\Windows\System32\combase.dll
0x00007ffea73b0000 - 0x00007ffea73dc000 	C:\Windows\SYSTEM32\Wldp.dll
0x00007ffea8680000 - 0x00007ffea872e000 	C:\Windows\System32\SHCORE.dll
0x00007ffea8730000 - 0x00007ffea8785000 	C:\Windows\System32\shlwapi.dll
0x00007ffea7880000 - 0x00007ffea78a6000 	C:\Windows\SYSTEM32\profapi.dll
0x00007ffe88b80000 - 0x00007ffe88b99000 	C:\Program Files\Android\Android Studio\jbr\bin\net.dll
0x00007ffea01f0000 - 0x00007ffea02f0000 	C:\Windows\SYSTEM32\WINHTTP.dll
0x00007ffea70c0000 - 0x00007ffea712a000 	C:\Windows\system32\mswsock.dll
0x00007ffe85d00000 - 0x00007ffe85d13000 	C:\Program Files\Android\Android Studio\jbr\bin\nio.dll
0x00007ffe8af30000 - 0x00007ffe8af57000 	C:\Users\it_04\.gradle\native\e1d6ef7f7dcc3fd88c89a11ec53ec762bb8ba0a96d01ffa2cd45eb1d1d8dd5c5\windows-amd64\native-platform.dll
0x00007ffe85000000 - 0x00007ffe85144000 	C:\Users\it_04\.gradle\native\0d407fdbe67a94daf76414ababcb853783967236a71b16ec16e742cd7a986fd3\windows-amd64\native-platform-file-events.dll
0x00007ffe92b90000 - 0x00007ffe92b9a000 	C:\Program Files\Android\Android Studio\jbr\bin\management.dll
0x00007ffe8c910000 - 0x00007ffe8c91b000 	C:\Program Files\Android\Android Studio\jbr\bin\management_ext.dll
0x00007ffea7290000 - 0x00007ffea72a8000 	C:\Windows\SYSTEM32\CRYPTSP.dll
0x00007ffea6a00000 - 0x00007ffea6a34000 	C:\Windows\system32\rsaenh.dll
0x00007ffea8240000 - 0x00007ffea8267000 	C:\Windows\System32\bcrypt.dll
0x00007ffea7800000 - 0x00007ffea782e000 	C:\Windows\SYSTEM32\USERENV.dll
0x00007ffea72b0000 - 0x00007ffea72bc000 	C:\Windows\SYSTEM32\CRYPTBASE.dll
0x00007ffea6db0000 - 0x00007ffea6deb000 	C:\Windows\SYSTEM32\IPHLPAPI.DLL
0x00007ffea82a0000 - 0x00007ffea82a8000 	C:\Windows\System32\NSI.dll
0x00007ffea15f0000 - 0x00007ffea1607000 	C:\Windows\SYSTEM32\dhcpcsvc6.DLL
0x00007ffea15d0000 - 0x00007ffea15ed000 	C:\Windows\SYSTEM32\dhcpcsvc.DLL
0x00007ffea6df0000 - 0x00007ffea6ebb000 	C:\Windows\SYSTEM32\DNSAPI.dll
0x00007ffe8aef0000 - 0x00007ffe8af17000 	C:\Program Files\Android\Android Studio\jbr\bin\sunec.dll
0x00007ffe9f410000 - 0x00007ffe9f41a000 	C:\Windows\System32\rasadhlp.dll
0x00007ffea1680000 - 0x00007ffea16ff000 	C:\Windows\System32\fwpuclnt.dll

dbghelp: loaded successfully - version: 4.0.5 - missing functions: none
symbol engine: initialized successfully - sym options: 0x614 - pdb path: .;C:\Program Files\Android\Android Studio\jbr\bin;C:\Windows\SYSTEM32;C:\Windows\WinSxS\amd64_microsoft.windows.common-controls_6595b64144ccf1df_6.0.19041.746_none_ca02b4b61b8320a4;C:\ProgramData\Microsoft\DbgCtr;C:\Program Files\Android\Android Studio\jbr\bin\server;C:\Users\it_04\.gradle\native\e1d6ef7f7dcc3fd88c89a11ec53ec762bb8ba0a96d01ffa2cd45eb1d1d8dd5c5\windows-amd64;C:\Users\it_04\.gradle\native\0d407fdbe67a94daf76414ababcb853783967236a71b16ec16e742cd7a986fd3\windows-amd64

VM Arguments:
jvm_args: --add-opens=java.base/java.util=ALL-UNNAMED --add-opens=java.base/java.lang=ALL-UNNAMED --add-opens=java.base/java.lang.invoke=ALL-UNNAMED --add-opens=java.base/java.util=ALL-UNNAMED --add-opens=java.prefs/java.util.prefs=ALL-UNNAMED --add-opens=java.prefs/java.util.prefs=ALL-UNNAMED --add-opens=java.base/java.nio.charset=ALL-UNNAMED --add-opens=java.base/java.net=ALL-UNNAMED --add-opens=java.base/java.util.concurrent.atomic=ALL-UNNAMED -Xmx2048m -Dfile.encoding=UTF-8 -Duser.country=US -Duser.language=en -Duser.variant 
java_command: org.gradle.launcher.daemon.bootstrap.GradleDaemon 7.5
java_class_path (initial): C:\Users\it_04\.gradle\wrapper\dists\gradle-7.5-bin\f1w0cc9nuo0eivz97x2xlu9sv\gradle-7.5\lib\gradle-launcher-7.5.jar
Launcher Type: SUN_STANDARD

[Global flags]
     intx CICompilerCount                          = 3                                         {product} {ergonomic}
     uint ConcGCThreads                            = 1                                         {product} {ergonomic}
     uint G1ConcRefinementThreads                  = 4                                         {product} {ergonomic}
   size_t G1HeapRegionSize                         = 1048576                                   {product} {ergonomic}
    uintx GCDrainStackTargetSize                   = 64                                        {product} {ergonomic}
   size_t InitialHeapSize                          = 266338304                                 {product} {ergonomic}
   size_t MarkStackSize                            = 4194304                                   {product} {ergonomic}
   size_t MaxHeapSize                              = 2147483648                                {product} {command line}
   size_t MaxNewSize                               = 1287651328                                {product} {ergonomic}
   size_t MinHeapDeltaBytes                        = 1048576                                   {product} {ergonomic}
    uintx NonNMethodCodeHeapSize                   = 5830732                                {pd product} {ergonomic}
    uintx NonProfiledCodeHeapSize                  = 122913754                              {pd product} {ergonomic}
    uintx ProfiledCodeHeapSize                     = 122913754                              {pd product} {ergonomic}
    uintx ReservedCodeCacheSize                    = 251658240                              {pd product} {ergonomic}
     bool SegmentedCodeCache                       = true                                      {product} {ergonomic}
     bool UseCompressedClassPointers               = true                                 {lp64_product} {ergonomic}
     bool UseCompressedOops                        = true                                 {lp64_product} {ergonomic}
     bool UseG1GC                                  = true                                      {product} {ergonomic}
     bool UseLargePagesIndividualAllocation        = false                                  {pd product} {ergonomic}

Logging:
Log output configuration:
 #0: stdout all=warning uptime,level,tags
 #1: stderr all=off uptime,level,tags

Environment Variables:
PATH=D:\app\it_07\product\11.2.0\client_1\bin;C:\Windows\system32;C:\Windows;C:\Windows\System32\Wbem;C:\Windows\System32\WindowsPowerShell\v1.0\;C:\Windows\System32\OpenSSH\;C:\Program Files\dotnet\;C:\Program Files\Git\cmd;C:\Users\it_04\AppData\Local\Microsoft\WindowsApps;C:\Users\it_04\.dotnet\tools
USERNAME=it_04
OS=Windows_NT
PROCESSOR_IDENTIFIER=Intel64 Family 6 Model 165 Stepping 3, GenuineIntel



---------------  S Y S T E M  ---------------

OS: Windows 10 , 64 bit Build 19041 (10.0.19041.804)
OS uptime: 0 days 0:38 hours

CPU:total 4 (initial active 4) (2 cores per cpu, 2 threads per core) family 6 model 165 stepping 3 microcode 0xe0, cmov, cx8, fxsr, mmx, sse, sse2, sse3, ssse3, sse4.1, sse4.2, popcnt, aes, clmul, erms, 3dnowpref, lzcnt, ht, tsc, tscinvbit

Memory: 4k page, system-wide physical 16242M (10006M free)
TotalPageFile size 18674M (AvailPageFile size 12979M)
current process WorkingSet (physical memory assigned to process): 489M, peak: 530M
current process commit charge ("private bytes"): 555M, peak: 596M

vm_info: OpenJDK 64-Bit Server VM (11.0.15+0-b2043.56-9505619) for windows-amd64 JRE (11.0.15+0-b2043.56-9505619), built on Jan 19 2023 02:48:00 by "builduser" with unknown MS VC++:1929

END.
