#
# A fatal error has been detected by the Java Runtime Environment:
#
#  EXCEPTION_ACCESS_VIOLATION (0xc0000005) at pc=0x00007ffd96a4d0a8, pid=3032, tid=6404
#
# JRE version: OpenJDK Runtime Environment (11.0.15) (build 11.0.15+0-b2043.56-9505619)
# Java VM: OpenJDK 64-Bit Server VM (11.0.15+0-b2043.56-9505619, mixed mode, tiered, compressed oops, g1 gc, windows-amd64)
# Problematic frame:
# V  [jvm.dll+0x91d0a8]
#
# No core dump will be written. Minidumps are not enabled by default on client versions of Windows
#
# If you would like to submit a bug report, please visit:
#   https://bugreport.java.com/bugreport/crash.jsp
# The crash happened outside the Java Virtual Machine in native code.
# See problematic frame for where to report the bug.
#

---------------  S U M M A R Y ------------

Command Line: --add-opens=java.base/java.util=ALL-UNNAMED --add-opens=java.base/java.lang=ALL-UNNAMED --add-opens=java.base/java.lang.invoke=ALL-UNNAMED --add-opens=java.base/java.util=ALL-UNNAMED --add-opens=java.prefs/java.util.prefs=ALL-UNNAMED --add-opens=java.prefs/java.util.prefs=ALL-UNNAMED --add-opens=java.base/java.nio.charset=ALL-UNNAMED --add-opens=java.base/java.net=ALL-UNNAMED --add-opens=java.base/java.util.concurrent.atomic=ALL-UNNAMED -Xmx2048m -Dfile.encoding=UTF-8 -Duser.country=US -Duser.language=en -Duser.variant org.gradle.launcher.daemon.bootstrap.GradleDaemon 7.5

Host: Intel(R) Pentium(R) Gold G6400 CPU @ 4.00GHz, 4 cores, 15G,  Windows 10 , 64 bit Build 19041 (10.0.19041.804)
Time: Mon Apr  3 09:29:53 2023 SE Asia Standard Time elapsed time: 36.474997 seconds (0d 0h 0m 36s)

---------------  T H R E A D  ---------------

Current thread (0x0000029b21913000):  JavaThread "File watcher server" daemon [_thread_in_native, id=6404, stack(0x000000a9c5100000,0x000000a9c5200000)]

Stack: [0x000000a9c5100000,0x000000a9c5200000],  sp=0x000000a9c51fe5f8,  free space=1017k
Native frames: (J=compiled Java code, j=interpreted, Vv=VM code, C=native code)
V  [jvm.dll+0x91d0a8]

Java frames: (J=compiled Java code, j=interpreted, Vv=VM code)
j  net.rubygrapefruit.platform.internal.jni.AbstractFileEventFunctions$NativeFileWatcher.executeRunLoop0(Ljava/lang/Object;)V+0
j  net.rubygrapefruit.platform.internal.jni.AbstractFileEventFunctions$NativeFileWatcher.access$100(Lnet/rubygrapefruit/platform/internal/jni/AbstractFileEventFunctions$NativeFileWatcher;Ljava/lang/Object;)V+2
j  net.rubygrapefruit.platform.internal.jni.AbstractFileEventFunctions$NativeFileWatcher$1.run()V+26
v  ~StubRoutines::call_stub

siginfo: EXCEPTION_ACCESS_VIOLATION (0xc0000005), data execution prevention violation at address 0x00007ffd96a4d0a8


Register to memory mapping:

RIP=0x00007ffd96a4d0a8 jvm.dll
RAX=0x00007ffd96a4d0a8 jvm.dll
RBX=0x0 is NULL
RCX=0x000000a9c8ff9d88 is pointing into the stack for thread: 0x0000029b23cce000
RDX=0x0 is NULL
RSP=0x000000a9c51fe5f8 is pointing into the stack for thread: 0x0000029b21913000
RBP=0x000000a9c51fefc8 is pointing into the stack for thread: 0x0000029b21913000
RSI=0x000000a9c8ff9d80 is pointing into the stack for thread: 0x0000029b23cce000
RDI=0x000000a9c8ff9d40 is pointing into the stack for thread: 0x0000029b23cce000
R8 =0x0000029b03740fc0 points into unknown readable memory: 0x0000029b03740cc0 | c0 0c 74 03 9b 02 00 00
R9 =0x0000000000000001 is an unknown value
R10=0x0000000000008000 is an unknown value
R11=0x000000a9c51fe2b0 is pointing into the stack for thread: 0x0000029b21913000
R12=0x0 is NULL
R13={method} {0x0000029b24c6fd60} 'executeRunLoop0' '(Ljava/lang/Object;)V' in 'net/rubygrapefruit/platform/internal/jni/AbstractFileEventFunctions$NativeFileWatcher'
R14=0x0 is NULL
R15=0x0000029b21913000 is a thread


Registers:
RAX=0x00007ffd96a4d0a8, RBX=0x0000000000000000, RCX=0x000000a9c8ff9d88, RDX=0x0000000000000000
RSP=0x000000a9c51fe5f8, RBP=0x000000a9c51fefc8, RSI=0x000000a9c8ff9d80, RDI=0x000000a9c8ff9d40
R8 =0x0000029b03740fc0, R9 =0x0000000000000001, R10=0x0000000000008000, R11=0x000000a9c51fe2b0
R12=0x0000000000000000, R13=0x0000029b24c6fd58, R14=0x0000000000000000, R15=0x0000029b21913000
RIP=0x00007ffd96a4d0a8, EFLAGS=0x0000000000010296

Top of Stack: (sp=0x000000a9c51fe5f8)
0x000000a9c51fe5f8:   00007ffd933063b9 0000000000000000
0x000000a9c51fe608:   0000029b0949fa7a 0000029b1fa35990
0x000000a9c51fe618:   00007ffd932e3133 0000029b228607c8
0x000000a9c51fe628:   000000008c5dd630 0000e1e7bc7ea373
0x000000a9c51fe638:   00007ffd932eda83 000000a9c51feff0
0x000000a9c51fe648:   000000a9c8ff9d40 00007ffd932df150
0x000000a9c51fe658:   00007ffd932f709b 000000a9c8ff9d80
0x000000a9c51fe668:   000000008041aff8 0000000000000000
0x000000a9c51fe678:   00007ffd932ebfae 0000029b228607c0
0x000000a9c51fe688:   00007ffd932e92a6 000000a9c8ff9d80
0x000000a9c51fe698:   0000000000000000 0000029b228607c0
0x000000a9c51fe6a8:   00007ffd932c57b3 0000000000000000
0x000000a9c51fe6b8:   00007ffd932f64c2 000000a9c51fe700
0x000000a9c51fe6c8:   000000a9c8ff9d80 0000029b1f6c4a20
0x000000a9c51fe6d8:   0000000000000000 000000008040dc01
0x000000a9c51fe6e8:   0000029b1f5dfd50 0000000000000000 

Instructions: (pc=0x00007ffd96a4d0a8)
0x00007ffd96a4cfa8:   6c 65 64 00 00 00 00 00 20 fc af 96 fd 7f 00 00
0x00007ffd96a4cfb8:   50 19 1a 96 fd 7f 00 00 30 9a 1e 96 fd 7f 00 00
0x00007ffd96a4cfc8:   f0 4c 72 96 fd 7f 00 00 40 2e 72 96 fd 7f 00 00
0x00007ffd96a4cfd8:   00 2f 72 96 fd 7f 00 00 e0 34 1a 96 fd 7f 00 00
0x00007ffd96a4cfe8:   80 0a 14 96 fd 7f 00 00 a0 fc af 96 fd 7f 00 00
0x00007ffd96a4cff8:   50 19 1a 96 fd 7f 00 00 30 9a 1e 96 fd 7f 00 00
0x00007ffd96a4d008:   70 bd 1f 96 fd 7f 00 00 c0 b9 1f 96 fd 7f 00 00
0x00007ffd96a4d018:   f0 ba 1f 96 fd 7f 00 00 00 bb 1f 96 fd 7f 00 00
0x00007ffd96a4d028:   30 99 13 96 fd 7f 00 00 20 fd af 96 fd 7f 00 00
0x00007ffd96a4d038:   50 19 1a 96 fd 7f 00 00 30 9a 1e 96 fd 7f 00 00
0x00007ffd96a4d048:   70 bd 1f 96 fd 7f 00 00 c0 b9 1f 96 fd 7f 00 00
0x00007ffd96a4d058:   f0 ba 1f 96 fd 7f 00 00 00 bb 1f 96 fd 7f 00 00
0x00007ffd96a4d068:   30 99 13 96 fd 7f 00 00 4d 65 74 68 6f 64 73 20
0x00007ffd96a4d078:   25 73 20 6e 6f 6e 2d 63 6f 6d 70 61 72 61 62 6c
0x00007ffd96a4d088:   65 20 77 69 74 68 20 64 69 61 67 6e 6f 73 69 73
0x00007ffd96a4d098:   20 25 64 00 00 00 00 00 a0 fd af 96 fd 7f 00 00
0x00007ffd96a4d0a8:   80 0a 14 96 fd 7f 00 00 30 99 13 96 fd 7f 00 00
0x00007ffd96a4d0b8:   30 99 13 96 fd 7f 00 00 30 99 13 96 fd 7f 00 00
0x00007ffd96a4d0c8:   30 99 13 96 fd 7f 00 00 80 0a 14 96 fd 7f 00 00
0x00007ffd96a4d0d8:   20 31 1a 96 fd 7f 00 00 30 73 1a 96 fd 7f 00 00
0x00007ffd96a4d0e8:   00 66 72 96 fd 7f 00 00 10 66 72 96 fd 7f 00 00
0x00007ffd96a4d0f8:   a0 f5 63 96 fd 7f 00 00 70 66 72 96 fd 7f 00 00
0x00007ffd96a4d108:   30 99 13 96 fd 7f 00 00 30 89 13 96 fd 7f 00 00
0x00007ffd96a4d118:   7b 6d 65 74 68 6f 64 20 63 6f 75 6e 74 65 72 73
0x00007ffd96a4d128:   7d 00 00 00 00 00 00 00 49 74 65 72 28 4d 65 74
0x00007ffd96a4d138:   68 6f 64 43 6f 75 6e 74 65 72 73 29 3a 20 25 70
0x00007ffd96a4d148:   00 00 00 00 00 00 00 00 6d 65 74 68 6f 64 20 63
0x00007ffd96a4d158:   6f 75 6e 74 65 72 73 00 28 fe af 96 fd 7f 00 00
0x00007ffd96a4d168:   80 0a 14 96 fd 7f 00 00 30 99 13 96 fd 7f 00 00
0x00007ffd96a4d178:   30 99 13 96 fd 7f 00 00 80 0a 14 96 fd 7f 00 00
0x00007ffd96a4d188:   30 99 13 96 fd 7f 00 00 30 99 13 96 fd 7f 00 00
0x00007ffd96a4d198:   80 b6 72 96 fd 7f 00 00 30 74 1a 96 fd 7f 00 00 


Stack slot to memory mapping:
stack at sp + 0 slots: 0x00007ffd933063b9 native-platform-file-events.dll
stack at sp + 1 slots: 0x0 is NULL
stack at sp + 2 slots: 0x0000029b0949fa7a is at code_begin+2458 in an Interpreter codelet
method entry point (kind = native)  [0x0000029b0949f0e0, 0x0000029b0949fb60]  2688 bytes
stack at sp + 3 slots: {method} {0x0000029b1fa35998} 'findEntry' '(Ljava/lang/String;)J' in 'java/lang/ClassLoader$NativeLibrary'
stack at sp + 4 slots: 0x00007ffd932e3133 native-platform-file-events.dll
stack at sp + 5 slots: 0x0000029b228607c8 points into unknown readable memory: 0x0000029b22f195a0 | a0 95 f1 22 9b 02 00 00
stack at sp + 6 slots: 0x000000008c5dd630 is an unallocated location in the heap
stack at sp + 7 slots: 0x0000e1e7bc7ea373 is an unknown value


---------------  P R O C E S S  ---------------

Threads class SMR info:
_java_thread_list=0x0000029b26386760, length=89, elements={
0x0000029b05972800, 0x0000029b1f5bb000, 0x0000029b1f5bc800, 0x0000029b1fe51000,
0x0000029b1fe52000, 0x0000029b1fe55000, 0x0000029b1fe5a800, 0x0000029b1fe5e800,
0x0000029b1fe60000, 0x0000029b1ffd3800, 0x0000029b2194d800, 0x0000029b218df000,
0x0000029b2214e000, 0x0000029b21d45800, 0x0000029b20ab8800, 0x0000029b21911800,
0x0000029b21910800, 0x0000029b21912000, 0x0000029b21913000, 0x0000029b21914000,
0x0000029b21914800, 0x0000029b21915800, 0x0000029b21916000, 0x0000029b22f63800,
0x0000029b22f65000, 0x0000029b25cf0000, 0x0000029b25cea000, 0x0000029b25cf1800,
0x0000029b23ae8000, 0x0000029b23ae4000, 0x0000029b23ae9000, 0x0000029b23ae6000,
0x0000029b23ae6800, 0x0000029b23ae7800, 0x0000029b23ae5000, 0x0000029b23ae3800,
0x0000029b23aea000, 0x0000029b23aee000, 0x0000029b23aef000, 0x0000029b23aef800,
0x0000029b23af0800, 0x0000029b23aed000, 0x0000029b23aea800, 0x0000029b23aec800,
0x0000029b23af1000, 0x0000029b23aeb800, 0x0000029b23af2000, 0x0000029b2995c800,
0x0000029b2995f000, 0x0000029b2995e000, 0x0000029b2995b000, 0x0000029b29961800,
0x0000029b29960000, 0x0000029b29963000, 0x0000029b29962800, 0x0000029b29960800,
0x0000029b2995d800, 0x0000029b29965000, 0x0000029b29965800, 0x0000029b29966800,
0x0000029b29968000, 0x0000029b29969800, 0x0000029b29967000, 0x0000029b29969000,
0x0000029b29964000, 0x0000029b25ce5800, 0x0000029b25ce8800, 0x0000029b25ce6000,
0x0000029b25ce9800, 0x0000029b25ce3800, 0x0000029b25ce4800, 0x0000029b25ce7800,
0x0000029b25ce7000, 0x0000029b25cf0800, 0x0000029b25cec000, 0x0000029b25cec800,
0x0000029b25ced800, 0x0000029b25ceb000, 0x0000029b25cf2800, 0x0000029b25cee000,
0x0000029b25cef000, 0x0000029b23ccb800, 0x0000029b23cd0800, 0x0000029b23ccc800,
0x0000029b23cce000, 0x0000029b23cce800, 0x0000029b23ccd000, 0x0000029b23cd2000,
0x0000029b23cd1000
}

Java Threads: ( => current thread )
  0x0000029b05972800 JavaThread "main" [_thread_blocked, id=6248, stack(0x000000a9c2c00000,0x000000a9c2d00000)]
  0x0000029b1f5bb000 JavaThread "Reference Handler" daemon [_thread_blocked, id=1848, stack(0x000000a9c3600000,0x000000a9c3700000)]
  0x0000029b1f5bc800 JavaThread "Finalizer" daemon [_thread_blocked, id=5304, stack(0x000000a9c3700000,0x000000a9c3800000)]
  0x0000029b1fe51000 JavaThread "Signal Dispatcher" daemon [_thread_blocked, id=8776, stack(0x000000a9c3800000,0x000000a9c3900000)]
  0x0000029b1fe52000 JavaThread "Attach Listener" daemon [_thread_blocked, id=5004, stack(0x000000a9c3900000,0x000000a9c3a00000)]
  0x0000029b1fe55000 JavaThread "Service Thread" daemon [_thread_blocked, id=8640, stack(0x000000a9c3a00000,0x000000a9c3b00000)]
  0x0000029b1fe5a800 JavaThread "C2 CompilerThread0" daemon [_thread_in_native, id=10204, stack(0x000000a9c3b00000,0x000000a9c3c00000)]
  0x0000029b1fe5e800 JavaThread "C1 CompilerThread0" daemon [_thread_blocked, id=8668, stack(0x000000a9c3c00000,0x000000a9c3d00000)]
  0x0000029b1fe60000 JavaThread "Sweeper thread" daemon [_thread_blocked, id=4028, stack(0x000000a9c3d00000,0x000000a9c3e00000)]
  0x0000029b1ffd3800 JavaThread "Common-Cleaner" daemon [_thread_blocked, id=8760, stack(0x000000a9c3e00000,0x000000a9c3f00000)]
  0x0000029b2194d800 JavaThread "Daemon health stats" [_thread_blocked, id=10784, stack(0x000000a9c4400000,0x000000a9c4500000)]
  0x0000029b218df000 JavaThread "Incoming local TCP Connector on port 57863" [_thread_in_native, id=8276, stack(0x000000a9c4500000,0x000000a9c4600000)]
  0x0000029b2214e000 JavaThread "Daemon periodic checks" [_thread_blocked, id=3672, stack(0x000000a9c4600000,0x000000a9c4700000)]
  0x0000029b21d45800 JavaThread "Daemon" [_thread_blocked, id=9508, stack(0x000000a9c4700000,0x000000a9c4800000)]
  0x0000029b20ab8800 JavaThread "Daemon worker" [_thread_blocked, id=10656, stack(0x000000a9c4a00000,0x000000a9c4b00000)]
  0x0000029b21911800 JavaThread "Cache worker for journal cache (C:\Users\it_04\.gradle\caches\journal-1)" [_thread_blocked, id=7204, stack(0x000000a9c4e00000,0x000000a9c4f00000)]
  0x0000029b21910800 JavaThread "File lock request listener" [_thread_in_native, id=1156, stack(0x000000a9c4f00000,0x000000a9c5000000)]
  0x0000029b21912000 JavaThread "Cache worker for file hash cache (C:\Users\it_04\.gradle\caches\7.5\fileHashes)" [_thread_blocked, id=5496, stack(0x000000a9c5000000,0x000000a9c5100000)]
=>0x0000029b21913000 JavaThread "File watcher server" daemon [_thread_in_native, id=6404, stack(0x000000a9c5100000,0x000000a9c5200000)]
  0x0000029b21914000 JavaThread "jar transforms" [_thread_blocked, id=3464, stack(0x000000a9c5300000,0x000000a9c5400000)]
  0x0000029b21914800 JavaThread "jar transforms Thread 2" [_thread_blocked, id=3488, stack(0x000000a9c5400000,0x000000a9c5500000)]
  0x0000029b21915800 JavaThread "jar transforms Thread 3" [_thread_blocked, id=8096, stack(0x000000a9c5500000,0x000000a9c5600000)]
  0x0000029b21916000 JavaThread "jar transforms Thread 4" [_thread_blocked, id=6908, stack(0x000000a9c5600000,0x000000a9c5700000)]
  0x0000029b22f63800 JavaThread "Cache worker for file content cache (C:\Users\it_04\.gradle\caches\7.5\fileContent)" [_thread_blocked, id=10116, stack(0x000000a9c5900000,0x000000a9c5a00000)]
  0x0000029b22f65000 JavaThread "Cache worker for execution history cache (C:\Users\it_04\.gradle\caches\7.5\executionHistory)" [_thread_blocked, id=11200, stack(0x000000a9c5c00000,0x000000a9c5d00000)]
  0x0000029b25cf0000 JavaThread "Memory manager" [_thread_blocked, id=5500, stack(0x000000a9c8700000,0x000000a9c8800000)]
  0x0000029b25cea000 JavaThread "pool-3-thread-1" [_thread_blocked, id=1392, stack(0x000000a9c8800000,0x000000a9c8900000)]
  0x0000029b25cf1800 JavaThread "included builds" [_thread_blocked, id=8084, stack(0x000000a9c8900000,0x000000a9c8a00000)]
  0x0000029b23ae8000 JavaThread "pool-6-thread-1" [_thread_blocked, id=5132, stack(0x000000a9c8b00000,0x000000a9c8c00000)]
  0x0000029b23ae4000 JavaThread "included builds" [_thread_blocked, id=6544, stack(0x000000a9c8d00000,0x000000a9c8e00000)]
  0x0000029b23ae9000 JavaThread "Handler for socket connection from /127.0.0.1:57863 to /127.0.0.1:57888" [_thread_in_native, id=3904, stack(0x000000a9c4000000,0x000000a9c4100000)]
  0x0000029b23ae6000 JavaThread "Cancel handler" [_thread_blocked, id=8376, stack(0x000000a9c4800000,0x000000a9c4900000)]
  0x0000029b23ae6800 JavaThread "Asynchronous log dispatcher for DefaultDaemonConnection: socket connection from /127.0.0.1:57863 to /127.0.0.1:57888" [_thread_blocked, id=7396, stack(0x000000a9c4900000,0x000000a9c4a00000)]
  0x0000029b23ae7800 JavaThread "Stdin handler" [_thread_blocked, id=10500, stack(0x000000a9c4b00000,0x000000a9c4c00000)]
  0x0000029b23ae5000 JavaThread "Daemon client event forwarder" [_thread_blocked, id=6508, stack(0x000000a9c4c00000,0x000000a9c4d00000)]
  0x0000029b23ae3800 JavaThread "Cache worker for checksums cache (D:\SourceAndroid\KyThuat\.gradle\7.5\checksums)" [_thread_blocked, id=10016, stack(0x000000a9c5700000,0x000000a9c5800000)]
  0x0000029b23aea000 JavaThread "Cache worker for cache directory md-rule (C:\Users\it_04\.gradle\caches\7.5\md-rule)" [_thread_blocked, id=10704, stack(0x000000a9c5800000,0x000000a9c5900000)]
  0x0000029b23aee000 JavaThread "Cache worker for file hash cache (D:\SourceAndroid\KyThuat\.gradle\7.5\fileHashes)" [_thread_blocked, id=9340, stack(0x000000a9c5a00000,0x000000a9c5b00000)]
  0x0000029b23aef000 JavaThread "Cache worker for cache directory md-supplier (C:\Users\it_04\.gradle\caches\7.5\md-supplier)" [_thread_blocked, id=9064, stack(0x000000a9c5b00000,0x000000a9c5c00000)]
  0x0000029b23aef800 JavaThread "Cache worker for dependencies-accessors (D:\SourceAndroid\KyThuat\.gradle\7.5\dependencies-accessors)" [_thread_blocked, id=8712, stack(0x000000a9c5d00000,0x000000a9c5e00000)]
  0x0000029b23af0800 JavaThread "Cache worker for Build Output Cleanup Cache (D:\SourceAndroid\KyThuat\.gradle\buildOutputCleanup)" [_thread_blocked, id=8488, stack(0x000000a9c5e00000,0x000000a9c5f00000)]
  0x0000029b23aed000 JavaThread "Unconstrained build operations" [_thread_blocked, id=9680, stack(0x000000a9c5f00000,0x000000a9c6000000)]
  0x0000029b23aea800 JavaThread "Unconstrained build operations Thread 2" [_thread_blocked, id=6432, stack(0x000000a9c6000000,0x000000a9c6100000)]
  0x0000029b23aec800 JavaThread "Unconstrained build operations Thread 3" [_thread_blocked, id=9060, stack(0x000000a9c6100000,0x000000a9c6200000)]
  0x0000029b23af1000 JavaThread "Unconstrained build operations Thread 4" [_thread_blocked, id=2184, stack(0x000000a9c6200000,0x000000a9c6300000)]
  0x0000029b23aeb800 JavaThread "Unconstrained build operations Thread 5" [_thread_blocked, id=2220, stack(0x000000a9c6300000,0x000000a9c6400000)]
  0x0000029b23af2000 JavaThread "Unconstrained build operations Thread 6" [_thread_blocked, id=9552, stack(0x000000a9c6400000,0x000000a9c6500000)]
  0x0000029b2995c800 JavaThread "Unconstrained build operations Thread 7" [_thread_blocked, id=7696, stack(0x000000a9c6500000,0x000000a9c6600000)]
  0x0000029b2995f000 JavaThread "Unconstrained build operations Thread 8" [_thread_blocked, id=10788, stack(0x000000a9c6600000,0x000000a9c6700000)]
  0x0000029b2995e000 JavaThread "Unconstrained build operations Thread 9" [_thread_blocked, id=1456, stack(0x000000a9c6700000,0x000000a9c6800000)]
  0x0000029b2995b000 JavaThread "Unconstrained build operations Thread 10" [_thread_blocked, id=4792, stack(0x000000a9c6800000,0x000000a9c6900000)]
  0x0000029b29961800 JavaThread "Unconstrained build operations Thread 11" [_thread_blocked, id=1728, stack(0x000000a9c6900000,0x000000a9c6a00000)]
  0x0000029b29960000 JavaThread "Unconstrained build operations Thread 12" [_thread_blocked, id=8832, stack(0x000000a9c6a00000,0x000000a9c6b00000)]
  0x0000029b29963000 JavaThread "Unconstrained build operations Thread 13" [_thread_blocked, id=10280, stack(0x000000a9c6b00000,0x000000a9c6c00000)]
  0x0000029b29962800 JavaThread "Unconstrained build operations Thread 14" [_thread_blocked, id=4948, stack(0x000000a9c6c00000,0x000000a9c6d00000)]
  0x0000029b29960800 JavaThread "Unconstrained build operations Thread 15" [_thread_blocked, id=1536, stack(0x000000a9c6d00000,0x000000a9c6e00000)]
  0x0000029b2995d800 JavaThread "Unconstrained build operations Thread 16" [_thread_blocked, id=5176, stack(0x000000a9c6e00000,0x000000a9c6f00000)]
  0x0000029b29965000 JavaThread "Unconstrained build operations Thread 17" [_thread_blocked, id=8588, stack(0x000000a9c6f00000,0x000000a9c7000000)]
  0x0000029b29965800 JavaThread "Unconstrained build operations Thread 18" [_thread_blocked, id=3884, stack(0x000000a9c7000000,0x000000a9c7100000)]
  0x0000029b29966800 JavaThread "Unconstrained build operations Thread 19" [_thread_blocked, id=4504, stack(0x000000a9c7100000,0x000000a9c7200000)]
  0x0000029b29968000 JavaThread "Unconstrained build operations Thread 20" [_thread_blocked, id=1984, stack(0x000000a9c7200000,0x000000a9c7300000)]
  0x0000029b29969800 JavaThread "Unconstrained build operations Thread 21" [_thread_blocked, id=1196, stack(0x000000a9c7300000,0x000000a9c7400000)]
  0x0000029b29967000 JavaThread "Unconstrained build operations Thread 22" [_thread_blocked, id=2296, stack(0x000000a9c7400000,0x000000a9c7500000)]
  0x0000029b29969000 JavaThread "Unconstrained build operations Thread 23" [_thread_blocked, id=9400, stack(0x000000a9c7500000,0x000000a9c7600000)]
  0x0000029b29964000 JavaThread "Unconstrained build operations Thread 24" [_thread_blocked, id=6348, stack(0x000000a9c7600000,0x000000a9c7700000)]
  0x0000029b25ce5800 JavaThread "Unconstrained build operations Thread 25" [_thread_blocked, id=6948, stack(0x000000a9c7700000,0x000000a9c7800000)]
  0x0000029b25ce8800 JavaThread "Unconstrained build operations Thread 26" [_thread_blocked, id=9648, stack(0x000000a9c7800000,0x000000a9c7900000)]
  0x0000029b25ce6000 JavaThread "Unconstrained build operations Thread 27" [_thread_blocked, id=6488, stack(0x000000a9c7900000,0x000000a9c7a00000)]
  0x0000029b25ce9800 JavaThread "Unconstrained build operations Thread 28" [_thread_blocked, id=10552, stack(0x000000a9c7a00000,0x000000a9c7b00000)]
  0x0000029b25ce3800 JavaThread "Unconstrained build operations Thread 29" [_thread_blocked, id=11168, stack(0x000000a9c7b00000,0x000000a9c7c00000)]
  0x0000029b25ce4800 JavaThread "Unconstrained build operations Thread 30" [_thread_blocked, id=7960, stack(0x000000a9c7c00000,0x000000a9c7d00000)]
  0x0000029b25ce7800 JavaThread "Unconstrained build operations Thread 31" [_thread_blocked, id=11096, stack(0x000000a9c7d00000,0x000000a9c7e00000)]
  0x0000029b25ce7000 JavaThread "Unconstrained build operations Thread 32" [_thread_blocked, id=11048, stack(0x000000a9c7e00000,0x000000a9c7f00000)]
  0x0000029b25cf0800 JavaThread "Unconstrained build operations Thread 33" [_thread_blocked, id=1628, stack(0x000000a9c7f00000,0x000000a9c8000000)]
  0x0000029b25cec000 JavaThread "Unconstrained build operations Thread 34" [_thread_blocked, id=11180, stack(0x000000a9c8000000,0x000000a9c8100000)]
  0x0000029b25cec800 JavaThread "Unconstrained build operations Thread 35" [_thread_blocked, id=256, stack(0x000000a9c8100000,0x000000a9c8200000)]
  0x0000029b25ced800 JavaThread "Unconstrained build operations Thread 36" [_thread_blocked, id=2976, stack(0x000000a9c8200000,0x000000a9c8300000)]
  0x0000029b25ceb000 JavaThread "Unconstrained build operations Thread 37" [_thread_blocked, id=8876, stack(0x000000a9c8300000,0x000000a9c8400000)]
  0x0000029b25cf2800 JavaThread "Unconstrained build operations Thread 38" [_thread_blocked, id=7620, stack(0x000000a9c8400000,0x000000a9c8500000)]
  0x0000029b25cee000 JavaThread "Unconstrained build operations Thread 39" [_thread_blocked, id=10764, stack(0x000000a9c8500000,0x000000a9c8600000)]
  0x0000029b25cef000 JavaThread "Unconstrained build operations Thread 40" [_thread_blocked, id=5928, stack(0x000000a9c8600000,0x000000a9c8700000)]
  0x0000029b23ccb800 JavaThread "build event listener" [_thread_blocked, id=1036, stack(0x000000a9c8a00000,0x000000a9c8b00000)]
  0x0000029b23cd0800 JavaThread "pool-9-thread-1" [_thread_blocked, id=8120, stack(0x000000a9c8c00000,0x000000a9c8d00000)]
  0x0000029b23ccc800 JavaThread "build event listener" [_thread_blocked, id=6448, stack(0x000000a9c8e00000,0x000000a9c8f00000)]
  0x0000029b23cce000 JavaThread "included builds" [_thread_blocked, id=1292, stack(0x000000a9c8f00000,0x000000a9c9000000)]
  0x0000029b23cce800 JavaThread "Execution worker" [_thread_in_vm, id=9528, stack(0x000000a9c9000000,0x000000a9c9100000)]
  0x0000029b23ccd000 JavaThread "Execution worker Thread 2" [_thread_blocked, id=8672, stack(0x000000a9c9100000,0x000000a9c9200000)]
  0x0000029b23cd2000 JavaThread "Execution worker Thread 3" [_thread_blocked, id=3640, stack(0x000000a9c9200000,0x000000a9c9300000)]
  0x0000029b23cd1000 JavaThread "Cache worker for execution history cache (D:\SourceAndroid\KyThuat\.gradle\7.5\executionHistory)" [_thread_blocked, id=2212, stack(0x000000a9c9300000,0x000000a9c9400000)]

Other Threads:
  0x0000029b1fdd7000 VMThread "VM Thread" [stack: 0x000000a9c3500000,0x000000a9c3600000] [id=8848]
  0x0000029b1ffd5800 WatcherThread [stack: 0x000000a9c3f00000,0x000000a9c4000000] [id=4568]
  0x0000029b0598b800 GCTaskThread "GC Thread#0" [stack: 0x000000a9c3000000,0x000000a9c3100000] [id=10140]
  0x0000029b20bed800 GCTaskThread "GC Thread#1" [stack: 0x000000a9c4100000,0x000000a9c4200000] [id=9424]
  0x0000029b2075a800 GCTaskThread "GC Thread#2" [stack: 0x000000a9c4200000,0x000000a9c4300000] [id=6420]
  0x0000029b202f8800 GCTaskThread "GC Thread#3" [stack: 0x000000a9c4300000,0x000000a9c4400000] [id=1520]
  0x0000029b059bb800 ConcurrentGCThread "G1 Main Marker" [stack: 0x000000a9c3100000,0x000000a9c3200000] [id=9824]
  0x0000029b059bd800 ConcurrentGCThread "G1 Conc#0" [stack: 0x000000a9c3200000,0x000000a9c3300000] [id=9364]
  0x0000029b05a3e000 ConcurrentGCThread "G1 Refine#0" [stack: 0x000000a9c3300000,0x000000a9c3400000] [id=9940]
  0x0000029b1f43a800 ConcurrentGCThread "G1 Young RemSet Sampling" [stack: 0x000000a9c3400000,0x000000a9c3500000] [id=8852]

Threads with active compile tasks:
C2 CompilerThread0    36490 13043       4       org.gradle.internal.snapshot.VfsRelativePath::lengthOfCommonPrefix (173 bytes)

VM state:not at safepoint (normal execution)

VM Mutex/Monitor currently owned by a thread: None

Heap address: 0x0000000080000000, size: 2048 MB, Compressed Oops mode: 32-bit
Narrow klass base: 0x0000000000000000, Narrow klass shift: 3
Compressed class space size: 1073741824 Address: 0x0000000100000000

Heap:
 garbage-first heap   total 312320K, used 198736K [0x0000000080000000, 0x0000000100000000)
  region size 1024K, 15 young (15360K), 10 survivors (10240K)
 Metaspace       used 106814K, capacity 109899K, committed 109988K, reserved 1144832K
  class space    used 13321K, capacity 14352K, committed 14412K, reserved 1048576K
Heap Regions: E=young(eden), S=young(survivor), O=old, HS=humongous(starts), HC=humongous(continues), CS=collection set, F=free, A=archive, TAMS=top-at-mark-start (previous, next)
|   0|0x0000000080000000, 0x0000000080100000, 0x0000000080100000|100%|HS|  |TAMS 0x0000000080100000, 0x0000000080000000| Complete 
|   1|0x0000000080100000, 0x0000000080200000, 0x0000000080200000|100%|HC|  |TAMS 0x0000000080200000, 0x0000000080100000| Complete 
|   2|0x0000000080200000, 0x0000000080300000, 0x0000000080300000|100%|HC|  |TAMS 0x0000000080300000, 0x0000000080200000| Complete 
|   3|0x0000000080300000, 0x0000000080400000, 0x0000000080400000|100%| O|  |TAMS 0x0000000080400000, 0x0000000080300000| Untracked 
|   4|0x0000000080400000, 0x0000000080500000, 0x0000000080500000|100%| O|  |TAMS 0x0000000080500000, 0x0000000080400000| Untracked 
|   5|0x0000000080500000, 0x0000000080600000, 0x0000000080600000|100%| O|  |TAMS 0x0000000080600000, 0x0000000080500000| Untracked 
|   6|0x0000000080600000, 0x0000000080700000, 0x0000000080700000|100%| O|  |TAMS 0x0000000080700000, 0x0000000080600000| Untracked 
|   7|0x0000000080700000, 0x0000000080800000, 0x0000000080800000|100%| O|  |TAMS 0x0000000080800000, 0x0000000080700000| Untracked 
|   8|0x0000000080800000, 0x0000000080900000, 0x0000000080900000|100%| O|  |TAMS 0x0000000080900000, 0x0000000080800000| Untracked 
|   9|0x0000000080900000, 0x0000000080a00000, 0x0000000080a00000|100%| O|  |TAMS 0x0000000080a00000, 0x0000000080900000| Untracked 
|  10|0x0000000080a00000, 0x0000000080b00000, 0x0000000080b00000|100%| O|  |TAMS 0x0000000080b00000, 0x0000000080a00000| Untracked 
|  11|0x0000000080b00000, 0x0000000080c00000, 0x0000000080c00000|100%| O|  |TAMS 0x0000000080c00000, 0x0000000080b00000| Untracked 
|  12|0x0000000080c00000, 0x0000000080d00000, 0x0000000080d00000|100%| O|  |TAMS 0x0000000080d00000, 0x0000000080c00000| Untracked 
|  13|0x0000000080d00000, 0x0000000080e00000, 0x0000000080e00000|100%| O|  |TAMS 0x0000000080e00000, 0x0000000080d00000| Untracked 
|  14|0x0000000080e00000, 0x0000000080f00000, 0x0000000080f00000|100%|HS|  |TAMS 0x0000000080f00000, 0x0000000080e00000| Complete 
|  15|0x0000000080f00000, 0x0000000081000000, 0x0000000081000000|100%|HC|  |TAMS 0x0000000081000000, 0x0000000080f00000| Complete 
|  16|0x0000000081000000, 0x0000000081100000, 0x0000000081100000|100%|HS|  |TAMS 0x0000000081100000, 0x0000000081000000| Complete 
|  17|0x0000000081100000, 0x0000000081200000, 0x0000000081200000|100%|HC|  |TAMS 0x0000000081200000, 0x0000000081100000| Complete 
|  18|0x0000000081200000, 0x0000000081300000, 0x0000000081300000|100%|HC|  |TAMS 0x0000000081300000, 0x0000000081200000| Complete 
|  19|0x0000000081300000, 0x0000000081400000, 0x0000000081400000|100%|HS|  |TAMS 0x0000000081400000, 0x0000000081300000| Complete 
|  20|0x0000000081400000, 0x0000000081500000, 0x0000000081500000|100%|HC|  |TAMS 0x0000000081500000, 0x0000000081400000| Complete 
|  21|0x0000000081500000, 0x0000000081600000, 0x0000000081600000|100%|HC|  |TAMS 0x0000000081600000, 0x0000000081500000| Complete 
|  22|0x0000000081600000, 0x0000000081700000, 0x0000000081700000|100%|HS|  |TAMS 0x0000000081700000, 0x0000000081600000| Complete 
|  23|0x0000000081700000, 0x0000000081800000, 0x0000000081800000|100%|HC|  |TAMS 0x0000000081800000, 0x0000000081700000| Complete 
|  24|0x0000000081800000, 0x0000000081900000, 0x0000000081900000|100%|HC|  |TAMS 0x0000000081900000, 0x0000000081800000| Complete 
|  25|0x0000000081900000, 0x0000000081a00000, 0x0000000081a00000|100%|HC|  |TAMS 0x0000000081a00000, 0x0000000081900000| Complete 
|  26|0x0000000081a00000, 0x0000000081b00000, 0x0000000081b00000|100%|HC|  |TAMS 0x0000000081b00000, 0x0000000081a00000| Complete 
|  27|0x0000000081b00000, 0x0000000081c00000, 0x0000000081c00000|100%|HS|  |TAMS 0x0000000081c00000, 0x0000000081b00000| Complete 
|  28|0x0000000081c00000, 0x0000000081d00000, 0x0000000081d00000|100%|HC|  |TAMS 0x0000000081d00000, 0x0000000081c00000| Complete 
|  29|0x0000000081d00000, 0x0000000081e00000, 0x0000000081e00000|100%| O|  |TAMS 0x0000000081e00000, 0x0000000081d00000| Untracked 
|  30|0x0000000081e00000, 0x0000000081f00000, 0x0000000081f00000|100%| O|  |TAMS 0x0000000081f00000, 0x0000000081e00000| Untracked 
|  31|0x0000000081f00000, 0x0000000082000000, 0x0000000082000000|100%| O|  |TAMS 0x0000000082000000, 0x0000000081f00000| Untracked 
|  32|0x0000000082000000, 0x0000000082100000, 0x0000000082100000|100%|HS|  |TAMS 0x0000000082100000, 0x0000000082000000| Complete 
|  33|0x0000000082100000, 0x0000000082200000, 0x0000000082200000|100%|HC|  |TAMS 0x0000000082200000, 0x0000000082100000| Complete 
|  34|0x0000000082200000, 0x0000000082300000, 0x0000000082300000|100%|HC|  |TAMS 0x0000000082300000, 0x0000000082200000| Complete 
|  35|0x0000000082300000, 0x0000000082400000, 0x0000000082400000|100%|HC|  |TAMS 0x0000000082400000, 0x0000000082300000| Complete 
|  36|0x0000000082400000, 0x0000000082500000, 0x0000000082500000|100%|HC|  |TAMS 0x0000000082500000, 0x0000000082400000| Complete 
|  37|0x0000000082500000, 0x0000000082600000, 0x0000000082600000|100%|HC|  |TAMS 0x0000000082600000, 0x0000000082500000| Complete 
|  38|0x0000000082600000, 0x0000000082700000, 0x0000000082700000|100%|HC|  |TAMS 0x0000000082700000, 0x0000000082600000| Complete 
|  39|0x0000000082700000, 0x0000000082800000, 0x0000000082800000|100%|HC|  |TAMS 0x0000000082800000, 0x0000000082700000| Complete 
|  40|0x0000000082800000, 0x0000000082900000, 0x0000000082900000|100%|HC|  |TAMS 0x0000000082900000, 0x0000000082800000| Complete 
|  41|0x0000000082900000, 0x0000000082a00000, 0x0000000082a00000|100%|HC|  |TAMS 0x0000000082a00000, 0x0000000082900000| Complete 
|  42|0x0000000082a00000, 0x0000000082b00000, 0x0000000082b00000|100%|HS|  |TAMS 0x0000000082b00000, 0x0000000082a00000| Complete 
|  43|0x0000000082b00000, 0x0000000082c00000, 0x0000000082c00000|100%|HC|  |TAMS 0x0000000082c00000, 0x0000000082b00000| Complete 
|  44|0x0000000082c00000, 0x0000000082d00000, 0x0000000082d00000|100%|HS|  |TAMS 0x0000000082d00000, 0x0000000082c00000| Complete 
|  45|0x0000000082d00000, 0x0000000082e00000, 0x0000000082e00000|100%|HC|  |TAMS 0x0000000082e00000, 0x0000000082d00000| Complete 
|  46|0x0000000082e00000, 0x0000000082f00000, 0x0000000082f00000|100%|HC|  |TAMS 0x0000000082f00000, 0x0000000082e00000| Complete 
|  47|0x0000000082f00000, 0x0000000083000000, 0x0000000083000000|100%|HS|  |TAMS 0x0000000083000000, 0x0000000082f00000| Complete 
|  48|0x0000000083000000, 0x0000000083100000, 0x0000000083100000|100%|HC|  |TAMS 0x0000000083100000, 0x0000000083000000| Complete 
|  49|0x0000000083100000, 0x0000000083200000, 0x0000000083200000|100%|HS|  |TAMS 0x0000000083200000, 0x0000000083100000| Complete 
|  50|0x0000000083200000, 0x0000000083300000, 0x0000000083300000|100%|HC|  |TAMS 0x0000000083300000, 0x0000000083200000| Complete 
|  51|0x0000000083300000, 0x0000000083400000, 0x0000000083400000|100%|HC|  |TAMS 0x0000000083400000, 0x0000000083300000| Complete 
|  52|0x0000000083400000, 0x0000000083500000, 0x0000000083500000|100%| O|  |TAMS 0x0000000083500000, 0x0000000083400000| Untracked 
|  53|0x0000000083500000, 0x0000000083600000, 0x0000000083600000|100%| O|  |TAMS 0x0000000083600000, 0x0000000083500000| Untracked 
|  54|0x0000000083600000, 0x0000000083700000, 0x0000000083700000|100%| O|  |TAMS 0x0000000083700000, 0x0000000083600000| Untracked 
|  55|0x0000000083700000, 0x0000000083800000, 0x0000000083800000|100%| O|  |TAMS 0x0000000083800000, 0x0000000083700000| Untracked 
|  56|0x0000000083800000, 0x0000000083900000, 0x0000000083900000|100%| O|  |TAMS 0x0000000083900000, 0x0000000083800000| Untracked 
|  57|0x0000000083900000, 0x0000000083a00000, 0x0000000083a00000|100%| O|  |TAMS 0x0000000083a00000, 0x0000000083900000| Untracked 
|  58|0x0000000083a00000, 0x0000000083b00000, 0x0000000083b00000|100%| O|  |TAMS 0x0000000083b00000, 0x0000000083a00000| Untracked 
|  59|0x0000000083b00000, 0x0000000083c00000, 0x0000000083c00000|100%| O|  |TAMS 0x0000000083c00000, 0x0000000083b00000| Untracked 
|  60|0x0000000083c00000, 0x0000000083d00000, 0x0000000083d00000|100%|HS|  |TAMS 0x0000000083d00000, 0x0000000083c00000| Complete 
|  61|0x0000000083d00000, 0x0000000083e00000, 0x0000000083e00000|100%|HC|  |TAMS 0x0000000083e00000, 0x0000000083d00000| Complete 
|  62|0x0000000083e00000, 0x0000000083f00000, 0x0000000083f00000|100%|HC|  |TAMS 0x0000000083f00000, 0x0000000083e00000| Complete 
|  63|0x0000000083f00000, 0x0000000084000000, 0x0000000084000000|100%|HC|  |TAMS 0x0000000084000000, 0x0000000083f00000| Complete 
|  64|0x0000000084000000, 0x0000000084100000, 0x0000000084100000|100%|HC|  |TAMS 0x0000000084100000, 0x0000000084000000| Complete 
|  65|0x0000000084100000, 0x0000000084200000, 0x0000000084200000|100%| O|  |TAMS 0x0000000084200000, 0x0000000084100000| Untracked 
|  66|0x0000000084200000, 0x0000000084300000, 0x0000000084300000|100%| O|  |TAMS 0x0000000084300000, 0x0000000084200000| Untracked 
|  67|0x0000000084300000, 0x0000000084400000, 0x0000000084400000|100%| O|  |TAMS 0x0000000084400000, 0x0000000084300000| Untracked 
|  68|0x0000000084400000, 0x0000000084500000, 0x0000000084500000|100%| O|  |TAMS 0x0000000084500000, 0x0000000084400000| Untracked 
|  69|0x0000000084500000, 0x0000000084600000, 0x0000000084600000|100%| O|  |TAMS 0x0000000084600000, 0x0000000084500000| Untracked 
|  70|0x0000000084600000, 0x0000000084700000, 0x0000000084700000|100%| O|  |TAMS 0x0000000084700000, 0x0000000084600000| Untracked 
|  71|0x0000000084700000, 0x0000000084800000, 0x0000000084800000|100%| O|  |TAMS 0x0000000084800000, 0x0000000084700000| Untracked 
|  72|0x0000000084800000, 0x0000000084900000, 0x0000000084900000|100%| O|  |TAMS 0x0000000084900000, 0x0000000084800000| Untracked 
|  73|0x0000000084900000, 0x0000000084a00000, 0x0000000084a00000|100%| O|  |TAMS 0x0000000084a00000, 0x0000000084900000| Untracked 
|  74|0x0000000084a00000, 0x0000000084b00000, 0x0000000084b00000|100%| O|  |TAMS 0x0000000084b00000, 0x0000000084a00000| Untracked 
|  75|0x0000000084b00000, 0x0000000084c00000, 0x0000000084c00000|100%| O|  |TAMS 0x0000000084c00000, 0x0000000084b00000| Untracked 
|  76|0x0000000084c00000, 0x0000000084d00000, 0x0000000084d00000|100%| O|  |TAMS 0x0000000084d00000, 0x0000000084c00000| Untracked 
|  77|0x0000000084d00000, 0x0000000084e00000, 0x0000000084e00000|100%|HS|  |TAMS 0x0000000084e00000, 0x0000000084d00000| Complete 
|  78|0x0000000084e00000, 0x0000000084f00000, 0x0000000084f00000|100%|HS|  |TAMS 0x0000000084f00000, 0x0000000084e00000| Complete 
|  79|0x0000000084f00000, 0x0000000085000000, 0x0000000085000000|100%| O|  |TAMS 0x0000000085000000, 0x0000000084f00000| Untracked 
|  80|0x0000000085000000, 0x0000000085100000, 0x0000000085100000|100%|HS|  |TAMS 0x0000000085100000, 0x0000000085000000| Complete 
|  81|0x0000000085100000, 0x0000000085200000, 0x0000000085200000|100%|HC|  |TAMS 0x0000000085200000, 0x0000000085100000| Complete 
|  82|0x0000000085200000, 0x0000000085300000, 0x0000000085300000|100%|HS|  |TAMS 0x0000000085300000, 0x0000000085200000| Complete 
|  83|0x0000000085300000, 0x0000000085400000, 0x0000000085400000|100%|HC|  |TAMS 0x0000000085400000, 0x0000000085300000| Complete 
|  84|0x0000000085400000, 0x0000000085500000, 0x0000000085500000|100%|HS|  |TAMS 0x0000000085500000, 0x0000000085400000| Complete 
|  85|0x0000000085500000, 0x0000000085600000, 0x0000000085600000|100%|HC|  |TAMS 0x0000000085600000, 0x0000000085500000| Complete 
|  86|0x0000000085600000, 0x0000000085700000, 0x0000000085700000|100%|HS|  |TAMS 0x0000000085700000, 0x0000000085600000| Complete 
|  87|0x0000000085700000, 0x0000000085800000, 0x0000000085800000|100%|HC|  |TAMS 0x0000000085800000, 0x0000000085700000| Complete 
|  88|0x0000000085800000, 0x0000000085900000, 0x0000000085900000|100%|HC|  |TAMS 0x0000000085900000, 0x0000000085800000| Complete 
|  89|0x0000000085900000, 0x0000000085a00000, 0x0000000085a00000|100%| O|  |TAMS 0x0000000085a00000, 0x0000000085900000| Untracked 
|  90|0x0000000085a00000, 0x0000000085b00000, 0x0000000085b00000|100%| O|  |TAMS 0x0000000085b00000, 0x0000000085a00000| Untracked 
|  91|0x0000000085b00000, 0x0000000085c00000, 0x0000000085c00000|100%| O|  |TAMS 0x0000000085c00000, 0x0000000085b00000| Untracked 
|  92|0x0000000085c00000, 0x0000000085d00000, 0x0000000085d00000|100%| O|  |TAMS 0x0000000085d00000, 0x0000000085c00000| Untracked 
|  93|0x0000000085d00000, 0x0000000085e00000, 0x0000000085e00000|100%| O|  |TAMS 0x0000000085e00000, 0x0000000085d00000| Untracked 
|  94|0x0000000085e00000, 0x0000000085f00000, 0x0000000085f00000|100%| O|  |TAMS 0x0000000085f00000, 0x0000000085e00000| Untracked 
|  95|0x0000000085f00000, 0x0000000086000000, 0x0000000086000000|100%| O|  |TAMS 0x0000000086000000, 0x0000000085f00000| Untracked 
|  96|0x0000000086000000, 0x0000000086100000, 0x0000000086100000|100%|HS|  |TAMS 0x0000000086100000, 0x0000000086000000| Complete 
|  97|0x0000000086100000, 0x0000000086200000, 0x0000000086200000|100%|HC|  |TAMS 0x0000000086200000, 0x0000000086100000| Complete 
|  98|0x0000000086200000, 0x0000000086300000, 0x0000000086300000|100%|HC|  |TAMS 0x0000000086300000, 0x0000000086200000| Complete 
|  99|0x0000000086300000, 0x0000000086400000, 0x0000000086400000|100%|HC|  |TAMS 0x0000000086400000, 0x0000000086300000| Complete 
| 100|0x0000000086400000, 0x0000000086500000, 0x0000000086500000|100%|HC|  |TAMS 0x0000000086500000, 0x0000000086400000| Complete 
| 101|0x0000000086500000, 0x0000000086600000, 0x0000000086600000|100%|HC|  |TAMS 0x0000000086600000, 0x0000000086500000| Complete 
| 102|0x0000000086600000, 0x0000000086700000, 0x0000000086700000|100%|HC|  |TAMS 0x0000000086700000, 0x0000000086600000| Complete 
| 103|0x0000000086700000, 0x0000000086800000, 0x0000000086800000|100%|HC|  |TAMS 0x0000000086800000, 0x0000000086700000| Complete 
| 104|0x0000000086800000, 0x0000000086900000, 0x0000000086900000|100%|HC|  |TAMS 0x0000000086900000, 0x0000000086800000| Complete 
| 105|0x0000000086900000, 0x0000000086a00000, 0x0000000086a00000|100%|HC|  |TAMS 0x0000000086a00000, 0x0000000086900000| Complete 
| 106|0x0000000086a00000, 0x0000000086b00000, 0x0000000086b00000|100%|HS|  |TAMS 0x0000000086b00000, 0x0000000086a00000| Complete 
| 107|0x0000000086b00000, 0x0000000086c00000, 0x0000000086c00000|100%|HC|  |TAMS 0x0000000086c00000, 0x0000000086b00000| Complete 
| 108|0x0000000086c00000, 0x0000000086d00000, 0x0000000086d00000|100%|HC|  |TAMS 0x0000000086d00000, 0x0000000086c00000| Complete 
| 109|0x0000000086d00000, 0x0000000086e00000, 0x0000000086e00000|100%|HS|  |TAMS 0x0000000086e00000, 0x0000000086d00000| Complete 
| 110|0x0000000086e00000, 0x0000000086f00000, 0x0000000086f00000|100%|HC|  |TAMS 0x0000000086f00000, 0x0000000086e00000| Complete 
| 111|0x0000000086f00000, 0x0000000087000000, 0x0000000087000000|100%|HC|  |TAMS 0x0000000087000000, 0x0000000086f00000| Complete 
| 112|0x0000000087000000, 0x0000000087100000, 0x0000000087100000|100%|HC|  |TAMS 0x0000000087100000, 0x0000000087000000| Complete 
| 113|0x0000000087100000, 0x0000000087200000, 0x0000000087200000|100%|HC|  |TAMS 0x0000000087200000, 0x0000000087100000| Complete 
| 114|0x0000000087200000, 0x0000000087300000, 0x0000000087300000|100%|HS|  |TAMS 0x0000000087300000, 0x0000000087200000| Complete 
| 115|0x0000000087300000, 0x0000000087400000, 0x0000000087400000|100%|HC|  |TAMS 0x0000000087400000, 0x0000000087300000| Complete 
| 116|0x0000000087400000, 0x0000000087500000, 0x0000000087500000|100%| O|  |TAMS 0x0000000087500000, 0x0000000087400000| Untracked 
| 117|0x0000000087500000, 0x0000000087600000, 0x0000000087600000|100%| O|  |TAMS 0x0000000087600000, 0x0000000087500000| Untracked 
| 118|0x0000000087600000, 0x0000000087700000, 0x0000000087700000|100%| O|  |TAMS 0x0000000087700000, 0x0000000087600000| Untracked 
| 119|0x0000000087700000, 0x0000000087800000, 0x0000000087800000|100%| O|  |TAMS 0x0000000087800000, 0x0000000087700000| Untracked 
| 120|0x0000000087800000, 0x0000000087900000, 0x0000000087900000|100%| O|  |TAMS 0x0000000087900000, 0x0000000087800000| Untracked 
| 121|0x0000000087900000, 0x0000000087a00000, 0x0000000087a00000|100%| O|  |TAMS 0x0000000087a00000, 0x0000000087900000| Untracked 
| 122|0x0000000087a00000, 0x0000000087b00000, 0x0000000087b00000|100%| O|  |TAMS 0x0000000087b00000, 0x0000000087a00000| Untracked 
| 123|0x0000000087b00000, 0x0000000087c00000, 0x0000000087c00000|100%| O|  |TAMS 0x0000000087c00000, 0x0000000087b00000| Untracked 
| 124|0x0000000087c00000, 0x0000000087d00000, 0x0000000087d00000|100%| O|  |TAMS 0x0000000087d00000, 0x0000000087c00000| Untracked 
| 125|0x0000000087d00000, 0x0000000087e00000, 0x0000000087e00000|100%|HS|  |TAMS 0x0000000087e00000, 0x0000000087d00000| Complete 
| 126|0x0000000087e00000, 0x0000000087f00000, 0x0000000087f00000|100%|HC|  |TAMS 0x0000000087f00000, 0x0000000087e00000| Complete 
| 127|0x0000000087f00000, 0x0000000088000000, 0x0000000088000000|100%|HC|  |TAMS 0x0000000088000000, 0x0000000087f00000| Complete 
| 128|0x0000000088000000, 0x0000000088100000, 0x0000000088100000|100%|HC|  |TAMS 0x0000000088100000, 0x0000000088000000| Complete 
| 129|0x0000000088100000, 0x0000000088200000, 0x0000000088200000|100%|HC|  |TAMS 0x0000000088200000, 0x0000000088100000| Complete 
| 130|0x0000000088200000, 0x0000000088300000, 0x0000000088300000|100%|HC|  |TAMS 0x0000000088300000, 0x0000000088200000| Complete 
| 131|0x0000000088300000, 0x0000000088400000, 0x0000000088400000|100%|HC|  |TAMS 0x0000000088400000, 0x0000000088300000| Complete 
| 132|0x0000000088400000, 0x0000000088500000, 0x0000000088500000|100%|HC|  |TAMS 0x0000000088500000, 0x0000000088400000| Complete 
| 133|0x0000000088500000, 0x0000000088600000, 0x0000000088600000|100%|HC|  |TAMS 0x0000000088600000, 0x0000000088500000| Complete 
| 134|0x0000000088600000, 0x0000000088700000, 0x0000000088700000|100%|HC|  |TAMS 0x0000000088700000, 0x0000000088600000| Complete 
| 135|0x0000000088700000, 0x0000000088800000, 0x0000000088800000|100%|HS|  |TAMS 0x0000000088800000, 0x0000000088700000| Complete 
| 136|0x0000000088800000, 0x0000000088900000, 0x0000000088900000|100%|HC|  |TAMS 0x0000000088900000, 0x0000000088800000| Complete 
| 137|0x0000000088900000, 0x0000000088a00000, 0x0000000088a00000|100%| O|  |TAMS 0x0000000088a00000, 0x0000000088900000| Untracked 
| 138|0x0000000088a00000, 0x0000000088b00000, 0x0000000088b00000|100%| O|  |TAMS 0x0000000088b00000, 0x0000000088a00000| Untracked 
| 139|0x0000000088b00000, 0x0000000088c00000, 0x0000000088c00000|100%| O|  |TAMS 0x0000000088c00000, 0x0000000088b00000| Untracked 
| 140|0x0000000088c00000, 0x0000000088d00000, 0x0000000088d00000|100%| O|  |TAMS 0x0000000088d00000, 0x0000000088c00000| Untracked 
| 141|0x0000000088d00000, 0x0000000088e00000, 0x0000000088e00000|100%| O|  |TAMS 0x0000000088e00000, 0x0000000088d00000| Untracked 
| 142|0x0000000088e00000, 0x0000000088f00000, 0x0000000088f00000|100%| O|  |TAMS 0x0000000088f00000, 0x0000000088e00000| Untracked 
| 143|0x0000000088f00000, 0x0000000089000000, 0x0000000089000000|100%| O|  |TAMS 0x0000000089000000, 0x0000000088f00000| Untracked 
| 144|0x0000000089000000, 0x0000000089100000, 0x0000000089100000|100%| O|  |TAMS 0x0000000089100000, 0x0000000089000000| Untracked 
| 145|0x0000000089100000, 0x0000000089200000, 0x0000000089200000|100%| O|  |TAMS 0x0000000089200000, 0x0000000089100000| Untracked 
| 146|0x0000000089200000, 0x0000000089300000, 0x0000000089300000|100%| O|  |TAMS 0x0000000089300000, 0x0000000089200000| Untracked 
| 147|0x0000000089300000, 0x0000000089400000, 0x0000000089400000|100%| O|  |TAMS 0x0000000089400000, 0x0000000089300000| Untracked 
| 148|0x0000000089400000, 0x0000000089500000, 0x0000000089500000|100%| O|  |TAMS 0x0000000089500000, 0x0000000089400000| Untracked 
| 149|0x0000000089500000, 0x0000000089600000, 0x0000000089600000|100%| O|  |TAMS 0x0000000089600000, 0x0000000089500000| Untracked 
| 150|0x0000000089600000, 0x0000000089700000, 0x0000000089700000|100%| O|  |TAMS 0x0000000089700000, 0x0000000089600000| Untracked 
| 151|0x0000000089700000, 0x0000000089800000, 0x0000000089800000|100%| O|  |TAMS 0x0000000089800000, 0x0000000089700000| Untracked 
| 152|0x0000000089800000, 0x0000000089900000, 0x0000000089900000|100%| O|  |TAMS 0x0000000089900000, 0x0000000089800000| Untracked 
| 153|0x0000000089900000, 0x0000000089a00000, 0x0000000089a00000|100%| O|  |TAMS 0x0000000089a00000, 0x0000000089900000| Untracked 
| 154|0x0000000089a00000, 0x0000000089b00000, 0x0000000089b00000|100%| O|  |TAMS 0x0000000089b00000, 0x0000000089a00000| Untracked 
| 155|0x0000000089b00000, 0x0000000089c00000, 0x0000000089c00000|100%| O|  |TAMS 0x0000000089c00000, 0x0000000089b00000| Untracked 
| 156|0x0000000089c00000, 0x0000000089d00000, 0x0000000089d00000|100%| O|  |TAMS 0x0000000089d00000, 0x0000000089c00000| Untracked 
| 157|0x0000000089d00000, 0x0000000089e00000, 0x0000000089e00000|100%| O|  |TAMS 0x0000000089e00000, 0x0000000089d00000| Untracked 
| 158|0x0000000089e00000, 0x0000000089f00000, 0x0000000089f00000|100%| O|  |TAMS 0x0000000089f00000, 0x0000000089e00000| Untracked 
| 159|0x0000000089f00000, 0x000000008a000000, 0x000000008a000000|100%| O|  |TAMS 0x000000008a000000, 0x0000000089f00000| Untracked 
| 160|0x000000008a000000, 0x000000008a100000, 0x000000008a100000|100%| O|  |TAMS 0x000000008a100000, 0x000000008a000000| Untracked 
| 161|0x000000008a100000, 0x000000008a200000, 0x000000008a200000|100%| O|  |TAMS 0x000000008a200000, 0x000000008a100000| Untracked 
| 162|0x000000008a200000, 0x000000008a300000, 0x000000008a300000|100%| O|  |TAMS 0x000000008a300000, 0x000000008a200000| Untracked 
| 163|0x000000008a300000, 0x000000008a400000, 0x000000008a400000|100%| O|  |TAMS 0x000000008a400000, 0x000000008a300000| Untracked 
| 164|0x000000008a400000, 0x000000008a500000, 0x000000008a500000|100%| O|  |TAMS 0x000000008a500000, 0x000000008a400000| Untracked 
| 165|0x000000008a500000, 0x000000008a600000, 0x000000008a600000|100%| O|  |TAMS 0x000000008a600000, 0x000000008a500000| Untracked 
| 166|0x000000008a600000, 0x000000008a700000, 0x000000008a700000|100%| O|  |TAMS 0x000000008a700000, 0x000000008a600000| Untracked 
| 167|0x000000008a700000, 0x000000008a800000, 0x000000008a800000|100%| O|  |TAMS 0x000000008a800000, 0x000000008a700000| Untracked 
| 168|0x000000008a800000, 0x000000008a900000, 0x000000008a900000|100%| O|  |TAMS 0x000000008a900000, 0x000000008a800000| Untracked 
| 169|0x000000008a900000, 0x000000008aa00000, 0x000000008aa00000|100%| O|  |TAMS 0x000000008aa00000, 0x000000008a900000| Untracked 
| 170|0x000000008aa00000, 0x000000008ab00000, 0x000000008ab00000|100%| O|  |TAMS 0x000000008ab00000, 0x000000008aa00000| Untracked 
| 171|0x000000008ab00000, 0x000000008ac00000, 0x000000008ac00000|100%| O|  |TAMS 0x000000008ac00000, 0x000000008ab00000| Untracked 
| 172|0x000000008ac00000, 0x000000008ad00000, 0x000000008ad00000|100%| O|  |TAMS 0x000000008ad00000, 0x000000008ac00000| Untracked 
| 173|0x000000008ad00000, 0x000000008ae00000, 0x000000008ae00000|100%| O|  |TAMS 0x000000008ae00000, 0x000000008ad00000| Untracked 
| 174|0x000000008ae00000, 0x000000008af00000, 0x000000008af00000|100%| O|  |TAMS 0x000000008af00000, 0x000000008ae00000| Untracked 
| 175|0x000000008af00000, 0x000000008b000000, 0x000000008b000000|100%| O|  |TAMS 0x000000008b000000, 0x000000008af00000| Untracked 
| 176|0x000000008b000000, 0x000000008b100000, 0x000000008b100000|100%| O|  |TAMS 0x000000008b100000, 0x000000008b000000| Untracked 
| 177|0x000000008b100000, 0x000000008b200000, 0x000000008b200000|100%| O|  |TAMS 0x000000008b200000, 0x000000008b100000| Untracked 
| 178|0x000000008b200000, 0x000000008b300000, 0x000000008b300000|100%| O|  |TAMS 0x000000008b300000, 0x000000008b200000| Untracked 
| 179|0x000000008b300000, 0x000000008b400000, 0x000000008b400000|100%| O|  |TAMS 0x000000008b400000, 0x000000008b300000| Untracked 
| 180|0x000000008b400000, 0x000000008b414000, 0x000000008b500000|  7%| O|  |TAMS 0x000000008b414000, 0x000000008b400000| Untracked 
| 181|0x000000008b500000, 0x000000008b500000, 0x000000008b600000|  0%| F|  |TAMS 0x000000008b500000, 0x000000008b500000| Untracked 
| 182|0x000000008b600000, 0x000000008b600000, 0x000000008b700000|  0%| F|  |TAMS 0x000000008b600000, 0x000000008b600000| Untracked 
| 183|0x000000008b700000, 0x000000008b700000, 0x000000008b800000|  0%| F|  |TAMS 0x000000008b700000, 0x000000008b700000| Untracked 
| 184|0x000000008b800000, 0x000000008b800000, 0x000000008b900000|  0%| F|  |TAMS 0x000000008b800000, 0x000000008b800000| Untracked 
| 185|0x000000008b900000, 0x000000008b900000, 0x000000008ba00000|  0%| F|  |TAMS 0x000000008b900000, 0x000000008b900000| Untracked 
| 186|0x000000008ba00000, 0x000000008ba00000, 0x000000008bb00000|  0%| F|  |TAMS 0x000000008ba00000, 0x000000008ba00000| Untracked 
| 187|0x000000008bb00000, 0x000000008bb00000, 0x000000008bc00000|  0%| F|  |TAMS 0x000000008bb00000, 0x000000008bb00000| Untracked 
| 188|0x000000008bc00000, 0x000000008bc00000, 0x000000008bd00000|  0%| F|  |TAMS 0x000000008bc00000, 0x000000008bc00000| Untracked 
| 189|0x000000008bd00000, 0x000000008bd00000, 0x000000008be00000|  0%| F|  |TAMS 0x000000008bd00000, 0x000000008bd00000| Untracked 
| 190|0x000000008be00000, 0x000000008be00000, 0x000000008bf00000|  0%| F|  |TAMS 0x000000008be00000, 0x000000008be00000| Untracked 
| 191|0x000000008bf00000, 0x000000008bf00000, 0x000000008c000000|  0%| F|  |TAMS 0x000000008bf00000, 0x000000008bf00000| Untracked 
| 192|0x000000008c000000, 0x000000008c000000, 0x000000008c100000|  0%| F|  |TAMS 0x000000008c000000, 0x000000008c000000| Untracked 
| 193|0x000000008c100000, 0x000000008c100000, 0x000000008c200000|  0%| F|  |TAMS 0x000000008c100000, 0x000000008c100000| Untracked 
| 194|0x000000008c200000, 0x000000008c200000, 0x000000008c300000|  0%| F|  |TAMS 0x000000008c200000, 0x000000008c200000| Untracked 
| 195|0x000000008c300000, 0x000000008c300000, 0x000000008c400000|  0%| F|  |TAMS 0x000000008c300000, 0x000000008c300000| Untracked 
| 196|0x000000008c400000, 0x000000008c400000, 0x000000008c500000|  0%| F|  |TAMS 0x000000008c400000, 0x000000008c400000| Untracked 
| 197|0x000000008c500000, 0x000000008c500000, 0x000000008c600000|  0%| F|  |TAMS 0x000000008c500000, 0x000000008c500000| Untracked 
| 198|0x000000008c600000, 0x000000008c600000, 0x000000008c700000|  0%| F|  |TAMS 0x000000008c600000, 0x000000008c600000| Untracked 
| 199|0x000000008c700000, 0x000000008c700000, 0x000000008c800000|  0%| F|  |TAMS 0x000000008c700000, 0x000000008c700000| Untracked 
| 200|0x000000008c800000, 0x000000008c800000, 0x000000008c900000|  0%| F|  |TAMS 0x000000008c800000, 0x000000008c800000| Untracked 
| 201|0x000000008c900000, 0x000000008c900000, 0x000000008ca00000|  0%| F|  |TAMS 0x000000008c900000, 0x000000008c900000| Untracked 
| 202|0x000000008ca00000, 0x000000008ca00000, 0x000000008cb00000|  0%| F|  |TAMS 0x000000008ca00000, 0x000000008ca00000| Untracked 
| 203|0x000000008cb00000, 0x000000008cb00000, 0x000000008cc00000|  0%| F|  |TAMS 0x000000008cb00000, 0x000000008cb00000| Untracked 
| 204|0x000000008cc00000, 0x000000008cc00000, 0x000000008cd00000|  0%| F|  |TAMS 0x000000008cc00000, 0x000000008cc00000| Untracked 
| 205|0x000000008cd00000, 0x000000008cd00000, 0x000000008ce00000|  0%| F|  |TAMS 0x000000008cd00000, 0x000000008cd00000| Untracked 
| 206|0x000000008ce00000, 0x000000008ce00000, 0x000000008cf00000|  0%| F|  |TAMS 0x000000008ce00000, 0x000000008ce00000| Untracked 
| 207|0x000000008cf00000, 0x000000008cf00000, 0x000000008d000000|  0%| F|  |TAMS 0x000000008cf00000, 0x000000008cf00000| Untracked 
| 208|0x000000008d000000, 0x000000008d000000, 0x000000008d100000|  0%| F|  |TAMS 0x000000008d000000, 0x000000008d000000| Untracked 
| 209|0x000000008d100000, 0x000000008d100000, 0x000000008d200000|  0%| F|  |TAMS 0x000000008d100000, 0x000000008d100000| Untracked 
| 210|0x000000008d200000, 0x000000008d200000, 0x000000008d300000|  0%| F|  |TAMS 0x000000008d200000, 0x000000008d200000| Untracked 
| 211|0x000000008d300000, 0x000000008d300000, 0x000000008d400000|  0%| F|  |TAMS 0x000000008d300000, 0x000000008d300000| Untracked 
| 212|0x000000008d400000, 0x000000008d400000, 0x000000008d500000|  0%| F|  |TAMS 0x000000008d400000, 0x000000008d400000| Untracked 
| 213|0x000000008d500000, 0x000000008d500000, 0x000000008d600000|  0%| F|  |TAMS 0x000000008d500000, 0x000000008d500000| Untracked 
| 214|0x000000008d600000, 0x000000008d600000, 0x000000008d700000|  0%| F|  |TAMS 0x000000008d600000, 0x000000008d600000| Untracked 
| 215|0x000000008d700000, 0x000000008d800000, 0x000000008d800000|100%| S|CS|TAMS 0x000000008d700000, 0x000000008d700000| Complete 
| 216|0x000000008d800000, 0x000000008d900000, 0x000000008d900000|100%| S|CS|TAMS 0x000000008d800000, 0x000000008d800000| Complete 
| 217|0x000000008d900000, 0x000000008da00000, 0x000000008da00000|100%| S|CS|TAMS 0x000000008d900000, 0x000000008d900000| Complete 
| 218|0x000000008da00000, 0x000000008db00000, 0x000000008db00000|100%| S|CS|TAMS 0x000000008da00000, 0x000000008da00000| Complete 
| 219|0x000000008db00000, 0x000000008dc00000, 0x000000008dc00000|100%| S|CS|TAMS 0x000000008db00000, 0x000000008db00000| Complete 
| 220|0x000000008dc00000, 0x000000008dd00000, 0x000000008dd00000|100%| S|CS|TAMS 0x000000008dc00000, 0x000000008dc00000| Complete 
| 221|0x000000008dd00000, 0x000000008dd00000, 0x000000008de00000|  0%| F|  |TAMS 0x000000008dd00000, 0x000000008dd00000| Untracked 
| 222|0x000000008de00000, 0x000000008de00000, 0x000000008df00000|  0%| F|  |TAMS 0x000000008de00000, 0x000000008de00000| Untracked 
| 223|0x000000008df00000, 0x000000008df00000, 0x000000008e000000|  0%| F|  |TAMS 0x000000008df00000, 0x000000008df00000| Untracked 
| 224|0x000000008e000000, 0x000000008e000000, 0x000000008e100000|  0%| F|  |TAMS 0x000000008e000000, 0x000000008e000000| Untracked 
| 225|0x000000008e100000, 0x000000008e100000, 0x000000008e200000|  0%| F|  |TAMS 0x000000008e100000, 0x000000008e100000| Untracked 
| 226|0x000000008e200000, 0x000000008e200000, 0x000000008e300000|  0%| F|  |TAMS 0x000000008e200000, 0x000000008e200000| Untracked 
| 227|0x000000008e300000, 0x000000008e400000, 0x000000008e400000|100%| S|CS|TAMS 0x000000008e300000, 0x000000008e300000| Complete 
| 228|0x000000008e400000, 0x000000008e400000, 0x000000008e500000|  0%| F|  |TAMS 0x000000008e400000, 0x000000008e400000| Untracked 
| 229|0x000000008e500000, 0x000000008e600000, 0x000000008e600000|100%| S|CS|TAMS 0x000000008e500000, 0x000000008e500000| Complete 
| 230|0x000000008e600000, 0x000000008e700000, 0x000000008e700000|100%| S|CS|TAMS 0x000000008e600000, 0x000000008e600000| Complete 
| 231|0x000000008e700000, 0x000000008e800000, 0x000000008e800000|100%| S|CS|TAMS 0x000000008e700000, 0x000000008e700000| Complete 
| 232|0x000000008e800000, 0x000000008e800000, 0x000000008e900000|  0%| F|  |TAMS 0x000000008e800000, 0x000000008e800000| Untracked 
| 233|0x000000008e900000, 0x000000008e900000, 0x000000008ea00000|  0%| F|  |TAMS 0x000000008e900000, 0x000000008e900000| Untracked 
| 234|0x000000008ea00000, 0x000000008ea00000, 0x000000008eb00000|  0%| F|  |TAMS 0x000000008ea00000, 0x000000008ea00000| Untracked 
| 235|0x000000008eb00000, 0x000000008eb00000, 0x000000008ec00000|  0%| F|  |TAMS 0x000000008eb00000, 0x000000008eb00000| Untracked 
| 236|0x000000008ec00000, 0x000000008ec00000, 0x000000008ed00000|  0%| F|  |TAMS 0x000000008ec00000, 0x000000008ec00000| Untracked 
| 237|0x000000008ed00000, 0x000000008ed00000, 0x000000008ee00000|  0%| F|  |TAMS 0x000000008ed00000, 0x000000008ed00000| Untracked 
| 238|0x000000008ee00000, 0x000000008ee00000, 0x000000008ef00000|  0%| F|  |TAMS 0x000000008ee00000, 0x000000008ee00000| Untracked 
| 239|0x000000008ef00000, 0x000000008ef00000, 0x000000008f000000|  0%| F|  |TAMS 0x000000008ef00000, 0x000000008ef00000| Untracked 
| 240|0x000000008f000000, 0x000000008f000000, 0x000000008f100000|  0%| F|  |TAMS 0x000000008f000000, 0x000000008f000000| Untracked 
| 241|0x000000008f100000, 0x000000008f100000, 0x000000008f200000|  0%| F|  |TAMS 0x000000008f100000, 0x000000008f100000| Untracked 
| 242|0x000000008f200000, 0x000000008f200000, 0x000000008f300000|  0%| F|  |TAMS 0x000000008f200000, 0x000000008f200000| Untracked 
| 243|0x000000008f300000, 0x000000008f300000, 0x000000008f400000|  0%| F|  |TAMS 0x000000008f300000, 0x000000008f300000| Untracked 
| 244|0x000000008f400000, 0x000000008f400000, 0x000000008f500000|  0%| F|  |TAMS 0x000000008f400000, 0x000000008f400000| Untracked 
| 245|0x000000008f500000, 0x000000008f500000, 0x000000008f600000|  0%| F|  |TAMS 0x000000008f500000, 0x000000008f500000| Untracked 
| 246|0x000000008f600000, 0x000000008f600000, 0x000000008f700000|  0%| F|  |TAMS 0x000000008f600000, 0x000000008f600000| Untracked 
| 247|0x000000008f700000, 0x000000008f700000, 0x000000008f800000|  0%| F|  |TAMS 0x000000008f700000, 0x000000008f700000| Untracked 
| 248|0x000000008f800000, 0x000000008f800000, 0x000000008f900000|  0%| F|  |TAMS 0x000000008f800000, 0x000000008f800000| Untracked 
| 249|0x000000008f900000, 0x000000008f900000, 0x000000008fa00000|  0%| F|  |TAMS 0x000000008f900000, 0x000000008f900000| Untracked 
| 250|0x000000008fa00000, 0x000000008fa00000, 0x000000008fb00000|  0%| F|  |TAMS 0x000000008fa00000, 0x000000008fa00000| Untracked 
| 251|0x000000008fb00000, 0x000000008fb00000, 0x000000008fc00000|  0%| F|  |TAMS 0x000000008fb00000, 0x000000008fb00000| Untracked 
| 252|0x000000008fc00000, 0x000000008fc00000, 0x000000008fd00000|  0%| F|  |TAMS 0x000000008fc00000, 0x000000008fc00000| Untracked 
| 253|0x000000008fd00000, 0x000000008fd00000, 0x000000008fe00000|  0%| F|  |TAMS 0x000000008fd00000, 0x000000008fd00000| Untracked 
| 254|0x000000008fe00000, 0x000000008fe00000, 0x000000008ff00000|  0%| F|  |TAMS 0x000000008fe00000, 0x000000008fe00000| Untracked 
| 255|0x000000008ff00000, 0x000000008ff00000, 0x0000000090000000|  0%| F|  |TAMS 0x000000008ff00000, 0x000000008ff00000| Untracked 
| 256|0x0000000090000000, 0x0000000090000000, 0x0000000090100000|  0%| F|  |TAMS 0x0000000090000000, 0x0000000090000000| Untracked 
| 257|0x0000000090100000, 0x0000000090100000, 0x0000000090200000|  0%| F|  |TAMS 0x0000000090100000, 0x0000000090100000| Untracked 
| 258|0x0000000090200000, 0x0000000090200000, 0x0000000090300000|  0%| F|  |TAMS 0x0000000090200000, 0x0000000090200000| Untracked 
| 259|0x0000000090300000, 0x0000000090300000, 0x0000000090400000|  0%| F|  |TAMS 0x0000000090300000, 0x0000000090300000| Untracked 
| 260|0x0000000090400000, 0x0000000090400000, 0x0000000090500000|  0%| F|  |TAMS 0x0000000090400000, 0x0000000090400000| Untracked 
| 261|0x0000000090500000, 0x0000000090500000, 0x0000000090600000|  0%| F|  |TAMS 0x0000000090500000, 0x0000000090500000| Untracked 
| 262|0x0000000090600000, 0x0000000090600000, 0x0000000090700000|  0%| F|  |TAMS 0x0000000090600000, 0x0000000090600000| Untracked 
| 263|0x0000000090700000, 0x0000000090700000, 0x0000000090800000|  0%| F|  |TAMS 0x0000000090700000, 0x0000000090700000| Untracked 
| 264|0x0000000090800000, 0x0000000090800000, 0x0000000090900000|  0%| F|  |TAMS 0x0000000090800000, 0x0000000090800000| Untracked 
| 265|0x0000000090900000, 0x0000000090900000, 0x0000000090a00000|  0%| F|  |TAMS 0x0000000090900000, 0x0000000090900000| Untracked 
| 266|0x0000000090a00000, 0x0000000090a00000, 0x0000000090b00000|  0%| F|  |TAMS 0x0000000090a00000, 0x0000000090a00000| Untracked 
| 267|0x0000000090b00000, 0x0000000090b00000, 0x0000000090c00000|  0%| F|  |TAMS 0x0000000090b00000, 0x0000000090b00000| Untracked 
| 268|0x0000000090c00000, 0x0000000090c00000, 0x0000000090d00000|  0%| F|  |TAMS 0x0000000090c00000, 0x0000000090c00000| Untracked 
| 269|0x0000000090d00000, 0x0000000090d00000, 0x0000000090e00000|  0%| F|  |TAMS 0x0000000090d00000, 0x0000000090d00000| Untracked 
| 270|0x0000000090e00000, 0x0000000090e00000, 0x0000000090f00000|  0%| F|  |TAMS 0x0000000090e00000, 0x0000000090e00000| Untracked 
| 271|0x0000000090f00000, 0x0000000090f00000, 0x0000000091000000|  0%| F|  |TAMS 0x0000000090f00000, 0x0000000090f00000| Untracked 
| 272|0x0000000091000000, 0x0000000091000000, 0x0000000091100000|  0%| F|  |TAMS 0x0000000091000000, 0x0000000091000000| Untracked 
| 273|0x0000000091100000, 0x0000000091100000, 0x0000000091200000|  0%| F|  |TAMS 0x0000000091100000, 0x0000000091100000| Untracked 
| 274|0x0000000091200000, 0x0000000091200000, 0x0000000091300000|  0%| F|  |TAMS 0x0000000091200000, 0x0000000091200000| Untracked 
| 275|0x0000000091300000, 0x0000000091300000, 0x0000000091400000|  0%| F|  |TAMS 0x0000000091300000, 0x0000000091300000| Untracked 
| 276|0x0000000091400000, 0x0000000091400000, 0x0000000091500000|  0%| F|  |TAMS 0x0000000091400000, 0x0000000091400000| Untracked 
| 277|0x0000000091500000, 0x0000000091500000, 0x0000000091600000|  0%| F|  |TAMS 0x0000000091500000, 0x0000000091500000| Untracked 
| 278|0x0000000091600000, 0x0000000091600000, 0x0000000091700000|  0%| F|  |TAMS 0x0000000091600000, 0x0000000091600000| Untracked 
| 279|0x0000000091700000, 0x0000000091700000, 0x0000000091800000|  0%| F|  |TAMS 0x0000000091700000, 0x0000000091700000| Untracked 
| 280|0x0000000091800000, 0x0000000091800000, 0x0000000091900000|  0%| F|  |TAMS 0x0000000091800000, 0x0000000091800000| Untracked 
| 281|0x0000000091900000, 0x0000000091900000, 0x0000000091a00000|  0%| F|  |TAMS 0x0000000091900000, 0x0000000091900000| Untracked 
| 282|0x0000000091a00000, 0x0000000091a00000, 0x0000000091b00000|  0%| F|  |TAMS 0x0000000091a00000, 0x0000000091a00000| Untracked 
| 283|0x0000000091b00000, 0x0000000091b00000, 0x0000000091c00000|  0%| F|  |TAMS 0x0000000091b00000, 0x0000000091b00000| Untracked 
| 284|0x0000000091c00000, 0x0000000091c00000, 0x0000000091d00000|  0%| F|  |TAMS 0x0000000091c00000, 0x0000000091c00000| Untracked 
| 285|0x0000000091d00000, 0x0000000091d00000, 0x0000000091e00000|  0%| F|  |TAMS 0x0000000091d00000, 0x0000000091d00000| Untracked 
| 286|0x0000000091e00000, 0x0000000091e00000, 0x0000000091f00000|  0%| F|  |TAMS 0x0000000091e00000, 0x0000000091e00000| Untracked 
| 287|0x0000000091f00000, 0x0000000091f00000, 0x0000000092000000|  0%| F|  |TAMS 0x0000000091f00000, 0x0000000091f00000| Untracked 
| 288|0x0000000092000000, 0x0000000092000000, 0x0000000092100000|  0%| F|  |TAMS 0x0000000092000000, 0x0000000092000000| Untracked 
| 289|0x0000000092100000, 0x0000000092100000, 0x0000000092200000|  0%| F|  |TAMS 0x0000000092100000, 0x0000000092100000| Untracked 
| 290|0x0000000092200000, 0x0000000092200000, 0x0000000092300000|  0%| F|  |TAMS 0x0000000092200000, 0x0000000092200000| Untracked 
| 291|0x0000000092300000, 0x0000000092300000, 0x0000000092400000|  0%| F|  |TAMS 0x0000000092300000, 0x0000000092300000| Untracked 
| 292|0x0000000092400000, 0x0000000092400000, 0x0000000092500000|  0%| F|  |TAMS 0x0000000092400000, 0x0000000092400000| Untracked 
| 293|0x0000000092500000, 0x0000000092500000, 0x0000000092600000|  0%| F|  |TAMS 0x0000000092500000, 0x0000000092500000| Untracked 
| 294|0x0000000092600000, 0x0000000092600000, 0x0000000092700000|  0%| F|  |TAMS 0x0000000092600000, 0x0000000092600000| Untracked 
| 295|0x0000000092700000, 0x0000000092700000, 0x0000000092800000|  0%| F|  |TAMS 0x0000000092700000, 0x0000000092700000| Untracked 
| 296|0x0000000092800000, 0x0000000092800000, 0x0000000092900000|  0%| F|  |TAMS 0x0000000092800000, 0x0000000092800000| Untracked 
| 297|0x0000000092900000, 0x0000000092900000, 0x0000000092a00000|  0%| F|  |TAMS 0x0000000092900000, 0x0000000092900000| Untracked 
| 298|0x0000000092a00000, 0x0000000092a00000, 0x0000000092b00000|  0%| F|  |TAMS 0x0000000092a00000, 0x0000000092a00000| Untracked 
| 299|0x0000000092b00000, 0x0000000092b4a3d0, 0x0000000092c00000| 28%| E|  |TAMS 0x0000000092b00000, 0x0000000092b00000| Complete 
| 300|0x0000000092c00000, 0x0000000092d00000, 0x0000000092d00000|100%| E|CS|TAMS 0x0000000092c00000, 0x0000000092c00000| Complete 
| 301|0x0000000092d00000, 0x0000000092e00000, 0x0000000092e00000|100%| E|CS|TAMS 0x0000000092d00000, 0x0000000092d00000| Complete 
| 302|0x0000000092e00000, 0x0000000092f00000, 0x0000000092f00000|100%| E|CS|TAMS 0x0000000092e00000, 0x0000000092e00000| Complete 
| 303|0x0000000092f00000, 0x0000000093000000, 0x0000000093000000|100%| E|CS|TAMS 0x0000000092f00000, 0x0000000092f00000| Complete 
| 304|0x0000000093000000, 0x0000000093100000, 0x0000000093100000|100%| E|CS|TAMS 0x0000000093000000, 0x0000000093000000| Complete 

Card table byte_map: [0x0000029b18890000,0x0000029b18c90000] _byte_map_base: 0x0000029b18490000

Marking Bits (Prev, Next): (CMBitMap*) 0x0000029b059b2e08, (CMBitMap*) 0x0000029b059b2e40
 Prev Bits: [0x0000029b19090000, 0x0000029b1b090000)
 Next Bits: [0x0000029b1b090000, 0x0000029b1d090000)

Polling page: 0x0000029b05140000

Metaspace:

Usage:
  Non-class:     93.38 MB capacity,    91.34 MB ( 98%) used,     1.72 MB (  2%) free+waste,   323.62 KB ( <1%) overhead. 
      Class:     14.02 MB capacity,    13.02 MB ( 93%) used,   876.77 KB (  6%) free+waste,   144.31 KB (  1%) overhead. 
       Both:    107.39 MB capacity,   104.36 MB ( 97%) used,     2.57 MB (  2%) free+waste,   467.94 KB ( <1%) overhead. 

Virtual space:
  Non-class space:       94.00 MB reserved,      93.59 MB (>99%) committed 
      Class space:        1.00 GB reserved,      14.07 MB (  1%) committed 
             Both:        1.09 GB reserved,     107.66 MB ( 10%) committed 

Chunk freelists:
   Non-Class:  24.00 KB
       Class:  13.00 KB
        Both:  37.00 KB

MaxMetaspaceSize: 17179869184.00 GB
CompressedClassSpaceSize: 1.00 GB
Initial GC threshold: 20.80 MB
Current GC threshold: 178.60 MB
CDS: off

CodeHeap 'non-profiled nmethods': size=120064Kb used=7614Kb max_used=7614Kb free=112449Kb
 bounds [0x0000029b10f50000, 0x0000029b116c0000, 0x0000029b18490000]
CodeHeap 'profiled nmethods': size=120000Kb used=28348Kb max_used=28348Kb free=91651Kb
 bounds [0x0000029b09a20000, 0x0000029b0b5d0000, 0x0000029b10f50000]
CodeHeap 'non-nmethods': size=5696Kb used=2404Kb max_used=2481Kb free=3291Kb
 bounds [0x0000029b09490000, 0x0000029b09700000, 0x0000029b09a20000]
 total_blobs=13890 nmethods=12957 adapters=846
 compilation: enabled
              stopped_count=0, restarted_count=0
 full_count=0

Compilation events (20 events):
Event: 36.454 Thread 0x0000029b1fe5e800 13023       3       sun.nio.ch.IOUtil::writeFromNativeBuffer (157 bytes)
Event: 36.455 Thread 0x0000029b1fe5e800 nmethod 13023 0x0000029b0b5c4a90 code [0x0000029b0b5c4ce0, 0x0000029b0b5c5628]
Event: 36.455 Thread 0x0000029b1fe5e800 13030       3       java.util.EnumSet::noneOf (63 bytes)
Event: 36.456 Thread 0x0000029b1fe5e800 nmethod 13030 0x0000029b0b5c5910 code [0x0000029b0b5c5c20, 0x0000029b0b5c6c28]
Event: 36.456 Thread 0x0000029b1fe5e800 13032       3       org.gradle.internal.serialize.BaseSerializerFactory$StringSerializer::write (10 bytes)
Event: 36.456 Thread 0x0000029b1fe5e800 nmethod 13032 0x0000029b0b5c7210 code [0x0000029b0b5c73e0, 0x0000029b0b5c7708]
Event: 36.456 Thread 0x0000029b1fe5e800 13033   !   3       sun.nio.ch.SocketChannelImpl::write (177 bytes)
Event: 36.457 Thread 0x0000029b1fe5e800 nmethod 13033 0x0000029b0b5c7810 code [0x0000029b0b5c7ba0, 0x0000029b0b5c9038]
Event: 36.457 Thread 0x0000029b1fe5e800 13034   !   3       sun.nio.ch.SocketChannelImpl::beginWrite (52 bytes)
Event: 36.458 Thread 0x0000029b1fe5e800 nmethod 13034 0x0000029b0b5c9a10 code [0x0000029b0b5c9c40, 0x0000029b0b5ca308]
Event: 36.458 Thread 0x0000029b1fe5e800 13035       3       sun.nio.ch.IOUtil::write (11 bytes)
Event: 36.458 Thread 0x0000029b1fe5e800 nmethod 13035 0x0000029b0b5ca690 code [0x0000029b0b5ca840, 0x0000029b0b5ca948]
Event: 36.458 Thread 0x0000029b1fe5e800 13031       3       org.gradle.api.internal.file.DefaultFileCollectionFactory::resolving (33 bytes)
Event: 36.458 Thread 0x0000029b1fe5e800 nmethod 13031 0x0000029b0b5caa10 code [0x0000029b0b5cac60, 0x0000029b0b5cb638]
Event: 36.459 Thread 0x0000029b1fe5e800 13037       3       com.google.common.collect.RegularImmutableSet::spliterator (11 bytes)
Event: 36.460 Thread 0x0000029b1fe5e800 nmethod 13037 0x0000029b0b5cb990 code [0x0000029b0b5cbb80, 0x0000029b0b5cbf38]
Event: 36.460 Thread 0x0000029b1fe5e800 13038   !   3       java.nio.DirectByteBuffer::compact (99 bytes)
Event: 36.460 Thread 0x0000029b1fe5e800 nmethod 13038 0x0000029b0b5cc110 code [0x0000029b0b5cc340, 0x0000029b0b5cc9e8]
Event: 36.460 Thread 0x0000029b1fe5e800 13039       3       jdk.internal.misc.Unsafe::copyMemory (11 bytes)
Event: 36.460 Thread 0x0000029b1fe5e800 nmethod 13039 0x0000029b0b5ccd10 code [0x0000029b0b5ccf40, 0x0000029b0b5cd478]

GC Heap History (20 events):
Event: 8.025 GC heap before
{Heap before GC invocations=13 (full 0):
 garbage-first heap   total 312320K, used 220777K [0x0000000080000000, 0x0000000100000000)
  region size 1024K, 128 young (131072K), 15 survivors (15360K)
 Metaspace       used 69407K, capacity 71296K, committed 71460K, reserved 1112064K
  class space    used 8824K, capacity 9558K, committed 9676K, reserved 1048576K
}
Event: 8.052 GC heap after
{Heap after GC invocations=14 (full 0):
 garbage-first heap   total 312320K, used 105798K [0x0000000080000000, 0x0000000100000000)
  region size 1024K, 16 young (16384K), 16 survivors (16384K)
 Metaspace       used 69407K, capacity 71296K, committed 71460K, reserved 1112064K
  class space    used 8824K, capacity 9558K, committed 9676K, reserved 1048576K
}
Event: 9.171 GC heap before
{Heap before GC invocations=15 (full 0):
 garbage-first heap   total 312320K, used 250182K [0x0000000080000000, 0x0000000100000000)
  region size 1024K, 131 young (134144K), 16 survivors (16384K)
 Metaspace       used 78295K, capacity 80348K, committed 80548K, reserved 1120256K
  class space    used 10036K, capacity 10784K, committed 10828K, reserved 1048576K
}
Event: 9.189 GC heap after
{Heap after GC invocations=16 (full 0):
 garbage-first heap   total 312320K, used 145210K [0x0000000080000000, 0x0000000100000000)
  region size 1024K, 17 young (17408K), 17 survivors (17408K)
 Metaspace       used 78295K, capacity 80348K, committed 80548K, reserved 1120256K
  class space    used 10036K, capacity 10784K, committed 10828K, reserved 1048576K
}
Event: 9.867 GC heap before
{Heap before GC invocations=16 (full 0):
 garbage-first heap   total 312320K, used 252730K [0x0000000080000000, 0x0000000100000000)
  region size 1024K, 111 young (113664K), 17 survivors (17408K)
 Metaspace       used 82145K, capacity 84434K, committed 84772K, reserved 1122304K
  class space    used 10566K, capacity 11341K, committed 11468K, reserved 1048576K
}
Event: 9.888 GC heap after
{Heap after GC invocations=17 (full 0):
 garbage-first heap   total 312320K, used 163840K [0x0000000080000000, 0x0000000100000000)
  region size 1024K, 6 young (6144K), 6 survivors (6144K)
 Metaspace       used 82145K, capacity 84434K, committed 84772K, reserved 1122304K
  class space    used 10566K, capacity 11341K, committed 11468K, reserved 1048576K
}
Event: 9.899 GC heap before
{Heap before GC invocations=17 (full 0):
 garbage-first heap   total 312320K, used 166912K [0x0000000080000000, 0x0000000100000000)
  region size 1024K, 11 young (11264K), 6 survivors (6144K)
 Metaspace       used 82403K, capacity 84754K, committed 85028K, reserved 1122304K
  class space    used 10589K, capacity 11405K, committed 11468K, reserved 1048576K
}
Event: 9.907 GC heap after
{Heap after GC invocations=18 (full 0):
 garbage-first heap   total 312320K, used 164466K [0x0000000080000000, 0x0000000100000000)
  region size 1024K, 7 young (7168K), 7 survivors (7168K)
 Metaspace       used 82403K, capacity 84754K, committed 85028K, reserved 1122304K
  class space    used 10589K, capacity 11405K, committed 11468K, reserved 1048576K
}
Event: 10.821 GC heap before
{Heap before GC invocations=19 (full 0):
 garbage-first heap   total 312320K, used 241266K [0x0000000080000000, 0x0000000100000000)
  region size 1024K, 81 young (82944K), 7 survivors (7168K)
 Metaspace       used 90884K, capacity 93419K, committed 93604K, reserved 1130496K
  class space    used 11644K, capacity 12519K, committed 12620K, reserved 1048576K
}
Event: 10.833 GC heap after
{Heap after GC invocations=20 (full 0):
 garbage-first heap   total 312320K, used 166524K [0x0000000080000000, 0x0000000100000000)
  region size 1024K, 9 young (9216K), 9 survivors (9216K)
 Metaspace       used 90884K, capacity 93419K, committed 93604K, reserved 1130496K
  class space    used 11644K, capacity 12519K, committed 12620K, reserved 1048576K
}
Event: 11.816 GC heap before
{Heap before GC invocations=20 (full 0):
 garbage-first heap   total 312320K, used 244348K [0x0000000080000000, 0x0000000100000000)
  region size 1024K, 86 young (88064K), 9 survivors (9216K)
 Metaspace       used 95372K, capacity 97998K, committed 98212K, reserved 1134592K
  class space    used 12166K, capacity 13103K, committed 13132K, reserved 1048576K
}
Event: 11.834 GC heap after
{Heap after GC invocations=21 (full 0):
 garbage-first heap   total 312320K, used 173742K [0x0000000080000000, 0x0000000100000000)
  region size 1024K, 11 young (11264K), 11 survivors (11264K)
 Metaspace       used 95372K, capacity 97998K, committed 98212K, reserved 1134592K
  class space    used 12166K, capacity 13103K, committed 13132K, reserved 1048576K
}
Event: 12.694 GC heap before
{Heap before GC invocations=22 (full 0):
 garbage-first heap   total 312320K, used 248494K [0x0000000080000000, 0x0000000100000000)
  region size 1024K, 85 young (87040K), 11 survivors (11264K)
 Metaspace       used 97456K, capacity 100236K, committed 100516K, reserved 1136640K
  class space    used 12350K, capacity 13312K, committed 13388K, reserved 1048576K
}
Event: 12.714 GC heap after
{Heap after GC invocations=23 (full 0):
 garbage-first heap   total 312320K, used 178930K [0x0000000080000000, 0x0000000100000000)
  region size 1024K, 7 young (7168K), 7 survivors (7168K)
 Metaspace       used 97456K, capacity 100236K, committed 100516K, reserved 1136640K
  class space    used 12350K, capacity 13312K, committed 13388K, reserved 1048576K
}
Event: 13.259 GC heap before
{Heap before GC invocations=23 (full 0):
 garbage-first heap   total 312320K, used 251634K [0x0000000080000000, 0x0000000100000000)
  region size 1024K, 79 young (80896K), 7 survivors (7168K)
 Metaspace       used 102450K, capacity 105298K, committed 105636K, reserved 1140736K
  class space    used 12858K, capacity 13815K, committed 13900K, reserved 1048576K
}
Event: 13.268 GC heap after
{Heap after GC invocations=24 (full 0):
 garbage-first heap   total 312320K, used 181941K [0x0000000080000000, 0x0000000100000000)
  region size 1024K, 3 young (3072K), 3 survivors (3072K)
 Metaspace       used 102450K, capacity 105298K, committed 105636K, reserved 1140736K
  class space    used 12858K, capacity 13815K, committed 13900K, reserved 1048576K
}
Event: 25.771 GC heap before
{Heap before GC invocations=25 (full 0):
 garbage-first heap   total 312320K, used 257717K [0x0000000080000000, 0x0000000100000000)
  region size 1024K, 77 young (78848K), 3 survivors (3072K)
 Metaspace       used 104969K, capacity 108115K, committed 108196K, reserved 1142784K
  class space    used 13111K, capacity 14117K, committed 14156K, reserved 1048576K
}
Event: 25.782 GC heap after
{Heap after GC invocations=26 (full 0):
 garbage-first heap   total 312320K, used 185669K [0x0000000080000000, 0x0000000100000000)
  region size 1024K, 7 young (7168K), 7 survivors (7168K)
 Metaspace       used 104969K, capacity 108115K, committed 108196K, reserved 1142784K
  class space    used 13111K, capacity 14117K, committed 14156K, reserved 1048576K
}
Event: 31.330 GC heap before
{Heap before GC invocations=26 (full 0):
 garbage-first heap   total 312320K, used 260421K [0x0000000080000000, 0x0000000100000000)
  region size 1024K, 80 young (81920K), 7 survivors (7168K)
 Metaspace       used 106495K, capacity 109606K, committed 109732K, reserved 1144832K
  class space    used 13272K, capacity 14301K, committed 14412K, reserved 1048576K
}
Event: 31.369 GC heap after
{Heap after GC invocations=27 (full 0):
 garbage-first heap   total 312320K, used 194640K [0x0000000080000000, 0x0000000100000000)
  region size 1024K, 10 young (10240K), 10 survivors (10240K)
 Metaspace       used 106495K, capacity 109606K, committed 109732K, reserved 1144832K
  class space    used 13272K, capacity 14301K, committed 14412K, reserved 1048576K
}

Deoptimization events (20 events):
Event: 36.457 Thread 0x0000029b23cce800 Uncommon trap: trap_request=0xffffffc6 fr.pc=0x0000029b1161d288 relative=0x00000000000000e8
Event: 36.457 Thread 0x0000029b23cce800 Uncommon trap: reason=bimorphic_or_optimized_type_check action=maybe_recompile pc=0x0000029b1161d288 method=org.gradle.internal.snapshot.DirectorySnapshot.accept(Lorg/gradle/internal/snapshot/FileSystemSnapshotHierarchyVisitor;)Lorg/gradle/internal/snapsh
Event: 36.457 Thread 0x0000029b23cce800 DEOPT PACKING pc=0x0000029b1161d288 sp=0x000000a9c90fca80
Event: 36.457 Thread 0x0000029b23cce800 DEOPT UNPACKING pc=0x0000029b094da1a9 sp=0x000000a9c90fc970 mode 2
Event: 36.457 Thread 0x0000029b23cce800 Uncommon trap: trap_request=0xffffffc6 fr.pc=0x0000029b1161d288 relative=0x00000000000000e8
Event: 36.457 Thread 0x0000029b23cce800 Uncommon trap: reason=bimorphic_or_optimized_type_check action=maybe_recompile pc=0x0000029b1161d288 method=org.gradle.internal.snapshot.DirectorySnapshot.accept(Lorg/gradle/internal/snapshot/FileSystemSnapshotHierarchyVisitor;)Lorg/gradle/internal/snapsh
Event: 36.457 Thread 0x0000029b23cce800 DEOPT PACKING pc=0x0000029b1161d288 sp=0x000000a9c90fc6d0
Event: 36.457 Thread 0x0000029b23cce800 DEOPT UNPACKING pc=0x0000029b094da1a9 sp=0x000000a9c90fc5c0 mode 2
Event: 36.457 Thread 0x0000029b23cce800 Uncommon trap: trap_request=0xffffffc6 fr.pc=0x0000029b1161d288 relative=0x00000000000000e8
Event: 36.457 Thread 0x0000029b23cce800 Uncommon trap: reason=bimorphic_or_optimized_type_check action=maybe_recompile pc=0x0000029b1161d288 method=org.gradle.internal.snapshot.DirectorySnapshot.accept(Lorg/gradle/internal/snapshot/FileSystemSnapshotHierarchyVisitor;)Lorg/gradle/internal/snapsh
Event: 36.457 Thread 0x0000029b23cce800 DEOPT PACKING pc=0x0000029b1161d288 sp=0x000000a9c90fc320
Event: 36.457 Thread 0x0000029b23cce800 DEOPT UNPACKING pc=0x0000029b094da1a9 sp=0x000000a9c90fc210 mode 2
Event: 36.457 Thread 0x0000029b23cce800 Uncommon trap: trap_request=0xffffffde fr.pc=0x0000029b11600190 relative=0x0000000000004e30
Event: 36.457 Thread 0x0000029b23cce800 Uncommon trap: reason=class_check action=maybe_recompile pc=0x0000029b11600190 method=org.gradle.internal.snapshot.impl.AbstractValueProcessor.processValue(Ljava/lang/Object;Lorg/gradle/internal/snapshot/impl/AbstractValueProcessor$ValueVisitor;)Ljava/lan
Event: 36.458 Thread 0x0000029b23cce800 DEOPT PACKING pc=0x0000029b11600190 sp=0x000000a9c90fca40
Event: 36.458 Thread 0x0000029b23cce800 DEOPT UNPACKING pc=0x0000029b094da1a9 sp=0x000000a9c90fca50 mode 2
Event: 36.461 Thread 0x0000029b23cce800 Uncommon trap: trap_request=0xffffffc6 fr.pc=0x0000029b1161d288 relative=0x00000000000000e8
Event: 36.461 Thread 0x0000029b23cce800 Uncommon trap: reason=bimorphic_or_optimized_type_check action=maybe_recompile pc=0x0000029b1161d288 method=org.gradle.internal.snapshot.DirectorySnapshot.accept(Lorg/gradle/internal/snapshot/FileSystemSnapshotHierarchyVisitor;)Lorg/gradle/internal/snapsh
Event: 36.461 Thread 0x0000029b23cce800 DEOPT PACKING pc=0x0000029b1161d288 sp=0x000000a9c90fc3d0
Event: 36.461 Thread 0x0000029b23cce800 DEOPT UNPACKING pc=0x0000029b094da1a9 sp=0x000000a9c90fc2c0 mode 2

Classes redefined (0 events):
No events

Internal exceptions (20 events):
Event: 26.246 Thread 0x0000029b20ab8800 Exception <a 'java/lang/ClassNotFoundException'{0x000000008eee8f50}: com/android/build/gradle/tasks/PackageApplication_DecoratedBeanInfo> (0x000000008eee8f50) thrown at [src/hotspot/share/classfile/systemDictionary.cpp, line 230]
Event: 26.246 Thread 0x0000029b20ab8800 Exception <a 'java/lang/ClassNotFoundException'{0x000000008ed02358}: com/android/build/gradle/tasks/PackageApplicationBeanInfo> (0x000000008ed02358) thrown at [src/hotspot/share/classfile/systemDictionary.cpp, line 230]
Event: 26.246 Thread 0x0000029b20ab8800 Exception <a 'java/lang/ClassNotFoundException'{0x000000008ed1c310}: com/android/build/gradle/tasks/PackageAndroidArtifactBeanInfo> (0x000000008ed1c310) thrown at [src/hotspot/share/classfile/systemDictionary.cpp, line 230]
Event: 26.247 Thread 0x0000029b20ab8800 Exception <a 'java/lang/ClassNotFoundException'{0x000000008ed36508}: com/android/build/gradle/tasks/PackageAndroidArtifactCustomizer> (0x000000008ed36508) thrown at [src/hotspot/share/classfile/systemDictionary.cpp, line 230]
Event: 26.248 Thread 0x0000029b20ab8800 Exception <a 'java/lang/ClassNotFoundException'{0x000000008ed9d088}: com/android/build/gradle/tasks/PackageApplicationCustomizer> (0x000000008ed9d088) thrown at [src/hotspot/share/classfile/systemDictionary.cpp, line 230]
Event: 26.248 Thread 0x0000029b20ab8800 Exception <a 'java/lang/ClassNotFoundException'{0x000000008edd4960}: com/android/build/gradle/tasks/PackageApplication_DecoratedCustomizer> (0x000000008edd4960) thrown at [src/hotspot/share/classfile/systemDictionary.cpp, line 230]
Event: 26.250 Thread 0x0000029b20ab8800 Exception <a 'java/lang/ClassNotFoundException'{0x000000008ecb2bf8}: com/android/build/gradle/internal/tasks/ListingFileRedirectTask_DecoratedBeanInfo> (0x000000008ecb2bf8) thrown at [src/hotspot/share/classfile/systemDictionary.cpp, line 230]
Event: 26.251 Thread 0x0000029b20ab8800 Exception <a 'java/lang/ClassNotFoundException'{0x000000008ecce2f0}: com/android/build/gradle/internal/tasks/ListingFileRedirectTaskBeanInfo> (0x000000008ecce2f0) thrown at [src/hotspot/share/classfile/systemDictionary.cpp, line 230]
Event: 26.251 Thread 0x0000029b20ab8800 Exception <a 'java/lang/ClassNotFoundException'{0x000000008ece9a20}: com/android/build/gradle/internal/tasks/ListingFileRedirectTaskCustomizer> (0x000000008ece9a20) thrown at [src/hotspot/share/classfile/systemDictionary.cpp, line 230]
Event: 26.252 Thread 0x0000029b20ab8800 Exception <a 'java/lang/ClassNotFoundException'{0x000000008eb19198}: com/android/build/gradle/internal/tasks/ListingFileRedirectTask_DecoratedCustomizer> (0x000000008eb19198) thrown at [src/hotspot/share/classfile/systemDictionary.cpp, line 230]
Event: 26.266 Thread 0x0000029b20ab8800 Exception <a 'sun/nio/fs/WindowsException'{0x000000008ea29ed8}> (0x000000008ea29ed8) thrown at [src/hotspot/share/prims/jni.cpp, line 617]
Event: 26.296 Thread 0x0000029b23cce000 Exception <a 'sun/nio/fs/WindowsException'{0x000000008e9bc568}> (0x000000008e9bc568) thrown at [src/hotspot/share/prims/jni.cpp, line 617]
Event: 26.296 Thread 0x0000029b23cce000 Exception <a 'sun/nio/fs/WindowsException'{0x000000008e9bd678}> (0x000000008e9bd678) thrown at [src/hotspot/share/prims/jni.cpp, line 617]
Event: 26.314 Thread 0x0000029b23cce000 Implicit null exception at 0x0000029b114ada77 to 0x0000029b114adc00
Event: 31.329 Thread 0x0000029b23cce000 Exception <a 'net/rubygrapefruit/platform/NativeException'{0x000000008e8f18e8}: Execution timed out> (0x000000008e8f18e8) thrown at [src/hotspot/share/prims/jni.cpp, line 638]
Event: 36.382 Thread 0x0000029b23cce000 Exception <a 'net/rubygrapefruit/platform/NativeException'{0x000000009301d3d0}: Execution timed out> (0x000000009301d3d0) thrown at [src/hotspot/share/prims/jni.cpp, line 638]
Event: 36.408 Thread 0x0000029b23ae5000 Exception <a 'java/lang/NoSuchMethodError'{0x0000000092e7d030}: <clinit>> (0x0000000092e7d030) thrown at [src/hotspot/share/prims/jni.cpp, line 1367]
Event: 36.409 Thread 0x0000029b23ae5000 Exception <a 'java/lang/NoSuchMethodError'{0x0000000092e8fc00}: <clinit>> (0x0000000092e8fc00) thrown at [src/hotspot/share/prims/jni.cpp, line 1367]
Event: 36.421 Thread 0x0000029b23ae5000 Exception <a 'java/lang/NoSuchMethodError'{0x0000000092d23bc8}: <clinit>> (0x0000000092d23bc8) thrown at [src/hotspot/share/prims/jni.cpp, line 1367]
Event: 36.443 Thread 0x0000029b23cce800 Exception <a 'java/lang/NoSuchMethodError'{0x0000000092db0348}: 'int java.lang.invoke.DirectMethodHandle$Holder.invokeSpecial(java.lang.Object, java.lang.Object, java.lang.Object, java.lang.Object, java.lang.Object)'> (0x0000000092db0348) thrown at [src/hotspot/share/interpreter/linkResolver.cpp, line 773]

Events (20 events):
Event: 36.445 loading class org/gradle/internal/snapshot/impl/FileSystemSnapshotFilter$FilteringVisitor$1
Event: 36.445 loading class org/gradle/internal/snapshot/impl/FileSystemSnapshotFilter$FilteringVisitor$1 done
Event: 36.445 loading class org/gradle/internal/fingerprint/impl/PatternSetSnapshottingFilter$LogicalFileTreeElement
Event: 36.445 loading class org/gradle/internal/fingerprint/impl/PatternSetSnapshottingFilter$LogicalFileTreeElement done
Event: 36.446 loading class org/gradle/api/file/RelativePath
Event: 36.446 loading class org/gradle/api/file/RelativePath done
Event: 36.446 loading class org/gradle/api/tasks/util/internal/CachingPatternSpecFactory$CachingSpec$1
Event: 36.446 loading class org/gradle/api/tasks/util/internal/CachingPatternSpecFactory$CachingSpec$1 done
Event: 36.447 loading class org/gradle/internal/snapshot/UnknownFileSystemNode
Event: 36.447 loading class org/gradle/internal/snapshot/UnknownFileSystemNode done
Event: 36.447 Executing VM operation: Deoptimize
Event: 36.448 Executing VM operation: Deoptimize done
Event: 36.457 loading class com/android/build/gradle/tasks/GenerateBuildConfigKt
Event: 36.457 loading class com/android/build/gradle/tasks/GenerateBuildConfigKt done
Event: 36.459 loading class com/android/build/gradle/internal/core/VariantDslInfoImpl$computeVersionNameSuffix$2
Event: 36.459 loading class com/android/build/gradle/internal/core/VariantDslInfoImpl$computeVersionNameSuffix$2 done
Event: 36.460 loading class org/gradle/execution/plan/LocalTaskNodeExecutor$1
Event: 36.460 loading class org/gradle/execution/plan/LocalTaskNodeExecutor$1 done
Event: 36.461 Executing VM operation: RevokeBias
Event: 36.461 Executing VM operation: RevokeBias done


Dynamic libraries:
0x00007ff78bb70000 - 0x00007ff78bb7a000 	C:\Program Files\Android\Android Studio\jbr\bin\java.exe
0x00007ffddd7d0000 - 0x00007ffddd9c6000 	C:\Windows\SYSTEM32\ntdll.dll
0x00007ffddc7f0000 - 0x00007ffddc8ad000 	C:\Windows\System32\KERNEL32.DLL
0x00007ffddb310000 - 0x00007ffddb5d9000 	C:\Windows\System32\KERNELBASE.dll
0x00007ffddb020000 - 0x00007ffddb120000 	C:\Windows\System32\ucrtbase.dll
0x00007ffdc3070000 - 0x00007ffdc3087000 	C:\Program Files\Android\Android Studio\jbr\bin\jli.dll
0x00007ffdc28f0000 - 0x00007ffdc290b000 	C:\Program Files\Android\Android Studio\jbr\bin\VCRUNTIME140.dll
0x00007ffddc3c0000 - 0x00007ffddc560000 	C:\Windows\System32\USER32.dll
0x00007ffddb230000 - 0x00007ffddb252000 	C:\Windows\System32\win32u.dll
0x00007ffddcad0000 - 0x00007ffddcafa000 	C:\Windows\System32\GDI32.dll
0x00007ffddaf10000 - 0x00007ffddb01b000 	C:\Windows\System32\gdi32full.dll
0x00007ffddb740000 - 0x00007ffddb7dd000 	C:\Windows\System32\msvcp_win.dll
0x00007ffdbcec0000 - 0x00007ffdbd15b000 	C:\Windows\WinSxS\amd64_microsoft.windows.common-controls_6595b64144ccf1df_6.0.19041.746_none_ca02b4b61b8320a4\COMCTL32.dll
0x00007ffddc320000 - 0x00007ffddc3be000 	C:\Windows\System32\msvcrt.dll
0x00007ffddc730000 - 0x00007ffddc760000 	C:\Windows\System32\IMM32.DLL
0x00007ffda4200000 - 0x00007ffda425b000 	C:\ProgramData\Microsoft\DbgCtr\XShellDLL64_6015.dll
0x00007ffddc680000 - 0x00007ffddc72c000 	C:\Windows\System32\ADVAPI32.dll
0x00007ffddc560000 - 0x00007ffddc5fc000 	C:\Windows\System32\sechost.dll
0x00007ffddc980000 - 0x00007ffddcaab000 	C:\Windows\System32\RPCRT4.dll
0x00007ffddba20000 - 0x00007ffddc162000 	C:\Windows\System32\SHELL32.dll
0x00007ffdd6030000 - 0x00007ffdd603c000 	C:\Program Files\Android\Android Studio\jbr\bin\vcruntime140_1.dll
0x00007ffdb48c0000 - 0x00007ffdb494d000 	C:\Program Files\Android\Android Studio\jbr\bin\msvcp140.dll
0x00007ffd96130000 - 0x00007ffd96cec000 	C:\Program Files\Android\Android Studio\jbr\bin\server\jvm.dll
0x00007ffddba10000 - 0x00007ffddba18000 	C:\Windows\System32\PSAPI.DLL
0x00007ffdc85b0000 - 0x00007ffdc85b9000 	C:\Windows\SYSTEM32\WSOCK32.dll
0x00007ffddc610000 - 0x00007ffddc67b000 	C:\Windows\System32\WS2_32.dll
0x00007ffdb4db0000 - 0x00007ffdb4dd7000 	C:\Windows\SYSTEM32\WINMM.dll
0x00007ffdd4230000 - 0x00007ffdd423a000 	C:\Windows\SYSTEM32\VERSION.dll
0x00007ffdd8e80000 - 0x00007ffdd8e92000 	C:\Windows\SYSTEM32\kernel.appcore.dll
0x00007ffdcc7e0000 - 0x00007ffdcc7f0000 	C:\Program Files\Android\Android Studio\jbr\bin\verify.dll
0x00007ffdc3cc0000 - 0x00007ffdc3ea4000 	C:\Windows\SYSTEM32\DBGHELP.DLL
0x00007ffdc3c90000 - 0x00007ffdc3cbc000 	C:\Windows\SYSTEM32\dbgcore.DLL
0x00007ffddb260000 - 0x00007ffddb2e0000 	C:\Windows\System32\bcryptPrimitives.dll
0x00007ffdc3790000 - 0x00007ffdc37b8000 	C:\Program Files\Android\Android Studio\jbr\bin\java.dll
0x00007ffdcbef0000 - 0x00007ffdcbefa000 	C:\Program Files\Android\Android Studio\jbr\bin\jimage.dll
0x00007ffdc3580000 - 0x00007ffdc3598000 	C:\Program Files\Android\Android Studio\jbr\bin\zip.dll
0x00007ffdd9080000 - 0x00007ffdd9810000 	C:\Windows\SYSTEM32\windows.storage.dll
0x00007ffddd3d0000 - 0x00007ffddd726000 	C:\Windows\System32\combase.dll
0x00007ffdda970000 - 0x00007ffdda99c000 	C:\Windows\SYSTEM32\Wldp.dll
0x00007ffddb830000 - 0x00007ffddb8de000 	C:\Windows\System32\SHCORE.dll
0x00007ffddc170000 - 0x00007ffddc1c5000 	C:\Windows\System32\shlwapi.dll
0x00007ffddae40000 - 0x00007ffddae66000 	C:\Windows\SYSTEM32\profapi.dll
0x00007ffdc30d0000 - 0x00007ffdc30e9000 	C:\Program Files\Android\Android Studio\jbr\bin\net.dll
0x00007ffdd4cc0000 - 0x00007ffdd4dc0000 	C:\Windows\SYSTEM32\WINHTTP.dll
0x00007ffdda680000 - 0x00007ffdda6ea000 	C:\Windows\system32\mswsock.dll
0x00007ffdc30b0000 - 0x00007ffdc30c3000 	C:\Program Files\Android\Android Studio\jbr\bin\nio.dll
0x00007ffdc2910000 - 0x00007ffdc2937000 	C:\Users\it_04\.gradle\native\e1d6ef7f7dcc3fd88c89a11ec53ec762bb8ba0a96d01ffa2cd45eb1d1d8dd5c5\windows-amd64\native-platform.dll
0x00007ffd932c0000 - 0x00007ffd93404000 	C:\Users\it_04\.gradle\native\0d407fdbe67a94daf76414ababcb853783967236a71b16ec16e742cd7a986fd3\windows-amd64\native-platform-file-events.dll
0x00007ffdc5190000 - 0x00007ffdc519a000 	C:\Program Files\Android\Android Studio\jbr\bin\management.dll
0x00007ffdc3600000 - 0x00007ffdc360b000 	C:\Program Files\Android\Android Studio\jbr\bin\management_ext.dll
0x00007ffdda850000 - 0x00007ffdda868000 	C:\Windows\SYSTEM32\CRYPTSP.dll
0x00007ffdda020000 - 0x00007ffdda054000 	C:\Windows\system32\rsaenh.dll
0x00007ffddb2e0000 - 0x00007ffddb307000 	C:\Windows\System32\bcrypt.dll
0x00007ffddadc0000 - 0x00007ffddadee000 	C:\Windows\SYSTEM32\USERENV.dll
0x00007ffdda870000 - 0x00007ffdda87c000 	C:\Windows\SYSTEM32\CRYPTBASE.dll
0x00007ffdda370000 - 0x00007ffdda3ab000 	C:\Windows\SYSTEM32\IPHLPAPI.DLL
0x00007ffddc7e0000 - 0x00007ffddc7e8000 	C:\Windows\System32\NSI.dll
0x00007ffdd43f0000 - 0x00007ffdd4407000 	C:\Windows\SYSTEM32\dhcpcsvc6.DLL
0x00007ffdd43d0000 - 0x00007ffdd43ed000 	C:\Windows\SYSTEM32\dhcpcsvc.DLL
0x00007ffdda3b0000 - 0x00007ffdda47b000 	C:\Windows\SYSTEM32\DNSAPI.dll

dbghelp: loaded successfully - version: 4.0.5 - missing functions: none
symbol engine: initialized successfully - sym options: 0x614 - pdb path: .;C:\Program Files\Android\Android Studio\jbr\bin;C:\Windows\SYSTEM32;C:\Windows\WinSxS\amd64_microsoft.windows.common-controls_6595b64144ccf1df_6.0.19041.746_none_ca02b4b61b8320a4;C:\ProgramData\Microsoft\DbgCtr;C:\Program Files\Android\Android Studio\jbr\bin\server;C:\Users\it_04\.gradle\native\e1d6ef7f7dcc3fd88c89a11ec53ec762bb8ba0a96d01ffa2cd45eb1d1d8dd5c5\windows-amd64;C:\Users\it_04\.gradle\native\0d407fdbe67a94daf76414ababcb853783967236a71b16ec16e742cd7a986fd3\windows-amd64

VM Arguments:
jvm_args: --add-opens=java.base/java.util=ALL-UNNAMED --add-opens=java.base/java.lang=ALL-UNNAMED --add-opens=java.base/java.lang.invoke=ALL-UNNAMED --add-opens=java.base/java.util=ALL-UNNAMED --add-opens=java.prefs/java.util.prefs=ALL-UNNAMED --add-opens=java.prefs/java.util.prefs=ALL-UNNAMED --add-opens=java.base/java.nio.charset=ALL-UNNAMED --add-opens=java.base/java.net=ALL-UNNAMED --add-opens=java.base/java.util.concurrent.atomic=ALL-UNNAMED -Xmx2048m -Dfile.encoding=UTF-8 -Duser.country=US -Duser.language=en -Duser.variant 
java_command: org.gradle.launcher.daemon.bootstrap.GradleDaemon 7.5
java_class_path (initial): C:\Users\it_04\.gradle\wrapper\dists\gradle-7.5-bin\f1w0cc9nuo0eivz97x2xlu9sv\gradle-7.5\lib\gradle-launcher-7.5.jar
Launcher Type: SUN_STANDARD

[Global flags]
     intx CICompilerCount                          = 3                                         {product} {ergonomic}
     uint ConcGCThreads                            = 1                                         {product} {ergonomic}
     uint G1ConcRefinementThreads                  = 4                                         {product} {ergonomic}
   size_t G1HeapRegionSize                         = 1048576                                   {product} {ergonomic}
    uintx GCDrainStackTargetSize                   = 64                                        {product} {ergonomic}
   size_t InitialHeapSize                          = 266338304                                 {product} {ergonomic}
   size_t MarkStackSize                            = 4194304                                   {product} {ergonomic}
   size_t MaxHeapSize                              = 2147483648                                {product} {command line}
   size_t MaxNewSize                               = 1287651328                                {product} {ergonomic}
   size_t MinHeapDeltaBytes                        = 1048576                                   {product} {ergonomic}
    uintx NonNMethodCodeHeapSize                   = 5830732                                {pd product} {ergonomic}
    uintx NonProfiledCodeHeapSize                  = 122913754                              {pd product} {ergonomic}
    uintx ProfiledCodeHeapSize                     = 122913754                              {pd product} {ergonomic}
    uintx ReservedCodeCacheSize                    = 251658240                              {pd product} {ergonomic}
     bool SegmentedCodeCache                       = true                                      {product} {ergonomic}
     bool UseCompressedClassPointers               = true                                 {lp64_product} {ergonomic}
     bool UseCompressedOops                        = true                                 {lp64_product} {ergonomic}
     bool UseG1GC                                  = true                                      {product} {ergonomic}
     bool UseLargePagesIndividualAllocation        = false                                  {pd product} {ergonomic}

Logging:
Log output configuration:
 #0: stdout all=warning uptime,level,tags
 #1: stderr all=off uptime,level,tags

Environment Variables:
PATH=D:\app\it_07\product\11.2.0\client_1\bin;C:\Windows\system32;C:\Windows;C:\Windows\System32\Wbem;C:\Windows\System32\WindowsPowerShell\v1.0\;C:\Windows\System32\OpenSSH\;C:\Program Files\dotnet\;C:\Program Files\Git\cmd;C:\Users\it_04\AppData\Local\Microsoft\WindowsApps;C:\Users\it_04\.dotnet\tools
USERNAME=it_04
OS=Windows_NT
PROCESSOR_IDENTIFIER=Intel64 Family 6 Model 165 Stepping 3, GenuineIntel



---------------  S Y S T E M  ---------------

OS: Windows 10 , 64 bit Build 19041 (10.0.19041.804)
OS uptime: 0 days 1:26 hours

CPU:total 4 (initial active 4) (2 cores per cpu, 2 threads per core) family 6 model 165 stepping 3 microcode 0xe0, cmov, cx8, fxsr, mmx, sse, sse2, sse3, ssse3, sse4.1, sse4.2, popcnt, aes, clmul, erms, 3dnowpref, lzcnt, ht, tsc, tscinvbit

Memory: 4k page, system-wide physical 16242M (9176M free)
TotalPageFile size 18674M (AvailPageFile size 12025M)
current process WorkingSet (physical memory assigned to process): 564M, peak: 601M
current process commit charge ("private bytes"): 605M, peak: 638M

vm_info: OpenJDK 64-Bit Server VM (11.0.15+0-b2043.56-9505619) for windows-amd64 JRE (11.0.15+0-b2043.56-9505619), built on Jan 19 2023 02:48:00 by "builduser" with unknown MS VC++:1929

END.
