#
# A fatal error has been detected by the Java Runtime Environment:
#
#  EXCEPTION_ACCESS_VIOLATION (0xc0000005) at pc=0x0000000000000015, pid=9436, tid=9404
#
# JRE version: OpenJDK Runtime Environment (11.0.15) (build 11.0.15+0-b2043.56-9505619)
# Java VM: OpenJDK 64-Bit Server VM (11.0.15+0-b2043.56-9505619, mixed mode, tiered, compressed oops, g1 gc, windows-amd64)
# Problematic frame:
# C  0x0000000000000015
#
# No core dump will be written. Minidumps are not enabled by default on client versions of Windows
#
# If you would like to submit a bug report, please visit:
#   https://bugreport.java.com/bugreport/crash.jsp
# The crash happened outside the Java Virtual Machine in native code.
# See problematic frame for where to report the bug.
#

---------------  S U M M A R Y ------------

Command Line: --add-opens=java.base/java.util=ALL-UNNAMED --add-opens=java.base/java.lang=ALL-UNNAMED --add-opens=java.base/java.lang.invoke=ALL-UNNAMED --add-opens=java.base/java.util=ALL-UNNAMED --add-opens=java.prefs/java.util.prefs=ALL-UNNAMED --add-opens=java.prefs/java.util.prefs=ALL-UNNAMED --add-opens=java.base/java.nio.charset=ALL-UNNAMED --add-opens=java.base/java.net=ALL-UNNAMED --add-opens=java.base/java.util.concurrent.atomic=ALL-UNNAMED -Xmx2048m -Dfile.encoding=UTF-8 -Duser.country=US -Duser.language=en -Duser.variant org.gradle.launcher.daemon.bootstrap.GradleDaemon 7.5

Host: Intel(R) Pentium(R) Gold G6400 CPU @ 4.00GHz, 4 cores, 15G,  Windows 10 , 64 bit Build 19041 (10.0.19041.804)
Time: Mon Apr 24 08:14:33 2023 SE Asia Standard Time elapsed time: 20.350821 seconds (0d 0h 0m 20s)

---------------  T H R E A D  ---------------

Current thread (0x00000204ee0ab800):  JavaThread "File watcher server" daemon [_thread_in_native, id=9404, stack(0x000000da46100000,0x000000da46200000)]

Stack: [0x000000da46100000,0x000000da46200000],  sp=0x000000da461fe958,  free space=1018k
Native frames: (J=compiled Java code, j=interpreted, Vv=VM code, C=native code)
C  0x0000000000000015

Java frames: (J=compiled Java code, j=interpreted, Vv=VM code)
j  net.rubygrapefruit.platform.internal.jni.AbstractFileEventFunctions$NativeFileWatcher.executeRunLoop0(Ljava/lang/Object;)V+0
j  net.rubygrapefruit.platform.internal.jni.AbstractFileEventFunctions$NativeFileWatcher.access$100(Lnet/rubygrapefruit/platform/internal/jni/AbstractFileEventFunctions$NativeFileWatcher;Ljava/lang/Object;)V+2
j  net.rubygrapefruit.platform.internal.jni.AbstractFileEventFunctions$NativeFileWatcher$1.run()V+26
v  ~StubRoutines::call_stub

siginfo: EXCEPTION_ACCESS_VIOLATION (0xc0000005), data execution prevention violation at address 0x0000000000000015


Register to memory mapping:

RIP=0x0000000000000015 is an unknown value
RAX=0x0000000000000015 is an unknown value
RBX=0x0 is NULL
RCX=0x000000da49dfb538 is pointing into the stack for thread: 0x00000204ef652800
RDX=0x0 is NULL
RSP=0x000000da461fe958 is pointing into the stack for thread: 0x00000204ee0ab800
RBP=0x000000da461ff328 is pointing into the stack for thread: 0x00000204ee0ab800
RSI=0x000000da49dfb530 is pointing into the stack for thread: 0x00000204ef652800
RDI=0x000000da49dfb4f0 is pointing into the stack for thread: 0x00000204ef652800
R8 =0x00000204cf004800 points into unknown readable memory: 0x00000204cf000d20 | 20 0d 00 cf 04 02 00 00
R9 =0x0000000000000001 is an unknown value
R10=0x0000000000008000 is an unknown value
R11=0x000000da461fe610 is pointing into the stack for thread: 0x00000204ee0ab800
R12=0x0 is NULL
R13={method} {0x00000204f07462e8} 'executeRunLoop0' '(Ljava/lang/Object;)V' in 'net/rubygrapefruit/platform/internal/jni/AbstractFileEventFunctions$NativeFileWatcher'
R14=0x0 is NULL
R15=0x00000204ee0ab800 is a thread


Registers:
RAX=0x0000000000000015, RBX=0x0000000000000000, RCX=0x000000da49dfb538, RDX=0x0000000000000000
RSP=0x000000da461fe958, RBP=0x000000da461ff328, RSI=0x000000da49dfb530, RDI=0x000000da49dfb4f0
R8 =0x00000204cf004800, R9 =0x0000000000000001, R10=0x0000000000008000, R11=0x000000da461fe610
R12=0x0000000000000000, R13=0x00000204f07462e0, R14=0x0000000000000000, R15=0x00000204ee0ab800
RIP=0x0000000000000015, EFLAGS=0x0000000000010216

Top of Stack: (sp=0x000000da461fe958)
0x000000da461fe958:   00007ff898be63b9 0000000000000000
0x000000da461fe968:   00000204d4d5fa7a 00000204eb2f5990
0x000000da461fe978:   00007ff898bc3133 00000204f119eb38
0x000000da461fe988:   000000008fb80970 00003fb967246dc2
0x000000da461fe998:   00007ff898bcda83 000000da461ff350
0x000000da461fe9a8:   000000da49dfb4f0 00007ff898bbf150
0x000000da461fe9b8:   00007ff898bd709b 000000da49dfb530
0x000000da461fe9c8:   00000000804162f0 0000000000000000
0x000000da461fe9d8:   00007ff898bcbfae 00000204f119eb30
0x000000da461fe9e8:   00007ff898bc92a6 000000da49dfb530
0x000000da461fe9f8:   0000000000000000 00000204f119eb30
0x000000da461fea08:   00007ff898ba57b3 0000000000000000
0x000000da461fea18:   00007ff898bd64c2 000000da461fea60
0x000000da461fea28:   000000da49dfb530 00000204eaf84a20
0x000000da461fea38:   0000000000000000 0000000080409701
0x000000da461fea48:   00000204eae9fd50 0000000000000000 

Instructions: (pc=0x0000000000000015)
0xffffffffffffff15:   


Stack slot to memory mapping:
stack at sp + 0 slots: 0x00007ff898be63b9 native-platform-file-events.dll
stack at sp + 1 slots: 0x0 is NULL
stack at sp + 2 slots: 0x00000204d4d5fa7a is at code_begin+2458 in an Interpreter codelet
method entry point (kind = native)  [0x00000204d4d5f0e0, 0x00000204d4d5fb60]  2688 bytes
stack at sp + 3 slots: {method} {0x00000204eb2f5998} 'findEntry' '(Ljava/lang/String;)J' in 'java/lang/ClassLoader$NativeLibrary'
stack at sp + 4 slots: 0x00007ff898bc3133 native-platform-file-events.dll
stack at sp + 5 slots: 0x00000204f119eb38 points into unknown readable memory: 0x00000204f4b709b0 | b0 09 b7 f4 04 02 00 00
stack at sp + 6 slots: 0x000000008fb80970 is an unallocated location in the heap
stack at sp + 7 slots: 0x00003fb967246dc2 is an unknown value


---------------  P R O C E S S  ---------------

Threads class SMR info:
_java_thread_list=0x00000204f111a520, length=86, elements={
0x00000204d1234000, 0x00000204eae75800, 0x00000204eb70a000, 0x00000204eb75a800,
0x00000204eb75b800, 0x00000204eb75d000, 0x00000204eb764000, 0x00000204eb771800,
0x00000204eb777000, 0x00000204eb8d3000, 0x00000204ecd8d000, 0x00000204ecabc800,
0x00000204ece8c000, 0x00000204edfdf800, 0x00000204edfb8800, 0x00000204ecc80000,
0x00000204eca2f000, 0x00000204ee0a4800, 0x00000204ecb6e000, 0x00000204edd03000,
0x00000204ee0af000, 0x00000204ee0ab000, 0x00000204ee0a9000, 0x00000204ee0ab800,
0x00000204ee0ac800, 0x00000204ee0ad800, 0x00000204ee0ae000, 0x00000204ee0af800,
0x00000204ee0aa000, 0x00000204ef227000, 0x00000204ef229800, 0x00000204ef225800,
0x00000204ef226000, 0x00000204ef22b000, 0x00000204ef22d800, 0x00000204ef228800,
0x00000204ef227800, 0x00000204ef22c800, 0x00000204ef22e800, 0x00000204ef22f000,
0x00000204ef230000, 0x00000204ef22a000, 0x00000204ef232800, 0x00000204ef233000,
0x00000204ef234000, 0x00000204ef230800, 0x00000204ef231800, 0x00000204f107a000,
0x00000204f107b000, 0x00000204f107c800, 0x00000204f107b800, 0x00000204f107d800,
0x00000204f107e000, 0x00000204f107f000, 0x00000204f1079800, 0x00000204f1080000,
0x00000204f1080800, 0x00000204f1082800, 0x00000204f1081800, 0x00000204f1086800,
0x00000204f1084000, 0x00000204f1083000, 0x00000204f1084800, 0x00000204f1087000,
0x00000204f1085800, 0x00000204f1088000, 0x00000204ef648800, 0x00000204ef647800,
0x00000204ef64c800, 0x00000204ef64c000, 0x00000204ef649800, 0x00000204ef64a000,
0x00000204ef647000, 0x00000204ef650800, 0x00000204ef64d800, 0x00000204ef64b000,
0x00000204ef653000, 0x00000204ef654000, 0x00000204ef651800, 0x00000204ef64f000,
0x00000204ef650000, 0x00000204ef655800, 0x00000204ef652800, 0x00000204ef655000,
0x00000204f1cc3000, 0x00000204f1cc3800
}

Java Threads: ( => current thread )
  0x00000204d1234000 JavaThread "main" [_thread_blocked, id=3820, stack(0x000000da43c00000,0x000000da43d00000)]
  0x00000204eae75800 JavaThread "Reference Handler" daemon [_thread_blocked, id=736, stack(0x000000da44600000,0x000000da44700000)]
  0x00000204eb70a000 JavaThread "Finalizer" daemon [_thread_blocked, id=8572, stack(0x000000da44700000,0x000000da44800000)]
  0x00000204eb75a800 JavaThread "Signal Dispatcher" daemon [_thread_blocked, id=9252, stack(0x000000da44800000,0x000000da44900000)]
  0x00000204eb75b800 JavaThread "Attach Listener" daemon [_thread_blocked, id=1528, stack(0x000000da44900000,0x000000da44a00000)]
  0x00000204eb75d000 JavaThread "Service Thread" daemon [_thread_blocked, id=6884, stack(0x000000da44a00000,0x000000da44b00000)]
  0x00000204eb764000 JavaThread "C2 CompilerThread0" daemon [_thread_in_native, id=1340, stack(0x000000da44b00000,0x000000da44c00000)]
  0x00000204eb771800 JavaThread "C1 CompilerThread0" daemon [_thread_blocked, id=9880, stack(0x000000da44c00000,0x000000da44d00000)]
  0x00000204eb777000 JavaThread "Sweeper thread" daemon [_thread_blocked, id=6940, stack(0x000000da44d00000,0x000000da44e00000)]
  0x00000204eb8d3000 JavaThread "Common-Cleaner" daemon [_thread_blocked, id=10200, stack(0x000000da44e00000,0x000000da44f00000)]
  0x00000204ecd8d000 JavaThread "Daemon health stats" [_thread_blocked, id=2456, stack(0x000000da45400000,0x000000da45500000)]
  0x00000204ecabc800 JavaThread "Incoming local TCP Connector on port 65098" [_thread_in_native, id=2044, stack(0x000000da45500000,0x000000da45600000)]
  0x00000204ece8c000 JavaThread "Daemon periodic checks" [_thread_blocked, id=6084, stack(0x000000da45600000,0x000000da45700000)]
  0x00000204edfdf800 JavaThread "Daemon" [_thread_blocked, id=7868, stack(0x000000da45700000,0x000000da45800000)]
  0x00000204edfb8800 JavaThread "Handler for socket connection from /127.0.0.1:65098 to /127.0.0.1:65099" [_thread_in_native, id=2068, stack(0x000000da45800000,0x000000da45900000)]
  0x00000204ecc80000 JavaThread "Cancel handler" [_thread_blocked, id=2868, stack(0x000000da45900000,0x000000da45a00000)]
  0x00000204eca2f000 JavaThread "Daemon worker" [_thread_blocked, id=3188, stack(0x000000da45a00000,0x000000da45b00000)]
  0x00000204ee0a4800 JavaThread "Asynchronous log dispatcher for DefaultDaemonConnection: socket connection from /127.0.0.1:65098 to /127.0.0.1:65099" [_thread_blocked, id=9356, stack(0x000000da45b00000,0x000000da45c00000)]
  0x00000204ecb6e000 JavaThread "Stdin handler" [_thread_blocked, id=9820, stack(0x000000da45c00000,0x000000da45d00000)]
  0x00000204edd03000 JavaThread "Daemon client event forwarder" [_thread_in_Java, id=4724, stack(0x000000da45d00000,0x000000da45e00000)]
  0x00000204ee0af000 JavaThread "Cache worker for journal cache (C:\Users\it_04\.gradle\caches\journal-1)" [_thread_blocked, id=10024, stack(0x000000da45000000,0x000000da45100000)]
  0x00000204ee0ab000 JavaThread "File lock request listener" [_thread_in_native, id=7268, stack(0x000000da45e00000,0x000000da45f00000)]
  0x00000204ee0a9000 JavaThread "Cache worker for file hash cache (C:\Users\it_04\.gradle\caches\7.5\fileHashes)" [_thread_blocked, id=9340, stack(0x000000da45f00000,0x000000da46000000)]
=>0x00000204ee0ab800 JavaThread "File watcher server" daemon [_thread_in_native, id=9404, stack(0x000000da46100000,0x000000da46200000)]
  0x00000204ee0ac800 JavaThread "File watcher consumer" daemon [_thread_blocked, id=3848, stack(0x000000da46200000,0x000000da46300000)]
  0x00000204ee0ad800 JavaThread "Cache worker for checksums cache (D:\SourceAndroid\KyThuat\.gradle\7.5\checksums)" [_thread_blocked, id=5852, stack(0x000000da46300000,0x000000da46400000)]
  0x00000204ee0ae000 JavaThread "Cache worker for cache directory md-rule (C:\Users\it_04\.gradle\caches\7.5\md-rule)" [_thread_blocked, id=6052, stack(0x000000da46400000,0x000000da46500000)]
  0x00000204ee0af800 JavaThread "Cache worker for file content cache (C:\Users\it_04\.gradle\caches\7.5\fileContent)" [_thread_blocked, id=4292, stack(0x000000da46500000,0x000000da46600000)]
  0x00000204ee0aa000 JavaThread "Cache worker for file hash cache (D:\SourceAndroid\KyThuat\.gradle\7.5\fileHashes)" [_thread_blocked, id=6128, stack(0x000000da46600000,0x000000da46700000)]
  0x00000204ef227000 JavaThread "Cache worker for cache directory md-supplier (C:\Users\it_04\.gradle\caches\7.5\md-supplier)" [_thread_blocked, id=7256, stack(0x000000da46700000,0x000000da46800000)]
  0x00000204ef229800 JavaThread "Cache worker for execution history cache (C:\Users\it_04\.gradle\caches\7.5\executionHistory)" [_thread_blocked, id=6212, stack(0x000000da46800000,0x000000da46900000)]
  0x00000204ef225800 JavaThread "jar transforms" [_thread_blocked, id=5668, stack(0x000000da46900000,0x000000da46a00000)]
  0x00000204ef226000 JavaThread "jar transforms Thread 2" [_thread_blocked, id=7232, stack(0x000000da46a00000,0x000000da46b00000)]
  0x00000204ef22b000 JavaThread "jar transforms Thread 3" [_thread_blocked, id=4492, stack(0x000000da46b00000,0x000000da46c00000)]
  0x00000204ef22d800 JavaThread "jar transforms Thread 4" [_thread_blocked, id=6064, stack(0x000000da46c00000,0x000000da46d00000)]
  0x00000204ef228800 JavaThread "Cache worker for dependencies-accessors (D:\SourceAndroid\KyThuat\.gradle\7.5\dependencies-accessors)" [_thread_blocked, id=1628, stack(0x000000da46d00000,0x000000da46e00000)]
  0x00000204ef227800 JavaThread "Cache worker for Build Output Cleanup Cache (D:\SourceAndroid\KyThuat\.gradle\buildOutputCleanup)" [_thread_blocked, id=4764, stack(0x000000da46e00000,0x000000da46f00000)]
  0x00000204ef22c800 JavaThread "Unconstrained build operations" [_thread_blocked, id=9580, stack(0x000000da47000000,0x000000da47100000)]
  0x00000204ef22e800 JavaThread "Unconstrained build operations Thread 2" [_thread_blocked, id=9664, stack(0x000000da47100000,0x000000da47200000)]
  0x00000204ef22f000 JavaThread "Unconstrained build operations Thread 3" [_thread_blocked, id=3900, stack(0x000000da47200000,0x000000da47300000)]
  0x00000204ef230000 JavaThread "Unconstrained build operations Thread 4" [_thread_blocked, id=2064, stack(0x000000da47300000,0x000000da47400000)]
  0x00000204ef22a000 JavaThread "Unconstrained build operations Thread 5" [_thread_blocked, id=3176, stack(0x000000da47400000,0x000000da47500000)]
  0x00000204ef232800 JavaThread "Unconstrained build operations Thread 6" [_thread_blocked, id=2440, stack(0x000000da47500000,0x000000da47600000)]
  0x00000204ef233000 JavaThread "Unconstrained build operations Thread 7" [_thread_blocked, id=6944, stack(0x000000da47600000,0x000000da47700000)]
  0x00000204ef234000 JavaThread "Unconstrained build operations Thread 8" [_thread_blocked, id=5924, stack(0x000000da47700000,0x000000da47800000)]
  0x00000204ef230800 JavaThread "Unconstrained build operations Thread 9" [_thread_blocked, id=7504, stack(0x000000da47800000,0x000000da47900000)]
  0x00000204ef231800 JavaThread "Unconstrained build operations Thread 10" [_thread_blocked, id=5136, stack(0x000000da47900000,0x000000da47a00000)]
  0x00000204f107a000 JavaThread "Unconstrained build operations Thread 11" [_thread_blocked, id=9124, stack(0x000000da47a00000,0x000000da47b00000)]
  0x00000204f107b000 JavaThread "Unconstrained build operations Thread 12" [_thread_blocked, id=1180, stack(0x000000da47b00000,0x000000da47c00000)]
  0x00000204f107c800 JavaThread "Unconstrained build operations Thread 13" [_thread_blocked, id=9040, stack(0x000000da47c00000,0x000000da47d00000)]
  0x00000204f107b800 JavaThread "Unconstrained build operations Thread 14" [_thread_blocked, id=10092, stack(0x000000da47d00000,0x000000da47e00000)]
  0x00000204f107d800 JavaThread "Unconstrained build operations Thread 15" [_thread_blocked, id=9828, stack(0x000000da47e00000,0x000000da47f00000)]
  0x00000204f107e000 JavaThread "Unconstrained build operations Thread 16" [_thread_blocked, id=1708, stack(0x000000da47f00000,0x000000da48000000)]
  0x00000204f107f000 JavaThread "Unconstrained build operations Thread 17" [_thread_blocked, id=7364, stack(0x000000da48000000,0x000000da48100000)]
  0x00000204f1079800 JavaThread "Unconstrained build operations Thread 18" [_thread_blocked, id=8980, stack(0x000000da48100000,0x000000da48200000)]
  0x00000204f1080000 JavaThread "Unconstrained build operations Thread 19" [_thread_blocked, id=10180, stack(0x000000da48200000,0x000000da48300000)]
  0x00000204f1080800 JavaThread "Unconstrained build operations Thread 20" [_thread_blocked, id=10124, stack(0x000000da48300000,0x000000da48400000)]
  0x00000204f1082800 JavaThread "Unconstrained build operations Thread 21" [_thread_blocked, id=2220, stack(0x000000da48400000,0x000000da48500000)]
  0x00000204f1081800 JavaThread "Unconstrained build operations Thread 22" [_thread_blocked, id=8436, stack(0x000000da48500000,0x000000da48600000)]
  0x00000204f1086800 JavaThread "Unconstrained build operations Thread 23" [_thread_blocked, id=6080, stack(0x000000da48600000,0x000000da48700000)]
  0x00000204f1084000 JavaThread "Unconstrained build operations Thread 24" [_thread_blocked, id=6620, stack(0x000000da48700000,0x000000da48800000)]
  0x00000204f1083000 JavaThread "Unconstrained build operations Thread 25" [_thread_blocked, id=7788, stack(0x000000da48800000,0x000000da48900000)]
  0x00000204f1084800 JavaThread "Unconstrained build operations Thread 26" [_thread_blocked, id=3260, stack(0x000000da48900000,0x000000da48a00000)]
  0x00000204f1087000 JavaThread "Unconstrained build operations Thread 27" [_thread_blocked, id=8352, stack(0x000000da48a00000,0x000000da48b00000)]
  0x00000204f1085800 JavaThread "Unconstrained build operations Thread 28" [_thread_blocked, id=5572, stack(0x000000da48b00000,0x000000da48c00000)]
  0x00000204f1088000 JavaThread "Unconstrained build operations Thread 29" [_thread_blocked, id=7164, stack(0x000000da48c00000,0x000000da48d00000)]
  0x00000204ef648800 JavaThread "Unconstrained build operations Thread 30" [_thread_blocked, id=9212, stack(0x000000da48d00000,0x000000da48e00000)]
  0x00000204ef647800 JavaThread "Unconstrained build operations Thread 31" [_thread_blocked, id=6988, stack(0x000000da48e00000,0x000000da48f00000)]
  0x00000204ef64c800 JavaThread "Unconstrained build operations Thread 32" [_thread_blocked, id=6772, stack(0x000000da48f00000,0x000000da49000000)]
  0x00000204ef64c000 JavaThread "Unconstrained build operations Thread 33" [_thread_blocked, id=7228, stack(0x000000da49000000,0x000000da49100000)]
  0x00000204ef649800 JavaThread "Unconstrained build operations Thread 34" [_thread_blocked, id=9048, stack(0x000000da49100000,0x000000da49200000)]
  0x00000204ef64a000 JavaThread "Unconstrained build operations Thread 35" [_thread_blocked, id=2836, stack(0x000000da49200000,0x000000da49300000)]
  0x00000204ef647000 JavaThread "Unconstrained build operations Thread 36" [_thread_blocked, id=9044, stack(0x000000da49300000,0x000000da49400000)]
  0x00000204ef650800 JavaThread "Unconstrained build operations Thread 37" [_thread_blocked, id=2032, stack(0x000000da49400000,0x000000da49500000)]
  0x00000204ef64d800 JavaThread "Unconstrained build operations Thread 38" [_thread_blocked, id=9584, stack(0x000000da49500000,0x000000da49600000)]
  0x00000204ef64b000 JavaThread "Unconstrained build operations Thread 39" [_thread_blocked, id=6180, stack(0x000000da49600000,0x000000da49700000)]
  0x00000204ef653000 JavaThread "Unconstrained build operations Thread 40" [_thread_blocked, id=3128, stack(0x000000da49700000,0x000000da49800000)]
  0x00000204ef654000 JavaThread "Memory manager" [_thread_blocked, id=1176, stack(0x000000da49800000,0x000000da49900000)]
  0x00000204ef651800 JavaThread "build event listener" [_thread_in_vm, id=6784, stack(0x000000da49900000,0x000000da49a00000)]
  0x00000204ef64f000 JavaThread "pool-3-thread-1" [_thread_blocked, id=9844, stack(0x000000da49a00000,0x000000da49b00000)]
  0x00000204ef650000 JavaThread "build event listener" [_thread_blocked, id=8300, stack(0x000000da49b00000,0x000000da49c00000)]
  0x00000204ef655800 JavaThread "included builds" [_thread_blocked, id=6372, stack(0x000000da49c00000,0x000000da49d00000)]
  0x00000204ef652800 JavaThread "Execution worker" [_thread_blocked, id=7008, stack(0x000000da49d00000,0x000000da49e00000)]
  0x00000204ef655000 JavaThread "Execution worker Thread 2" [_thread_blocked, id=9300, stack(0x000000da49e00000,0x000000da49f00000)]
  0x00000204f1cc3000 JavaThread "Execution worker Thread 3" [_thread_blocked, id=9620, stack(0x000000da49f00000,0x000000da4a000000)]
  0x00000204f1cc3800 JavaThread "Cache worker for execution history cache (D:\SourceAndroid\KyThuat\.gradle\7.5\executionHistory)" [_thread_blocked, id=9056, stack(0x000000da4a000000,0x000000da4a100000)]

Other Threads:
  0x00000204eae72800 VMThread "VM Thread" [stack: 0x000000da44500000,0x000000da44600000] [id=4536]
  0x00000204eb8d5800 WatcherThread [stack: 0x000000da44f00000,0x000000da45000000] [id=6948]
  0x00000204d124d000 GCTaskThread "GC Thread#0" [stack: 0x000000da44000000,0x000000da44100000] [id=4624]
  0x00000204ebfc0000 GCTaskThread "GC Thread#1" [stack: 0x000000da45100000,0x000000da45200000] [id=5104]
  0x00000204ec239000 GCTaskThread "GC Thread#2" [stack: 0x000000da45200000,0x000000da45300000] [id=1840]
  0x00000204ec0bc000 GCTaskThread "GC Thread#3" [stack: 0x000000da45300000,0x000000da45400000] [id=6412]
  0x00000204d127f800 ConcurrentGCThread "G1 Main Marker" [stack: 0x000000da44100000,0x000000da44200000] [id=4728]
  0x00000204d1281000 ConcurrentGCThread "G1 Conc#0" [stack: 0x000000da44200000,0x000000da44300000] [id=6036]
  0x00000204ead34800 ConcurrentGCThread "G1 Refine#0" [stack: 0x000000da44300000,0x000000da44400000] [id=676]
  0x00000204f1124000 ConcurrentGCThread "G1 Refine#1" [stack: 0x000000da46000000,0x000000da46100000] [id=3484]
  0x00000204f1c9d000 ConcurrentGCThread "G1 Refine#2" [stack: 0x000000da4a100000,0x000000da4a200000] [id=3040]
  0x00000204ead35800 ConcurrentGCThread "G1 Young RemSet Sampling" [stack: 0x000000da44400000,0x000000da44500000] [id=6076]

Threads with active compile tasks:
C2 CompilerThread0    20501 8802       4       java.lang.invoke.MemberName::getMethodOrFieldType (72 bytes)

VM state:not at safepoint (normal execution)

VM Mutex/Monitor currently owned by a thread:  ([mutex/lock_event])
[0x00000204d1231550] SystemDictionary_lock - owner thread: 0x0000000000000000

Heap address: 0x0000000080000000, size: 2048 MB, Compressed Oops mode: 32-bit
Narrow klass base: 0x0000000000000000, Narrow klass shift: 3
Compressed class space size: 1073741824 Address: 0x0000000100000000

Heap:
 garbage-first heap   total 260096K, used 84992K [0x0000000080000000, 0x0000000100000000)
  region size 1024K, 25 young (25600K), 19 survivors (19456K)
 Metaspace       used 90528K, capacity 92775K, committed 92848K, reserved 1130496K
  class space    used 11690K, capacity 12487K, committed 12544K, reserved 1048576K
Heap Regions: E=young(eden), S=young(survivor), O=old, HS=humongous(starts), HC=humongous(continues), CS=collection set, F=free, A=archive, TAMS=top-at-mark-start (previous, next)
|   0|0x0000000080000000, 0x0000000080100000, 0x0000000080100000|100%|HS|  |TAMS 0x0000000080100000, 0x0000000080000000| Complete 
|   1|0x0000000080100000, 0x0000000080200000, 0x0000000080200000|100%|HC|  |TAMS 0x0000000080200000, 0x0000000080100000| Complete 
|   2|0x0000000080200000, 0x0000000080300000, 0x0000000080300000|100%|HC|  |TAMS 0x0000000080300000, 0x0000000080200000| Complete 
|   3|0x0000000080300000, 0x0000000080400000, 0x0000000080400000|100%| O|  |TAMS 0x0000000080400000, 0x0000000080300000| Untracked 
|   4|0x0000000080400000, 0x0000000080500000, 0x0000000080500000|100%| O|  |TAMS 0x0000000080500000, 0x0000000080400000| Untracked 
|   5|0x0000000080500000, 0x0000000080600000, 0x0000000080600000|100%| O|  |TAMS 0x0000000080600000, 0x0000000080500000| Untracked 
|   6|0x0000000080600000, 0x0000000080700000, 0x0000000080700000|100%| O|  |TAMS 0x0000000080700000, 0x0000000080600000| Untracked 
|   7|0x0000000080700000, 0x0000000080800000, 0x0000000080800000|100%| O|  |TAMS 0x0000000080800000, 0x0000000080700000| Untracked 
|   8|0x0000000080800000, 0x0000000080900000, 0x0000000080900000|100%| O|  |TAMS 0x0000000080900000, 0x0000000080800000| Untracked 
|   9|0x0000000080900000, 0x0000000080a00000, 0x0000000080a00000|100%| O|  |TAMS 0x0000000080a00000, 0x0000000080900000| Untracked 
|  10|0x0000000080a00000, 0x0000000080b00000, 0x0000000080b00000|100%| O|  |TAMS 0x0000000080b00000, 0x0000000080a00000| Untracked 
|  11|0x0000000080b00000, 0x0000000080c00000, 0x0000000080c00000|100%| O|  |TAMS 0x0000000080c00000, 0x0000000080b00000| Untracked 
|  12|0x0000000080c00000, 0x0000000080d00000, 0x0000000080d00000|100%| O|  |TAMS 0x0000000080d00000, 0x0000000080c00000| Untracked 
|  13|0x0000000080d00000, 0x0000000080e00000, 0x0000000080e00000|100%| O|  |TAMS 0x0000000080e00000, 0x0000000080d00000| Untracked 
|  14|0x0000000080e00000, 0x0000000080f00000, 0x0000000080f00000|100%| O|  |TAMS 0x0000000080f00000, 0x0000000080e00000| Untracked 
|  15|0x0000000080f00000, 0x0000000081000000, 0x0000000081000000|100%| O|  |TAMS 0x0000000081000000, 0x0000000080f00000| Untracked 
|  16|0x0000000081000000, 0x0000000081100000, 0x0000000081100000|100%| O|  |TAMS 0x0000000081100000, 0x0000000081000000| Untracked 
|  17|0x0000000081100000, 0x0000000081200000, 0x0000000081200000|100%|HS|  |TAMS 0x0000000081200000, 0x0000000081100000| Complete 
|  18|0x0000000081200000, 0x0000000081300000, 0x0000000081300000|100%| O|  |TAMS 0x0000000081300000, 0x0000000081200000| Untracked 
|  19|0x0000000081300000, 0x0000000081400000, 0x0000000081400000|100%| O|  |TAMS 0x0000000081400000, 0x0000000081300000| Untracked 
|  20|0x0000000081400000, 0x0000000081500000, 0x0000000081500000|100%| O|  |TAMS 0x0000000081500000, 0x0000000081400000| Untracked 
|  21|0x0000000081500000, 0x0000000081600000, 0x0000000081600000|100%| O|  |TAMS 0x0000000081600000, 0x0000000081500000| Untracked 
|  22|0x0000000081600000, 0x0000000081700000, 0x0000000081700000|100%| O|  |TAMS 0x0000000081700000, 0x0000000081600000| Untracked 
|  23|0x0000000081700000, 0x0000000081800000, 0x0000000081800000|100%|HS|  |TAMS 0x0000000081800000, 0x0000000081700000| Complete 
|  24|0x0000000081800000, 0x0000000081900000, 0x0000000081900000|100%| O|  |TAMS 0x0000000081800000, 0x0000000081800000| Untracked 
|  25|0x0000000081900000, 0x0000000081a00000, 0x0000000081a00000|100%|HS|  |TAMS 0x0000000081a00000, 0x0000000081900000| Complete 
|  26|0x0000000081a00000, 0x0000000081b00000, 0x0000000081b00000|100%|HC|  |TAMS 0x0000000081b00000, 0x0000000081a00000| Complete 
|  27|0x0000000081b00000, 0x0000000081c00000, 0x0000000081c00000|100%| O|  |TAMS 0x0000000081c00000, 0x0000000081b00000| Untracked 
|  28|0x0000000081c00000, 0x0000000081d00000, 0x0000000081d00000|100%| O|  |TAMS 0x0000000081d00000, 0x0000000081c00000| Untracked 
|  29|0x0000000081d00000, 0x0000000081e00000, 0x0000000081e00000|100%| O|  |TAMS 0x0000000081e00000, 0x0000000081d00000| Untracked 
|  30|0x0000000081e00000, 0x0000000081f00000, 0x0000000081f00000|100%| O|  |TAMS 0x0000000081f00000, 0x0000000081e00000| Untracked 
|  31|0x0000000081f00000, 0x0000000082000000, 0x0000000082000000|100%| O|  |TAMS 0x0000000082000000, 0x0000000081f00000| Untracked 
|  32|0x0000000082000000, 0x0000000082100000, 0x0000000082100000|100%| O|  |TAMS 0x0000000082100000, 0x0000000082000000| Untracked 
|  33|0x0000000082100000, 0x0000000082200000, 0x0000000082200000|100%| O|  |TAMS 0x00000000821e5a00, 0x0000000082100000| Untracked 
|  34|0x0000000082200000, 0x0000000082300000, 0x0000000082300000|100%| O|  |TAMS 0x0000000082200000, 0x0000000082200000| Untracked 
|  35|0x0000000082300000, 0x0000000082400000, 0x0000000082400000|100%| O|  |TAMS 0x0000000082300000, 0x0000000082300000| Untracked 
|  36|0x0000000082400000, 0x0000000082500000, 0x0000000082500000|100%| O|  |TAMS 0x0000000082400000, 0x0000000082400000| Untracked 
|  37|0x0000000082500000, 0x0000000082600000, 0x0000000082600000|100%| O|  |TAMS 0x0000000082500000, 0x0000000082500000| Untracked 
|  38|0x0000000082600000, 0x0000000082700000, 0x0000000082700000|100%| O|  |TAMS 0x0000000082600000, 0x0000000082600000| Untracked 
|  39|0x0000000082700000, 0x0000000082800000, 0x0000000082800000|100%| O|  |TAMS 0x0000000082700000, 0x0000000082700000| Untracked 
|  40|0x0000000082800000, 0x0000000082900000, 0x0000000082900000|100%| O|  |TAMS 0x0000000082800000, 0x0000000082800000| Untracked 
|  41|0x0000000082900000, 0x0000000082a00000, 0x0000000082a00000|100%| O|  |TAMS 0x0000000082900000, 0x0000000082900000| Untracked 
|  42|0x0000000082a00000, 0x0000000082b00000, 0x0000000082b00000|100%| O|  |TAMS 0x0000000082a00000, 0x0000000082a00000| Untracked 
|  43|0x0000000082b00000, 0x0000000082c00000, 0x0000000082c00000|100%| O|  |TAMS 0x0000000082b00000, 0x0000000082b00000| Untracked 
|  44|0x0000000082c00000, 0x0000000082d00000, 0x0000000082d00000|100%| O|  |TAMS 0x0000000082c00000, 0x0000000082c00000| Untracked 
|  45|0x0000000082d00000, 0x0000000082e00000, 0x0000000082e00000|100%| O|  |TAMS 0x0000000082d00000, 0x0000000082d00000| Untracked 
|  46|0x0000000082e00000, 0x0000000082f00000, 0x0000000082f00000|100%| O|  |TAMS 0x0000000082e00000, 0x0000000082e00000| Untracked 
|  47|0x0000000082f00000, 0x0000000083000000, 0x0000000083000000|100%| O|  |TAMS 0x0000000082f00000, 0x0000000082f00000| Untracked 
|  48|0x0000000083000000, 0x0000000083100000, 0x0000000083100000|100%| O|  |TAMS 0x0000000083000000, 0x0000000083000000| Untracked 
|  49|0x0000000083100000, 0x0000000083200000, 0x0000000083200000|100%| O|  |TAMS 0x0000000083100000, 0x0000000083100000| Untracked 
|  50|0x0000000083200000, 0x0000000083300000, 0x0000000083300000|100%| O|  |TAMS 0x0000000083200000, 0x0000000083200000| Untracked 
|  51|0x0000000083300000, 0x0000000083400000, 0x0000000083400000|100%| O|  |TAMS 0x0000000083300000, 0x0000000083300000| Untracked 
|  52|0x0000000083400000, 0x0000000083500000, 0x0000000083500000|100%| O|  |TAMS 0x0000000083400000, 0x0000000083400000| Untracked 
|  53|0x0000000083500000, 0x0000000083600000, 0x0000000083600000|100%| O|  |TAMS 0x0000000083500000, 0x0000000083500000| Untracked 
|  54|0x0000000083600000, 0x0000000083700000, 0x0000000083700000|100%| O|  |TAMS 0x0000000083600000, 0x0000000083600000| Untracked 
|  55|0x0000000083700000, 0x0000000083800000, 0x0000000083800000|100%| O|  |TAMS 0x0000000083700000, 0x0000000083700000| Untracked 
|  56|0x0000000083800000, 0x0000000083900000, 0x0000000083900000|100%| O|  |TAMS 0x0000000083800000, 0x0000000083800000| Untracked 
|  57|0x0000000083900000, 0x0000000083a00000, 0x0000000083a00000|100%| O|  |TAMS 0x0000000083900000, 0x0000000083900000| Untracked 
|  58|0x0000000083a00000, 0x0000000083b00000, 0x0000000083b00000|100%| O|  |TAMS 0x0000000083a00000, 0x0000000083a00000| Untracked 
|  59|0x0000000083b00000, 0x0000000083b00000, 0x0000000083c00000|  0%| F|  |TAMS 0x0000000083b00000, 0x0000000083b00000| Untracked 
|  60|0x0000000083c00000, 0x0000000083c00000, 0x0000000083d00000|  0%| F|  |TAMS 0x0000000083c00000, 0x0000000083c00000| Untracked 
|  61|0x0000000083d00000, 0x0000000083d00000, 0x0000000083e00000|  0%| F|  |TAMS 0x0000000083d00000, 0x0000000083d00000| Untracked 
|  62|0x0000000083e00000, 0x0000000083e00000, 0x0000000083f00000|  0%| F|  |TAMS 0x0000000083e00000, 0x0000000083e00000| Untracked 
|  63|0x0000000083f00000, 0x0000000083f00000, 0x0000000084000000|  0%| F|  |TAMS 0x0000000083f00000, 0x0000000083f00000| Untracked 
|  64|0x0000000084000000, 0x0000000084000000, 0x0000000084100000|  0%| F|  |TAMS 0x0000000084000000, 0x0000000084000000| Untracked 
|  65|0x0000000084100000, 0x0000000084100000, 0x0000000084200000|  0%| F|  |TAMS 0x0000000084100000, 0x0000000084100000| Untracked 
|  66|0x0000000084200000, 0x0000000084200000, 0x0000000084300000|  0%| F|  |TAMS 0x0000000084200000, 0x0000000084200000| Untracked 
|  67|0x0000000084300000, 0x0000000084300000, 0x0000000084400000|  0%| F|  |TAMS 0x0000000084300000, 0x0000000084300000| Untracked 
|  68|0x0000000084400000, 0x0000000084400000, 0x0000000084500000|  0%| F|  |TAMS 0x0000000084400000, 0x0000000084400000| Untracked 
|  69|0x0000000084500000, 0x0000000084500000, 0x0000000084600000|  0%| F|  |TAMS 0x0000000084500000, 0x0000000084500000| Untracked 
|  70|0x0000000084600000, 0x0000000084600000, 0x0000000084700000|  0%| F|  |TAMS 0x0000000084600000, 0x0000000084600000| Untracked 
|  71|0x0000000084700000, 0x0000000084700000, 0x0000000084800000|  0%| F|  |TAMS 0x0000000084700000, 0x0000000084700000| Untracked 
|  72|0x0000000084800000, 0x0000000084800000, 0x0000000084900000|  0%| F|  |TAMS 0x0000000084800000, 0x0000000084800000| Untracked 
|  73|0x0000000084900000, 0x0000000084900000, 0x0000000084a00000|  0%| F|  |TAMS 0x0000000084900000, 0x0000000084900000| Untracked 
|  74|0x0000000084a00000, 0x0000000084a00000, 0x0000000084b00000|  0%| F|  |TAMS 0x0000000084a00000, 0x0000000084a00000| Untracked 
|  75|0x0000000084b00000, 0x0000000084b00000, 0x0000000084c00000|  0%| F|  |TAMS 0x0000000084b00000, 0x0000000084b00000| Untracked 
|  76|0x0000000084c00000, 0x0000000084c00000, 0x0000000084d00000|  0%| F|  |TAMS 0x0000000084c00000, 0x0000000084c00000| Untracked 
|  77|0x0000000084d00000, 0x0000000084d00000, 0x0000000084e00000|  0%| F|  |TAMS 0x0000000084d00000, 0x0000000084d00000| Untracked 
|  78|0x0000000084e00000, 0x0000000084e00000, 0x0000000084f00000|  0%| F|  |TAMS 0x0000000084e00000, 0x0000000084e00000| Untracked 
|  79|0x0000000084f00000, 0x0000000084f00000, 0x0000000085000000|  0%| F|  |TAMS 0x0000000084f00000, 0x0000000084f00000| Untracked 
|  80|0x0000000085000000, 0x0000000085000000, 0x0000000085100000|  0%| F|  |TAMS 0x0000000085000000, 0x0000000085000000| Untracked 
|  81|0x0000000085100000, 0x0000000085100000, 0x0000000085200000|  0%| F|  |TAMS 0x0000000085100000, 0x0000000085100000| Untracked 
|  82|0x0000000085200000, 0x0000000085200000, 0x0000000085300000|  0%| F|  |TAMS 0x0000000085200000, 0x0000000085200000| Untracked 
|  83|0x0000000085300000, 0x0000000085300000, 0x0000000085400000|  0%| F|  |TAMS 0x0000000085300000, 0x0000000085300000| Untracked 
|  84|0x0000000085400000, 0x0000000085400000, 0x0000000085500000|  0%| F|  |TAMS 0x0000000085400000, 0x0000000085400000| Untracked 
|  85|0x0000000085500000, 0x0000000085500000, 0x0000000085600000|  0%| F|  |TAMS 0x0000000085500000, 0x0000000085500000| Untracked 
|  86|0x0000000085600000, 0x0000000085600000, 0x0000000085700000|  0%| F|  |TAMS 0x0000000085600000, 0x0000000085600000| Untracked 
|  87|0x0000000085700000, 0x0000000085700000, 0x0000000085800000|  0%| F|  |TAMS 0x0000000085700000, 0x0000000085700000| Untracked 
|  88|0x0000000085800000, 0x0000000085800000, 0x0000000085900000|  0%| F|  |TAMS 0x0000000085800000, 0x0000000085800000| Untracked 
|  89|0x0000000085900000, 0x0000000085a00000, 0x0000000085a00000|100%| S|CS|TAMS 0x0000000085900000, 0x0000000085900000| Complete 
|  90|0x0000000085a00000, 0x0000000085b00000, 0x0000000085b00000|100%| S|CS|TAMS 0x0000000085a00000, 0x0000000085a00000| Complete 
|  91|0x0000000085b00000, 0x0000000085c00000, 0x0000000085c00000|100%| S|CS|TAMS 0x0000000085b00000, 0x0000000085b00000| Complete 
|  92|0x0000000085c00000, 0x0000000085d00000, 0x0000000085d00000|100%| S|CS|TAMS 0x0000000085c00000, 0x0000000085c00000| Complete 
|  93|0x0000000085d00000, 0x0000000085e00000, 0x0000000085e00000|100%| S|CS|TAMS 0x0000000085d00000, 0x0000000085d00000| Complete 
|  94|0x0000000085e00000, 0x0000000085f00000, 0x0000000085f00000|100%| S|CS|TAMS 0x0000000085e00000, 0x0000000085e00000| Complete 
|  95|0x0000000085f00000, 0x0000000086000000, 0x0000000086000000|100%| S|CS|TAMS 0x0000000085f00000, 0x0000000085f00000| Complete 
|  96|0x0000000086000000, 0x0000000086100000, 0x0000000086100000|100%| S|CS|TAMS 0x0000000086000000, 0x0000000086000000| Complete 
|  97|0x0000000086100000, 0x0000000086200000, 0x0000000086200000|100%| S|CS|TAMS 0x0000000086100000, 0x0000000086100000| Complete 
|  98|0x0000000086200000, 0x0000000086300000, 0x0000000086300000|100%| S|CS|TAMS 0x0000000086200000, 0x0000000086200000| Complete 
|  99|0x0000000086300000, 0x0000000086400000, 0x0000000086400000|100%| S|CS|TAMS 0x0000000086300000, 0x0000000086300000| Complete 
| 100|0x0000000086400000, 0x0000000086500000, 0x0000000086500000|100%| S|CS|TAMS 0x0000000086400000, 0x0000000086400000| Complete 
| 101|0x0000000086500000, 0x0000000086600000, 0x0000000086600000|100%| S|CS|TAMS 0x0000000086500000, 0x0000000086500000| Complete 
| 102|0x0000000086600000, 0x0000000086700000, 0x0000000086700000|100%| S|CS|TAMS 0x0000000086600000, 0x0000000086600000| Complete 
| 103|0x0000000086700000, 0x0000000086700000, 0x0000000086800000|  0%| F|  |TAMS 0x0000000086700000, 0x0000000086700000| Untracked 
| 104|0x0000000086800000, 0x0000000086800000, 0x0000000086900000|  0%| F|  |TAMS 0x0000000086800000, 0x0000000086800000| Untracked 
| 105|0x0000000086900000, 0x0000000086900000, 0x0000000086a00000|  0%| F|  |TAMS 0x0000000086900000, 0x0000000086900000| Untracked 
| 106|0x0000000086a00000, 0x0000000086a00000, 0x0000000086b00000|  0%| F|  |TAMS 0x0000000086a00000, 0x0000000086a00000| Untracked 
| 107|0x0000000086b00000, 0x0000000086b00000, 0x0000000086c00000|  0%| F|  |TAMS 0x0000000086b00000, 0x0000000086b00000| Untracked 
| 108|0x0000000086c00000, 0x0000000086c00000, 0x0000000086d00000|  0%| F|  |TAMS 0x0000000086c00000, 0x0000000086c00000| Untracked 
| 109|0x0000000086d00000, 0x0000000086d00000, 0x0000000086e00000|  0%| F|  |TAMS 0x0000000086d00000, 0x0000000086d00000| Untracked 
| 110|0x0000000086e00000, 0x0000000086e00000, 0x0000000086f00000|  0%| F|  |TAMS 0x0000000086e00000, 0x0000000086e00000| Untracked 
| 111|0x0000000086f00000, 0x0000000086f00000, 0x0000000087000000|  0%| F|  |TAMS 0x0000000086f00000, 0x0000000086f00000| Untracked 
| 112|0x0000000087000000, 0x0000000087000000, 0x0000000087100000|  0%| F|  |TAMS 0x0000000087000000, 0x0000000087000000| Untracked 
| 113|0x0000000087100000, 0x0000000087100000, 0x0000000087200000|  0%| F|  |TAMS 0x0000000087100000, 0x0000000087100000| Untracked 
| 114|0x0000000087200000, 0x0000000087200000, 0x0000000087300000|  0%| F|  |TAMS 0x0000000087200000, 0x0000000087200000| Untracked 
| 115|0x0000000087300000, 0x0000000087300000, 0x0000000087400000|  0%| F|  |TAMS 0x0000000087300000, 0x0000000087300000| Untracked 
| 116|0x0000000087400000, 0x0000000087400000, 0x0000000087500000|  0%| F|  |TAMS 0x0000000087400000, 0x0000000087400000| Untracked 
| 117|0x0000000087500000, 0x0000000087500000, 0x0000000087600000|  0%| F|  |TAMS 0x0000000087500000, 0x0000000087500000| Untracked 
| 118|0x0000000087600000, 0x0000000087600000, 0x0000000087700000|  0%| F|  |TAMS 0x0000000087600000, 0x0000000087600000| Untracked 
| 119|0x0000000087700000, 0x0000000087700000, 0x0000000087800000|  0%| F|  |TAMS 0x0000000087700000, 0x0000000087700000| Untracked 
| 120|0x0000000087800000, 0x0000000087800000, 0x0000000087900000|  0%| F|  |TAMS 0x0000000087800000, 0x0000000087800000| Untracked 
| 121|0x0000000087900000, 0x0000000087a00000, 0x0000000087a00000|100%| S|CS|TAMS 0x0000000087900000, 0x0000000087900000| Complete 
| 122|0x0000000087a00000, 0x0000000087b00000, 0x0000000087b00000|100%| S|CS|TAMS 0x0000000087a00000, 0x0000000087a00000| Complete 
| 123|0x0000000087b00000, 0x0000000087c00000, 0x0000000087c00000|100%| S|CS|TAMS 0x0000000087b00000, 0x0000000087b00000| Complete 
| 124|0x0000000087c00000, 0x0000000087d00000, 0x0000000087d00000|100%| S|CS|TAMS 0x0000000087c00000, 0x0000000087c00000| Complete 
| 125|0x0000000087d00000, 0x0000000087e00000, 0x0000000087e00000|100%| S|CS|TAMS 0x0000000087d00000, 0x0000000087d00000| Complete 
| 126|0x0000000087e00000, 0x0000000087e00000, 0x0000000087f00000|  0%| F|  |TAMS 0x0000000087e00000, 0x0000000087e00000| Untracked 
| 127|0x0000000087f00000, 0x0000000087f00000, 0x0000000088000000|  0%| F|  |TAMS 0x0000000087f00000, 0x0000000087f00000| Untracked 
| 128|0x0000000088000000, 0x0000000088000000, 0x0000000088100000|  0%| F|  |TAMS 0x0000000088000000, 0x0000000088000000| Untracked 
| 129|0x0000000088100000, 0x0000000088100000, 0x0000000088200000|  0%| F|  |TAMS 0x0000000088100000, 0x0000000088100000| Untracked 
| 130|0x0000000088200000, 0x0000000088200000, 0x0000000088300000|  0%| F|  |TAMS 0x0000000088200000, 0x0000000088200000| Untracked 
| 131|0x0000000088300000, 0x0000000088300000, 0x0000000088400000|  0%| F|  |TAMS 0x0000000088300000, 0x0000000088300000| Untracked 
| 132|0x0000000088400000, 0x0000000088400000, 0x0000000088500000|  0%| F|  |TAMS 0x0000000088400000, 0x0000000088400000| Untracked 
| 133|0x0000000088500000, 0x0000000088500000, 0x0000000088600000|  0%| F|  |TAMS 0x0000000088500000, 0x0000000088500000| Untracked 
| 134|0x0000000088600000, 0x0000000088600000, 0x0000000088700000|  0%| F|  |TAMS 0x0000000088600000, 0x0000000088600000| Untracked 
| 135|0x0000000088700000, 0x0000000088700000, 0x0000000088800000|  0%| F|  |TAMS 0x0000000088700000, 0x0000000088700000| Untracked 
| 136|0x0000000088800000, 0x0000000088800000, 0x0000000088900000|  0%| F|  |TAMS 0x0000000088800000, 0x0000000088800000| Untracked 
| 137|0x0000000088900000, 0x0000000088900000, 0x0000000088a00000|  0%| F|  |TAMS 0x0000000088900000, 0x0000000088900000| Untracked 
| 138|0x0000000088a00000, 0x0000000088a00000, 0x0000000088b00000|  0%| F|  |TAMS 0x0000000088a00000, 0x0000000088a00000| Untracked 
| 139|0x0000000088b00000, 0x0000000088b00000, 0x0000000088c00000|  0%| F|  |TAMS 0x0000000088b00000, 0x0000000088b00000| Untracked 
| 140|0x0000000088c00000, 0x0000000088c00000, 0x0000000088d00000|  0%| F|  |TAMS 0x0000000088c00000, 0x0000000088c00000| Untracked 
| 141|0x0000000088d00000, 0x0000000088d00000, 0x0000000088e00000|  0%| F|  |TAMS 0x0000000088d00000, 0x0000000088d00000| Untracked 
| 142|0x0000000088e00000, 0x0000000088e00000, 0x0000000088f00000|  0%| F|  |TAMS 0x0000000088e00000, 0x0000000088e00000| Untracked 
| 143|0x0000000088f00000, 0x0000000088f00000, 0x0000000089000000|  0%| F|  |TAMS 0x0000000088f00000, 0x0000000088f00000| Untracked 
| 144|0x0000000089000000, 0x0000000089000000, 0x0000000089100000|  0%| F|  |TAMS 0x0000000089000000, 0x0000000089000000| Untracked 
| 145|0x0000000089100000, 0x0000000089100000, 0x0000000089200000|  0%| F|  |TAMS 0x0000000089100000, 0x0000000089100000| Untracked 
| 146|0x0000000089200000, 0x0000000089200000, 0x0000000089300000|  0%| F|  |TAMS 0x0000000089200000, 0x0000000089200000| Untracked 
| 147|0x0000000089300000, 0x0000000089300000, 0x0000000089400000|  0%| F|  |TAMS 0x0000000089300000, 0x0000000089300000| Untracked 
| 148|0x0000000089400000, 0x0000000089400000, 0x0000000089500000|  0%| F|  |TAMS 0x0000000089400000, 0x0000000089400000| Untracked 
| 149|0x0000000089500000, 0x0000000089500000, 0x0000000089600000|  0%| F|  |TAMS 0x0000000089500000, 0x0000000089500000| Untracked 
| 150|0x0000000089600000, 0x0000000089600000, 0x0000000089700000|  0%| F|  |TAMS 0x0000000089600000, 0x0000000089600000| Untracked 
| 151|0x0000000089700000, 0x0000000089700000, 0x0000000089800000|  0%| F|  |TAMS 0x0000000089700000, 0x0000000089700000| Untracked 
| 152|0x0000000089800000, 0x0000000089800000, 0x0000000089900000|  0%| F|  |TAMS 0x0000000089800000, 0x0000000089800000| Untracked 
| 153|0x0000000089900000, 0x0000000089900000, 0x0000000089a00000|  0%| F|  |TAMS 0x0000000089900000, 0x0000000089900000| Untracked 
| 154|0x0000000089a00000, 0x0000000089a00000, 0x0000000089b00000|  0%| F|  |TAMS 0x0000000089a00000, 0x0000000089a00000| Untracked 
| 155|0x0000000089b00000, 0x0000000089b00000, 0x0000000089c00000|  0%| F|  |TAMS 0x0000000089b00000, 0x0000000089b00000| Untracked 
| 156|0x0000000089c00000, 0x0000000089c00000, 0x0000000089d00000|  0%| F|  |TAMS 0x0000000089c00000, 0x0000000089c00000| Untracked 
| 157|0x0000000089d00000, 0x0000000089d00000, 0x0000000089e00000|  0%| F|  |TAMS 0x0000000089d00000, 0x0000000089d00000| Untracked 
| 158|0x0000000089e00000, 0x0000000089e00000, 0x0000000089f00000|  0%| F|  |TAMS 0x0000000089e00000, 0x0000000089e00000| Untracked 
| 159|0x0000000089f00000, 0x0000000089f00000, 0x000000008a000000|  0%| F|  |TAMS 0x0000000089f00000, 0x0000000089f00000| Untracked 
| 160|0x000000008a000000, 0x000000008a000000, 0x000000008a100000|  0%| F|  |TAMS 0x000000008a000000, 0x000000008a000000| Untracked 
| 161|0x000000008a100000, 0x000000008a100000, 0x000000008a200000|  0%| F|  |TAMS 0x000000008a100000, 0x000000008a100000| Untracked 
| 162|0x000000008a200000, 0x000000008a200000, 0x000000008a300000|  0%| F|  |TAMS 0x000000008a200000, 0x000000008a200000| Untracked 
| 163|0x000000008a300000, 0x000000008a300000, 0x000000008a400000|  0%| F|  |TAMS 0x000000008a300000, 0x000000008a300000| Untracked 
| 164|0x000000008a400000, 0x000000008a400000, 0x000000008a500000|  0%| F|  |TAMS 0x000000008a400000, 0x000000008a400000| Untracked 
| 165|0x000000008a500000, 0x000000008a500000, 0x000000008a600000|  0%| F|  |TAMS 0x000000008a500000, 0x000000008a500000| Untracked 
| 166|0x000000008a600000, 0x000000008a600000, 0x000000008a700000|  0%| F|  |TAMS 0x000000008a600000, 0x000000008a600000| Untracked 
| 167|0x000000008a700000, 0x000000008a700000, 0x000000008a800000|  0%| F|  |TAMS 0x000000008a700000, 0x000000008a700000| Untracked 
| 168|0x000000008a800000, 0x000000008a800000, 0x000000008a900000|  0%| F|  |TAMS 0x000000008a800000, 0x000000008a800000| Untracked 
| 169|0x000000008a900000, 0x000000008a900000, 0x000000008aa00000|  0%| F|  |TAMS 0x000000008a900000, 0x000000008a900000| Untracked 
| 170|0x000000008aa00000, 0x000000008aa00000, 0x000000008ab00000|  0%| F|  |TAMS 0x000000008aa00000, 0x000000008aa00000| Untracked 
| 171|0x000000008ab00000, 0x000000008ab00000, 0x000000008ac00000|  0%| F|  |TAMS 0x000000008ab00000, 0x000000008ab00000| Untracked 
| 172|0x000000008ac00000, 0x000000008ac00000, 0x000000008ad00000|  0%| F|  |TAMS 0x000000008ac00000, 0x000000008ac00000| Untracked 
| 173|0x000000008ad00000, 0x000000008ad00000, 0x000000008ae00000|  0%| F|  |TAMS 0x000000008ad00000, 0x000000008ad00000| Untracked 
| 174|0x000000008ae00000, 0x000000008ae00000, 0x000000008af00000|  0%| F|  |TAMS 0x000000008ae00000, 0x000000008ae00000| Untracked 
| 175|0x000000008af00000, 0x000000008af00000, 0x000000008b000000|  0%| F|  |TAMS 0x000000008af00000, 0x000000008af00000| Untracked 
| 176|0x000000008b000000, 0x000000008b000000, 0x000000008b100000|  0%| F|  |TAMS 0x000000008b000000, 0x000000008b000000| Untracked 
| 177|0x000000008b100000, 0x000000008b100000, 0x000000008b200000|  0%| F|  |TAMS 0x000000008b100000, 0x000000008b100000| Untracked 
| 178|0x000000008b200000, 0x000000008b200000, 0x000000008b300000|  0%| F|  |TAMS 0x000000008b200000, 0x000000008b200000| Untracked 
| 179|0x000000008b300000, 0x000000008b300000, 0x000000008b400000|  0%| F|  |TAMS 0x000000008b300000, 0x000000008b300000| Untracked 
| 180|0x000000008b400000, 0x000000008b400000, 0x000000008b500000|  0%| F|  |TAMS 0x000000008b400000, 0x000000008b400000| Untracked 
| 181|0x000000008b500000, 0x000000008b500000, 0x000000008b600000|  0%| F|  |TAMS 0x000000008b500000, 0x000000008b500000| Untracked 
| 182|0x000000008b600000, 0x000000008b600000, 0x000000008b700000|  0%| F|  |TAMS 0x000000008b600000, 0x000000008b600000| Untracked 
| 183|0x000000008b700000, 0x000000008b700000, 0x000000008b800000|  0%| F|  |TAMS 0x000000008b700000, 0x000000008b700000| Untracked 
| 184|0x000000008b800000, 0x000000008b800000, 0x000000008b900000|  0%| F|  |TAMS 0x000000008b800000, 0x000000008b800000| Untracked 
| 185|0x000000008b900000, 0x000000008b900000, 0x000000008ba00000|  0%| F|  |TAMS 0x000000008b900000, 0x000000008b900000| Untracked 
| 186|0x000000008ba00000, 0x000000008ba00000, 0x000000008bb00000|  0%| F|  |TAMS 0x000000008ba00000, 0x000000008ba00000| Untracked 
| 187|0x000000008bb00000, 0x000000008bb00000, 0x000000008bc00000|  0%| F|  |TAMS 0x000000008bb00000, 0x000000008bb00000| Untracked 
| 188|0x000000008bc00000, 0x000000008bc00000, 0x000000008bd00000|  0%| F|  |TAMS 0x000000008bc00000, 0x000000008bc00000| Untracked 
| 189|0x000000008bd00000, 0x000000008bd00000, 0x000000008be00000|  0%| F|  |TAMS 0x000000008bd00000, 0x000000008bd00000| Untracked 
| 190|0x000000008be00000, 0x000000008be00000, 0x000000008bf00000|  0%| F|  |TAMS 0x000000008be00000, 0x000000008be00000| Untracked 
| 191|0x000000008bf00000, 0x000000008bf00000, 0x000000008c000000|  0%| F|  |TAMS 0x000000008bf00000, 0x000000008bf00000| Untracked 
| 192|0x000000008c000000, 0x000000008c000000, 0x000000008c100000|  0%| F|  |TAMS 0x000000008c000000, 0x000000008c000000| Untracked 
| 193|0x000000008c100000, 0x000000008c100000, 0x000000008c200000|  0%| F|  |TAMS 0x000000008c100000, 0x000000008c100000| Untracked 
| 194|0x000000008c200000, 0x000000008c200000, 0x000000008c300000|  0%| F|  |TAMS 0x000000008c200000, 0x000000008c200000| Untracked 
| 195|0x000000008c300000, 0x000000008c300000, 0x000000008c400000|  0%| F|  |TAMS 0x000000008c300000, 0x000000008c300000| Untracked 
| 196|0x000000008c400000, 0x000000008c400000, 0x000000008c500000|  0%| F|  |TAMS 0x000000008c400000, 0x000000008c400000| Untracked 
| 197|0x000000008c500000, 0x000000008c500000, 0x000000008c600000|  0%| F|  |TAMS 0x000000008c500000, 0x000000008c500000| Untracked 
| 198|0x000000008c600000, 0x000000008c600000, 0x000000008c700000|  0%| F|  |TAMS 0x000000008c600000, 0x000000008c600000| Untracked 
| 199|0x000000008c700000, 0x000000008c700000, 0x000000008c800000|  0%| F|  |TAMS 0x000000008c700000, 0x000000008c700000| Untracked 
| 200|0x000000008c800000, 0x000000008c800000, 0x000000008c900000|  0%| F|  |TAMS 0x000000008c800000, 0x000000008c800000| Untracked 
| 201|0x000000008c900000, 0x000000008c900000, 0x000000008ca00000|  0%| F|  |TAMS 0x000000008c900000, 0x000000008c900000| Untracked 
| 202|0x000000008ca00000, 0x000000008ca00000, 0x000000008cb00000|  0%| F|  |TAMS 0x000000008ca00000, 0x000000008ca00000| Untracked 
| 203|0x000000008cb00000, 0x000000008cb00000, 0x000000008cc00000|  0%| F|  |TAMS 0x000000008cb00000, 0x000000008cb00000| Untracked 
| 204|0x000000008cc00000, 0x000000008cc00000, 0x000000008cd00000|  0%| F|  |TAMS 0x000000008cc00000, 0x000000008cc00000| Untracked 
| 205|0x000000008cd00000, 0x000000008cd00000, 0x000000008ce00000|  0%| F|  |TAMS 0x000000008cd00000, 0x000000008cd00000| Untracked 
| 206|0x000000008ce00000, 0x000000008ce00000, 0x000000008cf00000|  0%| F|  |TAMS 0x000000008ce00000, 0x000000008ce00000| Untracked 
| 207|0x000000008cf00000, 0x000000008cf00000, 0x000000008d000000|  0%| F|  |TAMS 0x000000008cf00000, 0x000000008cf00000| Untracked 
| 208|0x000000008d000000, 0x000000008d000000, 0x000000008d100000|  0%| F|  |TAMS 0x000000008d000000, 0x000000008d000000| Untracked 
| 209|0x000000008d100000, 0x000000008d100000, 0x000000008d200000|  0%| F|  |TAMS 0x000000008d100000, 0x000000008d100000| Untracked 
| 210|0x000000008d200000, 0x000000008d200000, 0x000000008d300000|  0%| F|  |TAMS 0x000000008d200000, 0x000000008d200000| Untracked 
| 211|0x000000008d300000, 0x000000008d300000, 0x000000008d400000|  0%| F|  |TAMS 0x000000008d300000, 0x000000008d300000| Untracked 
| 212|0x000000008d400000, 0x000000008d400000, 0x000000008d500000|  0%| F|  |TAMS 0x000000008d400000, 0x000000008d400000| Untracked 
| 213|0x000000008d500000, 0x000000008d500000, 0x000000008d600000|  0%| F|  |TAMS 0x000000008d500000, 0x000000008d500000| Untracked 
| 214|0x000000008d600000, 0x000000008d600000, 0x000000008d700000|  0%| F|  |TAMS 0x000000008d600000, 0x000000008d600000| Untracked 
| 215|0x000000008d700000, 0x000000008d700000, 0x000000008d800000|  0%| F|  |TAMS 0x000000008d700000, 0x000000008d700000| Untracked 
| 216|0x000000008d800000, 0x000000008d800000, 0x000000008d900000|  0%| F|  |TAMS 0x000000008d800000, 0x000000008d800000| Untracked 
| 217|0x000000008d900000, 0x000000008d900000, 0x000000008da00000|  0%| F|  |TAMS 0x000000008d900000, 0x000000008d900000| Untracked 
| 218|0x000000008da00000, 0x000000008da00000, 0x000000008db00000|  0%| F|  |TAMS 0x000000008da00000, 0x000000008da00000| Untracked 
| 219|0x000000008db00000, 0x000000008db00000, 0x000000008dc00000|  0%| F|  |TAMS 0x000000008db00000, 0x000000008db00000| Untracked 
| 220|0x000000008dc00000, 0x000000008dc00000, 0x000000008dd00000|  0%| F|  |TAMS 0x000000008dc00000, 0x000000008dc00000| Untracked 
| 221|0x000000008dd00000, 0x000000008dd00000, 0x000000008de00000|  0%| F|  |TAMS 0x000000008dd00000, 0x000000008dd00000| Untracked 
| 222|0x000000008de00000, 0x000000008de00000, 0x000000008df00000|  0%| F|  |TAMS 0x000000008de00000, 0x000000008de00000| Untracked 
| 223|0x000000008df00000, 0x000000008df00000, 0x000000008e000000|  0%| F|  |TAMS 0x000000008df00000, 0x000000008df00000| Untracked 
| 224|0x000000008e000000, 0x000000008e000000, 0x000000008e100000|  0%| F|  |TAMS 0x000000008e000000, 0x000000008e000000| Untracked 
| 225|0x000000008e100000, 0x000000008e100000, 0x000000008e200000|  0%| F|  |TAMS 0x000000008e100000, 0x000000008e100000| Untracked 
| 226|0x000000008e200000, 0x000000008e200000, 0x000000008e300000|  0%| F|  |TAMS 0x000000008e200000, 0x000000008e200000| Untracked 
| 227|0x000000008e300000, 0x000000008e300000, 0x000000008e400000|  0%| F|  |TAMS 0x000000008e300000, 0x000000008e300000| Untracked 
| 228|0x000000008e400000, 0x000000008e400000, 0x000000008e500000|  0%| F|  |TAMS 0x000000008e400000, 0x000000008e400000| Untracked 
| 229|0x000000008e500000, 0x000000008e500000, 0x000000008e600000|  0%| F|  |TAMS 0x000000008e500000, 0x000000008e500000| Untracked 
| 230|0x000000008e600000, 0x000000008e600000, 0x000000008e700000|  0%| F|  |TAMS 0x000000008e600000, 0x000000008e600000| Untracked 
| 231|0x000000008e700000, 0x000000008e700000, 0x000000008e800000|  0%| F|  |TAMS 0x000000008e700000, 0x000000008e700000| Untracked 
| 232|0x000000008e800000, 0x000000008e800000, 0x000000008e900000|  0%| F|  |TAMS 0x000000008e800000, 0x000000008e800000| Untracked 
| 233|0x000000008e900000, 0x000000008e900000, 0x000000008ea00000|  0%| F|  |TAMS 0x000000008e900000, 0x000000008e900000| Untracked 
| 234|0x000000008ea00000, 0x000000008ea00000, 0x000000008eb00000|  0%| F|  |TAMS 0x000000008ea00000, 0x000000008ea00000| Untracked 
| 235|0x000000008eb00000, 0x000000008eb00000, 0x000000008ec00000|  0%| F|  |TAMS 0x000000008eb00000, 0x000000008eb00000| Untracked 
| 236|0x000000008ec00000, 0x000000008ec00000, 0x000000008ed00000|  0%| F|  |TAMS 0x000000008ec00000, 0x000000008ec00000| Untracked 
| 237|0x000000008ed00000, 0x000000008ed00000, 0x000000008ee00000|  0%| F|  |TAMS 0x000000008ed00000, 0x000000008ed00000| Untracked 
| 238|0x000000008ee00000, 0x000000008ee00000, 0x000000008ef00000|  0%| F|  |TAMS 0x000000008ee00000, 0x000000008ee00000| Untracked 
| 239|0x000000008ef00000, 0x000000008ef00000, 0x000000008f000000|  0%| F|  |TAMS 0x000000008ef00000, 0x000000008ef00000| Untracked 
| 240|0x000000008f000000, 0x000000008f000000, 0x000000008f100000|  0%| F|  |TAMS 0x000000008f000000, 0x000000008f000000| Untracked 
| 241|0x000000008f100000, 0x000000008f100000, 0x000000008f200000|  0%| F|  |TAMS 0x000000008f100000, 0x000000008f100000| Untracked 
| 242|0x000000008f200000, 0x000000008f200000, 0x000000008f300000|  0%| F|  |TAMS 0x000000008f200000, 0x000000008f200000| Untracked 
| 243|0x000000008f300000, 0x000000008f300000, 0x000000008f400000|  0%| F|  |TAMS 0x000000008f300000, 0x000000008f300000| Untracked 
| 244|0x000000008f400000, 0x000000008f400000, 0x000000008f500000|  0%| F|  |TAMS 0x000000008f400000, 0x000000008f400000| Untracked 
| 245|0x000000008f500000, 0x000000008f500000, 0x000000008f600000|  0%| F|  |TAMS 0x000000008f500000, 0x000000008f500000| Untracked 
| 246|0x000000008f600000, 0x000000008f600000, 0x000000008f700000|  0%| F|  |TAMS 0x000000008f600000, 0x000000008f600000| Untracked 
| 247|0x000000008f700000, 0x000000008f700000, 0x000000008f800000|  0%| F|  |TAMS 0x000000008f700000, 0x000000008f700000| Untracked 
| 248|0x000000008f800000, 0x000000008f876300, 0x000000008f900000| 46%| E|  |TAMS 0x000000008f800000, 0x000000008f800000| Complete 
| 249|0x000000008f900000, 0x000000008fa00000, 0x000000008fa00000|100%| E|CS|TAMS 0x000000008f900000, 0x000000008f900000| Complete 
| 250|0x000000008fa00000, 0x000000008fb00000, 0x000000008fb00000|100%| E|CS|TAMS 0x000000008fa00000, 0x000000008fa00000| Complete 
| 251|0x000000008fb00000, 0x000000008fc00000, 0x000000008fc00000|100%| E|CS|TAMS 0x000000008fb00000, 0x000000008fb00000| Complete 
| 252|0x000000008fc00000, 0x000000008fd00000, 0x000000008fd00000|100%| E|CS|TAMS 0x000000008fc00000, 0x000000008fc00000| Complete 
| 253|0x000000008fd00000, 0x000000008fe00000, 0x000000008fe00000|100%| E|CS|TAMS 0x000000008fd00000, 0x000000008fd00000| Complete 

Card table byte_map: [0x00000204e4150000,0x00000204e4550000] _byte_map_base: 0x00000204e3d50000

Marking Bits (Prev, Next): (CMBitMap*) 0x00000204d1276bf0, (CMBitMap*) 0x00000204d1276bb8
 Prev Bits: [0x00000204e6950000, 0x00000204e8950000)
 Next Bits: [0x00000204e4950000, 0x00000204e6950000)

Polling page: 0x00000204cf180000

Metaspace:

Usage:
  Non-class:     78.54 MB capacity,    77.04 MB ( 98%) used,     1.26 MB (  2%) free+waste,   239.62 KB ( <1%) overhead. 
      Class:     12.23 MB capacity,    11.43 MB ( 93%) used,   710.43 KB (  6%) free+waste,   110.06 KB ( <1%) overhead. 
       Both:     90.76 MB capacity,    88.47 MB ( 97%) used,     1.95 MB (  2%) free+waste,   349.69 KB ( <1%) overhead. 

Virtual space:
  Non-class space:       80.00 MB reserved,      78.67 MB ( 98%) committed 
      Class space:        1.00 GB reserved,      12.25 MB (  1%) committed 
             Both:        1.08 GB reserved,      90.92 MB (  8%) committed 

Chunk freelists:
   Non-Class:  11.00 KB
       Class:  23.00 KB
        Both:  34.00 KB

MaxMetaspaceSize: 17179869184.00 GB
CompressedClassSpaceSize: 1.00 GB
Initial GC threshold: 20.80 MB
Current GC threshold: 98.41 MB
CDS: off

CodeHeap 'non-profiled nmethods': size=120064Kb used=5688Kb max_used=5688Kb free=114376Kb
 bounds [0x00000204dc810000, 0x00000204dcda0000, 0x00000204e3d50000]
CodeHeap 'profiled nmethods': size=120000Kb used=19110Kb max_used=19110Kb free=100889Kb
 bounds [0x00000204d52e0000, 0x00000204d6590000, 0x00000204dc810000]
CodeHeap 'non-nmethods': size=5696Kb used=2399Kb max_used=2465Kb free=3296Kb
 bounds [0x00000204d4d50000, 0x00000204d4fc0000, 0x00000204d52e0000]
 total_blobs=9726 nmethods=8809 adapters=828
 compilation: enabled
              stopped_count=0, restarted_count=0
 full_count=0

Compilation events (20 events):
Event: 15.630 Thread 0x00000204eb764000 nmethod 8721 0x00000204dcd8c810 code [0x00000204dcd8d100, 0x00000204dcd95f68]
Event: 16.507 Thread 0x00000204eb771800 8763       3       java.lang.management.ManagementFactory$$Lambda$62/0x0000000100162440::apply (12 bytes)
Event: 16.508 Thread 0x00000204eb771800 nmethod 8763 0x00000204d655d710 code [0x00000204d655d900, 0x00000204d655dcd8]
Event: 16.508 Thread 0x00000204eb771800 8764       3       java.lang.management.ManagementFactory::lambda$getPlatformMXBeans$3 (13 bytes)
Event: 16.508 Thread 0x00000204eb771800 nmethod 8764 0x00000204d655de10 code [0x00000204d655dfe0, 0x00000204d655e238]
Event: 16.508 Thread 0x00000204eb771800 8765       3       javax.management.ObjectName::addProperty (80 bytes)
Event: 16.509 Thread 0x00000204eb771800 nmethod 8765 0x00000204d655e310 code [0x00000204d655e540, 0x00000204d655ed08]
Event: 17.498 Thread 0x00000204eb771800 8766       3       java.util.Collections$EmptyList::spliterator (4 bytes)
Event: 17.499 Thread 0x00000204eb771800 nmethod 8766 0x00000204d655ef90 code [0x00000204d655f140, 0x00000204d655f298]
Event: 17.499 Thread 0x00000204eb771800 8767       3       java.util.Spliterators$EmptySpliterator$OfRef::forEachRemaining (6 bytes)
Event: 17.499 Thread 0x00000204eb771800 nmethod 8767 0x00000204d655f390 code [0x00000204d655f560, 0x00000204d655f808]
Event: 17.499 Thread 0x00000204eb771800 8768       3       sun.management.MemoryPoolImpl::getType (15 bytes)
Event: 17.500 Thread 0x00000204eb771800 nmethod 8768 0x00000204d655f910 code [0x00000204d655fac0, 0x00000204d655fc18]
Event: 18.502 Thread 0x00000204eb771800 8769   !   3       java.util.stream.ReferencePipeline$7$1::accept (127 bytes)
Event: 18.504 Thread 0x00000204eb771800 nmethod 8769 0x00000204d655fc90 code [0x00000204d655ff20, 0x00000204d6560cb8]
Event: 18.504 Thread 0x00000204eb771800 8770       3       java.util.stream.AbstractPipeline::sequential (10 bytes)
Event: 18.504 Thread 0x00000204eb771800 nmethod 8770 0x00000204d6561190 code [0x00000204d6561340, 0x00000204d6561458]
Event: 18.504 Thread 0x00000204eb771800 8771       3       java.util.stream.AbstractPipeline::close (48 bytes)
Event: 18.505 Thread 0x00000204eb771800 nmethod 8771 0x00000204d6561510 code [0x00000204d65616e0, 0x00000204d6561968]
Event: 20.340 Thread 0x00000204eb764000 8772       4       java.util.LinkedHashSet::<init> (10 bytes)

GC Heap History (18 events):
Event: 0.437 GC heap before
{Heap before GC invocations=0 (full 0):
 garbage-first heap   total 260096K, used 16384K [0x0000000080000000, 0x0000000100000000)
  region size 1024K, 14 young (14336K), 0 survivors (0K)
 Metaspace       used 6742K, capacity 6925K, committed 7168K, reserved 1056768K
  class space    used 571K, capacity 650K, committed 768K, reserved 1048576K
}
Event: 0.442 GC heap after
{Heap after GC invocations=1 (full 0):
 garbage-first heap   total 260096K, used 3889K [0x0000000080000000, 0x0000000100000000)
  region size 1024K, 2 young (2048K), 2 survivors (2048K)
 Metaspace       used 6742K, capacity 6925K, committed 7168K, reserved 1056768K
  class space    used 571K, capacity 650K, committed 768K, reserved 1048576K
}
Event: 2.361 GC heap before
{Heap before GC invocations=1 (full 0):
 garbage-first heap   total 260096K, used 115505K [0x0000000080000000, 0x0000000100000000)
  region size 1024K, 108 young (110592K), 2 survivors (2048K)
 Metaspace       used 20886K, capacity 21213K, committed 21296K, reserved 1069056K
  class space    used 2508K, capacity 2651K, committed 2688K, reserved 1048576K
}
Event: 2.371 GC heap after
{Heap after GC invocations=2 (full 0):
 garbage-first heap   total 260096K, used 16841K [0x0000000080000000, 0x0000000100000000)
  region size 1024K, 12 young (12288K), 12 survivors (12288K)
 Metaspace       used 20886K, capacity 21213K, committed 21296K, reserved 1069056K
  class space    used 2508K, capacity 2651K, committed 2688K, reserved 1048576K
}
Event: 3.028 GC heap before
{Heap before GC invocations=3 (full 0):
 garbage-first heap   total 260096K, used 65993K [0x0000000080000000, 0x0000000100000000)
  region size 1024K, 60 young (61440K), 12 survivors (12288K)
 Metaspace       used 26043K, capacity 26654K, committed 26800K, reserved 1073152K
  class space    used 3341K, capacity 3580K, committed 3584K, reserved 1048576K
}
Event: 3.036 GC heap after
{Heap after GC invocations=4 (full 0):
 garbage-first heap   total 260096K, used 19398K [0x0000000080000000, 0x0000000100000000)
  region size 1024K, 3 young (3072K), 3 survivors (3072K)
 Metaspace       used 26043K, capacity 26654K, committed 26800K, reserved 1073152K
  class space    used 3341K, capacity 3580K, committed 3584K, reserved 1048576K
}
Event: 4.047 GC heap before
{Heap before GC invocations=4 (full 0):
 garbage-first heap   total 260096K, used 90054K [0x0000000080000000, 0x0000000100000000)
  region size 1024K, 73 young (74752K), 3 survivors (3072K)
 Metaspace       used 34825K, capacity 35724K, committed 35888K, reserved 1081344K
  class space    used 4544K, capacity 4885K, committed 4992K, reserved 1048576K
}
Event: 4.055 GC heap after
{Heap after GC invocations=5 (full 0):
 garbage-first heap   total 260096K, used 22720K [0x0000000080000000, 0x0000000100000000)
  region size 1024K, 6 young (6144K), 6 survivors (6144K)
 Metaspace       used 34825K, capacity 35724K, committed 35888K, reserved 1081344K
  class space    used 4544K, capacity 4885K, committed 4992K, reserved 1048576K
}
Event: 5.307 GC heap before
{Heap before GC invocations=6 (full 0):
 garbage-first heap   total 260096K, used 128192K [0x0000000080000000, 0x0000000100000000)
  region size 1024K, 106 young (108544K), 6 survivors (6144K)
 Metaspace       used 43741K, capacity 44932K, committed 45104K, reserved 1089536K
  class space    used 5617K, capacity 6004K, committed 6016K, reserved 1048576K
}
Event: 5.321 GC heap after
{Heap after GC invocations=7 (full 0):
 garbage-first heap   total 260096K, used 30881K [0x0000000080000000, 0x0000000100000000)
  region size 1024K, 14 young (14336K), 14 survivors (14336K)
 Metaspace       used 43741K, capacity 44932K, committed 45104K, reserved 1089536K
  class space    used 5617K, capacity 6004K, committed 6016K, reserved 1048576K
}
Event: 7.530 GC heap before
{Heap before GC invocations=7 (full 0):
 garbage-first heap   total 260096K, used 148641K [0x0000000080000000, 0x0000000100000000)
  region size 1024K, 129 young (132096K), 14 survivors (14336K)
 Metaspace       used 55826K, capacity 57231K, committed 57520K, reserved 1099776K
  class space    used 7051K, capacity 7573K, committed 7680K, reserved 1048576K
}
Event: 7.554 GC heap after
{Heap after GC invocations=8 (full 0):
 garbage-first heap   total 260096K, used 37018K [0x0000000080000000, 0x0000000100000000)
  region size 1024K, 15 young (15360K), 15 survivors (15360K)
 Metaspace       used 55826K, capacity 57231K, committed 57520K, reserved 1099776K
  class space    used 7051K, capacity 7573K, committed 7680K, reserved 1048576K
}
Event: 9.963 GC heap before
{Heap before GC invocations=8 (full 0):
 garbage-first heap   total 260096K, used 76954K [0x0000000080000000, 0x0000000100000000)
  region size 1024K, 51 young (52224K), 15 survivors (15360K)
 Metaspace       used 58607K, capacity 60080K, committed 60208K, reserved 1101824K
  class space    used 7402K, capacity 7959K, committed 8064K, reserved 1048576K
}
Event: 9.980 GC heap after
{Heap after GC invocations=9 (full 0):
 garbage-first heap   total 260096K, used 47510K [0x0000000080000000, 0x0000000100000000)
  region size 1024K, 14 young (14336K), 14 survivors (14336K)
 Metaspace       used 58607K, capacity 60080K, committed 60208K, reserved 1101824K
  class space    used 7402K, capacity 7959K, committed 8064K, reserved 1048576K
}
Event: 12.357 GC heap before
{Heap before GC invocations=10 (full 0):
 garbage-first heap   total 260096K, used 197014K [0x0000000080000000, 0x0000000100000000)
  region size 1024K, 152 young (155648K), 14 survivors (14336K)
 Metaspace       used 72532K, capacity 74261K, committed 74544K, reserved 1114112K
  class space    used 9153K, capacity 9760K, committed 9856K, reserved 1048576K
}
Event: 12.373 GC heap after
{Heap after GC invocations=11 (full 0):
 garbage-first heap   total 260096K, used 57260K [0x0000000080000000, 0x0000000100000000)
  region size 1024K, 16 young (16384K), 16 survivors (16384K)
 Metaspace       used 72532K, capacity 74261K, committed 74544K, reserved 1114112K
  class space    used 9153K, capacity 9760K, committed 9856K, reserved 1048576K
}
Event: 14.023 GC heap before
{Heap before GC invocations=11 (full 0):
 garbage-first heap   total 260096K, used 193452K [0x0000000080000000, 0x0000000100000000)
  region size 1024K, 149 young (152576K), 16 survivors (16384K)
 Metaspace       used 82220K, capacity 84140K, committed 84272K, reserved 1122304K
  class space    used 10609K, capacity 11291K, committed 11392K, reserved 1048576K
}
Event: 14.041 GC heap after
{Heap after GC invocations=12 (full 0):
 garbage-first heap   total 260096K, used 66503K [0x0000000080000000, 0x0000000100000000)
  region size 1024K, 18 young (18432K), 18 survivors (18432K)
 Metaspace       used 82220K, capacity 84140K, committed 84272K, reserved 1122304K
  class space    used 10609K, capacity 11291K, committed 11392K, reserved 1048576K
}

Deoptimization events (20 events):
Event: 15.213 Thread 0x00000204ef655800 Uncommon trap: trap_request=0xffffffde fr.pc=0x00000204dc92ad24 relative=0x00000000000002e4
Event: 15.213 Thread 0x00000204ef655800 Uncommon trap: reason=class_check action=maybe_recompile pc=0x00000204dc92ad24 method=java.util.Collections$SetFromMap.remove(Ljava/lang/Object;)Z @ 5 c2
Event: 15.213 Thread 0x00000204ef655800 DEOPT PACKING pc=0x00000204dc92ad24 sp=0x000000da49cfd720
Event: 15.213 Thread 0x00000204ef655800 DEOPT UNPACKING pc=0x00000204d4d9a1a9 sp=0x000000da49cfd718 mode 2
Event: 15.242 Thread 0x00000204ef652800 Uncommon trap: trap_request=0xffffffde fr.pc=0x00000204dcbb0260 relative=0x0000000000000220
Event: 15.242 Thread 0x00000204ef652800 Uncommon trap: reason=class_check action=maybe_recompile pc=0x00000204dcbb0260 method=java.util.stream.StreamOpFlag.fromCharacteristics(Ljava/util/Spliterator;)I @ 14 c2
Event: 15.242 Thread 0x00000204ef652800 DEOPT PACKING pc=0x00000204dcbb0260 sp=0x000000da49dfdf20
Event: 15.242 Thread 0x00000204ef652800 DEOPT UNPACKING pc=0x00000204d4d9a1a9 sp=0x000000da49dfde08 mode 2
Event: 15.245 Thread 0x00000204ef652800 Uncommon trap: trap_request=0xffffffde fr.pc=0x00000204dcbb0260 relative=0x0000000000000220
Event: 15.245 Thread 0x00000204ef652800 Uncommon trap: reason=class_check action=maybe_recompile pc=0x00000204dcbb0260 method=java.util.stream.StreamOpFlag.fromCharacteristics(Ljava/util/Spliterator;)I @ 14 c2
Event: 15.245 Thread 0x00000204ef652800 DEOPT PACKING pc=0x00000204dcbb0260 sp=0x000000da49dfdf20
Event: 15.245 Thread 0x00000204ef652800 DEOPT UNPACKING pc=0x00000204d4d9a1a9 sp=0x000000da49dfde08 mode 2
Event: 15.245 Thread 0x00000204ef652800 Uncommon trap: trap_request=0xffffffde fr.pc=0x00000204dcbb0260 relative=0x0000000000000220
Event: 15.245 Thread 0x00000204ef652800 Uncommon trap: reason=class_check action=maybe_recompile pc=0x00000204dcbb0260 method=java.util.stream.StreamOpFlag.fromCharacteristics(Ljava/util/Spliterator;)I @ 14 c2
Event: 15.245 Thread 0x00000204ef652800 DEOPT PACKING pc=0x00000204dcbb0260 sp=0x000000da49dfdf20
Event: 15.245 Thread 0x00000204ef652800 DEOPT UNPACKING pc=0x00000204d4d9a1a9 sp=0x000000da49dfde08 mode 2
Event: 15.309 Thread 0x00000204ef652800 Uncommon trap: trap_request=0xffffff4d fr.pc=0x00000204dccf081c relative=0x00000000000001dc
Event: 15.309 Thread 0x00000204ef652800 Uncommon trap: reason=unstable_if action=reinterpret pc=0x00000204dccf081c method=com.google.common.collect.RegularImmutableSet.contains(Ljava/lang/Object;)Z @ 10 c2
Event: 15.309 Thread 0x00000204ef652800 DEOPT PACKING pc=0x00000204dccf081c sp=0x000000da49dfb4c0
Event: 15.309 Thread 0x00000204ef652800 DEOPT UNPACKING pc=0x00000204d4d9a1a9 sp=0x000000da49dfb458 mode 2

Classes redefined (0 events):
No events

Internal exceptions (20 events):
Event: 14.982 Thread 0x00000204eca2f000 Exception <a 'java/lang/ClassNotFoundException'{0x00000000899d7258}: com/android/build/gradle/internal/tasks/SigningConfigVersionsWriterTask_DecoratedCustomizer> (0x00000000899d7258) thrown at [src/hotspot/share/classfile/systemDictionary.cpp, line 230]
Event: 14.987 Thread 0x00000204eca2f000 Exception <a 'java/lang/ClassNotFoundException'{0x00000000898d8d40}: com/android/build/gradle/tasks/PackageApplication_DecoratedBeanInfo> (0x00000000898d8d40) thrown at [src/hotspot/share/classfile/systemDictionary.cpp, line 230]
Event: 14.987 Thread 0x00000204eca2f000 Exception <a 'java/lang/ClassNotFoundException'{0x00000000898f1d48}: com/android/build/gradle/tasks/PackageApplicationBeanInfo> (0x00000000898f1d48) thrown at [src/hotspot/share/classfile/systemDictionary.cpp, line 230]
Event: 14.988 Thread 0x00000204eca2f000 Exception <a 'java/lang/ClassNotFoundException'{0x000000008970c378}: com/android/build/gradle/tasks/PackageAndroidArtifactBeanInfo> (0x000000008970c378) thrown at [src/hotspot/share/classfile/systemDictionary.cpp, line 230]
Event: 14.989 Thread 0x00000204eca2f000 Exception <a 'java/lang/ClassNotFoundException'{0x0000000089726688}: com/android/build/gradle/tasks/PackageAndroidArtifactCustomizer> (0x0000000089726688) thrown at [src/hotspot/share/classfile/systemDictionary.cpp, line 230]
Event: 14.990 Thread 0x00000204eca2f000 Exception <a 'java/lang/ClassNotFoundException'{0x000000008978d390}: com/android/build/gradle/tasks/PackageApplicationCustomizer> (0x000000008978d390) thrown at [src/hotspot/share/classfile/systemDictionary.cpp, line 230]
Event: 14.991 Thread 0x00000204eca2f000 Exception <a 'java/lang/ClassNotFoundException'{0x00000000897c4d98}: com/android/build/gradle/tasks/PackageApplication_DecoratedCustomizer> (0x00000000897c4d98) thrown at [src/hotspot/share/classfile/systemDictionary.cpp, line 230]
Event: 14.996 Thread 0x00000204eca2f000 Exception <a 'java/lang/ClassNotFoundException'{0x00000000896b6b20}: com/android/build/gradle/internal/tasks/ListingFileRedirectTask_DecoratedBeanInfo> (0x00000000896b6b20) thrown at [src/hotspot/share/classfile/systemDictionary.cpp, line 230]
Event: 14.996 Thread 0x00000204eca2f000 Exception <a 'java/lang/ClassNotFoundException'{0x00000000896d2348}: com/android/build/gradle/internal/tasks/ListingFileRedirectTaskBeanInfo> (0x00000000896d2348) thrown at [src/hotspot/share/classfile/systemDictionary.cpp, line 230]
Event: 14.996 Thread 0x00000204eca2f000 Exception <a 'java/lang/ClassNotFoundException'{0x00000000896edbb8}: com/android/build/gradle/internal/tasks/ListingFileRedirectTaskCustomizer> (0x00000000896edbb8) thrown at [src/hotspot/share/classfile/systemDictionary.cpp, line 230]
Event: 14.997 Thread 0x00000204eca2f000 Exception <a 'java/lang/ClassNotFoundException'{0x000000008951d450}: com/android/build/gradle/internal/tasks/ListingFileRedirectTask_DecoratedCustomizer> (0x000000008951d450) thrown at [src/hotspot/share/classfile/systemDictionary.cpp, line 230]
Event: 15.001 Thread 0x00000204eca2f000 Exception <a 'java/lang/NoSuchMethodError'{0x0000000089589b30}: 'java.lang.Object java.lang.invoke.Invokers$Holder.linkToTargetMethod(java.lang.Object, java.lang.Object, java.lang.Object, int, java.lang.Object, java.lang.Object)'> (0x0000000089589b30) thrown at [src/hotspot/share/interpreter/linkResolver.cpp, line 773]
Event: 15.136 Thread 0x00000204eca2f000 Exception <a 'java/lang/NoSuchMethodError'{0x0000000088a13598}: <clinit>> (0x0000000088a13598) thrown at [src/hotspot/share/prims/jni.cpp, line 1367]
Event: 15.141 Thread 0x00000204eca2f000 Exception <a 'java/lang/NoSuchMethodError'{0x0000000088a5bf78}: <clinit>> (0x0000000088a5bf78) thrown at [src/hotspot/share/prims/jni.cpp, line 1367]
Event: 15.144 Thread 0x00000204eca2f000 Exception <a 'java/lang/NoSuchMethodError'{0x0000000088a8e578}: 'void java.lang.invoke.DirectMethodHandle$Holder.invokeSpecial(java.lang.Object, java.lang.Object, java.lang.Object, int)'> (0x0000000088a8e578) thrown at [src/hotspot/share/interpreter/linkResolver.cpp, line 773]
Event: 15.186 Thread 0x00000204eca2f000 Exception <a 'sun/nio/fs/WindowsException'{0x00000000888a6428}> (0x00000000888a6428) thrown at [src/hotspot/share/prims/jni.cpp, line 617]
Event: 15.246 Thread 0x00000204edd03000 Exception <a 'java/lang/NoSuchMethodError'{0x0000000088360728}: <clinit>> (0x0000000088360728) thrown at [src/hotspot/share/prims/jni.cpp, line 1367]
Event: 15.247 Thread 0x00000204edd03000 Exception <a 'java/lang/NoSuchMethodError'{0x000000008836aa48}: <clinit>> (0x000000008836aa48) thrown at [src/hotspot/share/prims/jni.cpp, line 1367]
Event: 15.265 Thread 0x00000204ef652800 Exception <a 'java/lang/IncompatibleClassChangeError'{0x00000000883d5180}: Found class java.lang.Object, but interface was expected> (0x00000000883d5180) thrown at [src/hotspot/share/interpreter/linkResolver.cpp, line 839]
Event: 15.309 Thread 0x00000204ef652800 Implicit null exception at 0x00000204dccf0677 to 0x00000204dccf0804

Events (20 events):
Event: 16.257 loading class org/gradle/process/internal/health/memory/JvmMemoryStatusSnapshot
Event: 16.257 loading class org/gradle/process/internal/health/memory/JvmMemoryStatusSnapshot done
Event: 16.258 Executing VM operation: RevokeBias
Event: 16.258 Executing VM operation: RevokeBias done
Event: 16.258 Executing VM operation: RevokeBias
Event: 16.259 Executing VM operation: RevokeBias done
Event: 20.335 loading class org/gradle/internal/watch/registry/impl/AbstractFileWatcherUpdater
Event: 20.335 loading class org/gradle/internal/watch/registry/impl/AbstractFileWatcherUpdater done
Event: 20.336 loading class org/gradle/internal/watch/registry/impl/AbstractFileWatcherUpdater
Event: 20.336 loading class org/gradle/internal/watch/registry/impl/AbstractFileWatcherUpdater done
Event: 20.337 loading class com/google/common/collect/ImmutableSet
Event: 20.337 loading class com/google/common/collect/ImmutableSet done
Event: 20.337 loading class com/google/common/collect/ImmutableSet
Event: 20.337 loading class com/google/common/collect/ImmutableSet done
Event: 20.337 loading class org/gradle/internal/watch/registry/impl/AbstractFileWatcherUpdater
Event: 20.337 loading class org/gradle/internal/watch/registry/impl/AbstractFileWatcherUpdater done
Event: 20.337 loading class org/gradle/internal/watch/registry/impl/DefaultFileWatcherProbeRegistry$1
Event: 20.337 loading class org/gradle/internal/watch/registry/impl/DefaultFileWatcherProbeRegistry$1 done
Event: 20.340 loading class org/gradle/internal/execution/steps/CaptureStateBeforeExecutionStep$ImplementationsBuilder
Event: 20.340 loading class org/gradle/internal/execution/steps/CaptureStateBeforeExecutionStep$ImplementationsBuilder done


Dynamic libraries:
0x00007ff671f30000 - 0x00007ff671f3a000 	C:\Program Files\Android\Android Studio\jbr\bin\java.exe
0x00007ff8bf610000 - 0x00007ff8bf806000 	C:\Windows\SYSTEM32\ntdll.dll
0x00007ff8bd670000 - 0x00007ff8bd72d000 	C:\Windows\System32\KERNEL32.DLL
0x00007ff8bd300000 - 0x00007ff8bd5c9000 	C:\Windows\System32\KERNELBASE.dll
0x00007ff8bce60000 - 0x00007ff8bcf60000 	C:\Windows\System32\ucrtbase.dll
0x00007ff8a1ae0000 - 0x00007ff8a1afb000 	C:\Program Files\Android\Android Studio\jbr\bin\VCRUNTIME140.dll
0x00007ff8a18e0000 - 0x00007ff8a18f7000 	C:\Program Files\Android\Android Studio\jbr\bin\jli.dll
0x00007ff8beda0000 - 0x00007ff8bef40000 	C:\Windows\System32\USER32.dll
0x00007ff8bd1f0000 - 0x00007ff8bd212000 	C:\Windows\System32\win32u.dll
0x00007ff8beff0000 - 0x00007ff8bf01a000 	C:\Windows\System32\GDI32.dll
0x00007ff8bcd50000 - 0x00007ff8bce5b000 	C:\Windows\System32\gdi32full.dll
0x00007ff8921d0000 - 0x00007ff89246b000 	C:\Windows\WinSxS\amd64_microsoft.windows.common-controls_6595b64144ccf1df_6.0.19041.746_none_ca02b4b61b8320a4\COMCTL32.dll
0x00007ff8bd5d0000 - 0x00007ff8bd66d000 	C:\Windows\System32\msvcp_win.dll
0x00007ff8bed00000 - 0x00007ff8bed9e000 	C:\Windows\System32\msvcrt.dll
0x00007ff8bd860000 - 0x00007ff8bd890000 	C:\Windows\System32\IMM32.DLL
0x00007ff8a2220000 - 0x00007ff8a227b000 	C:\ProgramData\Microsoft\DbgCtr\XShellDLL64_6015.dll
0x00007ff8bef40000 - 0x00007ff8befec000 	C:\Windows\System32\ADVAPI32.dll
0x00007ff8bd7c0000 - 0x00007ff8bd85c000 	C:\Windows\System32\sechost.dll
0x00007ff8bdb50000 - 0x00007ff8bdc7b000 	C:\Windows\System32\RPCRT4.dll
0x00007ff8be4f0000 - 0x00007ff8bec32000 	C:\Windows\System32\SHELL32.dll
0x00007ff8a2170000 - 0x00007ff8a217c000 	C:\Program Files\Android\Android Studio\jbr\bin\vcruntime140_1.dll
0x00007ff8a1850000 - 0x00007ff8a18dd000 	C:\Program Files\Android\Android Studio\jbr\bin\msvcp140.dll
0x00007ff877160000 - 0x00007ff877d1c000 	C:\Program Files\Android\Android Studio\jbr\bin\server\jvm.dll
0x00007ff8be3c0000 - 0x00007ff8be3c8000 	C:\Windows\System32\PSAPI.DLL
0x00007ff895110000 - 0x00007ff895137000 	C:\Windows\SYSTEM32\WINMM.dll
0x00007ff8aad90000 - 0x00007ff8aad99000 	C:\Windows\SYSTEM32\WSOCK32.dll
0x00007ff8b57d0000 - 0x00007ff8b57da000 	C:\Windows\SYSTEM32\VERSION.dll
0x00007ff8bdc90000 - 0x00007ff8bdcfb000 	C:\Windows\System32\WS2_32.dll
0x00007ff8bacc0000 - 0x00007ff8bacd2000 	C:\Windows\SYSTEM32\kernel.appcore.dll
0x00007ff8a1ee0000 - 0x00007ff8a1ef0000 	C:\Program Files\Android\Android Studio\jbr\bin\verify.dll
0x00007ff8a4650000 - 0x00007ff8a4834000 	C:\Windows\SYSTEM32\DBGHELP.DLL
0x00007ff8a4540000 - 0x00007ff8a456c000 	C:\Windows\SYSTEM32\dbgcore.DLL
0x00007ff8bd220000 - 0x00007ff8bd2a0000 	C:\Windows\System32\bcryptPrimitives.dll
0x00007ff8a1560000 - 0x00007ff8a1588000 	C:\Program Files\Android\Android Studio\jbr\bin\java.dll
0x00007ff8a1ac0000 - 0x00007ff8a1aca000 	C:\Program Files\Android\Android Studio\jbr\bin\jimage.dll
0x00007ff8a1660000 - 0x00007ff8a1678000 	C:\Program Files\Android\Android Studio\jbr\bin\zip.dll
0x00007ff8baec0000 - 0x00007ff8bb650000 	C:\Windows\SYSTEM32\windows.storage.dll
0x00007ff8bdd00000 - 0x00007ff8be056000 	C:\Windows\System32\combase.dll
0x00007ff8bc7b0000 - 0x00007ff8bc7dc000 	C:\Windows\SYSTEM32\Wldp.dll
0x00007ff8bd890000 - 0x00007ff8bd93e000 	C:\Windows\System32\SHCORE.dll
0x00007ff8bdaf0000 - 0x00007ff8bdb45000 	C:\Windows\System32\shlwapi.dll
0x00007ff8bcc80000 - 0x00007ff8bcca6000 	C:\Windows\SYSTEM32\profapi.dll
0x00007ff8a15d0000 - 0x00007ff8a15e9000 	C:\Program Files\Android\Android Studio\jbr\bin\net.dll
0x00007ff8b5f20000 - 0x00007ff8b6020000 	C:\Windows\SYSTEM32\WINHTTP.dll
0x00007ff8bc4c0000 - 0x00007ff8bc52a000 	C:\Windows\system32\mswsock.dll
0x00007ff8a0f80000 - 0x00007ff8a0f93000 	C:\Program Files\Android\Android Studio\jbr\bin\nio.dll
0x00007ff8a1c50000 - 0x00007ff8a1c77000 	C:\Users\it_04\.gradle\native\e1d6ef7f7dcc3fd88c89a11ec53ec762bb8ba0a96d01ffa2cd45eb1d1d8dd5c5\windows-amd64\native-platform.dll
0x00007ff898ba0000 - 0x00007ff898ce4000 	C:\Users\it_04\.gradle\native\0d407fdbe67a94daf76414ababcb853783967236a71b16ec16e742cd7a986fd3\windows-amd64\native-platform-file-events.dll
0x00007ff8af710000 - 0x00007ff8af71a000 	C:\Program Files\Android\Android Studio\jbr\bin\management.dll
0x00007ff8a0f70000 - 0x00007ff8a0f7b000 	C:\Program Files\Android\Android Studio\jbr\bin\management_ext.dll
0x00007ff8bc690000 - 0x00007ff8bc6a8000 	C:\Windows\SYSTEM32\CRYPTSP.dll
0x00007ff8bbe60000 - 0x00007ff8bbe94000 	C:\Windows\system32\rsaenh.dll
0x00007ff8bd060000 - 0x00007ff8bd087000 	C:\Windows\System32\bcrypt.dll
0x00007ff8bcc40000 - 0x00007ff8bcc6e000 	C:\Windows\SYSTEM32\USERENV.dll
0x00007ff8bc6b0000 - 0x00007ff8bc6bc000 	C:\Windows\SYSTEM32\CRYPTBASE.dll
0x00007ff8bc1b0000 - 0x00007ff8bc1eb000 	C:\Windows\SYSTEM32\IPHLPAPI.DLL
0x00007ff8bdc80000 - 0x00007ff8bdc88000 	C:\Windows\System32\NSI.dll
0x00007ff8b64d0000 - 0x00007ff8b64e7000 	C:\Windows\SYSTEM32\dhcpcsvc6.DLL
0x00007ff8b64b0000 - 0x00007ff8b64cd000 	C:\Windows\SYSTEM32\dhcpcsvc.DLL
0x00007ff8bc1f0000 - 0x00007ff8bc2bb000 	C:\Windows\SYSTEM32\DNSAPI.dll
0x00007ff8a0340000 - 0x00007ff8a0367000 	C:\Program Files\Android\Android Studio\jbr\bin\sunec.dll
0x00007ff8b0690000 - 0x00007ff8b069a000 	C:\Windows\System32\rasadhlp.dll
0x00007ff8b69e0000 - 0x00007ff8b6a5f000 	C:\Windows\System32\fwpuclnt.dll

dbghelp: loaded successfully - version: 4.0.5 - missing functions: none
symbol engine: initialized successfully - sym options: 0x614 - pdb path: .;C:\Program Files\Android\Android Studio\jbr\bin;C:\Windows\SYSTEM32;C:\Windows\WinSxS\amd64_microsoft.windows.common-controls_6595b64144ccf1df_6.0.19041.746_none_ca02b4b61b8320a4;C:\ProgramData\Microsoft\DbgCtr;C:\Program Files\Android\Android Studio\jbr\bin\server;C:\Users\it_04\.gradle\native\e1d6ef7f7dcc3fd88c89a11ec53ec762bb8ba0a96d01ffa2cd45eb1d1d8dd5c5\windows-amd64;C:\Users\it_04\.gradle\native\0d407fdbe67a94daf76414ababcb853783967236a71b16ec16e742cd7a986fd3\windows-amd64

VM Arguments:
jvm_args: --add-opens=java.base/java.util=ALL-UNNAMED --add-opens=java.base/java.lang=ALL-UNNAMED --add-opens=java.base/java.lang.invoke=ALL-UNNAMED --add-opens=java.base/java.util=ALL-UNNAMED --add-opens=java.prefs/java.util.prefs=ALL-UNNAMED --add-opens=java.prefs/java.util.prefs=ALL-UNNAMED --add-opens=java.base/java.nio.charset=ALL-UNNAMED --add-opens=java.base/java.net=ALL-UNNAMED --add-opens=java.base/java.util.concurrent.atomic=ALL-UNNAMED -Xmx2048m -Dfile.encoding=UTF-8 -Duser.country=US -Duser.language=en -Duser.variant 
java_command: org.gradle.launcher.daemon.bootstrap.GradleDaemon 7.5
java_class_path (initial): C:\Users\it_04\.gradle\wrapper\dists\gradle-7.5-bin\f1w0cc9nuo0eivz97x2xlu9sv\gradle-7.5\lib\gradle-launcher-7.5.jar
Launcher Type: SUN_STANDARD

[Global flags]
     intx CICompilerCount                          = 3                                         {product} {ergonomic}
     uint ConcGCThreads                            = 1                                         {product} {ergonomic}
     uint G1ConcRefinementThreads                  = 4                                         {product} {ergonomic}
   size_t G1HeapRegionSize                         = 1048576                                   {product} {ergonomic}
    uintx GCDrainStackTargetSize                   = 64                                        {product} {ergonomic}
   size_t InitialHeapSize                          = 266338304                                 {product} {ergonomic}
   size_t MarkStackSize                            = 4194304                                   {product} {ergonomic}
   size_t MaxHeapSize                              = 2147483648                                {product} {command line}
   size_t MaxNewSize                               = 1287651328                                {product} {ergonomic}
   size_t MinHeapDeltaBytes                        = 1048576                                   {product} {ergonomic}
    uintx NonNMethodCodeHeapSize                   = 5830732                                {pd product} {ergonomic}
    uintx NonProfiledCodeHeapSize                  = 122913754                              {pd product} {ergonomic}
    uintx ProfiledCodeHeapSize                     = 122913754                              {pd product} {ergonomic}
    uintx ReservedCodeCacheSize                    = 251658240                              {pd product} {ergonomic}
     bool SegmentedCodeCache                       = true                                      {product} {ergonomic}
     bool UseCompressedClassPointers               = true                                 {lp64_product} {ergonomic}
     bool UseCompressedOops                        = true                                 {lp64_product} {ergonomic}
     bool UseG1GC                                  = true                                      {product} {ergonomic}
     bool UseLargePagesIndividualAllocation        = false                                  {pd product} {ergonomic}

Logging:
Log output configuration:
 #0: stdout all=warning uptime,level,tags
 #1: stderr all=off uptime,level,tags

Environment Variables:
PATH=D:\app\it_07\product\11.2.0\client_1\bin;C:\Windows\system32;C:\Windows;C:\Windows\System32\Wbem;C:\Windows\System32\WindowsPowerShell\v1.0\;C:\Windows\System32\OpenSSH\;C:\Program Files\dotnet\;C:\Program Files\Git\cmd;C:\Users\it_04\AppData\Local\Microsoft\WindowsApps;C:\Users\it_04\.dotnet\tools
USERNAME=it_04
OS=Windows_NT
PROCESSOR_IDENTIFIER=Intel64 Family 6 Model 165 Stepping 3, GenuineIntel



---------------  S Y S T E M  ---------------

OS: Windows 10 , 64 bit Build 19041 (10.0.19041.804)
OS uptime: 0 days 0:19 hours

CPU:total 4 (initial active 4) (2 cores per cpu, 2 threads per core) family 6 model 165 stepping 3 microcode 0xe0, cmov, cx8, fxsr, mmx, sse, sse2, sse3, ssse3, sse4.1, sse4.2, popcnt, aes, clmul, erms, 3dnowpref, lzcnt, ht, tsc, tscinvbit

Memory: 4k page, system-wide physical 16242M (10680M free)
TotalPageFile size 18674M (AvailPageFile size 13666M)
current process WorkingSet (physical memory assigned to process): 475M, peak: 484M
current process commit charge ("private bytes"): 533M, peak: 553M

vm_info: OpenJDK 64-Bit Server VM (11.0.15+0-b2043.56-9505619) for windows-amd64 JRE (11.0.15+0-b2043.56-9505619), built on Jan 19 2023 02:48:00 by "builduser" with unknown MS VC++:1929

END.
