#
# A fatal error has been detected by the Java Runtime Environment:
#
#  EXCEPTION_ACCESS_VIOLATION (0xc0000005) at pc=0x00007ffaa50c1820, pid=11388, tid=12224
#
# JRE version: OpenJDK Runtime Environment (11.0.15) (build 11.0.15+0-b2043.56-9505619)
# Java VM: OpenJDK 64-Bit Server VM (11.0.15+0-b2043.56-9505619, mixed mode, tiered, compressed oops, g1 gc, windows-amd64)
# Problematic frame:
# C  [native-platform-file-events.dll+0xf1820]
#
# No core dump will be written. Minidumps are not enabled by default on client versions of Windows
#
# If you would like to submit a bug report, please visit:
#   https://bugreport.java.com/bugreport/crash.jsp
# The crash happened outside the Java Virtual Machine in native code.
# See problematic frame for where to report the bug.
#

---------------  S U M M A R Y ------------

Command Line: --add-opens=java.base/java.util=ALL-UNNAMED --add-opens=java.base/java.lang=ALL-UNNAMED --add-opens=java.base/java.lang.invoke=ALL-UNNAMED --add-opens=java.base/java.util=ALL-UNNAMED --add-opens=java.prefs/java.util.prefs=ALL-UNNAMED --add-opens=java.prefs/java.util.prefs=ALL-UNNAMED --add-opens=java.base/java.nio.charset=ALL-UNNAMED --add-opens=java.base/java.net=ALL-UNNAMED --add-opens=java.base/java.util.concurrent.atomic=ALL-UNNAMED -Xmx2048m -Dfile.encoding=UTF-8 -Duser.country=US -Duser.language=en -Duser.variant org.gradle.launcher.daemon.bootstrap.GradleDaemon 7.5

Host: Intel(R) Pentium(R) Gold G6400 CPU @ 4.00GHz, 4 cores, 15G,  Windows 10 , 64 bit Build 19041 (10.0.19041.804)
Time: Thu Mar 30 09:40:06 2023 SE Asia Standard Time elapsed time: 26.740608 seconds (0d 0h 0m 26s)

---------------  T H R E A D  ---------------

Current thread (0x000001ab496db000):  JavaThread "File watcher server" daemon [_thread_in_native, id=12224, stack(0x000000aa94300000,0x000000aa94400000)]

Stack: [0x000000aa94300000,0x000000aa94400000],  sp=0x000000aa943fe698,  free space=1017k
Native frames: (J=compiled Java code, j=interpreted, Vv=VM code, C=native code)
C  [native-platform-file-events.dll+0xf1820]

Java frames: (J=compiled Java code, j=interpreted, Vv=VM code)
j  net.rubygrapefruit.platform.internal.jni.AbstractFileEventFunctions$NativeFileWatcher.executeRunLoop0(Ljava/lang/Object;)V+0
j  net.rubygrapefruit.platform.internal.jni.AbstractFileEventFunctions$NativeFileWatcher.access$100(Lnet/rubygrapefruit/platform/internal/jni/AbstractFileEventFunctions$NativeFileWatcher;Ljava/lang/Object;)V+2
j  net.rubygrapefruit.platform.internal.jni.AbstractFileEventFunctions$NativeFileWatcher$1.run()V+26
v  ~StubRoutines::call_stub

siginfo: EXCEPTION_ACCESS_VIOLATION (0xc0000005), reading address 0xffffffffffffffff


Register to memory mapping:

RIP=0x00007ffaa50c1820 native-platform-file-events.dll
RAX=0xc98548184f8b4890 is an unknown value
RBX=0x0 is NULL
RCX=0x000000aa97ff9fd8 is pointing into the stack for thread: 0x000001ab4c3f6000
RDX=0x0 is NULL
RSP=0x000000aa943fe698 is pointing into the stack for thread: 0x000001ab496db000
RBP=0x000000aa943ff068 is pointing into the stack for thread: 0x000001ab496db000
RSI=0x000000aa97ff9fd0 is pointing into the stack for thread: 0x000001ab4c3f6000
RDI=0x000000aa97ff9f90 is pointing into the stack for thread: 0x000001ab4c3f6000
R8 =0x000001ab2a618400 points into unknown readable memory: 0x000001ab2a610cf0 | f0 0c 61 2a ab 01 00 00
R9 =0x0000000000000001 is an unknown value
R10=0x0000000000008000 is an unknown value
R11=0x000000aa943fe350 is pointing into the stack for thread: 0x000001ab496db000
R12=0x0 is NULL
R13={method} {0x000001ab4cf21590} 'executeRunLoop0' '(Ljava/lang/Object;)V' in 'net/rubygrapefruit/platform/internal/jni/AbstractFileEventFunctions$NativeFileWatcher'
R14=0x0 is NULL
R15=0x000001ab496db000 is a thread


Registers:
RAX=0xc98548184f8b4890, RBX=0x0000000000000000, RCX=0x000000aa97ff9fd8, RDX=0x0000000000000000
RSP=0x000000aa943fe698, RBP=0x000000aa943ff068, RSI=0x000000aa97ff9fd0, RDI=0x000000aa97ff9f90
R8 =0x000001ab2a618400, R9 =0x0000000000000001, R10=0x0000000000008000, R11=0x000000aa943fe350
R12=0x0000000000000000, R13=0x000001ab4cf21588, R14=0x0000000000000000, R15=0x000001ab496db000
RIP=0x00007ffaa50c1820, EFLAGS=0x0000000000010202

Top of Stack: (sp=0x000000aa943fe698)
0x000000aa943fe698:   00007ffaa50163b9 0000000000000000
0x000000aa943fe6a8:   000001ab3032fa7a 000001ab468c5990
0x000000aa943fe6b8:   00007ffaa4ff3133 000001ab475cad38
0x000000aa943fe6c8:   000000008ca80970 0000fb555b44cff6
0x000000aa943fe6d8:   00007ffaa4ffda83 000000aa943ff090
0x000000aa943fe6e8:   000000aa97ff9f90 00007ffaa4fef150
0x000000aa943fe6f8:   00007ffaa500709b 000000aa97ff9fd0
0x000000aa943fe708:   00000000804332d0 0000000000000000
0x000000aa943fe718:   00007ffaa4ffbfae 000001ab475cad30
0x000000aa943fe728:   00007ffaa4ff92a6 000000aa97ff9fd0
0x000000aa943fe738:   0000000000000000 000001ab475cad30
0x000000aa943fe748:   00007ffaa4fd57b3 0000000000000000
0x000000aa943fe758:   00007ffaa50064c2 000000aa943fe7a0
0x000000aa943fe768:   000000aa97ff9fd0 000001ab46554a20
0x000000aa943fe778:   0000000000000000 000000008042c701
0x000000aa943fe788:   000001ab4646fd50 0000000000000000 

Instructions: (pc=0x00007ffaa50c1820)
0x00007ffaa50c1720:   cc cc cc cc cc cc cc cc cc cc cc cc cc cc cc cc
0x00007ffaa50c1730:   cc cc cc cc cc cc cc cc cc cc cc cc cc cc cc cc
0x00007ffaa50c1740:   cc cc cc cc cc cc cc cc cc cc cc cc cc cc cc cc
0x00007ffaa50c1750:   cc cc cc cc cc cc cc cc cc cc cc cc cc cc cc cc
0x00007ffaa50c1760:   cc cc cc cc cc cc cc cc cc cc cc cc cc cc cc cc
0x00007ffaa50c1770:   cc cc cc cc cc cc cc cc cc cc cc cc cc cc cc cc
0x00007ffaa50c1780:   cc cc cc cc cc cc cc cc cc cc cc cc cc cc cc cc
0x00007ffaa50c1790:   cc cc cc cc cc cc cc cc cc cc cc cc cc cc cc cc
0x00007ffaa50c17a0:   cc cc cc cc cc cc cc cc cc cc cc cc cc cc cc cc
0x00007ffaa50c17b0:   cc cc cc cc cc cc cc cc cc cc cc cc cc cc cc cc
0x00007ffaa50c17c0:   cc cc cc cc cc cc cc cc cc cc cc cc cc cc cc cc
0x00007ffaa50c17d0:   cc cc cc cc cc cc cc cc cc cc cc cc cc cc cc cc
0x00007ffaa50c17e0:   cc cc cc cc cc cc cc cc cc cc cc cc cc cc cc cc
0x00007ffaa50c17f0:   cc cc cc cc cc cc cc cc cc cc cc cc cc cc cc cc
0x00007ffaa50c1800:   cc cc cc cc cc cc cc cc cc cc cc cc cc cc cc cc
0x00007ffaa50c1810:   cc cc cc cc cc cc 66 66 0f 1f 84 00 00 00 00 00
0x00007ffaa50c1820:   ff e0 cc cc cc cc cc cc cc cc cc cc cc cc cc cc
0x00007ffaa50c1830:   cc cc cc cc cc cc 66 66 0f 1f 84 00 00 00 00 00
0x00007ffaa50c1840:   ff 25 da e7 04 00 cc cc cc cc cc cc cc cc cc cc
0x00007ffaa50c1850:   cc cc cc cc cc cc cc cc cc cc cc cc cc cc cc cc
0x00007ffaa50c1860:   cc cc cc cc cc cc cc cc cc cc cc cc cc cc cc cc
0x00007ffaa50c1870:   cc cc cc cc cc cc cc cc cc cc cc cc cc cc cc cc
0x00007ffaa50c1880:   cc cc cc cc cc cc cc cc cc cc cc cc cc cc cc cc
0x00007ffaa50c1890:   cc cc cc cc cc cc cc cc cc cc cc cc cc cc cc cc
0x00007ffaa50c18a0:   cc cc cc cc cc cc cc cc cc cc cc cc cc cc cc cc
0x00007ffaa50c18b0:   cc cc cc cc cc cc cc cc cc cc cc cc cc cc cc cc
0x00007ffaa50c18c0:   cc cc cc cc cc cc cc cc cc cc cc cc cc cc cc cc
0x00007ffaa50c18d0:   cc cc cc cc cc cc cc cc cc cc cc cc cc cc cc cc
0x00007ffaa50c18e0:   cc cc cc cc cc cc cc cc cc cc cc cc cc cc cc cc
0x00007ffaa50c18f0:   cc cc cc cc cc cc cc cc cc cc cc cc cc cc cc cc
0x00007ffaa50c1900:   cc cc cc cc cc cc cc cc cc cc cc cc cc cc cc cc
0x00007ffaa50c1910:   cc cc cc cc cc cc cc cc cc cc cc cc cc cc cc cc 


Stack slot to memory mapping:
stack at sp + 0 slots: 0x00007ffaa50163b9 native-platform-file-events.dll
stack at sp + 1 slots: 0x0 is NULL
stack at sp + 2 slots: 0x000001ab3032fa7a is at code_begin+2458 in an Interpreter codelet
method entry point (kind = native)  [0x000001ab3032f0e0, 0x000001ab3032fb60]  2688 bytes
stack at sp + 3 slots: {method} {0x000001ab468c5998} 'findEntry' '(Ljava/lang/String;)J' in 'java/lang/ClassLoader$NativeLibrary'
stack at sp + 4 slots: 0x00007ffaa4ff3133 native-platform-file-events.dll
stack at sp + 5 slots: 0x000001ab475cad38 points into unknown readable memory: 0x0000000000000000 | 00 00 00 00 00 00 00 00
stack at sp + 6 slots: 0x000000008ca80970 is an unallocated location in the heap
stack at sp + 7 slots: 0x0000fb555b44cff6 is an unknown value


---------------  P R O C E S S  ---------------

Threads class SMR info:
_java_thread_list=0x000001ab4c9453e0, length=88, elements={
0x000001ab2c801800, 0x000001ab46c89800, 0x000001ab46c8b000, 0x000001ab46ce5800,
0x000001ab46ce7000, 0x000001ab46ce8000, 0x000001ab46ced800, 0x000001ab46cf5800,
0x000001ab46cf9800, 0x000001ab46e5f800, 0x000001ab491ae800, 0x000001ab4938e800,
0x000001ab4938f800, 0x000001ab47cea800, 0x000001ab49839000, 0x000001ab496d4800,
0x000001ab496da000, 0x000001ab496d8800, 0x000001ab496db000, 0x000001ab496d6800,
0x000001ab4a8df800, 0x000001ab4a8e0800, 0x000001ab4a8e3800, 0x000001ab4a8e2800,
0x000001ab4a8de000, 0x000001ab4aa91800, 0x000001ab4aa93000, 0x000001ab4aa92000,
0x000001ab4aa8a000, 0x000001ab4aa85000, 0x000001ab4aa88800, 0x000001ab4aa8b000,
0x000001ab4aa87800, 0x000001ab4aa8b800, 0x000001ab4aa86000, 0x000001ab4aa8c800,
0x000001ab4aa86800, 0x000001ab4aa8f000, 0x000001ab4aa8d800, 0x000001ab4aa8e000,
0x000001ab4aa89000, 0x000001ab4aa94000, 0x000001ab4aa90800, 0x000001ab4aa8f800,
0x000001ab4a8e4800, 0x000001ab4a8e5000, 0x000001ab4a8e7000, 0x000001ab4a8e2000,
0x000001ab4a8eb800, 0x000001ab4a8e7800, 0x000001ab4a8eb000, 0x000001ab4a8e6000,
0x000001ab4a8e9800, 0x000001ab4a8e8800, 0x000001ab4a8ec800, 0x000001ab4a8ea000,
0x000001ab496d9000, 0x000001ab496d7800, 0x000001ab496d6000, 0x000001ab50e2e800,
0x000001ab50e2c000, 0x000001ab50e28800, 0x000001ab50e2b000, 0x000001ab50e2a000,
0x000001ab50e2c800, 0x000001ab50e2d800, 0x000001ab50e2f000, 0x000001ab50e29800,
0x000001ab50e35000, 0x000001ab50e35800, 0x000001ab50e32800, 0x000001ab50e33000,
0x000001ab50e30800, 0x000001ab50e31800, 0x000001ab50e34000, 0x000001ab50e30000,
0x000001ab50e36800, 0x000001ab50e37800, 0x000001ab4c3f6800, 0x000001ab4c3f7800,
0x000001ab4c3f4000, 0x000001ab4c3f8000, 0x000001ab4c3f6000, 0x000001ab4c3f5000,
0x000001ab4c3fa800, 0x000001ab4c3fa000, 0x000001ab4c3fd000, 0x000001ab5137f800
}

Java Threads: ( => current thread )
  0x000001ab2c801800 JavaThread "main" [_thread_blocked, id=7236, stack(0x000000aa91e00000,0x000000aa91f00000)]
  0x000001ab46c89800 JavaThread "Reference Handler" daemon [_thread_blocked, id=11824, stack(0x000000aa92800000,0x000000aa92900000)]
  0x000001ab46c8b000 JavaThread "Finalizer" daemon [_thread_blocked, id=11652, stack(0x000000aa92900000,0x000000aa92a00000)]
  0x000001ab46ce5800 JavaThread "Signal Dispatcher" daemon [_thread_blocked, id=1128, stack(0x000000aa92a00000,0x000000aa92b00000)]
  0x000001ab46ce7000 JavaThread "Attach Listener" daemon [_thread_blocked, id=11176, stack(0x000000aa92b00000,0x000000aa92c00000)]
  0x000001ab46ce8000 JavaThread "Service Thread" daemon [_thread_blocked, id=7940, stack(0x000000aa92c00000,0x000000aa92d00000)]
  0x000001ab46ced800 JavaThread "C2 CompilerThread0" daemon [_thread_in_native, id=12612, stack(0x000000aa92d00000,0x000000aa92e00000)]
  0x000001ab46cf5800 JavaThread "C1 CompilerThread0" daemon [_thread_blocked, id=12336, stack(0x000000aa92e00000,0x000000aa92f00000)]
  0x000001ab46cf9800 JavaThread "Sweeper thread" daemon [_thread_blocked, id=13296, stack(0x000000aa92f00000,0x000000aa93000000)]
  0x000001ab46e5f800 JavaThread "Common-Cleaner" daemon [_thread_blocked, id=1692, stack(0x000000aa93000000,0x000000aa93100000)]
  0x000001ab491ae800 JavaThread "Daemon health stats" [_thread_blocked, id=6692, stack(0x000000aa93600000,0x000000aa93700000)]
  0x000001ab4938e800 JavaThread "Incoming local TCP Connector on port 53921" [_thread_in_native, id=13160, stack(0x000000aa93700000,0x000000aa93800000)]
  0x000001ab4938f800 JavaThread "Daemon periodic checks" [_thread_blocked, id=10332, stack(0x000000aa93800000,0x000000aa93900000)]
  0x000001ab47cea800 JavaThread "Daemon" [_thread_blocked, id=13072, stack(0x000000aa93900000,0x000000aa93a00000)]
  0x000001ab49839000 JavaThread "Daemon worker" [_thread_blocked, id=8180, stack(0x000000aa93c00000,0x000000aa93d00000)]
  0x000001ab496d4800 JavaThread "Cache worker for journal cache (C:\Users\it_04\.gradle\caches\journal-1)" [_thread_blocked, id=11376, stack(0x000000aa94000000,0x000000aa94100000)]
  0x000001ab496da000 JavaThread "File lock request listener" [_thread_in_native, id=11828, stack(0x000000aa94100000,0x000000aa94200000)]
  0x000001ab496d8800 JavaThread "Cache worker for file hash cache (C:\Users\it_04\.gradle\caches\7.5\fileHashes)" [_thread_blocked, id=11640, stack(0x000000aa94200000,0x000000aa94300000)]
=>0x000001ab496db000 JavaThread "File watcher server" daemon [_thread_in_native, id=12224, stack(0x000000aa94300000,0x000000aa94400000)]
  0x000001ab496d6800 JavaThread "Cache worker for file content cache (C:\Users\it_04\.gradle\caches\7.5\fileContent)" [_thread_blocked, id=12312, stack(0x000000aa94700000,0x000000aa94800000)]
  0x000001ab4a8df800 JavaThread "Cache worker for execution history cache (C:\Users\it_04\.gradle\caches\7.5\executionHistory)" [_thread_blocked, id=11888, stack(0x000000aa94a00000,0x000000aa94b00000)]
  0x000001ab4a8e0800 JavaThread "jar transforms" [_thread_blocked, id=6008, stack(0x000000aa94b00000,0x000000aa94c00000)]
  0x000001ab4a8e3800 JavaThread "jar transforms Thread 2" [_thread_blocked, id=9748, stack(0x000000aa94c00000,0x000000aa94d00000)]
  0x000001ab4a8e2800 JavaThread "jar transforms Thread 3" [_thread_blocked, id=12076, stack(0x000000aa94d00000,0x000000aa94e00000)]
  0x000001ab4a8de000 JavaThread "jar transforms Thread 4" [_thread_blocked, id=1188, stack(0x000000aa94e00000,0x000000aa94f00000)]
  0x000001ab4aa91800 JavaThread "Memory manager" [_thread_blocked, id=5376, stack(0x000000aa97900000,0x000000aa97a00000)]
  0x000001ab4aa93000 JavaThread "pool-3-thread-1" [_thread_blocked, id=11720, stack(0x000000aa97b00000,0x000000aa97c00000)]
  0x000001ab4aa92000 JavaThread "included builds" [_thread_blocked, id=8376, stack(0x000000aa97d00000,0x000000aa97e00000)]
  0x000001ab4aa8a000 JavaThread "Handler for socket connection from /127.0.0.1:53921 to /127.0.0.1:53939" [_thread_in_native, id=2200, stack(0x000000aa93200000,0x000000aa93300000)]
  0x000001ab4aa85000 JavaThread "Cancel handler" [_thread_blocked, id=5336, stack(0x000000aa93a00000,0x000000aa93b00000)]
  0x000001ab4aa88800 JavaThread "Asynchronous log dispatcher for DefaultDaemonConnection: socket connection from /127.0.0.1:53921 to /127.0.0.1:53939" [_thread_blocked, id=12492, stack(0x000000aa93b00000,0x000000aa93c00000)]
  0x000001ab4aa8b000 JavaThread "Stdin handler" [_thread_blocked, id=13156, stack(0x000000aa93d00000,0x000000aa93e00000)]
  0x000001ab4aa87800 JavaThread "Daemon client event forwarder" [_thread_blocked, id=11508, stack(0x000000aa93e00000,0x000000aa93f00000)]
  0x000001ab4aa8b800 JavaThread "Cache worker for checksums cache (D:\SourceAndroid\KyThuat\.gradle\7.5\checksums)" [_thread_blocked, id=7644, stack(0x000000aa93f00000,0x000000aa94000000)]
  0x000001ab4aa86000 JavaThread "Cache worker for cache directory md-rule (C:\Users\it_04\.gradle\caches\7.5\md-rule)" [_thread_blocked, id=13064, stack(0x000000aa94500000,0x000000aa94600000)]
  0x000001ab4aa8c800 JavaThread "Cache worker for file hash cache (D:\SourceAndroid\KyThuat\.gradle\7.5\fileHashes)" [_thread_blocked, id=9372, stack(0x000000aa94600000,0x000000aa94700000)]
  0x000001ab4aa86800 JavaThread "Cache worker for cache directory md-supplier (C:\Users\it_04\.gradle\caches\7.5\md-supplier)" [_thread_blocked, id=12164, stack(0x000000aa94800000,0x000000aa94900000)]
  0x000001ab4aa8f000 JavaThread "Cache worker for dependencies-accessors (D:\SourceAndroid\KyThuat\.gradle\7.5\dependencies-accessors)" [_thread_blocked, id=12940, stack(0x000000aa94900000,0x000000aa94a00000)]
  0x000001ab4aa8d800 JavaThread "Cache worker for Build Output Cleanup Cache (D:\SourceAndroid\KyThuat\.gradle\buildOutputCleanup)" [_thread_blocked, id=11268, stack(0x000000aa95000000,0x000000aa95100000)]
  0x000001ab4aa8e000 JavaThread "Unconstrained build operations" [_thread_blocked, id=12380, stack(0x000000aa95100000,0x000000aa95200000)]
  0x000001ab4aa89000 JavaThread "Unconstrained build operations Thread 2" [_thread_blocked, id=12948, stack(0x000000aa95200000,0x000000aa95300000)]
  0x000001ab4aa94000 JavaThread "Unconstrained build operations Thread 3" [_thread_blocked, id=9040, stack(0x000000aa95300000,0x000000aa95400000)]
  0x000001ab4aa90800 JavaThread "Unconstrained build operations Thread 4" [_thread_blocked, id=9920, stack(0x000000aa95400000,0x000000aa95500000)]
  0x000001ab4aa8f800 JavaThread "Unconstrained build operations Thread 5" [_thread_blocked, id=5604, stack(0x000000aa95500000,0x000000aa95600000)]
  0x000001ab4a8e4800 JavaThread "Unconstrained build operations Thread 6" [_thread_blocked, id=12724, stack(0x000000aa95600000,0x000000aa95700000)]
  0x000001ab4a8e5000 JavaThread "Unconstrained build operations Thread 7" [_thread_blocked, id=12828, stack(0x000000aa95700000,0x000000aa95800000)]
  0x000001ab4a8e7000 JavaThread "Unconstrained build operations Thread 8" [_thread_blocked, id=6488, stack(0x000000aa95800000,0x000000aa95900000)]
  0x000001ab4a8e2000 JavaThread "Unconstrained build operations Thread 9" [_thread_blocked, id=11768, stack(0x000000aa95900000,0x000000aa95a00000)]
  0x000001ab4a8eb800 JavaThread "Unconstrained build operations Thread 10" [_thread_blocked, id=6416, stack(0x000000aa95a00000,0x000000aa95b00000)]
  0x000001ab4a8e7800 JavaThread "Unconstrained build operations Thread 11" [_thread_blocked, id=6556, stack(0x000000aa95b00000,0x000000aa95c00000)]
  0x000001ab4a8eb000 JavaThread "Unconstrained build operations Thread 12" [_thread_blocked, id=11408, stack(0x000000aa95c00000,0x000000aa95d00000)]
  0x000001ab4a8e6000 JavaThread "Unconstrained build operations Thread 13" [_thread_blocked, id=4400, stack(0x000000aa95d00000,0x000000aa95e00000)]
  0x000001ab4a8e9800 JavaThread "Unconstrained build operations Thread 14" [_thread_blocked, id=3276, stack(0x000000aa95e00000,0x000000aa95f00000)]
  0x000001ab4a8e8800 JavaThread "Unconstrained build operations Thread 15" [_thread_blocked, id=2244, stack(0x000000aa95f00000,0x000000aa96000000)]
  0x000001ab4a8ec800 JavaThread "Unconstrained build operations Thread 16" [_thread_blocked, id=8832, stack(0x000000aa96000000,0x000000aa96100000)]
  0x000001ab4a8ea000 JavaThread "Unconstrained build operations Thread 17" [_thread_blocked, id=10652, stack(0x000000aa96100000,0x000000aa96200000)]
  0x000001ab496d9000 JavaThread "Unconstrained build operations Thread 18" [_thread_blocked, id=7280, stack(0x000000aa96200000,0x000000aa96300000)]
  0x000001ab496d7800 JavaThread "Unconstrained build operations Thread 19" [_thread_blocked, id=1260, stack(0x000000aa96300000,0x000000aa96400000)]
  0x000001ab496d6000 JavaThread "Unconstrained build operations Thread 20" [_thread_blocked, id=12584, stack(0x000000aa96400000,0x000000aa96500000)]
  0x000001ab50e2e800 JavaThread "Unconstrained build operations Thread 21" [_thread_blocked, id=12952, stack(0x000000aa96500000,0x000000aa96600000)]
  0x000001ab50e2c000 JavaThread "Unconstrained build operations Thread 22" [_thread_blocked, id=5676, stack(0x000000aa96600000,0x000000aa96700000)]
  0x000001ab50e28800 JavaThread "Unconstrained build operations Thread 23" [_thread_blocked, id=10856, stack(0x000000aa96700000,0x000000aa96800000)]
  0x000001ab50e2b000 JavaThread "Unconstrained build operations Thread 24" [_thread_blocked, id=12208, stack(0x000000aa96800000,0x000000aa96900000)]
  0x000001ab50e2a000 JavaThread "Unconstrained build operations Thread 25" [_thread_blocked, id=12444, stack(0x000000aa96900000,0x000000aa96a00000)]
  0x000001ab50e2c800 JavaThread "Unconstrained build operations Thread 26" [_thread_blocked, id=3884, stack(0x000000aa96a00000,0x000000aa96b00000)]
  0x000001ab50e2d800 JavaThread "Unconstrained build operations Thread 27" [_thread_blocked, id=12140, stack(0x000000aa96b00000,0x000000aa96c00000)]
  0x000001ab50e2f000 JavaThread "Unconstrained build operations Thread 28" [_thread_blocked, id=10944, stack(0x000000aa96c00000,0x000000aa96d00000)]
  0x000001ab50e29800 JavaThread "Unconstrained build operations Thread 29" [_thread_blocked, id=2400, stack(0x000000aa96d00000,0x000000aa96e00000)]
  0x000001ab50e35000 JavaThread "Unconstrained build operations Thread 30" [_thread_blocked, id=7656, stack(0x000000aa96e00000,0x000000aa96f00000)]
  0x000001ab50e35800 JavaThread "Unconstrained build operations Thread 31" [_thread_blocked, id=10932, stack(0x000000aa96f00000,0x000000aa97000000)]
  0x000001ab50e32800 JavaThread "Unconstrained build operations Thread 32" [_thread_blocked, id=10720, stack(0x000000aa97000000,0x000000aa97100000)]
  0x000001ab50e33000 JavaThread "Unconstrained build operations Thread 33" [_thread_blocked, id=2788, stack(0x000000aa97100000,0x000000aa97200000)]
  0x000001ab50e30800 JavaThread "Unconstrained build operations Thread 34" [_thread_blocked, id=11900, stack(0x000000aa97200000,0x000000aa97300000)]
  0x000001ab50e31800 JavaThread "Unconstrained build operations Thread 35" [_thread_blocked, id=11548, stack(0x000000aa97300000,0x000000aa97400000)]
  0x000001ab50e34000 JavaThread "Unconstrained build operations Thread 36" [_thread_blocked, id=12052, stack(0x000000aa97400000,0x000000aa97500000)]
  0x000001ab50e30000 JavaThread "Unconstrained build operations Thread 37" [_thread_blocked, id=13104, stack(0x000000aa97500000,0x000000aa97600000)]
  0x000001ab50e36800 JavaThread "Unconstrained build operations Thread 38" [_thread_blocked, id=12524, stack(0x000000aa97600000,0x000000aa97700000)]
  0x000001ab50e37800 JavaThread "Unconstrained build operations Thread 39" [_thread_blocked, id=11224, stack(0x000000aa97700000,0x000000aa97800000)]
  0x000001ab4c3f6800 JavaThread "Unconstrained build operations Thread 40" [_thread_blocked, id=12328, stack(0x000000aa97800000,0x000000aa97900000)]
  0x000001ab4c3f7800 JavaThread "build event listener" [_thread_blocked, id=12300, stack(0x000000aa97a00000,0x000000aa97b00000)]
  0x000001ab4c3f4000 JavaThread "pool-6-thread-1" [_thread_blocked, id=2840, stack(0x000000aa97c00000,0x000000aa97d00000)]
  0x000001ab4c3f8000 JavaThread "build event listener" [_thread_blocked, id=9052, stack(0x000000aa97e00000,0x000000aa97f00000)]
  0x000001ab4c3f6000 JavaThread "included builds" [_thread_in_vm, id=12712, stack(0x000000aa97f00000,0x000000aa98000000)]
  0x000001ab4c3f5000 JavaThread "Execution worker" [_thread_blocked, id=7604, stack(0x000000aa98000000,0x000000aa98100000)]
  0x000001ab4c3fa800 JavaThread "Execution worker Thread 2" [_thread_blocked, id=4540, stack(0x000000aa98100000,0x000000aa98200000)]
  0x000001ab4c3fa000 JavaThread "Execution worker Thread 3" [_thread_blocked, id=6028, stack(0x000000aa98200000,0x000000aa98300000)]
  0x000001ab4c3fd000 JavaThread "Cache worker for execution history cache (D:\SourceAndroid\KyThuat\.gradle\7.5\executionHistory)" [_thread_blocked, id=11524, stack(0x000000aa98300000,0x000000aa98400000)]
  0x000001ab5137f800 JavaThread "C2 CompilerThread1" daemon [_thread_blocked, id=10988, stack(0x000000aa94400000,0x000000aa94500000)]

Other Threads:
  0x000001ab46c86800 VMThread "VM Thread" [stack: 0x000000aa92700000,0x000000aa92800000] [id=11960]
  0x000001ab46e8f800 WatcherThread [stack: 0x000000aa93100000,0x000000aa93200000] [id=11516]
  0x000001ab2c81b000 GCTaskThread "GC Thread#0" [stack: 0x000000aa92200000,0x000000aa92300000] [id=1836]
  0x000001ab472a2800 GCTaskThread "GC Thread#1" [stack: 0x000000aa93300000,0x000000aa93400000] [id=12384]
  0x000001ab473f8000 GCTaskThread "GC Thread#2" [stack: 0x000000aa93400000,0x000000aa93500000] [id=9728]
  0x000001ab473f9000 GCTaskThread "GC Thread#3" [stack: 0x000000aa93500000,0x000000aa93600000] [id=11660]
  0x000001ab2c84b000 ConcurrentGCThread "G1 Main Marker" [stack: 0x000000aa92300000,0x000000aa92400000] [id=13196]
  0x000001ab2c84c000 ConcurrentGCThread "G1 Conc#0" [stack: 0x000000aa92400000,0x000000aa92500000] [id=12836]
  0x000001ab462ca800 ConcurrentGCThread "G1 Refine#0" [stack: 0x000000aa92500000,0x000000aa92600000] [id=12972]
  0x000001ab462cb000 ConcurrentGCThread "G1 Young RemSet Sampling" [stack: 0x000000aa92600000,0x000000aa92700000] [id=11996]

Threads with active compile tasks:
C2 CompilerThread0    26762 9458       4       java.lang.StringBuilder::append (10 bytes)

VM state:not at safepoint (normal execution)

VM Mutex/Monitor currently owned by a thread: None

Heap address: 0x0000000080000000, size: 2048 MB, Compressed Oops mode: 32-bit
Narrow klass base: 0x0000000000000000, Narrow klass shift: 3
Compressed class space size: 1073741824 Address: 0x0000000100000000

Heap:
 garbage-first heap   total 321536K, used 151552K [0x0000000080000000, 0x0000000100000000)
  region size 1024K, 95 young (97280K), 17 survivors (17408K)
 Metaspace       used 90350K, capacity 92661K, committed 92712K, reserved 1130496K
  class space    used 11466K, capacity 12272K, committed 12288K, reserved 1048576K
Heap Regions: E=young(eden), S=young(survivor), O=old, HS=humongous(starts), HC=humongous(continues), CS=collection set, F=free, A=archive, TAMS=top-at-mark-start (previous, next)
|   0|0x0000000080000000, 0x0000000080100000, 0x0000000080100000|100%|HS|  |TAMS 0x0000000080100000, 0x0000000080000000| Complete 
|   1|0x0000000080100000, 0x0000000080200000, 0x0000000080200000|100%|HC|  |TAMS 0x0000000080200000, 0x0000000080100000| Complete 
|   2|0x0000000080200000, 0x0000000080300000, 0x0000000080300000|100%|HC|  |TAMS 0x0000000080300000, 0x0000000080200000| Complete 
|   3|0x0000000080300000, 0x0000000080400000, 0x0000000080400000|100%| O|  |TAMS 0x0000000080400000, 0x0000000080300000| Untracked 
|   4|0x0000000080400000, 0x0000000080500000, 0x0000000080500000|100%| O|  |TAMS 0x0000000080500000, 0x0000000080400000| Untracked 
|   5|0x0000000080500000, 0x0000000080600000, 0x0000000080600000|100%| O|  |TAMS 0x0000000080600000, 0x0000000080500000| Untracked 
|   6|0x0000000080600000, 0x0000000080700000, 0x0000000080700000|100%| O|  |TAMS 0x0000000080700000, 0x0000000080600000| Untracked 
|   7|0x0000000080700000, 0x0000000080800000, 0x0000000080800000|100%| O|  |TAMS 0x0000000080800000, 0x0000000080700000| Untracked 
|   8|0x0000000080800000, 0x0000000080900000, 0x0000000080900000|100%| O|  |TAMS 0x0000000080900000, 0x0000000080800000| Untracked 
|   9|0x0000000080900000, 0x0000000080a00000, 0x0000000080a00000|100%| O|  |TAMS 0x0000000080a00000, 0x0000000080900000| Untracked 
|  10|0x0000000080a00000, 0x0000000080b00000, 0x0000000080b00000|100%| O|  |TAMS 0x0000000080b00000, 0x0000000080a00000| Untracked 
|  11|0x0000000080b00000, 0x0000000080c00000, 0x0000000080c00000|100%| O|  |TAMS 0x0000000080c00000, 0x0000000080b00000| Untracked 
|  12|0x0000000080c00000, 0x0000000080d00000, 0x0000000080d00000|100%| O|  |TAMS 0x0000000080d00000, 0x0000000080c00000| Untracked 
|  13|0x0000000080d00000, 0x0000000080e00000, 0x0000000080e00000|100%| O|  |TAMS 0x0000000080e00000, 0x0000000080d00000| Untracked 
|  14|0x0000000080e00000, 0x0000000080f00000, 0x0000000080f00000|100%| O|  |TAMS 0x0000000080f00000, 0x0000000080e00000| Untracked 
|  15|0x0000000080f00000, 0x0000000081000000, 0x0000000081000000|100%| O|  |TAMS 0x0000000080f00000, 0x0000000080f00000| Untracked 
|  16|0x0000000081000000, 0x0000000081100000, 0x0000000081100000|100%|HS|  |TAMS 0x0000000081100000, 0x0000000081000000| Complete 
|  17|0x0000000081100000, 0x0000000081200000, 0x0000000081200000|100%|HS|  |TAMS 0x0000000081200000, 0x0000000081100000| Complete 
|  18|0x0000000081200000, 0x0000000081300000, 0x0000000081300000|100%| O|  |TAMS 0x0000000081300000, 0x0000000081200000| Untracked 
|  19|0x0000000081300000, 0x0000000081400000, 0x0000000081400000|100%| O|  |TAMS 0x0000000081300000, 0x0000000081300000| Untracked 
|  20|0x0000000081400000, 0x0000000081500000, 0x0000000081500000|100%|HS|  |TAMS 0x0000000081500000, 0x0000000081400000| Complete 
|  21|0x0000000081500000, 0x0000000081600000, 0x0000000081600000|100%|HC|  |TAMS 0x0000000081600000, 0x0000000081500000| Complete 
|  22|0x0000000081600000, 0x0000000081700000, 0x0000000081700000|100%| O|  |TAMS 0x0000000081700000, 0x0000000081600000| Untracked 
|  23|0x0000000081700000, 0x0000000081800000, 0x0000000081800000|100%| O|  |TAMS 0x0000000081800000, 0x0000000081700000| Untracked 
|  24|0x0000000081800000, 0x0000000081900000, 0x0000000081900000|100%| O|  |TAMS 0x0000000081900000, 0x0000000081800000| Untracked 
|  25|0x0000000081900000, 0x0000000081a00000, 0x0000000081a00000|100%| O|  |TAMS 0x0000000081a00000, 0x0000000081900000| Untracked 
|  26|0x0000000081a00000, 0x0000000081b00000, 0x0000000081b00000|100%| O|  |TAMS 0x0000000081b00000, 0x0000000081a00000| Untracked 
|  27|0x0000000081b00000, 0x0000000081c00000, 0x0000000081c00000|100%| O|  |TAMS 0x0000000081c00000, 0x0000000081b00000| Untracked 
|  28|0x0000000081c00000, 0x0000000081d00000, 0x0000000081d00000|100%| O|  |TAMS 0x0000000081d00000, 0x0000000081c00000| Untracked 
|  29|0x0000000081d00000, 0x0000000081e00000, 0x0000000081e00000|100%| O|  |TAMS 0x0000000081d00000, 0x0000000081d00000| Untracked 
|  30|0x0000000081e00000, 0x0000000081f00000, 0x0000000081f00000|100%| O|  |TAMS 0x0000000081e00000, 0x0000000081e00000| Untracked 
|  31|0x0000000081f00000, 0x0000000082000000, 0x0000000082000000|100%| O|  |TAMS 0x0000000081f00000, 0x0000000081f00000| Untracked 
|  32|0x0000000082000000, 0x0000000082100000, 0x0000000082100000|100%| O|  |TAMS 0x0000000082000000, 0x0000000082000000| Untracked 
|  33|0x0000000082100000, 0x0000000082200000, 0x0000000082200000|100%| O|  |TAMS 0x0000000082100000, 0x0000000082100000| Untracked 
|  34|0x0000000082200000, 0x0000000082300000, 0x0000000082300000|100%| O|  |TAMS 0x0000000082200000, 0x0000000082200000| Untracked 
|  35|0x0000000082300000, 0x0000000082400000, 0x0000000082400000|100%| O|  |TAMS 0x0000000082400000, 0x0000000082300000| Untracked 
|  36|0x0000000082400000, 0x0000000082500000, 0x0000000082500000|100%| O|  |TAMS 0x0000000082500000, 0x0000000082400000| Untracked 
|  37|0x0000000082500000, 0x0000000082600000, 0x0000000082600000|100%| O|  |TAMS 0x0000000082600000, 0x0000000082500000| Untracked 
|  38|0x0000000082600000, 0x0000000082700000, 0x0000000082700000|100%| O|  |TAMS 0x0000000082700000, 0x0000000082600000| Untracked 
|  39|0x0000000082700000, 0x0000000082800000, 0x0000000082800000|100%| O|  |TAMS 0x0000000082800000, 0x0000000082700000| Untracked 
|  40|0x0000000082800000, 0x0000000082900000, 0x0000000082900000|100%| O|  |TAMS 0x0000000082900000, 0x0000000082800000| Untracked 
|  41|0x0000000082900000, 0x0000000082a00000, 0x0000000082a00000|100%| O|  |TAMS 0x0000000082a00000, 0x0000000082900000| Untracked 
|  42|0x0000000082a00000, 0x0000000082b00000, 0x0000000082b00000|100%| O|  |TAMS 0x0000000082b00000, 0x0000000082a00000| Untracked 
|  43|0x0000000082b00000, 0x0000000082c00000, 0x0000000082c00000|100%| O|  |TAMS 0x0000000082c00000, 0x0000000082b00000| Untracked 
|  44|0x0000000082c00000, 0x0000000082d00000, 0x0000000082d00000|100%| O|  |TAMS 0x0000000082d00000, 0x0000000082c00000| Untracked 
|  45|0x0000000082d00000, 0x0000000082e00000, 0x0000000082e00000|100%| O|  |TAMS 0x0000000082e00000, 0x0000000082d00000| Untracked 
|  46|0x0000000082e00000, 0x0000000082f00000, 0x0000000082f00000|100%| O|  |TAMS 0x0000000082f00000, 0x0000000082e00000| Untracked 
|  47|0x0000000082f00000, 0x0000000083000000, 0x0000000083000000|100%| O|  |TAMS 0x0000000083000000, 0x0000000082f00000| Untracked 
|  48|0x0000000083000000, 0x0000000083100000, 0x0000000083100000|100%| O|  |TAMS 0x0000000083100000, 0x0000000083000000| Untracked 
|  49|0x0000000083100000, 0x0000000083200000, 0x0000000083200000|100%| O|  |TAMS 0x0000000083200000, 0x0000000083100000| Untracked 
|  50|0x0000000083200000, 0x0000000083300000, 0x0000000083300000|100%| O|  |TAMS 0x0000000083300000, 0x0000000083200000| Untracked 
|  51|0x0000000083300000, 0x0000000083400000, 0x0000000083400000|100%| O|  |TAMS 0x0000000083400000, 0x0000000083300000| Untracked 
|  52|0x0000000083400000, 0x0000000083500000, 0x0000000083500000|100%| O|  |TAMS 0x00000000834b5a00, 0x0000000083400000| Untracked 
|  53|0x0000000083500000, 0x0000000083600000, 0x0000000083600000|100%| O|  |TAMS 0x0000000083500000, 0x0000000083500000| Untracked 
|  54|0x0000000083600000, 0x0000000083600000, 0x0000000083700000|  0%| F|  |TAMS 0x0000000083600000, 0x0000000083600000| Untracked 
|  55|0x0000000083700000, 0x0000000083700000, 0x0000000083800000|  0%| F|  |TAMS 0x0000000083700000, 0x0000000083700000| Untracked 
|  56|0x0000000083800000, 0x0000000083800000, 0x0000000083900000|  0%| F|  |TAMS 0x0000000083800000, 0x0000000083800000| Untracked 
|  57|0x0000000083900000, 0x0000000083900000, 0x0000000083a00000|  0%| F|  |TAMS 0x0000000083900000, 0x0000000083900000| Untracked 
|  58|0x0000000083a00000, 0x0000000083a00000, 0x0000000083b00000|  0%| F|  |TAMS 0x0000000083a00000, 0x0000000083a00000| Untracked 
|  59|0x0000000083b00000, 0x0000000083b00000, 0x0000000083c00000|  0%| F|  |TAMS 0x0000000083b00000, 0x0000000083b00000| Untracked 
|  60|0x0000000083c00000, 0x0000000083c00000, 0x0000000083d00000|  0%| F|  |TAMS 0x0000000083c00000, 0x0000000083c00000| Untracked 
|  61|0x0000000083d00000, 0x0000000083d00000, 0x0000000083e00000|  0%| F|  |TAMS 0x0000000083d00000, 0x0000000083d00000| Untracked 
|  62|0x0000000083e00000, 0x0000000083e00000, 0x0000000083f00000|  0%| F|  |TAMS 0x0000000083e00000, 0x0000000083e00000| Untracked 
|  63|0x0000000083f00000, 0x0000000083f00000, 0x0000000084000000|  0%| F|  |TAMS 0x0000000083f00000, 0x0000000083f00000| Untracked 
|  64|0x0000000084000000, 0x0000000084000000, 0x0000000084100000|  0%| F|  |TAMS 0x0000000084000000, 0x0000000084000000| Untracked 
|  65|0x0000000084100000, 0x0000000084100000, 0x0000000084200000|  0%| F|  |TAMS 0x0000000084100000, 0x0000000084100000| Untracked 
|  66|0x0000000084200000, 0x0000000084200000, 0x0000000084300000|  0%| F|  |TAMS 0x0000000084200000, 0x0000000084200000| Untracked 
|  67|0x0000000084300000, 0x0000000084300000, 0x0000000084400000|  0%| F|  |TAMS 0x0000000084300000, 0x0000000084300000| Untracked 
|  68|0x0000000084400000, 0x0000000084400000, 0x0000000084500000|  0%| F|  |TAMS 0x0000000084400000, 0x0000000084400000| Untracked 
|  69|0x0000000084500000, 0x0000000084500000, 0x0000000084600000|  0%| F|  |TAMS 0x0000000084500000, 0x0000000084500000| Untracked 
|  70|0x0000000084600000, 0x0000000084600000, 0x0000000084700000|  0%| F|  |TAMS 0x0000000084600000, 0x0000000084600000| Untracked 
|  71|0x0000000084700000, 0x0000000084700000, 0x0000000084800000|  0%| F|  |TAMS 0x0000000084700000, 0x0000000084700000| Untracked 
|  72|0x0000000084800000, 0x0000000084800000, 0x0000000084900000|  0%| F|  |TAMS 0x0000000084800000, 0x0000000084800000| Untracked 
|  73|0x0000000084900000, 0x0000000084900000, 0x0000000084a00000|  0%| F|  |TAMS 0x0000000084900000, 0x0000000084900000| Untracked 
|  74|0x0000000084a00000, 0x0000000084a00000, 0x0000000084b00000|  0%| F|  |TAMS 0x0000000084a00000, 0x0000000084a00000| Untracked 
|  75|0x0000000084b00000, 0x0000000084b00000, 0x0000000084c00000|  0%| F|  |TAMS 0x0000000084b00000, 0x0000000084b00000| Untracked 
|  76|0x0000000084c00000, 0x0000000084c00000, 0x0000000084d00000|  0%| F|  |TAMS 0x0000000084c00000, 0x0000000084c00000| Untracked 
|  77|0x0000000084d00000, 0x0000000084d00000, 0x0000000084e00000|  0%| F|  |TAMS 0x0000000084d00000, 0x0000000084d00000| Untracked 
|  78|0x0000000084e00000, 0x0000000084e00000, 0x0000000084f00000|  0%| F|  |TAMS 0x0000000084e00000, 0x0000000084e00000| Untracked 
|  79|0x0000000084f00000, 0x0000000084f00000, 0x0000000085000000|  0%| F|  |TAMS 0x0000000084f00000, 0x0000000084f00000| Untracked 
|  80|0x0000000085000000, 0x0000000085000000, 0x0000000085100000|  0%| F|  |TAMS 0x0000000085000000, 0x0000000085000000| Untracked 
|  81|0x0000000085100000, 0x0000000085100000, 0x0000000085200000|  0%| F|  |TAMS 0x0000000085100000, 0x0000000085100000| Untracked 
|  82|0x0000000085200000, 0x0000000085200000, 0x0000000085300000|  0%| F|  |TAMS 0x0000000085200000, 0x0000000085200000| Untracked 
|  83|0x0000000085300000, 0x0000000085300000, 0x0000000085400000|  0%| F|  |TAMS 0x0000000085300000, 0x0000000085300000| Untracked 
|  84|0x0000000085400000, 0x0000000085400000, 0x0000000085500000|  0%| F|  |TAMS 0x0000000085400000, 0x0000000085400000| Untracked 
|  85|0x0000000085500000, 0x0000000085500000, 0x0000000085600000|  0%| F|  |TAMS 0x0000000085500000, 0x0000000085500000| Untracked 
|  86|0x0000000085600000, 0x0000000085600000, 0x0000000085700000|  0%| F|  |TAMS 0x0000000085600000, 0x0000000085600000| Untracked 
|  87|0x0000000085700000, 0x0000000085700000, 0x0000000085800000|  0%| F|  |TAMS 0x0000000085700000, 0x0000000085700000| Untracked 
|  88|0x0000000085800000, 0x0000000085800000, 0x0000000085900000|  0%| F|  |TAMS 0x0000000085800000, 0x0000000085800000| Untracked 
|  89|0x0000000085900000, 0x0000000085900000, 0x0000000085a00000|  0%| F|  |TAMS 0x0000000085900000, 0x0000000085900000| Untracked 
|  90|0x0000000085a00000, 0x0000000085a00000, 0x0000000085b00000|  0%| F|  |TAMS 0x0000000085a00000, 0x0000000085a00000| Untracked 
|  91|0x0000000085b00000, 0x0000000085b00000, 0x0000000085c00000|  0%| F|  |TAMS 0x0000000085b00000, 0x0000000085b00000| Untracked 
|  92|0x0000000085c00000, 0x0000000085c00000, 0x0000000085d00000|  0%| F|  |TAMS 0x0000000085c00000, 0x0000000085c00000| Untracked 
|  93|0x0000000085d00000, 0x0000000085d00000, 0x0000000085e00000|  0%| F|  |TAMS 0x0000000085d00000, 0x0000000085d00000| Untracked 
|  94|0x0000000085e00000, 0x0000000085e00000, 0x0000000085f00000|  0%| F|  |TAMS 0x0000000085e00000, 0x0000000085e00000| Untracked 
|  95|0x0000000085f00000, 0x0000000085f00000, 0x0000000086000000|  0%| F|  |TAMS 0x0000000085f00000, 0x0000000085f00000| Untracked 
|  96|0x0000000086000000, 0x0000000086000000, 0x0000000086100000|  0%| F|  |TAMS 0x0000000086000000, 0x0000000086000000| Untracked 
|  97|0x0000000086100000, 0x0000000086100000, 0x0000000086200000|  0%| F|  |TAMS 0x0000000086100000, 0x0000000086100000| Untracked 
|  98|0x0000000086200000, 0x0000000086200000, 0x0000000086300000|  0%| F|  |TAMS 0x0000000086200000, 0x0000000086200000| Untracked 
|  99|0x0000000086300000, 0x0000000086300000, 0x0000000086400000|  0%| F|  |TAMS 0x0000000086300000, 0x0000000086300000| Untracked 
| 100|0x0000000086400000, 0x0000000086400000, 0x0000000086500000|  0%| F|  |TAMS 0x0000000086400000, 0x0000000086400000| Untracked 
| 101|0x0000000086500000, 0x0000000086500000, 0x0000000086600000|  0%| F|  |TAMS 0x0000000086500000, 0x0000000086500000| Untracked 
| 102|0x0000000086600000, 0x0000000086600000, 0x0000000086700000|  0%| F|  |TAMS 0x0000000086600000, 0x0000000086600000| Untracked 
| 103|0x0000000086700000, 0x0000000086700000, 0x0000000086800000|  0%| F|  |TAMS 0x0000000086700000, 0x0000000086700000| Untracked 
| 104|0x0000000086800000, 0x0000000086800000, 0x0000000086900000|  0%| F|  |TAMS 0x0000000086800000, 0x0000000086800000| Untracked 
| 105|0x0000000086900000, 0x0000000086900000, 0x0000000086a00000|  0%| F|  |TAMS 0x0000000086900000, 0x0000000086900000| Untracked 
| 106|0x0000000086a00000, 0x0000000086a00000, 0x0000000086b00000|  0%| F|  |TAMS 0x0000000086a00000, 0x0000000086a00000| Untracked 
| 107|0x0000000086b00000, 0x0000000086b00000, 0x0000000086c00000|  0%| F|  |TAMS 0x0000000086b00000, 0x0000000086b00000| Untracked 
| 108|0x0000000086c00000, 0x0000000086c00000, 0x0000000086d00000|  0%| F|  |TAMS 0x0000000086c00000, 0x0000000086c00000| Untracked 
| 109|0x0000000086d00000, 0x0000000086d00000, 0x0000000086e00000|  0%| F|  |TAMS 0x0000000086d00000, 0x0000000086d00000| Untracked 
| 110|0x0000000086e00000, 0x0000000086e00000, 0x0000000086f00000|  0%| F|  |TAMS 0x0000000086e00000, 0x0000000086e00000| Untracked 
| 111|0x0000000086f00000, 0x0000000086f00000, 0x0000000087000000|  0%| F|  |TAMS 0x0000000086f00000, 0x0000000086f00000| Untracked 
| 112|0x0000000087000000, 0x0000000087000000, 0x0000000087100000|  0%| F|  |TAMS 0x0000000087000000, 0x0000000087000000| Untracked 
| 113|0x0000000087100000, 0x0000000087100000, 0x0000000087200000|  0%| F|  |TAMS 0x0000000087100000, 0x0000000087100000| Untracked 
| 114|0x0000000087200000, 0x0000000087200000, 0x0000000087300000|  0%| F|  |TAMS 0x0000000087200000, 0x0000000087200000| Untracked 
| 115|0x0000000087300000, 0x0000000087300000, 0x0000000087400000|  0%| F|  |TAMS 0x0000000087300000, 0x0000000087300000| Untracked 
| 116|0x0000000087400000, 0x0000000087400000, 0x0000000087500000|  0%| F|  |TAMS 0x0000000087400000, 0x0000000087400000| Untracked 
| 117|0x0000000087500000, 0x0000000087500000, 0x0000000087600000|  0%| F|  |TAMS 0x0000000087500000, 0x0000000087500000| Untracked 
| 118|0x0000000087600000, 0x0000000087600000, 0x0000000087700000|  0%| F|  |TAMS 0x0000000087600000, 0x0000000087600000| Untracked 
| 119|0x0000000087700000, 0x0000000087700000, 0x0000000087800000|  0%| F|  |TAMS 0x0000000087700000, 0x0000000087700000| Untracked 
| 120|0x0000000087800000, 0x0000000087800000, 0x0000000087900000|  0%| F|  |TAMS 0x0000000087800000, 0x0000000087800000| Untracked 
| 121|0x0000000087900000, 0x0000000087900000, 0x0000000087a00000|  0%| F|  |TAMS 0x0000000087900000, 0x0000000087900000| Untracked 
| 122|0x0000000087a00000, 0x0000000087a00000, 0x0000000087b00000|  0%| F|  |TAMS 0x0000000087a00000, 0x0000000087a00000| Untracked 
| 123|0x0000000087b00000, 0x0000000087b00000, 0x0000000087c00000|  0%| F|  |TAMS 0x0000000087b00000, 0x0000000087b00000| Untracked 
| 124|0x0000000087c00000, 0x0000000087c00000, 0x0000000087d00000|  0%| F|  |TAMS 0x0000000087c00000, 0x0000000087c00000| Untracked 
| 125|0x0000000087d00000, 0x0000000087d00000, 0x0000000087e00000|  0%| F|  |TAMS 0x0000000087d00000, 0x0000000087d00000| Untracked 
| 126|0x0000000087e00000, 0x0000000087e00000, 0x0000000087f00000|  0%| F|  |TAMS 0x0000000087e00000, 0x0000000087e00000| Untracked 
| 127|0x0000000087f00000, 0x0000000087f00000, 0x0000000088000000|  0%| F|  |TAMS 0x0000000087f00000, 0x0000000087f00000| Untracked 
| 128|0x0000000088000000, 0x0000000088000000, 0x0000000088100000|  0%| F|  |TAMS 0x0000000088000000, 0x0000000088000000| Untracked 
| 129|0x0000000088100000, 0x0000000088100000, 0x0000000088200000|  0%| F|  |TAMS 0x0000000088100000, 0x0000000088100000| Untracked 
| 130|0x0000000088200000, 0x0000000088200000, 0x0000000088300000|  0%| F|  |TAMS 0x0000000088200000, 0x0000000088200000| Untracked 
| 131|0x0000000088300000, 0x0000000088300000, 0x0000000088400000|  0%| F|  |TAMS 0x0000000088300000, 0x0000000088300000| Untracked 
| 132|0x0000000088400000, 0x0000000088400000, 0x0000000088500000|  0%| F|  |TAMS 0x0000000088400000, 0x0000000088400000| Untracked 
| 133|0x0000000088500000, 0x0000000088500000, 0x0000000088600000|  0%| F|  |TAMS 0x0000000088500000, 0x0000000088500000| Untracked 
| 134|0x0000000088600000, 0x0000000088700000, 0x0000000088700000|100%| S|CS|TAMS 0x0000000088600000, 0x0000000088600000| Complete 
| 135|0x0000000088700000, 0x0000000088800000, 0x0000000088800000|100%| S|CS|TAMS 0x0000000088700000, 0x0000000088700000| Complete 
| 136|0x0000000088800000, 0x0000000088900000, 0x0000000088900000|100%| S|CS|TAMS 0x0000000088800000, 0x0000000088800000| Complete 
| 137|0x0000000088900000, 0x0000000088a00000, 0x0000000088a00000|100%| S|CS|TAMS 0x0000000088900000, 0x0000000088900000| Complete 
| 138|0x0000000088a00000, 0x0000000088b00000, 0x0000000088b00000|100%| S|CS|TAMS 0x0000000088a00000, 0x0000000088a00000| Complete 
| 139|0x0000000088b00000, 0x0000000088c00000, 0x0000000088c00000|100%| S|CS|TAMS 0x0000000088b00000, 0x0000000088b00000| Complete 
| 140|0x0000000088c00000, 0x0000000088d00000, 0x0000000088d00000|100%| S|CS|TAMS 0x0000000088c00000, 0x0000000088c00000| Complete 
| 141|0x0000000088d00000, 0x0000000088e00000, 0x0000000088e00000|100%| S|CS|TAMS 0x0000000088d00000, 0x0000000088d00000| Complete 
| 142|0x0000000088e00000, 0x0000000088f00000, 0x0000000088f00000|100%| S|CS|TAMS 0x0000000088e00000, 0x0000000088e00000| Complete 
| 143|0x0000000088f00000, 0x0000000089000000, 0x0000000089000000|100%| S|CS|TAMS 0x0000000088f00000, 0x0000000088f00000| Complete 
| 144|0x0000000089000000, 0x0000000089100000, 0x0000000089100000|100%| S|CS|TAMS 0x0000000089000000, 0x0000000089000000| Complete 
| 145|0x0000000089100000, 0x0000000089200000, 0x0000000089200000|100%| S|CS|TAMS 0x0000000089100000, 0x0000000089100000| Complete 
| 146|0x0000000089200000, 0x0000000089300000, 0x0000000089300000|100%| S|CS|TAMS 0x0000000089200000, 0x0000000089200000| Complete 
| 147|0x0000000089300000, 0x0000000089400000, 0x0000000089400000|100%| S|CS|TAMS 0x0000000089300000, 0x0000000089300000| Complete 
| 148|0x0000000089400000, 0x0000000089500000, 0x0000000089500000|100%| S|CS|TAMS 0x0000000089400000, 0x0000000089400000| Complete 
| 149|0x0000000089500000, 0x0000000089600000, 0x0000000089600000|100%| S|CS|TAMS 0x0000000089500000, 0x0000000089500000| Complete 
| 150|0x0000000089600000, 0x0000000089700000, 0x0000000089700000|100%| S|CS|TAMS 0x0000000089600000, 0x0000000089600000| Complete 
| 151|0x0000000089700000, 0x0000000089700000, 0x0000000089800000|  0%| F|  |TAMS 0x0000000089700000, 0x0000000089700000| Untracked 
| 152|0x0000000089800000, 0x0000000089800000, 0x0000000089900000|  0%| F|  |TAMS 0x0000000089800000, 0x0000000089800000| Untracked 
| 153|0x0000000089900000, 0x0000000089900000, 0x0000000089a00000|  0%| F|  |TAMS 0x0000000089900000, 0x0000000089900000| Untracked 
| 154|0x0000000089a00000, 0x0000000089a00000, 0x0000000089b00000|  0%| F|  |TAMS 0x0000000089a00000, 0x0000000089a00000| Untracked 
| 155|0x0000000089b00000, 0x0000000089b00000, 0x0000000089c00000|  0%| F|  |TAMS 0x0000000089b00000, 0x0000000089b00000| Untracked 
| 156|0x0000000089c00000, 0x0000000089c00000, 0x0000000089d00000|  0%| F|  |TAMS 0x0000000089c00000, 0x0000000089c00000| Untracked 
| 157|0x0000000089d00000, 0x0000000089d00000, 0x0000000089e00000|  0%| F|  |TAMS 0x0000000089d00000, 0x0000000089d00000| Untracked 
| 158|0x0000000089e00000, 0x0000000089e00000, 0x0000000089f00000|  0%| F|  |TAMS 0x0000000089e00000, 0x0000000089e00000| Untracked 
| 159|0x0000000089f00000, 0x0000000089f00000, 0x000000008a000000|  0%| F|  |TAMS 0x0000000089f00000, 0x0000000089f00000| Untracked 
| 160|0x000000008a000000, 0x000000008a000000, 0x000000008a100000|  0%| F|  |TAMS 0x000000008a000000, 0x000000008a000000| Untracked 
| 161|0x000000008a100000, 0x000000008a100000, 0x000000008a200000|  0%| F|  |TAMS 0x000000008a100000, 0x000000008a100000| Untracked 
| 162|0x000000008a200000, 0x000000008a200000, 0x000000008a300000|  0%| F|  |TAMS 0x000000008a200000, 0x000000008a200000| Untracked 
| 163|0x000000008a300000, 0x000000008a300000, 0x000000008a400000|  0%| F|  |TAMS 0x000000008a300000, 0x000000008a300000| Untracked 
| 164|0x000000008a400000, 0x000000008a400000, 0x000000008a500000|  0%| F|  |TAMS 0x000000008a400000, 0x000000008a400000| Untracked 
| 165|0x000000008a500000, 0x000000008a500000, 0x000000008a600000|  0%| F|  |TAMS 0x000000008a500000, 0x000000008a500000| Untracked 
| 166|0x000000008a600000, 0x000000008a600000, 0x000000008a700000|  0%| F|  |TAMS 0x000000008a600000, 0x000000008a600000| Untracked 
| 167|0x000000008a700000, 0x000000008a700000, 0x000000008a800000|  0%| F|  |TAMS 0x000000008a700000, 0x000000008a700000| Untracked 
| 168|0x000000008a800000, 0x000000008a800000, 0x000000008a900000|  0%| F|  |TAMS 0x000000008a800000, 0x000000008a800000| Untracked 
| 169|0x000000008a900000, 0x000000008a900000, 0x000000008aa00000|  0%| F|  |TAMS 0x000000008a900000, 0x000000008a900000| Untracked 
| 170|0x000000008aa00000, 0x000000008aa00000, 0x000000008ab00000|  0%| F|  |TAMS 0x000000008aa00000, 0x000000008aa00000| Untracked 
| 171|0x000000008ab00000, 0x000000008ab00000, 0x000000008ac00000|  0%| F|  |TAMS 0x000000008ab00000, 0x000000008ab00000| Untracked 
| 172|0x000000008ac00000, 0x000000008ac00000, 0x000000008ad00000|  0%| F|  |TAMS 0x000000008ac00000, 0x000000008ac00000| Untracked 
| 173|0x000000008ad00000, 0x000000008ad00000, 0x000000008ae00000|  0%| F|  |TAMS 0x000000008ad00000, 0x000000008ad00000| Untracked 
| 174|0x000000008ae00000, 0x000000008ae00000, 0x000000008af00000|  0%| F|  |TAMS 0x000000008ae00000, 0x000000008ae00000| Untracked 
| 175|0x000000008af00000, 0x000000008af00000, 0x000000008b000000|  0%| F|  |TAMS 0x000000008af00000, 0x000000008af00000| Untracked 
| 176|0x000000008b000000, 0x000000008b000000, 0x000000008b100000|  0%| F|  |TAMS 0x000000008b000000, 0x000000008b000000| Untracked 
| 177|0x000000008b100000, 0x000000008b100000, 0x000000008b200000|  0%| F|  |TAMS 0x000000008b100000, 0x000000008b100000| Untracked 
| 178|0x000000008b200000, 0x000000008b200000, 0x000000008b300000|  0%| F|  |TAMS 0x000000008b200000, 0x000000008b200000| Untracked 
| 179|0x000000008b300000, 0x000000008b300000, 0x000000008b400000|  0%| F|  |TAMS 0x000000008b300000, 0x000000008b300000| Untracked 
| 180|0x000000008b400000, 0x000000008b400000, 0x000000008b500000|  0%| F|  |TAMS 0x000000008b400000, 0x000000008b400000| Untracked 
| 181|0x000000008b500000, 0x000000008b500000, 0x000000008b600000|  0%| F|  |TAMS 0x000000008b500000, 0x000000008b500000| Untracked 
| 182|0x000000008b600000, 0x000000008b600000, 0x000000008b700000|  0%| F|  |TAMS 0x000000008b600000, 0x000000008b600000| Untracked 
| 183|0x000000008b700000, 0x000000008b700000, 0x000000008b800000|  0%| F|  |TAMS 0x000000008b700000, 0x000000008b700000| Untracked 
| 184|0x000000008b800000, 0x000000008b800000, 0x000000008b900000|  0%| F|  |TAMS 0x000000008b800000, 0x000000008b800000| Untracked 
| 185|0x000000008b900000, 0x000000008b900000, 0x000000008ba00000|  0%| F|  |TAMS 0x000000008b900000, 0x000000008b900000| Untracked 
| 186|0x000000008ba00000, 0x000000008ba00000, 0x000000008bb00000|  0%| F|  |TAMS 0x000000008ba00000, 0x000000008ba00000| Untracked 
| 187|0x000000008bb00000, 0x000000008bb00000, 0x000000008bc00000|  0%| F|  |TAMS 0x000000008bb00000, 0x000000008bb00000| Untracked 
| 188|0x000000008bc00000, 0x000000008bc00000, 0x000000008bd00000|  0%| F|  |TAMS 0x000000008bc00000, 0x000000008bc00000| Untracked 
| 189|0x000000008bd00000, 0x000000008bd00000, 0x000000008be00000|  0%| F|  |TAMS 0x000000008bd00000, 0x000000008bd00000| Untracked 
| 190|0x000000008be00000, 0x000000008be00000, 0x000000008bf00000|  0%| F|  |TAMS 0x000000008be00000, 0x000000008be00000| Untracked 
| 191|0x000000008bf00000, 0x000000008bf00000, 0x000000008c000000|  0%| F|  |TAMS 0x000000008bf00000, 0x000000008bf00000| Untracked 
| 192|0x000000008c000000, 0x000000008c000000, 0x000000008c100000|  0%| F|  |TAMS 0x000000008c000000, 0x000000008c000000| Untracked 
| 193|0x000000008c100000, 0x000000008c100000, 0x000000008c200000|  0%| F|  |TAMS 0x000000008c100000, 0x000000008c100000| Untracked 
| 194|0x000000008c200000, 0x000000008c200000, 0x000000008c300000|  0%| F|  |TAMS 0x000000008c200000, 0x000000008c200000| Untracked 
| 195|0x000000008c300000, 0x000000008c300000, 0x000000008c400000|  0%| F|  |TAMS 0x000000008c300000, 0x000000008c300000| Untracked 
| 196|0x000000008c400000, 0x000000008c400000, 0x000000008c500000|  0%| F|  |TAMS 0x000000008c400000, 0x000000008c400000| Untracked 
| 197|0x000000008c500000, 0x000000008c500000, 0x000000008c600000|  0%| F|  |TAMS 0x000000008c500000, 0x000000008c500000| Untracked 
| 198|0x000000008c600000, 0x000000008c600000, 0x000000008c700000|  0%| F|  |TAMS 0x000000008c600000, 0x000000008c600000| Untracked 
| 199|0x000000008c700000, 0x000000008c700000, 0x000000008c800000|  0%| F|  |TAMS 0x000000008c700000, 0x000000008c700000| Untracked 
| 200|0x000000008c800000, 0x000000008c800000, 0x000000008c900000|  0%| F|  |TAMS 0x000000008c800000, 0x000000008c800000| Untracked 
| 201|0x000000008c900000, 0x000000008c900000, 0x000000008ca00000|  0%| F|  |TAMS 0x000000008c900000, 0x000000008c900000| Untracked 
| 202|0x000000008ca00000, 0x000000008ca00000, 0x000000008cb00000|  0%| F|  |TAMS 0x000000008ca00000, 0x000000008ca00000| Untracked 
| 203|0x000000008cb00000, 0x000000008cb00000, 0x000000008cc00000|  0%| F|  |TAMS 0x000000008cb00000, 0x000000008cb00000| Untracked 
| 204|0x000000008cc00000, 0x000000008cc00000, 0x000000008cd00000|  0%| F|  |TAMS 0x000000008cc00000, 0x000000008cc00000| Untracked 
| 205|0x000000008cd00000, 0x000000008cd00000, 0x000000008ce00000|  0%| F|  |TAMS 0x000000008cd00000, 0x000000008cd00000| Untracked 
| 206|0x000000008ce00000, 0x000000008ce00000, 0x000000008cf00000|  0%| F|  |TAMS 0x000000008ce00000, 0x000000008ce00000| Untracked 
| 207|0x000000008cf00000, 0x000000008cf00000, 0x000000008d000000|  0%| F|  |TAMS 0x000000008cf00000, 0x000000008cf00000| Untracked 
| 208|0x000000008d000000, 0x000000008d000000, 0x000000008d100000|  0%| F|  |TAMS 0x000000008d000000, 0x000000008d000000| Untracked 
| 209|0x000000008d100000, 0x000000008d100000, 0x000000008d200000|  0%| F|  |TAMS 0x000000008d100000, 0x000000008d100000| Untracked 
| 210|0x000000008d200000, 0x000000008d200000, 0x000000008d300000|  0%| F|  |TAMS 0x000000008d200000, 0x000000008d200000| Untracked 
| 211|0x000000008d300000, 0x000000008d300000, 0x000000008d400000|  0%| F|  |TAMS 0x000000008d300000, 0x000000008d300000| Untracked 
| 212|0x000000008d400000, 0x000000008d400000, 0x000000008d500000|  0%| F|  |TAMS 0x000000008d400000, 0x000000008d400000| Untracked 
| 213|0x000000008d500000, 0x000000008d500000, 0x000000008d600000|  0%| F|  |TAMS 0x000000008d500000, 0x000000008d500000| Untracked 
| 214|0x000000008d600000, 0x000000008d600000, 0x000000008d700000|  0%| F|  |TAMS 0x000000008d600000, 0x000000008d600000| Untracked 
| 215|0x000000008d700000, 0x000000008d700000, 0x000000008d800000|  0%| F|  |TAMS 0x000000008d700000, 0x000000008d700000| Untracked 
| 216|0x000000008d800000, 0x000000008d800000, 0x000000008d900000|  0%| F|  |TAMS 0x000000008d800000, 0x000000008d800000| Untracked 
| 217|0x000000008d900000, 0x000000008d900000, 0x000000008da00000|  0%| F|  |TAMS 0x000000008d900000, 0x000000008d900000| Untracked 
| 218|0x000000008da00000, 0x000000008da00000, 0x000000008db00000|  0%| F|  |TAMS 0x000000008da00000, 0x000000008da00000| Untracked 
| 219|0x000000008db00000, 0x000000008db00000, 0x000000008dc00000|  0%| F|  |TAMS 0x000000008db00000, 0x000000008db00000| Untracked 
| 220|0x000000008dc00000, 0x000000008dc00000, 0x000000008dd00000|  0%| F|  |TAMS 0x000000008dc00000, 0x000000008dc00000| Untracked 
| 221|0x000000008dd00000, 0x000000008dd00000, 0x000000008de00000|  0%| F|  |TAMS 0x000000008dd00000, 0x000000008dd00000| Untracked 
| 222|0x000000008de00000, 0x000000008de00000, 0x000000008df00000|  0%| F|  |TAMS 0x000000008de00000, 0x000000008de00000| Untracked 
| 223|0x000000008df00000, 0x000000008df00000, 0x000000008e000000|  0%| F|  |TAMS 0x000000008df00000, 0x000000008df00000| Untracked 
| 224|0x000000008e000000, 0x000000008e000000, 0x000000008e100000|  0%| F|  |TAMS 0x000000008e000000, 0x000000008e000000| Untracked 
| 225|0x000000008e100000, 0x000000008e100000, 0x000000008e200000|  0%| F|  |TAMS 0x000000008e100000, 0x000000008e100000| Untracked 
| 226|0x000000008e200000, 0x000000008e200000, 0x000000008e300000|  0%| F|  |TAMS 0x000000008e200000, 0x000000008e200000| Untracked 
| 227|0x000000008e300000, 0x000000008e300000, 0x000000008e400000|  0%| F|  |TAMS 0x000000008e300000, 0x000000008e300000| Untracked 
| 228|0x000000008e400000, 0x000000008e400000, 0x000000008e500000|  0%| F|  |TAMS 0x000000008e400000, 0x000000008e400000| Untracked 
| 229|0x000000008e500000, 0x000000008e500000, 0x000000008e600000|  0%| F|  |TAMS 0x000000008e500000, 0x000000008e500000| Untracked 
| 230|0x000000008e600000, 0x000000008e600000, 0x000000008e700000|  0%| F|  |TAMS 0x000000008e600000, 0x000000008e600000| Untracked 
| 231|0x000000008e700000, 0x000000008e700000, 0x000000008e800000|  0%| F|  |TAMS 0x000000008e700000, 0x000000008e700000| Untracked 
| 232|0x000000008e800000, 0x000000008e800000, 0x000000008e900000|  0%| F|  |TAMS 0x000000008e800000, 0x000000008e800000| Untracked 
| 233|0x000000008e900000, 0x000000008e900000, 0x000000008ea00000|  0%| F|  |TAMS 0x000000008e900000, 0x000000008e900000| Untracked 
| 234|0x000000008ea00000, 0x000000008ea00000, 0x000000008eb00000|  0%| F|  |TAMS 0x000000008ea00000, 0x000000008ea00000| Untracked 
| 235|0x000000008eb00000, 0x000000008eb00000, 0x000000008ec00000|  0%| F|  |TAMS 0x000000008eb00000, 0x000000008eb00000| Untracked 
| 236|0x000000008ec00000, 0x000000008ed00000, 0x000000008ed00000|100%| E|  |TAMS 0x000000008ec00000, 0x000000008ec00000| Complete 
| 237|0x000000008ed00000, 0x000000008ee00000, 0x000000008ee00000|100%| E|CS|TAMS 0x000000008ed00000, 0x000000008ed00000| Complete 
| 238|0x000000008ee00000, 0x000000008ef00000, 0x000000008ef00000|100%| E|CS|TAMS 0x000000008ee00000, 0x000000008ee00000| Complete 
| 239|0x000000008ef00000, 0x000000008f000000, 0x000000008f000000|100%| E|CS|TAMS 0x000000008ef00000, 0x000000008ef00000| Complete 
| 240|0x000000008f000000, 0x000000008f100000, 0x000000008f100000|100%| E|CS|TAMS 0x000000008f000000, 0x000000008f000000| Complete 
| 241|0x000000008f100000, 0x000000008f200000, 0x000000008f200000|100%| E|CS|TAMS 0x000000008f100000, 0x000000008f100000| Complete 
| 242|0x000000008f200000, 0x000000008f300000, 0x000000008f300000|100%| E|CS|TAMS 0x000000008f200000, 0x000000008f200000| Complete 
| 243|0x000000008f300000, 0x000000008f400000, 0x000000008f400000|100%| E|CS|TAMS 0x000000008f300000, 0x000000008f300000| Complete 
| 244|0x000000008f400000, 0x000000008f500000, 0x000000008f500000|100%| E|CS|TAMS 0x000000008f400000, 0x000000008f400000| Complete 
| 245|0x000000008f500000, 0x000000008f600000, 0x000000008f600000|100%| E|CS|TAMS 0x000000008f500000, 0x000000008f500000| Complete 
| 246|0x000000008f600000, 0x000000008f700000, 0x000000008f700000|100%| E|CS|TAMS 0x000000008f600000, 0x000000008f600000| Complete 
| 247|0x000000008f700000, 0x000000008f800000, 0x000000008f800000|100%| E|CS|TAMS 0x000000008f700000, 0x000000008f700000| Complete 
| 248|0x000000008f800000, 0x000000008f900000, 0x000000008f900000|100%| E|CS|TAMS 0x000000008f800000, 0x000000008f800000| Complete 
| 249|0x000000008f900000, 0x000000008fa00000, 0x000000008fa00000|100%| E|CS|TAMS 0x000000008f900000, 0x000000008f900000| Complete 
| 250|0x000000008fa00000, 0x000000008fb00000, 0x000000008fb00000|100%| E|CS|TAMS 0x000000008fa00000, 0x000000008fa00000| Complete 
| 251|0x000000008fb00000, 0x000000008fc00000, 0x000000008fc00000|100%| E|CS|TAMS 0x000000008fb00000, 0x000000008fb00000| Complete 
| 252|0x000000008fc00000, 0x000000008fd00000, 0x000000008fd00000|100%| E|CS|TAMS 0x000000008fc00000, 0x000000008fc00000| Complete 
| 253|0x000000008fd00000, 0x000000008fe00000, 0x000000008fe00000|100%| E|CS|TAMS 0x000000008fd00000, 0x000000008fd00000| Complete 
| 254|0x000000008fe00000, 0x000000008ff00000, 0x000000008ff00000|100%| E|CS|TAMS 0x000000008fe00000, 0x000000008fe00000| Complete 
| 255|0x000000008ff00000, 0x0000000090000000, 0x0000000090000000|100%| E|CS|TAMS 0x000000008ff00000, 0x000000008ff00000| Complete 
| 256|0x0000000090000000, 0x0000000090100000, 0x0000000090100000|100%| E|CS|TAMS 0x0000000090000000, 0x0000000090000000| Complete 
| 257|0x0000000090100000, 0x0000000090200000, 0x0000000090200000|100%| E|CS|TAMS 0x0000000090100000, 0x0000000090100000| Complete 
| 258|0x0000000090200000, 0x0000000090300000, 0x0000000090300000|100%| E|CS|TAMS 0x0000000090200000, 0x0000000090200000| Complete 
| 259|0x0000000090300000, 0x0000000090400000, 0x0000000090400000|100%| E|CS|TAMS 0x0000000090300000, 0x0000000090300000| Complete 
| 260|0x0000000090400000, 0x0000000090500000, 0x0000000090500000|100%| E|CS|TAMS 0x0000000090400000, 0x0000000090400000| Complete 
| 261|0x0000000090500000, 0x0000000090600000, 0x0000000090600000|100%| E|CS|TAMS 0x0000000090500000, 0x0000000090500000| Complete 
| 262|0x0000000090600000, 0x0000000090700000, 0x0000000090700000|100%| E|CS|TAMS 0x0000000090600000, 0x0000000090600000| Complete 
| 263|0x0000000090700000, 0x0000000090800000, 0x0000000090800000|100%| E|CS|TAMS 0x0000000090700000, 0x0000000090700000| Complete 
| 264|0x0000000090800000, 0x0000000090900000, 0x0000000090900000|100%| E|CS|TAMS 0x0000000090800000, 0x0000000090800000| Complete 
| 265|0x0000000090900000, 0x0000000090a00000, 0x0000000090a00000|100%| E|CS|TAMS 0x0000000090900000, 0x0000000090900000| Complete 
| 266|0x0000000090a00000, 0x0000000090b00000, 0x0000000090b00000|100%| E|CS|TAMS 0x0000000090a00000, 0x0000000090a00000| Complete 
| 267|0x0000000090b00000, 0x0000000090c00000, 0x0000000090c00000|100%| E|CS|TAMS 0x0000000090b00000, 0x0000000090b00000| Complete 
| 268|0x0000000090c00000, 0x0000000090d00000, 0x0000000090d00000|100%| E|CS|TAMS 0x0000000090c00000, 0x0000000090c00000| Complete 
| 269|0x0000000090d00000, 0x0000000090e00000, 0x0000000090e00000|100%| E|CS|TAMS 0x0000000090d00000, 0x0000000090d00000| Complete 
| 270|0x0000000090e00000, 0x0000000090f00000, 0x0000000090f00000|100%| E|CS|TAMS 0x0000000090e00000, 0x0000000090e00000| Complete 
| 271|0x0000000090f00000, 0x0000000091000000, 0x0000000091000000|100%| E|CS|TAMS 0x0000000090f00000, 0x0000000090f00000| Complete 
| 272|0x0000000091000000, 0x0000000091100000, 0x0000000091100000|100%| E|CS|TAMS 0x0000000091000000, 0x0000000091000000| Complete 
| 273|0x0000000091100000, 0x0000000091200000, 0x0000000091200000|100%| E|CS|TAMS 0x0000000091100000, 0x0000000091100000| Complete 
| 274|0x0000000091200000, 0x0000000091300000, 0x0000000091300000|100%| E|CS|TAMS 0x0000000091200000, 0x0000000091200000| Complete 
| 275|0x0000000091300000, 0x0000000091400000, 0x0000000091400000|100%| E|CS|TAMS 0x0000000091300000, 0x0000000091300000| Complete 
| 276|0x0000000091400000, 0x0000000091500000, 0x0000000091500000|100%| E|CS|TAMS 0x0000000091400000, 0x0000000091400000| Complete 
| 277|0x0000000091500000, 0x0000000091600000, 0x0000000091600000|100%| E|CS|TAMS 0x0000000091500000, 0x0000000091500000| Complete 
| 278|0x0000000091600000, 0x0000000091700000, 0x0000000091700000|100%| E|CS|TAMS 0x0000000091600000, 0x0000000091600000| Complete 
| 279|0x0000000091700000, 0x0000000091800000, 0x0000000091800000|100%| E|CS|TAMS 0x0000000091700000, 0x0000000091700000| Complete 
| 280|0x0000000091800000, 0x0000000091900000, 0x0000000091900000|100%| E|CS|TAMS 0x0000000091800000, 0x0000000091800000| Complete 
| 281|0x0000000091900000, 0x0000000091a00000, 0x0000000091a00000|100%| E|CS|TAMS 0x0000000091900000, 0x0000000091900000| Complete 
| 282|0x0000000091a00000, 0x0000000091b00000, 0x0000000091b00000|100%| E|CS|TAMS 0x0000000091a00000, 0x0000000091a00000| Complete 
| 283|0x0000000091b00000, 0x0000000091c00000, 0x0000000091c00000|100%| E|CS|TAMS 0x0000000091b00000, 0x0000000091b00000| Complete 
| 284|0x0000000091c00000, 0x0000000091d00000, 0x0000000091d00000|100%| E|CS|TAMS 0x0000000091c00000, 0x0000000091c00000| Complete 
| 285|0x0000000091d00000, 0x0000000091e00000, 0x0000000091e00000|100%| E|CS|TAMS 0x0000000091d00000, 0x0000000091d00000| Complete 
| 286|0x0000000091e00000, 0x0000000091f00000, 0x0000000091f00000|100%| E|CS|TAMS 0x0000000091e00000, 0x0000000091e00000| Complete 
| 287|0x0000000091f00000, 0x0000000092000000, 0x0000000092000000|100%| E|CS|TAMS 0x0000000091f00000, 0x0000000091f00000| Complete 
| 288|0x0000000092000000, 0x0000000092100000, 0x0000000092100000|100%| E|CS|TAMS 0x0000000092000000, 0x0000000092000000| Complete 
| 289|0x0000000092100000, 0x0000000092200000, 0x0000000092200000|100%| E|CS|TAMS 0x0000000092100000, 0x0000000092100000| Complete 
| 290|0x0000000092200000, 0x0000000092300000, 0x0000000092300000|100%| E|CS|TAMS 0x0000000092200000, 0x0000000092200000| Complete 
| 291|0x0000000092300000, 0x0000000092400000, 0x0000000092400000|100%| E|CS|TAMS 0x0000000092300000, 0x0000000092300000| Complete 
| 292|0x0000000092400000, 0x0000000092500000, 0x0000000092500000|100%| E|CS|TAMS 0x0000000092400000, 0x0000000092400000| Complete 
| 293|0x0000000092500000, 0x0000000092600000, 0x0000000092600000|100%| E|CS|TAMS 0x0000000092500000, 0x0000000092500000| Complete 
| 294|0x0000000092600000, 0x0000000092700000, 0x0000000092700000|100%| E|CS|TAMS 0x0000000092600000, 0x0000000092600000| Complete 
| 295|0x0000000092700000, 0x0000000092800000, 0x0000000092800000|100%| E|CS|TAMS 0x0000000092700000, 0x0000000092700000| Complete 
| 296|0x0000000092800000, 0x0000000092900000, 0x0000000092900000|100%| E|CS|TAMS 0x0000000092800000, 0x0000000092800000| Complete 
| 297|0x0000000092900000, 0x0000000092a00000, 0x0000000092a00000|100%| E|CS|TAMS 0x0000000092900000, 0x0000000092900000| Complete 
| 298|0x0000000092a00000, 0x0000000092b00000, 0x0000000092b00000|100%| E|CS|TAMS 0x0000000092a00000, 0x0000000092a00000| Complete 
| 299|0x0000000092b00000, 0x0000000092c00000, 0x0000000092c00000|100%| E|CS|TAMS 0x0000000092b00000, 0x0000000092b00000| Complete 
| 300|0x0000000092c00000, 0x0000000092d00000, 0x0000000092d00000|100%| E|CS|TAMS 0x0000000092c00000, 0x0000000092c00000| Complete 
| 301|0x0000000092d00000, 0x0000000092e00000, 0x0000000092e00000|100%| E|CS|TAMS 0x0000000092d00000, 0x0000000092d00000| Complete 
| 302|0x0000000092e00000, 0x0000000092f00000, 0x0000000092f00000|100%| E|CS|TAMS 0x0000000092e00000, 0x0000000092e00000| Complete 
| 303|0x0000000092f00000, 0x0000000093000000, 0x0000000093000000|100%| E|CS|TAMS 0x0000000092f00000, 0x0000000092f00000| Complete 
| 304|0x0000000093000000, 0x0000000093100000, 0x0000000093100000|100%| E|CS|TAMS 0x0000000093000000, 0x0000000093000000| Complete 
| 305|0x0000000093100000, 0x0000000093200000, 0x0000000093200000|100%| E|CS|TAMS 0x0000000093100000, 0x0000000093100000| Complete 
| 306|0x0000000093200000, 0x0000000093300000, 0x0000000093300000|100%| E|CS|TAMS 0x0000000093200000, 0x0000000093200000| Complete 
| 307|0x0000000093300000, 0x0000000093400000, 0x0000000093400000|100%| E|CS|TAMS 0x0000000093300000, 0x0000000093300000| Complete 
| 308|0x0000000093400000, 0x0000000093500000, 0x0000000093500000|100%| E|CS|TAMS 0x0000000093400000, 0x0000000093400000| Complete 
| 309|0x0000000093500000, 0x0000000093600000, 0x0000000093600000|100%| E|CS|TAMS 0x0000000093500000, 0x0000000093500000| Complete 
| 310|0x0000000093600000, 0x0000000093700000, 0x0000000093700000|100%| E|CS|TAMS 0x0000000093600000, 0x0000000093600000| Complete 
| 311|0x0000000093700000, 0x0000000093800000, 0x0000000093800000|100%| E|CS|TAMS 0x0000000093700000, 0x0000000093700000| Complete 
| 312|0x0000000093800000, 0x0000000093900000, 0x0000000093900000|100%| E|CS|TAMS 0x0000000093800000, 0x0000000093800000| Complete 
| 313|0x0000000093900000, 0x0000000093a00000, 0x0000000093a00000|100%| E|CS|TAMS 0x0000000093900000, 0x0000000093900000| Complete 

Card table byte_map: [0x000001ab3f720000,0x000001ab3fb20000] _byte_map_base: 0x000001ab3f320000

Marking Bits (Prev, Next): (CMBitMap*) 0x000001ab2c842028, (CMBitMap*) 0x000001ab2c842060
 Prev Bits: [0x000001ab3ff20000, 0x000001ab41f20000)
 Next Bits: [0x000001ab41f20000, 0x000001ab43f20000)

Polling page: 0x000001ab2a790000

Metaspace:

Usage:
  Non-class:     78.57 MB capacity,    77.07 MB ( 98%) used,     1.26 MB (  2%) free+waste,   250.50 KB ( <1%) overhead. 
      Class:     11.99 MB capacity,    11.20 MB ( 93%) used,   688.80 KB (  6%) free+waste,   114.00 KB ( <1%) overhead. 
       Both:     90.56 MB capacity,    88.27 MB ( 97%) used,     1.93 MB (  2%) free+waste,   364.50 KB ( <1%) overhead. 

Virtual space:
  Non-class space:       80.00 MB reserved,      78.79 MB ( 98%) committed 
      Class space:        1.00 GB reserved,      12.00 MB (  1%) committed 
             Both:        1.08 GB reserved,      90.79 MB (  8%) committed 

Chunk freelists:
   Non-Class:  31.00 KB
       Class:  14.00 KB
        Both:  45.00 KB

MaxMetaspaceSize: 17179869184.00 GB
CompressedClassSpaceSize: 1.00 GB
Initial GC threshold: 20.80 MB
Current GC threshold: 125.27 MB
CDS: off

CodeHeap 'non-profiled nmethods': size=120064Kb used=5289Kb max_used=5289Kb free=114774Kb
 bounds [0x000001ab37de0000, 0x000001ab38310000, 0x000001ab3f320000]
CodeHeap 'profiled nmethods': size=120000Kb used=20276Kb max_used=20276Kb free=99723Kb
 bounds [0x000001ab308b0000, 0x000001ab31c80000, 0x000001ab37de0000]
CodeHeap 'non-nmethods': size=5696Kb used=2366Kb max_used=2454Kb free=3329Kb
 bounds [0x000001ab30320000, 0x000001ab30590000, 0x000001ab308b0000]
 total_blobs=10308 nmethods=9417 adapters=804
 compilation: enabled
              stopped_count=0, restarted_count=0
 full_count=0

Compilation events (20 events):
Event: 26.727 Thread 0x000001ab46cf5800 nmethod 9443 0x000001ab31c72490 code [0x000001ab31c726a0, 0x000001ab31c72cf8]
Event: 26.727 Thread 0x000001ab46cf5800 9444       3       java.io.ObjectStreamClass::hasWriteObjectMethod (17 bytes)
Event: 26.727 Thread 0x000001ab46cf5800 nmethod 9444 0x000001ab31c73010 code [0x000001ab31c731e0, 0x000001ab31c734a8]
Event: 26.727 Thread 0x000001ab46cf5800 9446       3       java.io.ObjectStreamClass::checkDefaultSerialize (20 bytes)
Event: 26.727 Thread 0x000001ab46cf5800 nmethod 9446 0x000001ab31c73610 code [0x000001ab31c73800, 0x000001ab31c73bb8]
Event: 26.727 Thread 0x000001ab46cf5800 9442       3       java.io.ObjectStreamClass::getObjFieldValues (10 bytes)
Event: 26.727 Thread 0x000001ab46cf5800 nmethod 9442 0x000001ab31c73d90 code [0x000001ab31c73f40, 0x000001ab31c74088]
Event: 26.728 Thread 0x000001ab46cf5800 9448       1       org.gradle.api.internal.project.DefaultProjectStateRegistry$ProjectStateImpl::getTaskExecutionLock (5 bytes)
Event: 26.728 Thread 0x000001ab46cf5800 nmethod 9448 0x000001ab38304790 code [0x000001ab38304940, 0x000001ab383049f8]
Event: 26.728 Thread 0x000001ab46cf5800 9449       3       com.google.common.collect.RegularImmutableSet::contains (56 bytes)
Event: 26.728 Thread 0x000001ab46cf5800 nmethod 9449 0x000001ab31c74190 code [0x000001ab31c743a0, 0x000001ab31c749d8]
Event: 26.728 Thread 0x000001ab46cf5800 9451       3       java.io.ObjectOutputStream$BlockDataOutputStream::writeLong (48 bytes)
Event: 26.728 Thread 0x000001ab46cf5800 nmethod 9451 0x000001ab31c74c10 code [0x000001ab31c74de0, 0x000001ab31c74fd8]
Event: 26.729 Thread 0x000001ab46cf5800 9450       3       java.io.ObjectOutputStream::writeNonProxyDesc (109 bytes)
Event: 26.730 Thread 0x000001ab46cf5800 nmethod 9450 0x000001ab31c75110 code [0x000001ab31c75460, 0x000001ab31c765c8]
Event: 26.730 Thread 0x000001ab46cf5800 9452       1       com.google.common.collect.MapMakerInternalMap$AbstractWeakKeyEntry::getNext (5 bytes)
Event: 26.730 Thread 0x000001ab46cf5800 nmethod 9452 0x000001ab38304a90 code [0x000001ab38304c40, 0x000001ab38304cf8]
Event: 26.736 Thread 0x000001ab46cf5800 9453       1       com.google.common.collect.ImmutableSortedSet::comparator (5 bytes)
Event: 26.736 Thread 0x000001ab46cf5800 nmethod 9453 0x000001ab38304d90 code [0x000001ab38304f40, 0x000001ab38304ff8]
Event: 26.736 Thread 0x000001ab5137f800 9433       4       org.gradle.internal.snapshot.VfsRelativePath::compareToFirstSegment (203 bytes)

GC Heap History (20 events):
Event: 1.493 GC heap before
{Heap before GC invocations=2 (full 0):
 garbage-first heap   total 260096K, used 43643K [0x0000000080000000, 0x0000000100000000)
  region size 1024K, 36 young (36864K), 4 survivors (4096K)
 Metaspace       used 14417K, capacity 14713K, committed 14848K, reserved 1062912K
  class space    used 1595K, capacity 1718K, committed 1792K, reserved 1048576K
}
Event: 1.499 GC heap after
{Heap after GC invocations=3 (full 0):
 garbage-first heap   total 260096K, used 15469K [0x0000000080000000, 0x0000000100000000)
  region size 1024K, 5 young (5120K), 5 survivors (5120K)
 Metaspace       used 14417K, capacity 14713K, committed 14848K, reserved 1062912K
  class space    used 1595K, capacity 1718K, committed 1792K, reserved 1048576K
}
Event: 2.007 GC heap before
{Heap before GC invocations=3 (full 0):
 garbage-first heap   total 260096K, used 54381K [0x0000000080000000, 0x0000000100000000)
  region size 1024K, 43 young (44032K), 5 survivors (5120K)
 Metaspace       used 20379K, capacity 20753K, committed 20864K, reserved 1067008K
  class space    used 2464K, capacity 2584K, committed 2688K, reserved 1048576K
}
Event: 2.013 GC heap after
{Heap after GC invocations=4 (full 0):
 garbage-first heap   total 260096K, used 17078K [0x0000000080000000, 0x0000000100000000)
  region size 1024K, 2 young (2048K), 2 survivors (2048K)
 Metaspace       used 20379K, capacity 20753K, committed 20864K, reserved 1067008K
  class space    used 2464K, capacity 2584K, committed 2688K, reserved 1048576K
}
Event: 2.046 GC heap before
{Heap before GC invocations=4 (full 0):
 garbage-first heap   total 260096K, used 21174K [0x0000000080000000, 0x0000000100000000)
  region size 1024K, 7 young (7168K), 2 survivors (2048K)
 Metaspace       used 20813K, capacity 21189K, committed 21296K, reserved 1069056K
  class space    used 2526K, capacity 2687K, committed 2688K, reserved 1048576K
}
Event: 2.049 GC heap after
{Heap after GC invocations=5 (full 0):
 garbage-first heap   total 260096K, used 17199K [0x0000000080000000, 0x0000000100000000)
  region size 1024K, 2 young (2048K), 2 survivors (2048K)
 Metaspace       used 20813K, capacity 21189K, committed 21296K, reserved 1069056K
  class space    used 2526K, capacity 2687K, committed 2688K, reserved 1048576K
}
Event: 2.534 GC heap before
{Heap before GC invocations=6 (full 0):
 garbage-first heap   total 260096K, used 69423K [0x0000000080000000, 0x0000000100000000)
  region size 1024K, 53 young (54272K), 2 survivors (2048K)
 Metaspace       used 26419K, capacity 27078K, committed 27264K, reserved 1073152K
  class space    used 3443K, capacity 3684K, committed 3712K, reserved 1048576K
}
Event: 2.539 GC heap after
{Heap after GC invocations=7 (full 0):
 garbage-first heap   total 260096K, used 19142K [0x0000000080000000, 0x0000000100000000)
  region size 1024K, 4 young (4096K), 4 survivors (4096K)
 Metaspace       used 26419K, capacity 27078K, committed 27264K, reserved 1073152K
  class space    used 3443K, capacity 3684K, committed 3712K, reserved 1048576K
}
Event: 3.266 GC heap before
{Heap before GC invocations=7 (full 0):
 garbage-first heap   total 260096K, used 87750K [0x0000000080000000, 0x0000000100000000)
  region size 1024K, 72 young (73728K), 4 survivors (4096K)
 Metaspace       used 34997K, capacity 35890K, committed 35968K, reserved 1081344K
  class space    used 4570K, capacity 4921K, committed 4992K, reserved 1048576K
}
Event: 3.277 GC heap after
{Heap after GC invocations=8 (full 0):
 garbage-first heap   total 260096K, used 22706K [0x0000000080000000, 0x0000000100000000)
  region size 1024K, 8 young (8192K), 8 survivors (8192K)
 Metaspace       used 34997K, capacity 35890K, committed 35968K, reserved 1081344K
  class space    used 4570K, capacity 4921K, committed 4992K, reserved 1048576K
}
Event: 4.209 GC heap before
{Heap before GC invocations=9 (full 0):
 garbage-first heap   total 260096K, used 128178K [0x0000000080000000, 0x0000000100000000)
  region size 1024K, 109 young (111616K), 8 survivors (8192K)
 Metaspace       used 43855K, capacity 44963K, committed 45212K, reserved 1089536K
  class space    used 5631K, capacity 6036K, committed 6144K, reserved 1048576K
}
Event: 4.223 GC heap after
{Heap after GC invocations=10 (full 0):
 garbage-first heap   total 260096K, used 30168K [0x0000000080000000, 0x0000000100000000)
  region size 1024K, 14 young (14336K), 14 survivors (14336K)
 Metaspace       used 43855K, capacity 44963K, committed 45212K, reserved 1089536K
  class space    used 5631K, capacity 6036K, committed 6144K, reserved 1048576K
}
Event: 5.676 GC heap before
{Heap before GC invocations=11 (full 0):
 garbage-first heap   total 260096K, used 175576K [0x0000000080000000, 0x0000000100000000)
  region size 1024K, 151 young (154624K), 14 survivors (14336K)
 Metaspace       used 54898K, capacity 56413K, committed 56604K, reserved 1097728K
  class space    used 7000K, capacity 7535K, committed 7552K, reserved 1048576K
}
Event: 5.695 GC heap after
{Heap after GC invocations=12 (full 0):
 garbage-first heap   total 260096K, used 46337K [0x0000000080000000, 0x0000000100000000)
  region size 1024K, 19 young (19456K), 19 survivors (19456K)
 Metaspace       used 54898K, capacity 56413K, committed 56604K, reserved 1097728K
  class space    used 7000K, capacity 7535K, committed 7552K, reserved 1048576K
}
Event: 7.072 GC heap before
{Heap before GC invocations=12 (full 0):
 garbage-first heap   total 260096K, used 189697K [0x0000000080000000, 0x0000000100000000)
  region size 1024K, 152 young (155648K), 19 survivors (19456K)
 Metaspace       used 67352K, capacity 68999K, committed 69276K, reserved 1110016K
  class space    used 8500K, capacity 9102K, committed 9216K, reserved 1048576K
}
Event: 7.091 GC heap after
{Heap after GC invocations=13 (full 0):
 garbage-first heap   total 321536K, used 56022K [0x0000000080000000, 0x0000000100000000)
  region size 1024K, 10 young (10240K), 10 survivors (10240K)
 Metaspace       used 67352K, capacity 68999K, committed 69276K, reserved 1110016K
  class space    used 8500K, capacity 9102K, committed 9216K, reserved 1048576K
}
Event: 8.007 GC heap before
{Heap before GC invocations=13 (full 0):
 garbage-first heap   total 321536K, used 148182K [0x0000000080000000, 0x0000000100000000)
  region size 1024K, 101 young (103424K), 10 survivors (10240K)
 Metaspace       used 74605K, capacity 76463K, committed 76572K, reserved 1116160K
  class space    used 9634K, capacity 10294K, committed 10368K, reserved 1048576K
}
Event: 8.021 GC heap after
{Heap after GC invocations=14 (full 0):
 garbage-first heap   total 321536K, used 62166K [0x0000000080000000, 0x0000000100000000)
  region size 1024K, 16 young (16384K), 16 survivors (16384K)
 Metaspace       used 74605K, capacity 76463K, committed 76572K, reserved 1116160K
  class space    used 9634K, capacity 10294K, committed 10368K, reserved 1048576K
}
Event: 16.133 GC heap before
{Heap before GC invocations=15 (full 0):
 garbage-first heap   total 321536K, used 211670K [0x0000000080000000, 0x0000000100000000)
  region size 1024K, 163 young (166912K), 16 survivors (16384K)
 Metaspace       used 88302K, capacity 90566K, committed 90664K, reserved 1128448K
  class space    used 11194K, capacity 11975K, committed 12032K, reserved 1048576K
}
Event: 16.155 GC heap after
{Heap after GC invocations=16 (full 0):
 garbage-first heap   total 321536K, used 72704K [0x0000000080000000, 0x0000000100000000)
  region size 1024K, 17 young (17408K), 17 survivors (17408K)
 Metaspace       used 88302K, capacity 90566K, committed 90664K, reserved 1128448K
  class space    used 11194K, capacity 11975K, committed 12032K, reserved 1048576K
}

Deoptimization events (20 events):
Event: 16.572 Thread 0x000001ab49839000 DEOPT PACKING pc=0x000001ab316a3049 sp=0x000000aa93cf8a70
Event: 16.572 Thread 0x000001ab49839000 DEOPT UNPACKING pc=0x000001ab3036a93f sp=0x000000aa93cf7fc8 mode 0
Event: 16.573 Thread 0x000001ab49839000 DEOPT PACKING pc=0x000001ab316a3049 sp=0x000000aa93cf8af0
Event: 16.573 Thread 0x000001ab49839000 DEOPT UNPACKING pc=0x000001ab3036a93f sp=0x000000aa93cf8048 mode 0
Event: 16.588 Thread 0x000001ab4c3f6000 Uncommon trap: trap_request=0xffffffde fr.pc=0x000001ab37efd028 relative=0x00000000000002e8
Event: 16.588 Thread 0x000001ab4c3f6000 Uncommon trap: reason=class_check action=maybe_recompile pc=0x000001ab37efd028 method=java.util.Collections$SetFromMap.remove(Ljava/lang/Object;)Z @ 5 c2
Event: 16.588 Thread 0x000001ab4c3f6000 DEOPT PACKING pc=0x000001ab37efd028 sp=0x000000aa97ffda20
Event: 16.588 Thread 0x000001ab4c3f6000 DEOPT UNPACKING pc=0x000001ab3036a1a9 sp=0x000000aa97ffda18 mode 2
Event: 16.591 Thread 0x000001ab4c3f6000 Uncommon trap: trap_request=0xffffffde fr.pc=0x000001ab37fa1874 relative=0x00000000000002b4
Event: 16.591 Thread 0x000001ab4c3f6000 Uncommon trap: reason=class_check action=maybe_recompile pc=0x000001ab37fa1874 method=java.util.stream.StreamOpFlag.fromCharacteristics(Ljava/util/Spliterator;)I @ 14 c2
Event: 16.591 Thread 0x000001ab4c3f6000 DEOPT PACKING pc=0x000001ab37fa1874 sp=0x000000aa97ffd390
Event: 16.591 Thread 0x000001ab4c3f6000 DEOPT UNPACKING pc=0x000001ab3036a1a9 sp=0x000000aa97ffd278 mode 2
Event: 16.591 Thread 0x000001ab4c3f6000 Uncommon trap: trap_request=0xffffffde fr.pc=0x000001ab38197c7c relative=0x000000000000005c
Event: 16.591 Thread 0x000001ab4c3f6000 Uncommon trap: reason=class_check action=maybe_recompile pc=0x000001ab38197c7c method=java.util.stream.StreamOpFlag.fromCharacteristics(Ljava/util/Spliterator;)I @ 14 c2
Event: 16.591 Thread 0x000001ab4c3f6000 DEOPT PACKING pc=0x000001ab38197c7c sp=0x000000aa97ffd2a0
Event: 16.591 Thread 0x000001ab4c3f6000 DEOPT UNPACKING pc=0x000001ab3036a1a9 sp=0x000000aa97ffd230 mode 2
Event: 16.663 Thread 0x000001ab4c3f6000 Uncommon trap: trap_request=0xffffff4d fr.pc=0x000001ab3823329c relative=0x00000000000001dc
Event: 16.663 Thread 0x000001ab4c3f6000 Uncommon trap: reason=unstable_if action=reinterpret pc=0x000001ab3823329c method=com.google.common.collect.RegularImmutableSet.contains(Ljava/lang/Object;)Z @ 10 c2
Event: 16.663 Thread 0x000001ab4c3f6000 DEOPT PACKING pc=0x000001ab3823329c sp=0x000000aa97ff9f50
Event: 16.663 Thread 0x000001ab4c3f6000 DEOPT UNPACKING pc=0x000001ab3036a1a9 sp=0x000000aa97ff9ee8 mode 2

Classes redefined (0 events):
No events

Internal exceptions (20 events):
Event: 16.556 Thread 0x000001ab49839000 Exception <a 'java/lang/ClassNotFoundException'{0x000000008fbef520}: com/android/build/gradle/tasks/PackageAndroidArtifactBeanInfo> (0x000000008fbef520) thrown at [src/hotspot/share/classfile/systemDictionary.cpp, line 230]
Event: 16.556 Thread 0x000001ab49839000 Exception <a 'java/lang/ClassNotFoundException'{0x000000008fa09d18}: com/android/build/gradle/tasks/PackageAndroidArtifactCustomizer> (0x000000008fa09d18) thrown at [src/hotspot/share/classfile/systemDictionary.cpp, line 230]
Event: 16.558 Thread 0x000001ab49839000 Exception <a 'java/lang/ClassNotFoundException'{0x000000008fa70760}: com/android/build/gradle/tasks/PackageApplicationCustomizer> (0x000000008fa70760) thrown at [src/hotspot/share/classfile/systemDictionary.cpp, line 230]
Event: 16.559 Thread 0x000001ab49839000 Exception <a 'java/lang/ClassNotFoundException'{0x000000008faa83d0}: com/android/build/gradle/tasks/PackageApplication_DecoratedCustomizer> (0x000000008faa83d0) thrown at [src/hotspot/share/classfile/systemDictionary.cpp, line 230]
Event: 16.564 Thread 0x000001ab49839000 Exception <a 'java/lang/ClassNotFoundException'{0x000000008f98b890}: com/android/build/gradle/internal/tasks/ListingFileRedirectTask_DecoratedBeanInfo> (0x000000008f98b890) thrown at [src/hotspot/share/classfile/systemDictionary.cpp, line 230]
Event: 16.564 Thread 0x000001ab49839000 Exception <a 'java/lang/ClassNotFoundException'{0x000000008f9a70b8}: com/android/build/gradle/internal/tasks/ListingFileRedirectTaskBeanInfo> (0x000000008f9a70b8) thrown at [src/hotspot/share/classfile/systemDictionary.cpp, line 230]
Event: 16.565 Thread 0x000001ab49839000 Exception <a 'java/lang/ClassNotFoundException'{0x000000008f9c2928}: com/android/build/gradle/internal/tasks/ListingFileRedirectTaskCustomizer> (0x000000008f9c2928) thrown at [src/hotspot/share/classfile/systemDictionary.cpp, line 230]
Event: 16.566 Thread 0x000001ab49839000 Exception <a 'java/lang/ClassNotFoundException'{0x000000008f9f1d00}: com/android/build/gradle/internal/tasks/ListingFileRedirectTask_DecoratedCustomizer> (0x000000008f9f1d00) thrown at [src/hotspot/share/classfile/systemDictionary.cpp, line 230]
Event: 16.585 Thread 0x000001ab49839000 Exception <a 'sun/nio/fs/WindowsException'{0x000000008f71d630}> (0x000000008f71d630) thrown at [src/hotspot/share/prims/jni.cpp, line 617]
Event: 16.617 Thread 0x000001ab4c3f6000 Exception <a 'java/lang/IncompatibleClassChangeError'{0x000000008f574208}: Found class java.lang.Object, but interface was expected> (0x000000008f574208) thrown at [src/hotspot/share/interpreter/linkResolver.cpp, line 839]
Event: 16.632 Thread 0x000001ab4c3f6000 Exception <a 'java/lang/NoSuchMethodError'{0x000000008f30b440}: 'int java.lang.invoke.DirectMethodHandle$Holder.invokeStaticInit(java.lang.Object, java.lang.Object, java.lang.Object, java.lang.Object, java.lang.Object)'> (0x000000008f30b440) thrown at [src/hotspot/share/interpreter/linkResolver.cpp, line 773]
Event: 16.646 Thread 0x000001ab4c3f6000 Exception <a 'sun/nio/fs/WindowsException'{0x000000008f3f4840}> (0x000000008f3f4840) thrown at [src/hotspot/share/prims/jni.cpp, line 617]
Event: 16.646 Thread 0x000001ab4c3f6000 Exception <a 'sun/nio/fs/WindowsException'{0x000000008f3f5950}> (0x000000008f3f5950) thrown at [src/hotspot/share/prims/jni.cpp, line 617]
Event: 16.663 Thread 0x000001ab4c3f6000 Implicit null exception at 0x000001ab382330f7 to 0x000001ab38233284
Event: 21.669 Thread 0x000001ab4c3f6000 Exception <a 'net/rubygrapefruit/platform/NativeException'{0x000000008f108b68}: Execution timed out> (0x000000008f108b68) thrown at [src/hotspot/share/prims/jni.cpp, line 638]
Event: 26.679 Thread 0x000001ab4c3f6000 Exception <a 'net/rubygrapefruit/platform/NativeException'{0x000000008f135418}: Execution timed out> (0x000000008f135418) thrown at [src/hotspot/share/prims/jni.cpp, line 638]
Event: 26.695 Thread 0x000001ab4aa87800 Exception <a 'java/lang/NoSuchMethodError'{0x00000000939a0960}: <clinit>> (0x00000000939a0960) thrown at [src/hotspot/share/prims/jni.cpp, line 1367]
Event: 26.699 Thread 0x000001ab4aa87800 Exception <a 'java/lang/NoSuchMethodError'{0x000000008efd9bb8}: <clinit>> (0x000000008efd9bb8) thrown at [src/hotspot/share/prims/jni.cpp, line 1367]
Event: 26.712 Thread 0x000001ab4aa87800 Exception <a 'java/lang/NoSuchMethodError'{0x000000008ee6bbe8}: <clinit>> (0x000000008ee6bbe8) thrown at [src/hotspot/share/prims/jni.cpp, line 1367]
Event: 26.719 Thread 0x000001ab4c3f6000 Exception <a 'java/lang/NoSuchMethodError'{0x000000008ed0ffa0}: 'int java.lang.invoke.DirectMethodHandle$Holder.invokeSpecial(java.lang.Object, java.lang.Object, java.lang.Object, java.lang.Object, java.lang.Object)'> (0x000000008ed0ffa0) thrown at [src/hotspot/share/interpreter/linkResolver.cpp, line 773]

Events (20 events):
Event: 26.732 loading class java/util/stream/ReferencePipeline$4$1 done
Event: 26.734 loading class com/android/build/gradle/tasks/GenerateBuildConfigKt
Event: 26.734 loading class com/android/build/gradle/tasks/GenerateBuildConfigKt done
Event: 26.734 loading class com/android/build/gradle/internal/core/VariantDslInfoImpl$computeVersionNameSuffix$2
Event: 26.734 loading class com/android/build/gradle/internal/core/VariantDslInfoImpl$computeVersionNameSuffix$2 done
Event: 26.735 loading class org/gradle/execution/plan/LocalTaskNodeExecutor$1
Event: 26.735 loading class org/gradle/execution/plan/LocalTaskNodeExecutor$1 done
Event: 26.736 Thread 0x000001ab5137f800 Thread added: 0x000001ab5137f800
Event: 26.737 loading class org/gradle/internal/snapshot/ChildMap
Event: 26.737 loading class org/gradle/internal/snapshot/ChildMap done
Event: 26.737 loading class org/gradle/internal/snapshot/ChildMap
Event: 26.737 loading class org/gradle/internal/snapshot/ChildMap done
Event: 26.737 loading class org/gradle/internal/snapshot/AbstractInvalidateChildHandler
Event: 26.737 loading class org/gradle/internal/snapshot/AbstractInvalidateChildHandler done
Event: 26.737 loading class org/gradle/internal/snapshot/ChildMap
Event: 26.737 loading class org/gradle/internal/snapshot/ChildMap done
Event: 26.737 loading class org/gradle/internal/snapshot/ChildMap
Event: 26.737 loading class org/gradle/internal/snapshot/ChildMap done
Event: 26.737 loading class org/gradle/internal/snapshot/AbstractInvalidateChildHandler
Event: 26.737 loading class org/gradle/internal/snapshot/AbstractInvalidateChildHandler done


Dynamic libraries:
0x00007ff69d7d0000 - 0x00007ff69d7da000 	C:\Program Files\Android\Android Studio\jbr\bin\java.exe
0x00007ffaf4210000 - 0x00007ffaf4406000 	C:\Windows\SYSTEM32\ntdll.dll
0x00007ffaf3b40000 - 0x00007ffaf3bfd000 	C:\Windows\System32\KERNEL32.DLL
0x00007ffaf1c70000 - 0x00007ffaf1f39000 	C:\Windows\System32\KERNELBASE.dll
0x00007ffaf1a60000 - 0x00007ffaf1b60000 	C:\Windows\System32\ucrtbase.dll
0x00007ffad8e20000 - 0x00007ffad8e3b000 	C:\Program Files\Android\Android Studio\jbr\bin\VCRUNTIME140.dll
0x00007ffaed420000 - 0x00007ffaed437000 	C:\Program Files\Android\Android Studio\jbr\bin\jli.dll
0x00007ffaf39a0000 - 0x00007ffaf3b40000 	C:\Windows\System32\USER32.dll
0x00007ffaf1f40000 - 0x00007ffaf1f62000 	C:\Windows\System32\win32u.dll
0x00007ffaf2d10000 - 0x00007ffaf2d3a000 	C:\Windows\System32\GDI32.dll
0x00007ffaf1950000 - 0x00007ffaf1a5b000 	C:\Windows\System32\gdi32full.dll
0x00007ffae3810000 - 0x00007ffae3aab000 	C:\Windows\WinSxS\amd64_microsoft.windows.common-controls_6595b64144ccf1df_6.0.19041.746_none_ca02b4b61b8320a4\COMCTL32.dll
0x00007ffaf1fa0000 - 0x00007ffaf203d000 	C:\Windows\System32\msvcp_win.dll
0x00007ffaf3900000 - 0x00007ffaf399e000 	C:\Windows\System32\msvcrt.dll
0x00007ffaf3d20000 - 0x00007ffaf3d50000 	C:\Windows\System32\IMM32.DLL
0x00007ffab8970000 - 0x00007ffab89cb000 	C:\ProgramData\Microsoft\DbgCtr\XShellDLL64_6015.dll
0x00007ffaf2d40000 - 0x00007ffaf2dec000 	C:\Windows\System32\ADVAPI32.dll
0x00007ffaf2320000 - 0x00007ffaf23bc000 	C:\Windows\System32\sechost.dll
0x00007ffaf3d50000 - 0x00007ffaf3e7b000 	C:\Windows\System32\RPCRT4.dll
0x00007ffaf2fb0000 - 0x00007ffaf36f2000 	C:\Windows\System32\SHELL32.dll
0x00007ffad99c0000 - 0x00007ffad99cc000 	C:\Program Files\Android\Android Studio\jbr\bin\vcruntime140_1.dll
0x00007ffab8250000 - 0x00007ffab82dd000 	C:\Program Files\Android\Android Studio\jbr\bin\msvcp140.dll
0x00007ffaab3e0000 - 0x00007ffaabf9c000 	C:\Program Files\Android\Android Studio\jbr\bin\server\jvm.dll
0x00007ffaf3e80000 - 0x00007ffaf3e88000 	C:\Windows\System32\PSAPI.DLL
0x00007ffae3410000 - 0x00007ffae3419000 	C:\Windows\SYSTEM32\WSOCK32.dll
0x00007ffaca860000 - 0x00007ffaca887000 	C:\Windows\SYSTEM32\WINMM.dll
0x00007ffaf2e50000 - 0x00007ffaf2ebb000 	C:\Windows\System32\WS2_32.dll
0x00007ffaef490000 - 0x00007ffaef49a000 	C:\Windows\SYSTEM32\VERSION.dll
0x00007ffaef950000 - 0x00007ffaef962000 	C:\Windows\SYSTEM32\kernel.appcore.dll
0x00007ffad99b0000 - 0x00007ffad99c0000 	C:\Program Files\Android\Android Studio\jbr\bin\verify.dll
0x00007ffadc7b0000 - 0x00007ffadc994000 	C:\Windows\SYSTEM32\DBGHELP.DLL
0x00007ffadc780000 - 0x00007ffadc7ac000 	C:\Windows\SYSTEM32\dbgcore.DLL
0x00007ffaf2040000 - 0x00007ffaf20c0000 	C:\Windows\System32\bcryptPrimitives.dll
0x00007ffad7b80000 - 0x00007ffad7ba8000 	C:\Program Files\Android\Android Studio\jbr\bin\java.dll
0x00007ffad7dc0000 - 0x00007ffad7dca000 	C:\Program Files\Android\Android Studio\jbr\bin\jimage.dll
0x00007ffad7b60000 - 0x00007ffad7b78000 	C:\Program Files\Android\Android Studio\jbr\bin\zip.dll
0x00007ffaefac0000 - 0x00007ffaf0250000 	C:\Windows\SYSTEM32\windows.storage.dll
0x00007ffaf2830000 - 0x00007ffaf2b86000 	C:\Windows\System32\combase.dll
0x00007ffaf13b0000 - 0x00007ffaf13dc000 	C:\Windows\SYSTEM32\Wldp.dll
0x00007ffaf3c70000 - 0x00007ffaf3d1e000 	C:\Windows\System32\SHCORE.dll
0x00007ffaf2df0000 - 0x00007ffaf2e45000 	C:\Windows\System32\shlwapi.dll
0x00007ffaf1880000 - 0x00007ffaf18a6000 	C:\Windows\SYSTEM32\profapi.dll
0x00007ffad60e0000 - 0x00007ffad60f9000 	C:\Program Files\Android\Android Studio\jbr\bin\net.dll
0x00007ffae4530000 - 0x00007ffae4630000 	C:\Windows\SYSTEM32\WINHTTP.dll
0x00007ffaf10c0000 - 0x00007ffaf112a000 	C:\Windows\system32\mswsock.dll
0x00007ffad60c0000 - 0x00007ffad60d3000 	C:\Program Files\Android\Android Studio\jbr\bin\nio.dll
0x00007ffad3890000 - 0x00007ffad38b7000 	C:\Users\it_04\.gradle\native\e1d6ef7f7dcc3fd88c89a11ec53ec762bb8ba0a96d01ffa2cd45eb1d1d8dd5c5\windows-amd64\native-platform.dll
0x00007ffaa4fd0000 - 0x00007ffaa5114000 	C:\Users\it_04\.gradle\native\0d407fdbe67a94daf76414ababcb853783967236a71b16ec16e742cd7a986fd3\windows-amd64\native-platform-file-events.dll
0x00007ffad7b50000 - 0x00007ffad7b5a000 	C:\Program Files\Android\Android Studio\jbr\bin\management.dll
0x00007ffad60b0000 - 0x00007ffad60bb000 	C:\Program Files\Android\Android Studio\jbr\bin\management_ext.dll
0x00007ffaf1290000 - 0x00007ffaf12a8000 	C:\Windows\SYSTEM32\CRYPTSP.dll
0x00007ffaf0a60000 - 0x00007ffaf0a94000 	C:\Windows\system32\rsaenh.dll
0x00007ffaf1f70000 - 0x00007ffaf1f97000 	C:\Windows\System32\bcrypt.dll
0x00007ffaf1800000 - 0x00007ffaf182e000 	C:\Windows\SYSTEM32\USERENV.dll
0x00007ffaf12b0000 - 0x00007ffaf12bc000 	C:\Windows\SYSTEM32\CRYPTBASE.dll
0x00007ffaf0db0000 - 0x00007ffaf0deb000 	C:\Windows\SYSTEM32\IPHLPAPI.DLL
0x00007ffaf2ec0000 - 0x00007ffaf2ec8000 	C:\Windows\System32\NSI.dll
0x00007ffaec9c0000 - 0x00007ffaec9d7000 	C:\Windows\SYSTEM32\dhcpcsvc6.DLL
0x00007ffaec9a0000 - 0x00007ffaec9bd000 	C:\Windows\SYSTEM32\dhcpcsvc.DLL
0x00007ffaf0df0000 - 0x00007ffaf0ebb000 	C:\Windows\SYSTEM32\DNSAPI.dll

dbghelp: loaded successfully - version: 4.0.5 - missing functions: none
symbol engine: initialized successfully - sym options: 0x614 - pdb path: .;C:\Program Files\Android\Android Studio\jbr\bin;C:\Windows\SYSTEM32;C:\Windows\WinSxS\amd64_microsoft.windows.common-controls_6595b64144ccf1df_6.0.19041.746_none_ca02b4b61b8320a4;C:\ProgramData\Microsoft\DbgCtr;C:\Program Files\Android\Android Studio\jbr\bin\server;C:\Users\it_04\.gradle\native\e1d6ef7f7dcc3fd88c89a11ec53ec762bb8ba0a96d01ffa2cd45eb1d1d8dd5c5\windows-amd64;C:\Users\it_04\.gradle\native\0d407fdbe67a94daf76414ababcb853783967236a71b16ec16e742cd7a986fd3\windows-amd64

VM Arguments:
jvm_args: --add-opens=java.base/java.util=ALL-UNNAMED --add-opens=java.base/java.lang=ALL-UNNAMED --add-opens=java.base/java.lang.invoke=ALL-UNNAMED --add-opens=java.base/java.util=ALL-UNNAMED --add-opens=java.prefs/java.util.prefs=ALL-UNNAMED --add-opens=java.prefs/java.util.prefs=ALL-UNNAMED --add-opens=java.base/java.nio.charset=ALL-UNNAMED --add-opens=java.base/java.net=ALL-UNNAMED --add-opens=java.base/java.util.concurrent.atomic=ALL-UNNAMED -Xmx2048m -Dfile.encoding=UTF-8 -Duser.country=US -Duser.language=en -Duser.variant 
java_command: org.gradle.launcher.daemon.bootstrap.GradleDaemon 7.5
java_class_path (initial): C:\Users\it_04\.gradle\wrapper\dists\gradle-7.5-bin\f1w0cc9nuo0eivz97x2xlu9sv\gradle-7.5\lib\gradle-launcher-7.5.jar
Launcher Type: SUN_STANDARD

[Global flags]
     intx CICompilerCount                          = 3                                         {product} {ergonomic}
     uint ConcGCThreads                            = 1                                         {product} {ergonomic}
     uint G1ConcRefinementThreads                  = 4                                         {product} {ergonomic}
   size_t G1HeapRegionSize                         = 1048576                                   {product} {ergonomic}
    uintx GCDrainStackTargetSize                   = 64                                        {product} {ergonomic}
   size_t InitialHeapSize                          = 266338304                                 {product} {ergonomic}
   size_t MarkStackSize                            = 4194304                                   {product} {ergonomic}
   size_t MaxHeapSize                              = 2147483648                                {product} {command line}
   size_t MaxNewSize                               = 1287651328                                {product} {ergonomic}
   size_t MinHeapDeltaBytes                        = 1048576                                   {product} {ergonomic}
    uintx NonNMethodCodeHeapSize                   = 5830732                                {pd product} {ergonomic}
    uintx NonProfiledCodeHeapSize                  = 122913754                              {pd product} {ergonomic}
    uintx ProfiledCodeHeapSize                     = 122913754                              {pd product} {ergonomic}
    uintx ReservedCodeCacheSize                    = 251658240                              {pd product} {ergonomic}
     bool SegmentedCodeCache                       = true                                      {product} {ergonomic}
     bool UseCompressedClassPointers               = true                                 {lp64_product} {ergonomic}
     bool UseCompressedOops                        = true                                 {lp64_product} {ergonomic}
     bool UseG1GC                                  = true                                      {product} {ergonomic}
     bool UseLargePagesIndividualAllocation        = false                                  {pd product} {ergonomic}

Logging:
Log output configuration:
 #0: stdout all=warning uptime,level,tags
 #1: stderr all=off uptime,level,tags

Environment Variables:
PATH=D:\app\it_07\product\11.2.0\client_1\bin;C:\Windows\system32;C:\Windows;C:\Windows\System32\Wbem;C:\Windows\System32\WindowsPowerShell\v1.0\;C:\Windows\System32\OpenSSH\;C:\Program Files\dotnet\;C:\Program Files\Git\cmd;C:\Users\it_04\AppData\Local\Microsoft\WindowsApps;C:\Users\it_04\.dotnet\tools
USERNAME=it_04
OS=Windows_NT
PROCESSOR_IDENTIFIER=Intel64 Family 6 Model 165 Stepping 3, GenuineIntel



---------------  S Y S T E M  ---------------

OS: Windows 10 , 64 bit Build 19041 (10.0.19041.804)
OS uptime: 0 days 1:41 hours

CPU:total 4 (initial active 4) (2 cores per cpu, 2 threads per core) family 6 model 165 stepping 3 microcode 0xe0, cmov, cx8, fxsr, mmx, sse, sse2, sse3, ssse3, sse4.1, sse4.2, popcnt, aes, clmul, erms, 3dnowpref, lzcnt, ht, tsc, tscinvbit

Memory: 4k page, system-wide physical 16242M (8045M free)
TotalPageFile size 18674M (AvailPageFile size 10076M)
current process WorkingSet (physical memory assigned to process): 514M, peak: 552M
current process commit charge ("private bytes"): 582M, peak: 615M

vm_info: OpenJDK 64-Bit Server VM (11.0.15+0-b2043.56-9505619) for windows-amd64 JRE (11.0.15+0-b2043.56-9505619), built on Jan 19 2023 02:48:00 by "builduser" with unknown MS VC++:1929

END.
