#
# A fatal error has been detected by the Java Runtime Environment:
#
#  EXCEPTION_ACCESS_VIOLATION (0xc0000005) at pc=0x00007ffe10d863b0, pid=10944, tid=9480
#
# JRE version: OpenJDK Runtime Environment (11.0.15) (build 11.0.15+0-b2043.56-9505619)
# Java VM: OpenJDK 64-Bit Server VM (11.0.15+0-b2043.56-9505619, mixed mode, tiered, compressed oops, g1 gc, windows-amd64)
# Problematic frame:
# C  [native-platform-file-events.dll+0x463b0]
#
# No core dump will be written. Minidumps are not enabled by default on client versions of Windows
#
# If you would like to submit a bug report, please visit:
#   https://bugreport.java.com/bugreport/crash.jsp
# The crash happened outside the Java Virtual Machine in native code.
# See problematic frame for where to report the bug.
#

---------------  S U M M A R Y ------------

Command Line: --add-opens=java.base/java.util=ALL-UNNAMED --add-opens=java.base/java.lang=ALL-UNNAMED --add-opens=java.base/java.lang.invoke=ALL-UNNAMED --add-opens=java.base/java.util=ALL-UNNAMED --add-opens=java.prefs/java.util.prefs=ALL-UNNAMED --add-opens=java.prefs/java.util.prefs=ALL-UNNAMED --add-opens=java.base/java.nio.charset=ALL-UNNAMED --add-opens=java.base/java.net=ALL-UNNAMED --add-opens=java.base/java.util.concurrent.atomic=ALL-UNNAMED -Xmx2048m -Dfile.encoding=UTF-8 -Duser.country=US -Duser.language=en -Duser.variant org.gradle.launcher.daemon.bootstrap.GradleDaemon 7.5

Host: Intel(R) Pentium(R) Gold G6400 CPU @ 4.00GHz, 4 cores, 15G,  Windows 10 , 64 bit Build 19041 (10.0.19041.804)
Time: Fri Mar 24 08:40:41 2023 SE Asia Standard Time elapsed time: 295.952638 seconds (0d 0h 4m 55s)

---------------  T H R E A D  ---------------

Current thread (0x000002456f51b800):  JavaThread "File watcher server" daemon [_thread_in_native, id=9480, stack(0x000000cd92000000,0x000000cd92100000)]

Stack: [0x000000cd92000000,0x000000cd92100000],  sp=0x000000cd920fe530,  free space=1017k
Native frames: (J=compiled Java code, j=interpreted, Vv=VM code, C=native code)
C  [native-platform-file-events.dll+0x463b0]

Java frames: (J=compiled Java code, j=interpreted, Vv=VM code)
j  net.rubygrapefruit.platform.internal.jni.AbstractFileEventFunctions$NativeFileWatcher.executeRunLoop0(Ljava/lang/Object;)V+0
j  net.rubygrapefruit.platform.internal.jni.AbstractFileEventFunctions$NativeFileWatcher.access$100(Lnet/rubygrapefruit/platform/internal/jni/AbstractFileEventFunctions$NativeFileWatcher;Ljava/lang/Object;)V+2
j  net.rubygrapefruit.platform.internal.jni.AbstractFileEventFunctions$NativeFileWatcher$1.run()V+26
v  ~StubRoutines::call_stub

siginfo: EXCEPTION_ACCESS_VIOLATION (0xc0000005), reading address 0x00007ffe76012a58


Register to memory mapping:

RIP=0x00007ffe10d863b0 native-platform-file-events.dll
RAX=0x00007ffe76012a58 is an unknown value
RBX=0x0 is NULL
RCX=0x000000cd959fade8 is pointing into the stack for thread: 0x000002456da39800
RDX=0x0 is NULL
RSP=0x000000cd920fe530 is pointing into the stack for thread: 0x000002456f51b800
RBP=0x000000cd920feef8 is pointing into the stack for thread: 0x000002456f51b800
RSI=0x000000cd959fade0 is pointing into the stack for thread: 0x000002456da39800
RDI=0x000000cd959fada0 is pointing into the stack for thread: 0x000002456da39800
R8 =0x000002454d658100 points into unknown readable memory: 0x000002454d650cf0 | f0 0c 65 4d 45 02 00 00
R9 =0x0000000000000001 is an unknown value
R10=0x0000000000008000 is an unknown value
R11=0x000000cd920fe1e0 is pointing into the stack for thread: 0x000002456f51b800
R12=0x0 is NULL
R13={method} {0x000002456ecf59d8} 'executeRunLoop0' '(Ljava/lang/Object;)V' in 'net/rubygrapefruit/platform/internal/jni/AbstractFileEventFunctions$NativeFileWatcher'
R14=0x0 is NULL
R15=0x000002456f51b800 is a thread


Registers:
RAX=0x00007ffe76012a58, RBX=0x0000000000000000, RCX=0x000000cd959fade8, RDX=0x0000000000000000
RSP=0x000000cd920fe530, RBP=0x000000cd920feef8, RSI=0x000000cd959fade0, RDI=0x000000cd959fada0
R8 =0x000002454d658100, R9 =0x0000000000000001, R10=0x0000000000008000, R11=0x000000cd920fe1e0
R12=0x0000000000000000, R13=0x000002456ecf59d0, R14=0x0000000000000000, R15=0x000002456f51b800
RIP=0x00007ffe10d863b0, EFLAGS=0x0000000000010216

Top of Stack: (sp=0x000000cd920fe530)
0x000000cd920fe530:   0000000000000000 00000245532dfa7a
0x000000cd920fe540:   0000024569885990 00007ffe10d63133
0x000000cd920fe550:   00000245701133b8 000000008d500170
0x000000cd920fe560:   00008171defe3eb8 00007ffe10d6da83
0x000000cd920fe570:   000000cd920fef20 000000cd959fada0
0x000000cd920fe580:   00007ffe10d5f150 00007ffe10d7709b
0x000000cd920fe590:   000000cd959fade0 0000000080466430
0x000000cd920fe5a0:   0000000000000000 00007ffe10d6bfae
0x000000cd920fe5b0:   00000245701133b0 00007ffe10d692a6
0x000000cd920fe5c0:   000000cd959fade0 0000000000000000
0x000000cd920fe5d0:   00000245701133b0 00007ffe10d457b3
0x000000cd920fe5e0:   0000000000000000 00007ffe10d764c2
0x000000cd920fe5f0:   000000cd920fe630 000000cd959fade0
0x000000cd920fe600:   0000024569514a20 0000000000000000
0x000000cd920fe610:   0000000080422a01 000002456942fd50
0x000000cd920fe620:   0000000000000000 000000cd920fe668 

Instructions: (pc=0x00007ffe10d863b0)
0x00007ffe10d862b0:   7d 0b 00 48 89 01 48 83 c1 08 48 83 c4 28 48 ff
0x00007ffe10d862c0:   25 b3 7d 0f 00 48 8d 05 54 7d 0b 00 45 33 c0 48
0x00007ffe10d862d0:   89 01 ba a0 0f 00 00 48 83 c1 08 48 83 c4 28 48
0x00007ffe10d862e0:   ff 25 ba 7d 0f 00 e8 40 c3 fb ff cc cc cc cc cc
0x00007ffe10d862f0:   cc cc cc cc cc cc cc cc cc cc cc cc cc cc cc cc
0x00007ffe10d86300:   cc cc cc cc cc cc cc cc 48 83 c1 08 48 ff 25 9d
0x00007ffe10d86310:   7d 0f 00 cc cc cc cc cc c2 00 00 cc 48 83 c1 08
0x00007ffe10d86320:   48 ff 25 69 7d 0f 00 cc cc cc cc cc 48 83 c1 08
0x00007ffe10d86330:   48 ff 25 51 7d 0f 00 cc cc cc cc cc 48 89 5c 24
0x00007ffe10d86340:   18 56 57 41 56 48 83 ec 40 48 8b 05 f8 3e 0e 00
0x00007ffe10d86350:   48 33 c4 48 89 44 24 30 8b 01 4c 8b f2 0f ba f0
0x00007ffe10d86360:   08 48 8b f1 83 f8 01 75 2c ff 15 d1 7c 0f 00 39
0x00007ffe10d86370:   46 48 74 19 48 8d 4e 08 48 8b 01 48 8b 00 ff 15
0x00007ffe10d86380:   9c 9c 0f 00 ff 15 b6 7c 0f 00 89 46 48 ff 46 4c
0x00007ffe10d86390:   e9 f3 00 00 00 4d 85 f6 75 24 ff 15 a0 7c 0f 00
0x00007ffe10d863a0:   39 46 48 0f 84 9d 00 00 00 48 8d 4e 08 48 8b 01
0x00007ffe10d863b0:   48 8b 00 ff 15 67 9c 0f 00 e9 88 00 00 00 48 83
0x00007ffe10d863c0:   3a 00 7c 62 75 06 83 7a 08 00 7e 5a ba 01 00 00
0x00007ffe10d863d0:   00 48 8d 4c 24 20 e8 e0 e1 fb ff 48 8b 44 24 20
0x00007ffe10d863e0:   49 3b 06 7c 0c 75 7d 41 8b 46 08 39 44 24 28 7d
0x00007ffe10d863f0:   73 ff 15 49 7c 0f 00 39 46 48 74 4a 48 8b 46 08
0x00007ffe10d86400:   48 8d 54 24 20 49 8b ce 48 8b 58 10 e8 ef ec fb
0x00007ffe10d86410:   ff 8b d0 48 8d 4e 08 48 8b c3 ff 15 00 9c 0f 00
0x00007ffe10d86420:   84 c0 75 22 eb a6 ff 15 14 7c 0f 00 39 46 48 74
0x00007ffe10d86430:   15 48 8d 4e 08 48 8b 01 48 8b 40 08 ff 15 de 9b
0x00007ffe10d86440:   0f 00 84 c0 74 1e 8b 4e 4c 8d 41 01 89 46 4c 83
0x00007ffe10d86450:   f8 01 7e 2b f7 06 00 01 00 00 75 2c 89 4e 4c 4d
0x00007ffe10d86460:   85 f6 74 14 49 83 3e 00 75 07 41 83 7e 08 00 74
0x00007ffe10d86470:   07 b8 02 00 00 00 eb 12 b8 03 00 00 00 eb 0b ff
0x00007ffe10d86480:   15 bb 7b 0f 00 89 46 48 33 c0 48 8b 4c 24 30 48
0x00007ffe10d86490:   33 cc e8 47 d7 fb ff 48 8b 5c 24 70 48 83 c4 40
0x00007ffe10d864a0:   41 5e 5f 5e c3 cc cc cc cc cc cc cc cc cc cc cc 


Stack slot to memory mapping:
stack at sp + 0 slots: 0x0 is NULL
stack at sp + 1 slots: 0x00000245532dfa7a is at code_begin+2458 in an Interpreter codelet
method entry point (kind = native)  [0x00000245532df0e0, 0x00000245532dfb60]  2688 bytes
stack at sp + 2 slots: {method} {0x0000024569885998} 'findEntry' '(Ljava/lang/String;)J' in 'java/lang/ClassLoader$NativeLibrary'
stack at sp + 3 slots: 0x00007ffe10d63133 native-platform-file-events.dll
stack at sp + 4 slots: 0x00000245701133b8 points into unknown readable memory: 0x617265704f646c69 | 69 6c 64 4f 70 65 72 61
stack at sp + 5 slots: 0x000000008d500170 is an unallocated location in the heap
stack at sp + 6 slots: 0x00008171defe3eb8 is an unknown value
stack at sp + 7 slots: 0x00007ffe10d6da83 native-platform-file-events.dll


---------------  P R O C E S S  ---------------

Threads class SMR info:
_java_thread_list=0x000002456f992d60, length=87, elements={
0x000002454f7b1800, 0x0000024569c46000, 0x0000024569c49000, 0x0000024569ca4800,
0x0000024569ca7000, 0x0000024569ca9000, 0x0000024569cae000, 0x0000024569cb2800,
0x0000024569d1c000, 0x0000024569e1f000, 0x000002456bdbe800, 0x000002456a9da800,
0x000002456b6f9000, 0x000002456b56e000, 0x000002456b570800, 0x000002456b56f000,
0x000002456f51b800, 0x000002456f518000, 0x000002456f51c000, 0x000002456f517800,
0x000002456f519800, 0x000002456f522800, 0x000002456f521000, 0x000002456fd00000,
0x000002456fd00800, 0x000002456fcf7800, 0x000002456fcf5000, 0x000002456fcf7000,
0x000002456fcf6000, 0x000002456fcf8800, 0x000002456fcf9800, 0x000002456fcf3800,
0x000002456fcfa000, 0x000002456fcf4800, 0x000002456fcfb800, 0x000002456fcfd800,
0x000002456fcfb000, 0x000002456fd01800, 0x000002456fcfc800, 0x000002456fd02000,
0x000002456fcfe000, 0x000002456fcff000, 0x000002456f519000, 0x000002456f516800,
0x000002456f51d000, 0x000002456f51f800, 0x000002456f51e000, 0x000002456f524800,
0x000002456f522000, 0x000002456f51e800, 0x000002456f525000, 0x000002456f520800,
0x000002456b570000, 0x0000024570ff7800, 0x0000024570ff8800, 0x0000024570ff9000,
0x0000024570ff3800, 0x0000024570ff6800, 0x0000024570ff4800, 0x0000024570ff5000,
0x0000024570ffa000, 0x0000024570ffb800, 0x0000024570ffb000, 0x0000024570ff6000,
0x0000024570fff800, 0x0000024570ffe000, 0x0000024571002000, 0x0000024570ffd800,
0x0000024570fff000, 0x0000024570ffc800, 0x0000024571000800, 0x0000024571001800,
0x0000024571003000, 0x000002456da36000, 0x000002456da3a000, 0x000002456da34800,
0x000002456da38000, 0x000002456da3b000, 0x000002456da35800, 0x000002456da38800,
0x000002456da37000, 0x000002456da39800, 0x000002456d1b1000, 0x000002456d1b2000,
0x000002456d1b2800, 0x000002456d1b5000, 0x000002456a00d800
}

Java Threads: ( => current thread )
  0x000002454f7b1800 JavaThread "main" [_thread_blocked, id=7936, stack(0x000000cd8ff00000,0x000000cd90000000)]
  0x0000024569c46000 JavaThread "Reference Handler" daemon [_thread_blocked, id=1248, stack(0x000000cd90500000,0x000000cd90600000)]
  0x0000024569c49000 JavaThread "Finalizer" daemon [_thread_blocked, id=6860, stack(0x000000cd90600000,0x000000cd90700000)]
  0x0000024569ca4800 JavaThread "Signal Dispatcher" daemon [_thread_blocked, id=11864, stack(0x000000cd90700000,0x000000cd90800000)]
  0x0000024569ca7000 JavaThread "Attach Listener" daemon [_thread_blocked, id=7224, stack(0x000000cd90800000,0x000000cd90900000)]
  0x0000024569ca9000 JavaThread "Service Thread" daemon [_thread_blocked, id=9376, stack(0x000000cd90900000,0x000000cd90a00000)]
  0x0000024569cae000 JavaThread "C2 CompilerThread0" daemon [_thread_in_native, id=3284, stack(0x000000cd90a00000,0x000000cd90b00000)]
  0x0000024569cb2800 JavaThread "C1 CompilerThread0" daemon [_thread_blocked, id=732, stack(0x000000cd90b00000,0x000000cd90c00000)]
  0x0000024569d1c000 JavaThread "Sweeper thread" daemon [_thread_blocked, id=11612, stack(0x000000cd90c00000,0x000000cd90d00000)]
  0x0000024569e1f000 JavaThread "Common-Cleaner" daemon [_thread_blocked, id=8800, stack(0x000000cd90d00000,0x000000cd90e00000)]
  0x000002456bdbe800 JavaThread "Daemon health stats" [_thread_blocked, id=11128, stack(0x000000cd91300000,0x000000cd91400000)]
  0x000002456a9da800 JavaThread "Incoming local TCP Connector on port 50610" [_thread_in_native, id=11852, stack(0x000000cd91400000,0x000000cd91500000)]
  0x000002456b6f9000 JavaThread "Daemon periodic checks" [_thread_blocked, id=9208, stack(0x000000cd91500000,0x000000cd91600000)]
  0x000002456b56e000 JavaThread "Cache worker for journal cache (C:\Users\it_04\.gradle\caches\journal-1)" [_thread_blocked, id=7972, stack(0x000000cd91d00000,0x000000cd91e00000)]
  0x000002456b570800 JavaThread "File lock request listener" [_thread_in_native, id=3928, stack(0x000000cd91e00000,0x000000cd91f00000)]
  0x000002456b56f000 JavaThread "Cache worker for file hash cache (C:\Users\it_04\.gradle\caches\7.5\fileHashes)" [_thread_blocked, id=4608, stack(0x000000cd91f00000,0x000000cd92000000)]
=>0x000002456f51b800 JavaThread "File watcher server" daemon [_thread_in_native, id=9480, stack(0x000000cd92000000,0x000000cd92100000)]
  0x000002456f518000 JavaThread "jar transforms" [_thread_blocked, id=10440, stack(0x000000cd92200000,0x000000cd92300000)]
  0x000002456f51c000 JavaThread "jar transforms Thread 2" [_thread_blocked, id=8676, stack(0x000000cd92300000,0x000000cd92400000)]
  0x000002456f517800 JavaThread "jar transforms Thread 3" [_thread_blocked, id=3712, stack(0x000000cd92400000,0x000000cd92500000)]
  0x000002456f519800 JavaThread "jar transforms Thread 4" [_thread_blocked, id=10540, stack(0x000000cd92500000,0x000000cd92600000)]
  0x000002456f522800 JavaThread "Cache worker for file content cache (C:\Users\it_04\.gradle\caches\7.5\fileContent)" [_thread_blocked, id=3960, stack(0x000000cd92800000,0x000000cd92900000)]
  0x000002456f521000 JavaThread "Cache worker for execution history cache (C:\Users\it_04\.gradle\caches\7.5\executionHistory)" [_thread_blocked, id=7284, stack(0x000000cd92b00000,0x000000cd92c00000)]
  0x000002456fd00000 JavaThread "Memory manager" [_thread_blocked, id=11604, stack(0x000000cd95600000,0x000000cd95700000)]
  0x000002456fd00800 JavaThread "pool-3-thread-1" [_thread_blocked, id=7740, stack(0x000000cd95700000,0x000000cd95800000)]
  0x000002456fcf7800 JavaThread "Daemon Thread 2" [_thread_blocked, id=8884, stack(0x000000cd8fd00000,0x000000cd8fe00000)]
  0x000002456fcf5000 JavaThread "Handler for socket connection from /127.0.0.1:50610 to /127.0.0.1:50914" [_thread_in_native, id=8428, stack(0x000000cd8fe00000,0x000000cd8ff00000)]
  0x000002456fcf7000 JavaThread "Cancel handler" [_thread_blocked, id=1428, stack(0x000000cd90f00000,0x000000cd91000000)]
  0x000002456fcf6000 JavaThread "Daemon worker Thread 2" [_thread_blocked, id=3184, stack(0x000000cd91600000,0x000000cd91700000)]
  0x000002456fcf8800 JavaThread "Asynchronous log dispatcher for DefaultDaemonConnection: socket connection from /127.0.0.1:50610 to /127.0.0.1:50914" [_thread_blocked, id=7396, stack(0x000000cd91700000,0x000000cd91800000)]
  0x000002456fcf9800 JavaThread "Stdin handler" [_thread_blocked, id=9464, stack(0x000000cd91800000,0x000000cd91900000)]
  0x000002456fcf3800 JavaThread "Daemon client event forwarder" [_thread_blocked, id=2584, stack(0x000000cd91900000,0x000000cd91a00000)]
  0x000002456fcfa000 JavaThread "Cache worker for checksums cache (D:\SourceAndroid\KyThuat\.gradle\7.5\checksums)" [_thread_blocked, id=10136, stack(0x000000cd91a00000,0x000000cd91b00000)]
  0x000002456fcf4800 JavaThread "Cache worker for cache directory md-rule (C:\Users\it_04\.gradle\caches\7.5\md-rule)" [_thread_blocked, id=7980, stack(0x000000cd91b00000,0x000000cd91c00000)]
  0x000002456fcfb800 JavaThread "Cache worker for file hash cache (D:\SourceAndroid\KyThuat\.gradle\7.5\fileHashes)" [_thread_blocked, id=10652, stack(0x000000cd91c00000,0x000000cd91d00000)]
  0x000002456fcfd800 JavaThread "Cache worker for cache directory md-supplier (C:\Users\it_04\.gradle\caches\7.5\md-supplier)" [_thread_blocked, id=6820, stack(0x000000cd92600000,0x000000cd92700000)]
  0x000002456fcfb000 JavaThread "Cache worker for dependencies-accessors (D:\SourceAndroid\KyThuat\.gradle\7.5\dependencies-accessors)" [_thread_blocked, id=6628, stack(0x000000cd92700000,0x000000cd92800000)]
  0x000002456fd01800 JavaThread "Cache worker for Build Output Cleanup Cache (D:\SourceAndroid\KyThuat\.gradle\buildOutputCleanup)" [_thread_blocked, id=10688, stack(0x000000cd92900000,0x000000cd92a00000)]
  0x000002456fcfc800 JavaThread "Unconstrained build operations" [_thread_blocked, id=4348, stack(0x000000cd92c00000,0x000000cd92d00000)]
  0x000002456fd02000 JavaThread "Unconstrained build operations Thread 2" [_thread_blocked, id=8216, stack(0x000000cd92d00000,0x000000cd92e00000)]
  0x000002456fcfe000 JavaThread "Unconstrained build operations Thread 3" [_thread_blocked, id=10864, stack(0x000000cd92e00000,0x000000cd92f00000)]
  0x000002456fcff000 JavaThread "Unconstrained build operations Thread 4" [_thread_blocked, id=7528, stack(0x000000cd92f00000,0x000000cd93000000)]
  0x000002456f519000 JavaThread "Unconstrained build operations Thread 5" [_thread_blocked, id=11152, stack(0x000000cd93000000,0x000000cd93100000)]
  0x000002456f516800 JavaThread "Unconstrained build operations Thread 6" [_thread_blocked, id=8348, stack(0x000000cd93100000,0x000000cd93200000)]
  0x000002456f51d000 JavaThread "Unconstrained build operations Thread 7" [_thread_blocked, id=2068, stack(0x000000cd93200000,0x000000cd93300000)]
  0x000002456f51f800 JavaThread "Unconstrained build operations Thread 8" [_thread_blocked, id=10420, stack(0x000000cd93300000,0x000000cd93400000)]
  0x000002456f51e000 JavaThread "Unconstrained build operations Thread 9" [_thread_blocked, id=11560, stack(0x000000cd93400000,0x000000cd93500000)]
  0x000002456f524800 JavaThread "Unconstrained build operations Thread 10" [_thread_blocked, id=11804, stack(0x000000cd93500000,0x000000cd93600000)]
  0x000002456f522000 JavaThread "Unconstrained build operations Thread 11" [_thread_blocked, id=10840, stack(0x000000cd93600000,0x000000cd93700000)]
  0x000002456f51e800 JavaThread "Unconstrained build operations Thread 12" [_thread_blocked, id=8716, stack(0x000000cd93700000,0x000000cd93800000)]
  0x000002456f525000 JavaThread "Unconstrained build operations Thread 13" [_thread_blocked, id=652, stack(0x000000cd93800000,0x000000cd93900000)]
  0x000002456f520800 JavaThread "Unconstrained build operations Thread 14" [_thread_blocked, id=1916, stack(0x000000cd93900000,0x000000cd93a00000)]
  0x000002456b570000 JavaThread "Unconstrained build operations Thread 15" [_thread_blocked, id=352, stack(0x000000cd93a00000,0x000000cd93b00000)]
  0x0000024570ff7800 JavaThread "Unconstrained build operations Thread 16" [_thread_blocked, id=5148, stack(0x000000cd93b00000,0x000000cd93c00000)]
  0x0000024570ff8800 JavaThread "Unconstrained build operations Thread 17" [_thread_blocked, id=6964, stack(0x000000cd93c00000,0x000000cd93d00000)]
  0x0000024570ff9000 JavaThread "Unconstrained build operations Thread 18" [_thread_blocked, id=11724, stack(0x000000cd93d00000,0x000000cd93e00000)]
  0x0000024570ff3800 JavaThread "Unconstrained build operations Thread 19" [_thread_blocked, id=9528, stack(0x000000cd93e00000,0x000000cd93f00000)]
  0x0000024570ff6800 JavaThread "Unconstrained build operations Thread 20" [_thread_blocked, id=3384, stack(0x000000cd93f00000,0x000000cd94000000)]
  0x0000024570ff4800 JavaThread "Unconstrained build operations Thread 21" [_thread_blocked, id=9684, stack(0x000000cd94000000,0x000000cd94100000)]
  0x0000024570ff5000 JavaThread "Unconstrained build operations Thread 22" [_thread_blocked, id=10768, stack(0x000000cd94100000,0x000000cd94200000)]
  0x0000024570ffa000 JavaThread "Unconstrained build operations Thread 23" [_thread_blocked, id=8584, stack(0x000000cd94200000,0x000000cd94300000)]
  0x0000024570ffb800 JavaThread "Unconstrained build operations Thread 24" [_thread_blocked, id=7176, stack(0x000000cd94300000,0x000000cd94400000)]
  0x0000024570ffb000 JavaThread "Unconstrained build operations Thread 25" [_thread_blocked, id=11992, stack(0x000000cd94400000,0x000000cd94500000)]
  0x0000024570ff6000 JavaThread "Unconstrained build operations Thread 26" [_thread_blocked, id=1708, stack(0x000000cd94500000,0x000000cd94600000)]
  0x0000024570fff800 JavaThread "Unconstrained build operations Thread 27" [_thread_blocked, id=9276, stack(0x000000cd94600000,0x000000cd94700000)]
  0x0000024570ffe000 JavaThread "Unconstrained build operations Thread 28" [_thread_blocked, id=8636, stack(0x000000cd94700000,0x000000cd94800000)]
  0x0000024571002000 JavaThread "Unconstrained build operations Thread 29" [_thread_blocked, id=12224, stack(0x000000cd94800000,0x000000cd94900000)]
  0x0000024570ffd800 JavaThread "Unconstrained build operations Thread 30" [_thread_blocked, id=5184, stack(0x000000cd94900000,0x000000cd94a00000)]
  0x0000024570fff000 JavaThread "Unconstrained build operations Thread 31" [_thread_blocked, id=10544, stack(0x000000cd94a00000,0x000000cd94b00000)]
  0x0000024570ffc800 JavaThread "Unconstrained build operations Thread 32" [_thread_blocked, id=11916, stack(0x000000cd94b00000,0x000000cd94c00000)]
  0x0000024571000800 JavaThread "Unconstrained build operations Thread 33" [_thread_blocked, id=10636, stack(0x000000cd94c00000,0x000000cd94d00000)]
  0x0000024571001800 JavaThread "Unconstrained build operations Thread 34" [_thread_blocked, id=7084, stack(0x000000cd94d00000,0x000000cd94e00000)]
  0x0000024571003000 JavaThread "Unconstrained build operations Thread 35" [_thread_blocked, id=2348, stack(0x000000cd94e00000,0x000000cd94f00000)]
  0x000002456da36000 JavaThread "Unconstrained build operations Thread 36" [_thread_blocked, id=6440, stack(0x000000cd94f00000,0x000000cd95000000)]
  0x000002456da3a000 JavaThread "Unconstrained build operations Thread 37" [_thread_blocked, id=7800, stack(0x000000cd95000000,0x000000cd95100000)]
  0x000002456da34800 JavaThread "Unconstrained build operations Thread 38" [_thread_blocked, id=5224, stack(0x000000cd95100000,0x000000cd95200000)]
  0x000002456da38000 JavaThread "Unconstrained build operations Thread 39" [_thread_blocked, id=4808, stack(0x000000cd95200000,0x000000cd95300000)]
  0x000002456da3b000 JavaThread "Unconstrained build operations Thread 40" [_thread_blocked, id=5904, stack(0x000000cd95300000,0x000000cd95400000)]
  0x000002456da35800 JavaThread "build event listener" [_thread_blocked, id=8640, stack(0x000000cd95400000,0x000000cd95500000)]
  0x000002456da38800 JavaThread "pool-6-thread-1" [_thread_blocked, id=6452, stack(0x000000cd95500000,0x000000cd95600000)]
  0x000002456da37000 JavaThread "build event listener" [_thread_blocked, id=10248, stack(0x000000cd95800000,0x000000cd95900000)]
  0x000002456da39800 JavaThread "included builds" [_thread_blocked, id=4676, stack(0x000000cd95900000,0x000000cd95a00000)]
  0x000002456d1b1000 JavaThread "Execution worker" [_thread_blocked, id=7292, stack(0x000000cd95a00000,0x000000cd95b00000)]
  0x000002456d1b2000 JavaThread "Execution worker Thread 2" [_thread_blocked, id=2836, stack(0x000000cd95b00000,0x000000cd95c00000)]
  0x000002456d1b2800 JavaThread "Execution worker Thread 3" [_thread_in_native, id=4576, stack(0x000000cd95c00000,0x000000cd95d00000)]
  0x000002456d1b5000 JavaThread "Cache worker for execution history cache (D:\SourceAndroid\KyThuat\.gradle\7.5\executionHistory)" [_thread_blocked, id=7908, stack(0x000000cd95d00000,0x000000cd95e00000)]
  0x000002456a00d800 JavaThread "C2 CompilerThread1" daemon [_thread_in_native, id=1364, stack(0x000000cd92100000,0x000000cd92200000)]

Other Threads:
  0x000002456940b800 VMThread "VM Thread" [stack: 0x000000cd90400000,0x000000cd90500000] [id=2864]
  0x0000024569e48000 WatcherThread [stack: 0x000000cd90e00000,0x000000cd90f00000] [id=12032]
  0x000002454f7cb000 GCTaskThread "GC Thread#0" [stack: 0x000000cd8fc00000,0x000000cd8fd00000] [id=10268]
  0x000002456a71c800 GCTaskThread "GC Thread#1" [stack: 0x000000cd91000000,0x000000cd91100000] [id=3756]
  0x000002456a2e9000 GCTaskThread "GC Thread#2" [stack: 0x000000cd91100000,0x000000cd91200000] [id=6916]
  0x000002456a6c1800 GCTaskThread "GC Thread#3" [stack: 0x000000cd91200000,0x000000cd91300000] [id=2084]
  0x000002454f7fa800 ConcurrentGCThread "G1 Main Marker" [stack: 0x000000cd90000000,0x000000cd90100000] [id=11600]
  0x000002454f7fc000 ConcurrentGCThread "G1 Conc#0" [stack: 0x000000cd90100000,0x000000cd90200000] [id=5124]
  0x000002454f87d800 ConcurrentGCThread "G1 Refine#0" [stack: 0x000000cd90200000,0x000000cd90300000] [id=1268]
  0x000002454f87e800 ConcurrentGCThread "G1 Young RemSet Sampling" [stack: 0x000000cd90300000,0x000000cd90400000] [id=1776]

Threads with active compile tasks:
C2 CompilerThread0   295977 12906   !   4       java.io.ObjectOutputStream::writeObject0 (619 bytes)
C2 CompilerThread1   295978 13116       4       org.gradle.internal.snapshot.VfsRelativePath::compareToFirstSegment (203 bytes)

VM state:not at safepoint (normal execution)

VM Mutex/Monitor currently owned by a thread: None

Heap address: 0x0000000080000000, size: 2048 MB, Compressed Oops mode: 32-bit
Narrow klass base: 0x0000000000000000, Narrow klass shift: 3
Compressed class space size: 1073741824 Address: 0x0000000100000000

Heap:
 garbage-first heap   total 260096K, used 218887K [0x0000000080000000, 0x0000000100000000)
  region size 1024K, 27 young (27648K), 5 survivors (5120K)
 Metaspace       used 106604K, capacity 109779K, committed 110060K, reserved 1144832K
  class space    used 13256K, capacity 14344K, committed 14464K, reserved 1048576K
Heap Regions: E=young(eden), S=young(survivor), O=old, HS=humongous(starts), HC=humongous(continues), CS=collection set, F=free, A=archive, TAMS=top-at-mark-start (previous, next)
|   0|0x0000000080000000, 0x0000000080100000, 0x0000000080100000|100%|HS|  |TAMS 0x0000000080100000, 0x0000000080000000| Complete 
|   1|0x0000000080100000, 0x0000000080200000, 0x0000000080200000|100%|HC|  |TAMS 0x0000000080200000, 0x0000000080100000| Complete 
|   2|0x0000000080200000, 0x0000000080300000, 0x0000000080300000|100%|HC|  |TAMS 0x0000000080300000, 0x0000000080200000| Complete 
|   3|0x0000000080300000, 0x0000000080400000, 0x0000000080400000|100%| O|  |TAMS 0x0000000080400000, 0x0000000080300000| Untracked 
|   4|0x0000000080400000, 0x0000000080500000, 0x0000000080500000|100%| O|  |TAMS 0x0000000080500000, 0x0000000080400000| Untracked 
|   5|0x0000000080500000, 0x0000000080600000, 0x0000000080600000|100%| O|  |TAMS 0x0000000080600000, 0x0000000080500000| Untracked 
|   6|0x0000000080600000, 0x0000000080700000, 0x0000000080700000|100%| O|  |TAMS 0x0000000080700000, 0x0000000080600000| Untracked 
|   7|0x0000000080700000, 0x0000000080800000, 0x0000000080800000|100%| O|  |TAMS 0x0000000080800000, 0x0000000080700000| Untracked 
|   8|0x0000000080800000, 0x0000000080900000, 0x0000000080900000|100%| O|  |TAMS 0x0000000080900000, 0x0000000080800000| Untracked 
|   9|0x0000000080900000, 0x0000000080a00000, 0x0000000080a00000|100%| O|  |TAMS 0x0000000080a00000, 0x0000000080900000| Untracked 
|  10|0x0000000080a00000, 0x0000000080b00000, 0x0000000080b00000|100%| O|  |TAMS 0x0000000080b00000, 0x0000000080a00000| Untracked 
|  11|0x0000000080b00000, 0x0000000080c00000, 0x0000000080c00000|100%| O|  |TAMS 0x0000000080c00000, 0x0000000080b00000| Untracked 
|  12|0x0000000080c00000, 0x0000000080d00000, 0x0000000080d00000|100%| O|  |TAMS 0x0000000080d00000, 0x0000000080c00000| Untracked 
|  13|0x0000000080d00000, 0x0000000080e00000, 0x0000000080e00000|100%| O|  |TAMS 0x0000000080e00000, 0x0000000080d00000| Untracked 
|  14|0x0000000080e00000, 0x0000000080f00000, 0x0000000080f00000|100%| O|  |TAMS 0x0000000080f00000, 0x0000000080e00000| Untracked 
|  15|0x0000000080f00000, 0x0000000081000000, 0x0000000081000000|100%| O|  |TAMS 0x0000000081000000, 0x0000000080f00000| Untracked 
|  16|0x0000000081000000, 0x0000000081100000, 0x0000000081100000|100%| O|  |TAMS 0x0000000081100000, 0x0000000081000000| Complete 
|  17|0x0000000081100000, 0x0000000081200000, 0x0000000081200000|100%|HS|  |TAMS 0x0000000081200000, 0x0000000081100000| Complete 
|  18|0x0000000081200000, 0x0000000081300000, 0x0000000081300000|100%|HC|  |TAMS 0x0000000081300000, 0x0000000081200000| Complete 
|  19|0x0000000081300000, 0x0000000081400000, 0x0000000081400000|100%|HS|  |TAMS 0x0000000081400000, 0x0000000081300000| Complete 
|  20|0x0000000081400000, 0x0000000081500000, 0x0000000081500000|100%|HC|  |TAMS 0x0000000081500000, 0x0000000081400000| Complete 
|  21|0x0000000081500000, 0x0000000081600000, 0x0000000081600000|100%|HC|  |TAMS 0x0000000081600000, 0x0000000081500000| Complete 
|  22|0x0000000081600000, 0x0000000081700000, 0x0000000081700000|100%|HS|  |TAMS 0x0000000081700000, 0x0000000081600000| Complete 
|  23|0x0000000081700000, 0x0000000081800000, 0x0000000081800000|100%|HC|  |TAMS 0x0000000081800000, 0x0000000081700000| Complete 
|  24|0x0000000081800000, 0x0000000081900000, 0x0000000081900000|100%|HC|  |TAMS 0x0000000081900000, 0x0000000081800000| Complete 
|  25|0x0000000081900000, 0x0000000081a00000, 0x0000000081a00000|100%|HS|  |TAMS 0x0000000081a00000, 0x0000000081900000| Complete 
|  26|0x0000000081a00000, 0x0000000081b00000, 0x0000000081b00000|100%|HC|  |TAMS 0x0000000081b00000, 0x0000000081a00000| Complete 
|  27|0x0000000081b00000, 0x0000000081c00000, 0x0000000081c00000|100%|HS|  |TAMS 0x0000000081c00000, 0x0000000081b00000| Complete 
|  28|0x0000000081c00000, 0x0000000081d00000, 0x0000000081d00000|100%|HC|  |TAMS 0x0000000081d00000, 0x0000000081c00000| Complete 
|  29|0x0000000081d00000, 0x0000000081e00000, 0x0000000081e00000|100%|HC|  |TAMS 0x0000000081e00000, 0x0000000081d00000| Complete 
|  30|0x0000000081e00000, 0x0000000081f00000, 0x0000000081f00000|100%|HC|  |TAMS 0x0000000081f00000, 0x0000000081e00000| Complete 
|  31|0x0000000081f00000, 0x0000000082000000, 0x0000000082000000|100%|HC|  |TAMS 0x0000000082000000, 0x0000000081f00000| Complete 
|  32|0x0000000082000000, 0x0000000082100000, 0x0000000082100000|100%|HC|  |TAMS 0x0000000082100000, 0x0000000082000000| Complete 
|  33|0x0000000082100000, 0x0000000082200000, 0x0000000082200000|100%|HC|  |TAMS 0x0000000082200000, 0x0000000082100000| Complete 
|  34|0x0000000082200000, 0x0000000082300000, 0x0000000082300000|100%|HC|  |TAMS 0x0000000082300000, 0x0000000082200000| Complete 
|  35|0x0000000082300000, 0x0000000082400000, 0x0000000082400000|100%|HC|  |TAMS 0x0000000082400000, 0x0000000082300000| Complete 
|  36|0x0000000082400000, 0x0000000082500000, 0x0000000082500000|100%|HC|  |TAMS 0x0000000082500000, 0x0000000082400000| Complete 
|  37|0x0000000082500000, 0x0000000082600000, 0x0000000082600000|100%|HS|  |TAMS 0x0000000082600000, 0x0000000082500000| Complete 
|  38|0x0000000082600000, 0x0000000082700000, 0x0000000082700000|100%|HC|  |TAMS 0x0000000082700000, 0x0000000082600000| Complete 
|  39|0x0000000082700000, 0x0000000082800000, 0x0000000082800000|100%|HS|  |TAMS 0x0000000082800000, 0x0000000082700000| Complete 
|  40|0x0000000082800000, 0x0000000082900000, 0x0000000082900000|100%|HC|  |TAMS 0x0000000082900000, 0x0000000082800000| Complete 
|  41|0x0000000082900000, 0x0000000082a00000, 0x0000000082a00000|100%|HC|  |TAMS 0x0000000082a00000, 0x0000000082900000| Complete 
|  42|0x0000000082a00000, 0x0000000082b00000, 0x0000000082b00000|100%|HC|  |TAMS 0x0000000082b00000, 0x0000000082a00000| Complete 
|  43|0x0000000082b00000, 0x0000000082c00000, 0x0000000082c00000|100%|HC|  |TAMS 0x0000000082c00000, 0x0000000082b00000| Complete 
|  44|0x0000000082c00000, 0x0000000082d00000, 0x0000000082d00000|100%| O|  |TAMS 0x0000000082d00000, 0x0000000082c00000| Untracked 
|  45|0x0000000082d00000, 0x0000000082e00000, 0x0000000082e00000|100%| O|  |TAMS 0x0000000082e00000, 0x0000000082d00000| Untracked 
|  46|0x0000000082e00000, 0x0000000082f00000, 0x0000000082f00000|100%| O|  |TAMS 0x0000000082f00000, 0x0000000082e00000| Untracked 
|  47|0x0000000082f00000, 0x0000000083000000, 0x0000000083000000|100%| O|  |TAMS 0x0000000083000000, 0x0000000082f00000| Untracked 
|  48|0x0000000083000000, 0x0000000083100000, 0x0000000083100000|100%| O|  |TAMS 0x0000000083100000, 0x0000000083000000| Complete 
|  49|0x0000000083100000, 0x0000000083200000, 0x0000000083200000|100%| O|  |TAMS 0x0000000083200000, 0x0000000083100000| Complete 
|  50|0x0000000083200000, 0x0000000083300000, 0x0000000083300000|100%| O|  |TAMS 0x0000000083300000, 0x0000000083200000| Complete 
|  51|0x0000000083300000, 0x0000000083400000, 0x0000000083400000|100%| O|  |TAMS 0x0000000083400000, 0x0000000083300000| Untracked 
|  52|0x0000000083400000, 0x0000000083500000, 0x0000000083500000|100%|HS|  |TAMS 0x0000000083500000, 0x0000000083400000| Complete 
|  53|0x0000000083500000, 0x0000000083600000, 0x0000000083600000|100%|HC|  |TAMS 0x0000000083600000, 0x0000000083500000| Complete 
|  54|0x0000000083600000, 0x0000000083700000, 0x0000000083700000|100%|HC|  |TAMS 0x0000000083700000, 0x0000000083600000| Complete 
|  55|0x0000000083700000, 0x0000000083800000, 0x0000000083800000|100%|HC|  |TAMS 0x0000000083800000, 0x0000000083700000| Complete 
|  56|0x0000000083800000, 0x0000000083900000, 0x0000000083900000|100%|HC|  |TAMS 0x0000000083900000, 0x0000000083800000| Complete 
|  57|0x0000000083900000, 0x0000000083a00000, 0x0000000083a00000|100%|HC|  |TAMS 0x0000000083a00000, 0x0000000083900000| Complete 
|  58|0x0000000083a00000, 0x0000000083b00000, 0x0000000083b00000|100%|HC|  |TAMS 0x0000000083b00000, 0x0000000083a00000| Complete 
|  59|0x0000000083b00000, 0x0000000083c00000, 0x0000000083c00000|100%|HC|  |TAMS 0x0000000083c00000, 0x0000000083b00000| Complete 
|  60|0x0000000083c00000, 0x0000000083d00000, 0x0000000083d00000|100%|HC|  |TAMS 0x0000000083d00000, 0x0000000083c00000| Complete 
|  61|0x0000000083d00000, 0x0000000083e00000, 0x0000000083e00000|100%|HC|  |TAMS 0x0000000083e00000, 0x0000000083d00000| Complete 
|  62|0x0000000083e00000, 0x0000000083f00000, 0x0000000083f00000|100%|HS|  |TAMS 0x0000000083f00000, 0x0000000083e00000| Complete 
|  63|0x0000000083f00000, 0x0000000084000000, 0x0000000084000000|100%|HC|  |TAMS 0x0000000084000000, 0x0000000083f00000| Complete 
|  64|0x0000000084000000, 0x0000000084100000, 0x0000000084100000|100%|HS|  |TAMS 0x0000000084100000, 0x0000000084000000| Complete 
|  65|0x0000000084100000, 0x0000000084200000, 0x0000000084200000|100%|HC|  |TAMS 0x0000000084200000, 0x0000000084100000| Complete 
|  66|0x0000000084200000, 0x0000000084300000, 0x0000000084300000|100%|HC|  |TAMS 0x0000000084300000, 0x0000000084200000| Complete 
|  67|0x0000000084300000, 0x0000000084400000, 0x0000000084400000|100%|HS|  |TAMS 0x0000000084400000, 0x0000000084300000| Complete 
|  68|0x0000000084400000, 0x0000000084500000, 0x0000000084500000|100%|HC|  |TAMS 0x0000000084500000, 0x0000000084400000| Complete 
|  69|0x0000000084500000, 0x0000000084600000, 0x0000000084600000|100%|HS|  |TAMS 0x0000000084600000, 0x0000000084500000| Complete 
|  70|0x0000000084600000, 0x0000000084700000, 0x0000000084700000|100%|HC|  |TAMS 0x0000000084700000, 0x0000000084600000| Complete 
|  71|0x0000000084700000, 0x0000000084800000, 0x0000000084800000|100%|HC|  |TAMS 0x0000000084800000, 0x0000000084700000| Complete 
|  72|0x0000000084800000, 0x0000000084900000, 0x0000000084900000|100%|HS|  |TAMS 0x0000000084900000, 0x0000000084800000| Complete 
|  73|0x0000000084900000, 0x0000000084a00000, 0x0000000084a00000|100%|HS|  |TAMS 0x0000000084a00000, 0x0000000084900000| Complete 
|  74|0x0000000084a00000, 0x0000000084b00000, 0x0000000084b00000|100%|HC|  |TAMS 0x0000000084b00000, 0x0000000084a00000| Complete 
|  75|0x0000000084b00000, 0x0000000084c00000, 0x0000000084c00000|100%|HC|  |TAMS 0x0000000084c00000, 0x0000000084b00000| Complete 
|  76|0x0000000084c00000, 0x0000000084d00000, 0x0000000084d00000|100%|HC|  |TAMS 0x0000000084d00000, 0x0000000084c00000| Complete 
|  77|0x0000000084d00000, 0x0000000084e00000, 0x0000000084e00000|100%|HC|  |TAMS 0x0000000084e00000, 0x0000000084d00000| Complete 
|  78|0x0000000084e00000, 0x0000000084f00000, 0x0000000084f00000|100%| O|  |TAMS 0x0000000084f00000, 0x0000000084e00000| Untracked 
|  79|0x0000000084f00000, 0x0000000085000000, 0x0000000085000000|100%| O|  |TAMS 0x0000000085000000, 0x0000000084f00000| Untracked 
|  80|0x0000000085000000, 0x0000000085100000, 0x0000000085100000|100%| O|  |TAMS 0x0000000085100000, 0x0000000085000000| Complete 
|  81|0x0000000085100000, 0x0000000085200000, 0x0000000085200000|100%|HS|  |TAMS 0x0000000085200000, 0x0000000085100000| Complete 
|  82|0x0000000085200000, 0x0000000085300000, 0x0000000085300000|100%| O|  |TAMS 0x0000000085300000, 0x0000000085200000| Complete 
|  83|0x0000000085300000, 0x0000000085400000, 0x0000000085400000|100%|HS|  |TAMS 0x0000000085400000, 0x0000000085300000| Complete 
|  84|0x0000000085400000, 0x0000000085500000, 0x0000000085500000|100%|HC|  |TAMS 0x0000000085500000, 0x0000000085400000| Complete 
|  85|0x0000000085500000, 0x0000000085600000, 0x0000000085600000|100%| O|  |TAMS 0x0000000085600000, 0x0000000085500000| Untracked 
|  86|0x0000000085600000, 0x0000000085700000, 0x0000000085700000|100%| O|  |TAMS 0x0000000085700000, 0x0000000085600000| Complete 
|  87|0x0000000085700000, 0x0000000085800000, 0x0000000085800000|100%| O|  |TAMS 0x0000000085800000, 0x0000000085700000| Untracked 
|  88|0x0000000085800000, 0x0000000085900000, 0x0000000085900000|100%| O|  |TAMS 0x0000000085900000, 0x0000000085800000| Untracked 
|  89|0x0000000085900000, 0x0000000085a00000, 0x0000000085a00000|100%| O|  |TAMS 0x0000000085a00000, 0x0000000085900000| Untracked 
|  90|0x0000000085a00000, 0x0000000085b00000, 0x0000000085b00000|100%| O|  |TAMS 0x0000000085b00000, 0x0000000085a00000| Untracked 
|  91|0x0000000085b00000, 0x0000000085c00000, 0x0000000085c00000|100%| O|  |TAMS 0x0000000085c00000, 0x0000000085b00000| Complete 
|  92|0x0000000085c00000, 0x0000000085d00000, 0x0000000085d00000|100%| O|  |TAMS 0x0000000085d00000, 0x0000000085c00000| Untracked 
|  93|0x0000000085d00000, 0x0000000085e00000, 0x0000000085e00000|100%| O|  |TAMS 0x0000000085e00000, 0x0000000085d00000| Untracked 
|  94|0x0000000085e00000, 0x0000000085f00000, 0x0000000085f00000|100%| O|  |TAMS 0x0000000085f00000, 0x0000000085e00000| Untracked 
|  95|0x0000000085f00000, 0x0000000086000000, 0x0000000086000000|100%| O|  |TAMS 0x0000000086000000, 0x0000000085f00000| Complete 
|  96|0x0000000086000000, 0x0000000086100000, 0x0000000086100000|100%| O|  |TAMS 0x0000000086100000, 0x0000000086000000| Complete 
|  97|0x0000000086100000, 0x0000000086200000, 0x0000000086200000|100%| O|  |TAMS 0x0000000086200000, 0x0000000086100000| Untracked 
|  98|0x0000000086200000, 0x0000000086300000, 0x0000000086300000|100%| O|  |TAMS 0x0000000086300000, 0x0000000086200000| Complete 
|  99|0x0000000086300000, 0x0000000086400000, 0x0000000086400000|100%| O|  |TAMS 0x0000000086400000, 0x0000000086300000| Untracked 
| 100|0x0000000086400000, 0x0000000086500000, 0x0000000086500000|100%| O|  |TAMS 0x0000000086500000, 0x0000000086400000| Complete 
| 101|0x0000000086500000, 0x0000000086600000, 0x0000000086600000|100%| O|  |TAMS 0x0000000086600000, 0x0000000086500000| Untracked 
| 102|0x0000000086600000, 0x0000000086700000, 0x0000000086700000|100%| O|  |TAMS 0x0000000086700000, 0x0000000086600000| Untracked 
| 103|0x0000000086700000, 0x0000000086800000, 0x0000000086800000|100%| O|  |TAMS 0x0000000086800000, 0x0000000086700000| Untracked 
| 104|0x0000000086800000, 0x0000000086900000, 0x0000000086900000|100%| O|  |TAMS 0x0000000086900000, 0x0000000086800000| Complete 
| 105|0x0000000086900000, 0x0000000086a00000, 0x0000000086a00000|100%| O|  |TAMS 0x0000000086a00000, 0x0000000086900000| Complete 
| 106|0x0000000086a00000, 0x0000000086b00000, 0x0000000086b00000|100%| O|  |TAMS 0x0000000086b00000, 0x0000000086a00000| Complete 
| 107|0x0000000086b00000, 0x0000000086c00000, 0x0000000086c00000|100%| O|  |TAMS 0x0000000086c00000, 0x0000000086b00000| Untracked 
| 108|0x0000000086c00000, 0x0000000086d00000, 0x0000000086d00000|100%| O|  |TAMS 0x0000000086d00000, 0x0000000086c00000| Untracked 
| 109|0x0000000086d00000, 0x0000000086e00000, 0x0000000086e00000|100%| O|  |TAMS 0x0000000086e00000, 0x0000000086d00000| Untracked 
| 110|0x0000000086e00000, 0x0000000086f00000, 0x0000000086f00000|100%| O|  |TAMS 0x0000000086f00000, 0x0000000086e00000| Complete 
| 111|0x0000000086f00000, 0x0000000087000000, 0x0000000087000000|100%| O|  |TAMS 0x0000000087000000, 0x0000000086f00000| Untracked 
| 112|0x0000000087000000, 0x0000000087100000, 0x0000000087100000|100%| O|  |TAMS 0x0000000087100000, 0x0000000087000000| Untracked 
| 113|0x0000000087100000, 0x0000000087200000, 0x0000000087200000|100%| O|  |TAMS 0x0000000087200000, 0x0000000087100000| Untracked 
| 114|0x0000000087200000, 0x0000000087300000, 0x0000000087300000|100%| O|  |TAMS 0x0000000087300000, 0x0000000087200000| Complete 
| 115|0x0000000087300000, 0x0000000087400000, 0x0000000087400000|100%| O|  |TAMS 0x0000000087400000, 0x0000000087300000| Untracked 
| 116|0x0000000087400000, 0x0000000087500000, 0x0000000087500000|100%| O|  |TAMS 0x0000000087500000, 0x0000000087400000| Untracked 
| 117|0x0000000087500000, 0x0000000087600000, 0x0000000087600000|100%| O|  |TAMS 0x0000000087600000, 0x0000000087500000| Complete 
| 118|0x0000000087600000, 0x0000000087700000, 0x0000000087700000|100%| O|  |TAMS 0x0000000087700000, 0x0000000087600000| Complete 
| 119|0x0000000087700000, 0x0000000087800000, 0x0000000087800000|100%| O|  |TAMS 0x0000000087800000, 0x0000000087700000| Complete 
| 120|0x0000000087800000, 0x0000000087900000, 0x0000000087900000|100%| O|  |TAMS 0x0000000087900000, 0x0000000087800000| Complete 
| 121|0x0000000087900000, 0x0000000087a00000, 0x0000000087a00000|100%| O|  |TAMS 0x0000000087a00000, 0x0000000087900000| Untracked 
| 122|0x0000000087a00000, 0x0000000087b00000, 0x0000000087b00000|100%| O|  |TAMS 0x0000000087b00000, 0x0000000087a00000| Untracked 
| 123|0x0000000087b00000, 0x0000000087c00000, 0x0000000087c00000|100%| O|  |TAMS 0x0000000087c00000, 0x0000000087b00000| Untracked 
| 124|0x0000000087c00000, 0x0000000087d00000, 0x0000000087d00000|100%| O|  |TAMS 0x0000000087d00000, 0x0000000087c00000| Complete 
| 125|0x0000000087d00000, 0x0000000087e00000, 0x0000000087e00000|100%|HS|  |TAMS 0x0000000087e00000, 0x0000000087d00000| Complete 
| 126|0x0000000087e00000, 0x0000000087f00000, 0x0000000087f00000|100%|HC|  |TAMS 0x0000000087f00000, 0x0000000087e00000| Complete 
| 127|0x0000000087f00000, 0x0000000088000000, 0x0000000088000000|100%|HS|  |TAMS 0x0000000088000000, 0x0000000087f00000| Complete 
| 128|0x0000000088000000, 0x0000000088100000, 0x0000000088100000|100%|HC|  |TAMS 0x0000000088100000, 0x0000000088000000| Complete 
| 129|0x0000000088100000, 0x0000000088200000, 0x0000000088200000|100%|HC|  |TAMS 0x0000000088200000, 0x0000000088100000| Complete 
| 130|0x0000000088200000, 0x0000000088300000, 0x0000000088300000|100%|HS|  |TAMS 0x0000000088300000, 0x0000000088200000| Complete 
| 131|0x0000000088300000, 0x0000000088400000, 0x0000000088400000|100%|HC|  |TAMS 0x0000000088400000, 0x0000000088300000| Complete 
| 132|0x0000000088400000, 0x0000000088500000, 0x0000000088500000|100%|HC|  |TAMS 0x0000000088500000, 0x0000000088400000| Complete 
| 133|0x0000000088500000, 0x0000000088600000, 0x0000000088600000|100%|HS|  |TAMS 0x0000000088600000, 0x0000000088500000| Complete 
| 134|0x0000000088600000, 0x0000000088700000, 0x0000000088700000|100%|HC|  |TAMS 0x0000000088700000, 0x0000000088600000| Complete 
| 135|0x0000000088700000, 0x0000000088800000, 0x0000000088800000|100%|HS|  |TAMS 0x0000000088800000, 0x0000000088700000| Complete 
| 136|0x0000000088800000, 0x0000000088900000, 0x0000000088900000|100%|HC|  |TAMS 0x0000000088900000, 0x0000000088800000| Complete 
| 137|0x0000000088900000, 0x0000000088a00000, 0x0000000088a00000|100%|HC|  |TAMS 0x0000000088a00000, 0x0000000088900000| Complete 
| 138|0x0000000088a00000, 0x0000000088b00000, 0x0000000088b00000|100%|HC|  |TAMS 0x0000000088b00000, 0x0000000088a00000| Complete 
| 139|0x0000000088b00000, 0x0000000088c00000, 0x0000000088c00000|100%|HC|  |TAMS 0x0000000088c00000, 0x0000000088b00000| Complete 
| 140|0x0000000088c00000, 0x0000000088d00000, 0x0000000088d00000|100%|HC|  |TAMS 0x0000000088d00000, 0x0000000088c00000| Complete 
| 141|0x0000000088d00000, 0x0000000088e00000, 0x0000000088e00000|100%|HC|  |TAMS 0x0000000088e00000, 0x0000000088d00000| Complete 
| 142|0x0000000088e00000, 0x0000000088f00000, 0x0000000088f00000|100%|HC|  |TAMS 0x0000000088f00000, 0x0000000088e00000| Complete 
| 143|0x0000000088f00000, 0x0000000089000000, 0x0000000089000000|100%|HC|  |TAMS 0x0000000089000000, 0x0000000088f00000| Complete 
| 144|0x0000000089000000, 0x0000000089100000, 0x0000000089100000|100%|HC|  |TAMS 0x0000000089100000, 0x0000000089000000| Complete 
| 145|0x0000000089100000, 0x0000000089200000, 0x0000000089200000|100%|HS|  |TAMS 0x0000000089200000, 0x0000000089100000| Complete 
| 146|0x0000000089200000, 0x0000000089300000, 0x0000000089300000|100%|HC|  |TAMS 0x0000000089300000, 0x0000000089200000| Complete 
| 147|0x0000000089300000, 0x0000000089400000, 0x0000000089400000|100%|HS|  |TAMS 0x0000000089400000, 0x0000000089300000| Complete 
| 148|0x0000000089400000, 0x0000000089500000, 0x0000000089500000|100%|HC|  |TAMS 0x0000000089500000, 0x0000000089400000| Complete 
| 149|0x0000000089500000, 0x0000000089600000, 0x0000000089600000|100%|HC|  |TAMS 0x0000000089600000, 0x0000000089500000| Complete 
| 150|0x0000000089600000, 0x0000000089700000, 0x0000000089700000|100%|HC|  |TAMS 0x0000000089700000, 0x0000000089600000| Complete 
| 151|0x0000000089700000, 0x0000000089800000, 0x0000000089800000|100%|HC|  |TAMS 0x0000000089800000, 0x0000000089700000| Complete 
| 152|0x0000000089800000, 0x0000000089900000, 0x0000000089900000|100%| O|  |TAMS 0x0000000089900000, 0x0000000089800000| Complete 
| 153|0x0000000089900000, 0x0000000089a00000, 0x0000000089a00000|100%| O|  |TAMS 0x0000000089a00000, 0x0000000089900000| Complete 
| 154|0x0000000089a00000, 0x0000000089b00000, 0x0000000089b00000|100%| O|  |TAMS 0x0000000089b00000, 0x0000000089a00000| Complete 
| 155|0x0000000089b00000, 0x0000000089c00000, 0x0000000089c00000|100%| O|  |TAMS 0x0000000089c00000, 0x0000000089b00000| Untracked 
| 156|0x0000000089c00000, 0x0000000089d00000, 0x0000000089d00000|100%| O|  |TAMS 0x0000000089d00000, 0x0000000089c00000| Untracked 
| 157|0x0000000089d00000, 0x0000000089e00000, 0x0000000089e00000|100%| O|  |TAMS 0x0000000089e00000, 0x0000000089d00000| Complete 
| 158|0x0000000089e00000, 0x0000000089f00000, 0x0000000089f00000|100%| O|  |TAMS 0x0000000089f00000, 0x0000000089e00000| Complete 
| 159|0x0000000089f00000, 0x000000008a000000, 0x000000008a000000|100%| O|  |TAMS 0x000000008a000000, 0x0000000089f00000| Untracked 
| 160|0x000000008a000000, 0x000000008a100000, 0x000000008a100000|100%| O|  |TAMS 0x000000008a100000, 0x000000008a000000| Untracked 
| 161|0x000000008a100000, 0x000000008a200000, 0x000000008a200000|100%| O|  |TAMS 0x000000008a200000, 0x000000008a100000| Complete 
| 162|0x000000008a200000, 0x000000008a300000, 0x000000008a300000|100%| O|  |TAMS 0x000000008a300000, 0x000000008a200000| Complete 
| 163|0x000000008a300000, 0x000000008a400000, 0x000000008a400000|100%| O|  |TAMS 0x000000008a400000, 0x000000008a300000| Complete 
| 164|0x000000008a400000, 0x000000008a500000, 0x000000008a500000|100%| O|  |TAMS 0x000000008a500000, 0x000000008a400000| Complete 
| 165|0x000000008a500000, 0x000000008a600000, 0x000000008a600000|100%| O|  |TAMS 0x000000008a600000, 0x000000008a500000| Complete 
| 166|0x000000008a600000, 0x000000008a700000, 0x000000008a700000|100%| O|  |TAMS 0x000000008a700000, 0x000000008a600000| Complete 
| 167|0x000000008a700000, 0x000000008a800000, 0x000000008a800000|100%| O|  |TAMS 0x000000008a800000, 0x000000008a700000| Complete 
| 168|0x000000008a800000, 0x000000008a900000, 0x000000008a900000|100%| O|  |TAMS 0x000000008a900000, 0x000000008a800000| Complete 
| 169|0x000000008a900000, 0x000000008aa00000, 0x000000008aa00000|100%| O|  |TAMS 0x000000008aa00000, 0x000000008a900000| Complete 
| 170|0x000000008aa00000, 0x000000008ab00000, 0x000000008ab00000|100%| O|  |TAMS 0x000000008ab00000, 0x000000008aa00000| Untracked 
| 171|0x000000008ab00000, 0x000000008ac00000, 0x000000008ac00000|100%| O|  |TAMS 0x000000008ac00000, 0x000000008ab00000| Complete 
| 172|0x000000008ac00000, 0x000000008ad00000, 0x000000008ad00000|100%| O|  |TAMS 0x000000008ad00000, 0x000000008ac00000| Complete 
| 173|0x000000008ad00000, 0x000000008ae00000, 0x000000008ae00000|100%| O|  |TAMS 0x000000008ae00000, 0x000000008ad00000| Complete 
| 174|0x000000008ae00000, 0x000000008af00000, 0x000000008af00000|100%| O|  |TAMS 0x000000008af00000, 0x000000008ae00000| Complete 
| 175|0x000000008af00000, 0x000000008b000000, 0x000000008b000000|100%| O|  |TAMS 0x000000008b000000, 0x000000008af00000| Complete 
| 176|0x000000008b000000, 0x000000008b100000, 0x000000008b100000|100%| O|  |TAMS 0x000000008b100000, 0x000000008b000000| Complete 
| 177|0x000000008b100000, 0x000000008b200000, 0x000000008b200000|100%| O|  |TAMS 0x000000008b200000, 0x000000008b100000| Complete 
| 178|0x000000008b200000, 0x000000008b300000, 0x000000008b300000|100%| O|  |TAMS 0x000000008b300000, 0x000000008b200000| Untracked 
| 179|0x000000008b300000, 0x000000008b400000, 0x000000008b400000|100%| O|  |TAMS 0x000000008b400000, 0x000000008b300000| Untracked 
| 180|0x000000008b400000, 0x000000008b500000, 0x000000008b500000|100%| O|  |TAMS 0x000000008b500000, 0x000000008b400000| Untracked 
| 181|0x000000008b500000, 0x000000008b600000, 0x000000008b600000|100%| O|  |TAMS 0x000000008b600000, 0x000000008b500000| Untracked 
| 182|0x000000008b600000, 0x000000008b700000, 0x000000008b700000|100%| O|  |TAMS 0x000000008b700000, 0x000000008b600000| Untracked 
| 183|0x000000008b700000, 0x000000008b800000, 0x000000008b800000|100%| O|  |TAMS 0x000000008b800000, 0x000000008b700000| Untracked 
| 184|0x000000008b800000, 0x000000008b900000, 0x000000008b900000|100%| O|  |TAMS 0x000000008b900000, 0x000000008b800000| Complete 
| 185|0x000000008b900000, 0x000000008ba00000, 0x000000008ba00000|100%| O|  |TAMS 0x000000008ba00000, 0x000000008b900000| Untracked 
| 186|0x000000008ba00000, 0x000000008bb00000, 0x000000008bb00000|100%| O|  |TAMS 0x000000008bb00000, 0x000000008ba00000| Untracked 
| 187|0x000000008bb00000, 0x000000008bc00000, 0x000000008bc00000|100%| O|  |TAMS 0x000000008bc00000, 0x000000008bb00000| Untracked 
| 188|0x000000008bc00000, 0x000000008bcec400, 0x000000008bd00000| 92%| O|  |TAMS 0x000000008bcec400, 0x000000008bc00000| Untracked 
| 189|0x000000008bd00000, 0x000000008bd00000, 0x000000008be00000|  0%| F|  |TAMS 0x000000008bd00000, 0x000000008bd00000| Untracked 
| 190|0x000000008be00000, 0x000000008be00000, 0x000000008bf00000|  0%| F|  |TAMS 0x000000008be00000, 0x000000008be00000| Untracked 
| 191|0x000000008bf00000, 0x000000008bf00000, 0x000000008c000000|  0%| F|  |TAMS 0x000000008bf00000, 0x000000008bf00000| Untracked 
| 192|0x000000008c000000, 0x000000008c000000, 0x000000008c100000|  0%| F|  |TAMS 0x000000008c000000, 0x000000008c000000| Untracked 
| 193|0x000000008c100000, 0x000000008c100000, 0x000000008c200000|  0%| F|  |TAMS 0x000000008c100000, 0x000000008c100000| Untracked 
| 194|0x000000008c200000, 0x000000008c200000, 0x000000008c300000|  0%| F|  |TAMS 0x000000008c200000, 0x000000008c200000| Untracked 
| 195|0x000000008c300000, 0x000000008c300000, 0x000000008c400000|  0%| F|  |TAMS 0x000000008c300000, 0x000000008c300000| Untracked 
| 196|0x000000008c400000, 0x000000008c400000, 0x000000008c500000|  0%| F|  |TAMS 0x000000008c400000, 0x000000008c400000| Untracked 
| 197|0x000000008c500000, 0x000000008c500000, 0x000000008c600000|  0%| F|  |TAMS 0x000000008c500000, 0x000000008c500000| Untracked 
| 198|0x000000008c600000, 0x000000008c600000, 0x000000008c700000|  0%| F|  |TAMS 0x000000008c600000, 0x000000008c600000| Untracked 
| 199|0x000000008c700000, 0x000000008c700000, 0x000000008c800000|  0%| F|  |TAMS 0x000000008c700000, 0x000000008c700000| Untracked 
| 200|0x000000008c800000, 0x000000008c800000, 0x000000008c900000|  0%| F|  |TAMS 0x000000008c800000, 0x000000008c800000| Untracked 
| 201|0x000000008c900000, 0x000000008c900000, 0x000000008ca00000|  0%| F|  |TAMS 0x000000008c900000, 0x000000008c900000| Untracked 
| 202|0x000000008ca00000, 0x000000008ca00000, 0x000000008cb00000|  0%| F|  |TAMS 0x000000008ca00000, 0x000000008ca00000| Untracked 
| 203|0x000000008cb00000, 0x000000008cb00000, 0x000000008cc00000|  0%| F|  |TAMS 0x000000008cb00000, 0x000000008cb00000| Untracked 
| 204|0x000000008cc00000, 0x000000008cc00000, 0x000000008cd00000|  0%| F|  |TAMS 0x000000008cc00000, 0x000000008cc00000| Untracked 
| 205|0x000000008cd00000, 0x000000008cd00000, 0x000000008ce00000|  0%| F|  |TAMS 0x000000008cd00000, 0x000000008cd00000| Untracked 
| 206|0x000000008ce00000, 0x000000008ce00000, 0x000000008cf00000|  0%| F|  |TAMS 0x000000008ce00000, 0x000000008ce00000| Untracked 
| 207|0x000000008cf00000, 0x000000008cf00000, 0x000000008d000000|  0%| F|  |TAMS 0x000000008cf00000, 0x000000008cf00000| Untracked 
| 208|0x000000008d000000, 0x000000008d000000, 0x000000008d100000|  0%| F|  |TAMS 0x000000008d000000, 0x000000008d000000| Untracked 
| 209|0x000000008d100000, 0x000000008d100000, 0x000000008d200000|  0%| F|  |TAMS 0x000000008d100000, 0x000000008d100000| Untracked 
| 210|0x000000008d200000, 0x000000008d200000, 0x000000008d300000|  0%| F|  |TAMS 0x000000008d200000, 0x000000008d200000| Untracked 
| 211|0x000000008d300000, 0x000000008d300000, 0x000000008d400000|  0%| F|  |TAMS 0x000000008d300000, 0x000000008d300000| Untracked 
| 212|0x000000008d400000, 0x000000008d400000, 0x000000008d500000|  0%| F|  |TAMS 0x000000008d400000, 0x000000008d400000| Untracked 
| 213|0x000000008d500000, 0x000000008d500000, 0x000000008d600000|  0%| F|  |TAMS 0x000000008d500000, 0x000000008d500000| Untracked 
| 214|0x000000008d600000, 0x000000008d600000, 0x000000008d700000|  0%| F|  |TAMS 0x000000008d600000, 0x000000008d600000| Untracked 
| 215|0x000000008d700000, 0x000000008d700000, 0x000000008d800000|  0%| F|  |TAMS 0x000000008d700000, 0x000000008d700000| Untracked 
| 216|0x000000008d800000, 0x000000008d8d5c00, 0x000000008d900000| 83%| S|CS|TAMS 0x000000008d800000, 0x000000008d800000| Complete 
| 217|0x000000008d900000, 0x000000008d900000, 0x000000008da00000|  0%| F|  |TAMS 0x000000008d900000, 0x000000008d900000| Untracked 
| 218|0x000000008da00000, 0x000000008da00000, 0x000000008db00000|  0%| F|  |TAMS 0x000000008da00000, 0x000000008da00000| Untracked 
| 219|0x000000008db00000, 0x000000008db00000, 0x000000008dc00000|  0%| F|  |TAMS 0x000000008db00000, 0x000000008db00000| Untracked 
| 220|0x000000008dc00000, 0x000000008dd00000, 0x000000008dd00000|100%| S|CS|TAMS 0x000000008dc00000, 0x000000008dc00000| Complete 
| 221|0x000000008dd00000, 0x000000008de00000, 0x000000008de00000|100%| S|CS|TAMS 0x000000008dd00000, 0x000000008dd00000| Complete 
| 222|0x000000008de00000, 0x000000008df00000, 0x000000008df00000|100%| S|CS|TAMS 0x000000008de00000, 0x000000008de00000| Complete 
| 223|0x000000008df00000, 0x000000008e000000, 0x000000008e000000|100%| S|CS|TAMS 0x000000008df00000, 0x000000008df00000| Complete 
| 224|0x000000008e000000, 0x000000008e000000, 0x000000008e100000|  0%| F|  |TAMS 0x000000008e000000, 0x000000008e000000| Untracked 
| 225|0x000000008e100000, 0x000000008e100000, 0x000000008e200000|  0%| F|  |TAMS 0x000000008e100000, 0x000000008e100000| Untracked 
| 226|0x000000008e200000, 0x000000008e200000, 0x000000008e300000|  0%| F|  |TAMS 0x000000008e200000, 0x000000008e200000| Untracked 
| 227|0x000000008e300000, 0x000000008e300000, 0x000000008e400000|  0%| F|  |TAMS 0x000000008e300000, 0x000000008e300000| Untracked 
| 228|0x000000008e400000, 0x000000008e400000, 0x000000008e500000|  0%| F|  |TAMS 0x000000008e400000, 0x000000008e400000| Untracked 
| 229|0x000000008e500000, 0x000000008e500000, 0x000000008e600000|  0%| F|  |TAMS 0x000000008e500000, 0x000000008e500000| Untracked 
| 230|0x000000008e600000, 0x000000008e600000, 0x000000008e700000|  0%| F|  |TAMS 0x000000008e600000, 0x000000008e600000| Untracked 
| 231|0x000000008e700000, 0x000000008e700000, 0x000000008e800000|  0%| F|  |TAMS 0x000000008e700000, 0x000000008e700000| Untracked 
| 232|0x000000008e800000, 0x000000008e894478, 0x000000008e900000| 57%| E|  |TAMS 0x000000008e800000, 0x000000008e800000| Complete 
| 233|0x000000008e900000, 0x000000008ea00000, 0x000000008ea00000|100%| E|CS|TAMS 0x000000008e900000, 0x000000008e900000| Complete 
| 234|0x000000008ea00000, 0x000000008eb00000, 0x000000008eb00000|100%| E|CS|TAMS 0x000000008ea00000, 0x000000008ea00000| Complete 
| 235|0x000000008eb00000, 0x000000008ec00000, 0x000000008ec00000|100%| E|CS|TAMS 0x000000008eb00000, 0x000000008eb00000| Complete 
| 236|0x000000008ec00000, 0x000000008ed00000, 0x000000008ed00000|100%| E|  |TAMS 0x000000008ec00000, 0x000000008ec00000| Complete 
| 237|0x000000008ed00000, 0x000000008ee00000, 0x000000008ee00000|100%| E|CS|TAMS 0x000000008ed00000, 0x000000008ed00000| Complete 
| 238|0x000000008ee00000, 0x000000008ef00000, 0x000000008ef00000|100%| E|CS|TAMS 0x000000008ee00000, 0x000000008ee00000| Complete 
| 239|0x000000008ef00000, 0x000000008f000000, 0x000000008f000000|100%| E|CS|TAMS 0x000000008ef00000, 0x000000008ef00000| Complete 
| 240|0x000000008f000000, 0x000000008f100000, 0x000000008f100000|100%| E|CS|TAMS 0x000000008f000000, 0x000000008f000000| Complete 
| 241|0x000000008f100000, 0x000000008f200000, 0x000000008f200000|100%| E|CS|TAMS 0x000000008f100000, 0x000000008f100000| Complete 
| 242|0x000000008f200000, 0x000000008f300000, 0x000000008f300000|100%| E|CS|TAMS 0x000000008f200000, 0x000000008f200000| Complete 
| 243|0x000000008f300000, 0x000000008f400000, 0x000000008f400000|100%| E|CS|TAMS 0x000000008f300000, 0x000000008f300000| Complete 
| 244|0x000000008f400000, 0x000000008f500000, 0x000000008f500000|100%| E|CS|TAMS 0x000000008f400000, 0x000000008f400000| Complete 
| 245|0x000000008f500000, 0x000000008f600000, 0x000000008f600000|100%| E|CS|TAMS 0x000000008f500000, 0x000000008f500000| Complete 
| 246|0x000000008f600000, 0x000000008f6ffff8, 0x000000008f700000| 99%| E|CS|TAMS 0x000000008f600000, 0x000000008f600000| Complete 
| 247|0x000000008f700000, 0x000000008f800000, 0x000000008f800000|100%| E|CS|TAMS 0x000000008f700000, 0x000000008f700000| Complete 
| 248|0x000000008f800000, 0x000000008f900000, 0x000000008f900000|100%| E|CS|TAMS 0x000000008f800000, 0x000000008f800000| Complete 
| 249|0x000000008f900000, 0x000000008fa00000, 0x000000008fa00000|100%| E|CS|TAMS 0x000000008f900000, 0x000000008f900000| Complete 
| 250|0x000000008fa00000, 0x000000008fb00000, 0x000000008fb00000|100%| E|CS|TAMS 0x000000008fa00000, 0x000000008fa00000| Complete 
| 251|0x000000008fb00000, 0x000000008fc00000, 0x000000008fc00000|100%| E|CS|TAMS 0x000000008fb00000, 0x000000008fb00000| Complete 
| 252|0x000000008fc00000, 0x000000008fd00000, 0x000000008fd00000|100%| E|CS|TAMS 0x000000008fc00000, 0x000000008fc00000| Complete 
| 253|0x000000008fd00000, 0x000000008fe00000, 0x000000008fe00000|100%| E|CS|TAMS 0x000000008fd00000, 0x000000008fd00000| Complete 

Card table byte_map: [0x00000245626d0000,0x0000024562ad0000] _byte_map_base: 0x00000245622d0000

Marking Bits (Prev, Next): (CMBitMap*) 0x000002454f7f1bc8, (CMBitMap*) 0x000002454f7f1c00
 Prev Bits: [0x0000024562ed0000, 0x0000024564ed0000)
 Next Bits: [0x0000024564ed0000, 0x0000024566ed0000)

Polling page: 0x000002454ef80000

Metaspace:

Usage:
  Non-class:     93.20 MB capacity,    91.16 MB ( 98%) used,     1.72 MB (  2%) free+waste,   324.50 KB ( <1%) overhead. 
      Class:     14.01 MB capacity,    12.95 MB ( 92%) used,   943.54 KB (  7%) free+waste,   143.62 KB (  1%) overhead. 
       Both:    107.21 MB capacity,   104.11 MB ( 97%) used,     2.64 MB (  2%) free+waste,   468.12 KB ( <1%) overhead. 

Virtual space:
  Non-class space:       94.00 MB reserved,      93.36 MB (>99%) committed 
      Class space:        1.00 GB reserved,      14.12 MB (  1%) committed 
             Both:        1.09 GB reserved,     107.48 MB ( 10%) committed 

Chunk freelists:
   Non-Class:  33.00 KB
       Class:  24.00 KB
        Both:  57.00 KB

MaxMetaspaceSize: 17179869184.00 GB
CompressedClassSpaceSize: 1.00 GB
Initial GC threshold: 20.80 MB
Current GC threshold: 178.51 MB
CDS: off

CodeHeap 'non-profiled nmethods': size=120064Kb used=8612Kb max_used=8612Kb free=111451Kb
 bounds [0x000002455ad90000, 0x000002455b600000, 0x00000245622d0000]
CodeHeap 'profiled nmethods': size=120000Kb used=29872Kb max_used=29872Kb free=90127Kb
 bounds [0x0000024553860000, 0x0000024555590000, 0x000002455ad90000]
CodeHeap 'non-nmethods': size=5696Kb used=2405Kb max_used=2478Kb free=3290Kb
 bounds [0x00000245532d0000, 0x0000024553540000, 0x0000024553860000]
 total_blobs=14021 nmethods=13088 adapters=846
 compilation: enabled
              stopped_count=0, restarted_count=0
 full_count=0

Compilation events (20 events):
Event: 295.925 Thread 0x000002456a00d800 nmethod 13010 0x000002455b5f4210 code [0x000002455b5f43a0, 0x000002455b5f4418]
Event: 295.925 Thread 0x000002456a00d800 13033       4       java.util.HashSet::<init> (18 bytes)
Event: 295.927 Thread 0x000002456a00d800 nmethod 13033 0x000002455b5f4510 code [0x000002455b5f46c0, 0x000002455b5f4998]
Event: 295.927 Thread 0x000002456a00d800 13037       4       org.gradle.api.internal.artifacts.transform.TransformationResult$Builder$AlreadyResolvedTransformationResult::resolveOutputsForInputArtifact (5 bytes)
Event: 295.928 Thread 0x000002456a00d800 nmethod 13037 0x000002455b5f4b90 code [0x000002455b5f4d20, 0x000002455b5f4d98]
Event: 295.928 Thread 0x0000024569cb2800 13109       3       java.nio.charset.CharsetDecoder::<init> (100 bytes)
Event: 295.929 Thread 0x0000024569cb2800 nmethod 13109 0x0000024555587e10 code [0x0000024555588040, 0x00000245555886f8]
Event: 295.929 Thread 0x0000024569cb2800 13110       3       org.gradle.api.internal.artifacts.ivyservice.projectmodule.ProjectDependencyResolver::isProjectModule (5 bytes)
Event: 295.929 Thread 0x0000024569cb2800 nmethod 13110 0x0000024555588890 code [0x0000024555588a40, 0x0000024555588c58]
Event: 295.929 Thread 0x0000024569cb2800 13111       3       org.gradle.api.internal.artifacts.ivyservice.modulecache.artifacts.DefaultModuleArtifactCache$ArtifactAtRepositoryKeySerializer::write (10 bytes)
Event: 295.929 Thread 0x000002456a00d800 13113   !   4       org.gradle.internal.execution.fingerprint.impl.DefaultInputFingerprinter$InputCollectingVisitor::visitInputProperty (115 bytes)
Event: 295.929 Thread 0x0000024569cb2800 nmethod 13111 0x0000024555588d10 code [0x0000024555588f00, 0x0000024555589358]
Event: 295.929 Thread 0x0000024569cb2800 13112       3       org.gradle.api.internal.artifacts.ivyservice.modulecache.artifacts.DefaultModuleArtifactCache$ArtifactAtRepositoryKeySerializer::write (25 bytes)
Event: 295.930 Thread 0x0000024569cb2800 nmethod 13112 0x0000024555589510 code [0x00000245555896e0, 0x00000245555899d8]
Event: 295.930 Thread 0x0000024569cb2800 13114       3       org.gradle.api.internal.artifacts.ivyservice.modulecache.artifacts.DefaultModuleArtifactCache$CachedArtifactSerializer::read (6 bytes)
Event: 295.930 Thread 0x0000024569cb2800 nmethod 13114 0x0000024555589b10 code [0x0000024555589cc0, 0x0000024555589e08]
Event: 295.930 Thread 0x0000024569cb2800 13115       3       org.gradle.api.internal.artifacts.ivyservice.modulecache.artifacts.DefaultModuleArtifactCache$CachedArtifactSerializer::read (116 bytes)
Event: 295.931 Thread 0x0000024569cb2800 nmethod 13115 0x0000024555589e90 code [0x000002455558a180, 0x000002455558b388]
Event: 295.936 Thread 0x0000024569cb2800 13118       3       com.google.common.collect.RegularImmutableSet::spliterator (11 bytes)
Event: 295.937 Thread 0x0000024569cb2800 nmethod 13118 0x000002455558ba10 code [0x000002455558bc00, 0x000002455558bfb8]

GC Heap History (20 events):
Event: 15.972 GC heap before
{Heap before GC invocations=24 (full 0):
 garbage-first heap   total 260096K, used 209033K [0x0000000080000000, 0x0000000100000000)
  region size 1024K, 46 young (47104K), 4 survivors (4096K)
 Metaspace       used 94523K, capacity 97217K, committed 97388K, reserved 1134592K
  class space    used 12113K, capacity 13033K, committed 13056K, reserved 1048576K
}
Event: 15.982 GC heap after
{Heap after GC invocations=25 (full 0):
 garbage-first heap   total 260096K, used 168745K [0x0000000080000000, 0x0000000100000000)
  region size 1024K, 5 young (5120K), 5 survivors (5120K)
 Metaspace       used 94523K, capacity 97217K, committed 97388K, reserved 1134592K
  class space    used 12113K, capacity 13033K, committed 13056K, reserved 1048576K
}
Event: 16.918 GC heap before
{Heap before GC invocations=25 (full 0):
 garbage-first heap   total 260096K, used 210729K [0x0000000080000000, 0x0000000100000000)
  region size 1024K, 47 young (48128K), 5 survivors (5120K)
 Metaspace       used 95381K, capacity 98029K, committed 98284K, reserved 1134592K
  class space    used 12148K, capacity 13089K, committed 13184K, reserved 1048576K
}
Event: 16.929 GC heap after
{Heap after GC invocations=26 (full 0):
 garbage-first heap   total 260096K, used 174053K [0x0000000080000000, 0x0000000100000000)
  region size 1024K, 6 young (6144K), 6 survivors (6144K)
 Metaspace       used 95381K, capacity 98029K, committed 98284K, reserved 1134592K
  class space    used 12148K, capacity 13089K, committed 13184K, reserved 1048576K
}
Event: 17.705 GC heap before
{Heap before GC invocations=27 (full 0):
 garbage-first heap   total 260096K, used 213989K [0x0000000080000000, 0x0000000100000000)
  region size 1024K, 46 young (47104K), 6 survivors (6144K)
 Metaspace       used 96100K, capacity 98832K, committed 99052K, reserved 1136640K
  class space    used 12191K, capacity 13127K, committed 13184K, reserved 1048576K
}
Event: 17.715 GC heap after
{Heap after GC invocations=28 (full 0):
 garbage-first heap   total 260096K, used 177495K [0x0000000080000000, 0x0000000100000000)
  region size 1024K, 5 young (5120K), 5 survivors (5120K)
 Metaspace       used 96100K, capacity 98832K, committed 99052K, reserved 1136640K
  class space    used 12191K, capacity 13127K, committed 13184K, reserved 1048576K
}
Event: 18.265 GC heap before
{Heap before GC invocations=28 (full 0):
 garbage-first heap   total 260096K, used 216407K [0x0000000080000000, 0x0000000100000000)
  region size 1024K, 43 young (44032K), 5 survivors (5120K)
 Metaspace       used 96906K, capacity 99639K, committed 99948K, reserved 1136640K
  class space    used 12255K, capacity 13192K, committed 13312K, reserved 1048576K
}
Event: 18.274 GC heap after
{Heap after GC invocations=29 (full 0):
 garbage-first heap   total 260096K, used 180883K [0x0000000080000000, 0x0000000100000000)
  region size 1024K, 4 young (4096K), 4 survivors (4096K)
 Metaspace       used 96906K, capacity 99639K, committed 99948K, reserved 1136640K
  class space    used 12255K, capacity 13192K, committed 13312K, reserved 1048576K
}
Event: 19.708 GC heap before
{Heap before GC invocations=30 (full 0):
 garbage-first heap   total 260096K, used 217747K [0x0000000080000000, 0x0000000100000000)
  region size 1024K, 41 young (41984K), 4 survivors (4096K)
 Metaspace       used 98178K, capacity 100912K, committed 101100K, reserved 1136640K
  class space    used 12399K, capacity 13356K, committed 13440K, reserved 1048576K
}
Event: 19.721 GC heap after
{Heap after GC invocations=31 (full 0):
 garbage-first heap   total 260096K, used 183178K [0x0000000080000000, 0x0000000100000000)
  region size 1024K, 6 young (6144K), 6 survivors (6144K)
 Metaspace       used 98178K, capacity 100912K, committed 101100K, reserved 1136640K
  class space    used 12399K, capacity 13356K, committed 13440K, reserved 1048576K
}
Event: 19.825 GC heap before
{Heap before GC invocations=31 (full 0):
 garbage-first heap   total 260096K, used 221066K [0x0000000080000000, 0x0000000100000000)
  region size 1024K, 43 young (44032K), 6 survivors (6144K)
 Metaspace       used 99156K, capacity 101904K, committed 102252K, reserved 1138688K
  class space    used 12523K, capacity 13452K, committed 13568K, reserved 1048576K
}
Event: 19.832 GC heap after
{Heap after GC invocations=32 (full 0):
 garbage-first heap   total 260096K, used 183578K [0x0000000080000000, 0x0000000100000000)
  region size 1024K, 4 young (4096K), 4 survivors (4096K)
 Metaspace       used 99156K, capacity 101904K, committed 102252K, reserved 1138688K
  class space    used 12523K, capacity 13452K, committed 13568K, reserved 1048576K
}
Event: 284.194 GC heap before
{Heap before GC invocations=33 (full 0):
 garbage-first heap   total 260096K, used 221466K [0x0000000080000000, 0x0000000100000000)
  region size 1024K, 42 young (43008K), 4 survivors (4096K)
 Metaspace       used 103631K, capacity 106590K, committed 106732K, reserved 1142784K
  class space    used 12906K, capacity 13900K, committed 13952K, reserved 1048576K
}
Event: 284.200 GC heap after
{Heap after GC invocations=34 (full 0):
 garbage-first heap   total 260096K, used 185191K [0x0000000080000000, 0x0000000100000000)
  region size 1024K, 5 young (5120K), 5 survivors (5120K)
 Metaspace       used 103631K, capacity 106590K, committed 106732K, reserved 1142784K
  class space    used 12906K, capacity 13900K, committed 13952K, reserved 1048576K
}
Event: 284.788 GC heap before
{Heap before GC invocations=34 (full 0):
 garbage-first heap   total 260096K, used 222055K [0x0000000080000000, 0x0000000100000000)
  region size 1024K, 42 young (43008K), 5 survivors (5120K)
 Metaspace       used 104822K, capacity 107839K, committed 107884K, reserved 1142784K
  class space    used 13032K, capacity 14049K, committed 14080K, reserved 1048576K
}
Event: 284.808 GC heap after
{Heap after GC invocations=35 (full 0):
 garbage-first heap   total 260096K, used 188975K [0x0000000080000000, 0x0000000100000000)
  region size 1024K, 6 young (6144K), 6 survivors (6144K)
 Metaspace       used 104822K, capacity 107839K, committed 107884K, reserved 1142784K
  class space    used 13032K, capacity 14049K, committed 14080K, reserved 1048576K
}
Event: 285.239 GC heap before
{Heap before GC invocations=36 (full 0):
 garbage-first heap   total 260096K, used 223791K [0x0000000080000000, 0x0000000100000000)
  region size 1024K, 40 young (40960K), 6 survivors (6144K)
 Metaspace       used 105534K, capacity 108569K, committed 108780K, reserved 1144832K
  class space    used 13103K, capacity 14117K, committed 14208K, reserved 1048576K
}
Event: 285.253 GC heap after
{Heap after GC invocations=37 (full 0):
 garbage-first heap   total 260096K, used 192910K [0x0000000080000000, 0x0000000100000000)
  region size 1024K, 4 young (4096K), 4 survivors (4096K)
 Metaspace       used 105534K, capacity 108569K, committed 108780K, reserved 1144832K
  class space    used 13103K, capacity 14117K, committed 14208K, reserved 1048576K
}
Event: 295.521 GC heap before
{Heap before GC invocations=37 (full 0):
 garbage-first heap   total 260096K, used 222606K [0x0000000080000000, 0x0000000100000000)
  region size 1024K, 34 young (34816K), 4 survivors (4096K)
 Metaspace       used 105833K, capacity 108918K, committed 109036K, reserved 1144832K
  class space    used 13139K, capacity 14164K, committed 14208K, reserved 1048576K
}
Event: 295.529 GC heap after
{Heap after GC invocations=38 (full 0):
 garbage-first heap   total 260096K, used 198408K [0x0000000080000000, 0x0000000100000000)
  region size 1024K, 5 young (5120K), 5 survivors (5120K)
 Metaspace       used 105833K, capacity 108918K, committed 109036K, reserved 1144832K
  class space    used 13139K, capacity 14164K, committed 14208K, reserved 1048576K
}

Deoptimization events (20 events):
Event: 295.550 Thread 0x000002456da35800 DEOPT PACKING pc=0x00000245554c707d sp=0x000000cd954fd2c0
Event: 295.550 Thread 0x000002456da35800 DEOPT UNPACKING pc=0x000002455331a93f sp=0x000000cd954fc788 mode 0
Event: 295.550 Thread 0x000002456da35800 Uncommon trap: trap_request=0xffffffde fr.pc=0x000002455b573718 relative=0x0000000000004798
Event: 295.550 Thread 0x000002456da35800 Uncommon trap: reason=class_check action=maybe_recompile pc=0x000002455b573718 method=org.gradle.internal.snapshot.impl.AbstractValueProcessor.processValue(Ljava/lang/Object;Lorg/gradle/internal/snapshot/impl/AbstractValueProcessor$ValueVisitor;)Ljava/lan
Event: 295.550 Thread 0x000002456da35800 DEOPT PACKING pc=0x000002455b573718 sp=0x000000cd954fe5d0
Event: 295.550 Thread 0x000002456da35800 DEOPT UNPACKING pc=0x000002455331a1a9 sp=0x000000cd954fe5d0 mode 2
Event: 295.586 Thread 0x000002456da39800 Uncommon trap: trap_request=0xffffffde fr.pc=0x000002455b573160 relative=0x00000000000041e0
Event: 295.586 Thread 0x000002456da39800 Uncommon trap: reason=class_check action=maybe_recompile pc=0x000002455b573160 method=org.gradle.internal.snapshot.impl.AbstractValueProcessor.processValue(Ljava/lang/Object;Lorg/gradle/internal/snapshot/impl/AbstractValueProcessor$ValueVisitor;)Ljava/lan
Event: 295.586 Thread 0x000002456da39800 DEOPT PACKING pc=0x000002455b573160 sp=0x000000cd959fbeb0
Event: 295.586 Thread 0x000002456da39800 DEOPT UNPACKING pc=0x000002455331a1a9 sp=0x000000cd959fbea8 mode 2
Event: 295.643 Thread 0x000002456d1b2800 Uncommon trap: trap_request=0xffffff4d fr.pc=0x000002455b54800c relative=0x000000000000020c
Event: 295.643 Thread 0x000002456d1b2800 Uncommon trap: reason=unstable_if action=reinterpret pc=0x000002455b54800c method=com.google.common.collect.Lists.equalsImpl(Ljava/util/List;Ljava/lang/Object;)Z @ 85 c2
Event: 295.643 Thread 0x000002456d1b2800 DEOPT PACKING pc=0x000002455b54800c sp=0x000000cd95cfc870
Event: 295.643 Thread 0x000002456d1b2800 DEOPT UNPACKING pc=0x000002455331a1a9 sp=0x000000cd95cfc7a0 mode 2
Event: 295.793 Thread 0x000002456d1b2800 Uncommon trap: trap_request=0xffffff7e fr.pc=0x000002455b59c2cc relative=0x000000000000298c
Event: 295.793 Thread 0x000002456d1b2800 Uncommon trap: reason=predicate action=maybe_recompile pc=0x000002455b59c2cc method=java.util.TimSort.reverseRange([Ljava/lang/Object;II)V @ 5 c2
Event: 295.793 Thread 0x000002456d1b2800 DEOPT PACKING pc=0x000002455b59c2cc sp=0x000000cd95cfa590
Event: 295.793 Thread 0x000002456d1b2800 DEOPT UNPACKING pc=0x000002455331a1a9 sp=0x000000cd95cfa408 mode 2
Event: 295.941 Thread 0x000002456d1b2800 DEOPT PACKING pc=0x00000245555810b4 sp=0x000000cd95cfd0a0
Event: 295.941 Thread 0x000002456d1b2800 DEOPT UNPACKING pc=0x000002455331a93f sp=0x000000cd95cfc4c8 mode 0

Classes redefined (0 events):
No events

Internal exceptions (20 events):
Event: 285.394 Thread 0x000002456fcf6000 Exception <a 'java/lang/ClassNotFoundException'{0x000000008e6901c8}: com/android/build/gradle/tasks/PackageAndroidArtifactCustomizer> (0x000000008e6901c8) thrown at [src/hotspot/share/classfile/systemDictionary.cpp, line 230]
Event: 285.396 Thread 0x000002456fcf6000 Exception <a 'java/lang/ClassNotFoundException'{0x000000008e6f6b78}: com/android/build/gradle/tasks/PackageApplicationCustomizer> (0x000000008e6f6b78) thrown at [src/hotspot/share/classfile/systemDictionary.cpp, line 230]
Event: 285.398 Thread 0x000002456fcf6000 Exception <a 'java/lang/ClassNotFoundException'{0x000000008e52e8c0}: com/android/build/gradle/tasks/PackageApplication_DecoratedCustomizer> (0x000000008e52e8c0) thrown at [src/hotspot/share/classfile/systemDictionary.cpp, line 230]
Event: 285.402 Thread 0x000002456fcf6000 Exception <a 'java/lang/ClassNotFoundException'{0x000000008e40fdb0}: com/android/build/gradle/internal/tasks/ListingFileRedirectTask_DecoratedBeanInfo> (0x000000008e40fdb0) thrown at [src/hotspot/share/classfile/systemDictionary.cpp, line 230]
Event: 285.403 Thread 0x000002456fcf6000 Exception <a 'java/lang/ClassNotFoundException'{0x000000008e42b4a8}: com/android/build/gradle/internal/tasks/ListingFileRedirectTaskBeanInfo> (0x000000008e42b4a8) thrown at [src/hotspot/share/classfile/systemDictionary.cpp, line 230]
Event: 285.404 Thread 0x000002456fcf6000 Exception <a 'java/lang/ClassNotFoundException'{0x000000008e446bd8}: com/android/build/gradle/internal/tasks/ListingFileRedirectTaskCustomizer> (0x000000008e446bd8) thrown at [src/hotspot/share/classfile/systemDictionary.cpp, line 230]
Event: 285.406 Thread 0x000002456fcf6000 Exception <a 'java/lang/ClassNotFoundException'{0x000000008e476098}: com/android/build/gradle/internal/tasks/ListingFileRedirectTask_DecoratedCustomizer> (0x000000008e476098) thrown at [src/hotspot/share/classfile/systemDictionary.cpp, line 230]
Event: 285.439 Thread 0x000002456fcf6000 Exception <a 'java/lang/NoSuchMethodError'{0x000000008e35aac8}: <clinit>> (0x000000008e35aac8) thrown at [src/hotspot/share/prims/jni.cpp, line 1367]
Event: 285.458 Thread 0x000002456fcf6000 Exception <a 'sun/nio/fs/WindowsException'{0x000000008e3cb518}> (0x000000008e3cb518) thrown at [src/hotspot/share/prims/jni.cpp, line 617]
Event: 285.489 Thread 0x000002456da39800 Implicit null exception at 0x000002455b0b4677 to 0x000002455b0b480c
Event: 290.504 Thread 0x000002456da39800 Exception <a 'net/rubygrapefruit/platform/NativeException'{0x000000008e2fa130}: Execution timed out> (0x000000008e2fa130) thrown at [src/hotspot/share/prims/jni.cpp, line 638]
Event: 295.517 Thread 0x000002456da39800 Exception <a 'net/rubygrapefruit/platform/NativeException'{0x000000008e118708}: Execution timed out> (0x000000008e118708) thrown at [src/hotspot/share/prims/jni.cpp, line 638]
Event: 295.532 Thread 0x000002456fcf3800 Exception <a 'java/lang/NoSuchMethodError'{0x000000008fd60678}: <clinit>> (0x000000008fd60678) thrown at [src/hotspot/share/prims/jni.cpp, line 1367]
Event: 295.534 Thread 0x000002456fcf3800 Exception <a 'java/lang/NoSuchMethodError'{0x000000008fdea3e8}: <clinit>> (0x000000008fdea3e8) thrown at [src/hotspot/share/prims/jni.cpp, line 1367]
Event: 295.535 Thread 0x000002456fcf3800 Exception <a 'java/lang/NoSuchMethodError'{0x000000008fc11fb8}: <clinit>> (0x000000008fc11fb8) thrown at [src/hotspot/share/prims/jni.cpp, line 1367]
Event: 295.543 Thread 0x000002456da35800 Exception <a 'java/lang/NoSuchMethodError'{0x000000008fbf8558}: <clinit>> (0x000000008fbf8558) thrown at [src/hotspot/share/prims/jni.cpp, line 1367]
Event: 295.544 Thread 0x000002456da35800 Exception <a 'java/lang/NoSuchMethodError'{0x000000008fa0ab60}: <clinit>> (0x000000008fa0ab60) thrown at [src/hotspot/share/prims/jni.cpp, line 1367]
Event: 295.547 Thread 0x000002456fcf3800 Exception <a 'java/lang/NoSuchMethodError'{0x000000008fa6b8d8}: <clinit>> (0x000000008fa6b8d8) thrown at [src/hotspot/share/prims/jni.cpp, line 1367]
Event: 295.550 Thread 0x000002456da35800 Exception <a 'java/lang/NoSuchMethodError'{0x000000008fa7a258}: <clinit>> (0x000000008fa7a258) thrown at [src/hotspot/share/prims/jni.cpp, line 1367]
Event: 295.563 Thread 0x000002456da39800 Exception <a 'java/lang/NoSuchMethodError'{0x000000008f9d76b8}: 'int java.lang.invoke.DirectMethodHandle$Holder.invokeSpecial(java.lang.Object, java.lang.Object, java.lang.Object, java.lang.Object, java.lang.Object)'> (0x000000008f9d76b8) thrown at [src/hotspot/share/interpreter/linkResolver.cpp, line 773]

Events (20 events):
Event: 295.944 loading class org/gradle/internal/file/FileHierarchySet
Event: 295.944 loading class org/gradle/internal/file/FileHierarchySet done
Event: 295.945 loading class org/gradle/internal/snapshot/SnapshotHierarchy
Event: 295.945 loading class org/gradle/internal/snapshot/SnapshotHierarchy done
Event: 295.945 loading class org/gradle/internal/vfs/impl/AbstractVirtualFileSystem
Event: 295.945 loading class org/gradle/internal/vfs/impl/AbstractVirtualFileSystem done
Event: 295.945 loading class org/gradle/internal/snapshot/SnapshotHierarchy
Event: 295.945 loading class org/gradle/internal/snapshot/SnapshotHierarchy done
Event: 295.945 loading class org/gradle/internal/snapshot/SnapshotHierarchy
Event: 295.945 loading class org/gradle/internal/snapshot/SnapshotHierarchy done
Event: 295.945 Executing VM operation: Deoptimize
Event: 295.947 Executing VM operation: Deoptimize done
Event: 295.947 loading class org/gradle/internal/vfs/impl/VersionHierarchy$2
Event: 295.947 loading class org/gradle/internal/vfs/impl/VersionHierarchy$2 done
Event: 295.947 loading class org/gradle/internal/execution/steps/CaptureStateAfterExecutionStep$3
Event: 295.947 loading class org/gradle/internal/execution/steps/CaptureStateAfterExecutionStep$3 done
Event: 295.948 loading class org/gradle/internal/execution/steps/CreateOutputsStep$1
Event: 295.948 loading class org/gradle/internal/execution/steps/CreateOutputsStep$1 done
Event: 295.948 loading class org/gradle/internal/execution/steps/CreateOutputsStep$2
Event: 295.948 loading class org/gradle/internal/execution/steps/CreateOutputsStep$2 done


Dynamic libraries:
0x00007ff76b1c0000 - 0x00007ff76b1ca000 	C:\Program Files\Android\Android Studio\jbr\bin\java.exe
0x00007ffe41b70000 - 0x00007ffe41d66000 	C:\Windows\SYSTEM32\ntdll.dll
0x00007ffe411e0000 - 0x00007ffe4129d000 	C:\Windows\System32\KERNEL32.DLL
0x00007ffe3f460000 - 0x00007ffe3f729000 	C:\Windows\System32\KERNELBASE.dll
0x00007ffe3f730000 - 0x00007ffe3f830000 	C:\Windows\System32\ucrtbase.dll
0x00007ffe3af10000 - 0x00007ffe3af27000 	C:\Program Files\Android\Android Studio\jbr\bin\jli.dll
0x00007ffe3fdc0000 - 0x00007ffe3ff60000 	C:\Windows\System32\USER32.dll
0x00007ffe3f970000 - 0x00007ffe3f992000 	C:\Windows\System32\win32u.dll
0x00007ffe414a0000 - 0x00007ffe414ca000 	C:\Windows\System32\GDI32.dll
0x00007ffe3f860000 - 0x00007ffe3f96b000 	C:\Windows\System32\gdi32full.dll
0x00007ffe3fb30000 - 0x00007ffe3fbcd000 	C:\Windows\System32\msvcp_win.dll
0x00007ffe29e10000 - 0x00007ffe29e2b000 	C:\Program Files\Android\Android Studio\jbr\bin\VCRUNTIME140.dll
0x00007ffe31db0000 - 0x00007ffe3204b000 	C:\Windows\WinSxS\amd64_microsoft.windows.common-controls_6595b64144ccf1df_6.0.19041.746_none_ca02b4b61b8320a4\COMCTL32.dll
0x00007ffe410e0000 - 0x00007ffe4117e000 	C:\Windows\System32\msvcrt.dll
0x00007ffe40840000 - 0x00007ffe40870000 	C:\Windows\System32\IMM32.DLL
0x00007ffe0d1f0000 - 0x00007ffe0d24b000 	C:\ProgramData\Microsoft\DbgCtr\XShellDLL64_6015.dll
0x00007ffe40fc0000 - 0x00007ffe4106c000 	C:\Windows\System32\ADVAPI32.dll
0x00007ffe3ff60000 - 0x00007ffe3fffc000 	C:\Windows\System32\sechost.dll
0x00007ffe3fc90000 - 0x00007ffe3fdbb000 	C:\Windows\System32\RPCRT4.dll
0x00007ffe40870000 - 0x00007ffe40fb2000 	C:\Windows\System32\SHELL32.dll
0x00007ffe25c00000 - 0x00007ffe25c0c000 	C:\Program Files\Android\Android Studio\jbr\bin\vcruntime140_1.dll
0x00007ffe25e10000 - 0x00007ffe25e9d000 	C:\Program Files\Android\Android Studio\jbr\bin\msvcp140.dll
0x00007ffde65d0000 - 0x00007ffde718c000 	C:\Program Files\Android\Android Studio\jbr\bin\server\jvm.dll
0x00007ffe40000000 - 0x00007ffe40008000 	C:\Windows\System32\PSAPI.DLL
0x00007ffe2cd60000 - 0x00007ffe2cd69000 	C:\Windows\SYSTEM32\WSOCK32.dll
0x00007ffe41070000 - 0x00007ffe410db000 	C:\Windows\System32\WS2_32.dll
0x00007ffe241d0000 - 0x00007ffe241f7000 	C:\Windows\SYSTEM32\WINMM.dll
0x00007ffe33540000 - 0x00007ffe3354a000 	C:\Windows\SYSTEM32\VERSION.dll
0x00007ffe3d220000 - 0x00007ffe3d232000 	C:\Windows\SYSTEM32\kernel.appcore.dll
0x00007ffe259f0000 - 0x00007ffe25a00000 	C:\Program Files\Android\Android Studio\jbr\bin\verify.dll
0x00007ffe23110000 - 0x00007ffe232f4000 	C:\Windows\SYSTEM32\DBGHELP.DLL
0x00007ffe230e0000 - 0x00007ffe2310c000 	C:\Windows\SYSTEM32\dbgcore.DLL
0x00007ffe3f9a0000 - 0x00007ffe3fa20000 	C:\Windows\System32\bcryptPrimitives.dll
0x00007ffe21300000 - 0x00007ffe21328000 	C:\Program Files\Android\Android Studio\jbr\bin\java.dll
0x00007ffe22290000 - 0x00007ffe2229a000 	C:\Program Files\Android\Android Studio\jbr\bin\jimage.dll
0x00007ffe21040000 - 0x00007ffe21058000 	C:\Program Files\Android\Android Studio\jbr\bin\zip.dll
0x00007ffe3d420000 - 0x00007ffe3dbb0000 	C:\Windows\SYSTEM32\windows.storage.dll
0x00007ffe415d0000 - 0x00007ffe41926000 	C:\Windows\System32\combase.dll
0x00007ffe3ed10000 - 0x00007ffe3ed3c000 	C:\Windows\SYSTEM32\Wldp.dll
0x00007ffe405e0000 - 0x00007ffe4068e000 	C:\Windows\System32\SHCORE.dll
0x00007ffe41180000 - 0x00007ffe411d5000 	C:\Windows\System32\shlwapi.dll
0x00007ffe3f1e0000 - 0x00007ffe3f206000 	C:\Windows\SYSTEM32\profapi.dll
0x00007ffe1b0d0000 - 0x00007ffe1b0e9000 	C:\Program Files\Android\Android Studio\jbr\bin\net.dll
0x00007ffe32520000 - 0x00007ffe32620000 	C:\Windows\SYSTEM32\WINHTTP.dll
0x00007ffe3ea20000 - 0x00007ffe3ea8a000 	C:\Windows\system32\mswsock.dll
0x00007ffe1a750000 - 0x00007ffe1a763000 	C:\Program Files\Android\Android Studio\jbr\bin\nio.dll
0x00007ffe25c40000 - 0x00007ffe25c67000 	C:\Users\it_04\.gradle\native\e1d6ef7f7dcc3fd88c89a11ec53ec762bb8ba0a96d01ffa2cd45eb1d1d8dd5c5\windows-amd64\native-platform.dll
0x00007ffe10d40000 - 0x00007ffe10e84000 	C:\Users\it_04\.gradle\native\0d407fdbe67a94daf76414ababcb853783967236a71b16ec16e742cd7a986fd3\windows-amd64\native-platform-file-events.dll
0x00007ffe212f0000 - 0x00007ffe212fa000 	C:\Program Files\Android\Android Studio\jbr\bin\management.dll
0x00007ffe20e70000 - 0x00007ffe20e7b000 	C:\Program Files\Android\Android Studio\jbr\bin\management_ext.dll
0x00007ffe3ebf0000 - 0x00007ffe3ec08000 	C:\Windows\SYSTEM32\CRYPTSP.dll
0x00007ffe3e3c0000 - 0x00007ffe3e3f4000 	C:\Windows\system32\rsaenh.dll
0x00007ffe3f830000 - 0x00007ffe3f857000 	C:\Windows\System32\bcrypt.dll
0x00007ffe3f160000 - 0x00007ffe3f18e000 	C:\Windows\SYSTEM32\USERENV.dll
0x00007ffe3ec10000 - 0x00007ffe3ec1c000 	C:\Windows\SYSTEM32\CRYPTBASE.dll
0x00007ffe3e710000 - 0x00007ffe3e74b000 	C:\Windows\SYSTEM32\IPHLPAPI.DLL
0x00007ffe3fbd0000 - 0x00007ffe3fbd8000 	C:\Windows\System32\NSI.dll
0x00007ffe394f0000 - 0x00007ffe39507000 	C:\Windows\SYSTEM32\dhcpcsvc6.DLL
0x00007ffe392b0000 - 0x00007ffe392cd000 	C:\Windows\SYSTEM32\dhcpcsvc.DLL
0x00007ffe3e750000 - 0x00007ffe3e81b000 	C:\Windows\SYSTEM32\DNSAPI.dll

dbghelp: loaded successfully - version: 4.0.5 - missing functions: none
symbol engine: initialized successfully - sym options: 0x614 - pdb path: .;C:\Program Files\Android\Android Studio\jbr\bin;C:\Windows\SYSTEM32;C:\Windows\WinSxS\amd64_microsoft.windows.common-controls_6595b64144ccf1df_6.0.19041.746_none_ca02b4b61b8320a4;C:\ProgramData\Microsoft\DbgCtr;C:\Program Files\Android\Android Studio\jbr\bin\server;C:\Users\it_04\.gradle\native\e1d6ef7f7dcc3fd88c89a11ec53ec762bb8ba0a96d01ffa2cd45eb1d1d8dd5c5\windows-amd64;C:\Users\it_04\.gradle\native\0d407fdbe67a94daf76414ababcb853783967236a71b16ec16e742cd7a986fd3\windows-amd64

VM Arguments:
jvm_args: --add-opens=java.base/java.util=ALL-UNNAMED --add-opens=java.base/java.lang=ALL-UNNAMED --add-opens=java.base/java.lang.invoke=ALL-UNNAMED --add-opens=java.base/java.util=ALL-UNNAMED --add-opens=java.prefs/java.util.prefs=ALL-UNNAMED --add-opens=java.prefs/java.util.prefs=ALL-UNNAMED --add-opens=java.base/java.nio.charset=ALL-UNNAMED --add-opens=java.base/java.net=ALL-UNNAMED --add-opens=java.base/java.util.concurrent.atomic=ALL-UNNAMED -Xmx2048m -Dfile.encoding=UTF-8 -Duser.country=US -Duser.language=en -Duser.variant 
java_command: org.gradle.launcher.daemon.bootstrap.GradleDaemon 7.5
java_class_path (initial): C:\Users\it_04\.gradle\wrapper\dists\gradle-7.5-bin\f1w0cc9nuo0eivz97x2xlu9sv\gradle-7.5\lib\gradle-launcher-7.5.jar
Launcher Type: SUN_STANDARD

[Global flags]
     intx CICompilerCount                          = 3                                         {product} {ergonomic}
     uint ConcGCThreads                            = 1                                         {product} {ergonomic}
     uint G1ConcRefinementThreads                  = 4                                         {product} {ergonomic}
   size_t G1HeapRegionSize                         = 1048576                                   {product} {ergonomic}
    uintx GCDrainStackTargetSize                   = 64                                        {product} {ergonomic}
   size_t InitialHeapSize                          = 266338304                                 {product} {ergonomic}
   size_t MarkStackSize                            = 4194304                                   {product} {ergonomic}
   size_t MaxHeapSize                              = 2147483648                                {product} {command line}
   size_t MaxNewSize                               = 1287651328                                {product} {ergonomic}
   size_t MinHeapDeltaBytes                        = 1048576                                   {product} {ergonomic}
    uintx NonNMethodCodeHeapSize                   = 5830732                                {pd product} {ergonomic}
    uintx NonProfiledCodeHeapSize                  = 122913754                              {pd product} {ergonomic}
    uintx ProfiledCodeHeapSize                     = 122913754                              {pd product} {ergonomic}
    uintx ReservedCodeCacheSize                    = 251658240                              {pd product} {ergonomic}
     bool SegmentedCodeCache                       = true                                      {product} {ergonomic}
     bool UseCompressedClassPointers               = true                                 {lp64_product} {ergonomic}
     bool UseCompressedOops                        = true                                 {lp64_product} {ergonomic}
     bool UseG1GC                                  = true                                      {product} {ergonomic}
     bool UseLargePagesIndividualAllocation        = false                                  {pd product} {ergonomic}

Logging:
Log output configuration:
 #0: stdout all=warning uptime,level,tags
 #1: stderr all=off uptime,level,tags

Environment Variables:
PATH=D:\app\it_07\product\11.2.0\client_1\bin;C:\Windows\system32;C:\Windows;C:\Windows\System32\Wbem;C:\Windows\System32\WindowsPowerShell\v1.0\;C:\Windows\System32\OpenSSH\;C:\Program Files\dotnet\;C:\Program Files\Git\cmd;C:\Users\it_04\AppData\Local\Microsoft\WindowsApps;C:\Users\it_04\.dotnet\tools
USERNAME=it_04
OS=Windows_NT
PROCESSOR_IDENTIFIER=Intel64 Family 6 Model 165 Stepping 3, GenuineIntel



---------------  S Y S T E M  ---------------

OS: Windows 10 , 64 bit Build 19041 (10.0.19041.804)
OS uptime: 0 days 0:42 hours

CPU:total 4 (initial active 4) (2 cores per cpu, 2 threads per core) family 6 model 165 stepping 3 microcode 0xe0, cmov, cx8, fxsr, mmx, sse, sse2, sse3, ssse3, sse4.1, sse4.2, popcnt, aes, clmul, erms, 3dnowpref, lzcnt, ht, tsc, tscinvbit

Memory: 4k page, system-wide physical 16242M (7449M free)
TotalPageFile size 18674M (AvailPageFile size 9093M)
current process WorkingSet (physical memory assigned to process): 540M, peak: 550M
current process commit charge ("private bytes"): 583M, peak: 590M

vm_info: OpenJDK 64-Bit Server VM (11.0.15+0-b2043.56-9505619) for windows-amd64 JRE (11.0.15+0-b2043.56-9505619), built on Jan 19 2023 02:48:00 by "builduser" with unknown MS VC++:1929

END.
