#
# A fatal error has been detected by the Java Runtime Environment:
#
#  EXCEPTION_ACCESS_VIOLATION (0xc0000005) at pc=0x00007ffaee9663b0, pid=13060, tid=12972
#
# JRE version: OpenJDK Runtime Environment (11.0.15) (build 11.0.15+0-b2043.56-9505619)
# Java VM: OpenJDK 64-Bit Server VM (11.0.15+0-b2043.56-9505619, mixed mode, tiered, compressed oops, g1 gc, windows-amd64)
# Problematic frame:
# C  [native-platform-file-events.dll+0x463b0]
#
# No core dump will be written. Minidumps are not enabled by default on client versions of Windows
#
# If you would like to submit a bug report, please visit:
#   https://bugreport.java.com/bugreport/crash.jsp
# The crash happened outside the Java Virtual Machine in native code.
# See problematic frame for where to report the bug.
#

---------------  S U M M A R Y ------------

Command Line: --add-opens=java.base/java.util=ALL-UNNAMED --add-opens=java.base/java.lang=ALL-UNNAMED --add-opens=java.base/java.lang.invoke=ALL-UNNAMED --add-opens=java.base/java.util=ALL-UNNAMED --add-opens=java.prefs/java.util.prefs=ALL-UNNAMED --add-opens=java.prefs/java.util.prefs=ALL-UNNAMED --add-opens=java.base/java.nio.charset=ALL-UNNAMED --add-opens=java.base/java.net=ALL-UNNAMED --add-opens=java.base/java.util.concurrent.atomic=ALL-UNNAMED -Xmx2048m -Dfile.encoding=UTF-8 -Duser.country=US -Duser.language=en -Duser.variant org.gradle.launcher.daemon.bootstrap.GradleDaemon 7.5

Host: Intel(R) Pentium(R) Gold G6400 CPU @ 4.00GHz, 4 cores, 15G,  Windows 10 , 64 bit Build 19041 (10.0.19041.804)
Time: Wed Mar 29 12:51:54 2023 SE Asia Standard Time elapsed time: 22.315246 seconds (0d 0h 0m 22s)

---------------  T H R E A D  ---------------

Current thread (0x000001e35ba6a000):  JavaThread "File watcher server" daemon [_thread_in_native, id=12972, stack(0x000000394d300000,0x000000394d400000)]

Stack: [0x000000394d300000,0x000000394d400000],  sp=0x000000394d3fe530,  free space=1017k
Native frames: (J=compiled Java code, j=interpreted, Vv=VM code, C=native code)
C  [native-platform-file-events.dll+0x463b0]

Java frames: (J=compiled Java code, j=interpreted, Vv=VM code)
j  net.rubygrapefruit.platform.internal.jni.AbstractFileEventFunctions$NativeFileWatcher.executeRunLoop0(Ljava/lang/Object;)V+0
j  net.rubygrapefruit.platform.internal.jni.AbstractFileEventFunctions$NativeFileWatcher.access$100(Lnet/rubygrapefruit/platform/internal/jni/AbstractFileEventFunctions$NativeFileWatcher;Ljava/lang/Object;)V+2
j  net.rubygrapefruit.platform.internal.jni.AbstractFileEventFunctions$NativeFileWatcher$1.run()V+26
v  ~StubRoutines::call_stub

siginfo: EXCEPTION_ACCESS_VIOLATION (0xc0000005), reading address 0x0000000000000000


Register to memory mapping:

RIP=0x00007ffaee9663b0 native-platform-file-events.dll
RAX=0x0 is NULL
RBX=0x0 is NULL
RCX=0x0000003950df9d38 is pointing into the stack for thread: 0x000001e35c7b5800
RDX=0x0 is NULL
RSP=0x000000394d3fe530 is pointing into the stack for thread: 0x000001e35ba6a000
RBP=0x000000394d3feef8 is pointing into the stack for thread: 0x000001e35ba6a000
RSI=0x0000003950df9d30 is pointing into the stack for thread: 0x000001e35c7b5800
RDI=0x0000003950df9cf0 is pointing into the stack for thread: 0x000001e35c7b5800
R8 =0x000001e33c9e6c00 points into unknown readable memory: 0x000001e33c9e0cf0 | f0 0c 9e 3c e3 01 00 00
R9 =0x0000000000000001 is an unknown value
R10=0x0000000000008000 is an unknown value
R11=0x000000394d3fe1e0 is pointing into the stack for thread: 0x000001e35ba6a000
R12=0x0 is NULL
R13={method} {0x000001e35e390c30} 'executeRunLoop0' '(Ljava/lang/Object;)V' in 'net/rubygrapefruit/platform/internal/jni/AbstractFileEventFunctions$NativeFileWatcher'
R14=0x0 is NULL
R15=0x000001e35ba6a000 is a thread


Registers:
RAX=0x0000000000000000, RBX=0x0000000000000000, RCX=0x0000003950df9d38, RDX=0x0000000000000000
RSP=0x000000394d3fe530, RBP=0x000000394d3feef8, RSI=0x0000003950df9d30, RDI=0x0000003950df9cf0
R8 =0x000001e33c9e6c00, R9 =0x0000000000000001, R10=0x0000000000008000, R11=0x000000394d3fe1e0
R12=0x0000000000000000, R13=0x000001e35e390c28, R14=0x0000000000000000, R15=0x000001e35ba6a000
RIP=0x00007ffaee9663b0, EFLAGS=0x0000000000010296

Top of Stack: (sp=0x000000394d3fe530)
0x000000394d3fe530:   0000000000000000 000001e34276fa7a
0x000000394d3fe540:   000001e358d05990 00007ffaee943133
0x000000394d3fe550:   000001e361025028 000000008db00170
0x000000394d3fe560:   00001a3c2ecd47a2 00007ffaee94da83
0x000000394d3fe570:   000000394d3fef20 0000003950df9cf0
0x000000394d3fe580:   00007ffaee93f150 00007ffaee95709b
0x000000394d3fe590:   0000003950df9d30 00000000804843a8
0x000000394d3fe5a0:   0000000000000000 00007ffaee94bfae
0x000000394d3fe5b0:   000001e361025020 00007ffaee9492a6
0x000000394d3fe5c0:   0000003950df9d30 0000000000000000
0x000000394d3fe5d0:   000001e361025020 00007ffaee9257b3
0x000000394d3fe5e0:   0000000000000000 00007ffaee9564c2
0x000000394d3fe5f0:   000000394d3fe630 0000003950df9d30
0x000000394d3fe600:   000001e358994a20 0000000000000000
0x000000394d3fe610:   0000000080431b01 000001e3588afd50
0x000000394d3fe620:   0000000000000000 000000394d3fe668 

Instructions: (pc=0x00007ffaee9663b0)
0x00007ffaee9662b0:   7d 0b 00 48 89 01 48 83 c1 08 48 83 c4 28 48 ff
0x00007ffaee9662c0:   25 b3 7d 0f 00 48 8d 05 54 7d 0b 00 45 33 c0 48
0x00007ffaee9662d0:   89 01 ba a0 0f 00 00 48 83 c1 08 48 83 c4 28 48
0x00007ffaee9662e0:   ff 25 ba 7d 0f 00 e8 40 c3 fb ff cc cc cc cc cc
0x00007ffaee9662f0:   cc cc cc cc cc cc cc cc cc cc cc cc cc cc cc cc
0x00007ffaee966300:   cc cc cc cc cc cc cc cc 48 83 c1 08 48 ff 25 9d
0x00007ffaee966310:   7d 0f 00 cc cc cc cc cc c2 00 00 cc 48 83 c1 08
0x00007ffaee966320:   48 ff 25 69 7d 0f 00 cc cc cc cc cc 48 83 c1 08
0x00007ffaee966330:   48 ff 25 51 7d 0f 00 cc cc cc cc cc 48 89 5c 24
0x00007ffaee966340:   18 56 57 41 56 48 83 ec 40 48 8b 05 f8 3e 0e 00
0x00007ffaee966350:   48 33 c4 48 89 44 24 30 8b 01 4c 8b f2 0f ba f0
0x00007ffaee966360:   08 48 8b f1 83 f8 01 75 2c ff 15 d1 7c 0f 00 39
0x00007ffaee966370:   46 48 74 19 48 8d 4e 08 48 8b 01 48 8b 00 ff 15
0x00007ffaee966380:   9c 9c 0f 00 ff 15 b6 7c 0f 00 89 46 48 ff 46 4c
0x00007ffaee966390:   e9 f3 00 00 00 4d 85 f6 75 24 ff 15 a0 7c 0f 00
0x00007ffaee9663a0:   39 46 48 0f 84 9d 00 00 00 48 8d 4e 08 48 8b 01
0x00007ffaee9663b0:   48 8b 00 ff 15 67 9c 0f 00 e9 88 00 00 00 48 83
0x00007ffaee9663c0:   3a 00 7c 62 75 06 83 7a 08 00 7e 5a ba 01 00 00
0x00007ffaee9663d0:   00 48 8d 4c 24 20 e8 e0 e1 fb ff 48 8b 44 24 20
0x00007ffaee9663e0:   49 3b 06 7c 0c 75 7d 41 8b 46 08 39 44 24 28 7d
0x00007ffaee9663f0:   73 ff 15 49 7c 0f 00 39 46 48 74 4a 48 8b 46 08
0x00007ffaee966400:   48 8d 54 24 20 49 8b ce 48 8b 58 10 e8 ef ec fb
0x00007ffaee966410:   ff 8b d0 48 8d 4e 08 48 8b c3 ff 15 00 9c 0f 00
0x00007ffaee966420:   84 c0 75 22 eb a6 ff 15 14 7c 0f 00 39 46 48 74
0x00007ffaee966430:   15 48 8d 4e 08 48 8b 01 48 8b 40 08 ff 15 de 9b
0x00007ffaee966440:   0f 00 84 c0 74 1e 8b 4e 4c 8d 41 01 89 46 4c 83
0x00007ffaee966450:   f8 01 7e 2b f7 06 00 01 00 00 75 2c 89 4e 4c 4d
0x00007ffaee966460:   85 f6 74 14 49 83 3e 00 75 07 41 83 7e 08 00 74
0x00007ffaee966470:   07 b8 02 00 00 00 eb 12 b8 03 00 00 00 eb 0b ff
0x00007ffaee966480:   15 bb 7b 0f 00 89 46 48 33 c0 48 8b 4c 24 30 48
0x00007ffaee966490:   33 cc e8 47 d7 fb ff 48 8b 5c 24 70 48 83 c4 40
0x00007ffaee9664a0:   41 5e 5f 5e c3 cc cc cc cc cc cc cc cc cc cc cc 


Stack slot to memory mapping:
stack at sp + 0 slots: 0x0 is NULL
stack at sp + 1 slots: 0x000001e34276fa7a is at code_begin+2458 in an Interpreter codelet
method entry point (kind = native)  [0x000001e34276f0e0, 0x000001e34276fb60]  2688 bytes
stack at sp + 2 slots: {method} {0x000001e358d05998} 'findEntry' '(Ljava/lang/String;)J' in 'java/lang/ClassLoader$NativeLibrary'
stack at sp + 3 slots: 0x00007ffaee943133 native-platform-file-events.dll
stack at sp + 4 slots: 0x000001e361025028 points into unknown readable memory: 0x0000000000000054 | 54 00 00 00 00 00 00 00
stack at sp + 5 slots: 0x000000008db00170 is an unallocated location in the heap
stack at sp + 6 slots: 0x00001a3c2ecd47a2 is an unknown value
stack at sp + 7 slots: 0x00007ffaee94da83 native-platform-file-events.dll


---------------  P R O C E S S  ---------------

Threads class SMR info:
_java_thread_list=0x000001e35a6919b0, length=87, elements={
0x000001e33ec43000, 0x000001e3590ce800, 0x000001e3590d0000, 0x000001e359129000,
0x000001e35912a000, 0x000001e35912d800, 0x000001e359131000, 0x000001e35913a000,
0x000001e359148800, 0x000001e35928d800, 0x000001e35bead800, 0x000001e35b652800,
0x000001e35b788000, 0x000001e35b61b800, 0x000001e35b331800, 0x000001e35b429800,
0x000001e35b855000, 0x000001e35b83b000, 0x000001e35c4c9000, 0x000001e35ba87000,
0x000001e35ba6a800, 0x000001e35ba69000, 0x000001e35ba66800, 0x000001e35ba6a000,
0x000001e35ba6b800, 0x000001e35ba68800, 0x000001e35ba6c800, 0x000001e35ba6d000,
0x000001e35ceab800, 0x000001e35ceac000, 0x000001e35cea7800, 0x000001e35cea9000,
0x000001e35ceaf800, 0x000001e35ceae000, 0x000001e35cead000, 0x000001e35ceaa800,
0x000001e35cea9800, 0x000001e35ceb2800, 0x000001e35ceb4800, 0x000001e35ceb3800,
0x000001e35ceb5000, 0x000001e35ceb6000, 0x000001e35ceb1000, 0x000001e35ceb0800,
0x000001e35ceb2000, 0x000001e35e6c4800, 0x000001e35e6c2800, 0x000001e35e6c1000,
0x000001e35e6c2000, 0x000001e35e6c7800, 0x000001e35e6c7000, 0x000001e35e6c3800,
0x000001e35e6c5000, 0x000001e35e6c8800, 0x000001e35e6c9000, 0x000001e35e6cb800,
0x000001e35e6c6000, 0x000001e35e6cd800, 0x000001e35e6ce000, 0x000001e35e6cf000,
0x000001e35e6d0000, 0x000001e35e6cb000, 0x000001e35e6ca000, 0x000001e35e6cc800,
0x000001e35c7ab000, 0x000001e35c7ac800, 0x000001e35c7aa000, 0x000001e35c7a6800,
0x000001e35c7a9000, 0x000001e35c7ad000, 0x000001e35c7ab800, 0x000001e35c7a7800,
0x000001e35c7ae000, 0x000001e35c7a8800, 0x000001e35c7b0800, 0x000001e35c7af000,
0x000001e35c7b4800, 0x000001e35c7b1800, 0x000001e35c7b4000, 0x000001e35c7b3000,
0x000001e35c7b5800, 0x000001e35c7af800, 0x000001e35c7b2000, 0x000001e35f0b2800,
0x000001e35f0b4800, 0x000001e3593a3000, 0x000001e35f0b1000
}

Java Threads: ( => current thread )
  0x000001e33ec43000 JavaThread "main" [_thread_blocked, id=264, stack(0x000000394ae00000,0x000000394af00000)]
  0x000001e3590ce800 JavaThread "Reference Handler" daemon [_thread_blocked, id=1424, stack(0x000000394b800000,0x000000394b900000)]
  0x000001e3590d0000 JavaThread "Finalizer" daemon [_thread_blocked, id=10040, stack(0x000000394b900000,0x000000394ba00000)]
  0x000001e359129000 JavaThread "Signal Dispatcher" daemon [_thread_blocked, id=9920, stack(0x000000394ba00000,0x000000394bb00000)]
  0x000001e35912a000 JavaThread "Attach Listener" daemon [_thread_blocked, id=10764, stack(0x000000394bb00000,0x000000394bc00000)]
  0x000001e35912d800 JavaThread "Service Thread" daemon [_thread_blocked, id=9800, stack(0x000000394bc00000,0x000000394bd00000)]
  0x000001e359131000 JavaThread "C2 CompilerThread0" daemon [_thread_in_native, id=8980, stack(0x000000394bd00000,0x000000394be00000)]
  0x000001e35913a000 JavaThread "C1 CompilerThread0" daemon [_thread_in_native, id=8516, stack(0x000000394be00000,0x000000394bf00000)]
  0x000001e359148800 JavaThread "Sweeper thread" daemon [_thread_blocked, id=1220, stack(0x000000394bf00000,0x000000394c000000)]
  0x000001e35928d800 JavaThread "Common-Cleaner" daemon [_thread_blocked, id=10556, stack(0x000000394c000000,0x000000394c100000)]
  0x000001e35bead800 JavaThread "Daemon health stats" [_thread_blocked, id=10520, stack(0x000000394c600000,0x000000394c700000)]
  0x000001e35b652800 JavaThread "Incoming local TCP Connector on port 54366" [_thread_in_native, id=2020, stack(0x000000394c700000,0x000000394c800000)]
  0x000001e35b788000 JavaThread "Daemon periodic checks" [_thread_blocked, id=5176, stack(0x000000394c800000,0x000000394c900000)]
  0x000001e35b61b800 JavaThread "Daemon" [_thread_blocked, id=2916, stack(0x000000394c900000,0x000000394ca00000)]
  0x000001e35b331800 JavaThread "Handler for socket connection from /127.0.0.1:54366 to /127.0.0.1:54367" [_thread_in_native, id=7976, stack(0x000000394ca00000,0x000000394cb00000)]
  0x000001e35b429800 JavaThread "Cancel handler" [_thread_blocked, id=5580, stack(0x000000394cb00000,0x000000394cc00000)]
  0x000001e35b855000 JavaThread "Daemon worker" [_thread_blocked, id=12568, stack(0x000000394cc00000,0x000000394cd00000)]
  0x000001e35b83b000 JavaThread "Asynchronous log dispatcher for DefaultDaemonConnection: socket connection from /127.0.0.1:54366 to /127.0.0.1:54367" [_thread_blocked, id=6644, stack(0x000000394cd00000,0x000000394ce00000)]
  0x000001e35c4c9000 JavaThread "Stdin handler" [_thread_blocked, id=11136, stack(0x000000394ce00000,0x000000394cf00000)]
  0x000001e35ba87000 JavaThread "Daemon client event forwarder" [_thread_blocked, id=11412, stack(0x000000394cf00000,0x000000394d000000)]
  0x000001e35ba6a800 JavaThread "Cache worker for journal cache (C:\Users\it_04\.gradle\caches\journal-1)" [_thread_blocked, id=7044, stack(0x000000394d000000,0x000000394d100000)]
  0x000001e35ba69000 JavaThread "File lock request listener" [_thread_in_native, id=2288, stack(0x000000394d100000,0x000000394d200000)]
  0x000001e35ba66800 JavaThread "Cache worker for file hash cache (C:\Users\it_04\.gradle\caches\7.5\fileHashes)" [_thread_blocked, id=9776, stack(0x000000394d200000,0x000000394d300000)]
=>0x000001e35ba6a000 JavaThread "File watcher server" daemon [_thread_in_native, id=12972, stack(0x000000394d300000,0x000000394d400000)]
  0x000001e35ba6b800 JavaThread "Cache worker for checksums cache (D:\SourceAndroid\KyThuat\.gradle\7.5\checksums)" [_thread_blocked, id=11360, stack(0x000000394d500000,0x000000394d600000)]
  0x000001e35ba68800 JavaThread "Cache worker for cache directory md-rule (C:\Users\it_04\.gradle\caches\7.5\md-rule)" [_thread_blocked, id=9448, stack(0x000000394d600000,0x000000394d700000)]
  0x000001e35ba6c800 JavaThread "Cache worker for file content cache (C:\Users\it_04\.gradle\caches\7.5\fileContent)" [_thread_blocked, id=10856, stack(0x000000394d700000,0x000000394d800000)]
  0x000001e35ba6d000 JavaThread "Cache worker for file hash cache (D:\SourceAndroid\KyThuat\.gradle\7.5\fileHashes)" [_thread_blocked, id=11100, stack(0x000000394d800000,0x000000394d900000)]
  0x000001e35ceab800 JavaThread "Cache worker for cache directory md-supplier (C:\Users\it_04\.gradle\caches\7.5\md-supplier)" [_thread_blocked, id=8204, stack(0x000000394d900000,0x000000394da00000)]
  0x000001e35ceac000 JavaThread "Cache worker for execution history cache (C:\Users\it_04\.gradle\caches\7.5\executionHistory)" [_thread_blocked, id=3548, stack(0x000000394da00000,0x000000394db00000)]
  0x000001e35cea7800 JavaThread "jar transforms" [_thread_blocked, id=7800, stack(0x000000394db00000,0x000000394dc00000)]
  0x000001e35cea9000 JavaThread "jar transforms Thread 2" [_thread_blocked, id=2484, stack(0x000000394dc00000,0x000000394dd00000)]
  0x000001e35ceaf800 JavaThread "jar transforms Thread 3" [_thread_blocked, id=11968, stack(0x000000394dd00000,0x000000394de00000)]
  0x000001e35ceae000 JavaThread "jar transforms Thread 4" [_thread_blocked, id=11208, stack(0x000000394de00000,0x000000394df00000)]
  0x000001e35cead000 JavaThread "Cache worker for dependencies-accessors (D:\SourceAndroid\KyThuat\.gradle\7.5\dependencies-accessors)" [_thread_blocked, id=12332, stack(0x000000394df00000,0x000000394e000000)]
  0x000001e35ceaa800 JavaThread "Cache worker for Build Output Cleanup Cache (D:\SourceAndroid\KyThuat\.gradle\buildOutputCleanup)" [_thread_in_native, id=412, stack(0x000000394e000000,0x000000394e100000)]
  0x000001e35cea9800 JavaThread "Unconstrained build operations" [_thread_blocked, id=7900, stack(0x000000394e100000,0x000000394e200000)]
  0x000001e35ceb2800 JavaThread "Unconstrained build operations Thread 2" [_thread_blocked, id=6556, stack(0x000000394e200000,0x000000394e300000)]
  0x000001e35ceb4800 JavaThread "Unconstrained build operations Thread 3" [_thread_blocked, id=11128, stack(0x000000394e300000,0x000000394e400000)]
  0x000001e35ceb3800 JavaThread "Unconstrained build operations Thread 4" [_thread_blocked, id=7416, stack(0x000000394e400000,0x000000394e500000)]
  0x000001e35ceb5000 JavaThread "Unconstrained build operations Thread 5" [_thread_blocked, id=12624, stack(0x000000394e500000,0x000000394e600000)]
  0x000001e35ceb6000 JavaThread "Unconstrained build operations Thread 6" [_thread_blocked, id=8440, stack(0x000000394e600000,0x000000394e700000)]
  0x000001e35ceb1000 JavaThread "Unconstrained build operations Thread 7" [_thread_blocked, id=13052, stack(0x000000394e700000,0x000000394e800000)]
  0x000001e35ceb0800 JavaThread "Unconstrained build operations Thread 8" [_thread_blocked, id=6156, stack(0x000000394e800000,0x000000394e900000)]
  0x000001e35ceb2000 JavaThread "Unconstrained build operations Thread 9" [_thread_blocked, id=9436, stack(0x000000394e900000,0x000000394ea00000)]
  0x000001e35e6c4800 JavaThread "Unconstrained build operations Thread 10" [_thread_blocked, id=10644, stack(0x000000394ea00000,0x000000394eb00000)]
  0x000001e35e6c2800 JavaThread "Unconstrained build operations Thread 11" [_thread_blocked, id=9716, stack(0x000000394eb00000,0x000000394ec00000)]
  0x000001e35e6c1000 JavaThread "Unconstrained build operations Thread 12" [_thread_blocked, id=7468, stack(0x000000394ec00000,0x000000394ed00000)]
  0x000001e35e6c2000 JavaThread "Unconstrained build operations Thread 13" [_thread_blocked, id=3324, stack(0x000000394ed00000,0x000000394ee00000)]
  0x000001e35e6c7800 JavaThread "Unconstrained build operations Thread 14" [_thread_blocked, id=6724, stack(0x000000394ee00000,0x000000394ef00000)]
  0x000001e35e6c7000 JavaThread "Unconstrained build operations Thread 15" [_thread_blocked, id=8004, stack(0x000000394ef00000,0x000000394f000000)]
  0x000001e35e6c3800 JavaThread "Unconstrained build operations Thread 16" [_thread_blocked, id=9064, stack(0x000000394f000000,0x000000394f100000)]
  0x000001e35e6c5000 JavaThread "Unconstrained build operations Thread 17" [_thread_blocked, id=5292, stack(0x000000394f100000,0x000000394f200000)]
  0x000001e35e6c8800 JavaThread "Unconstrained build operations Thread 18" [_thread_blocked, id=11252, stack(0x000000394f200000,0x000000394f300000)]
  0x000001e35e6c9000 JavaThread "Unconstrained build operations Thread 19" [_thread_blocked, id=10840, stack(0x000000394f300000,0x000000394f400000)]
  0x000001e35e6cb800 JavaThread "Unconstrained build operations Thread 20" [_thread_blocked, id=12296, stack(0x000000394f400000,0x000000394f500000)]
  0x000001e35e6c6000 JavaThread "Unconstrained build operations Thread 21" [_thread_blocked, id=7412, stack(0x000000394f500000,0x000000394f600000)]
  0x000001e35e6cd800 JavaThread "Unconstrained build operations Thread 22" [_thread_blocked, id=9620, stack(0x000000394f600000,0x000000394f700000)]
  0x000001e35e6ce000 JavaThread "Unconstrained build operations Thread 23" [_thread_blocked, id=9212, stack(0x000000394f700000,0x000000394f800000)]
  0x000001e35e6cf000 JavaThread "Unconstrained build operations Thread 24" [_thread_blocked, id=7720, stack(0x000000394f800000,0x000000394f900000)]
  0x000001e35e6d0000 JavaThread "Unconstrained build operations Thread 25" [_thread_blocked, id=8652, stack(0x000000394f900000,0x000000394fa00000)]
  0x000001e35e6cb000 JavaThread "Unconstrained build operations Thread 26" [_thread_blocked, id=10336, stack(0x000000394fa00000,0x000000394fb00000)]
  0x000001e35e6ca000 JavaThread "Unconstrained build operations Thread 27" [_thread_blocked, id=6172, stack(0x000000394fb00000,0x000000394fc00000)]
  0x000001e35e6cc800 JavaThread "Unconstrained build operations Thread 28" [_thread_blocked, id=9492, stack(0x000000394fc00000,0x000000394fd00000)]
  0x000001e35c7ab000 JavaThread "Unconstrained build operations Thread 29" [_thread_blocked, id=5788, stack(0x000000394fd00000,0x000000394fe00000)]
  0x000001e35c7ac800 JavaThread "Unconstrained build operations Thread 30" [_thread_blocked, id=12140, stack(0x000000394fe00000,0x000000394ff00000)]
  0x000001e35c7aa000 JavaThread "Unconstrained build operations Thread 31" [_thread_blocked, id=13220, stack(0x000000394ff00000,0x0000003950000000)]
  0x000001e35c7a6800 JavaThread "Unconstrained build operations Thread 32" [_thread_blocked, id=10880, stack(0x0000003950000000,0x0000003950100000)]
  0x000001e35c7a9000 JavaThread "Unconstrained build operations Thread 33" [_thread_blocked, id=3524, stack(0x0000003950100000,0x0000003950200000)]
  0x000001e35c7ad000 JavaThread "Unconstrained build operations Thread 34" [_thread_blocked, id=8728, stack(0x0000003950200000,0x0000003950300000)]
  0x000001e35c7ab800 JavaThread "Unconstrained build operations Thread 35" [_thread_blocked, id=8964, stack(0x0000003950300000,0x0000003950400000)]
  0x000001e35c7a7800 JavaThread "Unconstrained build operations Thread 36" [_thread_blocked, id=12144, stack(0x0000003950400000,0x0000003950500000)]
  0x000001e35c7ae000 JavaThread "Unconstrained build operations Thread 37" [_thread_blocked, id=9644, stack(0x0000003950500000,0x0000003950600000)]
  0x000001e35c7a8800 JavaThread "Unconstrained build operations Thread 38" [_thread_blocked, id=7128, stack(0x0000003950600000,0x0000003950700000)]
  0x000001e35c7b0800 JavaThread "Unconstrained build operations Thread 39" [_thread_blocked, id=6936, stack(0x0000003950700000,0x0000003950800000)]
  0x000001e35c7af000 JavaThread "Unconstrained build operations Thread 40" [_thread_blocked, id=8220, stack(0x0000003950800000,0x0000003950900000)]
  0x000001e35c7b4800 JavaThread "Memory manager" [_thread_blocked, id=12528, stack(0x0000003950900000,0x0000003950a00000)]
  0x000001e35c7b1800 JavaThread "build event listener" [_thread_blocked, id=11188, stack(0x0000003950a00000,0x0000003950b00000)]
  0x000001e35c7b4000 JavaThread "pool-3-thread-1" [_thread_blocked, id=6084, stack(0x0000003950b00000,0x0000003950c00000)]
  0x000001e35c7b3000 JavaThread "build event listener" [_thread_blocked, id=1932, stack(0x0000003950c00000,0x0000003950d00000)]
  0x000001e35c7b5800 JavaThread "included builds" [_thread_blocked, id=8140, stack(0x0000003950d00000,0x0000003950e00000)]
  0x000001e35c7af800 JavaThread "Execution worker" [_thread_blocked, id=10272, stack(0x0000003950e00000,0x0000003950f00000)]
  0x000001e35c7b2000 JavaThread "Execution worker Thread 2" [_thread_blocked, id=5092, stack(0x0000003950f00000,0x0000003951000000)]
  0x000001e35f0b2800 JavaThread "Execution worker Thread 3" [_thread_in_native, id=7340, stack(0x0000003951000000,0x0000003951100000)]
  0x000001e35f0b4800 JavaThread "Cache worker for execution history cache (D:\SourceAndroid\KyThuat\.gradle\7.5\executionHistory)" [_thread_blocked, id=13280, stack(0x0000003951100000,0x0000003951200000)]
  0x000001e3593a3000 JavaThread "C2 CompilerThread1" daemon [_thread_in_native, id=11060, stack(0x000000394c200000,0x000000394c300000)]
  0x000001e35f0b1000 JavaThread "WorkerExecutor Queue" [_thread_blocked, id=11708, stack(0x000000394d400000,0x000000394d500000)]

Other Threads:
  0x000001e3590c7800 VMThread "VM Thread" [stack: 0x000000394b700000,0x000000394b800000] [id=9864]
  0x000001e3592a9000 WatcherThread [stack: 0x000000394c100000,0x000000394c200000] [id=2160]
  0x000001e33ec5c800 GCTaskThread "GC Thread#0" [stack: 0x000000394b200000,0x000000394b300000] [id=9784]
  0x000001e3599fb000 GCTaskThread "GC Thread#1" [stack: 0x000000394c300000,0x000000394c400000] [id=11224]
  0x000001e359917800 GCTaskThread "GC Thread#2" [stack: 0x000000394c400000,0x000000394c500000] [id=5600]
  0x000001e359928800 GCTaskThread "GC Thread#3" [stack: 0x000000394c500000,0x000000394c600000] [id=11228]
  0x000001e33ec8c800 ConcurrentGCThread "G1 Main Marker" [stack: 0x000000394b300000,0x000000394b400000] [id=10436]
  0x000001e33ec8e800 ConcurrentGCThread "G1 Conc#0" [stack: 0x000000394b400000,0x000000394b500000] [id=11912]
  0x000001e358708800 ConcurrentGCThread "G1 Refine#0" [stack: 0x000000394b500000,0x000000394b600000] [id=5612]
  0x000001e363465800 ConcurrentGCThread "G1 Refine#1" [stack: 0x0000003951200000,0x0000003951300000] [id=10696]
  0x000001e358709800 ConcurrentGCThread "G1 Young RemSet Sampling" [stack: 0x000000394b600000,0x000000394b700000] [id=2728]

Threads with active compile tasks:
C2 CompilerThread0    22352 8668       4       java.lang.String::split (324 bytes)
C2 CompilerThread1    22352 8736       4       org.objectweb.asm.SymbolTable::addConstant (330 bytes)

VM state:not at safepoint (normal execution)

VM Mutex/Monitor currently owned by a thread: None

Heap address: 0x0000000080000000, size: 2048 MB, Compressed Oops mode: 32-bit
Narrow klass base: 0x0000000000000000, Narrow klass shift: 3
Compressed class space size: 1073741824 Address: 0x0000000100000000

Heap:
 garbage-first heap   total 260096K, used 101304K [0x0000000080000000, 0x0000000100000000)
  region size 1024K, 39 young (39936K), 14 survivors (14336K)
 Metaspace       used 86250K, capacity 88575K, committed 88732K, reserved 1126400K
  class space    used 11183K, capacity 11977K, committed 12056K, reserved 1048576K
Heap Regions: E=young(eden), S=young(survivor), O=old, HS=humongous(starts), HC=humongous(continues), CS=collection set, F=free, A=archive, TAMS=top-at-mark-start (previous, next)
|   0|0x0000000080000000, 0x0000000080100000, 0x0000000080100000|100%|HS|  |TAMS 0x0000000080100000, 0x0000000080000000| Complete 
|   1|0x0000000080100000, 0x0000000080200000, 0x0000000080200000|100%|HC|  |TAMS 0x0000000080200000, 0x0000000080100000| Complete 
|   2|0x0000000080200000, 0x0000000080300000, 0x0000000080300000|100%|HC|  |TAMS 0x0000000080300000, 0x0000000080200000| Complete 
|   3|0x0000000080300000, 0x0000000080400000, 0x0000000080400000|100%| O|  |TAMS 0x0000000080400000, 0x0000000080300000| Untracked 
|   4|0x0000000080400000, 0x0000000080500000, 0x0000000080500000|100%| O|  |TAMS 0x0000000080500000, 0x0000000080400000| Untracked 
|   5|0x0000000080500000, 0x0000000080600000, 0x0000000080600000|100%| O|  |TAMS 0x0000000080600000, 0x0000000080500000| Untracked 
|   6|0x0000000080600000, 0x0000000080700000, 0x0000000080700000|100%| O|  |TAMS 0x0000000080700000, 0x0000000080600000| Untracked 
|   7|0x0000000080700000, 0x0000000080800000, 0x0000000080800000|100%| O|  |TAMS 0x0000000080800000, 0x0000000080700000| Untracked 
|   8|0x0000000080800000, 0x0000000080900000, 0x0000000080900000|100%| O|  |TAMS 0x0000000080900000, 0x0000000080800000| Untracked 
|   9|0x0000000080900000, 0x0000000080a00000, 0x0000000080a00000|100%| O|  |TAMS 0x0000000080a00000, 0x0000000080900000| Untracked 
|  10|0x0000000080a00000, 0x0000000080b00000, 0x0000000080b00000|100%| O|  |TAMS 0x0000000080b00000, 0x0000000080a00000| Untracked 
|  11|0x0000000080b00000, 0x0000000080c00000, 0x0000000080c00000|100%| O|  |TAMS 0x0000000080c00000, 0x0000000080b00000| Untracked 
|  12|0x0000000080c00000, 0x0000000080d00000, 0x0000000080d00000|100%| O|  |TAMS 0x0000000080d00000, 0x0000000080c00000| Untracked 
|  13|0x0000000080d00000, 0x0000000080e00000, 0x0000000080e00000|100%| O|  |TAMS 0x0000000080e00000, 0x0000000080d00000| Untracked 
|  14|0x0000000080e00000, 0x0000000080f00000, 0x0000000080f00000|100%| O|  |TAMS 0x0000000080f00000, 0x0000000080e00000| Untracked 
|  15|0x0000000080f00000, 0x0000000081000000, 0x0000000081000000|100%| O|  |TAMS 0x0000000081000000, 0x0000000080f00000| Untracked 
|  16|0x0000000081000000, 0x0000000081100000, 0x0000000081100000|100%| O|  |TAMS 0x0000000081100000, 0x0000000081000000| Untracked 
|  17|0x0000000081100000, 0x0000000081200000, 0x0000000081200000|100%|HS|  |TAMS 0x0000000081200000, 0x0000000081100000| Complete 
|  18|0x0000000081200000, 0x0000000081300000, 0x0000000081300000|100%| O|  |TAMS 0x0000000081300000, 0x0000000081200000| Untracked 
|  19|0x0000000081300000, 0x0000000081400000, 0x0000000081400000|100%| O|  |TAMS 0x0000000081400000, 0x0000000081300000| Untracked 
|  20|0x0000000081400000, 0x0000000081500000, 0x0000000081500000|100%| O|  |TAMS 0x0000000081500000, 0x0000000081400000| Untracked 
|  21|0x0000000081500000, 0x0000000081600000, 0x0000000081600000|100%| O|  |TAMS 0x0000000081600000, 0x0000000081500000| Untracked 
|  22|0x0000000081600000, 0x0000000081700000, 0x0000000081700000|100%| O|  |TAMS 0x0000000081700000, 0x0000000081600000| Untracked 
|  23|0x0000000081700000, 0x0000000081800000, 0x0000000081800000|100%|HS|  |TAMS 0x0000000081800000, 0x0000000081700000| Complete 
|  24|0x0000000081800000, 0x0000000081900000, 0x0000000081900000|100%| O|  |TAMS 0x0000000081900000, 0x0000000081800000| Untracked 
|  25|0x0000000081900000, 0x0000000081a00000, 0x0000000081a00000|100%|HS|  |TAMS 0x0000000081a00000, 0x0000000081900000| Complete 
|  26|0x0000000081a00000, 0x0000000081b00000, 0x0000000081b00000|100%|HC|  |TAMS 0x0000000081b00000, 0x0000000081a00000| Complete 
|  27|0x0000000081b00000, 0x0000000081c00000, 0x0000000081c00000|100%| O|  |TAMS 0x0000000081c00000, 0x0000000081b00000| Untracked 
|  28|0x0000000081c00000, 0x0000000081d00000, 0x0000000081d00000|100%| O|  |TAMS 0x0000000081d00000, 0x0000000081c00000| Untracked 
|  29|0x0000000081d00000, 0x0000000081e00000, 0x0000000081e00000|100%| O|  |TAMS 0x0000000081e00000, 0x0000000081d00000| Untracked 
|  30|0x0000000081e00000, 0x0000000081f00000, 0x0000000081f00000|100%| O|  |TAMS 0x0000000081f00000, 0x0000000081e00000| Untracked 
|  31|0x0000000081f00000, 0x0000000082000000, 0x0000000082000000|100%| O|  |TAMS 0x0000000082000000, 0x0000000081f00000| Untracked 
|  32|0x0000000082000000, 0x0000000082100000, 0x0000000082100000|100%| O|  |TAMS 0x0000000082100000, 0x0000000082000000| Untracked 
|  33|0x0000000082100000, 0x0000000082200000, 0x0000000082200000|100%| O|  |TAMS 0x0000000082200000, 0x0000000082100000| Untracked 
|  34|0x0000000082200000, 0x0000000082300000, 0x0000000082300000|100%| O|  |TAMS 0x0000000082300000, 0x0000000082200000| Untracked 
|  35|0x0000000082300000, 0x0000000082400000, 0x0000000082400000|100%| O|  |TAMS 0x0000000082400000, 0x0000000082300000| Untracked 
|  36|0x0000000082400000, 0x0000000082500000, 0x0000000082500000|100%| O|  |TAMS 0x0000000082500000, 0x0000000082400000| Untracked 
|  37|0x0000000082500000, 0x0000000082600000, 0x0000000082600000|100%| O|  |TAMS 0x0000000082600000, 0x0000000082500000| Untracked 
|  38|0x0000000082600000, 0x0000000082700000, 0x0000000082700000|100%| O|  |TAMS 0x0000000082700000, 0x0000000082600000| Untracked 
|  39|0x0000000082700000, 0x0000000082800000, 0x0000000082800000|100%| O|  |TAMS 0x0000000082800000, 0x0000000082700000| Untracked 
|  40|0x0000000082800000, 0x0000000082900000, 0x0000000082900000|100%| O|  |TAMS 0x0000000082900000, 0x0000000082800000| Untracked 
|  41|0x0000000082900000, 0x0000000082a00000, 0x0000000082a00000|100%| O|  |TAMS 0x0000000082a00000, 0x0000000082900000| Untracked 
|  42|0x0000000082a00000, 0x0000000082b00000, 0x0000000082b00000|100%| O|  |TAMS 0x0000000082b00000, 0x0000000082a00000| Untracked 
|  43|0x0000000082b00000, 0x0000000082c00000, 0x0000000082c00000|100%| O|  |TAMS 0x0000000082c00000, 0x0000000082b00000| Untracked 
|  44|0x0000000082c00000, 0x0000000082d00000, 0x0000000082d00000|100%| O|  |TAMS 0x0000000082d00000, 0x0000000082c00000| Untracked 
|  45|0x0000000082d00000, 0x0000000082e00000, 0x0000000082e00000|100%| O|  |TAMS 0x0000000082e00000, 0x0000000082d00000| Untracked 
|  46|0x0000000082e00000, 0x0000000082f00000, 0x0000000082f00000|100%| O|  |TAMS 0x0000000082f00000, 0x0000000082e00000| Untracked 
|  47|0x0000000082f00000, 0x0000000083000000, 0x0000000083000000|100%| O|  |TAMS 0x0000000083000000, 0x0000000082f00000| Untracked 
|  48|0x0000000083000000, 0x0000000083100000, 0x0000000083100000|100%| O|  |TAMS 0x0000000083100000, 0x0000000083000000| Untracked 
|  49|0x0000000083100000, 0x0000000083200000, 0x0000000083200000|100%| O|  |TAMS 0x0000000083200000, 0x0000000083100000| Untracked 
|  50|0x0000000083200000, 0x0000000083300000, 0x0000000083300000|100%| O|  |TAMS 0x0000000083300000, 0x0000000083200000| Untracked 
|  51|0x0000000083300000, 0x0000000083400000, 0x0000000083400000|100%| O|  |TAMS 0x0000000083400000, 0x0000000083300000| Untracked 
|  52|0x0000000083400000, 0x0000000083500000, 0x0000000083500000|100%| O|  |TAMS 0x0000000083500000, 0x0000000083400000| Untracked 
|  53|0x0000000083500000, 0x0000000083600000, 0x0000000083600000|100%| O|  |TAMS 0x0000000083600000, 0x0000000083500000| Untracked 
|  54|0x0000000083600000, 0x0000000083700000, 0x0000000083700000|100%| O|  |TAMS 0x0000000083700000, 0x0000000083600000| Untracked 
|  55|0x0000000083700000, 0x0000000083800000, 0x0000000083800000|100%| O|  |TAMS 0x00000000837f1a00, 0x0000000083700000| Untracked 
|  56|0x0000000083800000, 0x0000000083900000, 0x0000000083900000|100%| O|  |TAMS 0x0000000083800000, 0x0000000083800000| Untracked 
|  57|0x0000000083900000, 0x0000000083a00000, 0x0000000083a00000|100%| O|  |TAMS 0x0000000083900000, 0x0000000083900000| Untracked 
|  58|0x0000000083a00000, 0x0000000083b00000, 0x0000000083b00000|100%| O|  |TAMS 0x0000000083a00000, 0x0000000083a00000| Untracked 
|  59|0x0000000083b00000, 0x0000000083c00000, 0x0000000083c00000|100%| O|  |TAMS 0x0000000083b00000, 0x0000000083b00000| Untracked 
|  60|0x0000000083c00000, 0x0000000083cee200, 0x0000000083d00000| 93%| O|  |TAMS 0x0000000083c00000, 0x0000000083c00000| Untracked 
|  61|0x0000000083d00000, 0x0000000083d00000, 0x0000000083e00000|  0%| F|  |TAMS 0x0000000083d00000, 0x0000000083d00000| Untracked 
|  62|0x0000000083e00000, 0x0000000083e00000, 0x0000000083f00000|  0%| F|  |TAMS 0x0000000083e00000, 0x0000000083e00000| Untracked 
|  63|0x0000000083f00000, 0x0000000083f00000, 0x0000000084000000|  0%| F|  |TAMS 0x0000000083f00000, 0x0000000083f00000| Untracked 
|  64|0x0000000084000000, 0x0000000084000000, 0x0000000084100000|  0%| F|  |TAMS 0x0000000084000000, 0x0000000084000000| Untracked 
|  65|0x0000000084100000, 0x0000000084100000, 0x0000000084200000|  0%| F|  |TAMS 0x0000000084100000, 0x0000000084100000| Untracked 
|  66|0x0000000084200000, 0x0000000084200000, 0x0000000084300000|  0%| F|  |TAMS 0x0000000084200000, 0x0000000084200000| Untracked 
|  67|0x0000000084300000, 0x0000000084300000, 0x0000000084400000|  0%| F|  |TAMS 0x0000000084300000, 0x0000000084300000| Untracked 
|  68|0x0000000084400000, 0x0000000084400000, 0x0000000084500000|  0%| F|  |TAMS 0x0000000084400000, 0x0000000084400000| Untracked 
|  69|0x0000000084500000, 0x0000000084500000, 0x0000000084600000|  0%| F|  |TAMS 0x0000000084500000, 0x0000000084500000| Untracked 
|  70|0x0000000084600000, 0x0000000084600000, 0x0000000084700000|  0%| F|  |TAMS 0x0000000084600000, 0x0000000084600000| Untracked 
|  71|0x0000000084700000, 0x0000000084700000, 0x0000000084800000|  0%| F|  |TAMS 0x0000000084700000, 0x0000000084700000| Untracked 
|  72|0x0000000084800000, 0x0000000084800000, 0x0000000084900000|  0%| F|  |TAMS 0x0000000084800000, 0x0000000084800000| Untracked 
|  73|0x0000000084900000, 0x0000000084900000, 0x0000000084a00000|  0%| F|  |TAMS 0x0000000084900000, 0x0000000084900000| Untracked 
|  74|0x0000000084a00000, 0x0000000084a00000, 0x0000000084b00000|  0%| F|  |TAMS 0x0000000084a00000, 0x0000000084a00000| Untracked 
|  75|0x0000000084b00000, 0x0000000084b00000, 0x0000000084c00000|  0%| F|  |TAMS 0x0000000084b00000, 0x0000000084b00000| Untracked 
|  76|0x0000000084c00000, 0x0000000084c00000, 0x0000000084d00000|  0%| F|  |TAMS 0x0000000084c00000, 0x0000000084c00000| Untracked 
|  77|0x0000000084d00000, 0x0000000084d00000, 0x0000000084e00000|  0%| F|  |TAMS 0x0000000084d00000, 0x0000000084d00000| Untracked 
|  78|0x0000000084e00000, 0x0000000084e00000, 0x0000000084f00000|  0%| F|  |TAMS 0x0000000084e00000, 0x0000000084e00000| Untracked 
|  79|0x0000000084f00000, 0x0000000084f00000, 0x0000000085000000|  0%| F|  |TAMS 0x0000000084f00000, 0x0000000084f00000| Untracked 
|  80|0x0000000085000000, 0x0000000085000000, 0x0000000085100000|  0%| F|  |TAMS 0x0000000085000000, 0x0000000085000000| Untracked 
|  81|0x0000000085100000, 0x0000000085100000, 0x0000000085200000|  0%| F|  |TAMS 0x0000000085100000, 0x0000000085100000| Untracked 
|  82|0x0000000085200000, 0x0000000085200000, 0x0000000085300000|  0%| F|  |TAMS 0x0000000085200000, 0x0000000085200000| Untracked 
|  83|0x0000000085300000, 0x0000000085300000, 0x0000000085400000|  0%| F|  |TAMS 0x0000000085300000, 0x0000000085300000| Untracked 
|  84|0x0000000085400000, 0x0000000085400000, 0x0000000085500000|  0%| F|  |TAMS 0x0000000085400000, 0x0000000085400000| Untracked 
|  85|0x0000000085500000, 0x0000000085500000, 0x0000000085600000|  0%| F|  |TAMS 0x0000000085500000, 0x0000000085500000| Untracked 
|  86|0x0000000085600000, 0x0000000085600000, 0x0000000085700000|  0%| F|  |TAMS 0x0000000085600000, 0x0000000085600000| Untracked 
|  87|0x0000000085700000, 0x0000000085700000, 0x0000000085800000|  0%| F|  |TAMS 0x0000000085700000, 0x0000000085700000| Untracked 
|  88|0x0000000085800000, 0x0000000085800000, 0x0000000085900000|  0%| F|  |TAMS 0x0000000085800000, 0x0000000085800000| Untracked 
|  89|0x0000000085900000, 0x0000000085900000, 0x0000000085a00000|  0%| F|  |TAMS 0x0000000085900000, 0x0000000085900000| Untracked 
|  90|0x0000000085a00000, 0x0000000085a00000, 0x0000000085b00000|  0%| F|  |TAMS 0x0000000085a00000, 0x0000000085a00000| Untracked 
|  91|0x0000000085b00000, 0x0000000085b00000, 0x0000000085c00000|  0%| F|  |TAMS 0x0000000085b00000, 0x0000000085b00000| Untracked 
|  92|0x0000000085c00000, 0x0000000085c00000, 0x0000000085d00000|  0%| F|  |TAMS 0x0000000085c00000, 0x0000000085c00000| Untracked 
|  93|0x0000000085d00000, 0x0000000085d00000, 0x0000000085e00000|  0%| F|  |TAMS 0x0000000085d00000, 0x0000000085d00000| Untracked 
|  94|0x0000000085e00000, 0x0000000085e00000, 0x0000000085f00000|  0%| F|  |TAMS 0x0000000085e00000, 0x0000000085e00000| Untracked 
|  95|0x0000000085f00000, 0x0000000085f00000, 0x0000000086000000|  0%| F|  |TAMS 0x0000000085f00000, 0x0000000085f00000| Untracked 
|  96|0x0000000086000000, 0x0000000086000000, 0x0000000086100000|  0%| F|  |TAMS 0x0000000086000000, 0x0000000086000000| Untracked 
|  97|0x0000000086100000, 0x0000000086100000, 0x0000000086200000|  0%| F|  |TAMS 0x0000000086100000, 0x0000000086100000| Untracked 
|  98|0x0000000086200000, 0x0000000086200000, 0x0000000086300000|  0%| F|  |TAMS 0x0000000086200000, 0x0000000086200000| Untracked 
|  99|0x0000000086300000, 0x0000000086300000, 0x0000000086400000|  0%| F|  |TAMS 0x0000000086300000, 0x0000000086300000| Untracked 
| 100|0x0000000086400000, 0x0000000086400000, 0x0000000086500000|  0%| F|  |TAMS 0x0000000086400000, 0x0000000086400000| Untracked 
| 101|0x0000000086500000, 0x0000000086500000, 0x0000000086600000|  0%| F|  |TAMS 0x0000000086500000, 0x0000000086500000| Untracked 
| 102|0x0000000086600000, 0x0000000086600000, 0x0000000086700000|  0%| F|  |TAMS 0x0000000086600000, 0x0000000086600000| Untracked 
| 103|0x0000000086700000, 0x0000000086700000, 0x0000000086800000|  0%| F|  |TAMS 0x0000000086700000, 0x0000000086700000| Untracked 
| 104|0x0000000086800000, 0x0000000086800000, 0x0000000086900000|  0%| F|  |TAMS 0x0000000086800000, 0x0000000086800000| Untracked 
| 105|0x0000000086900000, 0x0000000086900000, 0x0000000086a00000|  0%| F|  |TAMS 0x0000000086900000, 0x0000000086900000| Untracked 
| 106|0x0000000086a00000, 0x0000000086a00000, 0x0000000086b00000|  0%| F|  |TAMS 0x0000000086a00000, 0x0000000086a00000| Untracked 
| 107|0x0000000086b00000, 0x0000000086b00000, 0x0000000086c00000|  0%| F|  |TAMS 0x0000000086b00000, 0x0000000086b00000| Untracked 
| 108|0x0000000086c00000, 0x0000000086c00000, 0x0000000086d00000|  0%| F|  |TAMS 0x0000000086c00000, 0x0000000086c00000| Untracked 
| 109|0x0000000086d00000, 0x0000000086d00000, 0x0000000086e00000|  0%| F|  |TAMS 0x0000000086d00000, 0x0000000086d00000| Untracked 
| 110|0x0000000086e00000, 0x0000000086e00000, 0x0000000086f00000|  0%| F|  |TAMS 0x0000000086e00000, 0x0000000086e00000| Untracked 
| 111|0x0000000086f00000, 0x0000000086f00000, 0x0000000087000000|  0%| F|  |TAMS 0x0000000086f00000, 0x0000000086f00000| Untracked 
| 112|0x0000000087000000, 0x0000000087000000, 0x0000000087100000|  0%| F|  |TAMS 0x0000000087000000, 0x0000000087000000| Untracked 
| 113|0x0000000087100000, 0x0000000087100000, 0x0000000087200000|  0%| F|  |TAMS 0x0000000087100000, 0x0000000087100000| Untracked 
| 114|0x0000000087200000, 0x0000000087200000, 0x0000000087300000|  0%| F|  |TAMS 0x0000000087200000, 0x0000000087200000| Untracked 
| 115|0x0000000087300000, 0x0000000087300000, 0x0000000087400000|  0%| F|  |TAMS 0x0000000087300000, 0x0000000087300000| Untracked 
| 116|0x0000000087400000, 0x0000000087400000, 0x0000000087500000|  0%| F|  |TAMS 0x0000000087400000, 0x0000000087400000| Untracked 
| 117|0x0000000087500000, 0x0000000087500000, 0x0000000087600000|  0%| F|  |TAMS 0x0000000087500000, 0x0000000087500000| Untracked 
| 118|0x0000000087600000, 0x0000000087600000, 0x0000000087700000|  0%| F|  |TAMS 0x0000000087600000, 0x0000000087600000| Untracked 
| 119|0x0000000087700000, 0x0000000087700000, 0x0000000087800000|  0%| F|  |TAMS 0x0000000087700000, 0x0000000087700000| Untracked 
| 120|0x0000000087800000, 0x0000000087800000, 0x0000000087900000|  0%| F|  |TAMS 0x0000000087800000, 0x0000000087800000| Untracked 
| 121|0x0000000087900000, 0x0000000087900000, 0x0000000087a00000|  0%| F|  |TAMS 0x0000000087900000, 0x0000000087900000| Untracked 
| 122|0x0000000087a00000, 0x0000000087a00000, 0x0000000087b00000|  0%| F|  |TAMS 0x0000000087a00000, 0x0000000087a00000| Untracked 
| 123|0x0000000087b00000, 0x0000000087b00000, 0x0000000087c00000|  0%| F|  |TAMS 0x0000000087b00000, 0x0000000087b00000| Untracked 
| 124|0x0000000087c00000, 0x0000000087c00000, 0x0000000087d00000|  0%| F|  |TAMS 0x0000000087c00000, 0x0000000087c00000| Untracked 
| 125|0x0000000087d00000, 0x0000000087d00000, 0x0000000087e00000|  0%| F|  |TAMS 0x0000000087d00000, 0x0000000087d00000| Untracked 
| 126|0x0000000087e00000, 0x0000000087e00000, 0x0000000087f00000|  0%| F|  |TAMS 0x0000000087e00000, 0x0000000087e00000| Untracked 
| 127|0x0000000087f00000, 0x0000000087f00000, 0x0000000088000000|  0%| F|  |TAMS 0x0000000087f00000, 0x0000000087f00000| Untracked 
| 128|0x0000000088000000, 0x0000000088000000, 0x0000000088100000|  0%| F|  |TAMS 0x0000000088000000, 0x0000000088000000| Untracked 
| 129|0x0000000088100000, 0x0000000088200000, 0x0000000088200000|100%| S|CS|TAMS 0x0000000088100000, 0x0000000088100000| Complete 
| 130|0x0000000088200000, 0x0000000088300000, 0x0000000088300000|100%| S|CS|TAMS 0x0000000088200000, 0x0000000088200000| Complete 
| 131|0x0000000088300000, 0x0000000088400000, 0x0000000088400000|100%| S|CS|TAMS 0x0000000088300000, 0x0000000088300000| Complete 
| 132|0x0000000088400000, 0x0000000088500000, 0x0000000088500000|100%| S|CS|TAMS 0x0000000088400000, 0x0000000088400000| Complete 
| 133|0x0000000088500000, 0x0000000088600000, 0x0000000088600000|100%| S|CS|TAMS 0x0000000088500000, 0x0000000088500000| Complete 
| 134|0x0000000088600000, 0x0000000088700000, 0x0000000088700000|100%| S|CS|TAMS 0x0000000088600000, 0x0000000088600000| Complete 
| 135|0x0000000088700000, 0x0000000088800000, 0x0000000088800000|100%| S|CS|TAMS 0x0000000088700000, 0x0000000088700000| Complete 
| 136|0x0000000088800000, 0x0000000088900000, 0x0000000088900000|100%| S|CS|TAMS 0x0000000088800000, 0x0000000088800000| Complete 
| 137|0x0000000088900000, 0x0000000088a00000, 0x0000000088a00000|100%| S|CS|TAMS 0x0000000088900000, 0x0000000088900000| Complete 
| 138|0x0000000088a00000, 0x0000000088b00000, 0x0000000088b00000|100%| S|CS|TAMS 0x0000000088a00000, 0x0000000088a00000| Complete 
| 139|0x0000000088b00000, 0x0000000088c00000, 0x0000000088c00000|100%| S|CS|TAMS 0x0000000088b00000, 0x0000000088b00000| Complete 
| 140|0x0000000088c00000, 0x0000000088d00000, 0x0000000088d00000|100%| S|CS|TAMS 0x0000000088c00000, 0x0000000088c00000| Complete 
| 141|0x0000000088d00000, 0x0000000088e00000, 0x0000000088e00000|100%| S|CS|TAMS 0x0000000088d00000, 0x0000000088d00000| Complete 
| 142|0x0000000088e00000, 0x0000000088f00000, 0x0000000088f00000|100%| S|CS|TAMS 0x0000000088e00000, 0x0000000088e00000| Complete 
| 143|0x0000000088f00000, 0x0000000088f00000, 0x0000000089000000|  0%| F|  |TAMS 0x0000000088f00000, 0x0000000088f00000| Untracked 
| 144|0x0000000089000000, 0x0000000089000000, 0x0000000089100000|  0%| F|  |TAMS 0x0000000089000000, 0x0000000089000000| Untracked 
| 145|0x0000000089100000, 0x0000000089100000, 0x0000000089200000|  0%| F|  |TAMS 0x0000000089100000, 0x0000000089100000| Untracked 
| 146|0x0000000089200000, 0x0000000089200000, 0x0000000089300000|  0%| F|  |TAMS 0x0000000089200000, 0x0000000089200000| Untracked 
| 147|0x0000000089300000, 0x0000000089300000, 0x0000000089400000|  0%| F|  |TAMS 0x0000000089300000, 0x0000000089300000| Untracked 
| 148|0x0000000089400000, 0x0000000089400000, 0x0000000089500000|  0%| F|  |TAMS 0x0000000089400000, 0x0000000089400000| Untracked 
| 149|0x0000000089500000, 0x0000000089500000, 0x0000000089600000|  0%| F|  |TAMS 0x0000000089500000, 0x0000000089500000| Untracked 
| 150|0x0000000089600000, 0x0000000089600000, 0x0000000089700000|  0%| F|  |TAMS 0x0000000089600000, 0x0000000089600000| Untracked 
| 151|0x0000000089700000, 0x0000000089700000, 0x0000000089800000|  0%| F|  |TAMS 0x0000000089700000, 0x0000000089700000| Untracked 
| 152|0x0000000089800000, 0x0000000089800000, 0x0000000089900000|  0%| F|  |TAMS 0x0000000089800000, 0x0000000089800000| Untracked 
| 153|0x0000000089900000, 0x0000000089900000, 0x0000000089a00000|  0%| F|  |TAMS 0x0000000089900000, 0x0000000089900000| Untracked 
| 154|0x0000000089a00000, 0x0000000089a00000, 0x0000000089b00000|  0%| F|  |TAMS 0x0000000089a00000, 0x0000000089a00000| Untracked 
| 155|0x0000000089b00000, 0x0000000089b00000, 0x0000000089c00000|  0%| F|  |TAMS 0x0000000089b00000, 0x0000000089b00000| Untracked 
| 156|0x0000000089c00000, 0x0000000089c00000, 0x0000000089d00000|  0%| F|  |TAMS 0x0000000089c00000, 0x0000000089c00000| Untracked 
| 157|0x0000000089d00000, 0x0000000089d00000, 0x0000000089e00000|  0%| F|  |TAMS 0x0000000089d00000, 0x0000000089d00000| Untracked 
| 158|0x0000000089e00000, 0x0000000089e00000, 0x0000000089f00000|  0%| F|  |TAMS 0x0000000089e00000, 0x0000000089e00000| Untracked 
| 159|0x0000000089f00000, 0x0000000089f00000, 0x000000008a000000|  0%| F|  |TAMS 0x0000000089f00000, 0x0000000089f00000| Untracked 
| 160|0x000000008a000000, 0x000000008a000000, 0x000000008a100000|  0%| F|  |TAMS 0x000000008a000000, 0x000000008a000000| Untracked 
| 161|0x000000008a100000, 0x000000008a100000, 0x000000008a200000|  0%| F|  |TAMS 0x000000008a100000, 0x000000008a100000| Untracked 
| 162|0x000000008a200000, 0x000000008a200000, 0x000000008a300000|  0%| F|  |TAMS 0x000000008a200000, 0x000000008a200000| Untracked 
| 163|0x000000008a300000, 0x000000008a300000, 0x000000008a400000|  0%| F|  |TAMS 0x000000008a300000, 0x000000008a300000| Untracked 
| 164|0x000000008a400000, 0x000000008a400000, 0x000000008a500000|  0%| F|  |TAMS 0x000000008a400000, 0x000000008a400000| Untracked 
| 165|0x000000008a500000, 0x000000008a500000, 0x000000008a600000|  0%| F|  |TAMS 0x000000008a500000, 0x000000008a500000| Untracked 
| 166|0x000000008a600000, 0x000000008a600000, 0x000000008a700000|  0%| F|  |TAMS 0x000000008a600000, 0x000000008a600000| Untracked 
| 167|0x000000008a700000, 0x000000008a700000, 0x000000008a800000|  0%| F|  |TAMS 0x000000008a700000, 0x000000008a700000| Untracked 
| 168|0x000000008a800000, 0x000000008a800000, 0x000000008a900000|  0%| F|  |TAMS 0x000000008a800000, 0x000000008a800000| Untracked 
| 169|0x000000008a900000, 0x000000008a900000, 0x000000008aa00000|  0%| F|  |TAMS 0x000000008a900000, 0x000000008a900000| Untracked 
| 170|0x000000008aa00000, 0x000000008aa00000, 0x000000008ab00000|  0%| F|  |TAMS 0x000000008aa00000, 0x000000008aa00000| Untracked 
| 171|0x000000008ab00000, 0x000000008ab00000, 0x000000008ac00000|  0%| F|  |TAMS 0x000000008ab00000, 0x000000008ab00000| Untracked 
| 172|0x000000008ac00000, 0x000000008ac00000, 0x000000008ad00000|  0%| F|  |TAMS 0x000000008ac00000, 0x000000008ac00000| Untracked 
| 173|0x000000008ad00000, 0x000000008ad00000, 0x000000008ae00000|  0%| F|  |TAMS 0x000000008ad00000, 0x000000008ad00000| Untracked 
| 174|0x000000008ae00000, 0x000000008ae00000, 0x000000008af00000|  0%| F|  |TAMS 0x000000008ae00000, 0x000000008ae00000| Untracked 
| 175|0x000000008af00000, 0x000000008af00000, 0x000000008b000000|  0%| F|  |TAMS 0x000000008af00000, 0x000000008af00000| Untracked 
| 176|0x000000008b000000, 0x000000008b000000, 0x000000008b100000|  0%| F|  |TAMS 0x000000008b000000, 0x000000008b000000| Untracked 
| 177|0x000000008b100000, 0x000000008b100000, 0x000000008b200000|  0%| F|  |TAMS 0x000000008b100000, 0x000000008b100000| Untracked 
| 178|0x000000008b200000, 0x000000008b200000, 0x000000008b300000|  0%| F|  |TAMS 0x000000008b200000, 0x000000008b200000| Untracked 
| 179|0x000000008b300000, 0x000000008b300000, 0x000000008b400000|  0%| F|  |TAMS 0x000000008b300000, 0x000000008b300000| Untracked 
| 180|0x000000008b400000, 0x000000008b400000, 0x000000008b500000|  0%| F|  |TAMS 0x000000008b400000, 0x000000008b400000| Untracked 
| 181|0x000000008b500000, 0x000000008b500000, 0x000000008b600000|  0%| F|  |TAMS 0x000000008b500000, 0x000000008b500000| Untracked 
| 182|0x000000008b600000, 0x000000008b600000, 0x000000008b700000|  0%| F|  |TAMS 0x000000008b600000, 0x000000008b600000| Untracked 
| 183|0x000000008b700000, 0x000000008b700000, 0x000000008b800000|  0%| F|  |TAMS 0x000000008b700000, 0x000000008b700000| Untracked 
| 184|0x000000008b800000, 0x000000008b800000, 0x000000008b900000|  0%| F|  |TAMS 0x000000008b800000, 0x000000008b800000| Untracked 
| 185|0x000000008b900000, 0x000000008b900000, 0x000000008ba00000|  0%| F|  |TAMS 0x000000008b900000, 0x000000008b900000| Untracked 
| 186|0x000000008ba00000, 0x000000008ba00000, 0x000000008bb00000|  0%| F|  |TAMS 0x000000008ba00000, 0x000000008ba00000| Untracked 
| 187|0x000000008bb00000, 0x000000008bb00000, 0x000000008bc00000|  0%| F|  |TAMS 0x000000008bb00000, 0x000000008bb00000| Untracked 
| 188|0x000000008bc00000, 0x000000008bc00000, 0x000000008bd00000|  0%| F|  |TAMS 0x000000008bc00000, 0x000000008bc00000| Untracked 
| 189|0x000000008bd00000, 0x000000008bd00000, 0x000000008be00000|  0%| F|  |TAMS 0x000000008bd00000, 0x000000008bd00000| Untracked 
| 190|0x000000008be00000, 0x000000008be00000, 0x000000008bf00000|  0%| F|  |TAMS 0x000000008be00000, 0x000000008be00000| Untracked 
| 191|0x000000008bf00000, 0x000000008bf00000, 0x000000008c000000|  0%| F|  |TAMS 0x000000008bf00000, 0x000000008bf00000| Untracked 
| 192|0x000000008c000000, 0x000000008c000000, 0x000000008c100000|  0%| F|  |TAMS 0x000000008c000000, 0x000000008c000000| Untracked 
| 193|0x000000008c100000, 0x000000008c100000, 0x000000008c200000|  0%| F|  |TAMS 0x000000008c100000, 0x000000008c100000| Untracked 
| 194|0x000000008c200000, 0x000000008c200000, 0x000000008c300000|  0%| F|  |TAMS 0x000000008c200000, 0x000000008c200000| Untracked 
| 195|0x000000008c300000, 0x000000008c300000, 0x000000008c400000|  0%| F|  |TAMS 0x000000008c300000, 0x000000008c300000| Untracked 
| 196|0x000000008c400000, 0x000000008c400000, 0x000000008c500000|  0%| F|  |TAMS 0x000000008c400000, 0x000000008c400000| Untracked 
| 197|0x000000008c500000, 0x000000008c500000, 0x000000008c600000|  0%| F|  |TAMS 0x000000008c500000, 0x000000008c500000| Untracked 
| 198|0x000000008c600000, 0x000000008c600000, 0x000000008c700000|  0%| F|  |TAMS 0x000000008c600000, 0x000000008c600000| Untracked 
| 199|0x000000008c700000, 0x000000008c700000, 0x000000008c800000|  0%| F|  |TAMS 0x000000008c700000, 0x000000008c700000| Untracked 
| 200|0x000000008c800000, 0x000000008c800000, 0x000000008c900000|  0%| F|  |TAMS 0x000000008c800000, 0x000000008c800000| Untracked 
| 201|0x000000008c900000, 0x000000008c900000, 0x000000008ca00000|  0%| F|  |TAMS 0x000000008c900000, 0x000000008c900000| Untracked 
| 202|0x000000008ca00000, 0x000000008ca00000, 0x000000008cb00000|  0%| F|  |TAMS 0x000000008ca00000, 0x000000008ca00000| Untracked 
| 203|0x000000008cb00000, 0x000000008cb00000, 0x000000008cc00000|  0%| F|  |TAMS 0x000000008cb00000, 0x000000008cb00000| Untracked 
| 204|0x000000008cc00000, 0x000000008cc00000, 0x000000008cd00000|  0%| F|  |TAMS 0x000000008cc00000, 0x000000008cc00000| Untracked 
| 205|0x000000008cd00000, 0x000000008cd00000, 0x000000008ce00000|  0%| F|  |TAMS 0x000000008cd00000, 0x000000008cd00000| Untracked 
| 206|0x000000008ce00000, 0x000000008ce00000, 0x000000008cf00000|  0%| F|  |TAMS 0x000000008ce00000, 0x000000008ce00000| Untracked 
| 207|0x000000008cf00000, 0x000000008cf00000, 0x000000008d000000|  0%| F|  |TAMS 0x000000008cf00000, 0x000000008cf00000| Untracked 
| 208|0x000000008d000000, 0x000000008d000000, 0x000000008d100000|  0%| F|  |TAMS 0x000000008d000000, 0x000000008d000000| Untracked 
| 209|0x000000008d100000, 0x000000008d100000, 0x000000008d200000|  0%| F|  |TAMS 0x000000008d100000, 0x000000008d100000| Untracked 
| 210|0x000000008d200000, 0x000000008d200000, 0x000000008d300000|  0%| F|  |TAMS 0x000000008d200000, 0x000000008d200000| Untracked 
| 211|0x000000008d300000, 0x000000008d300000, 0x000000008d400000|  0%| F|  |TAMS 0x000000008d300000, 0x000000008d300000| Untracked 
| 212|0x000000008d400000, 0x000000008d400000, 0x000000008d500000|  0%| F|  |TAMS 0x000000008d400000, 0x000000008d400000| Untracked 
| 213|0x000000008d500000, 0x000000008d500000, 0x000000008d600000|  0%| F|  |TAMS 0x000000008d500000, 0x000000008d500000| Untracked 
| 214|0x000000008d600000, 0x000000008d600000, 0x000000008d700000|  0%| F|  |TAMS 0x000000008d600000, 0x000000008d600000| Untracked 
| 215|0x000000008d700000, 0x000000008d700000, 0x000000008d800000|  0%| F|  |TAMS 0x000000008d700000, 0x000000008d700000| Untracked 
| 216|0x000000008d800000, 0x000000008d800000, 0x000000008d900000|  0%| F|  |TAMS 0x000000008d800000, 0x000000008d800000| Untracked 
| 217|0x000000008d900000, 0x000000008d900000, 0x000000008da00000|  0%| F|  |TAMS 0x000000008d900000, 0x000000008d900000| Untracked 
| 218|0x000000008da00000, 0x000000008da00000, 0x000000008db00000|  0%| F|  |TAMS 0x000000008da00000, 0x000000008da00000| Untracked 
| 219|0x000000008db00000, 0x000000008db00000, 0x000000008dc00000|  0%| F|  |TAMS 0x000000008db00000, 0x000000008db00000| Untracked 
| 220|0x000000008dc00000, 0x000000008dc00000, 0x000000008dd00000|  0%| F|  |TAMS 0x000000008dc00000, 0x000000008dc00000| Untracked 
| 221|0x000000008dd00000, 0x000000008dd00000, 0x000000008de00000|  0%| F|  |TAMS 0x000000008dd00000, 0x000000008dd00000| Untracked 
| 222|0x000000008de00000, 0x000000008de00000, 0x000000008df00000|  0%| F|  |TAMS 0x000000008de00000, 0x000000008de00000| Untracked 
| 223|0x000000008df00000, 0x000000008df00000, 0x000000008e000000|  0%| F|  |TAMS 0x000000008df00000, 0x000000008df00000| Untracked 
| 224|0x000000008e000000, 0x000000008e000000, 0x000000008e100000|  0%| F|  |TAMS 0x000000008e000000, 0x000000008e000000| Untracked 
| 225|0x000000008e100000, 0x000000008e100000, 0x000000008e200000|  0%| F|  |TAMS 0x000000008e100000, 0x000000008e100000| Untracked 
| 226|0x000000008e200000, 0x000000008e200000, 0x000000008e300000|  0%| F|  |TAMS 0x000000008e200000, 0x000000008e200000| Untracked 
| 227|0x000000008e300000, 0x000000008e300000, 0x000000008e400000|  0%| F|  |TAMS 0x000000008e300000, 0x000000008e300000| Untracked 
| 228|0x000000008e400000, 0x000000008e400000, 0x000000008e500000|  0%| F|  |TAMS 0x000000008e400000, 0x000000008e400000| Untracked 
| 229|0x000000008e500000, 0x000000008e5438c8, 0x000000008e600000| 26%| E|  |TAMS 0x000000008e500000, 0x000000008e500000| Complete 
| 230|0x000000008e600000, 0x000000008e700000, 0x000000008e700000|100%| E|CS|TAMS 0x000000008e600000, 0x000000008e600000| Complete 
| 231|0x000000008e700000, 0x000000008e800000, 0x000000008e800000|100%| E|CS|TAMS 0x000000008e700000, 0x000000008e700000| Complete 
| 232|0x000000008e800000, 0x000000008e900000, 0x000000008e900000|100%| E|CS|TAMS 0x000000008e800000, 0x000000008e800000| Complete 
| 233|0x000000008e900000, 0x000000008ea00000, 0x000000008ea00000|100%| E|CS|TAMS 0x000000008e900000, 0x000000008e900000| Complete 
| 234|0x000000008ea00000, 0x000000008eb00000, 0x000000008eb00000|100%| E|CS|TAMS 0x000000008ea00000, 0x000000008ea00000| Complete 
| 235|0x000000008eb00000, 0x000000008ec00000, 0x000000008ec00000|100%| E|CS|TAMS 0x000000008eb00000, 0x000000008eb00000| Complete 
| 236|0x000000008ec00000, 0x000000008ed00000, 0x000000008ed00000|100%| E|CS|TAMS 0x000000008ec00000, 0x000000008ec00000| Complete 
| 237|0x000000008ed00000, 0x000000008ee00000, 0x000000008ee00000|100%| E|CS|TAMS 0x000000008ed00000, 0x000000008ed00000| Complete 
| 238|0x000000008ee00000, 0x000000008ef00000, 0x000000008ef00000|100%| E|CS|TAMS 0x000000008ee00000, 0x000000008ee00000| Complete 
| 239|0x000000008ef00000, 0x000000008f000000, 0x000000008f000000|100%| E|CS|TAMS 0x000000008ef00000, 0x000000008ef00000| Complete 
| 240|0x000000008f000000, 0x000000008f100000, 0x000000008f100000|100%| E|CS|TAMS 0x000000008f000000, 0x000000008f000000| Complete 
| 241|0x000000008f100000, 0x000000008f200000, 0x000000008f200000|100%| E|CS|TAMS 0x000000008f100000, 0x000000008f100000| Complete 
| 242|0x000000008f200000, 0x000000008f300000, 0x000000008f300000|100%| E|CS|TAMS 0x000000008f200000, 0x000000008f200000| Complete 
| 243|0x000000008f300000, 0x000000008f400000, 0x000000008f400000|100%| E|CS|TAMS 0x000000008f300000, 0x000000008f300000| Complete 
| 244|0x000000008f400000, 0x000000008f500000, 0x000000008f500000|100%| E|CS|TAMS 0x000000008f400000, 0x000000008f400000| Complete 
| 245|0x000000008f500000, 0x000000008f600000, 0x000000008f600000|100%| E|CS|TAMS 0x000000008f500000, 0x000000008f500000| Complete 
| 246|0x000000008f600000, 0x000000008f700000, 0x000000008f700000|100%| E|CS|TAMS 0x000000008f600000, 0x000000008f600000| Complete 
| 247|0x000000008f700000, 0x000000008f800000, 0x000000008f800000|100%| E|CS|TAMS 0x000000008f700000, 0x000000008f700000| Complete 
| 248|0x000000008f800000, 0x000000008f900000, 0x000000008f900000|100%| E|CS|TAMS 0x000000008f800000, 0x000000008f800000| Complete 
| 249|0x000000008f900000, 0x000000008fa00000, 0x000000008fa00000|100%| E|CS|TAMS 0x000000008f900000, 0x000000008f900000| Complete 
| 250|0x000000008fa00000, 0x000000008fb00000, 0x000000008fb00000|100%| E|CS|TAMS 0x000000008fa00000, 0x000000008fa00000| Complete 
| 251|0x000000008fb00000, 0x000000008fc00000, 0x000000008fc00000|100%| E|CS|TAMS 0x000000008fb00000, 0x000000008fb00000| Complete 
| 252|0x000000008fc00000, 0x000000008fd00000, 0x000000008fd00000|100%| E|CS|TAMS 0x000000008fc00000, 0x000000008fc00000| Complete 
| 253|0x000000008fd00000, 0x000000008fe00000, 0x000000008fe00000|100%| E|CS|TAMS 0x000000008fd00000, 0x000000008fd00000| Complete 

Card table byte_map: [0x000001e351b60000,0x000001e351f60000] _byte_map_base: 0x000001e351760000

Marking Bits (Prev, Next): (CMBitMap*) 0x000001e33ec83838, (CMBitMap*) 0x000001e33ec83870
 Prev Bits: [0x000001e352360000, 0x000001e354360000)
 Next Bits: [0x000001e354360000, 0x000001e356360000)

Polling page: 0x000001e33cc30000

Metaspace:

Usage:
  Non-class:     74.80 MB capacity,    73.31 MB ( 98%) used,     1.26 MB (  2%) free+waste,   240.31 KB ( <1%) overhead. 
      Class:     11.70 MB capacity,    10.92 MB ( 93%) used,   682.83 KB (  6%) free+waste,   110.94 KB ( <1%) overhead. 
       Both:     86.50 MB capacity,    84.23 MB ( 97%) used,     1.93 MB (  2%) free+waste,   351.25 KB ( <1%) overhead. 

Virtual space:
  Non-class space:       76.00 MB reserved,      74.88 MB ( 99%) committed 
      Class space:        1.00 GB reserved,      11.77 MB (  1%) committed 
             Both:        1.07 GB reserved,      86.65 MB (  8%) committed 

Chunk freelists:
   Non-Class:  14.00 KB
       Class:  0 bytes
        Both:  14.00 KB

MaxMetaspaceSize: 17179869184.00 GB
CompressedClassSpaceSize: 1.00 GB
Initial GC threshold: 20.80 MB
Current GC threshold: 116.25 MB
CDS: off

CodeHeap 'non-profiled nmethods': size=120064Kb used=5242Kb max_used=5242Kb free=114822Kb
 bounds [0x000001e34a220000, 0x000001e34a740000, 0x000001e351760000]
CodeHeap 'profiled nmethods': size=120000Kb used=18895Kb max_used=18895Kb free=101104Kb
 bounds [0x000001e342cf0000, 0x000001e343f70000, 0x000001e34a220000]
CodeHeap 'non-nmethods': size=5696Kb used=2365Kb max_used=2417Kb free=3330Kb
 bounds [0x000001e342760000, 0x000001e3429e0000, 0x000001e342cf0000]
 total_blobs=9638 nmethods=8748 adapters=803
 compilation: enabled
              stopped_count=0, restarted_count=0
 full_count=0

Compilation events (20 events):
Event: 22.296 Thread 0x000001e35913a000 8740       3       org.gradle.api.internal.artifacts.ivyservice.dependencysubstitution.DefaultDependencySubstitutions::module (14 bytes)
Event: 22.296 Thread 0x000001e35913a000 nmethod 8740 0x000001e343f4f990 code [0x000001e343f4fb60, 0x000001e343f4fe28]
Event: 22.296 Thread 0x000001e35913a000 8741       3       org.gradle.internal.typeconversion.CrossBuildCachingNotationConverter::convert (26 bytes)
Event: 22.297 Thread 0x000001e35913a000 nmethod 8741 0x000001e343f4ff10 code [0x000001e343f50140, 0x000001e343f50908]
Event: 22.297 Thread 0x000001e35913a000 8738       1       org.gradle.api.internal.artifacts.ivyservice.dependencysubstitution.DefaultDependencySubstitutions::access$300 (5 bytes)
Event: 22.297 Thread 0x000001e35913a000 nmethod 8738 0x000001e34a738590 code [0x000001e34a738740, 0x000001e34a7387d8]
Event: 22.297 Thread 0x000001e35913a000 8739       1       org.gradle.api.internal.artifacts.ivyservice.dependencysubstitution.UnversionedModuleComponentSelector::getModuleIdentifier (5 bytes)
Event: 22.297 Thread 0x000001e35913a000 nmethod 8739 0x000001e34a738890 code [0x000001e34a738a40, 0x000001e34a738af8]
Event: 22.297 Thread 0x000001e35913a000 8737       3       org.gradle.api.internal.artifacts.dependencies.AbstractExternalModuleDependency::getGroup (10 bytes)
Event: 22.297 Thread 0x000001e35913a000 nmethod 8737 0x000001e343f50b90 code [0x000001e343f50d40, 0x000001e343f50e98]
Event: 22.303 Thread 0x000001e35913a000 8742       3       org.gradle.internal.serialize.DefaultSerializerRegistry$TaggedTypeSerializer::write (37 bytes)
Event: 22.304 Thread 0x000001e35913a000 nmethod 8742 0x000001e343f50f90 code [0x000001e343f51180, 0x000001e343f515e8]
Event: 22.306 Thread 0x000001e35913a000 8743       3       java.util.IdentityHashMap::put (137 bytes)
Event: 22.306 Thread 0x000001e35913a000 nmethod 8743 0x000001e343f51790 code [0x000001e343f519e0, 0x000001e343f52458]
Event: 22.307 Thread 0x000001e35913a000 8744       3       sun.security.provider.ByteArrayAccess::i2bBig4 (111 bytes)
Event: 22.307 Thread 0x000001e35913a000 nmethod 8744 0x000001e343f52790 code [0x000001e343f52960, 0x000001e343f52c48]
Event: 22.309 Thread 0x000001e35913a000 8745       3       com.google.gson.internal.bind.TypeAdapters$32::create (20 bytes)
Event: 22.309 Thread 0x000001e35913a000 nmethod 8745 0x000001e343f52d90 code [0x000001e343f52f40, 0x000001e343f530d8]
Event: 22.309 Thread 0x000001e35913a000 8746       3       java.io.Writer::write (11 bytes)
Event: 22.309 Thread 0x000001e35913a000 nmethod 8746 0x000001e343f53190 code [0x000001e343f53360, 0x000001e343f53628]

GC Heap History (20 events):
Event: 2.353 GC heap before
{Heap before GC invocations=3 (full 0):
 garbage-first heap   total 260096K, used 33131K [0x0000000080000000, 0x0000000100000000)
  region size 1024K, 29 young (29696K), 12 survivors (12288K)
 Metaspace       used 22457K, capacity 22976K, committed 23292K, reserved 1069056K
  class space    used 2816K, capacity 3031K, committed 3148K, reserved 1048576K
}
Event: 2.362 GC heap after
{Heap after GC invocations=4 (full 0):
 garbage-first heap   total 260096K, used 17464K [0x0000000080000000, 0x0000000100000000)
  region size 1024K, 1 young (1024K), 1 survivors (1024K)
 Metaspace       used 22457K, capacity 22976K, committed 23292K, reserved 1069056K
  class space    used 2816K, capacity 3031K, committed 3148K, reserved 1048576K
}
Event: 3.116 GC heap before
{Heap before GC invocations=4 (full 0):
 garbage-first heap   total 260096K, used 86072K [0x0000000080000000, 0x0000000100000000)
  region size 1024K, 68 young (69632K), 1 survivors (1024K)
 Metaspace       used 29231K, capacity 29889K, committed 29948K, reserved 1075200K
  class space    used 3859K, capacity 4133K, committed 4172K, reserved 1048576K
}
Event: 3.120 GC heap after
{Heap after GC invocations=5 (full 0):
 garbage-first heap   total 260096K, used 19610K [0x0000000080000000, 0x0000000100000000)
  region size 1024K, 3 young (3072K), 3 survivors (3072K)
 Metaspace       used 29231K, capacity 29889K, committed 29948K, reserved 1075200K
  class space    used 3859K, capacity 4133K, committed 4172K, reserved 1048576K
}
Event: 3.582 GC heap before
{Heap before GC invocations=5 (full 0):
 garbage-first heap   total 260096K, used 55450K [0x0000000080000000, 0x0000000100000000)
  region size 1024K, 39 young (39936K), 3 survivors (3072K)
 Metaspace       used 35102K, capacity 35957K, committed 36048K, reserved 1081344K
  class space    used 4567K, capacity 4921K, committed 4940K, reserved 1048576K
}
Event: 3.589 GC heap after
{Heap after GC invocations=6 (full 0):
 garbage-first heap   total 260096K, used 22194K [0x0000000080000000, 0x0000000100000000)
  region size 1024K, 6 young (6144K), 6 survivors (6144K)
 Metaspace       used 35102K, capacity 35957K, committed 36048K, reserved 1081344K
  class space    used 4567K, capacity 4921K, committed 4940K, reserved 1048576K
}
Event: 4.792 GC heap before
{Heap before GC invocations=7 (full 0):
 garbage-first heap   total 260096K, used 102066K [0x0000000080000000, 0x0000000100000000)
  region size 1024K, 81 young (82944K), 6 survivors (6144K)
 Metaspace       used 41543K, capacity 42589K, committed 42652K, reserved 1087488K
  class space    used 5263K, capacity 5611K, committed 5656K, reserved 1048576K
}
Event: 4.807 GC heap after
{Heap after GC invocations=8 (full 0):
 garbage-first heap   total 260096K, used 28490K [0x0000000080000000, 0x0000000100000000)
  region size 1024K, 11 young (11264K), 11 survivors (11264K)
 Metaspace       used 41543K, capacity 42589K, committed 42652K, reserved 1087488K
  class space    used 5263K, capacity 5611K, committed 5656K, reserved 1048576K
}
Event: 5.808 GC heap before
{Heap before GC invocations=9 (full 0):
 garbage-first heap   total 260096K, used 123722K [0x0000000080000000, 0x0000000100000000)
  region size 1024K, 104 young (106496K), 11 survivors (11264K)
 Metaspace       used 49043K, capacity 50390K, committed 50716K, reserved 1093632K
  class space    used 6247K, capacity 6710K, committed 6808K, reserved 1048576K
}
Event: 5.820 GC heap after
{Heap after GC invocations=10 (full 0):
 garbage-first heap   total 260096K, used 32564K [0x0000000080000000, 0x0000000100000000)
  region size 1024K, 10 young (10240K), 10 survivors (10240K)
 Metaspace       used 49043K, capacity 50390K, committed 50716K, reserved 1093632K
  class space    used 6247K, capacity 6710K, committed 6808K, reserved 1048576K
}
Event: 7.976 GC heap before
{Heap before GC invocations=10 (full 0):
 garbage-first heap   total 260096K, used 150324K [0x0000000080000000, 0x0000000100000000)
  region size 1024K, 121 young (123904K), 10 survivors (10240K)
 Metaspace       used 61421K, capacity 63085K, committed 63388K, reserved 1103872K
  class space    used 7757K, capacity 8366K, committed 8472K, reserved 1048576K
}
Event: 7.993 GC heap after
{Heap after GC invocations=11 (full 0):
 garbage-first heap   total 260096K, used 47476K [0x0000000080000000, 0x0000000100000000)
  region size 1024K, 15 young (15360K), 15 survivors (15360K)
 Metaspace       used 61421K, capacity 63085K, committed 63388K, reserved 1103872K
  class space    used 7757K, capacity 8366K, committed 8472K, reserved 1048576K
}
Event: 9.035 GC heap before
{Heap before GC invocations=11 (full 0):
 garbage-first heap   total 260096K, used 171380K [0x0000000080000000, 0x0000000100000000)
  region size 1024K, 129 young (132096K), 15 survivors (15360K)
 Metaspace       used 67672K, capacity 69466K, committed 69788K, reserved 1110016K
  class space    used 8536K, capacity 9170K, committed 9240K, reserved 1048576K
}
Event: 9.054 GC heap after
{Heap after GC invocations=12 (full 0):
 garbage-first heap   total 260096K, used 57344K [0x0000000080000000, 0x0000000100000000)
  region size 1024K, 10 young (10240K), 10 survivors (10240K)
 Metaspace       used 67672K, capacity 69466K, committed 69788K, reserved 1110016K
  class space    used 8536K, capacity 9170K, committed 9240K, reserved 1048576K
}
Event: 9.269 GC heap before
{Heap before GC invocations=12 (full 0):
 garbage-first heap   total 260096K, used 69632K [0x0000000080000000, 0x0000000100000000)
  region size 1024K, 23 young (23552K), 10 survivors (10240K)
 Metaspace       used 69159K, capacity 70907K, committed 71088K, reserved 1112064K
  class space    used 8727K, capacity 9330K, committed 9368K, reserved 1048576K
}
Event: 9.282 GC heap after
{Heap after GC invocations=13 (full 0):
 garbage-first heap   total 260096K, used 59305K [0x0000000080000000, 0x0000000100000000)
  region size 1024K, 2 young (2048K), 2 survivors (2048K)
 Metaspace       used 69159K, capacity 70907K, committed 71088K, reserved 1112064K
  class space    used 8727K, capacity 9330K, committed 9368K, reserved 1048576K
}
Event: 10.888 GC heap before
{Heap before GC invocations=14 (full 0):
 garbage-first heap   total 260096K, used 160681K [0x0000000080000000, 0x0000000100000000)
  region size 1024K, 101 young (103424K), 2 survivors (2048K)
 Metaspace       used 78821K, capacity 80731K, committed 81052K, reserved 1120256K
  class space    used 10258K, capacity 10950K, committed 11032K, reserved 1048576K
}
Event: 10.896 GC heap after
{Heap after GC invocations=15 (full 0):
 garbage-first heap   total 260096K, used 63865K [0x0000000080000000, 0x0000000100000000)
  region size 1024K, 7 young (7168K), 7 survivors (7168K)
 Metaspace       used 78821K, capacity 80731K, committed 81052K, reserved 1120256K
  class space    used 10258K, capacity 10950K, committed 11032K, reserved 1048576K
}
Event: 11.852 GC heap before
{Heap before GC invocations=15 (full 0):
 garbage-first heap   total 260096K, used 170361K [0x0000000080000000, 0x0000000100000000)
  region size 1024K, 111 young (113664K), 7 survivors (7168K)
 Metaspace       used 84051K, capacity 86107K, committed 86300K, reserved 1124352K
  class space    used 10800K, capacity 11548K, committed 11672K, reserved 1048576K
}
Event: 11.870 GC heap after
{Heap after GC invocations=16 (full 0):
 garbage-first heap   total 260096K, used 76728K [0x0000000080000000, 0x0000000100000000)
  region size 1024K, 14 young (14336K), 14 survivors (14336K)
 Metaspace       used 84051K, capacity 86107K, committed 86300K, reserved 1124352K
  class space    used 10800K, capacity 11548K, committed 11672K, reserved 1048576K
}

Deoptimization events (20 events):
Event: 22.122 Thread 0x000001e35c7b1800 DEOPT PACKING pc=0x000001e343bd314b sp=0x0000003950afd650
Event: 22.122 Thread 0x000001e35c7b1800 DEOPT UNPACKING pc=0x000001e3427aa93f sp=0x0000003950afcb10 mode 0
Event: 22.132 Thread 0x000001e35ba87000 DEOPT PACKING pc=0x000001e343bd3cad sp=0x000000394cffe5c0
Event: 22.132 Thread 0x000001e35ba87000 DEOPT UNPACKING pc=0x000001e3427aa93f sp=0x000000394cffda88 mode 0
Event: 22.184 Thread 0x000001e35c7b5800 Uncommon trap: trap_request=0xfffffff4 fr.pc=0x000001e34a71bb98 relative=0x00000000000000f8
Event: 22.184 Thread 0x000001e35c7b5800 Uncommon trap: reason=null_check action=make_not_entrant pc=0x000001e34a71bb98 method=org.gradle.internal.instantiation.generator.AbstractClassGenerator.isPropertyType(Ljava/lang/Class;)Z @ 3 c2
Event: 22.184 Thread 0x000001e35c7b5800 DEOPT PACKING pc=0x000001e34a71bb98 sp=0x0000003950df9cd0
Event: 22.184 Thread 0x000001e35c7b5800 DEOPT UNPACKING pc=0x000001e3427aa1a9 sp=0x0000003950df9c60 mode 2
Event: 22.264 Thread 0x000001e35c7b5800 Uncommon trap: trap_request=0xffffff4d fr.pc=0x000001e34a31210c relative=0x00000000000008cc
Event: 22.264 Thread 0x000001e35c7b5800 Uncommon trap: reason=unstable_if action=reinterpret pc=0x000001e34a31210c method=java.lang.Integer.stringSize(I)I @ 19 c2
Event: 22.264 Thread 0x000001e35c7b5800 DEOPT PACKING pc=0x000001e34a31210c sp=0x0000003950df9950
Event: 22.264 Thread 0x000001e35c7b5800 DEOPT UNPACKING pc=0x000001e3427aa1a9 sp=0x0000003950df9898 mode 2
Event: 22.276 Thread 0x000001e35f0b2800 Uncommon trap: trap_request=0xffffffc6 fr.pc=0x000001e34a39ebd4 relative=0x00000000000004b4
Event: 22.276 Thread 0x000001e35f0b2800 Uncommon trap: reason=bimorphic_or_optimized_type_check action=maybe_recompile pc=0x000001e34a39ebd4 method=java.util.Spliterators$IteratorSpliterator.tryAdvance(Ljava/util/function/Consumer;)Z @ 50 c2
Event: 22.276 Thread 0x000001e35f0b2800 DEOPT PACKING pc=0x000001e34a39ebd4 sp=0x00000039510fe560
Event: 22.276 Thread 0x000001e35f0b2800 DEOPT UNPACKING pc=0x000001e3427aa1a9 sp=0x00000039510fe510 mode 2
Event: 22.276 Thread 0x000001e35f0b2800 Uncommon trap: trap_request=0xffffffc6 fr.pc=0x000001e34a39ebd4 relative=0x00000000000004b4
Event: 22.276 Thread 0x000001e35f0b2800 Uncommon trap: reason=bimorphic_or_optimized_type_check action=maybe_recompile pc=0x000001e34a39ebd4 method=java.util.Spliterators$IteratorSpliterator.tryAdvance(Ljava/util/function/Consumer;)Z @ 50 c2
Event: 22.276 Thread 0x000001e35f0b2800 DEOPT PACKING pc=0x000001e34a39ebd4 sp=0x00000039510fe560
Event: 22.276 Thread 0x000001e35f0b2800 DEOPT UNPACKING pc=0x000001e3427aa1a9 sp=0x00000039510fe510 mode 2

Classes redefined (0 events):
No events

Internal exceptions (20 events):
Event: 12.022 Thread 0x000001e35c7b5800 Implicit null exception at 0x000001e34a655c77 to 0x000001e34a655e04
Event: 17.033 Thread 0x000001e35c7b5800 Exception <a 'net/rubygrapefruit/platform/NativeException'{0x000000008f43fe58}: Execution timed out> (0x000000008f43fe58) thrown at [src/hotspot/share/prims/jni.cpp, line 638]
Event: 22.044 Thread 0x000001e35c7b5800 Exception <a 'net/rubygrapefruit/platform/NativeException'{0x000000008f45e270}: Execution timed out> (0x000000008f45e270) thrown at [src/hotspot/share/prims/jni.cpp, line 638]
Event: 22.071 Thread 0x000001e35ba87000 Exception <a 'java/lang/NoSuchMethodError'{0x000000008f12ed38}: <clinit>> (0x000000008f12ed38) thrown at [src/hotspot/share/prims/jni.cpp, line 1367]
Event: 22.077 Thread 0x000001e35ba87000 Exception <a 'java/lang/NoSuchMethodError'{0x000000008f16af28}: <clinit>> (0x000000008f16af28) thrown at [src/hotspot/share/prims/jni.cpp, line 1367]
Event: 22.078 Thread 0x000001e35ba87000 Exception <a 'java/lang/NoSuchMethodError'{0x000000008f16c3b8}: <clinit>> (0x000000008f16c3b8) thrown at [src/hotspot/share/prims/jni.cpp, line 1367]
Event: 22.087 Thread 0x000001e35ba87000 Exception <a 'java/lang/NoSuchMethodError'{0x000000008f1c7998}: <clinit>> (0x000000008f1c7998) thrown at [src/hotspot/share/prims/jni.cpp, line 1367]
Event: 22.092 Thread 0x000001e35ba87000 Exception <a 'java/lang/NoSuchMethodError'{0x000000008f019580}: <clinit>> (0x000000008f019580) thrown at [src/hotspot/share/prims/jni.cpp, line 1367]
Event: 22.097 Thread 0x000001e35ba87000 Exception <a 'java/lang/NoSuchMethodError'{0x000000008f065980}: <clinit>> (0x000000008f065980) thrown at [src/hotspot/share/prims/jni.cpp, line 1367]
Event: 22.116 Thread 0x000001e35ba87000 Exception <a 'java/lang/NoSuchMethodError'{0x000000008efde140}: <clinit>> (0x000000008efde140) thrown at [src/hotspot/share/prims/jni.cpp, line 1367]
Event: 22.119 Thread 0x000001e35c7b1800 Exception <a 'java/lang/NoSuchMethodError'{0x000000008ee23bc0}: <clinit>> (0x000000008ee23bc0) thrown at [src/hotspot/share/prims/jni.cpp, line 1367]
Event: 22.122 Thread 0x000001e35c7b1800 Exception <a 'java/lang/NoSuchMethodError'{0x000000008ee85aa8}: <clinit>> (0x000000008ee85aa8) thrown at [src/hotspot/share/prims/jni.cpp, line 1367]
Event: 22.124 Thread 0x000001e35c7b1800 Exception <a 'java/lang/NoSuchMethodError'{0x000000008eedcaf0}: <clinit>> (0x000000008eedcaf0) thrown at [src/hotspot/share/prims/jni.cpp, line 1367]
Event: 22.126 Thread 0x000001e35c7b5800 Exception <a 'java/lang/NoSuchMethodError'{0x000000008eed5fb8}: 'int java.lang.invoke.DirectMethodHandle$Holder.invokeSpecial(java.lang.Object, java.lang.Object, java.lang.Object, java.lang.Object, java.lang.Object)'> (0x000000008eed5fb8) thrown at [src/hotspot/share/interpreter/linkResolver.cpp, line 773]
Event: 22.184 Thread 0x000001e35c7b5800 Implicit null exception at 0x000001e34a71bab0 to 0x000001e34a71bb88
Event: 22.251 Thread 0x000001e35c7b5800 Exception <a 'sun/nio/fs/WindowsException'{0x000000008eadf958}> (0x000000008eadf958) thrown at [src/hotspot/share/prims/jni.cpp, line 617]
Event: 22.251 Thread 0x000001e35c7b5800 Exception <a 'sun/nio/fs/WindowsException'{0x000000008eae0a90}> (0x000000008eae0a90) thrown at [src/hotspot/share/prims/jni.cpp, line 617]
Event: 22.267 Thread 0x000001e35c7b5800 Exception <a 'java/lang/NoSuchMethodError'{0x000000008e80a888}: <clinit>> (0x000000008e80a888) thrown at [src/hotspot/share/prims/jni.cpp, line 1367]
Event: 22.274 Thread 0x000001e35f0b2800 Exception <a 'java/lang/NoSuchMethodError'{0x000000008edec090}: 'void java.lang.invoke.DirectMethodHandle$Holder.invokeInterface(java.lang.Object, java.lang.Object, java.lang.Object, java.lang.Object)'> (0x000000008edec090) thrown at [src/hotspot/share/interpreter/linkResolver.cpp, line 773]
Event: 22.307 Thread 0x000001e35f0b1000 Exception <a 'sun/nio/fs/WindowsException'{0x000000008e730860}> (0x000000008e730860) thrown at [src/hotspot/share/prims/jni.cpp, line 617]

Events (20 events):
Event: 22.287 loading class org/gradle/internal/snapshot/FileSystemLocationSnapshot
Event: 22.287 loading class org/gradle/internal/snapshot/FileSystemLocationSnapshot done
Event: 22.287 loading class org/gradle/internal/snapshot/FileSystemSnapshotHierarchyVisitor
Event: 22.287 loading class org/gradle/internal/snapshot/FileSystemSnapshotHierarchyVisitor done
Event: 22.291 loading class org/gradle/workers/internal/SimpleActionExecutionSpec
Event: 22.291 loading class org/gradle/workers/internal/SimpleActionExecutionSpec done
Event: 22.295 loading class org/gradle/api/specs/Spec
Event: 22.295 loading class org/gradle/api/specs/Spec done
Event: 22.304 Executing VM operation: RevokeBias
Event: 22.305 Executing VM operation: RevokeBias done
Event: 22.305 Executing VM operation: RevokeBias
Event: 22.305 Executing VM operation: RevokeBias done
Event: 22.308 loading class com/google/gson/internal/Streams
Event: 22.308 loading class com/google/gson/internal/Streams done
Event: 22.308 Executing VM operation: RevokeBias
Event: 22.308 Executing VM operation: RevokeBias done
Event: 22.308 Executing VM operation: RevokeBias
Event: 22.308 Executing VM operation: RevokeBias done
Event: 22.308 loading class com/google/gson/internal/Streams$AppendableWriter
Event: 22.308 loading class com/google/gson/internal/Streams$AppendableWriter done


Dynamic libraries:
0x00007ff7462d0000 - 0x00007ff7462da000 	C:\Program Files\Android\Android Studio\jbr\bin\java.exe
0x00007ffb13930000 - 0x00007ffb13b26000 	C:\Windows\SYSTEM32\ntdll.dll
0x00007ffb12d90000 - 0x00007ffb12e4d000 	C:\Windows\System32\KERNEL32.DLL
0x00007ffb113b0000 - 0x00007ffb11679000 	C:\Windows\System32\KERNELBASE.dll
0x00007ffb117f0000 - 0x00007ffb118f0000 	C:\Windows\System32\ucrtbase.dll
0x00007ffaffdb0000 - 0x00007ffaffdc7000 	C:\Program Files\Android\Android Studio\jbr\bin\jli.dll
0x00007ffaff7a0000 - 0x00007ffaff7bb000 	C:\Program Files\Android\Android Studio\jbr\bin\VCRUNTIME140.dll
0x00007ffb13070000 - 0x00007ffb13210000 	C:\Windows\System32\USER32.dll
0x00007ffb11380000 - 0x00007ffb113a2000 	C:\Windows\System32\win32u.dll
0x00007ffb11b40000 - 0x00007ffb11b6a000 	C:\Windows\System32\GDI32.dll
0x00007ffb11680000 - 0x00007ffb1178b000 	C:\Windows\System32\gdi32full.dll
0x00007ffb118f0000 - 0x00007ffb1198d000 	C:\Windows\System32\msvcp_win.dll
0x00007ffaf5450000 - 0x00007ffaf56eb000 	C:\Windows\WinSxS\amd64_microsoft.windows.common-controls_6595b64144ccf1df_6.0.19041.746_none_ca02b4b61b8320a4\COMCTL32.dll
0x00007ffb11f30000 - 0x00007ffb11fce000 	C:\Windows\System32\msvcrt.dll
0x00007ffb127f0000 - 0x00007ffb12820000 	C:\Windows\System32\IMM32.DLL
0x00007ffab6e80000 - 0x00007ffab6edb000 	C:\ProgramData\Microsoft\DbgCtr\XShellDLL64_6015.dll
0x00007ffb128d0000 - 0x00007ffb1297c000 	C:\Windows\System32\ADVAPI32.dll
0x00007ffb13210000 - 0x00007ffb132ac000 	C:\Windows\System32\sechost.dll
0x00007ffb12980000 - 0x00007ffb12aab000 	C:\Windows\System32\RPCRT4.dll
0x00007ffb120a0000 - 0x00007ffb127e2000 	C:\Windows\System32\SHELL32.dll
0x00007ffb0f020000 - 0x00007ffb0f02c000 	C:\Program Files\Android\Android Studio\jbr\bin\vcruntime140_1.dll
0x00007ffaf0f80000 - 0x00007ffaf100d000 	C:\Program Files\Android\Android Studio\jbr\bin\msvcp140.dll
0x00007ffab4a40000 - 0x00007ffab55fc000 	C:\Program Files\Android\Android Studio\jbr\bin\server\jvm.dll
0x00007ffb12f30000 - 0x00007ffb12f38000 	C:\Windows\System32\PSAPI.DLL
0x00007ffaea7b0000 - 0x00007ffaea7d7000 	C:\Windows\SYSTEM32\WINMM.dll
0x00007ffafa1f0000 - 0x00007ffafa1f9000 	C:\Windows\SYSTEM32\WSOCK32.dll
0x00007ffb13000000 - 0x00007ffb1306b000 	C:\Windows\System32\WS2_32.dll
0x00007ffb0ef30000 - 0x00007ffb0ef3a000 	C:\Windows\SYSTEM32\VERSION.dll
0x00007ffb0f070000 - 0x00007ffb0f082000 	C:\Windows\SYSTEM32\kernel.appcore.dll
0x00007ffb0f010000 - 0x00007ffb0f020000 	C:\Program Files\Android\Android Studio\jbr\bin\verify.dll
0x00007ffaf8b20000 - 0x00007ffaf8d04000 	C:\Windows\SYSTEM32\DBGHELP.DLL
0x00007ffaf8a80000 - 0x00007ffaf8aac000 	C:\Windows\SYSTEM32\dbgcore.DLL
0x00007ffb11300000 - 0x00007ffb11380000 	C:\Windows\System32\bcryptPrimitives.dll
0x00007ffb0efe0000 - 0x00007ffb0f008000 	C:\Program Files\Android\Android Studio\jbr\bin\java.dll
0x00007ffb0efd0000 - 0x00007ffb0efda000 	C:\Program Files\Android\Android Studio\jbr\bin\jimage.dll
0x00007ffb0e810000 - 0x00007ffb0e828000 	C:\Program Files\Android\Android Studio\jbr\bin\zip.dll
0x00007ffb0f1e0000 - 0x00007ffb0f970000 	C:\Windows\SYSTEM32\windows.storage.dll
0x00007ffb11bd0000 - 0x00007ffb11f26000 	C:\Windows\System32\combase.dll
0x00007ffb10ad0000 - 0x00007ffb10afc000 	C:\Windows\SYSTEM32\Wldp.dll
0x00007ffb13780000 - 0x00007ffb1382e000 	C:\Windows\System32\SHCORE.dll
0x00007ffb12f40000 - 0x00007ffb12f95000 	C:\Windows\System32\shlwapi.dll
0x00007ffb10fa0000 - 0x00007ffb10fc6000 	C:\Windows\SYSTEM32\profapi.dll
0x00007ffb0e470000 - 0x00007ffb0e489000 	C:\Program Files\Android\Android Studio\jbr\bin\net.dll
0x00007ffb03ff0000 - 0x00007ffb040f0000 	C:\Windows\SYSTEM32\WINHTTP.dll
0x00007ffb10850000 - 0x00007ffb108ba000 	C:\Windows\system32\mswsock.dll
0x00007ffb0e420000 - 0x00007ffb0e433000 	C:\Program Files\Android\Android Studio\jbr\bin\nio.dll
0x00007ffaf49b0000 - 0x00007ffaf49d7000 	C:\Users\it_04\.gradle\native\e1d6ef7f7dcc3fd88c89a11ec53ec762bb8ba0a96d01ffa2cd45eb1d1d8dd5c5\windows-amd64\native-platform.dll
0x00007ffaee920000 - 0x00007ffaeea64000 	C:\Users\it_04\.gradle\native\0d407fdbe67a94daf76414ababcb853783967236a71b16ec16e742cd7a986fd3\windows-amd64\native-platform-file-events.dll
0x00007ffb0efc0000 - 0x00007ffb0efca000 	C:\Program Files\Android\Android Studio\jbr\bin\management.dll
0x00007ffb0ef60000 - 0x00007ffb0ef6b000 	C:\Program Files\Android\Android Studio\jbr\bin\management_ext.dll
0x00007ffb10a20000 - 0x00007ffb10a38000 	C:\Windows\SYSTEM32\CRYPTSP.dll
0x00007ffb10180000 - 0x00007ffb101b4000 	C:\Windows\system32\rsaenh.dll
0x00007ffb11070000 - 0x00007ffb11097000 	C:\Windows\System32\bcrypt.dll
0x00007ffb10f20000 - 0x00007ffb10f4e000 	C:\Windows\SYSTEM32\USERENV.dll
0x00007ffb10a40000 - 0x00007ffb10a4c000 	C:\Windows\SYSTEM32\CRYPTBASE.dll
0x00007ffb104f0000 - 0x00007ffb1052b000 	C:\Windows\SYSTEM32\IPHLPAPI.DLL
0x00007ffb13830000 - 0x00007ffb13838000 	C:\Windows\System32\NSI.dll
0x00007ffb0ae50000 - 0x00007ffb0ae67000 	C:\Windows\SYSTEM32\dhcpcsvc6.DLL
0x00007ffb0ae30000 - 0x00007ffb0ae4d000 	C:\Windows\SYSTEM32\dhcpcsvc.DLL
0x00007ffb10540000 - 0x00007ffb1060b000 	C:\Windows\SYSTEM32\DNSAPI.dll

dbghelp: loaded successfully - version: 4.0.5 - missing functions: none
symbol engine: initialized successfully - sym options: 0x614 - pdb path: .;C:\Program Files\Android\Android Studio\jbr\bin;C:\Windows\SYSTEM32;C:\Windows\WinSxS\amd64_microsoft.windows.common-controls_6595b64144ccf1df_6.0.19041.746_none_ca02b4b61b8320a4;C:\ProgramData\Microsoft\DbgCtr;C:\Program Files\Android\Android Studio\jbr\bin\server;C:\Users\it_04\.gradle\native\e1d6ef7f7dcc3fd88c89a11ec53ec762bb8ba0a96d01ffa2cd45eb1d1d8dd5c5\windows-amd64;C:\Users\it_04\.gradle\native\0d407fdbe67a94daf76414ababcb853783967236a71b16ec16e742cd7a986fd3\windows-amd64

VM Arguments:
jvm_args: --add-opens=java.base/java.util=ALL-UNNAMED --add-opens=java.base/java.lang=ALL-UNNAMED --add-opens=java.base/java.lang.invoke=ALL-UNNAMED --add-opens=java.base/java.util=ALL-UNNAMED --add-opens=java.prefs/java.util.prefs=ALL-UNNAMED --add-opens=java.prefs/java.util.prefs=ALL-UNNAMED --add-opens=java.base/java.nio.charset=ALL-UNNAMED --add-opens=java.base/java.net=ALL-UNNAMED --add-opens=java.base/java.util.concurrent.atomic=ALL-UNNAMED -Xmx2048m -Dfile.encoding=UTF-8 -Duser.country=US -Duser.language=en -Duser.variant 
java_command: org.gradle.launcher.daemon.bootstrap.GradleDaemon 7.5
java_class_path (initial): C:\Users\it_04\.gradle\wrapper\dists\gradle-7.5-bin\f1w0cc9nuo0eivz97x2xlu9sv\gradle-7.5\lib\gradle-launcher-7.5.jar
Launcher Type: SUN_STANDARD

[Global flags]
     intx CICompilerCount                          = 3                                         {product} {ergonomic}
     uint ConcGCThreads                            = 1                                         {product} {ergonomic}
     uint G1ConcRefinementThreads                  = 4                                         {product} {ergonomic}
   size_t G1HeapRegionSize                         = 1048576                                   {product} {ergonomic}
    uintx GCDrainStackTargetSize                   = 64                                        {product} {ergonomic}
   size_t InitialHeapSize                          = 266338304                                 {product} {ergonomic}
   size_t MarkStackSize                            = 4194304                                   {product} {ergonomic}
   size_t MaxHeapSize                              = 2147483648                                {product} {command line}
   size_t MaxNewSize                               = 1287651328                                {product} {ergonomic}
   size_t MinHeapDeltaBytes                        = 1048576                                   {product} {ergonomic}
    uintx NonNMethodCodeHeapSize                   = 5830732                                {pd product} {ergonomic}
    uintx NonProfiledCodeHeapSize                  = 122913754                              {pd product} {ergonomic}
    uintx ProfiledCodeHeapSize                     = 122913754                              {pd product} {ergonomic}
    uintx ReservedCodeCacheSize                    = 251658240                              {pd product} {ergonomic}
     bool SegmentedCodeCache                       = true                                      {product} {ergonomic}
     bool UseCompressedClassPointers               = true                                 {lp64_product} {ergonomic}
     bool UseCompressedOops                        = true                                 {lp64_product} {ergonomic}
     bool UseG1GC                                  = true                                      {product} {ergonomic}
     bool UseLargePagesIndividualAllocation        = false                                  {pd product} {ergonomic}

Logging:
Log output configuration:
 #0: stdout all=warning uptime,level,tags
 #1: stderr all=off uptime,level,tags

Environment Variables:
PATH=D:\app\it_07\product\11.2.0\client_1\bin;C:\Windows\system32;C:\Windows;C:\Windows\System32\Wbem;C:\Windows\System32\WindowsPowerShell\v1.0\;C:\Windows\System32\OpenSSH\;C:\Program Files\dotnet\;C:\Program Files\Git\cmd;C:\Users\it_04\AppData\Local\Microsoft\WindowsApps;C:\Users\it_04\.dotnet\tools
USERNAME=it_04
OS=Windows_NT
PROCESSOR_IDENTIFIER=Intel64 Family 6 Model 165 Stepping 3, GenuineIntel



---------------  S Y S T E M  ---------------

OS: Windows 10 , 64 bit Build 19041 (10.0.19041.804)
OS uptime: 0 days 4:24 hours

CPU:total 4 (initial active 4) (2 cores per cpu, 2 threads per core) family 6 model 165 stepping 3 microcode 0xe0, cmov, cx8, fxsr, mmx, sse, sse2, sse3, ssse3, sse4.1, sse4.2, popcnt, aes, clmul, erms, 3dnowpref, lzcnt, ht, tsc, tscinvbit

Memory: 4k page, system-wide physical 16242M (7758M free)
TotalPageFile size 18674M (AvailPageFile size 7988M)
current process WorkingSet (physical memory assigned to process): 419M, peak: 450M
current process commit charge ("private bytes"): 504M, peak: 536M

vm_info: OpenJDK 64-Bit Server VM (11.0.15+0-b2043.56-9505619) for windows-amd64 JRE (11.0.15+0-b2043.56-9505619), built on Jan 19 2023 02:48:00 by "builduser" with unknown MS VC++:1929

END.
