#
# A fatal error has been detected by the Java Runtime Environment:
#
#  EXCEPTION_ACCESS_VIOLATION (0xc0000005) at pc=0x00000000b10003b7, pid=2252, tid=10608
#
# JRE version: OpenJDK Runtime Environment (11.0.15) (build 11.0.15+0-b2043.56-9505619)
# Java VM: OpenJDK 64-Bit Server VM (11.0.15+0-b2043.56-9505619, mixed mode, tiered, compressed oops, g1 gc, windows-amd64)
# Problematic frame:
# C  0x00000000b10003b7
#
# No core dump will be written. Minidumps are not enabled by default on client versions of Windows
#
# If you would like to submit a bug report, please visit:
#   https://bugreport.java.com/bugreport/crash.jsp
# The crash happened outside the Java Virtual Machine in native code.
# See problematic frame for where to report the bug.
#

---------------  S U M M A R Y ------------

Command Line: --add-opens=java.base/java.util=ALL-UNNAMED --add-opens=java.base/java.lang=ALL-UNNAMED --add-opens=java.base/java.lang.invoke=ALL-UNNAMED --add-opens=java.base/java.util=ALL-UNNAMED --add-opens=java.prefs/java.util.prefs=ALL-UNNAMED --add-opens=java.prefs/java.util.prefs=ALL-UNNAMED --add-opens=java.base/java.nio.charset=ALL-UNNAMED --add-opens=java.base/java.net=ALL-UNNAMED --add-opens=java.base/java.util.concurrent.atomic=ALL-UNNAMED -Xmx2048m -Dfile.encoding=UTF-8 -Duser.country=US -Duser.language=en -Duser.variant org.gradle.launcher.daemon.bootstrap.GradleDaemon 7.5

Host: Intel(R) Pentium(R) Gold G6400 CPU @ 4.00GHz, 4 cores, 15G,  Windows 10 , 64 bit Build 19041 (10.0.19041.804)
Time: Tue Apr 25 08:14:00 2023 SE Asia Standard Time elapsed time: 21.728418 seconds (0d 0h 0m 21s)

---------------  T H R E A D  ---------------

Current thread (0x0000017ef7368000):  JavaThread "File watcher server" daemon [_thread_in_native, id=10608, stack(0x0000006700200000,0x0000006700300000)]

Stack: [0x0000006700200000,0x0000006700300000],  sp=0x00000067002fe478,  free space=1017k
Native frames: (J=compiled Java code, j=interpreted, Vv=VM code, C=native code)
C  0x00000000b10003b7

Java frames: (J=compiled Java code, j=interpreted, Vv=VM code)
j  net.rubygrapefruit.platform.internal.jni.AbstractFileEventFunctions$NativeFileWatcher.executeRunLoop0(Ljava/lang/Object;)V+0
j  net.rubygrapefruit.platform.internal.jni.AbstractFileEventFunctions$NativeFileWatcher.access$100(Lnet/rubygrapefruit/platform/internal/jni/AbstractFileEventFunctions$NativeFileWatcher;Ljava/lang/Object;)V+2
j  net.rubygrapefruit.platform.internal.jni.AbstractFileEventFunctions$NativeFileWatcher$1.run()V+26
v  ~StubRoutines::call_stub

siginfo: EXCEPTION_ACCESS_VIOLATION (0xc0000005), data execution prevention violation at address 0x00000000b10003b7


Register to memory mapping:

RIP=
[error occurred during error reporting (printing register info), id 0xc0000005, EXCEPTION_ACCESS_VIOLATION (0xc0000005) at pc=0x0000017edbaefe96]

Registers:
RAX=0x00000000b10003b7, RBX=0x0000000000000000, RCX=0x0000006703dfa7f8, RDX=0x0000000000000000
RSP=0x00000067002fe478, RBP=0x00000067002fee48, RSI=0x0000006703dfa7f0, RDI=0x0000006703dfa7b0
R8 =0x0000017ed9de0fc0, R9 =0x0000000000000001, R10=0x0000000000008000, R11=0x00000067002fe130
R12=0x0000000000000000, R13=0x0000017efd2e6ce8, R14=0x0000000000000000, R15=0x0000017ef7368000
RIP=0x00000000b10003b7, EFLAGS=0x0000000000010286

Top of Stack: (sp=0x00000067002fe478)
0x00000067002fe478:   00007ffe66b263b9 0000000000000000
0x00000067002fe488:   0000017ee071f45c 0000017ef6cb52d8
0x00000067002fe498:   00007ffe66b03133 0000017efcb73fa8
0x00000067002fe4a8:   000000008d780970 0000045754b15d1d
0x00000067002fe4b8:   00007ffe66b0da83 00000067002fee70
0x00000067002fe4c8:   0000006703dfa7b0 00007ffe66aff150
0x00000067002fe4d8:   00007ffe66b1709b 0000006703dfa7f0
0x00000067002fe4e8:   00000000804330b0 0000000000000000
0x00000067002fe4f8:   00007ffe66b0bfae 0000017efcb73fa0
0x00000067002fe508:   00007ffe66b092a6 0000006703dfa7f0
0x00000067002fe518:   0000000000000000 0000017efcb73fa0
0x00000067002fe528:   00007ffe66ae57b3 0000000000000000
0x00000067002fe538:   00007ffe66b164c2 00000067002fe580
0x00000067002fe548:   0000006703dfa7f0 0000017ef6944a20
0x00000067002fe558:   0000000000000000 000000008042c501
0x00000067002fe568:   0000017ef685fd50 0000000000000000 

Instructions: (pc=0x00000000b10003b7)
0x00000000b10002b7:   ?? ?? ?? ?? ?? ?? ?? ?? ?? ?? ?? ?? ?? ?? ?? ??
0x00000000b10002c7:   ?? ?? ?? ?? ?? ?? ?? ?? ?? ?? ?? ?? ?? ?? ?? ??
0x00000000b10002d7:   ?? ?? ?? ?? ?? ?? ?? ?? ?? ?? ?? ?? ?? ?? ?? ??
0x00000000b10002e7:   ?? ?? ?? ?? ?? ?? ?? ?? ?? ?? ?? ?? ?? ?? ?? ??
0x00000000b10002f7:   ?? ?? ?? ?? ?? ?? ?? ?? ?? ?? ?? ?? ?? ?? ?? ??
0x00000000b1000307:   ?? ?? ?? ?? ?? ?? ?? ?? ?? ?? ?? ?? ?? ?? ?? ??
0x00000000b1000317:   ?? ?? ?? ?? ?? ?? ?? ?? ?? ?? ?? ?? ?? ?? ?? ??
0x00000000b1000327:   ?? ?? ?? ?? ?? ?? ?? ?? ?? ?? ?? ?? ?? ?? ?? ??
0x00000000b1000337:   ?? ?? ?? ?? ?? ?? ?? ?? ?? ?? ?? ?? ?? ?? ?? ??
0x00000000b1000347:   ?? ?? ?? ?? ?? ?? ?? ?? ?? ?? ?? ?? ?? ?? ?? ??
0x00000000b1000357:   ?? ?? ?? ?? ?? ?? ?? ?? ?? ?? ?? ?? ?? ?? ?? ??
0x00000000b1000367:   ?? ?? ?? ?? ?? ?? ?? ?? ?? ?? ?? ?? ?? ?? ?? ??
0x00000000b1000377:   ?? ?? ?? ?? ?? ?? ?? ?? ?? ?? ?? ?? ?? ?? ?? ??
0x00000000b1000387:   ?? ?? ?? ?? ?? ?? ?? ?? ?? ?? ?? ?? ?? ?? ?? ??
0x00000000b1000397:   ?? ?? ?? ?? ?? ?? ?? ?? ?? ?? ?? ?? ?? ?? ?? ??
0x00000000b10003a7:   ?? ?? ?? ?? ?? ?? ?? ?? ?? ?? ?? ?? ?? ?? ?? ??
0x00000000b10003b7:   ?? ?? ?? ?? ?? ?? ?? ?? ?? ?? ?? ?? ?? ?? ?? ??
0x00000000b10003c7:   ?? ?? ?? ?? ?? ?? ?? ?? ?? ?? ?? ?? ?? ?? ?? ??
0x00000000b10003d7:   ?? ?? ?? ?? ?? ?? ?? ?? ?? ?? ?? ?? ?? ?? ?? ??
0x00000000b10003e7:   ?? ?? ?? ?? ?? ?? ?? ?? ?? ?? ?? ?? ?? ?? ?? ??
0x00000000b10003f7:   ?? ?? ?? ?? ?? ?? ?? ?? ?? ?? ?? ?? ?? ?? ?? ??
0x00000000b1000407:   ?? ?? ?? ?? ?? ?? ?? ?? ?? ?? ?? ?? ?? ?? ?? ??
0x00000000b1000417:   ?? ?? ?? ?? ?? ?? ?? ?? ?? ?? ?? ?? ?? ?? ?? ??
0x00000000b1000427:   ?? ?? ?? ?? ?? ?? ?? ?? ?? ?? ?? ?? ?? ?? ?? ??
0x00000000b1000437:   ?? ?? ?? ?? ?? ?? ?? ?? ?? ?? ?? ?? ?? ?? ?? ??
0x00000000b1000447:   ?? ?? ?? ?? ?? ?? ?? ?? ?? ?? ?? ?? ?? ?? ?? ??
0x00000000b1000457:   ?? ?? ?? ?? ?? ?? ?? ?? ?? ?? ?? ?? ?? ?? ?? ??
0x00000000b1000467:   ?? ?? ?? ?? ?? ?? ?? ?? ?? ?? ?? ?? ?? ?? ?? ??
0x00000000b1000477:   ?? ?? ?? ?? ?? ?? ?? ?? ?? ?? ?? ?? ?? ?? ?? ??
0x00000000b1000487:   ?? ?? ?? ?? ?? ?? ?? ?? ?? ?? ?? ?? ?? ?? ?? ??
0x00000000b1000497:   ?? ?? ?? ?? ?? ?? ?? ?? ?? ?? ?? ?? ?? ?? ?? ??
0x00000000b10004a7:   ?? ?? ?? ?? ?? ?? ?? ?? ?? ?? ?? ?? ?? ?? ?? ?? 


Stack slot to memory mapping:
stack at sp + 0 slots: 0x00007ffe66b263b9 native-platform-file-events.dll
stack at sp + 1 slots: 0x0 is NULL
stack at sp + 2 slots: 0x0000017ee071f45c is at code_begin+2268 in an Interpreter codelet
method entry point (kind = native)  [0x0000017ee071eb80, 0x0000017ee071f520]  2464 bytes
stack at sp + 3 slots: {method} {0x0000017ef6cb52e0} 'findEntry' '(Ljava/lang/String;)J' in 'java/lang/ClassLoader$NativeLibrary'
stack at sp + 4 slots: 0x00007ffe66b03133 native-platform-file-events.dll
stack at sp + 5 slots: 0x0000017efcb73fa8 points into unknown readable memory: 0x0000017e81865a60 | 60 5a 86 81 7e 01 00 00
stack at sp + 6 slots: 0x000000008d780970 is an unallocated location in the heap
stack at sp + 7 slots: 0x0000045754b15d1d is an unknown value


---------------  P R O C E S S  ---------------

Threads class SMR info:
_java_thread_list=0x0000017efcb73640, length=86, elements={
0x0000017edcbf4000, 0x0000017ef7079000, 0x0000017ef707a000, 0x0000017ef70d5800,
0x0000017ef70d7000, 0x0000017ef70d8000, 0x0000017ef70dd000, 0x0000017ef7139000,
0x0000017ef7145000, 0x0000017ef7248800, 0x0000017ef9747800, 0x0000017ef7f93000,
0x0000017ef98a6000, 0x0000017ef998f800, 0x0000017ef946e000, 0x0000017ef9ca8000,
0x0000017ef9dd3800, 0x0000017ef9e2e000, 0x0000017ef7e2a800, 0x0000017ef8f65000,
0x0000017ef7367800, 0x0000017ef7365800, 0x0000017ef7366800, 0x0000017ef7368000,
0x0000017ef7369000, 0x0000017ef7369800, 0x0000017ef736b800, 0x0000017ef736c000,
0x0000017ef736a800, 0x0000017ef7f2d000, 0x0000017ef7f2e800, 0x0000017ef7f30000,
0x0000017ef7f2a800, 0x0000017ef7f31000, 0x0000017ef7f2b800, 0x0000017ef7f32800,
0x0000017ef7f35000, 0x0000017ef7f36000, 0x0000017ef7f37800, 0x0000017ef7f32000,
0x0000017ef7f38800, 0x0000017ef7f39000, 0x0000017ef7f33800, 0x0000017ef7f34800,
0x0000017efa9f5000, 0x0000017efa9f6800, 0x0000017efa9fa000, 0x0000017efa9f8000,
0x0000017efa9f9000, 0x0000017efa9f4000, 0x0000017efa9fb800, 0x0000017efa9f5800,
0x0000017efa9fa800, 0x0000017efa9fc000, 0x0000017efa9fd000, 0x0000017efa9f7800,
0x0000017efa9ff800, 0x0000017efaa03000, 0x0000017efaa01000, 0x0000017efa9fe000,
0x0000017efa9fe800, 0x0000017efaa00800, 0x0000017efaa02000, 0x0000017ef9f79800,
0x0000017ef9f7e000, 0x0000017ef9f7a800, 0x0000017ef9f7e800, 0x0000017ef9f79000,
0x0000017ef9f7f800, 0x0000017ef9f81000, 0x0000017ef9f7d000, 0x0000017ef9f80000,
0x0000017ef9f7c000, 0x0000017ef9f7b800, 0x0000017ef9f82000, 0x0000017ef9f85000,
0x0000017ef9f82800, 0x0000017ef9f84800, 0x0000017ef9f87800, 0x0000017ef9f87000,
0x0000017ef76e1000, 0x0000017ef76e0800, 0x0000017ef76e4800, 0x0000017ef76e5800,
0x0000017ef76e3800, 0x0000017ef76e2000
}

Java Threads: ( => current thread )
  0x0000017edcbf4000 JavaThread "main" [_thread_blocked, id=1452, stack(0x000000677dd00000,0x000000677de00000)]
  0x0000017ef7079000 JavaThread "Reference Handler" daemon [_thread_blocked, id=9484, stack(0x000000677e700000,0x000000677e800000)]
  0x0000017ef707a000 JavaThread "Finalizer" daemon [_thread_blocked, id=10692, stack(0x000000677e800000,0x000000677e900000)]
  0x0000017ef70d5800 JavaThread "Signal Dispatcher" daemon [_thread_blocked, id=7208, stack(0x000000677e900000,0x000000677ea00000)]
  0x0000017ef70d7000 JavaThread "Attach Listener" daemon [_thread_blocked, id=10832, stack(0x000000677ea00000,0x000000677eb00000)]
  0x0000017ef70d8000 JavaThread "Service Thread" daemon [_thread_blocked, id=9276, stack(0x000000677eb00000,0x000000677ec00000)]
  0x0000017ef70dd000 JavaThread "C2 CompilerThread0" daemon [_thread_blocked, id=1368, stack(0x000000677ec00000,0x000000677ed00000)]
  0x0000017ef7139000 JavaThread "C1 CompilerThread0" daemon [_thread_blocked, id=10580, stack(0x000000677ed00000,0x000000677ee00000)]
  0x0000017ef7145000 JavaThread "Sweeper thread" daemon [_thread_blocked, id=11244, stack(0x000000677ee00000,0x000000677ef00000)]
  0x0000017ef7248800 JavaThread "Common-Cleaner" daemon [_thread_blocked, id=6520, stack(0x000000677ef00000,0x000000677f000000)]
  0x0000017ef9747800 JavaThread "Daemon health stats" [_thread_blocked, id=9920, stack(0x000000677f500000,0x000000677f600000)]
  0x0000017ef7f93000 JavaThread "Incoming local TCP Connector on port 64759" [_thread_in_native, id=7800, stack(0x000000677f400000,0x000000677f500000)]
  0x0000017ef98a6000 JavaThread "Daemon periodic checks" [_thread_blocked, id=7632, stack(0x000000677f600000,0x000000677f700000)]
  0x0000017ef998f800 JavaThread "Daemon" [_thread_blocked, id=5684, stack(0x000000677f700000,0x000000677f800000)]
  0x0000017ef946e000 JavaThread "Handler for socket connection from /127.0.0.1:64759 to /127.0.0.1:64760" [_thread_in_native, id=4816, stack(0x000000677f800000,0x000000677f900000)]
  0x0000017ef9ca8000 JavaThread "Cancel handler" [_thread_blocked, id=6916, stack(0x000000677f900000,0x000000677fa00000)]
  0x0000017ef9dd3800 JavaThread "Daemon worker" [_thread_blocked, id=8140, stack(0x000000677fa00000,0x000000677fb00000)]
  0x0000017ef9e2e000 JavaThread "Asynchronous log dispatcher for DefaultDaemonConnection: socket connection from /127.0.0.1:64759 to /127.0.0.1:64760" [_thread_blocked, id=10716, stack(0x000000677fb00000,0x000000677fc00000)]
  0x0000017ef7e2a800 JavaThread "Stdin handler" [_thread_blocked, id=7004, stack(0x000000677fc00000,0x000000677fd00000)]
  0x0000017ef8f65000 JavaThread "Daemon client event forwarder" [_thread_blocked, id=7032, stack(0x000000677fd00000,0x000000677fe00000)]
  0x0000017ef7367800 JavaThread "Cache worker for journal cache (C:\Users\it_04\.gradle\caches\journal-1)" [_thread_blocked, id=2948, stack(0x000000677fe00000,0x000000677ff00000)]
  0x0000017ef7365800 JavaThread "File lock request listener" [_thread_in_native, id=9688, stack(0x000000677ff00000,0x0000006780000000)]
  0x0000017ef7366800 JavaThread "Cache worker for file hash cache (C:\Users\it_04\.gradle\caches\7.5\fileHashes)" [_thread_blocked, id=7808, stack(0x0000006700000000,0x0000006700100000)]
=>0x0000017ef7368000 JavaThread "File watcher server" daemon [_thread_in_native, id=10608, stack(0x0000006700200000,0x0000006700300000)]
  0x0000017ef7369000 JavaThread "File watcher consumer" daemon [_thread_blocked, id=10392, stack(0x0000006700300000,0x0000006700400000)]
  0x0000017ef7369800 JavaThread "Cache worker for checksums cache (D:\SourceAndroid\KyThuat\.gradle\7.5\checksums)" [_thread_blocked, id=3160, stack(0x0000006700400000,0x0000006700500000)]
  0x0000017ef736b800 JavaThread "Cache worker for cache directory md-rule (C:\Users\it_04\.gradle\caches\7.5\md-rule)" [_thread_blocked, id=4056, stack(0x0000006700500000,0x0000006700600000)]
  0x0000017ef736c000 JavaThread "Cache worker for file content cache (C:\Users\it_04\.gradle\caches\7.5\fileContent)" [_thread_blocked, id=11252, stack(0x0000006700600000,0x0000006700700000)]
  0x0000017ef736a800 JavaThread "Cache worker for file hash cache (D:\SourceAndroid\KyThuat\.gradle\7.5\fileHashes)" [_thread_blocked, id=11112, stack(0x0000006700700000,0x0000006700800000)]
  0x0000017ef7f2d000 JavaThread "Cache worker for cache directory md-supplier (C:\Users\it_04\.gradle\caches\7.5\md-supplier)" [_thread_blocked, id=11260, stack(0x0000006700800000,0x0000006700900000)]
  0x0000017ef7f2e800 JavaThread "Cache worker for execution history cache (C:\Users\it_04\.gradle\caches\7.5\executionHistory)" [_thread_blocked, id=6196, stack(0x0000006700900000,0x0000006700a00000)]
  0x0000017ef7f30000 JavaThread "jar transforms" [_thread_blocked, id=6684, stack(0x0000006700a00000,0x0000006700b00000)]
  0x0000017ef7f2a800 JavaThread "jar transforms Thread 2" [_thread_blocked, id=10048, stack(0x0000006700b00000,0x0000006700c00000)]
  0x0000017ef7f31000 JavaThread "jar transforms Thread 3" [_thread_blocked, id=8904, stack(0x0000006700c00000,0x0000006700d00000)]
  0x0000017ef7f2b800 JavaThread "jar transforms Thread 4" [_thread_blocked, id=6752, stack(0x0000006700d00000,0x0000006700e00000)]
  0x0000017ef7f32800 JavaThread "Cache worker for dependencies-accessors (D:\SourceAndroid\KyThuat\.gradle\7.5\dependencies-accessors)" [_thread_blocked, id=10416, stack(0x0000006700e00000,0x0000006700f00000)]
  0x0000017ef7f35000 JavaThread "Cache worker for Build Output Cleanup Cache (D:\SourceAndroid\KyThuat\.gradle\buildOutputCleanup)" [_thread_blocked, id=5332, stack(0x0000006700f00000,0x0000006701000000)]
  0x0000017ef7f36000 JavaThread "Unconstrained build operations" [_thread_blocked, id=9496, stack(0x0000006701000000,0x0000006701100000)]
  0x0000017ef7f37800 JavaThread "Unconstrained build operations Thread 2" [_thread_blocked, id=3008, stack(0x0000006701100000,0x0000006701200000)]
  0x0000017ef7f32000 JavaThread "Unconstrained build operations Thread 3" [_thread_blocked, id=9516, stack(0x0000006701200000,0x0000006701300000)]
  0x0000017ef7f38800 JavaThread "Unconstrained build operations Thread 4" [_thread_blocked, id=10776, stack(0x0000006701300000,0x0000006701400000)]
  0x0000017ef7f39000 JavaThread "Unconstrained build operations Thread 5" [_thread_blocked, id=8216, stack(0x0000006701400000,0x0000006701500000)]
  0x0000017ef7f33800 JavaThread "Unconstrained build operations Thread 6" [_thread_blocked, id=10596, stack(0x0000006701500000,0x0000006701600000)]
  0x0000017ef7f34800 JavaThread "Unconstrained build operations Thread 7" [_thread_blocked, id=6636, stack(0x0000006701600000,0x0000006701700000)]
  0x0000017efa9f5000 JavaThread "Unconstrained build operations Thread 8" [_thread_blocked, id=2388, stack(0x0000006701700000,0x0000006701800000)]
  0x0000017efa9f6800 JavaThread "Unconstrained build operations Thread 9" [_thread_blocked, id=6524, stack(0x0000006701800000,0x0000006701900000)]
  0x0000017efa9fa000 JavaThread "Unconstrained build operations Thread 10" [_thread_blocked, id=11008, stack(0x0000006701900000,0x0000006701a00000)]
  0x0000017efa9f8000 JavaThread "Unconstrained build operations Thread 11" [_thread_blocked, id=9856, stack(0x0000006701a00000,0x0000006701b00000)]
  0x0000017efa9f9000 JavaThread "Unconstrained build operations Thread 12" [_thread_blocked, id=7824, stack(0x0000006701b00000,0x0000006701c00000)]
  0x0000017efa9f4000 JavaThread "Unconstrained build operations Thread 13" [_thread_blocked, id=10488, stack(0x0000006701c00000,0x0000006701d00000)]
  0x0000017efa9fb800 JavaThread "Unconstrained build operations Thread 14" [_thread_blocked, id=10868, stack(0x0000006701d00000,0x0000006701e00000)]
  0x0000017efa9f5800 JavaThread "Unconstrained build operations Thread 15" [_thread_blocked, id=10076, stack(0x0000006701e00000,0x0000006701f00000)]
  0x0000017efa9fa800 JavaThread "Unconstrained build operations Thread 16" [_thread_blocked, id=3112, stack(0x0000006701f00000,0x0000006702000000)]
  0x0000017efa9fc000 JavaThread "Unconstrained build operations Thread 17" [_thread_blocked, id=9196, stack(0x0000006702000000,0x0000006702100000)]
  0x0000017efa9fd000 JavaThread "Unconstrained build operations Thread 18" [_thread_blocked, id=8320, stack(0x0000006702100000,0x0000006702200000)]
  0x0000017efa9f7800 JavaThread "Unconstrained build operations Thread 19" [_thread_blocked, id=5376, stack(0x0000006702200000,0x0000006702300000)]
  0x0000017efa9ff800 JavaThread "Unconstrained build operations Thread 20" [_thread_blocked, id=7348, stack(0x0000006702300000,0x0000006702400000)]
  0x0000017efaa03000 JavaThread "Unconstrained build operations Thread 21" [_thread_blocked, id=1232, stack(0x0000006702400000,0x0000006702500000)]
  0x0000017efaa01000 JavaThread "Unconstrained build operations Thread 22" [_thread_blocked, id=10396, stack(0x0000006702500000,0x0000006702600000)]
  0x0000017efa9fe000 JavaThread "Unconstrained build operations Thread 23" [_thread_blocked, id=2016, stack(0x0000006702600000,0x0000006702700000)]
  0x0000017efa9fe800 JavaThread "Unconstrained build operations Thread 24" [_thread_blocked, id=10508, stack(0x0000006702700000,0x0000006702800000)]
  0x0000017efaa00800 JavaThread "Unconstrained build operations Thread 25" [_thread_blocked, id=9492, stack(0x0000006702800000,0x0000006702900000)]
  0x0000017efaa02000 JavaThread "Unconstrained build operations Thread 26" [_thread_blocked, id=10864, stack(0x0000006702900000,0x0000006702a00000)]
  0x0000017ef9f79800 JavaThread "Unconstrained build operations Thread 27" [_thread_blocked, id=6792, stack(0x0000006702a00000,0x0000006702b00000)]
  0x0000017ef9f7e000 JavaThread "Unconstrained build operations Thread 28" [_thread_blocked, id=11128, stack(0x0000006702b00000,0x0000006702c00000)]
  0x0000017ef9f7a800 JavaThread "Unconstrained build operations Thread 29" [_thread_blocked, id=11004, stack(0x0000006702c00000,0x0000006702d00000)]
  0x0000017ef9f7e800 JavaThread "Unconstrained build operations Thread 30" [_thread_blocked, id=10280, stack(0x0000006702d00000,0x0000006702e00000)]
  0x0000017ef9f79000 JavaThread "Unconstrained build operations Thread 31" [_thread_blocked, id=5096, stack(0x0000006702e00000,0x0000006702f00000)]
  0x0000017ef9f7f800 JavaThread "Unconstrained build operations Thread 32" [_thread_blocked, id=9324, stack(0x0000006702f00000,0x0000006703000000)]
  0x0000017ef9f81000 JavaThread "Unconstrained build operations Thread 33" [_thread_blocked, id=7352, stack(0x0000006703000000,0x0000006703100000)]
  0x0000017ef9f7d000 JavaThread "Unconstrained build operations Thread 34" [_thread_blocked, id=1836, stack(0x0000006703100000,0x0000006703200000)]
  0x0000017ef9f80000 JavaThread "Unconstrained build operations Thread 35" [_thread_blocked, id=9540, stack(0x0000006703200000,0x0000006703300000)]
  0x0000017ef9f7c000 JavaThread "Unconstrained build operations Thread 36" [_thread_blocked, id=8856, stack(0x0000006703300000,0x0000006703400000)]
  0x0000017ef9f7b800 JavaThread "Unconstrained build operations Thread 37" [_thread_blocked, id=6500, stack(0x0000006703400000,0x0000006703500000)]
  0x0000017ef9f82000 JavaThread "Unconstrained build operations Thread 38" [_thread_blocked, id=1084, stack(0x0000006703500000,0x0000006703600000)]
  0x0000017ef9f85000 JavaThread "Unconstrained build operations Thread 39" [_thread_blocked, id=11228, stack(0x0000006703600000,0x0000006703700000)]
  0x0000017ef9f82800 JavaThread "Unconstrained build operations Thread 40" [_thread_blocked, id=10136, stack(0x0000006703700000,0x0000006703800000)]
  0x0000017ef9f84800 JavaThread "Memory manager" [_thread_blocked, id=8052, stack(0x0000006703800000,0x0000006703900000)]
  0x0000017ef9f87800 JavaThread "build event listener" [_thread_blocked, id=4500, stack(0x0000006703900000,0x0000006703a00000)]
  0x0000017ef9f87000 JavaThread "pool-3-thread-1" [_thread_blocked, id=10672, stack(0x0000006703b00000,0x0000006703c00000)]
  0x0000017ef76e1000 JavaThread "build event listener" [_thread_blocked, id=4792, stack(0x0000006703c00000,0x0000006703d00000)]
  0x0000017ef76e0800 JavaThread "included builds" [_thread_in_native, id=11192, stack(0x0000006703d00000,0x0000006703e00000)]
  0x0000017ef76e4800 JavaThread "Execution worker" [_thread_blocked, id=11120, stack(0x0000006703e00000,0x0000006703f00000)]
  0x0000017ef76e5800 JavaThread "Execution worker Thread 2" [_thread_blocked, id=10800, stack(0x0000006703f00000,0x0000006704000000)]
  0x0000017ef76e3800 JavaThread "Execution worker Thread 3" [_thread_blocked, id=1376, stack(0x0000006704000000,0x0000006704100000)]
  0x0000017ef76e2000 JavaThread "Cache worker for execution history cache (D:\SourceAndroid\KyThuat\.gradle\7.5\executionHistory)" [_thread_blocked, id=8208, stack(0x0000006704100000,0x0000006704200000)]

Other Threads:
  0x0000017ef7077000 VMThread "VM Thread" [stack: 0x000000677e600000,0x000000677e700000] [id=9012]
  0x0000017ef724b000 WatcherThread [stack: 0x000000677f000000,0x000000677f100000] [id=9672]
  0x0000017edcc0d000 GCTaskThread "GC Thread#0" [stack: 0x000000677e100000,0x000000677e200000] [id=2280]
  0x0000017ef7bae800 GCTaskThread "GC Thread#1" [stack: 0x000000677f100000,0x000000677f200000] [id=1968]
  0x0000017ef7da6000 GCTaskThread "GC Thread#2" [stack: 0x000000677f200000,0x000000677f300000] [id=4332]
  0x0000017ef7c01000 GCTaskThread "GC Thread#3" [stack: 0x000000677f300000,0x000000677f400000] [id=7584]
  0x0000017edcc3d000 ConcurrentGCThread "G1 Main Marker" [stack: 0x000000677e200000,0x000000677e300000] [id=3496]
  0x0000017edcc3e800 ConcurrentGCThread "G1 Conc#0" [stack: 0x000000677e300000,0x000000677e400000] [id=8700]
  0x0000017edccbe800 ConcurrentGCThread "G1 Refine#0" [stack: 0x000000677e400000,0x000000677e500000] [id=11040]
  0x0000017efadc7000 ConcurrentGCThread "G1 Refine#1" [stack: 0x0000006703a00000,0x0000006703b00000] [id=7644]
  0x0000017ef66ba800 ConcurrentGCThread "G1 Young RemSet Sampling" [stack: 0x000000677e500000,0x000000677e600000] [id=11036]

Threads with active compile tasks:
C1 CompilerThread0    21777 8400       3       java.io.ObjectStreamField::appendClassSignature (69 bytes)

VM state:not at safepoint (normal execution)

VM Mutex/Monitor currently owned by a thread: None

Heap address: 0x0000000080000000, size: 2048 MB, Compressed Oops mode: 32-bit
Narrow klass base: 0x0000000000000000, Narrow klass shift: 3
Compressed class space size: 1073741824 Address: 0x0000000100000000

Heap:
 garbage-first heap   total 260096K, used 98816K [0x0000000080000000, 0x0000000100000000)
  region size 1024K, 40 young (40960K), 16 survivors (16384K)
 Metaspace       used 85068K, capacity 87253K, committed 87452K, reserved 1124352K
  class space    used 10990K, capacity 11774K, committed 11852K, reserved 1048576K
Heap Regions: E=young(eden), S=young(survivor), O=old, HS=humongous(starts), HC=humongous(continues), CS=collection set, F=free, A=archive, TAMS=top-at-mark-start (previous, next)
|   0|0x0000000080000000, 0x0000000080100000, 0x0000000080100000|100%|HS|  |TAMS 0x0000000080100000, 0x0000000080000000| Complete 
|   1|0x0000000080100000, 0x0000000080200000, 0x0000000080200000|100%|HC|  |TAMS 0x0000000080200000, 0x0000000080100000| Complete 
|   2|0x0000000080200000, 0x0000000080300000, 0x0000000080300000|100%|HC|  |TAMS 0x0000000080300000, 0x0000000080200000| Complete 
|   3|0x0000000080300000, 0x0000000080400000, 0x0000000080400000|100%| O|  |TAMS 0x0000000080400000, 0x0000000080300000| Untracked 
|   4|0x0000000080400000, 0x0000000080500000, 0x0000000080500000|100%| O|  |TAMS 0x0000000080500000, 0x0000000080400000| Untracked 
|   5|0x0000000080500000, 0x0000000080600000, 0x0000000080600000|100%| O|  |TAMS 0x0000000080600000, 0x0000000080500000| Untracked 
|   6|0x0000000080600000, 0x0000000080700000, 0x0000000080700000|100%| O|  |TAMS 0x0000000080700000, 0x0000000080600000| Untracked 
|   7|0x0000000080700000, 0x0000000080800000, 0x0000000080800000|100%| O|  |TAMS 0x0000000080800000, 0x0000000080700000| Untracked 
|   8|0x0000000080800000, 0x0000000080900000, 0x0000000080900000|100%| O|  |TAMS 0x0000000080900000, 0x0000000080800000| Untracked 
|   9|0x0000000080900000, 0x0000000080a00000, 0x0000000080a00000|100%| O|  |TAMS 0x0000000080a00000, 0x0000000080900000| Untracked 
|  10|0x0000000080a00000, 0x0000000080b00000, 0x0000000080b00000|100%| O|  |TAMS 0x0000000080b00000, 0x0000000080a00000| Untracked 
|  11|0x0000000080b00000, 0x0000000080c00000, 0x0000000080c00000|100%| O|  |TAMS 0x0000000080c00000, 0x0000000080b00000| Untracked 
|  12|0x0000000080c00000, 0x0000000080d00000, 0x0000000080d00000|100%| O|  |TAMS 0x0000000080d00000, 0x0000000080c00000| Untracked 
|  13|0x0000000080d00000, 0x0000000080e00000, 0x0000000080e00000|100%| O|  |TAMS 0x0000000080e00000, 0x0000000080d00000| Untracked 
|  14|0x0000000080e00000, 0x0000000080f00000, 0x0000000080f00000|100%| O|  |TAMS 0x0000000080f00000, 0x0000000080e00000| Untracked 
|  15|0x0000000080f00000, 0x0000000081000000, 0x0000000081000000|100%| O|  |TAMS 0x0000000081000000, 0x0000000080f00000| Untracked 
|  16|0x0000000081000000, 0x0000000081100000, 0x0000000081100000|100%| O|  |TAMS 0x0000000081100000, 0x0000000081000000| Untracked 
|  17|0x0000000081100000, 0x0000000081200000, 0x0000000081200000|100%| O|  |TAMS 0x0000000081100000, 0x0000000081100000| Untracked 
|  18|0x0000000081200000, 0x0000000081300000, 0x0000000081300000|100%|HS|  |TAMS 0x0000000081300000, 0x0000000081200000| Complete 
|  19|0x0000000081300000, 0x0000000081400000, 0x0000000081400000|100%|HS|  |TAMS 0x0000000081400000, 0x0000000081300000| Complete 
|  20|0x0000000081400000, 0x0000000081500000, 0x0000000081500000|100%| O|  |TAMS 0x0000000081500000, 0x0000000081400000| Untracked 
|  21|0x0000000081500000, 0x0000000081600000, 0x0000000081600000|100%| O|  |TAMS 0x0000000081600000, 0x0000000081500000| Untracked 
|  22|0x0000000081600000, 0x0000000081700000, 0x0000000081700000|100%| O|  |TAMS 0x0000000081700000, 0x0000000081600000| Untracked 
|  23|0x0000000081700000, 0x0000000081800000, 0x0000000081800000|100%| O|  |TAMS 0x0000000081800000, 0x0000000081700000| Untracked 
|  24|0x0000000081800000, 0x0000000081900000, 0x0000000081900000|100%| O|  |TAMS 0x0000000081900000, 0x0000000081800000| Untracked 
|  25|0x0000000081900000, 0x0000000081a00000, 0x0000000081a00000|100%| O|  |TAMS 0x0000000081a00000, 0x0000000081900000| Untracked 
|  26|0x0000000081a00000, 0x0000000081b00000, 0x0000000081b00000|100%|HS|  |TAMS 0x0000000081b00000, 0x0000000081a00000| Complete 
|  27|0x0000000081b00000, 0x0000000081c00000, 0x0000000081c00000|100%|HC|  |TAMS 0x0000000081c00000, 0x0000000081b00000| Complete 
|  28|0x0000000081c00000, 0x0000000081d00000, 0x0000000081d00000|100%| O|  |TAMS 0x0000000081d00000, 0x0000000081c00000| Untracked 
|  29|0x0000000081d00000, 0x0000000081e00000, 0x0000000081e00000|100%| O|  |TAMS 0x0000000081e00000, 0x0000000081d00000| Untracked 
|  30|0x0000000081e00000, 0x0000000081f00000, 0x0000000081f00000|100%| O|  |TAMS 0x0000000081f00000, 0x0000000081e00000| Untracked 
|  31|0x0000000081f00000, 0x0000000082000000, 0x0000000082000000|100%| O|  |TAMS 0x0000000082000000, 0x0000000081f00000| Untracked 
|  32|0x0000000082000000, 0x0000000082100000, 0x0000000082100000|100%| O|  |TAMS 0x0000000082100000, 0x0000000082000000| Untracked 
|  33|0x0000000082100000, 0x0000000082200000, 0x0000000082200000|100%| O|  |TAMS 0x00000000821b6e00, 0x0000000082100000| Untracked 
|  34|0x0000000082200000, 0x0000000082300000, 0x0000000082300000|100%| O|  |TAMS 0x0000000082200000, 0x0000000082200000| Untracked 
|  35|0x0000000082300000, 0x0000000082400000, 0x0000000082400000|100%| O|  |TAMS 0x0000000082300000, 0x0000000082300000| Untracked 
|  36|0x0000000082400000, 0x0000000082500000, 0x0000000082500000|100%| O|  |TAMS 0x0000000082400000, 0x0000000082400000| Untracked 
|  37|0x0000000082500000, 0x0000000082600000, 0x0000000082600000|100%| O|  |TAMS 0x0000000082500000, 0x0000000082500000| Untracked 
|  38|0x0000000082600000, 0x0000000082700000, 0x0000000082700000|100%| O|  |TAMS 0x0000000082600000, 0x0000000082600000| Untracked 
|  39|0x0000000082700000, 0x0000000082800000, 0x0000000082800000|100%| O|  |TAMS 0x0000000082700000, 0x0000000082700000| Untracked 
|  40|0x0000000082800000, 0x0000000082900000, 0x0000000082900000|100%| O|  |TAMS 0x0000000082800000, 0x0000000082800000| Untracked 
|  41|0x0000000082900000, 0x0000000082a00000, 0x0000000082a00000|100%| O|  |TAMS 0x0000000082900000, 0x0000000082900000| Untracked 
|  42|0x0000000082a00000, 0x0000000082b00000, 0x0000000082b00000|100%| O|  |TAMS 0x0000000082a00000, 0x0000000082a00000| Untracked 
|  43|0x0000000082b00000, 0x0000000082c00000, 0x0000000082c00000|100%| O|  |TAMS 0x0000000082b00000, 0x0000000082b00000| Untracked 
|  44|0x0000000082c00000, 0x0000000082d00000, 0x0000000082d00000|100%| O|  |TAMS 0x0000000082c00000, 0x0000000082c00000| Untracked 
|  45|0x0000000082d00000, 0x0000000082e00000, 0x0000000082e00000|100%| O|  |TAMS 0x0000000082d00000, 0x0000000082d00000| Untracked 
|  46|0x0000000082e00000, 0x0000000082f00000, 0x0000000082f00000|100%| O|  |TAMS 0x0000000082e00000, 0x0000000082e00000| Untracked 
|  47|0x0000000082f00000, 0x0000000083000000, 0x0000000083000000|100%| O|  |TAMS 0x0000000082f00000, 0x0000000082f00000| Untracked 
|  48|0x0000000083000000, 0x0000000083100000, 0x0000000083100000|100%| O|  |TAMS 0x0000000083000000, 0x0000000083000000| Untracked 
|  49|0x0000000083100000, 0x0000000083200000, 0x0000000083200000|100%| O|  |TAMS 0x0000000083100000, 0x0000000083100000| Untracked 
|  50|0x0000000083200000, 0x0000000083300000, 0x0000000083300000|100%| O|  |TAMS 0x0000000083200000, 0x0000000083200000| Untracked 
|  51|0x0000000083300000, 0x0000000083400000, 0x0000000083400000|100%| O|  |TAMS 0x0000000083300000, 0x0000000083300000| Untracked 
|  52|0x0000000083400000, 0x0000000083500000, 0x0000000083500000|100%| O|  |TAMS 0x0000000083400000, 0x0000000083400000| Untracked 
|  53|0x0000000083500000, 0x0000000083600000, 0x0000000083600000|100%| O|  |TAMS 0x0000000083500000, 0x0000000083500000| Untracked 
|  54|0x0000000083600000, 0x0000000083700000, 0x0000000083700000|100%| O|  |TAMS 0x0000000083600000, 0x0000000083600000| Untracked 
|  55|0x0000000083700000, 0x0000000083800000, 0x0000000083800000|100%| O|  |TAMS 0x0000000083700000, 0x0000000083700000| Untracked 
|  56|0x0000000083800000, 0x0000000083900000, 0x0000000083900000|100%| O|  |TAMS 0x0000000083800000, 0x0000000083800000| Untracked 
|  57|0x0000000083900000, 0x0000000083980000, 0x0000000083a00000| 50%| O|  |TAMS 0x0000000083900000, 0x0000000083900000| Untracked 
|  58|0x0000000083a00000, 0x0000000083a00000, 0x0000000083b00000|  0%| F|  |TAMS 0x0000000083a00000, 0x0000000083a00000| Untracked 
|  59|0x0000000083b00000, 0x0000000083b00000, 0x0000000083c00000|  0%| F|  |TAMS 0x0000000083b00000, 0x0000000083b00000| Untracked 
|  60|0x0000000083c00000, 0x0000000083c00000, 0x0000000083d00000|  0%| F|  |TAMS 0x0000000083c00000, 0x0000000083c00000| Untracked 
|  61|0x0000000083d00000, 0x0000000083d00000, 0x0000000083e00000|  0%| F|  |TAMS 0x0000000083d00000, 0x0000000083d00000| Untracked 
|  62|0x0000000083e00000, 0x0000000083e00000, 0x0000000083f00000|  0%| F|  |TAMS 0x0000000083e00000, 0x0000000083e00000| Untracked 
|  63|0x0000000083f00000, 0x0000000083f00000, 0x0000000084000000|  0%| F|  |TAMS 0x0000000083f00000, 0x0000000083f00000| Untracked 
|  64|0x0000000084000000, 0x0000000084000000, 0x0000000084100000|  0%| F|  |TAMS 0x0000000084000000, 0x0000000084000000| Untracked 
|  65|0x0000000084100000, 0x0000000084100000, 0x0000000084200000|  0%| F|  |TAMS 0x0000000084100000, 0x0000000084100000| Untracked 
|  66|0x0000000084200000, 0x0000000084200000, 0x0000000084300000|  0%| F|  |TAMS 0x0000000084200000, 0x0000000084200000| Untracked 
|  67|0x0000000084300000, 0x0000000084300000, 0x0000000084400000|  0%| F|  |TAMS 0x0000000084300000, 0x0000000084300000| Untracked 
|  68|0x0000000084400000, 0x0000000084400000, 0x0000000084500000|  0%| F|  |TAMS 0x0000000084400000, 0x0000000084400000| Untracked 
|  69|0x0000000084500000, 0x0000000084500000, 0x0000000084600000|  0%| F|  |TAMS 0x0000000084500000, 0x0000000084500000| Untracked 
|  70|0x0000000084600000, 0x0000000084600000, 0x0000000084700000|  0%| F|  |TAMS 0x0000000084600000, 0x0000000084600000| Untracked 
|  71|0x0000000084700000, 0x0000000084700000, 0x0000000084800000|  0%| F|  |TAMS 0x0000000084700000, 0x0000000084700000| Untracked 
|  72|0x0000000084800000, 0x0000000084800000, 0x0000000084900000|  0%| F|  |TAMS 0x0000000084800000, 0x0000000084800000| Untracked 
|  73|0x0000000084900000, 0x0000000084900000, 0x0000000084a00000|  0%| F|  |TAMS 0x0000000084900000, 0x0000000084900000| Untracked 
|  74|0x0000000084a00000, 0x0000000084a00000, 0x0000000084b00000|  0%| F|  |TAMS 0x0000000084a00000, 0x0000000084a00000| Untracked 
|  75|0x0000000084b00000, 0x0000000084b00000, 0x0000000084c00000|  0%| F|  |TAMS 0x0000000084b00000, 0x0000000084b00000| Untracked 
|  76|0x0000000084c00000, 0x0000000084c00000, 0x0000000084d00000|  0%| F|  |TAMS 0x0000000084c00000, 0x0000000084c00000| Untracked 
|  77|0x0000000084d00000, 0x0000000084d00000, 0x0000000084e00000|  0%| F|  |TAMS 0x0000000084d00000, 0x0000000084d00000| Untracked 
|  78|0x0000000084e00000, 0x0000000084e00000, 0x0000000084f00000|  0%| F|  |TAMS 0x0000000084e00000, 0x0000000084e00000| Untracked 
|  79|0x0000000084f00000, 0x0000000084f00000, 0x0000000085000000|  0%| F|  |TAMS 0x0000000084f00000, 0x0000000084f00000| Untracked 
|  80|0x0000000085000000, 0x0000000085000000, 0x0000000085100000|  0%| F|  |TAMS 0x0000000085000000, 0x0000000085000000| Untracked 
|  81|0x0000000085100000, 0x0000000085100000, 0x0000000085200000|  0%| F|  |TAMS 0x0000000085100000, 0x0000000085100000| Untracked 
|  82|0x0000000085200000, 0x0000000085200000, 0x0000000085300000|  0%| F|  |TAMS 0x0000000085200000, 0x0000000085200000| Untracked 
|  83|0x0000000085300000, 0x0000000085300000, 0x0000000085400000|  0%| F|  |TAMS 0x0000000085300000, 0x0000000085300000| Untracked 
|  84|0x0000000085400000, 0x0000000085400000, 0x0000000085500000|  0%| F|  |TAMS 0x0000000085400000, 0x0000000085400000| Untracked 
|  85|0x0000000085500000, 0x0000000085500000, 0x0000000085600000|  0%| F|  |TAMS 0x0000000085500000, 0x0000000085500000| Untracked 
|  86|0x0000000085600000, 0x0000000085600000, 0x0000000085700000|  0%| F|  |TAMS 0x0000000085600000, 0x0000000085600000| Untracked 
|  87|0x0000000085700000, 0x0000000085700000, 0x0000000085800000|  0%| F|  |TAMS 0x0000000085700000, 0x0000000085700000| Untracked 
|  88|0x0000000085800000, 0x0000000085800000, 0x0000000085900000|  0%| F|  |TAMS 0x0000000085800000, 0x0000000085800000| Untracked 
|  89|0x0000000085900000, 0x0000000085900000, 0x0000000085a00000|  0%| F|  |TAMS 0x0000000085900000, 0x0000000085900000| Untracked 
|  90|0x0000000085a00000, 0x0000000085a00000, 0x0000000085b00000|  0%| F|  |TAMS 0x0000000085a00000, 0x0000000085a00000| Untracked 
|  91|0x0000000085b00000, 0x0000000085b00000, 0x0000000085c00000|  0%| F|  |TAMS 0x0000000085b00000, 0x0000000085b00000| Untracked 
|  92|0x0000000085c00000, 0x0000000085c00000, 0x0000000085d00000|  0%| F|  |TAMS 0x0000000085c00000, 0x0000000085c00000| Untracked 
|  93|0x0000000085d00000, 0x0000000085d00000, 0x0000000085e00000|  0%| F|  |TAMS 0x0000000085d00000, 0x0000000085d00000| Untracked 
|  94|0x0000000085e00000, 0x0000000085e00000, 0x0000000085f00000|  0%| F|  |TAMS 0x0000000085e00000, 0x0000000085e00000| Untracked 
|  95|0x0000000085f00000, 0x0000000085f00000, 0x0000000086000000|  0%| F|  |TAMS 0x0000000085f00000, 0x0000000085f00000| Untracked 
|  96|0x0000000086000000, 0x0000000086000000, 0x0000000086100000|  0%| F|  |TAMS 0x0000000086000000, 0x0000000086000000| Untracked 
|  97|0x0000000086100000, 0x0000000086100000, 0x0000000086200000|  0%| F|  |TAMS 0x0000000086100000, 0x0000000086100000| Untracked 
|  98|0x0000000086200000, 0x0000000086200000, 0x0000000086300000|  0%| F|  |TAMS 0x0000000086200000, 0x0000000086200000| Untracked 
|  99|0x0000000086300000, 0x0000000086300000, 0x0000000086400000|  0%| F|  |TAMS 0x0000000086300000, 0x0000000086300000| Untracked 
| 100|0x0000000086400000, 0x0000000086400000, 0x0000000086500000|  0%| F|  |TAMS 0x0000000086400000, 0x0000000086400000| Untracked 
| 101|0x0000000086500000, 0x0000000086500000, 0x0000000086600000|  0%| F|  |TAMS 0x0000000086500000, 0x0000000086500000| Untracked 
| 102|0x0000000086600000, 0x0000000086600000, 0x0000000086700000|  0%| F|  |TAMS 0x0000000086600000, 0x0000000086600000| Untracked 
| 103|0x0000000086700000, 0x0000000086700000, 0x0000000086800000|  0%| F|  |TAMS 0x0000000086700000, 0x0000000086700000| Untracked 
| 104|0x0000000086800000, 0x0000000086800000, 0x0000000086900000|  0%| F|  |TAMS 0x0000000086800000, 0x0000000086800000| Untracked 
| 105|0x0000000086900000, 0x0000000086900000, 0x0000000086a00000|  0%| F|  |TAMS 0x0000000086900000, 0x0000000086900000| Untracked 
| 106|0x0000000086a00000, 0x0000000086a00000, 0x0000000086b00000|  0%| F|  |TAMS 0x0000000086a00000, 0x0000000086a00000| Untracked 
| 107|0x0000000086b00000, 0x0000000086b00000, 0x0000000086c00000|  0%| F|  |TAMS 0x0000000086b00000, 0x0000000086b00000| Untracked 
| 108|0x0000000086c00000, 0x0000000086c00000, 0x0000000086d00000|  0%| F|  |TAMS 0x0000000086c00000, 0x0000000086c00000| Untracked 
| 109|0x0000000086d00000, 0x0000000086d00000, 0x0000000086e00000|  0%| F|  |TAMS 0x0000000086d00000, 0x0000000086d00000| Untracked 
| 110|0x0000000086e00000, 0x0000000086e00000, 0x0000000086f00000|  0%| F|  |TAMS 0x0000000086e00000, 0x0000000086e00000| Untracked 
| 111|0x0000000086f00000, 0x0000000086f00000, 0x0000000087000000|  0%| F|  |TAMS 0x0000000086f00000, 0x0000000086f00000| Untracked 
| 112|0x0000000087000000, 0x0000000087000000, 0x0000000087100000|  0%| F|  |TAMS 0x0000000087000000, 0x0000000087000000| Untracked 
| 113|0x0000000087100000, 0x0000000087100000, 0x0000000087200000|  0%| F|  |TAMS 0x0000000087100000, 0x0000000087100000| Untracked 
| 114|0x0000000087200000, 0x0000000087200000, 0x0000000087300000|  0%| F|  |TAMS 0x0000000087200000, 0x0000000087200000| Untracked 
| 115|0x0000000087300000, 0x0000000087300000, 0x0000000087400000|  0%| F|  |TAMS 0x0000000087300000, 0x0000000087300000| Untracked 
| 116|0x0000000087400000, 0x0000000087400000, 0x0000000087500000|  0%| F|  |TAMS 0x0000000087400000, 0x0000000087400000| Untracked 
| 117|0x0000000087500000, 0x0000000087600000, 0x0000000087600000|100%| S|CS|TAMS 0x0000000087500000, 0x0000000087500000| Complete 
| 118|0x0000000087600000, 0x0000000087700000, 0x0000000087700000|100%| S|CS|TAMS 0x0000000087600000, 0x0000000087600000| Complete 
| 119|0x0000000087700000, 0x0000000087800000, 0x0000000087800000|100%| S|CS|TAMS 0x0000000087700000, 0x0000000087700000| Complete 
| 120|0x0000000087800000, 0x0000000087900000, 0x0000000087900000|100%| S|CS|TAMS 0x0000000087800000, 0x0000000087800000| Complete 
| 121|0x0000000087900000, 0x0000000087a00000, 0x0000000087a00000|100%| S|CS|TAMS 0x0000000087900000, 0x0000000087900000| Complete 
| 122|0x0000000087a00000, 0x0000000087b00000, 0x0000000087b00000|100%| S|CS|TAMS 0x0000000087a00000, 0x0000000087a00000| Complete 
| 123|0x0000000087b00000, 0x0000000087c00000, 0x0000000087c00000|100%| S|CS|TAMS 0x0000000087b00000, 0x0000000087b00000| Complete 
| 124|0x0000000087c00000, 0x0000000087d00000, 0x0000000087d00000|100%| S|CS|TAMS 0x0000000087c00000, 0x0000000087c00000| Complete 
| 125|0x0000000087d00000, 0x0000000087e00000, 0x0000000087e00000|100%| S|CS|TAMS 0x0000000087d00000, 0x0000000087d00000| Complete 
| 126|0x0000000087e00000, 0x0000000087f00000, 0x0000000087f00000|100%| S|CS|TAMS 0x0000000087e00000, 0x0000000087e00000| Complete 
| 127|0x0000000087f00000, 0x0000000088000000, 0x0000000088000000|100%| S|CS|TAMS 0x0000000087f00000, 0x0000000087f00000| Complete 
| 128|0x0000000088000000, 0x0000000088100000, 0x0000000088100000|100%| S|CS|TAMS 0x0000000088000000, 0x0000000088000000| Complete 
| 129|0x0000000088100000, 0x0000000088200000, 0x0000000088200000|100%| S|CS|TAMS 0x0000000088100000, 0x0000000088100000| Complete 
| 130|0x0000000088200000, 0x0000000088300000, 0x0000000088300000|100%| S|CS|TAMS 0x0000000088200000, 0x0000000088200000| Complete 
| 131|0x0000000088300000, 0x0000000088400000, 0x0000000088400000|100%| S|CS|TAMS 0x0000000088300000, 0x0000000088300000| Complete 
| 132|0x0000000088400000, 0x0000000088500000, 0x0000000088500000|100%| S|CS|TAMS 0x0000000088400000, 0x0000000088400000| Complete 
| 133|0x0000000088500000, 0x0000000088500000, 0x0000000088600000|  0%| F|  |TAMS 0x0000000088500000, 0x0000000088500000| Untracked 
| 134|0x0000000088600000, 0x0000000088600000, 0x0000000088700000|  0%| F|  |TAMS 0x0000000088600000, 0x0000000088600000| Untracked 
| 135|0x0000000088700000, 0x0000000088700000, 0x0000000088800000|  0%| F|  |TAMS 0x0000000088700000, 0x0000000088700000| Untracked 
| 136|0x0000000088800000, 0x0000000088800000, 0x0000000088900000|  0%| F|  |TAMS 0x0000000088800000, 0x0000000088800000| Untracked 
| 137|0x0000000088900000, 0x0000000088900000, 0x0000000088a00000|  0%| F|  |TAMS 0x0000000088900000, 0x0000000088900000| Untracked 
| 138|0x0000000088a00000, 0x0000000088a00000, 0x0000000088b00000|  0%| F|  |TAMS 0x0000000088a00000, 0x0000000088a00000| Untracked 
| 139|0x0000000088b00000, 0x0000000088b00000, 0x0000000088c00000|  0%| F|  |TAMS 0x0000000088b00000, 0x0000000088b00000| Untracked 
| 140|0x0000000088c00000, 0x0000000088c00000, 0x0000000088d00000|  0%| F|  |TAMS 0x0000000088c00000, 0x0000000088c00000| Untracked 
| 141|0x0000000088d00000, 0x0000000088d00000, 0x0000000088e00000|  0%| F|  |TAMS 0x0000000088d00000, 0x0000000088d00000| Untracked 
| 142|0x0000000088e00000, 0x0000000088e00000, 0x0000000088f00000|  0%| F|  |TAMS 0x0000000088e00000, 0x0000000088e00000| Untracked 
| 143|0x0000000088f00000, 0x0000000088f00000, 0x0000000089000000|  0%| F|  |TAMS 0x0000000088f00000, 0x0000000088f00000| Untracked 
| 144|0x0000000089000000, 0x0000000089000000, 0x0000000089100000|  0%| F|  |TAMS 0x0000000089000000, 0x0000000089000000| Untracked 
| 145|0x0000000089100000, 0x0000000089100000, 0x0000000089200000|  0%| F|  |TAMS 0x0000000089100000, 0x0000000089100000| Untracked 
| 146|0x0000000089200000, 0x0000000089200000, 0x0000000089300000|  0%| F|  |TAMS 0x0000000089200000, 0x0000000089200000| Untracked 
| 147|0x0000000089300000, 0x0000000089300000, 0x0000000089400000|  0%| F|  |TAMS 0x0000000089300000, 0x0000000089300000| Untracked 
| 148|0x0000000089400000, 0x0000000089400000, 0x0000000089500000|  0%| F|  |TAMS 0x0000000089400000, 0x0000000089400000| Untracked 
| 149|0x0000000089500000, 0x0000000089500000, 0x0000000089600000|  0%| F|  |TAMS 0x0000000089500000, 0x0000000089500000| Untracked 
| 150|0x0000000089600000, 0x0000000089600000, 0x0000000089700000|  0%| F|  |TAMS 0x0000000089600000, 0x0000000089600000| Untracked 
| 151|0x0000000089700000, 0x0000000089700000, 0x0000000089800000|  0%| F|  |TAMS 0x0000000089700000, 0x0000000089700000| Untracked 
| 152|0x0000000089800000, 0x0000000089800000, 0x0000000089900000|  0%| F|  |TAMS 0x0000000089800000, 0x0000000089800000| Untracked 
| 153|0x0000000089900000, 0x0000000089900000, 0x0000000089a00000|  0%| F|  |TAMS 0x0000000089900000, 0x0000000089900000| Untracked 
| 154|0x0000000089a00000, 0x0000000089a00000, 0x0000000089b00000|  0%| F|  |TAMS 0x0000000089a00000, 0x0000000089a00000| Untracked 
| 155|0x0000000089b00000, 0x0000000089b00000, 0x0000000089c00000|  0%| F|  |TAMS 0x0000000089b00000, 0x0000000089b00000| Untracked 
| 156|0x0000000089c00000, 0x0000000089c00000, 0x0000000089d00000|  0%| F|  |TAMS 0x0000000089c00000, 0x0000000089c00000| Untracked 
| 157|0x0000000089d00000, 0x0000000089d00000, 0x0000000089e00000|  0%| F|  |TAMS 0x0000000089d00000, 0x0000000089d00000| Untracked 
| 158|0x0000000089e00000, 0x0000000089e00000, 0x0000000089f00000|  0%| F|  |TAMS 0x0000000089e00000, 0x0000000089e00000| Untracked 
| 159|0x0000000089f00000, 0x0000000089f00000, 0x000000008a000000|  0%| F|  |TAMS 0x0000000089f00000, 0x0000000089f00000| Untracked 
| 160|0x000000008a000000, 0x000000008a000000, 0x000000008a100000|  0%| F|  |TAMS 0x000000008a000000, 0x000000008a000000| Untracked 
| 161|0x000000008a100000, 0x000000008a100000, 0x000000008a200000|  0%| F|  |TAMS 0x000000008a100000, 0x000000008a100000| Untracked 
| 162|0x000000008a200000, 0x000000008a200000, 0x000000008a300000|  0%| F|  |TAMS 0x000000008a200000, 0x000000008a200000| Untracked 
| 163|0x000000008a300000, 0x000000008a300000, 0x000000008a400000|  0%| F|  |TAMS 0x000000008a300000, 0x000000008a300000| Untracked 
| 164|0x000000008a400000, 0x000000008a400000, 0x000000008a500000|  0%| F|  |TAMS 0x000000008a400000, 0x000000008a400000| Untracked 
| 165|0x000000008a500000, 0x000000008a500000, 0x000000008a600000|  0%| F|  |TAMS 0x000000008a500000, 0x000000008a500000| Untracked 
| 166|0x000000008a600000, 0x000000008a600000, 0x000000008a700000|  0%| F|  |TAMS 0x000000008a600000, 0x000000008a600000| Untracked 
| 167|0x000000008a700000, 0x000000008a700000, 0x000000008a800000|  0%| F|  |TAMS 0x000000008a700000, 0x000000008a700000| Untracked 
| 168|0x000000008a800000, 0x000000008a800000, 0x000000008a900000|  0%| F|  |TAMS 0x000000008a800000, 0x000000008a800000| Untracked 
| 169|0x000000008a900000, 0x000000008a900000, 0x000000008aa00000|  0%| F|  |TAMS 0x000000008a900000, 0x000000008a900000| Untracked 
| 170|0x000000008aa00000, 0x000000008aa00000, 0x000000008ab00000|  0%| F|  |TAMS 0x000000008aa00000, 0x000000008aa00000| Untracked 
| 171|0x000000008ab00000, 0x000000008ab00000, 0x000000008ac00000|  0%| F|  |TAMS 0x000000008ab00000, 0x000000008ab00000| Untracked 
| 172|0x000000008ac00000, 0x000000008ac00000, 0x000000008ad00000|  0%| F|  |TAMS 0x000000008ac00000, 0x000000008ac00000| Untracked 
| 173|0x000000008ad00000, 0x000000008ad00000, 0x000000008ae00000|  0%| F|  |TAMS 0x000000008ad00000, 0x000000008ad00000| Untracked 
| 174|0x000000008ae00000, 0x000000008ae00000, 0x000000008af00000|  0%| F|  |TAMS 0x000000008ae00000, 0x000000008ae00000| Untracked 
| 175|0x000000008af00000, 0x000000008af00000, 0x000000008b000000|  0%| F|  |TAMS 0x000000008af00000, 0x000000008af00000| Untracked 
| 176|0x000000008b000000, 0x000000008b000000, 0x000000008b100000|  0%| F|  |TAMS 0x000000008b000000, 0x000000008b000000| Untracked 
| 177|0x000000008b100000, 0x000000008b100000, 0x000000008b200000|  0%| F|  |TAMS 0x000000008b100000, 0x000000008b100000| Untracked 
| 178|0x000000008b200000, 0x000000008b200000, 0x000000008b300000|  0%| F|  |TAMS 0x000000008b200000, 0x000000008b200000| Untracked 
| 179|0x000000008b300000, 0x000000008b300000, 0x000000008b400000|  0%| F|  |TAMS 0x000000008b300000, 0x000000008b300000| Untracked 
| 180|0x000000008b400000, 0x000000008b400000, 0x000000008b500000|  0%| F|  |TAMS 0x000000008b400000, 0x000000008b400000| Untracked 
| 181|0x000000008b500000, 0x000000008b500000, 0x000000008b600000|  0%| F|  |TAMS 0x000000008b500000, 0x000000008b500000| Untracked 
| 182|0x000000008b600000, 0x000000008b600000, 0x000000008b700000|  0%| F|  |TAMS 0x000000008b600000, 0x000000008b600000| Untracked 
| 183|0x000000008b700000, 0x000000008b700000, 0x000000008b800000|  0%| F|  |TAMS 0x000000008b700000, 0x000000008b700000| Untracked 
| 184|0x000000008b800000, 0x000000008b800000, 0x000000008b900000|  0%| F|  |TAMS 0x000000008b800000, 0x000000008b800000| Untracked 
| 185|0x000000008b900000, 0x000000008b900000, 0x000000008ba00000|  0%| F|  |TAMS 0x000000008b900000, 0x000000008b900000| Untracked 
| 186|0x000000008ba00000, 0x000000008ba00000, 0x000000008bb00000|  0%| F|  |TAMS 0x000000008ba00000, 0x000000008ba00000| Untracked 
| 187|0x000000008bb00000, 0x000000008bb00000, 0x000000008bc00000|  0%| F|  |TAMS 0x000000008bb00000, 0x000000008bb00000| Untracked 
| 188|0x000000008bc00000, 0x000000008bc00000, 0x000000008bd00000|  0%| F|  |TAMS 0x000000008bc00000, 0x000000008bc00000| Untracked 
| 189|0x000000008bd00000, 0x000000008bd00000, 0x000000008be00000|  0%| F|  |TAMS 0x000000008bd00000, 0x000000008bd00000| Untracked 
| 190|0x000000008be00000, 0x000000008be00000, 0x000000008bf00000|  0%| F|  |TAMS 0x000000008be00000, 0x000000008be00000| Untracked 
| 191|0x000000008bf00000, 0x000000008bf00000, 0x000000008c000000|  0%| F|  |TAMS 0x000000008bf00000, 0x000000008bf00000| Untracked 
| 192|0x000000008c000000, 0x000000008c000000, 0x000000008c100000|  0%| F|  |TAMS 0x000000008c000000, 0x000000008c000000| Untracked 
| 193|0x000000008c100000, 0x000000008c100000, 0x000000008c200000|  0%| F|  |TAMS 0x000000008c100000, 0x000000008c100000| Untracked 
| 194|0x000000008c200000, 0x000000008c200000, 0x000000008c300000|  0%| F|  |TAMS 0x000000008c200000, 0x000000008c200000| Untracked 
| 195|0x000000008c300000, 0x000000008c300000, 0x000000008c400000|  0%| F|  |TAMS 0x000000008c300000, 0x000000008c300000| Untracked 
| 196|0x000000008c400000, 0x000000008c400000, 0x000000008c500000|  0%| F|  |TAMS 0x000000008c400000, 0x000000008c400000| Untracked 
| 197|0x000000008c500000, 0x000000008c500000, 0x000000008c600000|  0%| F|  |TAMS 0x000000008c500000, 0x000000008c500000| Untracked 
| 198|0x000000008c600000, 0x000000008c600000, 0x000000008c700000|  0%| F|  |TAMS 0x000000008c600000, 0x000000008c600000| Untracked 
| 199|0x000000008c700000, 0x000000008c700000, 0x000000008c800000|  0%| F|  |TAMS 0x000000008c700000, 0x000000008c700000| Untracked 
| 200|0x000000008c800000, 0x000000008c800000, 0x000000008c900000|  0%| F|  |TAMS 0x000000008c800000, 0x000000008c800000| Untracked 
| 201|0x000000008c900000, 0x000000008c900000, 0x000000008ca00000|  0%| F|  |TAMS 0x000000008c900000, 0x000000008c900000| Untracked 
| 202|0x000000008ca00000, 0x000000008ca00000, 0x000000008cb00000|  0%| F|  |TAMS 0x000000008ca00000, 0x000000008ca00000| Untracked 
| 203|0x000000008cb00000, 0x000000008cb00000, 0x000000008cc00000|  0%| F|  |TAMS 0x000000008cb00000, 0x000000008cb00000| Untracked 
| 204|0x000000008cc00000, 0x000000008cc00000, 0x000000008cd00000|  0%| F|  |TAMS 0x000000008cc00000, 0x000000008cc00000| Untracked 
| 205|0x000000008cd00000, 0x000000008cd00000, 0x000000008ce00000|  0%| F|  |TAMS 0x000000008cd00000, 0x000000008cd00000| Untracked 
| 206|0x000000008ce00000, 0x000000008ce00000, 0x000000008cf00000|  0%| F|  |TAMS 0x000000008ce00000, 0x000000008ce00000| Untracked 
| 207|0x000000008cf00000, 0x000000008cf00000, 0x000000008d000000|  0%| F|  |TAMS 0x000000008cf00000, 0x000000008cf00000| Untracked 
| 208|0x000000008d000000, 0x000000008d000000, 0x000000008d100000|  0%| F|  |TAMS 0x000000008d000000, 0x000000008d000000| Untracked 
| 209|0x000000008d100000, 0x000000008d100000, 0x000000008d200000|  0%| F|  |TAMS 0x000000008d100000, 0x000000008d100000| Untracked 
| 210|0x000000008d200000, 0x000000008d200000, 0x000000008d300000|  0%| F|  |TAMS 0x000000008d200000, 0x000000008d200000| Untracked 
| 211|0x000000008d300000, 0x000000008d300000, 0x000000008d400000|  0%| F|  |TAMS 0x000000008d300000, 0x000000008d300000| Untracked 
| 212|0x000000008d400000, 0x000000008d400000, 0x000000008d500000|  0%| F|  |TAMS 0x000000008d400000, 0x000000008d400000| Untracked 
| 213|0x000000008d500000, 0x000000008d500000, 0x000000008d600000|  0%| F|  |TAMS 0x000000008d500000, 0x000000008d500000| Untracked 
| 214|0x000000008d600000, 0x000000008d600000, 0x000000008d700000|  0%| F|  |TAMS 0x000000008d600000, 0x000000008d600000| Untracked 
| 215|0x000000008d700000, 0x000000008d700000, 0x000000008d800000|  0%| F|  |TAMS 0x000000008d700000, 0x000000008d700000| Untracked 
| 216|0x000000008d800000, 0x000000008d800000, 0x000000008d900000|  0%| F|  |TAMS 0x000000008d800000, 0x000000008d800000| Untracked 
| 217|0x000000008d900000, 0x000000008d900000, 0x000000008da00000|  0%| F|  |TAMS 0x000000008d900000, 0x000000008d900000| Untracked 
| 218|0x000000008da00000, 0x000000008da00000, 0x000000008db00000|  0%| F|  |TAMS 0x000000008da00000, 0x000000008da00000| Untracked 
| 219|0x000000008db00000, 0x000000008db00000, 0x000000008dc00000|  0%| F|  |TAMS 0x000000008db00000, 0x000000008db00000| Untracked 
| 220|0x000000008dc00000, 0x000000008dc00000, 0x000000008dd00000|  0%| F|  |TAMS 0x000000008dc00000, 0x000000008dc00000| Untracked 
| 221|0x000000008dd00000, 0x000000008dd00000, 0x000000008de00000|  0%| F|  |TAMS 0x000000008dd00000, 0x000000008dd00000| Untracked 
| 222|0x000000008de00000, 0x000000008de00000, 0x000000008df00000|  0%| F|  |TAMS 0x000000008de00000, 0x000000008de00000| Untracked 
| 223|0x000000008df00000, 0x000000008df00000, 0x000000008e000000|  0%| F|  |TAMS 0x000000008df00000, 0x000000008df00000| Untracked 
| 224|0x000000008e000000, 0x000000008e000000, 0x000000008e100000|  0%| F|  |TAMS 0x000000008e000000, 0x000000008e000000| Untracked 
| 225|0x000000008e100000, 0x000000008e100000, 0x000000008e200000|  0%| F|  |TAMS 0x000000008e100000, 0x000000008e100000| Untracked 
| 226|0x000000008e200000, 0x000000008e200000, 0x000000008e300000|  0%| F|  |TAMS 0x000000008e200000, 0x000000008e200000| Untracked 
| 227|0x000000008e300000, 0x000000008e300000, 0x000000008e400000|  0%| F|  |TAMS 0x000000008e300000, 0x000000008e300000| Untracked 
| 228|0x000000008e400000, 0x000000008e400000, 0x000000008e500000|  0%| F|  |TAMS 0x000000008e400000, 0x000000008e400000| Untracked 
| 229|0x000000008e500000, 0x000000008e500000, 0x000000008e600000|  0%| F|  |TAMS 0x000000008e500000, 0x000000008e500000| Untracked 
| 230|0x000000008e600000, 0x000000008e700000, 0x000000008e700000|100%| E|  |TAMS 0x000000008e600000, 0x000000008e600000| Complete 
| 231|0x000000008e700000, 0x000000008e800000, 0x000000008e800000|100%| E|CS|TAMS 0x000000008e700000, 0x000000008e700000| Complete 
| 232|0x000000008e800000, 0x000000008e900000, 0x000000008e900000|100%| E|CS|TAMS 0x000000008e800000, 0x000000008e800000| Complete 
| 233|0x000000008e900000, 0x000000008ea00000, 0x000000008ea00000|100%| E|CS|TAMS 0x000000008e900000, 0x000000008e900000| Complete 
| 234|0x000000008ea00000, 0x000000008eb00000, 0x000000008eb00000|100%| E|CS|TAMS 0x000000008ea00000, 0x000000008ea00000| Complete 
| 235|0x000000008eb00000, 0x000000008ec00000, 0x000000008ec00000|100%| E|CS|TAMS 0x000000008eb00000, 0x000000008eb00000| Complete 
| 236|0x000000008ec00000, 0x000000008ed00000, 0x000000008ed00000|100%| E|CS|TAMS 0x000000008ec00000, 0x000000008ec00000| Complete 
| 237|0x000000008ed00000, 0x000000008ee00000, 0x000000008ee00000|100%| E|CS|TAMS 0x000000008ed00000, 0x000000008ed00000| Complete 
| 238|0x000000008ee00000, 0x000000008ef00000, 0x000000008ef00000|100%| E|CS|TAMS 0x000000008ee00000, 0x000000008ee00000| Complete 
| 239|0x000000008ef00000, 0x000000008f000000, 0x000000008f000000|100%| E|CS|TAMS 0x000000008ef00000, 0x000000008ef00000| Complete 
| 240|0x000000008f000000, 0x000000008f100000, 0x000000008f100000|100%| E|CS|TAMS 0x000000008f000000, 0x000000008f000000| Complete 
| 241|0x000000008f100000, 0x000000008f200000, 0x000000008f200000|100%| E|CS|TAMS 0x000000008f100000, 0x000000008f100000| Complete 
| 242|0x000000008f200000, 0x000000008f300000, 0x000000008f300000|100%| E|CS|TAMS 0x000000008f200000, 0x000000008f200000| Complete 
| 243|0x000000008f300000, 0x000000008f400000, 0x000000008f400000|100%| E|CS|TAMS 0x000000008f300000, 0x000000008f300000| Complete 
| 244|0x000000008f400000, 0x000000008f500000, 0x000000008f500000|100%| E|CS|TAMS 0x000000008f400000, 0x000000008f400000| Complete 
| 245|0x000000008f500000, 0x000000008f600000, 0x000000008f600000|100%| E|CS|TAMS 0x000000008f500000, 0x000000008f500000| Complete 
| 246|0x000000008f600000, 0x000000008f700000, 0x000000008f700000|100%| E|CS|TAMS 0x000000008f600000, 0x000000008f600000| Complete 
| 247|0x000000008f700000, 0x000000008f800000, 0x000000008f800000|100%| E|CS|TAMS 0x000000008f700000, 0x000000008f700000| Complete 
| 248|0x000000008f800000, 0x000000008f900000, 0x000000008f900000|100%| E|CS|TAMS 0x000000008f800000, 0x000000008f800000| Complete 
| 249|0x000000008f900000, 0x000000008fa00000, 0x000000008fa00000|100%| E|CS|TAMS 0x000000008f900000, 0x000000008f900000| Complete 
| 250|0x000000008fa00000, 0x000000008fb00000, 0x000000008fb00000|100%| E|CS|TAMS 0x000000008fa00000, 0x000000008fa00000| Complete 
| 251|0x000000008fb00000, 0x000000008fc00000, 0x000000008fc00000|100%| E|CS|TAMS 0x000000008fb00000, 0x000000008fb00000| Complete 
| 252|0x000000008fc00000, 0x000000008fd00000, 0x000000008fd00000|100%| E|CS|TAMS 0x000000008fc00000, 0x000000008fc00000| Complete 
| 253|0x000000008fd00000, 0x000000008fe00000, 0x000000008fe00000|100%| E|CS|TAMS 0x000000008fd00000, 0x000000008fd00000| Complete 

Card table byte_map: [0x0000017eefb10000,0x0000017eeff10000] _byte_map_base: 0x0000017eef710000

Marking Bits (Prev, Next): (CMBitMap*) 0x0000017edcc34640, (CMBitMap*) 0x0000017edcc34608
 Prev Bits: [0x0000017ef2310000, 0x0000017ef4310000)
 Next Bits: [0x0000017ef0310000, 0x0000017ef2310000)

Polling page: 0x0000017edc3c0000

Metaspace:

Usage:
  Non-class:     73.71 MB capacity,    72.37 MB ( 98%) used,     1.12 MB (  2%) free+waste,   229.19 KB ( <1%) overhead. 
      Class:     11.50 MB capacity,    10.73 MB ( 93%) used,   676.38 KB (  6%) free+waste,   106.06 KB ( <1%) overhead. 
       Both:     85.21 MB capacity,    83.10 MB ( 98%) used,     1.78 MB (  2%) free+waste,   335.25 KB ( <1%) overhead. 

Virtual space:
  Non-class space:       74.00 MB reserved,      73.83 MB (>99%) committed 
      Class space:        1.00 GB reserved,      11.57 MB (  1%) committed 
             Both:        1.07 GB reserved,      85.40 MB (  8%) committed 

Chunk freelists:
   Non-Class:  0 bytes
       Class:  1.00 KB
        Both:  1.00 KB

MaxMetaspaceSize: 17179869184.00 GB
CompressedClassSpaceSize: 1.00 GB
Initial GC threshold: 20.80 MB
Current GC threshold: 98.59 MB
CDS: off

CodeHeap 'non-profiled nmethods': size=120064Kb used=4761Kb max_used=4761Kb free=115302Kb
 bounds [0x0000017ee81d0000, 0x0000017ee8680000, 0x0000017eef710000]
CodeHeap 'profiled nmethods': size=120000Kb used=18131Kb max_used=18131Kb free=101868Kb
 bounds [0x0000017ee0ca0000, 0x0000017ee1e60000, 0x0000017ee81d0000]
CodeHeap 'non-nmethods': size=5696Kb used=2358Kb max_used=2396Kb free=3337Kb
 bounds [0x0000017ee0710000, 0x0000017ee0980000, 0x0000017ee0ca0000]
 total_blobs=9255 nmethods=8365 adapters=803
 compilation: enabled
              stopped_count=0, restarted_count=0
 full_count=0

Compilation events (20 events):
Event: 16.758 Thread 0x0000017ef70dd000 nmethod 8328 0x0000017ee8668d90 code [0x0000017ee86691c0, 0x0000017ee866c8a8]
Event: 16.758 Thread 0x0000017ef70dd000 8337       4       com.google.common.collect.ImmutableSet$RegularSetBuilderImpl::build (101 bytes)
Event: 16.763 Thread 0x0000017ef70dd000 nmethod 8337 0x0000017ee866dc10 code [0x0000017ee866ddc0, 0x0000017ee866e358]
Event: 16.783 Thread 0x0000017ef762c800 nmethod 8329 0x0000017ee866e590 code [0x0000017ee866e8a0, 0x0000017ee8672430]
Event: 18.522 Thread 0x0000017ef7139000 8357       1       javax.management.ObjectName::getCanonicalName (5 bytes)
Event: 18.522 Thread 0x0000017ef7139000 nmethod 8357 0x0000017ee8673d90 code [0x0000017ee8673f40, 0x0000017ee8673ff0]
Event: 19.520 Thread 0x0000017ef7139000 8358       3       sun.management.spi.PlatformMBeanProvider$PlatformComponent::getMBeans (87 bytes)
Event: 19.521 Thread 0x0000017ef7139000 nmethod 8358 0x0000017ee1e3b210 code [0x0000017ee1e3b600, 0x0000017ee1e3d210]
Event: 20.520 Thread 0x0000017ef7139000 8359       3       java.util.Spliterators::emptySpliterator (4 bytes)
Event: 20.520 Thread 0x0000017ef7139000 nmethod 8359 0x0000017ee1e3da90 code [0x0000017ee1e3dc40, 0x0000017ee1e3dd30]
Event: 20.520 Thread 0x0000017ef7139000 8361       3       javax.management.ObjectName::addProperty (80 bytes)
Event: 20.520 Thread 0x0000017ef7139000 nmethod 8361 0x0000017ee1e3dd90 code [0x0000017ee1e3dfc0, 0x0000017ee1e3e780]
Event: 20.520 Thread 0x0000017ef7139000 8360       3       java.lang.management.ManagementFactory$$Lambda$62/0x0000000100162440::apply (12 bytes)
Event: 20.520 Thread 0x0000017ef7139000 nmethod 8360 0x0000017ee1e3ea10 code [0x0000017ee1e3ec00, 0x0000017ee1e3efd0]
Event: 21.520 Thread 0x0000017ef7139000 8362       3       java.util.Collections$EmptyList::spliterator (4 bytes)
Event: 21.520 Thread 0x0000017ef7139000 nmethod 8362 0x0000017ee1e3f110 code [0x0000017ee1e3f2c0, 0x0000017ee1e3f410]
Event: 21.520 Thread 0x0000017ef7139000 8363       3       java.util.Spliterators$EmptySpliterator$OfRef::forEachRemaining (6 bytes)
Event: 21.520 Thread 0x0000017ef7139000 nmethod 8363 0x0000017ee1e3f510 code [0x0000017ee1e3f6e0, 0x0000017ee1e3f980]
Event: 21.520 Thread 0x0000017ef7139000 8364       3       sun.management.MemoryPoolImpl::getType (15 bytes)
Event: 21.520 Thread 0x0000017ef7139000 nmethod 8364 0x0000017ee1e3fa90 code [0x0000017ee1e3fc40, 0x0000017ee1e3fd90]

GC Heap History (20 events):
Event: 6.950 GC heap before
{Heap before GC invocations=1 (full 0):
 garbage-first heap   total 260096K, used 114630K [0x0000000080000000, 0x0000000100000000)
  region size 1024K, 107 young (109568K), 2 survivors (2048K)
 Metaspace       used 20903K, capacity 21217K, committed 21296K, reserved 1069056K
  class space    used 2509K, capacity 2651K, committed 2688K, reserved 1048576K
}
Event: 6.958 GC heap after
{Heap after GC invocations=2 (full 0):
 garbage-first heap   total 260096K, used 16846K [0x0000000080000000, 0x0000000100000000)
  region size 1024K, 12 young (12288K), 12 survivors (12288K)
 Metaspace       used 20903K, capacity 21217K, committed 21296K, reserved 1069056K
  class space    used 2509K, capacity 2651K, committed 2688K, reserved 1048576K
}
Event: 7.145 GC heap before
{Heap before GC invocations=3 (full 0):
 garbage-first heap   total 260096K, used 28110K [0x0000000080000000, 0x0000000100000000)
  region size 1024K, 24 young (24576K), 12 survivors (12288K)
 Metaspace       used 22457K, capacity 22976K, committed 23216K, reserved 1069056K
  class space    used 2767K, capacity 2967K, committed 3072K, reserved 1048576K
}
Event: 7.154 GC heap after
{Heap after GC invocations=4 (full 0):
 garbage-first heap   total 260096K, used 17617K [0x0000000080000000, 0x0000000100000000)
  region size 1024K, 1 young (1024K), 1 survivors (1024K)
 Metaspace       used 22457K, capacity 22976K, committed 23216K, reserved 1069056K
  class space    used 2767K, capacity 2967K, committed 3072K, reserved 1048576K
}
Event: 8.058 GC heap before
{Heap before GC invocations=4 (full 0):
 garbage-first heap   total 260096K, used 83153K [0x0000000080000000, 0x0000000100000000)
  region size 1024K, 65 young (66560K), 1 survivors (1024K)
 Metaspace       used 28907K, capacity 29616K, committed 29872K, reserved 1075200K
  class space    used 3803K, capacity 4083K, committed 4096K, reserved 1048576K
}
Event: 8.061 GC heap after
{Heap after GC invocations=5 (full 0):
 garbage-first heap   total 260096K, used 19890K [0x0000000080000000, 0x0000000100000000)
  region size 1024K, 3 young (3072K), 3 survivors (3072K)
 Metaspace       used 28907K, capacity 29616K, committed 29872K, reserved 1075200K
  class space    used 3803K, capacity 4083K, committed 4096K, reserved 1048576K
}
Event: 8.837 GC heap before
{Heap before GC invocations=5 (full 0):
 garbage-first heap   total 260096K, used 59826K [0x0000000080000000, 0x0000000100000000)
  region size 1024K, 43 young (44032K), 3 survivors (3072K)
 Metaspace       used 34940K, capacity 35731K, committed 35888K, reserved 1081344K
  class space    used 4552K, capacity 4887K, committed 4992K, reserved 1048576K
}
Event: 8.846 GC heap after
{Heap after GC invocations=6 (full 0):
 garbage-first heap   total 260096K, used 22549K [0x0000000080000000, 0x0000000100000000)
  region size 1024K, 6 young (6144K), 6 survivors (6144K)
 Metaspace       used 34940K, capacity 35731K, committed 35888K, reserved 1081344K
  class space    used 4552K, capacity 4887K, committed 4992K, reserved 1048576K
}
Event: 9.921 GC heap before
{Heap before GC invocations=7 (full 0):
 garbage-first heap   total 260096K, used 106517K [0x0000000080000000, 0x0000000100000000)
  region size 1024K, 86 young (88064K), 6 survivors (6144K)
 Metaspace       used 41920K, capacity 43052K, committed 43312K, reserved 1087488K
  class space    used 5315K, capacity 5681K, committed 5760K, reserved 1048576K
}
Event: 9.931 GC heap after
{Heap after GC invocations=8 (full 0):
 garbage-first heap   total 260096K, used 29144K [0x0000000080000000, 0x0000000100000000)
  region size 1024K, 11 young (11264K), 11 survivors (11264K)
 Metaspace       used 41920K, capacity 43052K, committed 43312K, reserved 1087488K
  class space    used 5315K, capacity 5681K, committed 5760K, reserved 1048576K
}
Event: 11.347 GC heap before
{Heap before GC invocations=8 (full 0):
 garbage-first heap   total 260096K, used 140760K [0x0000000080000000, 0x0000000100000000)
  region size 1024K, 117 young (119808K), 11 survivors (11264K)
 Metaspace       used 49784K, capacity 51206K, committed 51248K, reserved 1093632K
  class space    used 6305K, capacity 6778K, committed 6784K, reserved 1048576K
}
Event: 11.364 GC heap after
{Heap after GC invocations=9 (full 0):
 garbage-first heap   total 260096K, used 38196K [0x0000000080000000, 0x0000000100000000)
  region size 1024K, 13 young (13312K), 13 survivors (13312K)
 Metaspace       used 49784K, capacity 51206K, committed 51248K, reserved 1093632K
  class space    used 6305K, capacity 6778K, committed 6784K, reserved 1048576K
}
Event: 12.719 GC heap before
{Heap before GC invocations=9 (full 0):
 garbage-first heap   total 260096K, used 108852K [0x0000000080000000, 0x0000000100000000)
  region size 1024K, 81 young (82944K), 13 survivors (13312K)
 Metaspace       used 58614K, capacity 60103K, committed 60240K, reserved 1101824K
  class space    used 7337K, capacity 7866K, committed 7936K, reserved 1048576K
}
Event: 12.735 GC heap after
{Heap after GC invocations=10 (full 0):
 garbage-first heap   total 260096K, used 47323K [0x0000000080000000, 0x0000000100000000)
  region size 1024K, 14 young (14336K), 14 survivors (14336K)
 Metaspace       used 58614K, capacity 60103K, committed 60240K, reserved 1101824K
  class space    used 7337K, capacity 7866K, committed 7936K, reserved 1048576K
}
Event: 14.025 GC heap before
{Heap before GC invocations=11 (full 0):
 garbage-first heap   total 260096K, used 165083K [0x0000000080000000, 0x0000000100000000)
  region size 1024K, 122 young (124928K), 14 survivors (14336K)
 Metaspace       used 67414K, capacity 69114K, committed 69404K, reserved 1110016K
  class space    used 8500K, capacity 9096K, committed 9164K, reserved 1048576K
}
Event: 14.041 GC heap after
{Heap after GC invocations=12 (full 0):
 garbage-first heap   total 260096K, used 55845K [0x0000000080000000, 0x0000000100000000)
  region size 1024K, 15 young (15360K), 15 survivors (15360K)
 Metaspace       used 67414K, capacity 69114K, committed 69404K, reserved 1110016K
  class space    used 8500K, capacity 9096K, committed 9164K, reserved 1048576K
}
Event: 15.356 GC heap before
{Heap before GC invocations=12 (full 0):
 garbage-first heap   total 260096K, used 170533K [0x0000000080000000, 0x0000000100000000)
  region size 1024K, 127 young (130048K), 15 survivors (15360K)
 Metaspace       used 76507K, capacity 78381K, committed 78492K, reserved 1118208K
  class space    used 9884K, capacity 10555K, committed 10572K, reserved 1048576K
}
Event: 15.372 GC heap after
{Heap after GC invocations=13 (full 0):
 garbage-first heap   total 260096K, used 63333K [0x0000000080000000, 0x0000000100000000)
  region size 1024K, 8 young (8192K), 8 survivors (8192K)
 Metaspace       used 76507K, capacity 78381K, committed 78492K, reserved 1118208K
  class space    used 9884K, capacity 10555K, committed 10572K, reserved 1048576K
}
Event: 16.425 GC heap before
{Heap before GC invocations=13 (full 0):
 garbage-first heap   total 260096K, used 178021K [0x0000000080000000, 0x0000000100000000)
  region size 1024K, 121 young (123904K), 8 survivors (8192K)
 Metaspace       used 82493K, capacity 84451K, committed 84636K, reserved 1122304K
  class space    used 10660K, capacity 11322K, committed 11340K, reserved 1048576K
}
Event: 16.444 GC heap after
{Heap after GC invocations=14 (full 0):
 garbage-first heap   total 260096K, used 75264K [0x0000000080000000, 0x0000000100000000)
  region size 1024K, 16 young (16384K), 16 survivors (16384K)
 Metaspace       used 82493K, capacity 84451K, committed 84636K, reserved 1122304K
  class space    used 10660K, capacity 11322K, committed 11340K, reserved 1048576K
}

Deoptimization events (20 events):
Event: 16.650 Thread 0x0000017ef76e5800 Uncommon trap: trap_request=0xffffff4d fr.pc=0x0000017ee852b974 relative=0x0000000000000354
Event: 16.650 Thread 0x0000017ef76e5800 Uncommon trap: reason=unstable_if action=reinterpret pc=0x0000017ee852b974 method=java.util.HashMap$HashIterator.<init>(Ljava/util/HashMap;)V @ 45 c2
Event: 16.650 Thread 0x0000017ef76e5800 DEOPT PACKING pc=0x0000017ee852b974 sp=0x0000006703ffe940
Event: 16.650 Thread 0x0000017ef76e5800 DEOPT UNPACKING pc=0x0000017ee075a1a1 sp=0x0000006703ffe8f8 mode 2
Event: 16.674 Thread 0x0000017ef76e0800 Uncommon trap: trap_request=0xffffffde fr.pc=0x0000017ee83f6fe0 relative=0x0000000000000220
Event: 16.674 Thread 0x0000017ef76e0800 Uncommon trap: reason=class_check action=maybe_recompile pc=0x0000017ee83f6fe0 method=java.util.stream.StreamOpFlag.fromCharacteristics(Ljava/util/Spliterator;)I @ 14 c2
Event: 16.674 Thread 0x0000017ef76e0800 DEOPT PACKING pc=0x0000017ee83f6fe0 sp=0x0000006703dfd220
Event: 16.674 Thread 0x0000017ef76e0800 DEOPT UNPACKING pc=0x0000017ee075a1a1 sp=0x0000006703dfd108 mode 2
Event: 16.679 Thread 0x0000017ef76e0800 Uncommon trap: trap_request=0xffffffde fr.pc=0x0000017ee83f6fe0 relative=0x0000000000000220
Event: 16.679 Thread 0x0000017ef76e0800 Uncommon trap: reason=class_check action=maybe_recompile pc=0x0000017ee83f6fe0 method=java.util.stream.StreamOpFlag.fromCharacteristics(Ljava/util/Spliterator;)I @ 14 c2
Event: 16.679 Thread 0x0000017ef76e0800 DEOPT PACKING pc=0x0000017ee83f6fe0 sp=0x0000006703dfd220
Event: 16.679 Thread 0x0000017ef76e0800 DEOPT UNPACKING pc=0x0000017ee075a1a1 sp=0x0000006703dfd108 mode 2
Event: 16.680 Thread 0x0000017ef76e0800 Uncommon trap: trap_request=0xffffffde fr.pc=0x0000017ee83f6fe0 relative=0x0000000000000220
Event: 16.680 Thread 0x0000017ef76e0800 Uncommon trap: reason=class_check action=maybe_recompile pc=0x0000017ee83f6fe0 method=java.util.stream.StreamOpFlag.fromCharacteristics(Ljava/util/Spliterator;)I @ 14 c2
Event: 16.680 Thread 0x0000017ef76e0800 DEOPT PACKING pc=0x0000017ee83f6fe0 sp=0x0000006703dfd220
Event: 16.680 Thread 0x0000017ef76e0800 DEOPT UNPACKING pc=0x0000017ee075a1a1 sp=0x0000006703dfd108 mode 2
Event: 16.720 Thread 0x0000017ef76e0800 Uncommon trap: trap_request=0xffffff4d fr.pc=0x0000017ee85efca8 relative=0x00000000000001e8
Event: 16.720 Thread 0x0000017ef76e0800 Uncommon trap: reason=unstable_if action=reinterpret pc=0x0000017ee85efca8 method=com.google.common.collect.RegularImmutableSet.contains(Ljava/lang/Object;)Z @ 10 c2
Event: 16.720 Thread 0x0000017ef76e0800 DEOPT PACKING pc=0x0000017ee85efca8 sp=0x0000006703dfa770
Event: 16.720 Thread 0x0000017ef76e0800 DEOPT UNPACKING pc=0x0000017ee075a1a1 sp=0x0000006703dfa708 mode 2

Classes redefined (0 events):
No events

Internal exceptions (20 events):
Event: 16.385 Thread 0x0000017ef9dd3800 Exception <a 'java/lang/ClassNotFoundException'{0x00000000893b34b0}: com/android/build/gradle/internal/tasks/SigningConfigVersionsWriterTask_DecoratedCustomizer> (0x00000000893b34b0) thrown at [src/hotspot/share/classfile/systemDictionary.cpp, line 230]
Event: 16.389 Thread 0x0000017ef9dd3800 Exception <a 'java/lang/ClassNotFoundException'{0x00000000892b76c0}: com/android/build/gradle/tasks/PackageApplication_DecoratedBeanInfo> (0x00000000892b76c0) thrown at [src/hotspot/share/classfile/systemDictionary.cpp, line 230]
Event: 16.390 Thread 0x0000017ef9dd3800 Exception <a 'java/lang/ClassNotFoundException'{0x00000000892d12a0}: com/android/build/gradle/tasks/PackageApplicationBeanInfo> (0x00000000892d12a0) thrown at [src/hotspot/share/classfile/systemDictionary.cpp, line 230]
Event: 16.390 Thread 0x0000017ef9dd3800 Exception <a 'java/lang/ClassNotFoundException'{0x00000000892ebf48}: com/android/build/gradle/tasks/PackageAndroidArtifactBeanInfo> (0x00000000892ebf48) thrown at [src/hotspot/share/classfile/systemDictionary.cpp, line 230]
Event: 16.391 Thread 0x0000017ef9dd3800 Exception <a 'java/lang/ClassNotFoundException'{0x00000000891073f8}: com/android/build/gradle/tasks/PackageAndroidArtifactCustomizer> (0x00000000891073f8) thrown at [src/hotspot/share/classfile/systemDictionary.cpp, line 230]
Event: 16.392 Thread 0x0000017ef9dd3800 Exception <a 'java/lang/ClassNotFoundException'{0x000000008916ea18}: com/android/build/gradle/tasks/PackageApplicationCustomizer> (0x000000008916ea18) thrown at [src/hotspot/share/classfile/systemDictionary.cpp, line 230]
Event: 16.393 Thread 0x0000017ef9dd3800 Exception <a 'java/lang/ClassNotFoundException'{0x00000000891a7398}: com/android/build/gradle/tasks/PackageApplication_DecoratedCustomizer> (0x00000000891a7398) thrown at [src/hotspot/share/classfile/systemDictionary.cpp, line 230]
Event: 16.397 Thread 0x0000017ef9dd3800 Exception <a 'java/lang/ClassNotFoundException'{0x000000008909a8e8}: com/android/build/gradle/internal/tasks/ListingFileRedirectTask_DecoratedBeanInfo> (0x000000008909a8e8) thrown at [src/hotspot/share/classfile/systemDictionary.cpp, line 230]
Event: 16.398 Thread 0x0000017ef9dd3800 Exception <a 'java/lang/ClassNotFoundException'{0x00000000890b6ef8}: com/android/build/gradle/internal/tasks/ListingFileRedirectTaskBeanInfo> (0x00000000890b6ef8) thrown at [src/hotspot/share/classfile/systemDictionary.cpp, line 230]
Event: 16.398 Thread 0x0000017ef9dd3800 Exception <a 'java/lang/ClassNotFoundException'{0x00000000890d3550}: com/android/build/gradle/internal/tasks/ListingFileRedirectTaskCustomizer> (0x00000000890d3550) thrown at [src/hotspot/share/classfile/systemDictionary.cpp, line 230]
Event: 16.399 Thread 0x0000017ef9dd3800 Exception <a 'java/lang/ClassNotFoundException'{0x0000000088f03ca8}: com/android/build/gradle/internal/tasks/ListingFileRedirectTask_DecoratedCustomizer> (0x0000000088f03ca8) thrown at [src/hotspot/share/classfile/systemDictionary.cpp, line 230]
Event: 16.403 Thread 0x0000017ef9dd3800 Exception <a 'java/lang/NoSuchMethodError'{0x0000000088f6fdc8}: 'java.lang.Object java.lang.invoke.Invokers$Holder.linkToTargetMethod(java.lang.Object, java.lang.Object, java.lang.Object, int, java.lang.Object, java.lang.Object)'> (0x0000000088f6fdc8) thrown at [src/hotspot/share/interpreter/linkResolver.cpp, line 773]
Event: 16.515 Thread 0x0000017ef9dd3800 Exception <a 'java/lang/NoSuchMethodError'{0x000000008f6e84f0}: <clinit>> (0x000000008f6e84f0) thrown at [src/hotspot/share/prims/jni.cpp, line 1367]
Event: 16.522 Thread 0x0000017ef9dd3800 Exception <a 'java/lang/NoSuchMethodError'{0x000000008f5315d8}: <clinit>> (0x000000008f5315d8) thrown at [src/hotspot/share/prims/jni.cpp, line 1367]
Event: 16.525 Thread 0x0000017ef9dd3800 Exception <a 'java/lang/NoSuchMethodError'{0x000000008f563890}: 'void java.lang.invoke.DirectMethodHandle$Holder.invokeSpecial(java.lang.Object, java.lang.Object, java.lang.Object, int)'> (0x000000008f563890) thrown at [src/hotspot/share/interpreter/linkResolver.cpp, line 773]
Event: 16.553 Thread 0x0000017ef9dd3800 Exception <a 'sun/nio/fs/WindowsException'{0x000000008f37faa8}> (0x000000008f37faa8) thrown at [src/hotspot/share/prims/jni.cpp, line 617]
Event: 16.680 Thread 0x0000017ef8f65000 Exception <a 'java/lang/NoSuchMethodError'{0x000000008ee764e0}: <clinit>> (0x000000008ee764e0) thrown at [src/hotspot/share/prims/jni.cpp, line 1367]
Event: 16.680 Thread 0x0000017ef8f65000 Exception <a 'java/lang/NoSuchMethodError'{0x000000008ee81150}: <clinit>> (0x000000008ee81150) thrown at [src/hotspot/share/prims/jni.cpp, line 1367]
Event: 16.689 Thread 0x0000017ef76e0800 Exception <a 'java/lang/IncompatibleClassChangeError'{0x000000008eed6c18}: Found class java.lang.Object, but interface was expected> (0x000000008eed6c18) thrown at [src/hotspot/share/interpreter/linkResolver.cpp, line 839]
Event: 16.720 Thread 0x0000017ef76e0800 Implicit null exception at 0x0000017ee85efaf7 to 0x0000017ee85efc90

Events (20 events):
Event: 16.720 loading class org/gradle/internal/watch/registry/impl/HierarchicalFileWatcherUpdater$FileSystemLocationToWatchValidator done
Event: 18.021 loading class org/gradle/process/internal/health/memory/JvmMemoryStatusSnapshot
Event: 18.021 loading class org/gradle/process/internal/health/memory/JvmMemoryStatusSnapshot done
Event: 18.022 Executing VM operation: RevokeBias
Event: 18.022 Executing VM operation: RevokeBias done
Event: 18.022 Executing VM operation: RevokeBias
Event: 18.023 Executing VM operation: RevokeBias done
Event: 18.522 Thread 0x0000017ef762c800 Thread exited: 0x0000017ef762c800
Event: 21.723 loading class org/gradle/internal/watch/registry/impl/AbstractFileWatcherUpdater
Event: 21.723 loading class org/gradle/internal/watch/registry/impl/AbstractFileWatcherUpdater done
Event: 21.723 loading class org/gradle/internal/watch/registry/impl/AbstractFileWatcherUpdater
Event: 21.723 loading class org/gradle/internal/watch/registry/impl/AbstractFileWatcherUpdater done
Event: 21.723 loading class com/google/common/collect/ImmutableSet
Event: 21.723 loading class com/google/common/collect/ImmutableSet done
Event: 21.723 loading class com/google/common/collect/ImmutableSet
Event: 21.723 loading class com/google/common/collect/ImmutableSet done
Event: 21.723 loading class org/gradle/internal/watch/registry/impl/AbstractFileWatcherUpdater
Event: 21.723 loading class org/gradle/internal/watch/registry/impl/AbstractFileWatcherUpdater done
Event: 21.724 loading class org/gradle/internal/watch/registry/impl/DefaultFileWatcherProbeRegistry$1
Event: 21.724 loading class org/gradle/internal/watch/registry/impl/DefaultFileWatcherProbeRegistry$1 done


Dynamic libraries:
0x00007ff638960000 - 0x00007ff63896a000 	C:\Program Files\Android\Android Studio\jbr\bin\java.exe
0x00007ffeaa210000 - 0x00007ffeaa406000 	C:\Windows\SYSTEM32\ntdll.dll
0x00007ffea85c0000 - 0x00007ffea867d000 	C:\Windows\System32\KERNEL32.DLL
0x00007ffea7ae0000 - 0x00007ffea7da9000 	C:\Windows\System32\KERNELBASE.dll
0x00007ffea8140000 - 0x00007ffea8240000 	C:\Windows\System32\ucrtbase.dll
0x00007ffe84390000 - 0x00007ffe843a7000 	C:\Program Files\Android\Android Studio\jbr\bin\jli.dll
0x00007ffe825b0000 - 0x00007ffe825cb000 	C:\Program Files\Android\Android Studio\jbr\bin\VCRUNTIME140.dll
0x00007ffea9340000 - 0x00007ffea94e0000 	C:\Windows\System32\USER32.dll
0x00007ffea7ab0000 - 0x00007ffea7ad2000 	C:\Windows\System32\win32u.dll
0x00007ffea8590000 - 0x00007ffea85ba000 	C:\Windows\System32\GDI32.dll
0x00007ffe7ec90000 - 0x00007ffe7ef2b000 	C:\Windows\WinSxS\amd64_microsoft.windows.common-controls_6595b64144ccf1df_6.0.19041.746_none_ca02b4b61b8320a4\COMCTL32.dll
0x00007ffea8030000 - 0x00007ffea813b000 	C:\Windows\System32\gdi32full.dll
0x00007ffea8860000 - 0x00007ffea88fe000 	C:\Windows\System32\msvcrt.dll
0x00007ffea7ee0000 - 0x00007ffea7f7d000 	C:\Windows\System32\msvcp_win.dll
0x00007ffea8270000 - 0x00007ffea82a0000 	C:\Windows\System32\IMM32.DLL
0x00007ffe84420000 - 0x00007ffe8447b000 	C:\ProgramData\Microsoft\DbgCtr\XShellDLL64_6015.dll
0x00007ffea9290000 - 0x00007ffea933c000 	C:\Windows\System32\ADVAPI32.dll
0x00007ffea91f0000 - 0x00007ffea928c000 	C:\Windows\System32\sechost.dll
0x00007ffea99c0000 - 0x00007ffea9aeb000 	C:\Windows\System32\RPCRT4.dll
0x00007ffea8900000 - 0x00007ffea9042000 	C:\Windows\System32\SHELL32.dll
0x00007ffea35d0000 - 0x00007ffea35dc000 	C:\Program Files\Android\Android Studio\jbr\bin\vcruntime140_1.dll
0x00007ffe810e0000 - 0x00007ffe8116d000 	C:\Program Files\Android\Android Studio\jbr\bin\msvcp140.dll
0x0000017edb7f0000 - 0x0000017edc3ac000 	C:\Program Files\Android\Android Studio\jbr\bin\server\jvm.dll
0x00007ffea8850000 - 0x00007ffea8858000 	C:\Windows\System32\PSAPI.DLL
0x00007ffe7f6f0000 - 0x00007ffe7f717000 	C:\Windows\SYSTEM32\WINMM.dll
0x00007ffe94c80000 - 0x00007ffe94c89000 	C:\Windows\SYSTEM32\WSOCK32.dll
0x00007ffea94e0000 - 0x00007ffea954b000 	C:\Windows\System32\WS2_32.dll
0x00007ffea0e40000 - 0x00007ffea0e4a000 	C:\Windows\SYSTEM32\VERSION.dll
0x00007ffea58c0000 - 0x00007ffea58d2000 	C:\Windows\SYSTEM32\kernel.appcore.dll
0x00007ffea35c0000 - 0x00007ffea35d0000 	C:\Program Files\Android\Android Studio\jbr\bin\verify.dll
0x00007ffe8eff0000 - 0x00007ffe8f1d4000 	C:\Windows\SYSTEM32\DBGHELP.DLL
0x00007ffe8f480000 - 0x00007ffe8f4ac000 	C:\Windows\SYSTEM32\dbgcore.DLL
0x00007ffea7e10000 - 0x00007ffea7e90000 	C:\Windows\System32\bcryptPrimitives.dll
0x00007ffea28c0000 - 0x00007ffea28e8000 	C:\Program Files\Android\Android Studio\jbr\bin\java.dll
0x00007ffea35b0000 - 0x00007ffea35ba000 	C:\Program Files\Android\Android Studio\jbr\bin\jimage.dll
0x00007ffe8a0e0000 - 0x00007ffe8a0f8000 	C:\Program Files\Android\Android Studio\jbr\bin\zip.dll
0x00007ffea5ac0000 - 0x00007ffea6250000 	C:\Windows\SYSTEM32\windows.storage.dll
0x00007ffea9d50000 - 0x00007ffeaa0a6000 	C:\Windows\System32\combase.dll
0x00007ffea73b0000 - 0x00007ffea73dc000 	C:\Windows\SYSTEM32\Wldp.dll
0x00007ffea8680000 - 0x00007ffea872e000 	C:\Windows\System32\SHCORE.dll
0x00007ffea8730000 - 0x00007ffea8785000 	C:\Windows\System32\shlwapi.dll
0x00007ffea7880000 - 0x00007ffea78a6000 	C:\Windows\SYSTEM32\profapi.dll
0x00007ffe88b80000 - 0x00007ffe88b99000 	C:\Program Files\Android\Android Studio\jbr\bin\net.dll
0x00007ffea01f0000 - 0x00007ffea02f0000 	C:\Windows\SYSTEM32\WINHTTP.dll
0x00007ffea70c0000 - 0x00007ffea712a000 	C:\Windows\system32\mswsock.dll
0x00007ffe85d00000 - 0x00007ffe85d13000 	C:\Program Files\Android\Android Studio\jbr\bin\nio.dll
0x00007ffe8af30000 - 0x00007ffe8af57000 	C:\Users\it_04\.gradle\native\e1d6ef7f7dcc3fd88c89a11ec53ec762bb8ba0a96d01ffa2cd45eb1d1d8dd5c5\windows-amd64\native-platform.dll
0x00007ffe66ae0000 - 0x00007ffe66c24000 	C:\Users\it_04\.gradle\native\0d407fdbe67a94daf76414ababcb853783967236a71b16ec16e742cd7a986fd3\windows-amd64\native-platform-file-events.dll
0x00007ffe92b90000 - 0x00007ffe92b9a000 	C:\Program Files\Android\Android Studio\jbr\bin\management.dll
0x00007ffe8c910000 - 0x00007ffe8c91b000 	C:\Program Files\Android\Android Studio\jbr\bin\management_ext.dll
0x00007ffea7290000 - 0x00007ffea72a8000 	C:\Windows\SYSTEM32\CRYPTSP.dll
0x00007ffea6a00000 - 0x00007ffea6a34000 	C:\Windows\system32\rsaenh.dll
0x00007ffea8240000 - 0x00007ffea8267000 	C:\Windows\System32\bcrypt.dll
0x00007ffea7800000 - 0x00007ffea782e000 	C:\Windows\SYSTEM32\USERENV.dll
0x00007ffea72b0000 - 0x00007ffea72bc000 	C:\Windows\SYSTEM32\CRYPTBASE.dll
0x00007ffea6db0000 - 0x00007ffea6deb000 	C:\Windows\SYSTEM32\IPHLPAPI.DLL
0x00007ffea82a0000 - 0x00007ffea82a8000 	C:\Windows\System32\NSI.dll
0x00007ffea15f0000 - 0x00007ffea1607000 	C:\Windows\SYSTEM32\dhcpcsvc6.DLL
0x00007ffea15d0000 - 0x00007ffea15ed000 	C:\Windows\SYSTEM32\dhcpcsvc.DLL
0x00007ffea6df0000 - 0x00007ffea6ebb000 	C:\Windows\SYSTEM32\DNSAPI.dll

dbghelp: loaded successfully - version: 4.0.5 - missing functions: none
symbol engine: initialized successfully - sym options: 0x614 - pdb path: .;C:\Program Files\Android\Android Studio\jbr\bin;C:\Windows\SYSTEM32;C:\Windows\WinSxS\amd64_microsoft.windows.common-controls_6595b64144ccf1df_6.0.19041.746_none_ca02b4b61b8320a4;C:\ProgramData\Microsoft\DbgCtr;C:\Program Files\Android\Android Studio\jbr\bin\server;C:\Users\it_04\.gradle\native\e1d6ef7f7dcc3fd88c89a11ec53ec762bb8ba0a96d01ffa2cd45eb1d1d8dd5c5\windows-amd64;C:\Users\it_04\.gradle\native\0d407fdbe67a94daf76414ababcb853783967236a71b16ec16e742cd7a986fd3\windows-amd64

VM Arguments:
jvm_args: --add-opens=java.base/java.util=ALL-UNNAMED --add-opens=java.base/java.lang=ALL-UNNAMED --add-opens=java.base/java.lang.invoke=ALL-UNNAMED --add-opens=java.base/java.util=ALL-UNNAMED --add-opens=java.prefs/java.util.prefs=ALL-UNNAMED --add-opens=java.prefs/java.util.prefs=ALL-UNNAMED --add-opens=java.base/java.nio.charset=ALL-UNNAMED --add-opens=java.base/java.net=ALL-UNNAMED --add-opens=java.base/java.util.concurrent.atomic=ALL-UNNAMED -Xmx2048m -Dfile.encoding=UTF-8 -Duser.country=US -Duser.language=en -Duser.variant 
java_command: org.gradle.launcher.daemon.bootstrap.GradleDaemon 7.5
java_class_path (initial): C:\Users\it_04\.gradle\wrapper\dists\gradle-7.5-bin\f1w0cc9nuo0eivz97x2xlu9sv\gradle-7.5\lib\gradle-launcher-7.5.jar
Launcher Type: SUN_STANDARD

[Global flags]
     intx CICompilerCount                          = 3                                         {product} {ergonomic}
     uint ConcGCThreads                            = 1                                         {product} {ergonomic}
     uint G1ConcRefinementThreads                  = 4                                         {product} {ergonomic}
   size_t G1HeapRegionSize                         = 1048576                                   {product} {ergonomic}
    uintx GCDrainStackTargetSize                   = 64                                        {product} {ergonomic}
   size_t InitialHeapSize                          = 266338304                                 {product} {ergonomic}
   size_t MarkStackSize                            = 4194304                                   {product} {ergonomic}
   size_t MaxHeapSize                              = 2147483648                                {product} {command line}
   size_t MaxNewSize                               = 1287651328                                {product} {ergonomic}
   size_t MinHeapDeltaBytes                        = 1048576                                   {product} {ergonomic}
    uintx NonNMethodCodeHeapSize                   = 5830732                                {pd product} {ergonomic}
    uintx NonProfiledCodeHeapSize                  = 122913754                              {pd product} {ergonomic}
    uintx ProfiledCodeHeapSize                     = 122913754                              {pd product} {ergonomic}
    uintx ReservedCodeCacheSize                    = 251658240                              {pd product} {ergonomic}
     bool SegmentedCodeCache                       = true                                      {product} {ergonomic}
     bool UseCompressedClassPointers               = true                                 {lp64_product} {ergonomic}
     bool UseCompressedOops                        = true                                 {lp64_product} {ergonomic}
     bool UseG1GC                                  = true                                      {product} {ergonomic}
     bool UseLargePagesIndividualAllocation        = false                                  {pd product} {ergonomic}

Logging:
Log output configuration:
 #0: stdout all=warning uptime,level,tags
 #1: stderr all=off uptime,level,tags

Environment Variables:
PATH=D:\app\it_07\product\11.2.0\client_1\bin;C:\Windows\system32;C:\Windows;C:\Windows\System32\Wbem;C:\Windows\System32\WindowsPowerShell\v1.0\;C:\Windows\System32\OpenSSH\;C:\Program Files\dotnet\;C:\Program Files\Git\cmd;C:\Users\it_04\AppData\Local\Microsoft\WindowsApps;C:\Users\it_04\.dotnet\tools
USERNAME=it_04
OS=Windows_NT
PROCESSOR_IDENTIFIER=Intel64 Family 6 Model 165 Stepping 3, GenuineIntel



---------------  S Y S T E M  ---------------

OS: Windows 10 , 64 bit Build 19041 (10.0.19041.804)
OS uptime: 0 days 0:12 hours

CPU:total 4 (initial active 4) (2 cores per cpu, 2 threads per core) family 6 model 165 stepping 3 microcode 0xe0, cmov, cx8, fxsr, mmx, sse, sse2, sse3, ssse3, sse4.1, sse4.2, popcnt, aes, clmul, erms, 3dnowpref, lzcnt, ht, tsc, tscinvbit

Memory: 4k page, system-wide physical 16242M (11282M free)
TotalPageFile size 18674M (AvailPageFile size 14157M)
current process WorkingSet (physical memory assigned to process): 404M, peak: 437M
current process commit charge ("private bytes"): 501M, peak: 529M

vm_info: OpenJDK 64-Bit Server VM (11.0.15+0-b2043.56-9505619) for windows-amd64 JRE (11.0.15+0-b2043.56-9505619), built on Jan 19 2023 02:48:00 by "builduser" with unknown MS VC++:1929

END.
